 #              _____________________  _______________________             #
 #              ___  __ \__  __ \_  / / /_  /___  ____/_  ___/             #
 #              __  / / /_  /_/ /  / / /_  __/_  __/  _____ \              #
 #              _  /_/ /_  _, _// /_/ / / /_ _  /___  ____/ /              #
 #              /_____/ /_/ |_| \____/  \__/ /_____/  /____/               #
 #                                                                         #
  
 #        time                      [L]                   runoff elevation [m a.m.s.l]       runoff flux [L3.T-1.L-2]   in    x              directions   cumulative flux
 #-----------------------------------------------------------------------------------------------

   0.0000000000000000        0.0000000000000000       -0.0000000000000000        0.0000000000000000     
   1.0000000000000000E-004   0.0000000000000000       -0.0000000000000000        0.0000000000000000     
   2.0600000000000002E-004   0.0000000000000000       -0.0000000000000000        0.0000000000000000     
   3.1836000000000006E-004   0.0000000000000000       -0.0000000000000000        0.0000000000000000     
   4.3746160000000009E-004   0.0000000000000000       -0.0000000000000000        0.0000000000000000     
   5.6370929600000014E-004   0.0000000000000000       -0.0000000000000000        0.0000000000000000     
   6.9753185376000013E-004   0.0000000000000000       -0.0000000000000000        0.0000000000000000     
   8.3938376498560023E-004   0.0000000000000000       -0.0000000000000000        0.0000000000000000     
   9.8974679088473629E-004   0.0000000000000000       -0.0000000000000000        0.0000000000000000     
   1.1491315983378205E-003   0.0000000000000000       -0.0000000000000000        0.0000000000000000     
   1.3180794942380899E-003   0.0000000000000000       -0.0000000000000000        0.0000000000000000     
   1.4971642638923754E-003   0.0000000000000000       -0.0000000000000000        0.0000000000000000     
   1.6869941197259180E-003   0.0000000000000000       -0.0000000000000000        0.0000000000000000     
   1.8882137669094731E-003   0.0000000000000000       -0.0000000000000000        0.0000000000000000     
   2.1015065929240414E-003   0.0000000000000000       -0.0000000000000000        0.0000000000000000     
   2.3275969884994840E-003   0.0000000000000000       -0.0000000000000000        0.0000000000000000     
   2.5672528078094533E-003   0.0000000000000000       -0.0000000000000000        0.0000000000000000     
   2.8212879762780207E-003   0.0000000000000000       -0.0000000000000000        0.0000000000000000     
   3.0905652548547020E-003   0.0000000000000000       -0.0000000000000000        0.0000000000000000     
   3.3759991701459843E-003   0.0000000000000000       -0.0000000000000000        0.0000000000000000     
   3.6785591203547436E-003   0.0000000000000000       -0.0000000000000000        0.0000000000000000     
   3.9992726675760282E-003   0.0000000000000000       -0.0000000000000000        0.0000000000000000     
   4.3392290276305897E-003   0.0000000000000000       -0.0000000000000000        0.0000000000000000     
   4.6995827692884254E-003   0.0000000000000000       -0.0000000000000000        0.0000000000000000     
   5.0815577354457308E-003   0.0000000000000000       -0.0000000000000000        0.0000000000000000     
   5.4864511995724747E-003   0.0000000000000000       -0.0000000000000000        0.0000000000000000     
   5.9156382715468232E-003   0.0000000000000000       -0.0000000000000000        0.0000000000000000     
   6.3705765678396331E-003   0.0000000000000000       -0.0000000000000000        0.0000000000000000     
   6.8528111619100118E-003   0.0000000000000000       -0.0000000000000000        0.0000000000000000     
   7.3639798316246126E-003   0.0000000000000000       -0.0000000000000000        0.0000000000000000     
   7.9058186215220892E-003   0.0000000000000000       -0.0000000000000000        0.0000000000000000     
   8.4801677388134152E-003   0.0000000000000000       -0.0000000000000000        0.0000000000000000     
   9.0889778031422210E-003   0.0000000000000000       -0.0000000000000000        0.0000000000000000     
   9.7343164713307555E-003   0.0000000000000000       -0.0000000000000000        0.0000000000000000     
   1.0418375459610602E-002   0.0000000000000000       -0.0000000000000000        0.0000000000000000     
   1.1143477987187239E-002   0.0000000000000000       -0.0000000000000000        0.0000000000000000     
   1.1912086666418473E-002   0.0000000000000000       -0.0000000000000000        0.0000000000000000     
   1.2726811866403582E-002   0.0000000000000000       -0.0000000000000000        0.0000000000000000     
   1.3590420578387798E-002   0.0000000000000000       -0.0000000000000000        0.0000000000000000     
   1.4505845813091067E-002   0.0000000000000000       -0.0000000000000000        0.0000000000000000     
   1.5476196561876531E-002   0.0000000000000000       -0.0000000000000000        0.0000000000000000     
   1.6504768355589124E-002   0.0000000000000000       -0.0000000000000000        0.0000000000000000     
   1.7595054456924473E-002   0.0000000000000000       -0.0000000000000000        0.0000000000000000     
   1.8750757724339942E-002   0.0000000000000000       -0.0000000000000000        0.0000000000000000     
   1.9975803187800338E-002   0.0000000000000000       -0.0000000000000000        0.0000000000000000     
   2.1274351379068360E-002   0.0000000000000000       -0.0000000000000000        0.0000000000000000     
   2.2650812461812463E-002   0.0000000000000000       -0.0000000000000000        0.0000000000000000     
   2.4109861209521213E-002   0.0000000000000000       -0.0000000000000000        0.0000000000000000     
   2.5656452882092486E-002   0.0000000000000000       -0.0000000000000000        0.0000000000000000     
   2.7295840055018037E-002   0.0000000000000000       -0.0000000000000000        0.0000000000000000     
   2.9033590458319120E-002   0.0000000000000000       -0.0000000000000000        0.0000000000000000     
   3.0875605885818270E-002   0.0000000000000000       -0.0000000000000000        0.0000000000000000     
   3.2828142238967364E-002   0.0000000000000000       -0.0000000000000000        0.0000000000000000     
   3.4897830773305411E-002   0.0000000000000000       -0.0000000000000000        0.0000000000000000     
   3.7091700619703738E-002   0.0000000000000000       -0.0000000000000000        0.0000000000000000     
   3.9417202656885961E-002   0.0000000000000000       -0.0000000000000000        0.0000000000000000     
   4.1882234816299123E-002   0.0000000000000000       -0.0000000000000000        0.0000000000000000     
   4.4495168905277070E-002   0.0000000000000000       -0.0000000000000000        0.0000000000000000     
   4.7264879039593699E-002   0.0000000000000000       -0.0000000000000000        0.0000000000000000     
   5.0200771781969321E-002   0.0000000000000000       -0.0000000000000000        0.0000000000000000     
   5.3312818088887486E-002   0.0000000000000000       -0.0000000000000000        0.0000000000000000     
   5.6611587174220740E-002   0.0000000000000000       -0.0000000000000000        0.0000000000000000     
   6.0108282404673988E-002   0.0000000000000000       -0.0000000000000000        0.0000000000000000     
   6.3814779348954437E-002   0.0000000000000000       -0.0000000000000000        0.0000000000000000     
   6.7743666109891701E-002   0.0000000000000000       -0.0000000000000000        0.0000000000000000     
   7.1908286076485209E-002   0.0000000000000000       -0.0000000000000000        0.0000000000000000     
   7.6322783241074332E-002   0.0000000000000000       -0.0000000000000000        0.0000000000000000     
   8.1002150235538792E-002   0.0000000000000000       -0.0000000000000000        0.0000000000000000     
   8.5962279249671120E-002   0.0000000000000000       -0.0000000000000000        0.0000000000000000     
   9.1220016004651391E-002   0.0000000000000000       -0.0000000000000000        0.0000000000000000     
   9.6793216964930484E-002   0.0000000000000000       -0.0000000000000000        0.0000000000000000     
  0.10270080998282632        0.0000000000000000       -0.0000000000000000        0.0000000000000000     
  0.10896285858179591        0.0000000000000000       -0.0000000000000000        0.0000000000000000     
  0.11560063009670367        0.0000000000000000       -0.0000000000000000        0.0000000000000000     
  0.12263666790250589        0.0000000000000000       -0.0000000000000000        0.0000000000000000     
  0.13009486797665626        0.0000000000000000       -0.0000000000000000        0.0000000000000000     
  0.13800056005525563        0.0000000000000000       -0.0000000000000000        0.0000000000000000     
  0.14638059365857098        0.0000000000000000       -0.0000000000000000        0.0000000000000000     
  0.15526342927808526        0.0000000000000000       -0.0000000000000000        0.0000000000000000     
  0.16467923503477039        0.0000000000000000       -0.0000000000000000        0.0000000000000000     
  0.17465998913685662        0.0000000000000000       -0.0000000000000000        0.0000000000000000     
  0.18523958848506802        0.0000000000000000       -0.0000000000000000        0.0000000000000000     
  0.19645396379417213        0.0000000000000000       -0.0000000000000000        0.0000000000000000     
  0.20834120162182246        0.0000000000000000       -0.0000000000000000        0.0000000000000000     
  0.22094167371913181        0.0000000000000000       -0.0000000000000000        0.0000000000000000     
  0.23429817414227974        0.0000000000000000       -0.0000000000000000        0.0000000000000000     
  0.24845606459081654        0.0000000000000000       -0.0000000000000000        0.0000000000000000     
  0.26346342846626553        0.0000000000000000       -0.0000000000000000        0.0000000000000000     
  0.27937123417424148        0.0000000000000000       -0.0000000000000000        0.0000000000000000     
  0.29623350822469596        0.0000000000000000       -0.0000000000000000        0.0000000000000000     
  0.31410751871817771        0.0000000000000000       -0.0000000000000000        0.0000000000000000     
  0.33305396984126839        0.0000000000000000       -0.0000000000000000        0.0000000000000000     
  0.35313720803174453        0.0000000000000000       -0.0000000000000000        0.0000000000000000     
  0.37442544051364923        0.0000000000000000       -0.0000000000000000        0.0000000000000000     
  0.39699096694446823        0.0000000000000000       -0.0000000000000000        0.0000000000000000     
  0.42091042496113634        0.0000000000000000       -0.0000000000000000        0.0000000000000000     
  0.44626505045880455        0.0000000000000000       -0.0000000000000000        0.0000000000000000     
  0.47314095348633284        0.0000000000000000       -0.0000000000000000        0.0000000000000000     
  0.50162941069551281        0.0000000000000000       -0.0000000000000000        0.0000000000000000     
  0.53182717533724366        0.0000000000000000       -0.0000000000000000        0.0000000000000000     
  0.56383680585747831        0.0000000000000000       -0.0000000000000000        0.0000000000000000     
  0.59776701420892708        0.0000000000000000       -0.0000000000000000        0.0000000000000000     
  0.63373303506146272        0.0000000000000000       -0.0000000000000000        0.0000000000000000     
  0.67185701716515056        0.0000000000000000       -0.0000000000000000        0.0000000000000000     
  0.71226843819505958        0.0000000000000000       -0.0000000000000000        0.0000000000000000     
  0.75510454448676323        0.0000000000000000       -0.0000000000000000        0.0000000000000000     
  0.80051081715596906        0.0000000000000000       -0.0000000000000000        0.0000000000000000     
  0.84864146618532721        0.0000000000000000       -0.0000000000000000        0.0000000000000000     
  0.89965995415644684        0.0000000000000000       -0.0000000000000000        0.0000000000000000     
  0.95373955140583366        0.0000000000000000       -0.0000000000000000        0.0000000000000000     
   1.0110639244901838        0.0000000000000000       -0.0000000000000000        0.0000000000000000     
   1.0718277599595949        0.0000000000000000       -0.0000000000000000        0.0000000000000000     
   1.1362374255571706        0.0000000000000000       -0.0000000000000000        0.0000000000000000     
   1.2045116710906008        0.0000000000000000       -0.0000000000000000        0.0000000000000000     
   1.2768823713560369        0.0000000000000000       -0.0000000000000000        0.0000000000000000     
   1.3535953136373993        0.0000000000000000       -0.0000000000000000        0.0000000000000000     
   1.4349110324556433        0.0000000000000000       -0.0000000000000000        0.0000000000000000     
   1.5211056944029819        0.0000000000000000       -0.0000000000000000        0.0000000000000000     
   1.6124720360671609        0.0000000000000000       -0.0000000000000000        0.0000000000000000     
   1.7093203582311907        0.0000000000000000       -0.0000000000000000        0.0000000000000000     
   1.8119795797250622        0.0000000000000000       -0.0000000000000000        0.0000000000000000     
   1.9207983545085661        0.0000000000000000       -0.0000000000000000        0.0000000000000000     
   2.0361462557790801        0.0000000000000000       -0.0000000000000000        0.0000000000000000     
   2.1584150311258252        0.0000000000000000       -0.0000000000000000        0.0000000000000000     
   2.2880199329933748        0.0000000000000000       -0.0000000000000000        0.0000000000000000     
   2.4254011289729775        0.0000000000000000       -0.0000000000000000        0.0000000000000000     
   2.5710251967113562        0.0000000000000000       -0.0000000000000000        0.0000000000000000     
   2.7253867085140375        0.0000000000000000       -0.0000000000000000        0.0000000000000000     
   2.8890099110248801        0.0000000000000000       -0.0000000000000000        0.0000000000000000     
   3.0624505056863729        0.0000000000000000       -0.0000000000000000        0.0000000000000000     
   3.2462975360275554        0.0000000000000000       -0.0000000000000000        0.0000000000000000     
   3.4411753881892091        0.0000000000000000       -0.0000000000000000        0.0000000000000000     
   3.6477459114805617        0.0000000000000000       -0.0000000000000000        0.0000000000000000     
   3.8667106661693955        0.0000000000000000       -0.0000000000000000        0.0000000000000000     
   4.0988133061395597        0.0000000000000000       -0.0000000000000000        0.0000000000000000     
   4.3448421045079337        0.0000000000000000       -0.0000000000000000        0.0000000000000000     
   4.6056326307784099        0.0000000000000000       -0.0000000000000000        0.0000000000000000     
   4.8820705886251146        0.0000000000000000       -0.0000000000000000        0.0000000000000000     
   5.1750948239426213        0.0000000000000000       -0.0000000000000000        0.0000000000000000     
   5.4857005133791787        0.0000000000000000       -0.0000000000000000        0.0000000000000000     
   5.8149425441819300        0.0000000000000000       -0.0000000000000000        0.0000000000000000     
   6.1639390968328458        0.0000000000000000       -0.0000000000000000        0.0000000000000000     
   6.5338754426428167        0.0000000000000000       -0.0000000000000000        0.0000000000000000     
   6.9260079692013861        0.0000000000000000       -0.0000000000000000        0.0000000000000000     
   7.3416684473534692        0.0000000000000000       -0.0000000000000000        0.0000000000000000     
   7.7822685541946779        0.0000000000000000       -0.0000000000000000        0.0000000000000000     
   8.2493046674463599        0.0000000000000000       -0.0000000000000000        0.0000000000000000     
   8.7443629474931424        0.0000000000000000       -0.0000000000000000        0.0000000000000000     
   9.2691247243427313        0.0000000000000000       -0.0000000000000000        0.0000000000000000     
   9.8253722078032961        0.0000000000000000       -0.0000000000000000        0.0000000000000000     
   10.414994540271495        0.0000000000000000       -0.0000000000000000        0.0000000000000000     
   11.039994212687786        0.0000000000000000       -0.0000000000000000        0.0000000000000000     
   11.702493865449053        0.0000000000000000       -0.0000000000000000        0.0000000000000000     
   12.404743497375996        0.0000000000000000       -0.0000000000000000        0.0000000000000000     
   13.149128107218557        0.0000000000000000       -0.0000000000000000        0.0000000000000000     
   13.938175793651672        0.0000000000000000       -0.0000000000000000        0.0000000000000000     
   14.774566341270774        0.0000000000000000       -0.0000000000000000        0.0000000000000000     
   15.661140321747020        0.0000000000000000       -0.0000000000000000        0.0000000000000000     
   16.600908741051843        0.0000000000000000       -0.0000000000000000        0.0000000000000000     
   17.597063265514954        0.0000000000000000       -0.0000000000000000        0.0000000000000000     
   18.652987061445852        0.0000000000000000       -0.0000000000000000        0.0000000000000000     
   19.772266285132606        0.0000000000000000       -0.0000000000000000        0.0000000000000000     
   20.958702262240564        0.0000000000000000       -0.0000000000000000        0.0000000000000000     
   22.216324397974997        0.0000000000000000       -0.0000000000000000        0.0000000000000000     
   23.549403861853499        0.0000000000000000       -0.0000000000000000        0.0000000000000000     
   24.962468093564709        0.0000000000000000       -0.0000000000000000        0.0000000000000000     
   26.460316179178594        0.0000000000000000       -0.0000000000000000        0.0000000000000000     
   28.048035149929312        1.6409819617754584E-003  -9.3850439607121301E-010   9.3850439607121301E-010
   29.731017258925071        5.2498129114577682E-003  -6.5188303231273049E-009   7.4573347191985173E-009
   31.514978294460576        1.0983735640882956E-002  -2.2310711415144960E-008   2.9768046134343476E-008
   33.405976992128210        1.9009476428350072E-002  -5.5660472873654877E-008   8.5428519007998353E-008
   35.410435611655906        2.9503750176001438E-002  -1.1580447337634435E-007   2.0123299238434269E-007
   37.535161748355264        4.2653791344355069E-002  -2.1405532337018916E-007   4.1528831575453185E-007
   39.787371453256583        5.8657912131582578E-002  -3.6403317798747106E-007   7.7932149374200291E-007
   42.174713740451978        7.7726089448988650E-002  -5.8193524717401228E-007   1.3612567409160151E-006
   44.705296564879099       0.10008058217419413       -8.8684217345637840E-007   2.2480989143723936E-006
   47.387714358771845       0.12595655083220036       -1.3010617178353338E-006   3.5491606322077274E-006
   50.231077220298161       0.15560135827704921       -1.8504851552637419E-006   5.3996457874714688E-006
   53.245041853516049       0.18925124301643209       -2.5644517587552882E-006   7.9640975462267574E-006
   56.439844364727016       0.22694819281257037       -3.4711590523656489E-006   1.1435256598592405E-005
   59.826335026610636       0.26789320675980050       -4.5764929829826500E-006   1.6011749581575056E-005
   63.416015128207277       0.30955709042451496       -5.8232382535297092E-006   2.1834987835104766E-005
   67.221076035899713       0.34802941493943318       -7.0787496261085548E-006   2.8913737461213321E-005
   71.254440598053705       0.38017406090132339       -8.2016412544522786E-006   3.7115378715665598E-005
   75.529807033936933       0.40530004303283168       -9.1248216021263744E-006   4.6240200317791974E-005
   80.061695455973151       0.42467357081206375       -9.8632949974332451E-006   5.6103495315225218E-005
   84.865497183331541       0.44007961111554561       -1.0466835038960892E-005   6.6570330354186113E-005
   89.865497183331541       0.45276437770917627       -1.0974474068036028E-005   7.7544804422222140E-005
   94.865497183331541       0.46336518905256979       -1.1406059659035521E-005   8.8950864081257657E-005
   99.865497183331541       0.47252073258559962       -1.1784145070747740E-005   1.0073500915200540E-004
   104.86549718333154       0.48057892675721436       -1.2120982884238846E-005   1.1285599203624424E-004
   109.86549718333154       0.48774729509810283       -1.2423808501937127E-005   1.2527980053818138E-004
   114.86549718333154       0.49416599878364276       -1.2697495469929915E-005   1.3797729600811129E-004
   119.86549718333154       0.49994172276713905       -1.2945801292837782E-005   1.5092309730094908E-004
   124.86549718333154       0.50516200099853614       -1.3171879754805236E-005   1.6409497705575433E-004
   129.86549718333154       0.50990068161752233       -1.3378454732533625E-005   1.7747343178828794E-004
   134.86549718333154       0.51422022969244252       -1.3567876942960818E-005   1.9104130873124877E-004
   139.86549718333154       0.51817329473827434       -1.3742160316453126E-005   2.0478346904770190E-004
   144.86549718333154       0.52180419940574996       -1.3903023254309449E-005   2.1868649230201136E-004
   149.86549718333154       0.52515035398557597       -1.4051932995021403E-005   2.3273842529703277E-004
   154.86549718333154       0.52824350016682542       -1.4190147263140958E-005   2.4692857256017374E-004
   159.86549718333154       0.53111074231890021       -1.4318750069789805E-005   2.6124732262996353E-004
   164.86549718333154       0.53377537703067834       -1.4438681149324811E-005   2.7568600377928833E-004
   169.86549718333154       0.53625755360187144       -1.4550759758493206E-005   2.9023676353778153E-004
   174.86549718333154       0.53857480049560835       -1.4655703877560554E-005   3.0489246741534208E-004
   179.86549718333154       0.54074244757066481       -1.4754145774222679E-005   3.1964661318956475E-004
   184.86549718333154       0.54277396744837203       -1.4846644709724578E-005   3.3449325789928932E-004
   189.86549718333154       0.54468125378748133       -1.4933697391702340E-005   3.4942695529099167E-004
   194.86549718333154       0.54647484992411743       -1.5015746637318975E-005   3.6444270192831065E-004
   199.86549718333154       0.54816413811479880       -1.5093188602978251E-005   3.7953589053128892E-004
   204.86549718333154       0.54975749723727263       -1.5166378856462741E-005   3.9470226938775167E-004
   209.86549718333154       0.55126243503201278       -1.5235637506958111E-005   4.0993790689470980E-004
   214.86549718333154       0.55268569963836967       -1.5301253562750984E-005   4.2523916045746079E-004
   219.86549718333154       0.55403337417411624       -1.5363488651569253E-005   4.4060264910903004E-004
   224.86549718333154       0.55531095733793490       -1.5422580211675694E-005   4.5602522932070575E-004
   229.86549718333154       0.55652343242166491       -1.5478744240980320E-005   4.7150397356168609E-004
   234.86549718333154       0.55767532665759245       -1.5532177675081299E-005   4.8703615123676740E-004
   239.86549718333154       0.55877076246385293       -1.5583060452213408E-005   5.0261921168898085E-004
   244.86549718333154       0.55981350186517975       -1.5631557312810250E-005   5.1825076900179111E-004
   249.86549718333154       0.56080698513802629       -1.5677819373121076E-005   5.3392858837491219E-004
   254.86549718333154       0.56175436454696681       -1.5721985505688890E-005   5.4965057388060108E-004
   259.86549718333151       0.56265853389185450       -1.5764183554084648E-005   5.6541475743468570E-004
   264.86549718333151       0.56352215446594300       -1.5804531404888436E-005   5.8121928883957412E-004
   269.86549718333151       0.56434767792799312       -1.5843137936298218E-005   5.9706242677587233E-004
   274.86549718333151       0.56513736651161905       -1.5880103859764200E-005   6.1294253063563656E-004
   279.86549718333151       0.56589331092933437       -1.5915522468571390E-005   6.2885805310420792E-004
   284.86549718333151       0.56661744627471389       -1.5949480305251141E-005   6.4480753340945903E-004
   289.86549718333151       0.56731156618072887       -1.5982057757975669E-005   6.6078959116743473E-004
   294.86549718333151       0.56797733545481555       -1.6013329594656883E-005   6.7680292076209157E-004
   299.86549718333151       0.56861630137962393       -1.6043365442255326E-005   6.9284628620434690E-004
   304.86549718333151       0.56922990384195837       -1.6072230217784626E-005   7.0891851642213152E-004
   309.86549718333151       0.56981948442988217       -1.6099984516620324E-005   7.2501850093875187E-004
   314.86549718333151       0.57038629461925106       -1.6126684962994630E-005   7.4114518590174649E-004
   319.86549718333151       0.57093150315483465       -1.6152384526927156E-005   7.5729757042867368E-004
   324.86549718333151       0.57145620271709319       -1.6177132811284547E-005   7.7347470323995825E-004
   329.86549718333151       0.57196141595456063       -1.6200976312226818E-005   7.8967567955218502E-004
   334.86549718333151       0.57244810095125442       -1.6223958655877036E-005   8.0589963820806203E-004
   339.86549718333151       0.57291715619011840       -1.6246120813716988E-005   8.2214575902177906E-004
   344.86549718333151       0.57336942506604083       -1.6267501298912956E-005   8.3841326032069196E-004
   349.86549718333151       0.57380569999560904       -1.6288136345519707E-005   8.5470139666621162E-004
   354.86549718333151       0.57422672616498660       -1.6308060072276787E-005   8.7100945673848846E-004
   359.86549718333151       0.57463320495270420       -1.6327304632526701E-005   8.8733676137101513E-004
   364.86549718333151       0.57502579705992407       -1.6345900351613096E-005   9.0368266172262824E-004
   369.86549718333151       0.57540512537676292       -1.6363875852952751E-005   9.2004653757558094E-004
   374.86549718333151       0.57577177761055154       -1.6381258173868187E-005   9.3642779574944917E-004
   379.86549718333151       0.57612630869860626       -1.6398072872128966E-005   9.5282586862157812E-004
   384.86549718333151       0.57646924302606606       -1.6414344124069547E-005   9.6924021274564771E-004
   389.86549718333151       0.57680107646666401       -1.6430094815037586E-005   9.8567030756068538E-004
   394.86549718333151       0.57712227826298068       -1.6445346622875645E-005   1.0021156541835611E-003
   399.86549718333151       0.57743329276053057       -1.6460120095044913E-005   1.0185757742786059E-003
   404.86549718333151       0.57773454100890975       -1.6474434719955229E-005   1.0350502089985611E-003
   409.86549718333151       0.57802642224155798       -1.6488308992993649E-005   1.0515385179915547E-003
   414.86549718333151       0.57830931524493090       -1.6501760477714584E-005   1.0680402784692693E-003
   419.86549718333151       0.57858357962643125       -1.6514805862591537E-005   1.0845550843318608E-003
   424.86549718333151       0.57884955698980245       -1.6527461013704967E-005   1.1010825453455658E-003
   429.86549718333151       0.57910757202579499       -1.6539741023702820E-005   1.1176222863692685E-003
   434.86549718333151       0.57935793352497289       -1.6551660257329280E-005   1.1341739466265979E-003
   439.86549718333151       0.57960093531924306       -1.6563232393807367E-005   1.1507371790204053E-003
   444.86549718333151       0.57983685715774147       -1.6574470466318722E-005   1.1673116494867240E-003
   449.86549718333151       0.58006596552249812       -1.6585386898816758E-005   1.1838970363855408E-003
   454.86549718333151       0.58028851438841533       -1.6595993540369232E-005   1.2004930299259100E-003
   459.86549718333151       0.58050474593215085       -1.6606301697231403E-005   1.2170993316231414E-003
   464.86549718333151       0.58071489119372288       -1.6616322162815564E-005   1.2337156537859570E-003
   469.86549718333151       0.58091917069454435       -1.6626065245719610E-005   1.2503417190316767E-003
   474.86549718333151       0.58111779501515348       -1.6635540795957345E-005   1.2669772598276341E-003
   479.86549718333151       0.58131096533558169       -1.6644758229519405E-005   1.2836220180571535E-003
   484.86549718333151       0.58149887394137512       -1.6653726551398070E-005   1.3002757446085515E-003
   489.86549718333151       0.58168170469745706       -1.6662454377171092E-005   1.3169381989857226E-003
   494.86549718333151       0.58185963349244874       -1.6670949953260837E-005   1.3336091489389835E-003
   499.86549718333151       0.58203282865543082       -1.6679221175955749E-005   1.3502883701149392E-003
   504.86549718333151       0.58220145134715173       -1.6687275609282905E-005   1.3669756457242220E-003
   509.86549718333151       0.58236565592742151       -1.6695120501808488E-005   1.3836707662260306E-003
   514.86549718333151       0.58252559030051521       -1.6702762802447503E-005   1.4003735290284780E-003
   519.86549718333151       0.58268139623991555       -1.6710209175341095E-005   1.4170837382038192E-003
   524.86549718333151       0.58283320969392072       -1.6717466013869725E-005   1.4338012042176889E-003
   529.86549718333151       0.58298116107334963       -1.6724539453856773E-005   1.4505257436715456E-003
   534.86549718333151       0.58312537552266719       -1.6731435386021872E-005   1.4672571790575674E-003
   539.86549718333151       0.58326597317541495       -1.6738159467722791E-005   1.4839953385252902E-003
   544.86549718333151       0.58340306939524555       -1.6744717134044738E-005   1.5007400556593350E-003
   549.86549718333151       0.58353677500333567       -1.6751113608271095E-005   1.5174911692676062E-003
   554.86549718333151       0.58366719649303811       -1.6757353911774170E-005   1.5342485231793802E-003
   559.86549718333151       0.58379443623272576       -1.6763442873368964E-005   1.5510119660527492E-003
   564.86549718333151       0.58391859265742063       -1.6769385138156239E-005   1.5677813511909054E-003
   569.86549718333151       0.58403976045006700       -1.6775185175893724E-005   1.5845565363667991E-003
   574.86549718333151       0.58415803071298367       -1.6780847288919403E-005   1.6013373836557185E-003
   579.86549718333151       0.58427349113020755       -1.6786375619659076E-005   1.6181237592753776E-003
   584.86549718333151       0.58438622612105318       -1.6791774157732242E-005   1.6349155334331098E-003
   589.86549718333151       0.58449631698583204       -1.6797046746699995E-005   1.6517125801798099E-003
   594.86549718333151       0.58460384204380589       -1.6802197090457195E-005   1.6685147772702671E-003
   599.86549718333151       0.58470887676397787       -1.6807228759296520E-005   1.6853220060295635E-003
   604.86549718333151       0.58481149388932641       -1.6812145195672354E-005   1.7021341512252358E-003
   609.86549718333151       0.58491176355455365       -1.6816949719666835E-005   1.7189511009449026E-003
   614.86549718333151       0.58500975339796746       -1.6821645534186751E-005   1.7357727464790895E-003
   619.86549718333151       0.58510552866772247       -1.6826235729901298E-005   1.7525989822089907E-003
   624.86549718333151       0.58519915232278252       -1.6830723289937129E-005   1.7694297054989278E-003
   629.86549718333151       0.58529068512888682       -1.6835111094343554E-005   1.7862648165932714E-003
   634.86549718333151       0.58538018574988926       -1.6839401924344910E-005   1.8031042185176164E-003
   639.86549718333151       0.58546771083451377       -1.6843598466381444E-005   1.8199478169839977E-003
   644.86549718333151       0.58555331509908604       -1.6847703315965064E-005   1.8367955202999628E-003
   649.86549718333151       0.58563705140613964       -1.6851718981344447E-005   1.8536472392813074E-003
   654.86549718333151       0.58571897083942637       -1.6855647887004497E-005   1.8705028871683119E-003
   659.86549718333151       0.58579912277530222       -1.6859492376998178E-005   1.8873623795453102E-003
   664.86549718333151       0.58587755495078442       -1.6863254718124595E-005   1.9042256342634348E-003
   669.86549718333151       0.58595431352847083       -1.6866937102962012E-005   1.9210925713663968E-003
   674.86549718333151       0.58602944315842431       -1.6870541652760370E-005   1.9379631130191572E-003
   679.86549718333151       0.58610298703723274       -1.6874070420203097E-005   1.9548371834393601E-003
   684.86549718333151       0.58617498696440407       -1.6877525392045470E-005   1.9717147088314057E-003
   689.86549718333151       0.58624548339613203       -1.6880908491631026E-005   1.9885956173230366E-003
   694.86549718333151       0.58631451549675151       -1.6884221581300976E-005   2.0054798389043376E-003
   699.86549718333151       0.58638212118781763       -1.6887466464693240E-005   2.0223673053690310E-003
   704.86549718333151       0.58644833719508616       -1.6890644888944152E-005   2.0392579502579752E-003
   709.86549718333151       0.58651319909328581       -1.6893758546787454E-005   2.0561517088047627E-003
   714.86549718333151       0.58657674134918125       -1.6896809078574132E-005   2.0730485178833370E-003
   719.86549718333151       0.58663899736241731       -1.6899798074188639E-005   2.0899483159575257E-003
   724.86549718333151       0.58669999950493634       -1.6902727074899218E-005   2.1068510430324247E-003
   729.86549718333151       0.58675977915852850       -1.6905597575121085E-005   2.1237566406075458E-003
   734.86549718333151       0.58681836675081234       -1.6908411024106523E-005   2.1406650516316524E-003
   739.86549718333151       0.58687579178968408       -1.6911168827563699E-005   2.1575762204592160E-003
   744.86549718333151       0.58693208289637466       -1.6913872349210580E-005   2.1744900928084266E-003
   749.86549718333151       0.58698726783702448       -1.6916522912259702E-005   2.1914066157206862E-003
   754.86549718333151       0.58704137355307262       -1.6919121800847693E-005   2.2083257375215340E-003
   759.86549718333151       0.58709442619029895       -1.6921670261401902E-005   2.2252474077829360E-003
   764.86549718333151       0.58714645112667518       -1.6924169503951361E-005   2.2421715772868874E-003
   769.86549718333151       0.58719747299914704       -1.6926620703387939E-005   2.2590981979902754E-003
   774.86549718333151       0.58724751572928469       -1.6929025000674518E-005   2.2760272229909498E-003
   779.86549718333151       0.58729660254791782       -1.6931383504005768E-005   2.2929586064949557E-003
   784.86549718333151       0.58734475601872005       -1.6933697289919664E-005   2.3098923037848753E-003
   789.86549718333151       0.58739199806099152       -1.6935967404371715E-005   2.3268282711892472E-003
   794.86549718333151       0.58743834997142264       -1.6938194863761296E-005   2.3437664660530084E-003
   799.86549718333151       0.58748383244501245       -1.6940380655918462E-005   2.3607068467089267E-003
   804.86549718333151       0.58752846559526450       -1.6942525741057038E-005   2.3776493724499835E-003
   809.86549718333151       0.58757226897346493       -1.6944631052684496E-005   2.3945940035026681E-003
   814.86549718333151       0.58761526158730715       -1.6946697498481373E-005   2.4115407010011493E-003
   819.86549718333151       0.58765746191876489       -1.6948725961145389E-005   2.4284894269622948E-003
   824.86549718333151       0.58769888794132030       -1.6950717299205339E-005   2.4454401442615000E-003
   829.86549718333151       0.58773955713650272       -1.6952672347802588E-005   2.4623928166093026E-003
   834.86549718333151       0.58777948650973755       -1.6954591919440170E-005   2.4793474085287428E-003
   839.86549718333151       0.58781869260580111       -1.6956476804713559E-005   2.4963038853334563E-003
   844.86549718333151       0.58785719152347216       -1.6958327773003464E-005   2.5132622131064596E-003
   849.86549718333151       0.58789499892976382       -1.6960145573149076E-005   2.5302223586796085E-003
   854.86549718333151       0.58793213007360490       -1.6961930934095374E-005   2.5471842896137038E-003
   859.86549718333151       0.58796859979902183       -1.6963684565516998E-005   2.5641479741792209E-003
   864.86549718333151       0.58800442255782115       -1.6965407158418547E-005   2.5811133813376393E-003
   869.86549718333151       0.58803961242181169       -1.6967099385713328E-005   2.5980804807233526E-003
   874.86549718333151       0.58807418309466708       -1.6968761902785146E-005   2.6150492426261379E-003
   879.86549718333151       0.58810814792316912       -1.6970395348020860E-005   2.6320196379741585E-003
   884.86549718333151       0.58814151990826546       -1.6972000343334332E-005   2.6489916383174929E-003
   889.86549718333151       0.58817431171564083       -1.6973577494667434E-005   2.6659652158121604E-003
   894.86549718333151       0.58820653568582482       -1.6975127392469098E-005   2.6829403432046296E-003
   899.86549718333151       0.58823820384411729       -1.6976650612165940E-005   2.6999169938167955E-003
   904.86549718333151       0.58826932791005537       -1.6978147714611209E-005   2.7168951415314068E-003
   909.86549718333151       0.58829991930657155       -1.6979619246519125E-005   2.7338747607779258E-003
   914.86549718333151       0.58832998916880519       -1.6981065740882931E-005   2.7508558265188087E-003
   919.86549718333151       0.58835954835269011       -1.6982487717382351E-005   2.7678383142361912E-003
   924.86549718333151       0.58838860744316956       -1.6983885682773497E-005   2.7848221999189648E-003
   929.86549718333151       0.58841717676219429       -1.6985260131268523E-005   2.8018074600502335E-003
   934.86549718333151       0.58844526637636674       -1.6986611544898522E-005   2.8187940715951321E-003
   939.86549718333151       0.58847288610438053       -1.6987940393866844E-005   2.8357820119889990E-003
   944.86549718333151       0.58850004552425283       -1.6989247136892584E-005   2.8527712591258918E-003
   949.86549718333151       0.58852675398019993       -1.6990532221537205E-005   2.8697617913474292E-003
   954.86549718333151       0.58855302058939507       -1.6991796084525622E-005   2.8867535874319548E-003
   959.86549718333151       0.58857885424844447       -1.6993039152053949E-005   2.9037466265840087E-003
   964.86549718333151       0.58860426363965113       -1.6994261840087224E-005   2.9207408884240958E-003
   969.86549718333151       0.58862925723705117       -1.6995464554646337E-005   2.9377363529787420E-003
   974.86549718333151       0.58865384331233861       -1.6996647692089758E-005   2.9547330006708316E-003
   979.86549718333151       0.58867802994053575       -1.6997811639383191E-005   2.9717308123102149E-003
   984.86549718333151       0.58870182500544732       -1.6998956774358954E-005   2.9887297690845737E-003
   989.86549718333151       0.58872523620499495       -1.7000083465969735E-005   3.0057298525505436E-003
   994.86549718333151       0.58874827105638894       -1.7001192074534709E-005   3.0227310446250782E-003
   999.86549718333151       0.58877093690107196       -1.7002282951974690E-005   3.0397333275770529E-003
   1004.8654971833315       0.58879324090954221       -1.7003356442041742E-005   3.0567366840190948E-003
   1009.8654971833315       0.58881519008602257       -1.7004412880541397E-005   3.0737410968996364E-003
   1014.8654971833315       0.58883679127306310       -1.7005452595551793E-005   3.0907465494951882E-003
   1019.8654971833315       0.58885805115579182       -1.7006475907626027E-005   3.1077530254028144E-003
   1024.8654971833316       0.58887897626623387       -1.7007483129997876E-005   3.1247605085328121E-003
   1029.8654971833316       0.58889957298739803       -1.7008474568776370E-005   3.1417689831015885E-003
   1034.8654971833316       0.58891984755730331       -1.7009450523137679E-005   3.1587784336247261E-003
   1039.8654971833316       0.58893980607279539       -1.7010411285506860E-005   3.1757888449102331E-003
   1044.8654971833316       0.58895945449329634       -1.7011357141736551E-005   3.1928002020519698E-003
   1049.8654971833316       0.58897879864444214       -1.7012288371280311E-005   3.2098124904232500E-003
   1054.8654971833316       0.58899784422158019       -1.7013205247359308E-005   3.2268256956706092E-003
   1059.8654971833316       0.58901659679322693       -1.7014108037127130E-005   3.2438398037077363E-003
   1064.8654971833316       0.58903506180432941       -1.7014997001825292E-005   3.2608548007095617E-003
   1069.8654971833316       0.58905324457947539       -1.7015872396936245E-005   3.2778706731064981E-003
   1074.8654971833316       0.58907115032604351       -1.7016734472333668E-005   3.2948874075788316E-003
   1079.8654971833316       0.58908878413720778       -1.7017583472425689E-005   3.3119049910512572E-003
   1084.8654971833316       0.58910615099483254       -1.7018419636292978E-005   3.3289234106875501E-003
   1089.8654971833316       0.58912325577236435       -1.7019243197826726E-005   3.3459426538853766E-003
   1094.8654971833316       0.58914010323756527       -1.7020054385859026E-005   3.3629627082712357E-003
   1099.8654971833316       0.58915669805518744       -1.7020853424290478E-005   3.3799835616955261E-003
   1104.8654971833316       0.58917304478961485       -1.7021640532216299E-005   3.3970052022277422E-003
   1109.8654971833316       0.58918914790733645       -1.7022415924044288E-005   3.4140276181517863E-003
   1114.8654971833316       0.58920501177942175       -1.7023179809613030E-005   3.4310507979613994E-003
   1119.8654971833316       0.58922064068390423       -1.7023932394305684E-005   3.4480747303557049E-003
   1124.8654971833316       0.58923603880809050       -1.7024673879160185E-005   3.4650994042348649E-003
   1129.8654971833316       0.58925121025081562       -1.7025404460976948E-005   3.4821248086958417E-003
   1134.8654971833316       0.58926615902459212       -1.7026124332421501E-005   3.4991509330282631E-003
   1139.8654971833316       0.58928088905778708       -1.7026833682128427E-005   3.5161777667103915E-003
   1144.8654971833316       0.58929540419663740       -1.7027532694797647E-005   3.5332052994051892E-003
   1149.8654971833316       0.58930970820728601       -1.7028221551291666E-005   3.5502335209564809E-003
   1154.8654971833316       0.58932380477768798       -1.7028900428726637E-005   3.5672624213852074E-003
   1159.8654971833316       0.58933769751954757       -1.7029569500564904E-005   3.5842919908857722E-003
   1164.8654971833316       0.58935138997009462       -1.7030228936699870E-005   3.6013222198224720E-003
   1169.8654971833316       0.58936488559399269       -1.7030878903547216E-005   3.6183530987260190E-003
   1174.8654971833316       0.58937818778491402       -1.7031519564120124E-005   3.6353846182901393E-003
   1179.8654971833316       0.58939129986736716       -1.7032151078116660E-005   3.6524167693682561E-003
   1184.8654971833316       0.58940422509827683       -1.7032773601995277E-005   3.6694495429702512E-003
   1189.8654971833316       0.58941696666861254       -1.7033387289052683E-005   3.6864829302593041E-003
   1194.8654971833316       0.58942952770491697       -1.7033992289496903E-005   3.7035169225488008E-003
   1199.8654971833316       0.58944191127084378       -1.7034588750520792E-005   3.7205515112993218E-003
   1204.8654971833316       0.58945412036863709       -1.7035176816372815E-005   3.7375866881156944E-003
   1209.8654971833316       0.58946615794052815       -1.7035756628423800E-005   3.7546224447441183E-003
   1214.8654971833316       0.58947802687015183       -1.7036328325234717E-005   3.7716587730693531E-003
   1219.8654971833316       0.58948972998392801       -1.7036892042622723E-005   3.7886956651119758E-003
   1224.8654971833316       0.58950127005235742       -1.7037447913723164E-005   3.8057331130256990E-003
   1229.8654971833316       0.58951264979129847       -1.7037996069050649E-005   3.8227711090947497E-003
   1234.8654971833316       0.58952387186325905       -1.7038536636560850E-005   3.8398096457313105E-003
   1239.8654971833316       0.58953493887856345       -1.7039069741706344E-005   3.8568487154730167E-003
   1244.8654971833316       0.58954585339661236       -1.7039595507496895E-005   3.8738883109805137E-003
   1249.8654971833316       0.58955661792696290       -1.7040114054551149E-005   3.8909284250350650E-003
   1254.8654971833316       0.58956723493051044       -1.7040625501153172E-005   3.9079690505362183E-003
   1259.8654971833316       0.58957770682053212       -1.7041129963302420E-005   3.9250101804995203E-003
   1264.8654971833316       0.58958803596384080       -1.7041627554768955E-005   3.9420518080542895E-003
   1269.8654971833316       0.58959822468176082       -1.7042118387140159E-005   3.9590939264414300E-003
   1274.8654971833316       0.58960827525113857       -1.7042602569869117E-005   3.9761365290112991E-003
   1279.8654971833316       0.58961818990535342       -1.7043080210323002E-005   3.9931796092216223E-003
   1284.8654971833316       0.58962797083532192       -1.7043551413831177E-005   4.0102231606354531E-003
   1289.8654971833316       0.58963762019033883       -1.7044016283725434E-005   4.0272671769191783E-003
   1294.8654971833316       0.58964714007907937       -1.7044474921388035E-005   4.0443116518405660E-003
   1299.8654971833316       0.58965653257044270       -1.7044927426292052E-005   4.0613565792668579E-003
   1304.8654971833316       0.58966579969447674       -1.7045373896045706E-005   4.0784019531629034E-003
   1309.8654971833316       0.58967494344315152       -1.7045814426429380E-005   4.0954477675893327E-003
   1314.8654971833316       0.58968396577125959       -1.7046249111438765E-005   4.1124940167007714E-003
   1319.8654971833316       0.58969286859715653       -1.7046678043320298E-005   4.1295406947440914E-003
   1324.8654971833316       0.58970165380359352       -1.7047101312611110E-005   4.1465877960567025E-003
   1329.8654971833316       0.58971032323844730       -1.7047519008173930E-005   4.1636353150648767E-003
   1334.8654971833316       0.58971887871552153       -1.7047931217235516E-005   4.1806832462821120E-003
   1339.8654971833316       0.58972732201525235       -1.7048338025420483E-005   4.1977315843075326E-003
   1344.8654971833316       0.58973565488537816       -1.7048739516783341E-005   4.2147803238243159E-003
   1349.8654971833316       0.58974387904166237       -1.7049135773843163E-005   4.2318294595981593E-003
   1354.8654971833316       0.58975199616862939       -1.7049526877618874E-005   4.2488789864757780E-003
   1359.8654971833316       0.58976000792014227       -1.7049912907656908E-005   4.2659288993834353E-003
   1364.8654971833316       0.58976791592006517       -1.7050293942062965E-005   4.2829791933254981E-003
   1369.8654971833316       0.58977572176294213       -1.7050670057534551E-005   4.3000298633830330E-003
   1374.8654971833316       0.58978342701453623       -1.7051041329386826E-005   4.3170809047124196E-003
   1379.8654971833316       0.58979103321249782       -1.7051407831584632E-005   4.3341323125440047E-003
   1384.8654971833316       0.58979854186694058       -1.7051769636770113E-005   4.3511840821807745E-003
   1389.8654971833316       0.58980595446094808       -1.7052126816287007E-005   4.3682362089970611E-003
   1394.8654971833316       0.58981327245119564       -1.7052479440210445E-005   4.3852886884372718E-003
   1399.8654971833316       0.58982049726849684       -1.7052827577373186E-005   4.4023415160146448E-003
   1404.8654971833316       0.58982763031829100       -1.7053171295388956E-005   4.4193946873100336E-003
   1409.8654971833316       0.58983467298121661       -1.7053510660679986E-005   4.4364481979707136E-003
   1414.8654971833316       0.58984162661356299       -1.7053845738498624E-005   4.4535020437092123E-003
   1419.8654971833316       0.58984849254779081       -1.7054176592952351E-005   4.4705562203021642E-003
   1424.8654971833316       0.58985527209304500       -1.7054503287028345E-005   4.4876107235891924E-003
   1429.8654971833316       0.58986196653558398       -1.7054825882614091E-005   4.5046655494718063E-003
   1434.8654971833316       0.58986857713927432       -1.7055144440521093E-005   4.5217206939123277E-003
   1439.8654971833316       0.58987510514599928       -1.7055459020504476E-005   4.5387761529328318E-003
   1444.8654971833316       0.58988155177614776       -1.7055769681286450E-005   4.5558319226141186E-003
   1449.8654971833316       0.58988791822900022       -1.7056076480574807E-005   4.5728879990946936E-003
   1454.8654971833316       0.58989420568320183       -1.7056379475085649E-005   4.5899443785697791E-003
   1459.8654971833316       0.58990041529711912       -1.7056678720560478E-005   4.6070010572903395E-003
   1464.8654971833316       0.58990654820929134       -1.7056974271787846E-005   4.6240580315621274E-003
   1469.8654971833316       0.58991260553876601       -1.7057266182619470E-005   4.6411152977447467E-003
   1474.8654971833316       0.58991858838555922       -1.7057554505992351E-005   4.6581728522507391E-003
   1479.8654971833316       0.58992449783094392       -1.7057839293942531E-005   4.6752306915446816E-003
   1484.8654971833316       0.58993033493789371       -1.7058120597626464E-005   4.6922888121423085E-003
   1489.8654971833316       0.58993610075139280       -1.7058398467335857E-005   4.7093472106096443E-003
   1494.8654971833316       0.58994179629880994       -1.7058672952515624E-005   4.7264058835621596E-003
   1499.8654971833316       0.58994742259025057       -1.7058944101780784E-005   4.7434648276639402E-003
   1504.8654971833316       0.58995298061882862       -1.7059211962929515E-005   4.7605240396268698E-003
   1509.8654971833316       0.58995847136106150       -1.7059476582962107E-005   4.7775835162098320E-003
   1514.8654971833316       0.58996389577719355       -1.7059738008096492E-005   4.7946432542179283E-003
   1519.8654971833316       0.58996925481147200       -1.7059996283781504E-005   4.8117032505017102E-003
   1524.8654971833316       0.58997454939246008       -1.7060251454711873E-005   4.8287635019564224E-003
   1529.8654971833316       0.58997978043333044       -1.7060503564842354E-005   4.8458240055212652E-003
   1534.8654971833316       0.58998494883222330       -1.7060752657404906E-005   4.8628847581786705E-003
   1539.8654971833316       0.58999005547243810       -1.7060998774917890E-005   4.8799457569535885E-003
   1544.8654971833316       0.58999510122276222       -1.7061241959201838E-005   4.8970069989127899E-003
   1549.8654971833316       0.59000008693778228       -1.7061482251394449E-005   4.9140684811641846E-003
   1554.8654971833316       0.59000501345805612       -1.7061719691958794E-005   4.9311302008561431E-003
   1559.8654971833316       0.59000988161049028       -1.7061954320701478E-005   4.9481921551768442E-003
   1564.8654971833316       0.59001469220850944       -1.7062186176780752E-005   4.9652543413536247E-003
   1569.8654971833316       0.59001944605232115       -1.7062415298719246E-005   4.9823167566523437E-003
   1574.8654971833316       0.59002414392922797       -1.7062641724418962E-005   4.9993793983767630E-003
   1579.8654971833316       0.59002878661381375       -1.7062865491170191E-005   5.0164422638679330E-003
   1584.8654971833316       0.59003337486811813       -1.7063086635659929E-005   5.0335053505035929E-003
   1589.8654971833316       0.59003790944202605       -1.7063305193990572E-005   5.0505686556975831E-003
   1594.8654971833316       0.59004239107336176       -1.7063521201684417E-005   5.0676321768992677E-003
   1599.8654971833316       0.59004682048817292       -1.7063734693697348E-005   5.0846959115929654E-003
   1604.8654971833316       0.59005119840090936       -1.7063945704427369E-005   5.1017598572973928E-003
   1609.8654971833316       0.59005552551465590       -1.7064154267725840E-005   5.1188240115651188E-003
   1614.8654971833316       0.59005980252136403       -1.7064360416908569E-005   5.1358883719820276E-003
   1619.8654971833316       0.59006403010199893       -1.7064564184762911E-005   5.1529529361667905E-003
   1624.8654971833316       0.59006820892677858       -1.7064765603559202E-005   5.1700177017703500E-003
   1629.8654971833316       0.59007233965538908       -1.7064964705061167E-005   5.1870826664754113E-003
   1634.8654971833316       0.59007642293711315       -1.7065161520532060E-005   5.2041478279959436E-003
   1639.8654971833316       0.59008045941105169       -1.7065356080745290E-005   5.2212131840766885E-003
   1644.8654971833316       0.59008444970633933       -1.7065548415994830E-005   5.2382787324926836E-003
   1649.8654971833316       0.59008839444226624       -1.7065738556101025E-005   5.2553444710487845E-003
   1654.8654971833316       0.59009229422846976       -1.7065926530419824E-005   5.2724103975792047E-003
   1659.8654971833316       0.59009614966516344       -1.7066112367853773E-005   5.2894765099470581E-003
   1664.8654971833316       0.59009996134322351       -1.7066296096856197E-005   5.3065428060439139E-003
   1669.8654971833316       0.59010372984438020       -1.7066477745440338E-005   5.3236092837893540E-003
   1674.8654971833316       0.59010745574145140       -1.7066657341190664E-005   5.3406759411305446E-003
   1679.8654971833316       0.59011113959834760       -1.7066834911263022E-005   5.3577427760418076E-003
   1684.8654971833316       0.59011478197039557       -1.7067010482400261E-005   5.3748097865242081E-003
   1689.8654971833316       0.59011838340440181       -1.7067184080935256E-005   5.3918769706051434E-003
   1694.8654971833316       0.59012194443877619       -1.7067355732796835E-005   5.4089443263379399E-003
   1699.8654971833316       0.59012546560376666       -1.7067525463521088E-005   5.4260118518014606E-003
   1704.8654971833316       0.59012894742153787       -1.7067693298255134E-005   5.4430795450997162E-003
   1709.8654971833316       0.59013239040632326       -1.7067859261764427E-005   5.4601474043614803E-003
   1714.8654971833316       0.59013579506457470       -1.7068023378439955E-005   5.4772154277399204E-003
   1719.8654971833316       0.59013916189508597       -1.7068185672304188E-005   5.4942836134122246E-003
   1724.8654971833316       0.59014249138912955       -1.7068346167017614E-005   5.5113519595792419E-003
   1729.8654971833316       0.59014578403061135       -1.7068504885886242E-005   5.5284204644651279E-003
   1734.8654971833316       0.59014904029613890       -1.7068661851864801E-005   5.5454891263169923E-003
   1739.8654971833316       0.59015226065520798       -1.7068817087565786E-005   5.5625579434045577E-003
   1744.8654971833316       0.59015544557029243       -1.7068970615263737E-005   5.5796269140198215E-003
   1749.8654971833316       0.59015859549696836       -1.7069122456901206E-005   5.5966960364767226E-003
   1754.8654971833316       0.59016171088403557       -1.7069272634094613E-005   5.6137653091108174E-003
   1759.8654971833316       0.59016479217362938       -1.7069421168139625E-005   5.6308347302789566E-003
   1764.8654971833316       0.59016783980135212       -1.7069568080017453E-005   5.6479042983589743E-003
   1769.8654971833316       0.59017085419636539       -1.7069713390399334E-005   5.6649740117493737E-003
   1774.8654971833316       0.59017383578147964       -1.7069857119650769E-005   5.6820438688690248E-003
   1779.8654971833316       0.59017678497329706       -1.7069999287838473E-005   5.6991138681568637E-003
   1784.8654971833316       0.59017970218232441       -1.7070139914735746E-005   5.7161840080715998E-003
   1789.8654971833316       0.59018258781302446       -1.7070279019824949E-005   5.7332542870914245E-003
   1794.8654971833316       0.59018544226395164       -1.7070416622304073E-005   5.7503247037137290E-003
   1799.8654971833316       0.59018826592786089       -1.7070552741091922E-005   5.7673952564548207E-003
   1804.8654971833316       0.59019105919177450       -1.7070687394831344E-005   5.7844659438496520E-003
   1809.8654971833316       0.59019382243712626       -1.7070820601896175E-005   5.8015367644515484E-003
   1814.8654971833316       0.59019655603976406       -1.7070952380391362E-005   5.8186077168319401E-003
   1819.8654971833316       0.59019926037016091       -1.7071082748163092E-005   5.8356787995801030E-003
   1824.8654971833316       0.59020193579340152       -1.7071211722798178E-005   5.8527500113029016E-003
   1829.8654971833316       0.59020458266933529       -1.7071339321631377E-005   5.8698213506245328E-003
   1834.8654971833316       0.59020720135260685       -1.7071465561746902E-005   5.8868928161862795E-003
   1839.8654971833316       0.59020979219282277       -1.7071590459986426E-005   5.9039644066462655E-003
   1844.8654971833316       0.59021235553453466       -1.7071714032948233E-005   5.9210361206792142E-003
   1849.8654971833316       0.59021489171741903       -1.7071836296995935E-005   5.9381079569762098E-003
   1854.8654971833316       0.59021740107629062       -1.7071957268259055E-005   5.9551799142444689E-003
   1859.8654971833316       0.59021988394119318       -1.7072076962637427E-005   5.9722519912071064E-003
   1864.8654971833316       0.59022234063750156       -1.7072195395806101E-005   5.9893241866029127E-003
   1869.8654971833316       0.59022477148596775       -1.7072312583217545E-005   6.0063964991861306E-003
   1874.8654971833316       0.59022717680282255       -1.7072428540106550E-005   6.0234689277262375E-003
   1879.8654971833316       0.59022955689981860       -1.7072543281492298E-005   6.0405414710077302E-003
   1884.8654971833316       0.59023191208434622       -1.7072656822183921E-005   6.0576141278299144E-003
   1889.8654971833316       0.59023424265945046       -1.7072769176781355E-005   6.0746868970066956E-003
   1894.8654971833316       0.59023654892393351       -1.7072880359680207E-005   6.0917597773663757E-003
   1899.8654971833316       0.59023883117243137       -1.7072990385075530E-005   6.1088327677514516E-003
   1904.8654971833316       0.59024108969544842       -1.7073099266963390E-005   6.1259058670184146E-003
   1909.8654971833316       0.59024332477946306       -1.7073207019146031E-005   6.1429790740375606E-003
   1914.8654971833316       0.59024553670693614       -1.7073313655232223E-005   6.1600523876927929E-003
   1919.8654971833316       0.59024772575643503       -1.7073419188643267E-005   6.1771258068814361E-003
   1924.8654971833316       0.59024989220266322       -1.7073523632614398E-005   6.1941993305140502E-003
   1929.8654971833316       0.59025203631649170       -1.7073627000196308E-005   6.2112729575142462E-003
   1934.8654971833316       0.59025415836510808       -1.7073729304262317E-005   6.2283466868185084E-003
   1939.8654971833316       0.59025625861199005       -1.7073830557507092E-005   6.2454205173760151E-003
   1944.8654971833316       0.59025833731698041       -1.7073930772450264E-005   6.2624944481484658E-003
   1949.8654971833316       0.59026039473639169       -1.7074029961441456E-005   6.2795684781099068E-003
   1954.8654971833316       0.59026243112301890       -1.7074128136660905E-005   6.2966426062465676E-003
   1959.8654971833316       0.59026444672618994       -1.7074225310121874E-005   6.3137168315566894E-003
   1964.8654971833316       0.59026644179182930       -1.7074321493673733E-005   6.3307911530503629E-003
   1969.8654971833316       0.59026841656253382       -1.7074416699005596E-005   6.3478655697493686E-003
   1974.8654971833316       0.59027037127758220       -1.7074510937646775E-005   6.3649400806870156E-003
   1979.8654971833316       0.59027230617301452       -1.7074604220970627E-005   6.3820146849079863E-003
   1984.8654971833316       0.59027422148168740       -1.7074696560197169E-005   6.3990893814681836E-003
   1989.8654971833316       0.59027611743331010       -1.7074787966394867E-005   6.4161641694345786E-003
   1994.8654971833316       0.59027799425451288       -1.7074878450483883E-005   6.4332390478850626E-003
   1999.8654971833316       0.59027985216881695       -1.7074968023234650E-005   6.4503140159082968E-003
   2004.8654971833316       0.59028169139680287       -1.7075056695275971E-005   6.4673890726035729E-003
   2009.8654971833316       0.59028351215605857       -1.7075144477092513E-005   6.4844642170806656E-003
   2014.8654971833316       0.59028531466128953       -1.7075231379030121E-005   6.5015394484596954E-003
   2019.8654971833316       0.59028709912430977       -1.7075317411295383E-005   6.5186147658709906E-003
   2024.8654971833316       0.59028886575411188       -1.7075402583958983E-005   6.5356901684549499E-003
   2029.8654971833316       0.59029061475694489       -1.7075486906959476E-005   6.5527656553619092E-003
   2034.8654971833316       0.59029234633627203       -1.7075570390101228E-005   6.5698412257520107E-003
   2039.8654971833316       0.59029406069286772       -1.7075653043059108E-005   6.5869168787950697E-003
   2044.8654971833316       0.59029575802485623       -1.7075734875380327E-005   6.6039926136704499E-003
   2049.8654971833316       0.59029743852777494       -1.7075815896487509E-005   6.6210684295669375E-003
   2054.8654971833316       0.59029910239453154       -1.7075896115676606E-005   6.6381443256826140E-003
   2059.8654971833316       0.59030074981553682       -1.7075975542123301E-005   6.6552203012247377E-003
   2064.8654971833316       0.59030238097869514       -1.7076054184882557E-005   6.6722963554096204E-003
   2069.8654971833316       0.59030399606941686       -1.7076132052889189E-005   6.6893724874625094E-003
   2074.8654971833316       0.59030559527072857       -1.7076209154963209E-005   6.7064486966174723E-003
   2079.8654971833316       0.59030717876324468       -1.7076285499808416E-005   6.7235249821172806E-003
   2084.8654971833316       0.59030874672521316       -1.7076361096014638E-005   6.7406013432132952E-003
   2089.8654971833316       0.59031029933259183       -1.7076435952061384E-005   6.7576777791653565E-003
   2094.8654971833316       0.59031183675902121       -1.7076510076316529E-005   6.7747542892416732E-003
   2099.8654971833316       0.59031335917591587       -1.7076583477040721E-005   6.7918308727187137E-003
   2104.8654971833316       0.59031486675246492       -1.7076656162387422E-005   6.8089075288811007E-003
   2109.8654971833316       0.59031635965566964       -1.7076728140404681E-005   6.8259842570215050E-003
   2114.8654971833316       0.59031783805038018       -1.7076799419036946E-005   6.8430610564405416E-003
   2119.8654971833316       0.59031930209930050       -1.7076870006125262E-005   6.8601379264466664E-003
   2124.8654971833316       0.59032075196309075       -1.7076939909412217E-005   6.8772148663560784E-003
   2129.8654971833316       0.59032218780031043       -1.7077009136539221E-005   6.8942918754926179E-003
   2134.8654971833316       0.59032360976749221       -1.7077077695050019E-005   6.9113689531876679E-003
   2139.8654971833316       0.59032501801920523       -1.7077145592393789E-005   6.9284460987800618E-003
   2144.8654971833316       0.59032641270802377       -1.7077212835923594E-005   6.9455233116159851E-003
   2149.8654971833316       0.59032779398454771       -1.7077279432897390E-005   6.9626005910488828E-003
   2154.8654971833316       0.59032916199749796       -1.7077345390482605E-005   6.9796779364393654E-003
   2159.8654971833316       0.59033051689369664       -1.7077410715755194E-005   6.9967553471551210E-003
   2164.8654971833316       0.59033185881809425       -1.7077475415700947E-005   7.0138328225708216E-003
   2169.8654971833316       0.59033318791383382       -1.7077539497218579E-005   7.0309103620680401E-003
   2174.8654971833316       0.59033450432224577       -1.7077602967119477E-005   7.0479879650351598E-003
   2179.8654971833316       0.59033580818286513       -1.7077665832128527E-005   7.0650656308672887E-003
   2184.8654971833316       0.59033709963347836       -1.7077728098886388E-005   7.0821433589661753E-003
   2189.8654971833316       0.59033837881013596       -1.7077789773950071E-005   7.0992211487401254E-003
   2194.8654971833316       0.59033964584719456       -1.7077850863794978E-005   7.1162989996039205E-003
   2199.8654971833316       0.59034090087731839       -1.7077911374814988E-005   7.1333769109787355E-003
   2204.8654971833316       0.59034214403149865       -1.7077971313323358E-005   7.1504548822920585E-003
   2209.8654971833316       0.59034337543912696       -1.7078030685556297E-005   7.1675329129776144E-003
   2214.8654971833316       0.59034459522796601       -1.7078089497671523E-005   7.1846110024752861E-003
   2219.8654971833316       0.59034580352418897       -1.7078147755750165E-005   7.2016891502310366E-003
   2224.8654971833316       0.59034700045240807       -1.7078205465798162E-005   7.2187673556968349E-003
   2229.8654971833316       0.59034818613566920       -1.7078262633745980E-005   7.2358456183305806E-003
   2234.8654971833316       0.59034936069552280       -1.7078319265452015E-005   7.2529239375960326E-003
   2239.8654971833316       0.59035052425201306       -1.7078375366702119E-005   7.2700023129627350E-003
   2244.8654971833316       0.59035167692370827       -1.7078430943211015E-005   7.2870807439059460E-003
   2249.8654971833316       0.59035281882768786       -1.7078486000621693E-005   7.3041592299065679E-003
   2254.8654971833316       0.59035395007961833       -1.7078540544509074E-005   7.3212377704510766E-003
   2259.8654971833316       0.59035507079375182       -1.7078594580379914E-005   7.3383163650314566E-003
   2264.8654971833316       0.59035618108293753       -1.7078648113673394E-005   7.3553950131451298E-003
   2269.8654971833316       0.59035728105862451       -1.7078701149761214E-005   7.3724737142948906E-003
   2274.8654971833316       0.59035837083092368       -1.7078753693950608E-005   7.3895524679888410E-003
   2279.8654971833316       0.59035945050859240       -1.7078805751483582E-005   7.4066312737403250E-003
   2284.8654971833316       0.59036052019907881       -1.7078857327539071E-005   7.4237101310678641E-003
   2289.8654971833316       0.59036158000850802       -1.7078908427232243E-005   7.4407890394950962E-003
   2294.8654971833316       0.59036263004172040       -1.7078959055616385E-005   7.4578679985507126E-003
   2299.8654971833316       0.59036367040230453       -1.7079009217684443E-005   7.4749470077683971E-003
   2304.8654971833316       0.59036470119258377       -1.7079058918368418E-005   7.4920260666867652E-003
   2309.8654971833316       0.59036572251364672       -1.7079108162540794E-005   7.5091051748493063E-003
   2314.8654971833316       0.59036673446534860       -1.7079156955014646E-005   7.5261843318043210E-003
   2319.8654971833316       0.59036773714637703       -1.7079205300546766E-005   7.5432635371048681E-003
   2324.8654971833316       0.59036873065420803       -1.7079253203835584E-005   7.5603427903087033E-003
   2329.8654971833316       0.59036971508514446       -1.7079300669522981E-005   7.5774220909782261E-003
   2334.8654971833316       0.59037069053435898       -1.7079347702196384E-005   7.5945014386804227E-003
   2339.8654971833316       0.59037165709589401       -1.7079394306388759E-005   7.6115808329868112E-003
   2344.8654971833316       0.59037261486265169       -1.7079440486578131E-005   7.6286602734733895E-003
   2349.8654971833316       0.59037356392639884       -1.7079486247187805E-005   7.6457397597205776E-003
   2354.8654971833316       0.59037450437786898       -1.7079531592591290E-005   7.6628192913131693E-003
   2359.8654971833316       0.59037543630666967       -1.7079576527107860E-005   7.6798988678402772E-003
   2364.8654971833316       0.59037635980137815       -1.7079621055007111E-005   7.6969784888952847E-003
   2369.8654971833316       0.59037727494950076       -1.7079665180507061E-005   7.7140581540757914E-003
   2374.8654971833316       0.59037818183753143       -1.7079708907776916E-005   7.7311378629835682E-003
   2379.8654971833316       0.59037908055091348       -1.7079752240935273E-005   7.7482176152245032E-003
   2384.8654971833316       0.59037997117409480       -1.7079795184052743E-005   7.7652974104085561E-003
   2389.8654971833316       0.59038085379054961       -1.7079837741153039E-005   7.7823772481497092E-003
   2394.8654971833316       0.59038172848276382       -1.7079879916212223E-005   7.7994571280659217E-003
   2399.8654971833316       0.59038259533222992       -1.7079921713158495E-005   7.8165370497790803E-003
   2404.8654971833316       0.59038345441951534       -1.7079963135875487E-005   7.8336170129149566E-003
   2409.8654971833316       0.59038430582424151       -1.7080004188201221E-005   7.8506970171031577E-003
   2414.8654971833316       0.59038514962507949       -1.7080044873927930E-005   7.8677770619770861E-003
   2419.8654971833316       0.59038598589981006       -1.7080085196804949E-005   7.8848571471738915E-003
   2424.8654971833316       0.59038681472528010       -1.7080125160536600E-005   7.9019372723344288E-003
   2429.8654971833316       0.59038763617746903       -1.7080164768785403E-005   7.9190174371032134E-003
   2434.8654971833316       0.59038845033146836       -1.7080204025171082E-005   7.9360976411283844E-003
   2439.8654971833316       0.59038925726150238       -1.7080242933271578E-005   7.9531778840616560E-003
   2444.8654971833316       0.59039005704090941       -1.7080281496622130E-005   7.9702581655582781E-003
   2449.8654971833316       0.59039084974220424       -1.7080319718718283E-005   7.9873384852769957E-003
   2454.8654971833316       0.59039163543708739       -1.7080357603016358E-005   8.0044188428800116E-003
   2459.8654971833316       0.59039241419639288       -1.7080395152930897E-005   8.0214992380329420E-003
   2464.8654971833316       0.59039318609015290       -1.7080432371837805E-005   8.0385796704047791E-003
   2469.8654971833316       0.59039395118759308       -1.7080469263074131E-005   8.0556601396678529E-003
   2474.8654971833316       0.59039470955717310       -1.7080505829939982E-005   8.0727406454977925E-003
   2479.8654971833316       0.59039546126653697       -1.7080542075696175E-005   8.0898211875734885E-003
   2484.8654971833316       0.59039620638256829       -1.7080578003566883E-005   8.1069017655770546E-003
   2489.8654971833316       0.59039694497138373       -1.7080613616739298E-005   8.1239823791937945E-003
   2494.8654971833316       0.59039767709833346       -1.7080648918363687E-005   8.1410630281121589E-003
   2499.8654971833316       0.59039840282804001       -1.7080683911555249E-005   8.1581437120237139E-003
   2504.8654971833316       0.59039912222442104       -1.7080718599395198E-005   8.1752244306231084E-003
   2509.8654971833316       0.59039983535060725       -1.7080752984926834E-005   8.1923051836080354E-003
   2514.8654971833316       0.59040054226904282       -1.7080787071160361E-005   8.2093859706791963E-003
   2519.8654971833316       0.59040124304148178       -1.7080820861072724E-005   8.2264667915402691E-003
   2524.8654971833316       0.59040193772897231       -1.7080854357606863E-005   8.2435476458978755E-003
   2529.8654971833316       0.59040262639184671       -1.7080887563671182E-005   8.2606285334615465E-003
   2534.8654971833316       0.59040330908980365       -1.7080920482143587E-005   8.2777094539436893E-003
   2539.8654971833316       0.59040398588182941       -1.7080953115867611E-005   8.2947904070595577E-003
   2544.8654971833316       0.59040465682626775       -1.7080985467655852E-005   8.3118713925272140E-003
   2549.8654971833316       0.59040532198079387       -1.7081017540288667E-005   8.3289524100675031E-003
   2554.8654971833316       0.59040598140246470       -1.7081049336516614E-005   8.3460334594040193E-003
   2559.8654971833316       0.59040663514768177       -1.7081080859058664E-005   8.3631145402630787E-003
   2564.8654971833316       0.59040728327221703       -1.7081112110603463E-005   8.3801956523736829E-003
   2569.8654971833316       0.59040792583119661       -1.7081143093808505E-005   8.3972767954674909E-003
   2574.8654971833316       0.59040856287917765       -1.7081173811303876E-005   8.4143579692787952E-003
   2579.8654971833316       0.59040919447008899       -1.7081204265689359E-005   8.4314391735444850E-003
   2584.8654971833316       0.59040982065728920       -1.7081234459537276E-005   8.4485204080040222E-003
   2589.8654971833316       0.59041044149347210       -1.7081264395387902E-005   8.4656016723994101E-003
   2594.8654971833316       0.59041105703082497       -1.7081294075757081E-005   8.4826829664751673E-003
   2599.8654971833316       0.59041166732090389       -1.7081323503130261E-005   8.4997642899782982E-003
   2604.8654971833316       0.59041227241474536       -1.7081352679967822E-005   8.5168456426582655E-003
   2609.8654971833316       0.59041287236277318       -1.7081381608700624E-005   8.5339270242669654E-003
   2614.8654971833316       0.59041346721489663       -1.7081410291734735E-005   8.5510084345587004E-003
   2619.8654971833316       0.59041405702044636       -1.7081438731448315E-005   8.5680898732901495E-003
   2624.8654971833316       0.59041464182824221       -1.7081466930194923E-005   8.5851713402203440E-003
   2629.8654971833316       0.59041522168655181       -1.7081494890301490E-005   8.6022528351106450E-003
   2634.8654971833316       0.59041579664309696       -1.7081522614068637E-005   8.6193343577247138E-003
   2639.8654971833316       0.59041636674510489       -1.7081550103773160E-005   8.6364159078284874E-003
   2644.8654971833316       0.59041693203928125       -1.7081577361666687E-005   8.6534974851901550E-003
   2649.8654971833316       0.59041749257182596       -1.7081604389976507E-005   8.6705790895801309E-003
   2654.8654971833316       0.59041804838841694       -1.7081631190904720E-005   8.6876607207710364E-003
   2659.8654971833316       0.59041859953424425       -1.7081657766629919E-005   8.7047423785376662E-003
   2664.8654971833316       0.59041914605402557       -1.7081684119307927E-005   8.7218240626569746E-003
   2669.8654971833316       0.59041968799196887       -1.7081710251070008E-005   8.7389057729080448E-003
   2674.8654971833316       0.59042022539183470       -1.7081736164025851E-005   8.7559875090720708E-003
   2679.8654971833316       0.59042075829685881       -1.7081761860259851E-005   8.7730692709323300E-003
   2684.8654971833316       0.59042128674986305       -1.7081787341836447E-005   8.7901510582741663E-003
   2689.8654971833316       0.59042181079317635       -1.7081812610796328E-005   8.8072328708849630E-003
   2694.8654971833316       0.59042233046868231       -1.7081837669158706E-005   8.8243147085541214E-003
   2699.8654971833316       0.59042284581781623       -1.7081862518921202E-005   8.8413965710730427E-003
   2704.8654971833316       0.59042335688157233       -1.7081887162060155E-005   8.8584784582351021E-003
   2709.8654971833316       0.59042386370049116       -1.7081911600530056E-005   8.8755603698356320E-003
   2714.8654971833316       0.59042436631469086       -1.7081935836265013E-005   8.8926423056718967E-003
   2719.8654971833316       0.59042486476385381       -1.7081959871178151E-005   8.9097242655430745E-003
   2724.8654971833316       0.59042535908724181       -1.7081983707162309E-005   8.9268062492502374E-003
   2729.8654971833316       0.59042584932369579       -1.7082007346090042E-005   8.9438882565963281E-003
   2734.8654971833316       0.59042633551164847       -1.7082030789814234E-005   8.9609702873861431E-003
   2739.8654971833316       0.59042681768909910       -1.7082054040166856E-005   8.9780523414263094E-003
   2744.8654971833316       0.59042729589367482       -1.7082077098961967E-005   8.9951344185252718E-003
   2749.8654971833316       0.59042777016261083       -1.7082099967994715E-005   9.0122165184932674E-003
   2754.8654971833316       0.59042824053272414       -1.7082122649040101E-005   9.0292986411423075E-003
   2759.8654971833316       0.59042870704043915       -1.7082145143854191E-005   9.0463807862861609E-003
   2764.8654971833316       0.59042916972180148       -1.7082167454174804E-005   9.0634629537403363E-003
   2769.8654971833316       0.59042962861249770       -1.7082189581722442E-005   9.0805451433220580E-003
   2774.8654971833316       0.59043008374779726       -1.7082211528197495E-005   9.0976273548502556E-003
   2779.8654971833316       0.59043053516263033       -1.7082233295284014E-005   9.1147095881455396E-003
   2784.8654971833316       0.59043098289155205       -1.7082254884647971E-005   9.1317918430301875E-003
   2789.8654971833316       0.59043142696874940       -1.7082276297937570E-005   9.1488741193281251E-003
   2794.8654971833316       0.59043186742806408       -1.7082297536784388E-005   9.1659564168649101E-003
   2799.8654971833316       0.59043230430296989       -1.7082318602802279E-005   9.1830387354677120E-003
   2804.8654971833316       0.59043273762658299       -1.7082339497587829E-005   9.2001210749652999E-003
   2809.8654971833316       0.59043316743169250       -1.7082360222721877E-005   9.2172034351880212E-003
   2814.8654971833316       0.59043359375075155       -1.7082380779769064E-005   9.2342858159677899E-003
   2819.8654971833316       0.59043401661586414       -1.7082401170277194E-005   9.2513682171380673E-003
   2824.8654971833316       0.59043443605877632       -1.7082421395776821E-005   9.2684506385338448E-003
   2829.8654971833316       0.59043485211094049       -1.7082441457784350E-005   9.2855330799916300E-003
   2834.8654971833316       0.59043526480346475       -1.7082461357799576E-005   9.3026155413494290E-003
   2839.8654971833316       0.59043567416713605       -1.7082481097306816E-005   9.3196980224467350E-003
   2844.8654971833316       0.59043608023244232       -1.7082500677775986E-005   9.3367805231245101E-003
   2849.8654971833316       0.59043648302951302       -1.7082520100659707E-005   9.3538630432251704E-003
   2854.8654971833316       0.59043688258823901       -1.7082539367399099E-005   9.3709455825925700E-003
   2859.8654971833316       0.59043727893811204       -1.7082558479416050E-005   9.3880281410719853E-003
   2864.8654971833316       0.59043767210837705       -1.7082577438120540E-005   9.4051107185101051E-003
   2869.8654971833316       0.59043806212797723       -1.7082596244908013E-005   9.4221933147550126E-003
   2874.8654971833316       0.59043844902555542       -1.7082614901159430E-005   9.4392759296561719E-003
   2879.8654971833316       0.59043883282944487       -1.7082633408240829E-005   9.4563585630644126E-003
   2884.8654971833316       0.59043921356767859       -1.7082651767503771E-005   9.4734412148319170E-003
   2889.8654971833316       0.59043959126804224       -1.7082669980287889E-005   9.4905238848122051E-003
   2894.8654971833316       0.59043996595801862       -1.7082688047918235E-005   9.5076065728601240E-003
   2899.8654971833316       0.59044033766479720       -1.7082705971705696E-005   9.5246892788318303E-003
   2904.8654971833316       0.59044070641531332       -1.7082723752948930E-005   9.5417720025847801E-003
   2909.8654971833316       0.59044107223620057       -1.7082741392932032E-005   9.5588547439777113E-003
   2914.8654971833316       0.59044143515385195       -1.7082758892927513E-005   9.5759375028706389E-003
   2919.8654971833316       0.59044179519437290       -1.7082776254194001E-005   9.5930202791248333E-003
   2924.8654971833316       0.59044215238359943       -1.7082793477977151E-005   9.6101030726028110E-003
   2929.8654971833316       0.59044250674713616       -1.7082810565511473E-005   9.6271858831683231E-003
   2934.8654971833316       0.59044285831029364       -1.7082827518017275E-005   9.6442687106863406E-003
   2939.8654971833316       0.59044320709815623       -1.7082844336703984E-005   9.6613515550230452E-003
   2944.8654971833316       0.59044355313551800       -1.7082861022767008E-005   9.6784344160458120E-003
   2949.8654971833316       0.59044389644696116       -1.7082877577391568E-005   9.6955172936232029E-003
   2954.8654971833316       0.59044423705680327       -1.7082894001750111E-005   9.7126001876249538E-003
   2959.8654971833316       0.59044457498910774       -1.7082910297002836E-005   9.7296830979219564E-003
   2964.8654971833316       0.59044491026772361       -1.7082926464299609E-005   9.7467660243862556E-003
   2969.8654971833316       0.59044524291622902       -1.7082942504777237E-005   9.7638489668910328E-003
   2974.8654971833316       0.59044557295798739       -1.7082958419562165E-005   9.7809319253105952E-003
   2979.8654971833316       0.59044590041612666       -1.7082974209769506E-005   9.7980148995203652E-003
   2984.8654971833316       0.59044622531353075       -1.7082989876502591E-005   9.8150978893968670E-003
   2989.8654971833316       0.59044654767289617       -1.7083005420855722E-005   9.8321808948177228E-003
   2994.8654971833316       0.59044686751662601       -1.7083020843909053E-005   9.8492639156616320E-003
   2999.8654971833316       0.59044718486692160       -1.7083036146733023E-005   9.8663469518083646E-003
   3004.8654971833316       0.59044749974579991       -1.7083051330389167E-005   9.8834300031387535E-003
   3009.8654971833316       0.59044781217505460       -1.7083066395928268E-005   9.9005130695346815E-003
   3014.8654971833316       0.59044812217621379       -1.7083081344388299E-005   9.9175961508790704E-003
   3019.8654971833316       0.59044842977064138       -1.7083096176799318E-005   9.9346792470558689E-003
   3024.8654971833316       0.59044873497945616       -1.7083110894179563E-005   9.9517623579500492E-003
   3029.8654971833316       0.59044903782358604       -1.7083125497538087E-005   9.9688454834475880E-003
   3034.8654971833316       0.59044933832377788       -1.7083139987875189E-005   9.9859286234354628E-003
   3039.8654971833316       0.59044963650051374       -1.7083154366178425E-005   1.0003011777801642E-002
   3044.8654971833316       0.59044993237413190       -1.7083168633428394E-005   1.0020094946435069E-002
   3049.8654971833316       0.59045022596471763       -1.7083182790593523E-005   1.0037178129225662E-002
   3054.8654971833316       0.59045051729219555       -1.7083196838634485E-005   1.0054261326064297E-002
   3059.8654971833316       0.59045080637629399       -1.7083210778502483E-005   1.0071344536842799E-002
   3064.8654971833316       0.59045109323650891       -1.7083224611137522E-005   1.0088427761453937E-002
   3069.8654971833316       0.59045137789223068       -1.7083238337474531E-005   1.0105510999791411E-002
   3074.8654971833316       0.59045166036258656       -1.7083251958435715E-005   1.0122594251749847E-002
   3079.8654971833316       0.59045194066650419       -1.7083265474933705E-005   1.0139677517224780E-002
   3084.8654971833316       0.59045221882277443       -1.7083278887874504E-005   1.0156760796112654E-002
   3089.8654971833316       0.59045249484998308       -1.7083292198154242E-005   1.0173844088310808E-002
   3094.8654971833316       0.59045276876655151       -1.7083305406661104E-005   1.0190927393717469E-002
   3099.8654971833316       0.59045304059072257       -1.7083318514274701E-005   1.0208010712231744E-002
   3104.8654971833316       0.59045331034052573       -1.7083331521864328E-005   1.0225094043753609E-002
   3109.8654971833316       0.59045357803386744       -1.7083344430293364E-005   1.0242177388183902E-002
   3114.8654971833316       0.59045384368841003       -1.7083357240413418E-005   1.0259260745424315E-002
   3119.8654971833316       0.59045410732171777       -1.7083369953071360E-005   1.0276344115377386E-002
   3124.8654971833316       0.59045436895114578       -1.7083382569103986E-005   1.0293427497946490E-002
   3129.8654971833316       0.59045462859391928       -1.7083395089341830E-005   1.0310510893035833E-002
   3134.8654971833316       0.59045488626701603       -1.7083407514603492E-005   1.0327594300550436E-002
   3139.8654971833316       0.59045514198733606       -1.7083419845703826E-005   1.0344677720396140E-002
   3144.8654971833316       0.59045539577159234       -1.7083432083448670E-005   1.0361761152479589E-002
   3149.8654971833316       0.59045564763631297       -1.7083444228634942E-005   1.0378844596708223E-002
   3154.8654971833316       0.59045589759788764       -1.7083456282052894E-005   1.0395928052990276E-002
   3159.8654971833316       0.59045614567253835       -1.7083468244484696E-005   1.0413011521234760E-002
   3164.8654971833316       0.59045639187635446       -1.7083480116706112E-005   1.0430095001351466E-002
   3169.8654971833316       0.59045663622523559       -1.7083491899483767E-005   1.0447178493250950E-002
   3174.8654971833316       0.59045687873496022       -1.7083503593578445E-005   1.0464261996844528E-002
   3179.8654971833316       0.59045711942113610       -1.7083515199742689E-005   1.0481345512044271E-002
   3184.8654971833316       0.59045735829923740       -1.7083526718722622E-005   1.0498429038762993E-002
   3189.8654971833316       0.59045759538457343       -1.7083538151256395E-005   1.0515512576914248E-002
   3194.8654971833316       0.59045783069234015       -1.7083549498076712E-005   1.0532596126412325E-002
   3199.8654971833316       0.59045806423756764       -1.7083560759908271E-005   1.0549679687172233E-002
   3204.8654971833316       0.59045829603512068       -1.7083571937467807E-005   1.0566763259109701E-002
   3209.8654971833316       0.59045852609973759       -1.7083583031465953E-005   1.0583846842141167E-002
   3214.8654971833316       0.59045875444605889       -1.7083594042608621E-005   1.0600930436183775E-002
   3219.8654971833316       0.59045898108854777       -1.7083604971593189E-005   1.0618014041155368E-002
   3224.8654971833316       0.59045920604151914       -1.7083615819109867E-005   1.0635097656974478E-002
   3229.8654971833316       0.59045942931916240       -1.7083626585842838E-005   1.0652181283560321E-002
   3234.8654971833316       0.59045965093554831       -1.7083637272470534E-005   1.0669264920832791E-002
   3239.8654971833316       0.59045987090462071       -1.7083647879665300E-005   1.0686348568712457E-002
   3244.8654971833316       0.59046008924017379       -1.7083658408092243E-005   1.0703432227120550E-002
   3249.8654971833316       0.59046030595586396       -1.7083668858409833E-005   1.0720515895978961E-002
   3254.8654971833316       0.59046052106524061       -1.7083679231271392E-005   1.0737599575210232E-002
   3259.8654971833316       0.59046073458173376       -1.7083689527324468E-005   1.0754683264737558E-002
   3264.8654971833316       0.59046094651859116       -1.7083699747207839E-005   1.0771766964484765E-002
   3269.8654971833316       0.59046115688900480       -1.7083709891557578E-005   1.0788850674376323E-002
   3274.8654971833316       0.59046136570601582       -1.7083719961002493E-005   1.0805934394337326E-002
   3279.8654971833316       0.59046157298254409       -1.7083729956165553E-005   1.0823018124293492E-002
   3284.8654971833316       0.59046177873138206       -1.7083739877663567E-005   1.0840101864171156E-002
   3289.8654971833316       0.59046198296520358       -1.7083749726107642E-005   1.0857185613897263E-002
   3294.8654971833316       0.59046218569657960       -1.7083759502103911E-005   1.0874269373399368E-002
   3299.8654971833316       0.59046238693795183       -1.7083769206252288E-005   1.0891353142605619E-002
   3304.8654971833316       0.59046258670164586       -1.7083778839147071E-005   1.0908436921444766E-002
   3309.8654971833316       0.59046278499987859       -1.7083788401377344E-005   1.0925520709846143E-002
   3314.8654971833316       0.59046298184475932       -1.7083797893526971E-005   1.0942604507739670E-002
   3319.8654971833316       0.59046317724827835       -1.7083807316174112E-005   1.0959688315055843E-002
   3324.8654971833316       0.59046337122230386       -1.7083816669891003E-005   1.0976772131725734E-002
   3329.8654971833316       0.59046356377859477       -1.7083825955244658E-005   1.0993855957680978E-002
   3334.8654971833316       0.59046375492883607       -1.7083835172798472E-005   1.1010939792853777E-002
   3339.8654971833316       0.59046394468457142       -1.7083844323109067E-005   1.1028023637176886E-002
   3344.8654971833316       0.59046413305723899       -1.7083853406727975E-005   1.1045107490583614E-002
   3349.8654971833316       0.59046432005818883       -1.7083862424202452E-005   1.1062191353007816E-002
   3354.8654971833316       0.59046450569865971       -1.7083871376074427E-005   1.1079275224383891E-002
   3359.8654971833316       0.59046468998977319       -1.7083880262880137E-005   1.1096359104646770E-002
   3364.8654971833316       0.59046487294256145       -1.7083889085151542E-005   1.1113442993731923E-002
   3369.8654971833316       0.59046505456797382       -1.7083897843416600E-005   1.1130526891575340E-002
   3374.8654971833316       0.59046523487682578       -1.7083906538196804E-005   1.1147610798113536E-002
   3379.8654971833316       0.59046541387986373       -1.7083915170010326E-005   1.1164694713283546E-002
   3384.8654971833316       0.59046559158771017       -1.7083923739369368E-005   1.1181778637022915E-002
   3389.8654971833316       0.59046576801090378       -1.7083932246782068E-005   1.1198862569269698E-002
   3394.8654971833316       0.59046594315987766       -1.7083940692751510E-005   1.1215946509962450E-002
   3399.8654971833316       0.59046611704499208       -1.7083949077777233E-005   1.1233030459040227E-002
   3404.8654971833316       0.59046628967648163       -1.7083957402352742E-005   1.1250114416442580E-002
   3409.8654971833316       0.59046646106452727       -1.7083965666968927E-005   1.1267198382109550E-002
   3414.8654971833316       0.59046663121917875       -1.7083973872110388E-005   1.1284282355981660E-002
   3419.8654971833316       0.59046680015043440       -1.7083982018259210E-005   1.1301366337999920E-002
   3424.8654971833316       0.59046696786815078       -1.7083990105890672E-005   1.1318450328105811E-002
   3429.8654971833316       0.59046713438213283       -1.7083998135477549E-005   1.1335534326241289E-002
   3434.8654971833316       0.59046729970208345       -1.7084006107487696E-005   1.1352618332348777E-002
   3439.8654971833316       0.59046746383762783       -1.7084014022385223E-005   1.1369702346371162E-002
   3444.8654971833316       0.59046762679831144       -1.7084021880630403E-005   1.1386786368251791E-002
   3449.8654971833316       0.59046778859356941       -1.7084029682678175E-005   1.1403870397934470E-002
   3454.8654971833316       0.59046794923275181       -1.7084037428979391E-005   1.1420954435363449E-002
   3459.8654971833316       0.59046810872516198       -1.7084045119982645E-005   1.1438038480483432E-002
   3464.8654971833316       0.59046826707997202       -1.7084052756130191E-005   1.1455122533239562E-002
   3469.8654971833316       0.59046842430630131       -1.7084060337861766E-005   1.1472206593577424E-002
   3474.8654971833316       0.59046858041317607       -1.7084067865612596E-005   1.1489290661443037E-002
   3479.8654971833316       0.59046873540955713       -1.7084075339814758E-005   1.1506374736782852E-002
   3484.8654971833316       0.59046888930432662       -1.7084082760896539E-005   1.1523458819543747E-002
   3489.8654971833316       0.59046904210625784       -1.7084090129280976E-005   1.1540542909673029E-002
   3494.8654971833316       0.59046919382404839       -1.7084097445387454E-005   1.1557627007118416E-002
   3499.8654971833316       0.59046934446634425       -1.7084104709632869E-005   1.1574711111828048E-002
   3504.8654971833316       0.59046949404172389       -1.7084111922430868E-005   1.1591795223750478E-002
   3509.8654971833316       0.59046964255863688       -1.7084119084188875E-005   1.1608879342834668E-002
   3514.8654971833316       0.59046979002550659       -1.7084126195313061E-005   1.1625963469029981E-002
   3519.8654971833316       0.59046993645066492       -1.7084133256205171E-005   1.1643047602286186E-002
   3524.8654971833316       0.59047008184234817       -1.7084140267262355E-005   1.1660131742553448E-002
   3529.8654971833316       0.59047022620876832       -1.7084147228880591E-005   1.1677215889782329E-002
   3534.8654971833316       0.59047036955803234       -1.7084154141450781E-005   1.1694300043923779E-002
   3539.8654971833316       0.59047051189819211       -1.7084161005361175E-005   1.1711384204929140E-002
   3544.8654971833316       0.59047065323717041       -1.7084167820993814E-005   1.1728468372750133E-002
   3549.8654971833316       0.59047079358290544       -1.7084174588731457E-005   1.1745552547338865E-002
   3554.8654971833316       0.59047093294320940       -1.7084181308950801E-005   1.1762636728647816E-002
   3559.8654971833316       0.59047107132586718       -1.7084187982027233E-005   1.1779720916629844E-002
   3564.8654971833316       0.59047120873853709       -1.7084194608330028E-005   1.1796805111238174E-002
   3569.8654971833316       0.59047134518885969       -1.7084201188227605E-005   1.1813889312426402E-002
   3574.8654971833316       0.59047148068440092       -1.7084207722084787E-005   1.1830973520148487E-002
   3579.8654971833316       0.59047161523264113       -1.7084214210262271E-005   1.1848057734358750E-002
   3584.8654971833316       0.59047174884099518       -1.7084220653117591E-005   1.1865141955011867E-002
   3589.8654971833316       0.59047188151685193       -1.7084227051007039E-005   1.1882226182062874E-002
   3594.8654971833316       0.59047201326748266       -1.7084233404281221E-005   1.1899310415467155E-002
   3599.8654971833316       0.59047214410013671       -1.7084239713289706E-005   1.1916394655180445E-002
   3604.8654971833316       0.59047227402197855       -1.7084245978377946E-005   1.1933478901158822E-002
   3609.8654971833316       0.59047240304011606       -1.7084252199888687E-005   1.1950563153358710E-002
   3614.8654971833316       0.59047253116157716       -1.7084258378160811E-005   1.1967647411736872E-002
   3619.8654971833316       0.59047265839336172       -1.7084264513531844E-005   1.1984731676250403E-002
   3624.8654971833316       0.59047278474238063       -1.7084270606335020E-005   1.2001815946856738E-002
   3629.8654971833316       0.59047291021551152       -1.7084276656901982E-005   1.2018900223513641E-002
   3634.8654971833316       0.59047303481954139       -1.7084282665559997E-005   1.2035984506179201E-002
   3639.8654971833316       0.59047315856122884       -1.7084288632634941E-005   1.2053068794811836E-002
   3644.8654971833316       0.59047328144726063       -1.7084294558449271E-005   1.2070153089370286E-002
   3649.8654971833316       0.59047340348424571       -1.7084300443321651E-005   1.2087237389813607E-002
   3654.8654971833316       0.59047352467877690       -1.7084306287569988E-005   1.2104321696101178E-002
   3659.8654971833316       0.59047364503734989       -1.7084312091507508E-005   1.2121406008192686E-002
   3664.8654971833316       0.59047376456643719       -1.7084317855446297E-005   1.2138490326048131E-002
   3669.8654971833316       0.59047388327242700       -1.7084323579694405E-005   1.2155574649627826E-002
   3674.8654971833316       0.59047400116168836       -1.7084329264558938E-005   1.2172658978892385E-002
   3679.8654971833316       0.59047411824047813       -1.7084334910341601E-005   1.2189743313802726E-002
   3684.8654971833316       0.59047423451506309       -1.7084340517344571E-005   1.2206827654320070E-002
   3689.8654971833316       0.59047434999162296       -1.7084346085865835E-005   1.2223912000405936E-002
   3694.8654971833316       0.59047446467629450       -1.7084351616201308E-005   1.2240996352022138E-002
   3699.8654971833316       0.59047457857515206       -1.7084357108643896E-005   1.2258080709130781E-002
   3704.8654971833316       0.59047469169419897       -1.7084362563483066E-005   1.2275165071694264E-002
   3709.8654971833316       0.59047480403943253       -1.7084367981008015E-005   1.2292249439675272E-002
   3714.8654971833316       0.59047491561677412       -1.7084373361504265E-005   1.2309333813036775E-002
   3719.8654971833316       0.59047502643210459       -1.7084378705255395E-005   1.2326418191742031E-002
   3724.8654971833316       0.59047513649124483       -1.7084384012542086E-005   1.2343502575754573E-002
   3729.8654971833316       0.59047524579996202       -1.7084389283642422E-005   1.2360586965038216E-002
   3734.8654971833316       0.59047535436397947       -1.7084394518832392E-005   1.2377671359557049E-002
   3739.8654971833316       0.59047546218898561       -1.7084399718386280E-005   1.2394755759275435E-002
   3744.8654971833316       0.59047556928059697       -1.7084404882574927E-005   1.2411840164158009E-002
   3749.8654971833316       0.59047567564440007       -1.7084410011667702E-005   1.2428924574169676E-002
   3754.8654971833316       0.59047578128590950       -1.7084415105930523E-005   1.2446008989275607E-002
   3759.8654971833316       0.59047588621064129       -1.7084420165629371E-005   1.2463093409441236E-002
   3764.8654971833316       0.59047599042402754       -1.7084425191026188E-005   1.2480177834632263E-002
   3769.8654971833316       0.59047609393144274       -1.7084430182380123E-005   1.2497262264814643E-002
   3774.8654971833316       0.59047619673825646       -1.7084435139950098E-005   1.2514346699954593E-002
   3779.8654971833316       0.59047629884976294       -1.7084440063991406E-005   1.2531431140018584E-002
   3784.8654971833316       0.59047640027122283       -1.7084444954757712E-005   1.2548515584973342E-002
   3789.8654971833316       0.59047650100785209       -1.7084449812500531E-005   1.2565600034785842E-002
   3794.8654971833316       0.59047660106480704       -1.7084454637468495E-005   1.2582684489423311E-002
   3799.8654971833316       0.59047670044721567       -1.7084459429908886E-005   1.2599768948853221E-002
   3804.8654971833316       0.59047679916016871       -1.7084464190067174E-005   1.2616853413043288E-002
