 #              _____________________  _______________________             #
 #              ___  __ \__  __ \_  / / /_  /___  ____/_  ___/             #
 #              __  / / /_  /_/ /  / / /_  __/_  __/  _____ \              #
 #              _  /_/ /_  _, _// /_/ / / /_ _  /___  ____/ /              #
 #              /_____/ /_/ |_| \____/  \__/ /_____/  /____/               #
 #                                                                         #
  
 #        time                      c  [M/M]                   concetration [M/M]       zero flux   in    x              directions   cumulative flux
 #-----------------------------------------------------------------------------------------------

     0.000000000000E+000     0.642928000000E-003     0.000000000000E+000     0.000000000000E+000     0.000000000000E+000
     0.100000000000E+000     0.198627542951E-004     0.000000000000E+000     0.000000000000E+000     0.000000000000E+000
     0.206000000000E+000     0.579923707992E-006     0.000000000000E+000     0.000000000000E+000     0.000000000000E+000
     0.318360000000E+000     0.159998059444E-007     0.000000000000E+000     0.000000000000E+000     0.000000000000E+000
     0.437461600000E+000     0.417091612481E-009     0.000000000000E+000     0.000000000000E+000     0.000000000000E+000
     0.563709296000E+000     0.102726771893E-010     0.000000000000E+000     0.000000000000E+000     0.000000000000E+000
     0.697531853760E+000     0.239020878152E-012     0.000000000000E+000     0.000000000000E+000     0.000000000000E+000
     0.839383764986E+000     0.525357005004E-014     0.000000000000E+000     0.000000000000E+000     0.000000000000E+000
     0.989746790885E+000     0.109070676052E-015     0.000000000000E+000     0.000000000000E+000     0.000000000000E+000
     0.114913159834E+001     0.213878084150E-017     0.000000000000E+000     0.000000000000E+000     0.000000000000E+000
     0.131807949424E+001     0.396096507593E-019     0.000000000000E+000     0.000000000000E+000     0.000000000000E+000
     0.149716426389E+001     0.692764109743E-021     0.000000000000E+000     0.000000000000E+000     0.000000000000E+000
     0.168699411973E+001     0.114417917908E-022     0.000000000000E+000     0.000000000000E+000     0.000000000000E+000
     0.188821376691E+001     0.178444446813E-024     0.000000000000E+000     0.000000000000E+000     0.000000000000E+000
     0.210150659292E+001     0.262778437647E-026     0.000000000000E+000     0.000000000000E+000     0.000000000000E+000
     0.232759698850E+001     0.365369850343E-028     0.000000000000E+000     0.000000000000E+000     0.000000000000E+000
     0.256725280781E+001     0.479635984116E-030     0.000000000000E+000     0.000000000000E+000     0.000000000000E+000
     0.282128797628E+001     0.594439650888E-032     0.000000000000E+000     0.000000000000E+000     0.000000000000E+000
     0.309056525485E+001     0.695508898240E-034     0.000000000000E+000     0.000000000000E+000     0.000000000000E+000
     0.337599917015E+001     0.768209125218E-036     0.000000000000E+000     0.000000000000E+000     0.000000000000E+000
     0.367855912035E+001     0.800980543474E-038     0.000000000000E+000     0.000000000000E+000     0.000000000000E+000
     0.399927266758E+001     0.788342557925E-040     0.000000000000E+000     0.000000000000E+000     0.000000000000E+000
     0.433922902763E+001     0.732392786908E-042     0.000000000000E+000     0.000000000000E+000     0.000000000000E+000
     0.469958276929E+001     0.642237290669E-044     0.000000000000E+000     0.000000000000E+000     0.000000000000E+000
     0.508155773545E+001     0.531564723217E-046     0.000000000000E+000     0.000000000000E+000     0.000000000000E+000
     0.548645119957E+001     0.415252969329E-048     0.000000000000E+000     0.000000000000E+000     0.000000000000E+000
     0.591563827155E+001     0.306161564246E-050     0.000000000000E+000     0.000000000000E+000     0.000000000000E+000
     0.637057656784E+001     0.213034439969E-052     0.000000000000E+000     0.000000000000E+000     0.000000000000E+000
     0.685281116191E+001     0.139885585051E-054     0.000000000000E+000     0.000000000000E+000     0.000000000000E+000
     0.736397983162E+001     0.866626127680E-057     0.000000000000E+000     0.000000000000E+000     0.000000000000E+000
     0.790581862152E+001     0.506276484741E-059     0.000000000000E+000     0.000000000000E+000     0.000000000000E+000
     0.848016773881E+001     0.278458959269E-061     0.000000000000E+000     0.000000000000E+000     0.000000000000E+000
     0.908897780314E+001     0.143536787800E-063     0.000000000000E+000     0.000000000000E+000     0.000000000000E+000
     0.973431647133E+001     0.683898157052E-066     0.000000000000E+000     0.000000000000E+000     0.000000000000E+000
     0.104183754596E+002     0.287922964633E-068     0.000000000000E+000     0.000000000000E+000     0.000000000000E+000
     0.111434779872E+002     0.885978447847E-071     0.000000000000E+000     0.000000000000E+000     0.000000000000E+000
     0.119120866664E+002    -0.853145619588E-074     0.000000000000E+000     0.000000000000E+000     0.000000000000E+000
     0.127268118664E+002    -0.546817385545E-075     0.000000000000E+000     0.000000000000E+000     0.000000000000E+000
     0.135904205784E+002    -0.752830607396E-077     0.000000000000E+000     0.000000000000E+000     0.000000000000E+000
     0.145058458131E+002    -0.820747931055E-079     0.000000000000E+000     0.000000000000E+000     0.000000000000E+000
     0.154761965619E+002    -0.804302552582E-081     0.000000000000E+000     0.000000000000E+000     0.000000000000E+000
     0.164761965619E+002    -0.753097512655E-083     0.000000000000E+000     0.000000000000E+000     0.000000000000E+000
     0.174761965619E+002    -0.701439194764E-085     0.000000000000E+000     0.000000000000E+000     0.000000000000E+000
     0.184761965619E+002    -0.652147954701E-087     0.000000000000E+000     0.000000000000E+000     0.000000000000E+000
     0.194761965619E+002    -0.605943373873E-089     0.000000000000E+000     0.000000000000E+000     0.000000000000E+000
     0.204761965619E+002    -0.562889970324E-091     0.000000000000E+000     0.000000000000E+000     0.000000000000E+000
     0.214761965619E+002    -0.522855636613E-093     0.000000000000E+000     0.000000000000E+000     0.000000000000E+000
     0.224761965619E+002    -0.485656447229E-095     0.000000000000E+000     0.000000000000E+000     0.000000000000E+000
     0.234761965619E+002    -0.451101888191E-097     0.000000000000E+000     0.000000000000E+000     0.000000000000E+000
     0.244761965619E+002    -0.419008517006E-099     0.000000000000E+000     0.000000000000E+000     0.000000000000E+000
     0.254761965619E+002    -0.389203653907E-101     0.000000000000E+000     0.000000000000E+000     0.000000000000E+000
     0.264761965619E+002    -0.361525960091E-103     0.000000000000E+000     0.000000000000E+000     0.000000000000E+000
     0.274761965619E+002    -0.335825074568E-105     0.000000000000E+000     0.000000000000E+000     0.000000000000E+000
     0.284761965619E+002    -0.311960993996E-107     0.000000000000E+000     0.000000000000E+000     0.000000000000E+000
     0.294761965619E+002    -0.289803408277E-109     0.000000000000E+000     0.000000000000E+000     0.000000000000E+000
     0.304761965619E+002    -0.269231055658E-111     0.000000000000E+000     0.000000000000E+000     0.000000000000E+000
     0.314761965619E+002    -0.250131114317E-113     0.000000000000E+000     0.000000000000E+000     0.000000000000E+000
     0.324761965619E+002    -0.232398633129E-115     0.000000000000E+000     0.000000000000E+000     0.000000000000E+000
     0.334761965619E+002    -0.215936000120E-117     0.000000000000E+000     0.000000000000E+000     0.000000000000E+000
     0.344761965619E+002    -0.200652446141E-119     0.000000000000E+000     0.000000000000E+000     0.000000000000E+000
     0.354761965619E+002    -0.186463581242E-121     0.000000000000E+000     0.000000000000E+000     0.000000000000E+000
     0.364761965619E+002    -0.173290961395E-123     0.000000000000E+000     0.000000000000E+000     0.000000000000E+000
     0.374761965619E+002    -0.161061683479E-125     0.000000000000E+000     0.000000000000E+000     0.000000000000E+000
     0.384761965619E+002    -0.149708006603E-127     0.000000000000E+000     0.000000000000E+000     0.000000000000E+000
     0.394761965619E+002    -0.139166998068E-129     0.000000000000E+000     0.000000000000E+000     0.000000000000E+000
     0.404761965619E+002    -0.129380202379E-131     0.000000000000E+000     0.000000000000E+000     0.000000000000E+000
     0.414761965619E+002    -0.120293331883E-133     0.000000000000E+000     0.000000000000E+000     0.000000000000E+000
     0.424761965619E+002    -0.111855977672E-135     0.000000000000E+000     0.000000000000E+000     0.000000000000E+000
     0.434761965619E+002    -0.104021339521E-137     0.000000000000E+000     0.000000000000E+000     0.000000000000E+000
     0.444761965619E+002    -0.967459736906E-140     0.000000000000E+000     0.000000000000E+000     0.000000000000E+000
     0.454761965619E+002    -0.899895575069E-142     0.000000000000E+000     0.000000000000E+000     0.000000000000E+000
     0.464761965619E+002    -0.837146696762E-144     0.000000000000E+000     0.000000000000E+000     0.000000000000E+000
     0.474761965619E+002    -0.778865853797E-146     0.000000000000E+000     0.000000000000E+000     0.000000000000E+000
     0.484761965619E+002    -0.724730852242E-148     0.000000000000E+000     0.000000000000E+000     0.000000000000E+000
     0.494761965619E+002    -0.674442771859E-150     0.000000000000E+000     0.000000000000E+000     0.000000000000E+000
     0.504761965619E+002    -0.627724307311E-152     0.000000000000E+000     0.000000000000E+000     0.000000000000E+000
     0.514761965619E+002    -0.584318223408E-154     0.000000000000E+000     0.000000000000E+000     0.000000000000E+000
     0.524761965619E+002    -0.543985917112E-156     0.000000000000E+000     0.000000000000E+000     0.000000000000E+000
     0.534761965619E+002    -0.506506079404E-158     0.000000000000E+000     0.000000000000E+000     0.000000000000E+000
     0.544761965619E+002    -0.471673450532E-160     0.000000000000E+000     0.000000000000E+000     0.000000000000E+000
     0.554761965619E+002    -0.439297662512E-162     0.000000000000E+000     0.000000000000E+000     0.000000000000E+000
     0.564761965619E+002    -0.409202163107E-164     0.000000000000E+000     0.000000000000E+000     0.000000000000E+000
     0.574761965619E+002    -0.381223215865E-166     0.000000000000E+000     0.000000000000E+000     0.000000000000E+000
     0.584761965619E+002    -0.355208971105E-168     0.000000000000E+000     0.000000000000E+000     0.000000000000E+000
     0.594761965619E+002    -0.331018603052E-170     0.000000000000E+000     0.000000000000E+000     0.000000000000E+000
     0.604761965619E+002    -0.308521508612E-172     0.000000000000E+000     0.000000000000E+000     0.000000000000E+000
     0.614761965619E+002    -0.287596563579E-174     0.000000000000E+000     0.000000000000E+000     0.000000000000E+000
     0.624761965619E+002    -0.268131432288E-176     0.000000000000E+000     0.000000000000E+000     0.000000000000E+000
     0.634761965619E+002    -0.250021927022E-178     0.000000000000E+000     0.000000000000E+000     0.000000000000E+000
     0.644761965619E+002    -0.233171413706E-180     0.000000000000E+000     0.000000000000E+000     0.000000000000E+000
     0.654761965619E+002    -0.217490260618E-182     0.000000000000E+000     0.000000000000E+000     0.000000000000E+000
     0.664761965619E+002    -0.202895327118E-184     0.000000000000E+000     0.000000000000E+000     0.000000000000E+000
     0.674761965619E+002    -0.189309489535E-186     0.000000000000E+000     0.000000000000E+000     0.000000000000E+000
     0.684761965619E+002    -0.176661201586E-188     0.000000000000E+000     0.000000000000E+000     0.000000000000E+000
     0.694761965619E+002    -0.164884086851E-190     0.000000000000E+000     0.000000000000E+000     0.000000000000E+000
     0.704761965619E+002    -0.153916561023E-192     0.000000000000E+000     0.000000000000E+000     0.000000000000E+000
     0.714761965619E+002    -0.143701481775E-194     0.000000000000E+000     0.000000000000E+000     0.000000000000E+000
     0.724761965619E+002    -0.134185824262E-196     0.000000000000E+000     0.000000000000E+000     0.000000000000E+000
     0.734761965619E+002    -0.125320380407E-198     0.000000000000E+000     0.000000000000E+000     0.000000000000E+000
     0.744761965619E+002    -0.117059480236E-200     0.000000000000E+000     0.000000000000E+000     0.000000000000E+000
     0.754761965619E+002    -0.109360733667E-202     0.000000000000E+000     0.000000000000E+000     0.000000000000E+000
     0.764761965619E+002    -0.102184791266E-204     0.000000000000E+000     0.000000000000E+000     0.000000000000E+000
     0.774761965619E+002    -0.954951225651E-207     0.000000000000E+000     0.000000000000E+000     0.000000000000E+000
     0.784761965619E+002    -0.892578106917E-209     0.000000000000E+000     0.000000000000E+000     0.000000000000E+000
     0.794761965619E+002    -0.834413620775E-211     0.000000000000E+000     0.000000000000E+000     0.000000000000E+000
     0.804761965619E+002    -0.780165301676E-213     0.000000000000E+000     0.000000000000E+000     0.000000000000E+000
     0.814761965619E+002    -0.729561520871E-215     0.000000000000E+000     0.000000000000E+000     0.000000000000E+000
     0.824761965619E+002    -0.682349973158E-217     0.000000000000E+000     0.000000000000E+000     0.000000000000E+000
     0.834761965619E+002    -0.638296274871E-219     0.000000000000E+000     0.000000000000E+000     0.000000000000E+000
     0.844761965619E+002    -0.597182664894E-221     0.000000000000E+000     0.000000000000E+000     0.000000000000E+000
     0.854761965619E+002    -0.558806801105E-223     0.000000000000E+000     0.000000000000E+000     0.000000000000E+000
     0.864761965619E+002    -0.522980645218E-225     0.000000000000E+000     0.000000000000E+000     0.000000000000E+000
     0.874761965619E+002    -0.489529429462E-227     0.000000000000E+000     0.000000000000E+000     0.000000000000E+000
     0.884761965619E+002    -0.458290699084E-229     0.000000000000E+000     0.000000000000E+000     0.000000000000E+000
     0.894761965619E+002    -0.429113425041E-231     0.000000000000E+000     0.000000000000E+000     0.000000000000E+000
     0.904761965619E+002    -0.401857181717E-233     0.000000000000E+000     0.000000000000E+000     0.000000000000E+000
     0.914761965619E+002    -0.376391384828E-235     0.000000000000E+000     0.000000000000E+000     0.000000000000E+000
     0.924761965619E+002    -0.352594585093E-237     0.000000000000E+000     0.000000000000E+000     0.000000000000E+000
     0.934761965619E+002    -0.330353813526E-239     0.000000000000E+000     0.000000000000E+000     0.000000000000E+000
     0.944761965619E+002    -0.309563974539E-241     0.000000000000E+000     0.000000000000E+000     0.000000000000E+000
     0.954761965619E+002    -0.290127283323E-243     0.000000000000E+000     0.000000000000E+000     0.000000000000E+000
     0.964761965619E+002    -0.271952744239E-245     0.000000000000E+000     0.000000000000E+000     0.000000000000E+000
     0.974761965619E+002    -0.254955667175E-247     0.000000000000E+000     0.000000000000E+000     0.000000000000E+000
     0.984761965619E+002    -0.239057219084E-249     0.000000000000E+000     0.000000000000E+000     0.000000000000E+000
     0.994761965619E+002    -0.224184008089E-251     0.000000000000E+000     0.000000000000E+000     0.000000000000E+000
     0.100476196562E+003    -0.210267697775E-253     0.000000000000E+000     0.000000000000E+000     0.000000000000E+000
     0.101476196562E+003    -0.197244649416E-255     0.000000000000E+000     0.000000000000E+000     0.000000000000E+000
     0.102476196562E+003    -0.185055590098E-257     0.000000000000E+000     0.000000000000E+000     0.000000000000E+000
     0.103476196562E+003    -0.173645304836E-259     0.000000000000E+000     0.000000000000E+000     0.000000000000E+000
     0.104476196562E+003    -0.162962350896E-261     0.000000000000E+000     0.000000000000E+000     0.000000000000E+000
     0.105476196562E+003    -0.152958792721E-263     0.000000000000E+000     0.000000000000E+000     0.000000000000E+000
     0.106476196562E+003    -0.143589955925E-265     0.000000000000E+000     0.000000000000E+000     0.000000000000E+000
     0.107476196562E+003    -0.134814198972E-267     0.000000000000E+000     0.000000000000E+000     0.000000000000E+000
     0.108476196562E+003    -0.126592701230E-269     0.000000000000E+000     0.000000000000E+000     0.000000000000E+000
     0.109476196562E+003    -0.118889266221E-271     0.000000000000E+000     0.000000000000E+000     0.000000000000E+000
     0.110476196562E+003    -0.111670138933E-273     0.000000000000E+000     0.000000000000E+000     0.000000000000E+000
     0.111476196562E+003    -0.104903836186E-275     0.000000000000E+000     0.000000000000E+000     0.000000000000E+000
     0.112476196562E+003    -0.985609890980E-278     0.000000000000E+000     0.000000000000E+000     0.000000000000E+000
     0.113476196562E+003    -0.926141967504E-280     0.000000000000E+000     0.000000000000E+000     0.000000000000E+000
     0.114476196562E+003    -0.870378902679E-282     0.000000000000E+000     0.000000000000E+000     0.000000000000E+000
     0.115476196562E+003    -0.818082065315E-284     0.000000000000E+000     0.000000000000E+000     0.000000000000E+000
     0.116476196562E+003    -0.769028708392E-286     0.000000000000E+000     0.000000000000E+000     0.000000000000E+000
     0.117476196562E+003    -0.723010878611E-288     0.000000000000E+000     0.000000000000E+000     0.000000000000E+000
     0.118476196562E+003    -0.679834402897E-290     0.000000000000E+000     0.000000000000E+000     0.000000000000E+000
     0.119476196562E+003    -0.639317946297E-292     0.000000000000E+000     0.000000000000E+000     0.000000000000E+000
     0.120476196562E+003    -0.601292136127E-294     0.000000000000E+000     0.000000000000E+000     0.000000000000E+000
     0.121476196562E+003    -0.565598747585E-296     0.000000000000E+000     0.000000000000E+000     0.000000000000E+000
     0.122476196562E+003    -0.532089946410E-298     0.000000000000E+000     0.000000000000E+000     0.000000000000E+000
     0.123476196562E+003    -0.500627584513E-300     0.000000000000E+000     0.000000000000E+000     0.000000000000E+000
     0.124476196562E+003    -0.471082544744E-302     0.000000000000E+000     0.000000000000E+000     0.000000000000E+000
     0.125476196562E+003    -0.443334131310E-304     0.000000000000E+000     0.000000000000E+000     0.000000000000E+000
     0.126476196562E+003    -0.417269502572E-306     0.000000000000E+000     0.000000000000E+000     0.000000000000E+000
     0.127476196562E+003    -0.392783143188E-308     0.000000000000E+000     0.000000000000E+000     0.000000000000E+000
     0.128476196562E+003    -0.369776372814E-310     0.000000000000E+000     0.000000000000E+000     0.000000000000E+000
     0.129476196562E+003    -0.348156888753E-312     0.000000000000E+000     0.000000000000E+000     0.000000000000E+000
     0.130476196562E+003    -0.327838340314E-314     0.000000000000E+000     0.000000000000E+000     0.000000000000E+000
     0.131476196562E+003    -0.308739942263E-316     0.000000000000E+000     0.000000000000E+000     0.000000000000E+000
     0.132476196562E+003    -0.290782335860E-318     0.000000000000E+000     0.000000000000E+000     0.000000000000E+000
     0.133476196562E+003    -0.273712367796E-320     0.000000000000E+000     0.000000000000E+000     0.000000000000E+000
     0.134476196562E+003    -0.247032822921E-322     0.000000000000E+000     0.000000000000E+000     0.000000000000E+000
     0.135476196562E+003     0.000000000000E+000     0.000000000000E+000     0.000000000000E+000     0.000000000000E+000
     0.136476196562E+003     0.000000000000E+000     0.000000000000E+000     0.000000000000E+000     0.000000000000E+000
     0.137476196562E+003     0.000000000000E+000     0.000000000000E+000     0.000000000000E+000     0.000000000000E+000
     0.138476196562E+003     0.000000000000E+000     0.000000000000E+000     0.000000000000E+000     0.000000000000E+000
     0.139476196562E+003     0.000000000000E+000     0.000000000000E+000     0.000000000000E+000     0.000000000000E+000
     0.140476196562E+003     0.000000000000E+000     0.000000000000E+000     0.000000000000E+000     0.000000000000E+000
     0.141476196562E+003     0.000000000000E+000     0.000000000000E+000     0.000000000000E+000     0.000000000000E+000
     0.142476196562E+003     0.000000000000E+000     0.000000000000E+000     0.000000000000E+000     0.000000000000E+000
     0.143476196562E+003     0.000000000000E+000     0.000000000000E+000     0.000000000000E+000     0.000000000000E+000
     0.144476196562E+003     0.000000000000E+000     0.000000000000E+000     0.000000000000E+000     0.000000000000E+000
     0.145476196562E+003     0.000000000000E+000     0.000000000000E+000     0.000000000000E+000     0.000000000000E+000
     0.146476196562E+003     0.000000000000E+000     0.000000000000E+000     0.000000000000E+000     0.000000000000E+000
     0.147476196562E+003     0.000000000000E+000     0.000000000000E+000     0.000000000000E+000     0.000000000000E+000
     0.148476196562E+003     0.000000000000E+000     0.000000000000E+000     0.000000000000E+000     0.000000000000E+000
     0.149476196562E+003     0.000000000000E+000     0.000000000000E+000     0.000000000000E+000     0.000000000000E+000
     0.150476196562E+003     0.000000000000E+000     0.000000000000E+000     0.000000000000E+000     0.000000000000E+000
     0.151476196562E+003     0.000000000000E+000     0.000000000000E+000     0.000000000000E+000     0.000000000000E+000
     0.152476196562E+003     0.000000000000E+000     0.000000000000E+000     0.000000000000E+000     0.000000000000E+000
     0.153476196562E+003     0.000000000000E+000     0.000000000000E+000     0.000000000000E+000     0.000000000000E+000
     0.154476196562E+003     0.000000000000E+000     0.000000000000E+000     0.000000000000E+000     0.000000000000E+000
     0.155476196562E+003     0.000000000000E+000     0.000000000000E+000     0.000000000000E+000     0.000000000000E+000
     0.156476196562E+003     0.000000000000E+000     0.000000000000E+000     0.000000000000E+000     0.000000000000E+000
     0.157476196562E+003     0.000000000000E+000     0.000000000000E+000     0.000000000000E+000     0.000000000000E+000
     0.158476196562E+003     0.000000000000E+000     0.000000000000E+000     0.000000000000E+000     0.000000000000E+000
     0.159476196562E+003     0.000000000000E+000     0.000000000000E+000     0.000000000000E+000     0.000000000000E+000
     0.160476196562E+003     0.000000000000E+000     0.000000000000E+000     0.000000000000E+000     0.000000000000E+000
     0.161476196562E+003     0.000000000000E+000     0.000000000000E+000     0.000000000000E+000     0.000000000000E+000
     0.162476196562E+003     0.000000000000E+000     0.000000000000E+000     0.000000000000E+000     0.000000000000E+000
     0.163476196562E+003     0.000000000000E+000     0.000000000000E+000     0.000000000000E+000     0.000000000000E+000
     0.164476196562E+003     0.000000000000E+000     0.000000000000E+000     0.000000000000E+000     0.000000000000E+000
     0.165476196562E+003     0.000000000000E+000     0.000000000000E+000     0.000000000000E+000     0.000000000000E+000
     0.166476196562E+003     0.000000000000E+000     0.000000000000E+000     0.000000000000E+000     0.000000000000E+000
     0.167476196562E+003     0.000000000000E+000     0.000000000000E+000     0.000000000000E+000     0.000000000000E+000
     0.168476196562E+003     0.000000000000E+000     0.000000000000E+000     0.000000000000E+000     0.000000000000E+000
     0.169476196562E+003     0.000000000000E+000     0.000000000000E+000     0.000000000000E+000     0.000000000000E+000
     0.170476196562E+003     0.000000000000E+000     0.000000000000E+000     0.000000000000E+000     0.000000000000E+000
     0.171476196562E+003     0.000000000000E+000     0.000000000000E+000     0.000000000000E+000     0.000000000000E+000
     0.172476196562E+003     0.000000000000E+000     0.000000000000E+000     0.000000000000E+000     0.000000000000E+000
     0.173476196562E+003     0.000000000000E+000     0.000000000000E+000     0.000000000000E+000     0.000000000000E+000
     0.174476196562E+003     0.000000000000E+000     0.000000000000E+000     0.000000000000E+000     0.000000000000E+000
     0.175476196562E+003     0.000000000000E+000     0.000000000000E+000     0.000000000000E+000     0.000000000000E+000
     0.176476196562E+003     0.000000000000E+000     0.000000000000E+000     0.000000000000E+000     0.000000000000E+000
     0.177476196562E+003     0.000000000000E+000     0.000000000000E+000     0.000000000000E+000     0.000000000000E+000
     0.178476196562E+003     0.000000000000E+000     0.000000000000E+000     0.000000000000E+000     0.000000000000E+000
     0.179476196562E+003     0.000000000000E+000     0.000000000000E+000     0.000000000000E+000     0.000000000000E+000
     0.180476196562E+003     0.000000000000E+000     0.000000000000E+000     0.000000000000E+000     0.000000000000E+000
     0.181476196562E+003     0.000000000000E+000     0.000000000000E+000     0.000000000000E+000     0.000000000000E+000
     0.182476196562E+003     0.000000000000E+000     0.000000000000E+000     0.000000000000E+000     0.000000000000E+000
     0.183476196562E+003     0.000000000000E+000     0.000000000000E+000     0.000000000000E+000     0.000000000000E+000
     0.184476196562E+003     0.000000000000E+000     0.000000000000E+000     0.000000000000E+000     0.000000000000E+000
     0.185476196562E+003     0.000000000000E+000     0.000000000000E+000     0.000000000000E+000     0.000000000000E+000
     0.186476196562E+003     0.000000000000E+000     0.000000000000E+000     0.000000000000E+000     0.000000000000E+000
     0.187476196562E+003     0.000000000000E+000     0.000000000000E+000     0.000000000000E+000     0.000000000000E+000
     0.188476196562E+003     0.000000000000E+000     0.000000000000E+000     0.000000000000E+000     0.000000000000E+000
     0.189476196562E+003     0.000000000000E+000     0.000000000000E+000     0.000000000000E+000     0.000000000000E+000
     0.190476196562E+003     0.000000000000E+000     0.000000000000E+000     0.000000000000E+000     0.000000000000E+000
     0.191476196562E+003     0.000000000000E+000     0.000000000000E+000     0.000000000000E+000     0.000000000000E+000
     0.192476196562E+003     0.000000000000E+000     0.000000000000E+000     0.000000000000E+000     0.000000000000E+000
     0.193476196562E+003     0.000000000000E+000     0.000000000000E+000     0.000000000000E+000     0.000000000000E+000
     0.194476196562E+003     0.000000000000E+000     0.000000000000E+000     0.000000000000E+000     0.000000000000E+000
     0.195476196562E+003     0.000000000000E+000     0.000000000000E+000     0.000000000000E+000     0.000000000000E+000
     0.196476196562E+003     0.000000000000E+000     0.000000000000E+000     0.000000000000E+000     0.000000000000E+000
     0.197476196562E+003     0.000000000000E+000     0.000000000000E+000     0.000000000000E+000     0.000000000000E+000
     0.198476196562E+003     0.000000000000E+000     0.000000000000E+000     0.000000000000E+000     0.000000000000E+000
     0.199476196562E+003     0.000000000000E+000     0.000000000000E+000     0.000000000000E+000     0.000000000000E+000
     0.200476196562E+003     0.000000000000E+000     0.000000000000E+000     0.000000000000E+000     0.000000000000E+000
     0.201476196562E+003     0.000000000000E+000     0.000000000000E+000     0.000000000000E+000     0.000000000000E+000
     0.202476196562E+003     0.000000000000E+000     0.000000000000E+000     0.000000000000E+000     0.000000000000E+000
     0.203476196562E+003     0.000000000000E+000     0.000000000000E+000     0.000000000000E+000     0.000000000000E+000
     0.204476196562E+003     0.000000000000E+000     0.000000000000E+000     0.000000000000E+000     0.000000000000E+000
     0.205476196562E+003     0.000000000000E+000     0.000000000000E+000     0.000000000000E+000     0.000000000000E+000
     0.206476196562E+003     0.000000000000E+000     0.000000000000E+000     0.000000000000E+000     0.000000000000E+000
     0.207476196562E+003     0.000000000000E+000     0.000000000000E+000     0.000000000000E+000     0.000000000000E+000
     0.208476196562E+003     0.000000000000E+000     0.000000000000E+000     0.000000000000E+000     0.000000000000E+000
     0.209476196562E+003     0.000000000000E+000     0.000000000000E+000     0.000000000000E+000     0.000000000000E+000
     0.210476196562E+003     0.000000000000E+000     0.000000000000E+000     0.000000000000E+000     0.000000000000E+000
     0.211476196562E+003     0.000000000000E+000     0.000000000000E+000     0.000000000000E+000     0.000000000000E+000
     0.212476196562E+003     0.000000000000E+000     0.000000000000E+000     0.000000000000E+000     0.000000000000E+000
     0.213476196562E+003     0.000000000000E+000     0.000000000000E+000     0.000000000000E+000     0.000000000000E+000
     0.214476196562E+003     0.000000000000E+000     0.000000000000E+000     0.000000000000E+000     0.000000000000E+000
     0.215476196562E+003     0.000000000000E+000     0.000000000000E+000     0.000000000000E+000     0.000000000000E+000
     0.216476196562E+003     0.000000000000E+000     0.000000000000E+000     0.000000000000E+000     0.000000000000E+000
     0.217476196562E+003     0.000000000000E+000     0.000000000000E+000     0.000000000000E+000     0.000000000000E+000
     0.218476196562E+003     0.000000000000E+000     0.000000000000E+000     0.000000000000E+000     0.000000000000E+000
     0.219476196562E+003     0.000000000000E+000     0.000000000000E+000     0.000000000000E+000     0.000000000000E+000
     0.220476196562E+003     0.000000000000E+000     0.000000000000E+000     0.000000000000E+000     0.000000000000E+000
     0.221476196562E+003     0.000000000000E+000     0.000000000000E+000     0.000000000000E+000     0.000000000000E+000
     0.222476196562E+003     0.000000000000E+000     0.000000000000E+000     0.000000000000E+000     0.000000000000E+000
     0.223476196562E+003     0.000000000000E+000     0.000000000000E+000     0.000000000000E+000     0.000000000000E+000
     0.224476196562E+003     0.000000000000E+000     0.000000000000E+000     0.000000000000E+000     0.000000000000E+000
     0.225476196562E+003     0.000000000000E+000     0.000000000000E+000     0.000000000000E+000     0.000000000000E+000
     0.226476196562E+003     0.000000000000E+000     0.000000000000E+000     0.000000000000E+000     0.000000000000E+000
     0.227476196562E+003     0.000000000000E+000     0.000000000000E+000     0.000000000000E+000     0.000000000000E+000
     0.228476196562E+003     0.000000000000E+000     0.000000000000E+000     0.000000000000E+000     0.000000000000E+000
     0.229476196562E+003     0.000000000000E+000     0.000000000000E+000     0.000000000000E+000     0.000000000000E+000
     0.230476196562E+003     0.000000000000E+000     0.000000000000E+000     0.000000000000E+000     0.000000000000E+000
     0.231476196562E+003     0.000000000000E+000     0.000000000000E+000     0.000000000000E+000     0.000000000000E+000
     0.232476196562E+003     0.000000000000E+000     0.000000000000E+000     0.000000000000E+000     0.000000000000E+000
     0.233476196562E+003     0.000000000000E+000     0.000000000000E+000     0.000000000000E+000     0.000000000000E+000
     0.234476196562E+003     0.000000000000E+000     0.000000000000E+000     0.000000000000E+000     0.000000000000E+000
     0.235476196562E+003     0.000000000000E+000     0.000000000000E+000     0.000000000000E+000     0.000000000000E+000
     0.236476196562E+003     0.000000000000E+000     0.000000000000E+000     0.000000000000E+000     0.000000000000E+000
     0.237476196562E+003     0.000000000000E+000     0.000000000000E+000     0.000000000000E+000     0.000000000000E+000
     0.238476196562E+003     0.000000000000E+000     0.000000000000E+000     0.000000000000E+000     0.000000000000E+000
     0.239476196562E+003     0.000000000000E+000     0.000000000000E+000     0.000000000000E+000     0.000000000000E+000
     0.240476196562E+003     0.000000000000E+000     0.000000000000E+000     0.000000000000E+000     0.000000000000E+000
     0.241476196562E+003     0.000000000000E+000     0.000000000000E+000     0.000000000000E+000     0.000000000000E+000
     0.242476196562E+003     0.000000000000E+000     0.000000000000E+000     0.000000000000E+000     0.000000000000E+000
     0.243476196562E+003     0.000000000000E+000     0.000000000000E+000     0.000000000000E+000     0.000000000000E+000
     0.244476196562E+003     0.000000000000E+000     0.000000000000E+000     0.000000000000E+000     0.000000000000E+000
     0.245476196562E+003     0.000000000000E+000     0.000000000000E+000     0.000000000000E+000     0.000000000000E+000
     0.246476196562E+003     0.000000000000E+000     0.000000000000E+000     0.000000000000E+000     0.000000000000E+000
     0.247476196562E+003     0.000000000000E+000     0.000000000000E+000     0.000000000000E+000     0.000000000000E+000
     0.248476196562E+003     0.000000000000E+000     0.000000000000E+000     0.000000000000E+000     0.000000000000E+000
     0.249476196562E+003     0.000000000000E+000     0.000000000000E+000     0.000000000000E+000     0.000000000000E+000
     0.250476196562E+003     0.000000000000E+000     0.000000000000E+000     0.000000000000E+000     0.000000000000E+000
     0.251476196562E+003     0.000000000000E+000     0.000000000000E+000     0.000000000000E+000     0.000000000000E+000
     0.252476196562E+003     0.000000000000E+000     0.000000000000E+000     0.000000000000E+000     0.000000000000E+000
     0.253476196562E+003     0.000000000000E+000     0.000000000000E+000     0.000000000000E+000     0.000000000000E+000
     0.254476196562E+003     0.000000000000E+000     0.000000000000E+000     0.000000000000E+000     0.000000000000E+000
     0.255476196562E+003     0.000000000000E+000     0.000000000000E+000     0.000000000000E+000     0.000000000000E+000
     0.256476196562E+003     0.000000000000E+000     0.000000000000E+000     0.000000000000E+000     0.000000000000E+000
     0.257476196562E+003     0.000000000000E+000     0.000000000000E+000     0.000000000000E+000     0.000000000000E+000
     0.258476196562E+003     0.000000000000E+000     0.000000000000E+000     0.000000000000E+000     0.000000000000E+000
     0.259476196562E+003     0.000000000000E+000     0.000000000000E+000     0.000000000000E+000     0.000000000000E+000
     0.260476196562E+003     0.000000000000E+000     0.000000000000E+000     0.000000000000E+000     0.000000000000E+000
     0.261476196562E+003     0.000000000000E+000     0.000000000000E+000     0.000000000000E+000     0.000000000000E+000
     0.262476196562E+003     0.000000000000E+000     0.000000000000E+000     0.000000000000E+000     0.000000000000E+000
     0.263476196562E+003     0.000000000000E+000     0.000000000000E+000     0.000000000000E+000     0.000000000000E+000
     0.264476196562E+003     0.000000000000E+000     0.000000000000E+000     0.000000000000E+000     0.000000000000E+000
     0.265476196562E+003     0.000000000000E+000     0.000000000000E+000     0.000000000000E+000     0.000000000000E+000
     0.266476196562E+003     0.000000000000E+000     0.000000000000E+000     0.000000000000E+000     0.000000000000E+000
     0.267476196562E+003     0.000000000000E+000     0.000000000000E+000     0.000000000000E+000     0.000000000000E+000
     0.268476196562E+003     0.000000000000E+000     0.000000000000E+000     0.000000000000E+000     0.000000000000E+000
     0.269476196562E+003     0.000000000000E+000     0.000000000000E+000     0.000000000000E+000     0.000000000000E+000
     0.270476196562E+003     0.000000000000E+000     0.000000000000E+000     0.000000000000E+000     0.000000000000E+000
     0.271476196562E+003     0.000000000000E+000     0.000000000000E+000     0.000000000000E+000     0.000000000000E+000
     0.272476196562E+003     0.000000000000E+000     0.000000000000E+000     0.000000000000E+000     0.000000000000E+000
     0.273476196562E+003     0.000000000000E+000     0.000000000000E+000     0.000000000000E+000     0.000000000000E+000
     0.274476196562E+003     0.000000000000E+000     0.000000000000E+000     0.000000000000E+000     0.000000000000E+000
     0.275476196562E+003     0.000000000000E+000     0.000000000000E+000     0.000000000000E+000     0.000000000000E+000
     0.276476196562E+003     0.000000000000E+000     0.000000000000E+000     0.000000000000E+000     0.000000000000E+000
     0.277476196562E+003     0.000000000000E+000     0.000000000000E+000     0.000000000000E+000     0.000000000000E+000
     0.278476196562E+003     0.000000000000E+000     0.000000000000E+000     0.000000000000E+000     0.000000000000E+000
     0.279476196562E+003     0.000000000000E+000     0.000000000000E+000     0.000000000000E+000     0.000000000000E+000
     0.280476196562E+003     0.000000000000E+000     0.000000000000E+000     0.000000000000E+000     0.000000000000E+000
     0.281476196562E+003     0.000000000000E+000     0.000000000000E+000     0.000000000000E+000     0.000000000000E+000
     0.282476196562E+003     0.000000000000E+000     0.000000000000E+000     0.000000000000E+000     0.000000000000E+000
     0.283476196562E+003     0.000000000000E+000     0.000000000000E+000     0.000000000000E+000     0.000000000000E+000
     0.284476196562E+003     0.000000000000E+000     0.000000000000E+000     0.000000000000E+000     0.000000000000E+000
     0.285476196562E+003     0.000000000000E+000     0.000000000000E+000     0.000000000000E+000     0.000000000000E+000
     0.286476196562E+003     0.000000000000E+000     0.000000000000E+000     0.000000000000E+000     0.000000000000E+000
     0.287476196562E+003     0.000000000000E+000     0.000000000000E+000     0.000000000000E+000     0.000000000000E+000
     0.288476196562E+003     0.000000000000E+000     0.000000000000E+000     0.000000000000E+000     0.000000000000E+000
     0.289476196562E+003     0.000000000000E+000     0.000000000000E+000     0.000000000000E+000     0.000000000000E+000
     0.290476196562E+003     0.000000000000E+000     0.000000000000E+000     0.000000000000E+000     0.000000000000E+000
     0.291476196562E+003     0.000000000000E+000     0.000000000000E+000     0.000000000000E+000     0.000000000000E+000
     0.292476196562E+003     0.000000000000E+000     0.000000000000E+000     0.000000000000E+000     0.000000000000E+000
     0.293476196562E+003     0.000000000000E+000     0.000000000000E+000     0.000000000000E+000     0.000000000000E+000
     0.294476196562E+003     0.000000000000E+000     0.000000000000E+000     0.000000000000E+000     0.000000000000E+000
     0.295476196562E+003     0.000000000000E+000     0.000000000000E+000     0.000000000000E+000     0.000000000000E+000
     0.296476196562E+003     0.000000000000E+000     0.000000000000E+000     0.000000000000E+000     0.000000000000E+000
     0.297476196562E+003     0.000000000000E+000     0.000000000000E+000     0.000000000000E+000     0.000000000000E+000
     0.298476196562E+003     0.000000000000E+000     0.000000000000E+000     0.000000000000E+000     0.000000000000E+000
     0.299476196562E+003     0.000000000000E+000     0.000000000000E+000     0.000000000000E+000     0.000000000000E+000
     0.300476196562E+003     0.000000000000E+000     0.000000000000E+000     0.000000000000E+000     0.000000000000E+000
     0.301476196562E+003     0.000000000000E+000     0.000000000000E+000     0.000000000000E+000     0.000000000000E+000
     0.302476196562E+003     0.000000000000E+000     0.000000000000E+000     0.000000000000E+000     0.000000000000E+000
     0.303476196562E+003     0.000000000000E+000     0.000000000000E+000     0.000000000000E+000     0.000000000000E+000
     0.304476196562E+003     0.000000000000E+000     0.000000000000E+000     0.000000000000E+000     0.000000000000E+000
     0.305476196562E+003     0.000000000000E+000     0.000000000000E+000     0.000000000000E+000     0.000000000000E+000
     0.306476196562E+003     0.000000000000E+000     0.000000000000E+000     0.000000000000E+000     0.000000000000E+000
     0.307476196562E+003     0.000000000000E+000     0.000000000000E+000     0.000000000000E+000     0.000000000000E+000
     0.308476196562E+003     0.000000000000E+000     0.000000000000E+000     0.000000000000E+000     0.000000000000E+000
     0.309476196562E+003     0.000000000000E+000     0.000000000000E+000     0.000000000000E+000     0.000000000000E+000
     0.310476196562E+003     0.000000000000E+000     0.000000000000E+000     0.000000000000E+000     0.000000000000E+000
     0.311476196562E+003     0.000000000000E+000     0.000000000000E+000     0.000000000000E+000     0.000000000000E+000
     0.312476196562E+003     0.000000000000E+000     0.000000000000E+000     0.000000000000E+000     0.000000000000E+000
     0.313476196562E+003     0.000000000000E+000     0.000000000000E+000     0.000000000000E+000     0.000000000000E+000
     0.314476196562E+003     0.000000000000E+000     0.000000000000E+000     0.000000000000E+000     0.000000000000E+000
     0.315476196562E+003     0.000000000000E+000     0.000000000000E+000     0.000000000000E+000     0.000000000000E+000
     0.316476196562E+003     0.000000000000E+000     0.000000000000E+000     0.000000000000E+000     0.000000000000E+000
     0.317476196562E+003     0.000000000000E+000     0.000000000000E+000     0.000000000000E+000     0.000000000000E+000
     0.318476196562E+003     0.000000000000E+000     0.000000000000E+000     0.000000000000E+000     0.000000000000E+000
     0.319476196562E+003     0.000000000000E+000     0.000000000000E+000     0.000000000000E+000     0.000000000000E+000
     0.320476196562E+003     0.000000000000E+000     0.000000000000E+000     0.000000000000E+000     0.000000000000E+000
     0.321476196562E+003     0.000000000000E+000     0.000000000000E+000     0.000000000000E+000     0.000000000000E+000
     0.322476196562E+003     0.000000000000E+000     0.000000000000E+000     0.000000000000E+000     0.000000000000E+000
     0.323476196562E+003     0.000000000000E+000     0.000000000000E+000     0.000000000000E+000     0.000000000000E+000
     0.324476196562E+003     0.000000000000E+000     0.000000000000E+000     0.000000000000E+000     0.000000000000E+000
     0.325476196562E+003     0.000000000000E+000     0.000000000000E+000     0.000000000000E+000     0.000000000000E+000
     0.326476196562E+003     0.000000000000E+000     0.000000000000E+000     0.000000000000E+000     0.000000000000E+000
     0.327476196562E+003     0.000000000000E+000     0.000000000000E+000     0.000000000000E+000     0.000000000000E+000
     0.328476196562E+003     0.000000000000E+000     0.000000000000E+000     0.000000000000E+000     0.000000000000E+000
     0.329476196562E+003     0.000000000000E+000     0.000000000000E+000     0.000000000000E+000     0.000000000000E+000
     0.330476196562E+003     0.000000000000E+000     0.000000000000E+000     0.000000000000E+000     0.000000000000E+000
     0.331476196562E+003     0.000000000000E+000     0.000000000000E+000     0.000000000000E+000     0.000000000000E+000
     0.332476196562E+003     0.000000000000E+000     0.000000000000E+000     0.000000000000E+000     0.000000000000E+000
     0.333476196562E+003     0.000000000000E+000     0.000000000000E+000     0.000000000000E+000     0.000000000000E+000
     0.334476196562E+003     0.000000000000E+000     0.000000000000E+000     0.000000000000E+000     0.000000000000E+000
     0.335476196562E+003     0.000000000000E+000     0.000000000000E+000     0.000000000000E+000     0.000000000000E+000
     0.336476196562E+003     0.000000000000E+000     0.000000000000E+000     0.000000000000E+000     0.000000000000E+000
     0.337476196562E+003     0.000000000000E+000     0.000000000000E+000     0.000000000000E+000     0.000000000000E+000
     0.338476196562E+003     0.000000000000E+000     0.000000000000E+000     0.000000000000E+000     0.000000000000E+000
     0.339476196562E+003     0.000000000000E+000     0.000000000000E+000     0.000000000000E+000     0.000000000000E+000
     0.340476196562E+003     0.000000000000E+000     0.000000000000E+000     0.000000000000E+000     0.000000000000E+000
     0.341476196562E+003     0.000000000000E+000     0.000000000000E+000     0.000000000000E+000     0.000000000000E+000
     0.342476196562E+003     0.000000000000E+000     0.000000000000E+000     0.000000000000E+000     0.000000000000E+000
     0.343476196562E+003     0.000000000000E+000     0.000000000000E+000     0.000000000000E+000     0.000000000000E+000
     0.344476196562E+003     0.000000000000E+000     0.000000000000E+000     0.000000000000E+000     0.000000000000E+000
     0.345476196562E+003     0.000000000000E+000     0.000000000000E+000     0.000000000000E+000     0.000000000000E+000
     0.346476196562E+003     0.000000000000E+000     0.000000000000E+000     0.000000000000E+000     0.000000000000E+000
     0.347476196562E+003     0.000000000000E+000     0.000000000000E+000     0.000000000000E+000     0.000000000000E+000
     0.348476196562E+003     0.000000000000E+000     0.000000000000E+000     0.000000000000E+000     0.000000000000E+000
     0.349476196562E+003     0.000000000000E+000     0.000000000000E+000     0.000000000000E+000     0.000000000000E+000
     0.350476196562E+003     0.000000000000E+000     0.000000000000E+000     0.000000000000E+000     0.000000000000E+000
     0.351476196562E+003     0.000000000000E+000     0.000000000000E+000     0.000000000000E+000     0.000000000000E+000
     0.352476196562E+003     0.000000000000E+000     0.000000000000E+000     0.000000000000E+000     0.000000000000E+000
     0.353476196562E+003     0.000000000000E+000     0.000000000000E+000     0.000000000000E+000     0.000000000000E+000
     0.354476196562E+003     0.000000000000E+000     0.000000000000E+000     0.000000000000E+000     0.000000000000E+000
     0.355476196562E+003     0.000000000000E+000     0.000000000000E+000     0.000000000000E+000     0.000000000000E+000
     0.356476196562E+003     0.000000000000E+000     0.000000000000E+000     0.000000000000E+000     0.000000000000E+000
     0.357476196562E+003     0.000000000000E+000     0.000000000000E+000     0.000000000000E+000     0.000000000000E+000
     0.358476196562E+003     0.000000000000E+000     0.000000000000E+000     0.000000000000E+000     0.000000000000E+000
     0.359476196562E+003     0.000000000000E+000     0.000000000000E+000     0.000000000000E+000     0.000000000000E+000
     0.360476196562E+003     0.000000000000E+000     0.000000000000E+000     0.000000000000E+000     0.000000000000E+000
     0.361476196562E+003     0.000000000000E+000     0.000000000000E+000     0.000000000000E+000     0.000000000000E+000
     0.362476196562E+003     0.000000000000E+000     0.000000000000E+000     0.000000000000E+000     0.000000000000E+000
     0.363476196562E+003     0.000000000000E+000     0.000000000000E+000     0.000000000000E+000     0.000000000000E+000
     0.364476196562E+003     0.000000000000E+000     0.000000000000E+000     0.000000000000E+000     0.000000000000E+000
     0.365476196562E+003     0.000000000000E+000     0.000000000000E+000     0.000000000000E+000     0.000000000000E+000
     0.366476196562E+003     0.000000000000E+000     0.000000000000E+000     0.000000000000E+000     0.000000000000E+000
     0.367476196562E+003     0.000000000000E+000     0.000000000000E+000     0.000000000000E+000     0.000000000000E+000
     0.368476196562E+003     0.000000000000E+000     0.000000000000E+000     0.000000000000E+000     0.000000000000E+000
     0.369476196562E+003     0.000000000000E+000     0.000000000000E+000     0.000000000000E+000     0.000000000000E+000
     0.370476196562E+003     0.000000000000E+000     0.000000000000E+000     0.000000000000E+000     0.000000000000E+000
     0.371476196562E+003     0.000000000000E+000     0.000000000000E+000     0.000000000000E+000     0.000000000000E+000
     0.372476196562E+003     0.000000000000E+000     0.000000000000E+000     0.000000000000E+000     0.000000000000E+000
     0.373476196562E+003     0.000000000000E+000     0.000000000000E+000     0.000000000000E+000     0.000000000000E+000
     0.374476196562E+003     0.000000000000E+000     0.000000000000E+000     0.000000000000E+000     0.000000000000E+000
     0.375476196562E+003     0.000000000000E+000     0.000000000000E+000     0.000000000000E+000     0.000000000000E+000
     0.376476196562E+003     0.000000000000E+000     0.000000000000E+000     0.000000000000E+000     0.000000000000E+000
     0.377476196562E+003     0.000000000000E+000     0.000000000000E+000     0.000000000000E+000     0.000000000000E+000
     0.378476196562E+003     0.000000000000E+000     0.000000000000E+000     0.000000000000E+000     0.000000000000E+000
     0.379476196562E+003     0.000000000000E+000     0.000000000000E+000     0.000000000000E+000     0.000000000000E+000
     0.380476196562E+003     0.000000000000E+000     0.000000000000E+000     0.000000000000E+000     0.000000000000E+000
     0.381476196562E+003     0.000000000000E+000     0.000000000000E+000     0.000000000000E+000     0.000000000000E+000
     0.382476196562E+003     0.000000000000E+000     0.000000000000E+000     0.000000000000E+000     0.000000000000E+000
     0.383476196562E+003     0.000000000000E+000     0.000000000000E+000     0.000000000000E+000     0.000000000000E+000
     0.384476196562E+003     0.000000000000E+000     0.000000000000E+000     0.000000000000E+000     0.000000000000E+000
     0.385476196562E+003     0.000000000000E+000     0.000000000000E+000     0.000000000000E+000     0.000000000000E+000
     0.386476196562E+003     0.000000000000E+000     0.000000000000E+000     0.000000000000E+000     0.000000000000E+000
     0.387476196562E+003     0.000000000000E+000     0.000000000000E+000     0.000000000000E+000     0.000000000000E+000
     0.388476196562E+003     0.000000000000E+000     0.000000000000E+000     0.000000000000E+000     0.000000000000E+000
     0.389476196562E+003     0.000000000000E+000     0.000000000000E+000     0.000000000000E+000     0.000000000000E+000
     0.390476196562E+003     0.000000000000E+000     0.000000000000E+000     0.000000000000E+000     0.000000000000E+000
     0.391476196562E+003     0.000000000000E+000     0.000000000000E+000     0.000000000000E+000     0.000000000000E+000
     0.392476196562E+003     0.000000000000E+000     0.000000000000E+000     0.000000000000E+000     0.000000000000E+000
     0.393476196562E+003     0.000000000000E+000     0.000000000000E+000     0.000000000000E+000     0.000000000000E+000
     0.394476196562E+003     0.000000000000E+000     0.000000000000E+000     0.000000000000E+000     0.000000000000E+000
     0.395476196562E+003     0.000000000000E+000     0.000000000000E+000     0.000000000000E+000     0.000000000000E+000
     0.396476196562E+003     0.000000000000E+000     0.000000000000E+000     0.000000000000E+000     0.000000000000E+000
     0.397476196562E+003     0.000000000000E+000     0.000000000000E+000     0.000000000000E+000     0.000000000000E+000
     0.398476196562E+003     0.000000000000E+000     0.000000000000E+000     0.000000000000E+000     0.000000000000E+000
     0.399476196562E+003     0.000000000000E+000     0.000000000000E+000     0.000000000000E+000     0.000000000000E+000
     0.400476196562E+003     0.000000000000E+000     0.000000000000E+000     0.000000000000E+000     0.000000000000E+000
     0.401476196562E+003     0.000000000000E+000     0.000000000000E+000     0.000000000000E+000     0.000000000000E+000
     0.402476196562E+003     0.000000000000E+000     0.000000000000E+000     0.000000000000E+000     0.000000000000E+000
     0.403476196562E+003     0.000000000000E+000     0.000000000000E+000     0.000000000000E+000     0.000000000000E+000
     0.404476196562E+003     0.000000000000E+000     0.000000000000E+000     0.000000000000E+000     0.000000000000E+000
     0.405476196562E+003     0.000000000000E+000     0.000000000000E+000     0.000000000000E+000     0.000000000000E+000
     0.406476196562E+003     0.000000000000E+000     0.000000000000E+000     0.000000000000E+000     0.000000000000E+000
     0.407476196562E+003     0.000000000000E+000     0.000000000000E+000     0.000000000000E+000     0.000000000000E+000
     0.408476196562E+003     0.000000000000E+000     0.000000000000E+000     0.000000000000E+000     0.000000000000E+000
     0.409476196562E+003     0.000000000000E+000     0.000000000000E+000     0.000000000000E+000     0.000000000000E+000
     0.410476196562E+003     0.000000000000E+000     0.000000000000E+000     0.000000000000E+000     0.000000000000E+000
     0.411476196562E+003     0.000000000000E+000     0.000000000000E+000     0.000000000000E+000     0.000000000000E+000
     0.412476196562E+003     0.000000000000E+000     0.000000000000E+000     0.000000000000E+000     0.000000000000E+000
     0.413476196562E+003     0.000000000000E+000     0.000000000000E+000     0.000000000000E+000     0.000000000000E+000
     0.414476196562E+003     0.000000000000E+000     0.000000000000E+000     0.000000000000E+000     0.000000000000E+000
     0.415476196562E+003     0.000000000000E+000     0.000000000000E+000     0.000000000000E+000     0.000000000000E+000
     0.416476196562E+003     0.000000000000E+000     0.000000000000E+000     0.000000000000E+000     0.000000000000E+000
     0.417476196562E+003     0.000000000000E+000     0.000000000000E+000     0.000000000000E+000     0.000000000000E+000
     0.418476196562E+003     0.000000000000E+000     0.000000000000E+000     0.000000000000E+000     0.000000000000E+000
     0.419476196562E+003     0.000000000000E+000     0.000000000000E+000     0.000000000000E+000     0.000000000000E+000
     0.420476196562E+003     0.000000000000E+000     0.000000000000E+000     0.000000000000E+000     0.000000000000E+000
     0.421476196562E+003     0.000000000000E+000     0.000000000000E+000     0.000000000000E+000     0.000000000000E+000
     0.422476196562E+003     0.000000000000E+000     0.000000000000E+000     0.000000000000E+000     0.000000000000E+000
     0.423476196562E+003     0.000000000000E+000     0.000000000000E+000     0.000000000000E+000     0.000000000000E+000
     0.424476196562E+003     0.000000000000E+000     0.000000000000E+000     0.000000000000E+000     0.000000000000E+000
     0.425476196562E+003     0.000000000000E+000     0.000000000000E+000     0.000000000000E+000     0.000000000000E+000
     0.426476196562E+003     0.000000000000E+000     0.000000000000E+000     0.000000000000E+000     0.000000000000E+000
     0.427476196562E+003     0.000000000000E+000     0.000000000000E+000     0.000000000000E+000     0.000000000000E+000
     0.428476196562E+003     0.000000000000E+000     0.000000000000E+000     0.000000000000E+000     0.000000000000E+000
     0.429476196562E+003     0.000000000000E+000     0.000000000000E+000     0.000000000000E+000     0.000000000000E+000
     0.430476196562E+003     0.000000000000E+000     0.000000000000E+000     0.000000000000E+000     0.000000000000E+000
     0.431476196562E+003     0.000000000000E+000     0.000000000000E+000     0.000000000000E+000     0.000000000000E+000
     0.432476196562E+003     0.000000000000E+000     0.000000000000E+000     0.000000000000E+000     0.000000000000E+000
     0.433476196562E+003     0.000000000000E+000     0.000000000000E+000     0.000000000000E+000     0.000000000000E+000
     0.434476196562E+003     0.000000000000E+000     0.000000000000E+000     0.000000000000E+000     0.000000000000E+000
     0.435476196562E+003     0.000000000000E+000     0.000000000000E+000     0.000000000000E+000     0.000000000000E+000
     0.436476196562E+003     0.000000000000E+000     0.000000000000E+000     0.000000000000E+000     0.000000000000E+000
     0.437476196562E+003     0.000000000000E+000     0.000000000000E+000     0.000000000000E+000     0.000000000000E+000
     0.438476196562E+003     0.000000000000E+000     0.000000000000E+000     0.000000000000E+000     0.000000000000E+000
     0.439476196562E+003     0.000000000000E+000     0.000000000000E+000     0.000000000000E+000     0.000000000000E+000
     0.440476196562E+003     0.000000000000E+000     0.000000000000E+000     0.000000000000E+000     0.000000000000E+000
     0.441476196562E+003     0.000000000000E+000     0.000000000000E+000     0.000000000000E+000     0.000000000000E+000
     0.442476196562E+003     0.000000000000E+000     0.000000000000E+000     0.000000000000E+000     0.000000000000E+000
     0.443476196562E+003     0.000000000000E+000     0.000000000000E+000     0.000000000000E+000     0.000000000000E+000
     0.444476196562E+003     0.000000000000E+000     0.000000000000E+000     0.000000000000E+000     0.000000000000E+000
     0.445476196562E+003     0.000000000000E+000     0.000000000000E+000     0.000000000000E+000     0.000000000000E+000
     0.446476196562E+003     0.000000000000E+000     0.000000000000E+000     0.000000000000E+000     0.000000000000E+000
     0.447476196562E+003     0.000000000000E+000     0.000000000000E+000     0.000000000000E+000     0.000000000000E+000
     0.448476196562E+003     0.000000000000E+000     0.000000000000E+000     0.000000000000E+000     0.000000000000E+000
     0.449476196562E+003     0.000000000000E+000     0.000000000000E+000     0.000000000000E+000     0.000000000000E+000
     0.450476196562E+003     0.000000000000E+000     0.000000000000E+000     0.000000000000E+000     0.000000000000E+000
     0.451476196562E+003     0.000000000000E+000     0.000000000000E+000     0.000000000000E+000     0.000000000000E+000
     0.452476196562E+003     0.000000000000E+000     0.000000000000E+000     0.000000000000E+000     0.000000000000E+000
     0.453476196562E+003     0.000000000000E+000     0.000000000000E+000     0.000000000000E+000     0.000000000000E+000
     0.454476196562E+003     0.000000000000E+000     0.000000000000E+000     0.000000000000E+000     0.000000000000E+000
     0.455476196562E+003     0.000000000000E+000     0.000000000000E+000     0.000000000000E+000     0.000000000000E+000
     0.456476196562E+003     0.000000000000E+000     0.000000000000E+000     0.000000000000E+000     0.000000000000E+000
     0.457476196562E+003     0.000000000000E+000     0.000000000000E+000     0.000000000000E+000     0.000000000000E+000
     0.458476196562E+003     0.000000000000E+000     0.000000000000E+000     0.000000000000E+000     0.000000000000E+000
     0.459476196562E+003     0.000000000000E+000     0.000000000000E+000     0.000000000000E+000     0.000000000000E+000
     0.460476196562E+003     0.000000000000E+000     0.000000000000E+000     0.000000000000E+000     0.000000000000E+000
     0.461476196562E+003     0.000000000000E+000     0.000000000000E+000     0.000000000000E+000     0.000000000000E+000
     0.462476196562E+003     0.000000000000E+000     0.000000000000E+000     0.000000000000E+000     0.000000000000E+000
     0.463476196562E+003     0.000000000000E+000     0.000000000000E+000     0.000000000000E+000     0.000000000000E+000
     0.464476196562E+003     0.000000000000E+000     0.000000000000E+000     0.000000000000E+000     0.000000000000E+000
     0.465476196562E+003     0.000000000000E+000     0.000000000000E+000     0.000000000000E+000     0.000000000000E+000
     0.466476196562E+003     0.000000000000E+000     0.000000000000E+000     0.000000000000E+000     0.000000000000E+000
     0.467476196562E+003     0.000000000000E+000     0.000000000000E+000     0.000000000000E+000     0.000000000000E+000
     0.468476196562E+003     0.000000000000E+000     0.000000000000E+000     0.000000000000E+000     0.000000000000E+000
     0.469476196562E+003     0.000000000000E+000     0.000000000000E+000     0.000000000000E+000     0.000000000000E+000
     0.470476196562E+003     0.000000000000E+000     0.000000000000E+000     0.000000000000E+000     0.000000000000E+000
     0.471476196562E+003     0.000000000000E+000     0.000000000000E+000     0.000000000000E+000     0.000000000000E+000
     0.472476196562E+003     0.000000000000E+000     0.000000000000E+000     0.000000000000E+000     0.000000000000E+000
     0.473476196562E+003     0.000000000000E+000     0.000000000000E+000     0.000000000000E+000     0.000000000000E+000
     0.474476196562E+003     0.000000000000E+000     0.000000000000E+000     0.000000000000E+000     0.000000000000E+000
     0.475476196562E+003     0.000000000000E+000     0.000000000000E+000     0.000000000000E+000     0.000000000000E+000
     0.476476196562E+003     0.000000000000E+000     0.000000000000E+000     0.000000000000E+000     0.000000000000E+000
     0.477476196562E+003     0.000000000000E+000     0.000000000000E+000     0.000000000000E+000     0.000000000000E+000
     0.478476196562E+003     0.000000000000E+000     0.000000000000E+000     0.000000000000E+000     0.000000000000E+000
     0.479476196562E+003     0.000000000000E+000     0.000000000000E+000     0.000000000000E+000     0.000000000000E+000
     0.480476196562E+003     0.000000000000E+000     0.000000000000E+000     0.000000000000E+000     0.000000000000E+000
     0.481476196562E+003     0.000000000000E+000     0.000000000000E+000     0.000000000000E+000     0.000000000000E+000
     0.482476196562E+003     0.000000000000E+000     0.000000000000E+000     0.000000000000E+000     0.000000000000E+000
     0.483476196562E+003     0.000000000000E+000     0.000000000000E+000     0.000000000000E+000     0.000000000000E+000
     0.484476196562E+003     0.000000000000E+000     0.000000000000E+000     0.000000000000E+000     0.000000000000E+000
     0.485476196562E+003     0.000000000000E+000     0.000000000000E+000     0.000000000000E+000     0.000000000000E+000
     0.486476196562E+003     0.000000000000E+000     0.000000000000E+000     0.000000000000E+000     0.000000000000E+000
     0.487476196562E+003     0.000000000000E+000     0.000000000000E+000     0.000000000000E+000     0.000000000000E+000
     0.488476196562E+003     0.000000000000E+000     0.000000000000E+000     0.000000000000E+000     0.000000000000E+000
     0.489476196562E+003     0.000000000000E+000     0.000000000000E+000     0.000000000000E+000     0.000000000000E+000
     0.490476196562E+003     0.000000000000E+000     0.000000000000E+000     0.000000000000E+000     0.000000000000E+000
     0.491476196562E+003     0.000000000000E+000     0.000000000000E+000     0.000000000000E+000     0.000000000000E+000
     0.492476196562E+003     0.000000000000E+000     0.000000000000E+000     0.000000000000E+000     0.000000000000E+000
     0.493476196562E+003     0.000000000000E+000     0.000000000000E+000     0.000000000000E+000     0.000000000000E+000
     0.494476196562E+003     0.000000000000E+000     0.000000000000E+000     0.000000000000E+000     0.000000000000E+000
     0.495476196562E+003     0.000000000000E+000     0.000000000000E+000     0.000000000000E+000     0.000000000000E+000
     0.496476196562E+003     0.000000000000E+000     0.000000000000E+000     0.000000000000E+000     0.000000000000E+000
     0.497476196562E+003     0.000000000000E+000     0.000000000000E+000     0.000000000000E+000     0.000000000000E+000
     0.498476196562E+003     0.000000000000E+000     0.000000000000E+000     0.000000000000E+000     0.000000000000E+000
     0.499476196562E+003     0.000000000000E+000     0.000000000000E+000     0.000000000000E+000     0.000000000000E+000
     0.500476196562E+003     0.000000000000E+000     0.000000000000E+000     0.000000000000E+000     0.000000000000E+000
     0.501476196562E+003     0.000000000000E+000     0.000000000000E+000     0.000000000000E+000     0.000000000000E+000
     0.502476196562E+003     0.000000000000E+000     0.000000000000E+000     0.000000000000E+000     0.000000000000E+000
     0.503476196562E+003     0.000000000000E+000     0.000000000000E+000     0.000000000000E+000     0.000000000000E+000
     0.504476196562E+003     0.000000000000E+000     0.000000000000E+000     0.000000000000E+000     0.000000000000E+000
     0.505476196562E+003     0.000000000000E+000     0.000000000000E+000     0.000000000000E+000     0.000000000000E+000
     0.506476196562E+003     0.000000000000E+000     0.000000000000E+000     0.000000000000E+000     0.000000000000E+000
     0.507476196562E+003     0.000000000000E+000     0.000000000000E+000     0.000000000000E+000     0.000000000000E+000
     0.508476196562E+003     0.000000000000E+000     0.000000000000E+000     0.000000000000E+000     0.000000000000E+000
     0.509476196562E+003     0.000000000000E+000     0.000000000000E+000     0.000000000000E+000     0.000000000000E+000
     0.510476196562E+003     0.000000000000E+000     0.000000000000E+000     0.000000000000E+000     0.000000000000E+000
     0.511476196562E+003     0.000000000000E+000     0.000000000000E+000     0.000000000000E+000     0.000000000000E+000
     0.512476196562E+003     0.000000000000E+000     0.000000000000E+000     0.000000000000E+000     0.000000000000E+000
     0.513476196562E+003     0.000000000000E+000     0.000000000000E+000     0.000000000000E+000     0.000000000000E+000
     0.514476196562E+003     0.000000000000E+000     0.000000000000E+000     0.000000000000E+000     0.000000000000E+000
     0.515476196562E+003     0.000000000000E+000     0.000000000000E+000     0.000000000000E+000     0.000000000000E+000
     0.516476196562E+003     0.000000000000E+000     0.000000000000E+000     0.000000000000E+000     0.000000000000E+000
     0.517476196562E+003     0.000000000000E+000     0.000000000000E+000     0.000000000000E+000     0.000000000000E+000
     0.518476196562E+003     0.000000000000E+000     0.000000000000E+000     0.000000000000E+000     0.000000000000E+000
     0.519476196562E+003     0.000000000000E+000     0.000000000000E+000     0.000000000000E+000     0.000000000000E+000
     0.520476196562E+003     0.000000000000E+000     0.000000000000E+000     0.000000000000E+000     0.000000000000E+000
     0.521476196562E+003     0.000000000000E+000     0.000000000000E+000     0.000000000000E+000     0.000000000000E+000
     0.522476196562E+003     0.000000000000E+000     0.000000000000E+000     0.000000000000E+000     0.000000000000E+000
     0.523476196562E+003     0.000000000000E+000     0.000000000000E+000     0.000000000000E+000     0.000000000000E+000
     0.524476196562E+003     0.000000000000E+000     0.000000000000E+000     0.000000000000E+000     0.000000000000E+000
     0.525476196562E+003     0.000000000000E+000     0.000000000000E+000     0.000000000000E+000     0.000000000000E+000
     0.526476196562E+003     0.000000000000E+000     0.000000000000E+000     0.000000000000E+000     0.000000000000E+000
     0.527476196562E+003     0.000000000000E+000     0.000000000000E+000     0.000000000000E+000     0.000000000000E+000
     0.528476196562E+003     0.000000000000E+000     0.000000000000E+000     0.000000000000E+000     0.000000000000E+000
     0.529476196562E+003     0.000000000000E+000     0.000000000000E+000     0.000000000000E+000     0.000000000000E+000
     0.530476196562E+003     0.000000000000E+000     0.000000000000E+000     0.000000000000E+000     0.000000000000E+000
     0.531476196562E+003     0.000000000000E+000     0.000000000000E+000     0.000000000000E+000     0.000000000000E+000
     0.532476196562E+003     0.000000000000E+000     0.000000000000E+000     0.000000000000E+000     0.000000000000E+000
     0.533476196562E+003     0.000000000000E+000     0.000000000000E+000     0.000000000000E+000     0.000000000000E+000
     0.534476196562E+003     0.000000000000E+000     0.000000000000E+000     0.000000000000E+000     0.000000000000E+000
     0.535476196562E+003     0.000000000000E+000     0.000000000000E+000     0.000000000000E+000     0.000000000000E+000
     0.536476196562E+003     0.000000000000E+000     0.000000000000E+000     0.000000000000E+000     0.000000000000E+000
     0.537476196562E+003     0.000000000000E+000     0.000000000000E+000     0.000000000000E+000     0.000000000000E+000
     0.538476196562E+003     0.000000000000E+000     0.000000000000E+000     0.000000000000E+000     0.000000000000E+000
     0.539476196562E+003     0.000000000000E+000     0.000000000000E+000     0.000000000000E+000     0.000000000000E+000
     0.540476196562E+003     0.000000000000E+000     0.000000000000E+000     0.000000000000E+000     0.000000000000E+000
     0.541476196562E+003     0.000000000000E+000     0.000000000000E+000     0.000000000000E+000     0.000000000000E+000
     0.542476196562E+003     0.000000000000E+000     0.000000000000E+000     0.000000000000E+000     0.000000000000E+000
     0.543476196562E+003     0.000000000000E+000     0.000000000000E+000     0.000000000000E+000     0.000000000000E+000
     0.544476196562E+003     0.000000000000E+000     0.000000000000E+000     0.000000000000E+000     0.000000000000E+000
     0.545476196562E+003     0.000000000000E+000     0.000000000000E+000     0.000000000000E+000     0.000000000000E+000
     0.546476196562E+003     0.000000000000E+000     0.000000000000E+000     0.000000000000E+000     0.000000000000E+000
     0.547476196562E+003     0.000000000000E+000     0.000000000000E+000     0.000000000000E+000     0.000000000000E+000
     0.548476196562E+003     0.000000000000E+000     0.000000000000E+000     0.000000000000E+000     0.000000000000E+000
     0.549476196562E+003     0.000000000000E+000     0.000000000000E+000     0.000000000000E+000     0.000000000000E+000
     0.550476196562E+003     0.000000000000E+000     0.000000000000E+000     0.000000000000E+000     0.000000000000E+000
     0.551476196562E+003     0.000000000000E+000     0.000000000000E+000     0.000000000000E+000     0.000000000000E+000
     0.552476196562E+003     0.000000000000E+000     0.000000000000E+000     0.000000000000E+000     0.000000000000E+000
     0.553476196562E+003     0.000000000000E+000     0.000000000000E+000     0.000000000000E+000     0.000000000000E+000
     0.554476196562E+003     0.000000000000E+000     0.000000000000E+000     0.000000000000E+000     0.000000000000E+000
     0.555476196562E+003     0.000000000000E+000     0.000000000000E+000     0.000000000000E+000     0.000000000000E+000
     0.556476196562E+003     0.000000000000E+000     0.000000000000E+000     0.000000000000E+000     0.000000000000E+000
     0.557476196562E+003     0.000000000000E+000     0.000000000000E+000     0.000000000000E+000     0.000000000000E+000
     0.558476196562E+003     0.000000000000E+000     0.000000000000E+000     0.000000000000E+000     0.000000000000E+000
     0.559476196562E+003     0.000000000000E+000     0.000000000000E+000     0.000000000000E+000     0.000000000000E+000
     0.560476196562E+003     0.000000000000E+000     0.000000000000E+000     0.000000000000E+000     0.000000000000E+000
     0.561476196562E+003     0.000000000000E+000     0.000000000000E+000     0.000000000000E+000     0.000000000000E+000
     0.562476196562E+003     0.000000000000E+000     0.000000000000E+000     0.000000000000E+000     0.000000000000E+000
     0.563476196562E+003     0.000000000000E+000     0.000000000000E+000     0.000000000000E+000     0.000000000000E+000
     0.564476196562E+003     0.000000000000E+000     0.000000000000E+000     0.000000000000E+000     0.000000000000E+000
     0.565476196562E+003     0.000000000000E+000     0.000000000000E+000     0.000000000000E+000     0.000000000000E+000
     0.566476196562E+003     0.000000000000E+000     0.000000000000E+000     0.000000000000E+000     0.000000000000E+000
     0.567476196562E+003     0.000000000000E+000     0.000000000000E+000     0.000000000000E+000     0.000000000000E+000
     0.568476196562E+003     0.000000000000E+000     0.000000000000E+000     0.000000000000E+000     0.000000000000E+000
     0.569476196562E+003     0.000000000000E+000     0.000000000000E+000     0.000000000000E+000     0.000000000000E+000
     0.570476196562E+003     0.000000000000E+000     0.000000000000E+000     0.000000000000E+000     0.000000000000E+000
     0.571476196562E+003     0.000000000000E+000     0.000000000000E+000     0.000000000000E+000     0.000000000000E+000
     0.572476196562E+003     0.000000000000E+000     0.000000000000E+000     0.000000000000E+000     0.000000000000E+000
     0.573476196562E+003     0.000000000000E+000     0.000000000000E+000     0.000000000000E+000     0.000000000000E+000
     0.574476196562E+003     0.000000000000E+000     0.000000000000E+000     0.000000000000E+000     0.000000000000E+000
     0.575476196562E+003     0.000000000000E+000     0.000000000000E+000     0.000000000000E+000     0.000000000000E+000
     0.576476196562E+003     0.000000000000E+000     0.000000000000E+000     0.000000000000E+000     0.000000000000E+000
     0.577476196562E+003     0.000000000000E+000     0.000000000000E+000     0.000000000000E+000     0.000000000000E+000
     0.578476196562E+003     0.000000000000E+000     0.000000000000E+000     0.000000000000E+000     0.000000000000E+000
     0.579476196562E+003     0.000000000000E+000     0.000000000000E+000     0.000000000000E+000     0.000000000000E+000
     0.580476196562E+003     0.000000000000E+000     0.000000000000E+000     0.000000000000E+000     0.000000000000E+000
     0.581476196562E+003     0.000000000000E+000     0.000000000000E+000     0.000000000000E+000     0.000000000000E+000
     0.582476196562E+003     0.000000000000E+000     0.000000000000E+000     0.000000000000E+000     0.000000000000E+000
     0.583476196562E+003     0.000000000000E+000     0.000000000000E+000     0.000000000000E+000     0.000000000000E+000
     0.584476196562E+003     0.000000000000E+000     0.000000000000E+000     0.000000000000E+000     0.000000000000E+000
     0.585476196562E+003     0.000000000000E+000     0.000000000000E+000     0.000000000000E+000     0.000000000000E+000
     0.586476196562E+003     0.000000000000E+000     0.000000000000E+000     0.000000000000E+000     0.000000000000E+000
     0.587476196562E+003     0.000000000000E+000     0.000000000000E+000     0.000000000000E+000     0.000000000000E+000
     0.588476196562E+003     0.000000000000E+000     0.000000000000E+000     0.000000000000E+000     0.000000000000E+000
     0.589476196562E+003     0.000000000000E+000     0.000000000000E+000     0.000000000000E+000     0.000000000000E+000
     0.590476196562E+003     0.000000000000E+000     0.000000000000E+000     0.000000000000E+000     0.000000000000E+000
     0.591476196562E+003     0.000000000000E+000     0.000000000000E+000     0.000000000000E+000     0.000000000000E+000
     0.592476196562E+003     0.000000000000E+000     0.000000000000E+000     0.000000000000E+000     0.000000000000E+000
     0.593476196562E+003     0.000000000000E+000     0.000000000000E+000     0.000000000000E+000     0.000000000000E+000
     0.594476196562E+003     0.000000000000E+000     0.000000000000E+000     0.000000000000E+000     0.000000000000E+000
     0.595476196562E+003     0.000000000000E+000     0.000000000000E+000     0.000000000000E+000     0.000000000000E+000
     0.596476196562E+003     0.000000000000E+000     0.000000000000E+000     0.000000000000E+000     0.000000000000E+000
     0.597476196562E+003     0.000000000000E+000     0.000000000000E+000     0.000000000000E+000     0.000000000000E+000
     0.598476196562E+003     0.000000000000E+000     0.000000000000E+000     0.000000000000E+000     0.000000000000E+000
     0.599476196562E+003     0.000000000000E+000     0.000000000000E+000     0.000000000000E+000     0.000000000000E+000
     0.600476196562E+003     0.000000000000E+000     0.000000000000E+000     0.000000000000E+000     0.000000000000E+000
     0.601476196562E+003     0.000000000000E+000     0.000000000000E+000     0.000000000000E+000     0.000000000000E+000
     0.602476196562E+003     0.000000000000E+000     0.000000000000E+000     0.000000000000E+000     0.000000000000E+000
     0.603476196562E+003     0.000000000000E+000     0.000000000000E+000     0.000000000000E+000     0.000000000000E+000
     0.604476196562E+003     0.000000000000E+000     0.000000000000E+000     0.000000000000E+000     0.000000000000E+000
     0.605476196562E+003     0.000000000000E+000     0.000000000000E+000     0.000000000000E+000     0.000000000000E+000
     0.606476196562E+003     0.000000000000E+000     0.000000000000E+000     0.000000000000E+000     0.000000000000E+000
     0.607476196562E+003     0.000000000000E+000     0.000000000000E+000     0.000000000000E+000     0.000000000000E+000
     0.608476196562E+003     0.000000000000E+000     0.000000000000E+000     0.000000000000E+000     0.000000000000E+000
     0.609476196562E+003     0.000000000000E+000     0.000000000000E+000     0.000000000000E+000     0.000000000000E+000
     0.610476196562E+003     0.000000000000E+000     0.000000000000E+000     0.000000000000E+000     0.000000000000E+000
     0.611476196562E+003     0.000000000000E+000     0.000000000000E+000     0.000000000000E+000     0.000000000000E+000
     0.612476196562E+003     0.000000000000E+000     0.000000000000E+000     0.000000000000E+000     0.000000000000E+000
     0.613476196562E+003     0.000000000000E+000     0.000000000000E+000     0.000000000000E+000     0.000000000000E+000
     0.614476196562E+003     0.000000000000E+000     0.000000000000E+000     0.000000000000E+000     0.000000000000E+000
     0.615476196562E+003     0.000000000000E+000     0.000000000000E+000     0.000000000000E+000     0.000000000000E+000
     0.616476196562E+003     0.000000000000E+000     0.000000000000E+000     0.000000000000E+000     0.000000000000E+000
     0.617476196562E+003     0.000000000000E+000     0.000000000000E+000     0.000000000000E+000     0.000000000000E+000
     0.618476196562E+003     0.000000000000E+000     0.000000000000E+000     0.000000000000E+000     0.000000000000E+000
     0.619476196562E+003     0.000000000000E+000     0.000000000000E+000     0.000000000000E+000     0.000000000000E+000
     0.620476196562E+003     0.000000000000E+000     0.000000000000E+000     0.000000000000E+000     0.000000000000E+000
     0.621476196562E+003     0.000000000000E+000     0.000000000000E+000     0.000000000000E+000     0.000000000000E+000
     0.622476196562E+003     0.000000000000E+000     0.000000000000E+000     0.000000000000E+000     0.000000000000E+000
     0.623476196562E+003     0.000000000000E+000     0.000000000000E+000     0.000000000000E+000     0.000000000000E+000
     0.624476196562E+003     0.000000000000E+000     0.000000000000E+000     0.000000000000E+000     0.000000000000E+000
     0.625476196562E+003     0.000000000000E+000     0.000000000000E+000     0.000000000000E+000     0.000000000000E+000
     0.626476196562E+003     0.000000000000E+000     0.000000000000E+000     0.000000000000E+000     0.000000000000E+000
     0.627476196562E+003     0.000000000000E+000     0.000000000000E+000     0.000000000000E+000     0.000000000000E+000
     0.628476196562E+003     0.000000000000E+000     0.000000000000E+000     0.000000000000E+000     0.000000000000E+000
     0.629476196562E+003     0.000000000000E+000     0.000000000000E+000     0.000000000000E+000     0.000000000000E+000
     0.630476196562E+003     0.000000000000E+000     0.000000000000E+000     0.000000000000E+000     0.000000000000E+000
     0.631476196562E+003     0.000000000000E+000     0.000000000000E+000     0.000000000000E+000     0.000000000000E+000
     0.632476196562E+003     0.000000000000E+000     0.000000000000E+000     0.000000000000E+000     0.000000000000E+000
     0.633476196562E+003     0.000000000000E+000     0.000000000000E+000     0.000000000000E+000     0.000000000000E+000
     0.634476196562E+003     0.000000000000E+000     0.000000000000E+000     0.000000000000E+000     0.000000000000E+000
     0.635476196562E+003     0.000000000000E+000     0.000000000000E+000     0.000000000000E+000     0.000000000000E+000
     0.636476196562E+003     0.000000000000E+000     0.000000000000E+000     0.000000000000E+000     0.000000000000E+000
     0.637476196562E+003     0.000000000000E+000     0.000000000000E+000     0.000000000000E+000     0.000000000000E+000
     0.638476196562E+003     0.000000000000E+000     0.000000000000E+000     0.000000000000E+000     0.000000000000E+000
     0.639476196562E+003     0.000000000000E+000     0.000000000000E+000     0.000000000000E+000     0.000000000000E+000
     0.640476196562E+003     0.000000000000E+000     0.000000000000E+000     0.000000000000E+000     0.000000000000E+000
     0.641476196562E+003     0.000000000000E+000     0.000000000000E+000     0.000000000000E+000     0.000000000000E+000
     0.642476196562E+003     0.000000000000E+000     0.000000000000E+000     0.000000000000E+000     0.000000000000E+000
     0.643476196562E+003     0.000000000000E+000     0.000000000000E+000     0.000000000000E+000     0.000000000000E+000
     0.644476196562E+003     0.000000000000E+000     0.000000000000E+000     0.000000000000E+000     0.000000000000E+000
     0.645476196562E+003     0.000000000000E+000     0.000000000000E+000     0.000000000000E+000     0.000000000000E+000
     0.646476196562E+003     0.000000000000E+000     0.000000000000E+000     0.000000000000E+000     0.000000000000E+000
     0.647476196562E+003     0.000000000000E+000     0.000000000000E+000     0.000000000000E+000     0.000000000000E+000
     0.648476196562E+003     0.000000000000E+000     0.000000000000E+000     0.000000000000E+000     0.000000000000E+000
     0.649476196562E+003     0.000000000000E+000     0.000000000000E+000     0.000000000000E+000     0.000000000000E+000
     0.650476196562E+003     0.000000000000E+000     0.000000000000E+000     0.000000000000E+000     0.000000000000E+000
     0.651476196562E+003     0.000000000000E+000     0.000000000000E+000     0.000000000000E+000     0.000000000000E+000
     0.652476196562E+003     0.000000000000E+000     0.000000000000E+000     0.000000000000E+000     0.000000000000E+000
     0.653476196562E+003     0.000000000000E+000     0.000000000000E+000     0.000000000000E+000     0.000000000000E+000
     0.654476196562E+003     0.000000000000E+000     0.000000000000E+000     0.000000000000E+000     0.000000000000E+000
     0.655476196562E+003     0.000000000000E+000     0.000000000000E+000     0.000000000000E+000     0.000000000000E+000
     0.656476196562E+003     0.000000000000E+000     0.000000000000E+000     0.000000000000E+000     0.000000000000E+000
     0.657476196562E+003     0.000000000000E+000     0.000000000000E+000     0.000000000000E+000     0.000000000000E+000
     0.658476196562E+003     0.000000000000E+000     0.000000000000E+000     0.000000000000E+000     0.000000000000E+000
     0.659476196562E+003     0.000000000000E+000     0.000000000000E+000     0.000000000000E+000     0.000000000000E+000
     0.660476196562E+003     0.000000000000E+000     0.000000000000E+000     0.000000000000E+000     0.000000000000E+000
     0.661476196562E+003     0.000000000000E+000     0.000000000000E+000     0.000000000000E+000     0.000000000000E+000
     0.662476196562E+003     0.000000000000E+000     0.000000000000E+000     0.000000000000E+000     0.000000000000E+000
     0.663476196562E+003     0.000000000000E+000     0.000000000000E+000     0.000000000000E+000     0.000000000000E+000
     0.664476196562E+003     0.000000000000E+000     0.000000000000E+000     0.000000000000E+000     0.000000000000E+000
     0.665476196562E+003     0.000000000000E+000     0.000000000000E+000     0.000000000000E+000     0.000000000000E+000
     0.666476196562E+003     0.000000000000E+000     0.000000000000E+000     0.000000000000E+000     0.000000000000E+000
     0.667476196562E+003     0.000000000000E+000     0.000000000000E+000     0.000000000000E+000     0.000000000000E+000
     0.668476196562E+003     0.000000000000E+000     0.000000000000E+000     0.000000000000E+000     0.000000000000E+000
     0.669476196562E+003     0.000000000000E+000     0.000000000000E+000     0.000000000000E+000     0.000000000000E+000
     0.670476196562E+003     0.000000000000E+000     0.000000000000E+000     0.000000000000E+000     0.000000000000E+000
     0.671476196562E+003     0.000000000000E+000     0.000000000000E+000     0.000000000000E+000     0.000000000000E+000
     0.672476196562E+003     0.000000000000E+000     0.000000000000E+000     0.000000000000E+000     0.000000000000E+000
     0.673476196562E+003     0.000000000000E+000     0.000000000000E+000     0.000000000000E+000     0.000000000000E+000
     0.674476196562E+003     0.000000000000E+000     0.000000000000E+000     0.000000000000E+000     0.000000000000E+000
     0.675476196562E+003     0.000000000000E+000     0.000000000000E+000     0.000000000000E+000     0.000000000000E+000
     0.676476196562E+003     0.000000000000E+000     0.000000000000E+000     0.000000000000E+000     0.000000000000E+000
     0.677476196562E+003     0.000000000000E+000     0.000000000000E+000     0.000000000000E+000     0.000000000000E+000
     0.678476196562E+003     0.000000000000E+000     0.000000000000E+000     0.000000000000E+000     0.000000000000E+000
     0.679476196562E+003     0.000000000000E+000     0.000000000000E+000     0.000000000000E+000     0.000000000000E+000
     0.680476196562E+003     0.000000000000E+000     0.000000000000E+000     0.000000000000E+000     0.000000000000E+000
     0.681476196562E+003     0.000000000000E+000     0.000000000000E+000     0.000000000000E+000     0.000000000000E+000
     0.682476196562E+003     0.000000000000E+000     0.000000000000E+000     0.000000000000E+000     0.000000000000E+000
     0.683476196562E+003     0.000000000000E+000     0.000000000000E+000     0.000000000000E+000     0.000000000000E+000
     0.684476196562E+003     0.000000000000E+000     0.000000000000E+000     0.000000000000E+000     0.000000000000E+000
     0.685476196562E+003     0.000000000000E+000     0.000000000000E+000     0.000000000000E+000     0.000000000000E+000
     0.686476196562E+003     0.000000000000E+000     0.000000000000E+000     0.000000000000E+000     0.000000000000E+000
     0.687476196562E+003     0.000000000000E+000     0.000000000000E+000     0.000000000000E+000     0.000000000000E+000
     0.688476196562E+003     0.000000000000E+000     0.000000000000E+000     0.000000000000E+000     0.000000000000E+000
     0.689476196562E+003     0.000000000000E+000     0.000000000000E+000     0.000000000000E+000     0.000000000000E+000
     0.690476196562E+003     0.000000000000E+000     0.000000000000E+000     0.000000000000E+000     0.000000000000E+000
     0.691476196562E+003     0.000000000000E+000     0.000000000000E+000     0.000000000000E+000     0.000000000000E+000
     0.692476196562E+003     0.000000000000E+000     0.000000000000E+000     0.000000000000E+000     0.000000000000E+000
     0.693476196562E+003     0.000000000000E+000     0.000000000000E+000     0.000000000000E+000     0.000000000000E+000
     0.694476196562E+003     0.000000000000E+000     0.000000000000E+000     0.000000000000E+000     0.000000000000E+000
     0.695476196562E+003     0.000000000000E+000     0.000000000000E+000     0.000000000000E+000     0.000000000000E+000
     0.696476196562E+003     0.000000000000E+000     0.000000000000E+000     0.000000000000E+000     0.000000000000E+000
     0.697476196562E+003     0.000000000000E+000     0.000000000000E+000     0.000000000000E+000     0.000000000000E+000
     0.698476196562E+003     0.000000000000E+000     0.000000000000E+000     0.000000000000E+000     0.000000000000E+000
     0.699476196562E+003     0.000000000000E+000     0.000000000000E+000     0.000000000000E+000     0.000000000000E+000
     0.700476196562E+003     0.000000000000E+000     0.000000000000E+000     0.000000000000E+000     0.000000000000E+000
     0.701476196562E+003     0.000000000000E+000     0.000000000000E+000     0.000000000000E+000     0.000000000000E+000
     0.702476196562E+003     0.000000000000E+000     0.000000000000E+000     0.000000000000E+000     0.000000000000E+000
     0.703476196562E+003     0.000000000000E+000     0.000000000000E+000     0.000000000000E+000     0.000000000000E+000
     0.704476196562E+003     0.000000000000E+000     0.000000000000E+000     0.000000000000E+000     0.000000000000E+000
     0.705476196562E+003     0.000000000000E+000     0.000000000000E+000     0.000000000000E+000     0.000000000000E+000
     0.706476196562E+003     0.000000000000E+000     0.000000000000E+000     0.000000000000E+000     0.000000000000E+000
     0.707476196562E+003     0.000000000000E+000     0.000000000000E+000     0.000000000000E+000     0.000000000000E+000
     0.708476196562E+003     0.000000000000E+000     0.000000000000E+000     0.000000000000E+000     0.000000000000E+000
     0.709476196562E+003     0.000000000000E+000     0.000000000000E+000     0.000000000000E+000     0.000000000000E+000
     0.710476196562E+003     0.000000000000E+000     0.000000000000E+000     0.000000000000E+000     0.000000000000E+000
     0.711476196562E+003     0.000000000000E+000     0.000000000000E+000     0.000000000000E+000     0.000000000000E+000
     0.712476196562E+003     0.000000000000E+000     0.000000000000E+000     0.000000000000E+000     0.000000000000E+000
     0.713476196562E+003     0.000000000000E+000     0.000000000000E+000     0.000000000000E+000     0.000000000000E+000
     0.714476196562E+003     0.000000000000E+000     0.000000000000E+000     0.000000000000E+000     0.000000000000E+000
     0.715476196562E+003     0.000000000000E+000     0.000000000000E+000     0.000000000000E+000     0.000000000000E+000
     0.716476196562E+003     0.000000000000E+000     0.000000000000E+000     0.000000000000E+000     0.000000000000E+000
     0.717476196562E+003     0.000000000000E+000     0.000000000000E+000     0.000000000000E+000     0.000000000000E+000
     0.718476196562E+003     0.000000000000E+000     0.000000000000E+000     0.000000000000E+000     0.000000000000E+000
     0.719476196562E+003     0.000000000000E+000     0.000000000000E+000     0.000000000000E+000     0.000000000000E+000
     0.720476196562E+003     0.000000000000E+000     0.000000000000E+000     0.000000000000E+000     0.000000000000E+000
     0.721476196562E+003     0.000000000000E+000     0.000000000000E+000     0.000000000000E+000     0.000000000000E+000
     0.722476196562E+003     0.000000000000E+000     0.000000000000E+000     0.000000000000E+000     0.000000000000E+000
     0.723476196562E+003     0.000000000000E+000     0.000000000000E+000     0.000000000000E+000     0.000000000000E+000
     0.724476196562E+003     0.000000000000E+000     0.000000000000E+000     0.000000000000E+000     0.000000000000E+000
     0.725476196562E+003     0.000000000000E+000     0.000000000000E+000     0.000000000000E+000     0.000000000000E+000
     0.726476196562E+003     0.000000000000E+000     0.000000000000E+000     0.000000000000E+000     0.000000000000E+000
     0.727476196562E+003     0.000000000000E+000     0.000000000000E+000     0.000000000000E+000     0.000000000000E+000
     0.728476196562E+003     0.000000000000E+000     0.000000000000E+000     0.000000000000E+000     0.000000000000E+000
     0.729476196562E+003     0.000000000000E+000     0.000000000000E+000     0.000000000000E+000     0.000000000000E+000
     0.730476196562E+003     0.000000000000E+000     0.000000000000E+000     0.000000000000E+000     0.000000000000E+000
     0.731476196562E+003     0.000000000000E+000     0.000000000000E+000     0.000000000000E+000     0.000000000000E+000
     0.732476196562E+003     0.000000000000E+000     0.000000000000E+000     0.000000000000E+000     0.000000000000E+000
     0.733476196562E+003     0.000000000000E+000     0.000000000000E+000     0.000000000000E+000     0.000000000000E+000
     0.734476196562E+003     0.000000000000E+000     0.000000000000E+000     0.000000000000E+000     0.000000000000E+000
     0.735476196562E+003     0.000000000000E+000     0.000000000000E+000     0.000000000000E+000     0.000000000000E+000
     0.736476196562E+003     0.000000000000E+000     0.000000000000E+000     0.000000000000E+000     0.000000000000E+000
     0.737476196562E+003     0.000000000000E+000     0.000000000000E+000     0.000000000000E+000     0.000000000000E+000
     0.738476196562E+003     0.000000000000E+000     0.000000000000E+000     0.000000000000E+000     0.000000000000E+000
     0.739476196562E+003     0.000000000000E+000     0.000000000000E+000     0.000000000000E+000     0.000000000000E+000
     0.740476196562E+003     0.000000000000E+000     0.000000000000E+000     0.000000000000E+000     0.000000000000E+000
     0.741476196562E+003     0.000000000000E+000     0.000000000000E+000     0.000000000000E+000     0.000000000000E+000
     0.742476196562E+003     0.000000000000E+000     0.000000000000E+000     0.000000000000E+000     0.000000000000E+000
     0.743476196562E+003     0.000000000000E+000     0.000000000000E+000     0.000000000000E+000     0.000000000000E+000
     0.744476196562E+003     0.000000000000E+000     0.000000000000E+000     0.000000000000E+000     0.000000000000E+000
     0.745476196562E+003     0.000000000000E+000     0.000000000000E+000     0.000000000000E+000     0.000000000000E+000
     0.746476196562E+003     0.000000000000E+000     0.000000000000E+000     0.000000000000E+000     0.000000000000E+000
     0.747476196562E+003     0.000000000000E+000     0.000000000000E+000     0.000000000000E+000     0.000000000000E+000
     0.748476196562E+003     0.000000000000E+000     0.000000000000E+000     0.000000000000E+000     0.000000000000E+000
     0.749476196562E+003     0.000000000000E+000     0.000000000000E+000     0.000000000000E+000     0.000000000000E+000
     0.750476196562E+003     0.000000000000E+000     0.000000000000E+000     0.000000000000E+000     0.000000000000E+000
     0.751476196562E+003     0.000000000000E+000     0.000000000000E+000     0.000000000000E+000     0.000000000000E+000
     0.752476196562E+003     0.000000000000E+000     0.000000000000E+000     0.000000000000E+000     0.000000000000E+000
     0.753476196562E+003     0.000000000000E+000     0.000000000000E+000     0.000000000000E+000     0.000000000000E+000
