 #              _____________________  _______________________             #
 #              ___  __ \__  __ \_  / / /_  /___  ____/_  ___/             #
 #              __  / / /_  /_/ /  / / /_  __/_  __/  _____ \              #
 #              _  /_/ /_  _, _// /_/ / / /_ _  /___  ____/ /              #
 #              /_____/ /_/ |_| \____/  \__/ /_____/  /____/               #
 #                                                                         #
  
 #        time                      c  [M/L^3]                   concetration [M/L^3]       concentration flux [M.L^{-2}.T^{-1}]   in    x              directions   cumulative flux
 #-----------------------------------------------------------------------------------------------

     0.000000000000E+000     0.000000000000E+000     0.000000000000E+000     0.000000000000E+000     0.000000000000E+000
     0.100000000000E+000     0.581147164929E-003     0.331253884009E-003     0.168532677829E-005     0.168532677829E-006
     0.206000000000E+000     0.599132700801E-003     0.341505639457E-003     0.173748483232E-005     0.352706070056E-006
     0.318360000000E+000     0.599658685486E-003     0.341805450727E-003     0.173901018791E-005     0.548101254769E-006
     0.437461600000E+000     0.599673219839E-003     0.341813735308E-003     0.173905233753E-005     0.755225170653E-006
     0.563709296000E+000     0.599673599289E-003     0.341813951595E-003     0.173905343794E-005     0.974776660414E-006
     0.697531853760E+000     0.599673608647E-003     0.341813956929E-003     0.173905346508E-005     0.120750124319E-005
     0.839383764986E+000     0.599673608865E-003     0.341813957053E-003     0.173905346571E-005     0.145418930103E-005
     0.989746790885E+000     0.599673608870E-003     0.341813957056E-003     0.173905346572E-005     0.171567864233E-005
     0.114913159834E+001     0.599673608870E-003     0.341813957056E-003     0.173905346572E-005     0.199285734412E-005
     0.131807949424E+001     0.599673608870E-003     0.341813957056E-003     0.173905346572E-005     0.228666676801E-005
     0.149716426389E+001     0.599673608870E-003     0.341813957056E-003     0.173905346572E-005     0.259810475734E-005
     0.168699411973E+001     0.599673608870E-003     0.341813957056E-003     0.173905346572E-005     0.292822902602E-005
     0.188821376691E+001     0.599673608870E-003     0.341813957056E-003     0.173905346572E-005     0.327816075083E-005
     0.210150659292E+001     0.599673608870E-003     0.341813957056E-003     0.173905346572E-005     0.364908837912E-005
     0.232759698850E+001     0.599673608870E-003     0.341813957056E-003     0.173905346572E-005     0.404227166511E-005
     0.256725280781E+001     0.599673608870E-003     0.341813957056E-003     0.173905346572E-005     0.445904594827E-005
     0.282128797628E+001     0.599673608870E-003     0.341813957056E-003     0.173905346572E-005     0.490082668841E-005
     0.309056525485E+001     0.599673608870E-003     0.341813957056E-003     0.173905346572E-005     0.536911427296E-005
     0.337599917015E+001     0.599673608870E-003     0.341813957056E-003     0.173905346572E-005     0.586549911258E-005
     0.367855912035E+001     0.599673608870E-003     0.341813957056E-003     0.173905346572E-005     0.639166704258E-005
     0.399927266758E+001     0.599673608870E-003     0.341813957056E-003     0.173905346572E-005     0.694940504838E-005
     0.433922902763E+001     0.599673608870E-003     0.341813957056E-003     0.173905346572E-005     0.754060733452E-005
     0.469958276929E+001     0.599673608870E-003     0.341813957056E-003     0.173905346572E-005     0.816728175784E-005
     0.508155773545E+001     0.599673608870E-003     0.341813957056E-003     0.173905346572E-005     0.883155664656E-005
     0.548645119957E+001     0.599673608870E-003     0.341813957056E-003     0.173905346572E-005     0.953568802860E-005
     0.591563827155E+001     0.599673608870E-003     0.341813957056E-003     0.173905346572E-005     0.102820672936E-004
     0.637057656784E+001     0.599673608870E-003     0.341813957056E-003     0.173905346572E-005     0.110732293144E-004
     0.685281116191E+001     0.599673608870E-003     0.341813957056E-003     0.173905346572E-005     0.119118610565E-004
     0.736397983162E+001     0.599673608870E-003     0.341813957056E-003     0.173905346572E-005     0.128008107032E-004
     0.790581862152E+001     0.599673608870E-003     0.341813957056E-003     0.173905346572E-005     0.137430973286E-004
     0.848016773881E+001     0.599673608870E-003     0.341813957056E-003     0.173905346572E-005     0.147419211516E-004
     0.908897780314E+001     0.599673608870E-003     0.341813957056E-003     0.173905346572E-005     0.158006744039E-004
     0.973431647133E+001     0.599673608870E-003     0.341813957056E-003     0.173905346572E-005     0.169229528514E-004
     0.104183754596E+002     0.599673608870E-003     0.341813957056E-003     0.173905346572E-005     0.181125680057E-004
     0.111434779872E+002     0.599673608870E-003     0.341813957056E-003     0.173905346572E-005     0.193735600693E-004
     0.119120866664E+002     0.599673608870E-003     0.341813957056E-003     0.173905346572E-005     0.207102116567E-004
     0.127268118664E+002     0.599673608870E-003     0.341813957056E-003     0.173905346572E-005     0.221270623393E-004
     0.135904205784E+002     0.599673608870E-003     0.341813957056E-003     0.173905346572E-005     0.236289240629E-004
     0.145058458131E+002     0.599673608870E-003     0.341813957056E-003     0.173905346572E-005     0.252208974900E-004
     0.154761965619E+002     0.599673608870E-003     0.341813957056E-003     0.173905346572E-005     0.269083893226E-004
     0.164761965619E+002     0.599673608870E-003     0.341813957056E-003     0.173905346572E-005     0.286474427883E-004
     0.174761965619E+002     0.599673608870E-003     0.341813957056E-003     0.173905346572E-005     0.303864962541E-004
     0.184761965619E+002     0.599673608870E-003     0.341813957056E-003     0.173905346572E-005     0.321255497198E-004
     0.194761965619E+002     0.599673608870E-003     0.341813957056E-003     0.173905346572E-005     0.338646031855E-004
     0.204761965619E+002     0.599673608870E-003     0.341813957056E-003     0.173905346572E-005     0.356036566512E-004
     0.214761965619E+002     0.599673608870E-003     0.341813957056E-003     0.173905346572E-005     0.373427101169E-004
     0.224761965619E+002     0.599673608870E-003     0.341813957056E-003     0.173905346572E-005     0.390817635827E-004
     0.234761965619E+002     0.599673608870E-003     0.341813957056E-003     0.173905346572E-005     0.408208170484E-004
     0.244761965619E+002     0.599673608870E-003     0.341813957056E-003     0.173905346572E-005     0.425598705141E-004
     0.254761965619E+002     0.599673608870E-003     0.341813957056E-003     0.173905346572E-005     0.442989239798E-004
     0.264761965619E+002     0.599673608870E-003     0.341813957056E-003     0.173905346572E-005     0.460379774456E-004
     0.274761965619E+002     0.599673608870E-003     0.341813957056E-003     0.173905346572E-005     0.477770309113E-004
     0.284761965619E+002     0.599673608870E-003     0.341813957056E-003     0.173905346572E-005     0.495160843770E-004
     0.294761965619E+002     0.599673608870E-003     0.341813957056E-003     0.173905346572E-005     0.512551378427E-004
     0.304761965619E+002     0.599673608870E-003     0.341813957056E-003     0.173905346572E-005     0.529941913085E-004
     0.314761965619E+002     0.599673608870E-003     0.341813957056E-003     0.173905346572E-005     0.547332447742E-004
     0.324761965619E+002     0.599673608870E-003     0.341813957056E-003     0.173905346572E-005     0.564722982399E-004
     0.334761965619E+002     0.599673608870E-003     0.341813957056E-003     0.173905346572E-005     0.582113517056E-004
     0.344761965619E+002     0.599673608870E-003     0.341813957056E-003     0.173905346572E-005     0.599504051714E-004
     0.354761965619E+002     0.599673608870E-003     0.341813957056E-003     0.173905346572E-005     0.616894586371E-004
     0.364761965619E+002     0.599673608870E-003     0.341813957056E-003     0.173905346572E-005     0.634285121028E-004
     0.374761965619E+002     0.599673608870E-003     0.341813957056E-003     0.173905346572E-005     0.651675655685E-004
     0.384761965619E+002     0.599673608870E-003     0.341813957056E-003     0.173905346572E-005     0.669066190342E-004
     0.394761965619E+002     0.599673608870E-003     0.341813957056E-003     0.173905346572E-005     0.686456725000E-004
     0.404761965619E+002     0.599673608870E-003     0.341813957056E-003     0.173905346572E-005     0.703847259657E-004
     0.414761965619E+002     0.599673608870E-003     0.341813957056E-003     0.173905346572E-005     0.721237794314E-004
     0.424761965619E+002     0.599673608870E-003     0.341813957056E-003     0.173905346572E-005     0.738628328971E-004
     0.434761965619E+002     0.599673608870E-003     0.341813957056E-003     0.173905346572E-005     0.756018863629E-004
     0.444761965619E+002     0.599673608870E-003     0.341813957056E-003     0.173905346572E-005     0.773409398286E-004
     0.454761965619E+002     0.599673608870E-003     0.341813957056E-003     0.173905346572E-005     0.790799932943E-004
     0.464761965619E+002     0.599673608870E-003     0.341813957056E-003     0.173905346572E-005     0.808190467600E-004
     0.474761965619E+002     0.599673608870E-003     0.341813957056E-003     0.173905346572E-005     0.825581002258E-004
     0.484761965619E+002     0.599673608870E-003     0.341813957056E-003     0.173905346572E-005     0.842971536915E-004
     0.494761965619E+002     0.599673608870E-003     0.341813957056E-003     0.173905346572E-005     0.860362071572E-004
     0.504761965619E+002     0.599673608870E-003     0.341813957056E-003     0.173905346572E-005     0.877752606229E-004
     0.514761965619E+002     0.599673608870E-003     0.341813957056E-003     0.173905346572E-005     0.895143140887E-004
     0.524761965619E+002     0.599673608870E-003     0.341813957056E-003     0.173905346572E-005     0.912533675544E-004
     0.534761965619E+002     0.599673608870E-003     0.341813957056E-003     0.173905346572E-005     0.929924210201E-004
     0.544761965619E+002     0.599673608870E-003     0.341813957056E-003     0.173905346572E-005     0.947314744858E-004
     0.554761965619E+002     0.599673608870E-003     0.341813957056E-003     0.173905346572E-005     0.964705279515E-004
     0.564761965619E+002     0.599673608870E-003     0.341813957056E-003     0.173905346572E-005     0.982095814173E-004
     0.574761965619E+002     0.599673608870E-003     0.341813957056E-003     0.173905346572E-005     0.999486348830E-004
     0.584761965619E+002     0.599673608870E-003     0.341813957056E-003     0.173905346572E-005     0.101687688349E-003
     0.594761965619E+002     0.599673608870E-003     0.341813957056E-003     0.173905346572E-005     0.103426741814E-003
     0.604761965619E+002     0.599673608870E-003     0.341813957056E-003     0.173905346572E-005     0.105165795280E-003
     0.614761965619E+002     0.599673608870E-003     0.341813957056E-003     0.173905346572E-005     0.106904848746E-003
     0.624761965619E+002     0.599673608870E-003     0.341813957056E-003     0.173905346572E-005     0.108643902212E-003
     0.634761965619E+002     0.599673608870E-003     0.341813957056E-003     0.173905346572E-005     0.110382955677E-003
     0.644761965619E+002     0.599673608870E-003     0.341813957056E-003     0.173905346572E-005     0.112122009143E-003
     0.654761965619E+002     0.599673608870E-003     0.341813957056E-003     0.173905346572E-005     0.113861062609E-003
     0.664761965619E+002     0.599673608870E-003     0.341813957056E-003     0.173905346572E-005     0.115600116075E-003
     0.674761965619E+002     0.599673608870E-003     0.341813957056E-003     0.173905346572E-005     0.117339169540E-003
     0.684761965619E+002     0.599673608870E-003     0.341813957056E-003     0.173905346572E-005     0.119078223006E-003
     0.694761965619E+002     0.599673608870E-003     0.341813957056E-003     0.173905346572E-005     0.120817276472E-003
     0.704761965619E+002     0.599673608870E-003     0.341813957056E-003     0.173905346572E-005     0.122556329937E-003
     0.714761965619E+002     0.599673608870E-003     0.341813957056E-003     0.173905346572E-005     0.124295383403E-003
     0.724761965619E+002     0.599673608870E-003     0.341813957056E-003     0.173905346572E-005     0.126034436869E-003
     0.734761965619E+002     0.599673608870E-003     0.341813957056E-003     0.173905346572E-005     0.127773490335E-003
     0.744761965619E+002     0.599673608870E-003     0.341813957056E-003     0.173905346572E-005     0.129512543800E-003
     0.754761965619E+002     0.599673608870E-003     0.341813957056E-003     0.173905346572E-005     0.131251597266E-003
     0.764761965619E+002     0.599673608870E-003     0.341813957056E-003     0.173905346572E-005     0.132990650732E-003
     0.774761965619E+002     0.599673608870E-003     0.341813957056E-003     0.173905346572E-005     0.134729704197E-003
     0.784761965619E+002     0.599673608870E-003     0.341813957056E-003     0.173905346572E-005     0.136468757663E-003
     0.794761965619E+002     0.599673608870E-003     0.341813957056E-003     0.173905346572E-005     0.138207811129E-003
     0.804761965619E+002     0.599673608870E-003     0.341813957056E-003     0.173905346572E-005     0.139946864595E-003
     0.814761965619E+002     0.599673608870E-003     0.341813957056E-003     0.173905346572E-005     0.141685918060E-003
     0.824761965619E+002     0.599673608870E-003     0.341813957056E-003     0.173905346572E-005     0.143424971526E-003
     0.834761965619E+002     0.599673608870E-003     0.341813957056E-003     0.173905346572E-005     0.145164024992E-003
     0.844761965619E+002     0.599673608870E-003     0.341813957056E-003     0.173905346572E-005     0.146903078458E-003
     0.854761965619E+002     0.599673608870E-003     0.341813957056E-003     0.173905346572E-005     0.148642131923E-003
     0.864761965619E+002     0.599673608870E-003     0.341813957056E-003     0.173905346572E-005     0.150381185389E-003
     0.874761965619E+002     0.599673608870E-003     0.341813957056E-003     0.173905346572E-005     0.152120238855E-003
     0.884761965619E+002     0.599673608870E-003     0.341813957056E-003     0.173905346572E-005     0.153859292320E-003
     0.894761965619E+002     0.599673608870E-003     0.341813957056E-003     0.173905346572E-005     0.155598345786E-003
     0.904761965619E+002     0.599673608870E-003     0.341813957056E-003     0.173905346572E-005     0.157337399252E-003
     0.914761965619E+002     0.599673608870E-003     0.341813957056E-003     0.173905346572E-005     0.159076452718E-003
     0.924761965619E+002     0.599673608870E-003     0.341813957056E-003     0.173905346572E-005     0.160815506183E-003
     0.934761965619E+002     0.599673608870E-003     0.341813957056E-003     0.173905346572E-005     0.162554559649E-003
     0.944761965619E+002     0.599673608870E-003     0.341813957056E-003     0.173905346572E-005     0.164293613115E-003
     0.954761965619E+002     0.599673608870E-003     0.341813957056E-003     0.173905346572E-005     0.166032666580E-003
     0.964761965619E+002     0.599673608870E-003     0.341813957056E-003     0.173905346572E-005     0.167771720046E-003
     0.974761965619E+002     0.599673608870E-003     0.341813957056E-003     0.173905346572E-005     0.169510773512E-003
     0.984761965619E+002     0.599673608870E-003     0.341813957056E-003     0.173905346572E-005     0.171249826978E-003
     0.994761965619E+002     0.599673608870E-003     0.341813957056E-003     0.173905346572E-005     0.172988880443E-003
     0.100476196562E+003     0.599673608870E-003     0.341813957056E-003     0.173905346572E-005     0.174727933909E-003
     0.101476196562E+003     0.599673608870E-003     0.341813957056E-003     0.173905346572E-005     0.176466987375E-003
     0.102476196562E+003     0.599673608870E-003     0.341813957056E-003     0.173905346572E-005     0.178206040841E-003
     0.103476196562E+003     0.599673608870E-003     0.341813957056E-003     0.173905346572E-005     0.179945094306E-003
     0.104476196562E+003     0.599673608870E-003     0.341813957056E-003     0.173905346572E-005     0.181684147772E-003
     0.105476196562E+003     0.599673608870E-003     0.341813957056E-003     0.173905346572E-005     0.183423201238E-003
     0.106476196562E+003     0.599673608870E-003     0.341813957056E-003     0.173905346572E-005     0.185162254703E-003
     0.107476196562E+003     0.599673608870E-003     0.341813957056E-003     0.173905346572E-005     0.186901308169E-003
     0.108476196562E+003     0.599673608870E-003     0.341813957056E-003     0.173905346572E-005     0.188640361635E-003
     0.109476196562E+003     0.599673608870E-003     0.341813957056E-003     0.173905346572E-005     0.190379415101E-003
     0.110476196562E+003     0.599673608870E-003     0.341813957056E-003     0.173905346572E-005     0.192118468566E-003
     0.111476196562E+003     0.599673608870E-003     0.341813957056E-003     0.173905346572E-005     0.193857522032E-003
     0.112476196562E+003     0.599673608870E-003     0.341813957056E-003     0.173905346572E-005     0.195596575498E-003
     0.113476196562E+003     0.599673608870E-003     0.341813957056E-003     0.173905346572E-005     0.197335628964E-003
     0.114476196562E+003     0.599673608870E-003     0.341813957056E-003     0.173905346572E-005     0.199074682429E-003
     0.115476196562E+003     0.599673608870E-003     0.341813957056E-003     0.173905346572E-005     0.200813735895E-003
     0.116476196562E+003     0.599673608870E-003     0.341813957056E-003     0.173905346572E-005     0.202552789361E-003
     0.117476196562E+003     0.599673608870E-003     0.341813957056E-003     0.173905346572E-005     0.204291842826E-003
     0.118476196562E+003     0.599673608870E-003     0.341813957056E-003     0.173905346572E-005     0.206030896292E-003
     0.119476196562E+003     0.599673608870E-003     0.341813957056E-003     0.173905346572E-005     0.207769949758E-003
     0.120476196562E+003     0.599673608870E-003     0.341813957056E-003     0.173905346572E-005     0.209509003224E-003
     0.121476196562E+003     0.599673608870E-003     0.341813957056E-003     0.173905346572E-005     0.211248056689E-003
     0.122476196562E+003     0.599673608870E-003     0.341813957056E-003     0.173905346572E-005     0.212987110155E-003
     0.123476196562E+003     0.599673608870E-003     0.341813957056E-003     0.173905346572E-005     0.214726163621E-003
     0.124476196562E+003     0.599673608870E-003     0.341813957056E-003     0.173905346572E-005     0.216465217086E-003
     0.125476196562E+003     0.599673608870E-003     0.341813957056E-003     0.173905346572E-005     0.218204270552E-003
     0.126476196562E+003     0.599673608870E-003     0.341813957056E-003     0.173905346572E-005     0.219943324018E-003
     0.127476196562E+003     0.599673608870E-003     0.341813957056E-003     0.173905346572E-005     0.221682377484E-003
     0.128476196562E+003     0.599673608870E-003     0.341813957056E-003     0.173905346572E-005     0.223421430949E-003
     0.129476196562E+003     0.599673608870E-003     0.341813957056E-003     0.173905346572E-005     0.225160484415E-003
     0.130476196562E+003     0.599673608870E-003     0.341813957056E-003     0.173905346572E-005     0.226899537881E-003
     0.131476196562E+003     0.599673608870E-003     0.341813957056E-003     0.173905346572E-005     0.228638591347E-003
     0.132476196562E+003     0.599673608870E-003     0.341813957056E-003     0.173905346572E-005     0.230377644812E-003
     0.133476196562E+003     0.599673608870E-003     0.341813957056E-003     0.173905346572E-005     0.232116698278E-003
     0.134476196562E+003     0.599673608870E-003     0.341813957056E-003     0.173905346572E-005     0.233855751744E-003
     0.135476196562E+003     0.599673608870E-003     0.341813957056E-003     0.173905346572E-005     0.235594805209E-003
     0.136476196562E+003     0.599673608870E-003     0.341813957056E-003     0.173905346572E-005     0.237333858675E-003
     0.137476196562E+003     0.599673608870E-003     0.341813957056E-003     0.173905346572E-005     0.239072912141E-003
     0.138476196562E+003     0.599673608870E-003     0.341813957056E-003     0.173905346572E-005     0.240811965607E-003
     0.139476196562E+003     0.599673608870E-003     0.341813957056E-003     0.173905346572E-005     0.242551019072E-003
     0.140476196562E+003     0.599673608870E-003     0.341813957056E-003     0.173905346572E-005     0.244290072538E-003
     0.141476196562E+003     0.599673608870E-003     0.341813957056E-003     0.173905346572E-005     0.246029126004E-003
     0.142476196562E+003     0.599673608870E-003     0.341813957056E-003     0.173905346572E-005     0.247768179469E-003
     0.143476196562E+003     0.599673608870E-003     0.341813957056E-003     0.173905346572E-005     0.249507232935E-003
     0.144476196562E+003     0.599673608870E-003     0.341813957056E-003     0.173905346572E-005     0.251246286401E-003
     0.145476196562E+003     0.599673608870E-003     0.341813957056E-003     0.173905346572E-005     0.252985339867E-003
     0.146476196562E+003     0.599673608870E-003     0.341813957056E-003     0.173905346572E-005     0.254724393332E-003
     0.147476196562E+003     0.599673608870E-003     0.341813957056E-003     0.173905346572E-005     0.256463446798E-003
     0.148476196562E+003     0.599673608870E-003     0.341813957056E-003     0.173905346572E-005     0.258202500264E-003
     0.149476196562E+003     0.599673608870E-003     0.341813957056E-003     0.173905346572E-005     0.259941553730E-003
     0.150476196562E+003     0.599673608870E-003     0.341813957056E-003     0.173905346572E-005     0.261680607195E-003
     0.151476196562E+003     0.599673608870E-003     0.341813957056E-003     0.173905346572E-005     0.263419660661E-003
     0.152476196562E+003     0.599673608870E-003     0.341813957056E-003     0.173905346572E-005     0.265158714127E-003
     0.153476196562E+003     0.599673608870E-003     0.341813957056E-003     0.173905346572E-005     0.266897767592E-003
     0.154476196562E+003     0.599673608870E-003     0.341813957056E-003     0.173905346572E-005     0.268636821058E-003
     0.155476196562E+003     0.599673608870E-003     0.341813957056E-003     0.173905346572E-005     0.270375874524E-003
     0.156476196562E+003     0.599673608870E-003     0.341813957056E-003     0.173905346572E-005     0.272114927990E-003
     0.157476196562E+003     0.599673608870E-003     0.341813957056E-003     0.173905346572E-005     0.273853981455E-003
     0.158476196562E+003     0.599673608870E-003     0.341813957056E-003     0.173905346572E-005     0.275593034921E-003
     0.159476196562E+003     0.599673608870E-003     0.341813957056E-003     0.173905346572E-005     0.277332088387E-003
     0.160476196562E+003     0.599673608870E-003     0.341813957056E-003     0.173905346572E-005     0.279071141853E-003
     0.161476196562E+003     0.599673608870E-003     0.341813957056E-003     0.173905346572E-005     0.280810195318E-003
     0.162476196562E+003     0.599673608870E-003     0.341813957056E-003     0.173905346572E-005     0.282549248784E-003
     0.163476196562E+003     0.599673608870E-003     0.341813957056E-003     0.173905346572E-005     0.284288302250E-003
     0.164476196562E+003     0.599673608870E-003     0.341813957056E-003     0.173905346572E-005     0.286027355715E-003
     0.165476196562E+003     0.599673608870E-003     0.341813957056E-003     0.173905346572E-005     0.287766409181E-003
     0.166476196562E+003     0.599673608870E-003     0.341813957056E-003     0.173905346572E-005     0.289505462647E-003
     0.167476196562E+003     0.599673608870E-003     0.341813957056E-003     0.173905346572E-005     0.291244516113E-003
     0.168476196562E+003     0.599673608870E-003     0.341813957056E-003     0.173905346572E-005     0.292983569578E-003
     0.169476196562E+003     0.599673608870E-003     0.341813957056E-003     0.173905346572E-005     0.294722623044E-003
     0.170476196562E+003     0.599673608870E-003     0.341813957056E-003     0.173905346572E-005     0.296461676510E-003
     0.171476196562E+003     0.599673608870E-003     0.341813957056E-003     0.173905346572E-005     0.298200729975E-003
     0.172476196562E+003     0.599673608870E-003     0.341813957056E-003     0.173905346572E-005     0.299939783441E-003
     0.173476196562E+003     0.599673608870E-003     0.341813957056E-003     0.173905346572E-005     0.301678836907E-003
     0.174476196562E+003     0.599673608870E-003     0.341813957056E-003     0.173905346572E-005     0.303417890373E-003
     0.175476196562E+003     0.599673608870E-003     0.341813957056E-003     0.173905346572E-005     0.305156943838E-003
     0.176476196562E+003     0.599673608870E-003     0.341813957056E-003     0.173905346572E-005     0.306895997304E-003
     0.177476196562E+003     0.599673608870E-003     0.341813957056E-003     0.173905346572E-005     0.308635050770E-003
     0.178476196562E+003     0.599673608870E-003     0.341813957056E-003     0.173905346572E-005     0.310374104236E-003
     0.179476196562E+003     0.599673608870E-003     0.341813957056E-003     0.173905346572E-005     0.312113157701E-003
     0.180476196562E+003     0.599673608870E-003     0.341813957056E-003     0.173905346572E-005     0.313852211167E-003
     0.181476196562E+003     0.599673608870E-003     0.341813957056E-003     0.173905346572E-005     0.315591264633E-003
     0.182476196562E+003     0.599673608870E-003     0.341813957056E-003     0.173905346572E-005     0.317330318098E-003
     0.183476196562E+003     0.599673608870E-003     0.341813957056E-003     0.173905346572E-005     0.319069371564E-003
     0.184476196562E+003     0.599673608870E-003     0.341813957056E-003     0.173905346572E-005     0.320808425030E-003
     0.185476196562E+003     0.599673608870E-003     0.341813957056E-003     0.173905346572E-005     0.322547478496E-003
     0.186476196562E+003     0.599673608870E-003     0.341813957056E-003     0.173905346572E-005     0.324286531961E-003
     0.187476196562E+003     0.599673608870E-003     0.341813957056E-003     0.173905346572E-005     0.326025585427E-003
     0.188476196562E+003     0.599673608870E-003     0.341813957056E-003     0.173905346572E-005     0.327764638893E-003
     0.189476196562E+003     0.599673608870E-003     0.341813957056E-003     0.173905346572E-005     0.329503692358E-003
     0.190476196562E+003     0.599673608870E-003     0.341813957056E-003     0.173905346572E-005     0.331242745824E-003
     0.191476196562E+003     0.599673608870E-003     0.341813957056E-003     0.173905346572E-005     0.332981799290E-003
     0.192476196562E+003     0.599673608870E-003     0.341813957056E-003     0.173905346572E-005     0.334720852756E-003
     0.193476196562E+003     0.599673608870E-003     0.341813957056E-003     0.173905346572E-005     0.336459906221E-003
     0.194476196562E+003     0.599673608870E-003     0.341813957056E-003     0.173905346572E-005     0.338198959687E-003
     0.195476196562E+003     0.599673608870E-003     0.341813957056E-003     0.173905346572E-005     0.339938013153E-003
     0.196476196562E+003     0.599673608870E-003     0.341813957056E-003     0.173905346572E-005     0.341677066619E-003
     0.197476196562E+003     0.599673608870E-003     0.341813957056E-003     0.173905346572E-005     0.343416120084E-003
     0.198476196562E+003     0.599673608870E-003     0.341813957056E-003     0.173905346572E-005     0.345155173550E-003
     0.199476196562E+003     0.599673608870E-003     0.341813957056E-003     0.173905346572E-005     0.346894227016E-003
     0.200476196562E+003     0.599673608870E-003     0.341813957056E-003     0.173905346572E-005     0.348633280481E-003
     0.201476196562E+003     0.599673608870E-003     0.341813957056E-003     0.173905346572E-005     0.350372333947E-003
     0.202476196562E+003     0.599673608870E-003     0.341813957056E-003     0.173905346572E-005     0.352111387413E-003
     0.203476196562E+003     0.599673608870E-003     0.341813957056E-003     0.173905346572E-005     0.353850440879E-003
     0.204476196562E+003     0.599673608870E-003     0.341813957056E-003     0.173905346572E-005     0.355589494344E-003
     0.205476196562E+003     0.599673608870E-003     0.341813957056E-003     0.173905346572E-005     0.357328547810E-003
     0.206476196562E+003     0.599673608870E-003     0.341813957056E-003     0.173905346572E-005     0.359067601276E-003
     0.207476196562E+003     0.599673608870E-003     0.341813957056E-003     0.173905346572E-005     0.360806654742E-003
     0.208476196562E+003     0.599673608870E-003     0.341813957056E-003     0.173905346572E-005     0.362545708207E-003
     0.209476196562E+003     0.599673608870E-003     0.341813957056E-003     0.173905346572E-005     0.364284761673E-003
     0.210476196562E+003     0.599673608870E-003     0.341813957056E-003     0.173905346572E-005     0.366023815139E-003
     0.211476196562E+003     0.599673608870E-003     0.341813957056E-003     0.173905346572E-005     0.367762868604E-003
     0.212476196562E+003     0.599673608870E-003     0.341813957056E-003     0.173905346572E-005     0.369501922070E-003
     0.213476196562E+003     0.599673608870E-003     0.341813957056E-003     0.173905346572E-005     0.371240975536E-003
     0.214476196562E+003     0.599673608870E-003     0.341813957056E-003     0.173905346572E-005     0.372980029002E-003
     0.215476196562E+003     0.599673608870E-003     0.341813957056E-003     0.173905346572E-005     0.374719082467E-003
     0.216476196562E+003     0.599673608870E-003     0.341813957056E-003     0.173905346572E-005     0.376458135933E-003
     0.217476196562E+003     0.599673608870E-003     0.341813957056E-003     0.173905346572E-005     0.378197189399E-003
     0.218476196562E+003     0.599673608870E-003     0.341813957056E-003     0.173905346572E-005     0.379936242864E-003
     0.219476196562E+003     0.599673608870E-003     0.341813957056E-003     0.173905346572E-005     0.381675296330E-003
     0.220476196562E+003     0.599673608870E-003     0.341813957056E-003     0.173905346572E-005     0.383414349796E-003
     0.221476196562E+003     0.599673608870E-003     0.341813957056E-003     0.173905346572E-005     0.385153403262E-003
     0.222476196562E+003     0.599673608870E-003     0.341813957056E-003     0.173905346572E-005     0.386892456727E-003
     0.223476196562E+003     0.599673608870E-003     0.341813957056E-003     0.173905346572E-005     0.388631510193E-003
     0.224476196562E+003     0.599673608870E-003     0.341813957056E-003     0.173905346572E-005     0.390370563659E-003
     0.225476196562E+003     0.599673608870E-003     0.341813957056E-003     0.173905346572E-005     0.392109617125E-003
     0.226476196562E+003     0.599673608870E-003     0.341813957056E-003     0.173905346572E-005     0.393848670590E-003
     0.227476196562E+003     0.599673608870E-003     0.341813957056E-003     0.173905346572E-005     0.395587724056E-003
     0.228476196562E+003     0.599673608870E-003     0.341813957056E-003     0.173905346572E-005     0.397326777522E-003
     0.229476196562E+003     0.599673608870E-003     0.341813957056E-003     0.173905346572E-005     0.399065830987E-003
     0.230476196562E+003     0.599673608870E-003     0.341813957056E-003     0.173905346572E-005     0.400804884453E-003
     0.231476196562E+003     0.599673608870E-003     0.341813957056E-003     0.173905346572E-005     0.402543937919E-003
     0.232476196562E+003     0.599673608870E-003     0.341813957056E-003     0.173905346572E-005     0.404282991385E-003
     0.233476196562E+003     0.599673608870E-003     0.341813957056E-003     0.173905346572E-005     0.406022044850E-003
     0.234476196562E+003     0.599673608870E-003     0.341813957056E-003     0.173905346572E-005     0.407761098316E-003
     0.235476196562E+003     0.599673608870E-003     0.341813957056E-003     0.173905346572E-005     0.409500151782E-003
     0.236476196562E+003     0.599673608870E-003     0.341813957056E-003     0.173905346572E-005     0.411239205247E-003
     0.237476196562E+003     0.599673608870E-003     0.341813957056E-003     0.173905346572E-005     0.412978258713E-003
     0.238476196562E+003     0.599673608870E-003     0.341813957056E-003     0.173905346572E-005     0.414717312179E-003
     0.239476196562E+003     0.599673608870E-003     0.341813957056E-003     0.173905346572E-005     0.416456365645E-003
     0.240476196562E+003     0.599673608870E-003     0.341813957056E-003     0.173905346572E-005     0.418195419110E-003
     0.241476196562E+003     0.599673608870E-003     0.341813957056E-003     0.173905346572E-005     0.419934472576E-003
     0.242476196562E+003     0.599673608870E-003     0.341813957056E-003     0.173905346572E-005     0.421673526042E-003
     0.243476196562E+003     0.599673608870E-003     0.341813957056E-003     0.173905346572E-005     0.423412579508E-003
     0.244476196562E+003     0.599673608870E-003     0.341813957056E-003     0.173905346572E-005     0.425151632973E-003
     0.245476196562E+003     0.599673608870E-003     0.341813957056E-003     0.173905346572E-005     0.426890686439E-003
     0.246476196562E+003     0.599673608870E-003     0.341813957056E-003     0.173905346572E-005     0.428629739905E-003
     0.247476196562E+003     0.599673608870E-003     0.341813957056E-003     0.173905346572E-005     0.430368793370E-003
     0.248476196562E+003     0.599673608870E-003     0.341813957056E-003     0.173905346572E-005     0.432107846836E-003
     0.249476196562E+003     0.599673608870E-003     0.341813957056E-003     0.173905346572E-005     0.433846900302E-003
     0.250476196562E+003     0.599673608870E-003     0.341813957056E-003     0.173905346572E-005     0.435585953768E-003
     0.251476196562E+003     0.599673608870E-003     0.341813957056E-003     0.173905346572E-005     0.437325007233E-003
     0.252476196562E+003     0.599673608870E-003     0.341813957056E-003     0.173905346572E-005     0.439064060699E-003
     0.253476196562E+003     0.599673608870E-003     0.341813957056E-003     0.173905346572E-005     0.440803114165E-003
     0.254476196562E+003     0.599673608870E-003     0.341813957056E-003     0.173905346572E-005     0.442542167631E-003
     0.255476196562E+003     0.599673608870E-003     0.341813957056E-003     0.173905346572E-005     0.444281221096E-003
     0.256476196562E+003     0.599673608870E-003     0.341813957056E-003     0.173905346572E-005     0.446020274562E-003
     0.257476196562E+003     0.599673608870E-003     0.341813957056E-003     0.173905346572E-005     0.447759328028E-003
     0.258476196562E+003     0.599673608870E-003     0.341813957056E-003     0.173905346572E-005     0.449498381493E-003
     0.259476196562E+003     0.599673608870E-003     0.341813957056E-003     0.173905346572E-005     0.451237434959E-003
     0.260476196562E+003     0.599673608870E-003     0.341813957056E-003     0.173905346572E-005     0.452976488425E-003
     0.261476196562E+003     0.599673608870E-003     0.341813957056E-003     0.173905346572E-005     0.454715541891E-003
     0.262476196562E+003     0.599673608870E-003     0.341813957056E-003     0.173905346572E-005     0.456454595356E-003
     0.263476196562E+003     0.599673608870E-003     0.341813957056E-003     0.173905346572E-005     0.458193648822E-003
     0.264476196562E+003     0.599673608870E-003     0.341813957056E-003     0.173905346572E-005     0.459932702288E-003
     0.265476196562E+003     0.599673608870E-003     0.341813957056E-003     0.173905346572E-005     0.461671755753E-003
     0.266476196562E+003     0.599673608870E-003     0.341813957056E-003     0.173905346572E-005     0.463410809219E-003
     0.267476196562E+003     0.599673608870E-003     0.341813957056E-003     0.173905346572E-005     0.465149862685E-003
     0.268476196562E+003     0.599673608870E-003     0.341813957056E-003     0.173905346572E-005     0.466888916151E-003
     0.269476196562E+003     0.599673608870E-003     0.341813957056E-003     0.173905346572E-005     0.468627969616E-003
     0.270476196562E+003     0.599673608870E-003     0.341813957056E-003     0.173905346572E-005     0.470367023082E-003
     0.271476196562E+003     0.599673608870E-003     0.341813957056E-003     0.173905346572E-005     0.472106076548E-003
     0.272476196562E+003     0.599673608870E-003     0.341813957056E-003     0.173905346572E-005     0.473845130014E-003
     0.273476196562E+003     0.599673608870E-003     0.341813957056E-003     0.173905346572E-005     0.475584183479E-003
     0.274476196562E+003     0.599673608870E-003     0.341813957056E-003     0.173905346572E-005     0.477323236945E-003
     0.275476196562E+003     0.599673608870E-003     0.341813957056E-003     0.173905346572E-005     0.479062290411E-003
     0.276476196562E+003     0.599673608870E-003     0.341813957056E-003     0.173905346572E-005     0.480801343876E-003
     0.277476196562E+003     0.599673608870E-003     0.341813957056E-003     0.173905346572E-005     0.482540397342E-003
     0.278476196562E+003     0.599673608870E-003     0.341813957056E-003     0.173905346572E-005     0.484279450808E-003
     0.279476196562E+003     0.599673608870E-003     0.341813957056E-003     0.173905346572E-005     0.486018504274E-003
     0.280476196562E+003     0.599673608870E-003     0.341813957056E-003     0.173905346572E-005     0.487757557739E-003
     0.281476196562E+003     0.599673608870E-003     0.341813957056E-003     0.173905346572E-005     0.489496611205E-003
     0.282476196562E+003     0.599673608870E-003     0.341813957056E-003     0.173905346572E-005     0.491235664671E-003
     0.283476196562E+003     0.599673608870E-003     0.341813957056E-003     0.173905346572E-005     0.492974718137E-003
     0.284476196562E+003     0.599673608870E-003     0.341813957056E-003     0.173905346572E-005     0.494713771602E-003
     0.285476196562E+003     0.599673608870E-003     0.341813957056E-003     0.173905346572E-005     0.496452825068E-003
     0.286476196562E+003     0.599673608870E-003     0.341813957056E-003     0.173905346572E-005     0.498191878534E-003
     0.287476196562E+003     0.599673608870E-003     0.341813957056E-003     0.173905346572E-005     0.499930931999E-003
     0.288476196562E+003     0.599673608870E-003     0.341813957056E-003     0.173905346572E-005     0.501669985465E-003
     0.289476196562E+003     0.599673608870E-003     0.341813957056E-003     0.173905346572E-005     0.503409038931E-003
     0.290476196562E+003     0.599673608870E-003     0.341813957056E-003     0.173905346572E-005     0.505148092397E-003
     0.291476196562E+003     0.599673608870E-003     0.341813957056E-003     0.173905346572E-005     0.506887145862E-003
     0.292476196562E+003     0.599673608870E-003     0.341813957056E-003     0.173905346572E-005     0.508626199328E-003
     0.293476196562E+003     0.599673608870E-003     0.341813957056E-003     0.173905346572E-005     0.510365252794E-003
     0.294476196562E+003     0.599673608870E-003     0.341813957056E-003     0.173905346572E-005     0.512104306259E-003
     0.295476196562E+003     0.599673608870E-003     0.341813957056E-003     0.173905346572E-005     0.513843359725E-003
     0.296476196562E+003     0.599673608870E-003     0.341813957056E-003     0.173905346572E-005     0.515582413191E-003
     0.297476196562E+003     0.599673608870E-003     0.341813957056E-003     0.173905346572E-005     0.517321466657E-003
     0.298476196562E+003     0.599673608870E-003     0.341813957056E-003     0.173905346572E-005     0.519060520122E-003
     0.299476196562E+003     0.599673608870E-003     0.341813957056E-003     0.173905346572E-005     0.520799573588E-003
     0.300476196562E+003     0.599673608870E-003     0.341813957056E-003     0.173905346572E-005     0.522538627054E-003
     0.301476196562E+003     0.599673608870E-003     0.341813957056E-003     0.173905346572E-005     0.524277680520E-003
     0.302476196562E+003     0.599673608870E-003     0.341813957056E-003     0.173905346572E-005     0.526016733985E-003
     0.303476196562E+003     0.599673608870E-003     0.341813957056E-003     0.173905346572E-005     0.527755787451E-003
     0.304476196562E+003     0.599673608870E-003     0.341813957056E-003     0.173905346572E-005     0.529494840917E-003
     0.305476196562E+003     0.599673608870E-003     0.341813957056E-003     0.173905346572E-005     0.531233894382E-003
     0.306476196562E+003     0.599673608870E-003     0.341813957056E-003     0.173905346572E-005     0.532972947848E-003
     0.307476196562E+003     0.599673608870E-003     0.341813957056E-003     0.173905346572E-005     0.534712001314E-003
     0.308476196562E+003     0.599673608870E-003     0.341813957056E-003     0.173905346572E-005     0.536451054780E-003
     0.309476196562E+003     0.599673608870E-003     0.341813957056E-003     0.173905346572E-005     0.538190108245E-003
     0.310476196562E+003     0.599673608870E-003     0.341813957056E-003     0.173905346572E-005     0.539929161711E-003
     0.311476196562E+003     0.599673608870E-003     0.341813957056E-003     0.173905346572E-005     0.541668215177E-003
     0.312476196562E+003     0.599673608870E-003     0.341813957056E-003     0.173905346572E-005     0.543407268642E-003
     0.313476196562E+003     0.599673608870E-003     0.341813957056E-003     0.173905346572E-005     0.545146322108E-003
     0.314476196562E+003     0.599673608870E-003     0.341813957056E-003     0.173905346572E-005     0.546885375574E-003
     0.315476196562E+003     0.599673608870E-003     0.341813957056E-003     0.173905346572E-005     0.548624429040E-003
     0.316476196562E+003     0.599673608870E-003     0.341813957056E-003     0.173905346572E-005     0.550363482505E-003
     0.317476196562E+003     0.599673608870E-003     0.341813957056E-003     0.173905346572E-005     0.552102535971E-003
     0.318476196562E+003     0.599673608870E-003     0.341813957056E-003     0.173905346572E-005     0.553841589437E-003
     0.319476196562E+003     0.599673608870E-003     0.341813957056E-003     0.173905346572E-005     0.555580642903E-003
     0.320476196562E+003     0.599673608870E-003     0.341813957056E-003     0.173905346572E-005     0.557319696368E-003
     0.321476196562E+003     0.599673608870E-003     0.341813957056E-003     0.173905346572E-005     0.559058749834E-003
     0.322476196562E+003     0.599673608870E-003     0.341813957056E-003     0.173905346572E-005     0.560797803300E-003
     0.323476196562E+003     0.599673608870E-003     0.341813957056E-003     0.173905346572E-005     0.562536856765E-003
     0.324476196562E+003     0.599673608870E-003     0.341813957056E-003     0.173905346572E-005     0.564275910231E-003
     0.325476196562E+003     0.599673608870E-003     0.341813957056E-003     0.173905346572E-005     0.566014963697E-003
     0.326476196562E+003     0.599673608870E-003     0.341813957056E-003     0.173905346572E-005     0.567754017163E-003
     0.327476196562E+003     0.599673608870E-003     0.341813957056E-003     0.173905346572E-005     0.569493070628E-003
     0.328476196562E+003     0.599673608870E-003     0.341813957056E-003     0.173905346572E-005     0.571232124094E-003
     0.329476196562E+003     0.599673608870E-003     0.341813957056E-003     0.173905346572E-005     0.572971177560E-003
     0.330476196562E+003     0.599673608870E-003     0.341813957056E-003     0.173905346572E-005     0.574710231026E-003
     0.331476196562E+003     0.599673608870E-003     0.341813957056E-003     0.173905346572E-005     0.576449284491E-003
     0.332476196562E+003     0.599673608870E-003     0.341813957056E-003     0.173905346572E-005     0.578188337957E-003
     0.333476196562E+003     0.599673608870E-003     0.341813957056E-003     0.173905346572E-005     0.579927391423E-003
     0.334476196562E+003     0.599673608870E-003     0.341813957056E-003     0.173905346572E-005     0.581666444888E-003
     0.335476196562E+003     0.599673608870E-003     0.341813957056E-003     0.173905346572E-005     0.583405498354E-003
     0.336476196562E+003     0.599673608870E-003     0.341813957056E-003     0.173905346572E-005     0.585144551820E-003
     0.337476196562E+003     0.599673608870E-003     0.341813957056E-003     0.173905346572E-005     0.586883605286E-003
     0.338476196562E+003     0.599673608870E-003     0.341813957056E-003     0.173905346572E-005     0.588622658751E-003
     0.339476196562E+003     0.599673608870E-003     0.341813957056E-003     0.173905346572E-005     0.590361712217E-003
     0.340476196562E+003     0.599673608870E-003     0.341813957056E-003     0.173905346572E-005     0.592100765683E-003
     0.341476196562E+003     0.599673608870E-003     0.341813957056E-003     0.173905346572E-005     0.593839819148E-003
     0.342476196562E+003     0.599673608870E-003     0.341813957056E-003     0.173905346572E-005     0.595578872614E-003
     0.343476196562E+003     0.599673608870E-003     0.341813957056E-003     0.173905346572E-005     0.597317926080E-003
     0.344476196562E+003     0.599673608870E-003     0.341813957056E-003     0.173905346572E-005     0.599056979546E-003
     0.345476196562E+003     0.599673608870E-003     0.341813957056E-003     0.173905346572E-005     0.600796033011E-003
     0.346476196562E+003     0.599673608870E-003     0.341813957056E-003     0.173905346572E-005     0.602535086477E-003
     0.347476196562E+003     0.599673608870E-003     0.341813957056E-003     0.173905346572E-005     0.604274139943E-003
     0.348476196562E+003     0.599673608870E-003     0.341813957056E-003     0.173905346572E-005     0.606013193409E-003
     0.349476196562E+003     0.599673608870E-003     0.341813957056E-003     0.173905346572E-005     0.607752246874E-003
     0.350476196562E+003     0.599673608870E-003     0.341813957056E-003     0.173905346572E-005     0.609491300340E-003
     0.351476196562E+003     0.599673608870E-003     0.341813957056E-003     0.173905346572E-005     0.611230353806E-003
     0.352476196562E+003     0.599673608870E-003     0.341813957056E-003     0.173905346572E-005     0.612969407271E-003
     0.353476196562E+003     0.599673608870E-003     0.341813957056E-003     0.173905346572E-005     0.614708460737E-003
     0.354476196562E+003     0.599673608870E-003     0.341813957056E-003     0.173905346572E-005     0.616447514203E-003
     0.355476196562E+003     0.599673608870E-003     0.341813957056E-003     0.173905346572E-005     0.618186567669E-003
     0.356476196562E+003     0.599673608870E-003     0.341813957056E-003     0.173905346572E-005     0.619925621134E-003
     0.357476196562E+003     0.599673608870E-003     0.341813957056E-003     0.173905346572E-005     0.621664674600E-003
     0.358476196562E+003     0.599673608870E-003     0.341813957056E-003     0.173905346572E-005     0.623403728066E-003
     0.359476196562E+003     0.599673608870E-003     0.341813957056E-003     0.173905346572E-005     0.625142781531E-003
     0.360476196562E+003     0.599673608870E-003     0.341813957056E-003     0.173905346572E-005     0.626881834997E-003
     0.361476196562E+003     0.599673608870E-003     0.341813957056E-003     0.173905346572E-005     0.628620888463E-003
     0.362476196562E+003     0.599673608870E-003     0.341813957056E-003     0.173905346572E-005     0.630359941929E-003
     0.363476196562E+003     0.599673608870E-003     0.341813957056E-003     0.173905346572E-005     0.632098995394E-003
     0.364476196562E+003     0.599673608870E-003     0.341813957056E-003     0.173905346572E-005     0.633838048860E-003
     0.365476196562E+003     0.599673608870E-003     0.341813957056E-003     0.173905346572E-005     0.635577102326E-003
     0.366476196562E+003     0.599673608870E-003     0.341813957056E-003     0.173905346572E-005     0.637316155792E-003
     0.367476196562E+003     0.599673608870E-003     0.341813957056E-003     0.173905346572E-005     0.639055209257E-003
     0.368476196562E+003     0.599673608870E-003     0.341813957056E-003     0.173905346572E-005     0.640794262723E-003
     0.369476196562E+003     0.599673608870E-003     0.341813957056E-003     0.173905346572E-005     0.642533316189E-003
     0.370476196562E+003     0.599673608870E-003     0.341813957056E-003     0.173905346572E-005     0.644272369654E-003
     0.371476196562E+003     0.599673608870E-003     0.341813957056E-003     0.173905346572E-005     0.646011423120E-003
     0.372476196562E+003     0.599673608870E-003     0.341813957056E-003     0.173905346572E-005     0.647750476586E-003
     0.373476196562E+003     0.599673608870E-003     0.341813957056E-003     0.173905346572E-005     0.649489530052E-003
     0.374476196562E+003     0.599673608870E-003     0.341813957056E-003     0.173905346572E-005     0.651228583517E-003
     0.375476196562E+003     0.599673608870E-003     0.341813957056E-003     0.173905346572E-005     0.652967636983E-003
     0.376476196562E+003     0.599673608870E-003     0.341813957056E-003     0.173905346572E-005     0.654706690449E-003
     0.377476196562E+003     0.599673608870E-003     0.341813957056E-003     0.173905346572E-005     0.656445743915E-003
     0.378476196562E+003     0.599673608870E-003     0.341813957056E-003     0.173905346572E-005     0.658184797380E-003
     0.379476196562E+003     0.599673608870E-003     0.341813957056E-003     0.173905346572E-005     0.659923850846E-003
     0.380476196562E+003     0.599673608870E-003     0.341813957056E-003     0.173905346572E-005     0.661662904312E-003
     0.381476196562E+003     0.599673608870E-003     0.341813957056E-003     0.173905346572E-005     0.663401957777E-003
     0.382476196562E+003     0.599673608870E-003     0.341813957056E-003     0.173905346572E-005     0.665141011243E-003
     0.383476196562E+003     0.599673608870E-003     0.341813957056E-003     0.173905346572E-005     0.666880064709E-003
     0.384476196562E+003     0.599673608870E-003     0.341813957056E-003     0.173905346572E-005     0.668619118175E-003
     0.385476196562E+003     0.599673608870E-003     0.341813957056E-003     0.173905346572E-005     0.670358171640E-003
     0.386476196562E+003     0.599673608870E-003     0.341813957056E-003     0.173905346572E-005     0.672097225106E-003
     0.387476196562E+003     0.599673608870E-003     0.341813957056E-003     0.173905346572E-005     0.673836278572E-003
     0.388476196562E+003     0.599673608870E-003     0.341813957056E-003     0.173905346572E-005     0.675575332037E-003
     0.389476196562E+003     0.599673608870E-003     0.341813957056E-003     0.173905346572E-005     0.677314385503E-003
     0.390476196562E+003     0.599673608870E-003     0.341813957056E-003     0.173905346572E-005     0.679053438969E-003
     0.391476196562E+003     0.599673608870E-003     0.341813957056E-003     0.173905346572E-005     0.680792492435E-003
     0.392476196562E+003     0.599673608870E-003     0.341813957056E-003     0.173905346572E-005     0.682531545900E-003
     0.393476196562E+003     0.599673608870E-003     0.341813957056E-003     0.173905346572E-005     0.684270599366E-003
     0.394476196562E+003     0.599673608870E-003     0.341813957056E-003     0.173905346572E-005     0.686009652832E-003
     0.395476196562E+003     0.599673608870E-003     0.341813957056E-003     0.173905346572E-005     0.687748706298E-003
     0.396476196562E+003     0.599673608870E-003     0.341813957056E-003     0.173905346572E-005     0.689487759763E-003
     0.397476196562E+003     0.599673608870E-003     0.341813957056E-003     0.173905346572E-005     0.691226813229E-003
     0.398476196562E+003     0.599673608870E-003     0.341813957056E-003     0.173905346572E-005     0.692965866695E-003
     0.399476196562E+003     0.599673608870E-003     0.341813957056E-003     0.173905346572E-005     0.694704920160E-003
     0.400476196562E+003     0.599673608870E-003     0.341813957056E-003     0.173905346572E-005     0.696443973626E-003
     0.401476196562E+003     0.599673608870E-003     0.341813957056E-003     0.173905346572E-005     0.698183027092E-003
     0.402476196562E+003     0.599673608870E-003     0.341813957056E-003     0.173905346572E-005     0.699922080558E-003
     0.403476196562E+003     0.599673608870E-003     0.341813957056E-003     0.173905346572E-005     0.701661134023E-003
     0.404476196562E+003     0.599673608870E-003     0.341813957056E-003     0.173905346572E-005     0.703400187489E-003
     0.405476196562E+003     0.599673608870E-003     0.341813957056E-003     0.173905346572E-005     0.705139240955E-003
     0.406476196562E+003     0.599673608870E-003     0.341813957056E-003     0.173905346572E-005     0.706878294420E-003
     0.407476196562E+003     0.599673608870E-003     0.341813957056E-003     0.173905346572E-005     0.708617347886E-003
     0.408476196562E+003     0.599673608870E-003     0.341813957056E-003     0.173905346572E-005     0.710356401352E-003
     0.409476196562E+003     0.599673608870E-003     0.341813957056E-003     0.173905346572E-005     0.712095454818E-003
     0.410476196562E+003     0.599673608870E-003     0.341813957056E-003     0.173905346572E-005     0.713834508283E-003
     0.411476196562E+003     0.599673608870E-003     0.341813957056E-003     0.173905346572E-005     0.715573561749E-003
     0.412476196562E+003     0.599673608870E-003     0.341813957056E-003     0.173905346572E-005     0.717312615215E-003
     0.413476196562E+003     0.599673608870E-003     0.341813957056E-003     0.173905346572E-005     0.719051668681E-003
     0.414476196562E+003     0.599673608870E-003     0.341813957056E-003     0.173905346572E-005     0.720790722146E-003
     0.415476196562E+003     0.599673608870E-003     0.341813957056E-003     0.173905346572E-005     0.722529775612E-003
     0.416476196562E+003     0.599673608870E-003     0.341813957056E-003     0.173905346572E-005     0.724268829078E-003
     0.417476196562E+003     0.599673608870E-003     0.341813957056E-003     0.173905346572E-005     0.726007882543E-003
     0.418476196562E+003     0.599673608870E-003     0.341813957056E-003     0.173905346572E-005     0.727746936009E-003
     0.419476196562E+003     0.599673608870E-003     0.341813957056E-003     0.173905346572E-005     0.729485989475E-003
     0.420476196562E+003     0.599673608870E-003     0.341813957056E-003     0.173905346572E-005     0.731225042941E-003
     0.421476196562E+003     0.599673608870E-003     0.341813957056E-003     0.173905346572E-005     0.732964096406E-003
     0.422476196562E+003     0.599673608870E-003     0.341813957056E-003     0.173905346572E-005     0.734703149872E-003
     0.423476196562E+003     0.599673608870E-003     0.341813957056E-003     0.173905346572E-005     0.736442203338E-003
     0.424476196562E+003     0.599673608870E-003     0.341813957056E-003     0.173905346572E-005     0.738181256804E-003
     0.425476196562E+003     0.599673608870E-003     0.341813957056E-003     0.173905346572E-005     0.739920310269E-003
     0.426476196562E+003     0.599673608870E-003     0.341813957056E-003     0.173905346572E-005     0.741659363735E-003
     0.427476196562E+003     0.599673608870E-003     0.341813957056E-003     0.173905346572E-005     0.743398417201E-003
     0.428476196562E+003     0.599673608870E-003     0.341813957056E-003     0.173905346572E-005     0.745137470666E-003
     0.429476196562E+003     0.599673608870E-003     0.341813957056E-003     0.173905346572E-005     0.746876524132E-003
     0.430476196562E+003     0.599673608870E-003     0.341813957056E-003     0.173905346572E-005     0.748615577598E-003
     0.431476196562E+003     0.599673608870E-003     0.341813957056E-003     0.173905346572E-005     0.750354631064E-003
     0.432476196562E+003     0.599673608870E-003     0.341813957056E-003     0.173905346572E-005     0.752093684529E-003
     0.433476196562E+003     0.599673608870E-003     0.341813957056E-003     0.173905346572E-005     0.753832737995E-003
     0.434476196562E+003     0.599673608870E-003     0.341813957056E-003     0.173905346572E-005     0.755571791461E-003
     0.435476196562E+003     0.599673608870E-003     0.341813957056E-003     0.173905346572E-005     0.757310844926E-003
     0.436476196562E+003     0.599673608870E-003     0.341813957056E-003     0.173905346572E-005     0.759049898392E-003
     0.437476196562E+003     0.599673608870E-003     0.341813957056E-003     0.173905346572E-005     0.760788951858E-003
     0.438476196562E+003     0.599673608870E-003     0.341813957056E-003     0.173905346572E-005     0.762528005324E-003
     0.439476196562E+003     0.599673608870E-003     0.341813957056E-003     0.173905346572E-005     0.764267058789E-003
     0.440476196562E+003     0.599673608870E-003     0.341813957056E-003     0.173905346572E-005     0.766006112255E-003
     0.441476196562E+003     0.599673608870E-003     0.341813957056E-003     0.173905346572E-005     0.767745165721E-003
     0.442476196562E+003     0.599673608870E-003     0.341813957056E-003     0.173905346572E-005     0.769484219187E-003
     0.443476196562E+003     0.599673608870E-003     0.341813957056E-003     0.173905346572E-005     0.771223272652E-003
     0.444476196562E+003     0.599673608870E-003     0.341813957056E-003     0.173905346572E-005     0.772962326118E-003
     0.445476196562E+003     0.599673608870E-003     0.341813957056E-003     0.173905346572E-005     0.774701379584E-003
     0.446476196562E+003     0.599673608870E-003     0.341813957056E-003     0.173905346572E-005     0.776440433049E-003
     0.447476196562E+003     0.599673608870E-003     0.341813957056E-003     0.173905346572E-005     0.778179486515E-003
     0.448476196562E+003     0.599673608870E-003     0.341813957056E-003     0.173905346572E-005     0.779918539981E-003
     0.449476196562E+003     0.599673608870E-003     0.341813957056E-003     0.173905346572E-005     0.781657593447E-003
     0.450476196562E+003     0.599673608870E-003     0.341813957056E-003     0.173905346572E-005     0.783396646912E-003
     0.451476196562E+003     0.599673608870E-003     0.341813957056E-003     0.173905346572E-005     0.785135700378E-003
     0.452476196562E+003     0.599673608870E-003     0.341813957056E-003     0.173905346572E-005     0.786874753844E-003
     0.453476196562E+003     0.599673608870E-003     0.341813957056E-003     0.173905346572E-005     0.788613807309E-003
     0.454476196562E+003     0.599673608870E-003     0.341813957056E-003     0.173905346572E-005     0.790352860775E-003
     0.455476196562E+003     0.599673608870E-003     0.341813957056E-003     0.173905346572E-005     0.792091914241E-003
     0.456476196562E+003     0.599673608870E-003     0.341813957056E-003     0.173905346572E-005     0.793830967707E-003
     0.457476196562E+003     0.599673608870E-003     0.341813957056E-003     0.173905346572E-005     0.795570021172E-003
     0.458476196562E+003     0.599673608870E-003     0.341813957056E-003     0.173905346572E-005     0.797309074638E-003
     0.459476196562E+003     0.599673608870E-003     0.341813957056E-003     0.173905346572E-005     0.799048128104E-003
     0.460476196562E+003     0.599673608870E-003     0.341813957056E-003     0.173905346572E-005     0.800787181570E-003
     0.461476196562E+003     0.599673608870E-003     0.341813957056E-003     0.173905346572E-005     0.802526235035E-003
     0.462476196562E+003     0.599673608870E-003     0.341813957056E-003     0.173905346572E-005     0.804265288501E-003
     0.463476196562E+003     0.599673608870E-003     0.341813957056E-003     0.173905346572E-005     0.806004341967E-003
     0.464476196562E+003     0.599673608870E-003     0.341813957056E-003     0.173905346572E-005     0.807743395432E-003
     0.465476196562E+003     0.599673608870E-003     0.341813957056E-003     0.173905346572E-005     0.809482448898E-003
     0.466476196562E+003     0.599673608870E-003     0.341813957056E-003     0.173905346572E-005     0.811221502364E-003
     0.467476196562E+003     0.599673608870E-003     0.341813957056E-003     0.173905346572E-005     0.812960555830E-003
     0.468476196562E+003     0.599673608870E-003     0.341813957056E-003     0.173905346572E-005     0.814699609295E-003
     0.469476196562E+003     0.599673608870E-003     0.341813957056E-003     0.173905346572E-005     0.816438662761E-003
     0.470476196562E+003     0.599673608870E-003     0.341813957056E-003     0.173905346572E-005     0.818177716227E-003
     0.471476196562E+003     0.599673608870E-003     0.341813957056E-003     0.173905346572E-005     0.819916769693E-003
     0.472476196562E+003     0.599673608870E-003     0.341813957056E-003     0.173905346572E-005     0.821655823158E-003
     0.473476196562E+003     0.599673608870E-003     0.341813957056E-003     0.173905346572E-005     0.823394876624E-003
     0.474476196562E+003     0.599673608870E-003     0.341813957056E-003     0.173905346572E-005     0.825133930090E-003
     0.475476196562E+003     0.599673608870E-003     0.341813957056E-003     0.173905346572E-005     0.826872983555E-003
     0.476476196562E+003     0.599673608870E-003     0.341813957056E-003     0.173905346572E-005     0.828612037021E-003
     0.477476196562E+003     0.599673608870E-003     0.341813957056E-003     0.173905346572E-005     0.830351090487E-003
     0.478476196562E+003     0.599673608870E-003     0.341813957056E-003     0.173905346572E-005     0.832090143953E-003
     0.479476196562E+003     0.599673608870E-003     0.341813957056E-003     0.173905346572E-005     0.833829197418E-003
     0.480476196562E+003     0.599673608870E-003     0.341813957056E-003     0.173905346572E-005     0.835568250884E-003
     0.481476196562E+003     0.599673608870E-003     0.341813957056E-003     0.173905346572E-005     0.837307304350E-003
     0.482476196562E+003     0.599673608870E-003     0.341813957056E-003     0.173905346572E-005     0.839046357815E-003
     0.483476196562E+003     0.599673608870E-003     0.341813957056E-003     0.173905346572E-005     0.840785411281E-003
     0.484476196562E+003     0.599673608870E-003     0.341813957056E-003     0.173905346572E-005     0.842524464747E-003
     0.485476196562E+003     0.599673608870E-003     0.341813957056E-003     0.173905346572E-005     0.844263518213E-003
     0.486476196562E+003     0.599673608870E-003     0.341813957056E-003     0.173905346572E-005     0.846002571678E-003
     0.487476196562E+003     0.599673608870E-003     0.341813957056E-003     0.173905346572E-005     0.847741625144E-003
     0.488476196562E+003     0.599673608870E-003     0.341813957056E-003     0.173905346572E-005     0.849480678610E-003
     0.489476196562E+003     0.599673608870E-003     0.341813957056E-003     0.173905346572E-005     0.851219732076E-003
     0.490476196562E+003     0.599673608870E-003     0.341813957056E-003     0.173905346572E-005     0.852958785541E-003
     0.491476196562E+003     0.599673608870E-003     0.341813957056E-003     0.173905346572E-005     0.854697839007E-003
     0.492476196562E+003     0.599673608870E-003     0.341813957056E-003     0.173905346572E-005     0.856436892473E-003
     0.493476196562E+003     0.599673608870E-003     0.341813957056E-003     0.173905346572E-005     0.858175945938E-003
     0.494476196562E+003     0.599673608870E-003     0.341813957056E-003     0.173905346572E-005     0.859914999404E-003
     0.495476196562E+003     0.599673608870E-003     0.341813957056E-003     0.173905346572E-005     0.861654052870E-003
     0.496476196562E+003     0.599673608870E-003     0.341813957056E-003     0.173905346572E-005     0.863393106336E-003
     0.497476196562E+003     0.599673608870E-003     0.341813957056E-003     0.173905346572E-005     0.865132159801E-003
     0.498476196562E+003     0.599673608870E-003     0.341813957056E-003     0.173905346572E-005     0.866871213267E-003
     0.499476196562E+003     0.599673608870E-003     0.341813957056E-003     0.173905346572E-005     0.868610266733E-003
     0.500476196562E+003     0.599673608870E-003     0.341813957056E-003     0.173905346572E-005     0.870349320198E-003
     0.501476196562E+003     0.599673608870E-003     0.341813957056E-003     0.173905346572E-005     0.872088373664E-003
     0.502476196562E+003     0.599673608870E-003     0.341813957056E-003     0.173905346572E-005     0.873827427130E-003
     0.503476196562E+003     0.599673608870E-003     0.341813957056E-003     0.173905346572E-005     0.875566480596E-003
     0.504476196562E+003     0.599673608870E-003     0.341813957056E-003     0.173905346572E-005     0.877305534061E-003
     0.505476196562E+003     0.599673608870E-003     0.341813957056E-003     0.173905346572E-005     0.879044587527E-003
     0.506476196562E+003     0.599673608870E-003     0.341813957056E-003     0.173905346572E-005     0.880783640993E-003
     0.507476196562E+003     0.599673608870E-003     0.341813957056E-003     0.173905346572E-005     0.882522694459E-003
     0.508476196562E+003     0.599673608870E-003     0.341813957056E-003     0.173905346572E-005     0.884261747924E-003
     0.509476196562E+003     0.599673608870E-003     0.341813957056E-003     0.173905346572E-005     0.886000801390E-003
     0.510476196562E+003     0.599673608869E-003     0.341813957056E-003     0.173905346572E-005     0.887739854856E-003
     0.511476196562E+003     0.599673608869E-003     0.341813957056E-003     0.173905346572E-005     0.889478908321E-003
     0.512476196562E+003     0.599673608869E-003     0.341813957056E-003     0.173905346572E-005     0.891217961787E-003
     0.513476196562E+003     0.599673608869E-003     0.341813957056E-003     0.173905346572E-005     0.892957015253E-003
     0.514476196562E+003     0.599673608869E-003     0.341813957056E-003     0.173905346572E-005     0.894696068719E-003
     0.515476196562E+003     0.599673608869E-003     0.341813957056E-003     0.173905346572E-005     0.896435122184E-003
     0.516476196562E+003     0.599673608869E-003     0.341813957056E-003     0.173905346572E-005     0.898174175650E-003
     0.517476196562E+003     0.599673608869E-003     0.341813957056E-003     0.173905346572E-005     0.899913229116E-003
     0.518476196562E+003     0.599673608869E-003     0.341813957056E-003     0.173905346572E-005     0.901652282581E-003
     0.519476196562E+003     0.599673608869E-003     0.341813957055E-003     0.173905346572E-005     0.903391336047E-003
     0.520476196562E+003     0.599673608869E-003     0.341813957055E-003     0.173905346572E-005     0.905130389513E-003
     0.521476196562E+003     0.599673608869E-003     0.341813957055E-003     0.173905346572E-005     0.906869442979E-003
     0.522476196562E+003     0.599673608869E-003     0.341813957055E-003     0.173905346572E-005     0.908608496444E-003
     0.523476196562E+003     0.599673608869E-003     0.341813957055E-003     0.173905346572E-005     0.910347549910E-003
     0.524476196562E+003     0.599673608869E-003     0.341813957055E-003     0.173905346572E-005     0.912086603376E-003
     0.525476196562E+003     0.599673608869E-003     0.341813957055E-003     0.173905346572E-005     0.913825656841E-003
     0.526476196562E+003     0.599673608869E-003     0.341813957055E-003     0.173905346572E-005     0.915564710307E-003
     0.527476196562E+003     0.599673608869E-003     0.341813957055E-003     0.173905346572E-005     0.917303763773E-003
     0.528476196562E+003     0.599673608869E-003     0.341813957055E-003     0.173905346572E-005     0.919042817239E-003
     0.529476196562E+003     0.599673608869E-003     0.341813957055E-003     0.173905346572E-005     0.920781870704E-003
     0.530476196562E+003     0.599673608869E-003     0.341813957055E-003     0.173905346572E-005     0.922520924170E-003
     0.531476196562E+003     0.599673608869E-003     0.341813957055E-003     0.173905346572E-005     0.924259977636E-003
     0.532476196562E+003     0.599673608869E-003     0.341813957055E-003     0.173905346572E-005     0.925999031102E-003
     0.533476196562E+003     0.599673608869E-003     0.341813957055E-003     0.173905346572E-005     0.927738084567E-003
     0.534476196562E+003     0.599673608869E-003     0.341813957055E-003     0.173905346572E-005     0.929477138033E-003
     0.535476196562E+003     0.599673608869E-003     0.341813957055E-003     0.173905346572E-005     0.931216191499E-003
     0.536476196562E+003     0.599673608869E-003     0.341813957055E-003     0.173905346572E-005     0.932955244964E-003
     0.537476196562E+003     0.599673608869E-003     0.341813957055E-003     0.173905346572E-005     0.934694298430E-003
     0.538476196562E+003     0.599673608869E-003     0.341813957055E-003     0.173905346572E-005     0.936433351896E-003
     0.539476196562E+003     0.599673608869E-003     0.341813957055E-003     0.173905346572E-005     0.938172405362E-003
     0.540476196562E+003     0.599673608869E-003     0.341813957055E-003     0.173905346572E-005     0.939911458827E-003
     0.541476196562E+003     0.599673608869E-003     0.341813957055E-003     0.173905346572E-005     0.941650512293E-003
     0.542476196562E+003     0.599673608868E-003     0.341813957055E-003     0.173905346572E-005     0.943389565759E-003
     0.543476196562E+003     0.599673608868E-003     0.341813957055E-003     0.173905346572E-005     0.945128619224E-003
     0.544476196562E+003     0.599673608868E-003     0.341813957055E-003     0.173905346572E-005     0.946867672690E-003
     0.545476196562E+003     0.599673608868E-003     0.341813957055E-003     0.173905346572E-005     0.948606726156E-003
     0.546476196562E+003     0.599673608868E-003     0.341813957055E-003     0.173905346572E-005     0.950345779622E-003
     0.547476196562E+003     0.599673608868E-003     0.341813957055E-003     0.173905346572E-005     0.952084833087E-003
     0.548476196562E+003     0.599673608868E-003     0.341813957055E-003     0.173905346572E-005     0.953823886553E-003
     0.549476196562E+003     0.599673608868E-003     0.341813957055E-003     0.173905346572E-005     0.955562940019E-003
     0.550476196562E+003     0.599673608868E-003     0.341813957055E-003     0.173905346572E-005     0.957301993484E-003
     0.551476196562E+003     0.599673608868E-003     0.341813957055E-003     0.173905346572E-005     0.959041046950E-003
     0.552476196562E+003     0.599673608868E-003     0.341813957055E-003     0.173905346572E-005     0.960780100416E-003
     0.553476196562E+003     0.599673608868E-003     0.341813957055E-003     0.173905346572E-005     0.962519153882E-003
     0.554476196562E+003     0.599673608868E-003     0.341813957055E-003     0.173905346572E-005     0.964258207347E-003
     0.555476196562E+003     0.599673608868E-003     0.341813957055E-003     0.173905346572E-005     0.965997260813E-003
     0.556476196562E+003     0.599673608868E-003     0.341813957055E-003     0.173905346572E-005     0.967736314279E-003
     0.557476196562E+003     0.599673608868E-003     0.341813957055E-003     0.173905346571E-005     0.969475367744E-003
     0.558476196562E+003     0.599673608868E-003     0.341813957055E-003     0.173905346571E-005     0.971214421210E-003
     0.559476196562E+003     0.599673608867E-003     0.341813957054E-003     0.173905346571E-005     0.972953474676E-003
     0.560476196562E+003     0.599673608867E-003     0.341813957054E-003     0.173905346571E-005     0.974692528142E-003
     0.561476196562E+003     0.599673608867E-003     0.341813957054E-003     0.173905346571E-005     0.976431581607E-003
     0.562476196562E+003     0.599673608867E-003     0.341813957054E-003     0.173905346571E-005     0.978170635073E-003
     0.563476196562E+003     0.599673608867E-003     0.341813957054E-003     0.173905346571E-005     0.979909688539E-003
     0.564476196562E+003     0.599673608867E-003     0.341813957054E-003     0.173905346571E-005     0.981648742004E-003
     0.565476196562E+003     0.599673608867E-003     0.341813957054E-003     0.173905346571E-005     0.983387795470E-003
     0.566476196562E+003     0.599673608867E-003     0.341813957054E-003     0.173905346571E-005     0.985126848936E-003
     0.567476196562E+003     0.599673608867E-003     0.341813957054E-003     0.173905346571E-005     0.986865902402E-003
     0.568476196562E+003     0.599673608867E-003     0.341813957054E-003     0.173905346571E-005     0.988604955867E-003
     0.569476196562E+003     0.599673608867E-003     0.341813957054E-003     0.173905346571E-005     0.990344009333E-003
     0.570476196562E+003     0.599673608867E-003     0.341813957054E-003     0.173905346571E-005     0.992083062799E-003
     0.571476196562E+003     0.599673608867E-003     0.341813957054E-003     0.173905346571E-005     0.993822116264E-003
     0.572476196562E+003     0.599673608866E-003     0.341813957054E-003     0.173905346571E-005     0.995561169730E-003
     0.573476196562E+003     0.599673608866E-003     0.341813957054E-003     0.173905346571E-005     0.997300223196E-003
     0.574476196562E+003     0.599673608866E-003     0.341813957054E-003     0.173905346571E-005     0.999039276662E-003
     0.575476196562E+003     0.599673608866E-003     0.341813957054E-003     0.173905346571E-005     0.100077833013E-002
     0.576476196562E+003     0.599673608866E-003     0.341813957054E-003     0.173905346571E-005     0.100251738359E-002
     0.577476196562E+003     0.599673608866E-003     0.341813957054E-003     0.173905346571E-005     0.100425643706E-002
     0.578476196562E+003     0.599673608866E-003     0.341813957054E-003     0.173905346571E-005     0.100599549052E-002
     0.579476196562E+003     0.599673608866E-003     0.341813957053E-003     0.173905346571E-005     0.100773454399E-002
     0.580476196562E+003     0.599673608866E-003     0.341813957053E-003     0.173905346571E-005     0.100947359746E-002
     0.581476196562E+003     0.599673608866E-003     0.341813957053E-003     0.173905346571E-005     0.101121265092E-002
     0.582476196562E+003     0.599673608865E-003     0.341813957053E-003     0.173905346571E-005     0.101295170439E-002
     0.583476196562E+003     0.599673608865E-003     0.341813957053E-003     0.173905346571E-005     0.101469075785E-002
     0.584476196562E+003     0.599673608865E-003     0.341813957053E-003     0.173905346571E-005     0.101642981132E-002
     0.585476196562E+003     0.599673608865E-003     0.341813957053E-003     0.173905346571E-005     0.101816886478E-002
     0.586476196562E+003     0.599673608865E-003     0.341813957053E-003     0.173905346571E-005     0.101990791825E-002
     0.587476196562E+003     0.599673608865E-003     0.341813957053E-003     0.173905346571E-005     0.102164697172E-002
     0.588476196562E+003     0.599673608865E-003     0.341813957053E-003     0.173905346571E-005     0.102338602518E-002
     0.589476196562E+003     0.599673608865E-003     0.341813957053E-003     0.173905346571E-005     0.102512507865E-002
     0.590476196562E+003     0.599673608864E-003     0.341813957053E-003     0.173905346570E-005     0.102686413211E-002
     0.591476196562E+003     0.599673608864E-003     0.341813957053E-003     0.173905346570E-005     0.102860318558E-002
     0.592476196562E+003     0.599673608864E-003     0.341813957053E-003     0.173905346570E-005     0.103034223904E-002
     0.593476196562E+003     0.599673608864E-003     0.341813957053E-003     0.173905346570E-005     0.103208129251E-002
     0.594476196562E+003     0.599673608864E-003     0.341813957052E-003     0.173905346570E-005     0.103382034598E-002
     0.595476196562E+003     0.599673608864E-003     0.341813957052E-003     0.173905346570E-005     0.103555939944E-002
     0.596476196562E+003     0.599673608864E-003     0.341813957052E-003     0.173905346570E-005     0.103729845291E-002
     0.597476196562E+003     0.599673608863E-003     0.341813957052E-003     0.173905346570E-005     0.103903750637E-002
     0.598476196562E+003     0.599673608863E-003     0.341813957052E-003     0.173905346570E-005     0.104077655984E-002
     0.599476196562E+003     0.599673608863E-003     0.341813957052E-003     0.173905346570E-005     0.104251561330E-002
     0.600476196562E+003     0.599673608863E-003     0.341813957052E-003     0.173905346570E-005     0.104425466677E-002
     0.601476196562E+003     0.599673608863E-003     0.341813957052E-003     0.173905346570E-005     0.104599372024E-002
     0.602476196562E+003     0.599673608863E-003     0.341813957052E-003     0.173905346570E-005     0.104773277370E-002
     0.603476196562E+003     0.599673608863E-003     0.341813957052E-003     0.173905346570E-005     0.104947182717E-002
     0.604476196562E+003     0.599673608862E-003     0.341813957052E-003     0.173905346570E-005     0.105121088063E-002
     0.605476196562E+003     0.599673608862E-003     0.341813957051E-003     0.173905346570E-005     0.105294993410E-002
     0.606476196562E+003     0.599673608862E-003     0.341813957051E-003     0.173905346570E-005     0.105468898756E-002
     0.607476196562E+003     0.599673608862E-003     0.341813957051E-003     0.173905346570E-005     0.105642804103E-002
     0.608476196562E+003     0.599673608862E-003     0.341813957051E-003     0.173905346570E-005     0.105816709450E-002
     0.609476196562E+003     0.599673608861E-003     0.341813957051E-003     0.173905346569E-005     0.105990614796E-002
     0.610476196562E+003     0.599673608861E-003     0.341813957051E-003     0.173905346569E-005     0.106164520143E-002
     0.611476196562E+003     0.599673608861E-003     0.341813957051E-003     0.173905346569E-005     0.106338425489E-002
     0.612476196562E+003     0.599673608861E-003     0.341813957051E-003     0.173905346569E-005     0.106512330836E-002
     0.613476196562E+003     0.599673608861E-003     0.341813957051E-003     0.173905346569E-005     0.106686236182E-002
     0.614476196562E+003     0.599673608860E-003     0.341813957050E-003     0.173905346569E-005     0.106860141529E-002
     0.615476196562E+003     0.599673608860E-003     0.341813957050E-003     0.173905346569E-005     0.107034046876E-002
     0.616476196562E+003     0.599673608860E-003     0.341813957050E-003     0.173905346569E-005     0.107207952222E-002
     0.617476196562E+003     0.599673608860E-003     0.341813957050E-003     0.173905346569E-005     0.107381857569E-002
     0.618476196562E+003     0.599673608860E-003     0.341813957050E-003     0.173905346569E-005     0.107555762915E-002
     0.619476196562E+003     0.599673608859E-003     0.341813957050E-003     0.173905346569E-005     0.107729668262E-002
     0.620476196562E+003     0.599673608859E-003     0.341813957050E-003     0.173905346569E-005     0.107903573608E-002
     0.621476196562E+003     0.599673608859E-003     0.341813957050E-003     0.173905346569E-005     0.108077478955E-002
     0.622476196562E+003     0.599673608859E-003     0.341813957049E-003     0.173905346569E-005     0.108251384302E-002
     0.623476196562E+003     0.599673608858E-003     0.341813957049E-003     0.173905346569E-005     0.108425289648E-002
     0.624476196562E+003     0.599673608858E-003     0.341813957049E-003     0.173905346568E-005     0.108599194995E-002
     0.625476196562E+003     0.599673608858E-003     0.341813957049E-003     0.173905346568E-005     0.108773100341E-002
     0.626476196562E+003     0.599673608858E-003     0.341813957049E-003     0.173905346568E-005     0.108947005688E-002
     0.627476196562E+003     0.599673608857E-003     0.341813957049E-003     0.173905346568E-005     0.109120911034E-002
     0.628476196562E+003     0.599673608857E-003     0.341813957049E-003     0.173905346568E-005     0.109294816381E-002
     0.629476196562E+003     0.599673608857E-003     0.341813957048E-003     0.173905346568E-005     0.109468721727E-002
     0.630476196562E+003     0.599673608857E-003     0.341813957048E-003     0.173905346568E-005     0.109642627074E-002
     0.631476196562E+003     0.599673608856E-003     0.341813957048E-003     0.173905346568E-005     0.109816532421E-002
     0.632476196562E+003     0.599673608856E-003     0.341813957048E-003     0.173905346568E-005     0.109990437767E-002
     0.633476196562E+003     0.599673608856E-003     0.341813957048E-003     0.173905346568E-005     0.110164343114E-002
     0.634476196562E+003     0.599673608856E-003     0.341813957048E-003     0.173905346568E-005     0.110338248460E-002
     0.635476196562E+003     0.599673608855E-003     0.341813957047E-003     0.173905346567E-005     0.110512153807E-002
     0.636476196562E+003     0.599673608855E-003     0.341813957047E-003     0.173905346567E-005     0.110686059153E-002
     0.637476196562E+003     0.599673608855E-003     0.341813957047E-003     0.173905346567E-005     0.110859964500E-002
     0.638476196562E+003     0.599673608854E-003     0.341813957047E-003     0.173905346567E-005     0.111033869847E-002
     0.639476196562E+003     0.599673608854E-003     0.341813957047E-003     0.173905346567E-005     0.111207775193E-002
     0.640476196562E+003     0.599673608854E-003     0.341813957047E-003     0.173905346567E-005     0.111381680540E-002
     0.641476196562E+003     0.599673608853E-003     0.341813957046E-003     0.173905346567E-005     0.111555585886E-002
     0.642476196562E+003     0.599673608853E-003     0.341813957046E-003     0.173905346567E-005     0.111729491233E-002
     0.643476196562E+003     0.599673608853E-003     0.341813957046E-003     0.173905346567E-005     0.111903396579E-002
     0.644476196562E+003     0.599673608852E-003     0.341813957046E-003     0.173905346567E-005     0.112077301926E-002
     0.645476196562E+003     0.599673608852E-003     0.341813957046E-003     0.173905346566E-005     0.112251207273E-002
     0.646476196562E+003     0.599673608852E-003     0.341813957045E-003     0.173905346566E-005     0.112425112619E-002
     0.647476196562E+003     0.599673608851E-003     0.341813957045E-003     0.173905346566E-005     0.112599017966E-002
     0.648476196562E+003     0.599673608851E-003     0.341813957045E-003     0.173905346566E-005     0.112772923312E-002
     0.649476196562E+003     0.599673608851E-003     0.341813957045E-003     0.173905346566E-005     0.112946828659E-002
     0.650476196562E+003     0.599673608850E-003     0.341813957045E-003     0.173905346566E-005     0.113120734005E-002
     0.651476196562E+003     0.599673608850E-003     0.341813957044E-003     0.173905346566E-005     0.113294639352E-002
     0.652476196562E+003     0.599673608849E-003     0.341813957044E-003     0.173905346566E-005     0.113468544699E-002
     0.653476196562E+003     0.599673608849E-003     0.341813957044E-003     0.173905346566E-005     0.113642450045E-002
     0.654476196562E+003     0.599673608849E-003     0.341813957044E-003     0.173905346565E-005     0.113816355392E-002
     0.655476196562E+003     0.599673608848E-003     0.341813957043E-003     0.173905346565E-005     0.113990260738E-002
     0.656476196562E+003     0.599673608848E-003     0.341813957043E-003     0.173905346565E-005     0.114164166085E-002
     0.657476196562E+003     0.599673608847E-003     0.341813957043E-003     0.173905346565E-005     0.114338071431E-002
     0.658476196562E+003     0.599673608847E-003     0.341813957043E-003     0.173905346565E-005     0.114511976778E-002
     0.659476196562E+003     0.599673608846E-003     0.341813957043E-003     0.173905346565E-005     0.114685882124E-002
     0.660476196562E+003     0.599673608846E-003     0.341813957042E-003     0.173905346565E-005     0.114859787471E-002
     0.661476196562E+003     0.599673608846E-003     0.341813957042E-003     0.173905346564E-005     0.115033692818E-002
     0.662476196562E+003     0.599673608845E-003     0.341813957042E-003     0.173905346564E-005     0.115207598164E-002
     0.663476196562E+003     0.599673608845E-003     0.341813957041E-003     0.173905346564E-005     0.115381503511E-002
     0.664476196562E+003     0.599673608844E-003     0.341813957041E-003     0.173905346564E-005     0.115555408857E-002
     0.665476196562E+003     0.599673608844E-003     0.341813957041E-003     0.173905346564E-005     0.115729314204E-002
     0.666476196562E+003     0.599673608843E-003     0.341813957041E-003     0.173905346564E-005     0.115903219550E-002
     0.667476196562E+003     0.599673608843E-003     0.341813957040E-003     0.173905346564E-005     0.116077124897E-002
     0.668476196562E+003     0.599673608842E-003     0.341813957040E-003     0.173905346563E-005     0.116251030244E-002
     0.669476196562E+003     0.599673608842E-003     0.341813957040E-003     0.173905346563E-005     0.116424935590E-002
     0.670476196562E+003     0.599673608841E-003     0.341813957040E-003     0.173905346563E-005     0.116598840937E-002
     0.671476196562E+003     0.599673608841E-003     0.341813957039E-003     0.173905346563E-005     0.116772746283E-002
     0.672476196562E+003     0.599673608840E-003     0.341813957039E-003     0.173905346563E-005     0.116946651630E-002
     0.673476196562E+003     0.599673608840E-003     0.341813957039E-003     0.173905346563E-005     0.117120556976E-002
     0.674476196562E+003     0.599673608839E-003     0.341813957038E-003     0.173905346562E-005     0.117294462323E-002
     0.675476196562E+003     0.599673608839E-003     0.341813957038E-003     0.173905346562E-005     0.117468367670E-002
     0.676476196562E+003     0.599673608838E-003     0.341813957038E-003     0.173905346562E-005     0.117642273016E-002
     0.677476196562E+003     0.599673608837E-003     0.341813957037E-003     0.173905346562E-005     0.117816178363E-002
     0.678476196562E+003     0.599673608837E-003     0.341813957037E-003     0.173905346562E-005     0.117990083709E-002
     0.679476196562E+003     0.599673608836E-003     0.341813957037E-003     0.173905346561E-005     0.118163989056E-002
     0.680476196562E+003     0.599673608836E-003     0.341813957036E-003     0.173905346561E-005     0.118337894402E-002
     0.681476196562E+003     0.599673608835E-003     0.341813957036E-003     0.173905346561E-005     0.118511799749E-002
     0.682476196562E+003     0.599673608834E-003     0.341813957036E-003     0.173905346561E-005     0.118685705095E-002
     0.683476196562E+003     0.599673608834E-003     0.341813957035E-003     0.173905346561E-005     0.118859610442E-002
     0.684476196562E+003     0.599673608833E-003     0.341813957035E-003     0.173905346561E-005     0.119033515789E-002
     0.685476196562E+003     0.599673608833E-003     0.341813957035E-003     0.173905346560E-005     0.119207421135E-002
     0.686476196562E+003     0.599673608832E-003     0.341813957034E-003     0.173905346560E-005     0.119381326482E-002
     0.687476196562E+003     0.599673608831E-003     0.341813957034E-003     0.173905346560E-005     0.119555231828E-002
     0.688476196562E+003     0.599673608831E-003     0.341813957033E-003     0.173905346560E-005     0.119729137175E-002
     0.689476196562E+003     0.599673608830E-003     0.341813957033E-003     0.173905346559E-005     0.119903042521E-002
     0.690476196562E+003     0.599673608829E-003     0.341813957033E-003     0.173905346559E-005     0.120076947868E-002
     0.691476196562E+003     0.599673608829E-003     0.341813957032E-003     0.173905346559E-005     0.120250853214E-002
     0.692476196562E+003     0.599673608828E-003     0.341813957032E-003     0.173905346559E-005     0.120424758561E-002
     0.693476196562E+003     0.599673608827E-003     0.341813957031E-003     0.173905346559E-005     0.120598663908E-002
     0.694476196562E+003     0.599673608826E-003     0.341813957031E-003     0.173905346558E-005     0.120772569254E-002
     0.695476196562E+003     0.599673608826E-003     0.341813957031E-003     0.173905346558E-005     0.120946474601E-002
     0.696476196562E+003     0.599673608825E-003     0.341813957030E-003     0.173905346558E-005     0.121120379947E-002
     0.697476196562E+003     0.599673608824E-003     0.341813957030E-003     0.173905346558E-005     0.121294285294E-002
     0.698476196562E+003     0.599673608823E-003     0.341813957029E-003     0.173905346557E-005     0.121468190640E-002
     0.699476196562E+003     0.599673608823E-003     0.341813957029E-003     0.173905346557E-005     0.121642095987E-002
     0.700476196562E+003     0.599673608822E-003     0.341813957028E-003     0.173905346557E-005     0.121816001333E-002
     0.701476196562E+003     0.599673608821E-003     0.341813957028E-003     0.173905346557E-005     0.121989906680E-002
     0.702476196562E+003     0.599673608820E-003     0.341813957028E-003     0.173905346556E-005     0.122163812027E-002
     0.703476196562E+003     0.599673608819E-003     0.341813957027E-003     0.173905346556E-005     0.122337717373E-002
     0.704476196562E+003     0.599673608819E-003     0.341813957027E-003     0.173905346556E-005     0.122511622720E-002
     0.705476196562E+003     0.599673608818E-003     0.341813957026E-003     0.173905346556E-005     0.122685528066E-002
     0.706476196562E+003     0.599673608817E-003     0.341813957026E-003     0.173905346555E-005     0.122859433413E-002
     0.707476196562E+003     0.599673608816E-003     0.341813957025E-003     0.173905346555E-005     0.123033338759E-002
     0.708476196562E+003     0.599673608815E-003     0.341813957025E-003     0.173905346555E-005     0.123207244106E-002
     0.709476196562E+003     0.599673608814E-003     0.341813957024E-003     0.173905346555E-005     0.123381149452E-002
     0.710476196562E+003     0.599673608813E-003     0.341813957024E-003     0.173905346554E-005     0.123555054799E-002
     0.711476196562E+003     0.599673608813E-003     0.341813957023E-003     0.173905346554E-005     0.123728960146E-002
     0.712476196562E+003     0.599673608812E-003     0.341813957023E-003     0.173905346554E-005     0.123902865492E-002
     0.713476196562E+003     0.599673608811E-003     0.341813957022E-003     0.173905346553E-005     0.124076770839E-002
     0.714476196562E+003     0.599673608810E-003     0.341813957022E-003     0.173905346553E-005     0.124250676185E-002
     0.715476196562E+003     0.599673608809E-003     0.341813957021E-003     0.173905346553E-005     0.124424581532E-002
     0.716476196562E+003     0.599673608808E-003     0.341813957020E-003     0.173905346553E-005     0.124598486878E-002
     0.717476196562E+003     0.599673608807E-003     0.341813957020E-003     0.173905346552E-005     0.124772392225E-002
     0.718476196562E+003     0.599673608806E-003     0.341813957019E-003     0.173905346552E-005     0.124946297571E-002
     0.719476196562E+003     0.599673608805E-003     0.341813957019E-003     0.173905346552E-005     0.125120202918E-002
     0.720476196562E+003     0.599673608804E-003     0.341813957018E-003     0.173905346551E-005     0.125294108265E-002
     0.721476196562E+003     0.599673608803E-003     0.341813957018E-003     0.173905346551E-005     0.125468013611E-002
     0.722476196562E+003     0.599673608802E-003     0.341813957017E-003     0.173905346551E-005     0.125641918958E-002
     0.723476196562E+003     0.599673608801E-003     0.341813957016E-003     0.173905346550E-005     0.125815824304E-002
     0.724476196562E+003     0.599673608800E-003     0.341813957016E-003     0.173905346550E-005     0.125989729651E-002
     0.725476196562E+003     0.599673608799E-003     0.341813957015E-003     0.173905346550E-005     0.126163634997E-002
     0.726476196562E+003     0.599673608797E-003     0.341813957015E-003     0.173905346549E-005     0.126337540344E-002
     0.727476196562E+003     0.599673608796E-003     0.341813957014E-003     0.173905346549E-005     0.126511445690E-002
     0.728476196562E+003     0.599673608795E-003     0.341813957013E-003     0.173905346549E-005     0.126685351037E-002
     0.729476196562E+003     0.599673608794E-003     0.341813957013E-003     0.173905346548E-005     0.126859256384E-002
     0.730476196562E+003     0.599673608793E-003     0.341813957012E-003     0.173905346548E-005     0.127033161730E-002
     0.731476196562E+003     0.599673608792E-003     0.341813957011E-003     0.173905346548E-005     0.127207067077E-002
     0.732476196562E+003     0.599673608791E-003     0.341813957011E-003     0.173905346547E-005     0.127380972423E-002
     0.733476196562E+003     0.599673608789E-003     0.341813957010E-003     0.173905346547E-005     0.127554877770E-002
     0.734476196562E+003     0.599673608788E-003     0.341813957009E-003     0.173905346546E-005     0.127728783116E-002
     0.735476196562E+003     0.599673608787E-003     0.341813957009E-003     0.173905346546E-005     0.127902688463E-002
     0.736476196562E+003     0.599673608786E-003     0.341813957008E-003     0.173905346546E-005     0.128076593809E-002
     0.737476196562E+003     0.599673608784E-003     0.341813957007E-003     0.173905346545E-005     0.128250499156E-002
     0.738476196562E+003     0.599673608783E-003     0.341813957006E-003     0.173905346545E-005     0.128424404502E-002
     0.739476196562E+003     0.599673608782E-003     0.341813957006E-003     0.173905346544E-005     0.128598309849E-002
     0.740476196562E+003     0.599673608781E-003     0.341813957005E-003     0.173905346544E-005     0.128772215196E-002
     0.741476196562E+003     0.599673608779E-003     0.341813957004E-003     0.173905346544E-005     0.128946120542E-002
     0.742476196562E+003     0.599673608778E-003     0.341813957003E-003     0.173905346543E-005     0.129120025889E-002
     0.743476196562E+003     0.599673608777E-003     0.341813957003E-003     0.173905346543E-005     0.129293931235E-002
     0.744476196562E+003     0.599673608775E-003     0.341813957002E-003     0.173905346542E-005     0.129467836582E-002
     0.745476196562E+003     0.599673608774E-003     0.341813957001E-003     0.173905346542E-005     0.129641741928E-002
     0.746476196562E+003     0.599673608772E-003     0.341813957000E-003     0.173905346542E-005     0.129815647275E-002
     0.747476196562E+003     0.599673608771E-003     0.341813956999E-003     0.173905346541E-005     0.129989552621E-002
     0.748476196562E+003     0.599673608770E-003     0.341813956999E-003     0.173905346541E-005     0.130163457968E-002
     0.749476196562E+003     0.599673608768E-003     0.341813956998E-003     0.173905346540E-005     0.130337363314E-002
     0.750476196562E+003     0.599673608767E-003     0.341813956997E-003     0.173905346540E-005     0.130511268661E-002
     0.751476196562E+003     0.599673608765E-003     0.341813956996E-003     0.173905346539E-005     0.130685174007E-002
     0.752476196562E+003     0.599673608764E-003     0.341813956995E-003     0.173905346539E-005     0.130859079354E-002
     0.753476196562E+003     0.599673608762E-003     0.341813956994E-003     0.173905346538E-005     0.131032984701E-002
