 #              _____________________  _______________________             #
 #              ___  __ \__  __ \_  / / /_  /___  ____/_  ___/             #
 #              __  / / /_  /_/ /  / / /_  __/_  __/  _____ \              #
 #              _  /_/ /_  _, _// /_/ / / /_ _  /___  ____/ /              #
 #              /_____/ /_/ |_| \____/  \__/ /_____/  /____/               #
 #                                                                         #
  
 DRUtES is initializing, reading input files
 ---------------------------------------------------------------
 18hrs : 56min : 52.178s  -  2021/01/15    total number of parallel images is:                    1
 ---------------------------------------------------------------
 18hrs : 56min : 52.178s  -  2021/01/15    reading input files and allocating...
 ---------------------------------------------------------------
 18hrs : 56min : 52.179s  -  2021/01/15    number of nodes:                  141 number of elements:                  140
 ---------------------------------------------------------------
 18hrs : 56min : 52.179s  -  2021/01/15    analyzing mesh structure...
 ---------------------------------------------------------------
 18hrs : 56min : 52.180s  -  2021/01/15    The file with inputs for inverse modeling is: drutes.conf/kinwave/inputs.dat
 ---------------------------------------------------------------
 18hrs : 56min : 52.212s  -  2021/01/15    DRUtES solves kinematic wave equation for real catchments
 ---------------------------------------------------------------
 18hrs : 56min : 52.212s  -  2021/01/15    making output files for observation time
 ---------------------------------------------------------------
 18hrs : 56min : 52.213s  -  2021/01/15    go 4 solving
 ---------------------------------------------------------------
 18hrs : 56min : 52.216s  -  2021/01/15    current simulation time:   1.0000000000000000 total iteration count:                    1
 ---------------------------------------------------------------
 18hrs : 57min : 05.530s  -  2021/01/15    making output files for observation time
 ---------------------------------------------------------------
 18hrs : 57min : 05.552s  -  2021/01/15    DRUtES will allocate:   25.904000000000000 kB  of RAM for objective function computation.
 ---------------------------------------------------------------
 18hrs : 57min : 05.574s  -  2021/01/15    # real elapsed CPU time =   13.450000000000728 s
 ---------------------------------------------------------------
 18hrs : 57min : 05.574s  -  2021/01/15    minimal adjusted time step was   1.0000000000000000
 ---------------------------------------------------------------
 18hrs : 57min : 05.574s  -  2021/01/15    F I N I S H E D !!!!!
 ---------------------------------------------------------------
 18hrs : 57min : 05.600s  -  2021/01/15    Peak RAM  consumption on image                    1 was:                18924 kB
 ---------------------------------------------------------------
 18hrs : 57min : 05.600s  -  2021/01/15    Peak SWAP consumption on image                    1 was:                    0 kB
