nohup: ignoring input

 SADE algorithm is used: 

 pool_rate: 6 
 SelectedSize: 24 
 PoolSize: 48 
 radioactivity: 0.200000 
 local_radioactivity: 0.200000 
 gradient: 0 
 cross_rate: 0.500000 
 mutation_rate: 0.500000 
 mutagen_rate: 2000.000000 

 ++       22 OBJs:  -256.07 TMP:  -256.07 
  0.32058   2.2914  0.24119   187.22@@@ ID 1 : -42242.084252 for    0.851786    2.90055   0.538178    5132.11
@@@ ID 2 : -4208.295294 for    0.557731    1.34259   0.499461    4859.85
@@@ ID 3 : -50756.852153 for    0.888646    2.64219   0.500945    8182.03
@@@ ID 4 : -3240.439728 for    0.152056     3.3888   0.471106    7371.76
@@@ ID 5 : -4861.796613 for    0.518269    2.04241   0.336863    8062.03
@@@ ID 6 : -6768.467093 for    0.757463       1.53    0.73695    1717.55
@@@ ID 7 : -38218.230472 for    0.980114    2.61283   0.855598    4522.82
@@@ ID 8 : -12929.094620 for    0.875496    1.59009   0.690451     7272.8
@@@ ID 9 : -5768.489353 for    0.810388    1.59208   0.368343    3681.14
@@@ ID 10 : -1596.153760 for    0.282948    3.02146   0.797869    1715.86
@@@ ID 11 : -1735.701359 for    0.208025    1.88786   0.892852    3600.66
@@@ ID 12 : -2572.724844 for   0.0768431    2.16239   0.268069    5950.99
@@@ ID 13 : -7497.137496 for    0.713496    1.91364   0.480911    4709.55
@@@ ID 14 : -3333.349368 for    0.455476     1.5467   0.649896    4355.85
@@@ ID 15 : -36408.328306 for    0.698147    2.75887   0.821506    5736.39
@@@ ID 16 : -31868.194323 for    0.762359    2.78611   0.410643    5727.43
@@@ ID 17 : -4749.093184 for    0.772269    2.64715   0.858599    552.082
@@@ ID 18 : -1892.292477 for    0.209707    3.39511   0.358755    4177.17
@@@ ID 19 : -650.386144 for   0.0789822    1.68891   0.744447    1558.08
@@@ ID 20 : -26326.017562 for    0.593667    3.63132   0.725634    3071.57
@@@ ID 21 : -2853.993979 for     0.16779    1.49901   0.744678    6232.53
@@@ ID 22 : -256.071889 for    0.320584    2.29142   0.241186    187.224
@@@ ID 23 : -3336.733397 for  0.000106157    3.84277   0.614652    7624.53
@@@ ID 24 : -24604.049879 for    0.535218    3.68517   0.434637    3074.81
@@@ ID 25 : -3675.308506 for    0.434691    1.86435   0.453881    6443.85
@@@ ID 26 : -587.427447 for   0.0710153    2.78897    0.24347     1499.8
@@@ ID 27 : -34959.961651 for    0.806062    3.52765    0.41405    3997.24
@@@ ID 28 : -10389.887344 for    0.714907    1.21724   0.694816    8826.86
@@@ ID 29 : -2400.467148 for    0.208905    2.48072   0.554157    5294.75
@@@ ID 30 : -65974.359964 for    0.905812    2.71609   0.583737    9059.07
@@@ ID 31 : -2056.680901 for    0.511483    1.46464   0.667852    466.921
@@@ ID 32 : -2046.215462 for   0.0338431    1.06049    0.44792     4685.2
@@@ ID 33 : -1787.464900 for    0.279615    3.16473   0.279032    3506.14
@@@ ID 34 : -898.992580 for    0.306345    1.56626   0.550415    1123.99
@@@ ID 35 : -3221.678644 for   0.0148957    3.42882   0.558485     7297.9
@@@ ID 36 : -5393.707060 for    0.863071    1.69606   0.628733    719.669
@@@ ID 37 : -7241.905105 for    0.703996    1.39932   0.621008    6098.05
@@@ ID 38 : -4588.284498 for    0.683192    1.49143   0.560998    1946.68
@@@ ID 39 : -1600.222470 for    0.290198    1.59301   0.368951    3240.25
@@@ ID 40 : -2121.807010 for    0.187635    2.80681   0.754781    4672.35
@@@ ID 41 : -5967.012080 for    0.312395    3.72107   0.772494    6187.27
@@@ ID 42 : -377.712720 for   0.0804603     1.9894   0.711787    953.378
@@@ ID 43 : -4378.549737 for    0.124828    1.76758   0.777589    9878.88
@@@ ID 44 : -1702.663393 for    0.462254    2.34093   0.241898    1662.42
@@@ ID 45 : -16795.409794 for     0.55602    3.00082   0.743232    2392.06
@@@ ID 46 : -6579.757208 for    0.810932    1.91068    0.50371    1011.22
@@@ ID 47 : -10639.444346 for    0.475833    3.04193   0.497602    6634.55
@@@ ID 48 : -2658.100806 for    0.270767    1.69218   0.291483    5831.48
 ++       22 OBJs:   -256.07 TMP:  -256.07X =    0.32058   2.2914  0.24119   187.22 
@@@ ID 49 : -3345.233467 for    0.452417    1.45161   0.481606    5326.73
@@@ ID 50 : -2432.533352 for    0.223697    3.32948   0.627351    5047.14
@@@ ID 51 : -554.360919 for     0.18336    3.23642   0.527572    1258.18
@@@ ID 52 : -59545.827686 for    0.778808    3.06963   0.561475    7459.14
@@@ ID 53 : -2629.044136 for    0.349438    2.42797   0.699235       3692
@@@ ID 54 : -3673.220313 for    0.434665    1.86472    0.45364    6440.11
@@@ ID 55 : -12 ++       69 OBJs:  -94.086 TMP:  -94.086 
  0.50843   2.1553      0.2     0.01 ++       88 OBJs:  -27.381 TMP:  -27.381 
 0.077412   1.7366      0.2   114.68