   _____  _____  _    _ _   ______  _____ 
  |  __ \|  __ \| |  | | | |  ____|/ ____|
  | |  | | |__) | |  | | |_| |__  | (___  
  | |  | |  _  /| |  | | __|  __|  \___ \ 
  | |__| | | \ \| |__| | |_| |____ ____) | 
  |_____/|_|  \_\\____/ \__|______|_____/ 
  
  
  
 DRUtES is initialising, reading input files
 ---------------------------------------------------------------
 18hrs : 24min : 30.884s  -  2018/04/23    total number of parallel images is:                    1
 ---------------------------------------------------------------
 18hrs : 24min : 30.885s  -  2018/04/23    reading input files and allocating...
 ---------------------------------------------------------------
 18hrs : 24min : 31.134s  -  2018/04/23    number of nodes:                 4503 number of elements:                 8488
 ---------------------------------------------------------------
 18hrs : 24min : 31.205s  -  2018/04/23    calculating elements geometrical properties...
 ---------------------------------------------------------------
 18hrs : 24min : 31.222s  -  2018/04/23    analyzing mesh structure...
 ---------------------------------------------------------------
 18hrs : 24min : 31.232s  -  2018/04/23    creating graph of the discretization mesh, and searching for boundary nodes...
 ---------------------------------------------------------------
 18hrs : 24min : 31.891s  -  2018/04/23    DRUtES solves Richards' equation, in                    2 D, in cylindric coordinates and axysimmetric flow, in total hydraulic head form.
 ---------------------------------------------------------------
 18hrs : 24min : 31.891s  -  2018/04/23    making output files for observation time
 ---------------------------------------------------------------
 18hrs : 24min : 34.564s  -  2018/04/23    go 4 solving
 ---------------------------------------------------------------
 19hrs : 04min : 57.013s  -  2018/04/23    making output files for observation time
 ---------------------------------------------------------------
 19hrs : 04min : 59.582s  -  2018/04/23    # real elapsed CPU time =   40.449800618489583 min
 ---------------------------------------------------------------
 19hrs : 04min : 59.582s  -  2018/04/23    minimal adjusted time step was   9.9999999999999995E-008
 ---------------------------------------------------------------
 19hrs : 04min : 59.582s  -  2018/04/23    F I N I S H E D !!!!!
 ---------------------------------------------------------------
 19hrs : 04min : 59.583s  -  2018/04/23    Peak RAM  consumption on image                    1 was:                23776 kB
 ---------------------------------------------------------------
 19hrs : 04min : 59.583s  -  2018/04/23    Peak SWAP consumption on image                    1 was:                    0 kB
