 #              _____________________  _______________________             #
 #              ___  __ \__  __ \_  / / /_  /___  ____/_  ___/             #
 #              __  / / /_  /_/ /  / / /_  __/_  __/  _____ \              #
 #              _  /_/ /_  _, _// /_/ / / /_ _  /___  ____/ /              #
 #              /_____/ /_/ |_| \____/  \__/ /_____/  /____/               #
 #                                                                         #
  
 #        time                      [M.L-3]                   solute mass [M]       conc flux [M.L3.T-1.L-2]   in    x              directions   cumulative flux
 #-----------------------------------------------------------------------------------------------

   0.0000000000000000          0.0000000000000000          0.0000000000000000         -0.0000000000000000          0.0000000000000000     
  0.50000000000000000          13.457087580249350          3.2521294985468012E-004    -9.8315865706853330E-004     0.0000000000000000     
   1.0030000000000001          13.403607432251832          1.5811770083612103E-004    -2.9634501573135187E-004     1.4817250786567594E-004
   1.5090180000000002          13.349949839623307          2.4623852864600633E-004    -6.2170572349994947E-004     4.6089048678615049E-004
   2.0180721080000001          13.296224919296222          1.8068182859384808E-004    -3.7212013432456138E-004     6.4918997291679638E-004
   2.5301805406480002          13.242373570538305          2.1607866859585151E-004    -5.0275208178394927E-004     9.0511798545446769E-004
   3.0453616238918881          13.188434617285026          1.9190257619397023E-004    -4.1366659377789651E-004     1.1169601364329031E-003
   3.5636337936352396          13.134385566544182          2.0466943141895074E-004    -4.6180617969053924E-004     1.3548739443345968E-003
   4.0850155963970511          13.080241812579885          1.9550330783140428E-004    -4.2903324252117312E-004     1.5772299338280707E-003
   4.6095256899754338          13.025995838106979          1.9962147102413002E-004    -4.4543335865952451E-004     1.8094707813762221E-003
   5.1371828441152863          12.971654011694540          1.9580877242511392E-004    -4.3254830319762276E-004     2.0363467323635778E-003
   5.6680059411799775          12.917214390412610          1.9676667468245665E-004    -4.3730516577071901E-004     2.2670939316248120E-003
   6.2020139768270575          12.862680051017193          1.9486461650489552E-004    -4.3149782366062086E-004     2.4961429427570168E-003
   6.7392260606880194          12.808051083257368          1.9467940953929718E-004    -4.3203865858985587E-004     2.7268550581541848E-003
   7.2796614170521474          12.753329395154893          1.9346119619975994E-004    -4.2876435400183554E-004     2.9571924502528103E-003
   7.8233393855544602          12.698515827096614          1.9286194951703589E-004    -4.2777974780558095E-004     3.1883797507034762E-003
   8.3702794218677870          12.643611885517728          1.9188829421086160E-004    -4.2541354028352915E-004     3.4196677200582022E-003
   8.9205010983989936          12.588618700736760          1.9113781666021089E-004    -4.2387414253309131E-004     3.6515014589675312E-003
   9.4740241049893879          12.533537653787690          1.9025081122465967E-004    -4.2183216423192474E-004     3.8836026595860081E-003
   10.030868249619324          12.478369999202883          1.8944395138294692E-004    -4.2008832231529066E-004     4.1161312107874824E-003
   10.591053459117040          12.423117092179808          1.8858668995345662E-004    -4.1816012782425177E-004     4.3489812294841227E-003
   11.154599779871742          12.367780251727616          1.8775777640576239E-004    -4.1633858114404205E-004     4.5822079447842799E-003
   11.721527378550972          12.312360843185814          1.8690973156269808E-004    -4.1444818492438043E-004     4.8157686945418787E-003
   12.291856542822277          12.256860228460326          1.8607125000061369E-004    -4.1259495367426349E-004     5.0496801608555970E-003
   12.865607682079210          12.201279796066132          1.8522503367419412E-004    -4.1071492865815153E-004     5.2839228628709500E-003
   13.442801328171685          12.145620942989090          1.8438157033472295E-004    -4.0884683758828137E-004     5.5184992017188210E-003
   14.023458136140714          12.089885085646308          1.8353455270252601E-004    -4.0696733916730415E-004     5.7533981640533506E-003
   14.607598884957559          12.034073653256087          1.8268783136406058E-004    -4.0509063174568554E-004     5.9886167972209581E-003
   15.195244478267304          11.978188091841282          1.8183911055230401E-004    -4.0320819851760134E-004     6.2241471362321204E-003
   15.786415945136907          11.922229861794882          1.8098981616036295E-004    -4.0132527631369400E-004     6.4599841663416785E-003
   16.381134440807728          11.866200439338812          1.8013911998256390E-004    -3.9943877124610507E-004     6.6961209706638304E-003
   16.979421247452574          11.810101315620614          1.7928756037714826E-004    -3.9755063943597128E-004     6.9325516889021640E-003
   17.581297774937291          11.753933997237198          1.7843484737394295E-004    -3.9565977544464456E-004     7.1692697124707576E-003
   18.186785561586913          11.697700005889430          1.7758119394527903E-004    -3.9376693219472108E-004     7.4062687862584253E-003
   18.795906274956433          11.641400878559082          1.7672650812636020E-004    -3.9187173532454221E-004     7.6435423359306294E-003
   19.408681712606171          11.585038167365084          1.7587088352878560E-004    -3.8997449595842609E-004     7.8810838791047461E-003
   20.025133802881808          11.528613439609842          1.7501430136550845E-004    -3.8807510949373709E-004     8.1188867741657407E-003
   20.645284605699100          11.472128277705245          1.7415681155469762E-004    -3.8617372489929290E-004     8.3569443740894381E-003
   21.269156313333294          11.415584279167689          1.7329842259116362E-004    -3.8427033771865277E-004     8.5952499325245325E-003
   21.896771251213295          11.358983056566380          1.7243916854748503E-004    -3.8236503768408731E-004     8.8337966615241181E-003
   22.528151878720575          11.302326237495386          1.7157906828945647E-004    -3.8045785799171712E-004     9.0725776964335481E-003
   23.163320789992898          11.245615464526452          1.7071815031299595E-004    -3.7854886709112387E-004     9.3115861176797116E-003
   23.802300714732855          11.188852395168944          1.6985643760994066E-004    -3.7663811275550583E-004     9.5508149377022886E-003
   24.445114519021253          11.132038701820342          1.6899395689270834E-004    -3.7472565617392223E-004     9.7902571092824322E-003
   25.091785206135381          11.075176071717777          1.6813073296704730E-004    -3.7281155115602562E-004     1.0029905520763695E-002
   25.742335917372191          11.018266206883816          1.6726679216443134E-004    -3.7089585681821452E-004     1.0269752999340112E-002
   26.396789932876423          10.961310824070978          1.6640216024531968E-004    -3.6897862983605766E-004     1.0509792309411145E-002
   27.055170672473682          10.904311654701715          1.6553686367834654E-004    -3.6705992917307928E-004     1.0750016153989166E-002
   27.717501696508524          10.847270444805709          1.6467092885716060E-004    -3.6513981318787923E-004     1.0990417174252207E-002
   28.383806706687576          10.790188954954665          1.6380438257763023E-004    -3.6321834139917933E-004     1.1230987950259362E-002
   29.054109546927702          10.733068960192391          1.6293725174430592E-004    -3.6129557340257973E-004     1.1471721000973014E-002
   29.728434204209268          10.675912249962444          1.6206956354829007E-004    -3.5937156952952856E-004     1.1712608784730209E-002
   30.406804809434522          10.618720628032811          1.6120134535653135E-004    -3.5744639043988174E-004     1.1953643699460115E-002
   31.089245638291128          10.561495912415886          1.6033262477771438E-004    -3.5552009736720437E-004     1.2194818083080847E-002
   31.775781112120875          10.504239935286527          1.5946342961989480E-004    -3.5359275196404383E-004     1.2436124213808878E-002
   32.466435798793597          10.446954542895625          1.5859378791439931E-004    -3.5166441639219521E-004     1.2677554310545756E-002
   33.161234413586357          10.389641595480612          1.5772372789900110E-004    -3.4973515326253238E-004     1.2919100533240729E-002
   33.860201820067871          10.332302967172531          1.5685327802600086E-004    -3.4780502566695730E-004     1.3160754983292092E-002
   34.563363030988278          10.274940545899227          1.5598246695492840E-004    -3.4587409715360138E-004     1.3402509703948682E-002
   35.270743209174206          10.217556233285421          1.5511132355460852E-004    -3.4394243173670142E-004     1.3644356680735570E-002
   35.982367668429255          10.160151944548673          1.5423987689937619E-004    -3.4201009388494817E-004     1.3886287841889292E-002
   36.698261874439829          10.102729608392210          1.5336815626880966E-004    -3.4007714852290387E-004     1.4128295058811901E-002
   37.418451445686472          10.045291166893477          1.5249619114519815E-004    -3.3814366102414618E-004     1.4370370146538291E-002
   38.142962154360589          9.9878385753899366          1.5162401121232821E-004    -3.3620969720934399E-004     1.4612504864220451E-002
   38.871819927286751          9.9303738023600232          1.5075164635335481E-004    -3.3427532334106327E-004     1.4854690915626554E-002
   39.605050846850474          9.8728988293011568          1.4987912664914807E-004    -3.3234060612039311E-004     1.5096919949656395E-002
   40.342681151931579          9.8154156506037680          1.4900648237625862E-004    -3.3040561268225387E-004     1.5339183560872419E-002
   41.084737238843168          9.7579262734212406          1.4813374400501827E-004    -3.2847041059129710E-004     1.5581473290046992E-002
   41.831245662276224          9.7004327175363869          1.4726094219746702E-004    -3.2653506783724068E-004     1.5823780624725704E-002
   42.582233136249883          9.6429370152240637          1.4638810780529530E-004    -3.2459965283034627E-004     1.6066096999807003E-002
   43.337726535067382          9.5854412111093907          1.4551527186767535E-004    -3.2266423439658820E-004     1.6308413798138140E-002
   44.097752894277789          9.5279473620229496          1.4464246560907197E-004    -3.2072888177281091E-004     1.6550722351127617E-002
   44.862339411643454          9.4704575368509154          1.4376972043696242E-004    -3.1879366460166634E-004     1.6793013939374164E-002
   45.631513448113317          9.4129738163824683          1.4289706793952348E-004    -3.1685865292649048E-004     1.7035279793312406E-002
   46.405302528801997          9.3554982931523014          1.4202453988323706E-004    -3.1492391718598839E-004     1.7277511093875254E-002
   47.183734343974805          9.2980330712793986          1.4115216821044676E-004    -3.1298952820882288E-004     1.7519698973173143E-002
   47.966836750038652          9.2405802663021319          1.4027998503684990E-004    -3.1105555720804562E-004     1.7761834515190193E-002
   48.754637770538885          9.1831420050088184          1.3940802264893052E-004    -3.0912207577541361E-004     1.8003908756497371E-002
   49.547165597162120          9.1257204252645607          1.3853631350132492E-004    -3.0718915587553874E-004     1.8245912686982724E-002
   50.344448590745095          9.0683176758337964          1.3766489021413314E-004    -3.0525686983993441E-004     1.8487837250598778E-002
   51.146515282289563          9.0109359161991236          1.3679378557016457E-004    -3.0332529036090206E-004     1.8729673346127143E-002
   51.953394373983301          8.9535773163754513          1.3592303251211884E-004    -3.0139449048528273E-004     1.8971411827960406E-002
   52.765114740227197          8.8962440567206826          1.3505266413971098E-004    -2.9946454360808215E-004     1.9213043506901374E-002
   53.581705428668563          8.8389383277416513          1.3418271370672596E-004    -2.9753552346594000E-004     1.9454559150979718E-002
   54.403195661240574          8.7816623298965055          1.3331321461801715E-004    -2.9560750413047161E-004     1.9695949486286054E-002
   55.229614835208018          8.7244182733923630          1.3244420042643758E-004    -2.9368056000146837E-004     1.9937205197823538E-002
   56.060992524219266          8.6672083779794775          1.3157570482971107E-004    -2.9175476579995359E-004     2.0178316930376999E-002
   56.897358479364584          8.6100348727402931          1.3070776166723417E-004    -2.8983019656109735E-004     2.0419275289399640E-002
   57.738742630240772          8.5528999958754994          1.2984040491682486E-004    -2.8790692762700190E-004     2.0660070841917351E-002
   58.585175086022218          8.4958059944847264          1.2897366869139566E-004    -2.8598503463932856E-004     2.0900694117450658E-002
   59.436686136538349          8.4387551243440164          1.2810758723557348E-004    -2.8406459353179906E-004     2.1141135608954337E-002
   60.293306253357578          8.3817496496784116          1.2724219492225012E-004    -2.8214568052255154E-004     2.1381385773774682E-002
   61.155066090877725          8.3247918429308356          1.2637752624906903E-004    -2.8022837210634280E-004     2.1621435034624482E-002
   62.021996487422989          8.2678839845264704          1.2551361583485487E-004    -2.7831274504664093E-004     2.1861273780575660E-002
   62.894128466347524          8.2110283626328808          1.2465049841596515E-004    -2.7639887636752604E-004     2.2100892368069627E-002
   63.771493237145613          8.1542272729163763          1.2378820884259638E-004    -2.7448684334550595E-004     2.2340281121945294E-002
   64.654122196568480          8.0974830182936941          1.2292678207501305E-004    -2.7257672350115245E-004     2.2579430336484775E-002
   65.542046929747897          8.0407979086798740          1.2206625317971862E-004    -2.7066859459060863E-004     2.2818330276476735E-002
   66.435299211326381          7.9841742607315140          1.2120665732556075E-004    -2.6876253459695717E-004     2.3056971178297362E-002
   67.333911006594334          7.9276143975863747          1.2034802977977524E-004    -2.6685862172144329E-004     2.3295343251008932E-002
   68.237914472633904          7.8711206485983283          1.1949040590396571E-004    -2.6495693437456552E-004     2.3533436677475955E-002
   69.147341959469713          7.8146953490686464          1.1863382115001989E-004    -2.6305755116701375E-004     2.3771241615498817E-002
   70.062226011226528          7.7583408399725471          1.1777831105596379E-004    -2.6116055090048422E-004     2.4008748198964900E-002
   70.982599367293886          7.7020594676822256          1.1692391124175151E-004    -2.5926601255833585E-004     2.4245946539017106E-002
   71.908494963497645          7.6458535836852661          1.1607065740499537E-004    -2.5737401529612954E-004     2.4482826725239736E-002
   72.839945933278628          7.5897255442994371          1.1521858531663263E-004    -2.5548463843201401E-004     2.4719378826861649E-002
   73.776985608878306          7.5336777103826726          1.1436773081652486E-004    -2.5359796143697131E-004     2.4955592893976596E-002
   74.719647522531574          7.4777124470400018          1.1351812980900744E-004    -2.5171406392494574E-004     2.5191458958780704E-002
   75.667965407666770          7.4218321233255082          1.1266981825836740E-004    -2.4983302564282031E-004     2.5426967036826953E-002
   76.621973200112777          7.3660391119408288          1.1182283218426247E-004    -2.4795492646025323E-004     2.5662107128296592E-002
   77.581705039313448          7.3103357889294358          1.1097720765708478E-004    -2.4607984635940418E-004     2.5896869219287379E-002
   78.547195269549334          7.2547245333670709          1.1013298079325687E-004    -2.4420786542449718E-004     2.6131243283118503E-002
   79.518478441166636          7.1992077270480763          1.0929018775047350E-004    -2.4233906383127520E-004     2.6365219281652110E-002
   80.495589311813632          7.1437877541680379          1.0844886472288114E-004    -2.4047352183630724E-004     2.6598787166631260E-002
   81.478562847684515          7.0884670010024706          1.0760904793620253E-004    -2.3861131976618059E-004     2.6831936881034222E-002
   82.467434224770628          7.0332478555815214          1.0677077364279609E-004    -2.3675253800654278E-004     2.7064658360444919E-002
   83.462238830119247          6.9781327073611159          1.0593407811666595E-004    -2.3489725699104010E-004     2.7296941534439397E-002
   84.462238830119247          6.9231661247289615          1.0509963794440919E-004    -2.3304697697661090E-004     2.7528777740398306E-002
   85.462238830119247          6.8686325105420352          1.0427177060689525E-004    -2.3121127150589035E-004     2.7759989011904195E-002
   86.462238830119247          6.8145284543437619          1.0345042433044934E-004    -2.2939002577640502E-004     2.7989379037680600E-002
   87.462238830119247          6.7608505725414894          1.0263554774921429E-004    -2.2758312588997242E-004     2.8216962163570572E-002
   88.462238830119247          6.7075955081948102          1.0182708990193691E-004    -2.2579045884557535E-004     2.8442752622416148E-002
   89.462238830119247          6.6547599308057102          1.0102500022878229E-004    -2.2401191253229751E-004     2.8666764534948444E-002
   90.462238830119247          6.6023405361102050          1.0022922856817127E-004    -2.2224737572231230E-004     2.8889011910670757E-002
   91.462238830119247          6.5503340458717361          9.9439725153642532E-005    -2.2049673806392216E-004     2.9109508648734680E-002
   92.462238830119247          6.4987372076761929          9.8656440610742701E-005    -2.1875989007466584E-004     2.9328268538809345E-002
   93.462238830119247          6.4475467947284031          9.7879325953935625E-005    -2.1703672313446305E-004     2.9545305261943808E-002
   94.462238830119247          6.3967596056504199          9.7108332583540480E-005    -2.1532712947882517E-004     2.9760632391422633E-002
   95.462238830119247          6.3463724642813126          9.6343412282692560E-005    -2.1363100219211692E-004     2.9974263393614749E-002
   96.462238830119247          6.2963822194784704          9.5584517214327314E-005    -2.1194823520086903E-004     3.0186211628815619E-002
   97.462238830119247          6.2467857449205972          9.4831599918188356E-005    -2.1027872326714195E-004     3.0396490352082760E-002
   98.462238830119247          6.1975799389121669          9.4084613307860216E-005    -2.0862236198194816E-004     3.0605112714064707E-002
   99.462238830119247          6.1487617241894661          9.3343510667823841E-005    -2.0697904775872326E-004     3.0812091761823431E-002
   100.46223883011925          6.1003280477281230          9.2608245650533299E-005    -2.0534867782684142E-004     3.1017440439650271E-002
   101.46223883011925          6.0522758805521732          9.1878772273519009E-005    -2.0373115022519520E-004     3.1221171589875467E-002
   102.46223883011925          6.0046022175446332          9.1155044916511270E-005    -2.0212636379581548E-004     3.1423297953671284E-002
   103.46223883011925          5.9573040772596464          9.0437018318588090E-005    -2.0053421817754693E-004     3.1623832171848831E-002
   104.46223883011925          5.9103785017358490          8.9724647575342684E-005    -1.9895461379976833E-004     3.1822786785648600E-002
   105.46223883011925          5.8638225563115860          8.9017888136078087E-005    -1.9738745187617161E-004     3.2020174237524769E-002
   106.46223883011925          5.8176333294412323          8.8316695801018174E-005    -1.9583263439857651E-004     3.2216006871923344E-002
   107.46223883011925          5.7718079325131626          8.7621026718544972E-005    -1.9429006413080604E-004     3.2410296936054149E-002
   108.46223883011925          5.7263434996691451          8.6930837382457005E-005    -1.9275964460260686E-004     3.2603056580656757E-002
   109.46223883011925          5.6812371876250083          8.6246084629245873E-005    -1.9124128010360961E-004     3.2794297860760366E-002
   110.46223883011925          5.6364861754929407          8.5566725635399546E-005    -1.8973487567734961E-004     3.2984032736437713E-002
   111.46223883011925          5.5920876646049855          8.4892717914722854E-005    -1.8824033711532651E-004     3.3172273073553041E-002
   112.46223883011925          5.5480388783381009          8.4224019315681079E-005    -1.8675757095111192E-004     3.3359030644504149E-002
   113.46223883011925          5.5043370619403884          8.3560588018762201E-005    -1.8528648445450172E-004     3.3544317128958653E-002
   114.46223883011925          5.4609794823589972          8.2902382533865302E-005    -1.8382698562572600E-004     3.3728144114584378E-002
   115.46223883011925          5.4179634280689992          8.2249361697700794E-005    -1.8237898318968152E-004     3.3910523097774058E-002
   116.46223883011925          5.3752862089039901          8.1601484671220753E-005    -1.8094238659023722E-004     3.4091465484364293E-002
   117.46223883011925          5.3329451558877299          8.0958710937061940E-005    -1.7951710598456183E-004     3.4270982590348852E-002
   118.46223883011925          5.2909376210673109          8.0321000297013410E-005    -1.7810305223750952E-004     3.4449085642586363E-002
   119.46223883011925          5.2492609773474470          7.9688312869500964E-005    -1.7670013691604210E-004     3.4625785779502406E-002
   120.46223883011925          5.2079126183263487          7.9060609087095680E-005    -1.7530827228370434E-004     3.4801094051786108E-002
   121.46223883011925          5.1668899581325682          7.8437849694036670E-005    -1.7392737129513045E-004     3.4975021423081239E-002
   122.46223883011925          5.1261904312633231          7.7819995743777100E-005    -1.7255734759060329E-004     3.5147578770671845E-002
   123.46223883011925          5.0858114924241349          7.7207008596549939E-005    -1.7119811549065684E-004     3.5318776886162501E-002
   124.46223883011925          5.0457506163695438          7.6598849916948913E-005    -1.6984958999071096E-004     3.5488626476153209E-002
   125.46223883011925          5.0060052977452045          7.5995481671532582E-005    -1.6851168675576037E-004     3.5657138162908969E-002
   126.46223883011925          4.9665730509312986          7.5396866126446559E-005    -1.6718432211510118E-004     3.5824322485024068E-002
   127.46223883011925          4.9274514098869417          7.4802965845061366E-005    -1.6586741305709291E-004     3.5990189898081164E-002
   128.46223883011925          4.8886379279960614          7.4213743685633003E-005    -1.6456087722397180E-004     3.6154750775305139E-002
   129.46223883011925          4.8501301779143784          7.3629162798980293E-005    -1.6326463290670059E-004     3.6318015408211841E-002
   130.46223883011925          4.8119257514175739          7.3049186626178986E-005    -1.6197859903985414E-004     3.6479994007251694E-002
   131.46223883011925          4.7740222592506854          7.2473778896276302E-005    -1.6070269519655316E-004     3.6640696702448246E-002
   132.46223883011925          4.7364173309787319          7.1902903624023349E-005    -1.5943684158343599E-004     3.6800133544031680E-002
   133.46223883011925          4.6991086148383907          7.1336525107622541E-005    -1.5818095903566252E-004     3.6958314503067344E-002
   134.46223883011925          4.6620937775909965          7.0774607926496710E-005    -1.5693496901196812E-004     3.7115249472079309E-002
   135.46223883011925          4.6253705043765887          7.0217116939074047E-005    -1.5569879358975368E-004     3.7270948265669061E-002
   136.46223883011925          4.5889364985691490          6.9664017280588272E-005    -1.5447235546020354E-004     3.7425420621129267E-002
   137.46223883011925          4.5527894816329795          6.9115274360901434E-005    -1.5325557792346305E-004     3.7578676199052731E-002
   138.46223883011925          4.5169271929801731          6.8570853862337188E-005    -1.5204838488382943E-004     3.7730724583936559E-002
   139.46223883011925          4.4813473898293203          6.8030721737537882E-005    -1.5085070084500311E-004     3.7881575284781560E-002
   140.46223883011925          4.4460478470651452          6.7494844207333042E-005    -1.4966245090536039E-004     3.8031237735686924E-002
   141.46223883011925          4.4110263570994448          6.6963187758627943E-005    -1.4848356075327084E-004     3.8179721296440192E-002
   142.46223883011925          4.3762807297329278          6.6435719142306682E-005    -1.4731395666244852E-004     3.8327035253102638E-002
   143.46223883011925          4.3418087920183588          6.5912405371154804E-005    -1.4615356548734599E-004     3.8473188818589986E-002
   144.46223883011925          4.3076083881245761          6.5393213717794102E-005    -1.4500231465857345E-004     3.8618191133248561E-002
   145.46223883011925          4.2736773792017253          6.4878111712637389E-005    -1.4386013217836474E-004     3.8762051265426929E-002
   146.46223883011925          4.2400136432474547          6.4367067141857546E-005    -1.4272694661607448E-004     3.8904778212043002E-002
   147.46223883011925          4.2066150749742306          6.3860048045372356E-005    -1.4160268710370803E-004     3.9046380899146707E-002
   148.46223883011925          4.1734795856776827          6.3357022714846222E-005    -1.4048728333149131E-004     3.9186868182478199E-002
   149.46223883011925          4.1406051031059654          6.2857959691707855E-005    -1.3938066554347670E-004     3.9326248848021675E-002
   150.46223883011925          4.1079895713301831          6.2362827765181456E-005    -1.3828276453317420E-004     3.9464531612554851E-002
   151.46223883011925          4.0756309506157429          6.1871595970335356E-005    -1.3719351163922762E-004     3.9601725124194076E-002
   152.46223883011925          4.0435272172949386          6.1384233586146960E-005    -1.3611283874112224E-004     3.9737837962935195E-002
   153.46223883011925          4.0116763636402357          6.0900710133579161E-005    -1.3504067825491949E-004     3.9872878641190115E-002
   154.46223883011925          3.9800763977388289          6.0420995373675994E-005    -1.3397696312903443E-004     4.0006855604319151E-002
   155.46223883011925          3.9487253433679808          5.9945059305670654E-005    -1.3292162684004134E-004     4.0139777231159190E-002
   156.46223883011925          3.9176212398715045          5.9472872165109647E-005    -1.3187460338851274E-004     4.0271651834547700E-002
   157.46223883011925          3.8867621420370835          5.9004404421990593E-005    -1.3083582729489073E-004     4.0402487661842588E-002
   158.46223883011925          3.8561461199746869          5.8539626778917596E-005    -1.2980523359539832E-004     4.0532292895437985E-002
   159.46223883011925          3.8257712589958501          5.8078510169266148E-005    -1.2878275783796667E-004     4.0661075653275952E-002
   160.46223883011925          3.7956356594938967          5.7621025755367839E-005    -1.2776833607821436E-004     4.0788843989354166E-002
   161.46223883011925          3.7657374368251837          5.7167144926704850E-005    -1.2676190487543980E-004     4.0915605894229608E-002
   162.46223883011925          3.7360747211912457          5.6716839298122684E-005    -1.2576340128866119E-004     4.1041369295518271E-002
   163.46223883011925          3.7066456575218005          5.6270080708053144E-005    -1.2477276287267450E-004     4.1166142058390948E-002
   164.46223883011925          3.6774484053588257          5.5826841216754482E-005    -1.2378992767415119E-004     4.1289931986065100E-002
   165.46223883011925          3.6484811387413743          5.5387093104563728E-005    -1.2281483422776448E-004     4.1412746820292862E-002
   166.46223883011925          3.6197420460914405          5.4950808870162555E-005    -1.2184742155234171E-004     4.1534594241845205E-002
   167.46223883011925          3.5912293301006191          5.4517961228858235E-005    -1.2088762914705505E-004     4.1655481870992259E-002
   168.46223883011925          3.5629412076177598          5.4088523110876950E-005    -1.1993539698763513E-004     4.1775417267979890E-002
   169.46223883011925          3.5348759095374049          5.3662467659670635E-005    -1.1899066552261745E-004     4.1894407933502506E-002
   170.46223883011925          3.5070316806891721          5.3239768230238013E-005    -1.1805337566961998E-004     4.2012461309172126E-002
   171.46223883011925          3.4794067797279844          5.2820398387457483E-005    -1.1712346881164532E-004     4.2129584777983772E-002
   172.46223883011925          3.4519994790251829          5.2404331904434724E-005    -1.1620088679341763E-004     4.2245785664777193E-002
   173.46223883011925          3.4248080645604517          5.1991542760861900E-005    -1.1528557191774429E-004     4.2361071236694935E-002
   174.46223883011925          3.3978308358146769          5.1582005141390807E-005    -1.1437746694190777E-004     4.2475448703636842E-002
   175.46223883011925          3.3710661056635320          5.1175693434017798E-005    -1.1347651507408513E-004     4.2588925218710924E-002
   176.46223883011925          3.3445122002720264          5.0772582228483038E-005    -1.1258265996979871E-004     4.2701507878680725E-002
   177.46223883011925          3.3181674589898122          5.0372646314680565E-005    -1.1169584572838962E-004     4.2813203724409117E-002
   178.46223883011925          3.2920302342472976          4.9975860681081765E-005    -1.1081601688952274E-004     4.2924019741298641E-002
   179.46223883011925          3.2660988914526428          4.9582200513171660E-005    -1.0994311842971954E-004     4.3033962859728360E-002
   180.46223883011925          3.2403718088895488          4.9191641191896863E-005    -1.0907709575891580E-004     4.3143039955487274E-002
   181.46223883011925          3.2148473776157900          4.8804158292125375E-005    -1.0821789471704680E-004     4.3251257850204318E-002
   182.46223883011925          3.1895240013626420          4.8419727581120384E-005    -1.0736546157066381E-004     4.3358623311774980E-002
   183.46223883011925          3.1644000964350170          4.8038325017023050E-005    -1.0651974300956813E-004     4.3465143054784550E-002
   184.46223883011925          3.1394740916124331          4.7659926747350334E-005    -1.0568068614348215E-004     4.3570823740928029E-002
   185.46223883011925          3.1147444280507717          4.7284509107502883E-005    -1.0484823849873942E-004     4.3675671979426768E-002
   186.46223883011925          3.0902095591847836          4.6912048619285167E-005    -1.0402234801500356E-004     4.3779694327441769E-002
   187.46223883011925          3.0658679506313309          4.6542521989436642E-005    -1.0320296304201146E-004     4.3882897290483780E-002
   188.46223883011925          3.0417180800934904          4.6175906108176024E-005    -1.0239003233634538E-004     4.3985287322820123E-002
   189.46223883011925          3.0177584372652877          4.5812178047754811E-005    -1.0158350505822513E-004     4.4086870827878349E-002
   190.46223883011925          2.9939875237373208          4.5451315061024832E-005    -1.0078333076833210E-004     4.4187654158646679E-002
   191.46223883011925          2.9704038529029724          4.5093294580014533E-005    -9.9989459424652653E-005     4.4287643618071332E-002
   192.46223883011925          2.9470059498655061          4.4738094214518088E-005    -9.9201841379348600E-005     4.4386845459450680E-002
   193.46223883011925          2.9237923513457833          4.4385691750695167E-005    -9.8420427375653526E-005     4.4485265886826331E-002
   194.46223883011925          2.9007616055907643          4.4036065149681497E-005    -9.7645168544791179E-005     4.4582911055371120E-002
   195.46223883011925          2.8779122722827406          4.3689192546210863E-005    -9.6876016402919901E-005     4.4679787071774044E-002
   196.46223883011925          2.8552429224492286          4.3345052247247442E-005    -9.6112922848100215E-005     4.4775899994622143E-002
   197.46223883011925          2.8327521383736336          4.3003622730629698E-005    -9.5355840157288030E-005     4.4871255834779432E-002
   198.46223883011925          2.8104385135065613          4.2664882643723508E-005    -9.4604720983347220E-005     4.4965860555762779E-002
   199.46223883011925          2.7883006523778722          4.2328810802087564E-005    -9.3859518352091173E-005     4.5059720074114872E-002
   200.46223883011925          2.7663371705093898          4.1995386188148219E-005    -9.3120185659344428E-005     4.5152840259774216E-002
   201.46223883011925          2.7445466943283616          4.1664587949885263E-005    -9.2386676668027620E-005     4.5245226936442243E-002
   202.46223883011925          2.7229278610814971          4.1336395399527280E-005    -9.1658945505265264E-005     4.5336885881947508E-002
   203.46223883011925          2.7014793187498078          4.1010788012259343E-005    -9.0936946659520791E-005     4.5427822828607030E-002
   204.46223883011925          2.6801997259640089          4.0687745424937303E-005    -9.0220634977743712E-005     4.5518043463584776E-002
   205.46223883011925          2.6590877519206311          4.0367247434816189E-005    -8.9509965662552552E-005     4.5607553429247327E-002
   206.46223883011925          2.6381420762988483          4.0049273998285848E-005    -8.8804894269428825E-005     4.5696358323516754E-002
   207.46223883011925          2.6173613891778285          3.9733805229617374E-005    -8.8105376703939090E-005     4.5784463700220691E-002
   208.46223883011925          2.5967443909548891          3.9420821399720328E-005    -8.7411369218978545E-005     4.5871875069439669E-002
   209.46223883011925          2.5762897922641468          3.9110302934907475E-005    -8.6722828412031804E-005     4.5958597897851700E-002
   210.46223883011925          2.5559963138959709          3.8802230415672367E-005    -8.6039711222462672E-005     4.6044637609074165E-002
   211.46223883011925          2.5358626867168974          3.8496584575473666E-005    -8.5361974928818582E-005     4.6129999584002983E-002
   212.46223883011925          2.5158876515903241          3.8193346299530696E-005    -8.4689577146159411E-005     4.6214689161149139E-002
   213.46223883011925          2.4960699592977251          3.7892496623627844E-005    -8.4022475823406517E-005     4.6298711636972543E-002
   214.46223883011925          2.4764083704605415          3.7594016732928919E-005    -8.3360629240714385E-005     4.6382072266213256E-002
   215.46223883011925          2.4569016554626852          3.7297887960800197E-005    -8.2703996006859763E-005     4.6464776262220113E-002
   216.46223883011925          2.4375485943736255          3.7004091787643004E-005    -8.2052535056653517E-005     4.6546828797276764E-002
   217.46223883011925          2.4183479768721075          3.6712609839736249E-005    -8.1406205648374888E-005     4.6628235002925136E-002
   218.46223883011925          2.3992986021704343          3.6423423888085867E-005    -8.0764967361218474E-005     4.6708999970286352E-002
   219.46223883011925          2.3803992789394073          3.6136515847286369E-005    -8.0128780092771632E-005     4.6789128750379126E-002
   220.46223883011925          2.3616488252338224          3.5851867774389319E-005    -7.9497604056504389E-005     4.6868626354435630E-002
   221.46223883011925          2.3430460684185004          3.5569461867780422E-005    -7.8871399779279882E-005     4.6947497754214911E-002
   222.46223883011925          2.3245898450950264          3.5289280466067411E-005    -7.8250128098888055E-005     4.7025747882313798E-002
   223.46223883011925          2.3062790010289449          3.5011306046975036E-005    -7.7633750161596111E-005     4.7103381632475391E-002
   224.46223883011925          2.2881123910775774          3.4735521226248887E-005    -7.7022227419717087E-005     4.7180403859895109E-002
   225.46223883011925          2.2700888791184273          3.4461908756568573E-005    -7.6415521629200046E-005     4.7256819381524311E-002
   226.46223883011925          2.2522073379781276          3.4190451526469795E-005    -7.5813594847240950E-005     4.7332632976371553E-002
   227.46223883011925          2.2344666493619370          3.3921132559272562E-005    -7.5216409429903995E-005     4.7407849385801455E-002
   228.46223883011925          2.2168657037838022          3.3653935012021277E-005    -7.4623928029773925E-005     4.7482473313831229E-002
   229.46223883011925          2.1994034004969727          3.3388842174429809E-005    -7.4036113593614530E-005     4.7556509427424842E-002
   230.46223883011925          2.1820786474251932          3.3125837467838057E-005    -7.3452929360056564E-005     4.7629962356784898E-002
   231.46223883011925          2.1648903610943773          3.2864904444174118E-005    -7.2874338857295732E-005     4.7702836695642195E-002
   232.46223883011925          2.1478374665648250          3.2606026784925297E-005    -7.2300305900810754E-005     4.7775137001543004E-002
   233.46223883011925          2.1309188973640634          3.2349188300119093E-005    -7.1730794591104929E-005     4.7846867796134111E-002
   234.46223883011925          2.1141335954200997          3.2094372927309071E-005    -7.1165769311455889E-005     4.7918033565445564E-002
   235.46223883011925          2.0974805109952648          3.1841564730571452E-005    -7.0605194725692120E-005     4.7988638760171259E-002
   236.46223883011925          2.0809586026205675          3.1590747899507869E-005    -7.0049035775980668E-005     4.8058687795947241E-002
   237.46223883011925          2.0645668370305783          3.1341906748257117E-005    -6.9497257680636054E-005     4.8128185053627877E-002
   238.46223883011925          2.0483041890987739          3.1095025714513797E-005    -6.8949825931944697E-005     4.8197134879559823E-002
   239.46223883011925          2.0321696417734607          3.0850089358555160E-005    -6.8406706294006240E-005     4.8265541585853833E-002
   240.46223883011925          2.0161621860141565          3.0607082362275684E-005    -6.7867864800593542E-005     4.8333409450654424E-002
   241.46223883011925          2.0002808207284994          3.0365989528229238E-005    -6.7333267753028436E-005     4.8400742718407455E-002
   242.46223883011925          1.9845245527096029          3.0126795778677846E-005    -6.6802881718072389E-005     4.8467545600125526E-002
   243.46223883011925          1.9688923965740033          2.9889486154649928E-005    -6.6276673525838441E-005     4.8533822273651363E-002
   244.46223883011925          1.9533833746999854          2.9654045815004057E-005    -6.5754610267715384E-005     4.8599576883919075E-002
   245.46223883011925          1.9379965171664644          2.9420460035500819E-005    -6.5236659294309125E-005     4.8664813543213385E-002
   246.46223883011925          1.9227308616923358          2.9188714207882386E-005    -6.4722788213402148E-005     4.8729536331426786E-002
   247.46223883011925          1.9075854535762735          2.8958793838958601E-005    -6.4212964887927195E-005     4.8793749296314713E-002
   248.46223883011925          1.8925593456370402          2.8730684549700617E-005    -6.3707157433956989E-005     4.8857456453748671E-002
   249.46223883011925          1.8776515981542605          2.8504372074341870E-005    -6.3205334218710936E-005     4.8920661787967383E-002
   250.46223883011925          1.8628612788096284          2.8279842259485885E-005    -6.2707463858577316E-005     4.8983369251825962E-002
   251.46223883011925          1.8481874626286299          2.8057081063220887E-005    -6.2213515217148928E-005     4.9045582767043114E-002
   252.46223883011925          1.8336292319226768          2.7836074554242052E-005    -6.1723457403277924E-005     4.9107306224446388E-002
   253.46223883011925          1.8191856762317116          2.7616808910979776E-005    -6.1237259769142093E-005     4.9168543484215531E-002
   254.46223883011925          1.8048558922673017          2.7399270420735903E-005    -6.0754891908329800E-005     4.9229298376123859E-002
   255.46223883011925          1.7906389838561072          2.7183445478825531E-005    -6.0276323653937042E-005     4.9289574699777794E-002
   256.46223883011925          1.7765340618838721          2.6969320587726815E-005    -5.9801525076682267E-005     4.9349376224854476E-002
   257.46223883011925          1.7625402442397862          2.6756882356236147E-005    -5.9330466483032828E-005     4.9408706691337512E-002
   258.46223883011925          1.7486566557613550          2.6546117498631402E-005    -5.8863118413349874E-005     4.9467569809750860E-002
   259.46223883011925          1.7348824281796507          2.6337012833840848E-005    -5.8399451640045527E-005     4.9525969261390905E-002
   260.46223883011925          1.7212167000650034          2.6129555284618379E-005    -5.7939437165753537E-005     4.9583908698556660E-002
   261.46223883011925          1.7076586167731547          2.5923731876726472E-005    -5.7483046221518256E-005     4.9641391744778177E-002
   262.46223883011925          1.6942073303917766          2.5719529738124086E-005    -5.7030250264993524E-005     4.9698421995043172E-002
   263.46223883011925          1.6808619996874743          2.5516936098162067E-005    -5.6581020978658500E-005     4.9755003016021829E-002
   264.46223883011925          1.6676217900531674          2.5315938286784485E-005    -5.6135330268046890E-005     4.9811138346289877E-002
   265.46223883011925          1.6544858734558856          2.5116523733736170E-005    -5.5693150259989906E-005     4.9866831496549864E-002
   266.46223883011925          1.6414534283850015          2.4918679967776567E-005    -5.5254453300872482E-005     4.9922085949850738E-002
   267.46223883011925          1.6285236398008331          2.4722394615899749E-005    -5.4819211954904350E-005     4.9976905161805640E-002
   268.46223883011925          1.6156956990836928          2.4527655402560945E-005    -5.4387399002404826E-005     5.0031292560808044E-002
   269.46223883011925          1.6029688039833223          2.4334450148908642E-005    -5.3958987438099705E-005     5.0085251548246140E-002
   270.46223883011925          1.5903421585686912          2.4142766772022673E-005    -5.3533950469432106E-005     5.0138785498715574E-002
   271.46223883011925          1.5778149731782554          2.3952593284159377E-005    -5.3112261514889099E-005     5.0191897760230461E-002
   272.46223883011925          1.5653864643705484          2.3763917792000716E-005    -5.2693894202335487E-005     5.0244591654432798E-002
   273.46223883011925          1.5530558548752014          2.3576728495911818E-005    -5.2278822367369091E-005     5.0296870476800169E-002
   274.46223883011925          1.5408223735443229          2.3391013689201845E-005    -5.1867020051680344E-005     5.0348737496851849E-002
   275.46223883011925          1.5286852553042882          2.3206761757392792E-005    -5.1458461501431899E-005     5.0400195958353280E-002
   276.46223883011925          1.5166437411078721          2.3023961177492629E-005    -5.1053121165646595E-005     5.0451249079518930E-002
   277.46223883011925          1.5046970778868012          2.2842600517274829E-005    -5.0650973694609673E-005     5.0501900053213540E-002
   278.46223883011925          1.4928445185046417          2.2662668434563384E-005    -5.0251993938283651E-005     5.0552152047151827E-002
   279.46223883011925          1.4810853217100854          2.2484153676523672E-005    -4.9856156944735987E-005     5.0602008204096563E-002
   280.46223883011925          1.4694187520905819          2.2307045078958278E-005    -4.9463437958577245E-005     5.0651471642055142E-002
   281.46223883011925          1.4578440800263728          2.2131331565609419E-005    -4.9073812419414534E-005     5.0700545454474555E-002
   282.46223883011925          1.4463605816448259          2.1957002147465799E-005    -4.8687255960314755E-005     5.0749232710434869E-002
   283.46223883011925          1.4349675387751910          2.1784045922075431E-005    -4.8303744406280414E-005     5.0797536454841148E-002
   284.46223883011925          1.4236642389036822          2.1612452072863911E-005    -4.7923253772738116E-005     5.0845459708613885E-002
   285.46223883011925          1.4124499751289212          2.1442209868458294E-005    -4.7545760264039826E-005     5.0893005468877928E-002
   286.46223883011925          1.4013240461177157          2.1273308662015151E-005    -4.7171240271971928E-005     5.0940176709149902E-002
   287.46223883011925          1.3902857560612176          2.1105737890555609E-005    -4.6799670374281677E-005     5.0986976379524186E-002
   288.46223883011925          1.3793344146313915          2.0939487074304206E-005    -4.6431027333210731E-005     5.1033407406857398E-002
   289.46223883011925          1.3684693369378524          2.0774545816033671E-005    -4.6065288094042316E-005     5.1079472694951437E-002
   290.46223883011925          1.3576898434850397          2.0610903800414799E-005    -4.5702429783659606E-005     5.1125175124735099E-002
   291.46223883011925          1.3469952601297051          2.0448550793371237E-005    -4.5342429709115350E-005     5.1170517554444211E-002
   292.46223883011925          1.3363849180387763          2.0287476641439572E-005    -4.4985265356212471E-005     5.1215502819800425E-002
   293.46223883011925          1.3258581536475083          2.0127671271134068E-005    -4.4630914388095587E-005     5.1260133734188522E-002
   294.46223883011925          1.3154143086179930          1.9969124688317236E-005    -4.4279354643855875E-005     5.1304413088832379E-002
   295.46223883011925          1.3050527297979952          1.9811826977574047E-005    -4.3930564137142228E-005     5.1348343652969523E-002
   296.46223883011925          1.2947727691800921          1.9655768301592696E-005    -4.3584521054789682E-005     5.1391928174024312E-002
   297.46223883011925          1.2845737838611617          1.9500938900548671E-005    -4.3241203755452277E-005     5.1435169377779762E-002
   298.46223883011925          1.2744551360021714          1.9347329091494943E-005    -4.2900590768251883E-005     5.1478069968548014E-002
   299.46223883011925          1.2644161927882789          1.9194929267755958E-005    -4.2562660791433890E-005     5.1520632629339445E-002
   300.46223883011925          1.2544563263892847          1.9043729898327248E-005    -4.2227392691035912E-005     5.1562860022030484E-002
   301.46223883011925          1.2445749139203341          1.8893721527279171E-005    -4.1894765499566190E-005     5.1604754787530051E-002
   302.46223883011925          1.2347713374029796          1.8744894773165306E-005    -4.1564758414690896E-005     5.1646319545944744E-002
   303.46223883011925          1.2250449837265447          1.8597240328436444E-005    -4.1237350797935634E-005     5.1687556896742683E-002
   304.46223883011925          1.2153952446097671          1.8450748958857912E-005    -4.0912522173392745E-005     5.1728469418916075E-002
   305.46223883011925          1.2058215165627568          1.8305411502932198E-005    -4.0590252226441281E-005     5.1769059671142516E-002
   306.46223883011925          1.1963232008492621          1.8161218871326246E-005    -4.0270520802477281E-005     5.1809330191944995E-002
   307.46223883011925          1.1868997034492255          1.8018162046302747E-005    -3.9953307905652338E-005     5.1849283499850650E-002
   308.46223883011925          1.1775504350216321          1.7876232081156386E-005    -3.9638593697623828E-005     5.1888922093548270E-002
   309.46223883011925          1.1682748108676444          1.7735420099654129E-005    -3.9326358496313794E-005     5.1928248452044586E-002
   310.46223883011925          1.1590722508940621          1.7595717295480398E-005    -3.9016582774678443E-005     5.1967265034819264E-002
   311.46223883011925          1.1499421795770184          1.7457114931686095E-005    -3.8709247159486662E-005     5.2005974281978749E-002
   312.46223883011925          1.1408840259259962          1.7319604340142347E-005    -3.8404332430108784E-005     5.2044378614408859E-002
   313.46223883011925          1.1318972234481248          1.7183176920998310E-005    -3.8101819517314023E-005     5.2082480433926173E-002
   314.46223883011925          1.1229812101127461          1.7047824142143444E-005    -3.7801689502078404E-005     5.2120282123428251E-002
   315.46223883011925          1.1141354283162719          1.6913537538673992E-005    -3.7503923614401760E-005     5.2157786047042652E-002
   316.46223883011925          1.1053593248473046          1.6780308712363377E-005    -3.7208503232133163E-005     5.2194994550274786E-002
   317.46223883011925          1.0966523508520476          1.6648129331137139E-005    -3.6915409879806746E-005     5.2231909960154595E-002
   318.46223883011925          1.0880139617999816          1.6516991128552059E-005    -3.6624625227487025E-005     5.2268534585382082E-002
   319.46223883011925          1.0794436174497966          1.6386885903278601E-005    -3.6336131089620623E-005     5.2304870716471705E-002
   320.46223883011925          1.0709407818156316          1.6257805518588775E-005    -3.6049909423901345E-005     5.2340920625895605E-002
   321.46223883011925          1.0625049231335346          1.6129741901846765E-005    -3.5765942330140264E-005     5.2376686568225743E-002
   322.46223883011925          1.0541355138282089          1.6002687044004144E-005    -3.5484212049146547E-005     5.2412170780274887E-002
   323.46223883011925          1.0458320304800299          1.5876632999099180E-005    -3.5204700961617245E-005     5.2447375481236506E-002
   324.46223883011925          1.0375939537923040          1.5751571883759832E-005    -3.4927391587035285E-005     5.2482302872823544E-002
   325.46223883011925          1.0294207685587899          1.5627495876710592E-005    -3.4652266582575716E-005     5.2516955139406123E-002
   326.46223883011925          1.0213119636314900          1.5504397218283621E-005    -3.4379308742021983E-005     5.2551334448148142E-002
   327.46223883011925          1.0132670318886770          1.5382268209933402E-005    -3.4108500994689676E-005     5.2585442949142830E-002
   328.46223883011925          1.0052854702031722          1.5261101213754983E-005    -3.3839826404358024E-005     5.2619282775547185E-002
   329.46223883011925         0.99736677941089136          1.5140888652006718E-005    -3.3573268168211987E-005     5.2652856043715397E-002
   330.46223883011925         0.98951046427963307          1.5021623006636310E-005    -3.3308809615791123E-005     5.2686164853331191E-002
   331.46223883011925         0.98171603347808878          1.4903296818810341E-005    -3.3046434207946286E-005     5.2719211287539140E-002
   332.46223883011925         0.97398299954513057          1.4785902688448102E-005    -3.2786125535806130E-005     5.2751997413074944E-002
   333.46223883011925         0.96631087885932487          1.4669433273758818E-005    -3.2527867319750933E-005     5.2784525280394692E-002
   334.46223883011925         0.95869919160868466          1.4553881290782290E-005    -3.2271643408393821E-005     5.2816796923803089E-002
   335.46223883011925         0.95114746176065790          1.4439239512933456E-005    -3.2017437777571100E-005     5.2848814361580662E-002
   336.46223883011925         0.94365521703237087          1.4325500770550675E-005    -3.1765234529340628E-005     5.2880579596110006E-002
   337.46223883011925         0.93622198886108299          1.4212657950447025E-005    -3.1515017890986672E-005     5.2912094614000996E-002
   338.46223883011925         0.92884731237488216          1.4100703995465561E-005    -3.1266772214033795E-005     5.2943361386215027E-002
   339.46223883011925         0.92153072636361921          1.3989631904038226E-005    -3.1020481973269168E-005     5.2974381868188293E-002
   340.46223883011925         0.91427177325005848          1.3879434729747418E-005    -3.0776131765769626E-005     5.3005157999954061E-002
   341.46223883011925         0.90706999906126784          1.3770105580892318E-005    -3.0533706309940948E-005     5.3035691706264002E-002
   342.46223883011925         0.89992495340022360          1.3661637620057207E-005    -3.0293190444559841E-005     5.3065984896708558E-002
   343.46223883011925         0.89283618941764198          1.3554024063684262E-005    -3.0054569127827186E-005     5.3096039465836388E-002
   344.46223883011925         0.88580326378404406          1.3447258181649337E-005    -2.9817827436427273E-005     5.3125857293272814E-002
   345.46223883011925         0.87882573666201491          1.3341333296840759E-005    -2.9582950564593593E-005     5.3155440243837407E-002
   346.46223883011925         0.87190317167871356          1.3236242784742116E-005    -2.9349923823183980E-005     5.3184790167660589E-002
   347.46223883011925         0.86503513589856951          1.3131980073017783E-005    -2.9118732638761546E-005     5.3213908900299353E-002
   348.46223883011925         0.85822119979621636          1.3028538641101885E-005    -2.8889362552683022E-005     5.3242798262852040E-002
   349.46223883011925         0.85146093722962268          1.2925912019790510E-005    -2.8661799220194727E-005     5.3271460062072236E-002
   350.46223883011925         0.84475392541345640          1.2824093790837430E-005    -2.8436028409536212E-005     5.3299896090481774E-002
   351.46223883011925         0.83809974489262506          1.2723077586552229E-005    -2.8212036001048876E-005     5.3328108126482823E-002
   352.46223883011925         0.83149797951605553          1.2622857089402337E-005    -2.7989807986293638E-005     5.3356097934469118E-002
   353.46223883011925         0.82494821641066896          1.2523426031618131E-005    -2.7769330467175558E-005     5.3383867264936297E-002
   354.46223883011925         0.81845004595555348          1.2424778194800480E-005    -2.7550589655073072E-005     5.3411417854591373E-002
   355.46223883011925         0.81200306175635895          1.2326907409532381E-005    -2.7333571869977351E-005     5.3438751426461352E-002
   356.46223883011925         0.80560686061986608          1.2229807554992738E-005    -2.7118263539635614E-005     5.3465869690000986E-002
   357.46223883011925         0.79926104252878627          1.2133472558573793E-005    -2.6904651198702894E-005     5.3492774341199686E-002
   358.46223883011925         0.79296521061673797          1.2037896395501272E-005    -2.6692721487899716E-005     5.3519467062687585E-002
   359.46223883011925         0.78671897114342215          1.1943073088457603E-005    -2.6482461153176784E-005     5.3545949523840765E-002
   360.46223883011925         0.78052193347001708          1.1848996707208245E-005    -2.6273857044886175E-005     5.3572223380885652E-002
   361.46223883011925         0.77437371003472411          1.1755661368230491E-005    -2.6066896116958294E-005     5.3598290277002608E-002
   362.46223883011925         0.76827391632855058          1.1663061234346053E-005    -2.5861565426087551E-005     5.3624151842428698E-002
   363.46223883011925         0.76222217087124733          1.1571190514355285E-005    -2.5657852130920505E-005     5.3649809694559618E-002
   364.46223883011925         0.75621809518746508          1.1480043462675819E-005    -2.5455743491255523E-005     5.3675265438050873E-002
   365.46223883011925         0.75026131378307781          1.1389614378982600E-005    -2.5255226867243756E-005     5.3700520664918115E-002
   366.46223883011925         0.74435145412170378          1.1299897607851819E-005    -2.5056289718600197E-005     5.3725576954636714E-002
   367.46223883011925         0.73848814660140105          1.1210887538406958E-005    -2.4858919603818528E-005     5.3750435874240533E-002
   368.46223883011925         0.73267102453155708          1.1122578603967931E-005    -2.4663104179393086E-005     5.3775098978419929E-002
   369.46223883011925         0.72689972410996839          1.1034965281703332E-005    -2.4468831199048104E-005     5.3799567809618976E-002
   370.46223883011925         0.72117388440006192          1.0948042092284334E-005    -2.4276088512969763E-005     5.3823843898131947E-002
   371.46223883011925         0.71549314730835212          1.0861803599542776E-005    -2.4084864067048569E-005     5.3847928762198995E-002
   372.46223883011925         0.70985715756202428          1.0776244410130633E-005    -2.3895145902123832E-005     5.3871823908101121E-002
   373.46223883011925         0.70426556268673401          1.0691359173183076E-005    -2.3706922153236726E-005     5.3895530830254355E-002
   374.46223883011925         0.69871801298454095          1.0607142579983551E-005    -2.3520181048887757E-005     5.3919051011303246E-002
   375.46223883011925         0.69321416151206572          1.0523589363632036E-005    -2.3334910910300847E-005     5.3942385922213544E-002
   376.46223883011925         0.68775366405877691          1.0440694298715541E-005    -2.3151100150693012E-005     5.3965537022364236E-002
   377.46223883011925         0.68233617912546851          1.0358452200981360E-005    -2.2968737274549694E-005     5.3988505759638789E-002
   378.46223883011925         0.67696136790290273          1.0276857927012768E-005    -2.2787810876905590E-005     5.4011293570515692E-002
   379.46223883011925         0.67162889425061856          1.0195906373907404E-005    -2.2608309642631625E-005     5.4033901880158323E-002
   380.46223883011925         0.66633842467591542          1.0115592478958234E-005    -2.2430222345727520E-005     5.4056332102504052E-002
   381.46223883011925         0.66108962831300144          1.0035911219336896E-005    -2.2253537848619519E-005     5.4078585640352672E-002
   382.46223883011925         0.65588217690227979          9.9568576117793499E-006    -2.2078245101463452E-005     5.4100663885454134E-002
   383.46223883011925         0.65071574476984839          9.8784267122746653E-006    -2.1904333141454702E-005     5.4122568218595589E-002
   384.46223883011925         0.64559000880711626          9.8006136157555015E-006    -2.1731791092141741E-005     5.4144300009687729E-002
   385.46223883011925         0.64050464845059807          9.7234134557914118E-006    -2.1560608162746098E-005     5.4165860617850475E-002
   386.46223883011925         0.63545934566186957          9.6468214042846444E-006    -2.1390773647488043E-005     5.4187251391497965E-002
   387.46223883011925         0.63045378490767590          9.5708326711679509E-006    -2.1222276924916112E-005     5.4208473668422880E-002
   388.46223883011925         0.62548765314020294          9.4954425041053232E-006    -2.1055107457243923E-005     5.4229528775880123E-002
   389.46223883011925         0.62056063977749365          9.4206461881945494E-006    -2.0889254789690369E-005     5.4250418030669816E-002
   390.46223883011925         0.61567243668402916          9.3464390456724612E-006    -2.0724708549826129E-005     5.4271142739219638E-002
   391.46223883011925         0.61082273815146082          9.2728164356224303E-006    -2.0561458446925074E-005     5.4291704197666567E-002
   392.46223883011925         0.60601124087947800          9.1997737536839473E-006    -2.0399494271320303E-005     5.4312103691937889E-002
   393.46223883011925         0.60123764395686230          9.1273064317649461E-006    -2.0238805893766168E-005     5.4332342497831657E-002
   394.46223883011925         0.59650164884264711          9.0554099377558470E-006    -2.0079383264804285E-005     5.4352421881096458E-002
   395.46223883011925         0.59180295934746341          8.9840797752463850E-006    -1.9921216414135681E-005     5.4372343097510593E-002
   396.46223883011925         0.58714128161500767          8.9133114832441701E-006    -1.9764295449996498E-005     5.4392107392960590E-002
   397.46223883011925         0.58251632410366838          8.8431006358959008E-006    -1.9608610558540113E-005     5.4411716003519128E-002
   398.46223883011925         0.57792779756828994          8.7734428422104393E-006    -1.9454152003222896E-005     5.4431170155522353E-002
   399.46223883011925         0.57337541504209222          8.7043337457843353E-006    -1.9300910124195614E-005     5.4450471065646551E-002
   400.46223883011925         0.56885889181870986          8.6357690245291947E-006    -1.9148875337698928E-005     5.4469619940984253E-002
   401.46223883011925         0.56437794543439979          8.5677443904016016E-006    -1.8998038135464625E-005     5.4488617979119719E-002
   402.46223883011925         0.55993229565037161          8.5002555891347836E-006    -1.8848389084120350E-005     5.4507466368203840E-002
   403.46223883011925         0.55552166443526252          8.4332983999726496E-006    -1.8699918824600119E-005     5.4526166287028437E-002
   404.46223883011925         0.55114577594774783          8.3668686354058162E-006    -1.8552618071558938E-005     5.4544718905099994E-002
   405.46223883011925         0.54680435651929216          8.3009621409096517E-006    -1.8406477612791804E-005     5.4563125382712789E-002
   406.46223883011925         0.54249713463703619          8.2355747946845596E-006    -1.8261488308657913E-005     5.4581386871021445E-002
   407.46223883011925         0.53822384092681075          8.1707025073981989E-006    -1.8117641091509201E-005     5.4599504512112956E-002
   408.46223883011925         0.53398420813629954          8.1063412219296095E-006    -1.7974926965122575E-005     5.4617479439078076E-002
   409.46223883011925         0.52977797111831482          8.0424869131156996E-006    -1.7833337004138300E-005     5.4635312776082218E-002
   410.46223883011925         0.52560486681422569          7.9791355874993115E-006    -1.7692862353500877E-005     5.4653005638435719E-002
   411.46223883011925         0.52146463423750289          7.9162832830796621E-006    -1.7553494227905986E-005     5.4670559132663624E-002
   412.46223883011925         0.51735701445739091          7.8539260690643888E-006    -1.7415223911250586E-005     5.4687974356574874E-002
   413.46223883011925         0.51328175058272518          7.7920600456238407E-006    -1.7278042756087990E-005     5.4705252399330960E-002
   414.46223883011925         0.50923858774586073          7.7306813436471553E-006    -1.7141942183087135E-005     5.4722394341514047E-002
   415.46223883011925         0.50522727308673354          7.6697861245003219E-006    -1.7006913680496072E-005     5.4739401255194546E-002
   416.46223883011925         0.50124755573704949          7.6093705797860564E-006    -1.6872948803609427E-005     5.4756274203998152E-002
   417.46223883011925         0.49729918680458951          7.5494309311056146E-006    -1.6740039174240314E-005     5.4773014243172394E-002
   418.46223883011925         0.49338191935765141          7.4899634298226406E-006    -1.6608176480196787E-005     5.4789622419652594E-002
   419.46223883011925         0.48949550840960354          7.4309643568285706E-006    -1.6477352474761477E-005     5.4806099772127352E-002
   420.46223883011925         0.48563971090356417          7.3724300223101002E-006    -1.6347558976176013E-005     5.4822447331103530E-002
   421.46223883011925         0.48181428569719986          7.3143567655185142E-006    -1.6218787867129745E-005     5.4838666118970661E-002
   422.46223883011925         0.47801899354764665          7.2567409545405633E-006    -1.6091031094251322E-005     5.4854757150064909E-002
   423.46223883011925         0.47425359709654824          7.1995789860715305E-006    -1.5964280667605827E-005     5.4870721430732516E-002
   424.46223883011925         0.47051786085520875          7.1428672851897418E-006    -1.5838528660194604E-005     5.4886559959392713E-002
   425.46223883011925         0.46681155118986806          7.0866023051330353E-006    -1.5713767207459631E-005     5.4902273726600170E-002
   426.46223883011925         0.46313443630709528          7.0307805270770282E-006    -1.5589988506791852E-005     5.4917863715106964E-002
   427.46223883011925         0.45948628623928123          6.9753984599149317E-006    -1.5467184817043003E-005     5.4933330899924006E-002
   428.46223883011925         0.45586687283026595          6.9204526400392780E-006    -1.5345348458041518E-005     5.4948676248382046E-002
   429.46223883011925         0.45227596972106987          6.8659396311253271E-006    -1.5224471810112260E-005     5.4963900720192159E-002
   430.46223883011925         0.44871335233572984          6.8118560239161807E-006    -1.5104547313600252E-005     5.4979005267505758E-002
   431.46223883011925         0.44517879786726655          6.7581984360094654E-006    -1.4985567468397225E-005     5.4993990834974152E-002
   432.46223883011925         0.44167208526373747          6.7049635116459622E-006    -1.4867524833473468E-005     5.5008858359807622E-002
   433.46223883011925         0.43819299521442101          6.6521479214995503E-006    -1.4750412026411573E-005     5.5023608771834036E-002
   434.46223883011925         0.43474131013609996          6.5997483624691991E-006    -1.4634221722945547E-005     5.5038242993556981E-002
   435.46223883011925         0.43131681415945256          6.5477615574722653E-006    -1.4518946656502266E-005     5.5052761940213482E-002
   436.46223883011925         0.42791929311555021          6.4961842552395086E-006    -1.4404579617746977E-005     5.5067166519831227E-002
   437.46223883011925         0.42454853452247088          6.4450132301119803E-006    -1.4291113454133071E-005     5.5081457633285362E-002
   438.46223883011925         0.42120432757200210          6.3942452818389962E-006    -1.4178541069453842E-005     5.5095636174354819E-002
   439.46223883011925         0.41788646311646183          6.3438772353782392E-006    -1.4066855423399525E-005     5.5109703029778218E-002
   440.46223883011925         0.41459473365561950          6.2939059406970801E-006    -1.3956049531116523E-005     5.5123659079309335E-002
   441.46223883011925         0.41132893332371712          6.2443282725755950E-006    -1.3846116462770706E-005     5.5137505195772103E-002
   442.46223883011925         0.40808885787659510          6.1951411304111592E-006    -1.3737049343114188E-005     5.5151242245115216E-002
   443.46223883011925         0.40487430467891805          6.1463414380244425E-006    -1.3628841351054992E-005     5.5164871086466269E-002
   444.46223883011925         0.40168507269150600          6.0979261434671575E-006    -1.3521485719230875E-005     5.5178392572185500E-002
   445.46223883011925         0.39852096245875690          6.0498922188311068E-006    -1.3414975733585880E-005     5.5191807547919088E-002
   446.46223883011925         0.39538177609617420          6.0022366600587997E-006    -1.3309304732950354E-005     5.5205116852652038E-002
   447.46223883011925         0.39226731727799602          5.9549564867556979E-006    -1.3204466108624668E-005     5.5218321318760664E-002
   448.46223883011925         0.38917739122491080          5.9080487420037371E-006    -1.3100453303965758E-005     5.5231421772064630E-002
   449.46223883011925         0.38611180469187678          5.8615104921763523E-006    -1.2997259813976854E-005     5.5244419031878607E-002
   450.46223883011925         0.38307036595604349          5.8153388267551731E-006    -1.2894879184901102E-005     5.5257313911063505E-002
   451.46223883011925         0.38005288480475219          5.7695308581478643E-006    -1.2793305013817669E-005     5.5270107216077322E-002
   452.46223883011925         0.37705917252364607          5.7240837215075791E-006    -1.2692530948241317E-005     5.5282799747025560E-002
   453.46223883011925         0.37408904188486702          5.6789945745537963E-006    -1.2592550685725162E-005     5.5295392297711285E-002
   454.46223883011925         0.37114230713534724          5.6342605973946416E-006    -1.2493357973466774E-005     5.5307885655684751E-002
   455.46223883011925         0.36821878398519070          5.5898789923503723E-006    -1.2394946607916608E-005     5.5320280602292667E-002
   456.46223883011925         0.36531828959614754          5.5458469837785471E-006    -1.2297310434390494E-005     5.5332577912727055E-002
   457.46223883011925         0.36244064257018227          5.5021618179004023E-006    -1.2200443346684556E-005     5.5344778356073737E-002
   458.46223883011925         0.35958566293812910          5.4588207626286423E-006    -1.2104339286693385E-005     5.5356882695360432E-002
   459.46223883011925         0.35675317214843272          5.4158211073965303E-006    -1.2008992244031057E-005     5.5368891687604463E-002
   460.46223883011925         0.35394299305598698          5.3731601629884499E-006    -1.1914396255655453E-005     5.5380806083860118E-002
   461.46223883011925         0.35115494991105289          5.3308352613716422E-006    -1.1820545405495090E-005     5.5392626629265612E-002
   462.46223883011925         0.34838886834827010          5.2888437555294215E-006    -1.1727433824079343E-005     5.5404354063089689E-002
   463.46223883011925         0.34564457537574955          5.2471830192956033E-006    -1.1635055688171344E-005     5.5415989118777861E-002
   464.46223883011925         0.34292189936425710          5.2058504471902342E-006    -1.1543405220403608E-005     5.5427532523998263E-002
   465.46223883011925         0.34022067003647605          5.1648434542566734E-006    -1.1452476688916919E-005     5.5438985000687183E-002
   466.46223883011925         0.33754071845636813          5.1241594759000382E-006    -1.1362264407002019E-005     5.5450347265094187E-002
   467.46223883011925         0.33488187701859384          5.0837959677265855E-006    -1.1272762732743453E-005     5.5461620027826931E-002
   468.46223883011925         0.33224397943804185          5.0437504053847828E-006    -1.1183966068667189E-005     5.5472803993895599E-002
   469.46223883011925         0.32962686073942493          5.0040202844073798E-006    -1.1095868861390460E-005     5.5483899862756987E-002
   470.46223883011925         0.32703035724696417          4.9646031200547473E-006    -1.1008465601274283E-005     5.5494908328358260E-002
   471.46223883011925         0.32445430657415231          4.9254964471595294E-006    -1.0921750822079083E-005     5.5505830079180342E-002
   472.46223883011925         0.32189854761359804          4.8866978199724777E-006    -1.0835719100622854E-005     5.5516665798280962E-002
   473.46223883011925         0.31936292052695037          4.8482048120094314E-006    -1.0750365056441761E-005     5.5527416163337402E-002
   474.46223883011925         0.31684726673490349          4.8100150158996282E-006    -1.0665683351453850E-005     5.5538081846688854E-002
   475.46223883011925         0.31435142890727863          4.7721260432351907E-006    -1.0581668689625381E-005     5.5548663515378481E-002
   476.46223883011925         0.31187525095318369          4.7345355244215758E-006    -1.0498315816638974E-005     5.5559161831195122E-002
   477.46223883011925         0.30941857801125283          4.6972411085296270E-006    -1.0415619519565879E-005     5.5569577450714690E-002
   478.46223883011925         0.30698125643996299          4.6602404631483635E-006    -1.0333574626539242E-005     5.5579911025341232E-002
   479.46223883011925         0.30456313380802191          4.6235312742391966E-006    -1.0252176006431049E-005     5.5590163201347666E-002
   480.46223883011925         0.30216405888483699          4.5871112459911977E-006    -1.0171418568531147E-005     5.5600334619916196E-002
   481.46223883011925         0.29978388163105940          4.5509781006775229E-006    -1.0091297262228811E-005     5.5610425917178422E-002
   482.46223883011925         0.29742245318919625          4.5151295785129315E-006    -1.0011807076696897E-005     5.5620437724255116E-002
   483.46223883011925         0.29507962587430403          4.4795634375125164E-006    -9.9329430405785808E-006     5.5630370667295696E-002
   484.46223883011925         0.29275525316475326          4.4442774533514477E-006    -9.8547002216762852E-006     5.5640225367517372E-002
   485.46223883011925         0.29044918969306410          4.4092694192258906E-006    -9.7770737266433373E-006     5.5650002441244018E-002
   486.46223883011925         0.28816129123681411          4.3745371457150006E-006    -9.7000587006779908E-006     5.5659702499944695E-002
   487.46223883011925         0.28589141470961987          4.3400784606439521E-006    -9.6236503272196176E-006     5.5669326150271918E-002
   488.46223883011925         0.28363941815218996          4.3058912089481407E-006    -9.5478438276476288E-006     5.5678873994099563E-002
   489.46223883011925         0.28140516072344257          4.2719732525384088E-006    -9.4726344609827139E-006     5.5688346628560544E-002
   490.46223883011925         0.27918850269170181          4.2383224701672637E-006    -9.3980175235900082E-006     5.5697744646084131E-002
   491.46223883011925         0.27698930542595768          4.2049367572963180E-006    -9.3239883488853473E-006     5.5707068634433018E-002
   492.46223883011925         0.27480743138719377          4.1718140259645808E-006    -9.2505423070431081E-006     5.5716319176740060E-002
   493.46223883011925         0.27264274411979050          4.1389522046579535E-006    -9.1776748047068455E-006     5.5725496851544765E-002
   494.46223883011925         0.27049510824298761          4.1063492381796244E-006    -9.1053812847019129E-006     5.5734602232829465E-002
   495.46223883011925         0.26836438944241814          4.0740030875215759E-006    -9.0336572257505878E-006     5.5743635890055217E-002
   496.46223883011925         0.26625045446170637          4.0419117297369914E-006    -8.9624981421890700E-006     5.5752598388197405E-002
   497.46223883011925         0.26415317109414138          4.0100731578138554E-006    -8.8918995836872252E-006     5.5761490287781094E-002
   498.46223883011925         0.26207240817440147          3.9784853805494076E-006    -8.8218571349703075E-006     5.5770312144916068E-002
   499.46223883011925         0.26000803557035290          3.9471464224254696E-006    -8.7523664155422799E-006     5.5779064511331612E-002
   500.46223883011925         0.25795992417491420          3.9160543234851458E-006    -8.6834230794126932E-006     5.5787747934411026E-002
   501.46223883011925         0.25592794589798018          3.8852071392100373E-006    -8.6150228148241754E-006     5.5796362957225849E-002
   502.46223883011925         0.25391197365840923          3.8546029403987335E-006    -8.5471613439831632E-006     5.5804910118569834E-002
   503.46223883011925         0.25191188137607967          3.8242398130461549E-006    -8.4798344227922818E-006     5.5813389952992627E-002
   504.46223883011925         0.24992754396400196          3.7941158582238047E-006    -8.4130378405848040E-006     5.5821802990833211E-002
   505.46223883011925         0.24795883732049651          3.7642291919610872E-006    -8.3467674198615866E-006     5.5830149758253074E-002
   506.46223883011925         0.24600563832143252          3.7345779451273871E-006    -8.2810190160294322E-006     5.5838430777269105E-002
   507.46223883011925         0.24406782481253064          3.7051602633153199E-006    -8.2157885171423836E-006     5.5846646565786244E-002
   508.46223883011925         0.24214527560171617          3.6759743067245691E-006    -8.1510718436440189E-006     5.5854797637629891E-002
   509.46223883011925         0.24023787045154898          3.6470182500469963E-006    -8.0868649481127366E-006     5.5862884502578002E-002
   510.46223883011925         0.23834549007169703          3.6182902823524024E-006    -8.0231638150084782E-006     5.5870907666393008E-002
   511.46223883011925         0.23646801611147827          3.5897886069752605E-006    -7.9599644604214974E-006     5.5878867630853431E-002
   512.46223883011930         0.23460533115246029          3.5615114414024105E-006    -7.8972629318234076E-006     5.5886764893785253E-002
   513.46223883011930         0.23275731870111604          3.5334570171615622E-006    -7.8350553078199223E-006     5.5894599949093071E-002
   514.46223883011930         0.23092386318153690          3.5056235797106459E-006    -7.7733376979054651E-006     5.5902373286790978E-002
   515.46223883011930         0.22910484992820856          3.4780093883281729E-006    -7.7121062422201132E-006     5.5910085393033201E-002
   516.46223883011930         0.22730016517883478          3.4506127160042970E-006    -7.6513571113080321E-006     5.5917736750144512E-002
   517.46223883011930         0.22550969606722671          3.4234318493328335E-006    -7.5910865058779790E-006     5.5925327836650392E-002
   518.46223883011930         0.22373333061624312          3.3964650884041164E-006    -7.5312906565657936E-006     5.5932859127306958E-002
   519.46223883011930         0.22197095773078701          3.3697107466986852E-006    -7.4719658236986463E-006     5.5940331093130659E-002
   520.46223883011930         0.22022246719085736          3.3431671509817752E-006    -7.4131082970610517E-006     5.5947744201427722E-002
   521.46223883011930         0.21848774964465800          3.3168326411987168E-006    -7.3547143956629319E-006     5.5955098915823384E-002
   522.46223883011930         0.21676669660175696          3.2907055703711251E-006    -7.2967804675095027E-006     5.5962395696290891E-002
   523.46223883011930         0.21505920042630122          3.2647843044938159E-006    -7.2393028893725557E-006     5.5969634999180264E-002
   524.46223883011930         0.21336515433028802          3.2390672224327376E-006    -7.1822780665642829E-006     5.5976817277246828E-002
   525.46223883011930         0.21168445236688216          3.2135527158234771E-006    -7.1257024327121181E-006     5.5983942979679541E-002
   526.46223883011930         0.21001698942379421          3.1882391889707435E-006    -7.0695724495359054E-006     5.5991012552129078E-002
   527.46223883011930         0.20836266121670410          3.1631250587485377E-006    -7.0138846066265132E-006     5.5998026436735703E-002
   528.46223883011930         0.20672136428274135          3.1382087545011814E-006    -6.9586354212264003E-006     5.6004985072156926E-002
   529.46223883011930         0.20509299597401187          3.1134887179450283E-006    -6.9038214380116348E-006     5.6011888893594937E-002
   530.46223883011930         0.20347745445118048          3.0889634030710609E-006    -6.8494392288759435E-006     5.6018738332823816E-002
   531.46223883011930         0.20187463867710220          3.0646312760482129E-006    -6.7954853927163535E-006     5.6025533818216532E-002
   532.46223883011930         0.20028444841050130          3.0404908151273745E-006    -6.7419565552202667E-006     5.6032275774771753E-002
   533.46223883011930         0.19870678419970456          3.0165405105463054E-006    -6.6888493686546978E-006     5.6038964624140410E-002
   534.46223883011930         0.19714154737642064          2.9927788644351741E-006    -6.6361605116567738E-006     5.6045600784652067E-002
   535.46223883011930         0.19558864004956755          2.9692043907228494E-006    -6.5838866890259311E-006     5.6052184671341092E-002
   536.46223883011930         0.19404796509915534          2.9458156150440472E-006    -6.5320246315180576E-006     5.6058716695972607E-002
   537.46223883011930         0.19251942617020656          2.9226110746470454E-006    -6.4805710956408678E-006     5.6065197267068247E-002
   538.46223883011930         0.19100292766673610          2.8995893183022596E-006    -6.4295228634511234E-006     5.6071626789931696E-002
   539.46223883011930         0.18949837474576570          2.8767489062114098E-006    -6.3788767423532667E-006     5.6078005666674050E-002
   540.46223883011930         0.18800567331139906          2.8540884099175774E-006    -6.3286295648999996E-006     5.6084334296238950E-002
   541.46223883011930         0.18652473000893433          2.8316064122157932E-006    -6.2787781885939564E-006     5.6090613074427545E-002
   542.46223883011930         0.18505545221902531          2.8093015070644241E-006    -6.2293194956912559E-006     5.6096842393923235E-002
   543.46223883011930         0.18359774805188822          2.7871722994972585E-006    -6.1802503930065983E-006     5.6103022644316242E-002
   544.46223883011930         0.18215152634155896          2.7652174055362300E-006    -6.1315678117196173E-006     5.6109154212127962E-002
   545.46223883011930         0.18071669664018719          2.7434354521049276E-006    -6.0832687071832691E-006     5.6115237480835148E-002
   546.46223883011930         0.17929316921238192          2.7218250769426336E-006    -6.0353500587330517E-006     5.6121272830893881E-002
   547.46223883011930         0.17788085502960005          2.7003849285192185E-006    -5.9878088694984132E-006     5.6127260639763379E-002
   548.46223883011930         0.17647966576457608          2.6791136659505542E-006    -5.9406421662151474E-006     5.6133201281929591E-002
   549.46223883011930         0.17508951378580007          2.6580099589146661E-006    -5.8938469990394532E-006     5.6139095128928632E-002
   550.46223883011930         0.17371031215203858          2.6370724875685814E-006    -5.8474204413635737E-006     5.6144942549369997E-002
   551.46223883011930         0.17234197460689282          2.6162999424657197E-006    -5.8013595896326437E-006     5.6150743908959633E-002
   552.46223883011930         0.17098441557340976          2.5956910244740535E-006    -5.7556615631631633E-006     5.6156499570522794E-002
   553.46223883011930         0.16963755014872478          2.5752444446948040E-006    -5.7103235039627474E-006     5.6162209894026760E-002
   554.46223883011930         0.16830129409875577          2.5549589243819070E-006    -5.6653425765515744E-006     5.6167875236603312E-002
   555.46223883011930         0.16697556385293549          2.5348331948620049E-006    -5.6207159677849270E-006     5.6173495952571095E-002
   556.46223883011930         0.16566027649898019          2.5148659974550494E-006    -5.5764408866771461E-006     5.6179072393457770E-002
   557.46223883011930         0.16435534977771027          2.4950560833957097E-006    -5.5325145642274257E-006     5.6184604908021997E-002
   558.46223883011930         0.16306070207790185          2.4754022137551387E-006    -5.4889342532462381E-006     5.6190093842275246E-002
   559.46223883011930         0.16177625243118487          2.4559031593635942E-006    -5.4456972281838323E-006     5.6195539539503431E-002
   560.46223883011930         0.16050192050697809          2.4365577007335127E-006    -5.4028007849596329E-006     5.6200942340288391E-002
   561.46223883011930         0.15923762660746482          2.4173646279832380E-006    -5.3602422407931022E-006     5.6206302582529184E-002
   562.46223883011930         0.15798329166261149          2.3983227407614016E-006    -5.3180189340360768E-006     5.6211620601463223E-002
   563.46223883011930         0.15673883722522031          2.3794308481718339E-006    -5.2761282240062842E-006     5.6216896729687230E-002
   564.46223883011930         0.15550418546602207          2.3606877686990408E-006    -5.2345674908220593E-006     5.6222131297178055E-002
   565.46223883011930         0.15427925916881102          2.3420923301343537E-006    -5.1933341352385903E-006     5.6227324631313295E-002
   566.46223883011930         0.15306398172561564          2.3236433695026634E-006    -5.1524255784855331E-006     5.6232477056891779E-002
   567.46223883011930         0.15185827713190631          2.3053397329895682E-006    -5.1118392621053296E-006     5.6237588896153885E-002
   568.46223883011930         0.15066206998184262          2.2871802758693480E-006    -5.0715726477936659E-006     5.6242660468801678E-002
   569.46223883011930         0.14947528546355793          2.2691638624332699E-006    -5.0316232172403457E-006     5.6247692092018915E-002
   570.46223883011930         0.14829784935447943          2.2512893659186176E-006    -4.9919884719720322E-006     5.6252684080490889E-002
   571.46223883011930         0.14712968801668824          2.2335556684382191E-006    -4.9526659331959221E-006     5.6257636746424082E-002
   572.46223883011930         0.14597072839231184          2.2159616609104934E-006    -4.9136531416446355E-006     5.6262550399565729E-002
   573.46223883011930         0.14482089799895648          2.1985062429901516E-006    -4.8749476574226069E-006     5.6267425347223149E-002
   574.46223883011930         0.14368012492517457          2.1811883229993284E-006    -4.8365470598532840E-006     5.6272261894282999E-002
   575.46223883011930         0.14254833782596554          2.1640068178593416E-006    -4.7984489473279130E-006     5.6277060343230330E-002
   576.46223883011930         0.14142546591831495          2.1469606530229260E-006    -4.7606509371551987E-006     5.6281820994167488E-002
   577.46223883011930         0.14031143897676912          2.1300487624070722E-006    -4.7231506654124068E-006     5.6286544144832903E-002
   578.46223883011930         0.13920618732904005          2.1132700883263140E-006    -4.6859457867974656E-006     5.6291230090619704E-002
   579.46223883011930         0.13810964185165092          2.0966235814265983E-006    -4.6490339744822680E-006     5.6295879124594189E-002
   580.46223883011930         0.13702173396561257          2.0801082006196718E-006    -4.6124129199672405E-006     5.6300491537514159E-002
   581.46223883011930         0.13594239563213323          2.0637229130179493E-006    -4.5760803329368908E-006     5.6305067617847093E-002
   582.46223883011930         0.13487155934836459          2.0474666938699182E-006    -4.5400339411165711E-006     5.6309607651788211E-002
   583.46223883011930         0.13380915814318062          2.0313385264960739E-006    -4.5042714901304345E-006     5.6314111923278343E-002
   584.46223883011930         0.13275512557298774          2.0153374022253187E-006    -4.4687907433604162E-006     5.6318580714021703E-002
   585.46223883011930         0.13170939571756946          1.9994623203318563E-006    -4.4335894818062666E-006     5.6323014303503512E-002
   586.46223883011930         0.13067190317596666          1.9837122879726716E-006    -4.3986655039469556E-006     5.6327412969007458E-002
   587.46223883011930         0.12964258306238258          1.9680863201253649E-006    -4.3640166256028212E-006     5.6331776985633061E-002
   588.46223883011930         0.12862137100212995          1.9525834395266117E-006    -4.3296406797990933E-006     5.6336106626312860E-002
   589.46223883011930         0.12760820312760041          1.9372026766109804E-006    -4.2955355166302309E-006     5.6340402161829492E-002
   590.46223883011930         0.12660301607427399          1.9219430694503730E-006    -4.2616990031256786E-006     5.6344663860832617E-002
   591.46223883011930         0.12560574697675420          1.9068036636937917E-006    -4.2281290231162317E-006     5.6348891989855730E-002
   592.46223883011930         0.12461633346483608          1.8917835125076937E-006    -4.1948234771018553E-006     5.6353086813332835E-002
   593.46223883011930         0.12363471365960749          1.8768816765167769E-006    -4.1617802821203345E-006     5.6357248593614954E-002
   594.46223883011930         0.12266082616957785          1.8620972237452191E-006    -4.1289973716169945E-006     5.6361377590986569E-002
   595.46223883011930         0.12169461008683907          1.8474292295583983E-006    -4.0964726953154709E-006     5.6365474063681885E-002
   596.46223883011930         0.12073600498325576          1.8328767766050607E-006    -4.0642042190894799E-006     5.6369538267900976E-002
   597.46223883011930         0.11978495090668700          1.8184389547599515E-006    -4.0321899248355899E-006     5.6373570457825810E-002
   598.46223883011930         0.11884138837723668          1.8041148610669036E-006    -4.0004278103470452E-006     5.6377570885636157E-002
   599.46223883011930         0.11790525838353283          1.7899035996823573E-006    -3.9689158891885323E-006     5.6381539801525347E-002
   600.46223883011930         0.11697650237903873          1.7758042818193390E-006    -3.9376521905719209E-006     5.6385477453715922E-002
