 #              _____________________  _______________________             #
 #              ___  __ \__  __ \_  / / /_  /___  ____/_  ___/             #
 #              __  / / /_  /_/ /  / / /_  __/_  __/  _____ \              #
 #              _  /_/ /_  _, _// /_/ / / /_ _  /___  ____/ /              #
 #              /_____/ /_/ |_| \____/  \__/ /_____/  /____/               #
 #                                                                         #
  
 #        time                      [L]                   runoff elevation [m a.m.s.l]       runoff flux [L3.T-1.L-2]   in    x              directions   cumulative flux
 #-----------------------------------------------------------------------------------------------

   0.0000000000000000          0.0000000000000000          -0.0000000000000000          0.0000000000000000     
  0.50000000000000000          2.4166666666566656E-002     -7.3058799031039363E-005     0.0000000000000000     
   1.0030000000000001          1.1796652627684199E-002     -2.2109347593863792E-005     1.1054673796931896E-005
   1.5090180000000002          1.8444902910058753E-002     -4.6569892094627676E-005     3.4479329520529617E-005
   2.0180721080000001          1.3588956992719982E-002     -2.7986901288389007E-005     4.8641205336677644E-005
   2.5301805406480002          1.6317215901278027E-002     -3.7965405454387302E-005     6.7967650945119105E-005
   3.0453616238918881          1.4550822881015680E-002     -3.1365859996434812E-005     8.4030372346549935E-005
   3.5636337936352396          1.5582718383133454E-002     -3.5160090081933390E-005     1.0214418564191306E-004
   4.0850155963970511          1.4946459754542115E-002     -3.2800100232745821E-005     1.1914356475733764E-004
   4.6095256899754338          1.5324852971328776E-002     -3.4195724011858557E-005     1.3697259298938580E-004
   5.1371828441152863          1.5095127595030160E-002     -3.3345655288651751E-005     1.5446272576526902E-004
   5.6680059411799775          1.5232903065269275E-002     -3.3854448223395186E-005     1.7232626756980072E-004
   6.2020139768270575          1.5149612346105542E-002     -3.3546494350257710E-005     1.9013352159646770E-004
   6.7392260606880194          1.5199768354592314E-002     -3.3731803205767582E-005     2.0814657556521350E-004
   7.2796614170521474          1.5169465964962658E-002     -3.3619797679241864E-005     2.2620753713546298E-004
   7.8233393855544602          1.5187755178876822E-002     -3.3687381551532737E-005     2.4441338918923994E-004
   8.3702794218677870          1.5176699185986140E-002     -3.3646520008321921E-005     2.6270626083453683E-004
   8.9205010983989936          1.5183382800292805E-002     -3.3671219425232389E-005     2.8112239880968745E-004
   9.4740241049893879          1.5179338545902485E-002     -3.3656272944171121E-005     2.9964080973482118E-004
   10.030868249619324          1.5181786675266767E-002     -3.3665320257543721E-005     3.1827533902160530E-004
   10.591053459117040          1.5180303667279247E-002     -3.3659839533145684E-005     3.3701862357482070E-004
   11.154599779871742          1.5181202494241850E-002     -3.3663161268238495E-005     3.5587622862222427E-004
   11.721527378550972          1.5180657385146561E-002     -3.3661146729122520E-005     3.7484584401380541E-004
   12.291856542822277          1.5180988159476421E-002     -3.3662369153579914E-005     3.9392997012389826E-004
   12.865607682079210          1.5180787324778285E-002     -3.3661626937739091E-005     4.1312817768331144E-004
   13.442801328171685          1.5180909333512085E-002     -3.3662077839197108E-005     4.3244183319330638E-004
   14.023458136140714          1.5180835169428288E-002     -3.3661803754485245E-005     4.5187121243640707E-004
   14.607598884957559          1.5180880276117498E-002     -3.3661970453045975E-005     4.7141726474962057E-004
   15.195244478267304          1.5180852826660846E-002     -3.3661869009407106E-005     4.9108053411935017E-004
   15.786415945136907          1.5180869540214944E-002     -3.3661930776871872E-005     5.1086181940267661E-004
   16.381134440807728          1.5180859357926142E-002     -3.3661893146679555E-005     5.3076177015180706E-004
   16.979421247452574          1.5180865564634388E-002     -3.3661916084509068E-005     5.5078113424698373E-004
   17.581297774937291          1.5180861779203853E-002     -3.3661902094876976E-005     5.7092060615691908E-004
   18.186785561586913          1.5180864089169015E-002     -3.3661910631702946E-005     5.9118092003642927E-004
   18.795906274956433          1.5180862678807997E-002     -3.3661905419500186E-005     6.1156279264329145E-004
   19.408681712606171          1.5180863540373289E-002     -3.3661908603545180E-005     6.3206695842526258E-004
   20.025133802881808          1.5180863013777256E-002     -3.3661906657429786E-005     6.5269414800939380E-004
   20.645284605699100          1.5180863335807641E-002     -3.3661907847541841E-005     6.7344510146467688E-004
   21.269156313333294          1.5180863138772149E-002     -3.3661907119367342E-005     6.9432056018911364E-004
   21.896771251213295          1.5180863259392019E-002     -3.3661907565136333E-005     7.1532127194399964E-004
   22.528151878720575          1.5180863185513451E-002     -3.3661907292106904E-005     7.3644798779805764E-004
   23.163320789992898          1.5180863230786703E-002     -3.3661907459421065E-005     7.5770146405287886E-004
   23.802300714732855          1.5180863203028781E-002     -3.3661907356837447E-005     7.7908246110007116E-004
   24.445114519021253          1.5180863220056356E-002     -3.3661907419765442E-005     8.0059174416975633E-004
   25.091785206135381          1.5180863209605837E-002     -3.3661907381143958E-005     8.2223008291303318E-004
   25.742335917372191          1.5180863216022959E-002     -3.3661907404859404E-005     8.4399825170410579E-004
   26.396789932876423          1.5180863212080573E-002     -3.3661907390289719E-005     8.6589702949844646E-004
   27.055170672473682          1.5180863214503819E-002     -3.3661907399245195E-005     8.8792719996541418E-004
   27.717501696508524          1.5180863213013594E-002     -3.3661907393737841E-005     9.1008955145155770E-004
   28.383806706687576          1.5180863213930477E-002     -3.3661907397126325E-005     9.3238487704886243E-004
   29.054109546927702          1.5180863213366072E-002     -3.3661907395040482E-005     9.5481397459836121E-004
   29.728434204209268          1.5180863213713676E-002     -3.3661907396325099E-005     9.7737764673401810E-004
   30.406804809434522          1.5180863213499474E-002     -3.3661907395533490E-005     1.0000767009019551E-003
   31.089245638291128          1.5180863213631556E-002     -3.3661907396021611E-005     1.0229119493952309E-003
   31.775781112120875          1.5180863213550068E-002     -3.3661907395720460E-005     1.0458842093792606E-003
   32.466435798793597          1.5180863213600355E-002     -3.3661907395906299E-005     1.0689943029233223E-003
   33.161234413586357          1.5180863213569304E-002     -3.3661907395791557E-005     1.0922430570285691E-003
   33.860201820067871          1.5180863213588506E-002     -3.3661907395862518E-005     1.1156313036584965E-003
   34.563363030988278          1.5180863213576616E-002     -3.3661907395818574E-005     1.1391598797681729E-003
   35.270743209174206          1.5180863213583997E-002     -3.3661907395845855E-005     1.1628296273345265E-003
   35.982367668429255          1.5180863213579403E-002     -3.3661907395828880E-005     1.1866413933862663E-003
   36.698261874439829          1.5180863213582264E-002     -3.3661907395839445E-005     1.2105960300343240E-003
   37.418451445686472          1.5180863213580482E-002     -3.3661907395832872E-005     1.2346943945022652E-003
   38.142962154360589          1.5180863213581586E-002     -3.3661907395836944E-005     1.2589373491570170E-003
   38.871819927286751          1.5180863213580906E-002     -3.3661907395834423E-005     1.2833257615396955E-003
   39.605050846850474          1.5180863213581327E-002     -3.3661907395835989E-005     1.3078605043966712E-003
   40.342681151931579          1.5180863213581067E-002     -3.3661907395835026E-005     1.3325424557107880E-003
   41.084737238843168          1.5180863213581227E-002     -3.3661907395835616E-005     1.3573724987327900E-003
   41.831245662276224          1.5180863213581135E-002     -3.3661907395835277E-005     1.3823515220129238E-003
   42.582233136249883          1.5180863213581180E-002     -3.3661907395835440E-005     1.4074804194327386E-003
   43.337726535067382          1.5180863213581156E-002     -3.3661907395835352E-005     1.4327600902370721E-003
   44.097752894277789          1.5180863213581173E-002     -3.3661907395835419E-005     1.4581914390662317E-003
   44.862339411643454          1.5180863213581150E-002     -3.3661907395835331E-005     1.4837753759883662E-003
   45.631513448113317          1.5180863213581182E-002     -3.3661907395835447E-005     1.5095128165320336E-003
   46.405302528801997          1.5180863213581154E-002     -3.3661907395835345E-005     1.5354046817189629E-003
   47.183734343974805          1.5180863213581190E-002     -3.3661907395835480E-005     1.5614518980970140E-003
   47.966836750038652          1.5180863213581145E-002     -3.3661907395835318E-005     1.5876553977733333E-003
   48.754637770538885          1.5180863213581183E-002     -3.3661907395835453E-005     1.6140161184477104E-003
   49.547165597162120          1.5180863213581152E-002     -3.3661907395835338E-005     1.6405350034461338E-003
   50.344448590745095          1.5180863213581164E-002     -3.3661907395835386E-005     1.6672130017545478E-003
   51.146515282289563          1.5180863213581166E-002     -3.3661907395835386E-005     1.6940510680528121E-003
   51.953394373983301          1.5180863213581164E-002     -3.3661907395835386E-005     1.7210501627488660E-003
   52.765114740227197          1.5180863213581152E-002     -3.3661907395835338E-005     1.7482112520130963E-003
   53.581705428668563          1.5180863213581178E-002     -3.3661907395835433E-005     1.7755353078129121E-003
   54.403195661240574          1.5180863213581145E-002     -3.3661907395835318E-005     1.8030233079475266E-003
   55.229614835208018          1.5180863213581182E-002     -3.3661907395835447E-005     1.8306762360829490E-003
   56.060992524219266          1.5180863213581157E-002     -3.3661907395835358E-005     1.8584950817871840E-003
   56.897358479364584          1.5180863213581173E-002     -3.3661907395835419E-005     1.8864808405656443E-003
   57.738742630240772          1.5180863213581164E-002     -3.3661907395835386E-005     1.9146345138967753E-003
   58.585175086022218          1.5180863213581182E-002     -3.3661907395835447E-005     1.9429571092678933E-003
   59.436686136538349          1.5180863213581145E-002     -3.3661907395835318E-005     1.9714496402112379E-003
   60.293306253357578          1.5180863213581202E-002     -3.3661907395835521E-005     2.0001131263402425E-003
   61.155066090877725          1.5180863213581135E-002     -3.3661907395835277E-005     2.0289485933860209E-003
   62.021996487422989          1.5180863213581178E-002     -3.3661907395835433E-005     2.0579570732340742E-003
   62.894128466347524          1.5180863213581171E-002     -3.3661907395835406E-005     2.0871396039612157E-003
   63.771493237145613          1.5180863213581150E-002     -3.3661907395835331E-005     2.1164972298727200E-003
   64.654122196568480          1.5180863213581180E-002     -3.3661907395835440E-005     2.1460310015396934E-003
   65.542046929747897          1.5180863213581159E-002     -3.3661907395835365E-005     2.1757419758366685E-003
   66.435299211326381          1.5180863213581180E-002     -3.3661907395835440E-005     2.2056312159794257E-003
   67.333911006594334          1.5180863213581143E-002     -3.3661907395835311E-005     2.2356997915630394E-003
   68.237914472633904          1.5180863213581194E-002     -3.3661907395835487E-005     2.2659487786001547E-003
   69.147341959469713          1.5180863213581145E-002     -3.3661907395835318E-005     2.2963792595594927E-003
   70.062226011226528          1.5180863213581185E-002     -3.3661907395835460E-005     2.3269923234045869E-003
   70.982599367293886          1.5180863213581149E-002     -3.3661907395835331E-005     2.3577890656327517E-003
   71.908494963497645          1.5180863213581164E-002     -3.3661907395835386E-005     2.3887705883142854E-003
   72.839945933278628          1.5180863213581166E-002     -3.3661907395835386E-005     2.4199380001319083E-003
   73.776985608878306          1.5180863213581187E-002     -3.3661907395835467E-005     2.4512924164204371E-003
   74.719647522531574          1.5180863213581147E-002     -3.3661907395835325E-005     2.4828349592066969E-003
   75.667965407666770          1.5180863213581192E-002     -3.3661907395835487E-005     2.5145667572496742E-003
   76.621973200112777          1.5180863213581147E-002     -3.3661907395835325E-005     2.5464889460809093E-003
   77.581705039313448          1.5180863213581175E-002     -3.3661907395835426E-005     2.5786026680451320E-003
   78.547195269549334          1.5180863213581154E-002     -3.3661907395835345E-005     2.6109090723411398E-003
   79.518478441166636          1.5180863213581176E-002     -3.3661907395835433E-005     2.6434093150629239E-003
   80.495589311813632          1.5180863213581159E-002     -3.3661907395835365E-005     2.6761045592410384E-003
   81.478562847684515          1.5180863213581182E-002     -3.3661907395835447E-005     2.7089959748842216E-003
   82.467434224770628          1.5180863213581157E-002     -3.3661907395835358E-005     2.7420847390212640E-003
   83.462238830119247          1.5180863213581171E-002     -3.3661907395835406E-005     2.7753720357431289E-003
   84.462238830119247          1.5180863213581168E-002     -3.3661907395835392E-005     2.8088590562453247E-003
   85.462238830119247          1.5180863213581168E-002     -3.3661907395835392E-005     2.8425209636411602E-003
   86.462238830119247          1.5180863213581166E-002     -3.3661907395835386E-005     2.8761828710369957E-003
   87.462238830119247          1.5180863213581171E-002     -3.3661907395835406E-005     2.9098447784328312E-003
   88.462238830119247          1.5180863213581175E-002     -3.3661907395835426E-005     2.9435066858286667E-003
   89.462238830119247          1.5180863213581156E-002     -3.3661907395835352E-005     2.9771685932245022E-003
   90.462238830119247          1.5180863213581182E-002     -3.3661907395835447E-005     3.0108305006203376E-003
   91.462238830119247          1.5180863213581166E-002     -3.3661907395835386E-005     3.0444924080161731E-003
   92.462238830119247          1.5180863213581166E-002     -3.3661907395835386E-005     3.0781543154120086E-003
   93.462238830119247          1.5180863213581175E-002     -3.3661907395835426E-005     3.1118162228078441E-003
   94.462238830119247          1.5180863213581175E-002     -3.3661907395835426E-005     3.1454781302036796E-003
   95.462238830119247          1.5180863213581154E-002     -3.3661907395835345E-005     3.1791400375995151E-003
   96.462238830119247          1.5180863213581176E-002     -3.3661907395835433E-005     3.2128019449953506E-003
   97.462238830119247          1.5180863213581173E-002     -3.3661907395835419E-005     3.2464638523911861E-003
   98.462238830119247          1.5180863213581149E-002     -3.3661907395835331E-005     3.2801257597870215E-003
   99.462238830119247          1.5180863213581178E-002     -3.3661907395835433E-005     3.3137876671828570E-003
   100.46223883011925          1.5180863213581169E-002     -3.3661907395835399E-005     3.3474495745786925E-003
   101.46223883011925          1.5180863213581159E-002     -3.3661907395835365E-005     3.3811114819745280E-003
   102.46223883011925          1.5180863213581175E-002     -3.3661907395835426E-005     3.4147733893703635E-003
   103.46223883011925          1.5180863213581171E-002     -3.3661907395835406E-005     3.4484352967661990E-003
   104.46223883011925          1.5180863213581159E-002     -3.3661907395835365E-005     3.4820972041620345E-003
   105.46223883011925          1.5180863213581175E-002     -3.3661907395835426E-005     3.5157591115578700E-003
   106.46223883011925          1.5180863213581175E-002     -3.3661907395835426E-005     3.5494210189537054E-003
   107.46223883011925          1.5180863213581156E-002     -3.3661907395835352E-005     3.5830829263495409E-003
   108.46223883011925          1.5180863213581173E-002     -3.3661907395835419E-005     3.6167448337453764E-003
   109.46223883011925          1.5180863213581176E-002     -3.3661907395835433E-005     3.6504067411412119E-003
   110.46223883011925          1.5180863213581159E-002     -3.3661907395835365E-005     3.6840686485370474E-003
   111.46223883011925          1.5180863213581169E-002     -3.3661907395835399E-005     3.7177305559328829E-003
   112.46223883011925          1.5180863213581182E-002     -3.3661907395835447E-005     3.7513924633287184E-003
   113.46223883011925          1.5180863213581150E-002     -3.3661907395835331E-005     3.7850543707245539E-003
   114.46223883011925          1.5180863213581182E-002     -3.3661907395835447E-005     3.8187162781203893E-003
   115.46223883011925          1.5180863213581168E-002     -3.3661907395835392E-005     3.8523781855162248E-003
   116.46223883011925          1.5180863213581166E-002     -3.3661907395835386E-005     3.8860400929120603E-003
   117.46223883011925          1.5180863213581171E-002     -3.3661907395835406E-005     3.9197020003078958E-003
   118.46223883011925          1.5180863213581171E-002     -3.3661907395835406E-005     3.9533639077037313E-003
   119.46223883011925          1.5180863213581162E-002     -3.3661907395835379E-005     3.9870258150995668E-003
   120.46223883011925          1.5180863213581175E-002     -3.3661907395835426E-005     4.0206877224954023E-003
   121.46223883011925          1.5180863213581173E-002     -3.3661907395835419E-005     4.0543496298912378E-003
   122.46223883011925          1.5180863213581156E-002     -3.3661907395835352E-005     4.0880115372870732E-003
   123.46223883011925          1.5180863213581178E-002     -3.3661907395835433E-005     4.1216734446829087E-003
   124.46223883011925          1.5180863213581168E-002     -3.3661907395835392E-005     4.1553353520787442E-003
   125.46223883011925          1.5180863213581161E-002     -3.3661907395835372E-005     4.1889972594745797E-003
   126.46223883011925          1.5180863213581173E-002     -3.3661907395835419E-005     4.2226591668704152E-003
   127.46223883011925          1.5180863213581173E-002     -3.3661907395835419E-005     4.2563210742662507E-003
   128.46223883011925          1.5180863213581154E-002     -3.3661907395835345E-005     4.2899829816620862E-003
   129.46223883011925          1.5180863213581173E-002     -3.3661907395835419E-005     4.3236448890579217E-003
   130.46223883011925          1.5180863213581173E-002     -3.3661907395835419E-005     4.3573067964537571E-003
   131.46223883011925          1.5180863213581150E-002     -3.3661907395835331E-005     4.3909687038495926E-003
   132.46223883011925          1.5180863213581171E-002     -3.3661907395835406E-005     4.4246306112454281E-003
   133.46223883011925          1.5180863213581182E-002     -3.3661907395835447E-005     4.4582925186412636E-003
   134.46223883011925          1.5180863213581142E-002     -3.3661907395835304E-005     4.4919544260370991E-003
   135.46223883011925          1.5180863213581195E-002     -3.3661907395835494E-005     4.5256163334329346E-003
   136.46223883011925          1.5180863213581149E-002     -3.3661907395835331E-005     4.5592782408287701E-003
   137.46223883011925          1.5180863213581182E-002     -3.3661907395835447E-005     4.5929401482246055E-003
   138.46223883011925          1.5180863213581175E-002     -3.3661907395835426E-005     4.6266020556204410E-003
   139.46223883011925          1.5180863213581159E-002     -3.3661907395835365E-005     4.6602639630162765E-003
   140.46223883011925          1.5180863213581175E-002     -3.3661907395835426E-005     4.6939258704121120E-003
   141.46223883011925          1.5180863213581175E-002     -3.3661907395835426E-005     4.7275877778079475E-003
   142.46223883011925          1.5180863213581152E-002     -3.3661907395835338E-005     4.7612496852037830E-003
   143.46223883011925          1.5180863213581171E-002     -3.3661907395835406E-005     4.7949115925996185E-003
   144.46223883011925          1.5180863213581180E-002     -3.3661907395835440E-005     4.8285734999954540E-003
   145.46223883011925          1.5180863213581152E-002     -3.3661907395835338E-005     4.8622354073912894E-003
   146.46223883011925          1.5180863213581168E-002     -3.3661907395835392E-005     4.8958973147871249E-003
   147.46223883011925          1.5180863213581187E-002     -3.3661907395835467E-005     4.9295592221829604E-003
   148.46223883011925          1.5180863213581145E-002     -3.3661907395835318E-005     4.9632211295787959E-003
   149.46223883011925          1.5180863213581180E-002     -3.3661907395835440E-005     4.9968830369746314E-003
   150.46223883011925          1.5180863213581169E-002     -3.3661907395835399E-005     5.0305449443704669E-003
   151.46223883011925          1.5180863213581161E-002     -3.3661907395835372E-005     5.0642068517663024E-003
   152.46223883011925          1.5180863213581169E-002     -3.3661907395835399E-005     5.0978687591621379E-003
   153.46223883011925          1.5180863213581178E-002     -3.3661907395835433E-005     5.1315306665579733E-003
   154.46223883011925          1.5180863213581157E-002     -3.3661907395835358E-005     5.1651925739538088E-003
   155.46223883011925          1.5180863213581169E-002     -3.3661907395835399E-005     5.1988544813496443E-003
   156.46223883011925          1.5180863213581188E-002     -3.3661907395835474E-005     5.2325163887454798E-003
   157.46223883011925          1.5180863213581138E-002     -3.3661907395835291E-005     5.2661782961413153E-003
   158.46223883011925          1.5180863213581199E-002     -3.3661907395835508E-005     5.2998402035371508E-003
   159.46223883011925          1.5180863213581150E-002     -3.3661907395835331E-005     5.3335021109329863E-003
   160.46223883011925          1.5180863213581180E-002     -3.3661907395835440E-005     5.3671640183288218E-003
   161.46223883011925          1.5180863213581162E-002     -3.3661907395835379E-005     5.4008259257246572E-003
   162.46223883011925          1.5180863213581162E-002     -3.3661907395835379E-005     5.4344878331204927E-003
   163.46223883011925          1.5180863213581185E-002     -3.3661907395835460E-005     5.4681497405163282E-003
   164.46223883011925          1.5180863213581156E-002     -3.3661907395835352E-005     5.5018116479121637E-003
   165.46223883011925          1.5180863213581187E-002     -3.3661907395835467E-005     5.5354735553079992E-003
   166.46223883011925          1.5180863213581161E-002     -3.3661907395835372E-005     5.5691354627038347E-003
   167.46223883011925          1.5180863213581169E-002     -3.3661907395835399E-005     5.6027973700996702E-003
   168.46223883011925          1.5180863213581178E-002     -3.3661907395835433E-005     5.6364592774955057E-003
   169.46223883011925          1.5180863213581159E-002     -3.3661907395835365E-005     5.6701211848913411E-003
   170.46223883011925          1.5180863213581175E-002     -3.3661907395835426E-005     5.7037830922871766E-003
   171.46223883011925          1.5180863213581171E-002     -3.3661907395835406E-005     5.7374449996830121E-003
   172.46223883011925          1.5180863213581159E-002     -3.3661907395835365E-005     5.7711069070788476E-003
   173.46223883011925          1.5180863213581175E-002     -3.3661907395835426E-005     5.8047688144746831E-003
   174.46223883011925          1.5180863213581175E-002     -3.3661907395835426E-005     5.8384307218705186E-003
   175.46223883011925          1.5180863213581156E-002     -3.3661907395835352E-005     5.8720926292663541E-003
   176.46223883011925          1.5180863213581173E-002     -3.3661907395835419E-005     5.9057545366621896E-003
   177.46223883011925          1.5180863213581176E-002     -3.3661907395835433E-005     5.9394164440580250E-003
   178.46223883011925          1.5180863213581159E-002     -3.3661907395835365E-005     5.9730783514538605E-003
   179.46223883011925          1.5180863213581169E-002     -3.3661907395835399E-005     6.0067402588496960E-003
   180.46223883011925          1.5180863213581182E-002     -3.3661907395835447E-005     6.0404021662455315E-003
   181.46223883011925          1.5180863213581150E-002     -3.3661907395835331E-005     6.0740640736413670E-003
   182.46223883011925          1.5180863213581182E-002     -3.3661907395835447E-005     6.1077259810372025E-003
   183.46223883011925          1.5180863213581168E-002     -3.3661907395835392E-005     6.1413878884330380E-003
   184.46223883011925          1.5180863213581166E-002     -3.3661907395835386E-005     6.1750497958288735E-003
   185.46223883011925          1.5180863213581171E-002     -3.3661907395835406E-005     6.2087117032247089E-003
   186.46223883011925          1.5180863213581171E-002     -3.3661907395835406E-005     6.2423736106205444E-003
   187.46223883011925          1.5180863213581162E-002     -3.3661907395835379E-005     6.2760355180163799E-003
   188.46223883011925          1.5180863213581175E-002     -3.3661907395835426E-005     6.3096974254122154E-003
   189.46223883011925          1.5180863213581173E-002     -3.3661907395835419E-005     6.3433593328080509E-003
   190.46223883011925          1.5180863213581156E-002     -3.3661907395835352E-005     6.3770212402038864E-003
   191.46223883011925          1.5180863213581178E-002     -3.3661907395835433E-005     6.4106831475997219E-003
   192.46223883011925          1.5180863213581168E-002     -3.3661907395835392E-005     6.4443450549955573E-003
   193.46223883011925          1.5180863213581161E-002     -3.3661907395835372E-005     6.4780069623913928E-003
   194.46223883011925          1.5180863213581173E-002     -3.3661907395835419E-005     6.5116688697872283E-003
   195.46223883011925          1.5180863213581173E-002     -3.3661907395835419E-005     6.5453307771830638E-003
   196.46223883011925          1.5180863213581154E-002     -3.3661907395835345E-005     6.5789926845788993E-003
   197.46223883011925          1.5180863213581173E-002     -3.3661907395835419E-005     6.6126545919747348E-003
   198.46223883011925          1.5180863213581173E-002     -3.3661907395835419E-005     6.6463164993705703E-003
   199.46223883011925          1.5180863213581150E-002     -3.3661907395835331E-005     6.6799784067664058E-003
   200.46223883011925          1.5180863213581171E-002     -3.3661907395835406E-005     6.7136403141622412E-003
   201.46223883011925          1.5180863213581182E-002     -3.3661907395835447E-005     6.7473022215580767E-003
   202.46223883011925          1.5180863213581142E-002     -3.3661907395835304E-005     6.7809641289539122E-003
   203.46223883011925          1.5180863213581195E-002     -3.3661907395835494E-005     6.8146260363497477E-003
   204.46223883011925          1.5180863213581149E-002     -3.3661907395835331E-005     6.8482879437455832E-003
   205.46223883011925          1.5180863213581182E-002     -3.3661907395835447E-005     6.8819498511414187E-003
   206.46223883011925          1.5180863213581175E-002     -3.3661907395835426E-005     6.9156117585372542E-003
   207.46223883011925          1.5180863213581159E-002     -3.3661907395835365E-005     6.9492736659330897E-003
   208.46223883011925          1.5180863213581175E-002     -3.3661907395835426E-005     6.9829355733289251E-003
   209.46223883011925          1.5180863213581175E-002     -3.3661907395835426E-005     7.0165974807247606E-003
   210.46223883011925          1.5180863213581152E-002     -3.3661907395835338E-005     7.0502593881205961E-003
   211.46223883011925          1.5180863213581171E-002     -3.3661907395835406E-005     7.0839212955164316E-003
   212.46223883011925          1.5180863213581180E-002     -3.3661907395835440E-005     7.1175832029122671E-003
   213.46223883011925          1.5180863213581152E-002     -3.3661907395835338E-005     7.1512451103081026E-003
   214.46223883011925          1.5180863213581168E-002     -3.3661907395835392E-005     7.1849070177039381E-003
   215.46223883011925          1.5180863213581187E-002     -3.3661907395835467E-005     7.2185689250997736E-003
   216.46223883011925          1.5180863213581145E-002     -3.3661907395835318E-005     7.2522308324956090E-003
   217.46223883011925          1.5180863213581180E-002     -3.3661907395835440E-005     7.2858927398914445E-003
   218.46223883011925          1.5180863213581169E-002     -3.3661907395835399E-005     7.3195546472872800E-003
   219.46223883011925          1.5180863213581161E-002     -3.3661907395835372E-005     7.3532165546831155E-003
   220.46223883011925          1.5180863213581169E-002     -3.3661907395835399E-005     7.3868784620789510E-003
   221.46223883011925          1.5180863213581178E-002     -3.3661907395835433E-005     7.4205403694747865E-003
   222.46223883011925          1.5180863213581157E-002     -3.3661907395835358E-005     7.4542022768706220E-003
   223.46223883011925          1.5180863213581169E-002     -3.3661907395835399E-005     7.4878641842664575E-003
   224.46223883011925          1.5180863213581188E-002     -3.3661907395835474E-005     7.5215260916622929E-003
   225.46223883011925          1.5180863213581138E-002     -3.3661907395835291E-005     7.5551879990581284E-003
   226.46223883011925          1.5180863213581199E-002     -3.3661907395835508E-005     7.5888499064539639E-003
   227.46223883011925          1.5180863213581150E-002     -3.3661907395835331E-005     7.6225118138497994E-003
   228.46223883011925          1.5180863213581180E-002     -3.3661907395835440E-005     7.6561737212456349E-003
   229.46223883011925          1.5180863213581162E-002     -3.3661907395835379E-005     7.6898356286414704E-003
   230.46223883011925          1.5180863213581162E-002     -3.3661907395835379E-005     7.7234975360373059E-003
   231.46223883011925          1.5180863213581185E-002     -3.3661907395835460E-005     7.7571594434331414E-003
   232.46223883011925          1.5180863213581156E-002     -3.3661907395835352E-005     7.7908213508289768E-003
   233.46223883011925          1.5180863213581187E-002     -3.3661907395835467E-005     7.8244832582248115E-003
   234.46223883011925          1.5180863213581161E-002     -3.3661907395835372E-005     7.8581451656206461E-003
   235.46223883011925          1.5180863213581169E-002     -3.3661907395835399E-005     7.8918070730164807E-003
   236.46223883011925          1.5180863213581178E-002     -3.3661907395835433E-005     7.9254689804123153E-003
   237.46223883011925          1.5180863213581159E-002     -3.3661907395835365E-005     7.9591308878081499E-003
   238.46223883011925          1.5180863213581175E-002     -3.3661907395835426E-005     7.9927927952039846E-003
   239.46223883011925          1.5180863213581171E-002     -3.3661907395835406E-005     8.0264547025998192E-003
   240.46223883011925          1.5180863213581159E-002     -3.3661907395835365E-005     8.0601166099956538E-003
   241.46223883011925          1.5180863213581175E-002     -3.3661907395835426E-005     8.0937785173914884E-003
   242.46223883011925          1.5180863213581175E-002     -3.3661907395835426E-005     8.1274404247873230E-003
   243.46223883011925          1.5180863213581156E-002     -3.3661907395835352E-005     8.1611023321831577E-003
   244.46223883011925          1.5180863213581173E-002     -3.3661907395835419E-005     8.1947642395789923E-003
   245.46223883011925          1.5180863213581176E-002     -3.3661907395835433E-005     8.2284261469748269E-003
   246.46223883011925          1.5180863213581159E-002     -3.3661907395835365E-005     8.2620880543706615E-003
   247.46223883011925          1.5180863213581169E-002     -3.3661907395835399E-005     8.2957499617664961E-003
   248.46223883011925          1.5180863213581182E-002     -3.3661907395835447E-005     8.3294118691623308E-003
   249.46223883011925          1.5180863213581150E-002     -3.3661907395835331E-005     8.3630737765581654E-003
   250.46223883011925          1.5180863213581182E-002     -3.3661907395835447E-005     8.3967356839540000E-003
   251.46223883011925          1.5180863213581168E-002     -3.3661907395835392E-005     8.4303975913498346E-003
   252.46223883011925          1.5180863213581166E-002     -3.3661907395835386E-005     8.4640594987456692E-003
   253.46223883011925          1.5180863213581171E-002     -3.3661907395835406E-005     8.4977214061415039E-003
   254.46223883011925          1.5180863213581171E-002     -3.3661907395835406E-005     8.5313833135373385E-003
   255.46223883011925          1.5180863213581162E-002     -3.3661907395835379E-005     8.5650452209331731E-003
   256.46223883011925          1.5180863213581175E-002     -3.3661907395835426E-005     8.5987071283290077E-003
   257.46223883011925          1.5180863213581173E-002     -3.3661907395835419E-005     8.6323690357248423E-003
   258.46223883011925          1.5180863213581156E-002     -3.3661907395835352E-005     8.6660309431206770E-003
   259.46223883011925          1.5180863213581178E-002     -3.3661907395835433E-005     8.6996928505165116E-003
   260.46223883011925          1.5180863213581168E-002     -3.3661907395835392E-005     8.7333547579123462E-003
   261.46223883011925          1.5180863213581161E-002     -3.3661907395835372E-005     8.7670166653081808E-003
   262.46223883011925          1.5180863213581173E-002     -3.3661907395835419E-005     8.8006785727040154E-003
   263.46223883011925          1.5180863213581173E-002     -3.3661907395835419E-005     8.8343404800998501E-003
   264.46223883011925          1.5180863213581154E-002     -3.3661907395835345E-005     8.8680023874956847E-003
   265.46223883011925          1.5180863213581173E-002     -3.3661907395835419E-005     8.9016642948915193E-003
   266.46223883011925          1.5180863213581173E-002     -3.3661907395835419E-005     8.9353262022873539E-003
   267.46223883011925          1.5180863213581150E-002     -3.3661907395835331E-005     8.9689881096831885E-003
   268.46223883011925          1.5180863213581171E-002     -3.3661907395835406E-005     9.0026500170790232E-003
   269.46223883011925          1.5180863213581182E-002     -3.3661907395835447E-005     9.0363119244748578E-003
   270.46223883011925          1.5180863213581142E-002     -3.3661907395835304E-005     9.0699738318706924E-003
   271.46223883011925          1.5180863213581195E-002     -3.3661907395835494E-005     9.1036357392665287E-003
   272.46223883011925          1.5180863213581149E-002     -3.3661907395835331E-005     9.1372976466623634E-003
   273.46223883011925          1.5180863213581182E-002     -3.3661907395835447E-005     9.1709595540581980E-003
   274.46223883011925          1.5180863213581175E-002     -3.3661907395835426E-005     9.2046214614540326E-003
   275.46223883011925          1.5180863213581159E-002     -3.3661907395835365E-005     9.2382833688498672E-003
   276.46223883011925          1.5180863213581175E-002     -3.3661907395835426E-005     9.2719452762457018E-003
   277.46223883011925          1.5180863213581175E-002     -3.3661907395835426E-005     9.3056071836415365E-003
   278.46223883011925          1.5180863213581152E-002     -3.3661907395835338E-005     9.3392690910373711E-003
   279.46223883011925          1.5180863213581171E-002     -3.3661907395835406E-005     9.3729309984332057E-003
   280.46223883011925          1.5180863213581180E-002     -3.3661907395835440E-005     9.4065929058290403E-003
   281.46223883011925          1.5180863213581152E-002     -3.3661907395835338E-005     9.4402548132248749E-003
   282.46223883011925          1.5180863213581168E-002     -3.3661907395835392E-005     9.4739167206207096E-003
   283.46223883011925          1.5180863213581187E-002     -3.3661907395835467E-005     9.5075786280165442E-003
   284.46223883011925          1.5180863213581145E-002     -3.3661907395835318E-005     9.5412405354123788E-003
   285.46223883011925          1.5180863213581180E-002     -3.3661907395835440E-005     9.5749024428082134E-003
   286.46223883011925          1.5180863213581169E-002     -3.3661907395835399E-005     9.6085643502040480E-003
   287.46223883011925          1.5180863213581161E-002     -3.3661907395835372E-005     9.6422262575998827E-003
   288.46223883011925          1.5180863213581169E-002     -3.3661907395835399E-005     9.6758881649957173E-003
   289.46223883011925          1.5180863213581178E-002     -3.3661907395835433E-005     9.7095500723915519E-003
   290.46223883011925          1.5180863213581157E-002     -3.3661907395835358E-005     9.7432119797873865E-003
   291.46223883011925          1.5180863213581169E-002     -3.3661907395835399E-005     9.7768738871832211E-003
   292.46223883011925          1.5180863213581188E-002     -3.3661907395835474E-005     9.8105357945790558E-003
   293.46223883011925          1.5180863213581138E-002     -3.3661907395835291E-005     9.8441977019748904E-003
   294.46223883011925          1.5180863213581199E-002     -3.3661907395835508E-005     9.8778596093707267E-003
   295.46223883011925          1.5180863213581150E-002     -3.3661907395835331E-005     9.9115215167665614E-003
   296.46223883011925          1.5180863213581180E-002     -3.3661907395835440E-005     9.9451834241623960E-003
   297.46223883011925          1.5180863213581162E-002     -3.3661907395835379E-005     9.9788453315582306E-003
   298.46223883011925          1.5180863213581162E-002     -3.3661907395835379E-005     1.0012507238954065E-002
   299.46223883011925          1.5180863213581185E-002     -3.3661907395835460E-005     1.0046169146349900E-002
   300.46223883011925          1.5180863213581156E-002     -3.3661907395835352E-005     1.0079831053745734E-002
   301.46223883011925          1.5180863213581187E-002     -3.3661907395835467E-005     1.0113492961141569E-002
   302.46223883011925          1.5180863213581161E-002     -3.3661907395835372E-005     1.0147154868537404E-002
   303.46223883011925          1.5180863213581169E-002     -3.3661907395835399E-005     1.0180816775933238E-002
   304.46223883011925          1.5180863213581178E-002     -3.3661907395835433E-005     1.0214478683329073E-002
   305.46223883011925          1.5180863213581159E-002     -3.3661907395835365E-005     1.0248140590724908E-002
   306.46223883011925          1.5180863213581175E-002     -3.3661907395835426E-005     1.0281802498120742E-002
   307.46223883011925          1.5180863213581171E-002     -3.3661907395835406E-005     1.0315464405516577E-002
   308.46223883011925          1.5180863213581159E-002     -3.3661907395835365E-005     1.0349126312912411E-002
   309.46223883011925          1.5180863213581175E-002     -3.3661907395835426E-005     1.0382788220308246E-002
   310.46223883011925          1.5180863213581175E-002     -3.3661907395835426E-005     1.0416450127704081E-002
   311.46223883011925          1.5180863213581156E-002     -3.3661907395835352E-005     1.0450112035099915E-002
   312.46223883011925          1.5180863213581173E-002     -3.3661907395835419E-005     1.0483773942495750E-002
   313.46223883011925          1.5180863213581176E-002     -3.3661907395835433E-005     1.0517435849891585E-002
   314.46223883011925          1.5180863213581159E-002     -3.3661907395835365E-005     1.0551097757287419E-002
   315.46223883011925          1.5180863213581169E-002     -3.3661907395835399E-005     1.0584759664683254E-002
   316.46223883011925          1.5180863213581182E-002     -3.3661907395835447E-005     1.0618421572079088E-002
   317.46223883011925          1.5180863213581150E-002     -3.3661907395835331E-005     1.0652083479474923E-002
   318.46223883011925          1.5180863213581182E-002     -3.3661907395835447E-005     1.0685745386870758E-002
   319.46223883011925          1.5180863213581168E-002     -3.3661907395835392E-005     1.0719407294266592E-002
   320.46223883011925          1.5180863213581166E-002     -3.3661907395835386E-005     1.0753069201662427E-002
   321.46223883011925          1.5180863213581171E-002     -3.3661907395835406E-005     1.0786731109058261E-002
   322.46223883011925          1.5180863213581171E-002     -3.3661907395835406E-005     1.0820393016454096E-002
   323.46223883011925          1.5180863213581162E-002     -3.3661907395835379E-005     1.0854054923849931E-002
   324.46223883011925          1.5180863213581175E-002     -3.3661907395835426E-005     1.0887716831245765E-002
   325.46223883011925          1.5180863213581173E-002     -3.3661907395835419E-005     1.0921378738641600E-002
   326.46223883011925          1.5180863213581156E-002     -3.3661907395835352E-005     1.0955040646037435E-002
   327.46223883011925          1.5180863213581178E-002     -3.3661907395835433E-005     1.0988702553433269E-002
   328.46223883011925          1.5180863213581168E-002     -3.3661907395835392E-005     1.1022364460829104E-002
   329.46223883011925          1.5180863213581161E-002     -3.3661907395835372E-005     1.1056026368224938E-002
   330.46223883011925          1.5180863213581173E-002     -3.3661907395835419E-005     1.1089688275620773E-002
   331.46223883011925          1.5180863213581173E-002     -3.3661907395835419E-005     1.1123350183016608E-002
   332.46223883011925          1.5180863213581154E-002     -3.3661907395835345E-005     1.1157012090412442E-002
   333.46223883011925          1.5180863213581173E-002     -3.3661907395835419E-005     1.1190673997808277E-002
   334.46223883011925          1.5180863213581173E-002     -3.3661907395835419E-005     1.1224335905204112E-002
   335.46223883011925          1.5180863213581150E-002     -3.3661907395835331E-005     1.1257997812599946E-002
   336.46223883011925          1.5180863213581171E-002     -3.3661907395835406E-005     1.1291659719995781E-002
   337.46223883011925          1.5180863213581182E-002     -3.3661907395835447E-005     1.1325321627391615E-002
   338.46223883011925          1.5180863213581142E-002     -3.3661907395835304E-005     1.1358983534787450E-002
   339.46223883011925          1.5180863213581195E-002     -3.3661907395835494E-005     1.1392645442183286E-002
   340.46223883011925          1.5180863213581149E-002     -3.3661907395835331E-005     1.1426307349579121E-002
   341.46223883011925          1.5180863213581182E-002     -3.3661907395835447E-005     1.1459969256974956E-002
   342.46223883011925          1.5180863213581175E-002     -3.3661907395835426E-005     1.1493631164370790E-002
   343.46223883011925          1.5180863213581159E-002     -3.3661907395835365E-005     1.1527293071766625E-002
   344.46223883011925          1.5180863213581175E-002     -3.3661907395835426E-005     1.1560954979162459E-002
   345.46223883011925          1.5180863213581175E-002     -3.3661907395835426E-005     1.1594616886558294E-002
   346.46223883011925          1.5180863213581152E-002     -3.3661907395835338E-005     1.1628278793954129E-002
   347.46223883011925          1.5180863213581171E-002     -3.3661907395835406E-005     1.1661940701349963E-002
   348.46223883011925          1.5180863213581180E-002     -3.3661907395835440E-005     1.1695602608745798E-002
   349.46223883011925          1.5180863213581152E-002     -3.3661907395835338E-005     1.1729264516141633E-002
   350.46223883011925          1.5180863213581168E-002     -3.3661907395835392E-005     1.1762926423537467E-002
   351.46223883011925          1.5180863213581187E-002     -3.3661907395835467E-005     1.1796588330933302E-002
   352.46223883011925          1.5180863213581145E-002     -3.3661907395835318E-005     1.1830250238329136E-002
   353.46223883011925          1.5180863213581180E-002     -3.3661907395835440E-005     1.1863912145724971E-002
   354.46223883011925          1.5180863213581169E-002     -3.3661907395835399E-005     1.1897574053120806E-002
   355.46223883011925          1.5180863213581161E-002     -3.3661907395835372E-005     1.1931235960516640E-002
   356.46223883011925          1.5180863213581169E-002     -3.3661907395835399E-005     1.1964897867912475E-002
   357.46223883011925          1.5180863213581178E-002     -3.3661907395835433E-005     1.1998559775308310E-002
   358.46223883011925          1.5180863213581157E-002     -3.3661907395835358E-005     1.2032221682704144E-002
   359.46223883011925          1.5180863213581169E-002     -3.3661907395835399E-005     1.2065883590099979E-002
   360.46223883011925          1.5180863213581188E-002     -3.3661907395835474E-005     1.2099545497495813E-002
   361.46223883011925          1.5180863213581138E-002     -3.3661907395835291E-005     1.2133207404891648E-002
   362.46223883011925          1.5180863213581199E-002     -3.3661907395835508E-005     1.2166869312287484E-002
   363.46223883011925          1.5180863213581150E-002     -3.3661907395835331E-005     1.2200531219683319E-002
   364.46223883011925          1.5180863213581180E-002     -3.3661907395835440E-005     1.2234193127079154E-002
   365.46223883011925          1.5180863213581162E-002     -3.3661907395835379E-005     1.2267855034474988E-002
   366.46223883011925          1.5180863213581162E-002     -3.3661907395835379E-005     1.2301516941870823E-002
   367.46223883011925          1.5180863213581185E-002     -3.3661907395835460E-005     1.2335178849266657E-002
   368.46223883011925          1.5180863213581156E-002     -3.3661907395835352E-005     1.2368840756662492E-002
   369.46223883011925          1.5180863213581187E-002     -3.3661907395835467E-005     1.2402502664058327E-002
   370.46223883011925          1.5180863213581161E-002     -3.3661907395835372E-005     1.2436164571454161E-002
   371.46223883011925          1.5180863213581169E-002     -3.3661907395835399E-005     1.2469826478849996E-002
   372.46223883011925          1.5180863213581178E-002     -3.3661907395835433E-005     1.2503488386245831E-002
   373.46223883011925          1.5180863213581159E-002     -3.3661907395835365E-005     1.2537150293641665E-002
   374.46223883011925          1.5180863213581175E-002     -3.3661907395835426E-005     1.2570812201037500E-002
   375.46223883011925          1.5180863213581171E-002     -3.3661907395835406E-005     1.2604474108433334E-002
   376.46223883011925          1.5180863213581159E-002     -3.3661907395835365E-005     1.2638136015829169E-002
   377.46223883011925          1.5180863213581175E-002     -3.3661907395835426E-005     1.2671797923225004E-002
   378.46223883011925          1.5180863213581175E-002     -3.3661907395835426E-005     1.2705459830620838E-002
   379.46223883011925          1.5180863213581156E-002     -3.3661907395835352E-005     1.2739121738016673E-002
   380.46223883011925          1.5180863213581173E-002     -3.3661907395835419E-005     1.2772783645412508E-002
   381.46223883011925          1.5180863213581176E-002     -3.3661907395835433E-005     1.2806445552808342E-002
   382.46223883011925          1.5180863213581159E-002     -3.3661907395835365E-005     1.2840107460204177E-002
   383.46223883011925          1.5180863213581169E-002     -3.3661907395835399E-005     1.2873769367600011E-002
   384.46223883011925          1.5180863213581182E-002     -3.3661907395835447E-005     1.2907431274995846E-002
   385.46223883011925          1.5180863213581150E-002     -3.3661907395835331E-005     1.2941093182391681E-002
   386.46223883011925          1.5180863213581182E-002     -3.3661907395835447E-005     1.2974755089787515E-002
   387.46223883011925          1.5180863213581168E-002     -3.3661907395835392E-005     1.3008416997183350E-002
   388.46223883011925          1.5180863213581166E-002     -3.3661907395835386E-005     1.3042078904579184E-002
   389.46223883011925          1.5180863213581171E-002     -3.3661907395835406E-005     1.3075740811975019E-002
   390.46223883011925          1.5180863213581171E-002     -3.3661907395835406E-005     1.3109402719370854E-002
   391.46223883011925          1.5180863213581162E-002     -3.3661907395835379E-005     1.3143064626766688E-002
   392.46223883011925          1.5180863213581175E-002     -3.3661907395835426E-005     1.3176726534162523E-002
   393.46223883011925          1.5180863213581173E-002     -3.3661907395835419E-005     1.3210388441558358E-002
   394.46223883011925          1.5180863213581156E-002     -3.3661907395835352E-005     1.3244050348954192E-002
   395.46223883011925          1.5180863213581178E-002     -3.3661907395835433E-005     1.3277712256350027E-002
   396.46223883011925          1.5180863213581168E-002     -3.3661907395835392E-005     1.3311374163745861E-002
   397.46223883011925          1.5180863213581161E-002     -3.3661907395835372E-005     1.3345036071141696E-002
   398.46223883011925          1.5180863213581173E-002     -3.3661907395835419E-005     1.3378697978537531E-002
   399.46223883011925          1.5180863213581173E-002     -3.3661907395835419E-005     1.3412359885933365E-002
   400.46223883011925          1.5180863213581154E-002     -3.3661907395835345E-005     1.3446021793329200E-002
   401.46223883011925          1.5180863213581173E-002     -3.3661907395835419E-005     1.3479683700725035E-002
   402.46223883011925          1.5180863213581173E-002     -3.3661907395835419E-005     1.3513345608120869E-002
   403.46223883011925          1.5180863213581150E-002     -3.3661907395835331E-005     1.3547007515516704E-002
   404.46223883011925          1.5180863213581171E-002     -3.3661907395835406E-005     1.3580669422912538E-002
   405.46223883011925          1.5180863213581182E-002     -3.3661907395835447E-005     1.3614331330308373E-002
   406.46223883011925          1.5180863213581142E-002     -3.3661907395835304E-005     1.3647993237704208E-002
   407.46223883011925          1.5180863213581195E-002     -3.3661907395835494E-005     1.3681655145100044E-002
   408.46223883011925          1.5180863213581149E-002     -3.3661907395835331E-005     1.3715317052495879E-002
   409.46223883011925          1.5180863213581182E-002     -3.3661907395835447E-005     1.3748978959891713E-002
   410.46223883011925          1.5180863213581175E-002     -3.3661907395835426E-005     1.3782640867287548E-002
   411.46223883011925          1.5180863213581159E-002     -3.3661907395835365E-005     1.3816302774683382E-002
   412.46223883011925          1.5180863213581175E-002     -3.3661907395835426E-005     1.3849964682079217E-002
   413.46223883011925          1.5180863213581175E-002     -3.3661907395835426E-005     1.3883626589475052E-002
   414.46223883011925          1.5180863213581152E-002     -3.3661907395835338E-005     1.3917288496870886E-002
   415.46223883011925          1.5180863213581171E-002     -3.3661907395835406E-005     1.3950950404266721E-002
   416.46223883011925          1.5180863213581180E-002     -3.3661907395835440E-005     1.3984612311662556E-002
   417.46223883011925          1.5180863213581152E-002     -3.3661907395835338E-005     1.4018274219058390E-002
   418.46223883011925          1.5180863213581168E-002     -3.3661907395835392E-005     1.4051936126454225E-002
   419.46223883011925          1.5180863213581187E-002     -3.3661907395835467E-005     1.4085598033850059E-002
   420.46223883011925          1.5180863213581145E-002     -3.3661907395835318E-005     1.4119259941245894E-002
   421.46223883011925          1.5180863213581180E-002     -3.3661907395835440E-005     1.4152921848641729E-002
   422.46223883011925          1.5180863213581169E-002     -3.3661907395835399E-005     1.4186583756037563E-002
   423.46223883011925          1.5180863213581161E-002     -3.3661907395835372E-005     1.4220245663433398E-002
   424.46223883011925          1.5180863213581169E-002     -3.3661907395835399E-005     1.4253907570829233E-002
   425.46223883011925          1.5180863213581178E-002     -3.3661907395835433E-005     1.4287569478225067E-002
   426.46223883011925          1.5180863213581157E-002     -3.3661907395835358E-005     1.4321231385620902E-002
   427.46223883011925          1.5180863213581169E-002     -3.3661907395835399E-005     1.4354893293016736E-002
   428.46223883011925          1.5180863213581188E-002     -3.3661907395835474E-005     1.4388555200412571E-002
   429.46223883011925          1.5180863213581138E-002     -3.3661907395835291E-005     1.4422217107808406E-002
   430.46223883011925          1.5180863213581199E-002     -3.3661907395835508E-005     1.4455879015204242E-002
   431.46223883011925          1.5180863213581150E-002     -3.3661907395835331E-005     1.4489540922600077E-002
   432.46223883011925          1.5180863213581180E-002     -3.3661907395835440E-005     1.4523202829995911E-002
   433.46223883011925          1.5180863213581162E-002     -3.3661907395835379E-005     1.4556864737391746E-002
   434.46223883011925          1.5180863213581162E-002     -3.3661907395835379E-005     1.4590526644787580E-002
   435.46223883011925          1.5180863213581185E-002     -3.3661907395835460E-005     1.4624188552183415E-002
   436.46223883011925          1.5180863213581156E-002     -3.3661907395835352E-005     1.4657850459579250E-002
   437.46223883011925          1.5180863213581187E-002     -3.3661907395835467E-005     1.4691512366975084E-002
   438.46223883011925          1.5180863213581161E-002     -3.3661907395835372E-005     1.4725174274370919E-002
   439.46223883011925          1.5180863213581169E-002     -3.3661907395835399E-005     1.4758836181766754E-002
   440.46223883011925          1.5180863213581178E-002     -3.3661907395835433E-005     1.4792498089162588E-002
   441.46223883011925          1.5180863213581159E-002     -3.3661907395835365E-005     1.4826159996558423E-002
   442.46223883011925          1.5180863213581175E-002     -3.3661907395835426E-005     1.4859821903954257E-002
   443.46223883011925          1.5180863213581171E-002     -3.3661907395835406E-005     1.4893483811350092E-002
   444.46223883011925          1.5180863213581159E-002     -3.3661907395835365E-005     1.4927145718745927E-002
   445.46223883011925          1.5180863213581175E-002     -3.3661907395835426E-005     1.4960807626141761E-002
   446.46223883011925          1.5180863213581175E-002     -3.3661907395835426E-005     1.4994469533537596E-002
   447.46223883011925          1.5180863213581156E-002     -3.3661907395835352E-005     1.5028131440933431E-002
   448.46223883011925          1.5180863213581173E-002     -3.3661907395835419E-005     1.5061793348329265E-002
   449.46223883011925          1.5180863213581176E-002     -3.3661907395835433E-005     1.5095455255725100E-002
   450.46223883011925          1.5180863213581159E-002     -3.3661907395835365E-005     1.5129117163120934E-002
   451.46223883011925          1.5180863213581169E-002     -3.3661907395835399E-005     1.5162779070516769E-002
   452.46223883011925          1.5180863213581182E-002     -3.3661907395835447E-005     1.5196440977912604E-002
   453.46223883011925          1.5180863213581150E-002     -3.3661907395835331E-005     1.5230102885308438E-002
   454.46223883011925          1.5180863213581182E-002     -3.3661907395835447E-005     1.5263764792704273E-002
   455.46223883011925          1.5180863213581168E-002     -3.3661907395835392E-005     1.5297426700100107E-002
   456.46223883011925          1.5180863213581166E-002     -3.3661907395835386E-005     1.5331088607495942E-002
   457.46223883011925          1.5180863213581171E-002     -3.3661907395835406E-005     1.5364750514891777E-002
   458.46223883011925          1.5180863213581171E-002     -3.3661907395835406E-005     1.5398412422287611E-002
   459.46223883011925          1.5180863213581162E-002     -3.3661907395835379E-005     1.5432074329683446E-002
   460.46223883011925          1.5180863213581175E-002     -3.3661907395835426E-005     1.5465736237079281E-002
   461.46223883011925          1.5180863213581173E-002     -3.3661907395835419E-005     1.5499398144475115E-002
   462.46223883011925          1.5180863213581156E-002     -3.3661907395835352E-005     1.5533060051870950E-002
   463.46223883011925          1.5180863213581178E-002     -3.3661907395835433E-005     1.5566721959266784E-002
   464.46223883011925          1.5180863213581168E-002     -3.3661907395835392E-005     1.5600383866662619E-002
   465.46223883011925          1.5180863213581161E-002     -3.3661907395835372E-005     1.5634045774058455E-002
   466.46223883011925          1.5180863213581173E-002     -3.3661907395835419E-005     1.5667707681454292E-002
   467.46223883011925          1.5180863213581173E-002     -3.3661907395835419E-005     1.5701369588850128E-002
   468.46223883011925          1.5180863213581154E-002     -3.3661907395835345E-005     1.5735031496245964E-002
   469.46223883011925          1.5180863213581173E-002     -3.3661907395835419E-005     1.5768693403641801E-002
   470.46223883011925          1.5180863213581173E-002     -3.3661907395835419E-005     1.5802355311037637E-002
   471.46223883011925          1.5180863213581150E-002     -3.3661907395835331E-005     1.5836017218433474E-002
   472.46223883011925          1.5180863213581171E-002     -3.3661907395835406E-005     1.5869679125829310E-002
   473.46223883011925          1.5180863213581182E-002     -3.3661907395835447E-005     1.5903341033225146E-002
   474.46223883011925          1.5180863213581142E-002     -3.3661907395835304E-005     1.5937002940620983E-002
   475.46223883011925          1.5180863213581195E-002     -3.3661907395835494E-005     1.5970664848016819E-002
   476.46223883011925          1.5180863213581149E-002     -3.3661907395835331E-005     1.6004326755412655E-002
   477.46223883011925          1.5180863213581182E-002     -3.3661907395835447E-005     1.6037988662808492E-002
   478.46223883011925          1.5180863213581175E-002     -3.3661907395835426E-005     1.6071650570204328E-002
   479.46223883011925          1.5180863213581159E-002     -3.3661907395835365E-005     1.6105312477600164E-002
   480.46223883011925          1.5180863213581175E-002     -3.3661907395835426E-005     1.6138974384996001E-002
   481.46223883011925          1.5180863213581175E-002     -3.3661907395835426E-005     1.6172636292391837E-002
   482.46223883011925          1.5180863213581152E-002     -3.3661907395835338E-005     1.6206298199787673E-002
   483.46223883011925          1.5180863213581171E-002     -3.3661907395835406E-005     1.6239960107183510E-002
   484.46223883011925          1.5180863213581180E-002     -3.3661907395835440E-005     1.6273622014579346E-002
   485.46223883011925          1.5180863213581152E-002     -3.3661907395835338E-005     1.6307283921975183E-002
   486.46223883011925          1.5180863213581168E-002     -3.3661907395835392E-005     1.6340945829371019E-002
   487.46223883011925          1.5180863213581187E-002     -3.3661907395835467E-005     1.6374607736766855E-002
   488.46223883011925          1.5180863213581145E-002     -3.3661907395835318E-005     1.6408269644162692E-002
   489.46223883011925          1.5180863213581180E-002     -3.3661907395835440E-005     1.6441931551558528E-002
   490.46223883011925          1.5180863213581169E-002     -3.3661907395835399E-005     1.6475593458954364E-002
   491.46223883011925          1.5180863213581161E-002     -3.3661907395835372E-005     1.6509255366350201E-002
   492.46223883011925          1.5180863213581169E-002     -3.3661907395835399E-005     1.6542917273746037E-002
   493.46223883011925          1.5180863213581178E-002     -3.3661907395835433E-005     1.6576579181141873E-002
   494.46223883011925          1.5180863213581157E-002     -3.3661907395835358E-005     1.6610241088537710E-002
   495.46223883011925          1.5180863213581169E-002     -3.3661907395835399E-005     1.6643902995933546E-002
   496.46223883011925          1.5180863213581188E-002     -3.3661907395835474E-005     1.6677564903329382E-002
   497.46223883011925          1.5180863213581138E-002     -3.3661907395835291E-005     1.6711226810725219E-002
   498.46223883011925          1.5180863213581199E-002     -3.3661907395835508E-005     1.6744888718121055E-002
   499.46223883011925          1.5180863213581150E-002     -3.3661907395835331E-005     1.6778550625516891E-002
   500.46223883011925          1.5180863213581180E-002     -3.3661907395835440E-005     1.6812212532912728E-002
   501.46223883011925          1.5180863213581162E-002     -3.3661907395835379E-005     1.6845874440308564E-002
   502.46223883011925          1.5180863213581162E-002     -3.3661907395835379E-005     1.6879536347704401E-002
   503.46223883011925          1.5180863213581185E-002     -3.3661907395835460E-005     1.6913198255100237E-002
   504.46223883011925          1.5180863213581156E-002     -3.3661907395835352E-005     1.6946860162496073E-002
   505.46223883011925          1.5180863213581187E-002     -3.3661907395835467E-005     1.6980522069891910E-002
   506.46223883011925          1.5180863213581161E-002     -3.3661907395835372E-005     1.7014183977287746E-002
   507.46223883011925          1.5180863213581169E-002     -3.3661907395835399E-005     1.7047845884683582E-002
   508.46223883011925          1.5180863213581178E-002     -3.3661907395835433E-005     1.7081507792079419E-002
   509.46223883011925          1.5180863213581159E-002     -3.3661907395835365E-005     1.7115169699475255E-002
   510.46223883011925          1.5180863213581175E-002     -3.3661907395835426E-005     1.7148831606871091E-002
   511.46223883011925          1.5180863213581171E-002     -3.3661907395835406E-005     1.7182493514266928E-002
   512.46223883011930          1.5180863213581159E-002     -3.3661907395835365E-005     1.7216155421662764E-002
   513.46223883011930          1.5180863213581175E-002     -3.3661907395835426E-005     1.7249817329058600E-002
   514.46223883011930          1.5180863213581175E-002     -3.3661907395835426E-005     1.7283479236454437E-002
   515.46223883011930          1.5180863213581156E-002     -3.3661907395835352E-005     1.7317141143850273E-002
   516.46223883011930          1.5180863213581173E-002     -3.3661907395835419E-005     1.7350803051246109E-002
   517.46223883011930          1.5180863213581176E-002     -3.3661907395835433E-005     1.7384464958641946E-002
   518.46223883011930          1.5180863213581159E-002     -3.3661907395835365E-005     1.7418126866037782E-002
   519.46223883011930          1.5180863213581169E-002     -3.3661907395835399E-005     1.7451788773433619E-002
   520.46223883011930          1.5180863213581182E-002     -3.3661907395835447E-005     1.7485450680829455E-002
   521.46223883011930          1.5180863213581150E-002     -3.3661907395835331E-005     1.7519112588225291E-002
   522.46223883011930          1.5180863213581182E-002     -3.3661907395835447E-005     1.7552774495621128E-002
   523.46223883011930          1.5180863213581168E-002     -3.3661907395835392E-005     1.7586436403016964E-002
   524.46223883011930          1.5180863213581166E-002     -3.3661907395835386E-005     1.7620098310412800E-002
   525.46223883011930          1.5180863213581171E-002     -3.3661907395835406E-005     1.7653760217808637E-002
   526.46223883011930          1.5180863213581171E-002     -3.3661907395835406E-005     1.7687422125204473E-002
   527.46223883011930          1.5180863213581162E-002     -3.3661907395835379E-005     1.7721084032600309E-002
   528.46223883011930          1.5180863213581175E-002     -3.3661907395835426E-005     1.7754745939996146E-002
   529.46223883011930          1.5180863213581173E-002     -3.3661907395835419E-005     1.7788407847391982E-002
   530.46223883011930          1.5180863213581156E-002     -3.3661907395835352E-005     1.7822069754787818E-002
   531.46223883011930          1.5180863213581178E-002     -3.3661907395835433E-005     1.7855731662183655E-002
   532.46223883011930          1.5180863213581168E-002     -3.3661907395835392E-005     1.7889393569579491E-002
   533.46223883011930          1.5180863213581161E-002     -3.3661907395835372E-005     1.7923055476975328E-002
   534.46223883011930          1.5180863213581173E-002     -3.3661907395835419E-005     1.7956717384371164E-002
   535.46223883011930          1.5180863213581173E-002     -3.3661907395835419E-005     1.7990379291767000E-002
   536.46223883011930          1.5180863213581154E-002     -3.3661907395835345E-005     1.8024041199162837E-002
   537.46223883011930          1.5180863213581173E-002     -3.3661907395835419E-005     1.8057703106558673E-002
   538.46223883011930          1.5180863213581173E-002     -3.3661907395835419E-005     1.8091365013954509E-002
   539.46223883011930          1.5180863213581150E-002     -3.3661907395835331E-005     1.8125026921350346E-002
   540.46223883011930          1.5180863213581171E-002     -3.3661907395835406E-005     1.8158688828746182E-002
   541.46223883011930          1.5180863213581182E-002     -3.3661907395835447E-005     1.8192350736142018E-002
   542.46223883011930          1.5180863213581142E-002     -3.3661907395835304E-005     1.8226012643537855E-002
   543.46223883011930          1.5180863213581195E-002     -3.3661907395835494E-005     1.8259674550933691E-002
   544.46223883011930          1.5180863213581149E-002     -3.3661907395835331E-005     1.8293336458329527E-002
   545.46223883011930          1.5180863213581182E-002     -3.3661907395835447E-005     1.8326998365725364E-002
   546.46223883011930          1.5180863213581175E-002     -3.3661907395835426E-005     1.8360660273121200E-002
   547.46223883011930          1.5180863213581159E-002     -3.3661907395835365E-005     1.8394322180517036E-002
   548.46223883011930          1.5180863213581175E-002     -3.3661907395835426E-005     1.8427984087912873E-002
   549.46223883011930          1.5180863213581175E-002     -3.3661907395835426E-005     1.8461645995308709E-002
   550.46223883011930          1.5180863213581152E-002     -3.3661907395835338E-005     1.8495307902704546E-002
   551.46223883011930          1.5180863213581171E-002     -3.3661907395835406E-005     1.8528969810100382E-002
   552.46223883011930          1.5180863213581180E-002     -3.3661907395835440E-005     1.8562631717496218E-002
   553.46223883011930          1.5180863213581152E-002     -3.3661907395835338E-005     1.8596293624892055E-002
   554.46223883011930          1.5180863213581168E-002     -3.3661907395835392E-005     1.8629955532287891E-002
   555.46223883011930          1.5180863213581187E-002     -3.3661907395835467E-005     1.8663617439683727E-002
   556.46223883011930          1.5180863213581145E-002     -3.3661907395835318E-005     1.8697279347079564E-002
   557.46223883011930          1.5180863213581180E-002     -3.3661907395835440E-005     1.8730941254475400E-002
   558.46223883011930          1.5180863213581169E-002     -3.3661907395835399E-005     1.8764603161871236E-002
   559.46223883011930          1.5180863213581161E-002     -3.3661907395835372E-005     1.8798265069267073E-002
   560.46223883011930          1.5180863213581169E-002     -3.3661907395835399E-005     1.8831926976662909E-002
   561.46223883011930          1.5180863213581178E-002     -3.3661907395835433E-005     1.8865588884058745E-002
   562.46223883011930          1.5180863213581157E-002     -3.3661907395835358E-005     1.8899250791454582E-002
   563.46223883011930          1.5180863213581169E-002     -3.3661907395835399E-005     1.8932912698850418E-002
   564.46223883011930          1.5180863213581188E-002     -3.3661907395835474E-005     1.8966574606246255E-002
   565.46223883011930          1.5180863213581138E-002     -3.3661907395835291E-005     1.9000236513642091E-002
   566.46223883011930          1.5180863213581199E-002     -3.3661907395835508E-005     1.9033898421037927E-002
   567.46223883011930          1.5180863213581150E-002     -3.3661907395835331E-005     1.9067560328433764E-002
   568.46223883011930          1.5180863213581180E-002     -3.3661907395835440E-005     1.9101222235829600E-002
   569.46223883011930          1.5180863213581162E-002     -3.3661907395835379E-005     1.9134884143225436E-002
   570.46223883011930          1.5180863213581162E-002     -3.3661907395835379E-005     1.9168546050621273E-002
   571.46223883011930          1.5180863213581185E-002     -3.3661907395835460E-005     1.9202207958017109E-002
   572.46223883011930          1.5180863213581156E-002     -3.3661907395835352E-005     1.9235869865412945E-002
   573.46223883011930          1.5180863213581187E-002     -3.3661907395835467E-005     1.9269531772808782E-002
   574.46223883011930          1.5180863213581161E-002     -3.3661907395835372E-005     1.9303193680204618E-002
   575.46223883011930          1.5180863213581169E-002     -3.3661907395835399E-005     1.9336855587600454E-002
   576.46223883011930          1.5180863213581178E-002     -3.3661907395835433E-005     1.9370517494996291E-002
   577.46223883011930          1.5180863213581159E-002     -3.3661907395835365E-005     1.9404179402392127E-002
   578.46223883011930          1.5180863213581175E-002     -3.3661907395835426E-005     1.9437841309787963E-002
   579.46223883011930          1.5180863213581171E-002     -3.3661907395835406E-005     1.9471503217183800E-002
   580.46223883011930          1.5180863213581159E-002     -3.3661907395835365E-005     1.9505165124579636E-002
   581.46223883011930          1.5180863213581175E-002     -3.3661907395835426E-005     1.9538827031975473E-002
   582.46223883011930          1.5180863213581175E-002     -3.3661907395835426E-005     1.9572488939371309E-002
   583.46223883011930          1.5180863213581156E-002     -3.3661907395835352E-005     1.9606150846767145E-002
   584.46223883011930          1.5180863213581173E-002     -3.3661907395835419E-005     1.9639812754162982E-002
   585.46223883011930          1.5180863213581176E-002     -3.3661907395835433E-005     1.9673474661558818E-002
   586.46223883011930          1.5180863213581159E-002     -3.3661907395835365E-005     1.9707136568954654E-002
   587.46223883011930          1.5180863213581169E-002     -3.3661907395835399E-005     1.9740798476350491E-002
   588.46223883011930          1.5180863213581182E-002     -3.3661907395835447E-005     1.9774460383746327E-002
   589.46223883011930          1.5180863213581150E-002     -3.3661907395835331E-005     1.9808122291142163E-002
   590.46223883011930          1.5180863213581182E-002     -3.3661907395835447E-005     1.9841784198538000E-002
   591.46223883011930          1.5180863213581168E-002     -3.3661907395835392E-005     1.9875446105933836E-002
   592.46223883011930          1.5180863213581166E-002     -3.3661907395835386E-005     1.9909108013329672E-002
   593.46223883011930          1.5180863213581171E-002     -3.3661907395835406E-005     1.9942769920725509E-002
   594.46223883011930          1.5180863213581171E-002     -3.3661907395835406E-005     1.9976431828121345E-002
   595.46223883011930          1.5180863213581162E-002     -3.3661907395835379E-005     2.0010093735517182E-002
   596.46223883011930          1.5180863213581175E-002     -3.3661907395835426E-005     2.0043755642913018E-002
   597.46223883011930          1.5180863213581173E-002     -3.3661907395835419E-005     2.0077417550308854E-002
   598.46223883011930          1.5180863213581156E-002     -3.3661907395835352E-005     2.0111079457704691E-002
   599.46223883011930          1.5180863213581178E-002     -3.3661907395835433E-005     2.0144741365100527E-002
   600.46223883011930          1.5180863213581168E-002     -3.3661907395835392E-005     2.0178403272496363E-002
