 #        time                      h  [L]            Darcian flow [L.T^{-1}]   in    x         z              directions   cumulative flux
 #-----------------------------------------------------------------------------------------------

     0.100000000000E-006    -0.278500000000E+003     0.000000000000E+000     0.000000000000E+000     0.000000000000E+000
     0.205999994278E-006    -0.278500000000E+003     0.000000000000E+000     0.000000000000E+000     0.000000000000E+000
     0.318359982147E-006    -0.278500000000E+003     0.000000000000E+000     0.000000000000E+000     0.000000000000E+000
     0.437461562859E-006    -0.278500000000E+003     0.274326190373E-013     0.715481863877E-013     0.912639249931E-020
     0.563709231599E-006    -0.278500000000E+003     0.547564448700E-013     0.569190471392E-013     0.190975978439E-019
     0.697531753239E-006    -0.278500000000E+003     0.821165351042E-013     0.710156831027E-013     0.336260358128E-019
     0.839383618521E-006    -0.278500000000E+003     0.821165351042E-013     0.710156831027E-013     0.490261792285E-019
     0.989746587602E-006    -0.278500000000E+003     0.821165351042E-013     0.710156831027E-013     0.653503303679E-019
     0.114913132622E-005    -0.278500000000E+003     0.546839160669E-013    -0.532503285031E-015     0.740665252667E-019
     0.131807914004E-005    -0.278500000000E+003     0.273238258327E-013    -0.146291392486E-013     0.793028260447E-019
     0.149716381303E-005    -0.278500000000E+003     0.546839160669E-013    -0.532503285031E-015     0.890963415756E-019
     0.168699355614E-005    -0.278500000000E+003     0.546839160669E-013    -0.532503285031E-015     0.994774674780E-019
     0.188821307298E-005    -0.278500000000E+003     0.109367832134E-012    -0.106500657006E-014     0.121485453203E-018
     0.210150574931E-005    -0.278500000000E+003     0.164124277004E-012     0.558540405691E-013     0.158463570979E-018
     0.232759597402E-005    -0.278500000000E+003     0.164160541405E-012     0.845798157812E-013     0.200215297541E-018
     0.256725159928E-005    -0.278500000000E+003     0.191520631640E-012     0.986764517448E-013     0.251848263268E-018
     0.282128654833E-005    -0.278500000000E+003     0.246204547707E-012     0.981439484597E-013     0.319178986008E-018
     0.309056357980E-005    -0.278500000000E+003     0.218808193071E-012     0.553215372841E-013     0.379953027049E-018
     0.337599721774E-005    -0.278500000000E+003     0.273492109138E-012     0.547890339991E-013     0.459567919895E-018
     0.367855685763E-005    -0.278500000000E+003     0.246132018903E-012     0.406923980355E-013     0.535048419903E-018
     0.399927005860E-005    -0.278500000000E+003     0.273528373539E-012     0.835148092112E-013     0.626770429863E-018
     0.433922603327E-005    -0.278500000000E+003     0.300888463773E-012     0.976114451747E-013     0.734307194976E-018
     0.469957934698E-005    -0.278500000000E+003     0.300888463773E-012     0.976114451747E-013     0.848296159843E-018
     0.508155383889E-005    -0.278500000000E+003     0.328139760803E-012     0.255307555019E-013     0.974015984447E-018
     0.548644677845E-005    -0.278500000000E+003     0.300670877364E-012    -0.747432060979E-013     0.109946062784E-017
     0.591563327122E-005    -0.278500000000E+003     0.300344497751E-012    -0.333275183007E-012     0.129201148511E-017
     0.637057092900E-005    -0.278500000000E+003     0.245044086858E-012    -0.821080858328E-012     0.168183237186E-017
     0.685280482021E-005    -0.278500000000E+003     0.189272238745E-012    -0.168232161141E-011     0.249822315692E-017
     0.736397271730E-005    -0.278500000000E+003     0.187241432260E-012    -0.329096502328E-011     0.418317941779E-017
     0.790581065897E-005    -0.278500000000E+003     0.210975082342E-012    -0.614944590853E-011     0.751714290115E-017
     0.848015884613E-005    -0.278500000000E+003     0.176978606628E-012    -0.114203594083E-010     0.140771931792E-016
     0.908896789166E-005    -0.278500000000E+003     0.165156411732E-012    -0.207849621275E-010     0.267316656050E-016
     0.973430544509E-005    -0.278500000000E+003     0.198988296922E-012    -0.373028153777E-010     0.508049157220E-016
     0.104183632148E-004    -0.278500000000E+003     0.244078878070E-012    -0.665608161862E-010     0.963366653200E-016
     0.111434644115E-004    -0.278500000000E+003     0.261100812439E-012    -0.118052567009E-009     0.181936932304E-015
     0.119120716386E-004    -0.278500000000E+003     0.284139836029E-012    -0.208094840670E-009     0.341880279856E-015
     0.127267952553E-004    -0.278500000000E+003     0.359446990838E-012    -0.365026413170E-009     0.639276063573E-015
     0.135904022424E-004    -0.278499999999E+003     0.480673205167E-012    -0.637193296697E-009     0.118956080330E-014
     0.145058255993E-004    -0.278499999999E+003     0.652817363566E-012    -0.110726933732E-008     0.220318119322E-014
     0.154761743052E-004    -0.278499999997E+003     0.971748536509E-012    -0.191589859300E-008     0.406227115275E-014
     0.165047438780E-004    -0.278499999996E+003     0.151954971904E-011    -0.330127891933E-008     0.745786656007E-014
     0.175950275662E-004    -0.278499999992E+003     0.241805521603E-011    -0.566504586630E-008     0.136343742240E-013
     0.187507282134E-004    -0.278499999987E+003     0.385458996302E-011    -0.968183438247E-008     0.248236773725E-013
     0.199757708333E-004    -0.278499999978E+003     0.634565904127E-011    -0.164802559916E-007     0.450126948454E-013
     0.212743159403E-004    -0.278499999962E+003     0.105250463756E-010    -0.279407005023E-007     0.812949573422E-013
     0.226507736794E-004    -0.278499999936E+003     0.173502622156E-010    -0.471815564683E-007     0.146238380276E-012
     0.241098188040E-004    -0.278499999892E+003     0.285500260108E-010    -0.793526455785E-007     0.262017478431E-012
     0.256564065527E-004    -0.278499999818E+003     0.469173297861E-010    -0.132919168555E-006     0.467588648887E-012
     0.272957894778E-004    -0.278499999696E+003     0.765414934406E-010    -0.221730362125E-006     0.831089640187E-012
     0.290335352846E-004    -0.278499999495E+003     0.124529297097E-009    -0.368334367449E-006     0.147116117930E-011
     0.308755457403E-004    -0.278499999162E+003     0.201366485517E-009    -0.609258081898E-006     0.259342099771E-011
     0.328280767180E-004    -0.278499998616E+003     0.323627399647E-009    -0.100336512491E-005     0.455252258795E-011
     0.348977594427E-004    -0.278499997724E+003     0.516706164911E-009    -0.164500489235E-005     0.795716096356E-011
     0.370916230124E-004    -0.278499996275E+003     0.819442391464E-009    -0.268456253107E-005     0.138467251754E-010
     0.394171182707E-004    -0.278499993929E+003     0.129044442602E-008    -0.436035607315E-005     0.239867129923E-010
     0.418821431115E-004    -0.278499990153E+003     0.201768986089E-008    -0.704779835200E-005     0.413597117147E-010
     0.444950693017E-004    -0.278499984106E+003     0.313094595635E-008    -0.113346111148E-004     0.709762150820E-010
     0.472647709137E-004    -0.278499974470E+003     0.482089252690E-008    -0.181350215050E-004     0.121204815154E-009
     0.502006544641E-004    -0.278499959200E+003     0.736328729019E-008    -0.288617776406E-004     0.205939636120E-009
     0.533126908594E-004    -0.278499935135E+003     0.111529916417E-007    -0.456831387783E-004     0.348107230888E-009
     0.566114492604E-004    -0.278499897424E+003     0.167482976920E-007    -0.719035635211E-004     0.585299721548E-009
     0.601081329767E-004    -0.278499838675E+003     0.249280342576E-007    -0.112522685612E-003     0.978755973695E-009
     0.638146175159E-004    -0.278499747699E+003     0.367649425745E-007    -0.175048610193E-003     0.162757095529E-008
     0.677434909153E-004    -0.278499607677E+003     0.537150145996E-007    -0.270670091255E-003     0.269099949779E-008
     0.719080964939E-004    -0.278499393521E+003     0.777264584187E-007    -0.415929453834E-003     0.442318165178E-008
     0.763225781689E-004    -0.278499068078E+003     0.111365684909E-006    -0.635086023679E-003     0.722675730847E-008
     0.810019284919E-004    -0.278498576749E+003     0.157962462464E-006    -0.963420119471E-003     0.117349376162E-007
     0.859620395664E-004    -0.278497839927E+003     0.221774001257E-006    -0.145180207260E-002     0.189360372386E-007
     0.912197570216E-004    -0.278496742460E+003     0.308163974287E-006    -0.217294010586E-002     0.303607424772E-007
     0.967929372233E-004    -0.278495119133E+003     0.423792319211E-006    -0.322982392247E-002     0.483611333716E-007
     0.102700507918E-003    -0.278492734867E+003     0.576801687139E-006    -0.476699469425E-002     0.765224917361E-007
     0.108962532517E-003    -0.278489258007E+003     0.776985139920E-006    -0.698539067028E-002     0.120265180214E-006
     0.115600278233E-003    -0.278484224721E+003     0.103590678716E-005    -0.101616307921E-001     0.187715501824E-006
     0.122636288312E-003    -0.278476992100E+003     0.136694251171E-005    -0.146726914999E-001     0.290952707555E-006
     0.130094458593E-003    -0.278466677183E+003     0.178518818882E-005    -0.210269836420E-001     0.447775532626E-006
     0.138000118665E-003    -0.278452078758E+003     0.230715977076E-005    -0.299028203301E-001     0.684177066040E-006
     0.146380117888E-003    -0.278431578484E+003     0.295016412771E-005    -0.421951502309E-001     0.103777239307E-005
     0.155262916586E-003    -0.278403017813E+003     0.373114275422E-005    -0.590711772945E-001     0.156248977084E-005
     0.164678682697E-003    -0.278363547301E+003     0.466467790089E-005    -0.820350587014E-001     0.233491269772E-005
     0.174659394236E-003    -0.278309445457E+003     0.575968410243E-005    -0.113001231815E+000     0.346274539747E-005
     0.185238947896E-003    -0.278235905292E+003     0.701409884028E-005    -0.154375040681E+000     0.509596442581E-005
     0.196453274170E-003    -0.278136788499E+003     0.840664602263E-005    -0.209138201701E+000     0.744130845799E-005
     0.208340459379E-003    -0.278004349673E+003     0.988453144734E-005    -0.280935280681E+000     0.107808381733E-004
     0.220940875020E-003    -0.277828936452E+003     0.113459035904E-004    -0.374155804783E+000     0.154953568303E-004
     0.234297314879E-003    -0.277598675757E+003     0.126158164104E-004    -0.494005073771E+000     0.220935058903E-004
     0.248455140365E-003    -0.277299161383E+003     0.134123322839E-004    -0.646555268004E+000     0.312473225438E-004
     0.263462434571E-003    -0.276913165821E+003     0.133010247482E-004    -0.838765997522E+000     0.438349306395E-004
     0.279370165569E-003    -0.276420406578E+003     0.116376724920E-004    -0.107846185071E+001     0.609908116540E-004
     0.296232359518E-003    -0.275797404637E+003     0.750152118547E-005    -0.137425347921E+001     0.841637403552E-004
     0.314106284138E-003    -0.275017478645E+003    -0.375235883492E-006    -0.173538878169E+001     0.115181948626E-003
     0.333052643213E-003    -0.274050921663E+003    -0.136721474721E-004    -0.217152203511E+001     0.156324384844E-003
     0.353135782749E-003    -0.272865406185E+003    -0.345254611742E-004    -0.269239168459E+001     0.210396062734E-003
     0.374423909507E-003    -0.271426655845E+003    -0.655354481880E-004    -0.330740225947E+001     0.280804461288E-003
     0.396989322653E-003    -0.269699407162E+003    -0.109715580569E-003    -0.402511285294E+001     0.371632795806E-003
     0.420908659296E-003    -0.267648660987E+003    -0.170363198124E-003    -0.485264403446E+001     0.487704822148E-003
     0.446263154769E-003    -0.265241191482E+003    -0.250835711084E-003    -0.579502698967E+001     0.634634807862E-003
     0.473138918520E-003    -0.262447242950E+003    -0.354226055132E-003    -0.685453267427E+001     0.818855608884E-003
     0.501627226558E-003    -0.259242306263E+003    -0.482945725100E-003    -0.803003363653E+001     0.104761768109E-002
     0.531824831448E-003    -0.255608833902E+003    -0.638240964744E-003    -0.931646467247E+001     0.132895260090E-002
     0.563834290904E-003    -0.251537733286E+003    -0.819683457478E-003    -0.107044572865E+002     0.167159649341E-002
     0.597764316095E-003    -0.247029478995E+003    -0.102468667235E-002    -0.121802229871E+002     0.208487176767E-002
     0.633730140856E-003    -0.242094709018E+003    -0.124809993446E-002    -0.137257480833E+002     0.257852961999E-002
     0.671853913045E-003    -0.236754215732E+003    -0.148191970026E-002    -0.153193366996E+002     0.316256052514E-002
     0.712265109384E-003    -0.231038292098E+003    -0.171503618666E-002    -0.169365077887E+002     0.384698507020E-002
     0.755100975191E-003    -0.224985430548E+003    -0.193349290232E-002    -0.185512251929E+002     0.464164286743E-002
     0.800506990496E-003    -0.218640619564E+003    -0.212289737661E-002    -0.201372440690E+002     0.555599488489E-002
     0.848637364120E-003    -0.212053897871E+003    -0.226835243478E-002    -0.216690678501E+002     0.659893522232E-002
     0.899655557408E-003    -0.205278512277E+003    -0.235478379040E-002    -0.231230769416E+002     0.777863283725E-002
     0.953734839373E-003    -0.198368794501E+003    -0.236806929877E-002    -0.244786976220E+002     0.910242323430E-002
     0.101105887516E-002    -0.191377920725E+003    -0.229603374147E-002    -0.257194546587E+002     0.105767661795E-001
     0.107182234982E-002    -0.184355624192E+003    -0.213285184466E-002    -0.268338539833E+002     0.122072843911E-001
     0.113623162948E-002    -0.177347339477E+003    -0.189071907728E-002    -0.278148689867E+002     0.139988200705E-001
     0.120450546223E-002    -0.170396804562E+003    -0.193671660086E-002    -0.286570976673E+002     0.159553499683E-001
     0.127687572104E-002    -0.163547295267E+003    -0.146137499723E-002    -0.293489055614E+002     0.180793378622E-001
     0.135358819124E-002    -0.156831573269E+003    -0.100903317013E-002    -0.299034411762E+002     0.203733047036E-001
     0.143490340526E-002    -0.150273954124E+003    -0.593199772251E-003    -0.303261766575E+002     0.228392842494E-001
     0.152109752747E-002    -0.143894381353E+003    -0.205268307069E-003    -0.306252886901E+002     0.254790041256E-001
     0.161246329208E-002    -0.137708922290E+003    -0.736974710520E-004    -0.308096538686E+002     0.282939517087E-001
     0.170931099734E-002    -0.131724856227E+003     0.359449071595E-003    -0.308894839903E+002     0.312855273500E-001
     0.181196955938E-002    -0.125950286785E+003     0.627684092562E-003    -0.308744036110E+002     0.344550492290E-001
     0.192078762926E-002    -0.120387729723E+003     0.805096865431E-003    -0.307750912423E+002     0.378039352595E-001
     0.203613477710E-002    -0.115032972727E+003     0.918972031363E-003    -0.306048846880E+002     0.413341214201E-001
     0.215840274722E-002    -0.109886763972E+003     0.931562662257E-003    -0.303693566829E+002     0.450473210172E-001
     0.228800678855E-002    -0.104952735119E+003     0.623921968316E-003    -0.300728455362E+002     0.489448833338E-001
     0.242538706494E-002    -0.100230038603E+003     0.386042781588E-003    -0.297209873018E+002     0.530279607843E-001
     0.257101015006E-002    -0.957138392879E+002     0.248395121956E-003    -0.293223211656E+002     0.572979676553E-001
     0.272537061195E-002    -0.913956396413E+002     0.230383363011E-003    -0.288859244808E+002     0.617568123004E-001
     0.288899269272E-002    -0.872712305380E+002    -0.420892897912E-004    -0.284173745206E+002     0.664065222495E-001
     0.306243208897E-002    -0.833363835277E+002    -0.337756061328E-004    -0.279189635771E+002     0.712487704363E-001
     0.324627783907E-002    -0.795831740838E+002    -0.467060755083E-004    -0.273986080244E+002     0.762858880804E-001
     0.344115432366E-002    -0.760026535869E+002    -0.521428357171E-004    -0.268620187683E+002     0.815206638670E-001
     0.364772338618E-002    -0.725840668632E+002    -0.562538766973E-004    -0.263155028512E+002     0.869566326206E-001
     0.386668658063E-002    -0.693218583596E+002    -0.237815110892E-004    -0.257595509486E+002     0.925970261838E-001
     0.409878755421E-002    -0.662010433416E+002    -0.447058922907E-004    -0.252030265390E+002     0.984466731808E-001
     0.434481457293E-002    -0.632205666076E+002    -0.884936032654E-004    -0.246416124483E+002     0.104509175628E+000
     0.460560319869E-002    -0.603722063246E+002    -0.343789073918E-003    -0.240802143489E+002     0.110789021637E+000
     0.488203912708E-002    -0.576464655063E+002    -0.291459715162E-003    -0.235230299573E+002     0.117291632262E+000
     0.517506119535E-002    -0.550468370906E+002    -0.305944544034E-003    -0.229628604964E+002     0.124020257139E+000
     0.548566457095E-002    -0.525728159643E+002    -0.281432195431E-003    -0.224012469181E+002     0.130978160050E+000
     0.581490413132E-002    -0.502122939877E+002    -0.218494700807E-003    -0.218454536114E+002     0.138170547593E+000
     0.616389804647E-002    -0.479560192186E+002    -0.145345711961E-003    -0.212980672256E+002     0.145603443459E+000
     0.653383157655E-002    -0.457761887171E+002     0.169942402151E-003    -0.207692271213E+002     0.153286676966E+000
     0.692596109728E-002    -0.437069249452E+002    -0.395514073387E-003    -0.202382781053E+002     0.161222703261E+000
     0.734161836681E-002    -0.417345882842E+002    -0.641975648539E-003    -0.197130358068E+002     0.169416569903E+000
     0.778221504872E-002    -0.398467934219E+002    -0.746925231696E-003    -0.191991370556E+002     0.177875645992E+000
     0.824924750635E-002    -0.380461338294E+002    -0.700218086000E-003    -0.186911013298E+002     0.186604996987E+000
     0.874430188470E-002    -0.363281408341E+002    -0.838133113573E-003    -0.181920017518E+002     0.195611027115E+000
     0.926905949743E-002    -0.346835573062E+002    -0.782954100976E-003    -0.177051893746E+002     0.204901960033E+000
     0.982530253690E-002    -0.331055866735E+002    -0.875150959537E-003    -0.172295338541E+002     0.214485768325E+000
     0.104149201269E-001    -0.315836303503E+002    -0.123798542011E-002    -0.167674348022E+002     0.224372142851E+000
     0.110399147386E-001    -0.301258534480E+002    -0.130550572384E-002    -0.163136852614E+002     0.234568108269E+000
     0.117024089912E-001    -0.287302808870E+002    -0.138552841179E-002    -0.158645580539E+002     0.245078286839E+000
     0.124046528610E-001    -0.273907097290E+002    -0.143866654319E-002    -0.154228402605E+002     0.255908881915E+000
     0.131490313229E-001    -0.260952673496E+002    -0.118410874889E-002    -0.149908834356E+002     0.267067772704E+000
     0.139380724499E-001    -0.248294986673E+002    -0.153510010133E-002    -0.145702183250E+002     0.278564274255E+000
     0.147744559993E-001    -0.236070876452E+002    -0.161072250240E-002    -0.141482234572E+002     0.290397615685E+000
     0.156610225139E-001    -0.224163602138E+002    -0.153237341765E-002    -0.137225883376E+002     0.302563603074E+000
     0.166007829686E-001    -0.212425216907E+002    -0.175720882521E-002    -0.132988111581E+002     0.315061300004E+000
     0.175969289968E-001    -0.200789591831E+002    -0.199597294164E-002    -0.128640088418E+002     0.327875731473E+000
     0.186528437297E-001    -0.189053656418E+002    -0.172739168729E-002    -0.124211193519E+002     0.340991374523E+000
     0.197721132861E-001    -0.177058724601E+002    -0.161012327946E-002    -0.119665097718E+002     0.354385124729E+000
     0.209585389519E-001    -0.164780233675E+002    -0.194113493226E-002    -0.114931737804E+002     0.368020921278E+000
     0.222161500898E-001    -0.152139329069E+002    -0.101325812370E-002    -0.109831547129E+002     0.381833459032E+000
     0.235492178240E-001    -0.138613706460E+002    -0.240301252460E-002    -0.104419962182E+002     0.395753347640E+000
     0.249622695459E-001    -0.124526350238E+002    -0.342406885874E-002    -0.986694774512E+001     0.409695855981E+000
     0.264601042903E-001    -0.110022580814E+002    -0.395348767315E-002    -0.924206957211E+001     0.423538950163E+000
     0.280478090337E-001    -0.945461254642E+001    -0.332406953935E-002    -0.857184537292E+001     0.437148510744E+000
     0.297307759708E-001    -0.786062664751E+001    -0.367187386318E-002    -0.785755058903E+001     0.450372510036E+000
     0.315147208278E-001    -0.621649532931E+001    -0.249099603261E-002    -0.710897460394E+001     0.463054529498E+000
     0.334057022742E-001    -0.459696731457E+001    -0.135994934918E-002    -0.633633609948E+001     0.475036423776E+000
     0.354101424992E-001    -0.307259474053E+001     0.102565215510E-005    -0.557040426535E+001     0.486201966155E+000
     0.375348490229E-001    -0.170252412469E+001    -0.239071603747E-002    -0.486661662343E+001     0.496542099491E+000
     0.397870378166E-001    -0.641631908991E+000     0.434297965873E-002    -0.429210341909E+001     0.506208731661E+000
     0.421743578089E-001     0.161107390155E-001     0.130566568654E-001    -0.403875536788E+001     0.515850583479E+000
     0.447049168642E-001     0.415394442304E+000     0.103494005895E-001    -0.357663116408E+001     0.524901497751E+000
     0.472354759195E-001     0.595846369504E+000     0.151628727921E-001    -0.344941241391E+001     0.533630523904E+000
     0.499178683733E-001     0.698041906095E+000     0.118842298276E-001    -0.338126018861E+001     0.542700446740E+000
     0.527612042209E-001     0.773595513952E+000     0.815892573463E-002    -0.332809201816E+001     0.552163358515E+000
     0.557751400566E-001     0.846090055092E+000     0.312050704470E-002    -0.327852744207E+001     0.562044634337E+000
     0.589699118700E-001     0.933653912989E+000    -0.226777761869E-002    -0.321630500884E+001     0.572319997477E+000
     0.623563698094E-001     0.102229577725E+001    -0.374322079083E-002    -0.315248581135E+001     0.582995765607E+000
     0.659460150314E-001     0.113165012634E+001    -0.578664896556E-002    -0.307705309226E+001     0.594041314069E+000
     0.697510387613E-001     0.122595068842E+001    -0.891999918983E-003    -0.301136466325E+001     0.605499628575E+000
     0.737843636973E-001     0.130887219787E+001     0.260684596470E-002    -0.295266190088E+001     0.617408678089E+000
     0.780596878986E-001     0.137299909182E+001     0.651440914186E-002    -0.290689098238E+001     0.629836610664E+000
     0.825915313074E-001     0.142308692966E+001     0.889261396608E-002    -0.287126087268E+001     0.642848777731E+000
     0.873952850614E-001     0.146935552278E+001     0.899691828972E-002    -0.283861445550E+001     0.656484851069E+000
     0.924872637658E-001     0.151955800740E+001     0.602105940860E-002    -0.280397276095E+001     0.670762653573E+000
     0.978847609010E-001     0.157963132944E+001     0.245115186958E-002    -0.276241176684E+001     0.685672769040E+000
     0.103606107556E+000     0.164733469400E+001    -0.281084026906E-002    -0.271499812422E+001     0.701206222800E+000
     0.109670734682E+000     0.172183283335E+001    -0.768305831302E-002    -0.266237124321E+001     0.717352578894E+000
     0.116099239089E+000     0.179729035814E+001    -0.107200508393E-001    -0.261005375043E+001     0.734131462452E+000
     0.122913453393E+000     0.186188385101E+001    -0.111285285358E-001    -0.256500775684E+001     0.751610139500E+000
     0.130136520164E+000     0.191149200140E+001    -0.776613034649E-002    -0.252982301012E+001     0.769883306124E+000
     0.137792970529E+000     0.195534070261E+001    -0.346202997388E-002    -0.249822649153E+001     0.789010871623E+000
     0.145449420894E+000     0.199096435424E+001     0.181137172811E-002    -0.247262179180E+001     0.807942382723E+000
     0.153105871259E+000     0.201757686923E+001     0.593517315200E-002    -0.245277645632E+001     0.826721998897E+000
     0.161221708208E+000     0.204478503765E+001     0.918308018567E-002    -0.243371020134E+001     0.846473734679E+000
     0.169824494909E+000     0.207335229510E+001     0.108548830030E-001    -0.241413489866E+001     0.867242232221E+000
     0.178943448320E+000     0.209912788323E+001     0.102076448663E-001    -0.239581668912E+001     0.889089771285E+000
     0.188609538414E+000     0.213432653405E+001     0.806709863630E-002    -0.237160759912E+001     0.912014076626E+000
     0.198609538414E+000     0.217308666388E+001     0.382332098217E-002    -0.234519754756E+001     0.935466083267E+000
     0.208609538414E+000     0.221265153914E+001    -0.534390498691E-003    -0.231784162642E+001     0.958644500147E+000
     0.218609538414E+000     0.225169497029E+001    -0.444484237855E-002    -0.229079068612E+001     0.981552450130E+000
     0.228609538414E+000     0.228515120968E+001    -0.708273742316E-002    -0.226707977393E+001     0.100422335851E+001
     0.238609538414E+000     0.231526637257E+001    -0.648067956262E-002    -0.224600541149E+001     0.102668350612E+001
     0.248609538414E+000     0.234297956193E+001    -0.515518794126E-002    -0.222641062017E+001     0.104894767200E+001
     0.258609538414E+000     0.236449573127E+001    -0.334715351860E-002    -0.221043362879E+001     0.107105203363E+001
     0.268609538414E+000     0.238998361329E+001    -0.409935157411E-003    -0.219210397360E+001     0.109297307375E+001
     0.278609538414E+000     0.241743784044E+001     0.254436479325E-002    -0.217287837819E+001     0.111470187243E+001
     0.288609538414E+000     0.244244691637E+001     0.556458721798E-002    -0.215559818065E+001     0.113625792606E+001
     0.298609538414E+000     0.245906291288E+001     0.675198122203E-002    -0.214391858161E+001     0.115769721820E+001
     0.308609538414E+000     0.247044350583E+001     0.649308316469E-002    -0.213578064775E+001     0.117905512338E+001
     0.318609538414E+000     0.248148535969E+001     0.593855882916E-002    -0.212806013025E+001     0.120033580754E+001
     0.328609538414E+000     0.249178369566E+001     0.492685178430E-002    -0.212084250459E+001     0.122154428981E+001
     0.338609538414E+000     0.250288721201E+001     0.451259970898E-002    -0.211303158950E+001     0.124267465389E+001
     0.348609538414E+000     0.251614667497E+001     0.291285713573E-002    -0.210406933195E+001     0.126371536738E+001
     0.358609538414E+000     0.252902749408E+001     0.194598803184E-002    -0.209514619828E+001     0.128466683840E+001
     0.368609538414E+000     0.253907353579E+001     0.852945673595E-003    -0.208766808797E+001     0.130554352102E+001
     0.378609538414E+000     0.255372175325E+001    -0.540277721533E-003    -0.207783618273E+001     0.132632188355E+001
     0.388609538414E+000     0.256761485418E+001    -0.110528453548E-002    -0.206828038934E+001     0.134700469039E+001
     0.398609538414E+000     0.257973029252E+001    -0.154075473765E-002    -0.205988597282E+001     0.136760355589E+001
     0.408609538414E+000     0.259070519145E+001    -0.162499702724E-002    -0.205219461190E+001     0.138812550844E+001
     0.418609538414E+000     0.260186710189E+001    -0.160871798143E-002    -0.204441044980E+001     0.140856961927E+001
     0.428609538414E+000     0.261262728077E+001    -0.169174580747E-002    -0.203682614996E+001     0.142893788779E+001
     0.438609538414E+000     0.262509353361E+001    -0.179322557601E-002    -0.202809389621E+001     0.144921883468E+001
     0.448609538414E+000     0.264150985035E+001    -0.137395798562E-002    -0.201766606132E+001     0.146939549997E+001
     0.458609538414E+000     0.265143490770E+001    -0.109893860926E-002    -0.200876177693E+001     0.148948312075E+001
     0.468609538414E+000     0.266712404800E+001     0.159446835005E-003    -0.199941466941E+001     0.150947726750E+001
     0.478609538414E+000     0.267920573744E+001     0.784386907101E-003    -0.199056620603E+001     0.152938293111E+001
     0.488609538414E+000     0.268977382709E+001     0.160155485169E-002    -0.198296932861E+001     0.154921263086E+001
     0.498609538414E+000     0.269968275034E+001     0.262465552541E-002    -0.197605343670E+001     0.156897318266E+001
     0.508609538414E+000     0.268498670655E+001     0.201025873872E-002    -0.198330136316E+001     0.158880620648E+001
     0.518609538414E+000     0.269009447189E+001     0.236179183982E-002    -0.197992591483E+001     0.160860547972E+001
     0.528609538414E+000     0.269461925842E+001     0.248942055814E-002    -0.197659922646E+001     0.162837148766E+001
     0.538609538414E+000     0.271862546143E+001     0.419699962444E-002    -0.196154164121E+001     0.164798694897E+001
     0.548609538414E+000     0.270643889318E+001     0.308018366527E-002    -0.196848545224E+001     0.166767182759E+001
     0.558609538414E+000     0.271208032282E+001     0.312477887438E-002    -0.196514504680E+001     0.168732330290E+001
     0.568609538414E+000     0.271641357111E+001     0.264560316470E-002    -0.196248283692E+001     0.170694814910E+001
     0.578609538414E+000     0.272136293565E+001     0.196395276722E-002    -0.195939220795E+001     0.172654208103E+001
     0.588609538414E+000     0.272686292322E+001     0.107926075707E-002    -0.195577075751E+001     0.174609979158E+001
     0.598609538414E+000     0.273167691984E+001     0.882648161215E-003    -0.195240916185E+001     0.176562388519E+001
     0.608609538414E+000     0.273615566953E+001     0.699723020402E-003    -0.194903918512E+001     0.178511427830E+001
     0.618609538414E+000     0.274071182094E+001     0.469189620854E-003    -0.194542002735E+001     0.180456847914E+001
     0.628609538414E+000     0.274879836692E+001    -0.653455896128E-003    -0.194026586588E+001     0.182397113890E+001
     0.638609538414E+000     0.275391908292E+001    -0.122271010817E-002    -0.193617088398E+001     0.184333285160E+001
     0.648609538414E+000     0.276111035175E+001    -0.179506988228E-002    -0.193033236218E+001     0.186263618357E+001
     0.658609538414E+000     0.277189152931E+001    -0.186714694766E-002    -0.192290743844E+001     0.188186526702E+001
     0.668609538414E+000     0.278383521465E+001    -0.653215808427E-003    -0.191506286371E+001     0.190101589677E+001
     0.678609538414E+000     0.279101896862E+001    -0.109586640752E-002    -0.191022013635E+001     0.192011810127E+001
     0.688609538414E+000     0.279851744845E+001    -0.543520936734E-003    -0.190462169804E+001     0.193916431903E+001
     0.698609538414E+000     0.280442835191E+001    -0.494254251846E-003    -0.190115172731E+001     0.195817583695E+001
     0.708609538414E+000     0.283142993828E+001    -0.256389441262E-004    -0.188338528358E+001     0.197700968978E+001
     0.718609538414E+000     0.282607031062E+001    -0.230084181824E-003    -0.188632501583E+001     0.199587294008E+001
     0.728609538414E+000     0.282426624186E+001    -0.341843417616E-003    -0.188696496970E+001     0.201474259009E+001
     0.738609538414E+000     0.282778633958E+001    -0.338333869919E-003    -0.188603542199E+001     0.203360294461E+001
     0.748609538414E+000     0.285149063652E+001     0.604788328077E-003    -0.186939115129E+001     0.205229685710E+001
     0.758609538414E+000     0.284550353442E+001     0.254147940407E-003    -0.187244421911E+001     0.207102129947E+001
