 #              _____________________  _______________________             #
 #              ___  __ \__  __ \_  / / /_  /___  ____/_  ___/             #
 #              __  / / /_  /_/ /  / / /_  __/_  __/  _____ \              #
 #              _  /_/ /_  _, _// /_/ / / /_ _  /___  ____/ /              #
 #              /_____/ /_/ |_| \____/  \__/ /_____/  /____/               #
 #                                                                         #
  
 #        time                      [M.M-3]            na   in    x              directions   cumulative flux
 #-----------------------------------------------------------------------------------------------

   0.0000000000000000          330.00000000000000           0.0000000000000000          0.0000000000000000     
  0.50000000000000000          328.69496528918631           0.0000000000000000          0.0000000000000000     
   1.0030000000000001          327.38764096861405           0.0000000000000000          0.0000000000000000     
   1.5090180000000002          326.07757074930504           0.0000000000000000          0.0000000000000000     
   2.0180721080000001          324.76503330516289           0.0000000000000000          0.0000000000000000     
   2.5301805406480002          323.44990302302375           0.0000000000000000          0.0000000000000000     
   3.0453616238918881          322.13230768794369           0.0000000000000000          0.0000000000000000     
   3.5636337936352396          320.81221507841008           0.0000000000000000          0.0000000000000000     
   4.0850155963970511          319.48969031800817           0.0000000000000000          0.0000000000000000     
   4.6095256899754338          318.16473940681459           0.0000000000000000          0.0000000000000000     
   5.1371828441152863          316.83740450205681           0.0000000000000000          0.0000000000000000     
   5.6680059411799775          315.50770644643785           0.0000000000000000          0.0000000000000000     
   6.2020139768270575          314.17567950766335           0.0000000000000000          0.0000000000000000     
   6.7392260606880194          312.84135043462402           0.0000000000000000          0.0000000000000000     
   7.2796614170521474          311.50475110511297           0.0000000000000000          0.0000000000000000     
   7.8233393855544602          310.16591089228376           0.0000000000000000          0.0000000000000000     
   8.3702794218677870          308.82486127799433           0.0000000000000000          0.0000000000000000     
   8.9205010983989936          307.48163306525498           0.0000000000000000          0.0000000000000000     
   9.4740241049893879          306.13625806502910           0.0000000000000000          0.0000000000000000     
   10.030868249619324          304.78876807609407           0.0000000000000000          0.0000000000000000     
   10.591053459117040          303.43919550332453           0.0000000000000000          0.0000000000000000     
   11.154599779871742          302.08757298355789           0.0000000000000000          0.0000000000000000     
   11.721527378550972          300.73393361277846           0.0000000000000000          0.0000000000000000     
   12.291856542822277          299.37831080860400           0.0000000000000000          0.0000000000000000     
   12.865607682079210          298.02073839393915           0.0000000000000000          0.0000000000000000     
   13.442801328171685          296.66125054628128           0.0000000000000000          0.0000000000000000     
   14.023458136140714          295.29988182853367           0.0000000000000000          0.0000000000000000     
   14.607598884957559          293.93666717018937           0.0000000000000000          0.0000000000000000     
   15.195244478267304          292.57164187859610           0.0000000000000000          0.0000000000000000     
   15.786415945136907          291.20484163182283           0.0000000000000000          0.0000000000000000     
   16.381134440807728          289.83630248262619           0.0000000000000000          0.0000000000000000     
   16.979421247452574          288.46606085555624           0.0000000000000000          0.0000000000000000     
   17.581297774937291          287.09415354814018           0.0000000000000000          0.0000000000000000     
   18.186785561586913          285.72061772947620           0.0000000000000000          0.0000000000000000     
   18.795906274956433          284.34549094030172           0.0000000000000000          0.0000000000000000     
   19.408681712606171          282.96881109205498           0.0000000000000000          0.0000000000000000     
   20.025133802881808          281.59061646644358           0.0000000000000000          0.0000000000000000     
   20.645284605699100          280.21094571459327           0.0000000000000000          0.0000000000000000     
   21.269156313333294          278.82983785634127           0.0000000000000000          0.0000000000000000     
   21.896771251213295          277.44733227932960           0.0000000000000000          0.0000000000000000     
   22.528151878720575          276.06346873810628           0.0000000000000000          0.0000000000000000     
   23.163320789992898          274.67828735310565           0.0000000000000000          0.0000000000000000     
   23.802300714732855          273.29182860958565           0.0000000000000000          0.0000000000000000     
   24.445114519021253          271.90413335647304           0.0000000000000000          0.0000000000000000     
   25.091785206135381          270.51524280514496           0.0000000000000000          0.0000000000000000     
   25.742335917372191          269.12519852812807           0.0000000000000000          0.0000000000000000     
   26.396789932876423          267.73404245772491           0.0000000000000000          0.0000000000000000     
   27.055170672473682          266.34181688456101           0.0000000000000000          0.0000000000000000     
   27.717501696508524          264.94856445605376           0.0000000000000000          0.0000000000000000     
   28.383806706687576          263.55432817480374           0.0000000000000000          0.0000000000000000     
   29.054109546927702          262.15915139690441           0.0000000000000000          0.0000000000000000     
   29.728434204209268          260.76307783017086           0.0000000000000000          0.0000000000000000     
   30.406804809434522          259.36615153228900           0.0000000000000000          0.0000000000000000     
   31.089245638291128          257.96841690887879           0.0000000000000000          0.0000000000000000     
   31.775781112120875          256.56991871147756           0.0000000000000000          0.0000000000000000     
   32.466435798793597          255.17070203543710           0.0000000000000000          0.0000000000000000     
   33.161234413586357          253.77081231773604           0.0000000000000000          0.0000000000000000     
   33.860201820067871          252.37029533470783           0.0000000000000000          0.0000000000000000     
   34.563363030988278          250.96919719967994           0.0000000000000000          0.0000000000000000     
   35.270743209174206          249.56756436052811           0.0000000000000000          0.0000000000000000     
   35.982367668429255          248.16544359714095           0.0000000000000000          0.0000000000000000     
   36.698261874439829          246.76288201879652           0.0000000000000000          0.0000000000000000     
   37.418451445686472          245.35992706144864           0.0000000000000000          0.0000000000000000     
   38.142962154360589          243.95662648492413           0.0000000000000000          0.0000000000000000     
   38.871819927286751          242.55302837002833           0.0000000000000000          0.0000000000000000     
   39.605050846850474          241.14918111555869           0.0000000000000000          0.0000000000000000     
   40.342681151931579          239.74513343522722           0.0000000000000000          0.0000000000000000     
   41.084737238843168          238.34093435448850           0.0000000000000000          0.0000000000000000     
   41.831245662276224          236.93663320727524           0.0000000000000000          0.0000000000000000     
   42.582233136249883          235.53227963263950           0.0000000000000000          0.0000000000000000     
   43.337726535067382          234.12792357129806           0.0000000000000000          0.0000000000000000     
   44.097752894277789          232.72361526208422           0.0000000000000000          0.0000000000000000     
   44.862339411643454          231.31940523830136           0.0000000000000000          0.0000000000000000     
   45.631513448113317          229.91534432398160           0.0000000000000000          0.0000000000000000     
   46.405302528801997          228.51148363004751           0.0000000000000000          0.0000000000000000     
   47.183734343974805          227.10787455037448           0.0000000000000000          0.0000000000000000     
   47.966836750038652          225.70456875775693           0.0000000000000000          0.0000000000000000     
   48.754637770538885          224.30161819977536           0.0000000000000000          0.0000000000000000     
   49.547165597162120          222.89907509456378           0.0000000000000000          0.0000000000000000     
   50.344448590745095          221.49699192647859           0.0000000000000000          0.0000000000000000     
   51.146515282289563          220.09542144166733           0.0000000000000000          0.0000000000000000     
   51.953394373983301          218.69441664353710           0.0000000000000000          0.0000000000000000     
   52.765114740227197          217.29403078812297           0.0000000000000000          0.0000000000000000     
   53.581705428668563          215.89431737935453           0.0000000000000000          0.0000000000000000     
   54.403195661240574          214.49533016422279           0.0000000000000000          0.0000000000000000     
   55.229614835208018          213.09712312784421           0.0000000000000000          0.0000000000000000     
   56.060992524219266          211.69975048842437           0.0000000000000000          0.0000000000000000     
   56.897358479364584          210.30326669211826           0.0000000000000000          0.0000000000000000     
   57.738742630240772          208.90772640779034           0.0000000000000000          0.0000000000000000     
   58.585175086022218          207.51318452167058           0.0000000000000000          0.0000000000000000     
   59.436686136538349          206.11969613190956           0.0000000000000000          0.0000000000000000     
   60.293306253357578          204.72731654303044           0.0000000000000000          0.0000000000000000     
   61.155066090877725          203.33610126027878           0.0000000000000000          0.0000000000000000     
   62.021996487422989          201.94610598386984           0.0000000000000000          0.0000000000000000     
   62.894128466347524          200.55738660313236           0.0000000000000000          0.0000000000000000     
   63.771493237145613          199.16999919055147           0.0000000000000000          0.0000000000000000     
   64.654122196568480          197.78399999570848           0.0000000000000000          0.0000000000000000     
   65.542046929747897          196.39944543911815           0.0000000000000000          0.0000000000000000     
   66.435299211326381          195.01639210596372           0.0000000000000000          0.0000000000000000     
   67.333911006594334          193.63489673973055           0.0000000000000000          0.0000000000000000     
   68.237914472633904          192.25501623573729           0.0000000000000000          0.0000000000000000     
   69.147341959469713          190.87680763456626           0.0000000000000000          0.0000000000000000     
   70.062226011226528          189.50032811539199           0.0000000000000000          0.0000000000000000     
   70.982599367293886          188.12563498920929           0.0000000000000000          0.0000000000000000     
   71.908494963497645          186.75278569196016           0.0000000000000000          0.0000000000000000     
   72.839945933278628          185.38183777756174           0.0000000000000000          0.0000000000000000     
   73.776985608878306          184.01284891083282           0.0000000000000000          0.0000000000000000     
   74.719647522531574          182.64587686032311           0.0000000000000000          0.0000000000000000     
   75.667965407666770          181.28097949104247           0.0000000000000000          0.0000000000000000     
   76.621973200112777          179.91821475709256           0.0000000000000000          0.0000000000000000     
   77.581705039313448          178.55764069420090           0.0000000000000000          0.0000000000000000     
   78.547195269549334          177.19931541215846           0.0000000000000000          0.0000000000000000     
   79.518478441166636          175.84329708716052           0.0000000000000000          0.0000000000000000     
   80.495589311813632          174.48964395405292           0.0000000000000000          0.0000000000000000     
   81.478562847684515          173.13841429848318           0.0000000000000000          0.0000000000000000     
   82.467434224770628          171.78966644895826           0.0000000000000000          0.0000000000000000     
   83.462238830119247          170.44345876880908           0.0000000000000000          0.0000000000000000     
   84.462238830119247          169.10087985722402           0.0000000000000000          0.0000000000000000     
   85.462238830119247          167.76887635814262           0.0000000000000000          0.0000000000000000     
   86.462238830119247          166.44736496991558           0.0000000000000000          0.0000000000000000     
   87.462238830119247          165.13626304705409           0.0000000000000000          0.0000000000000000     
   88.462238830119247          163.83548859506112           0.0000000000000000          0.0000000000000000     
   89.462238830119247          162.54496026530390           0.0000000000000000          0.0000000000000000     
   90.462238830119247          161.26459734992616           0.0000000000000000          0.0000000000000000     
   91.462238830119247          159.99431977680086           0.0000000000000000          0.0000000000000000     
   92.462238830119247          158.73404810452294           0.0000000000000000          0.0000000000000000     
   93.462238830119247          157.48370351744052           0.0000000000000000          0.0000000000000000     
   94.462238830119247          156.24320782072633           0.0000000000000000          0.0000000000000000     
   95.462238830119247          155.01248343548738           0.0000000000000000          0.0000000000000000     
   96.462238830119247          153.79145339391334           0.0000000000000000          0.0000000000000000     
   97.462238830119247          152.58004133446300           0.0000000000000000          0.0000000000000000     
   98.462238830119247          151.37817149708869           0.0000000000000000          0.0000000000000000     
   99.462238830119247          150.18576871849848           0.0000000000000000          0.0000000000000000     
   100.46223883011925          149.00275842745546           0.0000000000000000          0.0000000000000000     
   101.46223883011925          147.82906664011421           0.0000000000000000          0.0000000000000000     
   102.46223883011925          146.66461995539376           0.0000000000000000          0.0000000000000000     
   103.46223883011925          145.50934555038765           0.0000000000000000          0.0000000000000000     
   104.46223883011925          144.36317117580910           0.0000000000000000          0.0000000000000000     
   105.46223883011925          143.22602515147321           0.0000000000000000          0.0000000000000000     
   106.46223883011925          142.09783636181368           0.0000000000000000          0.0000000000000000     
   107.46223883011925          140.97853425143555           0.0000000000000000          0.0000000000000000     
   108.46223883011925          139.86804882070297           0.0000000000000000          0.0000000000000000     
   109.46223883011925          138.76631062136107           0.0000000000000000          0.0000000000000000     
   110.46223883011925          137.67325075219316           0.0000000000000000          0.0000000000000000     
   111.46223883011925          136.58880085471159           0.0000000000000000          0.0000000000000000     
   112.46223883011925          135.51289310888271           0.0000000000000000          0.0000000000000000     
   113.46223883011925          134.44546022888531           0.0000000000000000          0.0000000000000000     
   114.46223883011925          133.38643545890312           0.0000000000000000          0.0000000000000000     
   115.46223883011925          132.33575256894946           0.0000000000000000          0.0000000000000000     
   116.46223883011925          131.29334585072584           0.0000000000000000          0.0000000000000000     
   117.46223883011925          130.25915011351213           0.0000000000000000          0.0000000000000000     
   118.46223883011925          129.23310068009013           0.0000000000000000          0.0000000000000000     
   119.46223883011925          128.21513338269821           0.0000000000000000          0.0000000000000000     
   120.46223883011925          127.20518455901882           0.0000000000000000          0.0000000000000000     
   121.46223883011925          126.20319104819694           0.0000000000000000          0.0000000000000000     
   122.46223883011925          125.20909018689004           0.0000000000000000          0.0000000000000000     
   123.46223883011925          124.22281980534929           0.0000000000000000          0.0000000000000000     
   124.46223883011925          123.24431822353159           0.0000000000000000          0.0000000000000000     
   125.46223883011925          122.27352424724202           0.0000000000000000          0.0000000000000000     
   126.46223883011925          121.31037716430701           0.0000000000000000          0.0000000000000000     
   127.46223883011925          120.35481674077747           0.0000000000000000          0.0000000000000000     
   128.46223883011925          119.40678321716173           0.0000000000000000          0.0000000000000000     
   129.46223883011925          118.46621730468836           0.0000000000000000          0.0000000000000000     
   130.46223883011925          117.53306018159833           0.0000000000000000          0.0000000000000000     
   131.46223883011925          116.60725348946637           0.0000000000000000          0.0000000000000000     
   132.46223883011925          115.68873932955137           0.0000000000000000          0.0000000000000000     
   133.46223883011925          114.77746025917536           0.0000000000000000          0.0000000000000000     
   134.46223883011925          113.87335928813121           0.0000000000000000          0.0000000000000000     
   135.46223883011925          112.97637987511854           0.0000000000000000          0.0000000000000000     
   136.46223883011925          112.08646592420774           0.0000000000000000          0.0000000000000000     
   137.46223883011925          111.20356178133173           0.0000000000000000          0.0000000000000000     
   138.46223883011925          110.32761223080547           0.0000000000000000          0.0000000000000000     
   139.46223883011925          109.45856249187293           0.0000000000000000          0.0000000000000000     
   140.46223883011925          108.59635821528111           0.0000000000000000          0.0000000000000000     
   141.46223883011925          107.74094547988113           0.0000000000000000          0.0000000000000000     
   142.46223883011925          106.89227078925606           0.0000000000000000          0.0000000000000000     
   143.46223883011925          106.05028106837530           0.0000000000000000          0.0000000000000000     
   144.46223883011925          105.21492366027547           0.0000000000000000          0.0000000000000000     
   145.46223883011925          104.38614632276726           0.0000000000000000          0.0000000000000000     
   146.46223883011925          103.56389722516836           0.0000000000000000          0.0000000000000000     
   147.46223883011925          102.74812494506186           0.0000000000000000          0.0000000000000000     
   148.46223883011925          101.93877846508047           0.0000000000000000          0.0000000000000000     
   149.46223883011925          101.13580716971607           0.0000000000000000          0.0000000000000000     
   150.46223883011925          100.33916084215416           0.0000000000000000          0.0000000000000000     
   151.46223883011925          99.548789661133313           0.0000000000000000          0.0000000000000000     
   152.46223883011925          98.764644197829739           0.0000000000000000          0.0000000000000000     
   153.46223883011925          97.986675412765734           0.0000000000000000          0.0000000000000000     
   154.46223883011925          97.214834652743136           0.0000000000000000          0.0000000000000000     
   155.46223883011925          96.449073647800319           0.0000000000000000          0.0000000000000000     
   156.46223883011925          95.689344508193713           0.0000000000000000          0.0000000000000000     
   157.46223883011925          94.935599721402625           0.0000000000000000          0.0000000000000000     
   158.46223883011925          94.187792149158099           0.0000000000000000          0.0000000000000000     
   159.46223883011925          93.445875024494967           0.0000000000000000          0.0000000000000000     
   160.46223883011925          92.709801948826879           0.0000000000000000          0.0000000000000000     
   161.46223883011925          91.979526889044834           0.0000000000000000          0.0000000000000000     
   162.46223883011925          91.255004174638273           0.0000000000000000          0.0000000000000000     
   163.46223883011925          90.536188494838825           0.0000000000000000          0.0000000000000000     
   164.46223883011925          89.823034895786819           0.0000000000000000          0.0000000000000000     
   165.46223883011925          89.115498777719836           0.0000000000000000          0.0000000000000000     
   166.46223883011925          88.413535892183504           0.0000000000000000          0.0000000000000000     
   167.46223883011925          87.717102339264287           0.0000000000000000          0.0000000000000000     
   168.46223883011925          87.026154564844106           0.0000000000000000          0.0000000000000000     
   169.46223883011925          86.340649357876430           0.0000000000000000          0.0000000000000000     
   170.46223883011925          85.660543847684067           0.0000000000000000          0.0000000000000000     
   171.46223883011925          84.985795501277920           0.0000000000000000          0.0000000000000000     
   172.46223883011925          84.316362120697235           0.0000000000000000          0.0000000000000000     
   173.46223883011925          83.652201840370452           0.0000000000000000          0.0000000000000000     
   174.46223883011925          82.993273124497151           0.0000000000000000          0.0000000000000000     
   175.46223883011925          82.339534764450320           0.0000000000000000          0.0000000000000000     
   176.46223883011925          81.690945876199308           0.0000000000000000          0.0000000000000000     
   177.46223883011925          81.047465897753057           0.0000000000000000          0.0000000000000000     
   178.46223883011925          80.409054586623327           0.0000000000000000          0.0000000000000000     
   179.46223883011925          79.775672017307969           0.0000000000000000          0.0000000000000000     
   180.46223883011925          79.147278578794243           0.0000000000000000          0.0000000000000000     
   181.46223883011925          78.523834972081389           0.0000000000000000          0.0000000000000000     
   182.46223883011925          77.905302207723125           0.0000000000000000          0.0000000000000000     
   183.46223883011925          77.291641603389181           0.0000000000000000          0.0000000000000000     
   184.46223883011925          76.682814781446169           0.0000000000000000          0.0000000000000000     
   185.46223883011925          76.078783666557541           0.0000000000000000          0.0000000000000000     
   186.46223883011925          75.479510483302491           0.0000000000000000          0.0000000000000000     
   187.46223883011925          74.884957753813467           0.0000000000000000          0.0000000000000000     
   188.46223883011925          74.295088295432421           0.0000000000000000          0.0000000000000000     
   189.46223883011925          73.709865218385346           0.0000000000000000          0.0000000000000000     
   190.46223883011925          73.129251923475394           0.0000000000000000          0.0000000000000000     
   191.46223883011925          72.553212099793967           0.0000000000000000          0.0000000000000000     
   192.46223883011925          71.981709722449921           0.0000000000000000          0.0000000000000000     
   193.46223883011925          71.414709050316588           0.0000000000000000          0.0000000000000000     
   194.46223883011925          70.852174623796600           0.0000000000000000          0.0000000000000000     
   195.46223883011925          70.294071262604305           0.0000000000000000          0.0000000000000000     
   196.46223883011925          69.740364063565679           0.0000000000000000          0.0000000000000000     
   197.46223883011925          69.191018398435560           0.0000000000000000          0.0000000000000000     
   198.46223883011925          68.645999911731963           0.0000000000000000          0.0000000000000000     
   199.46223883011925          68.105274518587720           0.0000000000000000          0.0000000000000000     
   200.46223883011925          67.568808402618643           0.0000000000000000          0.0000000000000000     
   201.46223883011925          67.036568013808875           0.0000000000000000          0.0000000000000000     
   202.46223883011925          66.508520066412672           0.0000000000000000          0.0000000000000000     
   203.46223883011925          65.984631536872797           0.0000000000000000          0.0000000000000000     
   204.46223883011925          65.464869661755287           0.0000000000000000          0.0000000000000000     
   205.46223883011925          64.949201935700401           0.0000000000000000          0.0000000000000000     
   206.46223883011925          64.437596109389929           0.0000000000000000          0.0000000000000000     
   207.46223883011925          63.930020187530261           0.0000000000000000          0.0000000000000000     
   208.46223883011925          63.426442426851551           0.0000000000000000          0.0000000000000000     
   209.46223883011925          62.926831334122419           0.0000000000000000          0.0000000000000000     
   210.46223883011925          62.431155664180601           0.0000000000000000          0.0000000000000000     
   211.46223883011925          61.939384417978800           0.0000000000000000          0.0000000000000000     
   212.46223883011925          61.451486840646119           0.0000000000000000          0.0000000000000000     
   213.46223883011925          60.967432419564631           0.0000000000000000          0.0000000000000000     
   214.46223883011925          60.487190882461277           0.0000000000000000          0.0000000000000000     
   215.46223883011925          60.010732195514585           0.0000000000000000          0.0000000000000000     
   216.46223883011925          59.538026561476528           0.0000000000000000          0.0000000000000000     
   217.46223883011925          59.069044417809039           0.0000000000000000          0.0000000000000000     
   218.46223883011925          58.603756434835056           0.0000000000000000          0.0000000000000000     
   219.46223883011925          58.142133513904533           0.0000000000000000          0.0000000000000000     
   220.46223883011925          57.684146785574541           0.0000000000000000          0.0000000000000000     
   221.46223883011925          57.229767607803815           0.0000000000000000          0.0000000000000000     
   222.46223883011925          56.778967564161569           0.0000000000000000          0.0000000000000000     
   223.46223883011925          56.331718462050375           0.0000000000000000          0.0000000000000000     
   224.46223883011925          55.887992330943071           0.0000000000000000          0.0000000000000000     
   225.46223883011925          55.447761420633434           0.0000000000000000          0.0000000000000000     
   226.46223883011925          55.010998199500918           0.0000000000000000          0.0000000000000000     
   227.46223883011925          54.577675352788724           0.0000000000000000          0.0000000000000000     
   228.46223883011925          54.147765780895675           0.0000000000000000          0.0000000000000000     
   229.46223883011925          53.721242597681318           0.0000000000000000          0.0000000000000000     
   230.46223883011925          53.298079128784721           0.0000000000000000          0.0000000000000000     
   231.46223883011925          52.878248909956199           0.0000000000000000          0.0000000000000000     
   232.46223883011925          52.461725685402207           0.0000000000000000          0.0000000000000000     
   233.46223883011925          52.048483406143490           0.0000000000000000          0.0000000000000000     
   234.46223883011925          51.638496228385975           0.0000000000000000          0.0000000000000000     
   235.46223883011925          51.231738511904574           0.0000000000000000          0.0000000000000000     
   236.46223883011925          50.828184818439603           0.0000000000000000          0.0000000000000000     
   237.46223883011925          50.427809910106028           0.0000000000000000          0.0000000000000000     
   238.46223883011925          50.030588747815102           0.0000000000000000          0.0000000000000000     
   239.46223883011925          49.636496489708435           0.0000000000000000          0.0000000000000000     
   240.46223883011925          49.245508489604447           0.0000000000000000          0.0000000000000000     
   241.46223883011925          48.857600295457111           0.0000000000000000          0.0000000000000000     
   242.46223883011925          48.472747647826623           0.0000000000000000          0.0000000000000000     
   243.46223883011925          48.090926478362405           0.0000000000000000          0.0000000000000000     
   244.46223883011925          47.712112908297847           0.0000000000000000          0.0000000000000000     
   245.46223883011925          47.336283246956967           0.0000000000000000          0.0000000000000000     
   246.46223883011925          46.963413990272898           0.0000000000000000          0.0000000000000000     
   247.46223883011925          46.593481819317944           0.0000000000000000          0.0000000000000000     
   248.46223883011925          46.226463598845207           0.0000000000000000          0.0000000000000000     
   249.46223883011925          45.862336375841871           0.0000000000000000          0.0000000000000000     
   250.46223883011925          45.501077378093683           0.0000000000000000          0.0000000000000000     
   251.46223883011925          45.142664012760861           0.0000000000000000          0.0000000000000000     
   252.46223883011925          44.787073864965180           0.0000000000000000          0.0000000000000000     
   253.46223883011925          44.434284696388104           0.0000000000000000          0.0000000000000000     
   254.46223883011925          44.084274443880204           0.0000000000000000          0.0000000000000000     
   255.46223883011925          43.737021218081225           0.0000000000000000          0.0000000000000000     
   256.46223883011925          43.392503302051246           0.0000000000000000          0.0000000000000000     
   257.46223883011925          43.050699149912496           0.0000000000000000          0.0000000000000000     
   258.46223883011925          42.711587385501971           0.0000000000000000          0.0000000000000000     
   259.46223883011925          42.375146801034589           0.0000000000000000          0.0000000000000000     
   260.46223883011925          42.041356355776848           0.0000000000000000          0.0000000000000000     
   261.46223883011925          41.710195174731076           0.0000000000000000          0.0000000000000000     
   262.46223883011925          41.381642547329861           0.0000000000000000          0.0000000000000000     
   263.46223883011925          41.055677926140866           0.0000000000000000          0.0000000000000000     
   264.46223883011925          40.732280925581918           0.0000000000000000          0.0000000000000000     
   265.46223883011925          40.411431320646024           0.0000000000000000          0.0000000000000000     
   266.46223883011925          40.093109045636581           0.0000000000000000          0.0000000000000000     
   267.46223883011925          39.777294192912521           0.0000000000000000          0.0000000000000000     
   268.46223883011925          39.463967011643270           0.0000000000000000          0.0000000000000000     
   269.46223883011925          39.153107906573680           0.0000000000000000          0.0000000000000000     
   270.46223883011925          38.844697436798469           0.0000000000000000          0.0000000000000000     
   271.46223883011925          38.538716314546505           0.0000000000000000          0.0000000000000000     
   272.46223883011925          38.235145403974499           0.0000000000000000          0.0000000000000000     
   273.46223883011925          37.933965719970381           0.0000000000000000          0.0000000000000000     
   274.46223883011925          37.635158426965937           0.0000000000000000          0.0000000000000000     
   275.46223883011925          37.338704837758918           0.0000000000000000          0.0000000000000000     
   276.46223883011925          37.044586412344351           0.0000000000000000          0.0000000000000000     
   277.46223883011925          36.752784756755091           0.0000000000000000          0.0000000000000000     
   278.46223883011925          36.463281621911506           0.0000000000000000          0.0000000000000000     
   279.46223883011925          36.176058902480193           0.0000000000000000          0.0000000000000000     
   280.46223883011925          35.891098635741720           0.0000000000000000          0.0000000000000000     
   281.46223883011925          35.608383000467299           0.0000000000000000          0.0000000000000000     
   282.46223883011925          35.327894315804237           0.0000000000000000          0.0000000000000000     
   283.46223883011925          35.049615040170231           0.0000000000000000          0.0000000000000000     
   284.46223883011925          34.773527770156349           0.0000000000000000          0.0000000000000000     
   285.46223883011925          34.499615239438661           0.0000000000000000          0.0000000000000000     
   286.46223883011925          34.227860317698457           0.0000000000000000          0.0000000000000000     
   287.46223883011925          33.958246009550905           0.0000000000000000          0.0000000000000000     
   288.46223883011925          33.690755453482190           0.0000000000000000          0.0000000000000000     
   289.46223883011925          33.425371920795079           0.0000000000000000          0.0000000000000000     
   290.46223883011925          33.162078814562719           0.0000000000000000          0.0000000000000000     
   291.46223883011925          32.900859668590677           0.0000000000000000          0.0000000000000000     
   292.46223883011925          32.641698146387213           0.0000000000000000          0.0000000000000000     
   293.46223883011925          32.384578040141598           0.0000000000000000          0.0000000000000000     
   294.46223883011925          32.129483269710533           0.0000000000000000          0.0000000000000000     
   295.46223883011925          31.876397881612494           0.0000000000000000          0.0000000000000000     
   296.46223883011925          31.625306048030055           0.0000000000000000          0.0000000000000000     
   297.46223883011925          31.376192065820057           0.0000000000000000          0.0000000000000000     
   298.46223883011925          31.129040355531565           0.0000000000000000          0.0000000000000000     
   299.46223883011925          30.883835460431513           0.0000000000000000          0.0000000000000000     
   300.46223883011925          30.640562045538179           0.0000000000000000          0.0000000000000000     
   301.46223883011925          30.399204896662027           0.0000000000000000          0.0000000000000000     
   302.46223883011925          30.159748919454319           0.0000000000000000          0.0000000000000000     
   303.46223883011925          29.922179138463125           0.0000000000000000          0.0000000000000000     
   304.46223883011925          29.686480696196810           0.0000000000000000          0.0000000000000000     
   305.46223883011925          29.452638852194887           0.0000000000000000          0.0000000000000000     
   306.46223883011925          29.220638982106099           0.0000000000000000          0.0000000000000000     
   307.46223883011925          28.990466576773926           0.0000000000000000          0.0000000000000000     
   308.46223883011925          28.762107241329179           0.0000000000000000          0.0000000000000000     
   309.46223883011925          28.535546694289746           0.0000000000000000          0.0000000000000000     
   310.46223883011925          28.310770766667503           0.0000000000000000          0.0000000000000000     
   311.46223883011925          28.087765401082184           0.0000000000000000          0.0000000000000000     
   312.46223883011925          27.866516650882279           0.0000000000000000          0.0000000000000000     
   313.46223883011925          27.647010679272810           0.0000000000000000          0.0000000000000000     
   314.46223883011925          27.429233758450032           0.0000000000000000          0.0000000000000000     
   315.46223883011925          27.213172268742927           0.0000000000000000          0.0000000000000000     
   316.46223883011925          26.998812697761409           0.0000000000000000          0.0000000000000000     
   317.46223883011925          26.786141639551339           0.0000000000000000          0.0000000000000000     
   318.46223883011925          26.575145793756143           0.0000000000000000          0.0000000000000000     
   319.46223883011925          26.365811964784950           0.0000000000000000          0.0000000000000000     
   320.46223883011925          26.158127060987482           0.0000000000000000          0.0000000000000000     
   321.46223883011925          25.952078093835279           0.0000000000000000          0.0000000000000000     
   322.46223883011925          25.747652177109384           0.0000000000000000          0.0000000000000000     
   323.46223883011925          25.544836526094510           0.0000000000000000          0.0000000000000000     
   324.46223883011925          25.343618456779488           0.0000000000000000          0.0000000000000000     
   325.46223883011925          25.143985385064042           0.0000000000000000          0.0000000000000000     
   326.46223883011925          24.945924825971794           0.0000000000000000          0.0000000000000000     
   327.46223883011925          24.749424392869528           0.0000000000000000          0.0000000000000000     
   328.46223883011925          24.554471796692457           0.0000000000000000          0.0000000000000000     
   329.46223883011925          24.361054845175765           0.0000000000000000          0.0000000000000000     
   330.46223883011925          24.169161442092118           0.0000000000000000          0.0000000000000000     
   331.46223883011925          23.978779586495161           0.0000000000000000          0.0000000000000000     
   332.46223883011925          23.789897371969008           0.0000000000000000          0.0000000000000000     
   333.46223883011925          23.602502985883664           0.0000000000000000          0.0000000000000000     
   334.46223883011925          23.416584708656263           0.0000000000000000          0.0000000000000000     
   335.46223883011925          23.232130913018121           0.0000000000000000          0.0000000000000000     
   336.46223883011925          23.049130063287659           0.0000000000000000          0.0000000000000000     
   337.46223883011925          22.867570714648931           0.0000000000000000          0.0000000000000000     
   338.46223883011925          22.687441512435896           0.0000000000000000          0.0000000000000000     
   339.46223883011925          22.508731191422324           0.0000000000000000          0.0000000000000000     
   340.46223883011925          22.331428575117290           0.0000000000000000          0.0000000000000000     
   341.46223883011925          22.155522575066211           0.0000000000000000          0.0000000000000000     
   342.46223883011925          21.981002190157415           0.0000000000000000          0.0000000000000000     
   343.46223883011925          21.807856505934112           0.0000000000000000          0.0000000000000000     
   344.46223883011925          21.636074693911866           0.0000000000000000          0.0000000000000000     
   345.46223883011925          21.465646010901374           0.0000000000000000          0.0000000000000000     
   346.46223883011925          21.296559798336634           0.0000000000000000          0.0000000000000000     
   347.46223883011925          21.128805481608357           0.0000000000000000          0.0000000000000000     
   348.46223883011925          20.962372569402646           0.0000000000000000          0.0000000000000000     
   349.46223883011925          20.797250653044895           0.0000000000000000          0.0000000000000000     
   350.46223883011925          20.633429405848879           0.0000000000000000          0.0000000000000000     
   351.46223883011925          20.470898582470888           0.0000000000000000          0.0000000000000000     
   352.46223883011925          20.309648018269048           0.0000000000000000          0.0000000000000000     
   353.46223883011925          20.149667628667622           0.0000000000000000          0.0000000000000000     
   354.46223883011925          19.990947408526331           0.0000000000000000          0.0000000000000000     
   355.46223883011925          19.833477431514684           0.0000000000000000          0.0000000000000000     
   356.46223883011925          19.677247849491152           0.0000000000000000          0.0000000000000000     
   357.46223883011925          19.522248891887344           0.0000000000000000          0.0000000000000000     
   358.46223883011925          19.368470865096931           0.0000000000000000          0.0000000000000000     
   359.46223883011925          19.215904151869413           0.0000000000000000          0.0000000000000000     
   360.46223883011925          19.064539210708737           0.0000000000000000          0.0000000000000000     
   361.46223883011925          18.914366575276528           0.0000000000000000          0.0000000000000000     
   362.46223883011925          18.765376853800113           0.0000000000000000          0.0000000000000000     
   363.46223883011925          18.617560728485145           0.0000000000000000          0.0000000000000000     
   364.46223883011925          18.470908954932924           0.0000000000000000          0.0000000000000000     
   365.46223883011925          18.325412361562240           0.0000000000000000          0.0000000000000000     
   366.46223883011925          18.181061849035832           0.0000000000000000          0.0000000000000000     
   367.46223883011925          18.037848389691273           0.0000000000000000          0.0000000000000000     
   368.46223883011925          17.895763026976446           0.0000000000000000          0.0000000000000000     
   369.46223883011925          17.754796874889426           0.0000000000000000          0.0000000000000000     
   370.46223883011925          17.614941117422706           0.0000000000000000          0.0000000000000000     
   371.46223883011925          17.476187008011923           0.0000000000000000          0.0000000000000000     
   372.46223883011925          17.338525868988814           0.0000000000000000          0.0000000000000000     
   373.46223883011925          17.201949091038578           0.0000000000000000          0.0000000000000000     
   374.46223883011925          17.066448132661407           0.0000000000000000          0.0000000000000000     
   375.46223883011925          16.932014519638351           0.0000000000000000          0.0000000000000000     
   376.46223883011925          16.798639844501359           0.0000000000000000          0.0000000000000000     
   377.46223883011925          16.666315766007486           0.0000000000000000          0.0000000000000000     
   378.46223883011925          16.535034008617234           0.0000000000000000          0.0000000000000000     
   379.46223883011925          16.404786361977020           0.0000000000000000          0.0000000000000000     
   380.46223883011925          16.275564680405701           0.0000000000000000          0.0000000000000000     
   381.46223883011925          16.147360882385211           0.0000000000000000          0.0000000000000000     
   382.46223883011925          16.020166950055067           0.0000000000000000          0.0000000000000000     
   383.46223883011925          15.893974928711030           0.0000000000000000          0.0000000000000000     
   384.46223883011925          15.768776926307579           0.0000000000000000          0.0000000000000000     
   385.46223883011925          15.644565112964386           0.0000000000000000          0.0000000000000000     
   386.46223883011925          15.521331720476626           0.0000000000000000          0.0000000000000000     
   387.46223883011925          15.399069041829181           0.0000000000000000          0.0000000000000000     
   388.46223883011925          15.277769430714642           0.0000000000000000          0.0000000000000000     
   389.46223883011925          15.157425301055131           0.0000000000000000          0.0000000000000000     
   390.46223883011925          15.038029126527888           0.0000000000000000          0.0000000000000000     
   391.46223883011925          14.919573440094581           0.0000000000000000          0.0000000000000000     
   392.46223883011925          14.802050833534308           0.0000000000000000          0.0000000000000000     
   393.46223883011925          14.685453956980332           0.0000000000000000          0.0000000000000000     
   394.46223883011925          14.569775518460407           0.0000000000000000          0.0000000000000000     
   395.46223883011925          14.455008283440769           0.0000000000000000          0.0000000000000000     
   396.46223883011925          14.341145074373690           0.0000000000000000          0.0000000000000000     
   397.46223883011925          14.228178770248606           0.0000000000000000          0.0000000000000000     
   398.46223883011925          14.116102306146772           0.0000000000000000          0.0000000000000000     
   399.46223883011925          14.004908672799463           0.0000000000000000          0.0000000000000000     
   400.46223883011925          13.894590916149586           0.0000000000000000          0.0000000000000000     
   401.46223883011925          13.785142136916807           0.0000000000000000          0.0000000000000000     
   402.46223883011925          13.676555490166077           0.0000000000000000          0.0000000000000000     
   403.46223883011925          13.568824184879556           0.0000000000000000          0.0000000000000000     
   404.46223883011925          13.461941483531936           0.0000000000000000          0.0000000000000000     
   405.46223883011925          13.355900701669029           0.0000000000000000          0.0000000000000000     
   406.46223883011925          13.250695207489807           0.0000000000000000          0.0000000000000000     
   407.46223883011925          13.146318421431602           0.0000000000000000          0.0000000000000000     
   408.46223883011925          13.042763815758660           0.0000000000000000          0.0000000000000000     
   409.46223883011925          12.940024914153881           0.0000000000000000          0.0000000000000000     
   410.46223883011925          12.838095291313826           0.0000000000000000          0.0000000000000000     
   411.46223883011925          12.736968572546884           0.0000000000000000          0.0000000000000000     
   412.46223883011925          12.636638433374591           0.0000000000000000          0.0000000000000000     
   413.46223883011925          12.537098599136108           0.0000000000000000          0.0000000000000000     
   414.46223883011925          12.438342844595844           0.0000000000000000          0.0000000000000000     
   415.46223883011925          12.340364993554095           0.0000000000000000          0.0000000000000000     
   416.46223883011925          12.243158918460839           0.0000000000000000          0.0000000000000000     
   417.46223883011925          12.146718540032476           0.0000000000000000          0.0000000000000000     
   418.46223883011925          12.051037826871678           0.0000000000000000          0.0000000000000000     
   419.46223883011925          11.956110795090183           0.0000000000000000          0.0000000000000000     
   420.46223883011925          11.861931507934569           0.0000000000000000          0.0000000000000000     
   421.46223883011925          11.768494075414983           0.0000000000000000          0.0000000000000000     
   422.46223883011925          11.675792653936774           0.0000000000000000          0.0000000000000000     
   423.46223883011925          11.583821445935067           0.0000000000000000          0.0000000000000000     
   424.46223883011925          11.492574699512172           0.0000000000000000          0.0000000000000000     
   425.46223883011925          11.402046708077863           0.0000000000000000          0.0000000000000000     
   426.46223883011925          11.312231809992529           0.0000000000000000          0.0000000000000000     
   427.46223883011925          11.223124388213064           0.0000000000000000          0.0000000000000000     
   428.46223883011925          11.134718869941604           0.0000000000000000          0.0000000000000000     
   429.46223883011925          11.047009726277020           0.0000000000000000          0.0000000000000000     
   430.46223883011925          10.959991471869118           0.0000000000000000          0.0000000000000000     
   431.46223883011925          10.873658664575634           0.0000000000000000          0.0000000000000000     
   432.46223883011925          10.788005905121848           0.0000000000000000          0.0000000000000000     
   433.46223883011925          10.703027836762947           0.0000000000000000          0.0000000000000000     
   434.46223883011925          10.618719144949019           0.0000000000000000          0.0000000000000000     
   435.46223883011925          10.535074556992670           0.0000000000000000          0.0000000000000000     
   436.46223883011925          10.452088841739299           0.0000000000000000          0.0000000000000000     
   437.46223883011925          10.369756809239934           0.0000000000000000          0.0000000000000000     
   438.46223883011925          10.288073310426674           0.0000000000000000          0.0000000000000000     
   439.46223883011925          10.207033236790647           0.0000000000000000          0.0000000000000000     
   440.46223883011925          10.126631520062549           0.0000000000000000          0.0000000000000000     
   441.46223883011925          10.046863131895691           0.0000000000000000          0.0000000000000000     
   442.46223883011925          9.9677230835515083           0.0000000000000000          0.0000000000000000     
   443.46223883011925          9.8892064255875862           0.0000000000000000          0.0000000000000000     
   444.46223883011925          9.8113082475481121           0.0000000000000000          0.0000000000000000     
   445.46223883011925          9.7340236776568076           0.0000000000000000          0.0000000000000000     
   446.46223883011925          9.6573478825122248           0.0000000000000000          0.0000000000000000     
   447.46223883011925          9.5812760667854953           0.0000000000000000          0.0000000000000000     
   448.46223883011925          9.5058034729204266           0.0000000000000000          0.0000000000000000     
   449.46223883011925          9.4309253808359550           0.0000000000000000          0.0000000000000000     
   450.46223883011925          9.3566371076309860           0.0000000000000000          0.0000000000000000     
   451.46223883011925          9.2829340072915123           0.0000000000000000          0.0000000000000000     
   452.46223883011925          9.2098114704000640           0.0000000000000000          0.0000000000000000     
   453.46223883011925          9.1372649238474217           0.0000000000000000          0.0000000000000000     
   454.46223883011925          9.0652898305466589           0.0000000000000000          0.0000000000000000     
   455.46223883011925          8.9938816891493634           0.0000000000000000          0.0000000000000000     
   456.46223883011925          8.9230360337641379           0.0000000000000000          0.0000000000000000     
   457.46223883011925          8.8527484336773146           0.0000000000000000          0.0000000000000000     
   458.46223883011925          8.7830144930758536           0.0000000000000000          0.0000000000000000     
   459.46223883011925          8.7138298507724432           0.0000000000000000          0.0000000000000000     
   460.46223883011925          8.6451901799327455           0.0000000000000000          0.0000000000000000     
   461.46223883011925          8.5770911878048057           0.0000000000000000          0.0000000000000000     
   462.46223883011925          8.5095286154505985           0.0000000000000000          0.0000000000000000     
   463.46223883011925          8.4424982374796560           0.0000000000000000          0.0000000000000000     
   464.46223883011925          8.3759958617848334           0.0000000000000000          0.0000000000000000     
   465.46223883011925          8.3100173292801252           0.0000000000000000          0.0000000000000000     
   466.46223883011925          8.2445585136405874           0.0000000000000000          0.0000000000000000     
   467.46223883011925          8.1796153210442526           0.0000000000000000          0.0000000000000000     
   468.46223883011925          8.1151836899161154           0.0000000000000000          0.0000000000000000     
   469.46223883011925          8.0512595906741282           0.0000000000000000          0.0000000000000000     
   470.46223883011925          7.9878390254771965           0.0000000000000000          0.0000000000000000     
   471.46223883011925          7.9249180279751510           0.0000000000000000          0.0000000000000000     
   472.46223883011925          7.8624926630607037           0.0000000000000000          0.0000000000000000     
   473.46223883011925          7.8005590266233407           0.0000000000000000          0.0000000000000000     
   474.46223883011925          7.7391132453051785           0.0000000000000000          0.0000000000000000     
   475.46223883011925          7.6781514762587140           0.0000000000000000          0.0000000000000000     
   476.46223883011925          7.6176699069064968           0.0000000000000000          0.0000000000000000     
   477.46223883011925          7.5576647547026976           0.0000000000000000          0.0000000000000000     
   478.46223883011925          7.4981322668965502           0.0000000000000000          0.0000000000000000     
   479.46223883011925          7.4390687202976693           0.0000000000000000          0.0000000000000000     
   480.46223883011925          7.3804704210431824           0.0000000000000000          0.0000000000000000     
   481.46223883011925          7.3223337043667431           0.0000000000000000          0.0000000000000000     
   482.46223883011925          7.2646549343693234           0.0000000000000000          0.0000000000000000     
   483.46223883011925          7.2074305037918265           0.0000000000000000          0.0000000000000000     
   484.46223883011925          7.1506568337895038           0.0000000000000000          0.0000000000000000     
   485.46223883011925          7.0943303737081331           0.0000000000000000          0.0000000000000000     
   486.46223883011925          7.0384476008619590           0.0000000000000000          0.0000000000000000     
   487.46223883011925          6.9830050203133913           0.0000000000000000          0.0000000000000000     
   488.46223883011925          6.9279991646544330           0.0000000000000000          0.0000000000000000     
   489.46223883011925          6.8734265937898318           0.0000000000000000          0.0000000000000000     
   490.46223883011925          6.8192838947219379           0.0000000000000000          0.0000000000000000     
   491.46223883011925          6.7655676813372594           0.0000000000000000          0.0000000000000000     
   492.46223883011925          6.7122745941946960           0.0000000000000000          0.0000000000000000     
   493.46223883011925          6.6594013003154471           0.0000000000000000          0.0000000000000000     
   494.46223883011925          6.6069444929745620           0.0000000000000000          0.0000000000000000     
   495.46223883011925          6.5549008914941531           0.0000000000000000          0.0000000000000000     
   496.46223883011925          6.5032672410381984           0.0000000000000000          0.0000000000000000     
   497.46223883011925          6.4520403124090189           0.0000000000000000          0.0000000000000000     
   498.46223883011925          6.4012169018453084           0.0000000000000000          0.0000000000000000     
   499.46223883011925          6.3507938308217708           0.0000000000000000          0.0000000000000000     
   500.46223883011925          6.3007679458503452           0.0000000000000000          0.0000000000000000     
   501.46223883011925          6.2511361182829877           0.0000000000000000          0.0000000000000000     
   502.46223883011925          6.2018952441160087           0.0000000000000000          0.0000000000000000     
   503.46223883011925          6.1530422437959436           0.0000000000000000          0.0000000000000000     
   504.46223883011925          6.1045740620269671           0.0000000000000000          0.0000000000000000     
   505.46223883011925          6.0564876675798143           0.0000000000000000          0.0000000000000000     
   506.46223883011925          6.0087800531022060           0.0000000000000000          0.0000000000000000     
   507.46223883011925          5.9614482349307849           0.0000000000000000          0.0000000000000000     
   508.46223883011925          5.9144892529044979           0.0000000000000000          0.0000000000000000     
   509.46223883011925          5.8679001701794897           0.0000000000000000          0.0000000000000000     
   510.46223883011925          5.8216780730454198           0.0000000000000000          0.0000000000000000     
   511.46223883011925          5.7758200707432472           0.0000000000000000          0.0000000000000000     
   512.46223883011930          5.7303232952844469           0.0000000000000000          0.0000000000000000     
   513.46223883011930          5.6851849012716409           0.0000000000000000          0.0000000000000000     
   514.46223883011930          5.6404020657206519           0.0000000000000000          0.0000000000000000     
   515.46223883011930          5.5959719878839600           0.0000000000000000          0.0000000000000000     
   516.46223883011930          5.5518918890755380           0.0000000000000000          0.0000000000000000     
   517.46223883011930          5.5081590124970763           0.0000000000000000          0.0000000000000000     
   518.46223883011930          5.4647706230655793           0.0000000000000000          0.0000000000000000     
   519.46223883011930          5.4217240072423083           0.0000000000000000          0.0000000000000000     
   520.46223883011930          5.3790164728630812           0.0000000000000000          0.0000000000000000     
   521.46223883011930          5.3366453489699026           0.0000000000000000          0.0000000000000000     
   522.46223883011930          5.2946079856439345           0.0000000000000000          0.0000000000000000     
   523.46223883011930          5.2529017538397564           0.0000000000000000          0.0000000000000000     
   524.46223883011930          5.2115240452209575           0.0000000000000000          0.0000000000000000     
   525.46223883011930          5.1704722719970073           0.0000000000000000          0.0000000000000000     
   526.46223883011930          5.1297438667614159           0.0000000000000000          0.0000000000000000     
   527.46223883011930          5.0893362823311783           0.0000000000000000          0.0000000000000000     
   528.46223883011930          5.0492469915874629           0.0000000000000000          0.0000000000000000     
   529.46223883011930          5.0094734873175737           0.0000000000000000          0.0000000000000000     
   530.46223883011930          4.9700132820581464           0.0000000000000000          0.0000000000000000     
   531.46223883011930          4.9308639079395915           0.0000000000000000          0.0000000000000000     
   532.46223883011930          4.8920229165317446           0.0000000000000000          0.0000000000000000     
   533.46223883011930          4.8534878786907480           0.0000000000000000          0.0000000000000000     
   534.46223883011930          4.8152563844071379           0.0000000000000000          0.0000000000000000     
   535.46223883011930          4.7773260426551083           0.0000000000000000          0.0000000000000000     
   536.46223883011930          4.7396944812429949           0.0000000000000000          0.0000000000000000     
   537.46223883011930          4.7023593466649070           0.0000000000000000          0.0000000000000000     
   538.46223883011930          4.6653183039535513           0.0000000000000000          0.0000000000000000     
   539.46223883011930          4.6285690365341905           0.0000000000000000          0.0000000000000000     
   540.46223883011930          4.5921092460797723           0.0000000000000000          0.0000000000000000     
   541.46223883011930          4.5559366523671994           0.0000000000000000          0.0000000000000000     
   542.46223883011930          4.5200489931347150           0.0000000000000000          0.0000000000000000     
   543.46223883011930          4.4844440239404220           0.0000000000000000          0.0000000000000000     
   544.46223883011930          4.4491195180219263           0.0000000000000000          0.0000000000000000     
   545.46223883011930          4.4140732661570663           0.0000000000000000          0.0000000000000000     
   546.46223883011930          4.3793030765257530           0.0000000000000000          0.0000000000000000     
   547.46223883011930          4.3448067745728967           0.0000000000000000          0.0000000000000000     
   548.46223883011930          4.3105822028724035           0.0000000000000000          0.0000000000000000     
   549.46223883011930          4.2766272209922533           0.0000000000000000          0.0000000000000000     
   550.46223883011930          4.2429397053606506           0.0000000000000000          0.0000000000000000     
   551.46223883011930          4.2095175491331940           0.0000000000000000          0.0000000000000000     
   552.46223883011930          4.1763586620611335           0.0000000000000000          0.0000000000000000     
   553.46223883011930          4.1434609703606382           0.0000000000000000          0.0000000000000000     
   554.46223883011930          4.1108224165831020           0.0000000000000000          0.0000000000000000     
   555.46223883011930          4.0784409594864819           0.0000000000000000          0.0000000000000000     
   556.46223883011930          4.0463145739076216           0.0000000000000000          0.0000000000000000     
   557.46223883011930          4.0144412506356160           0.0000000000000000          0.0000000000000000     
   558.46223883011930          3.9828189962861456           0.0000000000000000          0.0000000000000000     
   559.46223883011930          3.9514458331768103           0.0000000000000000          0.0000000000000000     
   560.46223883011930          3.9203197992034560           0.0000000000000000          0.0000000000000000     
   561.46223883011930          3.8894389477174469           0.0000000000000000          0.0000000000000000     
   562.46223883011930          3.8588013474039373           0.0000000000000000          0.0000000000000000     
   563.46223883011930          3.8284050821610887           0.0000000000000000          0.0000000000000000     
   564.46223883011930          3.7982482509802264           0.0000000000000000          0.0000000000000000     
   565.46223883011930          3.7683289678269554           0.0000000000000000          0.0000000000000000     
   566.46223883011930          3.7386453615232140           0.0000000000000000          0.0000000000000000     
   567.46223883011930          3.7091955756302446           0.0000000000000000          0.0000000000000000     
   568.46223883011930          3.6799777683324901           0.0000000000000000          0.0000000000000000     
   569.46223883011930          3.6509901123224173           0.0000000000000000          0.0000000000000000     
   570.46223883011930          3.6222307946862249           0.0000000000000000          0.0000000000000000     
   571.46223883011930          3.5936980167904751           0.0000000000000000          0.0000000000000000     
   572.46223883011930          3.5653899941695992           0.0000000000000000          0.0000000000000000     
   573.46223883011930          3.5373049564143009           0.0000000000000000          0.0000000000000000     
   574.46223883011930          3.5094411470608380           0.0000000000000000          0.0000000000000000     
   575.46223883011930          3.4817968234811696           0.0000000000000000          0.0000000000000000     
   576.46223883011930          3.4543702567739714           0.0000000000000000          0.0000000000000000     
   577.46223883011930          3.4271597316565159           0.0000000000000000          0.0000000000000000     
   578.46223883011930          3.4001635463573900           0.0000000000000000          0.0000000000000000     
   579.46223883011930          3.3733800125100761           0.0000000000000000          0.0000000000000000     
   580.46223883011930          3.3468074550473585           0.0000000000000000          0.0000000000000000     
   581.46223883011930          3.3204442120965614           0.0000000000000000          0.0000000000000000     
   582.46223883011930          3.2942886348756182           0.0000000000000000          0.0000000000000000     
   583.46223883011930          3.2683390875899581           0.0000000000000000          0.0000000000000000     
   584.46223883011930          3.2425939473302074           0.0000000000000000          0.0000000000000000     
   585.46223883011930          3.2170516039706762           0.0000000000000000          0.0000000000000000     
   586.46223883011930          3.1917104600686863           0.0000000000000000          0.0000000000000000     
   587.46223883011930          3.1665689307646439           0.0000000000000000          0.0000000000000000     
   588.46223883011930          3.1416254436829409           0.0000000000000000          0.0000000000000000     
   589.46223883011930          3.1168784388336035           0.0000000000000000          0.0000000000000000     
   590.46223883011930          3.0923263685147422           0.0000000000000000          0.0000000000000000     
   591.46223883011930          3.0679676972157552           0.0000000000000000          0.0000000000000000     
   592.46223883011930          3.0438009015212919           0.0000000000000000          0.0000000000000000     
   593.46223883011930          3.0198244700159877           0.0000000000000000          0.0000000000000000     
   594.46223883011930          2.9960369031899341           0.0000000000000000          0.0000000000000000     
   595.46223883011930          2.9724367133449006           0.0000000000000000          0.0000000000000000     
   596.46223883011930          2.9490224245012970           0.0000000000000000          0.0000000000000000     
   597.46223883011930          2.9257925723058604           0.0000000000000000          0.0000000000000000     
   598.46223883011930          2.9027457039400795           0.0000000000000000          0.0000000000000000     
   599.46223883011930          2.8798803780293336           0.0000000000000000          0.0000000000000000     
   600.46223883011930          2.8571951645527478           0.0000000000000000          0.0000000000000000     
