 #        time                      h  [L]            Darcian flow [L.T^{-1}]   in    x         z              directions   cumulative flux
 #-----------------------------------------------------------------------------------------------

     0.100000000000E-006     0.400000000000E+001    -0.380205019334E-012    -0.310460958702E+004     0.310460958702E-003
     0.205999994278E-006     0.400000000000E+001    -0.376627428064E-012    -0.307539633735E+004     0.636452952863E-003
     0.318359982147E-006     0.400000000000E+001    -0.372863051310E-012    -0.304465786846E+004     0.978550674029E-003
     0.437461562859E-006     0.400000000000E+001    -0.368904175627E-012    -0.301233119528E+004     0.133732408101E-002
     0.563709231599E-006     0.400000000000E+001    -0.364743064900E-012    -0.297835314765E+004     0.171333422259E-002
     0.697531753239E-006     0.400000000000E+001    -0.360372014537E-012    -0.294266081280E+004     0.210712851289E-002
     0.839383618521E-006     0.400000000000E+001    -0.355783415820E-012    -0.290519206082E+004     0.251923542572E-002
     0.989746587602E-006     0.400000000000E+001    -0.350969831826E-012    -0.286588616465E+004     0.295015857849E-002
     0.114913132622E-005     0.400000000000E+001    -0.345924086474E-012    -0.282468452712E+004     0.340037018353E-002
     0.131807914004E-005     0.400000000000E+001    -0.340639368381E-012    -0.278153152907E+004     0.387030385444E-002
     0.149716381303E-005     0.400000000000E+001    -0.335109351386E-012    -0.273637551349E+004     0.436034676843E-002
     0.168699355614E-005     0.400000000000E+001    -0.329328333690E-012    -0.268916992164E+004     0.487083120384E-002
     0.188821307298E-005     0.400000000000E+001    -0.323291397663E-012    -0.263987459803E+004     0.540202549497E-002
     0.210150574931E-005     0.400000000000E+001    -0.316994592414E-012    -0.258845728119E+004     0.595412447605E-002
     0.232759597402E-005     0.400000000000E+001    -0.310435141139E-012    -0.253489529679E+004     0.652723952331E-002
     0.256725159928E-005     0.400000000000E+001    -0.303611675102E-012    -0.247917746825E+004     0.712138834959E-002
     0.282128654833E-005     0.400000000000E+001    -0.296524495725E-012    -0.242130625689E+004     0.773648476121E-002
     0.309056357980E-005     0.400000000000E+001    -0.289175865633E-012    -0.236130013841E+004     0.837232865287E-002
     0.337599721774E-005     0.400000000000E+001    -0.281570328487E-012    -0.229919621464E+004     0.902859659277E-002
     0.367855685763E-005     0.400000000000E+001    -0.273715056008E-012    -0.223505304712E+004     0.970483343783E-002
     0.399927005860E-005     0.400000000000E+001    -0.265620218410E-012    -0.216895368195E+004     0.104004455159E-001
     0.433922603327E-005     0.400000000000E+001    -0.257299371620E-012    -0.210100881168E+004     0.111146960143E-001
     0.469957934698E-005     0.400000000000E+001    -0.248769850679E-012    -0.203135998765E+004     0.118467033172E-001
     0.508155383889E-005     0.400000000000E+001    -0.240053153678E-012    -0.196018275510E+004     0.125954431291E-001
     0.548644677845E-005     0.400000000000E+001    -0.231175294178E-012    -0.188768953088E+004     0.133597552922E-001
     0.591563327122E-005     0.400000000000E+001    -0.222167092387E-012    -0.181413198108E+004     0.141383562346E-001
     0.637057092900E-005     0.400000000000E+001    -0.213064366608E-012    -0.173980258436E+004     0.149298579473E-001
     0.685280482021E-005     0.400000000000E+001    -0.203907977275E-012    -0.166503499145E+004     0.157327942503E-001
     0.736397271730E-005     0.400000000000E+001    -0.194743667375E-012    -0.159020272221E+004     0.165456548317E-001
     0.790581065897E-005     0.400000000000E+001    -0.185621637226E-012    -0.151571569334E+004     0.173669271032E-001
     0.848015884613E-005     0.400000000000E+001    -0.176595791133E-012    -0.144201406688E+004     0.181951452684E-001
     0.908896789166E-005     0.400000000000E+001    -0.167722602044E-012    -0.136955897946E+004     0.190289451634E-001
     0.973430544509E-005     0.400000000000E+001    -0.159059561911E-012    -0.129881988849E+004     0.198671224126E-001
     0.104183632148E-004     0.400000000000E+001    -0.150663223286E-012    -0.123025858061E+004     0.207086903534E-001
     0.111434644115E-004     0.400000000000E+001    -0.142586892936E-012    -0.116431033858E+004     0.215529331733E-001
     0.119120716386E-004     0.400000000000E+001    -0.134878107663E-012    -0.110136332987E+004     0.223994489883E-001
     0.127267952553E-004     0.400000000000E+001    -0.127576096880E-012    -0.104173788695E+004     0.232481774472E-001
     0.135904022424E-004     0.400000000000E+001    -0.120709499965E-012    -0.985667868069E+003     0.240994071050E-001
     0.145058255993E-004     0.400000000000E+001    -0.114294638858E-012    -0.933286551992E+003     0.249537594134E-001
     0.154761743052E-004     0.400000000000E+001    -0.108334628696E-012    -0.884619375733E+003     0.258121486798E-001
     0.165047438780E-004     0.400000000000E+001    -0.102819530889E-012    -0.839585184568E+003     0.266757204544E-001
     0.175950275662E-004     0.400000000000E+001    -0.977276190001E-013    -0.798006568655E+003     0.275457739994E-001
     0.187507282134E-004     0.400000000000E+001    -0.930276604745E-013    -0.759628494839E+003     0.284236771425E-001
     0.199757708333E-004     0.400000000000E+001    -0.886819524149E-013    -0.724143095598E+003     0.293107832975E-001
     0.212743159403E-004     0.400000000000E+001    -0.846497249493E-013    -0.691217459665E+003     0.302083603476E-001
     0.226507736794E-004     0.400000000000E+001    -0.808904701817E-013    -0.660520814965E+003     0.311175393351E-001
     0.241098188040E-004     0.400000000000E+001    -0.773667796086E-013    -0.631747697887E+003     0.320392877338E-001
     0.256564065527E-004     0.400000000000E+001    -0.740463710751E-013    -0.604634504632E+003     0.329744080511E-001
     0.272957894778E-004     0.400000000000E+001    -0.709031357998E-013    -0.578968040819E+003     0.339235583713E-001
     0.290335352846E-004     0.400000000000E+001    -0.679172061760E-013    -0.554586075130E+003     0.348872879979E-001
     0.308755457403E-004     0.400000000000E+001    -0.650742031405E-013    -0.531371193603E+003     0.358660792924E-001
     0.328280767180E-004     0.400000000000E+001    -0.623639384442E-013    -0.509240202870E+003     0.368603865636E-001
     0.348977594427E-004     0.400000000000E+001    -0.597789014748E-013    -0.488131774128E+003     0.378706644639E-001
     0.370916230124E-004     0.400000000000E+001    -0.573128451430E-013    -0.467994896022E+003     0.388973814171E-001
     0.394171182707E-004     0.400000000000E+001    -0.549597093224E-013    -0.448780083863E+003     0.399410173741E-001
     0.418821431115E-004     0.400000000000E+001    -0.527130057531E-013    -0.430434356990E+003     0.410020487564E-001
     0.444950693017E-004     0.400000000000E+001    -0.505656647956E-013    -0.412899987415E+003     0.420809259475E-001
     0.472647709137E-004     0.400000000000E+001    -0.485102399882E-013    -0.396116170164E+003     0.431780495425E-001
     0.502006544641E-004     0.400000000000E+001    -0.465392999741E-013    -0.380022223603E+003     0.442937505376E-001
     0.533126908594E-004     0.400000000000E+001    -0.446458150329E-013    -0.364560745711E+003     0.454282768465E-001
     0.566114492604E-004     0.400000000000E+001    -0.428233598523E-013    -0.349679269828E+003     0.465817842755E-001
     0.601081329767E-004     0.400000000000E+001    -0.410659842306E-013    -0.335329208872E+003     0.477543244598E-001
     0.638146175159E-004     0.400000000000E+001    -0.393676054088E-013    -0.321460893346E+003     0.489458142909E-001
     0.677434909153E-004     0.400000000000E+001    -0.377206354613E-013    -0.308012363136E+003     0.501559558712E-001
     0.719080964939E-004     0.400000000000E+001    -0.361128279435E-013    -0.294883618433E+003     0.513840298335E-001
     0.763225781689E-004     0.400000000000E+001    -0.345171719452E-013    -0.281854098416E+003     0.526282695860E-001
     0.810019284919E-004     0.400000000000E+001    -0.328135615206E-013    -0.267943063612E+003     0.538820690472E-001
     0.859620395664E-004     0.400000000000E+001    -0.310552312618E-013    -0.253585207452E+003     0.551398798431E-001
     0.912197570216E-004     0.400000000000E+001    -0.297273041648E-013    -0.242741859820E+003     0.564161479566E-001
     0.967929372233E-004     0.400000000000E+001    -0.285649414972E-013    -0.233250448350E+003     0.577160947373E-001
     0.102700507918E-003     0.400000000000E+001    -0.274883532015E-013    -0.224459437779E+003     0.590421047341E-001
     0.108962532517E-003     0.400000000000E+001    -0.264686904351E-013    -0.216133259430E+003     0.603955365213E-001
     0.115600278233E-003     0.400000000000E+001    -0.254930573018E-013    -0.208166610320E+003     0.617772935471E-001
     0.122636288312E-003     0.400000000000E+001    -0.245548330578E-013    -0.200505427972E+003     0.631880517593E-001
     0.130094458593E-003     0.400000000000E+001    -0.236505471014E-013    -0.193121372774E+003     0.646283838424E-001
     0.138000118665E-003     0.400000000000E+001    -0.227785381953E-013    -0.186000879692E+003     0.660988435703E-001
     0.146380117888E-003     0.400000000000E+001    -0.219381349763E-013    -0.179138466630E+003     0.676000237815E-001
     0.155262916586E-003     0.400000000000E+001    -0.211290249349E-013    -0.172531581756E+003     0.691325870912E-001
     0.164678682697E-003     0.400000000000E+001    -0.203507459886E-013    -0.166176451878E+003     0.706972656952E-001
     0.174659394236E-003     0.400000000000E+001    -0.196022929416E-013    -0.160064868950E+003     0.722948269797E-001
     0.185238947896E-003     0.400000000000E+001    -0.188817932460E-013    -0.154181542459E+003     0.739259988816E-001
     0.196453274170E-003     0.400000000000E+001    -0.181860629109E-013    -0.148500473145E+003     0.755913316393E-001
     0.208340459379E-003     0.400000000000E+001    -0.175093016278E-013    -0.142974297895E+003     0.772908935985E-001
     0.220940875020E-003     0.400000000000E+001    -0.168359342668E-013    -0.137475836123E+003     0.790231462743E-001
     0.234297314879E-003     0.400000000000E+001    -0.160919055150E-013    -0.131400380307E+003     0.807781875513E-001
     0.248455140365E-003     0.400000000000E+001    -0.155200202517E-013    -0.126730582749E+003     0.825724170256E-001
     0.263462434571E-003     0.400000000000E+001    -0.149906983485E-013    -0.122408341400E+003     0.844094350182E-001
     0.279370165569E-003     0.400000000000E+001    -0.144877100717E-013    -0.118301130430E+003     0.862913375779E-001
     0.296232359518E-003     0.400000000000E+001    -0.140058452989E-013    -0.114366405960E+003     0.882198060964E-001
     0.314106284138E-003     0.400000000000E+001    -0.135425874120E-013    -0.110583618243E+003     0.901963693532E-001
     0.333052643213E-003     0.400000000000E+001    -0.130963155575E-013    -0.106939532007E+003     0.922224841259E-001
     0.353135782749E-003     0.400000000000E+001    -0.126657965573E-013    -0.103424077588E+003     0.942995643074E-001
     0.374423909507E-003     0.400000000000E+001    -0.122500049831E-013    -0.100028881728E+003     0.964289918211E-001
     0.396989322653E-003     0.400000000000E+001    -0.118480452495E-013    -0.967466314184E+002     0.986121195295E-001
     0.420908659296E-003     0.400000000000E+001    -0.114591092234E-013    -0.935707277510E+002     0.100850269267E+000
     0.446263154769E-003     0.400000000000E+001    -0.110824459921E-013    -0.904950390577E+002     0.103144725325E+000
     0.473138918520E-003     0.400000000000E+001    -0.107173342003E-013    -0.875136750265E+002     0.105496722180E+000
     0.501627226558E-003     0.400000000000E+001    -0.103630514284E-013    -0.846207366533E+002     0.107907423792E+000
     0.531824831448E-003     0.400000000000E+001    -0.100188336995E-013    -0.818099855930E+002     0.110377889413E+000
     0.563834290904E-003     0.400000000000E+001    -0.968381021045E-014    -0.790743111989E+002     0.112909015371E+000
     0.597764316095E-003     0.400000000000E+001    -0.935687410487E-014    -0.764046753022E+002     0.115501427929E+000
     0.633730140856E-003     0.400000000000E+001    -0.903636352085E-014    -0.737875077707E+002     0.118155256503E+000
     0.671853913045E-003     0.400000000000E+001    -0.871899048593E-014    -0.711959602720E+002     0.120869515073E+000
     0.712265109384E-003     0.400000000000E+001    -0.839274307642E-014    -0.685319480055E+002     0.123638973079E+000
     0.755100975191E-003     0.400000000000E+001    -0.804656733420E-014    -0.657052085532E+002     0.126453512576E+000
     0.800506990496E-003     0.400000000000E+001    -0.777387468260E-014    -0.634785040716E+002     0.129335818503E+000
     0.848637364120E-003     0.400000000000E+001    -0.751382755770E-014    -0.613550581517E+002     0.132288860376E+000
     0.899655557408E-003     0.400000000000E+001    -0.725893887108E-014    -0.592737340769E+002     0.135312899198E+000
     0.953734839373E-003     0.400000000000E+001    -0.700347679160E-014    -0.571877278941E+002     0.138405570460E+000
     0.101105887516E-002     0.400000000000E+001    -0.672865617827E-014    -0.549436472863E+002     0.141555162063E+000
     0.107182234982E-002     0.400000000000E+001    -0.642111971053E-014    -0.524324214541E+002     0.144741138175E+000
     0.113623162948E-002     0.400000000000E+001    -0.623274774379E-014    -0.508942476159E+002     0.148019200003E+000
     0.120450546223E-002     0.400000000000E+001    -0.604924182525E-014    -0.493958080768E+002     0.151391641142E+000
     0.127687572104E-002     0.400000000000E+001    -0.586516267519E-014    -0.478926877470E+002     0.154857647350E+000
     0.135358819124E-002     0.400000000000E+001    -0.569626197689E-014    -0.465135088816E+002     0.158425813514E+000
     0.143490340526E-002     0.400000000000E+001    -0.553326242150E-014    -0.451825165047E+002     0.162099839513E+000
     0.152109752747E-002     0.400000000000E+001    -0.537501205560E-014    -0.438903042031E+002     0.165882925758E+000
     0.161246329208E-002     0.400000000000E+001    -0.522114416439E-014    -0.426338775231E+002     0.169778202576E+000
     0.170931099734E-002     0.400000000000E+001    -0.507293577406E-014    -0.414236641748E+002     0.173789989395E+000
     0.181196955938E-002     0.400000000000E+001    -0.492923515565E-014    -0.402502595775E+002     0.177922023164E+000
     0.192078762926E-002     0.400000000000E+001    -0.479082241224E-014    -0.391200337565E+002     0.182178989731E+000
     0.203613477710E-002     0.400000000000E+001    -0.466259602416E-014    -0.380729858389E+002     0.186570600058E+000
     0.215840274722E-002     0.400000000000E+001    -0.452856546879E-014    -0.369785432987E+002     0.191091891485E+000
     0.228800678855E-002     0.400000000000E+001    -0.439436360702E-014    -0.358827019356E+002     0.195742434670E+000
     0.242538706494E-002     0.400000000000E+001    -0.426666095539E-014    -0.348399306507E+002     0.200528753972E+000
     0.257101015006E-002     0.400000000000E+001    -0.414440917953E-014    -0.338416691443E+002     0.205456882238E+000
     0.272537061195E-002     0.400000000000E+001    -0.402920605269E-014    -0.329009642249E+002     0.210535490272E+000
     0.288899269272E-002     0.400000000000E+001    -0.391073473882E-014    -0.319335725333E+002     0.215760527857E+000
     0.306243208897E-002     0.400000000000E+001    -0.379801233710E-014    -0.310131242717E+002     0.221139425406E+000
     0.324627783907E-002     0.400000000000E+001    -0.368880893768E-014    -0.301214108447E+002     0.226677118777E+000
     0.344115432366E-002     0.400000000000E+001    -0.358313620236E-014    -0.292585274779E+002     0.232378917756E+000
     0.364772338618E-002     0.400000000000E+001    -0.347997734298E-014    -0.284161714660E+002     0.238248819656E+000
     0.386668658063E-002     0.400000000000E+001    -0.338215825021E-014    -0.276174179573E+002     0.244296017715E+000
     0.409878755421E-002     0.400000000000E+001    -0.328849371938E-014    -0.268525890214E+002     0.250528529770E+000
     0.434481457293E-002     0.400000000000E+001    -0.319384350218E-014    -0.260797113454E+002     0.256944843401E+000
     0.460560319869E-002     0.400000000000E+001    -0.310273384747E-014    -0.253357445562E+002     0.263552117407E+000
     0.488203912708E-002     0.400000000000E+001    -0.301772554855E-014    -0.246415991178E+002     0.270363940736E+000
     0.517506119535E-002     0.400000000000E+001    -0.292905913334E-014    -0.239175828931E+002     0.277372320343E+000
     0.548566457095E-002     0.400000000000E+001    -0.284507009903E-014    -0.232317603820E+002     0.284588183539E+000
     0.581490413132E-002     0.400000000000E+001    -0.276376384509E-014    -0.225678444350E+002     0.292018410719E+000
     0.616389804647E-002     0.400000000000E+001    -0.268536813759E-014    -0.219276949033E+002     0.299671042814E+000
     0.653383157655E-002     0.400000000000E+001    -0.260980102891E-014    -0.213106426336E+002     0.307554564071E+000
     0.692596109728E-002     0.400000000000E+001    -0.253585122106E-014    -0.207067966276E+002     0.315674310309E+000
     0.734161836681E-002     0.400000000000E+001    -0.246263056267E-014    -0.201089045788E+002     0.324032722679E+000
     0.778221504872E-002     0.400000000000E+001    -0.239294917546E-014    -0.195399128722E+002     0.332641943456E+000
     0.824924750635E-002     0.400000000000E+001    -0.232328874223E-014    -0.189710922680E+002     0.341502059301E+000
     0.874430188470E-002     0.400000000000E+001    -0.225646871399E-014    -0.184254653306E+002     0.350623666587E+000
     0.926905949743E-002     0.400000000000E+001    -0.219224216806E-014    -0.179010157833E+002     0.360017360894E+000
     0.982530253690E-002     0.400000000000E+001    -0.213000372009E-014    -0.173928002880E+002     0.369691984991E+000
     0.104149201269E-001     0.400000000000E+001    -0.207037915240E-014    -0.169059287449E+002     0.379660017955E+000
     0.110399147386E-001     0.400000000000E+001    -0.201140395393E-014    -0.164243597038E+002     0.389925154270E+000
     0.117024089912E-001     0.400000000000E+001    -0.195332685937E-014    -0.159501242377E+002     0.400492019906E+000
     0.124046528610E-001     0.400000000000E+001    -0.189656956232E-014    -0.154866657361E+002     0.411367435983E+000
     0.131490313229E-001     0.400000000000E+001    -0.184174088371E-014    -0.150389555992E+002     0.422562110620E+000
     0.139380724499E-001     0.400000000000E+001    -0.178949205598E-014    -0.146123115434E+002     0.434091825388E+000
     0.147744559993E-001     0.400000000000E+001    -0.173625885930E-014    -0.141776295051E+002     0.445949761476E+000
     0.156610225139E-001     0.400000000000E+001    -0.168261163144E-014    -0.137395666457E+002     0.458130801189E+000
     0.166007829686E-001     0.400000000000E+001    -0.163043244640E-014    -0.133134912657E+002     0.470642293795E+000
     0.175969289968E-001     0.400000000000E+001    -0.157626991896E-014    -0.128712206659E+002     0.483463909139E+000
     0.186528437297E-001     0.400000000000E+001    -0.152199725387E-014    -0.124280507240E+002     0.496586871000E+000
     0.197721132861E-001     0.400000000000E+001    -0.146656123432E-014    -0.119753812719E+002     0.509990550685E+000
     0.209585389519E-001     0.400000000000E+001    -0.141025322351E-014    -0.115155914709E+002     0.523652943962E+000
     0.222161500898E-001     0.400000000000E+001    -0.134780321852E-014    -0.110056484814E+002     0.537493770072E+000
     0.235492178240E-001     0.400000000000E+001    -0.128194693487E-014    -0.104678911158E+002     0.551448177963E+000
     0.249622695459E-001     0.400000000000E+001    -0.121120479717E-014    -0.989023772417E+001     0.565423595410E+000
     0.264601042903E-001     0.400000000000E+001    -0.113497367166E-014    -0.926776334575E+001     0.579305173352E+000
     0.280478090337E-001     0.400000000000E+001    -0.105285325263E-014    -0.859719923628E+001     0.592954987359E+000
     0.297307759708E-001     0.400000000000E+001    -0.966452860607E-015    -0.789168649507E+001     0.606236434808E+000
     0.315147208278E-001     0.400000000000E+001    -0.873918383506E-015    -0.713608514810E+001     0.618966817208E+000
     0.334057022742E-001     0.400000000000E+001    -0.778791607053E-015    -0.635931607052E+001     0.630992165909E+000
     0.354101424992E-001     0.400000000000E+001    -0.684905998178E-015    -0.559268189534E+001     0.642202362465E+000
     0.375348490229E-001     0.400000000000E+001    -0.596596943613E-015    -0.487158374177E+001     0.652553048222E+000
     0.397870378166E-001     0.400000000000E+001    -0.523205790468E-015    -0.427229949756E+001     0.662175073274E+000
     0.421743578089E-001     0.400000000000E+001    -0.473565819791E-015    -0.386695837625E+001     0.671406740315E+000
     0.447049168642E-001     0.400000000000E+001    -0.439935903056E-015    -0.359234926644E+001     0.680497392281E+000
     0.472354759195E-001     0.400000000000E+001    -0.424535175044E-015    -0.346659277874E+001     0.689269810028E+000
     0.499178683733E-001     0.400000000000E+001    -0.415382346287E-015    -0.339185426015E+001     0.698368094300E+000
     0.527612042209E-001     0.400000000000E+001    -0.408830072383E-015    -0.333835088344E+001     0.707860147039E+000
     0.557751400566E-001     0.400000000000E+001    -0.402412638120E-015    -0.328594855594E+001     0.717763785146E+000
     0.589699118700E-001     0.400000000000E+001    -0.394985545937E-015    -0.322530174587E+001     0.728067888253E+000
     0.623563698094E-001     0.400000000000E+001    -0.387365262271E-015    -0.316307740763E+001     0.738779516853E+000
     0.659460150314E-001     0.400000000000E+001    -0.377720037969E-015    -0.308431817429E+001     0.749851124851E+000
     0.697510387613E-001     0.400000000000E+001    -0.369552966834E-015    -0.301762897752E+001     0.761333274718E+000
     0.737843636973E-001     0.400000000000E+001    -0.362405574504E-015    -0.295926609008E+001     0.773268956431E+000
     0.780596878986E-001     0.400000000000E+001    -0.356926945055E-015    -0.291452968565E+001     0.785729515732E+000
     0.825915313074E-001     0.400000000000E+001    -0.352654277340E-015    -0.287964070609E+001     0.798779596485E+000
     0.873952850614E-001     0.400000000000E+001    -0.348638604894E-015    -0.284685025214E+001     0.812455164071E+000
     0.924872637658E-001     0.400000000000E+001    -0.344260738846E-015    -0.281110226300E+001     0.826769236930E+000
     0.978847609010E-001     0.400000000000E+001    -0.339017792566E-015    -0.276829035769E+001     0.841711076206E+000
     0.103606107556E+000     0.400000000000E+001    -0.333107865195E-015    -0.272003213847E+001     0.857273322981E+000
     0.109670734682E+000     0.400000000000E+001    -0.326651940242E-015    -0.266731551063E+001     0.873449596982E+000
     0.116099239089E+000     0.400000000000E+001    -0.319998037841E-015    -0.261298227427E+001     0.890247165047E+000
     0.122913453393E+000     0.400000000000E+001    -0.314448439113E-015    -0.256766636170E+001     0.907743793896E+000
     0.130136520164E+000     0.400000000000E+001    -0.310171949237E-015    -0.253274617182E+001     0.926037988611E+000
     0.137792970529E+000     0.400000000000E+001    -0.306484403396E-015    -0.250263507494E+001     0.945199289844E+000
     0.145449420894E+000     0.400000000000E+001    -0.303398552275E-015    -0.247743718831E+001     0.964167664708E+000
     0.153105871259E+000     0.400000000000E+001    -0.301190462978E-015    -0.245940677090E+001     0.982997990577E+000
     0.161221708208E+000     0.400000000000E+001    -0.298788136412E-015    -0.243979028582E+001     0.100279893073E+001
     0.169824494909E+000     0.400000000000E+001    -0.296329683923E-015    -0.241971549780E+001     0.102361522703E+001
     0.178943448320E+000     0.400000000000E+001    -0.294132742677E-015    -0.240177611114E+001     0.104551691149E+001
     0.188609538414E+000     0.400000000000E+001    -0.291022554402E-015    -0.237637949656E+001     0.106848720980E+001
     0.198609538414E+000     0.400000000000E+001    -0.287601190092E-015    -0.234844193683E+001     0.109197162917E+001
     0.208609538414E+000     0.400000000000E+001    -0.284138012215E-015    -0.232016294342E+001     0.111517325860E+001
     0.218609538414E+000     0.400000000000E+001    -0.280698574118E-015    -0.229207780001E+001     0.113809403660E+001
     0.228609538414E+000     0.400000000000E+001    -0.277808451027E-015    -0.226847815403E+001     0.116077881815E+001
     0.238609538414E+000     0.400000000000E+001    -0.275200546034E-015    -0.224718299371E+001     0.118325064808E+001
     0.248609538414E+000     0.400000000000E+001    -0.272800364119E-015    -0.222758402103E+001     0.120552648829E+001
     0.258609538414E+000     0.400000000000E+001    -0.271015412698E-015    -0.221300878659E+001     0.122765657616E+001
     0.268609538414E+000     0.400000000000E+001    -0.268830027968E-015    -0.219516376604E+001     0.124960821382E+001
     0.278609538414E+000     0.400000000000E+001    -0.266443753485E-015    -0.217567835616E+001     0.127136499738E+001
     0.288609538414E+000     0.400000000000E+001    -0.264250186212E-015    -0.215776652008E+001     0.129294266258E+001
     0.298609538414E+000     0.400000000000E+001    -0.262813884712E-015    -0.214603822829E+001     0.131440304486E+001
     0.308609538414E+000     0.400000000000E+001    -0.261846824778E-015    -0.213814158466E+001     0.133578446071E+001
     0.318609538414E+000     0.400000000000E+001    -0.260881749473E-015    -0.213026114676E+001     0.135708707218E+001
     0.328609538414E+000     0.400000000000E+001    -0.259990003086E-015    -0.212297948492E+001     0.137831686703E+001
     0.338609538414E+000     0.400000000000E+001    -0.259076441207E-015    -0.211551968606E+001     0.139947206389E+001
     0.348609538414E+000     0.400000000000E+001    -0.257859879752E-015    -0.210558570791E+001     0.142052792097E+001
     0.358609538414E+000     0.400000000000E+001    -0.256742339717E-015    -0.209646030101E+001     0.144149252398E+001
     0.368609538414E+000     0.400000000000E+001    -0.255940985068E-015    -0.208991674372E+001     0.146239169141E+001
     0.378609538414E+000     0.400000000000E+001    -0.254596431291E-015    -0.207893762894E+001     0.148318106770E+001
     0.388609538414E+000     0.400000000000E+001    -0.253375501494E-015    -0.206896798057E+001     0.150387074751E+001
     0.398609538414E+000     0.400000000000E+001    -0.252308107431E-015    -0.206025204660E+001     0.152447326798E+001
     0.408609538414E+000     0.400000000000E+001    -0.251355753275E-015    -0.205247548477E+001     0.154499802282E+001
     0.418609538414E+000     0.400000000000E+001    -0.250392232219E-015    -0.204460773828E+001     0.156544410021E+001
     0.428609538414E+000     0.400000000000E+001    -0.249462803379E-015    -0.203701837585E+001     0.158581428396E+001
     0.438609538414E+000     0.400000000000E+001    -0.248378734371E-015    -0.202816628063E+001     0.160609594677E+001
     0.448609538414E+000     0.400000000000E+001    -0.246885503696E-015    -0.201597312685E+001     0.162625567804E+001
     0.458609538414E+000     0.400000000000E+001    -0.246136643308E-015    -0.200985821773E+001     0.164635426022E+001
     0.468609538414E+000     0.400000000000E+001    -0.244681543352E-015    -0.199797642489E+001     0.166633402447E+001
     0.478609538414E+000     0.400000000000E+001    -0.243663419498E-015    -0.198966281272E+001     0.168623065259E+001
     0.488609538414E+000     0.400000000000E+001    -0.242758417240E-015    -0.198227290848E+001     0.170605338168E+001
     0.498609538414E+000     0.400000000000E+001    -0.241885936429E-015    -0.197514856200E+001     0.172580486730E+001
     0.508609538414E+000     0.400000000000E+001    -0.243452280616E-015    -0.198793873291E+001     0.174568425463E+001
     0.518609538414E+000     0.400000000000E+001    -0.242943003617E-015    -0.198378017062E+001     0.176552205633E+001
     0.528609538414E+000     0.400000000000E+001    -0.242584901252E-015    -0.198085604291E+001     0.178533061676E+001
     0.538609538414E+000     0.400000000000E+001    -0.240324658660E-015    -0.196239976152E+001     0.180495461438E+001
     0.548609538414E+000     0.400000000000E+001    -0.241557879975E-015    -0.197246977776E+001     0.182467931215E+001
     0.558609538414E+000     0.400000000000E+001    -0.241003216733E-015    -0.196794060868E+001     0.184435871824E+001
     0.568609538414E+000     0.400000000000E+001    -0.240596420418E-015    -0.196461886469E+001     0.186400490689E+001
     0.578609538414E+000     0.400000000000E+001    -0.240138275829E-015    -0.196087783022E+001     0.188361368519E+001
     0.588609538414E+000     0.400000000000E+001    -0.239610272456E-015    -0.195656635548E+001     0.190317934875E+001
     0.598609538414E+000     0.400000000000E+001    -0.239213407715E-015    -0.195332570894E+001     0.192271260583E+001
     0.608609538414E+000     0.400000000000E+001    -0.238830665070E-015    -0.195020037807E+001     0.194221460962E+001
     0.618609538414E+000     0.400000000000E+001    -0.238484776766E-015    -0.194737598573E+001     0.196168836947E+001
     0.628609538414E+000     0.400000000000E+001    -0.237753999074E-015    -0.194140873303E+001     0.198110245680E+001
     0.638609538414E+000     0.400000000000E+001    -0.237387889028E-015    -0.193841921763E+001     0.200048664898E+001
     0.648609538414E+000     0.400000000000E+001    -0.236768775931E-015    -0.193336377555E+001     0.201982028674E+001
     0.658609538414E+000     0.400000000000E+001    -0.235862556783E-015    -0.192596393464E+001     0.203907992608E+001
     0.668609538414E+000     0.400000000000E+001    -0.234730482024E-015    -0.191671984271E+001     0.205824712451E+001
     0.678609538414E+000     0.400000000000E+001    -0.234112540272E-015    -0.191167396539E+001     0.207736386416E+001
     0.688609538414E+000     0.400000000000E+001    -0.233462170112E-015    -0.190636329001E+001     0.209642749706E+001
     0.698609538414E+000     0.400000000000E+001    -0.232924137843E-015    -0.190196992312E+001     0.211544719629E+001
     0.708609538414E+000     0.400000000000E+001    -0.230503427325E-015    -0.188220332169E+001     0.213426922951E+001
     0.718609538414E+000     0.400000000000E+001    -0.231009005756E-015    -0.188633168287E+001     0.215313254634E+001
     0.728609538414E+000     0.400000000000E+001    -0.231219969963E-015    -0.188805433635E+001     0.217201308970E+001
     0.738609538414E+000     0.400000000000E+001    -0.230771144539E-015    -0.188438939864E+001     0.219085698369E+001
     0.748609538414E+000     0.400000000000E+001    -0.228718282233E-015    -0.186762650580E+001     0.220953324875E+001
     0.758609538414E+000     0.400000000000E+001    -0.229346458728E-015    -0.187275595615E+001     0.222826080831E+001
