 #        time                      h  [L]            Darcian flow [L.T^{-1}]   in    x         z              directions   cumulative flux
 #-----------------------------------------------------------------------------------------------

     0.100000000000E-006    -0.280000000000E+003     0.000000000000E+000     0.000000000000E+000     0.000000000000E+000
     0.205999994278E-006    -0.280000000000E+003    -0.338999857865E-014    -0.659106724949E-014     0.785647029250E-021
     0.318359982147E-006    -0.280000000000E+003    -0.338999857865E-014    -0.659106724949E-014     0.161843283530E-020
     0.437461562859E-006    -0.280000000000E+003    -0.677999715730E-014    -0.131821344990E-013     0.338393864882E-020
     0.563709231599E-006    -0.280000000000E+003    -0.338999857865E-014    -0.150650339613E-013     0.533342234305E-020
     0.697531753239E-006    -0.280000000000E+003    -0.338999857865E-014    -0.150650339613E-013     0.739987494738E-020
     0.839383618521E-006    -0.280000000000E+003    -0.155664243145E-029    -0.127109500676E-013     0.920294692397E-020
     0.989746587602E-006    -0.280000000000E+003    -0.338999857865E-014    -0.108280506054E-013     0.109090119140E-019
     0.114913132622E-005    -0.280000000000E+003    -0.155664243145E-029    -0.127109500676E-013     0.129349433681E-019
     0.131807914004E-005    -0.280000000000E+003    -0.103776162096E-029    -0.847396671176E-014     0.143666015185E-019
     0.149716381303E-005    -0.280000000000E+003    -0.103776162096E-029    -0.847396671176E-014     0.158841590759E-019
     0.168699355614E-005    -0.280000000000E+003    -0.103776162096E-029    -0.847396671176E-014     0.174927699999E-019
     0.188821307298E-005    -0.280000000000E+003    -0.338999857865E-014    -0.659106724949E-014     0.189841617373E-019
     0.210150574931E-005    -0.280000000000E+003    -0.677999715730E-014    -0.894515114309E-014     0.213782149326E-019
     0.232759597402E-005    -0.280000000000E+003    -0.338999857865E-014    -0.235408389360E-014     0.223113350969E-019
     0.256725159928E-005    -0.280000000000E+003    -0.677999715730E-014    -0.894515114309E-014     0.250012929766E-019
     0.282128654833E-005    -0.280000000000E+003    -0.677999715730E-014    -0.894515114309E-014     0.278526481752E-019
     0.309056357980E-005    -0.280000000000E+003    -0.677999715730E-014    -0.894515114309E-014     0.308750845226E-019
     0.337599721774E-005    -0.280000000000E+003    -0.677999715730E-014    -0.470816778721E-014     0.332311694307E-019
     0.367855685763E-005    -0.280000000000E+003    -0.677999715730E-014    -0.470816778721E-014     0.357286192984E-019
     0.399927005860E-005    -0.280000000000E+003    -0.338999857865E-014    -0.659106724949E-014     0.381056701209E-019
     0.433922603327E-005    -0.280000000000E+003    -0.338999857865E-014    -0.235408389360E-014     0.395087373051E-019
     0.469957934698E-005    -0.280000000000E+003    -0.677999715730E-014    -0.894515114309E-014     0.435534378401E-019
     0.508155383889E-005    -0.280000000000E+003    -0.338999857865E-014    -0.659106724949E-014     0.463845429440E-019
     0.548644677845E-005    -0.280000000000E+003    -0.338999857865E-014    -0.108280506054E-013     0.509785841039E-019
     0.591563327122E-005    -0.280000000000E+003    -0.207552324193E-029    -0.169479334235E-013     0.582524082097E-019
     0.637057092900E-005    -0.280000000000E+003    -0.259440405241E-029    -0.211849167794E-013     0.678902246295E-019
     0.685280482021E-005    -0.280000000000E+003    -0.338999857865E-014    -0.320129673848E-013     0.834142778860E-019
     0.736397271730E-005    -0.280000000000E+003    -0.338999857865E-014    -0.362499507407E-013     0.102024938740E-018
     0.790581065897E-005    -0.280000000000E+003    -0.677999715730E-014    -0.386040346343E-013     0.123262220367E-018
     0.848015884613E-005    -0.280000000000E+003    -0.518880810482E-029    -0.423698335588E-013     0.147597257462E-018
     0.908896789166E-005    -0.280000000000E+003    -0.466992729434E-029    -0.381328502029E-013     0.170812881598E-018
     0.973430544509E-005    -0.280000000000E+003    -0.338999857865E-014    -0.404869340965E-013     0.197032049155E-018
     0.104183632148E-004    -0.280000000000E+003    -0.677999715730E-014    -0.386040346343E-013     0.223843622113E-018
     0.111434644115E-004    -0.280000000000E+003    -0.101699957359E-013    -0.409581185279E-013     0.254444235283E-018
     0.119120716386E-004    -0.280000000000E+003    -0.135599943146E-013    -0.433122024215E-013     0.289327661413E-018
     0.127267952553E-004    -0.280000000000E+003    -0.135599943146E-013    -0.433122024215E-013     0.326304091114E-018
     0.135904022424E-004    -0.280000000000E+003    -0.169499928932E-013    -0.414293029592E-013     0.364961376012E-018
     0.145058255993E-004    -0.280000000000E+003    -0.169499928932E-013    -0.414293029592E-013     0.405938095792E-018
     0.154761743052E-004    -0.280000000000E+003    -0.203399914719E-013    -0.395464034969E-013     0.449090074243E-018
     0.165047438780E-004    -0.280000000000E+003    -0.203399914719E-013    -0.437833868528E-013     0.498746662945E-018
     0.175950275662E-004    -0.280000000000E+003    -0.169499928932E-013    -0.456662863151E-013     0.551854917081E-018
     0.187507282134E-004    -0.280000000000E+003    -0.203399914719E-013    -0.437833868528E-013     0.607649054123E-018
     0.199757708333E-004    -0.280000000000E+003    -0.237299900505E-013    -0.419004873905E-013     0.666639191100E-018
     0.212743159403E-004    -0.280000000000E+003    -0.169499928932E-013    -0.414293029592E-013     0.724765432439E-018
     0.226507736794E-004    -0.280000000000E+003    -0.169499928932E-013    -0.414293029592E-013     0.786379244932E-018
     0.241098188040E-004    -0.280000000000E+003    -0.169499928932E-013    -0.414293029592E-013     0.851689882650E-018
     0.256564065527E-004    -0.280000000000E+003    -0.169499928932E-013    -0.414293029592E-013     0.920919154893E-018
     0.272957894778E-004    -0.280000000000E+003    -0.135599943146E-013    -0.475491857774E-013     0.100197828595E-017
     0.290335352846E-004    -0.280000000000E+003    -0.135599943146E-013    -0.475491857774E-013     0.108790096023E-017
     0.308755457403E-004    -0.280000000000E+003    -0.169499928932E-013    -0.499032696710E-013     0.118498100303E-017
     0.328280767180E-004    -0.280000000000E+003    -0.169499928932E-013    -0.541402530268E-013     0.129575112027E-017
     0.348977594427E-004    -0.280000000000E+003    -0.203399914719E-013    -0.564943369204E-013     0.142002389814E-017
     0.370916230124E-004    -0.280000000000E+003    -0.203399914719E-013    -0.564943369204E-013     0.155175303557E-017
     0.394171182707E-004    -0.280000000000E+003    -0.203399914719E-013    -0.564943369204E-013     0.169138591371E-017
     0.418821431115E-004    -0.280000000000E+003    -0.169499928932E-013    -0.583772363827E-013     0.184123031093E-017
     0.444950693017E-004    -0.280000000000E+003    -0.237299900505E-013    -0.546114374582E-013     0.199681512507E-017
     0.472647709137E-004    -0.280000000000E+003    -0.203399914719E-013    -0.522573535646E-013     0.215212961597E-017
     0.502006544641E-004    -0.280000000000E+003    -0.203399914719E-013    -0.564943369204E-013     0.232841286942E-017
     0.533126908594E-004    -0.280000000000E+003    -0.203399914719E-013    -0.564943369204E-013     0.251527310798E-017
     0.566114492604E-004    -0.280000000000E+003    -0.203399914719E-013    -0.564943369204E-013     0.271334495016E-017
     0.601081329767E-004    -0.280000000000E+003    -0.203399914719E-013    -0.522573535646E-013     0.290942587414E-017
     0.638146175159E-004    -0.280000000000E+003    -0.203399914719E-013    -0.522573535646E-013     0.311727164234E-017
     0.677434909153E-004    -0.280000000000E+003    -0.203399914719E-013    -0.564943369204E-013     0.335317833733E-017
     0.719080964939E-004    -0.280000000000E+003    -0.169499928932E-013    -0.541402530268E-013     0.358944288498E-017
     0.763225781689E-004    -0.280000000000E+003    -0.203399914719E-013    -0.522573535646E-013     0.383699048035E-017
     0.810019284919E-004    -0.280000000000E+003    -0.237299900505E-013    -0.461374707464E-013     0.407976618931E-017
     0.859620395664E-004    -0.280000000000E+003    -0.203399914719E-013    -0.437833868528E-013     0.431922708925E-017
     0.912197570216E-004    -0.280000000000E+003    -0.271199886292E-013    -0.484915546400E-013     0.461134639412E-017
     0.967929372233E-004    -0.280000000000E+003    -0.237299900505E-013    -0.503744541023E-013     0.492168286994E-017
     0.102700507918E-003    -0.280000000000E+003    -0.271199886292E-013    -0.527285379959E-013     0.527196706746E-017
     0.108962532517E-003    -0.280000000000E+003    -0.271199886292E-013    -0.527285379959E-013     0.564326829678E-017
     0.115600278233E-003    -0.280000000000E+003    -0.271199886292E-013    -0.527285379959E-013     0.603684757861E-017
     0.122636288312E-003    -0.280000000000E+003    -0.305099872078E-013    -0.550826218895E-013     0.647989025282E-017
     0.130094458593E-003    -0.280000000000E+003    -0.305099872078E-013    -0.593196052454E-013     0.697739409031E-017
     0.138000118665E-003    -0.280000000000E+003    -0.305099872078E-013    -0.593196052454E-013     0.750474812958E-017
     0.146380117888E-003    -0.280000000000E+003    -0.271199886292E-013    -0.569655213518E-013     0.803345664595E-017
     0.155262916586E-003    -0.280000000000E+003    -0.237299900505E-013    -0.588484208141E-013     0.859709448143E-017
     0.164678682697E-003    -0.280000000000E+003    -0.237299900505E-013    -0.546114374582E-013     0.915774951479E-017
     0.174659394236E-003    -0.280000000000E+003    -0.203399914719E-013    -0.522573535646E-013     0.971743042943E-017
     0.185238947896E-003    -0.280000000000E+003    -0.237299900505E-013    -0.503744541023E-013     0.103065413643E-016
     0.196453274170E-003    -0.280000000000E+003    -0.237299900505E-013    -0.461374707464E-013     0.108883670075E-016
     0.208340459379E-003    -0.280000000000E+003    -0.203399914719E-013    -0.522573535646E-013     0.115549558238E-016
     0.220940875020E-003    -0.280000000000E+003    -0.203399914719E-013    -0.607313202763E-013     0.123619736909E-016
     0.234297314879E-003    -0.280000000000E+003    -0.203399914719E-013    -0.564943369204E-013     0.131639525951E-016
     0.248455140365E-003    -0.280000000000E+003    -0.203399914719E-013    -0.564943369204E-013     0.140140501878E-016
     0.263462434571E-003    -0.280000000000E+003    -0.169499928932E-013    -0.541402530268E-013     0.148654373143E-016
     0.279370165569E-003    -0.280000000000E+003    -0.203399914719E-013    -0.564943369204E-013     0.158206068663E-016
     0.296232359518E-003    -0.280000000000E+003    -0.237299900505E-013    -0.588484208141E-013     0.168905591215E-016
     0.314106284138E-003    -0.280000000000E+003    -0.237299900505E-013    -0.461374707464E-013     0.178179004022E-016
     0.333052643213E-003    -0.280000000000E+003    -0.237299900505E-013    -0.461374707464E-013     0.188008821068E-016
     0.353135782749E-003    -0.280000000000E+003    -0.169499928932E-013    -0.456662863151E-013     0.197791417008E-016
     0.374423909507E-003    -0.280000000000E+003    -0.169499928932E-013    -0.583772363827E-013     0.210732083850E-016
     0.396989322653E-003    -0.280000000000E+003    -0.101699957359E-013    -0.579060519514E-013     0.223998819082E-016
     0.420908659296E-003    -0.280000000000E+003    -0.101699957359E-013    -0.536690685955E-013     0.237064553352E-016
     0.446263154769E-003    -0.280000000000E+003    -0.101699957359E-013    -0.536690685955E-013     0.250914230930E-016
     0.473138918520E-003    -0.280000000000E+003    -0.677999715730E-014    -0.513149847019E-013     0.264825381753E-016
     0.501627226558E-003    -0.280000000000E+003    -0.677999715730E-014    -0.513149847019E-013     0.279571200829E-016
     0.531824831448E-003    -0.280000000000E+003    -0.338999857865E-014    -0.531978841642E-013     0.295668271891E-016
     0.563834290904E-003    -0.280000000000E+003    -0.570768891530E-029    -0.466068169147E-013     0.310586862054E-016
     0.597764316095E-003    -0.280000000000E+003    -0.570768891530E-029    -0.466068169147E-013     0.326400566775E-016
     0.633730140856E-003    -0.280000000000E+003    -0.622656972579E-029    -0.508438002706E-013     0.344686958882E-016
     0.671853913045E-003    -0.280000000000E+003    -0.622656972579E-029    -0.508438002706E-013     0.364070533469E-016
     0.712265109384E-003    -0.280000000000E+003     0.338999857865E-014    -0.484897163770E-013     0.383713636970E-016
     0.755100975191E-003    -0.280000000000E+003    -0.570768891530E-029    -0.466068169147E-013     0.403678070520E-016
     0.800506990496E-003    -0.280000000000E+003    -0.570768891530E-029    -0.466068169147E-013     0.424840368941E-016
     0.848637364120E-003    -0.280000000000E+003    -0.338999857865E-014    -0.447239174524E-013     0.446427905948E-016
     0.899655557408E-003    -0.280000000000E+003    -0.622656972579E-029    -0.508438002706E-013     0.472367494245E-016
     0.953734839373E-003    -0.280000000000E+003     0.338999857865E-014    -0.442527330211E-013     0.496369171638E-016
     0.101105887516E-002    -0.280000000000E+003     0.338999857865E-014    -0.442527330211E-013     0.521810948302E-016
     0.107182234982E-002    -0.280000000000E+003    -0.570768891530E-029    -0.466068169147E-013     0.550130869686E-016
     0.113623162948E-002    -0.280000000000E+003    -0.570768891530E-029    -0.466068169147E-013     0.580149984732E-016
     0.120450546223E-002    -0.280000000000E+003     0.338999857865E-014    -0.442527330211E-013     0.610451542900E-016
     0.127687572104E-002    -0.280000000000E+003     0.338999857865E-014    -0.400157496652E-013     0.639514778485E-016
     0.135358819124E-002    -0.280000000000E+003    -0.518880810482E-029    -0.423698335588E-013     0.672017724427E-016
     0.143490340526E-002    -0.280000000000E+003    -0.338999857865E-014    -0.447239174524E-013     0.708489396258E-016
     0.152109752747E-002    -0.280000000000E+003    -0.338999857865E-014    -0.447239174524E-013     0.747149366312E-016
     0.161246329208E-002    -0.280000000000E+003    -0.677999715730E-014    -0.386040346343E-013     0.782960082487E-016
     0.170931099734E-002    -0.280000000000E+003    -0.677999715730E-014    -0.386040346343E-013     0.820919439582E-016
     0.181196955938E-002    -0.280000000000E+003    -0.677999715730E-014    -0.386040346343E-013     0.861156355932E-016
     0.192078762926E-002    -0.280000000000E+003    -0.677999715730E-014    -0.428410179901E-013     0.908355322674E-016
     0.203613477710E-002    -0.280000000000E+003    -0.101699957359E-013    -0.409581185279E-013     0.957033954945E-016
     0.215840274722E-002    -0.280000000000E+003    -0.677999715730E-014    -0.386040346343E-013     0.100495675835E-015
     0.228800678855E-002    -0.280000000000E+003    -0.677999715730E-014    -0.343670512784E-013     0.105035634504E-015
     0.242538706494E-002    -0.280000000000E+003    -0.677999715730E-014    -0.343670512784E-013     0.109847990435E-015
     0.257101015006E-002    -0.280000000000E+003    -0.101699957359E-013    -0.324841518161E-013     0.114804844814E-015
     0.272537061195E-002    -0.280000000000E+003    -0.677999715730E-014    -0.301300679225E-013     0.119572033095E-015
     0.288899269272E-002    -0.280000000000E+003    -0.101699957359E-013    -0.324841518161E-013     0.125141554074E-015
     0.306243208897E-002    -0.280000000000E+003    -0.101699957359E-013    -0.324841518161E-013     0.131045245993E-015
     0.324627783907E-002    -0.280000000000E+003    -0.338999857865E-014    -0.320129673848E-013     0.136963600691E-015
     0.344115432366E-002    -0.280000000000E+003    -0.311328486289E-029    -0.254219001353E-013     0.141917731221E-015
     0.364772338618E-002    -0.280000000000E+003    -0.311328486289E-029    -0.254219001353E-013     0.147169109300E-015
     0.386668658063E-002    -0.280000000000E+003    -0.338999857865E-014    -0.235390006730E-013     0.152376460313E-015
     0.409878755421E-002    -0.280000000000E+003    -0.677999715730E-014    -0.258930845666E-013     0.158588881189E-015
     0.434481457293E-002    -0.280000000000E+003    -0.677999715730E-014    -0.301300679225E-013     0.166187051771E-015
     0.460560319869E-002    -0.280000000000E+003    -0.101699957359E-013    -0.282471684602E-013     0.174016495041E-015
     0.488203912708E-002    -0.280000000000E+003    -0.135599943146E-013    -0.221272856421E-013     0.181190474569E-015
     0.517506119535E-002    -0.280000000000E+003    -0.135599943146E-013    -0.178903022862E-013     0.187768388362E-015
     0.548566457095E-002    -0.280000000000E+003    -0.169499928932E-013    -0.202443861798E-013     0.195969361174E-015
     0.581490413132E-002    -0.280000000000E+003    -0.169499928932E-013    -0.117704194680E-013     0.202763553029E-015
     0.616389804647E-002    -0.280000000000E+003    -0.203399914719E-013    -0.141245033616E-013     0.211405764603E-015
     0.653383157655E-002    -0.280000000000E+003    -0.237299900505E-013    -0.122416038993E-013     0.221283539157E-015
     0.692596109728E-002    -0.280000000000E+003    -0.203399914719E-013    -0.141245033616E-013     0.230993927033E-015
     0.734161836681E-002    -0.280000000000E+003    -0.169499928932E-013    -0.329645275626E-014     0.238171316660E-015
     0.778221504872E-002    -0.280000000000E+003    -0.101699957359E-013    -0.706225168081E-014     0.243626611980E-015
     0.824924750635E-002    -0.280000000000E+003    -0.135599943146E-013    -0.517935221854E-014     0.250405811885E-015
     0.874430188470E-002    -0.280000000000E+003    -0.135599943146E-013    -0.517935221854E-014     0.257591763397E-015
     0.926905949743E-002    -0.280000000000E+003    -0.135599943146E-013    -0.942368862653E-015     0.264724636423E-015
     0.982530253690E-002    -0.280000000000E+003    -0.169499928932E-013     0.517751395551E-014     0.274582997420E-015
     0.104149201269E-001    -0.280000000000E+003    -0.135599943146E-013     0.329461449323E-014     0.282810813127E-015
     0.110399147386E-001    -0.280000000000E+003    -0.135599943146E-013     0.329461449323E-014     0.291532297305E-015
     0.117024089912E-001    -0.280000000000E+003    -0.677999715730E-014     0.376579892456E-014     0.296670349332E-015
     0.124046528610E-001    -0.280000000000E+003    -0.338999857865E-014     0.611988281816E-014     0.301583299646E-015
     0.131490313229E-001    -0.280000000000E+003    -0.677999715730E-014     0.376579892456E-014     0.307356414280E-015
     0.139380724499E-001    -0.280000000000E+003    -0.135599943146E-013    -0.942368862653E-015     0.318081613943E-015
     0.147744559993E-001    -0.280000000000E+003    -0.101699957359E-013    -0.282526832493E-014     0.326909758370E-015
     0.156610225139E-001    -0.280000000000E+003    -0.101699957359E-013     0.141171503095E-014     0.336012588535E-015
     0.166007829686E-001    -0.280000000000E+003    -0.338999857865E-014    -0.235408389360E-014     0.339891170331E-015
     0.175969289968E-001    -0.280000000000E+003    -0.677999715730E-014     0.376579892456E-014     0.347616897912E-015
     0.186528437297E-001    -0.280000000000E+003    -0.338999857865E-014     0.188289946228E-014     0.351711533309E-015
     0.197721132861E-001    -0.280000000000E+003     0.338999857865E-014    -0.611988281816E-014     0.359542026325E-015
     0.209585389519E-001    -0.280000000000E+003     0.338999857865E-014     0.235408389360E-014     0.364438645423E-015
     0.222161500898E-001    -0.280000000000E+003    -0.677999715730E-014    -0.471184431327E-015     0.372985811148E-015
     0.235492178240E-001    -0.280000000000E+003    -0.677999715730E-014    -0.471184431327E-015     0.382045806328E-015
     0.249622695459E-001    -0.280000000000E+003     0.000000000000E+000     0.000000000000E+000     0.382045806328E-015
     0.264601042903E-001    -0.280000000000E+003     0.338999857865E-014    -0.103568661740E-013     0.398368547119E-015
     0.280478090337E-001    -0.280000000000E+003     0.677999715730E-014    -0.800278228044E-014     0.415021510250E-015
     0.297307759708E-001    -0.280000000000E+003     0.677999715730E-014    -0.800278228044E-014     0.432673650216E-015
     0.315147208278E-001    -0.280000000000E+003    -0.677999715730E-014    -0.894515114309E-014     0.452697117306E-015
     0.334057022742E-001    -0.280000000003E+003    -0.228872364036E-009     0.785026902864E-010     0.457996872606E-012
     0.354101424992E-001    -0.280000000041E+003    -0.304558828249E-008     0.960309555073E-009     0.685897593174E-011
     0.375348490229E-001    -0.279999999730E+003     0.200689543298E-007    -0.632758746200E-008     0.515688442293E-010
     0.397870378166E-001    -0.279999999767E+003     0.172342036120E-007    -0.520024237586E-008     0.921120144365E-010
     0.421743578089E-001    -0.280000001383E+003    -0.102849918822E-006     0.341925915185E-007     0.350860930705E-009
     0.447049168642E-001    -0.279999996635E+003     0.252125459659E-006    -0.775467724592E-007     0.101837592793E-008
     0.472354759195E-001    -0.280000019104E+003    -0.142011172952E-005     0.466303545187E-006     0.480082644529E-008
     0.499178683733E-001    -0.280000006757E+003    -0.496187208841E-006     0.142655738062E-006     0.618571116036E-008
     0.527612042209E-001    -0.280000003220E+003    -0.213729633943E-006     0.574278283281E-007     0.681497107452E-008
     0.557751400566E-001    -0.280000001661E+003    -0.885865743603E-007     0.234592602777E-007     0.709116862235E-008
     0.589699118700E-001    -0.280000000598E+003    -0.809765907321E-008     0.190525401711E-008     0.711774522134E-008
     0.623563698094E-001    -0.279999995806E+003     0.351860681735E-006    -0.102033417930E-006     0.835839458639E-008
     0.659460150314E-001    -0.279999997797E+003     0.189893250341E-006    -0.531699517070E-007     0.906626033962E-008
     0.697510387613E-001    -0.279999997539E+003     0.198738590888E-006    -0.552076022731E-007     0.985110039217E-008
     0.737843636973E-001    -0.280000014650E+003    -0.112222445939E-005     0.320627433452E-006     0.145585101755E-007
     0.780596878986E-001    -0.280000004231E+003    -0.311887321337E-006     0.751848256090E-007     0.159301262610E-007
     0.825915313074E-001    -0.280000001832E+003    -0.111357238629E-006     0.244808660240E-007     0.164468308894E-007
     0.873952850614E-001    -0.280000001053E+003    -0.466960098017E-007     0.962264332150E-008     0.166758602766E-007
     0.924872637658E-001    -0.280000000728E+003    -0.223758821655E-007     0.419041525769E-008     0.167917785520E-007
     0.978847609010E-001    -0.279999999607E+003     0.582075876270E-007    -0.273614021160E-007     0.171389332814E-007
     0.103606107556E+000    -0.280000000249E+003     0.859581598640E-008    -0.596962090153E-008     0.171988094160E-007
     0.109670734682E+000    -0.280000000387E+003    -0.183806400617E-008    -0.300978125081E-008     0.172201972352E-007
     0.116099239089E+000    -0.280000002930E+003    -0.198678789917E-006     0.525161517644E-007     0.185412698711E-007
     0.122913453393E+000    -0.280000001012E+003    -0.451697544870E-007     0.808122282265E-008     0.188539534343E-007
     0.130136520164E+000    -0.280000000635E+003    -0.148015371821E-007     0.203957063490E-008     0.189618761442E-007
     0.137792970529E+000    -0.279999917480E+003     0.665244524172E-005    -0.154030016474E-005     0.712434653447E-007
     0.145449420894E+000    -0.279999975395E+003     0.188218879029E-005    -0.379289239078E-006     0.859440394000E-007
     0.153105871259E+000    -0.279999991857E+003     0.479182869392E-006    -0.891651029061E-007     0.896758551833E-007
     0.161221708208E+000    -0.279999994040E+003     0.301375481894E-006    -0.692783005184E-007     0.921855609927E-007
     0.169824494909E+000    -0.280000003659E+003    -0.449348826512E-006     0.100933098602E-006     0.961475329001E-007
     0.178943448320E+000    -0.279999997262E+003     0.585891766515E-007    -0.979816223702E-007     0.971885759595E-007
     0.188609538414E+000    -0.280000001044E+003    -0.184721082709E-006     0.354202527392E-007     0.990066355035E-007
     0.198609538414E+000    -0.279999999243E+003    -0.184784043249E-007     0.192031200572E-008     0.991924146801E-007
     0.208609538414E+000    -0.279999998769E+003     0.490911161552E-006     0.676714001212E-006     0.107552651567E-006
     0.218609538414E+000    -0.279999998627E+003     0.206208577266E-006     0.174439704072E-006     0.110253599321E-006
     0.228609538414E+000    -0.279999998781E+003     0.740538311842E-007     0.249513722588E-007     0.111035042914E-006
     0.238609538414E+000    -0.280000016940E+003    -0.143423830696E-005     0.316807644785E-006     0.125723155811E-006
     0.248609538414E+000    -0.280000002301E+003    -0.222418777388E-006     0.325373061576E-007     0.127971016768E-006
     0.258609538414E+000    -0.280000042725E+003    -0.351466001038E-005     0.729313404658E-006     0.163866327090E-006
     0.268609538414E+000    -0.280000007878E+003    -0.600612071408E-006     0.961711582949E-007     0.169948956061E-006
     0.278609538414E+000    -0.280000008679E+003    -0.636574983046E-006     0.133485974857E-006     0.176453156354E-006
     0.288609538414E+000    -0.280000002380E+003    -0.126871356506E-006     0.241882125651E-007     0.177744721712E-006
     0.298609538414E+000    -0.280000001119E+003    -0.460424960353E-007    -0.409926520258E-008     0.178206967903E-006
     0.308609538414E+000    -0.280000002016E+003    -0.130091045124E-006     0.219997226553E-007     0.179526349115E-006
     0.318609538414E+000    -0.280000001911E+003    -0.896653294297E-007     0.822089465687E-007     0.180742826907E-006
     0.328609538414E+000    -0.280000000607E+003    -0.182443824411E-007     0.136414094811E-007     0.180970630670E-006
     0.338609538414E+000    -0.280000000289E+003    -0.521751629568E-008     0.464860734121E-008     0.181040510586E-006
     0.348609538414E+000    -0.280000000124E+003    -0.660405622741E-010     0.147207327397E-008     0.181055246125E-006
     0.358609538414E+000    -0.280000000066E+003     0.377120052771E-008     0.735916490863E-008     0.181137937879E-006
     0.368609538414E+000    -0.280000000027E+003     0.390565126198E-009     0.166697612731E-008     0.181155059066E-006
     0.378609538414E+000    -0.279999999998E+003    -0.966556394752E-010     0.713277613401E-009     0.181162257033E-006
     0.388609538414E+000    -0.279999999936E+003     0.336800765883E-008    -0.390562749934E-009     0.181196162807E-006
     0.398609538414E+000    -0.280000000002E+003    -0.550097408451E-007    -0.757678404065E-007     0.182132476709E-006
     0.408609538414E+000    -0.279999999177E+003     0.590275572080E-007    -0.146049304029E-007     0.182740552074E-006
     0.418609538414E+000    -0.279999999827E+003     0.214407443670E-007     0.152249194511E-007     0.183003516652E-006
     0.428609538414E+000    -0.279999999955E+003     0.361053154691E-008     0.874606618806E-009     0.183040666180E-006
     0.438609538414E+000    -0.279999999994E+003    -0.126028282162E-008    -0.328120478916E-008     0.183075815317E-006
     0.448609538414E+000    -0.280000000018E+003    -0.952037030757E-009    -0.992674753882E-009     0.183089569507E-006
     0.458609538414E+000    -0.280000032220E+003    -0.262929588929E-005     0.554442556896E-006     0.209960750022E-006
     0.468609538414E+000    -0.280000006048E+003    -0.440262212143E-006     0.736712701811E-007     0.214424585497E-006
     0.478609538414E+000    -0.280000002187E+003    -0.104286386266E-006     0.177268104356E-007     0.215482408269E-006
     0.488609538414E+000    -0.280000001228E+003    -0.325509221135E-007     0.668141814426E-008     0.215814703902E-006
     0.498609538414E+000    -0.280000000871E+003    -0.184591625586E-007    -0.392853163682E-008     0.216003429640E-006
     0.508609538414E+000    -0.280000000718E+003    -0.110499342416E-007     0.451353971532E-009     0.216114021126E-006
     0.518609538414E+000    -0.280000051626E+003    -0.416967029213E-005     0.884272988825E-006     0.258738062539E-006
     0.528609538414E+000    -0.279999994890E+003     0.540746869082E-006    -0.140646630279E-006     0.264325446999E-006
     0.538609538414E+000    -0.280000001072E+003     0.391652093513E-007    -0.697295860992E-008     0.264723257981E-006
     0.548609538414E+000    -0.280000001473E+003    -0.166892646027E-007     0.281989556594E-008     0.264892516176E-006
     0.558609538414E+000    -0.280000012805E+003    -0.949541442621E-006     0.210086696437E-006     0.274617563072E-006
     0.568609538414E+000    -0.280000016496E+003    -0.124620387921E-005     0.257611798770E-006     0.287343080536E-006
     0.578609538414E+000    -0.280000004220E+003    -0.142535172431E-006     0.156891689176E-006     0.289462780456E-006
     0.588609538414E+000    -0.280000002358E+003    -0.329336168507E-006    -0.378920855946E-006     0.294483172144E-006
     0.598609538414E+000    -0.279999976252E+003     0.199235224293E-005    -0.488137243300E-006     0.314995961881E-006
     0.608609538414E+000    -0.279999996498E+003     0.330511991374E-006    -0.688770183670E-007     0.318372087177E-006
     0.618609538414E+000    -0.279999993756E+003     0.531964490397E-006    -0.133155412113E-006     0.323855850327E-006
     0.628609538414E+000    -0.279999999068E+003     0.161475470749E-006     0.537500853494E-007     0.325557713991E-006
     0.638609538414E+000    -0.279999985323E+003     0.125383417731E-005    -0.257127106522E-006     0.338356989334E-006
     0.648609538414E+000    -0.279999997842E+003     0.242084150203E-006     0.503286899316E-008     0.340778353940E-006
     0.658609538414E+000    -0.279999999835E+003     0.533610489762E-007    -0.596816707326E-008     0.341315291606E-006
     0.668609538414E+000    -0.279999991218E+003     0.829721856837E-006    -0.586359454159E-007     0.349633203205E-006
     0.678609538414E+000    -0.279999998845E+003     0.162604401462E-006     0.187780163567E-007     0.351270054001E-006
     0.688609538414E+000    -0.280000000008E+003     0.695557976042E-007     0.442463821591E-007     0.352094417472E-006
     0.698609538414E+000    -0.280000005633E+003    -0.434799854145E-006     0.621385206695E-007     0.356486593571E-006
     0.708609538414E+000    -0.280000001582E+003    -0.738495286047E-007     0.439352551787E-008     0.357226394622E-006
     0.718609538414E+000    -0.280000001191E+003    -0.408342513918E-007    -0.302736993111E-007     0.357734718628E-006
     0.728609538414E+000    -0.280000001177E+003    -0.102620917734E-007    -0.190882189633E-008     0.357839099723E-006
     0.738609538414E+000    -0.280000001256E+003    -0.702968610715E-007    -0.899096336024E-007     0.358980388069E-006
     0.748609538414E+000    -0.279999995870E+003     0.421866991005E-006    -0.101354239061E-006     0.363319102624E-006
     0.758609538414E+000    -0.279999997354E+003     0.295502755695E-006    -0.700331080152E-007     0.366355984492E-006
