nohup: ignoring input

 SADE algorithm is used: 

 pool_rate: 8 
 SelectedSize: 8 
 PoolSize: 16 
 radioactivity: 0.200000 
 local_radioactivity: 0.200000 
 gradient: 0 
 cross_rate: 0.500000 
 mutation_rate: 0.500000 
 mutagen_rate: 2000.000000 

.78194959268228261227
.04484917882542601711
.21871407408201991401
.00205181604987978923
313.62562578079366715084
.00079773029007941306
.00007355478906384114
.55313676134357259562
7.29478712060034201430
1.49537797354278841572
95.11436408034657216254
139.43241450136345104733
.00324990342001665368
.64780276756616334173
.00000989976043105362
.00092318584026126709
 ++       13 OBJs: -8.6857e-07 TMP: -8.6857e-07 
  -11.523.06558750983611265407
.00410988595103052431
.00327564658122453491
.00322723353324885311
.07526726247504215223
.54783562029354218813
313.68522031099310668278
22026.46579480671651695790
