 #        time                      h  [L]            Darcian flow [L.T^{-1}]   in    x         z              directions   cumulative flux
 #-----------------------------------------------------------------------------------------------

     0.100000000000E-006    -0.278500000000E+003     0.000000000000E+000     0.000000000000E+000     0.000000000000E+000
     0.205999994278E-006    -0.278500000000E+003    -0.144988295030E-013    -0.747017716868E-014     0.172887129266E-020
     0.318359982147E-006    -0.278500000000E+003    -0.289784415483E-013     0.282187458935E-015     0.498504300665E-020
     0.437461562859E-006    -0.278500000000E+003    -0.144796120453E-013     0.775236462762E-014     0.694120560710E-020
     0.563709231599E-006    -0.278500000000E+003    -0.145180469606E-013    -0.226927189650E-013     0.103422465280E-019
     0.697531753239E-006    -0.278500000000E+003    -0.145372644182E-013    -0.379152607613E-013     0.157763292299E-019
     0.839383618521E-006    -0.278500000000E+003    -0.290553113788E-013    -0.606079797262E-013     0.253105668985E-019
     0.989746587602E-006    -0.278500000000E+003    -0.435541408818E-013    -0.680781568949E-013     0.374626473908E-019
     0.114913132622E-005    -0.278500000000E+003    -0.580721878424E-013    -0.907708758599E-013     0.546375868927E-019
     0.131807914004E-005    -0.278500000000E+003    -0.870506293907E-013    -0.904886884010E-013     0.758511461460E-019
     0.149716381303E-005    -0.278500000000E+003    -0.870506293907E-013    -0.904886884010E-013     0.983375177406E-019
     0.168699355614E-005    -0.278500000000E+003    -0.870506293907E-013    -0.904886884010E-013     0.122173070344E-018
     0.188821307298E-005    -0.278500000000E+003    -0.870506293907E-013    -0.904886884010E-013     0.147438754740E-018
     0.210150574931E-005    -0.278500000000E+003    -0.101530241436E-012    -0.827363237734E-013     0.175374143024E-018
     0.232759597402E-005    -0.278500000000E+003    -0.101530241436E-012    -0.827363237734E-013     0.204985653007E-018
     0.256725159928E-005    -0.278500000000E+003    -0.870506293907E-013    -0.904886884010E-013     0.235077482500E-018
     0.282128654833E-005    -0.278500000000E+003    -0.725710173453E-013    -0.982410530286E-013     0.266104975755E-018
     0.309056357980E-005    -0.278500000000E+003    -0.725517998877E-013    -0.830185112323E-013     0.295793714133E-018
     0.337599721774E-005    -0.278500000000E+003    -0.725710173453E-013    -0.982410530286E-013     0.330656201790E-018
     0.367855685763E-005    -0.278500000000E+003    -0.580914053000E-013    -0.105993417656E-012     0.367226158738E-018
     0.399927005860E-005    -0.278500000000E+003    -0.580914053000E-013    -0.105993417656E-012     0.405990311011E-018
     0.433922603327E-005    -0.278500000000E+003    -0.435925757970E-013    -0.985232404875E-013     0.442615959179E-018
     0.469957934698E-005    -0.278500000000E+003    -0.435925757970E-013    -0.985232404875E-013     0.481439144140E-018
     0.508155383889E-005    -0.278500000000E+003    -0.435925757970E-013    -0.985232404875E-013     0.522591717978E-018
     0.548644677845E-005    -0.278500000000E+003    -0.291129637517E-013    -0.106275605115E-012     0.567207298700E-018
     0.591563327122E-005    -0.278500000000E+003    -0.146141342487E-013    -0.988054279465E-013     0.610074598382E-018
     0.637057092900E-005    -0.278500000000E+003    -0.146333517064E-013    -0.114027969743E-012     0.662375638867E-018
     0.685280482021E-005    -0.278500000000E+003    -0.146525691640E-013    -0.129250511539E-012     0.725103856254E-018
     0.736397271730E-005    -0.278500000000E+003    -0.192174576262E-015    -0.152225417963E-012     0.802916665045E-018
     0.790581065897E-005    -0.278500000000E+003     0.142490025538E-013    -0.190422866183E-012     0.906383456904E-018
     0.848015884613E-005    -0.278500000000E+003     0.141721327233E-013    -0.251313033368E-012     0.105095396935E-017
     0.908896789166E-005    -0.278500000000E+003     0.285364400229E-013    -0.350400648774E-012     0.126498731853E-017
     0.973430544509E-005    -0.278500000000E+003     0.427854425767E-013    -0.540823514957E-012     0.161509151697E-017
     0.104183632148E-004    -0.278500000000E+003     0.423626585090E-013    -0.875719434475E-012     0.221483470378E-017
     0.111434644115E-004    -0.278500000000E+003     0.416516125768E-013    -0.143895348094E-011     0.325865860809E-017
     0.119120716386E-004    -0.278500000000E+003     0.258844308705E-013    -0.245111141666E-011     0.514270560254E-017
     0.127267952553E-004    -0.278500000000E+003     0.380771654583E-013    -0.427034625505E-011     0.862199585300E-017
     0.135904022424E-004    -0.278500000000E+003     0.340030644416E-013    -0.749752511586E-011     0.150969775178E-016
     0.145058255993E-004    -0.278500000000E+003     0.124129930745E-013    -0.131221132159E-010     0.271092718220E-016
     0.154761743052E-004    -0.278500000000E+003     0.289769569963E-013    -0.229561574037E-010     0.493847671979E-016
     0.165047438780E-004    -0.278500000000E+003     0.507577183876E-013    -0.401352191021E-010     0.906666653750E-016
     0.175950275662E-004    -0.278500000000E+003     0.565111201187E-013    -0.700098806585E-010     0.166997321141E-015
     0.187507282134E-004    -0.278500000000E+003     0.107047095468E-012    -0.121798096600E-009     0.307759514572E-015
     0.199757708333E-004    -0.278499999999E+003     0.138940652367E-012    -0.211308053299E-009     0.566620941746E-015
     0.212743159403E-004    -0.278499999999E+003     0.204939258346E-012    -0.365621499177E-009     0.104139702509E-014
     0.226507736794E-004    -0.278499999998E+003     0.333595601781E-012    -0.630985362773E-009     0.190992183231E-014
     0.241098188040E-004    -0.278499999997E+003     0.541603715144E-012    -0.108599475614E-008     0.349443738373E-014
     0.256564065527E-004    -0.278499999995E+003     0.892177157615E-012    -0.186421451850E-008     0.637760904911E-014
     0.272957894778E-004    -0.278499999992E+003     0.147702155529E-011    -0.319141383574E-008     0.116095589586E-013
     0.290335352846E-004    -0.278499999986E+003     0.243836222042E-011    -0.544845915946E-008     0.210775969646E-013
     0.308755457403E-004    -0.278499999976E+003     0.404013444016E-011    -0.927560581638E-008     0.381633614826E-013
     0.328280767180E-004    -0.278499999960E+003     0.671007556539E-011    -0.157457482966E-007     0.689074255906E-013
     0.348977594427E-004    -0.278499999932E+003     0.112297382432E-010    -0.266500461681E-007     0.124064570652E-012
     0.370916230124E-004    -0.278499999885E+003     0.187065673298E-010    -0.449676591663E-007     0.222717488448E-012
     0.394171182707E-004    -0.278499999806E+003     0.310818184571E-010    -0.756341041700E-007     0.398604253916E-012
     0.418821431115E-004    -0.278499999673E+003     0.514057146770E-010    -0.126792398775E-006     0.711150692206E-012
     0.444950693017E-004    -0.278499999453E+003     0.846274872725E-010    -0.211818521648E-006     0.126461689916E-011
     0.472647709137E-004    -0.278499999088E+003     0.138534225887E-009    -0.352583325386E-006     0.224116757925E-011
     0.502006544641E-004    -0.278499998483E+003     0.225545887961E-009    -0.584676058900E-006     0.395770853055E-011
     0.533126908594E-004    -0.278499997488E+003     0.365130454858E-009    -0.965717593125E-006     0.696305704279E-011
     0.566114492604E-004    -0.278499995857E+003     0.587677729122E-009    -0.158850940668E-005     0.122031661517E-010
     0.601081329767E-004    -0.278499993194E+003     0.939971064402E-009    -0.260169699645E-005     0.213004782677E-010
     0.638146175159E-004    -0.278499988868E+003     0.149393124407E-008    -0.424200442119E-005     0.370234030450E-010
     0.677434909153E-004    -0.278499981872E+003     0.235885558430E-008    -0.688422175685E-005     0.640706403692E-010
     0.719080964939E-004    -0.278499970618E+003     0.369966624596E-008    -0.111181445752E-004     0.110373329854E-009
     0.763225781689E-004    -0.278499952605E+003     0.576294380124E-008    -0.178661400225E-004     0.189243081690E-009
     0.810019284919E-004    -0.278499923924E+003     0.891494514944E-008    -0.285614275429E-004     0.322892013397E-009
     0.859620395664E-004    -0.278499878507E+003     0.136943799779E-007    -0.454162913048E-004     0.548161873103E-009
     0.912197570216E-004    -0.278499806987E+003     0.208869248879E-007    -0.718222606399E-004     0.925783042509E-009
     0.967929372233E-004    -0.278499695002E+003     0.316289478093E-007    -0.112942052859E-003     0.155522948012E-008
     0.102700507918E-003    -0.278499520685E+003     0.475489495972E-007    -0.176577316029E-003     0.259837249549E-008
     0.108962532517E-003    -0.278499250971E+003     0.709611464892E-007    -0.274428794586E-003     0.431685241518E-008
     0.115600278233E-003    -0.278498836222E+003     0.105126344295E-006    -0.423908615037E-003     0.713065009519E-008
     0.122636288312E-003    -0.278498202470E+003     0.154600858153E-006    -0.650720297349E-003     0.117091247953E-007
     0.130094458593E-003    -0.278497240335E+003     0.225703556032E-006    -0.992493246945E-003     0.191113086256E-007
     0.138000118665E-003    -0.278495789324E+003     0.327134859657E-006    -0.150384705781E-002     0.310002125456E-007
     0.146380117888E-003    -0.278493615838E+003     0.470799703535E-006    -0.226336853565E-002     0.499672395271E-007
     0.155262916586E-003    -0.278490382646E+003     0.672898114825E-006    -0.338311132502E-002     0.800187369925E-007
     0.164678682697E-003    -0.278485606985E+003     0.955372226862E-006    -0.502137291201E-002     0.127298810743E-006
     0.174659394236E-003    -0.278478604283E+003     0.134746864692E-005    -0.739942793397E-002     0.201150367729E-006
     0.185238947896E-003    -0.278468410749E+003     0.188914357479E-005    -0.108241693480E-001     0.315665249916E-006
     0.196453274170E-003    -0.278453682501E+003     0.263378448952E-005    -0.157166549859E-001     0.491916949343E-006
     0.208340459379E-003    -0.278432562599E+003     0.365247002486E-005    -0.226487676164E-001     0.761147048256E-006
     0.220940875020E-003    -0.278402509366E+003     0.503883501870E-005    -0.323890667880E-001     0.116926275696E-005
     0.234297314879E-003    -0.278360077771E+003     0.691450648636E-005    -0.459592151878E-001     0.178311425752E-005
     0.248455140365E-003    -0.278300645510E+003     0.943460573237E-005    -0.647020722458E-001     0.269915491471E-005
     0.263462434571E-003    -0.278218075941E+003     0.127923949907E-004    -0.903621070923E-001     0.405524565444E-005
     0.279370165569E-003    -0.278104311666E+003     0.172215322442E-004    -0.125178057348E+000     0.604654453653E-005
     0.296232359518E-003    -0.277948895941E+003     0.229935544657E-004    -0.171986690549E+000     0.894661749504E-005
     0.314106284138E-003    -0.277738424802E+003     0.304071614354E-004    -0.234335049223E+000     0.131351045361E-004
     0.333052643213E-003    -0.277455941619E+003     0.397647025330E-004    -0.316596622495E+000     0.191334578751E-004
     0.353135782749E-003    -0.277080298399E+003     0.513302211519E-004    -0.424084440736E+000     0.276504049356E-004
     0.374423909507E-003    -0.276585525144E+003     0.652628571579E-004    -0.563151105279E+000     0.396388371294E-004
     0.396989322653E-003    -0.275940269967E+003     0.815198653918E-004    -0.741262238029E+000     0.563657258809E-004
     0.420908659296E-003    -0.275107397612E+003     0.997256449075E-004    -0.967025808722E+000     0.794963418655E-004
     0.446263154769E-003    -0.274043860010E+003     0.119007777856E-003    -0.125015541686E+001     0.111193401867E-003
     0.473138918520E-003    -0.272700974733E+003     0.137809266890E-003    -0.160134125047E+001     0.154230671158E-003
     0.501627226558E-003    -0.271025257288E+003     0.153700696135E-003    -0.203199907458E+001     0.212118886893E-003
     0.531824831448E-003    -0.268959930784E+003     0.163213984755E-003    -0.255387032717E+001     0.289239654131E-003
     0.563834290904E-003    -0.266447197087E+003     0.161700694535E-003    -0.317844708451E+001     0.390980027347E-003
     0.597764316095E-003    -0.263431369700E+003     0.143330881624E-003    -0.391616698269E+001     0.523855671812E-003
     0.633730140856E-003    -0.259862721647E+003     0.101295192805E-003    -0.477539039779E+001     0.695606526065E-003
     0.671853913045E-003    -0.255701772206E+003     0.282952365982E-004    -0.576119443480E+001     0.915244990236E-003
     0.712265109384E-003    -0.250923516890E+003    -0.825515869908E-004    -0.687409310694E+001     0.119303531645E-002
     0.755100975191E-003    -0.245520890877E+003    -0.236764236878E-003    -0.810889985587E+001     0.154038706267E-002
     0.800506990496E-003    -0.239507060730E+003    -0.438210820783E-003    -0.945387047061E+001     0.196964965040E-002
     0.848637364120E-003    -0.232916862817E+003    -0.687327657741E-003    -0.108900289492E+002     0.249379081355E-002
     0.899655557408E-003    -0.225806040643E+003    -0.979444643000E-003    -0.123913968283E+002     0.312597749402E-002
     0.953734839373E-003    -0.218248505254E+003    -0.130319110455E-002    -0.139261897650E+002     0.387909584033E-002
     0.101105887516E-002    -0.210331852545E+003    -0.163971704832E-002    -0.154590048156E+002     0.476526839063E-002
     0.107182234982E-002    -0.202151837024E+003    -0.196320105473E-002    -0.169536840492E+002     0.579543314860E-002
     0.113623162948E-002    -0.193806602615E+003    -0.224290339333E-002    -0.183763404518E+002     0.697904000869E-002
     0.120450546223E-002    -0.185394027109E+003    -0.250098671361E-002    -0.196972958290E+002     0.832384990064E-002
     0.127687572104E-002    -0.176999232409E+003    -0.256456453424E-002    -0.208950903225E+002     0.983603300656E-002
     0.135358819124E-002    -0.168696027118E+003    -0.252483948264E-002    -0.219561133299E+002     0.115203407072E-001
     0.143490340526E-002    -0.160551590285E+003    -0.238470964651E-002    -0.228722781961E+002     0.133802049140E-001
     0.152109752747E-002    -0.152617143683E+003    -0.219823209987E-002    -0.236426848468E+002     0.154180653899E-001
     0.161246329208E-002    -0.144934083277E+003    -0.180810964739E-002    -0.242697808813E+002     0.176354924832E-001
     0.170931099734E-002    -0.137537082482E+003    -0.114677977487E-002    -0.247577880175E+002     0.200332274425E-001
     0.181196955938E-002    -0.130446304282E+003    -0.463067540150E-003    -0.251148686043E+002     0.226114837395E-001
     0.192078762926E-002    -0.123674231365E+003    -0.329384411116E-003    -0.253507046339E+002     0.253700984881E-001
     0.203613477710E-002    -0.117226157061E+003    -0.125677593636E-003    -0.254769836793E+002     0.283087958913E-001
     0.215840274722E-002    -0.111103252407E+003     0.120852639136E-003    -0.255043580038E+002     0.314271619736E-001
     0.228800678855E-002    -0.105301144803E+003     0.340588461638E-003    -0.254440480881E+002     0.347248134339E-001
     0.242538706494E-002    -0.998094880809E+002     0.446697533959E-003    -0.253089842891E+002     0.382017686913E-001
     0.257101015006E-002    -0.946178321861E+002     0.538588521351E-003    -0.251076572601E+002     0.418580232023E-001
     0.272537061195E-002    -0.897101357277E+002     0.501707317655E-003    -0.248523706846E+002     0.456942466210E-001
     0.288899269272E-002    -0.850662410742E+002     0.426916747627E-003    -0.245550195930E+002     0.497119900208E-001
     0.306243208897E-002    -0.806715627555E+002     0.342286774449E-003    -0.242213998738E+002     0.539129349917E-001
     0.324627783907E-002    -0.765174720814E+002     0.240026928569E-003    -0.238543197725E+002     0.582984503038E-001
     0.344115432366E-002    -0.725878758379E+002     0.201580819336E-004    -0.234636195429E+002     0.628709579961E-001
     0.364772338618E-002    -0.688722122032E+002    -0.316976259118E-003    -0.230492674729E+002     0.676322235701E-001
     0.386668658063E-002    -0.653639569501E+002    -0.338834086896E-003    -0.226134077154E+002     0.725837275613E-001
     0.409878755421E-002    -0.620488737048E+002     0.121962963221E-003    -0.221632037746E+002     0.777278287352E-001
     0.434481457293E-002    -0.589124507370E+002     0.116099167080E-003    -0.217039130267E+002     0.830675777518E-001
     0.460560319869E-002    -0.559388043435E+002     0.627585018343E-003    -0.212426555927E+002     0.886074207138E-001
     0.488203912708E-002    -0.531184086163E+002     0.236117541567E-003    -0.207768816881E+002     0.943508972926E-001
     0.517506119535E-002    -0.504493503677E+002     0.139345272264E-003    -0.203066428426E+002     0.100301191778E+000
     0.548566457095E-002    -0.479222314208E+002     0.996220711503E-004    -0.198343507284E+002     0.106461808067E+000
     0.581490413132E-002    -0.455329816466E+002    -0.141785928908E-003    -0.193601279887E+002     0.112835928095E+000
     0.616389804647E-002    -0.432698410992E+002    -0.176251055475E-003    -0.188876430150E+002     0.119427600579E+000
     0.653383157655E-002    -0.411243901397E+002    -0.192725928829E-003    -0.184204757644E+002     0.126241952205E+000
     0.692596109728E-002    -0.390839857842E+002    -0.282847101412E-003    -0.179607368246E+002     0.133284887329E+000
     0.734161836681E-002    -0.371379016550E+002    -0.502088454589E-003    -0.175111280912E+002     0.140563515020E+000
     0.778221504872E-002    -0.352854188181E+002    -0.755239112747E-003    -0.170682478162E+002     0.148083728382E+000
     0.824924750635E-002    -0.335300921462E+002    -0.815447808724E-003    -0.166281091280E+002     0.155849595063E+000
     0.874430188470E-002    -0.318635576592E+002    -0.857020798662E-003    -0.161939463362E+002     0.163866479111E+000
     0.926905949743E-002    -0.302758329088E+002    -0.872557921325E-003    -0.157696994819E+002     0.172141748977E+000
     0.982530253690E-002    -0.287508056659E+002    -0.598003342228E-003    -0.153609541934E+002     0.180686172833E+000
     0.104149201269E-001    -0.273013036064E+002    -0.101592343796E-002    -0.149564600362E+002     0.189504764775E+000
     0.110399147386E-001    -0.259302031114E+002    -0.156245131596E-002    -0.145534470877E+002     0.198600590838E+000
     0.117024089912E-001    -0.246211365730E+002    -0.150415827656E-002    -0.141625233822E+002     0.207983181234E+000
     0.124046528610E-001    -0.233785190908E+002    -0.156473495171E-002    -0.137775886887E+002     0.217658408495E+000
     0.131490313229E-001    -0.221971789758E+002    -0.182738825482E-002    -0.134003499907E+002     0.227633340502E+000
     0.139380724499E-001    -0.210607780131E+002    -0.161639830213E-002    -0.130366095510E+002     0.237919761673E+000
     0.147744559993E-001    -0.199739918278E+002    -0.125077218792E-002    -0.126821429396E+002     0.248526897451E+000
     0.156610225139E-001    -0.189232361857E+002    -0.965431631982E-003    -0.123386636909E+002     0.259465943547E+000
     0.166007829686E-001    -0.179266833259E+002    -0.154231828109E-002    -0.119957131290E+002     0.270739040465E+000
     0.175969289968E-001    -0.169718021509E+002    -0.177520912373E-002    -0.116565491362E+002     0.282350665724E+000
     0.186528437297E-001    -0.160468849994E+002    -0.170626561101E-002    -0.113246209818E+002     0.294308499999E+000
     0.197721132861E-001    -0.151353430797E+002    -0.105142093309E-002    -0.110030097397E+002     0.306623833887E+000
     0.209585389519E-001    -0.142414562667E+002    -0.190781906315E-002    -0.106800134737E+002     0.319294876185E+000
     0.222161500898E-001    -0.133653883767E+002    -0.207676365276E-002    -0.103445191056E+002     0.332304258890E+000
     0.235492178240E-001    -0.124939096965E+002    -0.227229254477E-002    -0.100000204489E+002     0.345634963836E+000
     0.249622695459E-001    -0.116114240123E+002    -0.202757060554E-002    -0.963818939797E+001     0.359254224262E+000
     0.264601042903E-001    -0.106945300189E+002    -0.568506880951E-004    -0.926599542540E+001     0.373133154152E+000
     0.280478090337E-001    -0.970845776116E+001    -0.178311399694E-002    -0.886568001228E+001     0.387209236646E+000
     0.297307759708E-001    -0.868191951490E+001    -0.198669380131E-002    -0.842614813347E+001     0.401390165756E+000
     0.315147208278E-001    -0.759203772012E+001    -0.372446475819E-002    -0.796004832852E+001     0.415590454588E+000
     0.334057022742E-001    -0.642972648303E+001    -0.472616440524E-002    -0.742996514544E+001     0.429640383667E+000
     0.354101424992E-001    -0.522441834857E+001    -0.392543380143E-002    -0.686959906597E+001     0.443410086612E+000
     0.375348490229E-001    -0.398305886581E+001    -0.523739237577E-002    -0.627657962222E+001     0.456745980925E+000
     0.397870378166E-001    -0.275359844476E+001    -0.445035704123E-002    -0.565993277819E+001     0.469493222042E+000
     0.421743578089E-001    -0.160698471620E+001    -0.272962414126E-002    -0.505094346171E+001     0.481551442109E+000
     0.447049168642E-001    -0.635198925037E+000     0.181999980707E-002    -0.451912471601E+001     0.492987355008E+000
     0.473873093180E-001     0.415350276811E-001     0.866066378269E-002    -0.426663272367E+001     0.504432162008E+000
     0.502306451656E-001     0.487080132768E+000     0.893686250133E-002    -0.372232121187E+001     0.515016001849E+000
     0.530739810132E-001     0.740900099045E+000     0.116095090196E-001    -0.353608602684E+001     0.525070336197E+000
     0.559173168607E-001     0.880579211259E+000     0.107640399736E-001    -0.343543707148E+001     0.534838485522E+000
     0.589312526964E-001     0.984994267767E+000     0.695031057950E-002    -0.335883886809E+001     0.544961832026E+000
     0.621260245098E-001     0.106802406010E+001     0.335467699019E-002    -0.329906053370E+001     0.555501583079E+000
     0.655124824492E-001     0.115638291584E+001    -0.126875110696E-002    -0.323453297784E+001     0.566455193805E+000
     0.691021276712E-001     0.127164709262E+001    -0.355426012246E-002    -0.315182553682E+001     0.577769136477E+000
     0.726917728932E-001     0.133664122695E+001    -0.349496959264E-002    -0.309851967654E+001     0.588891729905E+000
     0.764967966231E-001     0.142742088427E+001    -0.745187985833E-003    -0.303362476523E+001     0.600434744473E+000
     0.805301215591E-001     0.150140661496E+001     0.208547855789E-002    -0.297770671342E+001     0.612444806157E+000
     0.848054457604E-001     0.156055356420E+001     0.503133804470E-002    -0.293332132663E+001     0.624985724263E+000
     0.893372891692E-001     0.160979484797E+001     0.826637578629E-002    -0.289705702644E+001     0.638114786500E+000
     0.941410429232E-001     0.165302621360E+001     0.800638818306E-002    -0.286503903448E+001     0.651877782256E+000
     0.992330216276E-001     0.169902678769E+001     0.587216854189E-002    -0.283104367732E+001     0.666293427383E+000
     0.104630518763E+000     0.175024266558E+001     0.195247624916E-002    -0.279350152358E+001     0.681371347536E+000
     0.110351865417E+000     0.181112294000E+001    -0.188421795431E-002    -0.274861103949E+001     0.697097107807E+000
     0.116416492544E+000     0.187631352114E+001    -0.749225128028E-002    -0.269987323969E+001     0.713470895340E+000
     0.122844996951E+000     0.194156819365E+001    -0.998041850685E-002    -0.265192773814E+001     0.730518945221E+000
     0.129659211254E+000     0.199951868263E+001    -0.103026211166E-001    -0.260924251562E+001     0.748299021493E+000
     0.136882278026E+000     0.204558101683E+001    -0.723498962484E-002    -0.257479277061E+001     0.766896995021E+000
     0.144538728391E+000     0.208803626645E+001    -0.359793994286E-002    -0.254264158559E+001     0.786364623607E+000
     0.152195178756E+000     0.213813177054E+001     0.364864935853E-002    -0.250704372422E+001     0.805559699772E+000
     0.159851629121E+000     0.215102140645E+001     0.594242866726E-002    -0.249478786646E+001     0.824660973429E+000
     0.167967466070E+000     0.217429655340E+001     0.830876177197E-002    -0.247743996024E+001     0.844767585273E+000
     0.176570252771E+000     0.219768364912E+001     0.100219479828E-001    -0.246036585031E+001     0.865933763485E+000
     0.185689206182E+000     0.222123776603E+001     0.993859678684E-002    -0.244266181599E+001     0.888208467158E+000
     0.195355296276E+000     0.225227681483E+001     0.727518143144E-002    -0.242016078150E+001     0.911602065011E+000
     0.205355296276E+000     0.228665220467E+001     0.329935600591E-002    -0.239517468111E+001     0.935553834546E+000
     0.215355296276E+000     0.232240490577E+001    -0.106008883024E-002    -0.236894763397E+001     0.959243313258E+000
     0.225355296276E+000     0.235778557823E+001    -0.461686345676E-002    -0.234291201030E+001     0.982672478850E+000
     0.235355296276E+000     0.238791060506E+001    -0.700797004190E-002    -0.232050908308E+001     0.100587767550E+001
     0.245355296276E+000     0.241603108854E+001    -0.633295777977E-002    -0.229965607194E+001     0.102887432342E+001
     0.255355296276E+000     0.244145220883E+001    -0.501483768286E-002    -0.228066889402E+001     0.105168106750E+001
     0.265355296276E+000     0.246319396155E+001    -0.265053225302E-002    -0.226387083399E+001     0.107431979135E+001
     0.275355296276E+000     0.248623597047E+001     0.151551150549E-003    -0.224633060959E+001     0.109678309750E+001
     0.285355296276E+000     0.251424640800E+001     0.335832075766E-002    -0.222585938294E+001     0.111904171666E+001
     0.295355296276E+000     0.253326952629E+001     0.538104424729E-002    -0.221162955952E+001     0.114115807772E+001
     0.305355296276E+000     0.254878204241E+001     0.648785568475E-002    -0.220022716054E+001     0.116316044498E+001
     0.315355296276E+000     0.255905822968E+001     0.624729435168E-002    -0.219257561226E+001     0.118508629010E+001
     0.325355296276E+000     0.256905743612E+001     0.572466036637E-002    -0.218520450866E+001     0.120693841018E+001
     0.335355296276E+000     0.257862459671E+001     0.499182556576E-002    -0.217811596780E+001     0.122871962706E+001
     0.345355296276E+000     0.258975821059E+001     0.398138218835E-002    -0.216988619461E+001     0.125041852553E+001
     0.355355296276E+000     0.260071680300E+001     0.270833478994E-002    -0.216198911392E+001     0.127203843363E+001
     0.365355296276E+000     0.261266488977E+001     0.113271409229E-002    -0.215331046463E+001     0.129357154126E+001
     0.375355296276E+000     0.262383277662E+001    -0.388570611111E-004    -0.214476584501E+001     0.131501919971E+001
     0.385355296276E+000     0.263737030000E+001    -0.978809232251E-003    -0.213497749133E+001     0.133636897687E+001
     0.395355296276E+000     0.264957075425E+001    -0.121484161598E-002    -0.212604451070E+001     0.135762942544E+001
     0.405355296276E+000     0.266135460888E+001    -0.187351046126E-002    -0.211750148645E+001     0.137880444860E+001
     0.415355296276E+000     0.267207475960E+001    -0.200070220056E-002    -0.210960837642E+001     0.139990054185E+001
     0.425355296276E+000     0.268273254158E+001    -0.216931720742E-002    -0.210173231632E+001     0.142091787621E+001
     0.435355296276E+000     0.269357115530E+001    -0.233919714366E-002    -0.209360505176E+001     0.144185393979E+001
     0.445355296276E+000     0.270715737828E+001     0.289336572673E-004    -0.208251256411E+001     0.146267906544E+001
     0.455355296276E+000     0.271717416343E+001    -0.125905326827E-002    -0.207597286904E+001     0.148343879794E+001
     0.465355296276E+000     0.272882460566E+001    -0.815283425063E-003    -0.206719012234E+001     0.150411070078E+001
     0.475355296276E+000     0.274091875933E+001     0.354356853339E-003    -0.205784912932E+001     0.152468919237E+001
     0.485355296276E+000     0.275658339902E+001     0.137492760105E-002    -0.204765496344E+001     0.154516574662E+001
     0.495355296276E+000     0.276672840465E+001     0.276672849799E-002    -0.204040787438E+001     0.156556984413E+001
     0.505355296276E+000     0.277011166656E+001     0.237925375277E-002    -0.203587429853E+001     0.158592860101E+001
     0.515355296276E+000     0.278060472441E+001     0.427412305378E-002    -0.202987429761E+001     0.160622738899E+001
     0.525355296276E+000     0.278555315422E+001     0.425655896744E-002    -0.202591447182E+001     0.162648657842E+001
     0.535355296276E+000     0.278805978065E+001     0.356616477990E-002    -0.202409513959E+001     0.164672756123E+001
     0.545355296276E+000     0.278694993480E+001     0.253336296178E-002    -0.202363442231E+001     0.166696392131E+001
     0.555355296276E+000     0.278846499231E+001     0.251204278566E-002    -0.202316586235E+001     0.168719559553E+001
     0.565355296276E+000     0.277948906507E+001     0.223269419170E-002    -0.202754320976E+001     0.170747103992E+001
     0.575355296276E+000     0.278464613279E+001     0.212255415215E-002    -0.202443685370E+001     0.172771541959E+001
     0.585355296276E+000     0.278940724038E+001     0.149627879900E-002    -0.202119705557E+001     0.174792739568E+001
     0.595355296276E+000     0.278684395478E+001     0.637556575713E-003    -0.202197654539E+001     0.176814716214E+001
     0.605355296276E+000     0.279529226569E+001     0.686142781792E-003    -0.201598300487E+001     0.178830699336E+001
     0.615355296276E+000     0.280190174649E+001    -0.415080768746E-003    -0.201102040537E+001     0.180841719784E+001
     0.625355296276E+000     0.280813887052E+001    -0.599714175469E-003    -0.200727000287E+001     0.182848989876E+001
     0.635355296276E+000     0.281401978680E+001    -0.934428411266E-003    -0.200306541200E+001     0.184852055506E+001
     0.645355296276E+000     0.282433158188E+001    -0.366861595069E-003    -0.199348453344E+001     0.186845540074E+001
     0.655355296276E+000     0.283322902794E+001    -0.463544760757E-003    -0.198779461430E+001     0.188833334742E+001
     0.665355296276E+000     0.284175275110E+001    -0.521546095070E-003    -0.198145988649E+001     0.190814794697E+001
     0.675355296276E+000     0.284902659408E+001    -0.767509397174E-003    -0.197574720557E+001     0.192790542052E+001
     0.685355296276E+000     0.285568192848E+001    -0.517052136597E-003    -0.197087615163E+001     0.194761418271E+001
     0.695355296276E+000     0.285905554442E+001    -0.950538569820E-003    -0.196809287183E+001     0.196729511372E+001
     0.705355296276E+000     0.286335484080E+001    -0.804905324366E-003    -0.196493890045E+001     0.198694450438E+001
     0.715355296276E+000     0.286993145645E+001    -0.492090306330E-003    -0.196034663616E+001     0.200654797136E+001
     0.725355296276E+000     0.289867065358E+001     0.100174046252E-003    -0.194136470938E+001     0.202596161848E+001
     0.735355296276E+000     0.289341752055E+001    -0.128591834802E-003    -0.194439235242E+001     0.204540554204E+001
     0.745355296276E+000     0.290858662220E+001     0.619956515467E-003    -0.193397108534E+001     0.206474525389E+001
     0.755355296276E+000     0.290364612859E+001     0.337329652565E-003    -0.193672999488E+001     0.208411255413E+001
