 #        time                      h  [L]            Darcian flow [L.T^{-1}]   in    x         z              directions   cumulative flux
 #-----------------------------------------------------------------------------------------------

     0.100000000000E-006    -0.280000000000E+003     0.358553822981E-014    -0.199150762110E-014     0.410148595052E-021
     0.205999994278E-006    -0.280000000000E+003     0.358553822981E-014     0.249181489700E-015     0.791132331918E-021
     0.318359982147E-006    -0.280000000000E+003     0.358553822981E-014     0.248987060050E-014     0.128161347347E-020
     0.437461562859E-006    -0.280000000000E+003     0.179276911491E-014     0.124493530025E-014     0.154156846446E-020
     0.563709231599E-006    -0.280000000000E+003     0.179276911491E-014     0.124493530025E-014     0.181712074003E-020
     0.697531753239E-006    -0.280000000000E+003     0.179276911491E-014     0.124493530025E-014     0.210920613637E-020
     0.839383618521E-006    -0.280000000000E+003     0.358553822981E-014     0.473055971130E-014     0.295121710501E-020
     0.989746587602E-006    -0.280000000000E+003     0.179276911491E-014     0.572631352184E-014     0.385345365500E-020
     0.114913132622E-005    -0.280000000000E+003     0.179276911491E-014     0.348562441105E-014     0.447818487692E-020
     0.131807914004E-005    -0.280000000000E+003     0.358553822981E-014     0.697124882209E-014     0.580261499589E-020
     0.149716381303E-005    -0.280000000000E+003     0.537830734472E-014     0.597549501154E-014     0.724235698301E-020
     0.168699355614E-005    -0.280000000000E+003     0.717107645963E-014     0.722043031179E-014     0.917413883737E-020
     0.188821307298E-005    -0.280000000000E+003     0.717107645963E-014     0.117018085334E-013     0.119357376854E-019
     0.210150574931E-005    -0.280000000000E+003     0.358553822981E-014     0.136933161545E-013     0.149548877338E-019
     0.232759597402E-005    -0.280000000000E+003     0.358553822981E-014     0.136933161545E-013     0.181551866125E-019
     0.256725159928E-005    -0.280000000000E+003     0.537830734472E-014     0.149382514547E-013     0.219601870305E-019
     0.282128654833E-005    -0.280000000000E+003     0.537830734472E-014     0.171789405655E-013     0.265331138105E-019
     0.309056357980E-005    -0.280000000000E+003     0.358553822981E-014     0.204153834869E-013     0.321146490373E-019
     0.337599721774E-005    -0.280000000000E+003     0.717107645963E-014     0.229052540874E-013     0.389655023377E-019
     0.367855685763E-005    -0.280000000000E+003     0.537830734472E-014     0.216603187871E-013     0.457180451630E-019
     0.399927005860E-005    -0.280000000000E+003     0.179276911491E-014     0.191704481866E-013     0.518930870235E-019
     0.433922603327E-005    -0.280000000000E+003     0.179276911491E-014     0.191704481866E-013     0.584386310422E-019
     0.469957934698E-005    -0.280000000000E+003     0.246964747268E-029     0.201662019972E-013     0.657055887567E-019
     0.508155383889E-005    -0.280000000000E+003    -0.179276911491E-014     0.189212666969E-013     0.729653991506E-019
     0.548644677845E-005    -0.280000000000E+003     0.179276911491E-014     0.169297590758E-013     0.798584652665E-019
     0.591563327122E-005    -0.280000000000E+003     0.537830734472E-014     0.149382514547E-013     0.866726378221E-019
     0.637057092900E-005    -0.280000000000E+003     0.164643164845E-029     0.134441346648E-013     0.927888809573E-019
     0.685280482021E-005    -0.280000000000E+003     0.179276911491E-014     0.146890699650E-013     0.999250105619E-019
     0.736397271730E-005    -0.280000000000E+003     0.358553822981E-014     0.181746943761E-013     0.109394395511E-018
     0.790581065897E-005    -0.280000000000E+003     0.537830734472E-014     0.171789405655E-013     0.119148113427E-018
     0.848015884613E-005    -0.280000000000E+003     0.537830734472E-014     0.171789405655E-013     0.129487053860E-018
     0.908896789166E-005    -0.280000000000E+003     0.358553822981E-014     0.159340052653E-013     0.139430391288E-018
     0.973430544509E-005    -0.280000000000E+003     0.358553822981E-014     0.159340052653E-013     0.149970328393E-018
     0.104183632148E-004    -0.280000000000E+003     0.537830734472E-014     0.171789405655E-013     0.162284169878E-018
     0.111434644115E-004    -0.280000000000E+003     0.537830734472E-014     0.171789405655E-013     0.175336841147E-018
     0.119120716386E-004    -0.280000000000E+003     0.537830734472E-014     0.171789405655E-013     0.189172671945E-018
     0.127267952553E-004    -0.280000000000E+003     0.537830734472E-014     0.171789405655E-013     0.203838651799E-018
     0.135904022424E-004    -0.280000000000E+003     0.358553822981E-014     0.181746943761E-013     0.219836970654E-018
     0.145058255993E-004    -0.280000000000E+003     0.179276911491E-014     0.191704481866E-013     0.237462617280E-018
     0.154761743052E-004    -0.280000000000E+003     0.246964747268E-029     0.201662019972E-013     0.257030865292E-018
     0.165047438780E-004    -0.280000000000E+003    -0.179276911491E-014     0.234026449185E-013     0.281172640175E-018
     0.175950275662E-004    -0.280000000000E+003    -0.179276911491E-014     0.234026449185E-013     0.306762920170E-018
     0.187507282134E-004    -0.280000000000E+003     0.179276911491E-014     0.236518264082E-013     0.334175762248E-018
     0.199757708333E-004    -0.280000000000E+003     0.179276911491E-014     0.236518264082E-013     0.363233373282E-018
     0.212743159403E-004    -0.280000000000E+003     0.358553822981E-014     0.226560725977E-013     0.393019453762E-018
     0.226507736794E-004    -0.280000000000E+003     0.179276911491E-014     0.214111372974E-013     0.422594108842E-018
     0.241098188040E-004    -0.280000000000E+003     0.274405274742E-029     0.224068911080E-013     0.455286774072E-018
     0.256564065527E-004    -0.280000000000E+003     0.179276911491E-014     0.214111372974E-013     0.488516852932E-018
     0.272957894778E-004    -0.280000000000E+003     0.179276911491E-014     0.214111372974E-013     0.523740734622E-018
     0.290335352846E-004    -0.280000000000E+003     0.358553822981E-014     0.248967617085E-013     0.567451340208E-018
     0.308755457403E-004    -0.280000000000E+003     0.358553822981E-014     0.248967617085E-013     0.613784579628E-018
     0.328280767180E-004    -0.280000000000E+003     0.301845802217E-029     0.246475802188E-013     0.661909743531E-018
     0.348977594427E-004    -0.280000000000E+003    -0.179276911491E-014     0.278840231401E-013     0.719739981351E-018
     0.370916230124E-004    -0.280000000000E+003     0.179276911491E-014     0.303738937406E-013     0.786492131491E-018
     0.394171182707E-004    -0.280000000000E+003     0.356726857165E-029     0.291289584404E-013     0.854231386225E-018
     0.418821431115E-004    -0.280000000000E+003     0.356726857165E-029     0.291289584404E-013     0.926034992366E-018
     0.444950693017E-004    -0.280000000000E+003     0.179276911491E-014     0.281332046298E-013     0.999694082577E-018
     0.472647709137E-004    -0.280000000000E+003     0.179276911491E-014     0.258925155190E-013     0.107158031965E-017
     0.502006544641E-004    -0.280000000000E+003    -0.179276911491E-014     0.256433340293E-013     0.114704992321E-017
     0.533126908594E-004    -0.280000000000E+003     0.329286329691E-029     0.268882693296E-013     0.123072719597E-017
     0.566114492604E-004    -0.280000000000E+003    -0.358553822981E-014     0.288797769507E-013     0.132672603051E-017
     0.601081329767E-004    -0.280000000000E+003    -0.179276911491E-014     0.278840231401E-013     0.142442895304E-017
     0.638146175159E-004    -0.280000000000E+003    -0.717107645963E-014     0.263899063502E-013     0.152578971717E-017
     0.677434909153E-004    -0.280000000000E+003    -0.717107645963E-014     0.263899063502E-013     0.163323212135E-017
     0.719080964939E-004    -0.280000000000E+003    -0.537830734472E-014     0.298755307612E-013     0.175965198228E-017
     0.763225781689E-004    -0.280000000000E+003    -0.537830734472E-014     0.298755307612E-013     0.189365702764E-017
     0.810019284919E-004    -0.280000000000E+003    -0.717107645963E-014     0.263899063502E-013     0.202162262937E-017
     0.859620395664E-004    -0.280000000000E+003    -0.537830734472E-014     0.276348416504E-013     0.216126633256E-017
     0.912197570216E-004    -0.280000000000E+003    -0.717107645963E-014     0.308712845718E-013     0.232790035799E-017
     0.967929372233E-004    -0.280000000000E+003    -0.107566146894E-013     0.283814139713E-013     0.249705435736E-017
     0.102700507918E-003    -0.280000000000E+003    -0.107566146894E-013     0.261407248605E-013     0.266404564014E-017
     0.108962532517E-003    -0.280000000000E+003    -0.107566146894E-013     0.283814139713E-013     0.285410705332E-017
     0.115600278233E-003    -0.280000000000E+003    -0.896384557453E-014     0.296263492715E-013     0.305956336184E-017
     0.122636288312E-003    -0.280000000000E+003    -0.896384557453E-014     0.318670383823E-013     0.329248172287E-017
     0.130094458593E-003    -0.280000000000E+003    -0.537830734472E-014     0.321162198720E-013     0.353534541984E-017
     0.138000118665E-003    -0.280000000000E+003    -0.537830734472E-014     0.343569089828E-013     0.381026733589E-017
     0.146380117888E-003    -0.280000000000E+003    -0.717107645963E-014     0.375933519042E-013     0.413097992884E-017
     0.155262916586E-003    -0.280000000000E+003    -0.896384557453E-014     0.385891057147E-013     0.448288560764E-017
     0.164678682697E-003    -0.280000000000E+003    -0.896384557453E-014     0.363484166039E-013     0.483538728388E-017
     0.174659394236E-003    -0.280000000000E+003    -0.717107645963E-014     0.398340410150E-013     0.523935036144E-017
     0.185238947896E-003    -0.280000000000E+003    -0.717107645963E-014     0.420747301258E-013     0.569090118568E-017
     0.196453274170E-003    -0.280000000000E+003    -0.896384557453E-014     0.408297948255E-013     0.615968452755E-017
     0.208340459379E-003    -0.280000000000E+003    -0.717107645963E-014     0.398340410150E-013     0.664081093841E-017
     0.220940875020E-003    -0.280000000000E+003    -0.717107645963E-014     0.375933519042E-013     0.712304391539E-017
     0.234297314879E-003    -0.280000000000E+003    -0.537830734472E-014     0.388382872044E-013     0.764673538409E-017
     0.248455140365E-003    -0.280000000000E+003    -0.896384557453E-014     0.363484166039E-013     0.817676737054E-017
     0.263462434571E-003    -0.280000000000E+003    -0.896384557453E-014     0.363484166039E-013     0.873860124585E-017
     0.279370165569E-003    -0.280000000000E+003    -0.896384557453E-014     0.363484166039E-013     0.933414512154E-017
     0.296232359518E-003    -0.280000000000E+003    -0.896384557453E-014     0.341077274931E-013     0.992880649935E-017
     0.314106284138E-003    -0.280000000000E+003    -0.717107645963E-014     0.353526627934E-013     0.105735660850E-016
     0.333052643213E-003    -0.280000000000E+003    -0.717107645963E-014     0.331119736826E-013     0.112154611079E-016
     0.353135782749E-003    -0.280000000000E+003    -0.537830734472E-014     0.365975980936E-013     0.119583500875E-016
     0.374423909507E-003    -0.280000000000E+003    -0.358553822981E-014     0.378425333939E-013     0.127675547186E-016
     0.396989322653E-003    -0.280000000000E+003    -0.179276911491E-014     0.390874686941E-013     0.136505068473E-016
     0.420908659296E-003    -0.280000000000E+003    -0.179276911491E-014     0.368467795833E-013     0.145328999575E-016
     0.446263154769E-003    -0.280000000000E+003     0.493929494536E-029     0.403324039944E-013     0.155555077120E-016
     0.473138918520E-003    -0.280000000000E+003     0.358553822981E-014     0.405815854841E-013     0.166504176076E-016
     0.501627226558E-003    -0.280000000000E+003     0.537830734472E-014     0.373451425627E-013     0.177252939143E-016
     0.531824831448E-003    -0.280000000000E+003     0.358553822981E-014     0.316188290409E-013     0.186862263208E-016
     0.563834290904E-003    -0.280000000000E+003     0.358553822981E-014     0.293781399301E-013     0.196335825950E-016
     0.597764316095E-003    -0.280000000000E+003     0.179276911491E-014     0.303738937406E-013     0.206659631710E-016
     0.633730140856E-003    -0.280000000000E+003     0.358553822981E-014     0.293781399301E-013     0.217304125659E-016
     0.671853913045E-003    -0.280000000000E+003     0.358553822981E-014     0.248967617085E-013     0.226893636179E-016
     0.712265109384E-003    -0.280000000000E+003     0.537830734472E-014     0.239010078979E-013     0.236793837992E-016
     0.755100975191E-003    -0.280000000000E+003     0.358553822981E-014     0.248967617085E-013     0.247568610849E-016
     0.800506990496E-003    -0.280000000000E+003     0.717107645963E-014     0.229052540874E-013     0.258466763991E-016
     0.848637364120E-003    -0.280000000000E+003     0.537830734472E-014     0.239010078979E-013     0.270258060843E-016
     0.899655557408E-003    -0.280000000000E+003     0.537830734472E-014     0.239010078979E-013     0.282756834833E-016
     0.953734839373E-003    -0.280000000000E+003     0.537830734472E-014     0.239010078979E-013     0.296005534546E-016
     0.101105887516E-002    -0.280000000000E+003     0.537830734472E-014     0.239010078979E-013     0.310049155484E-016
     0.107182234982E-002    -0.280000000000E+003     0.717107645963E-014     0.251459431982E-013     0.325937878069E-016
     0.113623162948E-002    -0.280000000000E+003     0.107566146894E-013     0.231544355771E-013     0.342382219905E-016
     0.120450546223E-002    -0.280000000000E+003     0.107566146894E-013     0.276358137987E-013     0.362629100575E-016
     0.127687572104E-002    -0.280000000000E+003     0.896384557453E-014     0.263908784984E-013     0.382799887395E-016
     0.135358819124E-002    -0.280000000000E+003     0.717107645963E-014     0.229052540874E-013     0.401212078874E-016
     0.143490340526E-002    -0.280000000000E+003     0.717107645963E-014     0.229052540874E-013     0.420729000789E-016
     0.152109752747E-002    -0.280000000000E+003     0.358553822981E-014     0.226560725977E-013     0.440500243600E-016
     0.161246329208E-002    -0.280000000000E+003     0.537830734472E-014     0.216603187871E-013     0.460891305624E-016
     0.170931099734E-002    -0.280000000000E+003     0.358553822981E-014     0.226560725977E-013     0.483106271648E-016
     0.181196955938E-002    -0.280000000000E+003     0.358553822981E-014     0.204153834869E-013     0.504385189393E-016
     0.192078762926E-002    -0.280000000000E+003     0.358553822981E-014     0.181746943761E-013     0.524543736106E-016
     0.203613477710E-002    -0.280000000000E+003    -0.179276911491E-014     0.166805775861E-013     0.543895113226E-016
     0.215840274722E-002    -0.280000000000E+003    -0.537830734472E-014     0.141907069856E-013     0.562450153071E-016
     0.228800678855E-002    -0.280000000000E+003    -0.537830734472E-014     0.141907069856E-013     0.582118494245E-016
     0.242538706494E-002    -0.280000000000E+003    -0.537830734472E-014     0.119500178748E-013     0.600121555300E-016
     0.257101015006E-002    -0.280000000000E+003    -0.358553822981E-014     0.871357495349E-014     0.613842810641E-016
     0.272537061195E-002    -0.280000000000E+003    -0.179276911491E-014     0.771782114294E-014     0.626073262996E-016
     0.288899269272E-002    -0.280000000000E+003    -0.537830734472E-014     0.522795054245E-014     0.638345754236E-016
     0.306243208897E-002    -0.280000000000E+003    -0.717107645963E-014     0.174232613140E-014     0.651145069099E-016
     0.324627783907E-002    -0.280000000000E+003    -0.358553822981E-014    -0.249181489700E-015     0.657752828029E-016
     0.344115432366E-002    -0.280000000000E+003    -0.358553822981E-014    -0.249181489700E-015     0.664757052118E-016
     0.364772338618E-002    -0.280000000000E+003    -0.358553822981E-014    -0.248987060050E-014     0.673774339456E-016
     0.386668658063E-002    -0.280000000000E+003    -0.358553822981E-014    -0.248987060050E-014     0.683332663518E-016
     0.409878755421E-002    -0.280000000000E+003    -0.358553822981E-014    -0.248987060050E-014     0.693464486477E-016
     0.434481457293E-002    -0.280000000000E+003    -0.537830734472E-014     0.746572320850E-015     0.706823450049E-016
     0.460560319869E-002    -0.280000000000E+003    -0.358553822981E-014     0.423219673190E-014     0.721289010673E-016
     0.488203912708E-002    -0.280000000000E+003    -0.358553822981E-014     0.423219673190E-014     0.736622504106E-016
     0.517506119535E-002    -0.280000000000E+003    -0.358553822981E-014     0.423219673190E-014     0.752876006268E-016
     0.548566457095E-002    -0.280000000000E+003    -0.358553822981E-014     0.199150762110E-014     0.765615360080E-016
     0.581490413132E-002    -0.280000000000E+003    -0.358553822981E-014     0.199150762110E-014     0.779119074392E-016
     0.616389804647E-002    -0.280000000000E+003    -0.358553822981E-014     0.199150762110E-014     0.793433010790E-016
     0.653383157655E-002    -0.280000000000E+003     0.274405274742E-030     0.224068911080E-014     0.801722071116E-016
     0.692596109728E-002    -0.280000000000E+003     0.000000000000E+000     0.000000000000E+000     0.801722071116E-016
     0.734161836681E-002    -0.280000000000E+003    -0.537830734472E-014     0.746572320850E-015     0.824291748020E-016
     0.778221504872E-002    -0.280000000000E+003    -0.537830734472E-014    -0.373480590075E-014     0.853141568264E-016
     0.824924750635E-002    -0.280000000000E+003    -0.717107645963E-014    -0.497974120100E-014     0.893915978674E-016
     0.874430188470E-002    -0.280000000000E+003    -0.896384557453E-014    -0.622467650124E-014     0.947942069552E-016
     0.926905949743E-002    -0.280000000000E+003    -0.896384557453E-014    -0.398398739045E-014     0.999417202720E-016
     0.982530253690E-002    -0.280000000000E+003    -0.896384557453E-014    -0.622467650124E-014     0.106012091188E-015
     0.104149201269E-001    -0.280000000000E+003    -0.896384557453E-014    -0.622467650124E-014     0.112446684011E-015
     0.110399147386E-001    -0.280000000000E+003    -0.717107645963E-014    -0.497974120100E-014     0.117903218430E-015
     0.117024089912E-001    -0.280000000000E+003    -0.896384557453E-014    -0.174329827965E-014     0.123952977829E-015
     0.124046528610E-001    -0.280000000000E+003    -0.896384557453E-014    -0.174329827965E-014     0.130365722445E-015
     0.131490313229E-001    -0.280000000000E+003    -0.896384557453E-014     0.497390831150E-015     0.137048480367E-015
     0.139380724499E-001    -0.280000000000E+003    -0.717107645963E-014    -0.498362979399E-015     0.142720402128E-015
     0.147744559993E-001    -0.280000000000E+003    -0.896384557453E-014     0.497390831150E-015     0.150229148119E-015
     0.156610225139E-001    -0.280000000000E+003    -0.537830734472E-014     0.298726143165E-014     0.155683508274E-015
     0.166007829686E-001    -0.280000000000E+003    -0.537830734472E-014     0.298726143165E-014     0.161465129727E-015
     0.175969289968E-001    -0.280000000000E+003    -0.107566146894E-013     0.149314464170E-014     0.172283029787E-015
     0.186528437297E-001    -0.280000000000E+003    -0.896384557453E-014     0.497390831150E-015     0.181762646552E-015
     0.197721132861E-001    -0.280000000000E+003    -0.537830734472E-014    -0.149411678995E-014     0.188010394266E-015
     0.209585389519E-001    -0.280000000000E+003    -0.717107645963E-014     0.174232613140E-014     0.196765865045E-015
     0.222161500898E-001    -0.280000000000E+003    -0.717107645963E-014    -0.498362979399E-015     0.205806042718E-015
     0.235492178240E-001    -0.280000000000E+003    -0.107566146894E-013    -0.747544469099E-015     0.220179924443E-015
     0.249622695459E-001    -0.280000000000E+003    -0.107566146894E-013    -0.298823357990E-014     0.235955196117E-015
     0.264601042903E-001    -0.280000000000E+003    -0.896384557453E-014    -0.174329827965E-014     0.249633110735E-015
     0.280478090337E-001    -0.280000000000E+003    -0.717107645963E-014     0.174232613140E-014     0.261349902513E-015
     0.297307759708E-001    -0.280000000000E+003    -0.717107645963E-014     0.174232613140E-014     0.273769701127E-015
     0.315147208278E-001    -0.280000000000E+003    -0.358553822981E-014    -0.249181489700E-015     0.280181531454E-015
     0.334057022742E-001    -0.280000000000E+003    -0.896384557453E-014     0.273807994195E-014     0.297905143744E-015
     0.354101424992E-001    -0.280000000000E+003    -0.717107645963E-014    -0.273905209020E-014     0.313291979987E-015
     0.375348490229E-001    -0.280000000000E+003    -0.537830734472E-014     0.746572320850E-015     0.324828874268E-015
     0.397870378166E-001    -0.280000000000E+003    -0.358553822981E-014    -0.248987060050E-014     0.334660275565E-015
     0.421743578089E-001    -0.280000000000E+003    -0.358553822981E-014    -0.248987060050E-014     0.345081560377E-015
     0.447049168642E-001    -0.280000000000E+003    -0.358553822981E-014    -0.248987060050E-014     0.356128121682E-015
     0.473873093180E-001    -0.280000000000E+003    -0.179276911491E-014    -0.124493530025E-014     0.361982798857E-015
     0.502306451656E-001    -0.280000000000E+003    -0.179276911491E-014    -0.348562441105E-014     0.373127659361E-015
     0.530739810132E-001    -0.280000000000E+003    -0.358553822981E-014    -0.248987060050E-014     0.385539574303E-015
     0.559173168607E-001    -0.280000000000E+003    -0.179276911491E-014    -0.348562441105E-014     0.396684434807E-015
     0.589312526964E-001    -0.280000000000E+003    -0.183221003543E-011     0.632261867324E-012     0.623839551368E-014
     0.621260245098E-001    -0.279999999993E+003     0.285310240804E-009    -0.970250633877E-010     0.969003946141E-012
     0.655124824492E-001    -0.280000000243E+003    -0.944564688250E-008     0.315751264026E-008     0.346961752202E-010
     0.691021276712E-001    -0.280000000094E+003    -0.361830108341E-008     0.106578784521E-008     0.482363276852E-010
     0.726917728932E-001    -0.280000174452E+003    -0.681063470398E-005     0.226198382445E-005     0.258091160919E-007
     0.764967966231E-001    -0.280000066365E+003    -0.255692532046E-005     0.746521566074E-006     0.359444605596E-007
     0.805301215591E-001    -0.280000090125E+003    -0.340172738322E-005     0.103728114091E-005     0.502884188106E-007
     0.848054457604E-001    -0.280000040978E+003    -0.140437471778E-005     0.382841044597E-006     0.565116750784E-007
     0.893372891692E-001    -0.280000023777E+003    -0.678449924456E-006     0.176129003761E-006     0.596882216551E-007
     0.941410429232E-001    -0.280000016280E+003    -0.370948749606E-006     0.968973000343E-007     0.615299589278E-007
     0.992330216276E-001    -0.280000012062E+003    -0.214476899682E-006     0.580255319900E-007     0.626613331491E-007
     0.104630518763E+000    -0.280000009152E+003    -0.119475382047E-006     0.338916887769E-007     0.633316452191E-007
     0.110351865417E+000    -0.280000006897E+003    -0.533153916237E-007     0.167982539699E-007     0.636514634983E-007
     0.116416492544E+000    -0.280000021031E+003    -0.647256636799E-006     0.193216447356E-006     0.677480001596E-007
     0.122844996951E+000    -0.280000030440E+003    -0.104890518614E-005     0.290354825508E-006     0.747444696991E-007
     0.129659211254E+000    -0.280000012795E+003    -0.333627756611E-006     0.816053199505E-007     0.770849009389E-007
     0.136882278026E+000    -0.280000009431E+003    -0.199169807261E-006     0.505835401176E-007     0.785691894322E-007
     0.144538728391E+000    -0.280000028591E+003    -0.991875288811E-006     0.279181877638E-006     0.864585257338E-007
     0.152195178756E+000    -0.280000015302E+003    -0.451682682797E-006     0.116135093962E-006     0.900292942799E-007
     0.159851629121E+000    -0.280000008102E+003    -0.158174623932E-006     0.384849855618E-007     0.912756812895E-007
     0.167967466070E+000    -0.280000005662E+003    -0.688659837413E-007     0.184143733810E-007     0.918542222351E-007
     0.176570252771E+000    -0.280000004477E+003    -0.358506000468E-007     0.112234804900E-007     0.921773976900E-007
     0.185689206182E+000    -0.280000001985E+003     0.515249152159E-007    -0.110734701833E-007     0.926579793937E-007
     0.195355296276E+000    -0.280000003010E+003    -0.653731812060E-008     0.411069271613E-008     0.927326240950E-007
     0.205355296276E+000    -0.280000021919E+003    -0.809932627353E-006     0.201341362389E-006     0.101078456618E-006
     0.215355296276E+000    -0.280000079308E+003    -0.320422023044E-005     0.787706828292E-006     0.134074682664E-006
     0.225355296276E+000    -0.280000027037E+003    -0.961342639268E-006     0.216072297761E-006     0.143927940541E-006
     0.235355296276E+000    -0.280000011766E+003    -0.290658664245E-006     0.600108379104E-007     0.146895831371E-006
     0.245355296276E+000    -0.280000007460E+003    -0.114665281712E-006     0.247923239938E-007     0.148068980388E-006
     0.255355296276E+000    -0.280000005579E+003    -0.525344062567E-007     0.124268629842E-007     0.148608822102E-006
     0.265355296276E+000    -0.280000051846E+003    -0.200390883127E-005     0.497595281970E-006     0.169256465233E-006
     0.275355296276E+000    -0.280000015658E+003    -0.473471898884E-006     0.979613407481E-007     0.174091463302E-006
     0.285355296276E+000    -0.280000008095E+003    -0.144595228586E-006     0.278364835936E-007     0.175563966272E-006
     0.295355296276E+000    -0.280000005961E+003    -0.629395624247E-007     0.124421827684E-007     0.176205542178E-006
     0.305355296276E+000    -0.280000004854E+003    -0.293314713527E-007     0.537558794808E-008     0.176503742137E-006
     0.315355296276E+000    -0.280000004320E+003    -0.190978884378E-007     0.318239245378E-008     0.176697354369E-006
     0.325355296276E+000    -0.280000003912E+003    -0.122410236518E-007     0.151890176748E-008     0.176820703355E-006
     0.335355296276E+000    -0.280000003688E+003    -0.112847391292E-007     0.129300157960E-008     0.176934289089E-006
     0.345355296276E+000    -0.280000004116E+003    -0.360358845986E-007     0.742358735205E-008     0.177302214982E-006
     0.355355296276E+000    -0.280000005880E+003    -0.114988897303E-006     0.267709073328E-007     0.178482855824E-006
     0.365355296276E+000    -0.280000003485E+003    -0.176651899507E-007     0.180408181674E-008     0.178660426556E-006
     0.375355296276E+000    -0.280000003222E+003    -0.976236626809E-008     0.705697415436E-009     0.178758304952E-006
     0.385355296276E+000    -0.280000001138E+003     0.736028221545E-007    -0.197403135040E-007     0.179520345332E-006
     0.395355296276E+000    -0.280000002384E+003     0.166400757346E-007    -0.468821840843E-008     0.179693224339E-006
     0.405355296276E+000    -0.280000002634E+003     0.193926879888E-008    -0.141946748867E-008     0.179717256924E-006
     0.415355296276E+000    -0.280000002649E+003    -0.164838305047E-008    -0.684097043746E-009     0.179735103928E-006
     0.425355296276E+000    -0.280000002610E+003    -0.239612731683E-008    -0.518270855067E-009     0.179759619292E-006
     0.435355296276E+000    -0.280000002651E+003    -0.616513747901E-008     0.536723955375E-009     0.179821503856E-006
     0.445355296276E+000    -0.280000002544E+003    -0.359235607746E-008    -0.147384653376E-009     0.179857457638E-006
     0.455355296276E+000    -0.279999996038E+003     0.266632163605E-006    -0.670319947477E-007     0.182606748438E-006
     0.465355296276E+000    -0.280000003988E+003    -0.718798981413E-007     0.196598891090E-007     0.183351948478E-006
     0.475355296276E+000    -0.280000002551E+003    -0.147163681543E-007     0.255845552283E-008     0.183501319555E-006
     0.485355296276E+000    -0.279999994527E+003     0.317017052532E-006    -0.877723642614E-007     0.186790754149E-006
     0.495355296276E+000    -0.279999938158E+003     0.267087126444E-005    -0.662944772873E-006     0.214309927616E-006
     0.505355296276E+000    -0.279999986149E+003     0.619500801048E-006    -0.129210766109E-006     0.220638250179E-006
     0.515355296276E+000    -0.280000043955E+003    -0.182856205066E-005     0.461453023934E-006     0.239497142157E-006
     0.525355296276E+000    -0.279999960483E+003     0.169339319549E-005    -0.439209371900E-006     0.256991385173E-006
     0.535355296276E+000    -0.279999992165E+003     0.368297029010E-006    -0.790202184479E-007     0.260758172882E-006
     0.545355296276E+000    -0.279999997847E+003     0.115422211405E-006    -0.245218766493E-007     0.261938156328E-006
     0.555355296276E+000    -0.279999999296E+003     0.560234864833E-007    -0.105452083078E-007     0.262508229346E-006
     0.565355296276E+000    -0.280000000191E+003     0.221377350971E-007    -0.476258458278E-008     0.262734671729E-006
     0.575355296276E+000    -0.280000001797E+003    -0.408808095057E-007     0.104588369645E-007     0.263156646592E-006
     0.585355296276E+000    -0.280000010330E+003    -0.388995182261E-006     0.106227992543E-006     0.267189035936E-006
     0.595355296276E+000    -0.280000007844E+003    -0.280030671738E-006     0.683082563358E-007     0.270071451503E-006
     0.605355296276E+000    -0.280000002979E+003    -0.697446209469E-007     0.164944293700E-007     0.270788136814E-006
     0.615355296276E+000    -0.280000003718E+003    -0.994050975889E-007     0.260907085076E-007     0.271815857520E-006
     0.625355296276E+000    -0.279999958636E+003     0.178396241995E-005    -0.441499680302E-006     0.290193680796E-006
     0.635355296276E+000    -0.279999989031E+003     0.481567361697E-006    -0.996991222283E-007     0.295111475412E-006
     0.645355296276E+000    -0.280000088949E+003    -0.372148934965E-005     0.933156283345E-006     0.333478471162E-006
     0.655355296276E+000    -0.280000021390E+003    -0.838399696928E-006     0.173706235063E-006     0.342040526452E-006
     0.665355296276E+000    -0.280000009977E+003    -0.309588868436E-006     0.640625115482E-007     0.345202001943E-006
     0.675355296276E+000    -0.280000005282E+003    -0.103838698827E-006     0.210873096500E-007     0.346261584409E-006
     0.685355296276E+000    -0.280000003790E+003    -0.463266032554E-007     0.989219921468E-008     0.346735294212E-006
     0.695355296276E+000    -0.280000006689E+003    -0.177532857537E-006     0.385975957358E-007     0.348552096069E-006
     0.705355296276E+000    -0.280000003133E+003    -0.316973280506E-007     0.438129926845E-008     0.348872083005E-006
     0.715355296276E+000    -0.280000002282E+003     0.987277938439E-009    -0.246528232839E-008     0.348898639237E-006
     0.725355296276E+000    -0.280000003817E+003    -0.668102627960E-007     0.148301928756E-007     0.349583003602E-006
     0.735355296276E+000    -0.280000002386E+003    -0.919770500654E-008    -0.327714446566E-009     0.349675039015E-006
     0.745355296276E+000    -0.279999973939E+003     0.117814882442E-005    -0.294252827368E-006     0.361818429724E-006
     0.755355296276E+000    -0.279999994146E+003     0.311831733725E-006    -0.671107535774E-007     0.365008145752E-006
