 #        time                      h  [L]            Darcian flow [L.T^{-1}]   in    x         z              directions   cumulative flux
 #-----------------------------------------------------------------------------------------------

     0.100000000000E-006     0.400000000000E+001    -0.402593664825E-012    -0.328742675117E+004     0.328742675117E-003
     0.205999994278E-006     0.400000000000E+001    -0.399375317458E-012    -0.326114695058E+004     0.674424233219E-003
     0.318359982147E-006     0.400000000000E+001    -0.395980590403E-012    -0.323342690055E+004     0.103773204054E-002
     0.437461562859E-006     0.400000000000E+001    -0.392401063154E-012    -0.320419784241E+004     0.141935706849E-002
     0.563709231599E-006     0.400000000000E+001    -0.388628095459E-012    -0.317338922316E+004     0.181999005991E-002
     0.697531753239E-006     0.400000000000E+001    -0.384652852850E-012    -0.314092890389E+004     0.224031708612E-002
     0.839383618521E-006     0.400000000000E+001    -0.380466339103E-012    -0.310674342487E+004     0.268101443589E-002
     0.989746587602E-006     0.400000000000E+001    -0.376059436822E-012    -0.307075833688E+004     0.314274277676E-002
     0.114913132622E-005     0.400000000000E+001    -0.371422957499E-012    -0.303289861009E+004     0.362614052899E-002
     0.131807914004E-005     0.400000000000E+001    -0.366547702632E-012    -0.299308913302E+004     0.413181639459E-002
     0.149716381303E-005     0.400000000000E+001    -0.361424537669E-012    -0.295125531640E+004     0.466034098781E-002
     0.168699355614E-005     0.400000000000E+001    -0.356044480829E-012    -0.290732381840E+004     0.521223752140E-002
     0.188821307298E-005     0.400000000000E+001    -0.350398809099E-012    -0.286122341023E+004     0.578797151357E-002
     0.210150574931E-005     0.400000000000E+001    -0.344479184026E-012    -0.281288600326E+004     0.638793949743E-002
     0.232759597402E-005     0.400000000000E+001    -0.338277800193E-012    -0.276224786141E+004     0.701245673712E-002
     0.256725159928E-005     0.400000000000E+001    -0.331787559619E-012    -0.270925102528E+004     0.766174398556E-002
     0.282128654833E-005     0.400000000000E+001    -0.325002275583E-012    -0.265384497644E+004     0.833591335895E-002
     0.309056357980E-005     0.400000000000E+001    -0.317916909630E-012    -0.259598857280E+004     0.903495345555E-002
     0.337599721774E-005     0.400000000000E+001    -0.310527845686E-012    -0.253565228687E+004     0.975871391235E-002
     0.367855685763E-005     0.400000000000E+001    -0.302833205176E-012    -0.247282077891E+004     0.105068896767E-001
     0.399927005860E-005     0.400000000000E+001    -0.294833206806E-012    -0.240749583481E+004     0.112790053722E-001
     0.433922603327E-005     0.400000000000E+001    -0.286530574014E-012    -0.233969969312E+004     0.120744002619E-001
     0.469957934698E-005     0.400000000000E+001    -0.277930991866E-012    -0.226947877592E+004     0.128922144591E-001
     0.508155383889E-005     0.400000000000E+001    -0.269043613144E-012    -0.219690782135E+004     0.137313772080E-001
     0.548644677845E-005     0.400000000000E+001    -0.259881610152E-012    -0.212209438944E+004     0.145905982433E-001
     0.591563327122E-005     0.400000000000E+001    -0.250462764044E-012    -0.204518367434E+004     0.154683634516E-001
     0.637057092900E-005     0.400000000000E+001    -0.240810076685E-012    -0.196636350050E+004     0.163629362569E-001
     0.685280482021E-005     0.400000000000E+001    -0.230952380755E-012    -0.188586930465E+004     0.172723663500E-001
     0.736397271730E-005     0.400000000000E+001    -0.220924911548E-012    -0.180398880479E+004     0.181945075137E-001
     0.790581065897E-005     0.400000000000E+001    -0.210769788430E-012    -0.172106593164E+004     0.191270463356E-001
     0.848015884613E-005     0.400000000000E+001    -0.200536335620E-012    -0.163750344801E+004     0.200675434724E-001
     0.908896789166E-005     0.400000000000E+001    -0.190281151993E-012    -0.155376351880E+004     0.210134887573E-001
     0.973430544509E-005     0.400000000000E+001    -0.180067820831E-012    -0.147036534090E+004     0.219623707290E-001
     0.104183632148E-004     0.400000000000E+001    -0.169966137622E-012    -0.138787883772E+004     0.229117600313E-001
     0.111434644115E-004     0.400000000000E+001    -0.160050734547E-012    -0.130691342727E+004     0.238594045215E-001
     0.119120716386E-004     0.400000000000E+001    -0.150399003441E-012    -0.122810106184E+004     0.248033318732E-001
     0.127267952553E-004     0.400000000000E+001    -0.141088274724E-012    -0.115207319223E+004     0.257419531111E-001
     0.135904022424E-004     0.400000000000E+001    -0.132192304662E-012    -0.107943208404E+004     0.266741582009E-001
     0.145058255993E-004     0.400000000000E+001    -0.123777255446E-012    -0.101071799258E+004     0.275993930586E-001
     0.154761743052E-004     0.400000000000E+001    -0.115897505768E-012    -0.946374953564E+003     0.285177067701E-001
     0.165047438780E-004     0.400000000000E+001    -0.108591770262E-012    -0.886719095966E+003     0.294297590518E-001
     0.175950275662E-004     0.400000000000E+001    -0.101880088156E-012    -0.831914052500E+003     0.303367813733E-001
     0.187507282134E-004     0.400000000000E+001    -0.957622194333E-013    -0.781957863279E+003     0.312404905819E-001
     0.199757708333E-004     0.400000000000E+001    -0.902178372919E-013    -0.736684547371E+003     0.321429605498E-001
     0.212743159403E-004     0.400000000000E+001    -0.852086441359E-013    -0.695781381172E+003     0.330464640579E-001
     0.226507736794E-004     0.400000000000E+001    -0.806822211405E-013    -0.658820332496E+003     0.339533024032E-001
     0.241098188040E-004     0.400000000000E+001    -0.765771276085E-013    -0.625299699978E+003     0.348656428819E-001
     0.256564065527E-004     0.400000000000E+001    -0.728285670037E-013    -0.594690379744E+003     0.357853837375E-001
     0.272957894778E-004     0.400000000000E+001    -0.693738697337E-013    -0.566480635739E+003     0.367140624191E-001
     0.290335352846E-004     0.400000000000E+001    -0.661571068389E-013    -0.540213773351E+003     0.376528166385E-001
     0.308755457403E-004     0.400000000000E+001    -0.631596002343E-013    -0.515737274439E+003     0.386028100905E-001
     0.328280767180E-004     0.400000000000E+001    -0.603114470970E-013    -0.492480339139E+003     0.395643932086E-001
     0.348977594427E-004     0.400000000000E+001    -0.575915222488E-013    -0.470270467280E+003     0.405377038706E-001
     0.370916230124E-004     0.400000000000E+001    -0.549880363604E-013    -0.449011391682E+003     0.415227736052E-001
     0.394171182707E-004     0.400000000000E+001    -0.524958423416E-013    -0.428661083164E+003     0.425196229215E-001
     0.418821431115E-004     0.400000000000E+001    -0.501132932828E-013    -0.409206093689E+003     0.435283261075E-001
     0.444950693017E-004     0.400000000000E+001    -0.478392206839E-013    -0.390636881730E+003     0.445490314466E-001
     0.472647709137E-004     0.400000000000E+001    -0.456704846160E-013    -0.372927807820E+003     0.455819301971E-001
     0.502006544641E-004     0.400000000000E+001    -0.436002995448E-013    -0.356023463869E+003     0.466271736282E-001
     0.533126908594E-004     0.400000000000E+001    -0.416171479382E-013    -0.339829802088E+003     0.476847363405E-001
     0.566114492604E-004     0.400000000000E+001    -0.397033628980E-013    -0.324202561307E+003     0.487542022632E-001
     0.601081329767E-004     0.400000000000E+001    -0.378300427830E-013    -0.308905741715E+003     0.498343479402E-001
     0.638146175159E-004     0.400000000000E+001    -0.359205592105E-013    -0.293313625083E+003     0.509215103567E-001
     0.677434909153E-004     0.400000000000E+001    -0.335584648318E-013    -0.274025660747E+003     0.519981224859E-001
     0.719080964939E-004     0.400000000000E+001    -0.318545712897E-013    -0.260112314113E+003     0.530813876804E-001
     0.763225781689E-004     0.400000000000E+001    -0.304371425336E-013    -0.248538129972E+003     0.541785547007E-001
     0.810019284919E-004     0.400000000000E+001    -0.291699042326E-013    -0.238190343966E+003     0.552931307636E-001
     0.859620395664E-004     0.400000000000E+001    -0.279999746281E-013    -0.228637143767E+003     0.564271963925E-001
     0.912197570216E-004     0.400000000000E+001    -0.269051098878E-013    -0.219696894701E+003     0.575823005906E-001
     0.967929372233E-004     0.400000000000E+001    -0.258739855934E-013    -0.211277125874E+003     0.587597860856E-001
     0.102700507918E-003     0.400000000000E+001    -0.248987302203E-013    -0.203313561409E+003     0.599608753228E-001
     0.108962532517E-003     0.400000000000E+001    -0.239721135646E-013    -0.195747162213E+003     0.611866488677E-001
     0.115600278233E-003     0.400000000000E+001    -0.230867246850E-013    -0.188517413356E+003     0.624379795206E-001
     0.122636288312E-003     0.400000000000E+001    -0.222351094311E-013    -0.181563447081E+003     0.637154617643E-001
     0.130094458593E-003     0.400000000000E+001    -0.214103192025E-013    -0.174828523762E+003     0.650193626646E-001
     0.138000118665E-003     0.400000000000E+001    -0.206064591932E-013    -0.168264508653E+003     0.663496046721E-001
     0.146380117888E-003     0.400000000000E+001    -0.198188525213E-013    -0.161833212115E+003     0.677057668639E-001
     0.155262916586E-003     0.400000000000E+001    -0.190432692111E-013    -0.155500093777E+003     0.690870428944E-001
     0.164678682697E-003     0.400000000000E+001    -0.182721989680E-013    -0.149203827428E+003     0.704919112363E-001
     0.174659394236E-003     0.400000000000E+001    -0.174356315148E-013    -0.142372735771E+003     0.719128924430E-001
     0.185238947896E-003     0.400000000000E+001    -0.166480487188E-013    -0.135941634196E+003     0.733510942566E-001
     0.196453274170E-003     0.400000000000E+001    -0.160077409009E-013    -0.130713124078E+003     0.748169538784E-001
     0.208340459379E-003     0.400000000000E+001    -0.154188663561E-013    -0.125904598508E+003     0.763136051595E-001
     0.220940875020E-003     0.400000000000E+001    -0.148645763408E-013    -0.121378477053E+003     0.778430244203E-001
     0.234297314879E-003     0.400000000000E+001    -0.143392778029E-013    -0.117089088975E+003     0.794069177953E-001
     0.248455140365E-003     0.400000000000E+001    -0.138394329098E-013    -0.113007545681E+003     0.810068589057E-001
     0.263462434571E-003     0.400000000000E+001    -0.133620203115E-013    -0.109109175975E+003     0.826442924100E-001
     0.279370165569E-003     0.400000000000E+001    -0.129043753729E-013    -0.105372221459E+003     0.843205253638E-001
     0.296232359518E-003     0.400000000000E+001    -0.124642679843E-013    -0.101778471907E+003     0.860367336968E-001
     0.314106284138E-003     0.400000000000E+001    -0.120399415717E-013    -0.983135838027E+002     0.877939832829E-001
     0.333052643213E-003     0.400000000000E+001    -0.116300514009E-013    -0.949665765589E+002     0.895932541425E-001
     0.353135782749E-003     0.400000000000E+001    -0.112335230336E-013    -0.917286767210E+002     0.914354539565E-001
     0.374423909507E-003     0.400000000000E+001    -0.108493804885E-013    -0.885919147960E+002     0.933214098684E-001
     0.396989322653E-003     0.400000000000E+001    -0.104765829538E-013    -0.855477919107E+002     0.952518311366E-001
     0.420908659296E-003     0.400000000000E+001    -0.101138660670E-013    -0.825859837635E+002     0.972272330843E-001
     0.446263154769E-003     0.400000000000E+001    -0.975949843929E-014    -0.796923524896E+002     0.992477924747E-001
     0.473138918520E-003     0.400000000000E+001    -0.941060750030E-014    -0.768434417732E+002     0.101313018662E+000
     0.501627226558E-003     0.400000000000E+001    -0.906003877107E-014    -0.739808308598E+002     0.103420607360E+000
     0.531824831448E-003     0.400000000000E+001    -0.862940847666E-014    -0.704644676544E+002     0.105548465513E+000
     0.563834290904E-003     0.400000000000E+001    -0.832710534350E-014    -0.679959752420E+002     0.107724979926E+000
     0.597764316095E-003     0.400000000000E+001    -0.804204871019E-014    -0.656683111881E+002     0.109953107379E+000
     0.633730140856E-003     0.400000000000E+001    -0.776403529330E-014    -0.633981593607E+002     0.112233274468E+000
     0.671853913045E-003     0.400000000000E+001    -0.748680459600E-014    -0.611343989240E+002     0.114563948366E+000
     0.712265109384E-003     0.400000000000E+001    -0.719272510694E-014    -0.587330576616E+002     0.116937421491E+000
     0.755100975191E-003     0.400000000000E+001    -0.681608654718E-014    -0.556575704271E+002     0.119321561709E+000
     0.800506990496E-003     0.400000000000E+001    -0.660201796137E-014    -0.539095677706E+002     0.121769380368E+000
     0.848637364120E-003     0.400000000000E+001    -0.640516677255E-014    -0.523021558298E+002     0.124286702669E+000
     0.899655557408E-003     0.400000000000E+001    -0.621734055054E-014    -0.507684383356E+002     0.126876816669E+000
     0.953734839373E-003     0.400000000000E+001    -0.603664649596E-014    -0.492929594081E+002     0.129542544520E+000
     0.101105887516E-002     0.400000000000E+001    -0.586228132116E-014    -0.478691597058E+002     0.132286597944E+000
     0.107182234982E-002     0.400000000000E+001    -0.569379926329E-014    -0.464933992989E+002     0.135111698434E+000
     0.113623162948E-002     0.400000000000E+001    -0.553092613092E-014    -0.451634392444E+002     0.138020643023E+000
     0.120450546223E-002     0.400000000000E+001    -0.537249126661E-014    -0.438697203990E+002     0.141015796976E+000
     0.127687572104E-002     0.400000000000E+001    -0.522021909947E-014    -0.426263237948E+002     0.144100675061E+000
     0.135358819124E-002     0.400000000000E+001    -0.507535197010E-014    -0.414433939127E+002     0.147279900182E+000
     0.143490340526E-002     0.400000000000E+001    -0.494118664762E-014    -0.403478509155E+002     0.150560794314E+000
     0.152109752747E-002     0.400000000000E+001    -0.480641348421E-014    -0.392473445206E+002     0.153943684724E+000
     0.161246329208E-002     0.400000000000E+001    -0.466068583534E-014    -0.380573879635E+002     0.157420827075E+000
     0.170931099734E-002     0.400000000000E+001    -0.452245682322E-014    -0.369286624222E+002     0.160997283289E+000
     0.181196955938E-002     0.400000000000E+001    -0.439165197988E-014    -0.358605598197E+002     0.164678676793E+000
     0.192078762926E-002     0.400000000000E+001    -0.427261574216E-014    -0.348885551747E+002     0.168475182028E+000
     0.203613477710E-002     0.400000000000E+001    -0.414514369497E-014    -0.338476669180E+002     0.172379413869E+000
     0.215840274722E-002     0.400000000000E+001    -0.402407545872E-014    -0.328590697459E+002     0.176397025627E+000
     0.228800678855E-002     0.400000000000E+001    -0.390805746173E-014    -0.319117109067E+002     0.180532912326E+000
     0.242538706494E-002     0.400000000000E+001    -0.379464993318E-014    -0.309856681602E+002     0.184789731982E+000
     0.257101015006E-002     0.400000000000E+001    -0.368726843627E-014    -0.301088316961E+002     0.189174272943E+000
     0.272537061195E-002     0.400000000000E+001    -0.358307845881E-014    -0.292580559660E+002     0.193690559975E+000
     0.288899269272E-002     0.400000000000E+001    -0.348533321900E-014    -0.284599055126E+002     0.198347228934E+000
     0.306243208897E-002     0.400000000000E+001    -0.338315239353E-014    -0.276255357536E+002     0.203138585176E+000
     0.324627783907E-002     0.400000000000E+001    -0.328706415590E-014    -0.268409157497E+002     0.208073173466E+000
     0.344115432366E-002     0.400000000000E+001    -0.320020221808E-014    -0.261316342011E+002     0.213165614475E+000
     0.364772338618E-002     0.400000000000E+001    -0.310509913704E-014    -0.253550586112E+002     0.218403185163E+000
     0.386668658063E-002     0.400000000000E+001    -0.301494297951E-014    -0.246188777173E+002     0.223793813271E+000
     0.409878755421E-002     0.400000000000E+001    -0.292777462735E-014    -0.239070941058E+002     0.229342673089E+000
     0.434481457293E-002     0.400000000000E+001    -0.284404774290E-014    -0.232234122106E+002     0.235056259960E+000
     0.460560319869E-002     0.400000000000E+001    -0.276497684241E-014    -0.225777493097E+002     0.240944280175E+000
     0.488203912708E-002     0.400000000000E+001    -0.269010252057E-014    -0.219663540741E+002     0.247016569657E+000
     0.517506119535E-002     0.400000000000E+001    -0.261142659695E-014    -0.213239164040E+002     0.253264947745E+000
     0.548566457095E-002     0.400000000000E+001    -0.253814449146E-014    -0.207255226015E+002     0.259702365026E+000
     0.581490413132E-002     0.400000000000E+001    -0.246417736525E-014    -0.201215351803E+002     0.266327170423E+000
     0.616389804647E-002     0.400000000000E+001    -0.239258867069E-014    -0.195369691274E+002     0.273145453769E+000
     0.653383157655E-002     0.400000000000E+001    -0.232505537878E-014    -0.189855179501E+002     0.280168833444E+000
     0.692596109728E-002     0.400000000000E+001    -0.225890852976E-014    -0.184453879383E+002     0.287401814576E+000
     0.734161836681E-002     0.400000000000E+001    -0.219602466889E-014    -0.179319022466E+002     0.294855340102E+000
     0.778221504872E-002     0.400000000000E+001    -0.213441536351E-014    -0.174288240903E+002     0.302534422165E+000
     0.824924750635E-002     0.400000000000E+001    -0.207392049478E-014    -0.169348459999E+002     0.310443544912E+000
     0.874430188470E-002     0.400000000000E+001    -0.201419803867E-014    -0.164471751371E+002     0.318585790975E+000
     0.926905949743E-002     0.400000000000E+001    -0.195705118447E-014    -0.159805356601E+002     0.326971698719E+000
     0.982530253690E-002     0.400000000000E+001    -0.190375253833E-014    -0.155453191864E+002     0.335618674312E+000
     0.104149201269E-001     0.400000000000E+001    -0.185064934706E-014    -0.151116987229E+002     0.344528797694E+000
     0.110399147386E-001     0.400000000000E+001    -0.179686052427E-014    -0.146724796531E+002     0.353699018417E+000
     0.117024089912E-001     0.400000000000E+001    -0.174542726790E-014    -0.142524952429E+002     0.363141214601E+000
     0.124046528610E-001     0.400000000000E+001    -0.169568243971E-014    -0.138462978950E+002     0.372864692418E+000
     0.131490313229E-001     0.400000000000E+001    -0.164727168677E-014    -0.134509940982E+002     0.382877322715E+000
     0.139380724499E-001     0.400000000000E+001    -0.160043355039E-014    -0.130685316901E+002     0.393188931688E+000
     0.147744559993E-001     0.400000000000E+001    -0.155590812900E-014    -0.127049540331E+002     0.403815146238E+000
     0.156610225139E-001     0.400000000000E+001    -0.151221716327E-014    -0.123481902237E+002     0.414762638205E+000
     0.166007829686E-001     0.400000000000E+001    -0.146926425248E-014    -0.119974530902E+002     0.426037370177E+000
     0.175969289968E-001     0.400000000000E+001    -0.142618769563E-014    -0.116457063099E+002     0.437638194263E+000
     0.186528437297E-001     0.400000000000E+001    -0.138487178635E-014    -0.113083363082E+002     0.449578833175E+000
     0.197721132861E-001     0.400000000000E+001    -0.134559526984E-014    -0.109876192122E+002     0.461876940858E+000
     0.209585389519E-001     0.400000000000E+001    -0.130591429364E-014    -0.106635994521E+002     0.474528508937E+000
     0.222161500898E-001     0.400000000000E+001    -0.126394926963E-014    -0.103209290263E+002     0.487508224234E+000
     0.235492178240E-001     0.400000000000E+001    -0.122209245905E-014    -0.997914223024E+001     0.500811096756E+000
     0.249622695459E-001     0.400000000000E+001    -0.117780410272E-014    -0.961750035631E+001     0.514401122195E+000
     0.264601042903E-001     0.400000000000E+001    -0.113227164925E-014    -0.924569965841E+001     0.528249652380E+000
     0.280478090337E-001     0.400000000000E+001    -0.108465900831E-014    -0.885691294067E+001     0.542311815067E+000
     0.297307759708E-001     0.400000000000E+001    -0.103142683069E-014    -0.842223922367E+001     0.556486165217E+000
     0.315147208278E-001     0.400000000000E+001    -0.977046975399E-015    -0.797819400728E+001     0.570718823385E+000
     0.334057022742E-001     0.400000000000E+001    -0.910447728018E-015    -0.743436988241E+001     0.584777078898E+000
     0.354101424992E-001     0.400000000000E+001    -0.843073625590E-015    -0.688421858594E+001     0.598576083549E+000
     0.375348490229E-001     0.400000000000E+001    -0.771525815620E-015    -0.629998638103E+001     0.611961705712E+000
     0.397870378166E-001     0.400000000000E+001    -0.695786468051E-015    -0.568152767422E+001     0.624757578671E+000
     0.421743578089E-001     0.400000000000E+001    -0.619670592409E-015    -0.505999438239E+001     0.636837404421E+000
     0.447049168642E-001     0.400000000000E+001    -0.551962674556E-015    -0.450711727610E+001     0.648242930857E+000
     0.473873093180E-001     0.400000000000E+001    -0.498728846285E-015    -0.407243008051E+001     0.659166786574E+000
     0.502306451656E-001     0.400000000000E+001    -0.459020080707E-015    -0.374818340297E+001     0.669824130807E+000
     0.530739810132E-001     0.400000000000E+001    -0.435639381542E-015    -0.355726550582E+001     0.679938631339E+000
     0.559173168607E-001     0.400000000000E+001    -0.422840162717E-015    -0.345275195274E+001     0.689755964739E+000
     0.589312526964E-001     0.400000000000E+001    -0.413210083749E-015    -0.337411639043E+001     0.699925335042E+000
     0.621260245098E-001     0.400000000000E+001    -0.405435795626E-015    -0.331063451036E+001     0.710502056860E+000
     0.655124824492E-001     0.400000000000E+001    -0.397260657615E-015    -0.324387944256E+001     0.721487318153E+000
     0.691021276712E-001     0.400000000000E+001    -0.386391666418E-015    -0.315512739418E+001     0.732813106128E+000
     0.726917728932E-001     0.400000000000E+001    -0.381062385884E-015    -0.311161051618E+001     0.743982683950E+000
     0.764967966231E-001     0.400000000000E+001    -0.372406734606E-015    -0.304093175979E+001     0.755553501457E+000
     0.805301215591E-001     0.400000000000E+001    -0.365696608376E-015    -0.298613942102E+001     0.767597572046E+000
     0.848054457604E-001     0.400000000000E+001    -0.360342842403E-015    -0.294242260424E+001     0.780177382617E+000
     0.893372891692E-001     0.400000000000E+001    -0.355820188513E-015    -0.290549233265E+001     0.793344618894E+000
     0.941410429232E-001     0.400000000000E+001    -0.351824786408E-015    -0.287286739861E+001     0.807145166445E+000
     0.992330216276E-001     0.400000000000E+001    -0.347628310622E-015    -0.283860057335E+001     0.821599260114E+000
     0.104630518763E+000     0.400000000000E+001    -0.342907342181E-015    -0.280005094056E+001     0.836712527045E+000
     0.110351865417E+000     0.400000000000E+001    -0.337307378601E-015    -0.275432376776E+001     0.852470968119E+000
     0.116416492544E+000     0.400000000000E+001    -0.331334461780E-015    -0.270555120064E+001     0.868879127322E+000
     0.122844996951E+000     0.400000000000E+001    -0.325320725905E-015    -0.265644532065E+001     0.885956097773E+000
     0.129659211254E+000     0.400000000000E+001    -0.319978902284E-015    -0.261282602059E+001     0.903760454215E+000
     0.136882278026E+000     0.400000000000E+001    -0.315770871558E-015    -0.257846484209E+001     0.922384877939E+000
     0.144538728391E+000     0.400000000000E+001    -0.311948313376E-015    -0.254725128578E+001     0.941887780975E+000
     0.152195178756E+000     0.400000000000E+001    -0.307186426264E-015    -0.250836752668E+001     0.961092972440E+000
     0.159851629121E+000     0.400000000000E+001    -0.306230426337E-015    -0.250056119487E+001     0.980238395113E+000
     0.167967466070E+000     0.400000000000E+001    -0.304094581237E-015    -0.248312069610E+001     0.100039099781E+001
     0.176570252771E+000     0.400000000000E+001    -0.301948707225E-015    -0.246559830504E+001     0.102160201412E+001
     0.185689206182E+000     0.400000000000E+001    -0.299860916370E-015    -0.244855019895E+001     0.104393022930E+001
     0.195355296276E+000     0.400000000000E+001    -0.296925701448E-015    -0.242458235023E+001     0.106736646074E+001
     0.205355296276E+000     0.400000000000E+001    -0.293733016308E-015    -0.239851209763E+001     0.109135158172E+001
     0.215355296276E+000     0.400000000000E+001    -0.290389491913E-015    -0.237121014904E+001     0.111506368321E+001
     0.225355296276E+000     0.400000000000E+001    -0.287140929052E-015    -0.234468362022E+001     0.113851051941E+001
     0.235355296276E+000     0.400000000000E+001    -0.284372243398E-015    -0.232207558617E+001     0.116173127527E+001
     0.245355296276E+000     0.400000000000E+001    -0.281802402530E-015    -0.230109124301E+001     0.118474218770E+001
     0.255355296276E+000     0.400000000000E+001    -0.279488932867E-015    -0.228220032961E+001     0.120756419100E+001
     0.265355296276E+000     0.400000000000E+001    -0.277564739175E-015    -0.226648809574E+001     0.123022907196E+001
     0.275355296276E+000     0.400000000000E+001    -0.275479151999E-015    -0.224945798406E+001     0.125272365180E+001
     0.285355296276E+000     0.400000000000E+001    -0.272878158436E-015    -0.222821925984E+001     0.127500584439E+001
     0.295355296276E+000     0.400000000000E+001    -0.271142532299E-015    -0.221404679690E+001     0.129714631236E+001
     0.305355296276E+000     0.400000000000E+001    -0.269711988110E-015    -0.220236551713E+001     0.131916996753E+001
     0.315355296276E+000     0.400000000000E+001    -0.268779397813E-015    -0.219475033944E+001     0.134111747093E+001
     0.325355296276E+000     0.400000000000E+001    -0.267866110616E-015    -0.218729278354E+001     0.136299039876E+001
     0.335355296276E+000     0.400000000000E+001    -0.266993259898E-015    -0.218016541654E+001     0.138479205293E+001
     0.345355296276E+000     0.400000000000E+001    -0.265969577339E-015    -0.217180641410E+001     0.140651011707E+001
     0.355355296276E+000     0.400000000000E+001    -0.264945172340E-015    -0.216344151248E+001     0.142814453220E+001
     0.365355296276E+000     0.400000000000E+001    -0.263830321088E-015    -0.215433806116E+001     0.144968791281E+001
     0.375355296276E+000     0.400000000000E+001    -0.262816200490E-015    -0.214605713805E+001     0.147114848419E+001
     0.385355296276E+000     0.400000000000E+001    -0.261567806984E-015    -0.213586323147E+001     0.149250711650E+001
     0.395355296276E+000     0.400000000000E+001    -0.260439464920E-015    -0.212664961931E+001     0.151377361270E+001
     0.405355296276E+000     0.400000000000E+001    -0.259337367453E-015    -0.211765031055E+001     0.153495011580E+001
     0.415355296276E+000     0.400000000000E+001    -0.258348605843E-015    -0.210957645929E+001     0.155604588039E+001
     0.425355296276E+000     0.400000000000E+001    -0.257365056076E-015    -0.210154516596E+001     0.157706133205E+001
     0.435355296276E+000     0.400000000000E+001    -0.256367113636E-015    -0.209339634754E+001     0.159799529553E+001
     0.445355296276E+000     0.400000000000E+001    -0.255230301798E-015    -0.208411357443E+001     0.161883643127E+001
     0.455355296276E+000     0.400000000000E+001    -0.254206333676E-015    -0.207575224018E+001     0.163959395368E+001
     0.465355296276E+000     0.400000000000E+001    -0.253167408525E-015    -0.206726877252E+001     0.166026664140E+001
     0.475355296276E+000     0.400000000000E+001    -0.252072064785E-015    -0.205832461213E+001     0.168084988752E+001
     0.485355296276E+000     0.400000000000E+001    -0.250500948064E-015    -0.204549547051E+001     0.170130484223E+001
     0.495355296276E+000     0.400000000000E+001    -0.249539714773E-015    -0.203764640504E+001     0.172168130628E+001
     0.505355296276E+000     0.400000000000E+001    -0.249428316701E-015    -0.203673677075E+001     0.174204867398E+001
     0.515355296276E+000     0.400000000000E+001    -0.248279714669E-015    -0.202735772340E+001     0.176232225122E+001
     0.525355296276E+000     0.400000000000E+001    -0.247838403455E-015    -0.202375414387E+001     0.178255979266E+001
     0.535355296276E+000     0.400000000000E+001    -0.247614063697E-015    -0.202192227072E+001     0.180277901536E+001
     0.545355296276E+000     0.400000000000E+001    -0.247911549352E-015    -0.202435142545E+001     0.182302252962E+001
     0.555355296276E+000     0.400000000000E+001    -0.247678226463E-015    -0.202244619947E+001     0.184324699161E+001
     0.565355296276E+000     0.400000000000E+001    -0.248710978786E-015    -0.203087926216E+001     0.186355578424E+001
     0.575355296276E+000     0.400000000000E+001    -0.248173261089E-015    -0.202648846396E+001     0.188382066888E+001
     0.585355296276E+000     0.400000000000E+001    -0.247717001839E-015    -0.202276282445E+001     0.190404829712E+001
     0.595355296276E+000     0.400000000000E+001    -0.248056061414E-015    -0.202553145598E+001     0.192430361168E+001
     0.605355296276E+000     0.400000000000E+001    -0.247256439772E-015    -0.201900204977E+001     0.194449363218E+001
     0.615355296276E+000     0.400000000000E+001    -0.246663021401E-015    -0.201415642104E+001     0.196463519639E+001
     0.625355296276E+000     0.400000000000E+001    -0.245997398881E-015    -0.200872120070E+001     0.198472240839E+001
     0.635355296276E+000     0.400000000000E+001    -0.245432000642E-015    -0.200410437371E+001     0.200476345213E+001
     0.645355296276E+000     0.400000000000E+001    -0.244679318572E-015    -0.199795825819E+001     0.202474303471E+001
     0.655355296276E+000     0.400000000000E+001    -0.243795815613E-015    -0.199074390904E+001     0.204465047380E+001
     0.665355296276E+000     0.400000000000E+001    -0.242992866863E-015    -0.198418733493E+001     0.206449234715E+001
     0.675355296276E+000     0.400000000000E+001    -0.242365750987E-015    -0.197906654519E+001     0.208428301261E+001
     0.685355296276E+000     0.400000000000E+001    -0.241723923068E-015    -0.197382562251E+001     0.210402126883E+001
     0.695355296276E+000     0.400000000000E+001    -0.241442269952E-015    -0.197152575028E+001     0.212373652633E+001
     0.705355296276E+000     0.400000000000E+001    -0.241036592347E-015    -0.196821314125E+001     0.214341865775E+001
     0.715355296276E+000     0.400000000000E+001    -0.240396839137E-015    -0.196298915985E+001     0.216304854934E+001
     0.725355296276E+000     0.400000000000E+001    -0.237562006576E-015    -0.193984099531E+001     0.218244695930E+001
     0.735355296276E+000     0.400000000000E+001    -0.238136312956E-015    -0.194453056279E+001     0.220189226493E+001
     0.745355296276E+000     0.400000000000E+001    -0.236667388462E-015    -0.193253588404E+001     0.222121762377E+001
     0.755355296276E+000     0.400000000000E+001    -0.237191820816E-015    -0.193681819918E+001     0.224058580576E+001
