 #              _____________________  _______________________             #
 #              ___  __ \__  __ \_  / / /_  /___  ____/_  ___/             #
 #              __  / / /_  /_/ /  / / /_  __/_  __/  _____ \              #
 #              _  /_/ /_  _, _// /_/ / / /_ _  /___  ____/ /              #
 #              /_____/ /_/ |_| \____/  \__/ /_____/  /____/               #
 #                                                                         #
  
 DRUtES is initializing, reading input files
 ---------------------------------------------------------------
 15hrs : 25min : 59.404s  -  2018/10/30    total number of parallel images is:                    1
 ---------------------------------------------------------------
 15hrs : 25min : 59.404s  -  2018/10/30    reading input files and allocating...
 ---------------------------------------------------------------
 15hrs : 25min : 59.436s  -  2018/10/30    number of nodes:                 2097 number of elements:                 3861
 ---------------------------------------------------------------
 15hrs : 25min : 59.438s  -  2018/10/30    calculating elements geometrical properties...
 ---------------------------------------------------------------
 15hrs : 25min : 59.443s  -  2018/10/30    analyzing mesh structure...
 ---------------------------------------------------------------
 15hrs : 25min : 59.447s  -  2018/10/30    DRUtES solves Richards' equation, in    2 D, in total hydraulic head form.
 ---------------------------------------------------------------
 15hrs : 25min : 59.447s  -  2018/10/30    making output files for observation time
 ---------------------------------------------------------------
 15hrs : 25min : 59.488s  -  2018/10/30    go 4 solving
 ---------------------------------------------------------------
 15hrs : 26min : 00.093s  -  2018/10/30    current simulation time:   9.9999999999999995E-008 total iteration count:                    1
