 #              _____________________  _______________________             #
 #              ___  __ \__  __ \_  / / /_  /___  ____/_  ___/             #
 #              __  / / /_  /_/ /  / / /_  __/_  __/  _____ \              #
 #              _  /_/ /_  _, _// /_/ / / /_ _  /___  ____/ /              #
 #              /_____/ /_/ |_| \____/  \__/ /_____/  /____/               #
 #                                                                         #
  
 #        time                      h  [L]                   theta [-]       Darcian flow [L.T^{-1}]   in    x         z              directions   cumulative flux
 #-----------------------------------------------------------------------------------------------

     0.000000000000E+000     0.400000000000E+001     0.600000000000E+000    -0.165014538637E-012    -0.134744596362E+004     0.134744596362E-003
     0.100000000000E-006     0.400000000000E+001     0.600000000000E+000    -0.165014531437E-012    -0.134744590483E+004     0.269489186845E-003
     0.206000000000E-006     0.400000000000E+001     0.600000000000E+000    -0.165014523805E-012    -0.134744584251E+004     0.412318446151E-003
     0.318360000000E-006     0.400000000000E+001     0.600000000000E+000    -0.165014515716E-012    -0.134744577645E+004     0.563717453593E-003
     0.437461600000E-006     0.400000000000E+001     0.600000000000E+000    -0.165014507140E-012    -0.134744570643E+004     0.724200393142E-003
     0.563709296000E-006     0.400000000000E+001     0.600000000000E+000    -0.165014498051E-012    -0.134744563221E+004     0.894312299693E-003
     0.697531853760E-006     0.400000000000E+001     0.600000000000E+000    -0.165014488415E-012    -0.134744555353E+004     0.107463091011E-002
     0.839383764986E-006     0.400000000000E+001     0.600000000000E+000    -0.165014478202E-012    -0.134744547013E+004     0.126576862532E-002
     0.989746790885E-006     0.400000000000E+001     0.600000000000E+000    -0.165014467376E-012    -0.134744538173E+004     0.146837459015E-002
     0.114913159834E-005     0.400000000000E+001     0.600000000000E+000    -0.165014455900E-012    -0.134744528802E+004     0.168313689793E-002
     0.131807949424E-005     0.400000000000E+001     0.600000000000E+000    -0.165014443736E-012    -0.134744518870E+004     0.191078492741E-002
     0.149716426389E-005     0.400000000000E+001     0.600000000000E+000    -0.165014430842E-012    -0.134744508341E+004     0.215209181979E-002
     0.168699411973E-005     0.400000000000E+001     0.600000000000E+000    -0.165014417175E-012    -0.134744497180E+004     0.240787710453E-002
     0.188821376691E-005     0.400000000000E+001     0.600000000000E+000    -0.165014402687E-012    -0.134744485350E+004     0.267900948255E-002
