 #              _____________________  _______________________             #
 #              ___  __ \__  __ \_  / / /_  /___  ____/_  ___/             #
 #              __  / / /_  /_/ /  / / /_  __/_  __/  _____ \              #
 #              _  /_/ /_  _, _// /_/ / / /_ _  /___  ____/ /              #
 #              /_____/ /_/ |_| \____/  \__/ /_____/  /____/               #
 #                                                                         #
  
 #        time                      h  [L]                   theta [-]       Darcian flow [L.T^{-1}]   in    x         z              directions   cumulative flux
 #-----------------------------------------------------------------------------------------------

     0.000000000000E+000     0.400000000000E+001     0.600000000000E+000    -0.203627705052E-014    -0.166274639507E+002     0.166274639507E-005
     0.100000000000E-006     0.400000000000E+001     0.600000000000E+000    -0.203627705052E-014    -0.166274639507E+002     0.332549279014E-005
     0.206000000000E-006     0.400000000000E+001     0.600000000000E+000    -0.203627705052E-014    -0.166274639507E+002     0.508800396891E-005
     0.318360000000E-006     0.400000000000E+001     0.600000000000E+000    -0.203627705052E-014    -0.166274639507E+002     0.695626581841E-005
     0.437461600000E-006     0.400000000000E+001     0.600000000000E+000    -0.203627705051E-014    -0.166274639507E+002     0.893662337888E-005
     0.563709296000E-006     0.400000000000E+001     0.600000000000E+000    -0.203627705051E-014    -0.166274639507E+002     0.110358023930E-004
     0.697531853760E-006     0.400000000000E+001     0.600000000000E+000    -0.203627705051E-014    -0.166274639507E+002     0.132609321479E-004
     0.839383764986E-006     0.400000000000E+001     0.600000000000E+000    -0.203627705051E-014    -0.166274639507E+002     0.156195696882E-004
     0.989746790885E-006     0.400000000000E+001     0.600000000000E+000    -0.203627705051E-014    -0.166274639507E+002     0.181197254808E-004
     0.114913159834E-005     0.400000000000E+001     0.600000000000E+000    -0.203627705051E-014    -0.166274639507E+002     0.207698906210E-004
     0.131807949424E-005     0.400000000000E+001     0.600000000000E+000    -0.203627705051E-014    -0.166274639507E+002     0.235790656696E-004
     0.149716426389E-005     0.400000000000E+001     0.600000000000E+000    -0.203627705051E-014    -0.166274639507E+002     0.265567912212E-004
     0.168699411973E-005     0.400000000000E+001     0.600000000000E+000    -0.203627705051E-014    -0.166274639507E+002     0.297131803058E-004
     0.188821376691E-005     0.400000000000E+001     0.600000000000E+000    -0.203627705051E-014    -0.166274639507E+002     0.330589527355E-004
     0.210150659292E-005     0.400000000000E+001     0.600000000000E+000    -0.203627705051E-014    -0.166274639507E+002     0.366054715110E-004
     0.232759698850E-005     0.400000000000E+001     0.600000000000E+000    -0.203627705051E-014    -0.166274639507E+002     0.403647814130E-004
     0.256725280781E-005     0.400000000000E+001     0.600000000000E+000    -0.203627705051E-014    -0.166274639507E+002     0.443496499092E-004
     0.282128797628E-005     0.400000000000E+001     0.600000000000E+000    -0.203627705051E-014    -0.166274639506E+002     0.485736105151E-004
     0.309056525485E-005     0.400000000000E+001     0.600000000000E+000    -0.203627705051E-014    -0.166274639506E+002     0.530510087574E-004
     0.337599917015E-005     0.400000000000E+001     0.600000000000E+000    -0.203627705051E-014    -0.166274639506E+002     0.577970508942E-004
     0.367855912035E-005     0.400000000000E+001     0.600000000000E+000    -0.203627705051E-014    -0.166274639506E+002     0.628278555592E-004
     0.399927266758E-005     0.400000000000E+001     0.600000000000E+000    -0.203627705051E-014    -0.166274639506E+002     0.681605085041E-004
     0.433922902763E-005     0.400000000000E+001     0.600000000000E+000    -0.203627705051E-014    -0.166274639506E+002     0.738131206256E-004
     0.469958276929E-005     0.400000000000E+001     0.600000000000E+000    -0.203627705051E-014    -0.166274639506E+002     0.798048894745E-004
