   _____  _____  _    _ _   ______  _____ 
  |  __ \|  __ \| |  | | | |  ____|/ ____|
  | |  | | |__) | |  | | |_| |__  | (___  
  | |  | |  _  /| |  | | __|  __|  \___ \ 
  | |__| | | \ \| |__| | |_| |____ ____) | 
  |_____/|_|  \_\\____/ \__|______|_____/ 
  
  
  
 DRUtES is initialising, reading input files
 ---------------------------------------------------------------
 16hrs : 58min : 18.412s  -  2018/04/23    total number of parallel images is:                    1
 ---------------------------------------------------------------
 16hrs : 58min : 18.412s  -  2018/04/23    reading input files and allocating...
 ---------------------------------------------------------------
 16hrs : 58min : 18.758s  -  2018/04/23    number of nodes:                 4503 number of elements:                 8488
 ---------------------------------------------------------------
 16hrs : 58min : 18.874s  -  2018/04/23    calculating elements geometrical properties...
 ---------------------------------------------------------------
 16hrs : 58min : 18.899s  -  2018/04/23    analyzing mesh structure...
 ---------------------------------------------------------------
 16hrs : 58min : 18.916s  -  2018/04/23    creating graph of the discretization mesh, and searching for boundary nodes...
 ---------------------------------------------------------------
 16hrs : 58min : 19.757s  -  2018/04/23    DRUtES solves Richards' equation, in                    2 D, in cylindric coordinates and axysimmetric flow, in total hydraulic head form.
 ---------------------------------------------------------------
 16hrs : 58min : 19.758s  -  2018/04/23    making output files for observation time
 ---------------------------------------------------------------
 16hrs : 58min : 24.084s  -  2018/04/23    go 4 solving
 ---------------------------------------------------------------
 18hrs : 07min : 55.746s  -  2018/04/23    making output files for observation time
 ---------------------------------------------------------------
 18hrs : 07min : 57.609s  -  2018/04/23    # real elapsed CPU time =   1.0847389051649305 hrs
 ---------------------------------------------------------------
 18hrs : 07min : 57.609s  -  2018/04/23    minimal adjusted time step was   9.9999999999999995E-008
 ---------------------------------------------------------------
 18hrs : 07min : 57.609s  -  2018/04/23    F I N I S H E D !!!!!
 ---------------------------------------------------------------
 18hrs : 07min : 57.610s  -  2018/04/23    Peak RAM  consumption on image                    1 was:                23776 kB
 ---------------------------------------------------------------
 18hrs : 07min : 57.610s  -  2018/04/23    Peak SWAP consumption on image                    1 was:                    0 kB
