 #        time                      h  [L]            Darcian flow [L.T^{-1}]   in    x         z              directions   cumulative flux
 #-----------------------------------------------------------------------------------------------

     0.100000000000E-006    -0.278500000000E+003     0.000000000000E+000     0.000000000000E+000     0.000000000000E+000
     0.205999994278E-006    -0.278500000000E+003    -0.501693112450E-013     0.797098048891E-013     0.998349610636E-020
     0.318359982147E-006    -0.278500000000E+003    -0.100471969697E-012     0.537925561475E-013     0.227887177549E-019
     0.437461562859E-006    -0.278500000000E+003    -0.100471969697E-012     0.537925561475E-013     0.363622519697E-019
     0.563709231599E-006    -0.278500000000E+003    -0.501693112450E-013     0.797098048891E-013     0.482527536427E-019
     0.697531753239E-006    -0.278500000000E+003     0.666736033473E-016     0.528135268153E-013     0.553203986098E-019
     0.839383618521E-006    -0.278500000000E+003     0.503693320550E-013     0.787307755569E-013     0.685785061038E-019
     0.989746587602E-006    -0.278500000000E+003     0.150841301752E-012     0.249382194093E-013     0.915673337484E-019
     0.114913132622E-005    -0.278500000000E+003     0.150774628148E-012    -0.278753074060E-013     0.116005760564E-018
     0.131807914004E-005    -0.278500000000E+003    -0.133347206695E-015    -0.105627053631E-012     0.133851234575E-018
     0.149716381303E-005    -0.278500000000E+003    -0.666736033473E-016    -0.528135268153E-013     0.143309335291E-018
     0.168699355614E-005    -0.278500000000E+003     0.000000000000E+000     0.000000000000E+000     0.143309335291E-018
     0.188821307298E-005    -0.278500000000E+003    -0.150841301752E-012    -0.249382194093E-013     0.174073564141E-018
     0.210150574931E-005    -0.278500000000E+003    -0.100538643300E-012     0.979029332213E-015     0.195518737148E-018
     0.232759597402E-005    -0.278500000000E+003    -0.100538643300E-012     0.979029332213E-015     0.218250619308E-018
     0.256725159928E-005    -0.278500000000E+003    -0.503026584517E-013    -0.259172487416E-013     0.231811954281E-018
     0.282128654833E-005    -0.278500000000E+003    -0.504360056584E-013    -0.131544302372E-012     0.267600866511E-018
     0.309056357980E-005    -0.278500000000E+003    -0.504360056584E-013    -0.131544302372E-012     0.305537111427E-018
     0.337599721774E-005    -0.278500000000E+003    -0.151174669768E-012    -0.289005853486E-012     0.398633192235E-018
     0.367855685763E-005    -0.278500000000E+003    -0.201744022634E-012    -0.526177209489E-012     0.569133832977E-018
     0.399927005860E-005    -0.278500000000E+003    -0.152174773819E-012    -0.108120875572E-011     0.919309404583E-018
     0.433922603327E-005    -0.278500000000E+003    -0.103138913831E-012    -0.205874851647E-011     0.162007099575E-017
     0.469957934698E-005    -0.278500000000E+003    -0.155775148399E-012    -0.393313920374E-011     0.303850192345E-017
     0.508155383889E-005    -0.278500000000E+003    -0.110072968579E-012    -0.755135530526E-011     0.592323344984E-017
     0.548644677845E-005    -0.278500000000E+003    -0.683712049588E-013    -0.143383830157E-010     0.117288094992E-016
     0.591563327122E-005    -0.278500000000E+003    -0.848395849856E-013    -0.273833241391E-010     0.234814187529E-016
     0.637057092900E-005    -0.278500000000E+003    -0.115242748112E-012    -0.514662923669E-010     0.468954319551E-016
     0.685280482021E-005    -0.278500000000E+003    -0.121679326109E-012    -0.963846864380E-010     0.933754313879E-016
     0.736397271730E-005    -0.278500000000E+003    -0.125084830427E-012    -0.178721953773E-009     0.184732379037E-015
     0.790581065897E-005    -0.278500000000E+003    -0.637913285187E-013    -0.329269359533E-009     0.363143014409E-015
     0.848015884613E-005    -0.278500000000E+003     0.431632905877E-013    -0.602927054360E-009     0.709433075961E-015
     0.908896789166E-005    -0.278499999999E+003     0.374715526635E-012    -0.109687486468E-008     0.137722045436E-014
     0.973430544509E-005    -0.278499999999E+003     0.813181319169E-012    -0.198397244281E-008     0.265755248421E-014
     0.104183632148E-004    -0.278499999997E+003     0.147761397104E-011    -0.356811371719E-008     0.509834860493E-014
     0.111434644115E-004    -0.278499999995E+003     0.280180196324E-011    -0.638172262107E-008     0.972574376073E-014
     0.119120716386E-004    -0.278499999992E+003     0.502289786891E-011    -0.113519015108E-007     0.184508981569E-013
     0.127267952553E-004    -0.278499999985E+003     0.897847538701E-011    -0.200849224872E-007     0.348145604818E-013
     0.135904022424E-004    -0.278499999974E+003     0.158517181406E-010    -0.353468075103E-007     0.653403134885E-013
     0.145058255993E-004    -0.278499999954E+003     0.275041514370E-010    -0.618749006793E-007     0.121982048372E-012
     0.154761743052E-004    -0.278499999920E+003     0.473258327322E-010    -0.107735227252E-006     0.226522796805E-012
     0.165047438780E-004    -0.278499999862E+003     0.809518766968E-010    -0.186582128762E-006     0.418435515333E-012
     0.175950275662E-004    -0.278499999762E+003     0.137382606417E-009    -0.321390070869E-006     0.768841899187E-012
     0.187507282134E-004    -0.278499999591E+003     0.231450720768E-009    -0.550582779126E-006     0.140515082957E-011
     0.199757708333E-004    -0.278499999301E+003     0.387195960218E-009    -0.938022809758E-006     0.255426884784E-011
     0.212743159403E-004    -0.278499998814E+003     0.643033701174E-009    -0.158918570537E-005     0.461789833856E-011
     0.226507736794E-004    -0.278499997996E+003     0.105980893542E-008    -0.267715381574E-005     0.830288771572E-011
     0.241098188040E-004    -0.278499996634E+003     0.173378627843E-008    -0.448409246523E-005     0.148453814547E-010
     0.256564065527E-004    -0.278499994378E+003     0.281497590133E-008    -0.746693082398E-005     0.263936460079E-010
     0.272957894778E-004    -0.278499990664E+003     0.453592977274E-008    -0.123605817464E-004     0.466573740315E-010
     0.290335352846E-004    -0.278499984586E+003     0.725320994767E-008    -0.203388973802E-004     0.820012099161E-010
     0.308755457403E-004    -0.278499974699E+003     0.115099829562E-007    -0.332636568300E-004     0.143273217262E-009
     0.328280767180E-004    -0.278499958719E+003     0.181261317414E-007    -0.540666171220E-004     0.248839967985E-009
     0.348977594427E-004    -0.278499933050E+003     0.283285720391E-007    -0.873308744147E-004     0.429587179599E-009
     0.370916230124E-004    -0.278499892079E+003     0.439401217984E-007    -0.140168022902E-003     0.737096713788E-009
     0.394171182707E-004    -0.278499827104E+003     0.676469256743E-007    -0.223530136337E-003     0.125691500974E-008
     0.418821431115E-004    -0.278499724731E+003     0.103379704068E-006    -0.354154714220E-003     0.212991521496E-008
     0.444950693017E-004    -0.278499564494E+003     0.156850096571E-006    -0.557421783048E-003     0.358641724853E-008
     0.472647709137E-004    -0.278499315349E+003     0.236308957854E-006    -0.871511913292E-003     0.600024528844E-008
     0.502006544641E-004    -0.278498930569E+003     0.353609254239E-006    -0.135339983577E-002     0.997366973889E-008
     0.533126908594E-004    -0.278498340340E+003     0.525696733836E-006    -0.208740955222E-002     0.164697644434E-007
     0.566114492604E-004    -0.278497441169E+003     0.776697257191E-006    -0.319730295686E-002     0.270168947440E-007
     0.601081329767E-004    -0.278496080825E+003     0.114082650009E-005    -0.486318446189E-002     0.440219131291E-007
     0.638146175159E-004    -0.278494037160E+003     0.166641786046E-005    -0.734488677428E-002     0.712456231007E-007
     0.677434909153E-004    -0.278490988607E+003     0.242144174762E-005    -0.110139617027E-001     0.114518085303E-006
     0.719080964939E-004    -0.278486473495E+003     0.350095984644E-005    -0.163969314591E-001     0.182804839086E-006
     0.763225781689E-004    -0.278479834548E+003     0.503699985106E-005    -0.242330458597E-001     0.289781178274E-006
     0.810019284919E-004    -0.278470144018E+003     0.721133380874E-005    -0.355504083726E-001     0.456133996595E-006
     0.859620395664E-004    -0.278456103895E+003     0.102715489283E-004    -0.517649265128E-001     0.712893786919E-006
     0.912197570216E-004    -0.278435914570E+003     0.145505635805E-004    -0.748070299011E-001     0.110620802124E-005
     0.967929372233E-004    -0.278407104351E+003     0.204892536369E-004    -0.107281370317E+000     0.170410644121E-005
     0.102700507918E-003    -0.278366311418E+003     0.286609730236E-004    -0.152664621665E+000     0.260598350219E-005
     0.108962532517E-003    -0.278309009527E+003     0.397952044509E-004    -0.215545839844E+000     0.395573687640E-005
     0.115600278233E-003    -0.278229169256E+003     0.547951084892E-004    -0.301912380065E+000     0.595975451683E-005
     0.122636288312E-003    -0.278118848508E+003     0.747401408842E-004    -0.419481807443E+000     0.891123278892E-005
     0.130094458593E-003    -0.277967709884E+003     0.100860220431E-003    -0.578076231803E+000     0.132226238270E-004
     0.138000118665E-003    -0.277762469355E+003     0.134462639888E-003    -0.790029663880E+000     0.194683298865E-004
     0.146380117888E-003    -0.277486291397E+003     0.176787825861E-003    -0.107061090976E+001     0.284400486012E-004
     0.155262916586E-003    -0.277118161223E+003     0.228766316125E-003    -0.143843374594E+001     0.412173661675E-004
     0.164678682697E-003    -0.276632285855E+003     0.290648325744E-003    -0.191581217515E+001     0.592562057287E-004
     0.174659394236E-003    -0.275997602205E+003     0.361481484863E-003    -0.252900100093E+001     0.844974354582E-004
     0.185238947896E-003    -0.275177500619E+003     0.438426139623E-003    -0.330824054498E+001     0.119497144132E-003
     0.196453274170E-003    -0.274129902080E+003     0.515927026946E-003    -0.428749955201E+001     0.167578563357E-003
     0.208340459379E-003    -0.272807848611E+003     0.584809149002E-003    -0.550378434772E+001     0.233003067618E-003
     0.220940875020E-003    -0.271160766981E+003     0.631430179818E-003    -0.699586049793E+001     0.321153818020E-003
     0.234297314879E-003    -0.269136530575E+003     0.637085826181E-003    -0.880222610507E+001     0.438720221925E-003
     0.248455140365E-003    -0.266684332864E+003     0.603394459398E-003    -0.109581919871E+002     0.593864391956E-003
     0.263462434571E-003    -0.263758429956E+003     0.447679286252E-003    -0.134920632435E+002     0.796343754599E-003
     0.279370165569E-003    -0.260322065764E+003     0.167372143689E-003    -0.164204295126E+002     0.105755553018E-002
     0.296232359518E-003    -0.256351640458E+003    -0.222804015594E-003    -0.197429382986E+002     0.139046478491E-002
     0.314106284138E-003    -0.251840154475E+003    -0.855949248304E-003    -0.234378879230E+002     0.180939182719E-002
     0.333052643213E-003    -0.246799341434E+003    -0.169057524180E-002    -0.274579623985E+002     0.232962024324E-002
     0.353135782749E-003    -0.241260209800E+003    -0.267167370586E-002    -0.317296416914E+002     0.296685106700E-002
     0.374423909507E-003    -0.235271540075E+003    -0.393248397820E-002    -0.361557506293E+002     0.373653927399E-002
     0.396989322653E-003    -0.228896903339E+003    -0.531742885027E-002    -0.406216514912E+002     0.465318363040E-002
     0.420908659296E-003    -0.222210376660E+003    -0.662121370563E-002    -0.450050730560E+002     0.572967513514E-002
     0.446263154769E-003    -0.215291467075E+003    -0.818583797445E-002    -0.491876573891E+002     0.697680338902E-002
     0.473138918520E-003    -0.208220024566E+003    -0.932231240924E-002    -0.530672394522E+002     0.840302600145E-002
     0.501627226558E-003    -0.201073058669E+003    -0.101081167799E-001    -0.565625187665E+002     0.100143964852E-001
     0.531824831448E-003    -0.193921141693E+003    -0.103153732839E-001    -0.596191298563E+002     0.118147514394E-001
     0.563834290904E-003    -0.186825329058E+003    -0.103478724804E-001    -0.622102582800E+002     0.138060682071E-001
     0.597764316095E-003    -0.179837546989E+003    -0.993390777827E-002    -0.643307127462E+002     0.159888109372E-001
     0.633730140856E-003    -0.172998729085E+003    -0.904771388820E-002    -0.659953804619E+002     0.183623892483E-001
     0.671853913045E-003    -0.166340208011E+003    -0.743986765188E-002    -0.672309809627E+002     0.209254878662E-001
     0.712265109384E-003    -0.159885078517E+003    -0.570659171325E-002    -0.680714329796E+002     0.236763359191E-001
     0.755100975191E-003    -0.153648681218E+003    -0.401891068644E-002    -0.685556337831E+002     0.266129758532E-001
     0.800506990496E-003    -0.147640056498E+003    -0.226431225976E-002    -0.687240179221E+002     0.297334596644E-001
     0.848637364120E-003    -0.141863241485E+003    -0.921480322115E-003    -0.686165841362E+002     0.330360014960E-001
     0.899655557408E-003    -0.136318316722E+003     0.206318882318E-003    -0.682709888914E+002     0.365190640033E-001
     0.953734839373E-003    -0.131002478172E+003     0.851076409018E-003    -0.677217580448E+002     0.401814080521E-001
     0.101105887516E-002    -0.125910678210E+003     0.125179729241E-002    -0.670011091683E+002     0.440221820326E-001
     0.107182234982E-002    -0.121036292219E+003     0.109432433560E-002    -0.661376487203E+002     0.480409353750E-001
     0.113623162948E-002    -0.116371621672E+003     0.978736359050E-003    -0.651557600594E+002     0.522375709466E-001
     0.120450546223E-002    -0.111908404397E+003     0.616238897277E-003    -0.640778947858E+002     0.566124144185E-001
     0.127687572104E-002    -0.107638729822E+003     0.521738968141E-003    -0.629223094652E+002     0.611661182397E-001
     0.135358819124E-002    -0.103552893686E+003     0.292051703312E-003    -0.617070040450E+002     0.658998149486E-001
     0.143490340526E-002    -0.996423785362E+002     0.316901513588E-003    -0.604462063519E+002     0.708150111550E-001
     0.152109752747E-002    -0.958987493920E+002     0.247065520471E-003    -0.591519089919E+002     0.759135580276E-001
     0.161246329208E-002    -0.923138262580E+002     0.202911061892E-003    -0.578347338695E+002     0.811976727087E-001
     0.170931099734E-002    -0.888795596651E+002    -0.201556776911E-003    -0.565037924853E+002     0.866699353494E-001
     0.181196955938E-002    -0.855889457309E+002    -0.473149308740E-004    -0.551655929586E+002     0.923331557962E-001
     0.192078762926E-002    -0.824350052563E+002     0.344788116703E-003    -0.538270104421E+002     0.981905071801E-001
     0.203613477710E-002    -0.794100609007E+002     0.941835043951E-004    -0.524939469634E+002     0.104245534242E+000
     0.215840274722E-002    -0.765086478606E+002     0.113990084218E-004    -0.511697269564E+002     0.110501952888E+000
     0.228800678855E-002    -0.737235949406E+002     0.851152878439E-004    -0.498591542854E+002     0.116963900781E+000
     0.242538706494E-002    -0.710496084724E+002     0.682656557028E-004    -0.485647276798E+002     0.123635736492E+000
     0.257101015006E-002    -0.684818833590E+002     0.130215963410E-003    -0.472885447187E+002     0.130522040265E+000
     0.272537061195E-002    -0.660134792530E+002    -0.258130760032E-003    -0.460335568190E+002     0.137627801358E+000
     0.288899269272E-002    -0.636411255911E+002    -0.449265445087E-003    -0.448001893432E+002     0.144958101557E+000
     0.306243208897E-002    -0.613604550251E+002    -0.697608969501E-003    -0.435904920917E+002     0.152518410189E+000
     0.324627783907E-002    -0.591655707371E+002    -0.120751448360E-002    -0.424052886319E+002     0.160314442289E+000
     0.344115432366E-002    -0.570540675041E+002    -0.148082805883E-002    -0.412449810557E+002     0.168352119210E+000
     0.364772338618E-002    -0.550208509236E+002    -0.194941308876E-002    -0.401105185100E+002     0.176637711425E+000
     0.386668658063E-002    -0.530634064072E+002    -0.219262173487E-002    -0.390017194755E+002     0.185177652524E+000
     0.409878755421E-002    -0.511777872081E+002    -0.285150813269E-002    -0.379190859788E+002     0.193978709322E+000
     0.434481457293E-002    -0.493606086787E+002    -0.305776170971E-002    -0.368622544601E+002     0.203047819921E+000
     0.460560319869E-002    -0.476091369698E+002    -0.401235351763E-002    -0.358318811314E+002     0.212392367018E+000
     0.488203912708E-002    -0.459202407678E+002    -0.456821567422E-002    -0.348268636530E+002     0.222019763488E+000
     0.517506119535E-002    -0.442900114804E+002    -0.585354332906E-002    -0.338460910658E+002     0.231937415243E+000
     0.548566457095E-002    -0.427187826982E+002    -0.451846344315E-002    -0.328918268928E+002     0.242153727802E+000
     0.581490413132E-002    -0.412002154409E+002    -0.425811983596E-002    -0.319609424228E+002     0.252676534528E+000
     0.616389804647E-002    -0.397305672841E+002    -0.414530740770E-002    -0.310524430297E+002     0.263513648292E+000
     0.653383157655E-002    -0.383054820256E+002    -0.373670178262E-002    -0.301638919439E+002     0.274672283406E+000
     0.692596109728E-002    -0.369178502552E+002    -0.426571399469E-002    -0.292916892809E+002     0.286158419606E+000
     0.734161836681E-002    -0.355593963624E+002    -0.385234008222E-002    -0.284317881736E+002     0.297976299155E+000
     0.778221504872E-002    -0.342176266733E+002    -0.458629793017E-002    -0.275714351366E+002     0.310124182160E+000
     0.824924750635E-002    -0.328741684257E+002    -0.405508948853E-002    -0.267120131698E+002     0.322599559462E+000
     0.874430188470E-002    -0.315112036503E+002    -0.438264822390E-002    -0.258197587292E+002     0.335381744254E+000
     0.926905949743E-002    -0.300880648786E+002    -0.485102823299E-002    -0.248977155252E+002     0.348447010263E+000
     0.982530253690E-002    -0.285752280677E+002    -0.414293002943E-002    -0.239017818682E+002     0.361742210258E+000
     0.104149201269E-001    -0.268774420650E+002    -0.583237243797E-002    -0.227975591177E+002     0.375184052563E+000
     0.110399147386E-001    -0.250517549949E+002    -0.711025056856E-002    -0.215654127872E+002     0.388662320086E+000
     0.117024089912E-001    -0.229470680513E+002    -0.609987457170E-002    -0.201352977302E+002     0.402001839718E+000
     0.124046528610E-001    -0.204762206095E+002    -0.655635475286E-002    -0.184512937423E+002     0.414959148458E+000
     0.131490313229E-001    -0.175594729626E+002    -0.908440075091E-002    -0.164429147536E+002     0.427198901919E+000
     0.139380724499E-001    -0.139824227684E+002    -0.111613981776E-001    -0.139800932167E+002     0.438229773941E+000
     0.147744559993E-001    -0.988063676138E+001    -0.183327512625E-001    -0.111059167045E+002     0.447518592630E+000
     0.156610225139E-001    -0.558329455935E+001    -0.224303795956E-001    -0.805259954872E+001     0.454657785441E+000
     0.166007829686E-001    -0.219662115326E+001    -0.338682687882E-002    -0.560334609711E+001     0.459923589479E+000
     0.175969289968E-001    -0.457793865404E+000     0.432915971051E-002    -0.435574742549E+001     0.464262552120E+000
     0.186528437297E-001     0.162068089542E+000     0.115598013335E-001    -0.388990315094E+001     0.468369976303E+000
     0.197087584626E-001     0.208985733126E+000     0.156860374247E-001    -0.386564095400E+001     0.472451797143E+000
     0.208280280191E-001     0.149258491210E+000     0.250599009431E-001    -0.390730241599E+001     0.476825211732E+000
     0.219472975755E-001     0.144029159116E-001     0.214833476196E-001    -0.400447953050E+001     0.481307368259E+000
     0.231337232413E-001    -0.119760340050E+000     0.177176821261E-001    -0.409625747557E+001     0.486167318723E+000
     0.243913343792E-001    -0.200544230512E+000     0.172010154682E-001    -0.415536547118E+001     0.491393197394E+000
     0.257244021133E-001    -0.238234652675E+000     0.187101548270E-001    -0.417804797202E+001     0.496962874184E+000
     0.270574698475E-001    -0.353693797496E+000     0.241358020677E-001    -0.425818627522E+001     0.502639416098E+000
     0.284705215694E-001    -0.270012959361E+000     0.145666317186E-001    -0.420314680339E+001     0.508578715593E+000
     0.298835732914E-001    -0.251698292170E+000     0.752537189362E-002    -0.419065322880E+001     0.514500334902E+000
     0.313814080358E-001    -0.151611470032E+000     0.881793704046E-003    -0.412081601184E+001     0.520672636441E+000
     0.329691127792E-001    -0.388089353023E-001    -0.743956996581E-002    -0.403938455484E+001     0.527085997336E+000
     0.346520797163E-001     0.766564452267E-001    -0.159750027278E-001    -0.395523027490E+001     0.533742573412E+000
     0.364360245733E-001     0.194407305168E+000    -0.189999312041E-001    -0.386912624492E+001     0.540644964500E+000
     0.383270060197E-001     0.307875795699E+000    -0.173994633175E-001    -0.378640409952E+001     0.547805059997E+000
     0.403314462447E-001     0.406024251987E+000    -0.113429915349E-001    -0.371463322356E+001     0.555250854965E+000
     0.424561527684E-001     0.488191739540E+000    -0.425375411158E-002    -0.365375380027E+001     0.563014014762E+000
     0.447083415620E-001     0.557496703545E+000     0.747413346530E-002    -0.360240471700E+001     0.571127327758E+000
     0.470956615544E-001     0.612964467341E+000     0.117773888327E-001    -0.355741392816E+001     0.579620059691E+000
     0.496262206097E-001     0.741019511808E+000     0.154521604278E-001    -0.347192753392E+001     0.588406064366E+000
     0.521567796650E-001     0.780885506447E+000     0.211771932843E-001    -0.344463961063E+001     0.597123093056E+000
     0.548391721188E-001     0.755109157029E+000     0.252089746709E-001    -0.345537508101E+001     0.606392011760E+000
     0.576825079664E-001     0.822885054629E+000     0.192546046547E-001    -0.341313490511E+001     0.616096855011E+000
     0.606964438021E-001     0.890257721473E+000     0.129047786651E-001    -0.336262976937E+001     0.626231680007E+000
     0.638912156155E-001     0.928482368518E+000     0.121587423980E-001    -0.333046099056E+001     0.636871813811E+000
     0.672776735549E-001     0.101299381957E+001     0.243164497544E-003    -0.327091100153E+001     0.647948616372E+000
     0.708673187769E-001     0.110026313791E+001    -0.832609431473E-002    -0.320768523506E+001     0.659463107139E+000
     0.746723425068E-001     0.122226086045E+001    -0.976707424515E-002    -0.312200864633E+001     0.671342482256E+000
     0.787056674427E-001     0.133930309141E+001    -0.173395174093E-001    -0.303846338682E+001     0.683597791950E+000
     0.829809916441E-001     0.140091385492E+001    -0.225053986706E-001    -0.299144828885E+001     0.696387565147E+000
     0.875128350529E-001     0.148965571364E+001    -0.178705554673E-001    -0.292953649940E+001     0.709664012834E+000
     0.920446784617E-001     0.153646580502E+001    -0.135218974312E-001    -0.289560650419E+001     0.722786591165E+000
     0.968484322157E-001     0.157618346637E+001    -0.495407668135E-002    -0.286476397392E+001     0.736548232436E+000
     0.101940410920E+000     0.159074800310E+001     0.909677417452E-005    -0.284927898011E+001     0.751056700325E+000
     0.107337908055E+000     0.162006965321E+001     0.720074816746E-002    -0.282651597681E+001     0.766312861720E+000
     0.113059254710E+000     0.166580673447E+001     0.129424303889E-001    -0.279780715565E+001     0.782320257599E+000
     0.119123881836E+000     0.168993502722E+001     0.170354815646E-001    -0.278020194898E+001     0.799181462277E+000
     0.125552386243E+000     0.170391876994E+001     0.194602429609E-001    -0.276617850544E+001     0.816964293029E+000
     0.132366600547E+000     0.173460411329E+001     0.208670579201E-001    -0.274411175896E+001     0.835663799257E+000
     0.139589667319E+000     0.177172574899E+001     0.168146586538E-001    -0.271711891614E+001     0.855290106414E+000
     0.147246117684E+000     0.183298290181E+001     0.111629131702E-001    -0.267517066724E+001     0.875772596165E+000
     0.155361954632E+000     0.188598012757E+001     0.284537903988E-002    -0.263707325572E+001     0.897174665188E+000
     0.163964741333E+000     0.194487964746E+001    -0.569676359908E-002    -0.259446968964E+001     0.919494388335E+000
     0.173083694744E+000     0.200268233153E+001    -0.102437036214E-001    -0.255294821193E+001     0.942774791547E+000
     0.182749784838E+000     0.204176368844E+001    -0.136531783619E-001    -0.252339247322E+001     0.967166487562E+000
     0.192415874932E+000     0.208158546715E+001    -0.113011066570E-001    -0.249381259677E+001     0.991272152312E+000
     0.202081965026E+000     0.212685999774E+001    -0.569970608485E-002    -0.246120530548E+001     0.101506244833E+001
     0.211748055120E+000     0.216870344679E+001     0.795414200996E-003    -0.243139342583E+001     0.103856451749E+001
     0.221414145214E+000     0.220144663337E+001     0.467101235778E-002    -0.240603016297E+001     0.106182146564E+001
     0.231080235308E+000     0.222773745285E+001     0.727808967318E-002    -0.238761401906E+001     0.108490046509E+001
     0.241080235308E+000     0.224650472683E+001     0.963705522832E-002    -0.237173742767E+001     0.110861803515E+001
     0.251080235308E+000     0.227418885705E+001     0.115102768480E-001    -0.235411368913E+001     0.113215945344E+001
     0.261080235308E+000     0.228214667533E+001     0.893225923352E-002    -0.234819504889E+001     0.115564157381E+001
     0.271080235308E+000     0.230019779725E+001     0.769911566556E-002    -0.233510507052E+001     0.117899275144E+001
     0.281080235308E+000     0.231863320877E+001     0.567557122882E-002    -0.232196625893E+001     0.120221248339E+001
     0.291080235308E+000     0.234370615879E+001     0.379909144781E-002    -0.230311793775E+001     0.122524369410E+001
     0.301080235308E+000     0.236390198905E+001     0.134464244515E-002    -0.228870572604E+001     0.124813075531E+001
     0.311080235308E+000     0.238155062877E+001    -0.381662936403E-003    -0.227593864637E+001     0.127089014210E+001
     0.321080235308E+000     0.239971865038E+001    -0.214314755181E-002    -0.226286084520E+001     0.129351876070E+001
     0.331080235308E+000     0.241493929305E+001    -0.234581216431E-002    -0.225136425314E+001     0.131603241545E+001
     0.341080235308E+000     0.243581158741E+001    -0.313401460554E-002    -0.223676403209E+001     0.133840007773E+001
     0.351080235308E+000     0.245242296227E+001    -0.326425141594E-002    -0.222473888766E+001     0.136064749055E+001
     0.361080235308E+000     0.246866429535E+001    -0.313116622534E-002    -0.221290377265E+001     0.138277655043E+001
     0.371080235308E+000     0.248483107747E+001    -0.158664784083E-002    -0.220085154847E+001     0.140478507163E+001
     0.381080235308E+000     0.250291760410E+001    -0.178297098991E-002    -0.218713000270E+001     0.142665637893E+001
     0.391080235308E+000     0.252392965788E+001    -0.118666604342E-002    -0.217200576647E+001     0.144837643984E+001
     0.401080235308E+000     0.254418445146E+001     0.518833802083E-004    -0.215707193851E+001     0.146994715923E+001
     0.411080235308E+000     0.253260531451E+001    -0.668190864844E-003    -0.216316913994E+001     0.149157885166E+001
     0.421080235308E+000     0.254759640701E+001     0.626503517228E-003    -0.215196733243E+001     0.151309852589E+001
     0.431080235308E+000     0.258528279659E+001     0.373528875769E-002    -0.212640687293E+001     0.153436262743E+001
     0.441080235308E+000     0.257086284799E+001     0.293821348567E-002    -0.213489017361E+001     0.155571154939E+001
     0.451080235308E+000     0.257657913841E+001     0.307368739624E-002    -0.213063468191E+001     0.157701791838E+001
     0.461080235308E+000     0.261107935117E+001     0.579662840725E-002    -0.210836424306E+001     0.159810164049E+001
     0.471080235308E+000     0.259235479064E+001     0.465504286718E-002    -0.211980943546E+001     0.161929978596E+001
     0.481080235308E+000     0.259953214660E+001     0.407459380588E-002    -0.211536563733E+001     0.164045348157E+001
     0.491080235308E+000     0.260680128667E+001     0.306945014548E-002    -0.211061044159E+001     0.166155960831E+001
     0.501080235308E+000     0.260158815214E+001     0.159403085792E-002    -0.211385372064E+001     0.168269815152E+001
     0.511080235308E+000     0.260680363417E+001     0.769241428632E-003    -0.211023313588E+001     0.170380048429E+001
     0.521080235308E+000     0.262457060035E+001     0.429182574183E-003    -0.209830829684E+001     0.172478356769E+001
     0.531080235308E+000     0.263474740506E+001     0.831588019321E-004    -0.209118417897E+001     0.174569540950E+001
     0.541080235308E+000     0.264339208001E+001    -0.416664089213E-003    -0.208469861767E+001     0.176654239609E+001
     0.551080235308E+000     0.265421273910E+001    -0.132294944924E-002    -0.207639842614E+001     0.178730638457E+001
     0.561080235308E+000     0.266699712889E+001    -0.143635375198E-002    -0.206663294436E+001     0.180797271900E+001
     0.571080235308E+000     0.268417240630E+001    -0.196216240337E-002    -0.205412104545E+001     0.182851393883E+001
     0.581080235308E+000     0.269965313726E+001    -0.854301276208E-003    -0.204272278088E+001     0.184894116842E+001
     0.591080235308E+000     0.271255021108E+001    -0.153810546841E-002    -0.203324803755E+001     0.186927365462E+001
     0.601080235308E+000     0.272270787280E+001    -0.107174964134E-002    -0.202586449000E+001     0.188953230235E+001
     0.611080235308E+000     0.273084684187E+001    -0.795649538589E-003    -0.201992922274E+001     0.190973159615E+001
     0.621080235308E+000     0.273527962426E+001    -0.135741772504E-002    -0.201654092036E+001     0.192989700992E+001
     0.631080235308E+000     0.274314207088E+001    -0.756874937068E-003    -0.201104997913E+001     0.195000751113E+001
     0.641080235308E+000     0.277917666526E+001    -0.329301907589E-004    -0.198731864082E+001     0.196988069755E+001
     0.651080235308E+000     0.277222920809E+001    -0.286230962133E-003    -0.199124747320E+001     0.198979317248E+001
     0.661080235308E+000     0.279335788617E+001     0.448981621986E-003    -0.197691844675E+001     0.200956235746E+001
     0.671080235308E+000     0.278674690592E+001     0.273646027903E-003    -0.198048098294E+001     0.202936716748E+001
     0.681080235308E+000     0.278194382437E+001    -0.382009781025E-003    -0.198280078716E+001     0.204919517572E+001
     0.691080235308E+000     0.279205888932E+001    -0.587775819347E-004    -0.197574752171E+001     0.206895265094E+001
     0.701080235308E+000     0.282058175573E+001     0.246160768490E-002    -0.195651449010E+001     0.208851781133E+001
     0.711080235308E+000     0.281427591487E+001     0.213326435013E-002    -0.196015871708E+001     0.210811941011E+001
     0.721080235308E+000     0.281223970548E+001     0.223901912460E-002    -0.196114082061E+001     0.212773083110E+001
     0.731080235308E+000     0.282318684856E+001     0.112232897857E-002    -0.195378267838E+001     0.214726866110E+001
     0.741080235308E+000     0.282156275920E+001     0.160109803800E-002    -0.195490117143E+001     0.216681767938E+001
     0.751080235308E+000     0.282002902590E+001     0.173119559804E-002    -0.195571437999E+001     0.218637483084E+001
