 #        time                      h  [L]            Darcian flow [L.T^{-1}]   in    x         z              directions   cumulative flux
 #-----------------------------------------------------------------------------------------------

     0.100000000000E-006     0.400000000000E+001    -0.390633830937E-012    -0.318976729624E+004     0.318976729624E-003
     0.205999994278E-006     0.400000000000E+001    -0.383997459249E-012    -0.313557720900E+004     0.651347895837E-003
     0.318359982147E-006     0.400000000000E+001    -0.377022038359E-012    -0.307861857494E+004     0.997261441571E-003
     0.437461562859E-006     0.400000000000E+001    -0.369695402751E-012    -0.301879205505E+004     0.135680434717E-002
     0.563709231599E-006     0.400000000000E+001    -0.362005983989E-012    -0.295600318591E+004     0.172999285818E-002
     0.697531753239E-006     0.400000000000E+001    -0.353943113801E-012    -0.289016485445E+004     0.211676200696E-002
     0.839383618521E-006     0.400000000000E+001    -0.345497409395E-012    -0.282120044437E+004     0.251695455232E-002
     0.989746587602E-006     0.400000000000E+001    -0.336661262022E-012    -0.274904782552E+004     0.293030954551E-002
     0.114913132622E-005     0.400000000000E+001    -0.327429454410E-012    -0.267366439562E+004     0.335645084637E-002
     0.131807914004E-005     0.400000000000E+001    -0.317799937535E-012    -0.259503342315E+004     0.379487607000E-002
     0.149716381303E-005     0.400000000000E+001    -0.307774801815E-012    -0.251317197766E+004     0.424494665177E-002
     0.168699355614E-005     0.400000000000E+001    -0.297361480613E-012    -0.242814075715E+004     0.470587998794E-002
     0.188821307298E-005     0.400000000000E+001    -0.286574222881E-012    -0.234005611316E+004     0.517674494841E-002
     0.210150574931E-005     0.400000000000E+001    -0.275435862663E-012    -0.224910449980E+004     0.565646246653E-002
     0.232759597402E-005     0.400000000000E+001    -0.263979889768E-012    -0.215555938211E+004     0.614381337160E-002
     0.256725159928E-005     0.400000000000E+001    -0.252252778871E-012    -0.205980025462E+004     0.663745608952E-002
     0.282128654833E-005     0.400000000000E+001    -0.240316451404E-012    -0.196233274419E+004     0.713595718823E-002
     0.309056357980E-005     0.400000000000E+001    -0.228250612637E-012    -0.186380769375E+004     0.763783779122E-002
     0.337599721774E-005     0.400000000000E+001    -0.216154517630E-012    -0.176503558235E+004     0.814163831859E-002
     0.367855685763E-005     0.400000000000E+001    -0.204147485156E-012    -0.166699072172E+004     0.864600243105E-002
     0.399927005860E-005     0.400000000000E+001    -0.192367250201E-012    -0.157079780338E+004     0.914977802265E-002
     0.433922603327E-005     0.400000000000E+001    -0.180965140556E-012    -0.147769251250E+004     0.965212842101E-002
     0.469957934698E-005     0.400000000000E+001    -0.170097269325E-012    -0.138894960933E+004     0.101526410153E-001
     0.508155383889E-005     0.400000000000E+001    -0.159911653890E-012    -0.130577774752E+004     0.106514148070E-001
     0.548644677845E-005     0.400000000000E+001    -0.150532460294E-012    -0.122919081975E+004     0.111491054912E-001
     0.591563327122E-005     0.400000000000E+001    -0.142044131850E-012    -0.115987835798E+004     0.116469096157E-001
     0.637057092900E-005     0.400000000000E+001    -0.134479263719E-012    -0.109810652192E+004     0.121464796248E-001
     0.685280482021E-005     0.400000000000E+001    -0.127813885126E-012    -0.104367957533E+004     0.126497772876E-001
     0.736397271730E-005     0.400000000000E+001    -0.121971997635E-012    -0.995976943883E+003     0.131588887276E-001
     0.790581065897E-005     0.400000000000E+001    -0.116838468426E-012    -0.954058496762E+003     0.136758338197E-001
     0.848015884613E-005     0.400000000000E+001    -0.112296461891E-012    -0.916970198827E+003     0.142024939911E-001
     0.908896789166E-005     0.400000000000E+001    -0.108181486620E-012    -0.883368875786E+003     0.147402969532E-001
     0.973430544509E-005     0.400000000000E+001    -0.104370325146E-012    -0.852248380664E+003     0.152902848381E-001
     0.104183632148E-004     0.400000000000E+001    -0.100764745713E-012    -0.822806590305E+003     0.158531320791E-001
     0.111434644115E-004     0.400000000000E+001    -0.972967501834E-013    -0.794488257767E+003     0.164292164656E-001
     0.119120716386E-004     0.400000000000E+001    -0.939285529213E-013    -0.766984839928E+003     0.170187265566E-001
     0.127267952553E-004     0.400000000000E+001    -0.906482398242E-013    -0.740199050758E+003     0.176217842044E-001
     0.135904022424E-004     0.400000000000E+001    -0.874624607725E-013    -0.714185190648E+003     0.182385595251E-001
     0.145058255993E-004     0.400000000000E+001    -0.843877577344E-013    -0.689078335020E+003     0.188693579277E-001
     0.154761743052E-004     0.400000000000E+001    -0.814421936700E-013    -0.665025979137E+003     0.195146650259E-001
     0.165047438780E-004     0.400000000000E+001    -0.786387409342E-013    -0.642134050315E+003     0.201751445717E-001
     0.175950275662E-004     0.400000000000E+001    -0.759813896658E-013    -0.620435130510E+003     0.208515948742E-001
     0.187507282134E-004     0.400000000000E+001    -0.734642518697E-013    -0.599881140594E+003     0.215448778966E-001
     0.199757708333E-004     0.400000000000E+001    -0.710732634235E-013    -0.580357238291E+003     0.222558402482E-001
     0.212743159403E-004     0.400000000000E+001    -0.687896101193E-013    -0.561709793936E+003     0.229852457527E-001
     0.226507736794E-004     0.400000000000E+001    -0.665938110166E-013    -0.543779733577E+003     0.237337355753E-001
     0.241098188040E-004     0.400000000000E+001    -0.644694557793E-013    -0.526433056651E+003     0.245018251601E-001
     0.256564065527E-004     0.400000000000E+001    -0.624058247642E-013    -0.509582230629E+003     0.252899387949E-001
     0.272957894778E-004     0.400000000000E+001    -0.603989375929E-013    -0.493194753254E+003     0.260984738522E-001
     0.290335352846E-004     0.400000000000E+001    -0.584509275331E-013    -0.477288043979E+003     0.269278791492E-001
     0.308755457403E-004     0.400000000000E+001    -0.565679941534E-013    -0.461912726124E+003     0.277787272204E-001
     0.328280767180E-004     0.400000000000E+001    -0.547574993887E-013    -0.447128914450E+003     0.286517602769E-001
     0.348977594427E-004     0.400000000000E+001    -0.530249672536E-013    -0.432981715957E+003     0.295478950545E-001
     0.370916230124E-004     0.400000000000E+001    -0.513717503642E-013    -0.419482175595E+003     0.304681817177E-001
     0.394171182707E-004     0.400000000000E+001    -0.497939182246E-013    -0.406598198430E+003     0.314137239002E-001
     0.418821431115E-004     0.400000000000E+001    -0.482825695677E-013    -0.394257100099E+003     0.323855774456E-001
     0.444950693017E-004     0.400000000000E+001    -0.468253970106E-013    -0.382358383194E+003     0.333846516790E-001
     0.472647709137E-004     0.400000000000E+001    -0.454090494034E-013    -0.370793027304E+003     0.344116377245E-001
     0.502006544641E-004     0.400000000000E+001    -0.440216985907E-013    -0.359464448209E+003     0.354669834849E-001
     0.533126908594E-004     0.400000000000E+001    -0.426552180633E-013    -0.348306287927E+003     0.365509253297E-001
     0.566114492604E-004     0.400000000000E+001    -0.413064935086E-013    -0.337293116165E+003     0.376635738302E-001
     0.601081329767E-004     0.400000000000E+001    -0.399775864452E-013    -0.326441766500E+003     0.388050374395E-001
     0.638146175159E-004     0.400000000000E+001    -0.386747396699E-013    -0.315803215236E+003     0.399755571742E-001
     0.677434909153E-004     0.400000000000E+001    -0.374065019327E-013    -0.305447268214E+003     0.411756208212E-001
     0.719080964939E-004     0.400000000000E+001    -0.361814807626E-013    -0.295444211244E+003     0.424060294315E-001
     0.763225781689E-004     0.400000000000E+001    -0.350063234553E-013    -0.285848323612E+003     0.436679016179E-001
     0.810019284919E-004     0.400000000000E+001    -0.338844646271E-013    -0.276687651090E+003     0.449626200674E-001
     0.859620395664E-004     0.400000000000E+001    -0.328167321542E-013    -0.267968953800E+003     0.462917758428E-001
     0.912197570216E-004     0.400000000000E+001    -0.317985955134E-013    -0.259655237212E+003     0.476569697158E-001
     0.967929372233E-004     0.400000000000E+001    -0.308244936463E-013    -0.251701091839E+003     0.490597452576E-001
     0.102700507918E-003     0.400000000000E+001    -0.298887253115E-013    -0.244059963512E+003     0.505015467458E-001
     0.108962532517E-003     0.400000000000E+001    -0.289863477073E-013    -0.236691491191E+003     0.519837146859E-001
     0.115600278233E-003     0.400000000000E+001    -0.281138231113E-013    -0.229566787182E+003     0.535075206441E-001
     0.122636288312E-003     0.400000000000E+001    -0.272690993715E-013    -0.222669094391E+003     0.550742226366E-001
     0.130094458593E-003     0.400000000000E+001    -0.264512251658E-013    -0.215990644684E+003     0.566851176438E-001
     0.138000118665E-003     0.400000000000E+001    -0.256597529426E-013    -0.209527783525E+003     0.583415730759E-001
     0.146380117888E-003     0.400000000000E+001    -0.248942066940E-013    -0.203276624014E+003     0.600450310273E-001
     0.155262916586E-003     0.400000000000E+001    -0.241537997048E-013    -0.197230742135E+003     0.617969920066E-001
     0.164678682697E-003     0.400000000000E+001    -0.234374351393E-013    -0.191381181543E+003     0.635989924500E-001
     0.174659394236E-003     0.400000000000E+001    -0.227438892383E-013    -0.185717949487E+003     0.654525897314E-001
     0.185238947896E-003     0.400000000000E+001    -0.220720226334E-013    -0.180231742317E+003     0.673593611205E-001
     0.196453274170E-003     0.400000000000E+001    -0.214209000758E-013    -0.174914923149E+003     0.693209141390E-001
     0.208340459379E-003     0.400000000000E+001    -0.207897849067E-013    -0.169761476707E+003     0.713389002539E-001
     0.220940875020E-003     0.400000000000E+001    -0.201780537753E-013    -0.164766312943E+003     0.734150242807E-001
     0.234297314879E-003     0.400000000000E+001    -0.195851070302E-013    -0.159924535334E+003     0.755510467189E-001
     0.248455140365E-003     0.400000000000E+001    -0.190109618719E-013    -0.155236284332E+003     0.777488549416E-001
     0.263462434571E-003     0.400000000000E+001    -0.184531827548E-013    -0.150681672198E+003     0.800101791276E-001
     0.279370165569E-003     0.400000000000E+001    -0.179128185846E-013    -0.146269263897E+003     0.823369912310E-001
     0.296232359518E-003     0.400000000000E+001    -0.173896536161E-013    -0.141997297737E+003     0.847313772056E-001
     0.314106284138E-003     0.400000000000E+001    -0.168808633397E-013    -0.137842709844E+003     0.871951674109E-001
     0.333052643213E-003     0.400000000000E+001    -0.163884841029E-013    -0.133822128261E+003     0.897306095051E-001
     0.353135782749E-003     0.400000000000E+001    -0.159117472466E-013    -0.129929276406E+003     0.923399972929E-001
     0.374423909507E-003     0.400000000000E+001    -0.154478045328E-013    -0.126140896654E+003     0.950253006903E-001
     0.396989322653E-003     0.400000000000E+001    -0.149983744146E-013    -0.122471021237E+003     0.977889098828E-001
     0.420908659296E-003     0.400000000000E+001    -0.145632710470E-013    -0.118918132617E+003     0.100633352730E+000
     0.446263154769E-003     0.400000000000E+001    -0.141401820490E-013    -0.115463348770E+003     0.103560867684E+000
     0.473138918520E-003     0.400000000000E+001    -0.137291688050E-013    -0.112107170938E+003     0.106573833524E+000
     0.501627226558E-003     0.400000000000E+001    -0.133307583892E-013    -0.108853903006E+003     0.109674897044E+000
     0.531824831448E-003     0.400000000000E+001    -0.129448054133E-013    -0.105702357792E+003     0.112866855081E+000
     0.563834290904E-003     0.400000000000E+001    -0.125698064644E-013    -0.102640258997E+003     0.116152314290E+000
     0.597764316095E-003     0.400000000000E+001    -0.122054668161E-013    -0.996651999959E+002     0.119533957036E+000
     0.633730140856E-003     0.400000000000E+001    -0.118521778411E-013    -0.967803765897E+002     0.123014743101E+000
     0.671853913045E-003     0.400000000000E+001    -0.115094024516E-013    -0.939814031244E+002     0.126597668704E+000
     0.712265109384E-003     0.400000000000E+001    -0.111764142774E-013    -0.912623483373E+002     0.130285689381E+000
     0.755100975191E-003     0.400000000000E+001    -0.108531709845E-013    -0.886228665445E+002     0.134081926600E+000
     0.800506990496E-003     0.400000000000E+001    -0.105394890911E-013    -0.860614595035E+002     0.137989634547E+000
     0.848637364120E-003     0.400000000000E+001    -0.102348330457E-013    -0.835737541043E+002     0.142012070557E+000
     0.899655557408E-003     0.400000000000E+001    -0.993915255695E-014    -0.811593396877E+002     0.146152673437E+000
     0.953734839373E-003     0.400000000000E+001    -0.965212702841E-014    -0.788155983842E+002     0.150414964405E+000
     0.101105887516E-002     0.400000000000E+001    -0.937357285890E-014    -0.765410309766E+002     0.154802605204E+000
     0.107182234982E-002     0.400000000000E+001    -0.910279499144E-014    -0.743299618941E+002     0.159319151960E+000
     0.113623162948E-002     0.400000000000E+001    -0.884057304179E-014    -0.721887571824E+002     0.163968777809E+000
     0.120450546223E-002     0.400000000000E+001    -0.858559760385E-014    -0.701067247294E+002     0.168755232608E+000
     0.127687572104E-002     0.400000000000E+001    -0.833894857922E-014    -0.680926826006E+002     0.173683117671E+000
     0.135358819124E-002     0.400000000000E+001    -0.809912174298E-014    -0.661343478677E+002     0.178756446861E+000
     0.143490340526E-002     0.400000000000E+001    -0.786621518380E-014    -0.642325214852E+002     0.183979528093E+000
     0.152109752747E-002     0.400000000000E+001    -0.764006571751E-014    -0.623858709534E+002     0.189356823478E+000
     0.161246329208E-002     0.400000000000E+001    -0.742048391855E-014    -0.605928494952E+002     0.194892935502E+000
     0.170931099734E-002     0.400000000000E+001    -0.720712447136E-014    -0.588506373951E+002     0.200592484687E+000
     0.181196955938E-002     0.400000000000E+001    -0.700018638527E-014    -0.571608596874E+002     0.206460536347E+000
     0.192078762926E-002     0.400000000000E+001    -0.679950675640E-014    -0.555221861612E+002     0.212502353481E+000
     0.203613477710E-002     0.400000000000E+001    -0.660462289891E-014    -0.539308386998E+002     0.218723121906E+000
     0.215840274722E-002     0.400000000000E+001    -0.641561489711E-014    -0.523874712413E+002     0.225128431674E+000
     0.228800678855E-002     0.400000000000E+001    -0.623175516899E-014    -0.508861426277E+002     0.231723481406E+000
     0.242538706494E-002     0.400000000000E+001    -0.605330252798E-014    -0.494289662308E+002     0.238514046449E+000
     0.257101015006E-002     0.400000000000E+001    -0.588010607352E-014    -0.480147098544E+002     0.245506096629E+000
     0.272537061195E-002     0.400000000000E+001    -0.571160449977E-014    -0.466387900882E+002     0.252705281808E+000
     0.288899269272E-002     0.400000000000E+001    -0.554803133658E-014    -0.453031138484E+002     0.260117871562E+000
     0.306243208897E-002     0.400000000000E+001    -0.538925908976E-014    -0.440066400656E+002     0.267750356646E+000
     0.324627783907E-002     0.400000000000E+001    -0.523489913157E-014    -0.427461953537E+002     0.275609062995E+000
     0.344115432366E-002     0.400000000000E+001    -0.508505089751E-014    -0.415225916652E+002     0.283700839690E+000
     0.364772338618E-002     0.400000000000E+001    -0.493943473448E-014    -0.403335454592E+002     0.292032502363E+000
     0.386668658063E-002     0.400000000000E+001    -0.479801362326E-014    -0.391787544507E+002     0.300611207592E+000
     0.409878755421E-002     0.400000000000E+001    -0.466061143514E-014    -0.380567804398E+002     0.309444223383E+000
     0.434481457293E-002     0.400000000000E+001    -0.452720268062E-014    -0.369674152888E+002     0.318539206357E+000
     0.460560319869E-002     0.400000000000E+001    -0.439745256736E-014    -0.359079252110E+002     0.327903584826E+000
     0.488203912708E-002     0.400000000000E+001    -0.427158279180E-014    -0.348801204949E+002     0.337545703318E+000
     0.517506119535E-002     0.400000000000E+001    -0.414999419002E-014    -0.338872742158E+002     0.347475422497E+000
     0.548566457095E-002     0.400000000000E+001    -0.403054709128E-014    -0.329119146360E+002     0.357697974280E+000
     0.581490413132E-002     0.400000000000E+001    -0.391497726997E-014    -0.319682154291E+002     0.368223175474E+000
     0.616389804647E-002     0.400000000000E+001    -0.380241825298E-014    -0.310491013052E+002     0.379059122900E+000
     0.653383157655E-002     0.400000000000E+001    -0.369259341418E-014    -0.301523134405E+002     0.390213474651E+000
     0.692596109728E-002     0.400000000000E+001    -0.358557493515E-014    -0.292784412424E+002     0.401694415783E+000
     0.734161836681E-002     0.400000000000E+001    -0.347899206799E-014    -0.284081260851E+002     0.413502459904E+000
     0.778221504872E-002     0.400000000000E+001    -0.337498081578E-014    -0.275588097575E+002     0.425644780041E+000
     0.824924750635E-002     0.400000000000E+001    -0.326771197811E-014    -0.266828932259E+002     0.438106557241E+000
     0.874430188470E-002     0.400000000000E+001    -0.316096336657E-014    -0.258112246631E+002     0.450884517021E+000
     0.926905949743E-002     0.400000000000E+001    -0.304678210822E-014    -0.248788639332E+002     0.463939890266E+000
     0.982530253690E-002     0.400000000000E+001    -0.292571740057E-014    -0.238902955743E+002     0.477228700890E+000
     0.104149201269E-001     0.400000000000E+001    -0.278506293670E-014    -0.227417647165E+002     0.490637645394E+000
     0.110399147386E-001     0.400000000000E+001    -0.263847588568E-014    -0.215447906083E+002     0.504103023434E+000
     0.117024089912E-001     0.400000000000E+001    -0.246739117739E-014    -0.201477779479E+002     0.517450810527E+000
     0.124046528610E-001     0.400000000000E+001    -0.226332702721E-014    -0.184814677080E+002     0.530429307931E+000
     0.131490313229E-001     0.400000000000E+001    -0.202002160676E-014    -0.164947281793E+002     0.542707628322E+000
     0.139380724499E-001     0.400000000000E+001    -0.171515739674E-014    -0.140053229873E+002     0.553758404156E+000
     0.147744559993E-001     0.400000000000E+001    -0.136210047341E-014    -0.111223944272E+002     0.563060991885E+000
     0.156610225139E-001     0.400000000000E+001    -0.986629436109E-015    -0.805644073700E+001     0.570203562469E+000
     0.166007829686E-001     0.400000000000E+001    -0.688635991648E-015    -0.562313960341E+001     0.575487966700E+000
     0.175969289968E-001     0.400000000000E+001    -0.531563520073E-015    -0.434054553887E+001     0.579811783898E+000
     0.186528437297E-001     0.400000000000E+001    -0.478205109877E-015    -0.390484105466E+001     0.583934963098E+000
     0.197087584626E-001     0.400000000000E+001    -0.472706256708E-015    -0.385993951103E+001     0.588010730095E+000
     0.208280280191E-001     0.400000000000E+001    -0.478556764290E-015    -0.390771253085E+001     0.592384513767E+000
     0.219472975755E-001     0.400000000000E+001    -0.490626250276E-015    -0.400626736311E+001     0.596868606861E+000
     0.231337232413E-001     0.400000000000E+001    -0.502793755718E-015    -0.410562258496E+001     0.601739622870E+000
     0.243913343792E-001     0.400000000000E+001    -0.510327822465E-015    -0.416714290864E+001     0.606980268205E+000
     0.257244021133E-001     0.400000000000E+001    -0.514346909772E-015    -0.419996124703E+001     0.612579101028E+000
     0.270574698475E-001     0.400000000000E+001    -0.524189248860E-015    -0.428033004475E+001     0.618285070902E+000
     0.284705215694E-001     0.400000000000E+001    -0.516776232484E-015    -0.421979817237E+001     0.624247863976E+000
     0.298835732914E-001     0.400000000000E+001    -0.514971864492E-015    -0.420506438959E+001     0.630189837453E+000
     0.313814080358E-001     0.400000000000E+001    -0.505693197902E-015    -0.412929832711E+001     0.636374843957E+000
     0.329691127792E-001     0.400000000000E+001    -0.495631169614E-015    -0.404713563093E+001     0.642800500395E+000
     0.346520797163E-001     0.400000000000E+001    -0.485253840590E-015    -0.396239830887E+001     0.649469085741E+000
     0.364360245733E-001     0.400000000000E+001    -0.474720043853E-015    -0.387638333096E+001     0.656384339848E+000
     0.383270060197E-001     0.400000000000E+001    -0.464519672830E-015    -0.379309098063E+001     0.663557004517E+000
     0.403314462447E-001     0.400000000000E+001    -0.455755076362E-015    -0.372152261925E+001     0.671016574153E+000
     0.424561527684E-001     0.400000000000E+001    -0.448503994245E-015    -0.366231304044E+001     0.678797914562E+000
     0.447083415620E-001     0.400000000000E+001    -0.442407649064E-015    -0.361253260428E+001     0.686934020010E+000
     0.470956615544E-001     0.400000000000E+001    -0.437770253834E-015    -0.357466539854E+001     0.695467890182E+000
     0.496262206097E-001     0.400000000000E+001    -0.425337801834E-015    -0.347314672386E+001     0.704256893074E+000
     0.521567796650E-001     0.400000000000E+001    -0.421804489927E-015    -0.344429504262E+001     0.712972885084E+000
     0.548391721188E-001     0.400000000000E+001    -0.424973966550E-015    -0.347017578330E+001     0.722281258418E+000
     0.576825079664E-001     0.400000000000E+001    -0.418044634578E-015    -0.341359349381E+001     0.731987251168E+000
     0.606964438021E-001     0.400000000000E+001    -0.412490845859E-015    -0.336824336736E+001     0.742138920556E+000
     0.638912156155E-001     0.400000000000E+001    -0.409289385528E-015    -0.334210145989E+001     0.752816172098E+000
     0.672776735549E-001     0.400000000000E+001    -0.401497593423E-015    -0.327847664896E+001     0.763918595375E+000
     0.708673187769E-001     0.400000000000E+001    -0.393713836294E-015    -0.321491744859E+001     0.775459008433E+000
     0.746723425068E-001     0.400000000000E+001    -0.382549798739E-015    -0.312375616386E+001     0.787344974763E+000
     0.787056674427E-001     0.400000000000E+001    -0.371857501252E-015    -0.303644692911E+001     0.799591951879E+000
     0.829809916441E-001     0.400000000000E+001    -0.366493533397E-015    -0.299264680766E+001     0.812386487202E+000
     0.875128350529E-001     0.400000000000E+001    -0.358230427912E-015    -0.292517343091E+001     0.825642915135E+000
     0.920446784617E-001     0.400000000000E+001    -0.354067968366E-015    -0.289118436934E+001     0.838745309962E+000
     0.968484322157E-001     0.400000000000E+001    -0.350739054510E-015    -0.286400172486E+001     0.852503269000E+000
     0.101940410920E+000     0.400000000000E+001    -0.349848271396E-015    -0.285672792873E+001     0.867049666777E+000
     0.107337908055E+000     0.400000000000E+001    -0.347340009996E-015    -0.283624642009E+001     0.882358298704E+000
     0.113059254710E+000     0.400000000000E+001    -0.342762170011E-015    -0.279886551984E+001     0.898371578583E+000
     0.119123881836E+000     0.400000000000E+001    -0.340625869847E-015    -0.278142130518E+001     0.915239861680E+000
     0.125552386243E+000     0.400000000000E+001    -0.339792852526E-015    -0.277461920255E+001     0.933076513451E+000
     0.132366600547E+000     0.400000000000E+001    -0.337043425247E-015    -0.275216842507E+001     0.951830378899E+000
     0.139589667319E+000     0.400000000000E+001    -0.333752965824E-015    -0.272529978486E+001     0.971515401219E+000
     0.147246117684E+000     0.400000000000E+001    -0.327969447600E-015    -0.267807377465E+001     0.992019940148E+000
     0.155361954632E+000     0.400000000000E+001    -0.323159762809E-015    -0.263879971787E+001     0.101343600840E+001
     0.163964741333E+000     0.400000000000E+001    -0.317860478157E-015    -0.259552777485E+001     0.103576478022E+001
     0.173083694744E+000     0.400000000000E+001    -0.312638769961E-015    -0.255288929166E+001     0.105904445874E+001
     0.182749784838E+000     0.400000000000E+001    -0.309200928862E-015    -0.252481718874E+001     0.108344956915E+001
     0.192415874932E+000     0.400000000000E+001    -0.305733567053E-015    -0.249650403093E+001     0.110758100204E+001
     0.202081965026E+000     0.400000000000E+001    -0.301651561432E-015    -0.246317192550E+001     0.113139024378E+001
     0.211748055120E+000     0.400000000000E+001    -0.297803430462E-015    -0.243174955154E+001     0.115489575404E+001
     0.221414145214E+000     0.400000000000E+001    -0.295030983835E-015    -0.240911080681E+001     0.117818243614E+001
     0.231080235308E+000     0.400000000000E+001    -0.292541534233E-015    -0.238878290815E+001     0.120127262695E+001
     0.241080235308E+000     0.400000000000E+001    -0.291120438689E-015    -0.237717878242E+001     0.122504441477E+001
     0.251080235308E+000     0.400000000000E+001    -0.288403782210E-015    -0.235499559882E+001     0.124859437076E+001
     0.261080235308E+000     0.400000000000E+001    -0.287701038609E-015    -0.234925726185E+001     0.127208694338E+001
     0.271080235308E+000     0.400000000000E+001    -0.286072667752E-015    -0.233596060473E+001     0.129544654942E+001
     0.281080235308E+000     0.400000000000E+001    -0.284416511162E-015    -0.232243705989E+001     0.131867092002E+001
     0.291080235308E+000     0.400000000000E+001    -0.282281279414E-015    -0.230500156952E+001     0.134172093572E+001
     0.301080235308E+000     0.400000000000E+001    -0.280441203335E-015    -0.228997620808E+001     0.136462069780E+001
     0.311080235308E+000     0.400000000000E+001    -0.278856631657E-015    -0.227703719840E+001     0.138739106978E+001
     0.321080235308E+000     0.400000000000E+001    -0.277186252103E-015    -0.226339751426E+001     0.141002504492E+001
     0.331080235308E+000     0.400000000000E+001    -0.275837902028E-015    -0.225238740035E+001     0.143254891893E+001
     0.341080235308E+000     0.400000000000E+001    -0.273927131170E-015    -0.223678477224E+001     0.145491676665E+001
     0.351080235308E+000     0.400000000000E+001    -0.272434598152E-015    -0.222459731526E+001     0.147716273980E+001
     0.361080235308E+000     0.400000000000E+001    -0.270981839119E-015    -0.221273463751E+001     0.149929008618E+001
     0.371080235308E+000     0.400000000000E+001    -0.269584939245E-015    -0.220132808441E+001     0.152130336702E+001
     0.381080235308E+000     0.400000000000E+001    -0.268023479964E-015    -0.218857780178E+001     0.154318914504E+001
     0.391080235308E+000     0.400000000000E+001    -0.266069059471E-015    -0.217261874735E+001     0.156491533251E+001
     0.401080235308E+000     0.400000000000E+001    -0.264278803022E-015    -0.215800019406E+001     0.158649533445E+001
     0.411080235308E+000     0.400000000000E+001    -0.265475284345E-015    -0.216777020550E+001     0.160817303651E+001
     0.421080235308E+000     0.400000000000E+001    -0.264164959902E-015    -0.215707059444E+001     0.162974374245E+001
     0.431080235308E+000     0.400000000000E+001    -0.260664456466E-015    -0.212848681471E+001     0.165102861060E+001
     0.441080235308E+000     0.400000000000E+001    -0.262152597717E-015    -0.214063841019E+001     0.167243499470E+001
     0.451080235308E+000     0.400000000000E+001    -0.261645710370E-015    -0.213649936090E+001     0.169379998831E+001
     0.461080235308E+000     0.400000000000E+001    -0.258316787671E-015    -0.210931664420E+001     0.171489315475E+001
     0.471080235308E+000     0.400000000000E+001    -0.260178688977E-015    -0.212452022214E+001     0.173613835698E+001
     0.481080235308E+000     0.400000000000E+001    -0.259455568739E-015    -0.211861549730E+001     0.175732451195E+001
     0.491080235308E+000     0.400000000000E+001    -0.258781131507E-015    -0.211310829936E+001     0.177845559494E+001
     0.501080235308E+000     0.400000000000E+001    -0.259283745470E-015    -0.211721245383E+001     0.179962771948E+001
     0.511080235308E+000     0.400000000000E+001    -0.258818285464E-015    -0.211341168445E+001     0.182076183632E+001
     0.521080235308E+000     0.400000000000E+001    -0.257129594872E-015    -0.209962247932E+001     0.184175806112E+001
     0.531080235308E+000     0.400000000000E+001    -0.256204836747E-015    -0.209207125618E+001     0.186267877368E+001
     0.541080235308E+000     0.400000000000E+001    -0.255442274615E-015    -0.208584446383E+001     0.188353721832E+001
     0.551080235308E+000     0.400000000000E+001    -0.254510617349E-015    -0.207823690493E+001     0.190431958737E+001
     0.561080235308E+000     0.400000000000E+001    -0.253377997520E-015    -0.206898836217E+001     0.192500947099E+001
     0.571080235308E+000     0.400000000000E+001    -0.251867019857E-015    -0.205665029323E+001     0.194557597392E+001
     0.581080235308E+000     0.400000000000E+001    -0.250484870116E-015    -0.204536418411E+001     0.196602961576E+001
     0.591080235308E+000     0.400000000000E+001    -0.249337223154E-015    -0.203599293550E+001     0.198638954512E+001
     0.601080235308E+000     0.400000000000E+001    -0.248430825971E-015    -0.202859164083E+001     0.200667546153E+001
     0.611080235308E+000     0.400000000000E+001    -0.247707054107E-015    -0.202268159505E+001     0.202690227748E+001
     0.621080235308E+000     0.400000000000E+001    -0.247326201067E-015    -0.201957169397E+001     0.204709799442E+001
     0.631080235308E+000     0.400000000000E+001    -0.246605820048E-015    -0.201368933655E+001     0.206723488778E+001
     0.641080235308E+000     0.400000000000E+001    -0.243118059119E-015    -0.198520960727E+001     0.208708698385E+001
     0.651080235308E+000     0.400000000000E+001    -0.243859502450E-015    -0.199126395153E+001     0.210699962337E+001
     0.661080235308E+000     0.400000000000E+001    -0.241874295107E-015    -0.197505350339E+001     0.212675015840E+001
     0.671080235308E+000     0.400000000000E+001    -0.242575405467E-015    -0.198077850394E+001     0.214655794344E+001
     0.681080235308E+000     0.400000000000E+001    -0.243080063100E-015    -0.198489934624E+001     0.216640693690E+001
     0.691080235308E+000     0.400000000000E+001    -0.242139528885E-015    -0.197721930155E+001     0.218617912992E+001
     0.701080235308E+000     0.400000000000E+001    -0.239471958795E-015    -0.195543693873E+001     0.220573349931E+001
     0.711080235308E+000     0.400000000000E+001    -0.240119567555E-015    -0.196072506556E+001     0.222534074996E+001
     0.721080235308E+000     0.400000000000E+001    -0.240347306257E-015    -0.196258469319E+001     0.224496659690E+001
     0.731080235308E+000     0.400000000000E+001    -0.239320449935E-015    -0.195419977500E+001     0.226450859465E+001
     0.741080235308E+000     0.400000000000E+001    -0.239486131084E-015    -0.195555266425E+001     0.228406412129E+001
     0.751080235308E+000     0.400000000000E+001    -0.239635944569E-015    -0.195677598419E+001     0.230363188113E+001
