 #        time                      h  [L]            Darcian flow [L.T^{-1}]   in    x         z              directions   cumulative flux
 #-----------------------------------------------------------------------------------------------

     0.100000000000E-006    -0.280000000000E+003     0.620429575987E-014    -0.189548931654E-013     0.199444543868E-020
     0.205999994278E-006    -0.280000000000E+003     0.620429575987E-014    -0.112004657638E-013     0.335167475979E-020
     0.318359982147E-006    -0.280000000000E+003     0.620429575987E-014    -0.112004657638E-013     0.479033776251E-020
     0.437461562859E-006    -0.280000000000E+003     0.000000000000E+000     0.000000000000E+000     0.479033776251E-020
     0.563709231599E-006    -0.280000000000E+003     0.000000000000E+000     0.000000000000E+000     0.479033776251E-020
     0.697531753239E-006    -0.280000000000E+003     0.000000000000E+000     0.000000000000E+000     0.479033776251E-020
     0.839383618521E-006    -0.280000000000E+003     0.620429575987E-014    -0.112004657638E-013     0.660661626447E-020
     0.989746587602E-006    -0.280000000000E+003     0.124085915197E-013    -0.689207672455E-014     0.874089064770E-020
     0.114913132622E-005    -0.280000000000E+003     0.124085915197E-013    -0.689207672455E-014     0.110032213718E-019
     0.131807914004E-005    -0.280000000000E+003     0.186128872796E-013    -0.258368768525E-014     0.141779796827E-019
     0.149716381303E-005    -0.280000000000E+003     0.186128872796E-013     0.517073971631E-014     0.176374956697E-019
     0.168699355614E-005    -0.280000000000E+003     0.620429575987E-014     0.120628164409E-013     0.202125053574E-019
     0.188821307298E-005    -0.280000000000E+003     0.124085915197E-013     0.241256328817E-013     0.256715256006E-019
     0.210150574931E-005    -0.280000000000E+003     0.620429575987E-014     0.275716712440E-013     0.316994133986E-019
     0.232759597402E-005    -0.280000000000E+003     0.124085915197E-013     0.241256328817E-013     0.378331678817E-019
     0.256725159928E-005    -0.280000000000E+003     0.186128872796E-013     0.129251671179E-013     0.432638908282E-019
     0.282128654833E-005    -0.280000000000E+003     0.186128872796E-013     0.517073971631E-014     0.481712787855E-019
     0.309056357980E-005    -0.280000000000E+003     0.186128872796E-013     0.517073971631E-014     0.533731097394E-019
     0.337599721774E-005    -0.280000000000E+003     0.186128872796E-013     0.517073971631E-014     0.588870502529E-019
     0.367855685763E-005    -0.280000000000E+003     0.186128872796E-013     0.517073971631E-014     0.647318268816E-019
     0.399927005860E-005    -0.280000000000E+003     0.248171830395E-013     0.172470135404E-014     0.727102223305E-019
     0.433922603327E-005    -0.280000000000E+003     0.186128872796E-013     0.517073971631E-014     0.792774126416E-019
     0.469957934698E-005    -0.280000000000E+003     0.186128872796E-013     0.517073971631E-014     0.862386339955E-019
     0.508155383889E-005    -0.280000000000E+003     0.124085915197E-013     0.862350677021E-015     0.909898315430E-019
     0.548644677845E-005    -0.280000000000E+003     0.186128872796E-013     0.517073971631E-014     0.988114590119E-019
     0.591563327122E-005    -0.280000000000E+003     0.186128872796E-013     0.517073971631E-014     0.107102383681E-018
     0.637057092900E-005    -0.280000000000E+003     0.124085915197E-013     0.861677807859E-014     0.113975135294E-018
     0.685280482021E-005    -0.280000000000E+003     0.124085915197E-013     0.861677807859E-014     0.121260251610E-018
     0.736397271730E-005    -0.280000000000E+003     0.124085915197E-013     0.861677807859E-014     0.128982474488E-018
     0.790581065897E-005    -0.280000000000E+003     0.124085915197E-013     0.862350677021E-015     0.135722136832E-018
     0.848015884613E-005    -0.280000000000E+003     0.124085915197E-013     0.163712054802E-013     0.147520617451E-018
     0.908896789166E-005    -0.280000000000E+003     0.284893040896E-029     0.232632822047E-013     0.161683514086E-018
     0.973430544509E-005    -0.280000000000E+003     0.474821734827E-029     0.387721370078E-013     0.186704630123E-018
     0.104183632148E-004    -0.280000000000E+003    -0.124085915197E-013     0.379097863308E-013     0.213990948095E-018
     0.111434644115E-004    -0.280000000000E+003    -0.124085915197E-013     0.456642137324E-013     0.248302822224E-018
     0.119120716386E-004    -0.280000000000E+003    -0.186128872796E-013     0.413558246931E-013     0.283160187948E-018
     0.127267952553E-004    -0.280000000000E+003    -0.124085915197E-013     0.456642137324E-013     0.321713005557E-018
     0.135904022424E-004    -0.280000000000E+003    -0.124085915197E-013     0.456642137324E-013     0.362578990016E-018
     0.145058255993E-004    -0.280000000000E+003    -0.124085915197E-013     0.379097863308E-013     0.399094228789E-018
     0.154761743052E-004    -0.280000000000E+003    -0.248171830395E-013     0.448018630554E-013     0.448791805637E-018
     0.165047438780E-004    -0.280000000000E+003    -0.248171830395E-013     0.448018630554E-013     0.501471234252E-018
     0.175950275662E-004    -0.280000000000E+003    -0.310214787994E-013     0.249846192129E-013     0.544899073615E-018
     0.187507282134E-004    -0.280000000000E+003    -0.372257745592E-013     0.361850849768E-013     0.604896732219E-018
     0.199757708333E-004    -0.280000000000E+003    -0.310214787994E-013     0.327390466145E-013     0.660148426771E-018
     0.212743159403E-004    -0.280000000000E+003    -0.248171830395E-013     0.215385808507E-013     0.702819082110E-018
     0.226507736794E-004    -0.280000000000E+003    -0.372257745592E-013     0.206762301736E-013     0.761432020723E-018
     0.241098188040E-004    -0.280000000000E+003    -0.310214787994E-013     0.327390466145E-013     0.827237662305E-018
     0.256564065527E-004    -0.280000000000E+003    -0.372257745592E-013     0.206762301736E-013     0.893095153020E-018
     0.272957894778E-004    -0.280000000000E+003    -0.310214787994E-013     0.172301918114E-013     0.951269266679E-018
     0.290335352846E-004    -0.280000000000E+003    -0.310214787994E-013     0.327390466145E-013     0.102964482600E-017
     0.308755457403E-004    -0.280000000000E+003    -0.310214787994E-013     0.327390466145E-013     0.111272291440E-017
     0.328280767180E-004    -0.280000000000E+003    -0.310214787994E-013     0.404934740161E-013     0.121232216042E-017
     0.348977594427E-004    -0.280000000000E+003    -0.310214787994E-013     0.482479014176E-013     0.133103956812E-017
     0.370916230124E-004    -0.280000000000E+003    -0.372257745592E-013     0.439395123783E-013     0.145738095092E-017
     0.394171182707E-004    -0.280000000000E+003    -0.434300703191E-013     0.396311233390E-013     0.159410735535E-017
     0.418821431115E-004    -0.280000000000E+003    -0.434300703191E-013     0.551399781422E-013     0.176712660777E-017
     0.444950693017E-004    -0.280000000000E+003    -0.372257745592E-013     0.439395123783E-013     0.191760119178E-017
     0.472647709137E-004    -0.280000000000E+003    -0.434300703191E-013     0.473855507406E-013     0.209562992060E-017
     0.502006544641E-004    -0.280000000000E+003    -0.496343660790E-013     0.508315891029E-013     0.230421036088E-017
     0.533126908594E-004    -0.280000000000E+003    -0.372257745592E-013     0.516939397799E-013     0.250245518167E-017
     0.566114492604E-004    -0.280000000000E+003    -0.372257745592E-013     0.516939397799E-013     0.271259468036E-017
     0.601081329767E-004    -0.280000000000E+003    -0.496343660790E-013     0.353227342997E-013     0.292561321067E-017
     0.638146175159E-004    -0.280000000000E+003    -0.558386618388E-013     0.542776274652E-013     0.321424382780E-017
     0.677434909153E-004    -0.280000000000E+003    -0.558386618388E-013     0.465232000636E-013     0.349979385725E-017
     0.719080964939E-004    -0.280000000000E+003    -0.558386618388E-013     0.542776274652E-013     0.382409918364E-017
     0.763225781689E-004    -0.280000000000E+003    -0.620429575987E-013     0.577236658274E-013     0.419819493054E-017
     0.810019284919E-004    -0.280000000000E+003    -0.620429575987E-013     0.654780932290E-013     0.462028968961E-017
     0.859620395664E-004    -0.280000000000E+003    -0.682472533586E-013     0.689241315913E-013     0.510140061037E-017
     0.912197570216E-004    -0.280000000000E+003    -0.806558448783E-013     0.603073535127E-013     0.563090110917E-017
     0.967929372233E-004    -0.280000000000E+003    -0.806558448783E-013     0.525529261111E-013     0.616740981812E-017
     0.102700507918E-003    -0.280000000000E+003    -0.868601406382E-013     0.559989644734E-013     0.677793854481E-017
     0.108962532517E-003    -0.280000000000E+003    -0.930644363981E-013     0.671994302372E-013     0.749675658431E-017
     0.115600278233E-003    -0.280000000000E+003    -0.930644363981E-013     0.594450028357E-013     0.822976022254E-017
     0.122636288312E-003    -0.280000000000E+003    -0.930644363981E-013     0.671994302372E-013     0.903742408453E-017
     0.130094458593E-003    -0.280000000000E+003    -0.992687321579E-013     0.706454685995E-013     0.994612993334E-017
     0.138000118665E-003    -0.280000000000E+003    -0.930644363981E-013     0.594450028357E-013     0.108191488532E-016
     0.146380117888E-003    -0.280000000000E+003    -0.868601406382E-013     0.715078192765E-013     0.117619658872E-016
     0.155262916586E-003    -0.280000000000E+003    -0.868601406382E-013     0.715078192765E-013     0.127613518893E-016
     0.164678682697E-003    -0.280000000000E+003    -0.930644363981E-013     0.827082850404E-013     0.139336676990E-016
     0.174659394236E-003    -0.280000000000E+003    -0.868601406382E-013     0.870166740796E-013     0.151607914379E-016
     0.185238947896E-003    -0.280000000000E+003    -0.930644363981E-013     0.827082850404E-013     0.164780053394E-016
     0.196453274170E-003    -0.280000000000E+003    -0.930644363981E-013     0.827082850404E-013     0.178742519997E-016
     0.208340459379E-003    -0.280000000000E+003    -0.992687321579E-013     0.101663178206E-012     0.195633069518E-016
     0.220940875020E-003    -0.280000000000E+003    -0.992687321579E-013     0.101663178206E-012     0.213537051043E-016
     0.234297314879E-003    -0.280000000000E+003    -0.930644363981E-013     0.904627124419E-013     0.230871884262E-016
     0.248455140365E-003    -0.280000000000E+003    -0.992687321579E-013     0.706454685995E-013     0.248121824047E-016
     0.263462434571E-003    -0.280000000000E+003    -0.930644363981E-013     0.749538576388E-013     0.266054799722E-016
     0.279370165569E-003    -0.280000000000E+003    -0.930644363981E-013     0.749538576388E-013     0.285063752911E-016
     0.296232359518E-003    -0.280000000000E+003    -0.992687321579E-013     0.706454685995E-013     0.305608703866E-016
     0.314106284138E-003    -0.280000000000E+003    -0.992687321579E-013     0.783998960011E-013     0.328218211669E-016
     0.333052643213E-003    -0.280000000000E+003    -0.992687321579E-013     0.783998960011E-013     0.352184288646E-016
     0.353135782749E-003    -0.280000000000E+003    -0.868601406382E-013     0.637533918749E-013     0.373823048125E-016
     0.374423909507E-003    -0.280000000000E+003    -0.806558448783E-013     0.680617809142E-013     0.396289608967E-016
     0.396989322653E-003    -0.280000000000E+003    -0.806558448783E-013     0.680617809142E-013     0.420104162175E-016
     0.420908659296E-003    -0.280000000000E+003    -0.744515491184E-013     0.723701699535E-013     0.444939385681E-016
     0.446263154769E-003    -0.280000000000E+003    -0.744515491184E-013     0.646157425520E-013     0.469934118598E-016
     0.473138918520E-003    -0.280000000000E+003    -0.620429575987E-013     0.577236658274E-013     0.492709406059E-016
     0.501627226558E-003    -0.280000000000E+003    -0.682472533586E-013     0.611697041897E-013     0.518818470698E-016
     0.531824831448E-003    -0.280000000000E+003    -0.620429575987E-013     0.577236658274E-013     0.544408780926E-016
     0.563834290904E-003    -0.280000000000E+003    -0.620429575987E-013     0.577236658274E-013     0.571534508304E-016
     0.597764316095E-003    -0.280000000000E+003    -0.620429575987E-013     0.422148110243E-013     0.596996542524E-016
     0.633730140856E-003    -0.280000000000E+003    -0.620429575987E-013     0.422148110243E-013     0.623986297340E-016
     0.671853913045E-003    -0.280000000000E+003    -0.620429575987E-013     0.654780932290E-013     0.658375354210E-016
     0.712265109384E-003    -0.280000000000E+003    -0.620429575987E-013     0.732325206306E-013     0.697162378895E-016
     0.755100975191E-003    -0.280000000000E+003    -0.806558448783E-013     0.758162083158E-013     0.744579694819E-016
     0.800506990496E-003    -0.280000000000E+003    -0.744515491184E-013     0.646157425520E-013     0.789341430526E-016
     0.848637364120E-003    -0.280000000000E+003    -0.868601406382E-013     0.715078192765E-013     0.843491955957E-016
     0.899655557408E-003    -0.280000000000E+003    -0.806558448783E-013     0.680617809142E-013     0.897334332818E-016
     0.953734839373E-003    -0.280000000000E+003    -0.806558448783E-013     0.603073535127E-013     0.951797143001E-016
     0.101105887516E-002    -0.280000000000E+003    -0.806558448783E-013     0.835706357174E-013     0.101837554085E-015
     0.107182234982E-002    -0.280000000000E+003    -0.868601406382E-013     0.870166740796E-013     0.109308394407E-015
     0.113623162948E-002    -0.280000000000E+003    -0.930644363981E-013     0.904627124419E-013     0.117667838484E-015
     0.120450546223E-002    -0.280000000000E+003    -0.992687321579E-013     0.861543234026E-013     0.126641848460E-015
     0.127687572104E-002    -0.280000000000E+003    -0.868601406382E-013     0.792622466781E-013     0.135151799396E-015
     0.135358819124E-002    -0.280000000000E+003    -0.868601406382E-013     0.792622466781E-013     0.144172346901E-015
     0.143490340526E-002    -0.280000000000E+003    -0.992687321579E-013     0.783998960011E-013     0.154458263425E-015
     0.152109752747E-002    -0.280000000000E+003    -0.930644363981E-013     0.749538576388E-013     0.164758035494E-015
     0.161246329208E-002    -0.280000000000E+003    -0.930644363981E-013     0.439361480325E-013     0.174160888650E-015
     0.170931099734E-002    -0.280000000000E+003    -0.868601406382E-013     0.249812548671E-013     0.182914092867E-015
     0.181196955938E-002    -0.280000000000E+003    -0.744515491184E-013    -0.517410406213E-014     0.190575616636E-015
     0.192078762926E-002    -0.280000000000E+003    -0.682472533586E-013    -0.865715022832E-015     0.198002748494E-015
     0.203613477710E-002    -0.280000000000E+003    -0.744515491184E-013     0.258032333944E-014     0.206595678435E-015
     0.215840274722E-002    -0.280000000000E+003    -0.496343660790E-013     0.120594520950E-013     0.212840928008E-015
     0.228800678855E-002    -0.280000000000E+003    -0.496343660790E-013     0.275683068982E-013     0.220199404288E-015
     0.242538706494E-002    -0.280000000000E+003    -0.372257745592E-013     0.361850849768E-013     0.227331437088E-015
     0.257101015006E-002    -0.280000000000E+003    -0.248171830395E-013     0.448018630554E-013     0.234789698658E-015
     0.272537061195E-002    -0.280000000000E+003    -0.186128872796E-013     0.258469698900E-013     0.239706280313E-015
     0.288899269272E-002    -0.280000000000E+003    -0.248171830395E-013     0.370474356538E-013     0.247002440181E-015
     0.306243208897E-002    -0.280000000000E+003    -0.434300703191E-013     0.163678411343E-013     0.255052115956E-015
     0.324627783907E-002    -0.280000000000E+003    -0.310214787994E-013     0.327390466145E-013     0.263343900311E-015
     0.344115432366E-002    -0.280000000000E+003    -0.496343660790E-013     0.120594520950E-013     0.273297875019E-015
     0.364772338618E-002    -0.280000000000E+003    -0.310214787994E-013     0.172301918114E-013     0.280628055136E-015
     0.386668658063E-002    -0.280000000000E+003    -0.310214787994E-013     0.249846192129E-013     0.289349728712E-015
     0.409878755421E-002    -0.280000000000E+003    -0.496343660790E-013     0.430502469348E-014     0.300913164914E-015
     0.434481457293E-002    -0.280000000000E+003    -0.310214787994E-013     0.482479014176E-013     0.315025323042E-015
     0.460560319869E-002    -0.280000000000E+003     0.620429575987E-014     0.120628164409E-013     0.318562878468E-015
     0.488203912708E-002    -0.280000000000E+003     0.248171830395E-013     0.404968383619E-013     0.331692527268E-015
     0.517506119535E-002    -0.280000000000E+003    -0.124085915197E-013     0.146465041261E-013     0.337317430871E-015
     0.548566457095E-002    -0.280000000000E+003    -0.186128872796E-013     0.180925424884E-013     0.345379845362E-015
     0.581490413132E-002    -0.280000000000E+003    -0.372257745592E-013    -0.258705203106E-014     0.357665604424E-015
     0.616389804647E-002    -0.280000000000E+003    -0.682472533586E-013    -0.865715022832E-015     0.381485396746E-015
     0.653383157655E-002    -0.280000000000E+003    -0.124085915197E-013     0.689207672455E-014     0.386736288383E-015
     0.692596109728E-002    -0.280000000000E+003    -0.186128872796E-013     0.103381150868E-013     0.395085205634E-015
     0.734161836681E-002    -0.280000000000E+003     0.189928693931E-029     0.155088548031E-013     0.401531573875E-015
     0.778221504872E-002    -0.280000000000E+003    -0.620429575987E-014     0.189548931654E-013     0.410319034300E-015
     0.824924750635E-002    -0.280000000000E+003    -0.310214787994E-013    -0.603309039334E-014     0.425078518579E-015
     0.874430188470E-002    -0.280000000000E+003    -0.186128872796E-013     0.258368768525E-014     0.434381261044E-015
     0.926905949743E-002    -0.280000000000E+003    -0.620429575987E-014    -0.275716712440E-013     0.449211493685E-015
     0.982530253690E-002    -0.280000000000E+003    -0.434300703191E-013    -0.146498684719E-013     0.474706544064E-015
     0.104149201269E-001    -0.280000000000E+003    -0.620429575987E-013    -0.353294629914E-013     0.516803338731E-015
     0.110399147386E-001    -0.280000000000E+003    -0.124085915197E-013    -0.861677807859E-014     0.526245143892E-015
     0.117024089912E-001    -0.280000000000E+003    -0.434300703191E-013    -0.224042958735E-013     0.558620198110E-015
     0.124046528610E-001    -0.280000000000E+003    -0.248171830395E-013    -0.249879835587E-013     0.583351666911E-015
     0.131490313229E-001    -0.280000000000E+003    -0.186128872796E-013    -0.129251671179E-013     0.600219675703E-015
     0.139380724499E-001    -0.280000000000E+003    -0.248171830395E-013     0.602972604752E-014     0.620371146103E-015
     0.147744559993E-001    -0.280000000000E+003    -0.248171830395E-013    -0.172470135404E-014     0.641177893952E-015
     0.156610225139E-001    -0.280000000000E+003    -0.248171830395E-013    -0.172470135404E-014     0.663233045481E-015
     0.166007829686E-001    -0.280000000000E+003    -0.310214787994E-013    -0.603309039334E-014     0.692932008435E-015
     0.175969289968E-001    -0.280000000000E+003    -0.310214787994E-013    -0.603309039334E-014     0.724412907466E-015
     0.186528437297E-001    -0.280000000000E+003    -0.310214787994E-013    -0.603309039334E-014     0.757782658638E-015
     0.197087584626E-001    -0.280000000000E+003    -0.186128872796E-013    -0.517073971631E-014     0.778180573427E-015
     0.208280280191E-001    -0.280000000000E+003    -0.124085915197E-013    -0.862350677021E-015     0.792102630748E-015
     0.219472975755E-001    -0.280000000000E+003    -0.124085915197E-013     0.689207672455E-014     0.807989709574E-015
     0.231337232413E-001    -0.280000000000E+003    -0.620429575987E-014     0.344603836227E-014     0.816409860897E-015
     0.243913343792E-001    -0.280000000000E+003    -0.620429575987E-014    -0.430838903929E-014     0.825909238260E-015
     0.257244021133E-001    -0.279999999995E+003     0.710534563337E-009    -0.291098027854E-009     0.102442527187E-011
     0.270574698475E-001    -0.280000000009E+003    -0.119384299863E-008     0.401032719683E-009     0.270329076973E-011
     0.284705215694E-001    -0.280000001760E+003    -0.232463102638E-006     0.910322368524E-007     0.355474029648E-009
     0.298835732914E-001    -0.280000015485E+003    -0.207607976623E-005     0.705879224704E-006     0.345401411476E-008
     0.313814080358E-001    -0.280000011277E+003    -0.150503744777E-005     0.477792363224E-006     0.581918162097E-008
     0.329691127792E-001    -0.280000005134E+003    -0.648652799312E-006     0.185381417657E-006     0.689028438400E-008
     0.346520797163E-001    -0.280000003765E+003    -0.437588198233E-006     0.130757117168E-006     0.765890637465E-008
     0.364360245733E-001    -0.280000028354E+003    -0.377357988424E-005     0.120983594821E-005     0.147282835118E-007
     0.383270060197E-001    -0.280000011176E+003    -0.141276638837E-005     0.400295577677E-006     0.175049664495E-007
     0.403314462447E-001    -0.280000008985E+003    -0.106029580834E-005     0.328504583252E-006     0.197299334383E-007
     0.424561527684E-001    -0.280000004789E+003    -0.471004065305E-006     0.135755610627E-006     0.207714177106E-007
     0.447083415620E-001    -0.279999987546E+003     0.190803633312E-005    -0.579454688738E-006     0.252624710020E-007
     0.470956615544E-001    -0.279999992211E+003     0.122931049816E-005    -0.337441588068E-006     0.283057854093E-007
     0.496262206097E-001    -0.279999997621E+003     0.419171020517E-006    -0.908102051525E-007     0.293911292898E-007
     0.521567796650E-001    -0.280000005626E+003    -0.738540201987E-006     0.242772451505E-006     0.313584336408E-007
     0.548391721188E-001    -0.280000001606E+003    -0.196410592133E-006     0.638650903803E-007     0.319124361390E-007
     0.576825079664E-001    -0.280000000351E+003    -0.239467016684E-007     0.147380400619E-007     0.319923866957E-007
     0.606964438021E-001    -0.279999999959E+003     0.242981192551E-007     0.235343868801E-008     0.320659623744E-007
     0.638912156155E-001    -0.280000000025E+003     0.590954207581E-008     0.688532776245E-008     0.320949504927E-007
     0.672776735549E-001    -0.280000000614E+003    -0.834739535092E-007     0.361929856262E-007     0.324030592337E-007
     0.708673187769E-001    -0.280000006571E+003    -0.913072165009E-006     0.317921510255E-006     0.358736630573E-007
     0.746723425068E-001    -0.280000001595E+003    -0.223799858734E-006     0.782397520428E-007     0.367757653790E-007
     0.787056674427E-001    -0.280000002803E+003    -0.412619050862E-006     0.135595841999E-006     0.385275508764E-007
     0.829809916441E-001    -0.280000000422E+003    -0.970047595102E-007     0.488590017033E-007     0.389919133879E-007
     0.875128350529E-001    -0.280000002884E+003    -0.467800000063E-006     0.174633490742E-006     0.412548134929E-007
     0.920446784617E-001    -0.279999956353E+003     0.623187880807E-005    -0.151780238303E-005     0.703222837620E-007
     0.968484322157E-001    -0.279999989134E+003     0.134880550844E-005    -0.246350953389E-006     0.769087979160E-007
     0.101940410920E+000    -0.279999994954E+003     0.403550894782E-006    -0.567153827297E-007     0.789838648897E-007
     0.107337908055E+000    -0.279999996551E+003     0.145919226628E-006    -0.240980322824E-007     0.797821314662E-007
     0.113059254710E+000    -0.279999996940E+003     0.104997049170E-006    -0.893135465674E-008     0.803850253958E-007
     0.119123881836E+000    -0.280000041854E+003    -0.650529117078E-005     0.148414491367E-005     0.120850905919E-006
     0.125552386243E+000    -0.279999975950E+003     0.338371733856E-005    -0.779340028288E-006     0.143172644924E-006
     0.132366600547E+000    -0.279999995412E+003     0.295523894422E-007    -0.743581625573E-006     0.148243569574E-006
     0.139589667319E+000    -0.279999997586E+003     0.702265490655E-008    -0.122236685852E-006     0.149127949228E-006
     0.147246117684E+000    -0.279999998091E+003     0.162225026462E-007    -0.205038010740E-007     0.149328129235E-006
     0.155361954632E+000    -0.279999998506E+003    -0.143207680423E-007     0.362865553174E-008     0.149448027244E-006
     0.163964741333E+000    -0.279999998484E+003     0.150628886861E-007     0.154539435829E-007     0.149633679086E-006
     0.173083694744E+000    -0.279999998542E+003     0.934520818208E-008     0.257619959597E-008     0.149722076379E-006
     0.182749784838E+000    -0.279999974374E+003     0.291071230130E-005    -0.181373956390E-005     0.182872534182E-006
     0.192415874932E+000    -0.279999994623E+003     0.401351125408E-006    -0.205675617966E-006     0.187231771341E-006
     0.202081965026E+000    -0.279999993392E+003     0.613185998067E-006    -0.264601970307E-006     0.193687180224E-006
     0.211748055120E+000    -0.279999998945E+003     0.453922822044E-006     0.842818046946E-006     0.202940351056E-006
     0.221414145214E+000    -0.279999998392E+003     0.924129988687E-007     0.943942360912E-007     0.204217242442E-006
     0.231080235308E+000    -0.279999995437E+003     0.946114038564E-006     0.603932448221E-006     0.215066825451E-006
     0.241080235308E+000    -0.279999997995E+003     0.147062955964E-006     0.694635775349E-007     0.216693254104E-006
     0.251080235308E+000    -0.279999998300E+003     0.340990394907E-007     0.109076556045E-007     0.217051265479E-006
     0.261080235308E+000    -0.279999998374E+003     0.154719627401E-007     0.177197882408E-008     0.217206996510E-006
     0.271080235308E+000    -0.280000004083E+003    -0.534895326577E-006     0.607863965800E-006     0.225303981204E-006
     0.281080235308E+000    -0.280000000285E+003    -0.342403263072E-006    -0.121670798061E-006     0.228937764049E-006
     0.291080235308E+000    -0.279999998941E+003     0.197703695398E-006     0.341482885584E-006     0.232883613923E-006
     0.301080235308E+000    -0.279999996483E+003     0.380372608445E-006    -0.225007071168E-007     0.236693989273E-006
     0.311080235308E+000    -0.279999998336E+003     0.572552894057E-007     0.466622572632E-008     0.237268440475E-006
     0.321080235308E+000    -0.279999998556E+003     0.456030695650E-007     0.469910904333E-007     0.237923253618E-006
     0.331080235308E+000    -0.279999998614E+003     0.128853421487E-007     0.684114380719E-008     0.238069141689E-006
     0.341080235308E+000    -0.279999998656E+003     0.609175610059E-008     0.226345275379E-008     0.238134128388E-006
     0.351080235308E+000    -0.279999998690E+003     0.646097994764E-008     0.422274483329E-008     0.238211313773E-006
     0.361080235308E+000    -0.279999998723E+003     0.355081156189E-008     0.757587148995E-009     0.238247621074E-006
     0.371080235308E+000    -0.279999998761E+003     0.263012793698E-006     0.369848723058E-006     0.242785944636E-006
     0.381080235308E+000    -0.279999999106E+003    -0.126777557941E-005    -0.174046144621E-005     0.264318387520E-006
     0.391080235308E+000    -0.279999998702E+003    -0.113723947618E-005    -0.151559605687E-005     0.283266593329E-006
     0.401080235308E+000    -0.279999998449E+003    -0.298396377380E-006    -0.384173908929E-006     0.288131056201E-006
     0.411080235308E+000    -0.280000003634E+003    -0.795127551908E-006     0.924581018402E-007     0.296135906758E-006
     0.421080235308E+000    -0.279999980091E+003     0.287557591640E-005    -0.547651384914E-006     0.325408520052E-006
     0.431080235308E+000    -0.279999997260E+003     0.211834695275E-006    -0.160780573105E-007     0.327532959791E-006
     0.441080235308E+000    -0.279999999117E+003    -0.885223341026E-007     0.332072307394E-007     0.328478418611E-006
     0.451080235308E+000    -0.279999997678E+003     0.125461664132E-006    -0.161347584911E-007     0.329743367606E-006
     0.461080235308E+000    -0.279999998310E+003     0.189626857153E-007    -0.545830873762E-008     0.329940693880E-006
     0.471080235308E+000    -0.279999997782E+003     0.104250392520E-006    -0.156202395348E-007     0.330994835058E-006
     0.481080235308E+000    -0.279999998302E+003     0.273949690084E-007    -0.115117172412E-008     0.331269026510E-006
     0.491080235308E+000    -0.279999996363E+003     0.317466898714E-006    -0.784940813388E-007     0.334539294887E-006
     0.501080235308E+000    -0.279999997557E+003     0.156730037366E-006    -0.329276342941E-007     0.336140810847E-006
     0.511080235308E+000    -0.279999998553E+003     0.226689024490E-007    -0.781149729984E-008     0.336380581285E-006
     0.521080235308E+000    -0.280000032081E+003    -0.507135490370E-005     0.956444309651E-006     0.387988164329E-006
     0.531080235308E+000    -0.280000003990E+003    -0.673463689821E-006     0.101216098845E-006     0.394798436278E-006
     0.541080235308E+000    -0.280000000642E+003    -0.136185513518E-006     0.216509579981E-007     0.396177394511E-006
     0.551080235308E+000    -0.279999999822E+003    -0.282239618790E-007     0.418780120263E-008     0.396462724093E-006
     0.561080235308E+000    -0.280000001192E+003    -0.253767116415E-006     0.469186142898E-007     0.399043404347E-006
     0.571080235308E+000    -0.279999999740E+003    -0.379710222314E-007     0.556774412384E-008     0.399427174891E-006
     0.581080235308E+000    -0.279999999558E+003    -0.158078693805E-007     0.251187751932E-008     0.399587236836E-006
     0.591080235308E+000    -0.279999999452E+003    -0.485238593809E-008     0.561271210267E-009     0.399636084225E-006
     0.601080235308E+000    -0.279999998595E+003     0.120123083860E-006    -0.266953316491E-007     0.400866620532E-006
     0.611080235308E+000    -0.279999999034E+003     0.519854967430E-007    -0.106523480678E-007     0.401397277143E-006
     0.621080235308E+000    -0.280000005312E+003    -0.905038144526E-006     0.170315024962E-006     0.410606518430E-006
     0.631080235308E+000    -0.279999997360E+003     0.326797710635E-006    -0.671713366120E-007     0.413942814761E-006
     0.641080235308E+000    -0.279999999241E+003     0.350229705708E-007    -0.573768514040E-008     0.414297713268E-006
     0.651080235308E+000    -0.279999999408E+003     0.435839370479E-008    -0.100542718944E-008     0.414342441871E-006
     0.661080235308E+000    -0.279999999425E+003     0.245628070194E-010    -0.298532775472E-009     0.414345437287E-006
     0.671080235308E+000    -0.279999999423E+003    -0.488507637362E-009    -0.143360546672E-009     0.414350528377E-006
     0.681080235308E+000    -0.279999999419E+003    -0.411791519972E-009    -0.940110562555E-010     0.414354752241E-006
     0.691080235308E+000    -0.279999999419E+003    -0.761260888766E-009     0.580029153044E-010     0.414362386915E-006
     0.701080235308E+000    -0.279999999414E+003    -0.127066459440E-008    -0.135741929183E-008     0.414380980397E-006
     0.711080235308E+000    -0.279999999411E+003     0.935365837193E-009     0.165296770746E-008     0.414399973058E-006
     0.721080235308E+000    -0.279999999410E+003    -0.328809063843E-009    -0.311590982307E-009     0.414404503006E-006
     0.731080235308E+000    -0.279999999407E+003    -0.280769201569E-009    -0.915947483756E-009     0.414414083148E-006
     0.741080235308E+000    -0.279999999407E+003    -0.263192431602E-009    -0.665742930680E-009     0.414421241946E-006
     0.751080235308E+000    -0.279999999660E+003    -0.374205523159E-007     0.901039498114E-008     0.414806142576E-006
