 #              _____________________  _______________________             #
 #              ___  __ \__  __ \_  / / /_  /___  ____/_  ___/             #
 #              __  / / /_  /_/ /  / / /_  __/_  __/  _____ \              #
 #              _  /_/ /_  _, _// /_/ / / /_ _  /___  ____/ /              #
 #              /_____/ /_/ |_| \____/  \__/ /_____/  /____/               #
 #                                                                         #
  
 #        time                      h  [L]                   theta [-]       Darcian flow [L.T^{-1}]   in    x         z              directions   cumulative flux
 #-----------------------------------------------------------------------------------------------

     0.000000000000E+000     0.400000000000E+001     0.600000000000E+000    -0.106932683284E-011    -0.873171622694E+004     0.873171622694E-003
     0.100000000000E-006     0.400000000000E+001     0.600000000000E+000    -0.105991007996E-011    -0.865482260433E+004     0.173865388313E-002
     0.206000000000E-006     0.400000000000E+001     0.600000000000E+000    -0.104991658768E-011    -0.857321954711E+004     0.264741515512E-002
     0.318360000000E-006     0.400000000000E+001     0.600000000000E+000    -0.103930983621E-011    -0.848660884865E+004     0.360097052535E-002
     0.437461600000E-006     0.400000000000E+001     0.600000000000E+000    -0.102805089693E-011    -0.839467263254E+004     0.460078946737E-002
     0.563709296000E-006     0.400000000000E+001     0.600000000000E+000    -0.101609830165E-011    -0.829707228534E+004     0.564827572694E-002
     0.697531853760E-006     0.400000000000E+001     0.600000000000E+000    -0.100340792707E-011    -0.819344751295E+004     0.674474382999E-002
     0.839383764986E-006     0.400000000000E+001     0.600000000000E+000    -0.989932907335E-012    -0.808341562664E+004     0.789139178586E-002
     0.989746790885E-006     0.400000000000E+001     0.600000000000E+000    -0.975623593798E-012    -0.796657121447E+004     0.908926953971E-002
     0.114913159834E-005     0.400000000000E+001     0.600000000000E+000    -0.960427589739E-012    -0.784248642472E+004     0.103392427285E-001
     0.131807949424E-005     0.400000000000E+001     0.600000000000E+000    -0.944289900063E-012    -0.771071218836E+004     0.116419513286E-001
     0.149716426389E-005     0.400000000000E+001     0.600000000000E+000    -0.927153253422E-012    -0.757078084936E+004     0.129977628731E-001
     0.168699411973E-005     0.400000000000E+001     0.600000000000E+000    -0.908958678477E-012    -0.742221087019E+004     0.144067200926E-001
     0.188821376691E-005     0.400000000000E+001     0.600000000000E+000    -0.889646449852E-012    -0.726451455612E+004     0.158684831485E-001
     0.210150659292E-005     0.400000000000E+001     0.600000000000E+000    -0.869157565644E-012    -0.709721012009E+004     0.173822671518E-001
     0.232759698850E-005     0.400000000000E+001     0.600000000000E+000    -0.847435980530E-012    -0.691983991727E+004     0.189467764960E-001
     0.256725280781E-005     0.400000000000E+001     0.600000000000E+000    -0.824431899152E-012    -0.673199733773E+004     0.205601388336E-001
     0.282128797628E-005     0.400000000000E+001     0.600000000000E+000    -0.800106533566E-012    -0.653336565386E+004     0.222198434782E-001
     0.309056525485E-005     0.400000000000E+001     0.600000000000E+000    -0.774438838109E-012    -0.632377301479E+004     0.239226918659E-001
     0.337599917015E-005     0.400000000000E+001     0.600000000000E+000    -0.747434830508E-012    -0.610326855897E+004     0.256647717068E-001
     0.367855912035E-005     0.400000000000E+001     0.600000000000E+000    -0.719140130318E-012    -0.587222479835E+004     0.274414717494E-001
     0.399927266758E-005     0.400000000000E+001     0.600000000000E+000    -0.689656175654E-012    -0.563147003801E+004     0.292475604813E-001
     0.433922902763E-005     0.400000000000E+001     0.600000000000E+000    -0.659160003284E-012    -0.538244989284E+004     0.310773585551E-001
