 #        time                      h  [L]            Darcian flow [L.T^{-1}]   in    x         z              directions   cumulative flux
 #-----------------------------------------------------------------------------------------------

     0.100000000000E-006    -0.280000000000E+003     0.603248301125E-015     0.117287663361E-014     0.131891929642E-021
     0.205999994278E-006    -0.280000000000E+003    -0.120649660225E-014     0.142409051300E-014     0.329736534394E-021
     0.318359982147E-006    -0.280000000000E+003    -0.180974490337E-014     0.175915139148E-014     0.613315653395E-021
     0.437461562859E-006    -0.280000000000E+003    -0.180974490337E-014     0.251312014753E-014     0.982164413071E-021
     0.563709231599E-006    -0.280000000000E+003    -0.180974490337E-014     0.402105765961E-014     0.153885910664E-020
     0.697531753239E-006    -0.280000000000E+003    -0.241299320450E-014     0.435611853809E-014     0.220526711437E-020
     0.839383618521E-006    -0.280000000000E+003    -0.180974490337E-014     0.477502641565E-014     0.292962965922E-020
     0.989746587602E-006    -0.280000000000E+003    -0.120649660225E-014     0.443996553717E-014     0.362144521943E-020
     0.114913132622E-005    -0.280000000000E+003    -0.120649660225E-014     0.443996553717E-014     0.435476967367E-020
     0.131807914004E-005    -0.280000000000E+003    -0.180974490337E-014     0.402105765961E-014     0.509975255044E-020
     0.149716381303E-005    -0.280000000000E+003    -0.180974490337E-014     0.402105765961E-014     0.588943435719E-020
     0.168699355614E-005    -0.280000000000E+003    -0.241299320450E-014     0.435611853809E-014     0.683474654653E-020
     0.188821307298E-005    -0.280000000000E+003    -0.301624150562E-014     0.544514817261E-014     0.808728512980E-020
     0.210150574931E-005    -0.280000000000E+003    -0.241299320450E-014     0.511008729413E-014     0.929263464224E-020
     0.232759597402E-005    -0.280000000000E+003    -0.241299320450E-014     0.586405605018E-014     0.107262978683E-019
     0.256725159928E-005    -0.280000000000E+003    -0.180974490337E-014     0.477502641565E-014     0.119500925520E-019
     0.282128654833E-005    -0.280000000000E+003    -0.241299320450E-014     0.435611853809E-014     0.132151331611E-019
     0.309056357980E-005    -0.280000000000E+003    -0.241299320450E-014     0.511008729413E-014     0.147368588207E-019
     0.337599721774E-005    -0.280000000000E+003    -0.180974490337E-014     0.552899517170E-014     0.163974096829E-019
     0.367855685763E-005    -0.280000000000E+003    -0.120649660225E-014     0.519393429322E-014     0.180107247386E-019
     0.399927005860E-005    -0.280000000000E+003    -0.120649660225E-014     0.519393429322E-014     0.197208386053E-019
     0.433922603327E-005    -0.280000000000E+003    -0.180974490337E-014     0.552899517170E-014     0.216985809307E-019
     0.469957934698E-005    -0.280000000000E+003    -0.241299320450E-014     0.586405605018E-014     0.239836213163E-019
     0.508155383889E-005    -0.280000000000E+003    -0.241299320450E-014     0.511008729413E-014     0.261422175489E-019
     0.548644677845E-005    -0.280000000000E+003    -0.301624150562E-014     0.469117941657E-014     0.284003761897E-019
     0.591563327122E-005    -0.280000000000E+003    -0.241299320450E-014     0.511008729413E-014     0.308257746548E-019
     0.637057092900E-005    -0.280000000000E+003    -0.241299320450E-014     0.435611853809E-014     0.330912684928E-019
     0.685280482021E-005    -0.280000000000E+003    -0.301624150562E-014     0.469117941657E-014     0.357807711289E-019
     0.736397271730E-005    -0.280000000000E+003    -0.180974490337E-014     0.402105765961E-014     0.380347886381E-019
     0.790581065897E-005    -0.280000000000E+003    -0.241299320450E-014     0.435611853809E-014     0.407330276101E-019
     0.848015884613E-005    -0.280000000000E+003    -0.180974490337E-014     0.402105765961E-014     0.432656414100E-019
     0.908896789166E-005    -0.280000000000E+003    -0.180974490337E-014     0.477502641565E-014     0.463745076112E-019
     0.973430544509E-005    -0.280000000000E+003    -0.180974490337E-014     0.552899517170E-014     0.501288507870E-019
     0.104183632148E-004    -0.280000000000E+003    -0.241299320450E-014     0.511008729413E-014     0.539945657912E-019
     0.111434644115E-004    -0.280000000000E+003    -0.241299320450E-014     0.586405605018E-014     0.585925130146E-019
     0.119120716386E-004    -0.280000000000E+003    -0.241299320450E-014     0.586405605018E-014     0.634663368083E-019
     0.127267952553E-004    -0.280000000000E+003    -0.180974490337E-014     0.628296392774E-014     0.687933342873E-019
     0.135904022424E-004    -0.280000000000E+003    -0.180974490337E-014     0.703693268378E-014     0.750682338501E-019
     0.145058255993E-004    -0.280000000000E+003    -0.180974490337E-014     0.703693268378E-014     0.817196270276E-019
     0.154761743052E-004    -0.280000000000E+003    -0.180974490337E-014     0.477502641565E-014     0.866746852965E-019
     0.165047438780E-004    -0.280000000000E+003    -0.120649660225E-014     0.368599678113E-014     0.906639186683E-019
     0.175950275662E-004    -0.280000000000E+003    -0.120649660225E-014     0.368599678113E-014     0.948925058141E-019
     0.187507282134E-004    -0.280000000000E+003    -0.180974490337E-014     0.477502641565E-014     0.100794058538E-018
     0.199757708333E-004    -0.280000000000E+003     0.603248301125E-015     0.494272041382E-014     0.106894031975E-018
     0.212743159403E-004    -0.280000000000E+003     0.603248301125E-015     0.418875165778E-014     0.112389432672E-018
     0.226507736794E-004    -0.280000000000E+003     0.603248301125E-015     0.418875165778E-014     0.118214557096E-018
     0.241098188040E-004    -0.280000000000E+003     0.241299320450E-014     0.469150653442E-014     0.125912008173E-018
     0.256564065527E-004    -0.280000000000E+003     0.301624150562E-014     0.435644565594E-014     0.134106928713E-018
     0.272957894778E-004    -0.280000000000E+003     0.180974490337E-014     0.427259865686E-014     0.141713784887E-018
     0.290335352846E-004    -0.280000000000E+003     0.241299320450E-014     0.544547529046E-014     0.152064061693E-018
     0.308755457403E-004    -0.280000000000E+003     0.241299320450E-014     0.544547529046E-014     0.163035354514E-018
     0.328280767180E-004    -0.280000000000E+003     0.120649660225E-014     0.611559704742E-014     0.175206399833E-018
     0.348977594427E-004    -0.280000000000E+003     0.120649660225E-014     0.611559704742E-014     0.188107707174E-018
     0.370916230124E-004    -0.280000000000E+003     0.241299320450E-014     0.544547529046E-014     0.201174690349E-018
     0.394171182707E-004    -0.280000000000E+003     0.180974490337E-014     0.578053616894E-014     0.215260700034E-018
     0.418821431115E-004    -0.280000000000E+003     0.120649660225E-014     0.611559704742E-014     0.230626361009E-018
     0.444950693017E-004    -0.280000000000E+003     0.180974490337E-014     0.502656741290E-014     0.244585735852E-018
     0.472647709137E-004    -0.280000000000E+003     0.603248301125E-015     0.569668916986E-014     0.260452083649E-018
     0.502006544641E-004    -0.280000000000E+003     0.603248301125E-015     0.645065792590E-014     0.279473096587E-018
     0.533126908594E-004    -0.280000000000E+003     0.603248301125E-015     0.645065792590E-014     0.299635369213E-018
     0.566114492604E-004    -0.280000000000E+003     0.603248301125E-015     0.569668916986E-014     0.318532440241E-018
     0.601081329767E-004    -0.280000000000E+003     0.646341796621E-030     0.527778129230E-014     0.336987172144E-018
     0.638146175159E-004    -0.280000000000E+003    -0.603248301125E-015     0.485887341474E-014     0.355134780341E-018
     0.677434909153E-004    -0.280000000000E+003    -0.180974490337E-014     0.552899517170E-014     0.377991561195E-018
     0.719080964939E-004    -0.280000000000E+003    -0.603248301125E-015     0.636681092682E-014     0.404625569983E-018
     0.763225781689E-004    -0.280000000000E+003     0.646341796621E-030     0.527778129230E-014     0.427924238783E-018
     0.810019284919E-004    -0.280000000000E+003     0.646341796621E-030     0.527778129230E-014     0.452620826377E-018
     0.859620395664E-004    -0.280000000000E+003     0.603248301125E-015     0.645065792590E-014     0.484756411903E-018
     0.912197570216E-004    -0.280000000000E+003     0.603248301125E-015     0.720462668195E-014     0.522768856129E-018
     0.967929372233E-004    -0.280000000000E+003     0.180974490337E-014     0.728847368103E-014     0.564622298527E-018
     0.102700507918E-003    -0.280000000000E+003     0.180974490337E-014     0.728847368103E-014     0.608986945074E-018
     0.108962532517E-003    -0.280000000000E+003     0.180974490337E-014     0.728847368103E-014     0.656013467875E-018
     0.115600278233E-003    -0.280000000000E+003     0.120649660225E-014     0.837750331555E-014     0.712194916229E-018
     0.122636288312E-003    -0.280000000000E+003     0.120649660225E-014     0.837750331555E-014     0.771747248269E-018
     0.130094458593E-003    -0.280000000000E+003     0.120649660225E-014     0.686956580347E-014     0.823765817122E-018
     0.138000118665E-003    -0.280000000000E+003     0.120649660225E-014     0.686956580347E-014     0.878905497130E-018
     0.146380117888E-003    -0.280000000000E+003     0.120649660225E-014     0.762353455951E-014     0.943585799672E-018
     0.155262916586E-003    -0.280000000000E+003     0.603248301125E-015     0.795859543799E-014     0.101448319395E-017
     0.164678682697E-003    -0.280000000000E+003     0.101567996612E-029     0.829365631647E-014     0.109257432203E-017
     0.174659394236E-003    -0.280000000000E+003     0.923345423745E-030     0.753968756043E-014     0.116782576867E-017
     0.185238947896E-003    -0.280000000000E+003     0.831010881370E-030     0.678571880438E-014     0.123961564488E-017
     0.196453274170E-003    -0.280000000000E+003    -0.603248301125E-015     0.712077968286E-014     0.131975643417E-017
     0.208340459379E-003    -0.280000000000E+003    -0.603248301125E-015     0.712077968286E-014     0.140470566624E-017
     0.220940875020E-003    -0.280000000000E+003    -0.603248301125E-015     0.787474843891E-014     0.150422148947E-017
     0.234297314879E-003    -0.280000000000E+003    -0.120649660225E-014     0.670187180530E-014     0.159517356861E-017
     0.248455140365E-003    -0.280000000000E+003    -0.120649660225E-014     0.820980931739E-014     0.171265503309E-017
     0.263462434571E-003    -0.280000000000E+003     0.120034905087E-029     0.980159382855E-014     0.185975043536E-017
     0.279370165569E-003    -0.280000000000E+003    -0.120649660225E-014     0.104717155855E-013     0.202743366208E-017
     0.296232359518E-003    -0.280000000000E+003    -0.180974490337E-014     0.108067764640E-013     0.221219714186E-017
     0.314106284138E-003    -0.280000000000E+003    -0.301624150562E-014     0.107229294649E-013     0.241129607842E-017
     0.333052643213E-003    -0.280000000000E+003    -0.241299320450E-014     0.111418373425E-013     0.262728712760E-017
     0.353135782749E-003    -0.280000000000E+003    -0.241299320450E-014     0.103878685864E-013     0.284146262959E-017
     0.374423909507E-003    -0.280000000000E+003    -0.241299320450E-014     0.963389983039E-014     0.305288552105E-017
     0.396989322653E-003    -0.280000000000E+003    -0.241299320450E-014     0.963389983039E-014     0.327699377391E-017
     0.420908659296E-003    -0.280000000000E+003    -0.301624150562E-014     0.996896070887E-014     0.352612017065E-017
     0.446263154769E-003    -0.280000000000E+003    -0.301624150562E-014     0.107229294649E-013     0.380854572592E-017
     0.473138918520E-003    -0.280000000000E+003    -0.422273810787E-014     0.988511370979E-014     0.409744079777E-017
     0.501627226558E-003    -0.280000000000E+003    -0.361948980675E-014     0.118119590994E-013     0.444938739403E-017
     0.531824831448E-003    -0.280000000000E+003    -0.361948980675E-014     0.110579903434E-013     0.480074513307E-017
     0.563834290904E-003    -0.280000000000E+003    -0.422273810787E-014     0.106390824658E-013     0.516714033493E-017
     0.597764316095E-003    -0.280000000000E+003    -0.422273810787E-014     0.106390824658E-013     0.555551922793E-017
     0.633730140856E-003    -0.280000000000E+003    -0.422273810787E-014     0.121470199779E-013     0.601804254711E-017
     0.671853913045E-003    -0.280000000000E+003    -0.361948980675E-014     0.125659278555E-013     0.651658029459E-017
     0.712265109384E-003    -0.280000000000E+003    -0.422273810787E-014     0.121470199779E-013     0.703627143992E-017
     0.755100975191E-003    -0.280000000000E+003    -0.422273810787E-014     0.121470199779E-013     0.758714402423E-017
     0.800506990496E-003    -0.280000000000E+003    -0.361948980675E-014     0.125659278555E-013     0.818091036192E-017
     0.848637364120E-003    -0.280000000000E+003    -0.361948980675E-014     0.133198966115E-013     0.884524962568E-017
     0.899655557408E-003    -0.280000000000E+003    -0.361948980675E-014     0.140738653676E-013     0.958663788109E-017
     0.953734839373E-003    -0.280000000000E+003    -0.361948980675E-014     0.140738653676E-013     0.103725093894E-016
     0.101105887516E-002    -0.280000000000E+003    -0.482598640900E-014     0.117281121004E-013     0.110995055449E-016
     0.107182234982E-002    -0.280000000000E+003    -0.482598640900E-014     0.109741433443E-013     0.118279629734E-016
     0.113623162948E-002    -0.280000000000E+003    -0.482598640900E-014     0.102201745883E-013     0.125559363401E-016
     0.120450546223E-002    -0.280000000000E+003    -0.482598640900E-014     0.102201745883E-013     0.133275880670E-016
     0.127687572104E-002    -0.280000000000E+003    -0.361948980675E-014     0.110579903434E-013     0.141696366534E-016
     0.135358819124E-002    -0.280000000000E+003    -0.361948980675E-014     0.110579903434E-013     0.150622081068E-016
     0.143490340526E-002    -0.280000000000E+003    -0.542923471012E-014     0.113092042228E-013     0.160822998980E-016
     0.152109752747E-002    -0.280000000000E+003    -0.542923471012E-014     0.120631729788E-013     0.172225303101E-016
     0.161246329208E-002    -0.280000000000E+003    -0.542923471012E-014     0.120631729788E-013     0.184311744817E-016
     0.170931099734E-002    -0.280000000000E+003    -0.542923471012E-014     0.128171417349E-013     0.197792573571E-016
     0.181196955938E-002    -0.280000000000E+003    -0.542923471012E-014     0.120631729788E-013     0.211372898016E-016
     0.192078762926E-002    -0.280000000000E+003    -0.422273810787E-014     0.113930512219E-013     0.224594769668E-016
     0.203613477710E-002    -0.280000000000E+003    -0.482598640900E-014     0.946620583222E-014     0.236850869451E-016
     0.215840274722E-002    -0.280000000000E+003    -0.482598640900E-014     0.946620583222E-014     0.249842334521E-016
     0.228800678855E-002    -0.280000000000E+003    -0.361948980675E-014     0.879608407526E-014     0.262169838833E-016
     0.242538706494E-002    -0.280000000000E+003    -0.361948980675E-014     0.879608407526E-014     0.275236992698E-016
     0.257101015006E-002    -0.280000000000E+003    -0.301624150562E-014     0.921499195283E-014     0.289356710173E-016
     0.272537061195E-002    -0.280000000000E+003    -0.120649660225E-014     0.104717155855E-013     0.305627830379E-016
     0.288899269272E-002    -0.280000000000E+003    -0.180974490337E-014     0.108067764640E-013     0.323556330729E-016
     0.306243208897E-002    -0.280000000000E+003    -0.180974490337E-014     0.100528077080E-013     0.341272137331E-016
     0.324627783907E-002    -0.280000000000E+003    -0.180974490337E-014     0.100528077080E-013     0.360050891314E-016
     0.344115432366E-002    -0.280000000000E+003    -0.180974490337E-014     0.854487019587E-014     0.377072209749E-016
     0.364772338618E-002    -0.280000000000E+003    -0.241299320450E-014     0.887993107435E-014     0.396080572324E-016
     0.386668658063E-002    -0.280000000000E+003    -0.180974490337E-014     0.929883895191E-014     0.416823632221E-016
     0.409878755421E-002    -0.280000000000E+003    -0.180974490337E-014     0.929883895191E-014     0.438811274526E-016
     0.434481457293E-002    -0.280000000000E+003    -0.180974490337E-014     0.100528077080E-013     0.463941476640E-016
     0.460560319869E-002    -0.280000000000E+003    -0.120649660225E-014     0.971774682947E-014     0.489478827477E-016
     0.488203912708E-002    -0.280000000000E+003    -0.603248301125E-015     0.938268595099E-014     0.515469495198E-016
     0.517506119535E-002    -0.280000000000E+003    -0.603248301125E-015     0.938268595099E-014     0.543019601495E-016
     0.548566457095E-002    -0.280000000000E+003     0.120034905087E-029     0.980159382855E-014     0.573463682789E-016
     0.581490413132E-002    -0.280000000000E+003     0.110801450849E-029     0.904762507251E-014     0.603252043801E-016
     0.616389804647E-002    -0.280000000000E+003     0.110801450849E-029     0.904762507251E-014     0.634827704770E-016
     0.653383157655E-002    -0.280000000000E+003     0.110801450849E-029     0.904762507251E-014     0.668297903589E-016
     0.692596109728E-002    -0.280000000000E+003     0.110801450849E-029     0.904762507251E-014     0.703776312423E-016
     0.734161836681E-002    -0.280000000000E+003     0.603248301125E-015     0.795859543799E-014     0.736951686905E-016
     0.778221504872E-002    -0.280000000000E+003     0.603248301125E-015     0.720462668195E-014     0.768806112215E-016
     0.824924750635E-002    -0.280000000000E+003     0.180974490337E-014     0.653450492499E-014     0.800473162243E-016
     0.874430188470E-002    -0.280000000000E+003     0.241299320450E-014     0.619944404651E-014     0.833406612510E-016
     0.926905949743E-002    -0.280000000000E+003     0.180974490337E-014     0.578053616894E-014     0.865192275320E-016
     0.982530253690E-002    -0.280000000000E+003     0.301624150562E-014     0.511041441198E-014     0.898200530431E-016
     0.104149201269E-001    -0.280000000000E+003     0.241299320450E-014     0.544547529046E-014     0.933319045706E-016
     0.110399147386E-001    -0.280000000000E+003     0.120649660225E-014     0.460765953534E-014     0.963087533447E-016
     0.117024089912E-001    -0.280000000000E+003     0.603248301125E-015     0.494272041382E-014     0.996075751799E-016
     0.124046528610E-001    -0.280000000000E+003     0.603248301125E-015     0.418875165778E-014     0.102579448418E-015
     0.131490313229E-001    -0.280000000000E+003     0.369338169498E-030     0.301587502417E-014     0.104824400829E-015
     0.139380724499E-001    -0.280000000000E+003     0.603248301125E-015     0.343478290173E-014     0.107576067032E-015
     0.147744559993E-001    -0.280000000000E+003     0.603248301125E-015     0.343478290173E-014     0.110492833049E-015
     0.156610225139E-001    -0.280000000000E+003    -0.603248301125E-015     0.335093590265E-014     0.113511416918E-015
     0.166007829686E-001    -0.280000000000E+003    -0.180974490337E-014     0.402105765961E-014     0.117655332315E-015
     0.175969289968E-001    -0.280000000000E+003    -0.120649660225E-014     0.293202802509E-014     0.120813668617E-015
     0.186528437297E-001    -0.280000000000E+003    -0.120649660225E-014     0.217805926905E-014     0.123442785244E-015
     0.197721132861E-001    -0.280000000000E+003    -0.180974490337E-014     0.175915139148E-014     0.126267647375E-015
     0.209585389519E-001    -0.280000000000E+003    -0.180974490337E-014     0.100518263544E-014     0.128723740142E-015
     0.222161500898E-001    -0.280000000000E+003    -0.180974490337E-014     0.251213879397E-015     0.131021518224E-015
     0.235492178240E-001    -0.280000000000E+003    -0.120649660225E-014     0.670121756960E-015     0.132861295247E-015
     0.249622695459E-001    -0.280000000000E+003    -0.120649660225E-014     0.670121756960E-015     0.134811458787E-015
     0.264601042903E-001    -0.280000000000E+003    -0.180974490337E-014    -0.502754876645E-015     0.137624813156E-015
     0.280478090337E-001    -0.280000000000E+003    -0.241299320450E-014    -0.921662754208E-015     0.141725888142E-015
     0.297307759708E-001    -0.280000000000E+003    -0.180974490337E-014    -0.125672363269E-014     0.145433969200E-015
     0.315147208278E-001    -0.280000000000E+003    -0.180974490337E-014    -0.201069238873E-014     0.150259881481E-015
     0.334057022742E-001    -0.280000000000E+003    -0.603248301125E-015    -0.117287663361E-014     0.152753933400E-015
     0.354101424992E-001    -0.280000000000E+003    -0.603248301125E-015    -0.418907877563E-015     0.154226061118E-015
     0.375348490229E-001    -0.280000000000E+003     0.000000000000E+000     0.000000000000E+000     0.154226061118E-015
     0.397870378166E-001    -0.280000000000E+003     0.000000000000E+000     0.000000000000E+000     0.154226061118E-015
     0.421743578089E-001    -0.280000000000E+003    -0.180974490337E-014    -0.125672363269E-014     0.159486043265E-015
     0.447049168642E-001    -0.280000000000E+003    -0.120649660225E-014    -0.837815755125E-015     0.163203097114E-015
     0.473873093180E-001    -0.280000000000E+003    -0.180974490337E-014    -0.125672363269E-014     0.169113212417E-015
     0.502306451656E-001    -0.280000000000E+003    -0.603248301125E-015    -0.192684538965E-014     0.174854105120E-015
     0.532445810013E-001    -0.280000000000E+003    -0.120649660225E-014    -0.159178451117E-014     0.180873993603E-015
     0.564393528147E-001    -0.280000000000E+003    -0.120649660225E-014     0.670121756960E-015     0.185283122733E-015
     0.598258107541E-001    -0.280000000000E+003    -0.120649660225E-014    -0.837815755125E-015     0.190257377925E-015
     0.634154559761E-001    -0.280000000000E+003    -0.120649660225E-014    -0.837815755125E-015     0.195530088145E-015
     0.672204797060E-001    -0.280000000000E+003    -0.603248301125E-015    -0.418907877563E-015     0.198324624410E-015
     0.712538046420E-001    -0.280000000000E+003    -0.603248301125E-015    -0.418907877563E-015     0.201286832692E-015
     0.755291288433E-001    -0.280000000000E+003    -0.120649660225E-014     0.670121756960E-015     0.207187240475E-015
     0.800609722521E-001    -0.280000000000E+003    -0.241299320450E-014     0.134024351392E-014     0.219696104300E-015
     0.845928156609E-001    -0.280000000000E+003    -0.180974490337E-014     0.175915139148E-014     0.231133771620E-015
     0.891246590697E-001    -0.280000000000E+003    -0.603248301125E-015     0.184299839057E-014     0.239921986555E-015
     0.936565024785E-001    -0.280000000000E+003    -0.603248301125E-015     0.184299839057E-014     0.248710201490E-015
     0.981883458873E-001    -0.280000000000E+003    -0.603248301125E-015     0.184299839057E-014     0.257498416425E-015
     0.102720189296E+000    -0.280000000000E+003    -0.120649660225E-014     0.217805926905E-014     0.268782229869E-015
     0.107252032705E+000    -0.280000000000E+003    -0.120649660225E-014     0.217805926905E-014     0.280066043312E-015
     0.111783876114E+000    -0.280000000000E+003    -0.603248301125E-015     0.184299839057E-014     0.288854258247E-015
     0.116315719522E+000    -0.280000000000E+003    -0.120649660225E-014     0.217805926905E-014     0.300138071690E-015
     0.120847562931E+000    -0.280000000000E+003    -0.603248301125E-015     0.184299839057E-014     0.308926286625E-015
     0.125651316685E+000    -0.280000000000E+003    -0.603248301125E-015     0.108902963452E-014     0.314906707427E-015
     0.130743295390E+000    -0.280000000000E+003     0.184669084749E-030     0.150793751209E-014     0.322585093126E-015
     0.136140792525E+000    -0.280000000000E+003     0.923345423745E-031     0.753968756043E-015     0.326654637327E-015
     0.141862139179E+000    -0.280000000000E+003    -0.603248301125E-015     0.335060878480E-015     0.330602674568E-015
     0.147926766306E+000    -0.280000000000E+003    -0.120649660225E-014     0.670121756960E-015     0.338972513068E-015
     0.154355270713E+000    -0.280000000000E+003    -0.184669084749E-030    -0.150793751209E-014     0.348666296010E-015
     0.161169485016E+000    -0.280000000000E+003    -0.184669084749E-030    -0.150793751209E-014     0.358941705374E-015
     0.168392551788E+000    -0.280000000000E+003     0.120649660225E-014    -0.670121756960E-015     0.368910315330E-015
     0.176049002153E+000    -0.280000000000E+003     0.603248301125E-015     0.117287663361E-014     0.379008555459E-015
     0.184164839102E+000    -0.280000000000E+003     0.603248301125E-015     0.418907877563E-015     0.384969096650E-015
     0.192280676050E+000    -0.280000000000E+003     0.923345423745E-031     0.753968756043E-015     0.391088184139E-015
     0.200396512999E+000    -0.280000000000E+003     0.603248301125E-015     0.117287663361E-014     0.401792318097E-015
     0.208512349948E+000    -0.280000000000E+003    -0.120649660225E-014     0.293202802509E-014     0.427524029844E-015
     0.217115136649E+000    -0.280000000000E+003     0.989327213845E-013    -0.391166401938E-013     0.134273257161E-014
     0.226234090060E+000    -0.280000007983E+003    -0.104445793745E-006     0.351918049965E-007     0.100504847850E-008
     0.235900180154E+000    -0.280000041609E+003    -0.544900024796E-006     0.182234002713E-006     0.655884830528E-008
     0.245900180154E+000    -0.280000016539E+003    -0.212641377168E-006     0.628115933506E-007     0.877609099708E-008
     0.255900180154E+000    -0.280000008773E+003    -0.103157124006E-006     0.282344493431E-007     0.984560380032E-008
     0.265900180154E+000    -0.280000009098E+003    -0.104168183566E-006     0.279358344326E-007     0.109240944731E-007
     0.275900180154E+000    -0.280000005252E+003    -0.512080767437E-007     0.131300627381E-007     0.114527404483E-007
     0.285900180154E+000    -0.280000011749E+003    -0.137840896724E-006     0.368597124913E-007     0.128795814071E-007
     0.295900180154E+000    -0.280000006031E+003    -0.610182718986E-007     0.147101837857E-007     0.135072452512E-007
     0.305900180154E+000    -0.280000004026E+003    -0.331086909577E-007     0.742784137463E-008     0.138465619535E-007
     0.315900180154E+000    -0.280000005740E+003    -0.553456485428E-007     0.147949630562E-007     0.144194521475E-007
     0.325900180154E+000    -0.280000008852E+003    -0.973595461640E-007     0.247995265981E-007     0.154241360654E-007
     0.335900180154E+000    -0.280000004889E+003    -0.437946024862E-007     0.902884120819E-008     0.158712923223E-007
     0.345900180154E+000    -0.280000002833E+003    -0.150989910101E-007     0.131233894884E-008     0.160228514735E-007
     0.355900180154E+000    -0.279999998133E+003     0.486222250759E-007    -0.157914745486E-007     0.165340746576E-007
     0.365900180154E+000    -0.279999998922E+003     0.380234555356E-007    -0.119933784232E-007     0.169327755852E-007
     0.375900180154E+000    -0.280000000780E+003     0.120372925489E-007    -0.470121647479E-008     0.170620032325E-007
     0.385900180154E+000    -0.280000001244E+003     0.464352125456E-008    -0.276472267612E-008     0.171160457908E-007
     0.395900180154E+000    -0.280000002979E+003    -0.194773429506E-007     0.383285126061E-008     0.173145546413E-007
     0.405900180154E+000    -0.279999998508E+003     0.400053827068E-007    -0.123860706521E-007     0.177333440146E-007
     0.415900180154E+000    -0.280000001113E+003     0.450054055372E-008    -0.244858666701E-008     0.177845791997E-007
     0.425900180154E+000    -0.280000004628E+003    -0.436218593983E-007     0.106153466922E-007     0.182335282172E-007
     0.435900180154E+000    -0.280000002543E+003    -0.160600457984E-007     0.281696298053E-008     0.183965804638E-007
     0.445900180154E+000    -0.280000102498E+003    -0.133031301759E-005     0.437940892679E-006     0.324020256558E-007
     0.455900180154E+000    -0.280000040376E+003    -0.507270496459E-006     0.146018026265E-006     0.376807056098E-007
     0.465900180154E+000    -0.280000019550E+003    -0.214412541768E-006     0.561980594401E-007     0.398972560819E-007
     0.475900180154E+000    -0.280000013441E+003    -0.123733978353E-006     0.311521856732E-007     0.411732089051E-007
     0.485900180154E+000    -0.279999992435E+003     0.157596599502E-006    -0.551073882669E-007     0.428427451406E-007
     0.495900180154E+000    -0.279999997561E+003     0.888670459096E-007    -0.289715484039E-007     0.437774484340E-007
     0.505900180154E+000    -0.279999999930E+003     0.531052889932E-007    -0.147291503763E-007     0.443285491135E-007
     0.515900180154E+000    -0.280000002133E+003     0.186546064931E-007    -0.418518303110E-008     0.445197322980E-007
     0.525900180154E+000    -0.280000049279E+003    -0.606027332918E-006     0.201558410540E-006     0.509063974772E-007
     0.535900180154E+000    -0.280000017835E+003    -0.192464077542E-006     0.578283842387E-007     0.529160378223E-007
     0.545900180154E+000    -0.280000011046E+003    -0.982019707128E-007     0.278736811675E-007     0.539368497126E-007
     0.555900180154E+000    -0.280000007987E+003    -0.561197684900E-007     0.159013796998E-007     0.545201405741E-007
     0.565900180154E+000    -0.279999998987E+003     0.637470720191E-007    -0.165023720094E-007     0.551786250062E-007
     0.575900180154E+000    -0.280000002557E+003     0.135782588007E-007    -0.101146535526E-008     0.553147838011E-007
     0.585900180154E+000    -0.280000003179E+003     0.110309077192E-008     0.230568142466E-008     0.553403434883E-007
     0.595900180154E+000    -0.280000010265E+003    -0.958977263345E-007     0.341808548210E-007     0.563584154284E-007
     0.605900180154E+000    -0.280000006592E+003    -0.499920194685E-007     0.190566358375E-007     0.568934254638E-007
     0.615900180154E+000    -0.280000004501E+003    -0.243939495863E-007     0.980855448825E-008     0.571563460825E-007
     0.625900180154E+000    -0.280000003641E+003    -0.150018444299E-007     0.678629363264E-008     0.573209999976E-007
     0.635900180154E+000    -0.280000004260E+003    -0.255591001591E-007     0.950572522415E-008     0.575936951411E-007
     0.645900180154E+000    -0.280000003110E+003    -0.123120327512E-007     0.562195368105E-008     0.577290437701E-007
     0.655900180154E+000    -0.280000002574E+003    -0.703714709221E-008     0.412724113904E-008     0.578106253603E-007
     0.665900180154E+000    -0.280000003225E+003    -0.171847726019E-007     0.806428909772E-008     0.580004540115E-007
     0.675900180154E+000    -0.280000001844E+003    -0.612159477696E-009     0.243540640680E-008     0.580255656494E-007
     0.685900180154E+000    -0.280000037924E+003    -0.476877575891E-006     0.159127311526E-006     0.630528285594E-007
     0.695900180154E+000    -0.280000015405E+003    -0.180051311787E-006     0.538244131423E-007     0.649320715540E-007
     0.705900180154E+000    -0.280000009125E+003    -0.923675670593E-007     0.262005706720E-007     0.658921880754E-007
     0.715900180154E+000    -0.280000006134E+003    -0.502711492307E-007     0.143014222633E-007     0.664148465800E-007
     0.725900180154E+000    -0.280000005147E+003    -0.367508890806E-007     0.107123653137E-007     0.667976497434E-007
     0.735900180154E+000    -0.280000009405E+003    -0.931940176167E-007     0.302590486944E-007     0.677774831449E-007
     0.745900180154E+000    -0.280000006622E+003    -0.572783537505E-007     0.178028544247E-007     0.683772957351E-007
     0.755900180154E+000    -0.280000004912E+003    -0.350179589111E-007     0.107308409433E-007     0.687435481609E-007
