 #        time                      h  [L]            Darcian flow [L.T^{-1}]   in    x         z              directions   cumulative flux
 #-----------------------------------------------------------------------------------------------

     0.100000000000E-006    -0.278500000000E+003     0.487713680098E-014    -0.261121242072E-014     0.553216898527E-021
     0.205999994278E-006    -0.278500000000E+003     0.488360977619E-014     0.251616382159E-014     0.113554892367E-020
     0.318359982147E-006    -0.278500000000E+003     0.487713680098E-014    -0.261121242072E-014     0.175714336374E-020
     0.437461562859E-006    -0.278500000000E+003     0.488360977619E-014     0.251616382159E-014     0.241145155655E-020
     0.563709231599E-006    -0.278500000000E+003     0.489008275140E-014     0.764354006391E-014     0.355701690629E-020
     0.697531753239E-006    -0.278500000000E+003     0.976721955238E-014     0.503232764319E-014     0.502737811841E-020
     0.839383618521E-006    -0.278500000000E+003    -0.487066382577E-014     0.773858866303E-014     0.632444353119E-020
     0.989746587602E-006    -0.278500000000E+003    -0.486419085056E-014     0.128659649053E-013     0.839264999043E-020
     0.114913132622E-005    -0.278500000000E+003    -0.485771787535E-014     0.179933411477E-013     0.113631887963E-019
     0.131807914004E-005    -0.278500000000E+003    -0.974132765154E-014     0.154771773261E-013     0.144528396153E-019
     0.149716381303E-005    -0.278500000000E+003    -0.486419085056E-014     0.128659649053E-013     0.169161062006E-019
     0.168699355614E-005    -0.278500000000E+003    -0.486419085056E-014     0.128659649053E-013     0.195271686401E-019
     0.188821307298E-005    -0.278500000000E+003    -0.486419085056E-014     0.128659649053E-013     0.222948946766E-019
     0.210150574931E-005    -0.278500000000E+003     0.194189256280E-016     0.153821287269E-013     0.255757926950E-019
     0.232759597402E-005    -0.278500000000E+003     0.194189256280E-016     0.153821287269E-013     0.290535444067E-019
     0.256725159928E-005    -0.278500000000E+003     0.194189256280E-016     0.153821287269E-013     0.327399610221E-019
     0.282128654833E-005    -0.278500000000E+003     0.489008275140E-014     0.764354006391E-014     0.350450620839E-019
     0.309056357980E-005    -0.278500000000E+003     0.489008275140E-014     0.764354006391E-014     0.374884690775E-019
     0.337599721774E-005    -0.278500000000E+003     0.647297520932E-017     0.512737624231E-014     0.389519958977E-019
     0.367855685763E-005    -0.278500000000E+003     0.488360977619E-014     0.251616382159E-014     0.406141673819E-019
     0.399927005860E-005    -0.278500000000E+003     0.488360977619E-014     0.251616382159E-014     0.423760690602E-019
     0.433922603327E-005    -0.278500000000E+003     0.489008275140E-014     0.764354006391E-014     0.454608134274E-019
     0.469957934698E-005    -0.278500000000E+003     0.977369252759E-014     0.101597038855E-013     0.505409599909E-019
     0.508155383889E-005    -0.278500000000E+003     0.978016550280E-014     0.152870801278E-013     0.574729967846E-019
     0.548644677845E-005    -0.278500000000E+003     0.489655572661E-014     0.127709163062E-013     0.630108985779E-019
     0.591563327122E-005    -0.278500000000E+003     0.488360977619E-014     0.251616382159E-014     0.653687198325E-019
     0.637057092900E-005    -0.278500000000E+003     0.146508293286E-013     0.754849146478E-014     0.728665910174E-019
     0.685280482021E-005    -0.278500000000E+003     0.978016550280E-014     0.152870801278E-013     0.816181258657E-019
     0.736397271730E-005    -0.278500000000E+003     0.977369252759E-014     0.101597038855E-013     0.888244085250E-019
     0.790581065897E-005    -0.278500000000E+003     0.977369252759E-014     0.101597038855E-013     0.964630677314E-019
     0.848015884613E-005    -0.278500000000E+003     0.146637752790E-013     0.178032439494E-013     0.109710253975E-018
     0.908896789166E-005    -0.278500000000E+003     0.490302870182E-014     0.178982925485E-013     0.121008355132E-018
     0.973430544509E-005    -0.278500000000E+003     0.490950167703E-014     0.230256687908E-013     0.136201698616E-018
     0.104183632148E-004    -0.278500000000E+003     0.490950167703E-014     0.230256687908E-013     0.152306641840E-018
     0.111434644115E-004    -0.278500000000E+003    -0.972838170112E-014     0.257319298107E-013     0.172253826813E-018
     0.119120716386E-004    -0.278500000000E+003    -0.484477192493E-014     0.282480936323E-013     0.194282525736E-018
     0.127267952553E-004    -0.278500000000E+003    -0.971543575071E-014     0.359866822953E-013     0.224651407229E-018
     0.135904022424E-004    -0.278500000000E+003    -0.970896277550E-014     0.411140585376E-013     0.261134379553E-018
     0.145058255993E-004    -0.278500000000E+003    -0.145925725517E-013     0.385978947160E-013     0.298908663565E-018
     0.154761743052E-004    -0.278500000000E+003    -0.194697093527E-013     0.412091071367E-013     0.343134216349E-018
     0.165047438780E-004    -0.278500000000E+003    -0.145925725517E-013     0.385978947160E-013     0.385577397283E-018
     0.175950275662E-004    -0.278500000000E+003    -0.145860995765E-013     0.437252709583E-013     0.435832895589E-018
     0.187507282134E-004    -0.278500000000E+003    -0.970248980029E-014     0.462414347799E-013     0.490437868981E-018
     0.199757708333E-004    -0.278500000000E+003    -0.145925725517E-013     0.385978947160E-013     0.540988368377E-018
     0.212743159403E-004    -0.278500000000E+003    -0.243662650793E-013     0.284381908305E-013     0.589617895653E-018
     0.226507736794E-004    -0.278500000000E+003    -0.341464305821E-013     0.131511107027E-013     0.639984409115E-018
     0.241098188040E-004    -0.278500000000E+003    -0.292951856819E-013    -0.996960668726E-014     0.685134747603E-018
     0.256564065527E-004    -0.278500000000E+003    -0.244698326826E-013    -0.535998290465E-013     0.776261639963E-018
     0.272957894778E-004    -0.278500000000E+003    -0.245734002860E-013    -0.135637848923E-012     0.100224377096E-017
     0.290335352846E-004    -0.278500000000E+003    -0.247611165670E-013    -0.284331759950E-012     0.149821013180E-017
     0.308755457403E-004    -0.278500000000E+003    -0.202076285265E-013    -0.543311784487E-012     0.249968809957E-017
     0.328280767180E-004    -0.278500000000E+003    -0.207707773697E-013    -0.989393517568E-012     0.443193524559E-017
     0.348977594427E-004    -0.278500000000E+003    -0.168581138749E-013    -0.175598379009E-011     0.806643204004E-017
     0.370916230124E-004    -0.278500000000E+003    -0.233988053047E-013    -0.307110827195E-011     0.148042201499E-016
     0.394171182707E-004    -0.278500000000E+003    -0.262469143968E-013    -0.532715381856E-011     0.271926414596E-016
     0.418821431115E-004    -0.278500000000E+003    -0.213732641027E-013    -0.919841793011E-011     0.498670313627E-016
     0.444950693017E-004    -0.278500000000E+003    -0.200273852976E-013    -0.158641020937E-010     0.913187922386E-016
     0.472647709137E-004    -0.278500000000E+003    -0.100699630343E-013    -0.273060798000E-010     0.166948490623E-015
     0.502006544641E-004    -0.278500000000E+003    -0.695608578297E-015    -0.469416997901E-010     0.304763854875E-015
     0.533126908594E-004    -0.278499999999E+003     0.104901788594E-013    -0.806060112765E-010     0.555612697775E-015
     0.566114492604E-004    -0.278499999999E+003     0.352702005512E-013    -0.138295071865E-009     0.101181474274E-014
     0.601081329767E-004    -0.278499999998E+003     0.814169996086E-013    -0.237047437956E-009     0.184069470792E-014
     0.638146175159E-004    -0.278499999997E+003     0.175638057984E-012    -0.405964151231E-009     0.334539469875E-014
     0.677434909153E-004    -0.278499999995E+003     0.309117669720E-012    -0.694553115771E-009     0.607420623007E-014
     0.719080964939E-004    -0.278499999991E+003     0.551263020281E-012    -0.118700756037E-008     0.110176250709E-013
     0.763225781689E-004    -0.278499999985E+003     0.965807468592E-012    -0.202613754440E-008     0.199619731479E-013
     0.810019284919E-004    -0.278499999974E+003     0.165740449523E-011    -0.345377976054E-008     0.361234204466E-013
     0.859620395664E-004    -0.278499999955E+003     0.285702015026E-011    -0.587846261890E-008     0.652812514276E-013
     0.912197570216E-004    -0.278499999924E+003     0.490087345122E-011    -0.998873526913E-008     0.117799205529E-012
     0.967929372233E-004    -0.278499999871E+003     0.829931574426E-011    -0.169421579933E-007     0.212220916359E-012
     0.102700507918E-003    -0.278499999782E+003     0.139944410362E-010    -0.286792732085E-007     0.381645770486E-012
     0.108962532517E-003    -0.278499999631E+003     0.234945862874E-010    -0.484433394169E-007     0.684999189226E-012
     0.115600278233E-003    -0.278499999376E+003     0.393017391660E-010    -0.816363331917E-007     0.122688047294E-011
     0.122636288312E-003    -0.278499998949E+003     0.654344564024E-010    -0.137221703829E-006     0.219237387395E-011
     0.130094458593E-003    -0.278499998235E+003     0.108392725766E-009    -0.230010274936E-006     0.390782986138E-011
     0.138000118665E-003    -0.278499997043E+003     0.178618612361E-009    -0.384362662860E-006     0.694647074625E-011
     0.146380117888E-003    -0.278499995062E+003     0.292709896962E-009    -0.640148264208E-006     0.123109132640E-010
     0.155262916586E-003    -0.278499991784E+003     0.476897184637E-009    -0.106227291095E-005     0.217468706446E-010
     0.164678682697E-003    -0.278499986380E+003     0.772273822395E-009    -0.175580763376E-005     0.382791462590E-010
     0.174659394236E-003    -0.278499977515E+003     0.124268237381E-008    -0.288983764116E-005     0.671217848162E-010
     0.185238947896E-003    -0.278499963039E+003     0.198661514174E-008    -0.473477443755E-005     0.117213589456E-009
     0.196453274170E-003    -0.278499939524E+003     0.315463916246E-008    -0.772027350462E-005     0.203791262691E-009
     0.208340459379E-003    -0.278499901526E+003     0.497536398847E-008    -0.125244066624E-004     0.352671216067E-009
     0.220940875020E-003    -0.278499840470E+003     0.779323081542E-008    -0.202098056518E-004     0.607323186245E-009
     0.234297314879E-003    -0.278499742930E+003     0.121234400900E-007    -0.324297288855E-004     0.104046894001E-008
     0.248455140365E-003    -0.278499588038E+003     0.187312180260E-007    -0.517372086348E-004     0.177295535901E-008
     0.263462434571E-003    -0.278499343591E+003     0.287461078293E-007    -0.820446451450E-004     0.300422356224E-008
     0.279370165569E-003    -0.278498960252E+003     0.438251156750E-007    -0.129300735473E-003     0.506110499823E-008
     0.296232359518E-003    -0.278498363009E+003     0.663855958971E-007    -0.202478068821E-003     0.847532964850E-008
     0.314106284138E-003    -0.278497438660E+003     0.999362888524E-007    -0.315000022962E-003     0.141056165977E-007
     0.333052643213E-003    -0.278496017705E+003     0.149547277120E-006    -0.486782025381E-003     0.233283640771E-007
     0.353135782749E-003    -0.278493848307E+003     0.222518902387E-006    -0.747122479981E-003     0.383329297580E-007
     0.374423909507E-003    -0.278490559245E+003     0.329338195495E-006    -0.113875635952E-002     0.625749205002E-007
     0.396989322653E-003    -0.278485607630E+003     0.485025938681E-006    -0.172348327693E-002     0.101466034234E-006
     0.420908659296E-003    -0.278478205849E+003     0.711021567955E-006    -0.258989720738E-002     0.163414659743E-006
     0.446263154769E-003    -0.278467220458E+003     0.103805171368E-005    -0.386388810642E-002     0.261381596782E-006
     0.473138918520E-003    -0.278451033482E+003     0.151148482254E-005    -0.572277139121E-002     0.415185454056E-006
     0.501627226558E-003    -0.278427354297E+003     0.219797187814E-005    -0.841406232653E-002     0.654887861643E-006
     0.531824831448E-003    -0.278392967587E+003     0.319383411806E-005    -0.122800828681E-001     0.102571696466E-005
     0.563834290904E-003    -0.278343400205E+003     0.463504946085E-005    -0.177897439693E-001     0.159515707230E-005
     0.597764316095E-003    -0.278272487298E+003     0.670864648872E-005    -0.255789586106E-001     0.246305181217E-005
     0.633730140856E-003    -0.278171816441E+003     0.966498587921E-005    -0.365011796127E-001     0.377584688773E-005
     0.671853913045E-003    -0.278030028600E+003     0.138298333798E-004    -0.516894779953E-001     0.574644484192E-005
     0.712265109384E-003    -0.277831957832E+003     0.196142534263E-004    -0.726313295113E-001     0.868156386619E-005
     0.755100975191E-003    -0.277557599590E+003     0.275192553990E-004    -0.101256802705E+000     0.130189868391E-004
     0.800506990496E-003    -0.277180912439E+003     0.381311775863E-004    -0.140040104898E+000     0.193776502210E-004
     0.848637364120E-003    -0.276668481313E+003     0.521055398045E-004    -0.192113575171E+000     0.286241487124E-004
     0.899655557408E-003    -0.275978092717E+003     0.701372511369E-004    -0.261393651652E+000     0.419599810366E-004
     0.953734839373E-003    -0.275057326270E+003     0.929485819577E-004    -0.352716074894E+000     0.610346137670E-004
     0.101105887516E-002    -0.273842391309E+003     0.121082438432E-003    -0.471967885538E+000     0.880897186193E-004
     0.107182234982E-002    -0.272257639545E+003     0.154664123544E-003    -0.626184789677E+000     0.126138883378E-003
     0.113623162948E-002    -0.270216125441E+003     0.193074708322E-003    -0.823595175230E+000     0.179186056803E-003
     0.120450546223E-002    -0.267621730622E+003     0.234586495938E-003    -0.107357024772E+001     0.252482814094E-003
     0.127687572104E-002    -0.264373327873E+003     0.275879803680E-003    -0.138642898358E+001     0.352819040446E-003
     0.135358819124E-002    -0.260370399027E+003     0.309113850641E-003    -0.177299596433E+001     0.488829942590E-003
     0.143490340526E-002    -0.255527474807E+003     0.334109169479E-003    -0.224378820054E+001     0.671284062359E-003
     0.152109752747E-002    -0.249777170308E+003     0.336358773132E-003    -0.280791715200E+001     0.913310018250E-003
     0.161246329208E-002    -0.243086589792E+003     0.310284942621E-003    -0.347158023729E+001     0.123049360230E-002
     0.170931099734E-002    -0.235464227995E+003     0.233694443721E-003    -0.423637512260E+001     0.164077681217E-002
     0.181196955938E-002    -0.226963394266E+003     0.104878707456E-003    -0.509780881874E+001     0.216411053513E-002
     0.192078762926E-002    -0.217682220785E+003    -0.819682863638E-004    -0.604380472575E+001     0.282178570018E-002
     0.203613477710E-002    -0.207754905664E+003    -0.328413649532E-003    -0.705470975406E+001     0.363552635008E-002
     0.215840274722E-002    -0.197349622165E+003    -0.626929639839E-003    -0.810225900481E+001     0.462617311494E-002
     0.228800678855E-002    -0.186650818444E+003    -0.957426023536E-003    -0.915245532637E+001     0.581236831980E-002
     0.242538706494E-002    -0.175851504922E+003    -0.132000351955E-002    -0.101687294761E+002     0.720935119756E-002
     0.257101015006E-002    -0.165123096403E+003    -0.161051714466E-002    -0.111189780563E+002     0.882853110242E-002
     0.272537061195E-002    -0.154609689071E+003    -0.181994280727E-002    -0.119796714431E+002     0.106777187410E-001
     0.288899269272E-002    -0.144425175471E+003    -0.183814620047E-002    -0.127359750625E+002     0.127616055031E-001
     0.306243208897E-002    -0.134664150184E+003    -0.182288686449E-002    -0.133788787396E+002     0.150820301757E-001
     0.324627783907E-002    -0.125401340588E+003    -0.149979141905E-002    -0.139028607724E+002     0.176380120579E-001
     0.344115432366E-002    -0.116681673594E+003    -0.127276858840E-002    -0.143102031270E+002     0.204267341481E-001
     0.364772338618E-002    -0.108533057332E+003    -0.122829280024E-002    -0.146054098506E+002     0.234437599793E-001
     0.386668658063E-002    -0.100949384293E+003    -0.107970526197E-002    -0.148006766995E+002     0.266845634380E-001
     0.409878755421E-002    -0.939107701606E+002    -0.654155109437E-003    -0.149101343808E+002     0.301452201474E-001
     0.434481457293E-002    -0.873791830048E+002    -0.213126913344E-003    -0.149498922040E+002     0.338232975568E-001
     0.460560319869E-002    -0.813147982355E+002     0.156656982269E-004    -0.149312874447E+002     0.377172074904E-001
     0.488203912708E-002    -0.757068204446E+002    -0.104525037320E-004    -0.148550342444E+002     0.418236726730E-001
     0.517506119535E-002    -0.705275456206E+002     0.103634786475E-003    -0.147291155319E+002     0.461396285701E-001
     0.548566457095E-002    -0.657168524488E+002     0.226899780729E-003    -0.145739666420E+002     0.506663518055E-001
     0.581490413132E-002    -0.612386744463E+002     0.240344128362E-003    -0.143981956020E+002     0.554068073962E-001
     0.616389804647E-002    -0.570820323838E+002    -0.425330879505E-003    -0.141930825688E+002     0.603601068522E-001
     0.653383157655E-002    -0.532258486234E+002    -0.740984427405E-003    -0.139621928639E+002     0.655251901533E-001
     0.692596109728E-002    -0.496712708675E+002    -0.762781224516E-003    -0.137054529719E+002     0.708995028668E-001
     0.734161836681E-002    -0.463876475755E+002    -0.871138622153E-003    -0.134287761650E+002     0.764812713125E-001
     0.778221504872E-002    -0.433539409093E+002    -0.684809073346E-003    -0.131398136063E+002     0.822706295963E-001
     0.824924750635E-002    -0.405169330588E+002    -0.522744901583E-003    -0.128562251698E+002     0.882749040380E-001
     0.874430188470E-002    -0.378534695347E+002     0.188800160633E-002    -0.125765894520E+002     0.945009997812E-001
     0.926905949743E-002    -0.353658032140E+002     0.645076853638E-003    -0.122939338123E+002     0.100952335148E+000
     0.982530253690E-002    -0.330566910046E+002     0.168802240341E-003    -0.119976490686E+002     0.107625943934E+000
     0.104149201269E-001    -0.309095454593E+002     0.464619538982E-003    -0.117006547267E+002     0.114524855780E+000
     0.110399147386E-001    -0.288951262167E+002     0.126875505519E-002    -0.114109745642E+002     0.121656653441E+000
     0.117024089912E-001    -0.269545493099E+002     0.180053177932E-002    -0.111473981323E+002     0.129041740731E+000
     0.124046528610E-001    -0.251177866639E+002     0.373881065466E-003    -0.108900873422E+002     0.136689237814E+000
     0.131490313229E-001    -0.234096480126E+002    -0.151361993377E-002    -0.106111939882E+002     0.144587982154E+000
     0.139380724499E-001    -0.218466035432E+002    -0.158413547969E-002    -0.103305989377E+002     0.152739249678E+000
     0.147744559993E-001    -0.204023777654E+002    -0.158155305219E-002    -0.100433838861E+002     0.161139370845E+000
     0.156610225139E-001    -0.190546699695E+002    -0.871352123211E-003    -0.976519499746E+001     0.169796865773E+000
     0.166007829686E-001    -0.177585082818E+002     0.736392345075E-003    -0.951036827526E+001     0.178734333814E+000
     0.175969289968E-001    -0.165029022016E+002     0.398940563542E-003    -0.927335793642E+001     0.187971952499E+000
     0.186528437297E-001    -0.153316003982E+002    -0.803776424371E-003    -0.902931182595E+001     0.197506135922E+000
     0.197721132861E-001    -0.142492737242E+002    -0.915902764972E-003    -0.877356761722E+001     0.207326123111E+000
     0.209585389519E-001    -0.132209662648E+002     0.108119861356E-002    -0.853272572763E+001     0.217449567995E+000
     0.222161500898E-001    -0.122156166618E+002     0.618991688369E-002    -0.832316843757E+001     0.227916880219E+000
     0.235492178240E-001    -0.112629232873E+002    -0.196516760062E-002    -0.810123238847E+001     0.238716372041E+000
     0.249622695459E-001    -0.104087165490E+002    -0.322047063664E-002    -0.787722156998E+001     0.249847294474E+000
     0.264601042903E-001    -0.964072036464E+001    -0.157227121857E-002    -0.764428932337E+001     0.261297176861E+000
     0.280478090337E-001    -0.888636345270E+001     0.131639849757E-002    -0.743401770381E+001     0.273100202217E+000
     0.297307759708E-001    -0.810703253481E+001     0.105681903261E-002    -0.725038490048E+001     0.285302360416E+000
     0.315147208278E-001    -0.742164463054E+001    -0.159953497225E-002    -0.704460996844E+001     0.297869556463E+000
     0.334057022742E-001    -0.677866933624E+001    -0.796052445087E-003    -0.683675325432E+001     0.310797730108E+000
     0.354101424992E-001    -0.609526824005E+001    -0.339690500948E-002    -0.668817819275E+001     0.324203785238E+000
     0.375348490229E-001    -0.552130634531E+001    -0.122417836447E-002    -0.648489366123E+001     0.337982281351E+000
     0.397870378166E-001    -0.499628081178E+001    -0.164636421061E-002    -0.629850836163E+001     0.352167711785E+000
     0.421743578089E-001    -0.445036003905E+001     0.364181445188E-002    -0.611805647309E+001     0.366773472905E+000
     0.447049168642E-001    -0.390604036982E+001    -0.323217815103E-002    -0.595969575342E+001     0.381854837178E+000
     0.473873093180E-001    -0.342844856599E+001    -0.967701407376E-003    -0.574606778313E+001     0.397268046258E+000
     0.502306451656E-001    -0.286537854832E+001    -0.341043686712E-002    -0.559809772577E+001     0.413185321153E+000
     0.532445810013E-001    -0.238183257765E+001    -0.228427521464E-002    -0.538795570642E+001     0.429424275397E+000
     0.564393528147E-001    -0.184903385610E+001     0.599061939963E-003    -0.517226540210E+001     0.445948483226E+000
     0.598258107541E-001    -0.129131753086E+001     0.139383523051E-002    -0.490305020185E+001     0.462552457181E+000
     0.634154559761E-001    -0.678968557324E+000    -0.294988648829E-003    -0.464571811148E+001     0.479228937036E+000
     0.672204797060E-001    -0.946875278801E-001    -0.172545441258E-002    -0.418281846230E+001     0.495144661897E+000
     0.712538046420E-001     0.427072237792E+000    -0.189001874819E-002    -0.394032674757E+001     0.511037281852E+000
     0.755291288433E-001     0.879548857635E+000     0.141716241096E-002    -0.358855890748E+001     0.526379535793E+000
     0.800609722521E-001     0.130780959448E+001     0.118301902653E-002    -0.325269571980E+001     0.541120244427E+000
     0.845928156609E-001     0.160924664444E+001     0.476758923434E-002    -0.302052035226E+001     0.554808786728E+000
     0.891246590697E-001     0.179712578466E+001     0.598886181955E-002    -0.287646724131E+001     0.567844514089E+000
     0.936565024785E-001     0.190354916840E+001     0.454645793017E-002    -0.279400354716E+001     0.580506517412E+000
     0.981883458873E-001     0.197371883102E+001     0.250141999394E-002    -0.273988179355E+001     0.592923237834E+000
     0.102720189296E+000     0.201637564220E+001     0.588056420417E-003    -0.270306500652E+001     0.605173105457E+000
     0.107252032705E+000     0.207292985453E+001    -0.134036491286E-002    -0.265962811371E+001     0.617226125125E+000
     0.111783876114E+000     0.212541391614E+001    -0.148259952937E-002    -0.261900210172E+001     0.629095034439E+000
     0.116315719522E+000     0.217278535066E+001    -0.116751323117E-002    -0.258228023149E+001     0.640797525282E+000
     0.120847562931E+000     0.221338408681E+001     0.152023436773E-002    -0.255049602000E+001     0.652355975912E+000
     0.125651316685E+000     0.224471941388E+001     0.307158665909E-002    -0.252588713902E+001     0.664489724710E+000
     0.130743295390E+000     0.226831566556E+001     0.349372446294E-002    -0.250732030174E+001     0.677256958686E+000
     0.136140792525E+000     0.229289213817E+001     0.375288963525E-002    -0.248856115528E+001     0.690688975666E+000
     0.141862139179E+000     0.231639825170E+001     0.189477213495E-002    -0.247015890028E+001     0.704821615184E+000
     0.147926766306E+000     0.234427339555E+001     0.421665177768E-003    -0.244845659940E+001     0.719670591715E+000
     0.154355270713E+000     0.238254512446E+001    -0.175015649254E-002    -0.241970057652E+001     0.735225651603E+000
     0.161169485016E+000     0.242071415960E+001    -0.386811442584E-002    -0.239008811346E+001     0.751512245542E+000
     0.168392551788E+000     0.245076139309E+001    -0.561098591240E-002    -0.236706816408E+001     0.768609784980E+000
     0.176049002153E+000     0.248125755821E+001    -0.657976420283E-002    -0.234289528967E+001     0.786548117215E+000
     0.184164839102E+000     0.250562316102E+001    -0.436560103472E-002    -0.232496126221E+001     0.805417156995E+000
     0.192280676050E+000     0.253223462622E+001    -0.175654288659E-002    -0.230440217069E+001     0.824119314710E+000
     0.200396512999E+000     0.255445334869E+001     0.143959506927E-002    -0.228722789153E+001     0.842682087019E+000
     0.208512349948E+000     0.257617978262E+001     0.409079803780E-002    -0.226966421730E+001     0.861102341654E+000
     0.217115136649E+000     0.258756674904E+001     0.491196920513E-002    -0.226064524818E+001     0.880550236439E+000
     0.226234090060E+000     0.259831008527E+001     0.584435761948E-002    -0.225208033954E+001     0.901086921285E+000
     0.235900180154E+000     0.260864729682E+001     0.464143540430E-002    -0.224359394331E+001     0.922773748882E+000
     0.245900180154E+000     0.262609669689E+001     0.408247239840E-002    -0.223069582013E+001     0.945080744441E+000
     0.255900180154E+000     0.264174276112E+001     0.863132566400E-003    -0.221851039271E+001     0.967265850047E+000
     0.265900180154E+000     0.265939822508E+001    -0.136435817742E-002    -0.220501691665E+001     0.989316023434E+000
     0.275900180154E+000     0.267723366248E+001    -0.364495540364E-002    -0.219146298399E+001     0.101123068359E+001
     0.285900180154E+000     0.269828167087E+001    -0.484058194676E-002    -0.217534863884E+001     0.103298422383E+001
     0.295900180154E+000     0.272085941415E+001    -0.409858478663E-002    -0.215839434492E+001     0.105456820619E+001
     0.305900180154E+000     0.273713590849E+001    -0.258385919871E-002    -0.214581844604E+001     0.107602640621E+001
     0.315900180154E+000     0.274805116437E+001    -0.231293071385E-002    -0.213742345624E+001     0.109740065329E+001
     0.325900180154E+000     0.276233444842E+001    -0.700691531785E-003    -0.212611576296E+001     0.111866181207E+001
     0.335900180154E+000     0.277315395457E+001    -0.512121205647E-004    -0.211727659565E+001     0.113983457804E+001
     0.345900180154E+000     0.279008517478E+001     0.282826430836E-002    -0.210455077468E+001     0.116088010479E+001
     0.355900180154E+000     0.279828482736E+001     0.393979859516E-002    -0.209797606124E+001     0.118185990239E+001
     0.365900180154E+000     0.280508865425E+001     0.422901245309E-002    -0.209294502050E+001     0.120278939532E+001
     0.375900180154E+000     0.280901227764E+001     0.423559571984E-002    -0.208979674404E+001     0.122368740569E+001
     0.385900180154E+000     0.280989161889E+001     0.212139652336E-002    -0.208871206497E+001     0.124457453711E+001
     0.395900180154E+000     0.282123250762E+001     0.264251673485E-002    -0.208038388339E+001     0.126537839273E+001
     0.405900180154E+000     0.281912889268E+001     0.747395109121E-003    -0.208155081605E+001     0.128619390223E+001
     0.415900180154E+000     0.282638417563E+001    -0.505380552607E-003    -0.207602915185E+001     0.130695419436E+001
     0.425900180154E+000     0.283519065078E+001    -0.106913840024E-003    -0.206943274662E+001     0.132764852185E+001
     0.435900180154E+000     0.284455572544E+001    -0.479284138238E-003    -0.206234705742E+001     0.134827199299E+001
     0.445900180154E+000     0.285314841307E+001    -0.136100359395E-002    -0.205601612957E+001     0.136883215879E+001
     0.455900180154E+000     0.286001898305E+001    -0.165265931279E-002    -0.205064315324E+001     0.138933859698E+001
     0.465900180154E+000     0.286873262189E+001    -0.164459557438E-002    -0.204401515302E+001     0.140977875512E+001
     0.475900180154E+000     0.287312106393E+001    -0.161954374231E-002    -0.204061154310E+001     0.143018487698E+001
     0.485900180154E+000     0.288239252945E+001    -0.102864058552E-002    -0.203366384587E+001     0.145052151804E+001
     0.495900180154E+000     0.288525930230E+001    -0.150279821318E-002    -0.203101997642E+001     0.147083172337E+001
     0.505900180154E+000     0.289382231179E+001    -0.952471779785E-003    -0.202448176644E+001     0.149107654327E+001
     0.515900180154E+000     0.290303768552E+001    -0.638912286403E-003    -0.201753683958E+001     0.151125191268E+001
     0.525900180154E+000     0.290976212631E+001     0.927307264819E-004    -0.201201020183E+001     0.153137201472E+001
     0.535900180154E+000     0.291692259022E+001     0.702038800797E-003    -0.200633887649E+001     0.155143540471E+001
     0.545900180154E+000     0.292944134807E+001     0.222781486144E-002    -0.199636821589E+001     0.157139909930E+001
     0.555900180154E+000     0.292977508920E+001     0.137138377746E-002    -0.199640949809E+001     0.159136319899E+001
     0.565900180154E+000     0.293158737837E+001     0.205771530837E-002    -0.199454582355E+001     0.161130866784E+001
     0.575900180154E+000     0.293845123934E+001     0.219624169380E-002    -0.198972445185E+001     0.163120592448E+001
     0.585900180154E+000     0.293568982330E+001     0.229816892464E-002    -0.199161897428E+001     0.165112212748E+001
     0.595900180154E+000     0.294272412458E+001     0.257616483976E-002    -0.198639034854E+001     0.167098604767E+001
     0.605900180154E+000     0.293944427985E+001     0.234540303341E-002    -0.198861695117E+001     0.169087223102E+001
     0.615900180154E+000     0.293133006201E+001     0.933587519155E-003    -0.199364401660E+001     0.171080867337E+001
     0.625900180154E+000     0.293118089341E+001    -0.811581049109E-003    -0.199416421201E+001     0.173075031714E+001
     0.635900180154E+000     0.293285565943E+001    -0.765336242168E-003    -0.199269153919E+001     0.175067723400E+001
     0.645900180154E+000     0.293166098822E+001    -0.198071677022E-002    -0.199315994564E+001     0.177060884330E+001
     0.655900180154E+000     0.293411966437E+001    -0.268282587185E-002    -0.199144118285E+001     0.179052327320E+001
     0.665900180154E+000     0.294480213813E+001    -0.125329643165E-002    -0.198400497838E+001     0.181036332694E+001
     0.675900180154E+000     0.295320513167E+001     0.102290065835E-002    -0.197752399074E+001     0.183013856950E+001
     0.685900180154E+000     0.296407738774E+001    -0.699347929857E-003    -0.197095933132E+001     0.184984816405E+001
     0.695900180154E+000     0.297423291771E+001    -0.203031219858E-006    -0.196189851522E+001     0.186946714920E+001
     0.705900180154E+000     0.297222851830E+001    -0.337235937908E-003    -0.196349709936E+001     0.188910212049E+001
     0.715900180154E+000     0.298418117898E+001     0.142156007018E-002    -0.195561677382E+001     0.190865829339E+001
     0.725900180154E+000     0.295990872249E+001    -0.102245071937E-002    -0.197069086000E+001     0.192836520464E+001
     0.735900180154E+000     0.298710737960E+001     0.235795108368E-002    -0.195120935916E+001     0.194787731248E+001
     0.745900180154E+000     0.299421415530E+001    -0.442848046969E-003    -0.194700526969E+001     0.196734736568E+001
     0.755900180154E+000     0.299041632565E+001    -0.242604874808E-003    -0.194879952446E+001     0.198683536108E+001
