 #        time                      h  [L]            Darcian flow [L.T^{-1}]   in    x         z              directions   cumulative flux
 #-----------------------------------------------------------------------------------------------

     0.100000000000E-006     0.400000000000E+001    -0.420782653294E-012    -0.343595111331E+004     0.343595111331E-003
     0.205999994278E-006     0.400000000000E+001    -0.419157296912E-012    -0.342267907126E+004     0.706399073299E-003
     0.318359982147E-006     0.400000000000E+001    -0.417438073826E-012    -0.340864054940E+004     0.108939388408E-002
     0.437461562859E-006     0.400000000000E+001    -0.415619809043E-012    -0.339379329071E+004     0.149360002961E-002
     0.563709231599E-006     0.400000000000E+001    -0.413697074586E-012    -0.337809297239E+004     0.192007639216E-002
     0.697531753239E-006     0.400000000000E+001    -0.411664181624E-012    -0.336149314162E+004     0.236991988085E-002
     0.839383618521E-006     0.400000000000E+001    -0.409515173077E-012    -0.334394515514E+004     0.284426473851E-002
     0.989746587602E-006     0.400000000000E+001    -0.407243816840E-012    -0.332539812396E+004     0.334428147380E-002
     0.114913132622E-005     0.400000000000E+001    -0.404843599816E-012    -0.330579886460E+004     0.387117536178E-002
     0.131807914004E-005     0.400000000000E+001    -0.402307722951E-012    -0.328509185858E+004     0.442618444948E-002
     0.149716381303E-005     0.400000000000E+001    -0.399629097540E-012    -0.326321922221E+004     0.501057699676E-002
     0.168699355614E-005     0.400000000000E+001    -0.396800343056E-012    -0.324012068894E+004     0.562564827479E-002
     0.188821307298E-005     0.400000000000E+001    -0.393813786865E-012    -0.321573360694E+004     0.627271663746E-002
     0.210150574931E-005     0.400000000000E+001    -0.390661466182E-012    -0.318999295514E+004     0.695311877235E-002
     0.232759597402E-005     0.400000000000E+001    -0.387335132733E-012    -0.316283138128E+004     0.766820403006E-002
     0.256725159928E-005     0.400000000000E+001    -0.383826260633E-012    -0.313417926622E+004     0.841932772177E-002
     0.282128654833E-005     0.400000000000E+001    -0.380126058070E-012    -0.310396481936E+004     0.920784326653E-002
     0.309056357980E-005     0.400000000000E+001    -0.376225483499E-012    -0.307211421090E+004     0.100350930616E-001
     0.337599721774E-005     0.400000000000E+001    -0.372115267148E-012    -0.303855174738E+004     0.109023979409E-001
     0.367855685763E-005     0.400000000000E+001    -0.367785938746E-012    -0.300320009820E+004     0.118110450811E-001
     0.399927005860E-005     0.400000000000E+001    -0.363227862579E-012    -0.296598058176E+004     0.127622742075E-001
     0.433922603327E-005     0.400000000000E+001    -0.358431281085E-012    -0.292681352154E+004     0.137572619509E-001
     0.469957934698E-005     0.400000000000E+001    -0.353386368453E-012    -0.288561868368E+004     0.147971042057E-001
     0.508155383889E-005     0.400000000000E+001    -0.348083295871E-012    -0.284231580986E+004     0.158827963430E-001
     0.548644677845E-005     0.400000000000E+001    -0.342512310364E-012    -0.279682526099E+004     0.170152111444E-001
     0.591563327122E-005     0.400000000000E+001    -0.336663829438E-012    -0.274906879005E+004     0.181950743367E-001
     0.637057092900E-005     0.400000000000E+001    -0.330528554107E-012    -0.269897046509E+004     0.194229376385E-001
     0.685280482021E-005     0.400000000000E+001    -0.324097603271E-012    -0.264645776641E+004     0.206991492652E-001
     0.736397271730E-005     0.400000000000E+001    -0.317362672857E-012    -0.259146288610E+004     0.220238218990E-001
     0.790581065897E-005     0.400000000000E+001    -0.310316223654E-012    -0.253392426183E+004     0.233967982054E-001
     0.848015884613E-005     0.400000000000E+001    -0.302951702326E-012    -0.247378838157E+004     0.248176140778E-001
     0.908896789166E-005     0.400000000000E+001    -0.295263800710E-012    -0.241101190087E+004     0.262854599319E-001
     0.973430544509E-005     0.400000000000E+001    -0.287248759138E-012    -0.234556411969E+004     0.277991405423E-001
     0.104183632148E-004     0.400000000000E+001    -0.278904720173E-012    -0.227742987094E+004     0.293570341405E-001
     0.111434644115E-004     0.400000000000E+001    -0.270232139735E-012    -0.220661287747E+004     0.309570517787E-001
     0.119120716386E-004     0.400000000000E+001    -0.261234262945E-012    -0.213313963770E+004     0.325965983206E-001
     0.127267952553E-004     0.400000000000E+001    -0.251917672107E-012    -0.205706390024E+004     0.342725368612E-001
     0.135904022424E-004     0.400000000000E+001    -0.242292913582E-012    -0.197847178264E+004     0.359811589164E-001
     0.145058255993E-004     0.400000000000E+001    -0.232375208611E-012    -0.189748757579E+004     0.377181633627E-001
     0.154761743052E-004     0.400000000000E+001    -0.222185249610E-012    -0.181428024607E+004     0.394786478517E-001
     0.165047438780E-004     0.400000000000E+001    -0.211750077116E-012    -0.172907059622E+004     0.412571172561E-001
     0.175950275662E-004     0.400000000000E+001    -0.201104021977E-012    -0.164213895890E+004     0.430475145768E-001
     0.187507282134E-004     0.400000000000E+001    -0.190289680534E-012    -0.155383315962E+004     0.448432805650E-001
     0.199757708333E-004     0.400000000000E+001    -0.179358865066E-012    -0.146457627775E+004     0.466374489253E-001
     0.212743159403E-004     0.400000000000E+001    -0.168373434987E-012    -0.137487343375E+004     0.484227840954E-001
     0.226507736794E-004     0.400000000000E+001    -0.157405864188E-012    -0.128531642183E+004     0.501919678314E-001
     0.241098188040E-004     0.400000000000E+001    -0.146539336834E-012    -0.119658449225E+004     0.519378386011E-001
     0.256564065527E-004     0.400000000000E+001    -0.135867093911E-012    -0.110943901544E+004     0.536536833903E-001
     0.272957894778E-004     0.400000000000E+001    -0.125490692092E-012    -0.102470926457E+004     0.553335742618E-001
     0.290335352846E-004     0.400000000000E+001    -0.115516817168E-012    -0.943266395244E+003     0.569727314848E-001
     0.308755457403E-004     0.400000000000E+001    -0.106038076650E-012    -0.865866605160E+003     0.585676668248E-001
     0.328280767180E-004     0.400000000000E+001    -0.971743318366E-013    -0.793488636105E+003     0.601169779673E-001
     0.348977594427E-004     0.400000000000E+001    -0.890122620502E-013    -0.726840278456E+003     0.616213067352E-001
     0.370916230124E-004     0.400000000000E+001    -0.816147141802E-013    -0.666434716010E+003     0.630833735802E-001
     0.394171182707E-004     0.400000000000E+001    -0.750128278660E-013    -0.612526223220E+003     0.645078004079E-001
     0.418821431115E-004     0.400000000000E+001    -0.692010195740E-013    -0.565069207074E+003     0.659007100401E-001
     0.444950693017E-004     0.400000000000E+001    -0.641363475832E-013    -0.523713021811E+003     0.672691335109E-001
     0.472647709137E-004     0.400000000000E+001    -0.597428136831E-013    -0.487837094946E+003     0.686202966992E-001
     0.502006544641E-004     0.400000000000E+001    -0.559198489218E-013    -0.456620218668E+003     0.699608804880E-001
     0.533126908594E-004     0.400000000000E+001    -0.525531124740E-013    -0.429128729284E+003     0.712963447118E-001
     0.566114492604E-004     0.400000000000E+001    -0.495251844895E-013    -0.404403820955E+003     0.726303752135E-001
     0.601081329767E-004     0.400000000000E+001    -0.467236296286E-013    -0.381527389457E+003     0.739644558236E-001
     0.638146175159E-004     0.400000000000E+001    -0.440432702091E-013    -0.359640593841E+003     0.752974581243E-001
     0.677434909153E-004     0.400000000000E+001    -0.413742943148E-013    -0.337846751763E+003     0.766248152404E-001
     0.719080964939E-004     0.400000000000E+001    -0.385223233338E-013    -0.314558641403E+003     0.779348279132E-001
     0.763225781689E-004     0.400000000000E+001    -0.333819290696E-013    -0.272584136853E+003     0.791381455902E-001
     0.810019284919E-004     0.400000000000E+001    -0.303784073275E-013    -0.248058520617E+003     0.802988983088E-001
     0.859620395664E-004     0.400000000000E+001    -0.283227928384E-013    -0.231273154497E+003     0.814460388437E-001
     0.912197570216E-004     0.400000000000E+001    -0.267040368731E-013    -0.218055008935E+003     0.825925104703E-001
     0.967929372233E-004     0.400000000000E+001    -0.253141477602E-013    -0.206705703047E+003     0.837445186021E-001
     0.102700507918E-003     0.400000000000E+001    -0.240726816705E-013    -0.196568363117E+003     0.849057601036E-001
     0.108962532517E-003     0.400000000000E+001    -0.229437880684E-013    -0.187350247307E+003     0.860789519608E-001
     0.115600278233E-003     0.400000000000E+001    -0.219025568903E-013    -0.178847949511E+003     0.872660991715E-001
     0.122636288312E-003     0.400000000000E+001    -0.209239900945E-013    -0.170857345229E+003     0.884682531746E-001
     0.130094458593E-003     0.400000000000E+001    -0.199791249967E-013    -0.163141936195E+003     0.896849935148E-001
     0.138000118665E-003     0.400000000000E+001    -0.190209905816E-013    -0.155318174961E+003     0.909128862090E-001
     0.146380117888E-003     0.400000000000E+001    -0.175038059633E-013    -0.142929422390E+003     0.921106346576E-001
     0.155262916586E-003     0.400000000000E+001    -0.166369898343E-013    -0.135851331550E+003     0.933173746885E-001
     0.164678682697E-003     0.400000000000E+001    -0.159126984347E-013    -0.129937043446E+003     0.945408314988E-001
     0.174659394236E-003     0.400000000000E+001    -0.152472873748E-013    -0.124503549802E+003     0.957834655149E-001
     0.185238947896E-003     0.400000000000E+001    -0.146252864890E-013    -0.119424527131E+003     0.970469237080E-001
     0.196453274170E-003     0.400000000000E+001    -0.140439660772E-013    -0.114677685738E+003     0.983329566923E-001
     0.208340459379E-003     0.400000000000E+001    -0.135017109544E-013    -0.110249836637E+003     0.996435169196E-001
     0.220940875020E-003     0.400000000000E+001    -0.129949446613E-013    -0.106111775823E+003     0.100980569399E+000
     0.234297314879E-003     0.400000000000E+001    -0.125175698934E-013    -0.102213715025E+003     0.102345780737E+000
     0.248455140365E-003     0.400000000000E+001    -0.120616376439E-013    -0.984907456773E+002     0.103740195526E+000
     0.263462434571E-003     0.400000000000E+001    -0.116185903473E-013    -0.948729899539E+002     0.105163982399E+000
     0.279370165569E-003     0.400000000000E+001    -0.111805309576E-013    -0.912959635825E+002     0.106616294029E+000
     0.296232359518E-003     0.400000000000E+001    -0.107410188206E-013    -0.877070746281E+002     0.108095227732E+000
     0.314106284138E-003     0.400000000000E+001    -0.102947364851E-013    -0.840629028077E+002     0.109597761720E+000
     0.333052643213E-003     0.400000000000E+001    -0.983388230047E-014    -0.802997428100E+002     0.111119149481E+000
     0.353135782749E-003     0.400000000000E+001    -0.931468797412E-014    -0.760601994028E+002     0.112646677078E+000
     0.374423909507E-003     0.400000000000E+001    -0.861316340424E-014    -0.703318165714E+002     0.114143909705E+000
     0.396989322653E-003     0.400000000000E+001    -0.821292537445E-014    -0.670636250400E+002     0.115657228111E+000
     0.420908659296E-003     0.400000000000E+001    -0.782543068444E-014    -0.638994907747E+002     0.117185661542E+000
     0.446263154769E-003     0.400000000000E+001    -0.714980040255E-014    -0.583825508508E+002     0.118665921663E+000
     0.473138918520E-003     0.400000000000E+001    -0.675681780869E-014    -0.551736044498E+002     0.120148754422E+000
     0.501627226558E-003     0.400000000000E+001    -0.652435982907E-014    -0.532754409975E+002     0.121666481596E+000
     0.531824831448E-003     0.400000000000E+001    -0.631794916660E-014    -0.515899700305E+002     0.123224375127E+000
     0.563834290904E-003     0.400000000000E+001    -0.612566824663E-014    -0.500198771670E+002     0.124825484357E+000
     0.597764316095E-003     0.400000000000E+001    -0.594318758467E-014    -0.485298094831E+002     0.126472102015E+000
     0.633730140856E-003     0.400000000000E+001    -0.576837174495E-014    -0.471023298225E+002     0.128166176156E+000
     0.671853913045E-003     0.400000000000E+001    -0.560033639068E-014    -0.457302170273E+002     0.129909584532E+000
     0.712265109384E-003     0.400000000000E+001    -0.543902293455E-014    -0.444129926959E+002     0.131704366700E+000
     0.755100975191E-003     0.400000000000E+001    -0.528494773518E-014    -0.431548732161E+002     0.133552943058E+000
     0.800506990496E-003     0.400000000000E+001    -0.513938730508E-014    -0.419662821040E+002     0.135458464705E+000
     0.848637364120E-003     0.400000000000E+001    -0.500710702258E-014    -0.408861316264E+002     0.137426329496E+000
     0.899655557408E-003     0.400000000000E+001    -0.491986493683E-014    -0.401737459344E+002     0.139475921431E+000
     0.953734839373E-003     0.400000000000E+001    -0.478939984733E-014    -0.391084176325E+002     0.141590876576E+000
     0.101105887516E-002     0.400000000000E+001    -0.462654076304E-014    -0.377785722892E+002     0.143756496806E+000
     0.107182234982E-002     0.400000000000E+001    -0.448099773668E-014    -0.365901232894E+002     0.145979839835E+000
     0.113623162948E-002     0.400000000000E+001    -0.435749244876E-014    -0.355816260803E+002     0.148271626740E+000
     0.120450546223E-002     0.400000000000E+001    -0.423574495900E-014    -0.345874823823E+002     0.150633046727E+000
     0.127687572104E-002     0.400000000000E+001    -0.409957491512E-014    -0.334755695926E+002     0.153055682363E+000
     0.135358819124E-002     0.400000000000E+001    -0.397214142189E-014    -0.324349961528E+002     0.155543851038E+000
     0.143490340526E-002     0.400000000000E+001    -0.385296331895E-014    -0.314618330905E+002     0.158102176730E+000
     0.152109752747E-002     0.400000000000E+001    -0.373918655450E-014    -0.305327753039E+002     0.160733922496E+000
     0.161246329208E-002     0.400000000000E+001    -0.363142909791E-014    -0.296528688960E+002     0.163443179535E+000
     0.170931099734E-002     0.400000000000E+001    -0.354461591507E-014    -0.289439854621E+002     0.166246338108E+000
     0.181196955938E-002     0.400000000000E+001    -0.343903581876E-014    -0.280818585502E+002     0.169129181326E+000
     0.192078762926E-002     0.400000000000E+001    -0.336429507589E-014    -0.274715540695E+002     0.172118582817E+000
     0.203613477710E-002     0.400000000000E+001    -0.325639744032E-014    -0.265905030135E+002     0.175185721499E+000
     0.215840274722E-002     0.400000000000E+001    -0.315652378463E-014    -0.257749727254E+002     0.178337175094E+000
     0.228800678855E-002     0.400000000000E+001    -0.306237466709E-014    -0.250061868387E+002     0.181578077967E+000
     0.242538706494E-002     0.400000000000E+001    -0.297412226708E-014    -0.242855513047E+002     0.184914433717E+000
     0.257101015006E-002     0.400000000000E+001    -0.289314102824E-014    -0.236242893074E+002     0.188354675610E+000
     0.272537061195E-002     0.400000000000E+001    -0.282665156900E-014    -0.230813616707E+002     0.191917525258E+000
     0.288899269272E-002     0.400000000000E+001    -0.274674382599E-014    -0.224288654321E+002     0.195587382890E+000
     0.306243208897E-002     0.400000000000E+001    -0.266310184804E-014    -0.217458768512E+002     0.199358974642E+000
     0.324627783907E-002     0.400000000000E+001    -0.258950284513E-014    -0.211448953848E+002     0.203246373795E+000
     0.344115432366E-002     0.400000000000E+001    -0.250850358953E-014    -0.204834862695E+002     0.207238123591E+000
     0.364772338618E-002     0.400000000000E+001    -0.243227257824E-014    -0.198610128237E+002     0.211340794391E+000
     0.386668658063E-002     0.400000000000E+001    -0.236156237910E-014    -0.192836202303E+002     0.215563197477E+000
     0.409878755421E-002     0.400000000000E+001    -0.229715289222E-014    -0.187576768569E+002     0.219916872537E+000
     0.434481457293E-002     0.400000000000E+001    -0.223812704133E-014    -0.182756942074E+002     0.224413187098E+000
     0.460560319869E-002     0.400000000000E+001    -0.217566290302E-014    -0.177656358105E+002     0.229046262847E+000
     0.488203912708E-002     0.400000000000E+001    -0.210946014098E-014    -0.172250492341E+002     0.233807885324E+000
     0.517506119535E-002     0.400000000000E+001    -0.204759356887E-014    -0.167198703356E+002     0.238707176311E+000
     0.548566457095E-002     0.400000000000E+001    -0.199063977479E-014    -0.162548073140E+002     0.243755974332E+000
     0.581490413132E-002     0.400000000000E+001    -0.194360656164E-014    -0.158707519833E+002     0.248981253738E+000
     0.616389804647E-002     0.400000000000E+001    -0.188900824564E-014    -0.154249228999E+002     0.254364457971E+000
     0.653383157655E-002     0.400000000000E+001    -0.183122014111E-014    -0.149530472164E+002     0.259896091514E+000
     0.692596109728E-002     0.400000000000E+001    -0.178048148716E-014    -0.145387346654E+002     0.265597158570E+000
     0.734161836681E-002     0.400000000000E+001    -0.172603056623E-014    -0.140941091540E+002     0.271455477497E+000
     0.778221504872E-002     0.400000000000E+001    -0.167464424234E-014    -0.136745079765E+002     0.277480420339E+000
     0.824924750635E-002     0.400000000000E+001    -0.162811650234E-014    -0.132945801473E+002     0.283689420778E+000
     0.874430188470E-002     0.400000000000E+001    -0.158327599070E-014    -0.129284295832E+002     0.290089696448E+000
     0.926905949743E-002     0.400000000000E+001    -0.154249244308E-014    -0.125954066442E+002     0.296699231970E+000
     0.982530253690E-002     0.400000000000E+001    -0.149607348668E-014    -0.122163671005E+002     0.303494501138E+000
     0.104149201269E-001     0.400000000000E+001    -0.145148652734E-014    -0.118522869480E+002     0.310482818004E+000
     0.110399147386E-001     0.400000000000E+001    -0.141248951159E-014    -0.115338521488E+002     0.317691413449E+000
     0.117024089912E-001     0.400000000000E+001    -0.137776390111E-014    -0.112502960206E+002     0.325144669902E+000
     0.124046528610E-001     0.400000000000E+001    -0.134225722860E-014    -0.109603620369E+002     0.332841516954E+000
     0.131490313229E-001     0.400000000000E+001    -0.130020154730E-014    -0.106169513381E+002     0.340744546861E+000
     0.139380724499E-001     0.400000000000E+001    -0.126503801305E-014    -0.103298192910E+002     0.348895199116E+000
     0.147744559993E-001     0.400000000000E+001    -0.122528566205E-014    -0.100052167115E+002     0.357263397782E+000
     0.156610225139E-001     0.400000000000E+001    -0.118862646941E-014    -0.970587168676E+001     0.365868298614E+000
     0.166007829686E-001     0.400000000000E+001    -0.115610447272E-014    -0.944030943066E+001     0.374739928097E+000
     0.175969289968E-001     0.400000000000E+001    -0.112894646993E-014    -0.921854750869E+001     0.383922947584E+000
     0.186528437297E-001     0.400000000000E+001    -0.109661741129E-014    -0.895456071130E+001     0.393378200165E+000
     0.197721132861E-001     0.400000000000E+001    -0.106308936460E-014    -0.868078343360E+001     0.403094336789E+000
     0.209585389519E-001     0.400000000000E+001    -0.103677902664E-014    -0.846594322021E+001     0.413138549111E+000
     0.222161500898E-001     0.400000000000E+001    -0.100892746022E-014    -0.823851792141E+001     0.423499401008E+000
     0.235492178240E-001     0.400000000000E+001    -0.979497302542E-015    -0.799820244681E+001     0.434161546621E+000
     0.249622695459E-001     0.400000000000E+001    -0.952316183781E-015    -0.777625176863E+001     0.445149792573E+000
     0.264601042903E-001     0.400000000000E+001    -0.924953725396E-015    -0.755282034003E+001     0.456462669297E+000
     0.280478090337E-001     0.400000000000E+001    -0.899122491012E-015    -0.734189230428E+001     0.468119426533E+000
     0.297307759708E-001     0.400000000000E+001    -0.874235586588E-015    -0.713867530782E+001     0.480133581051E+000
     0.315147208278E-001     0.400000000000E+001    -0.850130402050E-015    -0.694184153865E+001     0.492517443562E+000
     0.334057022742E-001     0.400000000000E+001    -0.828514281903E-015    -0.676533252265E+001     0.505310561841E+000
     0.354101424992E-001     0.400000000000E+001    -0.806519880412E-015    -0.658573460506E+001     0.518511273195E+000
     0.375348490229E-001     0.400000000000E+001    -0.781662345247E-015    -0.638275742681E+001     0.532072759539E+000
     0.397870378166E-001     0.400000000000E+001    -0.760568333269E-015    -0.621051174754E+001     0.546060004500E+000
     0.421743578089E-001     0.400000000000E+001    -0.737227524770E-015    -0.601991958239E+001     0.560431478871E+000
     0.447049168642E-001     0.400000000000E+001    -0.717666000982E-015    -0.586018761884E+001     0.575261029716E+000
     0.473873093180E-001     0.400000000000E+001    -0.696850506005E-015    -0.569021620348E+001     0.590524422720E+000
     0.502306451656E-001     0.400000000000E+001    -0.674171022764E-015    -0.550502416887E+001     0.606177055281E+000
     0.532445810013E-001     0.400000000000E+001    -0.650906356440E-015    -0.531505375177E+001     0.622196286253E+000
     0.564393528147E-001     0.400000000000E+001    -0.625423418939E-015    -0.510696977589E+001     0.638511889345E+000
     0.598258107541E-001     0.400000000000E+001    -0.597034267353E-015    -0.487515476110E+001     0.655021395891E+000
     0.634154559761E-001     0.400000000000E+001    -0.563989019244E-015    -0.460531983292E+001     0.671552860225E+000
     0.672204797060E-001     0.400000000000E+001    -0.526152912628E-015    -0.429636457625E+001     0.687900629390E+000
     0.712538046420E-001     0.400000000000E+001    -0.482422542924E-015    -0.393927900894E+001     0.703789021646E+000
     0.755291288433E-001     0.400000000000E+001    -0.439515096091E-015    -0.358891311680E+001     0.719132788751E+000
     0.800609722521E-001     0.400000000000E+001    -0.398923897275E-015    -0.325746082506E+001     0.733895091121E+000
     0.845928156609E-001     0.400000000000E+001    -0.370208752883E-015    -0.302298387699E+001     0.747594780678E+000
     0.891246590697E-001     0.400000000000E+001    -0.352142377696E-015    -0.287546072828E+001     0.760625918427E+000
     0.936565024785E-001     0.400000000000E+001    -0.342004286454E-015    -0.279267693095E+001     0.773281892970E+000
     0.981883458873E-001     0.400000000000E+001    -0.335280109607E-015    -0.273776986018E+001     0.785689037265E+000
     0.102720189296E+000     0.400000000000E+001    -0.331563635801E-015    -0.270742254854E+001     0.797958652297E+000
     0.107252032705E+000     0.400000000000E+001    -0.326129358696E-015    -0.266304830849E+001     0.810027170221E+000
     0.111783876114E+000     0.400000000000E+001    -0.321130555650E-015    -0.262222998397E+001     0.821910705890E+000
     0.116315719522E+000     0.400000000000E+001    -0.316648225084E-015    -0.258562897731E+001     0.833628371528E+000
     0.120847562931E+000     0.400000000000E+001    -0.312783707045E-015    -0.255407279276E+001     0.845203029480E+000
     0.125651316685E+000     0.400000000000E+001    -0.309832472168E-015    -0.252997413118E+001     0.857356402210E+000
     0.130743295390E+000     0.400000000000E+001    -0.307595564838E-015    -0.251170839667E+001     0.870145967877E+000
     0.136140792525E+000     0.400000000000E+001    -0.305192384870E-015    -0.249208494304E+001     0.883596989218E+000
     0.141862139179E+000     0.400000000000E+001    -0.303035036643E-015    -0.247446885791E+001     0.897754283340E+000
     0.147926766306E+000     0.400000000000E+001    -0.300360601972E-015    -0.245263044153E+001     0.912628572447E+000
     0.154355270713E+000     0.400000000000E+001    -0.296656763868E-015    -0.242238630824E+001     0.928200893505E+000
     0.161169485016E+000     0.400000000000E+001    -0.293004633493E-015    -0.239256440059E+001     0.944504340066E+000
     0.168392551788E+000     0.400000000000E+001    -0.290105324969E-015    -0.236888974986E+001     0.961614988904E+000
     0.176049002153E+000     0.400000000000E+001    -0.287236981015E-015    -0.234546794402E+001     0.979572947800E+000
     0.184164839102E+000     0.400000000000E+001    -0.284882205531E-015    -0.232623974299E+001     0.998452330258E+000
     0.192280676050E+000     0.400000000000E+001    -0.282298246613E-015    -0.230514011721E+001     0.101716047159E+001
     0.200396512999E+000     0.400000000000E+001    -0.280205009892E-015    -0.228804754226E+001     0.103572989238E+001
     0.208512349948E+000     0.400000000000E+001    -0.278189449846E-015    -0.227158924548E+001     0.105416574031E+001
     0.217115136649E+000     0.400000000000E+001    -0.277121769661E-015    -0.226287097516E+001     0.107363273664E+001
     0.226234090060E+000     0.400000000000E+001    -0.276112553385E-015    -0.225463009887E+001     0.109419260347E+001
     0.235900180154E+000     0.400000000000E+001    -0.275167901450E-015    -0.224691643045E+001     0.111591150012E+001
     0.245900180154E+000     0.400000000000E+001    -0.273450094763E-015    -0.223288947436E+001     0.113824039486E+001
     0.255900180154E+000     0.400000000000E+001    -0.271970484510E-015    -0.222080753977E+001     0.116044847026E+001
     0.265900180154E+000     0.400000000000E+001    -0.270270233182E-015    -0.220692393407E+001     0.118251770960E+001
     0.275900180154E+000     0.400000000000E+001    -0.268549850566E-015    -0.219287594393E+001     0.120444646904E+001
     0.285900180154E+000     0.400000000000E+001    -0.266520859037E-015    -0.217630797077E+001     0.122620954875E+001
     0.295900180154E+000     0.400000000000E+001    -0.264331527724E-015    -0.215843072393E+001     0.124779385599E+001
     0.305900180154E+000     0.400000000000E+001    -0.262778591775E-015    -0.214575003959E+001     0.126925135638E+001
     0.315900180154E+000     0.400000000000E+001    -0.261706420867E-015    -0.213699509973E+001     0.129062130738E+001
     0.325900180154E+000     0.400000000000E+001    -0.260381215200E-015    -0.212617397426E+001     0.131188304712E+001
     0.335900180154E+000     0.400000000000E+001    -0.259383128908E-015    -0.211802398119E+001     0.133306328694E+001
     0.345900180154E+000     0.400000000000E+001    -0.257751735467E-015    -0.210470264280E+001     0.135411031336E+001
     0.355900180154E+000     0.400000000000E+001    -0.256998377978E-015    -0.209855101207E+001     0.137509582348E+001
     0.365900180154E+000     0.400000000000E+001    -0.256302130209E-015    -0.209286571759E+001     0.139602448066E+001
     0.375900180154E+000     0.400000000000E+001    -0.255948077836E-015    -0.208997466056E+001     0.141692422727E+001
     0.385900180154E+000     0.400000000000E+001    -0.255880350913E-015    -0.208942162827E+001     0.143781844355E+001
     0.395900180154E+000     0.400000000000E+001    -0.254793299383E-015    -0.208054517891E+001     0.145862389534E+001
     0.405900180154E+000     0.400000000000E+001    -0.255040565173E-015    -0.208256425731E+001     0.147944953791E+001
     0.415900180154E+000     0.400000000000E+001    -0.254325682240E-015    -0.207672679516E+001     0.150021680586E+001
     0.425900180154E+000     0.400000000000E+001    -0.253468221082E-015    -0.206972509346E+001     0.152091405680E+001
     0.435900180154E+000     0.400000000000E+001    -0.252591741800E-015    -0.206256809699E+001     0.154153973777E+001
     0.445900180154E+000     0.400000000000E+001    -0.251698290877E-015    -0.205527251655E+001     0.156209246293E+001
     0.455900180154E+000     0.400000000000E+001    -0.251074370129E-015    -0.205017781702E+001     0.158259424110E+001
     0.465900180154E+000     0.400000000000E+001    -0.250236229088E-015    -0.204333387604E+001     0.160302757986E+001
     0.475900180154E+000     0.400000000000E+001    -0.249819419721E-015    -0.203993036927E+001     0.162342688356E+001
     0.485900180154E+000     0.400000000000E+001    -0.248912112291E-015    -0.203252164187E+001     0.164375209997E+001
     0.495900180154E+000     0.400000000000E+001    -0.248678503620E-015    -0.203061408230E+001     0.166405824080E+001
     0.505900180154E+000     0.400000000000E+001    -0.247882191012E-015    -0.202411169641E+001     0.168429935776E+001
     0.515900180154E+000     0.400000000000E+001    -0.246950995824E-015    -0.201650791066E+001     0.170446443687E+001
     0.525900180154E+000     0.400000000000E+001    -0.246351669050E-015    -0.201161403616E+001     0.172458057723E+001
     0.535900180154E+000     0.400000000000E+001    -0.245667646789E-015    -0.200602857052E+001     0.174464086293E+001
     0.545900180154E+000     0.400000000000E+001    -0.244423268810E-015    -0.199586745322E+001     0.176459953747E+001
     0.555900180154E+000     0.400000000000E+001    -0.244428940830E-015    -0.199591376877E+001     0.178455867515E+001
     0.565900180154E+000     0.400000000000E+001    -0.244287806060E-015    -0.199476131591E+001     0.180450628831E+001
     0.575900180154E+000     0.400000000000E+001    -0.243618034923E-015    -0.198929221954E+001     0.182439921051E+001
     0.585900180154E+000     0.400000000000E+001    -0.243893264993E-015    -0.199153964362E+001     0.184431460695E+001
     0.595900180154E+000     0.400000000000E+001    -0.243216311458E-015    -0.198601189851E+001     0.186417472593E+001
     0.605900180154E+000     0.400000000000E+001    -0.243566463733E-015    -0.198887110882E+001     0.188406343702E+001
     0.615900180154E+000     0.400000000000E+001    -0.244417515908E-015    -0.199582047720E+001     0.190402164179E+001
     0.625900180154E+000     0.400000000000E+001    -0.244423567606E-015    -0.199586989306E+001     0.192398034072E+001
     0.635900180154E+000     0.400000000000E+001    -0.244273001646E-015    -0.199464042870E+001     0.194392674501E+001
     0.645900180154E+000     0.400000000000E+001    -0.244410597140E-015    -0.199576398117E+001     0.196388438482E+001
     0.655900180154E+000     0.400000000000E+001    -0.244178328298E-015    -0.199386736215E+001     0.198382305844E+001
     0.665900180154E+000     0.400000000000E+001    -0.243075439979E-015    -0.198486159559E+001     0.200367167440E+001
     0.675900180154E+000     0.400000000000E+001    -0.242301289884E-015    -0.197854018034E+001     0.202345707620E+001
     0.685900180154E+000     0.400000000000E+001    -0.241068707908E-015    -0.196847538471E+001     0.204314183005E+001
     0.695900180154E+000     0.400000000000E+001    -0.240245901636E-015    -0.196175666162E+001     0.206275939666E+001
     0.705900180154E+000     0.400000000000E+001    -0.240407666065E-015    -0.196307756843E+001     0.208239017235E+001
     0.715900180154E+000     0.400000000000E+001    -0.239162570821E-015    -0.195291059420E+001     0.210191927829E+001
     0.725900180154E+000     0.400000000000E+001    -0.241782276021E-015    -0.197430211053E+001     0.212166229940E+001
     0.735900180154E+000     0.400000000000E+001    -0.239068248400E-015    -0.195214039318E+001     0.214118370333E+001
     0.745900180154E+000     0.400000000000E+001    -0.238252902861E-015    -0.194548259161E+001     0.216063852924E+001
     0.755900180154E+000     0.400000000000E+001    -0.238718086221E-015    -0.194928110201E+001     0.218013134026E+001
