 #              _____________________  _______________________             #
 #              ___  __ \__  __ \_  / / /_  /___  ____/_  ___/             #
 #              __  / / /_  /_/ /  / / /_  __/_  __/  _____ \              #
 #              _  /_/ /_  _, _// /_/ / / /_ _  /___  ____/ /              #
 #              /_____/ /_/ |_| \____/  \__/ /_____/  /____/               #
 #                                                                         #
  
 #        time                      [L]                   runoff elevation [m a.m.s.l]       runoff flux [L3.T-1.L-2]   in    x              directions   cumulative flux
 #-----------------------------------------------------------------------------------------------

   0.0000000000000000        0.0000000000000000       -0.0000000000000000        0.0000000000000000     
   1.0000000000000000E-004   0.0000000000000000       -0.0000000000000000        0.0000000000000000     
   2.0600000000000002E-004   0.0000000000000000       -0.0000000000000000        0.0000000000000000     
   3.1836000000000006E-004   0.0000000000000000       -0.0000000000000000        0.0000000000000000     
   4.3746160000000009E-004   0.0000000000000000       -0.0000000000000000        0.0000000000000000     
   5.6370929600000014E-004   3.8138940883989017E-008  -2.0574589459018324E-017   2.0574589459018324E-017
   6.9753185376000013E-004   4.5947716129402976E-007  -1.3026368091122153E-015   1.3232113985712337E-015
   8.3938376498560023E-004   1.2078984448433405E-006  -6.5228015756366138E-015   7.8460129742078481E-015
   9.8974679088473629E-004   2.2528803708257578E-006  -1.8433749536798768E-014   2.6279762511006615E-014
   1.1491315983378205E-003   3.5781036962857694E-006  -3.9853977222898290E-014   6.6133739733904898E-014
   1.3180794942380899E-003   5.1759992119107991E-006  -7.3740679150280332E-014   1.3987441888418523E-013
   1.4971642638923754E-003   7.0448578835227429E-006  -1.2326426526256460E-013   2.6313868414674982E-013
   1.6869941197259180E-003   9.1871841838986814E-006  -1.9187607935083436E-013   4.5501476349758418E-013
   1.8882137669094731E-003   1.1608707572878351E-005  -2.8337176992536942E-013   7.3838653342295365E-013
   2.1015065929240414E-003   1.4317767323040562E-005  -4.0195333035345241E-013   1.1403398637764060E-012
   2.3275969884994840E-003   1.7324921475054049E-005  -5.5229221558391474E-013   1.6926320793603209E-012
   2.5672528078094533E-003   2.0642696985049733E-005  -7.3959538615194881E-013   2.4322274655122697E-012
   2.8212879762780207E-003   2.4285432677604386E-005  -9.6967576082677431E-013   3.4019032263390440E-012
   3.0905652548547020E-003   2.8269185618365754E-005  -1.2490283415864193E-012   4.6509315679254630E-012
   3.3759991701459843E-003   3.2611682452431247E-005  -1.5849131617750917E-012   6.2358447297005545E-012
   3.6785591203547436E-003   3.7332303793938852E-005  -1.9854461662584244E-012   8.2212908959589793E-012
   3.9992726675760282E-003   4.2452093799175735E-005  -2.4596991392179431E-012   1.0680990035176922E-011
   4.3392290276305897E-003   4.7993789636438721E-005  -3.0178098374049626E-012   1.3698799872581884E-011
   4.6995827692884254E-003   5.3981867257165974E-005  -3.6711035560830418E-012   1.7369903428664926E-011
   5.0815577354457308E-003   6.0442601009092620E-005  -4.4322274468032354E-012   2.1802130875468160E-011
   5.4864511995724747E-003   6.7404135413532269E-005  -5.3152990180146468E-012   2.7117429893482807E-011
   5.9156382715468232E-003   7.4896567978356007E-005  -6.3360703801576471E-012   3.3453500273640454E-011
   6.3705765678396331E-003   8.2952042313260481E-005  -7.5121099461100636E-012   4.0965610219750521E-011
   6.8528111619100118E-003   9.1604851104309330E-005  -8.8630034661188591E-012   4.9828613685869379E-011
   7.3639798316246126E-003   1.0089154872320189E-004  -1.0410576464614109E-011   6.0239190150483490E-011
   7.9058186215220892E-003   1.1085107341514552E-004  -1.2179140355934520E-011   7.2418330506418013E-011
   8.4801677388134152E-003   1.2152487914245373E-004  -1.4195764748703176E-011   8.6614095255121194E-011
   9.0889778031422210E-003   1.3295707726935477E-004  -1.6490578706406369E-011   1.0310467396152757E-010
   9.7343164713307555E-003   1.4519458836419400E-004  -1.9097104016978337E-011   1.2220177797850590E-010
   1.0418375459610602E-002   1.5828730447339510E-004  -2.2052623839520127E-011   1.4425440181802602E-010
   1.1143477987187239E-002   1.7228826229093625E-004  -2.5398590444641530E-011   1.6965299226266756E-010
   1.1912086666418473E-002   1.8725382771042713E-004  -2.9181076149607275E-011   1.9883406841227483E-010
   1.2726811866403582E-002   2.0324389230618947E-004  -3.3451271974156437E-011   2.3228534038643126E-010
   1.3590420578387798E-002   2.2032208234657992E-004  -3.8266039011599336E-011   2.7055137939803059E-010
   1.4505845813091067E-002   2.3855598099835936E-004  -4.3688518027068585E-011   3.1423989742509916E-010
   1.5476196561876531E-002   2.5801736443613099E-004  -4.9788803365561121E-011   3.6402870079066026E-010
   1.6504768355589124E-002   2.7878245262650945E-004  -5.6644687882132065E-011   4.2067338867279234E-010
   1.7595054456924473E-002   3.0093217561335324E-004  -6.4342486301322518E-011   4.8501587497411480E-010
   1.8750757724339942E-002   3.2455245618863220E-004  -7.2977945179286835E-011   5.5799382015340159E-010
   1.9975803187800338E-002   3.4973450989375350E-004  -8.2657248487477261E-011   6.4065106864087883E-010
   2.1274351379068360E-002   3.7657516335883918E-004  -9.3498128769244203E-011   7.3414919741012309E-010
   2.2650812461812463E-002   4.0517719205291350E-004  -1.0563109484926159E-010   8.3978029225938472E-010
   2.4109861209521213E-002   4.3564967858655688E-004  -1.1920078821013497E-010   9.5898108046951969E-010
   2.5656452882092486E-002   4.6810839278064087E-004  -1.3436748140175863E-010   1.0933485618712783E-009
   2.7295840055018037E-002   5.0267619479061731E-004  -1.5130873322894023E-010   1.2446572951002185E-009
   2.9033590458319120E-002   5.3948346265578239E-004  -1.7022121698469789E-010   1.4148785120849163E-009
   3.0875605885818270E-002   5.7866854572733491E-004  -1.9132273967503093E-010   1.6062012517599472E-009
   3.2828142238967364E-002   6.2037824551817490E-004  -2.1485447203189369E-010   1.8210557237918409E-009
   3.4897830773305411E-002   6.6476832561163503E-004  -2.4108341115228208E-010   2.0621391349441228E-009
   3.7091700619703738E-002   7.1200405236599719E-004  -2.7030509985224854E-010   2.3324442347963715E-009
   3.9417202656885961E-002   7.6226076825711749E-004  -3.0284662930680970E-010   2.6352908641031810E-009
   4.1882234816299123E-002   8.1572449981312002E-004  -3.3906995428379353E-010   2.9743608183869746E-009
   4.4495168905277070E-002   8.7259260221333264E-004  -3.7937555329781102E-010   3.3537363716847856E-009
   4.7264879039593699E-002   9.3307444274881763E-004  -4.2420646933853279E-010   3.7779428410233185E-009
   5.0200771781969321E-002   9.9739212547446344E-004  -4.7405277049704090E-010   4.2519956115203595E-009
   5.3312818088887486E-002   1.0657812595230749E-003  -5.2945647386020453E-010   4.7814520853805638E-009
   5.6611587174220740E-002   1.1384917737007425E-003  -5.9101698050436333E-010   5.3724690658849274E-009
   6.0108282404673988E-002   1.2157887801404726E-003  -6.5939707433860056E-010   6.0318661402235277E-009
   6.3814779348954437E-002   1.2979534899581944E-003  -7.3532954297143987E-010   6.7671956831949679E-009
   6.7743666109891701E-002   1.3852841840323307E-003  -8.1962448475449148E-010   7.5868201679494588E-009
   7.1908286076485209E-002   1.4780972422158455E-003  -9.1317737274945490E-010   8.4999975406989132E-009
   7.6322783241074332E-002   1.5767282344885680E-003  -1.0169779536335758E-009   9.5169754943324882E-009
   8.1002150235538792E-002   1.6815330777684256E-003  -1.1321200675724502E-009   1.0649095561904939E-008
   8.5962279249671120E-002   1.7928892623236717E-003  -1.2598124839241342E-009   1.1908908045829073E-008
   9.1220016004651391E-002   1.9111971519649999E-003  -1.4013908573789194E-009   1.3310298903207992E-008
   9.6793216964930484E-002   2.0368813624474943E-003  -1.5583309198775288E-009   1.4868629823085521E-008
  0.10270080998282632        2.1703922227783905E-003  -1.7322630354888986E-009   1.6600892858574419E-008
  0.10896285858179591        2.3122073244086641E-003  -1.9249882584797447E-009   1.8525881117054165E-008
  0.11560063009670367        2.4628331635853699E-003  -2.1384960491957658E-009   2.0664377166249929E-008
  0.12263666790250589        2.6228068824585035E-003  -2.3749838182352876E-009   2.3039360984485216E-008
  0.13009486797665626        2.7926981148720009E-003  -2.6368784868811219E-009   2.5676239471366339E-008
  0.13800056005525563        2.9731109431244671E-003  -2.9268602710314340E-009   2.8603099742397773E-008
  0.14638059365857098        3.1646859723625806E-003  -3.2478889171185550E-009   3.1850988659516325E-008
  0.15526342927808526        3.3681025296700600E-003  -3.6032326419275673E-009   3.5454221301443894E-008
  0.16467923503477039        3.5840809953390502E-003  -3.9965000540466565E-009   3.9450721355490550E-008
  0.17465998913685662        3.8133852742601756E-003  -4.4316753631435140E-009   4.3882396718634064E-008
  0.18523958848506802        4.0568254158438342E-003  -4.9131572146367115E-009   4.8795553933270777E-008
  0.19645396379417213        4.3152603913902384E-003  -5.4458015219155556E-009   5.4241355455186334E-008
  0.20834120162182246        4.5896010383608930E-003  -6.0349687063845248E-009   6.0276324161570860E-008
  0.22094167371913181        4.8808131815715281E-003  -6.6865757976306687E-009   6.6962899959201530E-008
  0.23429817414227974        5.1899209419278315E-003  -7.4071538923326586E-009   7.4370053851534190E-008
  0.24845606459081654        5.5180102439627270E-003  -8.2039115215877300E-009   8.2573965373121918E-008
  0.26346342846626553        5.8662325341096297E-003  -9.0848045326119287E-009   9.1658769905733849E-008
  0.27937123417424148        6.2358087223622254E-003  -1.0058613152802532E-008   1.0171738305853638E-007
  0.29623350822469596        6.6280333607305376E-003  -1.1135026972528383E-008   1.1285241003106476E-007
  0.31410751871817771        7.0442790727076286E-003  -1.2324738658380658E-008   1.2517714868944542E-007
  0.33305396984126839        7.4860012488143328E-003  -1.3639547291688984E-008   1.3881669598113441E-007
  0.35313720803174453        7.9547430241934513E-003  -1.5092472318671406E-008   1.5390916829980581E-007
  0.37442544051364923        8.4521405551831914E-003  -1.6697879199509697E-008   1.7060704749931549E-007
  0.39699096694446823        8.9799286128155187E-003  -1.8471617954879828E-008   1.8907866545419532E-007
  0.42091042496113634        9.5399465122618116E-003  -2.0431175931073977E-008   2.0950984138526929E-007
  0.44626505045880455        1.0134144398389501E-002  -2.2595846239986480E-008   2.3210568762525577E-007
  0.47314095348633284        1.0764589908803386E-002  -2.4986913479182287E-008   2.5709260110443804E-007
  0.50162941069551281        1.1433475237027434E-002  -2.7627858501430097E-008   2.8472045960586816E-007
  0.53182717533724366        1.2143124619842450E-002  -3.0544584184021461E-008   3.1526504378988962E-007
  0.56383680585747831        1.2896002274235563E-002  -3.3765664347619792E-008   3.4903070813750942E-007
  0.59776701420892708        1.3694720810945029E-002  -3.7322618194181853E-008   3.8635332633169128E-007
  0.63373303506146272        1.4542050153202438E-002  -4.1250212875743854E-008   4.2760353920743516E-007
  0.67185701716515056        1.5440926990990578E-002  -4.5586797072861643E-008   4.7319033628029683E-007
  0.71226843819505958        1.6394464802953944E-002  -5.0374668755762520E-008   5.2356500503605931E-007
  0.75510454448676323        1.7405964480027115E-002  -5.5660480625592003E-008   5.7922548566165133E-007
  0.80051081715596906        1.8478925586889374E-002  -6.1495687090585872E-008   6.4072117275223725E-007
  0.84864146618532721        1.9617058299520741E-002  -6.7937037025954913E-008   7.0865820977819215E-007
  0.89965995415644684        2.0824296059430033E-002  -7.5047117000453094E-008   7.8370532677864526E-007
  0.95373955140583366        2.2104808987560131E-002  -8.2894950131127694E-008   8.6660027690977293E-007
   1.0110639244901838        2.3463018103454643E-002  -9.1556656255133841E-008   9.5815693316490666E-007
   1.0718277599595949        2.4903610398005264E-002  -1.0111617968873773E-007   1.0592731128536443E-006
   1.1362374255571706        2.6431554810997380E-002  -1.1166609148421584E-007   1.1709392043378601E-006
   1.2045116710906008        2.8052119167743802E-002  -1.2330847380134656E-007   1.2942476781392067E-006
   1.2768823713560369        2.9770888132353224E-002  -1.3615589478825604E-007   1.4304035729274627E-006
   1.3535953136373993        3.1593782238631928E-002  -1.5033248322388050E-007   1.5807360561513431E-006
   1.4349110324556433        3.3527078063275928E-002  -1.6597511311934219E-007   1.7467111692706854E-006
   1.5211056944029819        3.5577429609889605E-002  -1.8323470951705087E-007   1.9299458787877361E-006
   1.6124720360671609        3.7751890976477270E-002  -2.0227768787416223E-007   2.1322235666618985E-006
   1.7093203582311907        4.0057940383412025E-002  -2.2328754068201759E-007   2.3555111073439160E-006
   1.8119795797250622        4.2503505643504969E-002  -2.4646658636729706E-007   2.6019776937112130E-006
   1.9207983545085661        4.5096991160693413E-002  -2.7203789705701150E-007   2.8740155907682245E-006
   2.0361462557790801        4.7847306549056681E-002  -3.0024742348268016E-007   3.1742630142509048E-006
   2.1584150311258252        5.0763896969367908E-002  -3.3136633716504499E-007   3.5056293514159497E-006
   2.2880199329933748        5.3856775286221598E-002  -3.6569361207714550E-007   3.8713229634930952E-006
   2.4254011289729775        5.7136556154956067E-002  -4.0355887024989036E-007   4.2748818337429860E-006
   2.5710251967113562        6.0614492154141254E-002  -4.4532551828188036E-007   4.7202073520248661E-006
   2.7253867085140375        6.4302512086345479E-002  -4.9139420446770143E-007   5.2116015564925678E-006
   2.8890099110248801        6.8213261577255130E-002  -5.4220662929226711E-007   5.7538081857848347E-006
   3.0624505056863729        7.2360146111022206E-002  -5.9824974538165735E-007   6.3520579311664925E-006
   3.2462975360275554        7.6757376647983919E-002  -6.6006038668487518E-007   7.0121183178513677E-006
   3.4411753881892091        8.1420017979664014E-002  -7.2823037072082040E-007   7.7403486885721875E-006
   3.6477459114805617        8.6364039985255547E-002  -8.0341212219886591E-007   8.5437608107710534E-006
   3.8667106661693955        9.1606371963633124E-002  -8.8632487125203412E-007   9.4300856820230877E-006
   4.0988133061395597        9.7164960225380723E-002  -9.7776148495540427E-007   1.0407847166978492E-005
   4.3448421045079337       0.10305882914038589       -1.0785959967903957E-006   1.1486443163768887E-005
   4.6056326307784099       0.10930814584827869       -1.1897919053144845E-006   1.2676235069083372E-005
   4.8820705886251146       0.11593428885142522       -1.3124113205680426E-006   1.3988646389651415E-005
   5.1750948239426213       0.12295992072336172       -1.4476250447639817E-006   1.5436271434415396E-005
   5.4857005133791787       0.13040906517952330       -1.5967236826374660E-006   1.7032995117052863E-005
   5.8149425441819300       0.13830718877192455       -1.7611298865654012E-006   1.8794125003618262E-005
   6.1639390968328458       0.14668128748514220       -1.9424118522907106E-006   2.0736536855908974E-005
   6.5338754426428167       0.15555997852758338       -2.1422981929057480E-006   2.2878835048814723E-005
   6.9260079692013861       0.16497359762965508       -2.3626943317742166E-006   2.5241529380588940E-005
   7.3416684473534692       0.17495430217913641       -2.6057005694244966E-006   2.7847229950013437E-005
   7.7822685541946779       0.18553618054386645       -2.8736319952650083E-006   3.0720861945278448E-005
   8.2493046674463599       0.19675536795285786       -3.1690404324033137E-006   3.3889902377681760E-005
   8.7443629474931424       0.20865016932920111       -3.4947386230596584E-006   3.7384641000741418E-005
   9.2691247243427313       0.22126118949171888       -3.8538268832339840E-006   4.1238467883975400E-005
   9.8253722078032961       0.23463147116733080       -4.2497224786126129E-006   4.5488190362588013E-005
   10.414994540271495       0.24880664128252000       -4.6861919994049999E-006   5.0174382361993011E-005
   11.039994212687786       0.26383506602704604       -5.1673870400193728E-006   5.5341769402012382E-005
   11.702493865449053       0.27976801512265431       -5.6978835176070850E-006   6.1039652919619463E-005
   12.404743497375996       0.29665983411669367       -6.2827249388461821E-006   6.7322377858465644E-005
   13.149128107218557       0.31456810293526632       -6.9274691857588624E-006   7.4249847044224502E-005
   13.938175793651672       0.33355357934633134       -7.6382313133522399E-006   8.1888078357576747E-005
   14.774566341270774       0.35367863999563631       -8.4216693018183352E-006   9.0309747659395080E-005
   15.661140321747020       0.37499846828985040       -9.2846589077201164E-006   9.9594406567115202E-005
   16.600908741051843       0.39752761120379726       -1.0232826929695261E-005   1.0982723349681046E-004
   17.597063265514954       0.42115014659532002       -1.1266224235684049E-005   1.2109345773249451E-004
   18.652987061445852       0.44545559295810028       -1.2370601703091234E-005   1.3346405943558576E-004
   19.772266285132606       0.46956717723977465       -1.3506609715258385E-005   1.4697066915084415E-004
   20.958702262240564       0.49214230271127901       -1.4606111967070590E-005   1.6157678111791473E-004
   22.216324397974997       0.51169202355454801       -1.5585875725003537E-005   1.7716265684291827E-004
   23.549403861853499       0.52710465847449295       -1.6376140460601429E-005   1.9353879730351969E-004
   24.962468093564709       0.53802926423708486       -1.6945717458345743E-005   2.1048451476186544E-004
   26.460316179178594       0.54488122578917120       -1.7306923381691310E-005   2.2779143814355676E-004
   28.048035149929312       0.54854504152981642       -1.7501312520221525E-005   2.4529275066377830E-004
   29.731017258925071       0.55001556049621847       -1.7579577143246194E-005   2.6287232780702451E-004
   31.514978294460576       0.55015199752377442       -1.7586845736302399E-005   2.8045917354332689E-004
   33.405976992128210       0.54958070376003598       -1.7556418456963111E-005   2.9801559200028999E-004
   35.410435611655906       0.54870173789731802       -1.7509645634828933E-005   3.1552523763511892E-004
   37.535161748355264       0.54774150984985048       -1.7458605631246672E-005   3.3298384326636561E-004
   39.787371453256583       0.54681210887178389       -1.7409260986790927E-005   3.5039310425315651E-004
   42.174713740451978       0.54595915699264641       -1.7364024425772892E-005   3.6775712867892941E-004
   44.705296564879099       0.54519402647487081       -1.7323485564154172E-005   3.8508061424308358E-004
   47.387714358771845       0.54451281574362509       -1.7287424920338870E-005   4.0236803916342246E-004
   50.231077220298161       0.54390626152230470       -1.7255341602689871E-005   4.1962338076611232E-004
   53.245041853516049       0.54336428957927474       -1.7226694495899809E-005   4.3685007526201214E-004
   56.439844364727016       0.54287776398972654       -1.7200994346832813E-005   4.5405106960884497E-004
   59.826335026610636       0.54243894404195703       -1.7177827359150366E-005   4.7122889696799534E-004
   63.416015128207277       0.54204143036155483       -1.7156851870272043E-005   4.8838574883826736E-004
   67.221076035899713       0.54167995777793687       -1.7137787051808253E-005   5.0552353589007561E-004
   71.254440598053705       0.54135017647607597       -1.7120401094716999E-005   5.2264393698479264E-004
   75.529807033936933       0.54104846584148791       -1.7104501197165314E-005   5.3974843818195800E-004
   80.061695455973151       0.54077178737774734       -1.7089925668715502E-005   5.5683836385067348E-004
   84.865497183331541       0.54051757101606990       -1.7076537834257837E-005   5.7391490168493128E-004
   89.865497183331541       0.54030122122805446       -1.7065147478696596E-005   5.9098004916362788E-004
   94.865497183331541       0.54015721917048298       -1.7057567762270713E-005   6.0803761692589857E-004
   99.865497183331541       0.54007801403108557       -1.7053399281480553E-005   6.2509101620737912E-004
   104.86549718333154       0.54004395385112269       -1.7051606856364768E-005   6.4214262306374389E-004
   109.86549718333154       0.54003550783074949       -1.7051162394183851E-005   6.5919378545792773E-004
   114.86549718333154       0.54003906537313706       -1.7051349605226143E-005   6.7624513506315393E-004
   119.86549718333154       0.54004718061440338       -1.7051776662322457E-005   6.9329691172547640E-004
   124.86549718333154       0.54005649432855785       -1.7052266793223173E-005   7.1034917851869959E-004
   129.86549718333154       0.54006572997532798       -1.7052752821420025E-005   7.2740193134011963E-004
   134.86549718333154       0.54007448836621041       -1.7053213739026641E-005   7.4445514507914627E-004
   139.86549718333154       0.54008268714907248       -1.7053645211311368E-005   7.6150879029045768E-004
   144.86549718333154       0.54009034290276559       -1.7054048109877671E-005   7.7856283840033538E-004
   149.86549718333154       0.54009749722337186       -1.7054424623017716E-005   7.9561726302335308E-004
   154.86549718333154       0.54010419440545099       -1.7054777081168435E-005   8.1267204010452155E-004
   159.86549718333154       0.54011047555979030       -1.7055107647330315E-005   8.2972714775185182E-004
   164.86549718333154       0.54011637751861297       -1.7055418259431130E-005   8.4678256601128290E-004
   169.86549718333154       0.54012193301209621       -1.7055710639597706E-005   8.6383827665088061E-004
   174.86549718333154       0.54012717112351127       -1.7055986318094041E-005   8.8089426296897463E-004
   179.86549718333154       0.54013211775727932       -1.7056246657942197E-005   8.9795050962691685E-004
   184.86549718333154       0.54013679605685849       -1.7056492876905163E-005   9.1500700250382204E-004
   189.86549718333154       0.54014122676407184       -1.7056726066389792E-005   9.3206372857021188E-004
   194.86549718333154       0.54014542852506131       -1.7056947207542264E-005   9.4912067577775409E-004
   199.86549718333154       0.54014941815079975       -1.7057157184953129E-005   9.6617783296270719E-004
   204.86549718333154       0.54015321083950274       -1.7057356798358240E-005   9.8323518976106542E-004
   209.86549718333154       0.54015682036719714       -1.7057546772664488E-005   1.0002927365337299E-003
   214.86549718333154       0.54016025925170863       -1.7057727766577345E-005   1.0173504643003072E-003
   219.86549718333154       0.54016353889429591       -1.7057900380052355E-005   1.0344083646803596E-003
   224.86549718333154       0.54016666970229565       -1.7058065160747778E-005   1.0514664298411074E-003
   229.86549718333154       0.54016966119604082       -1.7058222609649801E-005   1.0685246524507572E-003
   234.86549718333154       0.54017252210189060       -1.7058373185967187E-005   1.0855830256367245E-003
   239.86549718333154       0.54017526043393516       -1.7058517311430026E-005   1.1026415429481544E-003
   244.86549718333154       0.54017788356561880       -1.7058655374058159E-005   1.1197001983222126E-003
   249.86549718333154       0.54018039829282438       -1.7058787731480392E-005   1.1367589860536930E-003
   254.86549718333154       0.54018281088969100       -1.7058914713871310E-005   1.1538179007675644E-003
   259.86549718333151       0.54018512715796840       -1.7059036626548146E-005   1.1708769373941126E-003
   264.86549718333151       0.54018735247080385       -1.7059153752274696E-005   1.1879360911463872E-003
   269.86549718333151       0.54018949181178566       -1.7059266353315641E-005   1.2049953574997030E-003
   274.86549718333151       0.54019154980976658       -1.7059374673268878E-005   1.2220547321729718E-003
   279.86549718333151       0.54019353076992338       -1.7059478938699810E-005   1.2391142111116715E-003
   284.86549718333151       0.54019543870168596       -1.7059579360610932E-005   1.2561737904722824E-003
   289.86549718333151       0.54019727734375556       -1.7059676135758222E-005   1.2732334666080408E-003
   294.86549718333151       0.54019905018659586       -1.7059769447834658E-005   1.2902932360558754E-003
   299.86549718333151       0.54020076049276555       -1.7059859468540060E-005   1.3073530955244154E-003
   304.86549718333151       0.54020241131522906       -1.7059946358544613E-005   1.3244130418829600E-003
   309.86549718333151       0.54020400551393177       -1.7060030268361062E-005   1.3414730721513211E-003
   314.86549718333151       0.54020554577084079       -1.7060111339136159E-005   1.3585331834904573E-003
   319.86549718333151       0.54020703460355457       -1.7060189703366821E-005   1.3755933731938242E-003
   324.86549718333151       0.54020847437771713       -1.7060265485553378E-005   1.3926536386793776E-003
   329.86549718333151       0.54020986731831389       -1.7060338802793969E-005   1.4097139774821715E-003
   334.86549718333151       0.54021121551993789       -1.7060409765324786E-005   1.4267743872474962E-003
   339.86549718333151       0.54021252095620487       -1.7060478477015505E-005   1.4438348657245118E-003
   344.86549718333151       0.54021378548838561       -1.7060545035823531E-005   1.4608954107603353E-003
   349.86549718333151       0.54021501087320378       -1.7060609534204373E-005   1.4779560202945396E-003
   354.86549718333151       0.54021619877008220       -1.7060672059492935E-005   1.4950166923540324E-003
   359.86549718333151       0.54021735074777255       -1.7060732694252407E-005   1.5120774250482849E-003
   364.86549718333151       0.54021846829046860       -1.7060791516595958E-005   1.5291382165648808E-003
   369.86549718333151       0.54021955280337819       -1.7060848600479965E-005   1.5461990651653608E-003
   374.86549718333151       0.54022060561790275       -1.7060904015976565E-005   1.5632599691813374E-003
   379.86549718333151       0.54022162799638485       -1.7060957829523516E-005   1.5803209270108609E-003
   384.86549718333151       0.54022262113653696       -1.7061010104157235E-005   1.5973819371150181E-003
   389.86549718333151       0.54022358617546296       -1.7061060899724426E-005   1.6144429980147425E-003
   394.86549718333151       0.54022452419347478       -1.7061110273082974E-005   1.6315041082878255E-003
   399.86549718333151       0.54022543621751873       -1.7061158278282186E-005   1.6485652665661078E-003
   404.86549718333151       0.54022632322447250       -1.7061204966736365E-005   1.6656264715328441E-003
   409.86549718333151       0.54022718614409915       -1.7061250387380224E-005   1.6826877219202243E-003
   414.86549718333151       0.54022802586184948       -1.7061294586816381E-005   1.6997490165070407E-003
   419.86549718333151       0.54022884322144160       -1.7061337609451115E-005   1.7168103541164918E-003
   424.86549718333151       0.54022963902729104       -1.7061379497622232E-005   1.7338717336141140E-003
   429.86549718333151       0.54023041404673189       -1.7061420291715969E-005   1.7509331539058300E-003
   434.86549718333151       0.54023116901214874       -1.7061460030279208E-005   1.7679946139361091E-003
   439.86549718333151       0.54023190462290227       -1.7061498750120781E-005   1.7850561126862298E-003
   444.86549718333151       0.54023262154713403       -1.7061536486406472E-005   1.8021176491726362E-003
   449.86549718333151       0.54023332042352579       -1.7061573272751601E-005   1.8191792224453878E-003
   454.86549718333151       0.54023400186285930       -1.7061609141303104E-005   1.8362408315866908E-003
   459.86549718333151       0.54023466644952134       -1.7061644122818767E-005   1.8533024757095096E-003
   464.86549718333151       0.54023531474287401       -1.7061678246739298E-005   1.8703641539562488E-003
   469.86549718333151       0.54023594727859992       -1.7061711541259145E-005   1.8874258654975079E-003
   474.86549718333151       0.54023656456990965       -1.7061744033390066E-005   1.9044876095308980E-003
   479.86549718333151       0.54023716710868319       -1.7061775749021144E-005   1.9215493852799191E-003
   484.86549718333151       0.54023775536660534       -1.7061806712978595E-005   1.9386111919928977E-003
   489.86549718333151       0.54023832979613917       -1.7061836949076970E-005   1.9556730289419749E-003
   494.86549718333151       0.54023889083145449       -1.7061866480168026E-005   1.9727348954221430E-003
   499.86549718333151       0.54023943888942683       -1.7061895328193313E-005   1.9897967907503361E-003
   504.86549718333151       0.54023997437039006       -1.7061923514223761E-005   2.0068587142645601E-003
   509.86549718333151       0.54024049765898319       -1.7061951058504260E-005   2.0239206653230642E-003
   514.86549718333151       0.54024100912487949       -1.7061977980492032E-005   2.0409826433035565E-003
   519.86549718333151       0.54024150912351177       -1.7062004298894818E-005   2.0580446476024515E-003
   524.86549718333151       0.54024199799674455       -1.7062030031706207E-005   2.0751066776341577E-003
   529.86549718333151       0.54024247607349174       -1.7062055196238192E-005   2.0921687328303959E-003
   534.86549718333151       0.54024294367033932       -1.7062079809153932E-005   2.1092308126395500E-003
   539.86549718333151       0.54024340109209434       -1.7062103886496618E-005   2.1262929165260466E-003
   544.86549718333151       0.54024384863230490       -1.7062127443716869E-005   2.1433550439697636E-003
   549.86549718333151       0.54024428657379009       -1.7062150495700625E-005   2.1604171944654641E-003
   554.86549718333151       0.54024471518915507       -1.7062173056796219E-005   2.1774793675222604E-003
   559.86549718333151       0.54024513474110980       -1.7062195140831195E-005   2.1945415626630914E-003
   564.86549718333151       0.54024554548306003       -1.7062216761143384E-005   2.2116037794242347E-003
   569.86549718333151       0.54024594765944922       -1.7062237930598916E-005   2.2286660173548335E-003
   574.86549718333151       0.54024634150610118       -1.7062258661610241E-005   2.2457282760164439E-003
   579.86549718333151       0.54024672725065692       -1.7062278966159140E-005   2.2627905549826030E-003
   584.86549718333151       0.54024710511289176       -1.7062298855813378E-005   2.2798528538384164E-003
   589.86549718333151       0.54024747530501760       -1.7062318341742646E-005   2.2969151721801591E-003
   594.86549718333151       0.54024783803207499       -1.7062337434739202E-005   2.3139775096148981E-003
   599.86549718333151       0.54024819349214881       -1.7062356145229177E-005   2.3310398657601272E-003
   604.86549718333151       0.54024854187671723       -1.7062374483290986E-005   2.3481022402434184E-003
   609.86549718333151       0.54024888337087229       -1.7062392458666927E-005   2.3651646327020855E-003
   614.86549718333151       0.54024921815359328       -1.7062410080777556E-005   2.3822270427828630E-003
   619.86549718333151       0.54024954639802925       -1.7062427358736564E-005   2.3992894701415995E-003
   624.86549718333151       0.54024986827166654       -1.7062444301359599E-005   2.4163519144429590E-003
   629.86549718333151       0.54025018393659663       -1.7062460917178356E-005   2.4334143753601376E-003
   634.86549718333151       0.54025049354974186       -1.7062477214452461E-005   2.4504768525745900E-003
   639.86549718333151       0.54025079726300129       -1.7062493201177141E-005   2.4675393457757669E-003
   644.86549718333151       0.54025109522348347       -1.7062508885095491E-005   2.4846018546608624E-003
   649.86549718333151       0.54025138757368851       -1.7062524273708042E-005   2.5016643789345706E-003
   654.86549718333151       0.54025167445167910       -1.7062539374281770E-005   2.5187269183088523E-003
   659.86549718333151       0.54025195599124443       -1.7062554193858705E-005   2.5357894725027111E-003
   664.86549718333151       0.54025223232205721       -1.7062568739264231E-005   2.5528520412419755E-003
   669.86549718333151       0.54025250356983445       -1.7062583017115522E-005   2.5699146242590910E-003
   674.86549718333151       0.54025276985650472       -1.7062597033830340E-005   2.5869772212929213E-003
   679.86549718333151       0.54025303130030522       -1.7062610795632175E-005   2.6040398320885537E-003
   684.86549718333151       0.54025328801595129       -1.7062624308559128E-005   2.6211024563971130E-003
   689.86549718333151       0.54025354011471638       -1.7062637578468140E-005   2.6381650939755813E-003
   694.86549718333151       0.54025378770462851       -1.7062650611045348E-005   2.6552277445866268E-003
   699.86549718333151       0.54025403089052193       -1.7062663411808771E-005   2.6722904079984357E-003
   704.86549718333151       0.54025426977419488       -1.7062675986116645E-005   2.6893530839845522E-003
   709.86549718333151       0.54025450445449819       -1.7062688339172049E-005   2.7064157723237243E-003
   714.86549718333151       0.54025473502742438       -1.7062700476027629E-005   2.7234784727997517E-003
   719.86549718333151       0.54025496158623720       -1.7062712401592403E-005   2.7405411852013443E-003
   724.86549718333151       0.54025518422153562       -1.7062724120635138E-005   2.7576039093219792E-003
   729.86549718333151       0.54025540302136832       -1.7062735637790352E-005   2.7746666449597695E-003
   734.86549718333151       0.54025561807133005       -1.7062746957563406E-005   2.7917293919173330E-003
   739.86549718333151       0.54025582945461126       -1.7062758084333118E-005   2.8087921500016661E-003
   744.86549718333151       0.54025603725208260       -1.7062769022356199E-005   2.8258549190240223E-003
   749.86549718333151       0.54025624154239715       -1.7062779775772632E-005   2.8429176987997949E-003
   754.86549718333151       0.54025644240206661       -1.7062790348609702E-005   2.8599804891484048E-003
   759.86549718333151       0.54025663990552164       -1.7062800744785149E-005   2.8770432898931899E-003
   764.86549718333151       0.54025683412514525       -1.7062810968108941E-005   2.8941061008612989E-003
   769.86549718333151       0.54025702513140583       -1.7062821022290264E-005   2.9111689218835890E-003
   774.86549718333151       0.54025721299287188       -1.7062830910938301E-005   2.9282317527945271E-003
   779.86549718333151       0.54025739777628967       -1.7062840637566336E-005   2.9452945934320936E-003
   784.86549718333151       0.54025757954662956       -1.7062850205594167E-005   2.9623574436376879E-003
   789.86549718333151       0.54025775836719248       -1.7062859618353713E-005   2.9794203032560418E-003
   794.86549718333151       0.54025793429956426       -1.7062868879086647E-005   2.9964831721351285E-003
   799.86549718333151       0.54025810740377311       -1.7062877990952620E-005   3.0135460501260810E-003
   804.86549718333151       0.54025827773830337       -1.7062886957030046E-005   3.0306089370831109E-003
   809.86549718333151       0.54025844536008494       -1.7062895780315515E-005   3.0476718328634263E-003
   814.86549718333151       0.54025861032463429       -1.7062904463731213E-005   3.0647347373271576E-003
   819.86549718333151       0.54025877268603373       -1.7062913010123847E-005   3.0817976503372813E-003
   824.86549718333151       0.54025893249701074       -1.7062921422268811E-005   3.0988605717595500E-003
   829.86549718333151       0.54025908980893234       -1.7062929702869886E-005   3.1159235014624198E-003
   834.86549718333151       0.54025924467195019       -1.7062937854566879E-005   3.1329864393169868E-003
   839.86549718333151       0.54025939713491111       -1.7062945879930926E-005   3.1500493851969176E-003
   844.86549718333151       0.54025954724544967       -1.7062953781469355E-005   3.1671123389783867E-003
   849.86549718333151       0.54025969505005411       -1.7062961561629152E-005   3.1841753005400161E-003
   854.86549718333151       0.54025984059404886       -1.7062969222796036E-005   3.2012382697628123E-003
   859.86549718333151       0.54025998392167274       -1.7062976767298595E-005   3.2183012465301108E-003
   864.86549718333151       0.54026012507609167       -1.7062984197408955E-005   3.2353642307275197E-003
   869.86549718333151       0.54026026409941175       -1.7062991515343432E-005   3.2524272222428630E-003
   874.86549718333151       0.54026040103273532       -1.7062998723265520E-005   3.2694902209661285E-003
   879.86549718333151       0.54026053591618917       -1.7063005823287374E-005   3.2865532267894160E-003
   884.86549718333151       0.54026066878895118       -1.7063012817471188E-005   3.3036162396068874E-003
   889.86549718333151       0.54026079968924323       -1.7063019707828843E-005   3.3206792593147164E-003
   894.86549718333151       0.54026092865440911       -1.7063026496326003E-005   3.3377422858110422E-003
   899.86549718333151       0.54026105572092864       -1.7063033184882850E-005   3.3548053189959249E-003
   904.86549718333151       0.54026118092441688       -1.7063039775374051E-005   3.3718683587712988E-003
   909.86549718333151       0.54026130429963892       -1.7063046269629532E-005   3.3889314050409283E-003
   914.86549718333151       0.54026142588061010       -1.7063052669439755E-005   3.4059944577103682E-003
   919.86549718333151       0.54026154570054086       -1.7063058976552827E-005   3.4230575166869209E-003
   924.86549718333151       0.54026166379185525       -1.7063065192675445E-005   3.4401205818795962E-003
   929.86549718333151       0.54026178018626791       -1.7063071319476979E-005   3.4571836531990733E-003
   934.86549718333151       0.54026189491476406       -1.7063077358588393E-005   3.4742467305576620E-003
   939.86549718333151       0.54026200800763824       -1.7063083311604315E-005   3.4913098138692664E-003
   944.86549718333151       0.54026211949449798       -1.7063089180083178E-005   3.5083729030493498E-003
   949.86549718333151       0.54026222940432223       -1.7063094965550373E-005   3.5254359980149003E-003
   954.86549718333151       0.54026233776539578       -1.7063100669494712E-005   3.5424990986843950E-003
   959.86549718333151       0.54026244460537765       -1.7063106293372103E-005   3.5595622049777670E-003
   964.86549718333151       0.54026254995136413       -1.7063111838608804E-005   3.5766253168163760E-003
   969.86549718333151       0.54026265382981653       -1.7063117306597669E-005   3.5936884341229735E-003
   974.86549718333151       0.54026275626664677       -1.7063122698702628E-005   3.6107515568216762E-003
   979.86549718333151       0.54026285728717405       -1.7063128016256418E-005   3.6278146848379325E-003
   984.86549718333151       0.54026295691619419       -1.7063133260564214E-005   3.6448778180984969E-003
   989.86549718333151       0.54026305517795392       -1.7063138432902303E-005   3.6619409565313990E-003
   994.86549718333151       0.54026315209619014       -1.7063143534520131E-005   3.6790041000659191E-003
   999.86549718333151       0.54026324769412448       -1.7063148566640018E-005   3.6960672486325593E-003
   1004.8654971833315       0.54026334199449277       -1.7063153530458718E-005   3.7131304021630180E-003
   1009.8654971833315       0.54026343501953489       -1.7063158427146882E-005   3.7301935605901647E-003
   1014.8654971833315       0.54026352679105272       -1.7063163257852101E-005   3.7472567238480167E-003
   1019.8654971833315       0.54026361733034023       -1.7063168023695227E-005   3.7643198918717118E-003
   1024.8654971833316       0.54026370665829515       -1.7063172725776274E-005   3.7813830645974881E-003
   1029.8654971833316       0.54026379479535491       -1.7063177365171001E-005   3.7984462419626591E-003
   1034.8654971833316       0.54026388176152396       -1.7063181942932402E-005   3.8155094239055915E-003
   1039.8654971833316       0.54026396757645179       -1.7063186460094769E-005   3.8325726103656862E-003
   1044.8654971833316       0.54026405225929086       -1.7063190917666238E-005   3.8496358012833523E-003
   1049.8654971833316       0.54026413582887756       -1.7063195316638310E-005   3.8666989965999905E-003
   1054.8654971833316       0.54026421830362958       -1.7063199657980442E-005   3.8837621962579711E-003
   1059.8654971833316       0.54026429970161893       -1.7063203942643903E-005   3.9008254002006150E-003
   1064.8654971833316       0.54026438004051902       -1.7063208171558980E-005   3.9178886083721743E-003
   1069.8654971833316       0.54026445933764289       -1.7063212345636980E-005   3.9349518207178113E-003
   1074.8654971833316       0.54026453760999571       -1.7063216465773019E-005   3.9520150371835840E-003
   1079.8654971833316       0.54026461487423216       -1.7063220532843756E-005   3.9690782577164281E-003
   1084.8654971833316       0.54026469114662978       -1.7063224547705997E-005   3.9861414822641343E-003
   1089.8654971833316       0.54026476644319643       -1.7063228511202367E-005   4.0032047107753368E-003
   1094.8654971833316       0.54026484077961157       -1.7063232424158179E-005   4.0202679431994952E-003
   1099.8654971833316       0.54026491417123990       -1.7063236287382210E-005   4.0373311794868775E-003
   1104.8654971833316       0.54026498663314326       -1.7063240101667273E-005   4.0543944195885447E-003
   1109.8654971833316       0.54026505818010073       -1.7063243867791296E-005   4.0714576634563356E-003
   1114.8654971833316       0.54026512882658073       -1.7063247586515870E-005   4.0885209110428514E-003
   1119.8654971833316       0.54026519858679034       -1.7063251258588817E-005   4.1055841623014403E-003
   1124.8654971833316       0.54026526747464743       -1.7063254884742753E-005   4.1226474171861833E-003
   1129.8654971833316       0.54026533550383793       -1.7063258465698059E-005   4.1397106756518812E-003
   1134.8654971833316       0.54026540268775203       -1.7063262002159567E-005   4.1567739376540411E-003
   1139.8654971833316       0.54026546903954376       -1.7063265494819681E-005   4.1738372031488611E-003
   1144.8654971833316       0.54026553457209492       -1.7063268944356466E-005   4.1909004720932178E-003
   1149.8654971833316       0.54026559929805551       -1.7063272351435776E-005   4.2079637444446538E-003
   1154.8654971833316       0.54026566322985625       -1.7063275716711959E-005   4.2250270201613658E-003
   1159.8654971833316       0.54026572637964920       -1.7063279040824653E-005   4.2420902992021904E-003
   1164.8654971833316       0.54026578875940390       -1.7063282324403919E-005   4.2591535815265941E-003
   1169.8654971833316       0.54026585038085462       -1.7063285568067419E-005   4.2762168670946619E-003
   1174.8654971833316       0.54026591125549817       -1.7063288772420316E-005   4.2932801558670823E-003
   1179.8654971833316       0.54026597139463040       -1.7063291938057197E-005   4.3103434478051397E-003
   1184.8654971833316       0.54026603080934388       -1.7063295065561959E-005   4.3274067428707014E-003
   1189.8654971833316       0.54026608951053534       -1.7063298155508179E-005   4.3444700410262098E-003
   1194.8654971833316       0.54026614750888657       -1.7063301208458114E-005   4.3615333422346676E-003
   1199.8654971833316       0.54026620481486864       -1.7063304224962953E-005   4.3785966464596308E-003
   1204.8654971833316       0.54026626143880863       -1.7063307205566276E-005   4.3956599536651968E-003
   1209.8654971833316       0.54026631739080011       -1.7063310150799397E-005   4.4127232638159963E-003
   1214.8654971833316       0.54026637268077693       -1.7063313061185210E-005   4.4297865768771812E-003
   1219.8654971833316       0.54026642731849894       -1.7063315937237447E-005   4.4468498928144189E-003
   1224.8654971833316       0.54026648131355559       -1.7063318779460889E-005   4.4639132115938795E-003
   1229.8654971833316       0.54026653467534236       -1.7063321588350082E-005   4.4809765331822295E-003
   1234.8654971833316       0.54026658741307931       -1.7063324364390351E-005   4.4980398575466202E-003
   1239.8654971833316       0.54026663953586029       -1.7063327108060384E-005   4.5151031846546808E-003
   1244.8654971833316       0.54026669105260383       -1.7063329819829633E-005   4.5321665144745105E-003
   1249.8654971833316       0.54026674197205182       -1.7063332500158241E-005   4.5492298469746685E-003
   1254.8654971833316       0.54026679230281938       -1.7063335149499708E-005   4.5662931821241681E-003
   1259.8654971833316       0.54026684205336362       -1.7063337768299186E-005   4.5833565198924670E-003
   1264.8654971833316       0.54026689123198257       -1.7063340356993470E-005   4.6004198602494608E-003
   1269.8654971833316       0.54026693984683161       -1.7063342916011842E-005   4.6174832031654726E-003
   1274.8654971833316       0.54026698790594019       -1.7063345445776956E-005   4.6345465486112500E-003
   1279.8654971833316       0.54026703541719012       -1.7063347946703695E-005   4.6516098965579539E-003
   1284.8654971833316       0.54026708238832033       -1.7063350419199421E-005   4.6686732469771531E-003
   1289.8654971833316       0.54026712882693717       -1.7063352863664516E-005   4.6857365998408179E-003
   1294.8654971833316       0.54026717474054031       -1.7063355280493744E-005   4.7027999551213116E-003
   1299.8654971833316       0.54026722013647066       -1.7063357670073527E-005   4.7198633127913852E-003
   1304.8654971833316       0.54026726502196332       -1.7063360032784695E-005   4.7369266728241695E-003
   1309.8654971833316       0.54026730940412204       -1.7063362369001182E-005   4.7539900351931709E-003
   1314.8654971833316       0.54026735328993891       -1.7063364679091032E-005   4.7710533998722620E-003
   1319.8654971833316       0.54026739668630908       -1.7063366963417189E-005   4.7881167668356794E-003
   1324.8654971833316       0.54026743959994894       -1.7063369222333204E-005   4.8051801360580130E-003
   1329.8654971833316       0.54026748203751429       -1.7063371456189412E-005   4.8222435075142020E-003
   1334.8654971833316       0.54026752400552069       -1.7063373665328791E-005   4.8393068811795311E-003
   1339.8654971833316       0.54026756551041699       -1.7063375850090789E-005   4.8563702570296220E-003
   1344.8654971833316       0.54026760655849904       -1.7063378010806805E-005   4.8734336350404290E-003
   1349.8654971833316       0.54026764715600639       -1.7063380147805283E-005   4.8904970151882341E-003
   1354.8654971833316       0.54026768730901920       -1.7063382261406271E-005   4.9075603974496401E-003
   1359.8654971833316       0.54026772702356429       -1.7063384351926997E-005   4.9246237818015674E-003
   1364.8654971833316       0.54026776630553763       -1.7063386419677834E-005   4.9416871682212453E-003
   1369.8654971833316       0.54026780516076778       -1.7063388464965567E-005   4.9587505566862106E-003
   1374.8654971833316       0.54026784359497004       -1.7063390488091053E-005   4.9758139471743016E-003
   1379.8654971833316       0.54026788161377659       -1.7063392489350756E-005   4.9928773396636520E-003
   1384.8654971833316       0.54026791922271644       -1.7063394469035706E-005   5.0099407341326879E-003
   1389.8654971833316       0.54026795642723768       -1.7063396427432685E-005   5.0270041305601207E-003
   1394.8654971833316       0.54026799323270291       -1.7063398364823963E-005   5.0440675289249448E-003
   1399.8654971833316       0.54026802964439213       -1.7063400281487490E-005   5.0611309292064319E-003
   1404.8654971833316       0.54026806566747132       -1.7063402177695172E-005   5.0781943313841270E-003
   1409.8654971833316       0.54026810130707092       -1.7063404053717072E-005   5.0952577354378440E-003
   1414.8654971833316       0.54026813656822936       -1.7063405909818411E-005   5.1123211413476623E-003
   1419.8654971833316       0.54026817145586692       -1.7063407746258177E-005   5.1293845490939204E-003
   1424.8654971833316       0.54026820597486380       -1.7063409563293252E-005   5.1464479586572137E-003
   1429.8654971833316       0.54026824013001573       -1.7063411361176079E-005   5.1635113700183900E-003
   1434.8654971833316       0.54026827392602805       -1.7063413140154339E-005   5.1805747831585444E-003
   1439.8654971833316       0.54026830736756448       -1.7063414900473525E-005   5.1976381980590181E-003
   1444.8654971833316       0.54026834045916883       -1.7063416642372810E-005   5.2147016147013909E-003
   1449.8654971833316       0.54026837320535104       -1.7063418366089587E-005   5.2317650330674804E-003
   1454.8654971833316       0.54026840561054301       -1.7063420071857144E-005   5.2488284531393373E-003
   1459.8654971833316       0.54026843767910571       -1.7063421759905042E-005   5.2658918748992424E-003
   1464.8654971833316       0.54026846941534223       -1.7063423430459778E-005   5.2829552983297019E-003
   1469.8654971833316       0.54026850082346067       -1.7063425083742873E-005   5.3000187234134447E-003
   1474.8654971833316       0.54026853190766710       -1.7063426719975709E-005   5.3170821501334203E-003
   1479.8654971833316       0.54026856267202050       -1.7063428339371960E-005   5.3341455784727924E-003
   1484.8654971833316       0.54026859312056497       -1.7063429942144491E-005   5.3512090084149372E-003
   1489.8654971833316       0.54026862325727032       -1.7063431528502262E-005   5.3682724399434396E-003
   1494.8654971833316       0.54026865308606753       -1.7063433098652203E-005   5.3853358730420915E-003
   1499.8654971833316       0.54026868261082428       -1.7063434652797897E-005   5.4023993076948891E-003
   1504.8654971833316       0.54026871183531533       -1.7063436191138041E-005   5.4194627438860273E-003
   1509.8654971833316       0.54026874076329290       -1.7063437713870150E-005   5.4365261815998971E-003
   1514.8654971833316       0.54026876939844415       -1.7063439221188302E-005   5.4535896208210855E-003
   1519.8654971833316       0.54026879774439751       -1.7063440713283500E-005   5.4706530615343694E-003
   1524.8654971833316       0.54026882580473001       -1.7063442190344022E-005   5.4877165037247131E-003
   1529.8654971833316       0.54026885358295773       -1.7063443652554959E-005   5.5047799473772682E-003
   1534.8654971833316       0.54026888108254023       -1.7063445100098410E-005   5.5218433924773668E-003
   1539.8654971833316       0.54026890830692487       -1.7063446533155838E-005   5.5389068390105231E-003
   1544.8654971833316       0.54026893525947595       -1.7063447951904339E-005   5.5559702869624273E-003
   1549.8654971833316       0.54026896194349794       -1.7063449356517849E-005   5.5730337363189449E-003
   1554.8654971833316       0.54026898836226889       -1.7063450747168922E-005   5.5900971870661139E-003
   1559.8654971833316       0.54026901451900011       -1.7063452124026602E-005   5.6071606391901408E-003
   1564.8654971833316       0.54026904041688317       -1.7063453487258872E-005   5.6242240926773993E-003
   1569.8654971833316       0.54026906605904301       -1.7063454837030241E-005   5.6412875475144297E-003
   1574.8654971833316       0.54026909144857993       -1.7063456173503894E-005   5.6583510036879335E-003
   1579.8654971833316       0.54026911658851862       -1.7063457496839046E-005   5.6754144611847728E-003
   1584.8654971833316       0.54026914148185179       -1.7063458807193232E-005   5.6924779199919659E-003
   1589.8654971833316       0.54026916613153564       -1.7063460104722062E-005   5.7095413800966879E-003
   1594.8654971833316       0.54026919054047373       -1.7063461389578367E-005   5.7266048414862667E-003
   1599.8654971833316       0.54026921471154277       -1.7063462661913584E-005   5.7436683041481801E-003
   1604.8654971833316       0.54026923864757836       -1.7063463921876964E-005   5.7607317680700570E-003
   1609.8654971833316       0.54026926235134498       -1.7063465169614026E-005   5.7777952332396711E-003
   1614.8654971833316       0.54026928582560541       -1.7063466405270202E-005   5.7948586996449418E-003
   1619.8654971833316       0.54026930907306281       -1.7063467628987788E-005   5.8119221672739297E-003
   1624.8654971833316       0.54026933209640593       -1.7063468840908302E-005   5.8289856361148380E-003
   1629.8654971833316       0.54026935489825956       -1.7063470041169913E-005   5.8460491061560075E-003
   1634.8654971833316       0.54026937748120607       -1.7063471229908558E-005   5.8631125773859162E-003
   1639.8654971833316       0.54026939984780253       -1.7063472407258839E-005   5.8801760497931748E-003
   1644.8654971833316       0.54026942200058781       -1.7063473573354386E-005   5.8972395233665292E-003
   1649.8654971833316       0.54026944394204002       -1.7063474728325653E-005   5.9143029980948548E-003
   1654.8654971833316       0.54026946567461953       -1.7063475872302144E-005   5.9313664739671567E-003
   1659.8654971833316       0.54026948720073853       -1.7063477005410837E-005   5.9484299509725679E-003
   1664.8654971833316       0.54026950852280231       -1.7063478127778342E-005   5.9654934291003461E-003
   1669.8654971833316       0.54026952964313923       -1.7063479239527222E-005   5.9825569083398729E-003
   1674.8654971833316       0.54026955056409476       -1.7063480340780933E-005   5.9996203886806543E-003
   1679.8654971833316       0.54026957128792863       -1.7063481431658427E-005   6.0166838701123130E-003
   1684.8654971833316       0.54026959181690415       -1.7063482512278846E-005   6.0337473526245917E-003
   1689.8654971833316       0.54026961215327496       -1.7063483582760803E-005   6.0508108362073527E-003
   1694.8654971833316       0.54026963229921454       -1.7063484643218724E-005   6.0678743208505718E-003
   1699.8654971833316       0.54026965225689028       -1.7063485693766695E-005   6.0849378065443386E-003
   1704.8654971833316       0.54026967202843434       -1.7063486734516935E-005   6.1020012932788553E-003
   1709.8654971833316       0.54026969161596805       -1.7063487765581122E-005   6.1190647810444362E-003
   1714.8654971833316       0.54026971102155663       -1.7063488787067959E-005   6.1361282698315037E-003
   1719.8654971833316       0.54026973024725955       -1.7063489799085858E-005   6.1531917596305899E-003
   1724.8654971833316       0.54026974929510052       -1.7063490801741333E-005   6.1702552504323315E-003
   1729.8654971833316       0.54026976816706940       -1.7063491795139144E-005   6.1873187422274703E-003
   1734.8654971833316       0.54026978686512761       -1.7063492779382531E-005   6.2043822350068530E-003
   1739.8654971833316       0.54026980539124181       -1.7063493754575006E-005   6.2214457287614279E-003
   1744.8654971833316       0.54026982374732857       -1.7063494720817469E-005   6.2385092234822455E-003
   1749.8654971833316       0.54026984193526140       -1.7063495678208527E-005   6.2555727191604543E-003
   1754.8654971833316       0.54026985995691001       -1.7063496626846606E-005   6.2726362157873011E-003
   1759.8654971833316       0.54026987781412728       -1.7063497566829233E-005   6.2896997133541303E-003
   1764.8654971833316       0.54026989550872495       -1.7063498498251778E-005   6.3067632118523819E-003
   1769.8654971833316       0.54026991304249450       -1.7063499421208547E-005   6.3238267112735906E-003
   1774.8654971833316       0.54026993041720339       -1.7063500335792568E-005   6.3408902116093829E-003
   1779.8654971833316       0.54026994763461156       -1.7063501242096487E-005   6.3579537128514796E-003
   1784.8654971833316       0.54026996469642363       -1.7063502140210037E-005   6.3750172149916896E-003
   1789.8654971833316       0.54026998160436024       -1.7063503030223770E-005   6.3920807180219133E-003
   1794.8654971833316       0.54026999836009615       -1.7063503912225873E-005   6.4091442219341389E-003
   1799.8654971833316       0.54027001496527771       -1.7063504786302983E-005   6.4262077267204423E-003
   1804.8654971833316       0.54027003142155217       -1.7063505652541813E-005   6.4432712323729841E-003
   1809.8654971833316       0.54027004773053544       -1.7063506511027435E-005   6.4603347388840111E-003
   1814.8654971833316       0.54027006389381438       -1.7063507361843364E-005   6.4773982462458541E-003
   1819.8654971833316       0.54027007991297304       -1.7063508205072991E-005   6.4944617544509271E-003
   1824.8654971833316       0.54027009578953622       -1.7063509040796578E-005   6.5115252634917239E-003
   1829.8654971833316       0.54027011152506133       -1.7063509869096097E-005   6.5285887733608199E-003
   1834.8654971833316       0.54027012712106448       -1.7063510690051363E-005   6.5456522840508713E-003
   1839.8654971833316       0.54027014257903161       -1.7063511503740594E-005   6.5627157955546120E-003
   1844.8654971833316       0.54027015790042998       -1.7063512310241016E-005   6.5797793078648534E-003
   1849.8654971833316       0.54027017308674374       -1.7063513109630765E-005   6.5968428209744840E-003
   1854.8654971833316       0.54027018813939909       -1.7063513901984900E-005   6.6139063348764687E-003
   1859.8654971833316       0.54027020305979157       -1.7063514687376891E-005   6.6309698495638459E-003
   1864.8654971833316       0.54027021784932849       -1.7063515465880814E-005   6.6480333650297272E-003
   1869.8654971833316       0.54027023250942185       -1.7063516237570991E-005   6.6650968812672984E-003
   1874.8654971833316       0.54027024704143012       -1.7063517002518930E-005   6.6821603982698177E-003
   1879.8654971833316       0.54027026144669987       -1.7063517760795520E-005   6.6992239160306132E-003
   1884.8654971833316       0.54027027572655839       -1.7063518512470616E-005   6.7162874345430834E-003
   1889.8654971833316       0.54027028988232018       -1.7063519257613425E-005   6.7333509538006972E-003
   1894.8654971833316       0.54027030391529030       -1.7063519996292633E-005   6.7504144737969901E-003
   1899.8654971833316       0.54027031782675206       -1.7063520728575791E-005   6.7674779945255661E-003
   1904.8654971833316       0.54027033161795723       -1.7063521454528797E-005   6.7845415159800953E-003
   1909.8654971833316       0.54027034529019347       -1.7063522174219438E-005   6.8016050381543144E-003
   1914.8654971833316       0.54027035884467089       -1.7063522887711393E-005   6.8186685610420262E-003
   1919.8654971833316       0.54027037228260966       -1.7063523595068906E-005   6.8357320846370948E-003
   1924.8654971833316       0.54027038560522656       -1.7063524296356017E-005   6.8527956089334506E-003
   1929.8654971833316       0.54027039881371031       -1.7063524991635301E-005   6.8698591339250862E-003
   1934.8654971833316       0.54027041190923142       -1.7063525680968382E-005   6.8869226596060549E-003
   1939.8654971833316       0.54027042489295873       -1.7063526364416770E-005   6.9039861859704716E-003
   1944.8654971833316       0.54027043776602546       -1.7063527042040130E-005   6.9210497130125122E-003
   1949.8654971833316       0.54027045052960332       -1.7063527713900128E-005   6.9381132407264120E-003
   1954.8654971833316       0.54027046318478800       -1.7063528380054441E-005   6.9551767691064664E-003
   1959.8654971833316       0.54027047573268294       -1.7063529040561168E-005   6.9722402981470272E-003
   1964.8654971833316       0.54027048817439038       -1.7063529695478309E-005   6.9893038278425051E-003
   1969.8654971833316       0.54027050051097936       -1.7063530344862148E-005   7.0063673581873672E-003
   1974.8654971833316       0.54027051274351867       -1.7063530988768941E-005   7.0234308891761361E-003
   1979.8654971833316       0.54027052487306093       -1.7063531627254096E-005   7.0404944208033900E-003
   1984.8654971833316       0.54027053690067584       -1.7063532260373924E-005   7.0575579530637641E-003
   1989.8654971833316       0.54027054882737646       -1.7063532888181748E-005   7.0746214859519459E-003
   1994.8654971833316       0.54027056065415668       -1.7063533510729890E-005   7.0916850194626757E-003
   1999.8654971833316       0.54027057238203124       -1.7063534128071754E-005   7.1087485535907477E-003
   2004.8654971833316       0.54027058401200934       -1.7063534740260473E-005   7.1258120883310079E-003
   2009.8654971833316       0.54027059554505874       -1.7063535347346984E-005   7.1428756236783545E-003
   2014.8654971833316       0.54027060698215534       -1.7063535949382658E-005   7.1599391596277370E-003
   2019.8654971833316       0.54027061832426593       -1.7063536546418388E-005   7.1770026961741557E-003
   2024.8654971833316       0.54027062957231353       -1.7063537138502756E-005   7.1940662333126581E-003
   2029.8654971833316       0.54027064072725794       -1.7063537725686287E-005   7.2111297710383444E-003
   2034.8654971833316       0.54027065179002343       -1.7063538308017633E-005   7.2281933093463618E-003
   2039.8654971833316       0.54027066276150804       -1.7063538885544063E-005   7.2452568482319060E-003
   2044.8654971833316       0.54027067364260650       -1.7063539458312679E-005   7.2623203876902185E-003
   2049.8654971833316       0.54027068443422033       -1.7063540026370937E-005   7.2793839277165897E-003
   2054.8654971833316       0.54027069513723369       -1.7063540589765371E-005   7.2964474683063548E-003
   2059.8654971833316       0.54027070575251301       -1.7063541148541592E-005   7.3135110094548960E-003
   2064.8654971833316       0.54027071628092904       -1.7063541702745437E-005   7.3305745511576415E-003
   2069.8654971833316       0.54027072672334031       -1.7063542252422095E-005   7.3476380934100636E-003
   2074.8654971833316       0.54027073708059026       -1.7063542797615969E-005   7.3647016362076798E-003
   2079.8654971833316       0.54027074735349512       -1.7063543338370012E-005   7.3817651795460501E-003
   2084.8654971833316       0.54027075754287801       -1.7063543874727572E-005   7.3988287234207778E-003
   2089.8654971833316       0.54027076764953907       -1.7063544406730748E-005   7.4158922678275088E-003
   2094.8654971833316       0.54027077767431197       -1.7063544934423431E-005   7.4329558127619322E-003
   2099.8654971833316       0.54027078761795577       -1.7063545457845574E-005   7.4500193582197781E-003
   2104.8654971833316       0.54027079748128459       -1.7063545977040036E-005   7.4670829041968180E-003
   2109.8654971833316       0.54027080726507815       -1.7063546492047859E-005   7.4841464506888661E-003
   2114.8654971833316       0.54027081697008805       -1.7063547002908605E-005   7.5012099976917747E-003
   2119.8654971833316       0.54027082659708225       -1.7063547509662698E-005   7.5182735452014376E-003
   2124.8654971833316       0.54027083614680527       -1.7063548012349329E-005   7.5353370932137870E-003
   2129.8654971833316       0.54027084561999106       -1.7063548511007135E-005   7.5524006417247939E-003
   2134.8654971833316       0.54027085501738636       -1.7063549005675420E-005   7.5694641907304693E-003
   2139.8654971833316       0.54027086433969795       -1.7063549496391388E-005   7.5865277402268607E-003
   2144.8654971833316       0.54027087358766190       -1.7063549983193786E-005   7.6035912902100546E-003
   2149.8654971833316       0.54027088276197910       -1.7063550466119511E-005   7.6206548406761738E-003
   2154.8654971833316       0.54027089186333832       -1.7063550945204812E-005   7.6377183916213785E-003
   2159.8654971833316       0.54027090089244767       -1.7063551420486965E-005   7.6547819430418653E-003
   2164.8654971833316       0.54027090984999226       -1.7063551892002038E-005   7.6718454949338674E-003
   2169.8654971833316       0.54027091873664568       -1.7063552359785483E-005   7.6889090472936532E-003
   2174.8654971833316       0.54027092755308626       -1.7063552823873006E-005   7.7059726001175262E-003
   2179.8654971833316       0.54027093629997847       -1.7063553284299590E-005   7.7230361534018259E-003
   2184.8654971833316       0.54027094497794181       -1.7063553741097842E-005   7.7400997071429235E-003
   2189.8654971833316       0.54027095358764754       -1.7063554194303091E-005   7.7571632613372262E-003
   2194.8654971833316       0.54027096212975090       -1.7063554643949830E-005   7.7742268159811763E-003
   2199.8654971833316       0.54027097060485263       -1.7063555090069686E-005   7.7912903710712460E-003
   2204.8654971833316       0.54027097901360421       -1.7063555532696951E-005   7.8083539266039425E-003
   2209.8654971833316       0.54027098735663259       -1.7063555971864622E-005   7.8254174825758069E-003
   2214.8654971833316       0.54027099563453962       -1.7063556407604384E-005   7.8424810389834121E-003
   2219.8654971833316       0.54027100384791182       -1.7063556839947110E-005   7.8595445958233590E-003
   2224.8654971833316       0.54027101199736793       -1.7063557268925367E-005   7.8766081530922839E-003
   2229.8654971833316       0.54027102008350092       -1.7063557694570367E-005   7.8936717107868544E-003
   2234.8654971833316       0.54027102810688421       -1.7063558116912304E-005   7.9107352689037659E-003
   2239.8654971833316       0.54027103606812343       -1.7063558535983047E-005   7.9277988274397485E-003
   2244.8654971833316       0.54027104396777592       -1.7063558951811938E-005   7.9448623863915598E-003
   2249.8654971833316       0.54027105180639667       -1.7063559364428189E-005   7.9619259457559873E-003
   2254.8654971833316       0.54027105958456723       -1.7063559773862414E-005   7.9789895055298495E-003
   2259.8654971833316       0.54027106730283281       -1.7063560180143312E-005   7.9960530657099925E-003
   2264.8654971833316       0.54027107496175875       -1.7063560583300641E-005   8.0131166262932940E-003
   2269.8654971833316       0.54027108256185408       -1.7063560983361197E-005   8.0301801872766556E-003
   2274.8654971833316       0.54027109010369423       -1.7063561380355263E-005   8.0472437486570104E-003
   2279.8654971833316       0.54027109758779002       -1.7063561774309741E-005   8.0643073104313210E-003
   2284.8654971833316       0.54027110501466269       -1.7063562165252062E-005   8.0813708725965723E-003
   2289.8654971833316       0.54027111238484549       -1.7063562553210292E-005   8.0984344351497824E-003
   2294.8654971833316       0.54027111969884734       -1.7063562938211222E-005   8.1154979980879935E-003
   2299.8654971833316       0.54027112695717572       -1.7063563320281564E-005   8.1325615614082757E-003
   2304.8654971833316       0.54027113416034200       -1.7063563699448243E-005   8.1496251251077234E-003
   2309.8654971833316       0.54027114130883791       -1.7063564075737134E-005   8.1666886891834604E-003
   2314.8654971833316       0.54027114840315316       -1.7063564449174022E-005   8.1837522536326347E-003
   2319.8654971833316       0.54027115544379078       -1.7063564819785380E-005   8.2008158184524206E-003
   2324.8654971833316       0.54027116243123019       -1.7063565187596444E-005   8.2178793836400164E-003
   2329.8654971833316       0.54027116936594466       -1.7063565552632133E-005   8.2349429491926484E-003
   2334.8654971833316       0.54027117624839860       -1.7063565914916886E-005   8.2520065151075652E-003
   2339.8654971833316       0.54027118307904443       -1.7063566274474522E-005   8.2690700813820399E-003
   2344.8654971833316       0.54027118985838563       -1.7063566631331539E-005   8.2861336480133715E-003
   2349.8654971833316       0.54027119658686851       -1.7063566985511430E-005   8.3031972149988833E-003
   2354.8654971833316       0.54027120326492095       -1.7063567337036734E-005   8.3202607823359195E-003
   2359.8654971833316       0.54027120989301436       -1.7063567685932244E-005   8.3373243500218519E-003
   2364.8654971833316       0.54027121647158716       -1.7063568032221045E-005   8.3543879180540733E-003
   2369.8654971833316       0.54027122300107711       -1.7063568375926185E-005   8.3714514864299990E-003
   2374.8654971833316       0.54027122948192297       -1.7063568717070761E-005   8.3885150551470701E-003
   2379.8654971833316       0.54027123591456139       -1.7063569055677745E-005   8.4055786242027471E-003
   2384.8654971833316       0.54027124229940848       -1.7063569391769051E-005   8.4226421935945164E-003
   2389.8654971833316       0.54027124863688514       -1.7063569725366834E-005   8.4397057633198835E-003
   2394.8654971833316       0.54027125492739758       -1.7063570056492478E-005   8.4567693333763762E-003
   2399.8654971833316       0.54027126117137492       -1.7063570385168566E-005   8.4738329037615454E-003
   2404.8654971833316       0.54027126736921838       -1.7063570711416218E-005   8.4908964744729622E-003
   2409.8654971833316       0.54027127352133808       -1.7063571035257026E-005   8.5079600455082189E-003
   2414.8654971833316       0.54027127962811206       -1.7063571356710885E-005   8.5250236168649303E-003
   2419.8654971833316       0.54027128568996197       -1.7063571675799993E-005   8.5420871885407302E-003
   2424.8654971833316       0.54027129170726962       -1.7063571992544447E-005   8.5591507605332750E-003
   2429.8654971833316       0.54027129768043614       -1.7063572306965367E-005   8.5762143328402402E-003
   2434.8654971833316       0.54027130360982945       -1.7063572619082118E-005   8.5932779054593220E-003
   2439.8654971833316       0.54027130949583135       -1.7063572928914786E-005   8.6103414783882375E-003
   2444.8654971833316       0.54027131533881256       -1.7063573236482905E-005   8.6274050516247196E-003
   2449.8654971833316       0.54027132113915877       -1.7063573541806759E-005   8.6444686251665268E-003
   2454.8654971833316       0.54027132689723800       -1.7063573844905729E-005   8.6615321990114319E-003
   2459.8654971833316       0.54027133261339821       -1.7063574145798130E-005   8.6785957731572300E-003
   2464.8654971833316       0.54027133828801366       -1.7063574444503659E-005   8.6956593476017335E-003
   2469.8654971833316       0.54027134392143927       -1.7063574741041010E-005   8.7127229223427742E-003
   2474.8654971833316       0.54027134951403311       -1.7063575035429019E-005   8.7297864973782027E-003
   2479.8654971833316       0.54027135506614044       -1.7063575327685865E-005   8.7468500727058886E-003
   2484.8654971833316       0.54027136057811453       -1.7063575617830140E-005   8.7639136483237193E-003
   2489.8654971833316       0.54027136605028181       -1.7063575905879035E-005   8.7809772242295990E-003
   2494.8654971833316       0.54027137148299520       -1.7063576191851121E-005   8.7980408004214496E-003
   2499.8654971833316       0.54027137687658544       -1.7063576475763808E-005   8.8151043768972138E-003
   2504.8654971833316       0.54027138223139470       -1.7063576757635109E-005   8.8321679536548497E-003
   2509.8654971833316       0.54027138754776094       -1.7063577037482815E-005   8.8492315306923329E-003
   2514.8654971833316       0.54027139282598358       -1.7063577315322683E-005   8.8662951080076564E-003
   2519.8654971833316       0.54027139806639546       -1.7063577591172237E-005   8.8833586855988286E-003
   2524.8654971833316       0.54027140326932177       -1.7063577865048590E-005   8.9004222634638773E-003
   2529.8654971833316       0.54027140843508337       -1.7063578136968640E-005   8.9174858416008456E-003
   2534.8654971833316       0.54027141356398800       -1.7063578406948581E-005   8.9345494200077941E-003
   2539.8654971833316       0.54027141865634543       -1.7063578675004717E-005   8.9516129986827991E-003
   2544.8654971833316       0.54027142371247150       -1.7063578941153676E-005   8.9686765776239522E-003
   2549.8654971833316       0.54027142873265677       -1.7063579205410751E-005   8.9857401568293627E-003
   2554.8654971833316       0.54027143371721043       -1.7063579467792217E-005   9.0028037362971554E-003
   2559.8654971833316       0.54027143866641736       -1.7063579728313077E-005   9.0198673160254688E-003
   2564.8654971833316       0.54027144358059942       -1.7063579986990261E-005   9.0369308960124590E-003
   2569.8654971833316       0.54027144846002473       -1.7063580243837894E-005   9.0539944762562975E-003
   2574.8654971833316       0.54027145330500304       -1.7063580498872274E-005   9.0710580567551699E-003
   2579.8654971833316       0.54027145811581867       -1.7063580752108369E-005   9.0881216375072790E-003
   2584.8654971833316       0.54027146289275496       -1.7063581003561098E-005   9.1051852185108396E-003
   2589.8654971833316       0.54027146763608802       -1.7063581253244984E-005   9.1222487997640843E-003
   2594.8654971833316       0.54027147234610085       -1.7063581501174936E-005   9.1393123812652591E-003
   2599.8654971833316       0.54027147702305955       -1.7063581747364954E-005   9.1563759630126241E-003
   2604.8654971833316       0.54027148166725247       -1.7063581991830219E-005   9.1734395450044550E-003
   2609.8654971833316       0.54027148627892718       -1.7063582234583763E-005   9.1905031272390379E-003
   2614.8654971833316       0.54027149085836257       -1.7063582475640263E-005   9.2075667097146780E-003
   2619.8654971833316       0.54027149540582697       -1.7063582715013848E-005   9.2246302924296926E-003
   2624.8654971833316       0.54027149992160250       -1.7063582952719367E-005   9.2416938753824111E-003
   2629.8654971833316       0.54027150440594174       -1.7063583188770116E-005   9.2587574585711804E-003
   2634.8654971833316       0.54027150885908537       -1.7063583423178755E-005   9.2758210419943594E-003
   2639.8654971833316       0.54027151328128864       -1.7063583655958737E-005   9.2928846256503175E-003
   2644.8654971833316       0.54027151767280313       -1.7063583887123295E-005   9.3099482095374414E-003
   2649.8654971833316       0.54027152203390438       -1.7063584116686937E-005   9.3270117936541282E-003
   2654.8654971833316       0.54027152636482656       -1.7063584344661979E-005   9.3440753779987906E-003
   2659.8654971833316       0.54027153066581413       -1.7063584571061305E-005   9.3611389625698517E-003
   2664.8654971833316       0.54027153493711289       -1.7063584795897836E-005   9.3782025473657504E-003
   2669.8654971833316       0.54027153917897075       -1.7063585019184638E-005   9.3952661323849357E-003
   2674.8654971833316       0.54027154339160388       -1.7063585240933083E-005   9.4123297176258690E-003
   2679.8654971833316       0.54027154757527374       -1.7063585461156937E-005   9.4293933030870254E-003
   2684.8654971833316       0.54027155173019725       -1.7063585679867606E-005   9.4464568887668923E-003
   2689.8654971833316       0.54027155585661946       -1.7063585897078005E-005   9.4635204746639709E-003
   2694.8654971833316       0.54027155995476228       -1.7063586112799807E-005   9.4805840607767710E-003
   2699.8654971833316       0.54027156402485044       -1.7063586327044841E-005   9.4976476471038164E-003
   2704.8654971833316       0.54027156806712306       -1.7063586539825704E-005   9.5147112336436412E-003
   2709.8654971833316       0.54027157208180066       -1.7063586751153990E-005   9.5317748203947953E-003
   2714.8654971833316       0.54027157606909648       -1.7063586961040924E-005   9.5488384073558370E-003
   2719.8654971833316       0.54027158002923881       -1.7063587169498535E-005   9.5659019945253353E-003
   2724.8654971833316       0.54027158396243591       -1.7063587376537785E-005   9.5829655819018728E-003
   2729.8654971833316       0.54027158786891660       -1.7063587582170703E-005   9.6000291694840426E-003
   2734.8654971833316       0.54027159174889094       -1.7063587786408361E-005   9.6170927572704502E-003
   2739.8654971833316       0.54027159560256754       -1.7063587989261734E-005   9.6341563452597111E-003
   2744.8654971833316       0.54027159943014347       -1.7063588190741199E-005   9.6512199334504514E-003
   2749.8654971833316       0.54027160323183487       -1.7063588390858130E-005   9.6682835218413095E-003
   2754.8654971833316       0.54027160700784671       -1.7063588589623315E-005   9.6853471104309322E-003
   2759.8654971833316       0.54027161075838637       -1.7063588787047681E-005   9.7024106992179802E-003
   2764.8654971833316       0.54027161448366012       -1.7063588983142073E-005   9.7194742882011215E-003
   2769.8654971833316       0.54027161818387426       -1.7063589177917350E-005   9.7365378773790392E-003
   2774.8654971833316       0.54027162185920719       -1.7063589371382914E-005   9.7536014667504219E-003
   2779.8654971833316       0.54027162550986074       -1.7063589563549380E-005   9.7706650563139721E-003
   2784.8654971833316       0.54027162913603655       -1.7063589754427367E-005   9.7877286460683992E-003
   2789.8654971833316       0.54027163273792267       -1.7063589944026768E-005   9.8047922360124263E-003
   2794.8654971833316       0.54027163631571518       -1.7063590132357914E-005   9.8218558261447837E-003
   2799.8654971833316       0.54027163986959703       -1.7063590319430422E-005   9.8389194164642136E-003
   2804.8654971833316       0.54027164339974865       -1.7063590505253804E-005   9.8559830069694671E-003
   2809.8654971833316       0.54027164690635798       -1.7063590689837940E-005   9.8730465976593056E-003
   2814.8654971833316       0.54027165038962399       -1.7063590873193319E-005   9.8901101885324992E-003
   2819.8654971833316       0.54027165384971332       -1.7063591055328696E-005   9.9071737795878283E-003
   2824.8654971833316       0.54027165728682691       -1.7063591236254656E-005   9.9242373708240822E-003
   2829.8654971833316       0.54027166070113286       -1.7063591415980045E-005   9.9413009622400621E-003
   2834.8654971833316       0.54027166409281124       -1.7063591594514352E-005   9.9583645538345762E-003
   2839.8654971833316       0.54027166746202138       -1.7063591771865945E-005   9.9754281456064416E-003
   2844.8654971833316       0.54027167080895677       -1.7063591948045030E-005   9.9924917375544871E-003
   2849.8654971833316       0.54027167413377852       -1.7063592123060072E-005   1.0009555329677547E-002
   2854.8654971833316       0.54027167743665216       -1.7063592296919788E-005   1.0026618921974467E-002
   2859.8654971833316       0.54027168071776766       -1.7063592469634184E-005   1.0043682514444100E-002
   2864.8654971833316       0.54027168397728398       -1.7063592641211624E-005   1.0060746107085312E-002
   2869.8654971833316       0.54027168721538343       -1.7063592811661700E-005   1.0077809699896974E-002
   2874.8654971833316       0.54027169043221634       -1.7063592980992328E-005   1.0094873292877966E-002
   2879.8654971833316       0.54027169362792704       -1.7063593149211109E-005   1.0111936886027177E-002
   2884.8654971833316       0.54027169680268994       -1.7063593316327217E-005   1.0129000479343505E-002
   2889.8654971833316       0.54027169995667879       -1.7063593482349808E-005   1.0146064072825854E-002
   2894.8654971833316       0.54027170309003392       -1.7063593647286259E-005   1.0163127666473142E-002
   2899.8654971833316       0.54027170620295717       -1.7063593811147195E-005   1.0180191260284289E-002
   2904.8654971833316       0.54027170929555046       -1.7063593973937993E-005   1.0197254854258226E-002
   2909.8654971833316       0.54027171236799365       -1.7063594135668106E-005   1.0214318448393895E-002
   2914.8654971833316       0.54027171542043617       -1.7063594296345407E-005   1.0231382042690241E-002
   2919.8654971833316       0.54027171845303923       -1.7063594455978385E-005   1.0248445637146220E-002
   2924.8654971833316       0.54027172146594338       -1.7063594614574422E-005   1.0265509231760794E-002
   2929.8654971833316       0.54027172445930205       -1.7063594772141618E-005   1.0282572826532936E-002
   2934.8654971833316       0.54027172743326690       -1.7063594928687940E-005   1.0299636421461623E-002
   2939.8654971833316       0.54027173038798149       -1.7063595084220950E-005   1.0316700016545844E-002
   2944.8654971833316       0.54027173332359923       -1.7063595238748728E-005   1.0333763611784593E-002
   2949.8654971833316       0.54027173624025326       -1.7063595392278271E-005   1.0350827207176871E-002
   2954.8654971833316       0.54027173913808313       -1.7063595544816931E-005   1.0367890802721689E-002
   2959.8654971833316       0.54027174201724226       -1.7063595696372786E-005   1.0384954398418062E-002
   2964.8654971833316       0.54027174487784924       -1.7063595846952073E-005   1.0402017994265015E-002
   2969.8654971833316       0.54027174772008424       -1.7063595996564285E-005   1.0419081590261579E-002
   2974.8654971833316       0.54027175054406285       -1.7063596145215494E-005   1.0436145186406795E-002
   2979.8654971833316       0.54027175334992217       -1.7063596292912931E-005   1.0453208782699707E-002
   2984.8654971833316       0.54027175613779110       -1.7063596439663367E-005   1.0470272379139370E-002
   2989.8654971833316       0.54027175890780366       -1.7063596585473862E-005   1.0487335975724843E-002
   2994.8654971833316       0.54027176166010560       -1.7063596730352098E-005   1.0504399572455195E-002
   2999.8654971833316       0.54027176439482993       -1.7063596874305060E-005   1.0521463169329500E-002
   3004.8654971833316       0.54027176711211033       -1.7063597017339797E-005   1.0538526766346840E-002
   3009.8654971833316       0.54027176981207103       -1.7063597159462842E-005   1.0555590363506303E-002
   3014.8654971833316       0.54027177249483493       -1.7063597300680669E-005   1.0572653960806984E-002
   3019.8654971833316       0.54027177516053215       -1.7063597441000124E-005   1.0589717558247985E-002
   3024.8654971833316       0.54027177780929547       -1.7063597580428198E-005   1.0606781155828414E-002
   3029.8654971833316       0.54027178044123914       -1.7063597718970899E-005   1.0623844753547385E-002
   3034.8654971833316       0.54027178305649692       -1.7063597856635278E-005   1.0640908351404020E-002
   3039.8654971833316       0.54027178565519829       -1.7063597993428141E-005   1.0657971949397448E-002
   3044.8654971833316       0.54027178823745758       -1.7063598129355509E-005   1.0675035547526805E-002
   3049.8654971833316       0.54027179080339194       -1.7063598264423562E-005   1.0692099145791228E-002
   3054.8654971833316       0.54027179335312681       -1.7063598398638884E-005   1.0709162744189867E-002
   3059.8654971833316       0.54027179588679042       -1.7063598532008230E-005   1.0726226342721875E-002
   3064.8654971833316       0.54027179840449080       -1.7063598664537291E-005   1.0743289941386413E-002
   3069.8654971833316       0.54027180090634763       -1.7063598796232368E-005   1.0760353540182645E-002
   3074.8654971833316       0.54027180339247183       -1.7063598927099294E-005   1.0777417139109745E-002
   3079.8654971833316       0.54027180586298529       -1.7063599057144489E-005   1.0794480738166891E-002
   3084.8654971833316       0.54027180831799837       -1.7063599186373758E-005   1.0811544337353264E-002
   3089.8654971833316       0.54027181075762010       -1.7063599314792847E-005   1.0828607936668058E-002
   3094.8654971833316       0.54027181318198347       -1.7063599442408748E-005   1.0845671536110466E-002
   3099.8654971833316       0.54027181559117898       -1.7063599569226230E-005   1.0862735135679693E-002
   3104.8654971833316       0.54027181798532387       -1.7063599695251464E-005   1.0879798735374945E-002
   3109.8654971833316       0.54027182036452881       -1.7063599820490283E-005   1.0896862335195434E-002
   3114.8654971833316       0.54027182272889251       -1.7063599944947870E-005   1.0913925935140381E-002
   3119.8654971833316       0.54027182507855431       -1.7063600068631563E-005   1.0930989535209013E-002
   3124.8654971833316       0.54027182741358615       -1.7063600191545151E-005   1.0948053135400558E-002
   3129.8654971833316       0.54027182973411314       -1.7063600313695224E-005   1.0965116735714254E-002
   3134.8654971833316       0.54027183204022600       -1.7063600435086551E-005   1.0982180336149340E-002
   3139.8654971833316       0.54027183433203485       -1.7063600555724924E-005   1.0999243936705065E-002
   3144.8654971833316       0.54027183660965150       -1.7063600675616241E-005   1.1016307537380681E-002
   3149.8654971833316       0.54027183887316443       -1.7063600794765153E-005   1.1033371138175447E-002
   3154.8654971833316       0.54027184112269133       -1.7063600913177852E-005   1.1050434739088625E-002
   3159.8654971833316       0.54027184335831491       -1.7063601030858701E-005   1.1067498340119483E-002
   3164.8654971833316       0.54027184558014230       -1.7063601147813331E-005   1.1084561941267296E-002
   3169.8654971833316       0.54027184778830106       -1.7063601264048460E-005   1.1101625542531345E-002
   3174.8654971833316       0.54027184998284750       -1.7063601379567051E-005   1.1118689143910912E-002
   3179.8654971833316       0.54027185216390472       -1.7063601494375580E-005   1.1135752745405288E-002
   3184.8654971833316       0.54027185433155034       -1.7063601608478142E-005   1.1152816347013766E-002
   3189.8654971833316       0.54027185648588827       -1.7063601721880207E-005   1.1169879948735646E-002
   3194.8654971833316       0.54027185862701332       -1.7063601834586747E-005   1.1186943550570233E-002
   3199.8654971833316       0.54027186075502054       -1.7063601946602791E-005   1.1204007152516836E-002
   3204.8654971833316       0.54027186287000384       -1.7063602057933265E-005   1.1221070754574769E-002
   3209.8654971833316       0.54027186497206403       -1.7063602168583479E-005   1.1238134356743352E-002
   3214.8654971833316       0.54027186706127051       -1.7063602278557084E-005   1.1255197959021909E-002
   3219.8654971833316       0.54027186913773473       -1.7063602387859957E-005   1.1272261561409768E-002
   3224.8654971833316       0.54027187120154652       -1.7063602496496815E-005   1.1289325163906265E-002
   3229.8654971833316       0.54027187325278858       -1.7063602604472021E-005   1.1306388766510737E-002
   3234.8654971833316       0.54027187529155973       -1.7063602711790770E-005   1.1323452369222529E-002
   3239.8654971833316       0.54027187731793769       -1.7063602818457155E-005   1.1340515972040987E-002
   3244.8654971833316       0.54027187933201315       -1.7063602924475949E-005   1.1357579574965462E-002
   3249.8654971833316       0.54027188133387805       -1.7063603029851994E-005   1.1374643177995313E-002
   3254.8654971833316       0.54027188332360865       -1.7063603134589295E-005   1.1391706781129902E-002
   3259.8654971833316       0.54027188530129877       -1.7063603238692806E-005   1.1408770384368595E-002
   3264.8654971833316       0.54027188726702946       -1.7063603342166781E-005   1.1425833987710762E-002
   3269.8654971833316       0.54027188922086944       -1.7063603445014846E-005   1.1442897591155778E-002
   3274.8654971833316       0.54027189116291896       -1.7063603547242277E-005   1.1459961194703020E-002
   3279.8654971833316       0.54027189309326573       -1.7063603648853681E-005   1.1477024798351875E-002
   3284.8654971833316       0.54027189501198980       -1.7063603749853283E-005   1.1494088402101728E-002
   3289.8654971833316       0.54027189691917643       -1.7063603850245562E-005   1.1511152005951973E-002
   3294.8654971833316       0.54027189881489435       -1.7063603950034148E-005   1.1528215609902007E-002
   3299.8654971833316       0.54027190069920972       -1.7063604049222509E-005   1.1545279213951230E-002
   3304.8654971833316       0.54027190257223323       -1.7063604147816480E-005   1.1562342818099047E-002
   3309.8654971833316       0.54027190443403983       -1.7063604245820005E-005   1.1579406422344866E-002
   3314.8654971833316       0.54027190628467459       -1.7063604343235458E-005   1.1596470026688101E-002
   3319.8654971833316       0.54027190812424775       -1.7063604440068637E-005   1.1613533631128169E-002
   3324.8654971833316       0.54027190995283325       -1.7063604536323445E-005   1.1630597235664493E-002
   3329.8654971833316       0.54027191177049516       -1.7063604632003240E-005   1.1647660840296496E-002
   3334.8654971833316       0.54027191357731752       -1.7063604727112457E-005   1.1664724445023610E-002
   3339.8654971833316       0.54027191537336561       -1.7063604821654520E-005   1.1681788049845264E-002
   3344.8654971833316       0.54027191715873779       -1.7063604915634625E-005   1.1698851654760898E-002
   3349.8654971833316       0.54027191893347437       -1.7063605009054881E-005   1.1715915259769952E-002
   3354.8654971833316       0.54027192069767283       -1.7063605101920419E-005   1.1732978864871874E-002
   3359.8654971833316       0.54027192245139222       -1.7063605194234349E-005   1.1750042470066108E-002
   3364.8654971833316       0.54027192419470993       -1.7063605286000750E-005   1.1767106075352109E-002
   3369.8654971833316       0.54027192592771101       -1.7063605377224094E-005   1.1784169680729333E-002
   3374.8654971833316       0.54027192765045196       -1.7063605467907350E-005   1.1801233286197241E-002
   3379.8654971833316       0.54027192936299662       -1.7063605558053889E-005   1.1818296891755295E-002
   3384.8654971833316       0.54027193106543003       -1.7063605647668186E-005   1.1835360497402964E-002
   3389.8654971833316       0.54027193275780028       -1.7063605736752762E-005   1.1852424103139718E-002
   3394.8654971833316       0.54027193444019939       -1.7063605825312472E-005   1.1869487708965031E-002
   3399.8654971833316       0.54027193611269997       -1.7063605913351132E-005   1.1886551314878382E-002
   3404.8654971833316       0.54027193777533866       -1.7063606000870672E-005   1.1903614920879253E-002
   3409.8654971833316       0.54027193942820761       -1.7063606087875945E-005   1.1920678526967128E-002
   3414.8654971833316       0.54027194107135823       -1.7063606174369657E-005   1.1937742133141497E-002
   3419.8654971833316       0.54027194270486678       -1.7063606260355821E-005   1.1954805739401853E-002
   3424.8654971833316       0.54027194432881553       -1.7063606345838762E-005   1.1971869345747692E-002
   3429.8654971833316       0.54027194594324113       -1.7063606430820422E-005   1.1988932952178512E-002
   3434.8654971833316       0.54027194754822172       -1.7063606515304901E-005   1.2005996558693817E-002
   3439.8654971833316       0.54027194914382082       -1.7063606599295556E-005   1.2023060165293113E-002
   3444.8654971833316       0.54027195073008405       -1.7063606682794777E-005   1.2040123771975908E-002
   3449.8654971833316       0.54027195230709890       -1.7063606765807167E-005   1.2057187378741716E-002
   3454.8654971833316       0.54027195387492166       -1.7063606848335701E-005   1.2074250985590050E-002
   3459.8654971833316       0.54027195543360751       -1.7063606930383276E-005   1.2091314592520434E-002
   3464.8654971833316       0.54027195698320929       -1.7063607011952678E-005   1.2108378199532387E-002
   3469.8654971833316       0.54027195852381427       -1.7063607093048497E-005   1.2125441806625436E-002
   3474.8654971833316       0.54027196005546063       -1.7063607173672745E-005   1.2142505413799107E-002
   3479.8654971833316       0.54027196157823587       -1.7063607253830027E-005   1.2159569021052937E-002
   3484.8654971833316       0.54027196309217973       -1.7063607333522428E-005   1.2176632628386461E-002
   3489.8654971833316       0.54027196459734084       -1.7063607412752521E-005   1.2193696235799214E-002
   3494.8654971833316       0.54027196609379446       -1.7063607491524261E-005   1.2210759843290737E-002
   3499.8654971833316       0.54027196758160145       -1.7063607569840849E-005   1.2227823450860579E-002
   3504.8654971833316       0.54027196906079611       -1.7063607647704099E-005   1.2244887058508283E-002
   3509.8654971833316       0.54027197053145104       -1.7063607725117818E-005   1.2261950666233401E-002
   3514.8654971833316       0.54027197199363064       -1.7063607802085411E-005   1.2279014274035487E-002
   3519.8654971833316       0.54027197344738653       -1.7063607878609583E-005   1.2296077881914096E-002
   3524.8654971833316       0.54027197489278356       -1.7063607954693755E-005   1.2313141489868789E-002
   3529.8654971833316       0.54027197632985946       -1.7063608030339913E-005   1.2330205097899128E-002
   3534.8654971833316       0.54027197775867997       -1.7063608105551519E-005   1.2347268706004680E-002
   3539.8654971833316       0.54027197917930292       -1.7063608180331613E-005   1.2364332314185012E-002
   3544.8654971833316       0.54027198059176462       -1.7063608254682108E-005   1.2381395922439694E-002
   3549.8654971833316       0.54027198199614535       -1.7063608328607227E-005   1.2398459530768301E-002
   3554.8654971833316       0.54027198339248939       -1.7063608402109307E-005   1.2415523139170411E-002
   3559.8654971833316       0.54027198478084137       -1.7063608475190687E-005   1.2432586747645601E-002
   3564.8654971833316       0.54027198616126015       -1.7063608547854475E-005   1.2449650356193455E-002
   3569.8654971833316       0.54027198753379024       -1.7063608620103011E-005   1.2466713964813558E-002
   3574.8654971833316       0.54027198889849337       -1.7063608691939547E-005   1.2483777573505498E-002
   3579.8654971833316       0.54027199025541905       -1.7063608763366684E-005   1.2500841182268865E-002
   3584.8654971833316       0.54027199160462436       -1.7063608834387432E-005   1.2517904791103252E-002
   3589.8654971833316       0.54027199294615114       -1.7063608905003983E-005   1.2534968400008256E-002
   3594.8654971833316       0.54027199428003836       -1.7063608975218399E-005   1.2552032008983475E-002
   3599.8654971833316       0.54027199560636607       -1.7063609045034894E-005   1.2569095618028509E-002
   3604.8654971833316       0.54027199692515171       -1.7063609114454383E-005   1.2586159227142964E-002
   3609.8654971833316       0.54027199823647953       -1.7063609183481294E-005   1.2603222836326445E-002
   3614.8654971833316       0.54027199954038385       -1.7063609252117444E-005   1.2620286445578562E-002
   3619.8654971833316       0.54027200083690130       -1.7063609320364759E-005   1.2637350054898926E-002
   3624.8654971833316       0.54027200212608728       -1.7063609388226152E-005   1.2654413664287153E-002
   3629.8654971833316       0.54027200340799386       -1.7063609455704361E-005   1.2671477273742857E-002
   3634.8654971833316       0.54027200468266068       -1.7063609522801480E-005   1.2688540883265658E-002
   3639.8654971833316       0.54027200595013714       -1.7063609589520107E-005   1.2705604492855179E-002
   3644.8654971833316       0.54027200721047197       -1.7063609655862803E-005   1.2722668102511043E-002
   3649.8654971833316       0.54027200846371715       -1.7063609721832311E-005   1.2739731712232874E-002
   3654.8654971833316       0.54027200970991918       -1.7063609787431072E-005   1.2756795322020306E-002
   3659.8654971833316       0.54027201094911448       -1.7063609852661009E-005   1.2773858931872967E-002
   3664.8654971833316       0.54027201218134324       -1.7063609917524234E-005   1.2790922541790491E-002
   3669.8654971833316       0.54027201340666620       -1.7063609982023946E-005   1.2807986151772515E-002
   3674.8654971833316       0.54027201462511609       -1.7063610046161860E-005   1.2825049761818677E-002
   3679.8654971833316       0.54027201583674256       -1.7063610109940602E-005   1.2842113371928619E-002
   3684.8654971833316       0.54027201704159189       -1.7063610173362607E-005   1.2859176982101981E-002
   3689.8654971833316       0.54027201823970417       -1.7063610236429973E-005   1.2876240592338412E-002
   3694.8654971833316       0.54027201943113456       -1.7063610299145617E-005   1.2893304202637557E-002
   3699.8654971833316       0.54027202061590340       -1.7063610361510604E-005   1.2910367812999068E-002
   3704.8654971833316       0.54027202179407119       -1.7063610423528110E-005   1.2927431423422597E-002
   3709.8654971833316       0.54027202296567922       -1.7063610485200328E-005   1.2944495033907797E-002
   3714.8654971833316       0.54027202413077458       -1.7063610546529721E-005   1.2961558644454326E-002
   3719.8654971833316       0.54027202528937512       -1.7063610607517235E-005   1.2978622255061844E-002
   3724.8654971833316       0.54027202644155325       -1.7063610668166678E-005   1.2995685865730010E-002
   3729.8654971833316       0.54027202758731940       -1.7063610728478605E-005   1.3012749476458490E-002
   3734.8654971833316       0.54027202872673485       -1.7063610788456239E-005   1.3029813087246945E-002
   3739.8654971833316       0.54027202985983247       -1.7063610848101297E-005   1.3046876698095046E-002
   3744.8654971833316       0.54027203098665710       -1.7063610907416162E-005   1.3063940309002462E-002
   3749.8654971833316       0.54027203210724906       -1.7063610966402947E-005   1.3081003919968866E-002
   3754.8654971833316       0.54027203322164286       -1.7063611025063465E-005   1.3098067530993929E-002
   3759.8654971833316       0.54027203432988669       -1.7063611083400254E-005   1.3115131142077329E-002
   3764.8654971833316       0.54027203543199875       -1.7063611141414275E-005   1.3132194753218744E-002
   3769.8654971833316       0.54027203652804878       -1.7063611199109196E-005   1.3149258364417854E-002
   3774.8654971833316       0.54027203761805509       -1.7063611256485985E-005   1.3166321975674340E-002
   3779.8654971833316       0.54027203870205964       -1.7063611313546840E-005   1.3183385586987886E-002
   3784.8654971833316       0.54027203978011162       -1.7063611370294368E-005   1.3200449198358180E-002
   3789.8654971833316       0.54027204085222458       -1.7063611426729263E-005   1.3217512809784910E-002
   3794.8654971833316       0.54027204191845823       -1.7063611482854683E-005   1.3234576421267765E-002
   3799.8654971833316       0.54027204297883347       -1.7063611538671721E-005   1.3251640032806437E-002
   3804.8654971833316       0.54027204403341011       -1.7063611594183527E-005   1.3268703644400619E-002
