 #              _____________________  _______________________             #
 #              ___  __ \__  __ \_  / / /_  /___  ____/_  ___/             #
 #              __  / / /_  /_/ /  / / /_  __/_  __/  _____ \              #
 #              _  /_/ /_  _, _// /_/ / / /_ _  /___  ____/ /              #
 #              /_____/ /_/ |_| \____/  \__/ /_____/  /____/               #
 #                                                                         #
  
 #        time                      [L]                   runoff elevation [m a.m.s.l]       runoff flux [L3.T-1.L-2]   in    x              directions   cumulative flux
 #-----------------------------------------------------------------------------------------------

   0.0000000000000000        0.0000000000000000       -0.0000000000000000        0.0000000000000000     
   1.0000000000000000E-004   0.0000000000000000       -0.0000000000000000        0.0000000000000000     
   2.0600000000000002E-004   0.0000000000000000       -0.0000000000000000        0.0000000000000000     
   3.1836000000000006E-004   0.0000000000000000       -0.0000000000000000        0.0000000000000000     
   4.3746160000000009E-004   0.0000000000000000       -0.0000000000000000        0.0000000000000000     
   5.6370929600000014E-004   0.0000000000000000       -0.0000000000000000        0.0000000000000000     
   6.9753185376000013E-004   0.0000000000000000       -0.0000000000000000        0.0000000000000000     
   8.3938376498560023E-004   0.0000000000000000       -0.0000000000000000        0.0000000000000000     
   9.8974679088473629E-004   0.0000000000000000       -0.0000000000000000        0.0000000000000000     
   1.1491315983378205E-003   0.0000000000000000       -0.0000000000000000        0.0000000000000000     
   1.3180794942380899E-003   0.0000000000000000       -0.0000000000000000        0.0000000000000000     
   1.4971642638923754E-003   0.0000000000000000       -0.0000000000000000        0.0000000000000000     
   1.6869941197259180E-003   0.0000000000000000       -0.0000000000000000        0.0000000000000000     
   1.8882137669094731E-003   0.0000000000000000       -0.0000000000000000        0.0000000000000000     
   2.1015065929240414E-003   0.0000000000000000       -0.0000000000000000        0.0000000000000000     
   2.3275969884994840E-003   0.0000000000000000       -0.0000000000000000        0.0000000000000000     
   2.5672528078094533E-003   0.0000000000000000       -0.0000000000000000        0.0000000000000000     
   2.8212879762780207E-003   0.0000000000000000       -0.0000000000000000        0.0000000000000000     
   3.0905652548547020E-003   0.0000000000000000       -0.0000000000000000        0.0000000000000000     
   3.3759991701459843E-003   0.0000000000000000       -0.0000000000000000        0.0000000000000000     
   3.6785591203547436E-003   0.0000000000000000       -0.0000000000000000        0.0000000000000000     
   3.9992726675760282E-003   0.0000000000000000       -0.0000000000000000        0.0000000000000000     
   4.3392290276305897E-003   0.0000000000000000       -0.0000000000000000        0.0000000000000000     
   4.6995827692884254E-003   0.0000000000000000       -0.0000000000000000        0.0000000000000000     
   5.0815577354457308E-003   0.0000000000000000       -0.0000000000000000        0.0000000000000000     
   5.4864511995724747E-003   0.0000000000000000       -0.0000000000000000        0.0000000000000000     
   5.9156382715468232E-003   0.0000000000000000       -0.0000000000000000        0.0000000000000000     
   6.3705765678396331E-003   0.0000000000000000       -0.0000000000000000        0.0000000000000000     
   6.8528111619100118E-003   0.0000000000000000       -0.0000000000000000        0.0000000000000000     
   7.3639798316246126E-003   0.0000000000000000       -0.0000000000000000        0.0000000000000000     
   7.9058186215220892E-003   0.0000000000000000       -0.0000000000000000        0.0000000000000000     
   8.4801677388134152E-003   0.0000000000000000       -0.0000000000000000        0.0000000000000000     
   9.0889778031422210E-003   0.0000000000000000       -0.0000000000000000        0.0000000000000000     
   9.7343164713307555E-003   0.0000000000000000       -0.0000000000000000        0.0000000000000000     
   1.0418375459610602E-002   0.0000000000000000       -0.0000000000000000        0.0000000000000000     
   1.1143477987187239E-002   0.0000000000000000       -0.0000000000000000        0.0000000000000000     
   1.1912086666418473E-002   0.0000000000000000       -0.0000000000000000        0.0000000000000000     
   1.2726811866403582E-002   0.0000000000000000       -0.0000000000000000        0.0000000000000000     
   1.3590420578387798E-002   0.0000000000000000       -0.0000000000000000        0.0000000000000000     
   1.4505845813091067E-002   0.0000000000000000       -0.0000000000000000        0.0000000000000000     
   1.5476196561876531E-002   0.0000000000000000       -0.0000000000000000        0.0000000000000000     
   1.6504768355589124E-002   0.0000000000000000       -0.0000000000000000        0.0000000000000000     
   1.7595054456924473E-002   0.0000000000000000       -0.0000000000000000        0.0000000000000000     
   1.8750757724339942E-002   0.0000000000000000       -0.0000000000000000        0.0000000000000000     
   1.9975803187800338E-002   0.0000000000000000       -0.0000000000000000        0.0000000000000000     
   2.1274351379068360E-002   0.0000000000000000       -0.0000000000000000        0.0000000000000000     
   2.2650812461812463E-002   0.0000000000000000       -0.0000000000000000        0.0000000000000000     
   2.4109861209521213E-002   0.0000000000000000       -0.0000000000000000        0.0000000000000000     
   2.5656452882092486E-002   0.0000000000000000       -0.0000000000000000        0.0000000000000000     
   2.7295840055018037E-002   0.0000000000000000       -0.0000000000000000        0.0000000000000000     
   2.9033590458319120E-002   0.0000000000000000       -0.0000000000000000        0.0000000000000000     
   3.0875605885818270E-002   0.0000000000000000       -0.0000000000000000        0.0000000000000000     
   3.2828142238967364E-002   0.0000000000000000       -0.0000000000000000        0.0000000000000000     
   3.4897830773305411E-002   0.0000000000000000       -0.0000000000000000        0.0000000000000000     
   3.7091700619703738E-002   0.0000000000000000       -0.0000000000000000        0.0000000000000000     
   3.9417202656885961E-002   0.0000000000000000       -0.0000000000000000        0.0000000000000000     
   4.1882234816299123E-002   0.0000000000000000       -0.0000000000000000        0.0000000000000000     
   4.4495168905277070E-002   0.0000000000000000       -0.0000000000000000        0.0000000000000000     
   4.7264879039593699E-002   0.0000000000000000       -0.0000000000000000        0.0000000000000000     
   5.0200771781969321E-002   0.0000000000000000       -0.0000000000000000        0.0000000000000000     
   5.3312818088887486E-002   0.0000000000000000       -0.0000000000000000        0.0000000000000000     
   5.6611587174220740E-002   0.0000000000000000       -0.0000000000000000        0.0000000000000000     
   6.0108282404673988E-002   0.0000000000000000       -0.0000000000000000        0.0000000000000000     
   6.3814779348954437E-002   0.0000000000000000       -0.0000000000000000        0.0000000000000000     
   6.7743666109891701E-002   0.0000000000000000       -0.0000000000000000        0.0000000000000000     
   7.1908286076485209E-002   0.0000000000000000       -0.0000000000000000        0.0000000000000000     
   7.6322783241074332E-002   0.0000000000000000       -0.0000000000000000        0.0000000000000000     
   8.1002150235538792E-002   0.0000000000000000       -0.0000000000000000        0.0000000000000000     
   8.5962279249671120E-002   0.0000000000000000       -0.0000000000000000        0.0000000000000000     
   9.1220016004651391E-002   0.0000000000000000       -0.0000000000000000        0.0000000000000000     
   9.6793216964930484E-002   0.0000000000000000       -0.0000000000000000        0.0000000000000000     
  0.10270080998282632        0.0000000000000000       -0.0000000000000000        0.0000000000000000     
  0.10896285858179591        0.0000000000000000       -0.0000000000000000        0.0000000000000000     
  0.11560063009670367        0.0000000000000000       -0.0000000000000000        0.0000000000000000     
  0.12263666790250589        0.0000000000000000       -0.0000000000000000        0.0000000000000000     
  0.13009486797665626        0.0000000000000000       -0.0000000000000000        0.0000000000000000     
  0.13800056005525563        0.0000000000000000       -0.0000000000000000        0.0000000000000000     
  0.14638059365857098        0.0000000000000000       -0.0000000000000000        0.0000000000000000     
  0.15526342927808526        0.0000000000000000       -0.0000000000000000        0.0000000000000000     
  0.16467923503477039        0.0000000000000000       -0.0000000000000000        0.0000000000000000     
  0.17465998913685662        0.0000000000000000       -0.0000000000000000        0.0000000000000000     
  0.18523958848506802        0.0000000000000000       -0.0000000000000000        0.0000000000000000     
  0.19645396379417213        0.0000000000000000       -0.0000000000000000        0.0000000000000000     
  0.20834120162182246        0.0000000000000000       -0.0000000000000000        0.0000000000000000     
  0.22094167371913181        0.0000000000000000       -0.0000000000000000        0.0000000000000000     
  0.23429817414227974        0.0000000000000000       -0.0000000000000000        0.0000000000000000     
  0.24845606459081654        0.0000000000000000       -0.0000000000000000        0.0000000000000000     
  0.26346342846626553        0.0000000000000000       -0.0000000000000000        0.0000000000000000     
  0.27937123417424148        0.0000000000000000       -0.0000000000000000        0.0000000000000000     
  0.29623350822469596        0.0000000000000000       -0.0000000000000000        0.0000000000000000     
  0.31410751871817771        0.0000000000000000       -0.0000000000000000        0.0000000000000000     
  0.33305396984126839        0.0000000000000000       -0.0000000000000000        0.0000000000000000     
  0.35313720803174453        0.0000000000000000       -0.0000000000000000        0.0000000000000000     
  0.37442544051364923        0.0000000000000000       -0.0000000000000000        0.0000000000000000     
  0.39699096694446823        0.0000000000000000       -0.0000000000000000        0.0000000000000000     
  0.42091042496113634        0.0000000000000000       -0.0000000000000000        0.0000000000000000     
  0.44626505045880455        0.0000000000000000       -0.0000000000000000        0.0000000000000000     
  0.47314095348633284        0.0000000000000000       -0.0000000000000000        0.0000000000000000     
  0.50162941069551281        0.0000000000000000       -0.0000000000000000        0.0000000000000000     
  0.53182717533724366        0.0000000000000000       -0.0000000000000000        0.0000000000000000     
  0.56383680585747831        0.0000000000000000       -0.0000000000000000        0.0000000000000000     
  0.59776701420892708        0.0000000000000000       -0.0000000000000000        0.0000000000000000     
  0.63373303506146272        0.0000000000000000       -0.0000000000000000        0.0000000000000000     
  0.67185701716515056        0.0000000000000000       -0.0000000000000000        0.0000000000000000     
  0.71226843819505958        0.0000000000000000       -0.0000000000000000        0.0000000000000000     
  0.75510454448676323        0.0000000000000000       -0.0000000000000000        0.0000000000000000     
  0.80051081715596906        0.0000000000000000       -0.0000000000000000        0.0000000000000000     
  0.84864146618532721        0.0000000000000000       -0.0000000000000000        0.0000000000000000     
  0.89965995415644684        0.0000000000000000       -0.0000000000000000        0.0000000000000000     
  0.95373955140583366        0.0000000000000000       -0.0000000000000000        0.0000000000000000     
   1.0110639244901838        0.0000000000000000       -0.0000000000000000        0.0000000000000000     
   1.0718277599595949        0.0000000000000000       -0.0000000000000000        0.0000000000000000     
   1.1362374255571706        0.0000000000000000       -0.0000000000000000        0.0000000000000000     
   1.2045116710906008        0.0000000000000000       -0.0000000000000000        0.0000000000000000     
   1.2768823713560369        0.0000000000000000       -0.0000000000000000        0.0000000000000000     
   1.3535953136373993        0.0000000000000000       -0.0000000000000000        0.0000000000000000     
   1.4349110324556433        0.0000000000000000       -0.0000000000000000        0.0000000000000000     
   1.5211056944029819        0.0000000000000000       -0.0000000000000000        0.0000000000000000     
   1.6124720360671609        0.0000000000000000       -0.0000000000000000        0.0000000000000000     
   1.7093203582311907        0.0000000000000000       -0.0000000000000000        0.0000000000000000     
   1.8119795797250622        0.0000000000000000       -0.0000000000000000        0.0000000000000000     
   1.9207983545085661        0.0000000000000000       -0.0000000000000000        0.0000000000000000     
   2.0361462557790801        0.0000000000000000       -0.0000000000000000        0.0000000000000000     
   2.1584150311258252        0.0000000000000000       -0.0000000000000000        0.0000000000000000     
   2.2880199329933748        0.0000000000000000       -0.0000000000000000        0.0000000000000000     
   2.4254011289729775        0.0000000000000000       -0.0000000000000000        0.0000000000000000     
   2.5710251967113562        0.0000000000000000       -0.0000000000000000        0.0000000000000000     
   2.7253867085140375        0.0000000000000000       -0.0000000000000000        0.0000000000000000     
   2.8890099110248801        0.0000000000000000       -0.0000000000000000        0.0000000000000000     
   3.0624505056863729        0.0000000000000000       -0.0000000000000000        0.0000000000000000     
   3.2462975360275554        0.0000000000000000       -0.0000000000000000        0.0000000000000000     
   3.4411753881892091        0.0000000000000000       -0.0000000000000000        0.0000000000000000     
   3.6477459114805617        0.0000000000000000       -0.0000000000000000        0.0000000000000000     
   3.8667106661693955        0.0000000000000000       -0.0000000000000000        0.0000000000000000     
   4.0988133061395597        0.0000000000000000       -0.0000000000000000        0.0000000000000000     
   4.3448421045079337        0.0000000000000000       -0.0000000000000000        0.0000000000000000     
   4.6056326307784099        0.0000000000000000       -0.0000000000000000        0.0000000000000000     
   4.8820705886251146        0.0000000000000000       -0.0000000000000000        0.0000000000000000     
   5.1750948239426213        0.0000000000000000       -0.0000000000000000        0.0000000000000000     
   5.4857005133791787        0.0000000000000000       -0.0000000000000000        0.0000000000000000     
   5.8149425441819300        0.0000000000000000       -0.0000000000000000        0.0000000000000000     
   6.1639390968328458        0.0000000000000000       -0.0000000000000000        0.0000000000000000     
   6.5338754426428167        0.0000000000000000       -0.0000000000000000        0.0000000000000000     
   6.9260079692013861        0.0000000000000000       -0.0000000000000000        0.0000000000000000     
   7.3416684473534692        0.0000000000000000       -0.0000000000000000        0.0000000000000000     
   7.7822685541946779        0.0000000000000000       -0.0000000000000000        0.0000000000000000     
   8.2493046674463599        0.0000000000000000       -0.0000000000000000        0.0000000000000000     
   8.7443629474931424        0.0000000000000000       -0.0000000000000000        0.0000000000000000     
   9.2691247243427313        0.0000000000000000       -0.0000000000000000        0.0000000000000000     
   9.8253722078032961        0.0000000000000000       -0.0000000000000000        0.0000000000000000     
   10.414994540271495        0.0000000000000000       -0.0000000000000000        0.0000000000000000     
   11.039994212687786        0.0000000000000000       -0.0000000000000000        0.0000000000000000     
   11.702493865449053        0.0000000000000000       -0.0000000000000000        0.0000000000000000     
   12.404743497375996        0.0000000000000000       -0.0000000000000000        0.0000000000000000     
   13.149128107218557        0.0000000000000000       -0.0000000000000000        0.0000000000000000     
   13.938175793651672        0.0000000000000000       -0.0000000000000000        0.0000000000000000     
   14.774566341270774        0.0000000000000000       -0.0000000000000000        0.0000000000000000     
   15.661140321747020        0.0000000000000000       -0.0000000000000000        0.0000000000000000     
   16.600908741051843        0.0000000000000000       -0.0000000000000000        0.0000000000000000     
   17.597063265514954        0.0000000000000000       -0.0000000000000000        0.0000000000000000     
   18.652987061445852        0.0000000000000000       -0.0000000000000000        0.0000000000000000     
   19.772266285132606        0.0000000000000000       -0.0000000000000000        0.0000000000000000     
   20.958702262240564        0.0000000000000000       -0.0000000000000000        0.0000000000000000     
   22.216324397974997        0.0000000000000000       -0.0000000000000000        0.0000000000000000     
   23.549403861853499        0.0000000000000000       -0.0000000000000000        0.0000000000000000     
   24.962468093564709        0.0000000000000000       -0.0000000000000000        0.0000000000000000     
   26.460316179178594        0.0000000000000000       -0.0000000000000000        0.0000000000000000     
   28.048035149929312        0.0000000000000000       -0.0000000000000000        0.0000000000000000     
   29.731017258925071        0.0000000000000000       -0.0000000000000000        0.0000000000000000     
   31.514978294460576        0.0000000000000000       -0.0000000000000000        0.0000000000000000     
   33.405976992128210        0.0000000000000000       -0.0000000000000000        0.0000000000000000     
   35.410435611655906        0.0000000000000000       -0.0000000000000000        0.0000000000000000     
   37.535161748355264        0.0000000000000000       -0.0000000000000000        0.0000000000000000     
   39.787371453256583        0.0000000000000000       -0.0000000000000000        0.0000000000000000     
   42.174713740451978        0.0000000000000000       -0.0000000000000000        0.0000000000000000     
   44.705296564879099        0.0000000000000000       -0.0000000000000000        0.0000000000000000     
   47.387714358771845        0.0000000000000000       -0.0000000000000000        0.0000000000000000     
   50.231077220298161        0.0000000000000000       -0.0000000000000000        0.0000000000000000     
   53.245041853516049        0.0000000000000000       -0.0000000000000000        0.0000000000000000     
   56.439844364727016        0.0000000000000000       -0.0000000000000000        0.0000000000000000     
   59.826335026610636        0.0000000000000000       -0.0000000000000000        0.0000000000000000     
   63.416015128207277        0.0000000000000000       -0.0000000000000000        0.0000000000000000     
   67.221076035899713        0.0000000000000000       -0.0000000000000000        0.0000000000000000     
   71.254440598053705        0.0000000000000000       -0.0000000000000000        0.0000000000000000     
   75.529807033936933        0.0000000000000000       -0.0000000000000000        0.0000000000000000     
   80.061695455973151        0.0000000000000000       -0.0000000000000000        0.0000000000000000     
   84.865497183331541        0.0000000000000000       -0.0000000000000000        0.0000000000000000     
   89.865497183331541        0.0000000000000000       -0.0000000000000000        0.0000000000000000     
   94.865497183331541        0.0000000000000000       -0.0000000000000000        0.0000000000000000     
   99.865497183331541        0.0000000000000000       -0.0000000000000000        0.0000000000000000     
   104.86549718333154        0.0000000000000000       -0.0000000000000000        0.0000000000000000     
   109.86549718333154        0.0000000000000000       -0.0000000000000000        0.0000000000000000     
   114.86549718333154        0.0000000000000000       -0.0000000000000000        0.0000000000000000     
   119.86549718333154        0.0000000000000000       -0.0000000000000000        0.0000000000000000     
   124.86549718333154        0.0000000000000000       -0.0000000000000000        0.0000000000000000     
   129.86549718333154        0.0000000000000000       -0.0000000000000000        0.0000000000000000     
   134.86549718333154        0.0000000000000000       -0.0000000000000000        0.0000000000000000     
   139.86549718333154        0.0000000000000000       -0.0000000000000000        0.0000000000000000     
   144.86549718333154        0.0000000000000000       -0.0000000000000000        0.0000000000000000     
   149.86549718333154        0.0000000000000000       -0.0000000000000000        0.0000000000000000     
   154.86549718333154        3.1449529943453395E-003  -1.5256425741332699E-009   1.5256425741332699E-009
   159.86549718333154        9.3672403915652357E-003  -9.4069458585362901E-009   1.0932588432669560E-008
   164.86549718333154        1.8510115429999304E-002  -2.9271461935700776E-008   4.0204050368370337E-008
   169.86549718333154        3.0429085709578224E-002  -6.7026113992118581E-008   1.0723016436048891E-007
   174.86549718333154        4.4990627809498064E-002  -1.2861727107868113E-007   2.3584743543917004E-007
   179.86549718333154        6.2071069504082969E-002  -2.1990979944089431E-007   4.5575723488006434E-007
   184.86549718333154        8.1555613637780411E-002  -3.4661894916430477E-007   8.0237618404436911E-007
   189.86549718333154       0.10333747844585001       -5.1427131596020027E-007   1.3166475000045695E-006
   194.86549718333154       0.12731699579864089       -7.2818183159864437E-007   2.0448293316032138E-006
   199.86549718333154       0.15339862149621636       -9.9341709640710104E-007   3.0382464280103146E-006
   204.86549718333154       0.18147229417960264       -1.3145579956080027E-006   4.3528044236183168E-006
   209.86549718333154       0.21133649075253313       -1.6945459680360071E-006   6.0473503916543237E-006
   214.86549718333154       0.24251831049578754       -2.1314251784022760E-006   8.1787755700565992E-006
   219.86549718333154       0.27407204669873952       -2.6133872823570931E-006   1.0792162852413693E-005
   224.86549718333154       0.30461318040435276       -3.1165709630883618E-006   1.3908733815502054E-005
   229.86549718333154       0.33272995616384515       -3.6106249011267820E-006   1.7519358716628836E-005
   234.86549718333154       0.35750635999390362       -4.0697602166352214E-006   2.1589118933264058E-005
   239.86549718333154       0.37874746457644237       -4.4806954419707752E-006   2.6069814375234834E-005
   244.86549718333154       0.39682115900332626       -4.8426963340594607E-006   3.0912510709294297E-005
   249.86549718333154       0.41234288291964044       -5.1624997067486540E-006   3.6075010416042950E-005
   254.86549718333154       0.42592596730213361       -5.4490325096883260E-006   4.1524042925731279E-005
   259.86549718333151       0.43806476891128326       -5.7103107945637684E-006   4.7234353720295047E-005
   264.86549718333151       0.44911536163390059       -5.9524037966726252E-006   5.3186757516967673E-005
   269.86549718333151       0.45932024604438615       -6.1795262723447859E-006   5.9366283789312458E-005
   274.86549718333151       0.46884210458512604       -6.3945042394880284E-006   6.5760788028800492E-005
   279.86549718333151       0.47779187812780682       -6.5992382325284546E-006   7.2360026261328946E-005
   284.86549718333151       0.48624812297917708       -6.7950464749024246E-006   7.9155072736231369E-005
   289.86549718333151       0.49426914301978436       -6.9828872952596858E-006   8.6137960031491050E-005
   294.86549718333151       0.50190025049476361       -7.1634937952989193E-006   9.3301453826789970E-005
   299.86549718333151       0.50917806114738706       -7.3374531292279969E-006   1.0063890695601797E-004
   304.86549718333151       0.51613307354673388       -7.5052532381761523E-006   1.0814416019419412E-004
   309.86549718333151       0.52279127226057731       -7.6673110591345824E-006   1.1581147125332870E-004
   314.86549718333151       0.52917517069341136       -7.8239902264694094E-006   1.2363546147979812E-004
   319.86549718333151       0.53530452316922994       -7.9756127096715215E-006   1.3161107418946963E-004
   324.86549718333151       0.54119683380378303       -8.1224668383515398E-006   1.3973354102782116E-004
   329.86549718333151       0.54686773473679595       -8.2648130859835035E-006   1.4799835411380467E-004
   334.86549718333151       0.55233127650225078       -8.4028884012426760E-006   1.5640124251504735E-004
   339.86549718333151       0.55760015681538555       -8.5369095570248454E-006   1.6493815207207219E-004
   344.86549718333151       0.56268590462083268       -8.6670758084520538E-006   1.7360522788052425E-004
   349.86549718333151       0.56759903064654416       -8.7935710476752975E-006   1.8239879892819954E-004
   354.86549718333151       0.57234915225096272       -8.9165655812255647E-006   1.9131536450942509E-004
   359.86549718333151       0.57694509813296146       -9.0362176170891162E-006   2.0035158212651421E-004
   364.86549718333151       0.58139499699885677       -9.1526745238389375E-006   2.0950425665035316E-004
   369.86549718333151       0.58570635326684728       -9.2660739076032099E-006   2.1877033055795635E-004
   374.86549718333151       0.58988611217221254       -9.3765445412871141E-006   2.2814687509924346E-004
   379.86549718333151       0.59394071611635668       -9.4842071724320816E-006   2.3763108227167553E-004
   384.86549718333151       0.59787615371746450       -9.5891752302885051E-006   2.4722025750196401E-004
   389.86549718333151       0.60169800272967600       -9.6915554483822531E-006   2.5691181295034628E-004
   394.86549718333151       0.60541146777463639       -9.7914484156195351E-006   2.6670326136596579E-004
   399.86549718333151       0.60902141365602724       -9.8889490665006128E-006   2.7659221043246641E-004
   404.86549718333151       0.61253239489130951       -9.9841471190900610E-006   2.8657635755155648E-004
   409.86549718333151       0.61594868198677177       -1.0077127467886573E-005   2.9665348501944303E-004
   414.86549718333151       0.61927428489494596       -1.0167970537532644E-005   3.0682145555697570E-004
   419.86549718333151       0.62251297402330563       -1.0256752602346137E-005   3.1707820815932185E-004
   424.86549718333151       0.62566829910596189       -1.0343546075879496E-005   3.2742175423520136E-004
   429.86549718333151       0.62874360620298453       -1.0428419774075108E-005   3.3785017400927650E-004
   434.86549718333151       0.63174205305328635       -1.0511439155066898E-005   3.4836161316434340E-004
   439.86549718333151       0.63466662297476573       -1.0592666538246681E-005   3.5895427970259006E-004
   444.86549718333151       0.63752013747844050       -1.0672161304853344E-005   3.6962644100744341E-004
   449.86549718333151       0.64030526774079266       -1.0749980082044584E-005   3.8037642108948802E-004
   454.86549718333151       0.64302454505942475       -1.0826176912156190E-005   3.9120259800164419E-004
   459.86549718333151       0.64568037040093740       -1.0900803408638107E-005   4.0210340141028230E-004
   464.86549718333151       0.64827502313628438       -1.0973908899976991E-005   4.1307731031025929E-004
   469.86549718333151       0.65081066904703566       -1.1045540562756512E-005   4.2412285087301579E-004
   474.86549718333151       0.65328936767588375       -1.1115743544872302E-005   4.3523859441788808E-004
   479.86549718333151       0.65571307908614995       -1.1184561079805665E-005   4.4642315549769376E-004
   484.86549718333151       0.65808367008741797       -1.1252034592756258E-005   4.5767519009045000E-004
   489.86549718333151       0.66040291997804024       -1.1318203799350343E-005   4.6899339388980035E-004
   494.86549718333151       0.66267252584955583       -1.1383106797563622E-005   4.8037650068736399E-004
   499.86549718333151       0.66489410749310907       -1.1446780153430807E-005   4.9182328084079480E-004
   504.86549718333151       0.66706921194374158       -1.1509258981058139E-005   5.0333253982185291E-004
   509.86549718333151       0.66919931769457874       -1.1570577017401949E-005   5.1490311683925489E-004
   514.86549718333151       0.67128583860960078       -1.1630766692230472E-005   5.2653388353148531E-004
   519.86549718333151       0.67333012756084221       -1.1689859193648497E-005   5.3822374272513378E-004
   524.86549718333151       0.67533347981327507       -1.1747884529528635E-005   5.4997162725466239E-004
   529.86549718333151       0.67729713617818488       -1.1804871585156726E-005   5.6177649883981911E-004
   534.86549718333151       0.67922228595406375       -1.1860848177377843E-005   5.7363734701719698E-004
   539.86549718333151       0.68111006967208165       -1.1915841105499301E-005   5.8555318812269629E-004
   544.86549718333151       0.68296158166162280       -1.1969876199185681E-005   5.9752306432188200E-004
   549.86549718333151       0.68477787244996069       -1.2022978363560952E-005   6.0954604268544294E-004
   554.86549718333151       0.68655995100885581       -1.2075171621714475E-005   6.2162121430715746E-004
   559.86549718333151       0.68830878685969410       -1.2126479154790659E-005   6.3374769346194806E-004
   564.86549718333151       0.69002531204781281       -1.2176923339828927E-005   6.4592461680177695E-004
   569.86549718333151       0.69171042299564933       -1.2226525785504783E-005   6.5815114258728177E-004
   574.86549718333151       0.69336498224358223       -1.2275307365912550E-005   6.7042644995319429E-004
   579.86549718333151       0.69498982008654420       -1.2323288252518260E-005   6.8274973820571256E-004
   584.86549718333151       0.69658573611382490       -1.2370487944401665E-005   6.9512022615011418E-004
   589.86549718333151       0.69815350065891668       -1.2416925296898556E-005   7.0753715144701275E-004
   594.86549718333151       0.69969385616554713       -1.2462618548741973E-005   7.1999976999575469E-004
   599.86549718333151       0.70120751847572715       -1.2507585347798632E-005   7.3250735534355327E-004
   604.86549718333151       0.70269517804511439       -1.2551842775488080E-005   7.4505919811904131E-004
   609.86549718333151       0.70415750109050268       -1.2595407369963468E-005   7.5765460548900482E-004
   614.86549718333151       0.70559513067392965       -1.2638295148128849E-005   7.7029290063713367E-004
   619.86549718333151       0.70700868772757719       -1.2680521626563436E-005   7.8297342226369706E-004
   624.86549718333151       0.70839877202333335       -1.2722101841418587E-005   7.9569552410511566E-004
   629.86549718333151       0.70976596309048223       -1.2763050367345472E-005   8.0845857447246110E-004
   634.86549718333151       0.71111082108487245       -1.2803381335511514E-005   8.2126195580797259E-004
   639.86549718333151       0.71243388761251913       -1.2843108450755419E-005   8.3410506425872803E-004
   644.86549718333151       0.71373568651061980       -1.2882245007934305E-005   8.4698730926666230E-004
   649.86549718333151       0.71501672458837862       -1.2920803907501879E-005   8.5990811317416421E-004
   654.86549718333151       0.71627749233029070       -1.2958797670366778E-005   8.7286691084453101E-004
   659.86549718333151       0.71751846456400015       -1.2996238452066490E-005   8.8586314929659752E-004
   664.86549718333151       0.71874010109484943       -1.3033138056294551E-005   8.9889628735289207E-004
   669.86549718333151       0.71994284730921632       -1.3069507947819953E-005   9.1196579530071205E-004
   674.86549718333151       0.72112713474830326       -1.3105359264826734E-005   9.2507115456553883E-004
   679.86549718333151       0.72229338165410872       -1.3140702830705125E-005   9.3821185739624395E-004
   684.86549718333151       0.72344199348926963       -1.3175549165326091E-005   9.5138740656157004E-004
   689.86549718333151       0.72457336343214918       -1.3209908495822989E-005   9.6459731505739302E-004
   694.86549718333151       0.72568787284864023       -1.3243790766908172E-005   9.7784110582430127E-004
   699.86549718333151       0.72678589174189390       -1.3277205650745849E-005   9.9111831147504718E-004
   704.86549718333151       0.72786777918125367       -1.3310162556405568E-005   1.0044284740314527E-003
   709.86549718333151       0.72893388371154244       -1.3342670638917862E-005   1.0177711446703705E-003
   714.86549718333151       0.72998454374370880       -1.3374738807950117E-005   1.0311458834783207E-003
   719.86549718333151       0.73102008792783402       -1.3406375736121519E-005   1.0445522592144423E-003
   724.86549718333151       0.73204083550952359       -1.3437589866977393E-005   1.0579898490814196E-003
   729.86549718333151       0.73304709667049284       -1.3468389422637507E-005   1.0714582385040572E-003
   734.86549718333151       0.73403917285409870       -1.3498782411131791E-005   1.0849570209151890E-003
   739.86549718333151       0.73501735707678439       -1.3528776633444148E-005   1.0984857975486332E-003
   744.86549718333151       0.73598193422598546       -1.3558379690272885E-005   1.1120441772389060E-003
   749.86549718333151       0.73693318134530883       -1.3587598988524810E-005   1.1256317762274308E-003
   754.86549718333151       0.73787136790748620       -1.3616441747551111E-005   1.1392482179749819E-003
   759.86549718333151       0.73879675607593098       -1.3644915005143656E-005   1.1528931329801255E-003
   764.86549718333151       0.73970960095522964       -1.3673025623295494E-005   1.1665661586034209E-003
   769.86549718333151       0.74061015083130743       -1.3700780293742281E-005   1.1802669388971633E-003
   774.86549718333151       0.74149864740159033       -1.3728185543288966E-005   1.1939951244404523E-003
   779.86549718333151       0.74237532599584244       -1.3755247738937329E-005   1.2077503721793896E-003
   784.86549718333151       0.74324041578799327       -1.3781973092819140E-005   1.2215323452722086E-003
   789.86549718333151       0.74409413999942331       -1.3808367666944733E-005   1.2353407129391534E-003
   794.86549718333151       0.74493671609410861       -1.3834437377774952E-005   1.2491751503169283E-003
   799.86549718333151       0.74576835596604785       -1.3860188000625483E-005   1.2630353383175539E-003
   804.86549718333151       0.74658926611924470       -1.3885625173908125E-005   1.2769209634914619E-003
   809.86549718333151       0.74739964784070934       -1.3910754403219667E-005   1.2908317178946815E-003
   814.86549718333151       0.74819969736669367       -1.3935581065281619E-005   1.3047672989599632E-003
   819.86549718333151       0.74898960604249543       -1.3960110411738006E-005   1.3187274093717013E-003
   824.86549718333151       0.74976956047622068       -1.3984347572820091E-005   1.3327117569445213E-003
   829.86549718333151       0.75053974268663159       -1.4008297560879284E-005   1.3467200545054004E-003
   834.86549718333151       0.75130033024536824       -1.4031965273794367E-005   1.3607520197791948E-003
   839.86549718333151       0.75205149641392899       -1.4055355498262467E-005   1.3748073752774574E-003
   844.86549718333151       0.75279341027552749       -1.4078472912975042E-005   1.3888858481904325E-003
   849.86549718333151       0.75352623686199438       -1.4101322091681801E-005   1.4029871702821142E-003
   854.86549718333151       0.75425013727609780       -1.4123907506152099E-005   1.4171110777882663E-003
   859.86549718333151       0.75496526880935522       -1.4146233529033984E-005   1.4312573113173003E-003
   864.86549718333151       0.75567178505559596       -1.4168304436617085E-005   1.4454256157539174E-003
   869.86549718333151       0.75636983602039076       -1.4190124411501132E-005   1.4596157401654186E-003
   874.86549718333151       0.75705956822664700       -1.4211697545177735E-005   1.4738274377105963E-003
   879.86549718333151       0.75774112481631195       -1.4233027840521954E-005   1.4880604655511183E-003
   884.86549718333151       0.75841464564863803       -1.4254119214206336E-005   1.5023145847653247E-003
   889.86549718333151       0.75908026739487511       -1.4274975499031734E-005   1.5165895602643564E-003
   894.86549718333151       0.75973812362974358       -1.4295600446184564E-005   1.5308851607105411E-003
   899.86549718333151       0.76038834491967888       -1.4315997727418920E-005   1.5452011584379600E-003
   904.86549718333151       0.76103105890804545       -1.4336170937168506E-005   1.5595373293751285E-003
   909.86549718333151       0.76166639039747452       -1.4356123594592039E-005   1.5738934529697206E-003
   914.86549718333151       0.76229446142936141       -1.4375859145552084E-005   1.5882693121152727E-003
   919.86549718333151       0.76291539136067199       -1.4395380964531038E-005   1.6026646930798038E-003
   924.86549718333151       0.76352929693819072       -1.4414692356487335E-005   1.6170793854362912E-003
   929.86549718333151       0.76413629237028124       -1.4433796558653170E-005   1.6315131819949443E-003
   934.86549718333151       0.76473648939623984       -1.4452696742275335E-005   1.6459658787372196E-003
   939.86549718333151       0.76532999735340157       -1.4471396014303416E-005   1.6604372747515230E-003
   944.86549718333151       0.76591692324202776       -1.4489897419025270E-005   1.6749271721705483E-003
   949.86549718333151       0.76649737178805699       -1.4508203939651751E-005   1.6894353761102000E-003
   954.86549718333151       0.76707144550381234       -1.4526318499852754E-005   1.7039616946100528E-003
   959.86549718333151       0.76763924474682066       -1.4544243965248816E-005   1.7185059385753016E-003
   964.86549718333151       0.76820086777668917       -1.4561983144855882E-005   1.7330679217201575E-003
   969.86549718333151       0.76875641081016111       -1.4579538792486420E-005   1.7476474605126438E-003
   974.86549718333151       0.76930596807445584       -1.4596913608109601E-005   1.7622443741207535E-003
   979.86549718333151       0.76984963185893718       -1.4614110239171367E-005   1.7768584843599249E-003
   984.86549718333151       0.77038749256513628       -1.4631131281874619E-005   1.7914896156417995E-003
   989.86549718333151       0.77091963875518488       -1.4647979282420814E-005   1.8061375949242203E-003
   994.86549718333151       0.77144615719885035       -1.4664656738218484E-005   1.8208022516624388E-003
   999.86549718333151       0.77196713291901142       -1.4681166099053105E-005   1.8354834177614918E-003
   1004.8654971833315       0.77248264923581034       -1.4697509768225338E-005   1.8501809275297172E-003
   1009.8654971833315       0.77299278780942537       -1.4713690103655418E-005   1.8648946176333726E-003
   1014.8654971833315       0.77349762868158090       -1.4729709418956960E-005   1.8796243270523295E-003
   1019.8654971833315       0.77399725031574718       -1.4745569984478329E-005   1.8943698970368078E-003
   1024.8654971833316       0.77449172963619006       -1.4761274028316214E-005   1.9091311710651240E-003
   1029.8654971833316       0.77498114206585300       -1.4776823737300522E-005   1.9239079948024246E-003
   1034.8654971833316       0.77546556156305857       -1.4792221257949808E-005   1.9387002160603745E-003
   1039.8654971833316       0.77594506065721480       -1.4807468697402843E-005   1.9535076847577771E-003
   1044.8654971833316       0.77641971048336422       -1.4822568124320772E-005   1.9683302528820980E-003
   1049.8654971833316       0.77688958081585169       -1.4837521569768434E-005   1.9831677744518664E-003
   1054.8654971833316       0.77735474010090189       -1.4852331028067824E-005   1.9980201054799343E-003
   1059.8654971833316       0.77781525548832997       -1.4866998457630573E-005   2.0128871039375648E-003
   1064.8654971833316       0.77827119286228141       -1.4881525781765838E-005   2.0277686297193306E-003
   1069.8654971833316       0.77872261687114952       -1.4895914889468123E-005   2.0426645446087986E-003
   1074.8654971833316       0.77916959095658411       -1.4910167636181994E-005   2.0575747122449808E-003
   1079.8654971833316       0.77961217738175514       -1.4924285844548684E-005   2.0724989980895293E-003
   1084.8654971833316       0.78005043725870493       -1.4938271305129067E-005   2.0874372693946582E-003
   1089.8654971833316       0.78048443057508443       -1.4952125777112207E-005   2.1023893951717704E-003
   1094.8654971833316       0.78091421621999779       -1.4965850989000491E-005   2.1173552461607710E-003
   1099.8654971833316       0.78133985200919831       -1.4979448639278893E-005   2.1323346948000500E-003
   1104.8654971833316       0.78176139470960671       -1.4992920397067245E-005   2.1473276151971173E-003
   1109.8654971833316       0.78217890006313451       -1.5006267902754834E-005   2.1623338830998721E-003
   1114.8654971833316       0.78259242280983510       -1.5019492768617814E-005   2.1773533758684899E-003
   1119.8654971833316       0.78300201671042668       -1.5032596579420709E-005   2.1923859724479106E-003
   1124.8654971833316       0.78340773456824364       -1.5045580893003671E-005   2.2074315533409145E-003
   1129.8654971833316       0.78380962825057432       -1.5058447240853966E-005   2.2224900005817683E-003
   1134.8654971833316       0.78420774870940224       -1.5071197128662112E-005   2.2375611977104304E-003
   1139.8654971833316       0.78460214600163580       -1.5083832036865217E-005   2.2526450297472955E-003
   1144.8654971833316       0.78499286930876577       -1.5096353421175517E-005   2.2677413831684711E-003
   1149.8654971833316       0.78537996695601697       -1.5108762713095991E-005   2.2828501458815671E-003
   1154.8654971833316       0.78576348643101512       -1.5121061320423723E-005   2.2979712072019910E-003
   1159.8654971833316       0.78614347440191235       -1.5133250627738997E-005   2.3131044578297301E-003
   1164.8654971833316       0.78651997673509555       -1.5145331996884038E-005   2.3282497898266144E-003
   1169.8654971833316       0.78689303851238157       -1.5157306767428189E-005   2.3434070965940427E-003
   1174.8654971833316       0.78726270404780474       -1.5169176257122794E-005   2.3585762728511655E-003
   1179.8654971833316       0.78762901690400422       -1.5180941762345966E-005   2.3737572146135116E-003
   1184.8654971833316       0.78799201990810097       -1.5192604558533575E-005   2.3889498191720453E-003
   1189.8654971833316       0.78835175516722067       -1.5204165900601373E-005   2.4041539850726467E-003
   1194.8654971833316       0.78870826408368411       -1.5215627023358867E-005   2.4193696120960056E-003
   1199.8654971833316       0.78906158736964915       -1.5226989141907965E-005   2.4345966012379134E-003
   1204.8654971833316       0.78941176506157740       -1.5238253452038185E-005   2.4498348546899518E-003
   1209.8654971833316       0.78975883653418855       -1.5249421130607674E-005   2.4650842758205593E-003
   1214.8654971833316       0.79010284051414759       -1.5260493335917676E-005   2.4803447691564770E-003
   1219.8654971833316       0.79044381509338912       -1.5271471208077443E-005   2.4956162403645546E-003
   1224.8654971833316       0.79078179774210344       -1.5282355869360205E-005   2.5108985962339148E-003
   1229.8654971833316       0.79111682532143135       -1.5293148424551682E-005   2.5261917446584665E-003
   1234.8654971833316       0.79144893409578276       -1.5303849961288359E-005   2.5414955946197549E-003
   1239.8654971833316       0.79177815974495747       -1.5314461550391168E-005   2.5568100561701459E-003
   1244.8654971833316       0.79210453737586084       -1.5324984246187849E-005   2.5721350404163336E-003
   1249.8654971833316       0.79242810153401644       -1.5335419086830449E-005   2.5874704595031640E-003
   1254.8654971833316       0.79274888621476558       -1.5345767094604386E-005   2.6028162265977683E-003
   1259.8654971833316       0.79306692487420483       -1.5356029276230556E-005   2.6181722558739988E-003
   1264.8654971833316       0.79338225043985777       -1.5366206623160464E-005   2.6335384624971594E-003
   1269.8654971833316       0.79369489532110771       -1.5376300111865091E-005   2.6489147626090246E-003
   1274.8654971833316       0.79400489141934893       -1.5386310704116093E-005   2.6643010733131407E-003
   1279.8654971833316       0.79431227013796968       -1.5396239347262946E-005   2.6796973126604036E-003
   1284.8654971833316       0.79461706239200314       -1.5406086974500743E-005   2.6951033996349045E-003
   1289.8654971833316       0.79491929861760036       -1.5415854505133479E-005   2.7105192541400378E-003
   1294.8654971833316       0.79521900878133200       -1.5425542844833103E-005   2.7259447969848710E-003
   1299.8654971833316       0.79551622238917552       -1.5435152885889604E-005   2.7413799498707606E-003
   1304.8654971833316       0.79581096849536681       -1.5444685507457893E-005   2.7568246353782185E-003
   1309.8654971833316       0.79610327571103823       -1.5454141575798917E-005   2.7722787769540176E-003
   1314.8654971833316       0.79639317221261186       -1.5463521944513971E-005   2.7877422988985315E-003
   1319.8654971833316       0.79668068575005146       -1.5472827454775485E-005   2.8032151263533071E-003
   1324.8654971833316       0.79696584365492951       -1.5482058935552909E-005   2.8186971852888600E-003
   1329.8654971833316       0.79724867284827405       -1.5491217203832436E-005   2.8341884024926925E-003
   1334.8654971833316       0.79752919984822701       -1.5500303064831620E-005   2.8496887055575243E-003
   1339.8654971833316       0.79780745077760951       -1.5509317312211927E-005   2.8651980228697363E-003
   1344.8654971833316       0.79808345137123093       -1.5518260728283889E-005   2.8807162835980202E-003
   1349.8654971833316       0.79835722698311384       -1.5527134084210452E-005   2.8962434176822306E-003
   1354.8654971833316       0.79862880259342917       -1.5535938140201773E-005   2.9117793558224325E-003
   1359.8654971833316       0.79889820281546575       -1.5544673645711955E-005   2.9273240294681443E-003
   1364.8654971833316       0.79916545190229160       -1.5553341339626670E-005   2.9428773708077712E-003
   1369.8654971833316       0.79943057375332316       -1.5561941950448480E-005   2.9584393127582197E-003
   1374.8654971833316       0.79969359192076694       -1.5570476196478901E-005   2.9740097889546986E-003
   1379.8654971833316       0.79995452961586166       -1.5578944785994626E-005   2.9895887337406933E-003
   1384.8654971833316       0.80021340971507615       -1.5587348417423126E-005   3.0051760821581163E-003
   1389.8654971833316       0.80047025476608802       -1.5595687779511789E-005   3.0207717699376282E-003
   1394.8654971833316       0.80072508699368139       -1.5603963551495092E-005   3.0363757334891232E-003
   1399.8654971833316       0.80097792830550640       -1.5612176403258004E-005   3.0519879098923810E-003
   1404.8654971833316       0.80122880029771182       -1.5620326995495879E-005   3.0676082368878768E-003
   1409.8654971833316       0.80147772426046548       -1.5628415979871283E-005   3.0832366528677482E-003
   1414.8654971833316       0.80172472118332694       -1.5636443999166708E-005   3.0988730968669149E-003
   1419.8654971833316       0.80196981176053694       -1.5644411687435103E-005   3.1145175085543499E-003
   1424.8654971833316       0.80221301639621578       -1.5652319670148058E-005   3.1301698282244980E-003
   1429.8654971833316       0.80245435520939312       -1.5660168564339013E-005   3.1458299967888370E-003
   1434.8654971833316       0.80269384803899180       -1.5667958978745566E-005   3.1614979557675824E-003
   1439.8654971833316       0.80293151444864053       -1.5675691513946702E-005   3.1771736472815289E-003
   1444.8654971833316       0.80316737373149216       -1.5683366762500712E-005   3.1928570140440297E-003
   1449.8654971833316       0.80340144491480703       -1.5690985309075995E-005   3.2085479993531059E-003
   1454.8654971833316       0.80363374676455079       -1.5698547730582764E-005   3.2242465470836887E-003
   1459.8654971833316       0.80386429778982904       -1.5706054596299946E-005   3.2399526016799888E-003
   1464.8654971833316       0.80409311624730639       -1.5713506468002011E-005   3.2556661081479909E-003
   1469.8654971833316       0.80432022014542282       -1.5720903900079651E-005   3.2713870120480706E-003
   1474.8654971833316       0.80454562724867218       -1.5728247439662898E-005   3.2871152594877336E-003
   1479.8654971833316       0.80476935508162950       -1.5735537626736500E-005   3.3028507971144699E-003
   1484.8654971833316       0.80499142093304032       -1.5742774994257689E-005   3.3185935721087275E-003
   1489.8654971833316       0.80521184185973238       -1.5749960068268600E-005   3.3343435321769961E-003
   1494.8654971833316       0.80543063469047249       -1.5757093368007246E-005   3.3501006255450033E-003
   1499.8654971833316       0.80564781602982150       -1.5764175406018849E-005   3.3658648009510222E-003
   1504.8654971833316       0.80586340226176345       -1.5771206688260103E-005   3.3816360076392824E-003
   1509.8654971833316       0.80607740955340323       -1.5778187714206104E-005   3.3974141953534887E-003
   1514.8654971833316       0.80628985385851237       -1.5785118976952634E-005   3.4131993143304415E-003
   1519.8654971833316       0.80650075092103535       -1.5792000963317473E-005   3.4289913152937591E-003
   1524.8654971833316       0.80671011627851319       -1.5798834153939366E-005   3.4447901494476987E-003
   1529.8654971833316       0.80691796526544424       -1.5805619023375269E-005   3.4605957684710740E-003
   1534.8654971833316       0.80712431301659260       -1.5812356040196149E-005   3.4764081245112701E-003
   1539.8654971833316       0.80732917447020480       -1.5819045667080149E-005   3.4922271701783502E-003
   1544.8654971833316       0.80753256437117760       -1.5825688360904385E-005   3.5080528585392547E-003
   1549.8654971833316       0.80773449727416513       -1.5832284572835118E-005   3.5238851431120899E-003
   1554.8654971833316       0.80793498754665249       -1.5838834748417036E-005   3.5397239778605068E-003
   1559.8654971833316       0.80813404937194655       -1.5845339327660173E-005   3.5555693171881670E-003
   1564.8654971833316       0.80833169675203997       -1.5851798745122894E-005   3.5714211159332898E-003
   1569.8654971833316       0.80852794351056700       -1.5858213429998162E-005   3.5872793293632880E-003
   1574.8654971833316       0.80872280329558222       -1.5864583806194257E-005   3.6031439131694824E-003
   1579.8654971833316       0.80891628958234707       -1.5870910292416026E-005   3.6190148234618983E-003
   1584.8654971833316       0.80910841567606728       -1.5877193302244698E-005   3.6348920167641428E-003
   1589.8654971833316       0.80929919471447187       -1.5883433244212821E-005   3.6507754500083559E-003
   1594.8654971833316       0.80948863967051188       -1.5889630521883308E-005   3.6666650805302391E-003
   1599.8654971833316       0.80967676335491501       -1.5895785533923976E-005   3.6825608660641632E-003
   1604.8654971833316       0.80986357841867129       -1.5901898674180071E-005   3.6984627647383434E-003
   1609.8654971833316       0.81004909735551145       -1.5907970331746751E-005   3.7143707350700901E-003
   1614.8654971833316       0.81023333250435803       -1.5914000891040883E-005   3.7302847359611310E-003
   1619.8654971833316       0.81041629605167864       -1.5919990731869815E-005   3.7462047266930009E-003
   1624.8654971833316       0.81059800003384108       -1.5925940229500445E-005   3.7621306669225014E-003
   1629.8654971833316       0.81077845633938428       -1.5931849754725678E-005   3.7780625166772270E-003
   1634.8654971833316       0.81095767671128483       -1.5937719673930963E-005   3.7940002363511579E-003
   1639.8654971833316       0.81113567274917664       -1.5943550349159430E-005   3.8099437867003174E-003
   1644.8654971833316       0.81131245591150625       -1.5949342138175141E-005   3.8258931288384927E-003
   1649.8654971833316       0.81148803751764265       -1.5955095394524984E-005   3.8418482242330177E-003
   1654.8654971833316       0.81166242875002625       -1.5960810467602033E-005   3.8578090347006198E-003
   1659.8654971833316       0.81183564065619196       -1.5966487702704955E-005   3.8737755224033249E-003
   1664.8654971833316       0.81200768415075231       -1.5972127441096242E-005   3.8897476498444212E-003
   1669.8654971833316       0.81217857001745120       -1.5977730020062917E-005   3.9057253798644841E-003
   1674.8654971833316       0.81234830891105614       -1.5983295772972130E-005   3.9217086756374560E-003
   1679.8654971833316       0.81251691135927406       -1.5988825029327615E-005   3.9376975006667836E-003
   1684.8654971833316       0.81268438776464669       -1.5994318114825680E-005   3.9536918187816090E-003
   1689.8654971833316       0.81285074840638427       -1.5999775351409278E-005   3.9696915941330180E-003
   1694.8654971833316       0.81301600344218639       -1.6005197057321785E-005   3.9856967911903402E-003
   1699.8654971833316       0.81318016291003636       -1.6010583547160101E-005   4.0017073747374999E-003
   1704.8654971833316       0.81334323672990072       -1.6015935131924680E-005   4.0177233098694243E-003
   1709.8654971833316       0.81350523470548053       -1.6021252119071467E-005   4.0337445619884962E-003
   1714.8654971833316       0.81366616652589374       -1.6026534812561657E-005   4.0497710968010582E-003
   1719.8654971833316       0.81382604176734186       -1.6031783512911065E-005   4.0658028803139696E-003
   1724.8654971833316       0.81398486989474328       -1.6036998517238518E-005   4.0818398788312078E-003
   1729.8654971833316       0.81414266026330362       -1.6042180119312314E-005   4.0978820589505204E-003
   1734.8654971833316       0.81429942212014494       -1.6047328609598690E-005   4.1139293875601191E-003
   1739.8654971833316       0.81445516460579215       -1.6052444275305748E-005   4.1299818318354248E-003
   1744.8654971833316       0.81460989675570028       -1.6057527400428819E-005   4.1460393592358535E-003
   1749.8654971833316       0.81476362750182296       -1.6062578265797266E-005   4.1621019375016506E-003
   1754.8654971833316       0.81491636567399228       -1.6067597149115214E-005   4.1781695346507662E-003
   1759.8654971833316       0.81506812000140150       -1.6072584325005772E-005   4.1942421189757719E-003
   1764.8654971833316       0.81521889911404088       -1.6077540065053756E-005   4.2103196590408259E-003
   1769.8654971833316       0.81536871154407986       -1.6082464637846833E-005   4.2264021236786730E-003
   1774.8654971833316       0.81551756572719680       -1.6087358309014949E-005   4.2424894819876879E-003
   1779.8654971833316       0.81566547000398915       -1.6092221341272531E-005   4.2585817033289602E-003
   1784.8654971833316       0.81581243262126413       -1.6097053994456864E-005   4.2746787573234172E-003
   1789.8654971833316       0.81595846173339803       -1.6101856525568787E-005   4.2907806138489856E-003
   1794.8654971833316       0.81610356540354845       -1.6106629188808650E-005   4.3068872430377944E-003
   1799.8654971833316       0.81624775160494611       -1.6111372235614943E-005   4.3229986152734092E-003
   1804.8654971833316       0.81639102822213372       -1.6116085914701334E-005   4.3391147011881109E-003
   1809.8654971833316       0.81653340305218858       -1.6120770472093164E-005   4.3552354716602038E-003
   1814.8654971833316       0.81667488380590292       -1.6125426151162700E-005   4.3713608978113664E-003
   1819.8654971833316       0.81681547810901700       -1.6130053192666160E-005   4.3874909510040324E-003
   1824.8654971833316       0.81695519350333368       -1.6134651834776922E-005   4.4036256028388097E-003
   1829.8654971833316       0.81709403744785580       -1.6139222313119573E-005   4.4197648251519291E-003
   1834.8654971833316       0.81723201731994555       -1.6143764860804725E-005   4.4359085900127337E-003
   1839.8654971833316       0.81736914041638675       -1.6148279708460710E-005   4.4520568697211946E-003
   1844.8654971833316       0.81750541395453613       -1.6152767084268318E-005   4.4682096368054633E-003
   1849.8654971833316       0.81764084507330170       -1.6157227213989815E-005   4.4843668640194533E-003
   1854.8654971833316       0.81777544083429998       -1.6161660321004032E-005   4.5005285243404575E-003
   1859.8654971833316       0.81790920822279733       -1.6166066626334293E-005   4.5166945909667919E-003
   1864.8654971833316       0.81804215414879600       -1.6170446348681268E-005   4.5328650373154733E-003
   1869.8654971833316       0.81817428544799509       -1.6174799704451702E-005   4.5490398370199251E-003
   1874.8654971833316       0.81830560888280213       -1.6179126907788896E-005   4.5652189639277139E-003
   1879.8654971833316       0.81843613114329483       -1.6183428170601612E-005   4.5814023920983157E-003
   1884.8654971833316       0.81856585884818067       -1.6187703702592931E-005   4.5975900958009084E-003
   1889.8654971833316       0.81869479854572180       -1.6191953711288079E-005   4.6137820495121967E-003
   1894.8654971833316       0.81882295671467853       -1.6196178402062856E-005   4.6299782279142594E-003
   1899.8654971833316       0.81895033976522025       -1.6200377978171092E-005   4.6461786058924308E-003
   1904.8654971833316       0.81907695403982983       -1.6204552640771937E-005   4.6623831585332030E-003
   1909.8654971833316       0.81920280581414628       -1.6208702588955115E-005   4.6785918611221581E-003
   1914.8654971833316       0.81932790129789379       -1.6212828019769161E-005   4.6948046891419270E-003
   1919.8654971833316       0.81945224663567562       -1.6216929128245162E-005   4.7110216182701722E-003
   1924.8654971833316       0.81957584790787574       -1.6221006107424173E-005   4.7272426243775961E-003
   1929.8654971833316       0.81969871113145132       -1.6225059148381039E-005   4.7434676835259775E-003
   1934.8654971833316       0.81982084226073959       -1.6229088440248739E-005   4.7596967719662261E-003
   1939.8654971833316       0.81994224718830599       -1.6233094170244158E-005   4.7759298661364706E-003
   1944.8654971833316       0.82006293174570610       -1.6237076523691030E-005   4.7921669426601613E-003
   1949.8654971833316       0.82018290170425190       -1.6241035684043088E-005   4.8084079783442040E-003
   1954.8654971833316       0.82030216277581325       -1.6244971832908421E-005   4.8246529501771128E-003
   1959.8654971833316       0.82042072061353233       -1.6248885150070974E-005   4.8409018353271840E-003
   1964.8654971833316       0.82053858081263775       -1.6252775813515402E-005   4.8571546111406995E-003
   1969.8654971833316       0.82065574891110660       -1.6256643999446955E-005   4.8734112551401462E-003
   1974.8654971833316       0.82077223039041081       -1.6260489882314127E-005   4.8896717450224603E-003
   1979.8654971833316       0.82088803067622074       -1.6264313634830016E-005   4.9059360586572905E-003
   1984.8654971833316       0.82100315513914546       -1.6268115427994851E-005   4.9222041740852856E-003
   1989.8654971833316       0.82111760909536569       -1.6271895431115076E-005   4.9384760695164003E-003
   1994.8654971833316       0.82123139780736643       -1.6275653811825703E-005   4.9547517233282257E-003
   1999.8654971833316       0.82134452648456735       -1.6279390736109390E-005   4.9710311140643351E-003
   2004.8654971833316       0.82145700028400515       -1.6283106368317206E-005   4.9873142204326527E-003
   2009.8654971833316       0.82156882431096079       -1.6286800871187638E-005   5.0036010213038405E-003
   2014.8654971833316       0.82168000361961213       -1.6290474405866480E-005   5.0198914957097071E-003
   2019.8654971833316       0.82179054321367562       -1.6294127131926375E-005   5.0361856228416336E-003
   2024.8654971833316       0.82190044804701967       -1.6297759207385452E-005   5.0524833820490191E-003
   2029.8654971833316       0.82200972302427777       -1.6301370788726005E-005   5.0687847528377451E-003
   2034.8654971833316       0.82211837300143842       -1.6304962030912410E-005   5.0850897148686574E-003
   2039.8654971833316       0.82222640278646197       -1.6308533087409970E-005   5.1013982479560672E-003
   2044.8654971833316       0.82233381713983311       -1.6312084110201692E-005   5.1177103320662687E-003
   2049.8654971833316       0.82244062077519842       -1.6315615249807849E-005   5.1340259473160767E-003
   2054.8654971833316       0.82254681835984256       -1.6319126655300276E-005   5.1503450739713765E-003
   2059.8654971833316       0.82265241451535809       -1.6322618474323073E-005   5.1666676924456995E-003
   2064.8654971833316       0.82275741381812062       -1.6326090853106945E-005   5.1829937832988063E-003
   2069.8654971833316       0.82286182079986836       -1.6329543936486929E-005   5.1993233272352932E-003
   2074.8654971833316       0.82296563994819893       -1.6332977867917508E-005   5.2156563051032109E-003
   2079.8654971833316       0.82306887570714304       -1.6336392789490238E-005   5.2319926978927015E-003
   2084.8654971833316       0.82317153247766417       -1.6339788841948960E-005   5.2483324867346505E-003
   2089.8654971833316       0.82327361461816517       -1.6343166164705265E-005   5.2646756528993560E-003
   2094.8654971833316       0.82337512644504185       -1.6346524895855556E-005   5.2810221777952115E-003
   2099.8654971833316       0.82347607223313180       -1.6349865172194641E-005   5.2973720429674064E-003
   2104.8654971833316       0.82357645621620468       -1.6353187129230752E-005   5.3137252300966371E-003
   2109.8654971833316       0.82367628258750503       -1.6356490901202260E-005   5.3300817209978391E-003
   2114.8654971833316       0.82377555550014570       -1.6359776621089578E-005   5.3464414976189291E-003
   2119.8654971833316       0.82387427906765498       -1.6363044420632051E-005   5.3628045420395613E-003
   2124.8654971833316       0.82397245736440528       -1.6366294430341038E-005   5.3791708364699020E-003
   2129.8654971833316       0.82407009442607881       -1.6369526779514180E-005   5.3955403632494165E-003
   2134.8654971833316       0.82416719425011487       -1.6372741596249140E-005   5.4119131048456660E-003
   2139.8654971833316       0.82426376079615105       -1.6375939007457082E-005   5.4282890438531227E-003
   2144.8654971833316       0.82435979798650261       -1.6379119138877512E-005   5.4446681629919998E-003
   2149.8654971833316       0.82445530970656100       -1.6382282115090420E-005   5.4610504451070904E-003
   2154.8654971833316       0.82455029980519756       -1.6385428059528595E-005   5.4774358731666190E-003
   2159.8654971833316       0.82464477209525400       -1.6388557094492895E-005   5.4938244302611119E-003
   2164.8654971833316       0.82473873035388956       -1.6391669341162712E-005   5.5102160996022744E-003
   2169.8654971833316       0.82483217832303768       -1.6394764919610151E-005   5.5266108645218841E-003
   2174.8654971833316       0.82492511970978089       -1.6397843948811459E-005   5.5430087084706956E-003
   2179.8654971833316       0.82501755818677469       -1.6400906546660137E-005   5.5594096150173560E-003
   2184.8654971833316       0.82510949739261252       -1.6403952829978101E-005   5.5758135678473340E-003
   2189.8654971833316       0.82520094093224428       -1.6406982914528634E-005   5.5922205507618625E-003
   2194.8654971833316       0.82529189237734790       -1.6409996915027785E-005   5.6086305476768907E-003
   2199.8654971833316       0.82538235526671222       -1.6412994945156185E-005   5.6250435426220468E-003
   2204.8654971833316       0.82547233310657619       -1.6415977117569424E-005   5.6414595197396165E-003
   2209.8654971833316       0.82556182937103417       -1.6418943543910607E-005   5.6578784632835269E-003
   2214.8654971833316       0.82565084750238404       -1.6421894334821068E-005   5.6743003576183483E-003
   2219.8654971833316       0.82573939091151205       -1.6424829599952290E-005   5.6907251872183005E-003
   2224.8654971833316       0.82582746297819631       -1.6427749447975166E-005   5.7071529366662758E-003
   2229.8654971833316       0.82591506705147144       -1.6430653986591258E-005   5.7235835906528669E-003
   2234.8654971833316       0.82600220645000333       -1.6433543322544460E-005   5.7400171339754115E-003
   2239.8654971833316       0.82608888446240480       -1.6436417561630692E-005   5.7564535515370425E-003
   2244.8654971833316       0.82617510434756791       -1.6439276808708126E-005   5.7728928283457505E-003
   2249.8654971833316       0.82626086933499610       -1.6442121167707489E-005   5.7893349495134576E-003
   2254.8654971833316       0.82634618262511284       -1.6444950741641529E-005   5.8057799002550993E-003
   2259.8654971833316       0.82643104738962325       -1.6447765632616297E-005   5.8222276658877158E-003
   2264.8654971833316       0.82651546677181498       -1.6450565941840433E-005   5.8386782318295563E-003
   2269.8654971833316       0.82659944388684892       -1.6453351769634055E-005   5.8551315835991902E-003
   2274.8654971833316       0.82668298182209765       -1.6456123215439343E-005   5.8715877068146296E-003
   2279.8654971833316       0.82676608363741733       -1.6458880377828859E-005   5.8880465871924588E-003
   2284.8654971833316       0.82684875236549704       -1.6461623354516470E-005   5.9045082105469750E-003
   2289.8654971833316       0.82693099101210488       -1.6464352242364851E-005   5.9209725627893395E-003
   2294.8654971833316       0.82701280255639598       -1.6467067137395070E-005   5.9374396299267341E-003
   2299.8654971833316       0.82709418995122519       -1.6469768134796303E-005   5.9539093980615302E-003
   2304.8654971833316       0.82717515612343562       -1.6472455328934815E-005   5.9703818533904654E-003
   2309.8654971833316       0.82725570397408943       -1.6475128813360966E-005   5.9868569822038266E-003
   2314.8654971833316       0.82733583637880159       -1.6477788680819710E-005   6.0033347708846460E-003
   2319.8654971833316       0.82741555618795737       -1.6480435023257202E-005   6.0198152059079031E-003
   2324.8654971833316       0.82749486622704593       -1.6483067931831280E-005   6.0362982738397346E-003
   2329.8654971833316       0.82757376929689441       -1.6485687496918670E-005   6.0527839613366535E-003
   2334.8654971833316       0.82765226817392645       -1.6488293808122975E-005   6.0692722551447765E-003
   2339.8654971833316       0.82773036561045588       -1.6490886954283890E-005   6.0857631420990601E-003
   2344.8654971833316       0.82780806433488596       -1.6493467023483254E-005   6.1022566091225436E-003
   2349.8654971833316       0.82788536705203819       -1.6496034103055411E-005   6.1187526432255994E-003
   2354.8654971833316       0.82796227644332132       -1.6498588279592317E-005   6.1352512315051913E-003
   2359.8654971833316       0.82803879516705547       -1.6501129638953740E-005   6.1517523611441449E-003
   2364.8654971833316       0.82811492585868429       -1.6503658266273820E-005   6.1682560194104190E-003
   2369.8654971833316       0.82819067113100198       -1.6506174245968072E-005   6.1847621936563868E-003
   2374.8654971833316       0.82826603357441142       -1.6508677661741475E-005   6.2012708713181279E-003
   2379.8654971833316       0.82834101575714314       -1.6511168596595247E-005   6.2177820399147233E-003
   2384.8654971833316       0.82841562022550308       -1.6513647132834579E-005   6.2342956870475577E-003
   2389.8654971833316       0.82848984950410320       -1.6516113352075812E-005   6.2508118003996331E-003
   2394.8654971833316       0.82856370609609420       -1.6518567335253724E-005   6.2673303677348866E-003
   2399.8654971833316       0.82863719248335621       -1.6521009162627366E-005   6.2838513768975141E-003
   2404.8654971833316       0.82871031112674953       -1.6523438913787962E-005   6.3003748158113023E-003
   2409.8654971833316       0.82878306446633898       -1.6525856667665884E-005   6.3169006724789678E-003
   2414.8654971833316       0.82885545492157875       -1.6528262502536386E-005   6.3334289349815040E-003
   2419.8654971833316       0.82892748489155355       -1.6530656496027146E-005   6.3499595914775315E-003
   2424.8654971833316       0.82899915675517455       -1.6533038725124367E-005   6.3664926302026562E-003
   2429.8654971833316       0.82907047287138702       -1.6535409266179245E-005   6.3830280394688351E-003
   2434.8654971833316       0.82914143557939035       -1.6537768194914880E-005   6.3995658076637504E-003
   2439.8654971833316       0.82921204719884012       -1.6540115586432550E-005   6.4161059232501830E-003
   2444.8654971833316       0.82928231003000785       -1.6542451515216639E-005   6.4326483747653993E-003
   2449.8654971833316       0.82935222635401928       -1.6544776055142172E-005   6.4491931508205416E-003
   2454.8654971833316       0.82942179843307551       -1.6547089279481732E-005   6.4657402401000234E-003
   2459.8654971833316       0.82949102851056566       -1.6549391260908848E-005   6.4822896313609319E-003
   2464.8654971833316       0.82955991881133417       -1.6551682071506498E-005   6.4988413134324380E-003
   2469.8654971833316       0.82962847154181996       -1.6553961782771354E-005   6.5153952752152093E-003
   2474.8654971833316       0.82969668889028203       -1.6556230465620917E-005   6.5319515056808299E-003
   2479.8654971833316       0.82976457302695106       -1.6558488190398192E-005   6.5485099938712285E-003
   2484.8654971833316       0.82983212610420010       -1.6560735026876994E-005   6.5650707288981052E-003
   2489.8654971833316       0.82989935025677797       -1.6562971044269389E-005   6.5816336999423748E-003
   2494.8654971833316       0.82996624760196147       -1.6565196311230365E-005   6.5981988962536056E-003
   2499.8654971833316       0.83003282023969593       -1.6567410895862192E-005   6.6147663071494675E-003
   2504.8654971833316       0.83009907025281038       -1.6569614865721231E-005   6.6313359220151885E-003
   2509.8654971833316       0.83016499970718527       -1.6571808287823186E-005   6.6479077303030114E-003
   2514.8654971833316       0.83023061065189374       -1.6573991228647464E-005   6.6644817215316590E-003
   2519.8654971833316       0.83029590511939877       -1.6576163754143412E-005   6.6810578852858028E-003
   2524.8654971833316       0.83036088512569095       -1.6578325929734593E-005   6.6976362112155371E-003
   2529.8654971833316       0.83042555267050300       -1.6580477820325594E-005   6.7142166890358625E-003
   2534.8654971833316       0.83048990973740255       -1.6582619490304816E-005   6.7307993085261673E-003
   2539.8654971833316       0.83055395829398793       -1.6584751003550667E-005   6.7473840595297183E-003
   2544.8654971833316       0.83061770029205195       -1.6586872423436739E-005   6.7639709319531555E-003
   2549.8654971833316       0.83068113766772167       -1.6588983812836123E-005   6.7805599157659919E-003
   2554.8654971833316       0.83074427234162018       -1.6591085234126537E-005   6.7971510010001188E-003
   2559.8654971833316       0.83080710621901643       -1.6593176749195007E-005   6.8137441777493136E-003
   2564.8654971833316       0.83086964118997453       -1.6595258419442552E-005   6.8303394361687560E-003
   2569.8654971833316       0.83093187912949129       -1.6597330305788496E-005   6.8469367664745441E-003
   2574.8654971833316       0.83099382189769289       -1.6599392468676713E-005   6.8635361589432205E-003
   2579.8654971833316       0.83105547133989721       -1.6601444968077452E-005   6.8801376039112983E-003
   2584.8654971833316       0.83111682928681785       -1.6603487863493859E-005   6.8967410917747923E-003
   2589.8654971833316       0.83117789755471505       -1.6605521213966726E-005   6.9133466129887586E-003
   2594.8654971833316       0.83123867794547779       -1.6607545078076976E-005   6.9299541580668360E-003
   2599.8654971833316       0.83129917224678906       -1.6609559513950887E-005   6.9465637175807867E-003
   2604.8654971833316       0.83135938223229988       -1.6611564579265673E-005   6.9631752821600525E-003
   2609.8654971833316       0.83141930966170752       -1.6613560331251801E-005   6.9797888424913039E-003
   2614.8654971833316       0.83147895628093837       -1.6615546826698850E-005   6.9964043893180027E-003
   2619.8654971833316       0.83153832382225290       -1.6617524121958765E-005   7.0130219134399612E-003
   2624.8654971833316       0.83159741400437370       -1.6619492272949883E-005   7.0296414057129109E-003
   2629.8654971833316       0.83165622853260768       -1.6621451335160755E-005   7.0462628570480716E-003
   2634.8654971833316       0.83171476909901099       -1.6623401363655429E-005   7.0628862584117269E-003
   2639.8654971833316       0.83177303738249420       -1.6625342413076694E-005   7.0795116008248032E-003
   2644.8654971833316       0.83183103504891476       -1.6627274537648967E-005   7.0961388753624519E-003
   2649.8654971833316       0.83188876375125986       -1.6629197791184143E-005   7.1127680731536361E-003
   2654.8654971833316       0.83194622512972760       -1.6631112227084075E-005   7.1293991853807201E-003
   2659.8654971833316       0.83200342081187506       -1.6633017898345293E-005   7.1460322032790655E-003
   2664.8654971833316       0.83206035241269916       -1.6634914857561506E-005   7.1626671181366274E-003
   2669.8654971833316       0.83211702153480283       -1.6636803156928891E-005   7.1793039212935559E-003
   2674.8654971833316       0.83217342976846009       -1.6638682848248088E-005   7.1959426041418037E-003
   2679.8654971833316       0.83222957869178382       -1.6640553982929561E-005   7.2125831581247336E-003
   2684.8654971833316       0.83228546987080732       -1.6642416611996123E-005   7.2292255747367301E-003
   2689.8654971833316       0.83234110485959623       -1.6644270786086478E-005   7.2458698455228170E-003
   2694.8654971833316       0.83239648520036291       -1.6646116555458810E-005   7.2625159620782762E-003
   2699.8654971833316       0.83245161242361432       -1.6647953969995536E-005   7.2791639160482719E-003
   2704.8654971833316       0.83250648804817906       -1.6649783079204026E-005   7.2958136991274763E-003
   2709.8654971833316       0.83256111358141016       -1.6651603932223143E-005   7.3124653030596995E-003
   2714.8654971833316       0.83261549051920891       -1.6653416577823870E-005   7.3291187196375231E-003
   2719.8654971833316       0.83266962034621050       -1.6655221064415328E-005   7.3457739407019381E-003
   2724.8654971833316       0.83272350453583610       -1.6657017440046294E-005   7.3624309581419847E-003
   2729.8654971833316       0.83277714455036733       -1.6658805752407550E-005   7.3790897638943923E-003
   2734.8654971833316       0.83283054184113714       -1.6660586048838035E-005   7.3957503499432302E-003
   2739.8654971833316       0.83288369784854088       -1.6662358376325049E-005   7.4124127083195551E-003
   2744.8654971833316       0.83293661400220975       -1.6664122781509882E-005   7.4290768311010653E-003
   2749.8654971833316       0.83298929172106151       -1.6665879310689308E-005   7.4457427104117546E-003
   2754.8654971833316       0.83304173241340906       -1.6667628009819070E-005   7.4624103384215738E-003
   2759.8654971833316       0.83309393747706229       -1.6669368924517074E-005   7.4790797073460910E-003
   2764.8654971833316       0.83314590829942803       -1.6671102100066605E-005   7.4957508094461575E-003
   2769.8654971833316       0.83319764625759885       -1.6672827581419083E-005   7.5124236370275764E-003
   2774.8654971833316       0.83324915271845512       -1.6674545413197340E-005   7.5290981824407740E-003
   2779.8654971833316       0.83330042903872836       -1.6676255639697569E-005   7.5457744380804720E-003
   2784.8654971833316       0.83335147656512709       -1.6677958304893352E-005   7.5624523963853654E-003
   2789.8654971833316       0.83340229663441845       -1.6679653452438265E-005   7.5791320498378037E-003
   2794.8654971833316       0.83345289057350502       -1.6681341125668255E-005   7.5958133909634724E-003
   2799.8654971833316       0.83350325969953509       -1.6683021367605184E-005   7.6124964123310780E-003
   2804.8654971833316       0.83355340531998368       -1.6684694220959396E-005   7.6291811065520377E-003
   2809.8654971833316       0.83360332873268472       -1.6686359728130634E-005   7.6458674662801679E-003
   2814.8654971833316       0.83365303122602430       -1.6688017931214344E-005   7.6625554842113825E-003
   2819.8654971833316       0.83370251407894025       -1.6689668872001537E-005   7.6792451530833840E-003
   2824.8654971833316       0.83375177856103722       -1.6691312591982467E-005   7.6959364656753668E-003
   2829.8654971833316       0.83380082593262983       -1.6692949132347958E-005   7.7126294148077146E-003
   2834.8654971833316       0.83384965744494144       -1.6694578533995883E-005   7.7293239933417107E-003
   2839.8654971833316       0.83389827434002861       -1.6696200837528514E-005   7.7460201941792388E-003
   2844.8654971833316       0.83394667785097787       -1.6697816083258973E-005   7.7627180102624975E-003
   2849.8654971833316       0.83399486920192833       -1.6699424311211842E-005   7.7794174345737098E-003
   2854.8654971833316       0.83404284960816943       -1.6701025561126290E-005   7.7961184601348359E-003
   2859.8654971833316       0.83409062027622027       -1.6702619872458613E-005   7.8128210800072952E-003
   2864.8654971833316       0.83413818240392601       -1.6704207284385323E-005   7.8295252872916804E-003
   2869.8654971833316       0.83418553718048027       -1.6705787835803760E-005   7.8462310751274845E-003
   2874.8654971833316       0.83423268578653664       -1.6707361565335707E-005   7.8629384366928207E-003
   2879.8654971833316       0.83427962939427969       -1.6708928511329628E-005   7.8796473652041499E-003
   2884.8654971833316       0.83432636916752601       -1.6710488711863940E-005   7.8963578539160140E-003
   2889.8654971833316       0.83437290626173843       -1.6712042204747362E-005   7.9130698961207609E-003
   2894.8654971833316       0.83441924182413385       -1.6713589027522383E-005   7.9297834851482837E-003
   2899.8654971833316       0.83446537699375789       -1.6715129217467670E-005   7.9464986143657507E-003
   2904.8654971833316       0.83451131290157587       -1.6716662811600974E-005   7.9632152771773514E-003
   2909.8654971833316       0.83455705067045927       -1.6718189846678578E-005   7.9799334670240304E-003
   2914.8654971833316       0.83460259141534343       -1.6719710359200441E-005   7.9966531773832308E-003
   2919.8654971833316       0.83464793624330036       -1.6721224385412524E-005   8.0133744017686429E-003
   2924.8654971833316       0.83469308625351646       -1.6722731961305962E-005   8.0300971337299489E-003
   2929.8654971833316       0.83473804253745310       -1.6724233122622288E-005   8.0468213668525718E-003
   2934.8654971833316       0.83478280617885159       -1.6725727904853512E-005   8.0635470947574249E-003
   2939.8654971833316       0.83482737825383468       -1.6727216343245406E-005   8.0802743111006697E-003
   2944.8654971833316       0.83487175983098671       -1.6728698472800075E-005   8.0970030095734689E-003
   2949.8654971833316       0.83491595197135005       -1.6730174328275754E-005   8.1137331839017442E-003
   2954.8654971833316       0.83495995572852844       -1.6731643944190139E-005   8.1304648278459346E-003
   2959.8654971833316       0.83500377214880561       -1.6733107354824267E-005   8.1471979352007590E-003
   2964.8654971833316       0.83504740227111796       -1.6734564594221499E-005   8.1639324997949802E-003
   2969.8654971833316       0.83509084712717452       -1.6736015696191438E-005   8.1806685154911709E-003
   2974.8654971833316       0.83513410774147856       -1.6737460694310553E-005   8.1974059761854810E-003
   2979.8654971833316       0.83517718513141603       -1.6738899621925038E-005   8.2141448758074054E-003
   2984.8654971833316       0.83522008030731609       -1.6740332512152756E-005   8.2308852083195581E-003
   2989.8654971833316       0.83526279427253047       -1.6741759397885772E-005   8.2476269677174436E-003
   2994.8654971833316       0.83530532802341351       -1.6743180311789641E-005   8.2643701480292330E-003
   2999.8654971833316       0.83534768254944858       -1.6744595286307499E-005   8.2811147433155402E-003
   3004.8654971833316       0.83538985883330941       -1.6746004353662052E-005   8.2978607476692015E-003
   3009.8654971833316       0.83543185785090313       -1.6747407545856916E-005   8.3146081552150589E-003
   3014.8654971833316       0.83547368057138227       -1.6748804894676940E-005   8.3313569601097363E-003
   3019.8654971833316       0.83551532795727923       -1.6750196431692608E-005   8.3481071565414296E-003
   3024.8654971833316       0.83555680096451490       -1.6751582188260260E-005   8.3648587387296896E-003
   3029.8654971833316       0.83559810054245232       -1.6752962195523786E-005   8.3816117009252126E-003
   3034.8654971833316       0.83563922763396981       -1.6754336484416999E-005   8.3983660374096301E-003
   3039.8654971833316       0.83568018317552084       -1.6755705085665544E-005   8.4151217424952955E-003
   3044.8654971833316       0.83572096809716023       -1.6757068029787718E-005   8.4318788105250831E-003
   3049.8654971833316       0.83576158332262229       -1.6758425347096972E-005   8.4486372358721796E-003
   3054.8654971833316       0.83580202976932749       -1.6759777067702095E-005   8.4653970129398813E-003
   3059.8654971833316       0.83584230834848516       -1.6761123221510538E-005   8.4821581361613912E-003
   3064.8654971833316       0.83588241996516155       -1.6762463838230628E-005   8.4989205999996213E-003
   3069.8654971833316       0.83592236551827181       -1.6763798947371228E-005   8.5156843989469926E-003
   3074.8654971833316       0.83596214590062579       -1.6765128578243189E-005   8.5324495275252363E-003
   3079.8654971833316       0.83600176199905829       -1.6766452759963630E-005   8.5492159802851991E-003
   3084.8654971833316       0.83604121469440640       -1.6767771521455125E-005   8.5659837518066544E-003
   3089.8654971833316       0.83608050486158381       -1.6769084891448100E-005   8.5827528366981022E-003
   3094.8654971833316       0.83611963336962469       -1.6770392898482226E-005   8.5995232295965843E-003
   3099.8654971833316       0.83615860108175855       -1.6771695570908874E-005   8.6162949251674930E-003
   3104.8654971833316       0.83619740885536475       -1.6772992936889518E-005   8.6330679181043819E-003
   3109.8654971833316       0.83623605754215113       -1.6774285024401615E-005   8.6498422031287842E-003
   3114.8654971833316       0.83627454798812895       -1.6775571861237751E-005   8.6666177749900215E-003
   3119.8654971833316       0.83631288103364521       -1.6776853475006610E-005   8.6833946284650288E-003
   3124.8654971833316       0.83635105751344641       -1.6778129893135071E-005   8.7001727583581635E-003
   3129.8654971833316       0.83638907825674302       -1.6779401142870277E-005   8.7169521595010339E-003
   3134.8654971833316       0.83642694408725171       -1.6780667251280997E-005   8.7337328267523152E-003
   3139.8654971833316       0.83646465582320462       -1.6781928245257878E-005   8.7505147549975723E-003
   3144.8654971833316       0.83650221427743021       -1.6783184151516080E-005   8.7672979391490886E-003
   3149.8654971833316       0.83653962025736739       -1.6784434996595684E-005   8.7840823741456835E-003
   3154.8654971833316       0.83657687456513274       -1.6785680806863893E-005   8.8008680549525476E-003
   3159.8654971833316       0.83661397799756410       -1.6786921608516409E-005   8.8176549765610641E-003
   3164.8654971833316       0.83665093134624402       -1.6788157427578182E-005   8.8344431339886422E-003
   3169.8654971833316       0.83668773539752828       -1.6789388289904290E-005   8.8512325222785473E-003
   3174.8654971833316       0.83672439093264206       -1.6790614221183115E-005   8.8680231364997308E-003
   3179.8654971833316       0.83676089872768034       -1.6791835246936267E-005   8.8848149717466671E-003
   3184.8654971833316       0.83679725955366646       -1.6793051392520529E-005   8.9016080231391868E-003
   3189.8654971833316       0.83683347417656018       -1.6794262683128039E-005   8.9184022858223144E-003
   3194.8654971833316       0.83686954335733432       -1.6795469143788817E-005   8.9351977549661024E-003
   3199.8654971833316       0.83690546785200548       -1.6796670799371724E-005   8.9519944257654745E-003
   3204.8654971833316       0.83694124841165984       -1.6797867674585290E-005   8.9687922934400602E-003
   3209.8654971833316       0.83697688578250529       -1.6799059793979389E-005   8.9855913532340403E-003
   3214.8654971833316       0.83701238070590700       -1.6800247181946384E-005   9.0023916004159862E-003
   3219.8654971833316       0.83704773391844023       -1.6801429862722841E-005   9.0191930302787084E-003
   3224.8654971833316       0.83708294615188217       -1.6802607860389203E-005   9.0359956381390969E-003
   3229.8654971833316       0.83711801813330555       -1.6803781198872885E-005   9.0527994193379691E-003
   3234.8654971833316       0.83715295058506078       -1.6804949901947604E-005   9.0696043692399166E-003
   3239.8654971833316       0.83718774422486264       -1.6806113993236245E-005   9.0864104832331528E-003
   3244.8654971833316       0.83722239976581136       -1.6807273496211515E-005   9.1032177567293635E-003
   3249.8654971833316       0.83725691791640977       -1.6808428434196475E-005   9.1200261851635597E-003
   3254.8654971833316       0.83729129938061830       -1.6809578830366319E-005   9.1368357639939266E-003
   3259.8654971833316       0.83732554485789878       -1.6810724707749808E-005   9.1536464887016760E-003
   3264.8654971833316       0.83735965504319843       -1.6811866089228674E-005   9.1704583547909044E-003
   3269.8654971833316       0.83739363062706129       -1.6813002997541309E-005   9.1872713577884450E-003
   3274.8654971833316       0.83742747229559866       -1.6814135455281738E-005   9.2040854932437261E-003
   3279.8654971833316       0.83746118073055975       -1.6815263484901934E-005   9.2209007567286283E-003
   3284.8654971833316       0.83749475660933970       -1.6816387108712025E-005   9.2377171438373408E-003
   3289.8654971833316       0.83752820060504263       -1.6817506348882397E-005   9.2545346501862226E-003
   3294.8654971833316       0.83756151338650531       -1.6818621227444402E-005   9.2713532714136671E-003
   3299.8654971833316       0.83759469561829769       -1.6819731766290361E-005   9.2881730031799583E-003
   3304.8654971833316       0.83762774796078843       -1.6820837987175715E-005   9.3049938411671335E-003
   3309.8654971833316       0.83766067107018716       -1.6821939911720378E-005   9.3218157810788533E-003
   3314.8654971833316       0.83769346559855229       -1.6823037561408964E-005   9.3386388186402630E-003
   3319.8654971833316       0.83772613219383807       -1.6824130957592352E-005   9.3554629495978554E-003
   3324.8654971833316       0.83775867149990180       -1.6825220121487826E-005   9.3722881697193439E-003
   3329.8654971833316       0.83779108415655579       -1.6826305074180844E-005   9.3891144747935244E-003
   3334.8654971833316       0.83782337079960079       -1.6827385836626056E-005   9.4059418606301497E-003
   3339.8654971833316       0.83785553206083963       -1.6828462429647768E-005   9.4227703230597981E-003
   3344.8654971833316       0.83788756856812474       -1.6829534873941468E-005   9.4395998579337396E-003
   3349.8654971833316       0.83791948094538438       -1.6830603190074677E-005   9.4564304611238145E-003
   3354.8654971833316       0.83795126981264356       -1.6831667398487595E-005   9.4732621285223018E-003
   3359.8654971833316       0.83798293578607419       -1.6832727519494776E-005   9.4900948560417957E-003
   3364.8654971833316       0.83801447947799745       -1.6833783573285138E-005   9.5069286396150809E-003
   3369.8654971833316       0.83804590149690306       -1.6834835579922597E-005   9.5237634751950042E-003
   3374.8654971833316       0.83807720244753015       -1.6835883559348709E-005   9.5405993587543529E-003
   3379.8654971833316       0.83810838293085332       -1.6836927531382195E-005   9.5574362862857355E-003
   3384.8654971833316       0.83813944354413983       -1.6837967515720821E-005   9.5742742538014562E-003
   3389.8654971833316       0.83817038488093820       -1.6839003531940947E-005   9.5911132573333977E-003
   3394.8654971833316       0.83820120753112337       -1.6840035599499048E-005   9.6079532929328974E-003
   3399.8654971833316       0.83823191208095205       -1.6841063737733516E-005   9.6247943566706313E-003
   3404.8654971833316       0.83826249911305473       -1.6842087965864345E-005   9.6416364446364963E-003
   3409.8654971833316       0.83829296920649410       -1.6843108302995076E-005   9.6584795529394921E-003
   3414.8654971833316       0.83832332293675071       -1.6844124768112278E-005   9.6753236777076049E-003
   3419.8654971833316       0.83835356087577440       -1.6845137380087218E-005   9.6921688150876928E-003
   3424.8654971833316       0.83838368359199555       -1.6846146157676241E-005   9.7090149612453682E-003
   3429.8654971833316       0.83841369165038859       -1.6847151119522840E-005   9.7258621123648917E-003
   3434.8654971833316       0.83844358561246668       -1.6848152284157447E-005   9.7427102646490491E-003
   3439.8654971833316       0.83847336603630673       -1.6849149669998259E-005   9.7595594143190471E-003
   3444.8654971833316       0.83850303347657495       -1.6850143295352034E-005   9.7764095576143989E-003
   3449.8654971833316       0.83853258848457612       -1.6851133178415743E-005   9.7932606907928151E-003
   3454.8654971833316       0.83856203160824383       -1.6852119337276183E-005   9.8101128101300908E-003
   3459.8654971833316       0.83859136339220763       -1.6853101789912226E-005   9.8269659119200031E-003
   3464.8654971833316       0.83862058437774434       -1.6854080554193119E-005   9.8438199924741968E-003
   3469.8654971833316       0.83864969510291087       -1.6855055647882959E-005   9.8606750481220803E-003
   3474.8654971833316       0.83867869610244294       -1.6856027088637217E-005   9.8775310752107180E-003
   3479.8654971833316       0.83870758790789302       -1.6856994894007363E-005   9.8943880701047246E-003
   3484.8654971833316       0.83873637104759047       -1.6857959081439499E-005   9.9112460291861642E-003
   3489.8654971833316       0.83876504604667723       -1.6858919668275505E-005   9.9281049488544396E-003
   3494.8654971833316       0.83879361342712722       -1.6859876671753701E-005   9.9449648255261931E-003
   3499.8654971833316       0.83882207370777695       -1.6860830109009808E-005   9.9618256556352029E-003
   3504.8654971833316       0.83885042740435600       -1.6861779997077950E-005   9.9786874356322802E-003
   3509.8654971833316       0.83887867502948876       -1.6862726352890719E-005   9.9955501619851707E-003
   3514.8654971833316       0.83890681709272674       -1.6863669193280177E-005   1.0012413831178450E-002
   3519.8654971833316       0.83893485410058843       -1.6864608534979209E-005   1.0029278439713430E-002
   3524.8654971833316       0.83896278655655321       -1.6865544394621266E-005   1.0046143984108051E-002
   3529.8654971833316       0.83899061496110217       -1.6866476788741728E-005   1.0063010460896792E-002
   3534.8654971833316       0.83901833981171370       -1.6867405733777718E-005   1.0079877866630570E-002
   3539.8654971833316       0.83904596160291656       -1.6868331246069868E-005   1.0096746197876641E-002
   3544.8654971833316       0.83907348082631372       -1.6869253341863063E-005   1.0113615451218503E-002
   3549.8654971833316       0.83910089797057197       -1.6870172037306113E-005   1.0130485623255810E-002
   3554.8654971833316       0.83912821352146050       -1.6871087348452979E-005   1.0147356710604263E-002
   3559.8654971833316       0.83915542796188181       -1.6871999291263823E-005   1.0164228709895527E-002
   3564.8654971833316       0.83918254177186624       -1.6872907881604771E-005   1.0181101617777131E-002
   3569.8654971833316       0.83920955542861542       -1.6873813135249359E-005   1.0197975430912380E-002
   3574.8654971833316       0.83923646940651786       -1.6874715067879025E-005   1.0214850145980258E-002
   3579.8654971833316       0.83926328417714868       -1.6875613695083094E-005   1.0231725759675342E-002
   3584.8654971833316       0.83929000020933298       -1.6876509032360861E-005   1.0248602268707703E-002
   3589.8654971833316       0.83931661796913226       -1.6877401095121124E-005   1.0265479669802824E-002
   3594.8654971833316       0.83934313791985249       -1.6878289898682428E-005   1.0282357959701506E-002
   3599.8654971833316       0.83936956052209000       -1.6879175458274577E-005   1.0299237135159780E-002
   3604.8654971833316       0.83939588623376971       -1.6880057789039908E-005   1.0316117192948820E-002
   3609.8654971833316       0.83942211551010282       -1.6880936906031833E-005   1.0332998129854852E-002
   3614.8654971833316       0.83944824880364521       -1.6881812824216795E-005   1.0349879942679070E-002
   3619.8654971833316       0.83947428656434797       -1.6882685558475909E-005   1.0366762628237545E-002
   3624.8654971833316       0.83950022923947842       -1.6883555123602340E-005   1.0383646183361147E-002
   3629.8654971833316       0.83952607727376216       -1.6884421534306013E-005   1.0400530604895453E-002
   3634.8654971833316       0.83955183110927822       -1.6885284805210067E-005   1.0417415889700663E-002
   3639.8654971833316       0.83957749118558689       -1.6886144950855163E-005   1.0434302034651519E-002
   3644.8654971833316       0.83960305793967926       -1.6887001985697728E-005   1.0451189036637217E-002
   3649.8654971833316       0.83962853180602659       -1.6887855924111616E-005   1.0468076892561328E-002
   3654.8654971833316       0.83965391321657212       -1.6888706780387802E-005   1.0484965599341716E-002
   3659.8654971833316       0.83967920260076334       -1.6889554568735460E-005   1.0501855153910451E-002
   3664.8654971833316       0.83970440038554850       -1.6890399303281808E-005   1.0518745553213733E-002
   3669.8654971833316       0.83972950699547300       -1.6891240998075328E-005   1.0535636794211808E-002
   3674.8654971833316       0.83975452285258534       -1.6892079667082607E-005   1.0552528873878891E-002
   3679.8654971833316       0.83977944837651897       -1.6892915324191032E-005   1.0569421789203082E-002
   3684.8654971833316       0.83980428398453000       -1.6893747983210074E-005   1.0586315537186293E-002
   3689.8654971833316       0.83982903009142418       -1.6894577657868799E-005   1.0603210114844162E-002
   3694.8654971833316       0.83985368710967423       -1.6895404361819781E-005   1.0620105519205982E-002
   3699.8654971833316       0.83987825544936667       -1.6896228108637311E-005   1.0637001747314618E-002
   3704.8654971833316       0.83990273551824890       -1.6897048911818959E-005   1.0653898796226437E-002
   3709.8654971833316       0.83992712772174127       -1.6897866784785946E-005   1.0670796663011224E-002
   3714.8654971833316       0.83995143246296211       -1.6898681740884008E-005   1.0687695344752108E-002
   3719.8654971833316       0.83997565014273445       -1.6899493793383538E-005   1.0704594838545491E-002
   3724.8654971833316       0.83999978115956997       -1.6900302955479094E-005   1.0721495141500970E-002
   3729.8654971833316       0.84002382590975377       -1.6901109240292186E-005   1.0738396250741262E-002
   3734.8654971833316       0.84004778478730135       -1.6901912660869831E-005   1.0755298163402132E-002
   3739.8654971833316       0.84007165818398588       -1.6902713230185451E-005   1.0772200876632318E-002
   3744.8654971833316       0.84009544648938528       -1.6903510961140438E-005   1.0789104387593458E-002
   3749.8654971833316       0.84011915009087390       -1.6904305866563850E-005   1.0806008693460023E-002
   3754.8654971833316       0.84014276937361188       -1.6905097959212046E-005   1.0822913791419234E-002
   3759.8654971833316       0.84016630472058929       -1.6905887251770143E-005   1.0839819678671004E-002
   3764.8654971833316       0.84018975651265615       -1.6906673756853034E-005   1.0856726352427857E-002
   3769.8654971833316       0.84021312512852420       -1.6907457487005377E-005   1.0873633809914861E-002
   3774.8654971833316       0.84023641094476176       -1.6908238454701471E-005   1.0890542048369563E-002
   3779.8654971833316       0.84025961433582441       -1.6909016672346226E-005   1.0907451065041910E-002
   3784.8654971833316       0.84028273567404888       -1.6909792152274965E-005   1.0924360857194185E-002
   3789.8654971833316       0.84030577532971351       -1.6910564906755419E-005   1.0941271422100940E-002
   3794.8654971833316       0.84032873367101069       -1.6911334947986811E-005   1.0958182757048927E-002
   3799.8654971833316       0.84035161106407197       -1.6912102288100665E-005   1.0975094859337028E-002
   3804.8654971833316       0.84037440787299666       -1.6912866939161765E-005   1.0992007726276190E-002
