 #              _____________________  _______________________             #
 #              ___  __ \__  __ \_  / / /_  /___  ____/_  ___/             #
 #              __  / / /_  /_/ /  / / /_  __/_  __/  _____ \              #
 #              _  /_/ /_  _, _// /_/ / / /_ _  /___  ____/ /              #
 #              /_____/ /_/ |_| \____/  \__/ /_____/  /____/               #
 #                                                                         #
  
 #        time                      [L]                   runoff elevation [m a.m.s.l]       runoff flux [L3.T-1.L-2]   in    x              directions   cumulative flux
 #-----------------------------------------------------------------------------------------------

   0.0000000000000000        0.0000000000000000       -0.0000000000000000        0.0000000000000000     
   1.0000000000000000E-004   0.0000000000000000       -0.0000000000000000        0.0000000000000000     
   2.0600000000000002E-004   0.0000000000000000       -0.0000000000000000        0.0000000000000000     
   3.1836000000000006E-004   0.0000000000000000       -0.0000000000000000        0.0000000000000000     
   4.3746160000000009E-004   0.0000000000000000       -0.0000000000000000        0.0000000000000000     
   5.6370929600000014E-004   0.0000000000000000       -0.0000000000000000        0.0000000000000000     
   6.9753185376000013E-004   0.0000000000000000       -0.0000000000000000        0.0000000000000000     
   8.3938376498560023E-004   0.0000000000000000       -0.0000000000000000        0.0000000000000000     
   9.8974679088473629E-004   0.0000000000000000       -0.0000000000000000        0.0000000000000000     
   1.1491315983378205E-003   0.0000000000000000       -0.0000000000000000        0.0000000000000000     
   1.3180794942380899E-003   0.0000000000000000       -0.0000000000000000        0.0000000000000000     
   1.4971642638923754E-003   0.0000000000000000       -0.0000000000000000        0.0000000000000000     
   1.6869941197259180E-003   0.0000000000000000       -0.0000000000000000        0.0000000000000000     
   1.8882137669094731E-003   0.0000000000000000       -0.0000000000000000        0.0000000000000000     
   2.1015065929240414E-003   0.0000000000000000       -0.0000000000000000        0.0000000000000000     
   2.3275969884994840E-003   0.0000000000000000       -0.0000000000000000        0.0000000000000000     
   2.5672528078094533E-003   0.0000000000000000       -0.0000000000000000        0.0000000000000000     
   2.8212879762780207E-003   0.0000000000000000       -0.0000000000000000        0.0000000000000000     
   3.0905652548547020E-003   0.0000000000000000       -0.0000000000000000        0.0000000000000000     
   3.3759991701459843E-003   0.0000000000000000       -0.0000000000000000        0.0000000000000000     
   3.6785591203547436E-003   0.0000000000000000       -0.0000000000000000        0.0000000000000000     
   3.9992726675760282E-003   0.0000000000000000       -0.0000000000000000        0.0000000000000000     
   4.3392290276305897E-003   0.0000000000000000       -0.0000000000000000        0.0000000000000000     
   4.6995827692884254E-003   0.0000000000000000       -0.0000000000000000        0.0000000000000000     
   5.0815577354457308E-003   0.0000000000000000       -0.0000000000000000        0.0000000000000000     
   5.4864511995724747E-003   0.0000000000000000       -0.0000000000000000        0.0000000000000000     
   5.9156382715468232E-003   0.0000000000000000       -0.0000000000000000        0.0000000000000000     
   6.3705765678396331E-003   0.0000000000000000       -0.0000000000000000        0.0000000000000000     
   6.8528111619100118E-003   0.0000000000000000       -0.0000000000000000        0.0000000000000000     
   7.3639798316246126E-003   0.0000000000000000       -0.0000000000000000        0.0000000000000000     
   7.9058186215220892E-003   0.0000000000000000       -0.0000000000000000        0.0000000000000000     
   8.4801677388134152E-003   0.0000000000000000       -0.0000000000000000        0.0000000000000000     
   9.0889778031422210E-003   0.0000000000000000       -0.0000000000000000        0.0000000000000000     
   9.7343164713307555E-003   0.0000000000000000       -0.0000000000000000        0.0000000000000000     
   1.0418375459610602E-002   0.0000000000000000       -0.0000000000000000        0.0000000000000000     
   1.1143477987187239E-002   0.0000000000000000       -0.0000000000000000        0.0000000000000000     
   1.1912086666418473E-002   0.0000000000000000       -0.0000000000000000        0.0000000000000000     
   1.2726811866403582E-002   0.0000000000000000       -0.0000000000000000        0.0000000000000000     
   1.3590420578387798E-002   0.0000000000000000       -0.0000000000000000        0.0000000000000000     
   1.4505845813091067E-002   0.0000000000000000       -0.0000000000000000        0.0000000000000000     
   1.5476196561876531E-002   0.0000000000000000       -0.0000000000000000        0.0000000000000000     
   1.6504768355589124E-002   0.0000000000000000       -0.0000000000000000        0.0000000000000000     
   1.7595054456924473E-002   0.0000000000000000       -0.0000000000000000        0.0000000000000000     
   1.8750757724339942E-002   0.0000000000000000       -0.0000000000000000        0.0000000000000000     
   1.9975803187800338E-002   0.0000000000000000       -0.0000000000000000        0.0000000000000000     
   2.1274351379068360E-002   0.0000000000000000       -0.0000000000000000        0.0000000000000000     
   2.2650812461812463E-002   0.0000000000000000       -0.0000000000000000        0.0000000000000000     
   2.4109861209521213E-002   0.0000000000000000       -0.0000000000000000        0.0000000000000000     
   2.5656452882092486E-002   0.0000000000000000       -0.0000000000000000        0.0000000000000000     
   2.7295840055018037E-002   0.0000000000000000       -0.0000000000000000        0.0000000000000000     
   2.9033590458319120E-002   0.0000000000000000       -0.0000000000000000        0.0000000000000000     
   3.0875605885818270E-002   0.0000000000000000       -0.0000000000000000        0.0000000000000000     
   3.2828142238967364E-002   0.0000000000000000       -0.0000000000000000        0.0000000000000000     
   3.4897830773305411E-002   0.0000000000000000       -0.0000000000000000        0.0000000000000000     
   3.7091700619703738E-002   0.0000000000000000       -0.0000000000000000        0.0000000000000000     
   3.9417202656885961E-002   0.0000000000000000       -0.0000000000000000        0.0000000000000000     
   4.1882234816299123E-002   0.0000000000000000       -0.0000000000000000        0.0000000000000000     
   4.4495168905277070E-002   0.0000000000000000       -0.0000000000000000        0.0000000000000000     
   4.7264879039593699E-002   0.0000000000000000       -0.0000000000000000        0.0000000000000000     
   5.0200771781969321E-002   0.0000000000000000       -0.0000000000000000        0.0000000000000000     
   5.3312818088887486E-002   0.0000000000000000       -0.0000000000000000        0.0000000000000000     
   5.6611587174220740E-002   0.0000000000000000       -0.0000000000000000        0.0000000000000000     
   6.0108282404673988E-002   0.0000000000000000       -0.0000000000000000        0.0000000000000000     
   6.3814779348954437E-002   0.0000000000000000       -0.0000000000000000        0.0000000000000000     
   6.7743666109891701E-002   0.0000000000000000       -0.0000000000000000        0.0000000000000000     
   7.1908286076485209E-002   0.0000000000000000       -0.0000000000000000        0.0000000000000000     
   7.6322783241074332E-002   0.0000000000000000       -0.0000000000000000        0.0000000000000000     
   8.1002150235538792E-002   0.0000000000000000       -0.0000000000000000        0.0000000000000000     
   8.5962279249671120E-002   0.0000000000000000       -0.0000000000000000        0.0000000000000000     
   9.1220016004651391E-002   0.0000000000000000       -0.0000000000000000        0.0000000000000000     
   9.6793216964930484E-002   0.0000000000000000       -0.0000000000000000        0.0000000000000000     
  0.10270080998282632        0.0000000000000000       -0.0000000000000000        0.0000000000000000     
  0.10896285858179591        0.0000000000000000       -0.0000000000000000        0.0000000000000000     
  0.11560063009670367        0.0000000000000000       -0.0000000000000000        0.0000000000000000     
  0.12263666790250589        0.0000000000000000       -0.0000000000000000        0.0000000000000000     
  0.13009486797665626        0.0000000000000000       -0.0000000000000000        0.0000000000000000     
  0.13800056005525563        0.0000000000000000       -0.0000000000000000        0.0000000000000000     
  0.14638059365857098        0.0000000000000000       -0.0000000000000000        0.0000000000000000     
  0.15526342927808526        0.0000000000000000       -0.0000000000000000        0.0000000000000000     
  0.16467923503477039        0.0000000000000000       -0.0000000000000000        0.0000000000000000     
  0.17465998913685662        0.0000000000000000       -0.0000000000000000        0.0000000000000000     
  0.18523958848506802        0.0000000000000000       -0.0000000000000000        0.0000000000000000     
  0.19645396379417213        0.0000000000000000       -0.0000000000000000        0.0000000000000000     
  0.20834120162182246        0.0000000000000000       -0.0000000000000000        0.0000000000000000     
  0.22094167371913181        0.0000000000000000       -0.0000000000000000        0.0000000000000000     
  0.23429817414227974        0.0000000000000000       -0.0000000000000000        0.0000000000000000     
  0.24845606459081654        0.0000000000000000       -0.0000000000000000        0.0000000000000000     
  0.26346342846626553        0.0000000000000000       -0.0000000000000000        0.0000000000000000     
  0.27937123417424148        0.0000000000000000       -0.0000000000000000        0.0000000000000000     
  0.29623350822469596        0.0000000000000000       -0.0000000000000000        0.0000000000000000     
  0.31410751871817771        0.0000000000000000       -0.0000000000000000        0.0000000000000000     
  0.33305396984126839        0.0000000000000000       -0.0000000000000000        0.0000000000000000     
  0.35313720803174453        0.0000000000000000       -0.0000000000000000        0.0000000000000000     
  0.37442544051364923        0.0000000000000000       -0.0000000000000000        0.0000000000000000     
  0.39699096694446823        0.0000000000000000       -0.0000000000000000        0.0000000000000000     
  0.42091042496113634        0.0000000000000000       -0.0000000000000000        0.0000000000000000     
  0.44626505045880455        0.0000000000000000       -0.0000000000000000        0.0000000000000000     
  0.47314095348633284        0.0000000000000000       -0.0000000000000000        0.0000000000000000     
  0.50162941069551281        0.0000000000000000       -0.0000000000000000        0.0000000000000000     
  0.53182717533724366        0.0000000000000000       -0.0000000000000000        0.0000000000000000     
  0.56383680585747831        0.0000000000000000       -0.0000000000000000        0.0000000000000000     
  0.59776701420892708        0.0000000000000000       -0.0000000000000000        0.0000000000000000     
  0.63373303506146272        0.0000000000000000       -0.0000000000000000        0.0000000000000000     
  0.67185701716515056        0.0000000000000000       -0.0000000000000000        0.0000000000000000     
  0.71226843819505958        0.0000000000000000       -0.0000000000000000        0.0000000000000000     
  0.75510454448676323        0.0000000000000000       -0.0000000000000000        0.0000000000000000     
  0.80051081715596906        0.0000000000000000       -0.0000000000000000        0.0000000000000000     
  0.84864146618532721        0.0000000000000000       -0.0000000000000000        0.0000000000000000     
  0.89965995415644684        0.0000000000000000       -0.0000000000000000        0.0000000000000000     
  0.95373955140583366        0.0000000000000000       -0.0000000000000000        0.0000000000000000     
   1.0110639244901838        0.0000000000000000       -0.0000000000000000        0.0000000000000000     
   1.0718277599595949        0.0000000000000000       -0.0000000000000000        0.0000000000000000     
   1.1362374255571706        0.0000000000000000       -0.0000000000000000        0.0000000000000000     
   1.2045116710906008        0.0000000000000000       -0.0000000000000000        0.0000000000000000     
   1.2768823713560369        0.0000000000000000       -0.0000000000000000        0.0000000000000000     
   1.3535953136373993        0.0000000000000000       -0.0000000000000000        0.0000000000000000     
   1.4349110324556433        0.0000000000000000       -0.0000000000000000        0.0000000000000000     
   1.5211056944029819        0.0000000000000000       -0.0000000000000000        0.0000000000000000     
   1.6124720360671609        0.0000000000000000       -0.0000000000000000        0.0000000000000000     
   1.7093203582311907        0.0000000000000000       -0.0000000000000000        0.0000000000000000     
   1.8119795797250622        0.0000000000000000       -0.0000000000000000        0.0000000000000000     
   1.9207983545085661        0.0000000000000000       -0.0000000000000000        0.0000000000000000     
   2.0361462557790801        0.0000000000000000       -0.0000000000000000        0.0000000000000000     
   2.1584150311258252        0.0000000000000000       -0.0000000000000000        0.0000000000000000     
   2.2880199329933748        0.0000000000000000       -0.0000000000000000        0.0000000000000000     
   2.4254011289729775        0.0000000000000000       -0.0000000000000000        0.0000000000000000     
   2.5710251967113562        0.0000000000000000       -0.0000000000000000        0.0000000000000000     
   2.7253867085140375        0.0000000000000000       -0.0000000000000000        0.0000000000000000     
   2.8890099110248801        0.0000000000000000       -0.0000000000000000        0.0000000000000000     
   3.0624505056863729        0.0000000000000000       -0.0000000000000000        0.0000000000000000     
   3.2462975360275554        0.0000000000000000       -0.0000000000000000        0.0000000000000000     
   3.4411753881892091        0.0000000000000000       -0.0000000000000000        0.0000000000000000     
   3.6477459114805617        0.0000000000000000       -0.0000000000000000        0.0000000000000000     
   3.8667106661693955        0.0000000000000000       -0.0000000000000000        0.0000000000000000     
   4.0988133061395597        0.0000000000000000       -0.0000000000000000        0.0000000000000000     
   4.3448421045079337        0.0000000000000000       -0.0000000000000000        0.0000000000000000     
   4.6056326307784099        0.0000000000000000       -0.0000000000000000        0.0000000000000000     
   4.8820705886251146        0.0000000000000000       -0.0000000000000000        0.0000000000000000     
   5.1750948239426213        0.0000000000000000       -0.0000000000000000        0.0000000000000000     
   5.4857005133791787        0.0000000000000000       -0.0000000000000000        0.0000000000000000     
   5.8149425441819300        0.0000000000000000       -0.0000000000000000        0.0000000000000000     
   6.1639390968328458        0.0000000000000000       -0.0000000000000000        0.0000000000000000     
   6.5338754426428167        0.0000000000000000       -0.0000000000000000        0.0000000000000000     
   6.9260079692013861        0.0000000000000000       -0.0000000000000000        0.0000000000000000     
   7.3416684473534692        0.0000000000000000       -0.0000000000000000        0.0000000000000000     
   7.7822685541946779        0.0000000000000000       -0.0000000000000000        0.0000000000000000     
   8.2493046674463599        0.0000000000000000       -0.0000000000000000        0.0000000000000000     
   8.7443629474931424        0.0000000000000000       -0.0000000000000000        0.0000000000000000     
   9.2691247243427313        0.0000000000000000       -0.0000000000000000        0.0000000000000000     
   9.8253722078032961        0.0000000000000000       -0.0000000000000000        0.0000000000000000     
   10.414994540271495        0.0000000000000000       -0.0000000000000000        0.0000000000000000     
   11.039994212687786        0.0000000000000000       -0.0000000000000000        0.0000000000000000     
   11.702493865449053        0.0000000000000000       -0.0000000000000000        0.0000000000000000     
   12.404743497375996        0.0000000000000000       -0.0000000000000000        0.0000000000000000     
   13.149128107218557        0.0000000000000000       -0.0000000000000000        0.0000000000000000     
   13.938175793651672        0.0000000000000000       -0.0000000000000000        0.0000000000000000     
   14.774566341270774        0.0000000000000000       -0.0000000000000000        0.0000000000000000     
   15.661140321747020        0.0000000000000000       -0.0000000000000000        0.0000000000000000     
   16.600908741051843        0.0000000000000000       -0.0000000000000000        0.0000000000000000     
   17.597063265514954        0.0000000000000000       -0.0000000000000000        0.0000000000000000     
   18.652987061445852        0.0000000000000000       -0.0000000000000000        0.0000000000000000     
   19.772266285132606        0.0000000000000000       -0.0000000000000000        0.0000000000000000     
   20.958702262240564        0.0000000000000000       -0.0000000000000000        0.0000000000000000     
   22.216324397974997        0.0000000000000000       -0.0000000000000000        0.0000000000000000     
   23.549403861853499        0.0000000000000000       -0.0000000000000000        0.0000000000000000     
   24.962468093564709        0.0000000000000000       -0.0000000000000000        0.0000000000000000     
   26.460316179178594        0.0000000000000000       -0.0000000000000000        0.0000000000000000     
   28.048035149929312        0.0000000000000000       -0.0000000000000000        0.0000000000000000     
   29.731017258925071        0.0000000000000000       -0.0000000000000000        0.0000000000000000     
   31.514978294460576        0.0000000000000000       -0.0000000000000000        0.0000000000000000     
   33.405976992128210        0.0000000000000000       -0.0000000000000000        0.0000000000000000     
   35.410435611655906        0.0000000000000000       -0.0000000000000000        0.0000000000000000     
   37.535161748355264        0.0000000000000000       -0.0000000000000000        0.0000000000000000     
   39.787371453256583        0.0000000000000000       -0.0000000000000000        0.0000000000000000     
   42.174713740451978        0.0000000000000000       -0.0000000000000000        0.0000000000000000     
   44.705296564879099        0.0000000000000000       -0.0000000000000000        0.0000000000000000     
   47.387714358771845        0.0000000000000000       -0.0000000000000000        0.0000000000000000     
   50.231077220298161        0.0000000000000000       -0.0000000000000000        0.0000000000000000     
   53.245041853516049        0.0000000000000000       -0.0000000000000000        0.0000000000000000     
   56.439844364727016        0.0000000000000000       -0.0000000000000000        0.0000000000000000     
   59.826335026610636        5.8918926653064732E-004  -1.0957741250778398E-010   1.0957741250778398E-010
   63.416015128207277        3.9740437860868510E-003  -2.6384613897613660E-009   2.7480388022691500E-009
   67.221076035899713        1.0402831675758893E-002  -1.3118442693654857E-008   1.5866481495924009E-008
   71.254440598053705        2.0141004581933273E-002  -3.9454651403609727E-008   5.5321132899533735E-008
   75.529807033936933        3.3472288272324270E-002  -9.1996647660934425E-008   1.4731778056046817E-007
   80.061695455973151        5.0699839749494983E-002  -1.8378383423953290E-007   3.3110161480000104E-007
   84.865497183331541        7.2147474847697401E-002  -3.3087571228398693E-007   6.6197732708398797E-007
   89.865497183331541        9.7690815539166490E-002  -5.4834331779703578E-007   1.2103206448810238E-006
   94.865497183331541       0.12630533405638819       -8.4139349459916518E-007   2.0517141394801888E-006
   99.865497183331541       0.15773565775579654       -1.2185577946164126E-006   3.2702719340966015E-006
   104.86549718333154       0.19169300962228092       -1.6864499496221293E-006   4.9567218837187305E-006
   109.86549718333154       0.22763002077469768       -2.2456680501902570E-006   7.2023899339089871E-006
   114.86549718333154       0.26435182199663126       -2.8813776084804639E-006   1.0083767542389451E-005
   119.86549718333154       0.29988561658229967       -3.5554048223200275E-006   1.3639172364709480E-005
   124.86549718333154       0.33207735760769319       -4.2140055624942974E-006   1.7853177927203776E-005
   129.86549718333154       0.35954363364092701       -4.8107819055608193E-006   2.2663959832764596E-005
   134.86549718333154       0.38209630876471601       -5.3241596186542665E-006   2.7988119451418863E-005
   139.86549718333154       0.40042247603385861       -5.7565251727550749E-006   3.3744644624173940E-005
   144.86549718333154       0.41551172254986052       -6.1225893454840474E-006   3.9867233969657989E-005
   149.86549718333154       0.42826284355427524       -6.4389293111193804E-006   4.6306163280777367E-005
   154.86549718333154       0.43934475563961800       -6.7190118644929632E-006   5.3025175145270331E-005
   159.86549718333154       0.44920779428958374       -6.9722850702577534E-006   5.9997460215528082E-005
   164.86549718333154       0.45814335138250967       -7.2049666933906997E-006   6.7202426908918777E-005
   169.86549718333154       0.46634089294323483       -7.4211093347638198E-006   7.4623536243682603E-005
   174.86549718333154       0.47392812170987025       -7.6234308011599139E-006   8.2246967044842517E-005
   179.86549718333154       0.48099566762703438       -7.8138476243996848E-006   9.0060814669242197E-005
   184.86549718333154       0.48761133160588499       -7.9937883660410345E-006   9.8054603035283228E-005
   189.86549718333154       0.49382816585282363       -8.1643714965517980E-006   1.0621897453183502E-004
   194.86549718333154       0.49968914143692172       -8.3265069758512734E-006   1.1454548150768630E-004
   199.86549718333154       0.50522996063407988       -8.4809562862779139E-006   1.2302643779396420E-004
   204.86549718333154       0.51048084582656883       -8.6283697749526767E-006   1.3165480756891689E-004
   209.86549718333154       0.51546774206277213       -8.7693112351051035E-006   1.4042411880402198E-004
   214.86549718333154       0.52021316632759629       -8.9042749753417990E-006   1.4932839377936378E-004
   219.86549718333154       0.52473683225152634       -9.0336982285576250E-006   1.5836209200792141E-004
   224.86549718333154       0.52905612477220054       -9.1579705155681797E-006   1.6752006252348958E-004
   229.86549718333154       0.53318647010299058       -9.2774409229793203E-006   1.7679750344646889E-004
   234.86549718333154       0.53714162997682424       -9.3924238935382626E-006   1.8618992734000715E-004
   239.86549718333154       0.54093393948549429       -9.5032039192478904E-006   1.9569313125925505E-004
   244.86549718333154       0.54457450189128720       -9.6100394024205399E-006   2.0530317066167560E-004
   249.86549718333154       0.54807334997039048       -9.7131658713349473E-006   2.1501633653301055E-004
   254.86549718333154       0.55143958090302747       -9.8127986859333520E-006   2.2482913521894391E-004
   259.86549718333151       0.55468146997249634       -9.9091353343529885E-006   2.3473827055329690E-004
   264.86549718333151       0.55780656709406673       -1.0002357396929236E-005   2.4474062795022612E-004
   269.86549718333151       0.56082177929399613       -1.0092632236985392E-005   2.5483326018721150E-004
   274.86549718333151       0.56373344159235017       -1.0180114465021878E-005   2.6501337465223337E-004
   279.86549718333151       0.56654737824105339       -1.0264947213405583E-005   2.7527832186563896E-004
   284.86549718333151       0.56926895588482762       -1.0347263251424148E-005   2.8562558511706311E-004
   289.86549718333151       0.57190312991534786       -1.0427185964974985E-005   2.9605277108203811E-004
   294.86549718333151       0.57445448505652574       -1.0504830220793080E-005   3.0655760130283120E-004
   299.86549718333151       0.57692727103462627       -1.0580303131655980E-005   3.1713790443448721E-004
   304.86549718333151       0.57932543404040493       -1.0653704736248741E-005   3.2779160917073596E-004
   309.86549718333151       0.58165264457226762       -1.0725128605140419E-005   3.3851673777587638E-004
   314.86549718333151       0.58391232215409650       -1.0794662382522791E-005   3.4931140015839919E-004
   319.86549718333151       0.58610765734316561       -1.0862388271874466E-005   3.6017378843027363E-004
   324.86549718333151       0.58824163138000940       -1.0928383472507860E-005   3.7110217190278150E-004
   329.86549718333151       0.59031703377900457       -1.0992720572937335E-005   3.8209489247571885E-004
   334.86549718333151       0.59233647811482126       -1.1055467906171464E-005   3.9315036038189033E-004
   339.86549718333151       0.59430241622337443       -1.1116689871327695E-005   4.0426705025321802E-004
   344.86549718333151       0.59621715100533368       -1.1176447225375217E-005   4.1544349747859325E-004
   349.86549718333151       0.59808284799444889       -1.1234797348308464E-005   4.2667829482690171E-004
   354.86549718333151       0.59990154583132016       -1.1291794484631604E-005   4.3797008931153330E-004
   359.86549718333151       0.60167516576476743       -1.1347489963670588E-005   4.4931757927520389E-004
   364.86549718333151       0.60340552028719241       -1.1401932400916802E-005   4.6071951167612069E-004
   369.86549718333151       0.60509432099690375       -1.1455167882339491E-005   4.7217467955846019E-004
   374.86549718333151       0.60674318576904263       -1.1507240133379446E-005   4.8368191969183963E-004
   379.86549718333151       0.60835364530664460       -1.1558190674131225E-005   4.9524011036597090E-004
   384.86549718333151       0.60992714913489254       -1.1608058962050223E-005   5.0684816932802107E-004
   389.86549718333151       0.61146507109437720       -1.1656882523375874E-005   5.1850505185139692E-004
   394.86549718333151       0.61296871438251344       -1.1704697074322845E-005   5.3020974892571974E-004
   399.86549718333151       0.61443931618694625       -1.1751536632986169E-005   5.4196128555870590E-004
   404.86549718333151       0.61587805194971879       -1.1797433622799479E-005   5.5375871918150537E-004
   409.86549718333151       0.61728603929686510       -1.1842418968301881E-005   5.6560113814980724E-004
   414.86549718333151       0.61866434166421580       -1.1886522183886545E-005   5.7748766033369377E-004
   419.86549718333151       0.62001397164712369       -1.1929771456141697E-005   5.8941743178983551E-004
   424.86549718333151       0.62133589409879264       -1.1972193720329371E-005   6.0138962551016485E-004
   429.86549718333151       0.62263102899928791       -1.2013814731491577E-005   6.1340344024165638E-004
   434.86549718333151       0.62390025411534000       -1.2054659130634520E-005   6.2545809937229096E-004
   439.86549718333151       0.62514440746875799       -1.2094750506389472E-005   6.3755284987868045E-004
   444.86549718333151       0.62636428962965707       -1.2134111452515607E-005   6.4968696133119608E-004
   449.86549718333151       0.62756066584910097       -1.2172763621575350E-005   6.6185972495277142E-004
   454.86549718333151       0.62873426804436960       -1.2210727775082647E-005   6.7407045272785404E-004
   459.86549718333151       0.62988579664888722       -1.2248023830399709E-005   6.8631847655825379E-004
   464.86549718333151       0.63101592233750736       -1.2284670904626191E-005   6.9860314746288002E-004
   469.86549718333151       0.63212528763710718       -1.2320687355711020E-005   7.1092383481859102E-004
   474.86549718333151       0.63321450843149041       -1.2356090820995411E-005   7.2327992563958642E-004
   479.86549718333151       0.63428417536861215       -1.2390898253371920E-005   7.3567082389295831E-004
   484.86549718333151       0.63533485517770860       -1.2425125955237711E-005   7.4809594984819603E-004
   489.86549718333151       0.63636709190296858       -1.2458789610396114E-005   7.6055473945859211E-004
   494.86549718333151       0.63738140806005827       -1.2491904314055782E-005   7.7304664377264793E-004
   499.86549718333151       0.63837830572117005       -1.2524484601061291E-005   7.8557112837370922E-004
   504.86549718333151       0.63935826753368907       -1.2556544472474888E-005   7.9812767284618408E-004
   509.86549718333151       0.64032175767730137       -1.2588097420624611E-005   8.1071577026680872E-004
   514.86549718333151       0.64126922276394038       -1.2619156452723925E-005   8.2333492671953260E-004
   519.86549718333151       0.64220109268451464       -1.2649734113156595E-005   8.3598466083268915E-004
   524.86549718333151       0.64311778140616538       -1.2679842504517409E-005   8.4866450333720661E-004
   529.86549718333151       0.64401968772339380       -1.2709493307488744E-005   8.6137399664469540E-004
   534.86549718333151       0.64490719596627721       -1.2738697799631559E-005   8.7411269444432694E-004
   539.86549718333151       0.64578067666853034       -1.2767466873156653E-005   8.8688016131748362E-004
   544.86549718333151       0.64664048719816403       -1.2795811051743886E-005   8.9967597236922752E-004
   549.86549718333151       0.64748697235325603       -1.2823740506471270E-005   9.1249971287569879E-004
   554.86549718333151       0.64832046492489992       -1.2851265070902762E-005   9.2535097794660154E-004
   559.86549718333151       0.64914128622971123       -1.2878394255395503E-005   9.3822937220199704E-004
   564.86549718333151       0.64994974661360272       -1.2905137260666762E-005   9.5113450946266375E-004
   569.86549718333151       0.65074614592877755       -1.2931502990669867E-005   9.6406601245333358E-004
   574.86549718333151       0.65153077398557913       -1.2957500064819490E-005   9.7702351251815318E-004
   579.86549718333151       0.65230391098070517       -1.2983136829603357E-005   9.9000664934775643E-004
   584.86549718333151       0.65306582790335599       -1.3008421369620563E-005   1.0030150707173769E-003
   589.86549718333151       0.65381678692048528       -1.3033361518074227E-005   1.0160484322354511E-003
   594.86549718333151       0.65455704174256713       -1.3057964866755306E-005   1.0291063971022063E-003
   599.86549718333151       0.65528683797095377       -1.3082238775543829E-005   1.0421886358777501E-003
   604.86549718333151       0.65600641342792276       -1.3106190381455388E-005   1.0552948262592054E-003
   609.86549718333151       0.65671599847043516       -1.3129826607258723E-005   1.0684246528664641E-003
   614.86549718333151       0.65741581628858614       -1.3153154169689665E-005   1.0815778070361538E-003
   619.86549718333151       0.65810608318951247       -1.3176179587279835E-005   1.0947539866234337E-003
   624.86549718333151       0.65878700886774766       -1.3198909187826749E-005   1.1079528958112604E-003
   629.86549718333151       0.65945879666259988       -1.3221349115518405E-005   1.1211742449267789E-003
   634.86549718333151       0.66012164380348748       -1.3243505337738018E-005   1.1344177502645169E-003
   639.86549718333151       0.66077574164371355       -1.3265383651559734E-005   1.1476831339160766E-003
   644.86549718333151       0.66142127588343025       -1.3286989689955556E-005   1.1609701236060322E-003
   649.86549718333151       0.66205842678230520       -1.3308328927726114E-005   1.1742784525337582E-003
   654.86549718333151       0.66268736936252148       -1.3329406687172124E-005   1.1876078592209303E-003
   659.86549718333151       0.66330827360259892       -1.3350228143518992E-005   1.2009580873644492E-003
   664.86549718333151       0.66392130462247456       -1.3370798330105486E-005   1.2143288856945548E-003
   669.86549718333151       0.66452662286038189       -1.3391122143351185E-005   1.2277200078379060E-003
   674.86549718333151       0.66512438424190035       -1.3411204347511874E-005   1.2411312121854178E-003
   679.86549718333151       0.66571474034160982       -1.3431049579234524E-005   1.2545622617646524E-003
   684.86549718333151       0.66629783853773394       -1.3450662351921912E-005   1.2680129241165743E-003
   689.86549718333151       0.66687382216008650       -1.3470047059914765E-005   1.2814829711764891E-003
   694.86549718333151       0.66744283063170728       -1.3489207982502005E-005   1.2949721791589912E-003
   699.86549718333151       0.66800499960450010       -1.3508149287767246E-005   1.3084803284467584E-003
   704.86549718333151       0.66856046108915346       -1.3526875036278803E-005   1.3220072034830371E-003
   709.86549718333151       0.66910934357960961       -1.3545389184630169E-005   1.3355525926676674E-003
   714.86549718333151       0.66965177217240768       -1.3563695588839981E-005   1.3491162882565075E-003
   719.86549718333151       0.67018786868109659       -1.3581798007616253E-005   1.3626980862641237E-003
   724.86549718333151       0.67071775174594128       -1.3599700105490760E-005   1.3762977863696145E-003
   729.86549718333151       0.67124153693927213       -1.3617405455833781E-005   1.3899151918254481E-003
   734.86549718333151       0.67175933686649569       -1.3634917543748269E-005   1.4035501093691964E-003
   739.86549718333151       0.67227126126312442       -1.3652239768854215E-005   1.4172023491380505E-003
   744.86549718333151       0.67277741708791206       -1.3669375447964692E-005   1.4308717245860151E-003
   749.86549718333151       0.67327790861241044       -1.3686327817663086E-005   1.4445580524036783E-003
   754.86549718333151       0.67377283750693817       -1.3703100036780013E-005   1.4582611524404582E-003
   759.86549718333151       0.67426230292322620       -1.3719695188777714E-005   1.4719808476292360E-003
   764.86549718333151       0.67474640157392196       -1.3736116284047091E-005   1.4857169639132832E-003
   769.86549718333151       0.67522522780897676       -1.3752366262117233E-005   1.4994693301754005E-003
   774.86549718333151       0.67569887368921777       -1.3768447993786671E-005   1.5132377781691872E-003
   779.86549718333151       0.67616742905709049       -1.3784364283175010E-005   1.5270221424523622E-003
   784.86549718333151       0.67663098160472790       -1.3800117869699469E-005   1.5408222603220617E-003
   789.86549718333151       0.67708961693954384       -1.3815711429982133E-005   1.5546379717520438E-003
   794.86549718333151       0.67754341864733314       -1.3831147579686687E-005   1.5684691193317305E-003
   799.86549718333151       0.67799246835312510       -1.3846428875292216E-005   1.5823155482070227E-003
   804.86549718333151       0.67843684577976138       -1.3861557815802495E-005   1.5961771060228251E-003
   809.86549718333151       0.67887662880436384       -1.3876536844395729E-005   1.6100536428672208E-003
   814.86549718333151       0.67931189351278443       -1.3891368350017251E-005   1.6239450112172380E-003
   819.86549718333151       0.67974271425209210       -1.3906054668916557E-005   1.6378510658861545E-003
   824.86549718333151       0.68016916368116664       -1.3920598086130435E-005   1.6517716639722849E-003
   829.86549718333151       0.68059131281960528       -1.3935000836918774E-005   1.6657066648092037E-003
   834.86549718333151       0.68100923109476885       -1.3949265108146586E-005   1.6796559299173503E-003
   839.86549718333151       0.68142298638730014       -1.3963393039623198E-005   1.6936193229569736E-003
   844.86549718333151       0.68183264507500085       -1.3977386725394238E-005   1.7075967096823678E-003
   849.86549718333151       0.68223827207523202       -1.3991248214991686E-005   1.7215879578973594E-003
   854.86549718333151       0.68263993088588704       -1.4004979514643219E-005   1.7355929374120026E-003
   859.86549718333151       0.68303768362487860       -1.4018582588438560E-005   1.7496115200004412E-003
   864.86549718333151       0.68343159106837614       -1.4032059359460407E-005   1.7636435793599017E-003
   869.86549718333151       0.68382171268772884       -1.4045411710877578E-005   1.7776889910707792E-003
   874.86549718333151       0.68420810668518317       -1.4058641487003624E-005   1.7917476325577828E-003
   879.86549718333151       0.68459083002832499       -1.4071750494318282E-005   1.8058193830521011E-003
   884.86549718333151       0.68496993848353904       -1.4084740502461483E-005   1.8199041235545626E-003
   889.86549718333151       0.68534548664817607       -1.4097613245189054E-005   1.8340017367997517E-003
   894.86549718333151       0.68571752798187202       -1.4110370421305029E-005   1.8481121072210567E-003
   899.86549718333151       0.68608611483671278       -1.4123013695559843E-005   1.8622351209166166E-003
   904.86549718333151       0.68645129848645881       -1.4135544699521559E-005   1.8763706656161382E-003
   909.86549718333151       0.68681312915489245       -1.4147965032421955E-005   1.8905186306485602E-003
   914.86549718333151       0.68717165604316577       -1.4160276261973147E-005   1.9046789069105334E-003
   919.86549718333151       0.68752692735634435       -1.4172479925161248E-005   1.9188513868356946E-003
   924.86549718333151       0.68787899032911159       -1.4184577529015559E-005   1.9330359643647101E-003
   929.86549718333151       0.68822789125067541       -1.4196570551354657E-005   1.9472325349160647E-003
   934.86549718333151       0.68857367548885207       -1.4208460441508277E-005   1.9614409953575729E-003
   939.86549718333151       0.68891638751344864       -1.4220248621018959E-005   1.9756612439785918E-003
   944.86549718333151       0.68925607091892305       -1.4231936484322653E-005   1.9898931804629145E-003
   949.86549718333151       0.68959276844634165       -1.4243525399408747E-005   2.0041367058623231E-003
   954.86549718333151       0.68992652200462412       -1.4255016708459042E-005   2.0183917225707823E-003
   959.86549718333151       0.69025737269125376       -1.4266411728471655E-005   2.0326581342992541E-003
   964.86549718333151       0.69058536081225419       -1.4277711751862870E-005   2.0469358460511169E-003
   969.86549718333151       0.69091052590162505       -1.4288918047053438E-005   2.0612247640981705E-003
   974.86549718333151       0.69123290674017579       -1.4300031859037069E-005   2.0755247959572077E-003
   979.86549718333151       0.69155254137383915       -1.4311054409933889E-005   2.0898358503671417E-003
   984.86549718333151       0.69186946713136999       -1.4321986899525398E-005   2.1041578372666672E-003
   989.86549718333151       0.69218372064163147       -1.4332830505777882E-005   2.1184906677724452E-003
   994.86549718333151       0.69249533785027673       -1.4343586385347427E-005   2.1328342541577926E-003
   999.86549718333151       0.69280435403599738       -1.4354255674072536E-005   2.1471885098318651E-003
   1004.8654971833315       0.69311080382627432       -1.4364839487451815E-005   2.1615533493193170E-003
   1009.8654971833315       0.69341472121275638       -1.4375338921111144E-005   2.1759286882404283E-003
   1014.8654971833315       0.69371613956607414       -1.4385755051253485E-005   2.1903144432916816E-003
   1019.8654971833315       0.69401509165033848       -1.4396088935099903E-005   2.2047105322267817E-003
   1024.8654971833316       0.69431160963718119       -1.4406341611316792E-005   2.2191168738380984E-003
   1029.8654971833316       0.69460572511937801       -1.4416514100430611E-005   2.2335333879385292E-003
   1034.8654971833316       0.69489746912417516       -1.4426607405234258E-005   2.2479599953437635E-003
   1039.8654971833316       0.69518687212612684       -1.4436622511178319E-005   2.2623966178549420E-003
   1044.8654971833316       0.69547396405971718       -1.4446560386756635E-005   2.2768431782416985E-003
   1049.8654971833316       0.69575877433150890       -1.4456421983877151E-005   2.2912996002255755E-003
   1054.8654971833316       0.69604133183199002       -1.4466208238223956E-005   2.3057658084637994E-003
   1059.8654971833316       0.69632166494717807       -1.4475920069612491E-005   2.3202417285334118E-003
   1064.8654971833316       0.69659980156980472       -1.4485558382331722E-005   2.3347272869157433E-003
   1069.8654971833316       0.69687576911025162       -1.4495124065479181E-005   2.3492224109812223E-003
   1074.8654971833316       0.69714959450715697       -1.4504617993285996E-005   2.3637270289745085E-003
   1079.8654971833316       0.69742130423779658       -1.4514041025435441E-005   2.3782410699999439E-003
   1084.8654971833316       0.69769092432815183       -1.4523394007371998E-005   2.3927644640073160E-003
   1089.8654971833316       0.69795848036269947       -1.4532677770601991E-005   2.4072971417779180E-003
   1094.8654971833316       0.69822399749395503       -1.4541893132986913E-005   2.4218390349109047E-003
   1099.8654971833316       0.69848750045177010       -1.4551040899029433E-005   2.4363900758099344E-003
   1104.8654971833316       0.69874901355237462       -1.4560121860151643E-005   2.4509501976700859E-003
   1109.8654971833316       0.69900856070725037       -1.4569136794968576E-005   2.4655193344650544E-003
   1114.8654971833316       0.69926616543163522       -1.4578086469549997E-005   2.4800974209346046E-003
   1119.8654971833316       0.69952185085294116       -1.4586971637680189E-005   2.4946843925722846E-003
   1124.8654971833316       0.69977563971891332       -1.4595793041109756E-005   2.5092801856133945E-003
   1129.8654971833316       0.70002755440551345       -1.4604551409798851E-005   2.5238847370231935E-003
   1134.8654971833316       0.70027761692475421       -1.4613247462159566E-005   2.5384979844853529E-003
   1139.8654971833316       0.70052584893216907       -1.4621881905286613E-005   2.5531198663906393E-003
   1144.8654971833316       0.70077227173419121       -1.4630455435185698E-005   2.5677503218258248E-003
   1149.8654971833316       0.70101690629535496       -1.4638968736996548E-005   2.5823892905628212E-003
   1154.8654971833316       0.70125977324527189       -1.4647422485208953E-005   2.5970367130480304E-003
   1159.8654971833316       0.70150089288541473       -1.4655817343872889E-005   2.6116925303919032E-003
   1164.8654971833316       0.70174028519580967       -1.4664153966806227E-005   2.6263566843587093E-003
   1169.8654971833316       0.70197796984151839       -1.4672432997795880E-005   2.6410291173565052E-003
   1174.8654971833316       0.70221396617896970       -1.4680655070794385E-005   2.6557097724272997E-003
   1179.8654971833316       0.70244829326210878       -1.4688820810110892E-005   2.6703985932374106E-003
   1184.8654971833316       0.70268096984845352       -1.4696930830599563E-005   2.6850955240680101E-003
   1189.8654971833316       0.70291201440493323       -1.4704985737841022E-005   2.6998005098058512E-003
   1194.8654971833316       0.70314144511369159       -1.4712986128323214E-005   2.7145134959341744E-003
   1199.8654971833316       0.70336927987760134       -1.4720932589612856E-005   2.7292344285237873E-003
   1204.8654971833316       0.70359553632578953       -1.4728825700527784E-005   2.7439632542243151E-003
   1209.8654971833316       0.70382023181895126       -1.4736666031302559E-005   2.7586999202556177E-003
   1214.8654971833316       0.70404338345456308       -1.4744454143751117E-005   2.7734443743993686E-003
   1219.8654971833316       0.70426500807198100       -1.4752190591425907E-005   2.7881965649907943E-003
   1224.8654971833316       0.70448512225738147       -1.4759875919772126E-005   2.8029564409105664E-003
   1229.8654971833316       0.70470374234865374       -1.4767510666280729E-005   2.8177239515768471E-003
   1234.8654971833316       0.70492088444008327       -1.4775095360634633E-005   2.8324990469374817E-003
   1239.8654971833316       0.70513656438701466       -1.4782630524854726E-005   2.8472816774623363E-003
   1244.8654971833316       0.70535079781038246       -1.4790116673441700E-005   2.8620717941357779E-003
   1249.8654971833316       0.70556360010111485       -1.4797554313513865E-005   2.8768693484492918E-003
   1254.8654971833316       0.70577498642443015       -1.4804943944941739E-005   2.8916742923942337E-003
   1259.8654971833316       0.70598497172408115       -1.4812286060481151E-005   2.9064865784547149E-003
   1264.8654971833316       0.70619357072647870       -1.4819581145902597E-005   2.9213061596006177E-003
   1269.8654971833316       0.70640079794472044       -1.4826829680117645E-005   2.9361329892807352E-003
   1274.8654971833316       0.70660666768250513       -1.4834032135301755E-005   2.9509670214160370E-003
   1279.8654971833316       0.70681119403801573       -1.4841188977016365E-005   2.9658082103930536E-003
   1284.8654971833316       0.70701439090763896       -1.4848300664325636E-005   2.9806565110573791E-003
   1289.8654971833316       0.70721627198971670       -1.4855367649914657E-005   2.9955118787072937E-003
   1294.8654971833316       0.70741685078808902       -1.4862390380200702E-005   3.0103742690874946E-003
   1299.8654971833316       0.70761614061561962       -1.4869369295444244E-005   3.0252436383829389E-003
   1304.8654971833316       0.70781415459762287       -1.4876304829856794E-005   3.0401199432127956E-003
   1309.8654971833316       0.70801090567529201       -1.4883197411709141E-005   3.0550031406245048E-003
   1314.8654971833316       0.70820640660895195       -1.4890047463433731E-005   3.0698931880879386E-003
   1319.8654971833316       0.70840066998126272       -1.4896855401725651E-005   3.0847900434896641E-003
   1324.8654971833316       0.70859370820042433       -1.4903621637643919E-005   3.0996936651273080E-003
   1329.8654971833316       0.70878553350319307       -1.4910346576706457E-005   3.1146040117040145E-003
   1334.8654971833316       0.70897615795795266       -1.4917030618987294E-005   3.1295210423230016E-003
   1339.8654971833316       0.70916559346766972       -1.4923674159209935E-005   3.1444447164822114E-003
   1344.8654971833316       0.70935385177272825       -1.4930277586836778E-005   3.1593749940690479E-003
   1349.8654971833316       0.70954094445382498       -1.4936841286160918E-005   3.1743118353552090E-003
   1354.8654971833316       0.70972688293470243       -1.4943365636392495E-005   3.1892552009916016E-003
   1359.8654971833316       0.70991167848486936       -1.4949851011744838E-005   3.2042050520033464E-003
   1364.8654971833316       0.71009534222224224       -1.4956297781518104E-005   3.2191613497848646E-003
   1369.8654971833316       0.71027788511576706       -1.4962706310182384E-005   3.2341240560950471E-003
   1374.8654971833316       0.71045931798793927       -1.4969076957457542E-005   3.2490931330525046E-003
   1379.8654971833316       0.71063965151733965       -1.4975410078393765E-005   3.2640685431308985E-003
   1384.8654971833316       0.71081889624100780       -1.4981706023446637E-005   3.2790502491543451E-003
   1389.8654971833316       0.71099706255687700       -1.4987965138554582E-005   3.2940382142928998E-003
   1394.8654971833316       0.71117416072611062       -1.4994187765213057E-005   3.3090324020581129E-003
   1399.8654971833316       0.71135020087539824       -1.5000374240547469E-005   3.3240327762986605E-003
   1404.8654971833316       0.71152519299918970       -1.5006524897384186E-005   3.3390393011960449E-003
   1409.8654971833316       0.71169914696187631       -1.5012640064319786E-005   3.3540519412603646E-003
   1414.8654971833316       0.71187207250001261       -1.5018720065791972E-005   3.3690706613261566E-003
   1419.8654971833316       0.71204397922436657       -1.5024765222144605E-005   3.3840954265483012E-003
   1424.8654971833316       0.71221487662199978       -1.5030775849693950E-005   3.3991262023979952E-003
   1429.8654971833316       0.71238477405833556       -1.5036752260794701E-005   3.4141629546587901E-003
   1434.8654971833316       0.71255368077908476       -1.5042694763901110E-005   3.4292056494226912E-003
   1439.8654971833316       0.71272160591227340       -1.5048603663631896E-005   3.4442542530863231E-003
   1444.8654971833316       0.71288855847008936       -1.5054479260828921E-005   3.4593087323471520E-003
   1449.8654971833316       0.71305454735077811       -1.5060321852617755E-005   3.4743690541997698E-003
   1454.8654971833316       0.71321958134049357       -1.5066131732466774E-005   3.4894351859322366E-003
   1459.8654971833316       0.71338366911504525       -1.5071909190242794E-005   3.5045070951224794E-003
   1464.8654971833316       0.71354681924172303       -1.5077654512269547E-005   3.5195847496347489E-003
   1469.8654971833316       0.71370904018102044       -1.5083367981382708E-005   3.5346681176161316E-003
   1474.8654971833316       0.71387034028828533       -1.5089049876982534E-005   3.5497571674931142E-003
   1479.8654971833316       0.71403072781543087       -1.5094700475088726E-005   3.5648518679682029E-003
   1484.8654971833316       0.71419021091255164       -1.5100320048392063E-005   3.5799521880165949E-003
   1489.8654971833316       0.71434879762955072       -1.5105908866306585E-005   3.5950580968829014E-003
   1494.8654971833316       0.71450649591764825       -1.5111467195017680E-005   3.6101695640779192E-003
   1499.8654971833316       0.71466331363098845       -1.5116995297533773E-005   3.6252865593754532E-003
   1504.8654971833316       0.71481925852809969       -1.5122493433732935E-005   3.6404090528091861E-003
   1509.8654971833316       0.71497433827341206       -1.5127961860411661E-005   3.6555370146695979E-003
   1514.8654971833316       0.71512856043869677       -1.5133400831330965E-005   3.6706704155009288E-003
   1519.8654971833316       0.71528193250451599       -1.5138810597262954E-005   3.6858092260981918E-003
   1524.8654971833316       0.71543446186157444       -1.5144191406034044E-005   3.7009534175042260E-003
   1529.8654971833316       0.71558615581213836       -1.5149543502570683E-005   3.7161029610067965E-003
   1534.8654971833316       0.71573702157139329       -1.5154867128942932E-005   3.7312578281357392E-003
   1539.8654971833316       0.71588706626870957       -1.5160162524404974E-005   3.7464179906601443E-003
   1544.8654971833316       0.71603629694898219       -1.5165429925438299E-005   3.7615834205855826E-003
   1549.8654971833316       0.71618472057393756       -1.5170669565793793E-005   3.7767540901513766E-003
   1554.8654971833316       0.71633234402332824       -1.5175881676529999E-005   3.7919299718279066E-003
   1559.8654971833316       0.71647917409616591       -1.5181066486052784E-005   3.8071110383139594E-003
   1564.8654971833316       0.71662521751198804       -1.5186224220156310E-005   3.8222972625341156E-003
   1569.8654971833316       0.71677048091198892       -1.5191355102059261E-005   3.8374886176361749E-003
   1574.8654971833316       0.71691497086019584       -1.5196459352442770E-005   3.8526850769886175E-003
   1579.8654971833316       0.71705869384461696       -1.5201537189487428E-005   3.8678866141781051E-003
   1584.8654971833316       0.71720165627833454       -1.5206588828908417E-005   3.8830932030070138E-003
   1589.8654971833316       0.71734386450065224       -1.5211614483992644E-005   3.8983048174910063E-003
   1594.8654971833316       0.71748532477817584       -1.5216614365633597E-005   3.9135214318566395E-003
   1599.8654971833316       0.71762604330583912       -1.5221588682364320E-005   3.9287430205390038E-003
   1604.8654971833316       0.71776602620797536       -1.5226537640392087E-005   3.9439695581793962E-003
   1609.8654971833316       0.71790527953933514       -1.5231461443631239E-005   3.9592010196230279E-003
   1614.8654971833316       0.71804380928606171       -1.5236360293734578E-005   3.9744373799167620E-003
   1619.8654971833316       0.71818162136676256       -1.5241234390128244E-005   3.9896786143068901E-003
   1624.8654971833316       0.71831872163341193       -1.5246083930040672E-005   4.0049246982369309E-003
   1629.8654971833316       0.71845511587232103       -1.5250909108533995E-005   4.0201756073454647E-003
   1634.8654971833316       0.71859080980507306       -1.5255710118534269E-005   4.0354313174639986E-003
   1639.8654971833316       0.71872580908947037       -1.5260487150862197E-005   4.0506918046148612E-003
   1644.8654971833316       0.71886011932042726       -1.5265240394261985E-005   4.0659570450091234E-003
   1649.8654971833316       0.71899374603083832       -1.5269970035429368E-005   4.0812270150445530E-003
   1654.8654971833316       0.71912669469252155       -1.5274676259042356E-005   4.0965016913035958E-003
   1659.8654971833316       0.71925897071698408       -1.5279359247785763E-005   4.1117810505513818E-003
   1664.8654971833316       0.71939057945634477       -1.5284019182381328E-005   4.1270650697337631E-003
   1669.8654971833316       0.71952152620413046       -1.5288656241613422E-005   4.1423537259753767E-003
   1674.8654971833316       0.71965181619608254       -1.5293270602355150E-005   4.1576469965777319E-003
   1679.8654971833316       0.71978145461099508       -1.5297862439595664E-005   4.1729448590173274E-003
   1684.8654971833316       0.71991044657149905       -1.5302431926465572E-005   4.1882472909437933E-003
   1689.8654971833316       0.72003879714478936       -1.5306979234260396E-005   4.2035542701780535E-003
   1694.8654971833316       0.72016651134344667       -1.5311504532467416E-005   4.2188657747105210E-003
   1699.8654971833316       0.72029359412619365       -1.5316007988790256E-005   4.2341817826993117E-003
   1704.8654971833316       0.72042005039856749       -1.5320489769170531E-005   4.2495022724684823E-003
   1709.8654971833316       0.72054588501370831       -1.5324950037813641E-005   4.2648272225062961E-003
   1714.8654971833316       0.72067110277304247       -1.5329388957210910E-005   4.2801566114635068E-003
   1719.8654971833316       0.72079570842699570       -1.5333806688162792E-005   4.2954904181516694E-003
   1724.8654971833316       0.72091970667566108       -1.5338203389800534E-005   4.3108286215414703E-003
   1729.8654971833316       0.72104310216952749       -1.5342579219610016E-005   4.3261712007610807E-003
   1734.8654971833316       0.72116589951010679       -1.5346934333452053E-005   4.3415181350945327E-003
   1739.8654971833316       0.72128810325057868       -1.5351268885583350E-005   4.3568694039801160E-003
   1744.8654971833316       0.72140971789648234       -1.5355583028679136E-005   4.3722249870087951E-003
   1749.8654971833316       0.72153074790634064       -1.5359876913853489E-005   4.3875848639226486E-003
   1754.8654971833316       0.72165119769225150       -1.5364150690678479E-005   4.4029490146133268E-003
   1759.8654971833316       0.72177107162053433       -1.5368404507205359E-005   4.4183174191205323E-003
   1764.8654971833316       0.72189037401230860       -1.5372638509983321E-005   4.4336900576305155E-003
   1769.8654971833316       0.72200910914416172       -1.5376852844081482E-005   4.4490669104745965E-003
   1774.8654971833316       0.72212728124862613       -1.5381047653104157E-005   4.4644479581277003E-003
   1779.8654971833316       0.72224489451482243       -1.5385223079212020E-005   4.4798331812069122E-003
   1784.8654971833316       0.72236195308904783       -1.5389379263141351E-005   4.4952225604700533E-003
   1789.8654971833316       0.72247846107529201       -1.5393516344220805E-005   4.5106160768142740E-003
   1794.8654971833316       0.72259442253577588       -1.5397634460388912E-005   4.5260137112746630E-003
   1799.8654971833316       0.72270984149152695       -1.5401733748213017E-005   4.5414154450228762E-003
   1804.8654971833316       0.72282472192290048       -1.5405814342906268E-005   4.5568212593657823E-003
   1809.8654971833316       0.72293906777010741       -1.5409876378344844E-005   4.5722311357441273E-003
   1814.8654971833316       0.72305288293373482       -1.5413919987085038E-005   4.5876450557312126E-003
   1819.8654971833316       0.72316617127523486       -1.5417945300379154E-005   4.6030630010315916E-003
   1824.8654971833316       0.72327893661743758       -1.5421952448192337E-005   4.6184849534797838E-003
   1829.8654971833316       0.72339118274503889       -1.5425941559218514E-005   4.6339108950390027E-003
   1834.8654971833316       0.72350291340507833       -1.5429912760896024E-005   4.6493408077998991E-003
   1839.8654971833316       0.72361413230744176       -1.5433866179424128E-005   4.6647746739793229E-003
   1844.8654971833316       0.72372484312532248       -1.5437801939778111E-005   4.6802124759191006E-003
   1849.8654971833316       0.72383504949564526       -1.5441720165723036E-005   4.6956541960848234E-003
   1854.8654971833316       0.72394475501958722       -1.5445620979831011E-005   4.7110998170646545E-003
   1859.8654971833316       0.72405396326296245       -1.5449504503493608E-005   4.7265493215681480E-003
   1864.8654971833316       0.72416267775671150       -1.5453370856938050E-005   4.7420026924250864E-003
   1869.8654971833316       0.72427090199731325       -1.5457220159240632E-005   4.7574599125843270E-003
   1874.8654971833316       0.72437863944722125       -1.5461052528341072E-005   4.7729209651126677E-003
   1879.8654971833316       0.72448589353528003       -1.5464868081056161E-005   4.7883858331937241E-003
   1884.8654971833316       0.72459266765713770       -1.5468666933093260E-005   4.8038545001268173E-003
   1889.8654971833316       0.72469896517567634       -1.5472449199064525E-005   4.8193269493258814E-003
   1894.8654971833316       0.72480478942137072       -1.5476214992498528E-005   4.8348031643183796E-003
   1899.8654971833316       0.72491014369273654       -1.5479964425855148E-005   4.8502831287442344E-003
   1904.8654971833316       0.72501503125671873       -1.5483697610538290E-005   4.8657668263547725E-003
   1909.8654971833316       0.72511945534902511       -1.5487414656906728E-005   4.8812542410116792E-003
   1914.8654971833316       0.72522341917455591       -1.5491115674288339E-005   4.8967453566859673E-003
   1919.8654971833316       0.72532692590775394       -1.5494800770991570E-005   4.9122401574569589E-003
   1924.8654971833316       0.72542997869297121       -1.5498470054317470E-005   4.9277386275112765E-003
   1929.8654971833316       0.72553258064487036       -1.5502123630573001E-005   4.9432407511418499E-003
   1934.8654971833316       0.72563473484872931       -1.5505761605080923E-005   4.9587465127469308E-003
   1939.8654971833316       0.72573644436082274       -1.5509384082192412E-005   4.9742558968291235E-003
   1944.8654971833316       0.72583771220877191       -1.5512991165298599E-005   4.9897688879944222E-003
   1949.8654971833316       0.72593854139186353       -1.5516582956840988E-005   5.0052854709512632E-003
   1954.8654971833316       0.72603893488142757       -1.5520159558324009E-005   5.0208056305095870E-003
   1959.8654971833316       0.72613889562112532       -1.5523721070324391E-005   5.0363293515799110E-003
   1964.8654971833316       0.72623842652730874       -1.5527267592503086E-005   5.0518566191724143E-003
   1969.8654971833316       0.72633753048931959       -1.5530799223615066E-005   5.0673874183960292E-003
   1974.8654971833316       0.72643621036984696       -1.5534316061521187E-005   5.0829217344575501E-003
   1979.8654971833316       0.72653446900520036       -1.5537818203197127E-005   5.0984595526607475E-003
   1984.8654971833316       0.72663230920562749       -1.5541305744743853E-005   5.1140008584054913E-003
   1989.8654971833316       0.72672973375562122       -1.5544778781397757E-005   5.1295456371868893E-003
   1994.8654971833316       0.72682674541423387       -1.5548237407541089E-005   5.1450938745944306E-003
   1999.8654971833316       0.72692334691538496       -1.5551681716712097E-005   5.1606455563111431E-003
   2004.8654971833316       0.72701954096809585       -1.5555111801612658E-005   5.1762006681127558E-003
   2009.8654971833316       0.72711533025682262       -1.5558527754119380E-005   5.1917591958668755E-003
   2014.8654971833316       0.72721071744175514       -1.5561929665293494E-005   5.2073211255321689E-003
   2019.8654971833316       0.72730570515905202       -1.5565317625388526E-005   5.2228864431575570E-003
   2024.8654971833316       0.72740029602114009       -1.5568691723860239E-005   5.2384551348814172E-003
   2029.8654971833316       0.72749449261698662       -1.5572052049375632E-005   5.2540271869307925E-003
   2034.8654971833316       0.72758829751237519       -1.5575398689822065E-005   5.2696025856206145E-003
   2039.8654971833316       0.72768171325015374       -1.5578731732315445E-005   5.2851813173529303E-003
   2044.8654971833316       0.72777474235048656       -1.5582051263208502E-005   5.3007633686161385E-003
   2049.8654971833316       0.72786738731116241       -1.5585357368101143E-005   5.3163487259842400E-003
   2054.8654971833316       0.72795965060780521       -1.5588650131847284E-005   5.3319373761160872E-003
   2059.8654971833316       0.72805153469410844       -1.5591929638562586E-005   5.3475293057546501E-003
   2064.8654971833316       0.72814304200211422       -1.5595195971633749E-005   5.3631245017262841E-003
   2069.8654971833316       0.72823417494247789       -1.5598449213727362E-005   5.3787229509400115E-003
   2074.8654971833316       0.72832493590466429       -1.5601689446796259E-005   5.3943246403868076E-003
   2079.8654971833316       0.72841532725718983       -1.5604916752087561E-005   5.4099295571388949E-003
   2084.8654971833316       0.72850535134786865       -1.5608131210150858E-005   5.4255376883490455E-003
   2089.8654971833316       0.72859501050404751       -1.5611332900846016E-005   5.4411490212498918E-003
   2094.8654971833316       0.72868430703283560       -1.5614521903350770E-005   5.4567635431532428E-003
   2099.8654971833316       0.72877324322130399       -1.5617698296167309E-005   5.4723812414494101E-003
   2104.8654971833316       0.72886182133673094       -1.5620862157130440E-005   5.4880021036065405E-003
   2109.8654971833316       0.72895004362679994       -1.5624013563414123E-005   5.5036261171699545E-003
   2114.8654971833316       0.72903791231985471       -1.5627152591540021E-005   5.5192532697614944E-003
   2119.8654971833316       0.72912542962505456       -1.5630279317382511E-005   5.5348835490788770E-003
   2124.8654971833316       0.72921259773263691       -1.5633393816177525E-005   5.5505169428950547E-003
   2129.8654971833316       0.72929941881409488       -1.5636496162528371E-005   5.5661534390575827E-003
   2134.8654971833316       0.72938589502238094       -1.5639586430412504E-005   5.5817930254879952E-003
   2139.8654971833316       0.72947202849212733       -1.5642664693188887E-005   5.5974356901811843E-003
   2144.8654971833316       0.72955782133982450       -1.5645731023603840E-005   5.6130814212047879E-003
   2149.8654971833316       0.72964327566403286       -1.5648785493798159E-005   5.6287302066985864E-003
   2154.8654971833316       0.72972839354556251       -1.5651828175313013E-005   5.6443820348738996E-003
   2159.8654971833316       0.72981317704767223       -1.5654859139096596E-005   5.6600368940129958E-003
   2164.8654971833316       0.72989762821625637       -1.5657878455510336E-005   5.6756947724685061E-003
   2169.8654971833316       0.72998174908004232       -1.5660886194335473E-005   5.6913556586628417E-003
   2174.8654971833316       0.73006554165075344       -1.5663882424778449E-005   5.7070195410876198E-003
   2179.8654971833316       0.73014900792330539       -1.5666867215477451E-005   5.7226864083030973E-003
   2184.8654971833316       0.73023214987598795       -1.5669840634508471E-005   5.7383562489376058E-003
   2189.8654971833316       0.73031496947061769       -1.5672802749390342E-005   5.7540290516869957E-003
   2194.8654971833316       0.73039746865273458       -1.5675753627091313E-005   5.7697048053140867E-003
   2199.8654971833316       0.73047964935176113       -1.5678693334034341E-005   5.7853834986481209E-003
   2204.8654971833316       0.73056151348118725       -1.5681621936103252E-005   5.8010651205842242E-003
   2209.8654971833316       0.73064306293873993       -1.5684539498648417E-005   5.8167496600828724E-003
   2214.8654971833316       0.73072429960652741       -1.5687446086491494E-005   5.8324371061693643E-003
   2219.8654971833316       0.73080522535121972       -1.5690341763931483E-005   5.8481274479332962E-003
   2224.8654971833316       0.73088584202421192       -1.5693226594750176E-005   5.8638206745280468E-003
   2229.8654971833316       0.73096615146174237       -1.5696100642215970E-005   5.8795167751702626E-003
   2234.8654971833316       0.73104615548512364       -1.5698963969091800E-005   5.8952157391393544E-003
   2239.8654971833316       0.73112585590082935       -1.5701816637637800E-005   5.9109175557769920E-003
   2244.8654971833316       0.73120525450070728       -1.5704658709618600E-005   5.9266222144866102E-003
   2249.8654971833316       0.73128435306207595       -1.5707490246306404E-005   5.9423297047329167E-003
   2254.8654971833316       0.73136315334788238       -1.5710311308486253E-005   5.9580400160414030E-003
   2259.8654971833316       0.73144165710689413       -1.5713121956462561E-005   5.9737531379978658E-003
   2264.8654971833316       0.73151986607382968       -1.5715922250063418E-005   5.9894690602479289E-003
   2269.8654971833316       0.73159778196945124       -1.5718712248643579E-005   6.0051877724965723E-003
   2274.8654971833316       0.73167540650077456       -1.5721492011091598E-005   6.0209092645076637E-003
   2279.8654971833316       0.73175274136116164       -1.5724261595832843E-005   6.0366335261034963E-003
   2284.8654971833316       0.73182978823047484       -1.5727021060834649E-005   6.0523605471643309E-003
   2289.8654971833316       0.73190654877521810       -1.5729770463611081E-005   6.0680903176279421E-003
   2294.8654971833316       0.73198302464868903       -1.5732509861228020E-005   6.0838228274891701E-003
   2299.8654971833316       0.73205921749107539       -1.5735239310306307E-005   6.0995580667994763E-003
   2304.8654971833316       0.73213512892962407       -1.5737958867027501E-005   6.1152960256665037E-003
   2309.8654971833316       0.73221076057873580       -1.5740668587136922E-005   6.1310366942536410E-003
   2314.8654971833316       0.73228611404012001       -1.5743368525948915E-005   6.1467800627795898E-003
   2319.8654971833316       0.73236119090291718       -1.5746058738350932E-005   6.1625261215179404E-003
   2324.8654971833316       0.73243599274382187       -1.5748739278807621E-005   6.1782748607967482E-003
   2329.8654971833316       0.73251052112716875       -1.5751410201363625E-005   6.1940262709981120E-003
   2334.8654971833316       0.73258477760513796       -1.5754071559650643E-005   6.2097803425577624E-003
   2339.8654971833316       0.73265876371781846       -1.5756723406889431E-005   6.2255370659646519E-003
   2344.8654971833316       0.73273248099333510       -1.5759365795894042E-005   6.2412964317605461E-003
   2349.8654971833316       0.73280593094797963       -1.5761998779076253E-005   6.2570584305396224E-003
   2354.8654971833316       0.73287911508631187       -1.5764622408448938E-005   6.2728230529480716E-003
   2359.8654971833316       0.73295203490127214       -1.5767236735629784E-005   6.2885902896837017E-003
   2364.8654971833316       0.73302469187432762       -1.5769841811846309E-005   6.3043601314955481E-003
   2369.8654971833316       0.73309708747555569       -1.5772437687938540E-005   6.3201325691834868E-003
   2374.8654971833316       0.73316922316377264       -1.5775024414363422E-005   6.3359075935978506E-003
   2379.8654971833316       0.73324110038659707       -1.5777602041196770E-005   6.3516851956390476E-003
   2384.8654971833316       0.73331272058062846       -1.5780170618139481E-005   6.3674653662571870E-003
   2389.8654971833316       0.73338408517152387       -1.5782730194519974E-005   6.3832480964517071E-003
   2394.8654971833316       0.73345519557409200       -1.5785280819297350E-005   6.3990333772710045E-003
   2399.8654971833316       0.73352605319242292       -1.5787822541065800E-005   6.4148211998120699E-003
   2404.8654971833316       0.73359665941994345       -1.5790355408056327E-005   6.4306115552201261E-003
   2409.8654971833316       0.73366701563957470       -1.5792879468142189E-005   6.4464044346882682E-003
   2414.8654971833316       0.73373712322381845       -1.5795394768841721E-005   6.4621998294571098E-003
   2419.8654971833316       0.73380698353483531       -1.5797901357320950E-005   6.4779977308144308E-003
   2424.8654971833316       0.73387659792456117       -1.5800399280397517E-005   6.4937981300948284E-003
   2429.8654971833316       0.73394596773481868       -1.5802888584544458E-005   6.5096010186793726E-003
   2434.8654971833316       0.73401509429739498       -1.5805369315892770E-005   6.5254063879952653E-003
   2439.8654971833316       0.73408397893411637       -1.5807841520233867E-005   6.5412142295154995E-003
   2444.8654971833316       0.73415262295699046       -1.5810305243024470E-005   6.5570245347585238E-003
   2449.8654971833316       0.73422102766825348       -1.5812760529388070E-005   6.5728372952879120E-003
   2454.8654971833316       0.73428919436050255       -1.5815207424119496E-005   6.5886525027120313E-003
   2459.8654971833316       0.73435712431676692       -1.5817645971687238E-005   6.6044701486837184E-003
   2464.8654971833316       0.73442481881060373       -1.5820076216236685E-005   6.6202902248999555E-003
   2469.8654971833316       0.73449227910617554       -1.5822498201592701E-005   6.6361127231015478E-003
   2474.8654971833316       0.73455950645834445       -1.5824911971262799E-005   6.6519376350728104E-003
   2479.8654971833316       0.73462650211276004       -1.5827317568440128E-005   6.6677649526412502E-003
   2484.8654971833316       0.73469326730594642       -1.5829715036006350E-005   6.6835946676772565E-003
   2489.8654971833316       0.73475980326540424       -1.5832104416535165E-005   6.6994267720937913E-003
   2494.8654971833316       0.73482611120966868       -1.5834485752294153E-005   6.7152612578460858E-003
   2499.8654971833316       0.73489219234838621       -1.5836859085247376E-005   6.7310981169313331E-003
   2504.8654971833316       0.73495804788243213       -1.5839224457059396E-005   6.7469373413883921E-003
   2509.8654971833316       0.73502367900395937       -1.5841581909096853E-005   6.7627789232974894E-003
   2514.8654971833316       0.73508908689649888       -1.5843931482431871E-005   6.7786228547799211E-003
   2519.8654971833316       0.73515427273501710       -1.5846273217843976E-005   6.7944691279977652E-003
   2524.8654971833316       0.73521923768604369       -1.5848607155824465E-005   6.8103177351535897E-003
   2529.8654971833316       0.73528398290767749       -1.5850933336576485E-005   6.8261686684901665E-003
   2534.8654971833316       0.73534850954972297       -1.5853251800019721E-005   6.8420219202901863E-003
   2539.8654971833316       0.73541281875375530       -1.5855562585792601E-005   6.8578774828759789E-003
   2544.8654971833316       0.73547691165315143       -1.5857865733253231E-005   6.8737353486092324E-003
   2549.8654971833316       0.73554078937322320       -1.5860161281483998E-005   6.8895955098907165E-003
   2554.8654971833316       0.73560445303124744       -1.5862449269292506E-005   6.9054579591600086E-003
   2559.8654971833316       0.73566790373656854       -1.5864729735215088E-005   6.9213226888952236E-003
   2564.8654971833316       0.73573114259067018       -1.5867002717519222E-005   6.9371896916127426E-003
   2569.8654971833316       0.73579417068718933       -1.5869268254203891E-005   6.9530589598669462E-003
   2574.8654971833316       0.73585698911208430       -1.5871526383005449E-005   6.9689304862499517E-003
   2579.8654971833316       0.73591959894361603       -1.5873777141396800E-005   6.9848042633913485E-003
   2584.8654971833316       0.73598200125248336       -1.5876020566592109E-005   7.0006802839579409E-003
   2589.8654971833316       0.73604419710181923       -1.5878256695546522E-005   7.0165585406534873E-003
   2594.8654971833316       0.73610618754733581       -1.5880485564961215E-005   7.0324390262184481E-003
   2599.8654971833316       0.73616797363735820       -1.5882707211284487E-005   7.0483217334297325E-003
   2604.8654971833316       0.73622955641285359       -1.5884921670712626E-005   7.0642066551004452E-003
   2609.8654971833316       0.73629093690754344       -1.5887128979193830E-005   7.0800937840796389E-003
   2614.8654971833316       0.73635211614796414       -1.5889329172430243E-005   7.0959831132520693E-003
   2619.8654971833316       0.73641309515350073       -1.5891522285879002E-005   7.1118746355379485E-003
   2624.8654971833316       0.73647387493650651       -1.5893708354756441E-005   7.1277683438927047E-003
   2629.8654971833316       0.73653445650227545       -1.5895887414036917E-005   7.1436642313067412E-003
   2634.8654971833316       0.73659484084920568       -1.5898059498458592E-005   7.1595622908051998E-003
   2639.8654971833316       0.73665502896877932       -1.5900224642522554E-005   7.1754625154477223E-003
   2644.8654971833316       0.73671502184566051       -1.5902382880496217E-005   7.1913648983282187E-003
   2649.8654971833316       0.73677482045777343       -1.5904534246415996E-005   7.2072694325746346E-003
   2654.8654971833316       0.73683442577630676       -1.5906678774087342E-005   7.2231761113487223E-003
   2659.8654971833316       0.73689383876583214       -1.5908816497088871E-005   7.2390849278458113E-003
   2664.8654971833316       0.73695306038432340       -1.5910947448772938E-005   7.2549958752945844E-003
   2669.8654971833316       0.73701209158320102       -1.5913071662267105E-005   7.2709089469568519E-003
   2674.8654971833316       0.73707093330744444       -1.5915189170478059E-005   7.2868241361273298E-003
   2679.8654971833316       0.73712958649560711       -1.5917300006092038E-005   7.3027414361334217E-003
   2684.8654971833316       0.73718805207987204       -1.5919404201576707E-005   7.3186608403349980E-003
   2689.8654971833316       0.73724633098610748       -1.5921501789183046E-005   7.3345823421241815E-003
   2694.8654971833316       0.73730442413393604       -1.5923592800947720E-005   7.3505059349251289E-003
   2699.8654971833316       0.73736233243679661       -1.5925677268695181E-005   7.3664316121938240E-003
   2704.8654971833316       0.73742005680196787       -1.5927755224038419E-005   7.3823593674178624E-003
   2709.8654971833316       0.73747759813062552       -1.5929826698380897E-005   7.3982891941162436E-003
   2714.8654971833316       0.73753495731793051       -1.5931891722919609E-005   7.4142210858391634E-003
   2719.8654971833316       0.73759213525303924       -1.5933950328645365E-005   7.4301550361678091E-003
   2724.8654971833316       0.73764913281913791       -1.5936002546343874E-005   7.4460910387141527E-003
   2729.8654971833316       0.73770595089358382       -1.5938048406600772E-005   7.4620290871207536E-003
   2734.8654971833316       0.73776259034786063       -1.5940087939799858E-005   7.4779691750605538E-003
   2739.8654971833316       0.73781905204766063       -1.5942121176125999E-005   7.4939112962366800E-003
   2744.8654971833316       0.73787533685294915       -1.5944148145567305E-005   7.5098554443822473E-003
   2749.8654971833316       0.73793144561799395       -1.5946168877916089E-005   7.5258016132601635E-003
   2754.8654971833316       0.73798737919142332       -1.5948183402770900E-005   7.5417497966629348E-003
   2759.8654971833316       0.73804313841625335       -1.5950191749537345E-005   7.5576999884124718E-003
   2764.8654971833316       0.73809872412997801       -1.5952193947431272E-005   7.5736521823599034E-003
   2769.8654971833316       0.73815413716457201       -1.5954190025478758E-005   7.5896063723853826E-003
   2774.8654971833316       0.73820937834655465       -1.5956180012518334E-005   7.6055625523979006E-003
   2779.8654971833316       0.73826444849702555       -1.5958163937202140E-005   7.6215207163351029E-003
   2784.8654971833316       0.73831934843172520       -1.5960141827998045E-005   7.6374808581631008E-003
   2789.8654971833316       0.73837407896108442       -1.5962113713191316E-005   7.6534429718762920E-003
   2794.8654971833316       0.73842864089023863       -1.5964079620885052E-005   7.6694070514971768E-003
   2799.8654971833316       0.73848303501909918       -1.5966039579002642E-005   7.6853730910761793E-003
   2804.8654971833316       0.73853726214239224       -1.5967993615289095E-005   7.7013410846914687E-003
   2809.8654971833316       0.73859132304968866       -1.5969941757312019E-005   7.7173110264487808E-003
   2814.8654971833316       0.73864521852544973       -1.5971884032463186E-005   7.7332829104812444E-003
   2819.8654971833316       0.73869894934908376       -1.5973820467960480E-005   7.7492567309492052E-003
   2824.8654971833316       0.73875251629496541       -1.5975751090848488E-005   7.7652324820400541E-003
   2829.8654971833316       0.73880592013250013       -1.5977675928000782E-005   7.7812101579680546E-003
   2834.8654971833316       0.73885916162613752       -1.5979595006120265E-005   7.7971897529741747E-003
   2839.8654971833316       0.73891224153546053       -1.5981508351742345E-005   7.8131712613259165E-003
   2844.8654971833316       0.73896516061515793       -1.5983415991233819E-005   7.8291546773171499E-003
   2849.8654971833316       0.73901791961511887       -1.5985317950796242E-005   7.8451399952679454E-003
   2854.8654971833316       0.73907051928046552       -1.5987214256466987E-005   7.8611272095244124E-003
   2859.8654971833316       0.73912296035152925       -1.5989104934118329E-005   7.8771163144585304E-003
   2864.8654971833316       0.73917524356396236       -1.5990990009461381E-005   7.8931073044679924E-003
   2869.8654971833316       0.73922736964877700       -1.5992869508047423E-005   7.9091001739760407E-003
   2874.8654971833316       0.73927933933234724       -1.5994743455267906E-005   7.9250949174313086E-003
   2879.8654971833316       0.73933115333642985       -1.5996611876355106E-005   7.9410915293076645E-003
   2884.8654971833316       0.73938281237823766       -1.5998474796384715E-005   7.9570900041040487E-003
   2889.8654971833316       0.73943431717049746       -1.6000332240277844E-005   7.9730903363443260E-003
   2894.8654971833316       0.73948566842142505       -1.6002184232800043E-005   7.9890925205771263E-003
   2899.8654971833316       0.73953686683478581       -1.6004030798563425E-005   8.0050965513756896E-003
   2904.8654971833316       0.73958791310995309       -1.6005871962028687E-005   8.0211024233377178E-003
   2909.8654971833316       0.73963880794192804       -1.6007707747505771E-005   8.0371101310852244E-003
   2914.8654971833316       0.73968955202135911       -1.6009538179154469E-005   8.0531196692643792E-003
   2919.8654971833316       0.73974014603459259       -1.6011363280986195E-005   8.0691310325453659E-003
   2924.8654971833316       0.73979059066370734       -1.6013183076865168E-005   8.0851442156222308E-003
   2929.8654971833316       0.73984088658654290       -1.6014997590509361E-005   8.1011592132127410E-003
   2934.8654971833316       0.73989103447674032       -1.6016806845491885E-005   8.1171760200582331E-003
   2939.8654971833316       0.73994103500377273       -1.6018610865242038E-005   8.1331946309234748E-003
   2944.8654971833316       0.73999088883295716       -1.6020409673045686E-005   8.1492150405965205E-003
   2949.8654971833316       0.74004059662553423       -1.6022203292048028E-005   8.1652372438885679E-003
   2954.8654971833316       0.74009015903863029       -1.6023991745252208E-005   8.1812612356338202E-003
   2959.8654971833316       0.74013957672537800       -1.6025775055523558E-005   8.1972870106893445E-003
   2964.8654971833316       0.74018885033487936       -1.6027553245588255E-005   8.2133145639349328E-003
   2969.8654971833316       0.74023798051224787       -1.6029326338034729E-005   8.2293438902729683E-003
   2974.8654971833316       0.74028696789866288       -1.6031094355315576E-005   8.2453749846282832E-003
   2979.8654971833316       0.74033581313136487       -1.6032857319747361E-005   8.2614078419480305E-003
   2984.8654971833316       0.74038451684374718       -1.6034615253513805E-005   8.2774424572015452E-003
   2989.8654971833316       0.74043307966532779       -1.6036368178664761E-005   8.2934788253802103E-003
   2994.8654971833316       0.74048150222178943       -1.6038116117117570E-005   8.3095169414973274E-003
   2999.8654971833316       0.74052978513502565       -1.6039859090658688E-005   8.3255568005879861E-003
   3004.8654971833316       0.74057792902316932       -1.6041597120944634E-005   8.3415983977089304E-003
   3009.8654971833316       0.74062593450061964       -1.6043330229502911E-005   8.3576417279384342E-003
   3014.8654971833316       0.74067380217805545       -1.6045058437732456E-005   8.3736867863761673E-003
   3019.8654971833316       0.74072153266246910       -1.6046781766904760E-005   8.3897335681430724E-003
   3024.8654971833316       0.74076912655721139       -1.6048500238165482E-005   8.4057820683812387E-003
   3029.8654971833316       0.74081658446200915       -1.6050213872535002E-005   8.4218322822537731E-003
   3034.8654971833316       0.74086390697298010       -1.6051922690908886E-005   8.4378842049446824E-003
   3039.8654971833316       0.74091109468269600       -1.6053626714060161E-005   8.4539378316587418E-003
   3044.8654971833316       0.74095814818015737       -1.6055325962638305E-005   8.4699931576213798E-003
   3049.8654971833316       0.74100506805085942       -1.6057020457171590E-005   8.4860501780785521E-003
   3054.8654971833316       0.74105185487683167       -1.6058710218068470E-005   8.5021088882966198E-003
   3059.8654971833316       0.74109850923660325       -1.6060395265616250E-005   8.5181692835622352E-003
   3064.8654971833316       0.74114503170530632       -1.6062075619984808E-005   8.5342313591822202E-003
   3069.8654971833316       0.74119142285462769       -1.6063751301224743E-005   8.5502951104834447E-003
   3074.8654971833316       0.74123768325289896       -1.6065422329270638E-005   8.5663605328127161E-003
   3079.8654971833316       0.74128381346505690       -1.6067088723939549E-005   8.5824276215366556E-003
   3084.8654971833316       0.74132981405274434       -1.6068750504934583E-005   8.5984963720415909E-003
   3089.8654971833316       0.74137568557427613       -1.6070407691843660E-005   8.6145667797334347E-003
   3094.8654971833316       0.74142142858468152       -1.6072060304140972E-005   8.6306388400375755E-003
   3099.8654971833316       0.74146704363573457       -1.6073708361188029E-005   8.6467125483987630E-003
   3104.8654971833316       0.74151253127598193       -1.6075351882234632E-005   8.6627879002809972E-003
   3109.8654971833316       0.74155789205073874       -1.6076990886418659E-005   8.6788648911674156E-003
   3114.8654971833316       0.74160312650216176       -1.6078625392768680E-005   8.6949435165601836E-003
   3119.8654971833316       0.74164823516920808       -1.6080255420202406E-005   8.7110237719803859E-003
   3124.8654971833316       0.74169321858771897       -1.6081880987529670E-005   8.7271056529679147E-003
   3129.8654971833316       0.74173807729041985       -1.6083502113452404E-005   8.7431891550813663E-003
   3134.8654971833316       0.74178281180694838       -1.6085118816565577E-005   8.7592742738979313E-003
   3139.8654971833316       0.74182742266385637       -1.6086731115357252E-005   8.7753610050132890E-003
   3144.8654971833316       0.74187191038465883       -1.6088339028210280E-005   8.7914493440414999E-003
   3149.8654971833316       0.74191627548982708       -1.6089942573402045E-005   8.8075392866149016E-003
   3154.8654971833316       0.74196051849685118       -1.6091541769106647E-005   8.8236308283840079E-003
   3159.8654971833316       0.74200463992022725       -1.6093136633394418E-005   8.8397239650174018E-003
   3164.8654971833316       0.74204864027150097       -1.6094727184233455E-005   8.8558186922016360E-003
   3169.8654971833316       0.74209252005925996       -1.6096313439489278E-005   8.8719150056411258E-003
   3174.8654971833316       0.74213627978919605       -1.6097895416927083E-005   8.8880129010580535E-003
   3179.8654971833316       0.74217991996410360       -1.6099473134211588E-005   8.9041123741922645E-003
   3184.8654971833316       0.74222344108389704       -1.6101046608907676E-005   8.9202134208011714E-003
   3189.8654971833316       0.74226684364563700       -1.6102615858481263E-005   8.9363160366596524E-003
   3194.8654971833316       0.74231012814356601       -1.6104180900300575E-005   8.9524202175599536E-003
   3199.8654971833316       0.74235329506909231       -1.6105741751635509E-005   8.9685259593115883E-003
   3204.8654971833316       0.74239634491085094       -1.6107298429659802E-005   8.9846332577412473E-003
   3209.8654971833316       0.74243927815468647       -1.6108850951450372E-005   9.0007421086926980E-003
   3214.8654971833316       0.74248209528371534       -1.6110399333989541E-005   9.0168525080266872E-003
   3219.8654971833316       0.74252479677831940       -1.6111943594164761E-005   9.0329644516208528E-003
   3224.8654971833316       0.74256738311614934       -1.6113483748768690E-005   9.0490779353696212E-003
   3229.8654971833316       0.74260985477216934       -1.6115019814500776E-005   9.0651929551841225E-003
   3234.8654971833316       0.74265221221868538       -1.6116551807968249E-005   9.0813095069920899E-003
   3239.8654971833316       0.74269445592533634       -1.6118079745685757E-005   9.0974275867377764E-003
   3244.8654971833316       0.74273658635911777       -1.6119603644076198E-005   9.1135471903818523E-003
   3249.8654971833316       0.74277860398443252       -1.6121123519472513E-005   9.1296683139013256E-003
   3254.8654971833316       0.74282050926307974       -1.6122639388117236E-005   9.1457909532894430E-003
   3259.8654971833316       0.74286230265425646       -1.6124151266162543E-005   9.1619151045556051E-003
   3264.8654971833316       0.74290398461463036       -1.6125659169672831E-005   9.1780407637252776E-003
   3269.8654971833316       0.74294555559829212       -1.6127163114622974E-005   9.1941679268399013E-003
   3274.8654971833316       0.74298701605683704       -1.6128663116901225E-005   9.2102965899568019E-003
   3279.8654971833316       0.74302836643935144       -1.6130159192308712E-005   9.2264267491491102E-003
   3284.8654971833316       0.74306960719241710       -1.6131651356559538E-005   9.2425584005056700E-003
   3289.8654971833316       0.74311073876016209       -1.6133139625282625E-005   9.2586915401309533E-003
   3294.8654971833316       0.74315176158423757       -1.6134624014020796E-005   9.2748261641449736E-003
   3299.8654971833316       0.74319267610387607       -1.6136104538232891E-005   9.2909622686832057E-003
   3304.8654971833316       0.74323348275588386       -1.6137581213293444E-005   9.3070998498964996E-003
   3309.8654971833316       0.74327418197465778       -1.6139054054493252E-005   9.3232389039509932E-003
   3314.8654971833316       0.74331477419221814       -1.6140523077040542E-005   9.3393794270280345E-003
   3319.8654971833316       0.74335525983822048       -1.6141988296061382E-005   9.3555214153240966E-003
   3324.8654971833316       0.74339563933995612       -1.6143449726599634E-005   9.3716648650506960E-003
   3329.8654971833316       0.74343591312238566       -1.6144907383618177E-005   9.3878097724343149E-003
   3334.8654971833316       0.74347608160814360       -1.6146361281998998E-005   9.4039561337163138E-003
   3339.8654971833316       0.74351614521755993       -1.6147811436543994E-005   9.4201039451528579E-003
   3344.8654971833316       0.74355610436868846       -1.6149257861975934E-005   9.4362532030148345E-003
   3349.8654971833316       0.74359595947730384       -1.6150700572938314E-005   9.4524039035877722E-003
   3354.8654971833316       0.74363571095691916       -1.6152139583996018E-005   9.4685560431717677E-003
   3359.8654971833316       0.74367535921880779       -1.6153574909636010E-005   9.4847096180814029E-003
   3364.8654971833316       0.74371490467201096       -1.6155006564267640E-005   9.5008646246456697E-003
   3369.8654971833316       0.74375434772337012       -1.6156434562223743E-005   9.5170210592078943E-003
   3374.8654971833316       0.74379368877754315       -1.6157858917761220E-005   9.5331789181256552E-003
   3379.8654971833316       0.74383292823698499       -1.6159279645060311E-005   9.5493381977707157E-003
   3384.8654971833316       0.74387206650199844       -1.6160696758226400E-005   9.5654988945289426E-003
   3389.8654971833316       0.74391110397072691       -1.6162110271289725E-005   9.5816610048002331E-003
   3394.8654971833316       0.74395004103918472       -1.6163520198206455E-005   9.5978245249984401E-003
   3399.8654971833316       0.74398887810125769       -1.6164926552858672E-005   9.6139894515512980E-003
   3404.8654971833316       0.74402761554873753       -1.6166329349055597E-005   9.6301557809003544E-003
   3409.8654971833316       0.74406625377132085       -1.6167728600533540E-005   9.6463235095008877E-003
   3414.8654971833316       0.74410479315660005       -1.6169124320955529E-005   9.6624926338218439E-003
   3419.8654971833316       0.74414323409013783       -1.6170516523913975E-005   9.6786631503457572E-003
   3424.8654971833316       0.74418157695543774       -1.6171905222929609E-005   9.6948350555686874E-003
   3429.8654971833316       0.74421982213395321       -1.6173290431451752E-005   9.7110083460001384E-003
   3434.8654971833316       0.74425797000513627       -1.6174672162860088E-005   9.7271830181629992E-003
   3439.8654971833316       0.74429602094641867       -1.6176050430463911E-005   9.7433590685934626E-003
   3444.8654971833316       0.74433397533322765       -1.6177425247502723E-005   9.7595364938409656E-003
   3449.8654971833316       0.74437183353901681       -1.6178796627147291E-005   9.7757152904681122E-003
   3454.8654971833316       0.74440959593527845       -1.6180164582500078E-005   9.7918954550506119E-003
   3459.8654971833316       0.74444726289153940       -1.6181529126595081E-005   9.8080769841772074E-003
   3464.8654971833316       0.74448483477538430       -1.6182890272398630E-005   9.8242598744496066E-003
   3469.8654971833316       0.74452231195247232       -1.6184248032809999E-005   9.8404441224824168E-003
   3474.8654971833316       0.74455969478653472       -1.6185602420661260E-005   9.8566297249030790E-003
   3479.8654971833316       0.74459698363942195       -1.6186953448718994E-005   9.8728166783517979E-003
   3484.8654971833316       0.74463417887108507       -1.6188301129683578E-005   9.8890049794814819E-003
   3489.8654971833316       0.74467128083958367       -1.6189645476189470E-005   9.9051946249576715E-003
   3494.8654971833316       0.74470828990111604       -1.6190986500806248E-005   9.9213856114584772E-003
   3499.8654971833316       0.74474520641002218       -1.6192324216038728E-005   9.9375779356745166E-003
   3504.8654971833316       0.74478203071883609       -1.6193658634328824E-005   9.9537715943088453E-003
   3509.8654971833316       0.74481876317821472       -1.6194989768052946E-005   9.9699665840768982E-003
   3514.8654971833316       0.74485540413702034       -1.6196317629524972E-005   9.9861629017064229E-003
   3519.8654971833316       0.74489195394231844       -1.6197642230996148E-005   1.0002360543937419E-002
   3524.8654971833316       0.74492841293934065       -1.6198963584653718E-005   1.0018559507522073E-002
   3529.8654971833316       0.74496478147158818       -1.6200281702624668E-005   1.0034759789224697E-002
   3534.8654971833316       0.74500105988077370       -1.6201596596973581E-005   1.0050961385821670E-002
   3539.8654971833316       0.74503724850683939       -1.6202908279703272E-005   1.0067164294101373E-002
   3544.8654971833316       0.74507334768798639       -1.6204216762755856E-005   1.0083368510864129E-002
   3549.8654971833316       0.74510935776068310       -1.6205522058012991E-005   1.0099574032922142E-002
   3554.8654971833316       0.74514527905966921       -1.6206824177296045E-005   1.0115780857099438E-002
   3559.8654971833316       0.74518111191799064       -1.6208123132367314E-005   1.0131988980231805E-002
   3564.8654971833316       0.74521685666696391       -1.6209418934928733E-005   1.0148198399166733E-002
   3569.8654971833316       0.74525251363623513       -1.6210711596623957E-005   1.0164409110763358E-002
   3574.8654971833316       0.74528808315375372       -1.6212001129037442E-005   1.0180621111892395E-002
   3579.8654971833316       0.74532356554581825       -1.6213287543696050E-005   1.0196834399436092E-002
   3584.8654971833316       0.74535896113706190       -1.6214570852068504E-005   1.0213048970288161E-002
   3589.8654971833316       0.74539427025045502       -1.6215851065565488E-005   1.0229264821353726E-002
   3594.8654971833316       0.74542949320734442       -1.6217128195541023E-005   1.0245481949549268E-002
   3599.8654971833316       0.74546463032746868       -1.6218402253293018E-005   1.0261700351802561E-002
   3604.8654971833316       0.74549968192892890       -1.6219673250062208E-005   1.0277920025052624E-002
   3609.8654971833316       0.74553464832821814       -1.6220941197033150E-005   1.0294140966249657E-002
   3614.8654971833316       0.74556952984024494       -1.6222206105335128E-005   1.0310363172354993E-002
   3619.8654971833316       0.74560432677832666       -1.6223467986041843E-005   1.0326586640341034E-002
   3624.8654971833316       0.74563903945418886       -1.6224726850171386E-005   1.0342811367191205E-002
   3629.8654971833316       0.74567366817802949       -1.6225982708688554E-005   1.0359037349899894E-002
   3634.8654971833316       0.74570821325847914       -1.6227235572503394E-005   1.0375264585472397E-002
   3639.8654971833316       0.74574267500260816       -1.6228485452471436E-005   1.0391493070924868E-002
   3644.8654971833316       0.74577705371596703       -1.6229732359395137E-005   1.0407722803284263E-002
   3649.8654971833316       0.74581134970257257       -1.6230976304023363E-005   1.0423953779588286E-002
   3654.8654971833316       0.74584556326494067       -1.6232217297052591E-005   1.0440185996885339E-002
   3659.8654971833316       0.74587969470406412       -1.6233455349126032E-005   1.0456419452234465E-002
   3664.8654971833316       0.74591374431943214       -1.6234690470834372E-005   1.0472654142705299E-002
   3669.8654971833316       0.74594771240907098       -1.6235922672717217E-005   1.0488890065378016E-002
   3674.8654971833316       0.74598159926950847       -1.6237151965261755E-005   1.0505127217343278E-002
   3679.8654971833316       0.74601540519581599       -1.6238378358904319E-005   1.0521365595702183E-002
   3684.8654971833316       0.74604913048160704       -1.6239601864030285E-005   1.0537605197566214E-002
   3689.8654971833316       0.74608277541904644       -1.6240822490974393E-005   1.0553846020057187E-002
   3694.8654971833316       0.74611634029883500       -1.6242040250020169E-005   1.0570088060307207E-002
   3699.8654971833316       0.74614982541026720       -1.6243255151402038E-005   1.0586331315458610E-002
   3704.8654971833316       0.74618323104120454       -1.6244467205304293E-005   1.0602575782663914E-002
   3709.8654971833316       0.74621655747810944       -1.6245676421862337E-005   1.0618821459085777E-002
   3714.8654971833316       0.74624980500601412       -1.6246882811161549E-005   1.0635068341896939E-002
   3719.8654971833316       0.74628297390856613       -1.6248086383238877E-005   1.0651316428280178E-002
   3724.8654971833316       0.74631606446804311       -1.6249287148083428E-005   1.0667565715428262E-002
   3729.8654971833316       0.74634907696532093       -1.6250485115635215E-005   1.0683816200543898E-002
   3734.8654971833316       0.74638201167989926       -1.6251680295786146E-005   1.0700067880839685E-002
   3739.8654971833316       0.74641486888994046       -1.6252872698381367E-005   1.0716320753538067E-002
   3744.8654971833316       0.74644764887222270       -1.6254062333217574E-005   1.0732574815871284E-002
   3749.8654971833316       0.74648035190221240       -1.6255249210045628E-005   1.0748830065081330E-002
   3754.8654971833316       0.74651297825402030       -1.6256433338568924E-005   1.0765086498419899E-002
   3759.8654971833316       0.74654552820041065       -1.6257614728443734E-005   1.0781344113148343E-002
   3764.8654971833316       0.74657800201285751       -1.6258793389281237E-005   1.0797602906537624E-002
   3769.8654971833316       0.74661039996152245       -1.6259969330646659E-005   1.0813862875868271E-002
   3774.8654971833316       0.74664272231525219       -1.6261142562059236E-005   1.0830124018430330E-002
   3779.8654971833316       0.74667496934158473       -1.6262313092992367E-005   1.0846386331523322E-002
   3784.8654971833316       0.74670714130679405       -1.6263480932875243E-005   1.0862649812456198E-002
   3789.8654971833316       0.74673923847584944       -1.6264646091091383E-005   1.0878914458547289E-002
   3794.8654971833316       0.74677126111246261       -1.6265808576980278E-005   1.0895180267124270E-002
   3799.8654971833316       0.74680320947910384       -1.6266968399838011E-005   1.0911447235524108E-002
   3804.8654971833316       0.74683508383693087       -1.6268125568914635E-005   1.0927715361093023E-002
