 #              _____________________  _______________________             #
 #              ___  __ \__  __ \_  / / /_  /___  ____/_  ___/             #
 #              __  / / /_  /_/ /  / / /_  __/_  __/  _____ \              #
 #              _  /_/ /_  _, _// /_/ / / /_ _  /___  ____/ /              #
 #              /_____/ /_/ |_| \____/  \__/ /_____/  /____/               #
 #                                                                         #
  
 DRUtES is initializing, reading input files
 ---------------------------------------------------------------
 16hrs : 35min : 34.748s  -  2018/10/30    total number of parallel images is:                    1
 ---------------------------------------------------------------
 16hrs : 35min : 34.748s  -  2018/10/30    reading input files and allocating...
 ---------------------------------------------------------------
 16hrs : 35min : 34.788s  -  2018/10/30    number of nodes:                 2097 number of elements:                 3861
 ---------------------------------------------------------------
 16hrs : 35min : 34.789s  -  2018/10/30    calculating elements geometrical properties...
 ---------------------------------------------------------------
 16hrs : 35min : 34.792s  -  2018/10/30    analyzing mesh structure...
 ---------------------------------------------------------------
 16hrs : 35min : 34.794s  -  2018/10/30    DRUtES solves Richards' equation, in    2 D, in total hydraulic head form.
 ---------------------------------------------------------------
 16hrs : 35min : 34.794s  -  2018/10/30    making output files for observation time
 ---------------------------------------------------------------
 16hrs : 35min : 34.845s  -  2018/10/30    go 4 solving
 ---------------------------------------------------------------
 16hrs : 35min : 35.241s  -  2018/10/30    current simulation time:   9.9999999999999995E-008 total iteration count:                    1
