 #              _____________________  _______________________             #
 #              ___  __ \__  __ \_  / / /_  /___  ____/_  ___/             #
 #              __  / / /_  /_/ /  / / /_  __/_  __/  _____ \              #
 #              _  /_/ /_  _, _// /_/ / / /_ _  /___  ____/ /              #
 #              /_____/ /_/ |_| \____/  \__/ /_____/  /____/               #
 #                                                                         #
  
 #        time                      h  [L]                   theta [-]       Darcian flow [L.T^{-1}]   in    x         z              directions   cumulative flux
 #-----------------------------------------------------------------------------------------------

     0.000000000000E+000     0.400000000000E+001     0.600000000000E+000    -0.511364494930E-012    -0.417560798172E+004     0.417560798172E-003
     0.100000000000E-006     0.400000000000E+001     0.600000000000E+000    -0.511356657817E-012    -0.417554398683E+004     0.835115196855E-003
     0.206000000000E-006     0.400000000000E+001     0.600000000000E+000    -0.511348350203E-012    -0.417547615001E+004     0.127771566876E-002
     0.318360000000E-006     0.400000000000E+001     0.600000000000E+000    -0.511339543822E-012    -0.417540424046E+004     0.174686408921E-002
     0.437461600000E-006     0.400000000000E+001     0.600000000000E+000    -0.511330208712E-012    -0.417532801350E+004     0.224415233615E-002
     0.563709296000E-006     0.400000000000E+001     0.600000000000E+000    -0.511320313104E-012    -0.417524720973E+004     0.277126767661E-002
     0.697531853760E-006     0.400000000000E+001     0.600000000000E+000    -0.511309823322E-012    -0.417516155416E+004     0.332999847484E-002
     0.839383764986E-006     0.400000000000E+001     0.600000000000E+000    -0.511298703660E-012    -0.417507075523E+004     0.392224024098E-002
     0.989746790885E-006     0.400000000000E+001     0.600000000000E+000    -0.511286916265E-012    -0.417497450384E+004     0.455000204042E-002
     0.114913159834E-005     0.400000000000E+001     0.600000000000E+000    -0.511274421004E-012    -0.417487247229E+004     0.521541328556E-002
     0.131807949424E-005     0.400000000000E+001     0.600000000000E+000    -0.511261175328E-012    -0.417476431314E+004     0.592073093215E-002
     0.149716426389E-005     0.400000000000E+001     0.600000000000E+000    -0.511247134126E-012    -0.417464965802E+004     0.666834710454E-002
     0.168699411973E-005     0.400000000000E+001     0.600000000000E+000    -0.511232249569E-012    -0.417452811639E+004     0.746079717505E-002
     0.188821376691E-005     0.400000000000E+001     0.600000000000E+000    -0.511216470946E-012    -0.417439927416E+004     0.830076832420E-002
     0.210150659292E-005     0.400000000000E+001     0.600000000000E+000    -0.511199744491E-012    -0.417426269229E+004     0.919110861036E-002
     0.232759698850E-005     0.400000000000E+001     0.600000000000E+000    -0.511182013196E-012    -0.417411790528E+004     0.101348365787E-001
     0.256725280781E-005     0.400000000000E+001     0.600000000000E+000    -0.511163216615E-012    -0.417396441954E+004     0.111351514415E-001
     0.282128797628E-005     0.400000000000E+001     0.600000000000E+000    -0.511143290657E-012    -0.417380171175E+004     0.121954438625E-001
     0.309056525485E-005     0.400000000000E+001     0.600000000000E+000    -0.511122167363E-012    -0.417362922696E+004     0.133193073825E-001
     0.337599917015E-005     0.400000000000E+001     0.600000000000E+000    -0.511099774673E-012    -0.417344637677E+004     0.145105505221E-001
     0.367855912035E-005     0.400000000000E+001     0.600000000000E+000    -0.511076036175E-012    -0.417325253723E+004     0.157732096020E-001
     0.399927266758E-005     0.400000000000E+001     0.600000000000E+000    -0.511050870844E-012    -0.417304704670E+004     0.171115623230E-001
     0.433922902763E-005     0.400000000000E+001     0.600000000000E+000    -0.511024192756E-012    -0.417282920358E+004     0.185301421502E-001
     0.469958276929E-005     0.400000000000E+001     0.600000000000E+000    -0.510995910794E-012    -0.417259826384E+004     0.200337535470E-001
