 #              _____________________  _______________________             #
 #              ___  __ \__  __ \_  / / /_  /___  ____/_  ___/             #
 #              __  / / /_  /_/ /  / / /_  __/_  __/  _____ \              #
 #              _  /_/ /_  _, _// /_/ / / /_ _  /___  ____/ /              #
 #              /_____/ /_/ |_| \____/  \__/ /_____/  /____/               #
 #                                                                         #
  
 #        time                      c  [M/M]                   concetration [M/M]       zero flux   in    x              directions   cumulative flux
 #-----------------------------------------------------------------------------------------------

     0.000000000000E+000     0.642928000000E-003     0.000000000000E+000     0.000000000000E+000     0.000000000000E+000
     0.100000000000E+000     0.642720579059E-003     0.000000000000E+000     0.000000000000E+000     0.000000000000E+000
     0.206000000000E+000     0.642500788050E-003     0.000000000000E+000     0.000000000000E+000     0.000000000000E+000
     0.318360000000E+000     0.642267894030E-003     0.000000000000E+000     0.000000000000E+000     0.000000000000E+000
     0.437461600000E+000     0.642021121221E-003     0.000000000000E+000     0.000000000000E+000     0.000000000000E+000
     0.563709296000E+000     0.641759648575E-003     0.000000000000E+000     0.000000000000E+000     0.000000000000E+000
     0.697531853760E+000     0.641482607219E-003     0.000000000000E+000     0.000000000000E+000     0.000000000000E+000
     0.839383764986E+000     0.641189077755E-003     0.000000000000E+000     0.000000000000E+000     0.000000000000E+000
     0.989746790885E+000     0.640878087434E-003     0.000000000000E+000     0.000000000000E+000     0.000000000000E+000
     0.114913159834E+001     0.640548607169E-003     0.000000000000E+000     0.000000000000E+000     0.000000000000E+000
     0.131807949424E+001     0.640199548406E-003     0.000000000000E+000     0.000000000000E+000     0.000000000000E+000
     0.149716426389E+001     0.639829759837E-003     0.000000000000E+000     0.000000000000E+000     0.000000000000E+000
     0.168699411973E+001     0.639438023941E-003     0.000000000000E+000     0.000000000000E+000     0.000000000000E+000
     0.188821376691E+001     0.639023053366E-003     0.000000000000E+000     0.000000000000E+000     0.000000000000E+000
     0.210150659292E+001     0.638583487130E-003     0.000000000000E+000     0.000000000000E+000     0.000000000000E+000
     0.232759698850E+001     0.638117886643E-003     0.000000000000E+000     0.000000000000E+000     0.000000000000E+000
     0.256725280781E+001     0.637624731546E-003     0.000000000000E+000     0.000000000000E+000     0.000000000000E+000
     0.282128797628E+001     0.637102415354E-003     0.000000000000E+000     0.000000000000E+000     0.000000000000E+000
     0.309056525485E+001     0.636549240911E-003     0.000000000000E+000     0.000000000000E+000     0.000000000000E+000
     0.337599917015E+001     0.635963415640E-003     0.000000000000E+000     0.000000000000E+000     0.000000000000E+000
     0.367855912035E+001     0.635343046602E-003     0.000000000000E+000     0.000000000000E+000     0.000000000000E+000
     0.399927266758E+001     0.634686135336E-003     0.000000000000E+000     0.000000000000E+000     0.000000000000E+000
     0.433922902763E+001     0.633990572509E-003     0.000000000000E+000     0.000000000000E+000     0.000000000000E+000
     0.469958276929E+001     0.633254132352E-003     0.000000000000E+000     0.000000000000E+000     0.000000000000E+000
     0.508155773545E+001     0.632474466897E-003     0.000000000000E+000     0.000000000000E+000     0.000000000000E+000
     0.548645119957E+001     0.631649100009E-003     0.000000000000E+000     0.000000000000E+000     0.000000000000E+000
     0.591563827155E+001     0.630775421230E-003     0.000000000000E+000     0.000000000000E+000     0.000000000000E+000
     0.637057656784E+001     0.629850679422E-003     0.000000000000E+000     0.000000000000E+000     0.000000000000E+000
     0.685281116191E+001     0.628871976246E-003     0.000000000000E+000     0.000000000000E+000     0.000000000000E+000
     0.736397983162E+001     0.627836259460E-003     0.000000000000E+000     0.000000000000E+000     0.000000000000E+000
     0.790581862152E+001     0.626740316078E-003     0.000000000000E+000     0.000000000000E+000     0.000000000000E+000
     0.848016773881E+001     0.625580765388E-003     0.000000000000E+000     0.000000000000E+000     0.000000000000E+000
     0.908897780314E+001     0.624354051870E-003     0.000000000000E+000     0.000000000000E+000     0.000000000000E+000
     0.973431647133E+001     0.623056438027E-003     0.000000000000E+000     0.000000000000E+000     0.000000000000E+000
     0.104183754596E+002     0.621683997179E-003     0.000000000000E+000     0.000000000000E+000     0.000000000000E+000
     0.111434779872E+002     0.620232606244E-003     0.000000000000E+000     0.000000000000E+000     0.000000000000E+000
     0.119120866664E+002     0.618697938564E-003     0.000000000000E+000     0.000000000000E+000     0.000000000000E+000
     0.127268118664E+002     0.617075456829E-003     0.000000000000E+000     0.000000000000E+000     0.000000000000E+000
     0.135904205784E+002     0.615360406151E-003     0.000000000000E+000     0.000000000000E+000     0.000000000000E+000
     0.145058458131E+002     0.613547807377E-003     0.000000000000E+000     0.000000000000E+000     0.000000000000E+000
     0.154761965619E+002     0.611632450708E-003     0.000000000000E+000     0.000000000000E+000     0.000000000000E+000
     0.164761965619E+002     0.609664919636E-003     0.000000000000E+000     0.000000000000E+000     0.000000000000E+000
     0.174761965619E+002     0.607703717819E-003     0.000000000000E+000     0.000000000000E+000     0.000000000000E+000
     0.184761965619E+002     0.605748824899E-003     0.000000000000E+000     0.000000000000E+000     0.000000000000E+000
     0.194761965619E+002     0.603800220580E-003     0.000000000000E+000     0.000000000000E+000     0.000000000000E+000
     0.204761965619E+002     0.601857884632E-003     0.000000000000E+000     0.000000000000E+000     0.000000000000E+000
     0.214761965619E+002     0.599921796892E-003     0.000000000000E+000     0.000000000000E+000     0.000000000000E+000
     0.224761965619E+002     0.597991937259E-003     0.000000000000E+000     0.000000000000E+000     0.000000000000E+000
     0.234761965619E+002     0.596068285700E-003     0.000000000000E+000     0.000000000000E+000     0.000000000000E+000
     0.244761965619E+002     0.594150822242E-003     0.000000000000E+000     0.000000000000E+000     0.000000000000E+000
     0.254761965619E+002     0.592239526981E-003     0.000000000000E+000     0.000000000000E+000     0.000000000000E+000
     0.264761965619E+002     0.590334380074E-003     0.000000000000E+000     0.000000000000E+000     0.000000000000E+000
     0.274761965619E+002     0.588435361742E-003     0.000000000000E+000     0.000000000000E+000     0.000000000000E+000
     0.284761965619E+002     0.586542452272E-003     0.000000000000E+000     0.000000000000E+000     0.000000000000E+000
     0.294761965619E+002     0.584655632011E-003     0.000000000000E+000     0.000000000000E+000     0.000000000000E+000
     0.304761965619E+002     0.582774881371E-003     0.000000000000E+000     0.000000000000E+000     0.000000000000E+000
     0.314761965619E+002     0.580900180828E-003     0.000000000000E+000     0.000000000000E+000     0.000000000000E+000
     0.324761965619E+002     0.579031510919E-003     0.000000000000E+000     0.000000000000E+000     0.000000000000E+000
     0.334761965619E+002     0.577168852245E-003     0.000000000000E+000     0.000000000000E+000     0.000000000000E+000
     0.344761965619E+002     0.575312185468E-003     0.000000000000E+000     0.000000000000E+000     0.000000000000E+000
     0.354761965619E+002     0.573461491313E-003     0.000000000000E+000     0.000000000000E+000     0.000000000000E+000
     0.364761965619E+002     0.571616750568E-003     0.000000000000E+000     0.000000000000E+000     0.000000000000E+000
     0.374761965619E+002     0.569777944080E-003     0.000000000000E+000     0.000000000000E+000     0.000000000000E+000
     0.384761965619E+002     0.567945052761E-003     0.000000000000E+000     0.000000000000E+000     0.000000000000E+000
     0.394761965619E+002     0.566118057581E-003     0.000000000000E+000     0.000000000000E+000     0.000000000000E+000
     0.404761965619E+002     0.564296939575E-003     0.000000000000E+000     0.000000000000E+000     0.000000000000E+000
     0.414761965619E+002     0.562481679836E-003     0.000000000000E+000     0.000000000000E+000     0.000000000000E+000
     0.424761965619E+002     0.560672259519E-003     0.000000000000E+000     0.000000000000E+000     0.000000000000E+000
     0.434761965619E+002     0.558868659839E-003     0.000000000000E+000     0.000000000000E+000     0.000000000000E+000
     0.444761965619E+002     0.557070862073E-003     0.000000000000E+000     0.000000000000E+000     0.000000000000E+000
     0.454761965619E+002     0.555278847556E-003     0.000000000000E+000     0.000000000000E+000     0.000000000000E+000
     0.464761965619E+002     0.553492597684E-003     0.000000000000E+000     0.000000000000E+000     0.000000000000E+000
     0.474761965619E+002     0.551712093914E-003     0.000000000000E+000     0.000000000000E+000     0.000000000000E+000
     0.484761965619E+002     0.549937317761E-003     0.000000000000E+000     0.000000000000E+000     0.000000000000E+000
     0.494761965619E+002     0.548168250800E-003     0.000000000000E+000     0.000000000000E+000     0.000000000000E+000
     0.504761965619E+002     0.546404874666E-003     0.000000000000E+000     0.000000000000E+000     0.000000000000E+000
     0.514761965619E+002     0.544647171052E-003     0.000000000000E+000     0.000000000000E+000     0.000000000000E+000
     0.524761965619E+002     0.542895121710E-003     0.000000000000E+000     0.000000000000E+000     0.000000000000E+000
     0.534761965619E+002     0.541148708451E-003     0.000000000000E+000     0.000000000000E+000     0.000000000000E+000
     0.544761965619E+002     0.539407913146E-003     0.000000000000E+000     0.000000000000E+000     0.000000000000E+000
     0.554761965619E+002     0.537672717721E-003     0.000000000000E+000     0.000000000000E+000     0.000000000000E+000
     0.564761965619E+002     0.535943104164E-003     0.000000000000E+000     0.000000000000E+000     0.000000000000E+000
     0.574761965619E+002     0.534219054517E-003     0.000000000000E+000     0.000000000000E+000     0.000000000000E+000
     0.584761965619E+002     0.532500550883E-003     0.000000000000E+000     0.000000000000E+000     0.000000000000E+000
     0.594761965619E+002     0.530787575420E-003     0.000000000000E+000     0.000000000000E+000     0.000000000000E+000
     0.604761965619E+002     0.529080110346E-003     0.000000000000E+000     0.000000000000E+000     0.000000000000E+000
     0.614761965619E+002     0.527378137935E-003     0.000000000000E+000     0.000000000000E+000     0.000000000000E+000
     0.624761965619E+002     0.525681640517E-003     0.000000000000E+000     0.000000000000E+000     0.000000000000E+000
     0.634761965619E+002     0.523990600480E-003     0.000000000000E+000     0.000000000000E+000     0.000000000000E+000
     0.644761965619E+002     0.522305000268E-003     0.000000000000E+000     0.000000000000E+000     0.000000000000E+000
     0.654761965619E+002     0.520624822383E-003     0.000000000000E+000     0.000000000000E+000     0.000000000000E+000
     0.664761965619E+002     0.518950049382E-003     0.000000000000E+000     0.000000000000E+000     0.000000000000E+000
     0.674761965619E+002     0.517280663877E-003     0.000000000000E+000     0.000000000000E+000     0.000000000000E+000
     0.684761965619E+002     0.515616648539E-003     0.000000000000E+000     0.000000000000E+000     0.000000000000E+000
     0.694761965619E+002     0.513957986092E-003     0.000000000000E+000     0.000000000000E+000     0.000000000000E+000
     0.704761965619E+002     0.512304659316E-003     0.000000000000E+000     0.000000000000E+000     0.000000000000E+000
     0.714761965619E+002     0.510656651047E-003     0.000000000000E+000     0.000000000000E+000     0.000000000000E+000
     0.724761965619E+002     0.509013944178E-003     0.000000000000E+000     0.000000000000E+000     0.000000000000E+000
     0.734761965619E+002     0.507376521653E-003     0.000000000000E+000     0.000000000000E+000     0.000000000000E+000
     0.744761965619E+002     0.505744366475E-003     0.000000000000E+000     0.000000000000E+000     0.000000000000E+000
     0.754761965619E+002     0.504117461697E-003     0.000000000000E+000     0.000000000000E+000     0.000000000000E+000
     0.764761965619E+002     0.502495790432E-003     0.000000000000E+000     0.000000000000E+000     0.000000000000E+000
     0.774761965619E+002     0.500879335844E-003     0.000000000000E+000     0.000000000000E+000     0.000000000000E+000
     0.784761965619E+002     0.499268081150E-003     0.000000000000E+000     0.000000000000E+000     0.000000000000E+000
     0.794761965619E+002     0.497662009624E-003     0.000000000000E+000     0.000000000000E+000     0.000000000000E+000
     0.804761965619E+002     0.496061104593E-003     0.000000000000E+000     0.000000000000E+000     0.000000000000E+000
     0.814761965619E+002     0.494465349436E-003     0.000000000000E+000     0.000000000000E+000     0.000000000000E+000
     0.824761965619E+002     0.492874727588E-003     0.000000000000E+000     0.000000000000E+000     0.000000000000E+000
     0.834761965619E+002     0.491289222534E-003     0.000000000000E+000     0.000000000000E+000     0.000000000000E+000
     0.844761965619E+002     0.489708817816E-003     0.000000000000E+000     0.000000000000E+000     0.000000000000E+000
     0.854761965619E+002     0.488133497026E-003     0.000000000000E+000     0.000000000000E+000     0.000000000000E+000
     0.864761965619E+002     0.486563243809E-003     0.000000000000E+000     0.000000000000E+000     0.000000000000E+000
     0.874761965619E+002     0.484998041865E-003     0.000000000000E+000     0.000000000000E+000     0.000000000000E+000
     0.884761965619E+002     0.483437874944E-003     0.000000000000E+000     0.000000000000E+000     0.000000000000E+000
     0.894761965619E+002     0.481882726848E-003     0.000000000000E+000     0.000000000000E+000     0.000000000000E+000
     0.904761965619E+002     0.480332581434E-003     0.000000000000E+000     0.000000000000E+000     0.000000000000E+000
     0.914761965619E+002     0.478787422609E-003     0.000000000000E+000     0.000000000000E+000     0.000000000000E+000
     0.924761965619E+002     0.477247234331E-003     0.000000000000E+000     0.000000000000E+000     0.000000000000E+000
     0.934761965619E+002     0.475712000610E-003     0.000000000000E+000     0.000000000000E+000     0.000000000000E+000
     0.944761965619E+002     0.474181705509E-003     0.000000000000E+000     0.000000000000E+000     0.000000000000E+000
     0.954761965619E+002     0.472656333141E-003     0.000000000000E+000     0.000000000000E+000     0.000000000000E+000
     0.964761965619E+002     0.471135867670E-003     0.000000000000E+000     0.000000000000E+000     0.000000000000E+000
     0.974761965619E+002     0.469620293312E-003     0.000000000000E+000     0.000000000000E+000     0.000000000000E+000
     0.984761965619E+002     0.468109594332E-003     0.000000000000E+000     0.000000000000E+000     0.000000000000E+000
     0.994761965619E+002     0.466603755047E-003     0.000000000000E+000     0.000000000000E+000     0.000000000000E+000
     0.100476196562E+003     0.465102759824E-003     0.000000000000E+000     0.000000000000E+000     0.000000000000E+000
     0.101476196562E+003     0.463606593080E-003     0.000000000000E+000     0.000000000000E+000     0.000000000000E+000
     0.102476196562E+003     0.462115239284E-003     0.000000000000E+000     0.000000000000E+000     0.000000000000E+000
     0.103476196562E+003     0.460628682952E-003     0.000000000000E+000     0.000000000000E+000     0.000000000000E+000
     0.104476196562E+003     0.459146908652E-003     0.000000000000E+000     0.000000000000E+000     0.000000000000E+000
     0.105476196562E+003     0.457669901000E-003     0.000000000000E+000     0.000000000000E+000     0.000000000000E+000
     0.106476196562E+003     0.456197644663E-003     0.000000000000E+000     0.000000000000E+000     0.000000000000E+000
     0.107476196562E+003     0.454730124357E-003     0.000000000000E+000     0.000000000000E+000     0.000000000000E+000
     0.108476196562E+003     0.453267324847E-003     0.000000000000E+000     0.000000000000E+000     0.000000000000E+000
     0.109476196562E+003     0.451809230946E-003     0.000000000000E+000     0.000000000000E+000     0.000000000000E+000
     0.110476196562E+003     0.450355827518E-003     0.000000000000E+000     0.000000000000E+000     0.000000000000E+000
     0.111476196562E+003     0.448907099473E-003     0.000000000000E+000     0.000000000000E+000     0.000000000000E+000
     0.112476196562E+003     0.447463031772E-003     0.000000000000E+000     0.000000000000E+000     0.000000000000E+000
     0.113476196562E+003     0.446023609423E-003     0.000000000000E+000     0.000000000000E+000     0.000000000000E+000
     0.114476196562E+003     0.444588817483E-003     0.000000000000E+000     0.000000000000E+000     0.000000000000E+000
     0.115476196562E+003     0.443158641056E-003     0.000000000000E+000     0.000000000000E+000     0.000000000000E+000
     0.116476196562E+003     0.441733065295E-003     0.000000000000E+000     0.000000000000E+000     0.000000000000E+000
     0.117476196562E+003     0.440312075400E-003     0.000000000000E+000     0.000000000000E+000     0.000000000000E+000
     0.118476196562E+003     0.438895656620E-003     0.000000000000E+000     0.000000000000E+000     0.000000000000E+000
     0.119476196562E+003     0.437483794248E-003     0.000000000000E+000     0.000000000000E+000     0.000000000000E+000
     0.120476196562E+003     0.436076473630E-003     0.000000000000E+000     0.000000000000E+000     0.000000000000E+000
     0.121476196562E+003     0.434673680153E-003     0.000000000000E+000     0.000000000000E+000     0.000000000000E+000
     0.122476196562E+003     0.433275399255E-003     0.000000000000E+000     0.000000000000E+000     0.000000000000E+000
     0.123476196562E+003     0.431881616421E-003     0.000000000000E+000     0.000000000000E+000     0.000000000000E+000
     0.124476196562E+003     0.430492317179E-003     0.000000000000E+000     0.000000000000E+000     0.000000000000E+000
     0.125476196562E+003     0.429107487107E-003     0.000000000000E+000     0.000000000000E+000     0.000000000000E+000
     0.126476196562E+003     0.427727111829E-003     0.000000000000E+000     0.000000000000E+000     0.000000000000E+000
     0.127476196562E+003     0.426351177013E-003     0.000000000000E+000     0.000000000000E+000     0.000000000000E+000
     0.128476196562E+003     0.424979668377E-003     0.000000000000E+000     0.000000000000E+000     0.000000000000E+000
     0.129476196562E+003     0.423612571680E-003     0.000000000000E+000     0.000000000000E+000     0.000000000000E+000
     0.130476196562E+003     0.422249872731E-003     0.000000000000E+000     0.000000000000E+000     0.000000000000E+000
     0.131476196562E+003     0.420891557384E-003     0.000000000000E+000     0.000000000000E+000     0.000000000000E+000
     0.132476196562E+003     0.419537611535E-003     0.000000000000E+000     0.000000000000E+000     0.000000000000E+000
     0.133476196562E+003     0.418188021130E-003     0.000000000000E+000     0.000000000000E+000     0.000000000000E+000
     0.134476196562E+003     0.416842772158E-003     0.000000000000E+000     0.000000000000E+000     0.000000000000E+000
     0.135476196562E+003     0.415501850652E-003     0.000000000000E+000     0.000000000000E+000     0.000000000000E+000
     0.136476196562E+003     0.414165242693E-003     0.000000000000E+000     0.000000000000E+000     0.000000000000E+000
     0.137476196562E+003     0.412832934403E-003     0.000000000000E+000     0.000000000000E+000     0.000000000000E+000
     0.138476196562E+003     0.411504911952E-003     0.000000000000E+000     0.000000000000E+000     0.000000000000E+000
     0.139476196562E+003     0.410181161553E-003     0.000000000000E+000     0.000000000000E+000     0.000000000000E+000
     0.140476196562E+003     0.408861669463E-003     0.000000000000E+000     0.000000000000E+000     0.000000000000E+000
     0.141476196562E+003     0.407546421983E-003     0.000000000000E+000     0.000000000000E+000     0.000000000000E+000
     0.142476196562E+003     0.406235405460E-003     0.000000000000E+000     0.000000000000E+000     0.000000000000E+000
     0.143476196562E+003     0.404928606284E-003     0.000000000000E+000     0.000000000000E+000     0.000000000000E+000
     0.144476196562E+003     0.403626010886E-003     0.000000000000E+000     0.000000000000E+000     0.000000000000E+000
     0.145476196562E+003     0.402327605746E-003     0.000000000000E+000     0.000000000000E+000     0.000000000000E+000
     0.146476196562E+003     0.401033377382E-003     0.000000000000E+000     0.000000000000E+000     0.000000000000E+000
     0.147476196562E+003     0.399743312360E-003     0.000000000000E+000     0.000000000000E+000     0.000000000000E+000
     0.148476196562E+003     0.398457397286E-003     0.000000000000E+000     0.000000000000E+000     0.000000000000E+000
     0.149476196562E+003     0.397175618810E-003     0.000000000000E+000     0.000000000000E+000     0.000000000000E+000
     0.150476196562E+003     0.395897963626E-003     0.000000000000E+000     0.000000000000E+000     0.000000000000E+000
     0.151476196562E+003     0.394624418470E-003     0.000000000000E+000     0.000000000000E+000     0.000000000000E+000
     0.152476196562E+003     0.393354970120E-003     0.000000000000E+000     0.000000000000E+000     0.000000000000E+000
     0.153476196562E+003     0.392089605397E-003     0.000000000000E+000     0.000000000000E+000     0.000000000000E+000
     0.154476196562E+003     0.390828311166E-003     0.000000000000E+000     0.000000000000E+000     0.000000000000E+000
     0.155476196562E+003     0.389571074331E-003     0.000000000000E+000     0.000000000000E+000     0.000000000000E+000
     0.156476196562E+003     0.388317881841E-003     0.000000000000E+000     0.000000000000E+000     0.000000000000E+000
     0.157476196562E+003     0.387068720686E-003     0.000000000000E+000     0.000000000000E+000     0.000000000000E+000
     0.158476196562E+003     0.385823577898E-003     0.000000000000E+000     0.000000000000E+000     0.000000000000E+000
     0.159476196562E+003     0.384582440549E-003     0.000000000000E+000     0.000000000000E+000     0.000000000000E+000
     0.160476196562E+003     0.383345295756E-003     0.000000000000E+000     0.000000000000E+000     0.000000000000E+000
     0.161476196562E+003     0.382112130675E-003     0.000000000000E+000     0.000000000000E+000     0.000000000000E+000
     0.162476196562E+003     0.380882932503E-003     0.000000000000E+000     0.000000000000E+000     0.000000000000E+000
     0.163476196562E+003     0.379657688479E-003     0.000000000000E+000     0.000000000000E+000     0.000000000000E+000
     0.164476196562E+003     0.378436385884E-003     0.000000000000E+000     0.000000000000E+000     0.000000000000E+000
     0.165476196562E+003     0.377219012039E-003     0.000000000000E+000     0.000000000000E+000     0.000000000000E+000
     0.166476196562E+003     0.376005554306E-003     0.000000000000E+000     0.000000000000E+000     0.000000000000E+000
     0.167476196562E+003     0.374796000086E-003     0.000000000000E+000     0.000000000000E+000     0.000000000000E+000
     0.168476196562E+003     0.373590336824E-003     0.000000000000E+000     0.000000000000E+000     0.000000000000E+000
     0.169476196562E+003     0.372388552001E-003     0.000000000000E+000     0.000000000000E+000     0.000000000000E+000
     0.170476196562E+003     0.371190633143E-003     0.000000000000E+000     0.000000000000E+000     0.000000000000E+000
     0.171476196562E+003     0.369996567812E-003     0.000000000000E+000     0.000000000000E+000     0.000000000000E+000
     0.172476196562E+003     0.368806343612E-003     0.000000000000E+000     0.000000000000E+000     0.000000000000E+000
     0.173476196562E+003     0.367619948188E-003     0.000000000000E+000     0.000000000000E+000     0.000000000000E+000
     0.174476196562E+003     0.366437369222E-003     0.000000000000E+000     0.000000000000E+000     0.000000000000E+000
     0.175476196562E+003     0.365258594438E-003     0.000000000000E+000     0.000000000000E+000     0.000000000000E+000
     0.176476196562E+003     0.364083611598E-003     0.000000000000E+000     0.000000000000E+000     0.000000000000E+000
     0.177476196562E+003     0.362912408503E-003     0.000000000000E+000     0.000000000000E+000     0.000000000000E+000
     0.178476196562E+003     0.361744972996E-003     0.000000000000E+000     0.000000000000E+000     0.000000000000E+000
     0.179476196562E+003     0.360581292956E-003     0.000000000000E+000     0.000000000000E+000     0.000000000000E+000
     0.180476196562E+003     0.359421356302E-003     0.000000000000E+000     0.000000000000E+000     0.000000000000E+000
     0.181476196562E+003     0.358265150993E-003     0.000000000000E+000     0.000000000000E+000     0.000000000000E+000
     0.182476196562E+003     0.357112665026E-003     0.000000000000E+000     0.000000000000E+000     0.000000000000E+000
     0.183476196562E+003     0.355963886435E-003     0.000000000000E+000     0.000000000000E+000     0.000000000000E+000
     0.184476196562E+003     0.354818803294E-003     0.000000000000E+000     0.000000000000E+000     0.000000000000E+000
     0.185476196562E+003     0.353677403717E-003     0.000000000000E+000     0.000000000000E+000     0.000000000000E+000
     0.186476196562E+003     0.352539675853E-003     0.000000000000E+000     0.000000000000E+000     0.000000000000E+000
     0.187476196562E+003     0.351405607892E-003     0.000000000000E+000     0.000000000000E+000     0.000000000000E+000
     0.188476196562E+003     0.350275188059E-003     0.000000000000E+000     0.000000000000E+000     0.000000000000E+000
     0.189476196562E+003     0.349148404620E-003     0.000000000000E+000     0.000000000000E+000     0.000000000000E+000
     0.190476196562E+003     0.348025245876E-003     0.000000000000E+000     0.000000000000E+000     0.000000000000E+000
     0.191476196562E+003     0.346905700167E-003     0.000000000000E+000     0.000000000000E+000     0.000000000000E+000
     0.192476196562E+003     0.345789755872E-003     0.000000000000E+000     0.000000000000E+000     0.000000000000E+000
     0.193476196562E+003     0.344677401404E-003     0.000000000000E+000     0.000000000000E+000     0.000000000000E+000
     0.194476196562E+003     0.343568625215E-003     0.000000000000E+000     0.000000000000E+000     0.000000000000E+000
     0.195476196562E+003     0.342463415796E-003     0.000000000000E+000     0.000000000000E+000     0.000000000000E+000
     0.196476196562E+003     0.341361761672E-003     0.000000000000E+000     0.000000000000E+000     0.000000000000E+000
     0.197476196562E+003     0.340263651406E-003     0.000000000000E+000     0.000000000000E+000     0.000000000000E+000
     0.198476196562E+003     0.339169073598E-003     0.000000000000E+000     0.000000000000E+000     0.000000000000E+000
     0.199476196562E+003     0.338078016885E-003     0.000000000000E+000     0.000000000000E+000     0.000000000000E+000
     0.200476196562E+003     0.336990469940E-003     0.000000000000E+000     0.000000000000E+000     0.000000000000E+000
     0.201476196562E+003     0.335906421473E-003     0.000000000000E+000     0.000000000000E+000     0.000000000000E+000
     0.202476196562E+003     0.334825860229E-003     0.000000000000E+000     0.000000000000E+000     0.000000000000E+000
     0.203476196562E+003     0.333748774991E-003     0.000000000000E+000     0.000000000000E+000     0.000000000000E+000
     0.204476196562E+003     0.332675154576E-003     0.000000000000E+000     0.000000000000E+000     0.000000000000E+000
     0.205476196562E+003     0.331604987840E-003     0.000000000000E+000     0.000000000000E+000     0.000000000000E+000
     0.206476196562E+003     0.330538263671E-003     0.000000000000E+000     0.000000000000E+000     0.000000000000E+000
     0.207476196562E+003     0.329474970996E-003     0.000000000000E+000     0.000000000000E+000     0.000000000000E+000
     0.208476196562E+003     0.328415098777E-003     0.000000000000E+000     0.000000000000E+000     0.000000000000E+000
     0.209476196562E+003     0.327358636009E-003     0.000000000000E+000     0.000000000000E+000     0.000000000000E+000
     0.210476196562E+003     0.326305571726E-003     0.000000000000E+000     0.000000000000E+000     0.000000000000E+000
     0.211476196562E+003     0.325255894995E-003     0.000000000000E+000     0.000000000000E+000     0.000000000000E+000
     0.212476196562E+003     0.324209594918E-003     0.000000000000E+000     0.000000000000E+000     0.000000000000E+000
     0.213476196562E+003     0.323166660634E-003     0.000000000000E+000     0.000000000000E+000     0.000000000000E+000
     0.214476196562E+003     0.322127081315E-003     0.000000000000E+000     0.000000000000E+000     0.000000000000E+000
     0.215476196562E+003     0.321090846169E-003     0.000000000000E+000     0.000000000000E+000     0.000000000000E+000
     0.216476196562E+003     0.320057944439E-003     0.000000000000E+000     0.000000000000E+000     0.000000000000E+000
     0.217476196562E+003     0.319028365400E-003     0.000000000000E+000     0.000000000000E+000     0.000000000000E+000
     0.218476196562E+003     0.318002098364E-003     0.000000000000E+000     0.000000000000E+000     0.000000000000E+000
     0.219476196562E+003     0.316979132678E-003     0.000000000000E+000     0.000000000000E+000     0.000000000000E+000
     0.220476196562E+003     0.315959457721E-003     0.000000000000E+000     0.000000000000E+000     0.000000000000E+000
     0.221476196562E+003     0.314943062907E-003     0.000000000000E+000     0.000000000000E+000     0.000000000000E+000
     0.222476196562E+003     0.313929937685E-003     0.000000000000E+000     0.000000000000E+000     0.000000000000E+000
     0.223476196562E+003     0.312920071537E-003     0.000000000000E+000     0.000000000000E+000     0.000000000000E+000
     0.224476196562E+003     0.311913453979E-003     0.000000000000E+000     0.000000000000E+000     0.000000000000E+000
     0.225476196562E+003     0.310910074560E-003     0.000000000000E+000     0.000000000000E+000     0.000000000000E+000
     0.226476196562E+003     0.309909922865E-003     0.000000000000E+000     0.000000000000E+000     0.000000000000E+000
     0.227476196562E+003     0.308912988510E-003     0.000000000000E+000     0.000000000000E+000     0.000000000000E+000
     0.228476196562E+003     0.307919261145E-003     0.000000000000E+000     0.000000000000E+000     0.000000000000E+000
     0.229476196562E+003     0.306928730453E-003     0.000000000000E+000     0.000000000000E+000     0.000000000000E+000
     0.230476196562E+003     0.305941386153E-003     0.000000000000E+000     0.000000000000E+000     0.000000000000E+000
     0.231476196562E+003     0.304957217993E-003     0.000000000000E+000     0.000000000000E+000     0.000000000000E+000
     0.232476196562E+003     0.303976215756E-003     0.000000000000E+000     0.000000000000E+000     0.000000000000E+000
     0.233476196562E+003     0.302998369258E-003     0.000000000000E+000     0.000000000000E+000     0.000000000000E+000
     0.234476196562E+003     0.302023668348E-003     0.000000000000E+000     0.000000000000E+000     0.000000000000E+000
     0.235476196562E+003     0.301052102906E-003     0.000000000000E+000     0.000000000000E+000     0.000000000000E+000
     0.236476196562E+003     0.300083662846E-003     0.000000000000E+000     0.000000000000E+000     0.000000000000E+000
     0.237476196562E+003     0.299118338115E-003     0.000000000000E+000     0.000000000000E+000     0.000000000000E+000
     0.238476196562E+003     0.298156118691E-003     0.000000000000E+000     0.000000000000E+000     0.000000000000E+000
     0.239476196562E+003     0.297196994584E-003     0.000000000000E+000     0.000000000000E+000     0.000000000000E+000
     0.240476196562E+003     0.296240955837E-003     0.000000000000E+000     0.000000000000E+000     0.000000000000E+000
     0.241476196562E+003     0.295287992526E-003     0.000000000000E+000     0.000000000000E+000     0.000000000000E+000
     0.242476196562E+003     0.294338094756E-003     0.000000000000E+000     0.000000000000E+000     0.000000000000E+000
     0.243476196562E+003     0.293391252667E-003     0.000000000000E+000     0.000000000000E+000     0.000000000000E+000
     0.244476196562E+003     0.292447456429E-003     0.000000000000E+000     0.000000000000E+000     0.000000000000E+000
     0.245476196562E+003     0.291506696244E-003     0.000000000000E+000     0.000000000000E+000     0.000000000000E+000
     0.246476196562E+003     0.290568962345E-003     0.000000000000E+000     0.000000000000E+000     0.000000000000E+000
     0.247476196562E+003     0.289634244997E-003     0.000000000000E+000     0.000000000000E+000     0.000000000000E+000
     0.248476196562E+003     0.288702534497E-003     0.000000000000E+000     0.000000000000E+000     0.000000000000E+000
     0.249476196562E+003     0.287773821171E-003     0.000000000000E+000     0.000000000000E+000     0.000000000000E+000
     0.250476196562E+003     0.286848095379E-003     0.000000000000E+000     0.000000000000E+000     0.000000000000E+000
     0.251476196562E+003     0.285925347509E-003     0.000000000000E+000     0.000000000000E+000     0.000000000000E+000
     0.252476196562E+003     0.285005567983E-003     0.000000000000E+000     0.000000000000E+000     0.000000000000E+000
     0.253476196562E+003     0.284088747252E-003     0.000000000000E+000     0.000000000000E+000     0.000000000000E+000
     0.254476196562E+003     0.283174875797E-003     0.000000000000E+000     0.000000000000E+000     0.000000000000E+000
     0.255476196562E+003     0.282263944131E-003     0.000000000000E+000     0.000000000000E+000     0.000000000000E+000
     0.256476196562E+003     0.281355942797E-003     0.000000000000E+000     0.000000000000E+000     0.000000000000E+000
     0.257476196562E+003     0.280450862370E-003     0.000000000000E+000     0.000000000000E+000     0.000000000000E+000
     0.258476196562E+003     0.279548693452E-003     0.000000000000E+000     0.000000000000E+000     0.000000000000E+000
     0.259476196562E+003     0.278649426679E-003     0.000000000000E+000     0.000000000000E+000     0.000000000000E+000
     0.260476196562E+003     0.277753052713E-003     0.000000000000E+000     0.000000000000E+000     0.000000000000E+000
     0.261476196562E+003     0.276859562250E-003     0.000000000000E+000     0.000000000000E+000     0.000000000000E+000
     0.262476196562E+003     0.275968946013E-003     0.000000000000E+000     0.000000000000E+000     0.000000000000E+000
     0.263476196562E+003     0.275081194757E-003     0.000000000000E+000     0.000000000000E+000     0.000000000000E+000
     0.264476196562E+003     0.274196299265E-003     0.000000000000E+000     0.000000000000E+000     0.000000000000E+000
     0.265476196562E+003     0.273314250351E-003     0.000000000000E+000     0.000000000000E+000     0.000000000000E+000
     0.266476196562E+003     0.272435038858E-003     0.000000000000E+000     0.000000000000E+000     0.000000000000E+000
     0.267476196562E+003     0.271558655658E-003     0.000000000000E+000     0.000000000000E+000     0.000000000000E+000
     0.268476196562E+003     0.270685091654E-003     0.000000000000E+000     0.000000000000E+000     0.000000000000E+000
     0.269476196562E+003     0.269814337775E-003     0.000000000000E+000     0.000000000000E+000     0.000000000000E+000
     0.270476196562E+003     0.268946384983E-003     0.000000000000E+000     0.000000000000E+000     0.000000000000E+000
     0.271476196562E+003     0.268081224266E-003     0.000000000000E+000     0.000000000000E+000     0.000000000000E+000
     0.272476196562E+003     0.267218846644E-003     0.000000000000E+000     0.000000000000E+000     0.000000000000E+000
     0.273476196562E+003     0.266359243162E-003     0.000000000000E+000     0.000000000000E+000     0.000000000000E+000
     0.274476196562E+003     0.265502404898E-003     0.000000000000E+000     0.000000000000E+000     0.000000000000E+000
     0.275476196562E+003     0.264648322956E-003     0.000000000000E+000     0.000000000000E+000     0.000000000000E+000
     0.276476196562E+003     0.263796988468E-003     0.000000000000E+000     0.000000000000E+000     0.000000000000E+000
     0.277476196562E+003     0.262948392598E-003     0.000000000000E+000     0.000000000000E+000     0.000000000000E+000
     0.278476196562E+003     0.262102526536E-003     0.000000000000E+000     0.000000000000E+000     0.000000000000E+000
     0.279476196562E+003     0.261259381499E-003     0.000000000000E+000     0.000000000000E+000     0.000000000000E+000
     0.280476196562E+003     0.260418948735E-003     0.000000000000E+000     0.000000000000E+000     0.000000000000E+000
     0.281476196562E+003     0.259581219518E-003     0.000000000000E+000     0.000000000000E+000     0.000000000000E+000
     0.282476196562E+003     0.258746185153E-003     0.000000000000E+000     0.000000000000E+000     0.000000000000E+000
     0.283476196562E+003     0.257913836970E-003     0.000000000000E+000     0.000000000000E+000     0.000000000000E+000
     0.284476196562E+003     0.257084166327E-003     0.000000000000E+000     0.000000000000E+000     0.000000000000E+000
     0.285476196562E+003     0.256257164613E-003     0.000000000000E+000     0.000000000000E+000     0.000000000000E+000
     0.286476196562E+003     0.255432823240E-003     0.000000000000E+000     0.000000000000E+000     0.000000000000E+000
     0.287476196562E+003     0.254611133651E-003     0.000000000000E+000     0.000000000000E+000     0.000000000000E+000
     0.288476196562E+003     0.253792087317E-003     0.000000000000E+000     0.000000000000E+000     0.000000000000E+000
     0.289476196562E+003     0.252975675733E-003     0.000000000000E+000     0.000000000000E+000     0.000000000000E+000
     0.290476196562E+003     0.252161890424E-003     0.000000000000E+000     0.000000000000E+000     0.000000000000E+000
     0.291476196562E+003     0.251350722943E-003     0.000000000000E+000     0.000000000000E+000     0.000000000000E+000
     0.292476196562E+003     0.250542164867E-003     0.000000000000E+000     0.000000000000E+000     0.000000000000E+000
     0.293476196562E+003     0.249736207802E-003     0.000000000000E+000     0.000000000000E+000     0.000000000000E+000
     0.294476196562E+003     0.248932843383E-003     0.000000000000E+000     0.000000000000E+000     0.000000000000E+000
     0.295476196562E+003     0.248132063267E-003     0.000000000000E+000     0.000000000000E+000     0.000000000000E+000
     0.296476196562E+003     0.247333859143E-003     0.000000000000E+000     0.000000000000E+000     0.000000000000E+000
     0.297476196562E+003     0.246538222724E-003     0.000000000000E+000     0.000000000000E+000     0.000000000000E+000
     0.298476196562E+003     0.245745145749E-003     0.000000000000E+000     0.000000000000E+000     0.000000000000E+000
     0.299476196562E+003     0.244954619985E-003     0.000000000000E+000     0.000000000000E+000     0.000000000000E+000
     0.300476196562E+003     0.244166637226E-003     0.000000000000E+000     0.000000000000E+000     0.000000000000E+000
     0.301476196562E+003     0.243381189290E-003     0.000000000000E+000     0.000000000000E+000     0.000000000000E+000
     0.302476196562E+003     0.242598268025E-003     0.000000000000E+000     0.000000000000E+000     0.000000000000E+000
     0.303476196562E+003     0.241817865301E-003     0.000000000000E+000     0.000000000000E+000     0.000000000000E+000
     0.304476196562E+003     0.241039973017E-003     0.000000000000E+000     0.000000000000E+000     0.000000000000E+000
     0.305476196562E+003     0.240264583097E-003     0.000000000000E+000     0.000000000000E+000     0.000000000000E+000
     0.306476196562E+003     0.239491687493E-003     0.000000000000E+000     0.000000000000E+000     0.000000000000E+000
     0.307476196562E+003     0.238721278179E-003     0.000000000000E+000     0.000000000000E+000     0.000000000000E+000
     0.308476196562E+003     0.237953347157E-003     0.000000000000E+000     0.000000000000E+000     0.000000000000E+000
     0.309476196562E+003     0.237187886456E-003     0.000000000000E+000     0.000000000000E+000     0.000000000000E+000
     0.310476196562E+003     0.236424888129E-003     0.000000000000E+000     0.000000000000E+000     0.000000000000E+000
     0.311476196562E+003     0.235664344255E-003     0.000000000000E+000     0.000000000000E+000     0.000000000000E+000
     0.312476196562E+003     0.234906246938E-003     0.000000000000E+000     0.000000000000E+000     0.000000000000E+000
     0.313476196562E+003     0.234150588307E-003     0.000000000000E+000     0.000000000000E+000     0.000000000000E+000
     0.314476196562E+003     0.233397360519E-003     0.000000000000E+000     0.000000000000E+000     0.000000000000E+000
     0.315476196562E+003     0.232646555753E-003     0.000000000000E+000     0.000000000000E+000     0.000000000000E+000
     0.316476196562E+003     0.231898166214E-003     0.000000000000E+000     0.000000000000E+000     0.000000000000E+000
     0.317476196562E+003     0.231152184135E-003     0.000000000000E+000     0.000000000000E+000     0.000000000000E+000
     0.318476196562E+003     0.230408601769E-003     0.000000000000E+000     0.000000000000E+000     0.000000000000E+000
     0.319476196562E+003     0.229667411397E-003     0.000000000000E+000     0.000000000000E+000     0.000000000000E+000
     0.320476196562E+003     0.228928605325E-003     0.000000000000E+000     0.000000000000E+000     0.000000000000E+000
     0.321476196562E+003     0.228192175883E-003     0.000000000000E+000     0.000000000000E+000     0.000000000000E+000
     0.322476196562E+003     0.227458115426E-003     0.000000000000E+000     0.000000000000E+000     0.000000000000E+000
     0.323476196562E+003     0.226726416332E-003     0.000000000000E+000     0.000000000000E+000     0.000000000000E+000
     0.324476196562E+003     0.225997071006E-003     0.000000000000E+000     0.000000000000E+000     0.000000000000E+000
     0.325476196562E+003     0.225270071876E-003     0.000000000000E+000     0.000000000000E+000     0.000000000000E+000
     0.326476196562E+003     0.224545411395E-003     0.000000000000E+000     0.000000000000E+000     0.000000000000E+000
     0.327476196562E+003     0.223823082039E-003     0.000000000000E+000     0.000000000000E+000     0.000000000000E+000
     0.328476196562E+003     0.223103076310E-003     0.000000000000E+000     0.000000000000E+000     0.000000000000E+000
     0.329476196562E+003     0.222385386732E-003     0.000000000000E+000     0.000000000000E+000     0.000000000000E+000
     0.330476196562E+003     0.221670005856E-003     0.000000000000E+000     0.000000000000E+000     0.000000000000E+000
     0.331476196562E+003     0.220956926254E-003     0.000000000000E+000     0.000000000000E+000     0.000000000000E+000
     0.332476196562E+003     0.220246140524E-003     0.000000000000E+000     0.000000000000E+000     0.000000000000E+000
     0.333476196562E+003     0.219537641286E-003     0.000000000000E+000     0.000000000000E+000     0.000000000000E+000
     0.334476196562E+003     0.218831421186E-003     0.000000000000E+000     0.000000000000E+000     0.000000000000E+000
     0.335476196562E+003     0.218127472890E-003     0.000000000000E+000     0.000000000000E+000     0.000000000000E+000
     0.336476196562E+003     0.217425789093E-003     0.000000000000E+000     0.000000000000E+000     0.000000000000E+000
     0.337476196562E+003     0.216726362508E-003     0.000000000000E+000     0.000000000000E+000     0.000000000000E+000
     0.338476196562E+003     0.216029185875E-003     0.000000000000E+000     0.000000000000E+000     0.000000000000E+000
     0.339476196562E+003     0.215334251957E-003     0.000000000000E+000     0.000000000000E+000     0.000000000000E+000
     0.340476196562E+003     0.214641553538E-003     0.000000000000E+000     0.000000000000E+000     0.000000000000E+000
     0.341476196562E+003     0.213951083427E-003     0.000000000000E+000     0.000000000000E+000     0.000000000000E+000
     0.342476196562E+003     0.213262834456E-003     0.000000000000E+000     0.000000000000E+000     0.000000000000E+000
     0.343476196562E+003     0.212576799480E-003     0.000000000000E+000     0.000000000000E+000     0.000000000000E+000
     0.344476196562E+003     0.211892971377E-003     0.000000000000E+000     0.000000000000E+000     0.000000000000E+000
     0.345476196562E+003     0.211211343049E-003     0.000000000000E+000     0.000000000000E+000     0.000000000000E+000
     0.346476196562E+003     0.210531907417E-003     0.000000000000E+000     0.000000000000E+000     0.000000000000E+000
     0.347476196562E+003     0.209854657430E-003     0.000000000000E+000     0.000000000000E+000     0.000000000000E+000
     0.348476196562E+003     0.209179586055E-003     0.000000000000E+000     0.000000000000E+000     0.000000000000E+000
     0.349476196562E+003     0.208506686285E-003     0.000000000000E+000     0.000000000000E+000     0.000000000000E+000
     0.350476196562E+003     0.207835951134E-003     0.000000000000E+000     0.000000000000E+000     0.000000000000E+000
     0.351476196562E+003     0.207167373639E-003     0.000000000000E+000     0.000000000000E+000     0.000000000000E+000
     0.352476196562E+003     0.206500946859E-003     0.000000000000E+000     0.000000000000E+000     0.000000000000E+000
     0.353476196562E+003     0.205836663875E-003     0.000000000000E+000     0.000000000000E+000     0.000000000000E+000
     0.354476196562E+003     0.205174517791E-003     0.000000000000E+000     0.000000000000E+000     0.000000000000E+000
     0.355476196562E+003     0.204514501733E-003     0.000000000000E+000     0.000000000000E+000     0.000000000000E+000
     0.356476196562E+003     0.203856608849E-003     0.000000000000E+000     0.000000000000E+000     0.000000000000E+000
     0.357476196562E+003     0.203200832309E-003     0.000000000000E+000     0.000000000000E+000     0.000000000000E+000
     0.358476196562E+003     0.202547165305E-003     0.000000000000E+000     0.000000000000E+000     0.000000000000E+000
     0.359476196562E+003     0.201895601051E-003     0.000000000000E+000     0.000000000000E+000     0.000000000000E+000
     0.360476196562E+003     0.201246132783E-003     0.000000000000E+000     0.000000000000E+000     0.000000000000E+000
     0.361476196562E+003     0.200598753758E-003     0.000000000000E+000     0.000000000000E+000     0.000000000000E+000
     0.362476196562E+003     0.199953457255E-003     0.000000000000E+000     0.000000000000E+000     0.000000000000E+000
     0.363476196562E+003     0.199310236576E-003     0.000000000000E+000     0.000000000000E+000     0.000000000000E+000
     0.364476196562E+003     0.198669085043E-003     0.000000000000E+000     0.000000000000E+000     0.000000000000E+000
     0.365476196562E+003     0.198029995999E-003     0.000000000000E+000     0.000000000000E+000     0.000000000000E+000
     0.366476196562E+003     0.197392962811E-003     0.000000000000E+000     0.000000000000E+000     0.000000000000E+000
     0.367476196562E+003     0.196757978863E-003     0.000000000000E+000     0.000000000000E+000     0.000000000000E+000
     0.368476196562E+003     0.196125037565E-003     0.000000000000E+000     0.000000000000E+000     0.000000000000E+000
     0.369476196562E+003     0.195494132346E-003     0.000000000000E+000     0.000000000000E+000     0.000000000000E+000
     0.370476196562E+003     0.194865256655E-003     0.000000000000E+000     0.000000000000E+000     0.000000000000E+000
     0.371476196562E+003     0.194238403964E-003     0.000000000000E+000     0.000000000000E+000     0.000000000000E+000
     0.372476196562E+003     0.193613567766E-003     0.000000000000E+000     0.000000000000E+000     0.000000000000E+000
     0.373476196562E+003     0.192990741573E-003     0.000000000000E+000     0.000000000000E+000     0.000000000000E+000
     0.374476196562E+003     0.192369918920E-003     0.000000000000E+000     0.000000000000E+000     0.000000000000E+000
     0.375476196562E+003     0.191751093362E-003     0.000000000000E+000     0.000000000000E+000     0.000000000000E+000
     0.376476196562E+003     0.191134258473E-003     0.000000000000E+000     0.000000000000E+000     0.000000000000E+000
     0.377476196562E+003     0.190519407852E-003     0.000000000000E+000     0.000000000000E+000     0.000000000000E+000
     0.378476196562E+003     0.189906535113E-003     0.000000000000E+000     0.000000000000E+000     0.000000000000E+000
     0.379476196562E+003     0.189295633896E-003     0.000000000000E+000     0.000000000000E+000     0.000000000000E+000
     0.380476196562E+003     0.188686697857E-003     0.000000000000E+000     0.000000000000E+000     0.000000000000E+000
     0.381476196562E+003     0.188079720676E-003     0.000000000000E+000     0.000000000000E+000     0.000000000000E+000
     0.382476196562E+003     0.187474696050E-003     0.000000000000E+000     0.000000000000E+000     0.000000000000E+000
     0.383476196562E+003     0.186871617699E-003     0.000000000000E+000     0.000000000000E+000     0.000000000000E+000
     0.384476196562E+003     0.186270479362E-003     0.000000000000E+000     0.000000000000E+000     0.000000000000E+000
     0.385476196562E+003     0.185671274797E-003     0.000000000000E+000     0.000000000000E+000     0.000000000000E+000
     0.386476196562E+003     0.185073997786E-003     0.000000000000E+000     0.000000000000E+000     0.000000000000E+000
     0.387476196562E+003     0.184478642126E-003     0.000000000000E+000     0.000000000000E+000     0.000000000000E+000
     0.388476196562E+003     0.183885201637E-003     0.000000000000E+000     0.000000000000E+000     0.000000000000E+000
     0.389476196562E+003     0.183293670158E-003     0.000000000000E+000     0.000000000000E+000     0.000000000000E+000
     0.390476196562E+003     0.182704041548E-003     0.000000000000E+000     0.000000000000E+000     0.000000000000E+000
     0.391476196562E+003     0.182116309687E-003     0.000000000000E+000     0.000000000000E+000     0.000000000000E+000
     0.392476196562E+003     0.181530468472E-003     0.000000000000E+000     0.000000000000E+000     0.000000000000E+000
     0.393476196562E+003     0.180946511821E-003     0.000000000000E+000     0.000000000000E+000     0.000000000000E+000
     0.394476196562E+003     0.180364433672E-003     0.000000000000E+000     0.000000000000E+000     0.000000000000E+000
     0.395476196562E+003     0.179784227983E-003     0.000000000000E+000     0.000000000000E+000     0.000000000000E+000
     0.396476196562E+003     0.179205888730E-003     0.000000000000E+000     0.000000000000E+000     0.000000000000E+000
     0.397476196562E+003     0.178629409908E-003     0.000000000000E+000     0.000000000000E+000     0.000000000000E+000
     0.398476196562E+003     0.178054785533E-003     0.000000000000E+000     0.000000000000E+000     0.000000000000E+000
     0.399476196562E+003     0.177482009640E-003     0.000000000000E+000     0.000000000000E+000     0.000000000000E+000
     0.400476196562E+003     0.176911076282E-003     0.000000000000E+000     0.000000000000E+000     0.000000000000E+000
     0.401476196562E+003     0.176341979533E-003     0.000000000000E+000     0.000000000000E+000     0.000000000000E+000
     0.402476196562E+003     0.175774713483E-003     0.000000000000E+000     0.000000000000E+000     0.000000000000E+000
     0.403476196562E+003     0.175209272244E-003     0.000000000000E+000     0.000000000000E+000     0.000000000000E+000
     0.404476196562E+003     0.174645649947E-003     0.000000000000E+000     0.000000000000E+000     0.000000000000E+000
     0.405476196562E+003     0.174083840738E-003     0.000000000000E+000     0.000000000000E+000     0.000000000000E+000
     0.406476196562E+003     0.173523838787E-003     0.000000000000E+000     0.000000000000E+000     0.000000000000E+000
     0.407476196562E+003     0.172965638279E-003     0.000000000000E+000     0.000000000000E+000     0.000000000000E+000
     0.408476196562E+003     0.172409233419E-003     0.000000000000E+000     0.000000000000E+000     0.000000000000E+000
     0.409476196562E+003     0.171854618432E-003     0.000000000000E+000     0.000000000000E+000     0.000000000000E+000
     0.410476196562E+003     0.171301787559E-003     0.000000000000E+000     0.000000000000E+000     0.000000000000E+000
     0.411476196562E+003     0.170750735061E-003     0.000000000000E+000     0.000000000000E+000     0.000000000000E+000
     0.412476196562E+003     0.170201455217E-003     0.000000000000E+000     0.000000000000E+000     0.000000000000E+000
     0.413476196562E+003     0.169653942325E-003     0.000000000000E+000     0.000000000000E+000     0.000000000000E+000
     0.414476196562E+003     0.169108190701E-003     0.000000000000E+000     0.000000000000E+000     0.000000000000E+000
     0.415476196562E+003     0.168564194680E-003     0.000000000000E+000     0.000000000000E+000     0.000000000000E+000
     0.416476196562E+003     0.168021948613E-003     0.000000000000E+000     0.000000000000E+000     0.000000000000E+000
     0.417476196562E+003     0.167481446871E-003     0.000000000000E+000     0.000000000000E+000     0.000000000000E+000
     0.418476196562E+003     0.166942683844E-003     0.000000000000E+000     0.000000000000E+000     0.000000000000E+000
     0.419476196562E+003     0.166405653938E-003     0.000000000000E+000     0.000000000000E+000     0.000000000000E+000
     0.420476196562E+003     0.165870351577E-003     0.000000000000E+000     0.000000000000E+000     0.000000000000E+000
     0.421476196562E+003     0.165336771204E-003     0.000000000000E+000     0.000000000000E+000     0.000000000000E+000
     0.422476196562E+003     0.164804907281E-003     0.000000000000E+000     0.000000000000E+000     0.000000000000E+000
     0.423476196562E+003     0.164274754286E-003     0.000000000000E+000     0.000000000000E+000     0.000000000000E+000
     0.424476196562E+003     0.163746306714E-003     0.000000000000E+000     0.000000000000E+000     0.000000000000E+000
     0.425476196562E+003     0.163219559079E-003     0.000000000000E+000     0.000000000000E+000     0.000000000000E+000
     0.426476196562E+003     0.162694505914E-003     0.000000000000E+000     0.000000000000E+000     0.000000000000E+000
     0.427476196562E+003     0.162171141767E-003     0.000000000000E+000     0.000000000000E+000     0.000000000000E+000
     0.428476196562E+003     0.161649461205E-003     0.000000000000E+000     0.000000000000E+000     0.000000000000E+000
     0.429476196562E+003     0.161129458813E-003     0.000000000000E+000     0.000000000000E+000     0.000000000000E+000
     0.430476196562E+003     0.160611129191E-003     0.000000000000E+000     0.000000000000E+000     0.000000000000E+000
     0.431476196562E+003     0.160094466959E-003     0.000000000000E+000     0.000000000000E+000     0.000000000000E+000
     0.432476196562E+003     0.159579466752E-003     0.000000000000E+000     0.000000000000E+000     0.000000000000E+000
     0.433476196562E+003     0.159066123225E-003     0.000000000000E+000     0.000000000000E+000     0.000000000000E+000
     0.434476196562E+003     0.158554431049E-003     0.000000000000E+000     0.000000000000E+000     0.000000000000E+000
     0.435476196562E+003     0.158044384910E-003     0.000000000000E+000     0.000000000000E+000     0.000000000000E+000
     0.436476196562E+003     0.157535979514E-003     0.000000000000E+000     0.000000000000E+000     0.000000000000E+000
     0.437476196562E+003     0.157029209583E-003     0.000000000000E+000     0.000000000000E+000     0.000000000000E+000
     0.438476196562E+003     0.156524069856E-003     0.000000000000E+000     0.000000000000E+000     0.000000000000E+000
     0.439476196562E+003     0.156020555089E-003     0.000000000000E+000     0.000000000000E+000     0.000000000000E+000
     0.440476196562E+003     0.155518660054E-003     0.000000000000E+000     0.000000000000E+000     0.000000000000E+000
     0.441476196562E+003     0.155018379541E-003     0.000000000000E+000     0.000000000000E+000     0.000000000000E+000
     0.442476196562E+003     0.154519708357E-003     0.000000000000E+000     0.000000000000E+000     0.000000000000E+000
     0.443476196562E+003     0.154022641324E-003     0.000000000000E+000     0.000000000000E+000     0.000000000000E+000
     0.444476196562E+003     0.153527173282E-003     0.000000000000E+000     0.000000000000E+000     0.000000000000E+000
     0.445476196562E+003     0.153033299088E-003     0.000000000000E+000     0.000000000000E+000     0.000000000000E+000
     0.446476196562E+003     0.152541013613E-003     0.000000000000E+000     0.000000000000E+000     0.000000000000E+000
     0.447476196562E+003     0.152050311749E-003     0.000000000000E+000     0.000000000000E+000     0.000000000000E+000
     0.448476196562E+003     0.151561188399E-003     0.000000000000E+000     0.000000000000E+000     0.000000000000E+000
     0.449476196562E+003     0.151073638487E-003     0.000000000000E+000     0.000000000000E+000     0.000000000000E+000
     0.450476196562E+003     0.150587656951E-003     0.000000000000E+000     0.000000000000E+000     0.000000000000E+000
     0.451476196562E+003     0.150103238745E-003     0.000000000000E+000     0.000000000000E+000     0.000000000000E+000
     0.452476196562E+003     0.149620378841E-003     0.000000000000E+000     0.000000000000E+000     0.000000000000E+000
     0.453476196562E+003     0.149139072226E-003     0.000000000000E+000     0.000000000000E+000     0.000000000000E+000
     0.454476196562E+003     0.148659313903E-003     0.000000000000E+000     0.000000000000E+000     0.000000000000E+000
     0.455476196562E+003     0.148181098892E-003     0.000000000000E+000     0.000000000000E+000     0.000000000000E+000
     0.456476196562E+003     0.147704422228E-003     0.000000000000E+000     0.000000000000E+000     0.000000000000E+000
     0.457476196562E+003     0.147229278962E-003     0.000000000000E+000     0.000000000000E+000     0.000000000000E+000
     0.458476196562E+003     0.146755664161E-003     0.000000000000E+000     0.000000000000E+000     0.000000000000E+000
     0.459476196562E+003     0.146283572909E-003     0.000000000000E+000     0.000000000000E+000     0.000000000000E+000
     0.460476196562E+003     0.145813000305E-003     0.000000000000E+000     0.000000000000E+000     0.000000000000E+000
     0.461476196562E+003     0.145343941463E-003     0.000000000000E+000     0.000000000000E+000     0.000000000000E+000
     0.462476196562E+003     0.144876391514E-003     0.000000000000E+000     0.000000000000E+000     0.000000000000E+000
     0.463476196562E+003     0.144410345604E-003     0.000000000000E+000     0.000000000000E+000     0.000000000000E+000
     0.464476196562E+003     0.143945798895E-003     0.000000000000E+000     0.000000000000E+000     0.000000000000E+000
     0.465476196562E+003     0.143482746564E-003     0.000000000000E+000     0.000000000000E+000     0.000000000000E+000
     0.466476196562E+003     0.143021183804E-003     0.000000000000E+000     0.000000000000E+000     0.000000000000E+000
     0.467476196562E+003     0.142561105823E-003     0.000000000000E+000     0.000000000000E+000     0.000000000000E+000
     0.468476196562E+003     0.142102507844E-003     0.000000000000E+000     0.000000000000E+000     0.000000000000E+000
     0.469476196562E+003     0.141645385107E-003     0.000000000000E+000     0.000000000000E+000     0.000000000000E+000
     0.470476196562E+003     0.141189732867E-003     0.000000000000E+000     0.000000000000E+000     0.000000000000E+000
     0.471476196562E+003     0.140735546392E-003     0.000000000000E+000     0.000000000000E+000     0.000000000000E+000
     0.472476196562E+003     0.140282820968E-003     0.000000000000E+000     0.000000000000E+000     0.000000000000E+000
     0.473476196562E+003     0.139831551895E-003     0.000000000000E+000     0.000000000000E+000     0.000000000000E+000
     0.474476196562E+003     0.139381734488E-003     0.000000000000E+000     0.000000000000E+000     0.000000000000E+000
     0.475476196562E+003     0.138933364076E-003     0.000000000000E+000     0.000000000000E+000     0.000000000000E+000
     0.476476196562E+003     0.138486436006E-003     0.000000000000E+000     0.000000000000E+000     0.000000000000E+000
     0.477476196562E+003     0.138040945637E-003     0.000000000000E+000     0.000000000000E+000     0.000000000000E+000
     0.478476196562E+003     0.137596888345E-003     0.000000000000E+000     0.000000000000E+000     0.000000000000E+000
     0.479476196562E+003     0.137154259520E-003     0.000000000000E+000     0.000000000000E+000     0.000000000000E+000
     0.480476196562E+003     0.136713054566E-003     0.000000000000E+000     0.000000000000E+000     0.000000000000E+000
     0.481476196562E+003     0.136273268902E-003     0.000000000000E+000     0.000000000000E+000     0.000000000000E+000
     0.482476196562E+003     0.135834897965E-003     0.000000000000E+000     0.000000000000E+000     0.000000000000E+000
     0.483476196562E+003     0.135397937201E-003     0.000000000000E+000     0.000000000000E+000     0.000000000000E+000
     0.484476196562E+003     0.134962382076E-003     0.000000000000E+000     0.000000000000E+000     0.000000000000E+000
     0.485476196562E+003     0.134528228068E-003     0.000000000000E+000     0.000000000000E+000     0.000000000000E+000
     0.486476196562E+003     0.134095470668E-003     0.000000000000E+000     0.000000000000E+000     0.000000000000E+000
     0.487476196562E+003     0.133664105385E-003     0.000000000000E+000     0.000000000000E+000     0.000000000000E+000
     0.488476196562E+003     0.133234127740E-003     0.000000000000E+000     0.000000000000E+000     0.000000000000E+000
     0.489476196562E+003     0.132805533270E-003     0.000000000000E+000     0.000000000000E+000     0.000000000000E+000
     0.490476196562E+003     0.132378317524E-003     0.000000000000E+000     0.000000000000E+000     0.000000000000E+000
     0.491476196562E+003     0.131952476069E-003     0.000000000000E+000     0.000000000000E+000     0.000000000000E+000
     0.492476196562E+003     0.131528004482E-003     0.000000000000E+000     0.000000000000E+000     0.000000000000E+000
     0.493476196562E+003     0.131104898358E-003     0.000000000000E+000     0.000000000000E+000     0.000000000000E+000
     0.494476196562E+003     0.130683153303E-003     0.000000000000E+000     0.000000000000E+000     0.000000000000E+000
     0.495476196562E+003     0.130262764940E-003     0.000000000000E+000     0.000000000000E+000     0.000000000000E+000
     0.496476196562E+003     0.129843728904E-003     0.000000000000E+000     0.000000000000E+000     0.000000000000E+000
     0.497476196562E+003     0.129426040845E-003     0.000000000000E+000     0.000000000000E+000     0.000000000000E+000
     0.498476196562E+003     0.129009696426E-003     0.000000000000E+000     0.000000000000E+000     0.000000000000E+000
     0.499476196562E+003     0.128594691326E-003     0.000000000000E+000     0.000000000000E+000     0.000000000000E+000
     0.500476196562E+003     0.128181021236E-003     0.000000000000E+000     0.000000000000E+000     0.000000000000E+000
     0.501476196562E+003     0.127768681862E-003     0.000000000000E+000     0.000000000000E+000     0.000000000000E+000
     0.502476196562E+003     0.127357668922E-003     0.000000000000E+000     0.000000000000E+000     0.000000000000E+000
     0.503476196562E+003     0.126947978150E-003     0.000000000000E+000     0.000000000000E+000     0.000000000000E+000
     0.504476196562E+003     0.126539605292E-003     0.000000000000E+000     0.000000000000E+000     0.000000000000E+000
     0.505476196562E+003     0.126132546110E-003     0.000000000000E+000     0.000000000000E+000     0.000000000000E+000
     0.506476196562E+003     0.125726796377E-003     0.000000000000E+000     0.000000000000E+000     0.000000000000E+000
     0.507476196562E+003     0.125322351880E-003     0.000000000000E+000     0.000000000000E+000     0.000000000000E+000
     0.508476196562E+003     0.124919208422E-003     0.000000000000E+000     0.000000000000E+000     0.000000000000E+000
     0.509476196562E+003     0.124517361816E-003     0.000000000000E+000     0.000000000000E+000     0.000000000000E+000
     0.510476196562E+003     0.124116807892E-003     0.000000000000E+000     0.000000000000E+000     0.000000000000E+000
     0.511476196562E+003     0.123717542490E-003     0.000000000000E+000     0.000000000000E+000     0.000000000000E+000
     0.512476196562E+003     0.123319561466E-003     0.000000000000E+000     0.000000000000E+000     0.000000000000E+000
     0.513476196562E+003     0.122922860688E-003     0.000000000000E+000     0.000000000000E+000     0.000000000000E+000
     0.514476196562E+003     0.122527436038E-003     0.000000000000E+000     0.000000000000E+000     0.000000000000E+000
     0.515476196562E+003     0.122133283410E-003     0.000000000000E+000     0.000000000000E+000     0.000000000000E+000
     0.516476196562E+003     0.121740398713E-003     0.000000000000E+000     0.000000000000E+000     0.000000000000E+000
     0.517476196562E+003     0.121348777868E-003     0.000000000000E+000     0.000000000000E+000     0.000000000000E+000
     0.518476196562E+003     0.120958416809E-003     0.000000000000E+000     0.000000000000E+000     0.000000000000E+000
     0.519476196562E+003     0.120569311484E-003     0.000000000000E+000     0.000000000000E+000     0.000000000000E+000
     0.520476196562E+003     0.120181457853E-003     0.000000000000E+000     0.000000000000E+000     0.000000000000E+000
     0.521476196562E+003     0.119794851890E-003     0.000000000000E+000     0.000000000000E+000     0.000000000000E+000
     0.522476196562E+003     0.119409489581E-003     0.000000000000E+000     0.000000000000E+000     0.000000000000E+000
     0.523476196562E+003     0.119025366925E-003     0.000000000000E+000     0.000000000000E+000     0.000000000000E+000
     0.524476196562E+003     0.118642479936E-003     0.000000000000E+000     0.000000000000E+000     0.000000000000E+000
     0.525476196562E+003     0.118260824637E-003     0.000000000000E+000     0.000000000000E+000     0.000000000000E+000
     0.526476196562E+003     0.117880397066E-003     0.000000000000E+000     0.000000000000E+000     0.000000000000E+000
     0.527476196562E+003     0.117501193275E-003     0.000000000000E+000     0.000000000000E+000     0.000000000000E+000
     0.528476196562E+003     0.117123209327E-003     0.000000000000E+000     0.000000000000E+000     0.000000000000E+000
     0.529476196562E+003     0.116746441296E-003     0.000000000000E+000     0.000000000000E+000     0.000000000000E+000
     0.530476196562E+003     0.116370885273E-003     0.000000000000E+000     0.000000000000E+000     0.000000000000E+000
     0.531476196562E+003     0.115996537358E-003     0.000000000000E+000     0.000000000000E+000     0.000000000000E+000
     0.532476196562E+003     0.115623393665E-003     0.000000000000E+000     0.000000000000E+000     0.000000000000E+000
     0.533476196562E+003     0.115251450319E-003     0.000000000000E+000     0.000000000000E+000     0.000000000000E+000
     0.534476196562E+003     0.114880703461E-003     0.000000000000E+000     0.000000000000E+000     0.000000000000E+000
     0.535476196562E+003     0.114511149240E-003     0.000000000000E+000     0.000000000000E+000     0.000000000000E+000
     0.536476196562E+003     0.114142783821E-003     0.000000000000E+000     0.000000000000E+000     0.000000000000E+000
     0.537476196562E+003     0.113775603378E-003     0.000000000000E+000     0.000000000000E+000     0.000000000000E+000
     0.538476196562E+003     0.113409604101E-003     0.000000000000E+000     0.000000000000E+000     0.000000000000E+000
     0.539476196562E+003     0.113044782189E-003     0.000000000000E+000     0.000000000000E+000     0.000000000000E+000
     0.540476196562E+003     0.112681133855E-003     0.000000000000E+000     0.000000000000E+000     0.000000000000E+000
     0.541476196562E+003     0.112318655324E-003     0.000000000000E+000     0.000000000000E+000     0.000000000000E+000
     0.542476196562E+003     0.111957342833E-003     0.000000000000E+000     0.000000000000E+000     0.000000000000E+000
     0.543476196562E+003     0.111597192631E-003     0.000000000000E+000     0.000000000000E+000     0.000000000000E+000
     0.544476196562E+003     0.111238200979E-003     0.000000000000E+000     0.000000000000E+000     0.000000000000E+000
     0.545476196562E+003     0.110880364149E-003     0.000000000000E+000     0.000000000000E+000     0.000000000000E+000
     0.546476196562E+003     0.110523678428E-003     0.000000000000E+000     0.000000000000E+000     0.000000000000E+000
     0.547476196562E+003     0.110168140112E-003     0.000000000000E+000     0.000000000000E+000     0.000000000000E+000
     0.548476196562E+003     0.109813745510E-003     0.000000000000E+000     0.000000000000E+000     0.000000000000E+000
     0.549476196562E+003     0.109460490943E-003     0.000000000000E+000     0.000000000000E+000     0.000000000000E+000
     0.550476196562E+003     0.109108372744E-003     0.000000000000E+000     0.000000000000E+000     0.000000000000E+000
     0.551476196562E+003     0.108757387257E-003     0.000000000000E+000     0.000000000000E+000     0.000000000000E+000
     0.552476196562E+003     0.108407530838E-003     0.000000000000E+000     0.000000000000E+000     0.000000000000E+000
     0.553476196562E+003     0.108058799855E-003     0.000000000000E+000     0.000000000000E+000     0.000000000000E+000
     0.554476196562E+003     0.107711190689E-003     0.000000000000E+000     0.000000000000E+000     0.000000000000E+000
     0.555476196562E+003     0.107364699730E-003     0.000000000000E+000     0.000000000000E+000     0.000000000000E+000
     0.556476196562E+003     0.107019323381E-003     0.000000000000E+000     0.000000000000E+000     0.000000000000E+000
     0.557476196562E+003     0.106675058056E-003     0.000000000000E+000     0.000000000000E+000     0.000000000000E+000
     0.558476196562E+003     0.106331900182E-003     0.000000000000E+000     0.000000000000E+000     0.000000000000E+000
     0.559476196562E+003     0.105989846196E-003     0.000000000000E+000     0.000000000000E+000     0.000000000000E+000
     0.560476196562E+003     0.105648892548E-003     0.000000000000E+000     0.000000000000E+000     0.000000000000E+000
     0.561476196562E+003     0.105309035696E-003     0.000000000000E+000     0.000000000000E+000     0.000000000000E+000
     0.562476196562E+003     0.104970272114E-003     0.000000000000E+000     0.000000000000E+000     0.000000000000E+000
     0.563476196562E+003     0.104632598284E-003     0.000000000000E+000     0.000000000000E+000     0.000000000000E+000
     0.564476196562E+003     0.104296010701E-003     0.000000000000E+000     0.000000000000E+000     0.000000000000E+000
     0.565476196562E+003     0.103960505870E-003     0.000000000000E+000     0.000000000000E+000     0.000000000000E+000
     0.566476196562E+003     0.103626080309E-003     0.000000000000E+000     0.000000000000E+000     0.000000000000E+000
     0.567476196562E+003     0.103292730545E-003     0.000000000000E+000     0.000000000000E+000     0.000000000000E+000
     0.568476196562E+003     0.102960453118E-003     0.000000000000E+000     0.000000000000E+000     0.000000000000E+000
     0.569476196562E+003     0.102629244579E-003     0.000000000000E+000     0.000000000000E+000     0.000000000000E+000
     0.570476196562E+003     0.102299101488E-003     0.000000000000E+000     0.000000000000E+000     0.000000000000E+000
     0.571476196562E+003     0.101970020419E-003     0.000000000000E+000     0.000000000000E+000     0.000000000000E+000
     0.572476196562E+003     0.101641997955E-003     0.000000000000E+000     0.000000000000E+000     0.000000000000E+000
     0.573476196562E+003     0.101315030690E-003     0.000000000000E+000     0.000000000000E+000     0.000000000000E+000
     0.574476196562E+003     0.100989115231E-003     0.000000000000E+000     0.000000000000E+000     0.000000000000E+000
     0.575476196562E+003     0.100664248194E-003     0.000000000000E+000     0.000000000000E+000     0.000000000000E+000
     0.576476196562E+003     0.100340426205E-003     0.000000000000E+000     0.000000000000E+000     0.000000000000E+000
     0.577476196562E+003     0.100017645905E-003     0.000000000000E+000     0.000000000000E+000     0.000000000000E+000
     0.578476196562E+003     0.996959039403E-004     0.000000000000E+000     0.000000000000E+000     0.000000000000E+000
     0.579476196562E+003     0.993751969722E-004     0.000000000000E+000     0.000000000000E+000     0.000000000000E+000
     0.580476196562E+003     0.990555216711E-004     0.000000000000E+000     0.000000000000E+000     0.000000000000E+000
     0.581476196562E+003     0.987368747180E-004     0.000000000000E+000     0.000000000000E+000     0.000000000000E+000
     0.582476196562E+003     0.984192528050E-004     0.000000000000E+000     0.000000000000E+000     0.000000000000E+000
     0.583476196562E+003     0.981026526347E-004     0.000000000000E+000     0.000000000000E+000     0.000000000000E+000
     0.584476196562E+003     0.977870709204E-004     0.000000000000E+000     0.000000000000E+000     0.000000000000E+000
     0.585476196562E+003     0.974725043856E-004     0.000000000000E+000     0.000000000000E+000     0.000000000000E+000
     0.586476196562E+003     0.971589497649E-004     0.000000000000E+000     0.000000000000E+000     0.000000000000E+000
     0.587476196562E+003     0.968464038030E-004     0.000000000000E+000     0.000000000000E+000     0.000000000000E+000
     0.588476196562E+003     0.965348632551E-004     0.000000000000E+000     0.000000000000E+000     0.000000000000E+000
     0.589476196562E+003     0.962243248872E-004     0.000000000000E+000     0.000000000000E+000     0.000000000000E+000
     0.590476196562E+003     0.959147854751E-004     0.000000000000E+000     0.000000000000E+000     0.000000000000E+000
     0.591476196562E+003     0.956062418056E-004     0.000000000000E+000     0.000000000000E+000     0.000000000000E+000
     0.592476196562E+003     0.952986906754E-004     0.000000000000E+000     0.000000000000E+000     0.000000000000E+000
     0.593476196562E+003     0.949921288916E-004     0.000000000000E+000     0.000000000000E+000     0.000000000000E+000
     0.594476196562E+003     0.946865532717E-004     0.000000000000E+000     0.000000000000E+000     0.000000000000E+000
     0.595476196562E+003     0.943819606434E-004     0.000000000000E+000     0.000000000000E+000     0.000000000000E+000
     0.596476196562E+003     0.940783478445E-004     0.000000000000E+000     0.000000000000E+000     0.000000000000E+000
     0.597476196562E+003     0.937757117230E-004     0.000000000000E+000     0.000000000000E+000     0.000000000000E+000
     0.598476196562E+003     0.934740491372E-004     0.000000000000E+000     0.000000000000E+000     0.000000000000E+000
     0.599476196562E+003     0.931733569552E-004     0.000000000000E+000     0.000000000000E+000     0.000000000000E+000
     0.600476196562E+003     0.928736320555E-004     0.000000000000E+000     0.000000000000E+000     0.000000000000E+000
     0.601476196562E+003     0.925748713264E-004     0.000000000000E+000     0.000000000000E+000     0.000000000000E+000
     0.602476196562E+003     0.922770716664E-004     0.000000000000E+000     0.000000000000E+000     0.000000000000E+000
     0.603476196562E+003     0.919802299838E-004     0.000000000000E+000     0.000000000000E+000     0.000000000000E+000
     0.604476196562E+003     0.916843431969E-004     0.000000000000E+000     0.000000000000E+000     0.000000000000E+000
     0.605476196562E+003     0.913894082341E-004     0.000000000000E+000     0.000000000000E+000     0.000000000000E+000
     0.606476196562E+003     0.910954220334E-004     0.000000000000E+000     0.000000000000E+000     0.000000000000E+000
     0.607476196562E+003     0.908023815428E-004     0.000000000000E+000     0.000000000000E+000     0.000000000000E+000
     0.608476196562E+003     0.905102837200E-004     0.000000000000E+000     0.000000000000E+000     0.000000000000E+000
     0.609476196562E+003     0.902191255328E-004     0.000000000000E+000     0.000000000000E+000     0.000000000000E+000
     0.610476196562E+003     0.899289039583E-004     0.000000000000E+000     0.000000000000E+000     0.000000000000E+000
     0.611476196562E+003     0.896396159837E-004     0.000000000000E+000     0.000000000000E+000     0.000000000000E+000
     0.612476196562E+003     0.893512586057E-004     0.000000000000E+000     0.000000000000E+000     0.000000000000E+000
     0.613476196562E+003     0.890638288307E-004     0.000000000000E+000     0.000000000000E+000     0.000000000000E+000
     0.614476196562E+003     0.887773236747E-004     0.000000000000E+000     0.000000000000E+000     0.000000000000E+000
     0.615476196562E+003     0.884917401635E-004     0.000000000000E+000     0.000000000000E+000     0.000000000000E+000
     0.616476196562E+003     0.882070753321E-004     0.000000000000E+000     0.000000000000E+000     0.000000000000E+000
     0.617476196562E+003     0.879233262253E-004     0.000000000000E+000     0.000000000000E+000     0.000000000000E+000
     0.618476196562E+003     0.876404898975E-004     0.000000000000E+000     0.000000000000E+000     0.000000000000E+000
     0.619476196562E+003     0.873585634122E-004     0.000000000000E+000     0.000000000000E+000     0.000000000000E+000
     0.620476196562E+003     0.870775438427E-004     0.000000000000E+000     0.000000000000E+000     0.000000000000E+000
     0.621476196562E+003     0.867974282716E-004     0.000000000000E+000     0.000000000000E+000     0.000000000000E+000
     0.622476196562E+003     0.865182137908E-004     0.000000000000E+000     0.000000000000E+000     0.000000000000E+000
     0.623476196562E+003     0.862398975017E-004     0.000000000000E+000     0.000000000000E+000     0.000000000000E+000
     0.624476196562E+003     0.859624765149E-004     0.000000000000E+000     0.000000000000E+000     0.000000000000E+000
     0.625476196562E+003     0.856859479503E-004     0.000000000000E+000     0.000000000000E+000     0.000000000000E+000
     0.626476196562E+003     0.854103089373E-004     0.000000000000E+000     0.000000000000E+000     0.000000000000E+000
     0.627476196562E+003     0.851355566141E-004     0.000000000000E+000     0.000000000000E+000     0.000000000000E+000
     0.628476196562E+003     0.848616881285E-004     0.000000000000E+000     0.000000000000E+000     0.000000000000E+000
     0.629476196562E+003     0.845887006372E-004     0.000000000000E+000     0.000000000000E+000     0.000000000000E+000
     0.630476196562E+003     0.843165913064E-004     0.000000000000E+000     0.000000000000E+000     0.000000000000E+000
     0.631476196562E+003     0.840453573109E-004     0.000000000000E+000     0.000000000000E+000     0.000000000000E+000
     0.632476196562E+003     0.837749958351E-004     0.000000000000E+000     0.000000000000E+000     0.000000000000E+000
     0.633476196562E+003     0.835055040722E-004     0.000000000000E+000     0.000000000000E+000     0.000000000000E+000
     0.634476196562E+003     0.832368792243E-004     0.000000000000E+000     0.000000000000E+000     0.000000000000E+000
     0.635476196562E+003     0.829691185029E-004     0.000000000000E+000     0.000000000000E+000     0.000000000000E+000
     0.636476196562E+003     0.827022191280E-004     0.000000000000E+000     0.000000000000E+000     0.000000000000E+000
     0.637476196562E+003     0.824361783290E-004     0.000000000000E+000     0.000000000000E+000     0.000000000000E+000
     0.638476196562E+003     0.821709933438E-004     0.000000000000E+000     0.000000000000E+000     0.000000000000E+000
     0.639476196562E+003     0.819066614195E-004     0.000000000000E+000     0.000000000000E+000     0.000000000000E+000
     0.640476196562E+003     0.816431798118E-004     0.000000000000E+000     0.000000000000E+000     0.000000000000E+000
     0.641476196562E+003     0.813805457855E-004     0.000000000000E+000     0.000000000000E+000     0.000000000000E+000
     0.642476196562E+003     0.811187566140E-004     0.000000000000E+000     0.000000000000E+000     0.000000000000E+000
     0.643476196562E+003     0.808578095795E-004     0.000000000000E+000     0.000000000000E+000     0.000000000000E+000
     0.644476196562E+003     0.805977019730E-004     0.000000000000E+000     0.000000000000E+000     0.000000000000E+000
     0.645476196562E+003     0.803384310941E-004     0.000000000000E+000     0.000000000000E+000     0.000000000000E+000
     0.646476196562E+003     0.800799942513E-004     0.000000000000E+000     0.000000000000E+000     0.000000000000E+000
     0.647476196562E+003     0.798223887616E-004     0.000000000000E+000     0.000000000000E+000     0.000000000000E+000
     0.648476196562E+003     0.795656119506E-004     0.000000000000E+000     0.000000000000E+000     0.000000000000E+000
     0.649476196562E+003     0.793096611527E-004     0.000000000000E+000     0.000000000000E+000     0.000000000000E+000
     0.650476196562E+003     0.790545337105E-004     0.000000000000E+000     0.000000000000E+000     0.000000000000E+000
     0.651476196562E+003     0.788002269756E-004     0.000000000000E+000     0.000000000000E+000     0.000000000000E+000
     0.652476196562E+003     0.785467383078E-004     0.000000000000E+000     0.000000000000E+000     0.000000000000E+000
     0.653476196562E+003     0.782940650755E-004     0.000000000000E+000     0.000000000000E+000     0.000000000000E+000
     0.654476196562E+003     0.780422046557E-004     0.000000000000E+000     0.000000000000E+000     0.000000000000E+000
     0.655476196562E+003     0.777911544335E-004     0.000000000000E+000     0.000000000000E+000     0.000000000000E+000
     0.656476196562E+003     0.775409118027E-004     0.000000000000E+000     0.000000000000E+000     0.000000000000E+000
     0.657476196562E+003     0.772914741655E-004     0.000000000000E+000     0.000000000000E+000     0.000000000000E+000
     0.658476196562E+003     0.770428389322E-004     0.000000000000E+000     0.000000000000E+000     0.000000000000E+000
     0.659476196562E+003     0.767950035216E-004     0.000000000000E+000     0.000000000000E+000     0.000000000000E+000
     0.660476196562E+003     0.765479653609E-004     0.000000000000E+000     0.000000000000E+000     0.000000000000E+000
     0.661476196562E+003     0.763017218854E-004     0.000000000000E+000     0.000000000000E+000     0.000000000000E+000
     0.662476196562E+003     0.760562705387E-004     0.000000000000E+000     0.000000000000E+000     0.000000000000E+000
     0.663476196562E+003     0.758116087726E-004     0.000000000000E+000     0.000000000000E+000     0.000000000000E+000
     0.664476196562E+003     0.755677340473E-004     0.000000000000E+000     0.000000000000E+000     0.000000000000E+000
     0.665476196562E+003     0.753246438308E-004     0.000000000000E+000     0.000000000000E+000     0.000000000000E+000
     0.666476196562E+003     0.750823355996E-004     0.000000000000E+000     0.000000000000E+000     0.000000000000E+000
     0.667476196562E+003     0.748408068382E-004     0.000000000000E+000     0.000000000000E+000     0.000000000000E+000
     0.668476196562E+003     0.746000550390E-004     0.000000000000E+000     0.000000000000E+000     0.000000000000E+000
     0.669476196562E+003     0.743600777027E-004     0.000000000000E+000     0.000000000000E+000     0.000000000000E+000
     0.670476196562E+003     0.741208723379E-004     0.000000000000E+000     0.000000000000E+000     0.000000000000E+000
     0.671476196562E+003     0.738824364615E-004     0.000000000000E+000     0.000000000000E+000     0.000000000000E+000
     0.672476196562E+003     0.736447675979E-004     0.000000000000E+000     0.000000000000E+000     0.000000000000E+000
     0.673476196562E+003     0.734078632799E-004     0.000000000000E+000     0.000000000000E+000     0.000000000000E+000
     0.674476196562E+003     0.731717210481E-004     0.000000000000E+000     0.000000000000E+000     0.000000000000E+000
     0.675476196562E+003     0.729363384509E-004     0.000000000000E+000     0.000000000000E+000     0.000000000000E+000
     0.676476196562E+003     0.727017130446E-004     0.000000000000E+000     0.000000000000E+000     0.000000000000E+000
     0.677476196562E+003     0.724678423935E-004     0.000000000000E+000     0.000000000000E+000     0.000000000000E+000
     0.678476196562E+003     0.722347240698E-004     0.000000000000E+000     0.000000000000E+000     0.000000000000E+000
     0.679476196562E+003     0.720023556531E-004     0.000000000000E+000     0.000000000000E+000     0.000000000000E+000
     0.680476196562E+003     0.717707347313E-004     0.000000000000E+000     0.000000000000E+000     0.000000000000E+000
     0.681476196562E+003     0.715398588997E-004     0.000000000000E+000     0.000000000000E+000     0.000000000000E+000
     0.682476196562E+003     0.713097257615E-004     0.000000000000E+000     0.000000000000E+000     0.000000000000E+000
     0.683476196562E+003     0.710803329275E-004     0.000000000000E+000     0.000000000000E+000     0.000000000000E+000
     0.684476196562E+003     0.708516780163E-004     0.000000000000E+000     0.000000000000E+000     0.000000000000E+000
     0.685476196562E+003     0.706237586541E-004     0.000000000000E+000     0.000000000000E+000     0.000000000000E+000
     0.686476196562E+003     0.703965724748E-004     0.000000000000E+000     0.000000000000E+000     0.000000000000E+000
     0.687476196562E+003     0.701701171198E-004     0.000000000000E+000     0.000000000000E+000     0.000000000000E+000
     0.688476196562E+003     0.699443902382E-004     0.000000000000E+000     0.000000000000E+000     0.000000000000E+000
     0.689476196562E+003     0.697193894865E-004     0.000000000000E+000     0.000000000000E+000     0.000000000000E+000
     0.690476196562E+003     0.694951125289E-004     0.000000000000E+000     0.000000000000E+000     0.000000000000E+000
     0.691476196562E+003     0.692715570372E-004     0.000000000000E+000     0.000000000000E+000     0.000000000000E+000
     0.692476196562E+003     0.690487206903E-004     0.000000000000E+000     0.000000000000E+000     0.000000000000E+000
     0.693476196562E+003     0.688266011750E-004     0.000000000000E+000     0.000000000000E+000     0.000000000000E+000
     0.694476196562E+003     0.686051961854E-004     0.000000000000E+000     0.000000000000E+000     0.000000000000E+000
     0.695476196562E+003     0.683845034228E-004     0.000000000000E+000     0.000000000000E+000     0.000000000000E+000
     0.696476196562E+003     0.681645205961E-004     0.000000000000E+000     0.000000000000E+000     0.000000000000E+000
     0.697476196562E+003     0.679452454217E-004     0.000000000000E+000     0.000000000000E+000     0.000000000000E+000
     0.698476196562E+003     0.677266756230E-004     0.000000000000E+000     0.000000000000E+000     0.000000000000E+000
     0.699476196562E+003     0.675088089310E-004     0.000000000000E+000     0.000000000000E+000     0.000000000000E+000
     0.700476196562E+003     0.672916430840E-004     0.000000000000E+000     0.000000000000E+000     0.000000000000E+000
     0.701476196562E+003     0.670751758273E-004     0.000000000000E+000     0.000000000000E+000     0.000000000000E+000
     0.702476196562E+003     0.668594049137E-004     0.000000000000E+000     0.000000000000E+000     0.000000000000E+000
     0.703476196562E+003     0.666443281033E-004     0.000000000000E+000     0.000000000000E+000     0.000000000000E+000
     0.704476196562E+003     0.664299431631E-004     0.000000000000E+000     0.000000000000E+000     0.000000000000E+000
     0.705476196562E+003     0.662162478675E-004     0.000000000000E+000     0.000000000000E+000     0.000000000000E+000
     0.706476196562E+003     0.660032399981E-004     0.000000000000E+000     0.000000000000E+000     0.000000000000E+000
     0.707476196562E+003     0.657909173435E-004     0.000000000000E+000     0.000000000000E+000     0.000000000000E+000
     0.708476196562E+003     0.655792776994E-004     0.000000000000E+000     0.000000000000E+000     0.000000000000E+000
     0.709476196562E+003     0.653683188687E-004     0.000000000000E+000     0.000000000000E+000     0.000000000000E+000
     0.710476196562E+003     0.651580386614E-004     0.000000000000E+000     0.000000000000E+000     0.000000000000E+000
     0.711476196562E+003     0.649484348944E-004     0.000000000000E+000     0.000000000000E+000     0.000000000000E+000
     0.712476196562E+003     0.647395053916E-004     0.000000000000E+000     0.000000000000E+000     0.000000000000E+000
     0.713476196562E+003     0.645312479842E-004     0.000000000000E+000     0.000000000000E+000     0.000000000000E+000
     0.714476196562E+003     0.643236605100E-004     0.000000000000E+000     0.000000000000E+000     0.000000000000E+000
     0.715476196562E+003     0.641167408140E-004     0.000000000000E+000     0.000000000000E+000     0.000000000000E+000
     0.716476196562E+003     0.639104867481E-004     0.000000000000E+000     0.000000000000E+000     0.000000000000E+000
     0.717476196562E+003     0.637048961709E-004     0.000000000000E+000     0.000000000000E+000     0.000000000000E+000
     0.718476196562E+003     0.634999669482E-004     0.000000000000E+000     0.000000000000E+000     0.000000000000E+000
     0.719476196562E+003     0.632956969525E-004     0.000000000000E+000     0.000000000000E+000     0.000000000000E+000
     0.720476196562E+003     0.630920840631E-004     0.000000000000E+000     0.000000000000E+000     0.000000000000E+000
     0.721476196562E+003     0.628891261663E-004     0.000000000000E+000     0.000000000000E+000     0.000000000000E+000
     0.722476196562E+003     0.626868211550E-004     0.000000000000E+000     0.000000000000E+000     0.000000000000E+000
     0.723476196562E+003     0.624851669289E-004     0.000000000000E+000     0.000000000000E+000     0.000000000000E+000
     0.724476196562E+003     0.622841613947E-004     0.000000000000E+000     0.000000000000E+000     0.000000000000E+000
     0.725476196562E+003     0.620838024655E-004     0.000000000000E+000     0.000000000000E+000     0.000000000000E+000
     0.726476196562E+003     0.618840880613E-004     0.000000000000E+000     0.000000000000E+000     0.000000000000E+000
     0.727476196562E+003     0.616850161088E-004     0.000000000000E+000     0.000000000000E+000     0.000000000000E+000
     0.728476196562E+003     0.614865845414E-004     0.000000000000E+000     0.000000000000E+000     0.000000000000E+000
     0.729476196562E+003     0.612887912989E-004     0.000000000000E+000     0.000000000000E+000     0.000000000000E+000
     0.730476196562E+003     0.610916343280E-004     0.000000000000E+000     0.000000000000E+000     0.000000000000E+000
     0.731476196562E+003     0.608951115819E-004     0.000000000000E+000     0.000000000000E+000     0.000000000000E+000
     0.732476196562E+003     0.606992210203E-004     0.000000000000E+000     0.000000000000E+000     0.000000000000E+000
     0.733476196562E+003     0.605039606098E-004     0.000000000000E+000     0.000000000000E+000     0.000000000000E+000
     0.734476196562E+003     0.603093283230E-004     0.000000000000E+000     0.000000000000E+000     0.000000000000E+000
     0.735476196562E+003     0.601153221396E-004     0.000000000000E+000     0.000000000000E+000     0.000000000000E+000
     0.736476196562E+003     0.599219400453E-004     0.000000000000E+000     0.000000000000E+000     0.000000000000E+000
     0.737476196562E+003     0.597291800326E-004     0.000000000000E+000     0.000000000000E+000     0.000000000000E+000
     0.738476196562E+003     0.595370401003E-004     0.000000000000E+000     0.000000000000E+000     0.000000000000E+000
     0.739476196562E+003     0.593455182537E-004     0.000000000000E+000     0.000000000000E+000     0.000000000000E+000
     0.740476196562E+003     0.591546125046E-004     0.000000000000E+000     0.000000000000E+000     0.000000000000E+000
     0.741476196562E+003     0.589643208710E-004     0.000000000000E+000     0.000000000000E+000     0.000000000000E+000
     0.742476196562E+003     0.587746413775E-004     0.000000000000E+000     0.000000000000E+000     0.000000000000E+000
     0.743476196562E+003     0.585855720548E-004     0.000000000000E+000     0.000000000000E+000     0.000000000000E+000
     0.744476196562E+003     0.583971109401E-004     0.000000000000E+000     0.000000000000E+000     0.000000000000E+000
     0.745476196562E+003     0.582092560769E-004     0.000000000000E+000     0.000000000000E+000     0.000000000000E+000
     0.746476196562E+003     0.580220055151E-004     0.000000000000E+000     0.000000000000E+000     0.000000000000E+000
     0.747476196562E+003     0.578353573105E-004     0.000000000000E+000     0.000000000000E+000     0.000000000000E+000
     0.748476196562E+003     0.576493095257E-004     0.000000000000E+000     0.000000000000E+000     0.000000000000E+000
     0.749476196562E+003     0.574638602290E-004     0.000000000000E+000     0.000000000000E+000     0.000000000000E+000
     0.750476196562E+003     0.572790074953E-004     0.000000000000E+000     0.000000000000E+000     0.000000000000E+000
     0.751476196562E+003     0.570947494054E-004     0.000000000000E+000     0.000000000000E+000     0.000000000000E+000
     0.752476196562E+003     0.569110840466E-004     0.000000000000E+000     0.000000000000E+000     0.000000000000E+000
     0.753476196562E+003     0.567280095120E-004     0.000000000000E+000     0.000000000000E+000     0.000000000000E+000
