 #              _____________________  _______________________             #
 #              ___  __ \__  __ \_  / / /_  /___  ____/_  ___/             #
 #              __  / / /_  /_/ /  / / /_  __/_  __/  _____ \              #
 #              _  /_/ /_  _, _// /_/ / / /_ _  /___  ____/ /              #
 #              /_____/ /_/ |_| \____/  \__/ /_____/  /____/               #
 #                                                                         #
  
 #        time                      c  [M/L^3]                   concetration [M/L^3]       concentration flux [M.L^{-2}.T^{-1}]   in    x              directions   cumulative flux
 #-----------------------------------------------------------------------------------------------

     0.000000000000E+000     0.000000000000E+000     0.000000000000E+000     0.000000000000E+000     0.000000000000E+000
     0.100000000000E+000     0.193466241881E-006     0.110275757872E-006     0.561052101454E-009     0.561052101454E-010
     0.206000000000E+000     0.398470329091E-006     0.227128087582E-006     0.115556395437E-008     0.178594989308E-009
     0.318360000000E+000     0.615695892947E-006     0.350946658980E-006     0.178551808955E-008     0.379215801850E-009
     0.437461600000E+000     0.845866520255E-006     0.482143916545E-006     0.245301290874E-008     0.671373564102E-009
     0.563709296000E+000     0.108974802037E-005     0.621156371609E-006     0.316026925906E-008     0.107035027680E-008
     0.697531853760E+000     0.134815081235E-005     0.768445963042E-006     0.390963735583E-008     0.159354794767E-008
     0.839383764986E+000     0.162193243758E-005     0.924501489419E-006     0.470360406898E-008     0.226076317450E-008
     0.989746790885E+000     0.191200020302E-005     0.108984011572E-005     0.554480058875E-008     0.309449616903E-008
     0.114913159834E+001     0.221931396079E-005     0.126500895765E-005     0.643601048630E-008     0.412029846116E-008
     0.131807949424E+001     0.254488902933E-005     0.145058674672E-005     0.738017818507E-008     0.536716403690E-008
     0.149716426389E+001     0.288979926168E-005     0.164718557916E-005     0.838041785887E-008     0.686796923876E-008
     0.168699411973E+001     0.325518026633E-005     0.185545275181E-005     0.944002277235E-008     0.865996740070E-008
     0.188821376691E+001     0.364223278601E-005     0.207607268803E-005     0.105624750794E-007     0.107853449096E-007
     0.210150659292E+001     0.405222623962E-005     0.230976895658E-005     0.117514560949E-007     0.132918461898E-007
     0.232759698850E+001     0.448650243233E-005     0.255730638643E-005     0.130108570538E-007     0.162334760079E-007
     0.256725280781E+001     0.494647943876E-005     0.281949328009E-005     0.143447903724E-007     0.196712884974E-007
     0.282128797628E+001     0.543365566349E-005     0.309718372819E-005     0.157576014241E-007     0.236742734299E-007
     0.309056525485E+001     0.594961408318E-005     0.339128002741E-005     0.172538808412E-007     0.283203515077E-007
     0.337599917015E+001     0.649602667358E-005     0.370273520394E-005     0.188384773534E-007     0.336974918568E-007
     0.367855912035E+001     0.707465902449E-005     0.403255564396E-005     0.205165111710E-007     0.399049664551E-007
     0.399927266758E+001     0.768737514454E-005     0.438180383239E-005     0.222933879192E-007     0.470547579743E-007
     0.433922902763E+001     0.833614245712E-005     0.475160120056E-005     0.241748131257E-007     0.552731394495E-007
     0.469958276929E+001     0.902303698744E-005     0.514313108284E-005     0.261668072636E-007     0.647024463541E-007
     0.508155773545E+001     0.975024873935E-005     0.555764178143E-005     0.282757213441E-007     0.755030640576E-007
     0.548645119957E+001     0.105200872593E-004     0.599644973782E-005     0.305082530521E-007     0.878556563203E-007
     0.591563827155E+001     0.113349873830E-004     0.646094280832E-005     0.328714634108E-007     0.101963663453E-006
     0.637057656784E+001     0.121975151576E-004     0.695258363986E-005     0.353727939572E-007     0.118056102071E-006
     0.685281116191E+001     0.131103739316E-004     0.747291314099E-005     0.380200844015E-007     0.136390702039E-006
     0.736397983162E+001     0.140764105992E-004     0.802355404155E-005     0.408215907377E-007     0.157257420272E-006
     0.790581862152E+001     0.150986219869E-004     0.860621453252E-005     0.437860037619E-007     0.180982375565E-006
     0.848016773881E+001     0.161801613611E-004     0.922269197580E-005     0.469224679471E-007     0.207932253611E-006
     0.908897780314E+001     0.173243450373E-004     0.987487667128E-005     0.502406006083E-007     0.238519236900E-006
     0.973431647133E+001     0.185346590633E-004     0.105647556661E-004     0.537505112836E-007     0.273206520266E-006
     0.104183754596E+002     0.198147659437E-004     0.112944165879E-004     0.574628212367E-007     0.312514479625E-006
     0.111434779872E+002     0.211685113708E-004     0.120660514814E-004     0.613886829754E-007     0.357027568815E-006
     0.119120866664E+002     0.225999309164E-004     0.128819606224E-004     0.655397996577E-007     0.407402027667E-006
     0.127268118664E+002     0.241132566347E-004     0.137445562818E-004     0.699284442405E-007     0.464374493385E-006
     0.135904205784E+002     0.257129235172E-004     0.146563664048E-004     0.745674781998E-007     0.528771617189E-006
     0.145058458131E+002     0.274035757340E-004     0.156200381684E-004     0.794703696286E-007     0.601520798959E-006
     0.154761965619E+002     0.291900725824E-004     0.166383413719E-004     0.846512104889E-007     0.683662164442E-006
     0.164761965619E+002     0.310252336874E-004     0.176843832018E-004     0.899731776934E-007     0.773635342135E-006
     0.174761965619E+002     0.328544913507E-004     0.187270600699E-004     0.952780249171E-007     0.868913367053E-006
     0.184761965619E+002     0.346778645629E-004     0.197663828009E-004     0.100565807232E-006     0.969479174285E-006
     0.194761965619E+002     0.364953722533E-004     0.208023621844E-004     0.105836579535E-006     0.107531575382E-005
     0.204761965619E+002     0.383070332905E-004     0.218350089756E-004     0.111090396542E-006     0.118640615036E-005
     0.214761965619E+002     0.401128664822E-004     0.228643338948E-004     0.116327312798E-006     0.130273346316E-005
     0.224761965619E+002     0.419128905758E-004     0.238903476282E-004     0.121547382670E-006     0.142428084583E-005
     0.234761965619E+002     0.437071242583E-004     0.249130608272E-004     0.126750660349E-006     0.155103150618E-005
     0.244761965619E+002     0.454955861566E-004     0.259324841093E-004     0.131937199854E-006     0.168296870603E-005
     0.254761965619E+002     0.472782948376E-004     0.269486280575E-004     0.137107055029E-006     0.182007576106E-005
     0.264761965619E+002     0.490552688087E-004     0.279615032210E-004     0.142260279545E-006     0.196233604061E-005
     0.274761965619E+002     0.508265265175E-004     0.289711201150E-004     0.147396926901E-006     0.210973296751E-005
     0.284761965619E+002     0.525920863524E-004     0.299774892209E-004     0.152517050422E-006     0.226225001793E-005
     0.294761965619E+002     0.543519666426E-004     0.309806209863E-004     0.157620703264E-006     0.241987072119E-005
     0.304761965619E+002     0.561061856584E-004     0.319805258253E-004     0.162707938409E-006     0.258257865960E-005
     0.314761965619E+002     0.578547616112E-004     0.329772141184E-004     0.167778808672E-006     0.275035746828E-005
     0.324761965619E+002     0.595977126540E-004     0.339706962128E-004     0.172833366696E-006     0.292319083497E-005
     0.334761965619E+002     0.613350568812E-004     0.349609824223E-004     0.177871664955E-006     0.310106249993E-005
     0.344761965619E+002     0.630668123291E-004     0.359480830276E-004     0.182893755755E-006     0.328395625568E-005
     0.354761965619E+002     0.647929969761E-004     0.369320082764E-004     0.187899691231E-006     0.347185594691E-005
     0.364761965619E+002     0.665136287426E-004     0.379127683833E-004     0.192889523354E-006     0.366474547027E-005
     0.374761965619E+002     0.682287254913E-004     0.388903735300E-004     0.197863303925E-006     0.386260877419E-005
     0.384761965619E+002     0.699383050276E-004     0.398648338657E-004     0.202821084580E-006     0.406542985877E-005
     0.394761965619E+002     0.716423850996E-004     0.408361595068E-004     0.207762916789E-006     0.427319277556E-005
     0.404761965619E+002     0.733409833981E-004     0.418043605369E-004     0.212688851855E-006     0.448588162741E-005
     0.414761965619E+002     0.750341175574E-004     0.427694470077E-004     0.217598940916E-006     0.470348056833E-005
     0.424761965619E+002     0.767218051546E-004     0.437314289381E-004     0.222493234948E-006     0.492597380328E-005
     0.434761965619E+002     0.784040637106E-004     0.446903163150E-004     0.227371784761E-006     0.515334558804E-005
     0.444761965619E+002     0.800809106898E-004     0.456461190932E-004     0.232234641000E-006     0.538558022904E-005
     0.454761965619E+002     0.817523635004E-004     0.465988471952E-004     0.237081854151E-006     0.562266208319E-005
     0.464761965619E+002     0.834184394947E-004     0.475485105120E-004     0.241913474535E-006     0.586457555773E-005
     0.474761965619E+002     0.850791559692E-004     0.484951189024E-004     0.246729552311E-006     0.611130511004E-005
     0.484761965619E+002     0.867345301645E-004     0.494386821938E-004     0.251530137477E-006     0.636283524751E-005
     0.494761965619E+002     0.883845792660E-004     0.503792101816E-004     0.256315279871E-006     0.661915052739E-005
     0.504761965619E+002     0.900293204038E-004     0.513167126302E-004     0.261085029171E-006     0.688023555656E-005
     0.514761965619E+002     0.916687706527E-004     0.522511992721E-004     0.265839434893E-006     0.714607499145E-005
     0.524761965619E+002     0.933029470329E-004     0.531826798087E-004     0.270578546395E-006     0.741665353784E-005
     0.534761965619E+002     0.949318665094E-004     0.541111639104E-004     0.275302412877E-006     0.769195595072E-005
     0.544761965619E+002     0.965555459931E-004     0.550366612161E-004     0.280011083380E-006     0.797196703410E-005
     0.554761965619E+002     0.981740023402E-004     0.559591813339E-004     0.284704606787E-006     0.825667164089E-005
     0.564761965619E+002     0.997872523528E-004     0.568787338411E-004     0.289383031823E-006     0.854605467271E-005
     0.574761965619E+002     0.101395312779E-003     0.577953282839E-004     0.294046407059E-006     0.884010107977E-005
     0.584761965619E+002     0.102998200312E-003     0.587089741781E-004     0.298694780906E-006     0.913879586068E-005
     0.594761965619E+002     0.104595931594E-003     0.596196810087E-004     0.303328201623E-006     0.944212406230E-005
     0.604761965619E+002     0.106188523211E-003     0.605274582301E-004     0.307946717311E-006     0.975007077961E-005
     0.614761965619E+002     0.107775991696E-003     0.614323152666E-004     0.312550375918E-006     0.100626211555E-004
     0.624761965619E+002     0.109358353530E-003     0.623342615119E-004     0.317139225236E-006     0.103797603808E-004
     0.634761965619E+002     0.110935625140E-003     0.632333063297E-004     0.321713312905E-006     0.107014736937E-004
     0.644761965619E+002     0.112507822901E-003     0.641294590533E-004     0.326272686411E-006     0.110277463801E-004
     0.654761965619E+002     0.114074963134E-003     0.650227289862E-004     0.330817393088E-006     0.113585637732E-004
     0.664761965619E+002     0.115637062109E-003     0.659131254020E-004     0.335347480115E-006     0.116939112533E-004
     0.674761965619E+002     0.117194136043E-003     0.668006575443E-004     0.339862994523E-006     0.120337742478E-004
     0.684761965619E+002     0.118746201100E-003     0.676853346270E-004     0.344363983190E-006     0.123781382310E-004
     0.694761965619E+002     0.120293273394E-003     0.685671658345E-004     0.348850492842E-006     0.127269887238E-004
     0.704761965619E+002     0.121835368985E-003     0.694461603215E-004     0.353322570057E-006     0.130803112939E-004
     0.714761965619E+002     0.123372503883E-003     0.703223272133E-004     0.357780261261E-006     0.134380915552E-004
     0.724761965619E+002     0.124904694045E-003     0.711956756059E-004     0.362223612732E-006     0.138003151679E-004
     0.734761965619E+002     0.126431955379E-003     0.720662145660E-004     0.366652670599E-006     0.141669678385E-004
     0.744761965619E+002     0.127954303739E-003     0.729339531311E-004     0.371067480842E-006     0.145380353193E-004
     0.754761965619E+002     0.129471754929E-003     0.737989003096E-004     0.375468089295E-006     0.149135034086E-004
     0.764761965619E+002     0.130984324704E-003     0.746610650811E-004     0.379854541641E-006     0.152933579503E-004
     0.774761965619E+002     0.132492028765E-003     0.755204563961E-004     0.384226883419E-006     0.156775848337E-004
     0.784761965619E+002     0.133994882766E-003     0.763770831765E-004     0.388585160021E-006     0.160661699937E-004
     0.794761965619E+002     0.135492902307E-003     0.772309543152E-004     0.392929416692E-006     0.164590994104E-004
     0.804761965619E+002     0.136986102942E-003     0.780820786769E-004     0.397259698532E-006     0.168563591089E-004
     0.814761965619E+002     0.138474500171E-003     0.789304650975E-004     0.401576050496E-006     0.172579351594E-004
     0.824761965619E+002     0.139958109447E-003     0.797761223845E-004     0.405878517395E-006     0.176638136768E-004
     0.834761965619E+002     0.141436946171E-003     0.806190593172E-004     0.410167143895E-006     0.180739808207E-004
     0.844761965619E+002     0.142911025696E-003     0.814592846466E-004     0.414441974518E-006     0.184884227952E-004
     0.854761965619E+002     0.144380363325E-003     0.822968070954E-004     0.418703053643E-006     0.189071258489E-004
     0.864761965619E+002     0.145844974313E-003     0.831316353584E-004     0.422950425508E-006     0.193300762744E-004
     0.874761965619E+002     0.147304873864E-003     0.839637781025E-004     0.427184134206E-006     0.197572604086E-004
     0.884761965619E+002     0.148760077134E-003     0.847932439665E-004     0.431404223689E-006     0.201886646323E-004
     0.894761965619E+002     0.150210599231E-003     0.856200415616E-004     0.435610737770E-006     0.206242753700E-004
     0.904761965619E+002     0.151656455213E-003     0.864441794712E-004     0.439803720117E-006     0.210640790902E-004
     0.914761965619E+002     0.153097660090E-003     0.872656662511E-004     0.443983214260E-006     0.215080623044E-004
     0.924761965619E+002     0.154534228824E-003     0.880845104297E-004     0.448149263590E-006     0.219562115680E-004
     0.934761965619E+002     0.155966176329E-003     0.889007205077E-004     0.452301911355E-006     0.224085134794E-004
     0.944761965619E+002     0.157393517471E-003     0.897143049586E-004     0.456441200667E-006     0.228649546800E-004
     0.954761965619E+002     0.158816267068E-003     0.905252722288E-004     0.460567174498E-006     0.233255218545E-004
     0.964761965619E+002     0.160234439890E-003     0.913336307373E-004     0.464679875681E-006     0.237902017302E-004
     0.974761965619E+002     0.161648050660E-003     0.921393888762E-004     0.468779346914E-006     0.242589810771E-004
     0.984761965619E+002     0.163057114053E-003     0.929425550103E-004     0.472865630754E-006     0.247318467079E-004
     0.994761965619E+002     0.164461644698E-003     0.937431374779E-004     0.476938769624E-006     0.252087854775E-004
     0.100476196562E+003     0.165861657176E-003     0.945411445901E-004     0.480998805809E-006     0.256897842833E-004
     0.101476196562E+003     0.167257166020E-003     0.953365846316E-004     0.485045781459E-006     0.261748300648E-004
     0.102476196562E+003     0.168648185720E-003     0.961294658602E-004     0.489079738587E-006     0.266639098034E-004
     0.103476196562E+003     0.170034730714E-003     0.969197965072E-004     0.493100719072E-006     0.271570105224E-004
     0.104476196562E+003     0.171416815399E-003     0.977075847775E-004     0.497108764658E-006     0.276541192871E-004
     0.105476196562E+003     0.172794454122E-003     0.984928388495E-004     0.501103916954E-006     0.281552232040E-004
     0.106476196562E+003     0.174167661185E-003     0.992755668754E-004     0.505086217436E-006     0.286603094215E-004
     0.107476196562E+003     0.175536450844E-003     0.100055776981E-003     0.509055707448E-006     0.291693651289E-004
     0.108476196562E+003     0.176900837309E-003     0.100833477266E-003     0.513012428197E-006     0.296823775571E-004
     0.109476196562E+003     0.178260834745E-003     0.101608675805E-003     0.516956420762E-006     0.301993339779E-004
     0.110476196562E+003     0.179616457271E-003     0.102381380644E-003     0.520887726086E-006     0.307202217040E-004
     0.111476196562E+003     0.180967718959E-003     0.103151599807E-003     0.524806384982E-006     0.312450280890E-004
     0.112476196562E+003     0.182314633839E-003     0.103919341288E-003     0.528712438133E-006     0.317737405271E-004
     0.113476196562E+003     0.183657215893E-003     0.104684613059E-003     0.532605926089E-006     0.323063464532E-004
     0.114476196562E+003     0.184995479059E-003     0.105447423064E-003     0.536486889271E-006     0.328428333424E-004
     0.115476196562E+003     0.186329437230E-003     0.106207779221E-003     0.540355367968E-006     0.333831887104E-004
     0.116476196562E+003     0.187659104256E-003     0.106965689426E-003     0.544211402342E-006     0.339274001128E-004
     0.117476196562E+003     0.188984493939E-003     0.107721161545E-003     0.548055032424E-006     0.344754551452E-004
     0.118476196562E+003     0.190305620040E-003     0.108474203423E-003     0.551886298117E-006     0.350273414433E-004
     0.119476196562E+003     0.191622496274E-003     0.109224822876E-003     0.555705239195E-006     0.355830466825E-004
     0.120476196562E+003     0.192935136312E-003     0.109973027698E-003     0.559511895305E-006     0.361425585778E-004
     0.121476196562E+003     0.194243553781E-003     0.110718825655E-003     0.563306305965E-006     0.367058648838E-004
     0.122476196562E+003     0.195547762265E-003     0.111462224491E-003     0.567088510568E-006     0.372729533943E-004
     0.123476196562E+003     0.196847775303E-003     0.112203231923E-003     0.570858548379E-006     0.378438119427E-004
     0.124476196562E+003     0.198143606392E-003     0.112941855643E-003     0.574616458536E-006     0.384184284012E-004
     0.125476196562E+003     0.199435268983E-003     0.113678103321E-003     0.578362280052E-006     0.389967906813E-004
     0.126476196562E+003     0.200722776488E-003     0.114411982598E-003     0.582096051815E-006     0.395788867331E-004
     0.127476196562E+003     0.202006142271E-003     0.115143501095E-003     0.585817812586E-006     0.401647045457E-004
     0.128476196562E+003     0.203285379657E-003     0.115872666404E-003     0.589527601004E-006     0.407542321467E-004
     0.129476196562E+003     0.204560501925E-003     0.116599486097E-003     0.593225455582E-006     0.413474576023E-004
     0.130476196562E+003     0.205831522313E-003     0.117323967719E-003     0.596911414709E-006     0.419443690170E-004
     0.131476196562E+003     0.207098454017E-003     0.118046118790E-003     0.600585516651E-006     0.425449545336E-004
     0.132476196562E+003     0.208361310190E-003     0.118765946808E-003     0.604247799550E-006     0.431492023332E-004
     0.133476196562E+003     0.209620103941E-003     0.119483459246E-003     0.607898301428E-006     0.437571006346E-004
     0.134476196562E+003     0.210874848338E-003     0.120198663553E-003     0.611537060181E-006     0.443686376948E-004
     0.135476196562E+003     0.212125556409E-003     0.120911567153E-003     0.615164113586E-006     0.449838018084E-004
     0.136476196562E+003     0.213372241137E-003     0.121622177448E-003     0.618779499297E-006     0.456025813077E-004
     0.137476196562E+003     0.214614915464E-003     0.122330501815E-003     0.622383254847E-006     0.462249645625E-004
     0.138476196562E+003     0.215853592293E-003     0.123036547607E-003     0.625975417649E-006     0.468509399802E-004
     0.139476196562E+003     0.217088284481E-003     0.123740322154E-003     0.629556024994E-006     0.474804960052E-004
     0.140476196562E+003     0.218319004847E-003     0.124441832763E-003     0.633125114056E-006     0.481136211192E-004
     0.141476196562E+003     0.219545766168E-003     0.125141086716E-003     0.636682721887E-006     0.487503038411E-004
     0.142476196562E+003     0.220768581179E-003     0.125838091272E-003     0.640228885420E-006     0.493905327265E-004
     0.143476196562E+003     0.221987462576E-003     0.126532853668E-003     0.643763641469E-006     0.500342963680E-004
     0.144476196562E+003     0.223202423011E-003     0.127225381116E-003     0.647287026731E-006     0.506815833947E-004
     0.145476196562E+003     0.224413475098E-003     0.127915680806E-003     0.650799077785E-006     0.513323824725E-004
     0.146476196562E+003     0.225620631410E-003     0.128603759904E-003     0.654299831090E-006     0.519866823036E-004
     0.147476196562E+003     0.226823904479E-003     0.129289625553E-003     0.657789322990E-006     0.526444716266E-004
     0.148476196562E+003     0.228023306797E-003     0.129973284874E-003     0.661267589710E-006     0.533057392163E-004
     0.149476196562E+003     0.229218850814E-003     0.130654744964E-003     0.664734667362E-006     0.539704738837E-004
     0.150476196562E+003     0.230410548944E-003     0.131334012898E-003     0.668190591938E-006     0.546386644756E-004
     0.151476196562E+003     0.231598413557E-003     0.132011095728E-003     0.671635399316E-006     0.553102998749E-004
     0.152476196562E+003     0.232782456985E-003     0.132686000482E-003     0.675069125258E-006     0.559853690002E-004
     0.153476196562E+003     0.233962691521E-003     0.133358734167E-003     0.678491805412E-006     0.566638608056E-004
     0.154476196562E+003     0.235139129418E-003     0.134029303768E-003     0.681903475311E-006     0.573457642809E-004
     0.155476196562E+003     0.236311782887E-003     0.134697716246E-003     0.685304170372E-006     0.580310684513E-004
     0.156476196562E+003     0.237480664104E-003     0.135363978539E-003     0.688693925901E-006     0.587197623772E-004
     0.157476196562E+003     0.238645785203E-003     0.136028097566E-003     0.692072777088E-006     0.594118351543E-004
     0.158476196562E+003     0.239807158280E-003     0.136690080219E-003     0.695440759011E-006     0.601072759133E-004
     0.159476196562E+003     0.240964795391E-003     0.137349933373E-003     0.698797906635E-006     0.608060738199E-004
     0.160476196562E+003     0.242118708556E-003     0.138007663877E-003     0.702144254811E-006     0.615082180747E-004
     0.161476196562E+003     0.243268909752E-003     0.138663278559E-003     0.705479838281E-006     0.622136979130E-004
     0.162476196562E+003     0.244415410921E-003     0.139316784225E-003     0.708804691672E-006     0.629225026047E-004
     0.163476196562E+003     0.245558223966E-003     0.139968187661E-003     0.712118849502E-006     0.636346214542E-004
     0.164476196562E+003     0.246697360750E-003     0.140617495628E-003     0.715422346176E-006     0.643500438004E-004
     0.165476196562E+003     0.247832833100E-003     0.141264714867E-003     0.718715215991E-006     0.650687590164E-004
     0.166476196562E+003     0.248964652804E-003     0.141909852098E-003     0.721997493131E-006     0.657907565095E-004
     0.167476196562E+003     0.250092831611E-003     0.142552914018E-003     0.725269211671E-006     0.665160257212E-004
     0.168476196562E+003     0.251217381234E-003     0.143193907303E-003     0.728530405577E-006     0.672445561267E-004
     0.169476196562E+003     0.252338313346E-003     0.143832838608E-003     0.731781108705E-006     0.679763372354E-004
     0.170476196562E+003     0.253455639587E-003     0.144469714564E-003     0.735021354802E-006     0.687113585902E-004
     0.171476196562E+003     0.254569371554E-003     0.145104541786E-003     0.738251177506E-006     0.694496097677E-004
     0.172476196562E+003     0.255679520810E-003     0.145737326862E-003     0.741470610349E-006     0.701910803781E-004
     0.173476196562E+003     0.256786098881E-003     0.146368076362E-003     0.744679686753E-006     0.709357600648E-004
     0.174476196562E+003     0.257889117253E-003     0.146996796834E-003     0.747878440034E-006     0.716836385049E-004
     0.175476196562E+003     0.258988587379E-003     0.147623494806E-003     0.751066903398E-006     0.724347054083E-004
     0.176476196562E+003     0.260084520672E-003     0.148248176783E-003     0.754245109948E-006     0.731889505182E-004
     0.177476196562E+003     0.261176928509E-003     0.148870849250E-003     0.757413092677E-006     0.739463636109E-004
     0.178476196562E+003     0.262265822233E-003     0.149491518673E-003     0.760570884475E-006     0.747069344954E-004
     0.179476196562E+003     0.263351213146E-003     0.150110191493E-003     0.763718518124E-006     0.754706530135E-004
     0.180476196562E+003     0.264433112518E-003     0.150726874135E-003     0.766856026302E-006     0.762375090398E-004
     0.181476196562E+003     0.265511531579E-003     0.151341573000E-003     0.769983441579E-006     0.770074924814E-004
     0.182476196562E+003     0.266586481526E-003     0.151954294470E-003     0.773100796425E-006     0.777805932778E-004
     0.183476196562E+003     0.267657973518E-003     0.152565044905E-003     0.776208123202E-006     0.785568014010E-004
     0.184476196562E+003     0.268726018679E-003     0.153173830647E-003     0.779305454168E-006     0.793361068552E-004
     0.185476196562E+003     0.269790628096E-003     0.153780658015E-003     0.782392821480E-006     0.801184996767E-004
     0.186476196562E+003     0.270851812823E-003     0.154385533309E-003     0.785470257187E-006     0.809039699338E-004
     0.187476196562E+003     0.271909583876E-003     0.154988462809E-003     0.788537793239E-006     0.816925077271E-004
     0.188476196562E+003     0.272963952235E-003     0.155589452774E-003     0.791595461482E-006     0.824841031886E-004
     0.189476196562E+003     0.274014928848E-003     0.156188509443E-003     0.794643293658E-006     0.832787464822E-004
     0.190476196562E+003     0.275062524624E-003     0.156785639036E-003     0.797681321409E-006     0.840764278036E-004
     0.191476196562E+003     0.276106750440E-003     0.157380847751E-003     0.800709576275E-006     0.848771373799E-004
     0.192476196562E+003     0.277147617136E-003     0.157974141767E-003     0.803728089693E-006     0.856808654696E-004
     0.193476196562E+003     0.278185135517E-003     0.158565527245E-003     0.806736893000E-006     0.864876023626E-004
     0.194476196562E+003     0.279219316356E-003     0.159155010323E-003     0.809736017432E-006     0.872973383800E-004
     0.195476196562E+003     0.280250170388E-003     0.159742597121E-003     0.812725494125E-006     0.881100638742E-004
     0.196476196562E+003     0.281277708315E-003     0.160328293740E-003     0.815705354114E-006     0.889257692283E-004
     0.197476196562E+003     0.282301940805E-003     0.160912106259E-003     0.818675628334E-006     0.897444448566E-004
     0.198476196562E+003     0.283322878490E-003     0.161494040739E-003     0.821636347621E-006     0.905660812042E-004
     0.199476196562E+003     0.284340531970E-003     0.162074103223E-003     0.824587542713E-006     0.913906687469E-004
     0.200476196562E+003     0.285354911809E-003     0.162652299731E-003     0.827529244247E-006     0.922181979912E-004
     0.201476196562E+003     0.286366028539E-003     0.163228636267E-003     0.830461482763E-006     0.930486594740E-004
     0.202476196562E+003     0.287373892655E-003     0.163803118814E-003     0.833384288701E-006     0.938820437627E-004
     0.203476196562E+003     0.288378514622E-003     0.164375753335E-003     0.836297692405E-006     0.947183414551E-004
     0.204476196562E+003     0.289379904869E-003     0.164946545775E-003     0.839201724120E-006     0.955575431792E-004
     0.205476196562E+003     0.290378073791E-003     0.165515502061E-003     0.842096413995E-006     0.963996395932E-004
     0.206476196562E+003     0.291373031752E-003     0.166082628099E-003     0.844981792082E-006     0.972446213853E-004
     0.207476196562E+003     0.292364789081E-003     0.166647929776E-003     0.847857888334E-006     0.980924792736E-004
     0.208476196562E+003     0.293353356072E-003     0.167211412961E-003     0.850724732610E-006     0.989432040062E-004
     0.209476196562E+003     0.294338742990E-003     0.167773083505E-003     0.853582354672E-006     0.997967863609E-004
     0.210476196562E+003     0.295320960065E-003     0.168332947237E-003     0.856430784187E-006     0.100653217145E-003
     0.211476196562E+003     0.296300017492E-003     0.168891009970E-003     0.859270050726E-006     0.101512487196E-003
     0.212476196562E+003     0.297275925436E-003     0.169447277499E-003     0.862100183765E-006     0.102374587380E-003
     0.213476196562E+003     0.298248694029E-003     0.170001755597E-003     0.864921212684E-006     0.103239508592E-003
     0.214476196562E+003     0.299218333369E-003     0.170554450021E-003     0.867733166771E-006     0.104107241759E-003
     0.215476196562E+003     0.300184853523E-003     0.171105366508E-003     0.870536075218E-006     0.104977777834E-003
     0.216476196562E+003     0.301148264525E-003     0.171654510779E-003     0.873329967123E-006     0.105851107801E-003
     0.217476196562E+003     0.302108576376E-003     0.172201888535E-003     0.876114871492E-006     0.106727222673E-003
     0.218476196562E+003     0.303065799046E-003     0.172747505456E-003     0.878890817235E-006     0.107606113490E-003
     0.219476196562E+003     0.304019942473E-003     0.173291367210E-003     0.881657833171E-006     0.108487771323E-003
     0.220476196562E+003     0.304971016561E-003     0.173833479440E-003     0.884415948027E-006     0.109372187271E-003
     0.221476196562E+003     0.305919031185E-003     0.174373847775E-003     0.887165190436E-006     0.110259352462E-003
     0.222476196562E+003     0.306863996186E-003     0.174912477826E-003     0.889905588939E-006     0.111149258051E-003
     0.223476196562E+003     0.307805921374E-003     0.175449375183E-003     0.892637171985E-006     0.112041895223E-003
     0.224476196562E+003     0.308744816529E-003     0.175984545421E-003     0.895359967933E-006     0.112937255191E-003
     0.225476196562E+003     0.309680691396E-003     0.176517994096E-003     0.898074005049E-006     0.113835329196E-003
     0.226476196562E+003     0.310613555693E-003     0.177049726745E-003     0.900779311509E-006     0.114736108507E-003
     0.227476196562E+003     0.311543419103E-003     0.177579748889E-003     0.903475915400E-006     0.115639584423E-003
     0.228476196562E+003     0.312470291281E-003     0.178108066030E-003     0.906163844714E-006     0.116545748267E-003
     0.229476196562E+003     0.313394181847E-003     0.178634683653E-003     0.908843127358E-006     0.117454591395E-003
     0.230476196562E+003     0.314315100395E-003     0.179159607225E-003     0.911513791145E-006     0.118366105186E-003
     0.231476196562E+003     0.315233056484E-003     0.179682842196E-003     0.914175863803E-006     0.119280281050E-003
     0.232476196562E+003     0.316148059644E-003     0.180204393997E-003     0.916829372967E-006     0.120197110423E-003
     0.233476196562E+003     0.317060119374E-003     0.180724268043E-003     0.919474346185E-006     0.121116584769E-003
     0.234476196562E+003     0.317969245143E-003     0.181242469732E-003     0.922110810915E-006     0.122038695580E-003
     0.235476196562E+003     0.318875446389E-003     0.181759004442E-003     0.924738794529E-006     0.122963434374E-003
     0.236476196562E+003     0.319778732520E-003     0.182273877536E-003     0.927358324308E-006     0.123890792698E-003
     0.237476196562E+003     0.320679112913E-003     0.182787094360E-003     0.929969427447E-006     0.124820762126E-003
     0.238476196562E+003     0.321576596915E-003     0.183298660242E-003     0.932572131055E-006     0.125753334257E-003
     0.239476196562E+003     0.322471193845E-003     0.183808580491E-003     0.935166462149E-006     0.126688500719E-003
     0.240476196562E+003     0.323362912988E-003     0.184316860403E-003     0.937752447665E-006     0.127626253167E-003
     0.241476196562E+003     0.324251763603E-003     0.184823505254E-003     0.940330114448E-006     0.128566583281E-003
     0.242476196562E+003     0.325137754917E-003     0.185328520303E-003     0.942899489259E-006     0.129509482770E-003
     0.243476196562E+003     0.326020896128E-003     0.185831910793E-003     0.945460598771E-006     0.130454943369E-003
     0.244476196562E+003     0.326901196404E-003     0.186333681950E-003     0.948013469572E-006     0.131402956839E-003
     0.245476196562E+003     0.327778664885E-003     0.186833838984E-003     0.950558128167E-006     0.132353514967E-003
     0.246476196562E+003     0.328653310680E-003     0.187332387087E-003     0.953094600971E-006     0.133306609568E-003
     0.247476196562E+003     0.329525142868E-003     0.187829331435E-003     0.955622914317E-006     0.134262232482E-003
     0.248476196562E+003     0.330394170501E-003     0.188324677186E-003     0.958143094454E-006     0.135220375577E-003
     0.249476196562E+003     0.331260402601E-003     0.188818429483E-003     0.960655167544E-006     0.136181030744E-003
     0.250476196562E+003     0.332123848161E-003     0.189310593452E-003     0.963159159667E-006     0.137144189904E-003
     0.251476196562E+003     0.332984516144E-003     0.189801174202E-003     0.965655096817E-006     0.138109845001E-003
     0.252476196562E+003     0.333842415485E-003     0.190290176827E-003     0.968143004908E-006     0.139077988006E-003
     0.253476196562E+003     0.334697555092E-003     0.190777606402E-003     0.970622909766E-006     0.140048610915E-003
     0.254476196562E+003     0.335549943840E-003     0.191263467989E-003     0.973094837137E-006     0.141021705753E-003
     0.255476196562E+003     0.336399590581E-003     0.191747766631E-003     0.975558812684E-006     0.141997264565E-003
     0.256476196562E+003     0.337246504133E-003     0.192230507356E-003     0.978014861986E-006     0.142975279427E-003
     0.257476196562E+003     0.338090693290E-003     0.192711695175E-003     0.980463010541E-006     0.143955742438E-003
     0.258476196562E+003     0.338932166815E-003     0.193191335085E-003     0.982903283764E-006     0.144938645722E-003
     0.259476196562E+003     0.339770933445E-003     0.193669432064E-003     0.985335706990E-006     0.145923981429E-003
     0.260476196562E+003     0.340607001886E-003     0.194145991075E-003     0.987760305470E-006     0.146911741734E-003
     0.261476196562E+003     0.341440380819E-003     0.194621017067E-003     0.990177104375E-006     0.147901918838E-003
     0.262476196562E+003     0.342271078895E-003     0.195094514970E-003     0.992586128797E-006     0.148894504967E-003
     0.263476196562E+003     0.343099104739E-003     0.195566489701E-003     0.994987403743E-006     0.149889492371E-003
     0.264476196562E+003     0.343924466946E-003     0.196036946159E-003     0.997380954143E-006     0.150886873325E-003
     0.265476196562E+003     0.344747174085E-003     0.196505889228E-003     0.999766804846E-006     0.151886640130E-003
     0.266476196562E+003     0.345567234696E-003     0.196973323777E-003     0.100214498062E-005     0.152888785111E-003
     0.267476196562E+003     0.346384657295E-003     0.197439254658E-003     0.100451550615E-005     0.153893300617E-003
     0.268476196562E+003     0.347199450365E-003     0.197903686708E-003     0.100687840606E-005     0.154900179023E-003
     0.269476196562E+003     0.348011622367E-003     0.198366624749E-003     0.100923370486E-005     0.155909412728E-003
     0.270476196562E+003     0.348821181732E-003     0.198828073587E-003     0.101158142702E-005     0.156920994155E-003
     0.271476196562E+003     0.349628136864E-003     0.199288038012E-003     0.101392159691E-005     0.157934915752E-003
     0.272476196562E+003     0.350432496141E-003     0.199746522800E-003     0.101625423881E-005     0.158951169990E-003
     0.273476196562E+003     0.351234267913E-003     0.200203532710E-003     0.101857937695E-005     0.159969749367E-003
     0.274476196562E+003     0.352033460504E-003     0.200659072487E-003     0.102089703546E-005     0.160990646403E-003
     0.275476196562E+003     0.352830082211E-003     0.201113146860E-003     0.102320723841E-005     0.162013853641E-003
     0.276476196562E+003     0.353624141303E-003     0.201565760543E-003     0.102551000978E-005     0.163039363651E-003
     0.277476196562E+003     0.354415646025E-003     0.202016918234E-003     0.102780537347E-005     0.164067169024E-003
     0.278476196562E+003     0.355204604594E-003     0.202466624618E-003     0.103009335332E-005     0.165097262378E-003
     0.279476196562E+003     0.355991025199E-003     0.202914884363E-003     0.103237397308E-005     0.166129636351E-003
     0.280476196562E+003     0.356774916006E-003     0.203361702123E-003     0.103464725642E-005     0.167164283607E-003
     0.281476196562E+003     0.357556285152E-003     0.203807082537E-003     0.103691322694E-005     0.168201196834E-003
     0.282476196562E+003     0.358335140749E-003     0.204251030227E-003     0.103917190817E-005     0.169240368742E-003
     0.283476196562E+003     0.359111490883E-003     0.204693549803E-003     0.104142332356E-005     0.170281792066E-003
     0.284476196562E+003     0.359885343614E-003     0.205134645860E-003     0.104366749648E-005     0.171325459562E-003
     0.285476196562E+003     0.360656706974E-003     0.205574322975E-003     0.104590445023E-005     0.172371364013E-003
     0.286476196562E+003     0.361425588973E-003     0.206012585715E-003     0.104813420802E-005     0.173419498221E-003
     0.287476196562E+003     0.362191997593E-003     0.206449438628E-003     0.105035679302E-005     0.174469855014E-003
     0.288476196562E+003     0.362955940789E-003     0.206884886250E-003     0.105257222829E-005     0.175522427242E-003
     0.289476196562E+003     0.363717426493E-003     0.207318933101E-003     0.105478053683E-005     0.176577207779E-003
     0.290476196562E+003     0.364476462611E-003     0.207751583688E-003     0.105698174157E-005     0.177634189520E-003
     0.291476196562E+003     0.365233057021E-003     0.208182842502E-003     0.105917586536E-005     0.178693365386E-003
     0.292476196562E+003     0.365987217579E-003     0.208612714020E-003     0.106136293098E-005     0.179754728317E-003
     0.293476196562E+003     0.366738952115E-003     0.209041202705E-003     0.106354296113E-005     0.180818271278E-003
     0.294476196562E+003     0.367488268431E-003     0.209468313006E-003     0.106571597845E-005     0.181883987256E-003
     0.295476196562E+003     0.368235174308E-003     0.209894049356E-003     0.106788200549E-005     0.182951869262E-003
     0.296476196562E+003     0.368979677500E-003     0.210318416175E-003     0.107004106475E-005     0.184021910326E-003
     0.297476196562E+003     0.369721785734E-003     0.210741417868E-003     0.107219317863E-005     0.185094103505E-003
     0.298476196562E+003     0.370461506716E-003     0.211163058828E-003     0.107433836948E-005     0.186168441875E-003
     0.299476196562E+003     0.371198848126E-003     0.211583343432E-003     0.107647665956E-005     0.187244918534E-003
     0.300476196562E+003     0.371933817617E-003     0.212002276042E-003     0.107860807109E-005     0.188323526605E-003
     0.301476196562E+003     0.372666422820E-003     0.212419861007E-003     0.108073262618E-005     0.189404259231E-003
     0.302476196562E+003     0.373396671341E-003     0.212836102664E-003     0.108285034689E-005     0.190487109578E-003
     0.303476196562E+003     0.374124570760E-003     0.213251005333E-003     0.108496125520E-005     0.191572070834E-003
     0.304476196562E+003     0.374850128634E-003     0.213664573322E-003     0.108706537304E-005     0.192659136207E-003
     0.305476196562E+003     0.375573352497E-003     0.214076810923E-003     0.108916272224E-005     0.193748298929E-003
     0.306476196562E+003     0.376294249855E-003     0.214487722417E-003     0.109125332458E-005     0.194839552253E-003
     0.307476196562E+003     0.377012828193E-003     0.214897312070E-003     0.109333720176E-005     0.195932889455E-003
     0.308476196562E+003     0.377729094970E-003     0.215305584133E-003     0.109541437541E-005     0.197028303831E-003
     0.309476196562E+003     0.378443057624E-003     0.215712542846E-003     0.109748486711E-005     0.198125788698E-003
     0.310476196562E+003     0.379154723565E-003     0.216118192432E-003     0.109954869834E-005     0.199225337396E-003
     0.311476196562E+003     0.379864100183E-003     0.216522537104E-003     0.110160589053E-005     0.200326943287E-003
     0.312476196562E+003     0.380571194840E-003     0.216925581059E-003     0.110365646504E-005     0.201430599752E-003
     0.313476196562E+003     0.381276014879E-003     0.217327328481E-003     0.110570044315E-005     0.202536300195E-003
     0.314476196562E+003     0.381978567616E-003     0.217727783541E-003     0.110773784609E-005     0.203644038041E-003
     0.315476196562E+003     0.382678860345E-003     0.218126950397E-003     0.110976869500E-005     0.204753806736E-003
     0.316476196562E+003     0.383376900336E-003     0.218524833192E-003     0.111179301098E-005     0.205865599747E-003
     0.317476196562E+003     0.384072694836E-003     0.218921436056E-003     0.111381081502E-005     0.206979410562E-003
     0.318476196562E+003     0.384766251068E-003     0.219316763109E-003     0.111582212810E-005     0.208095232690E-003
     0.319476196562E+003     0.385457576231E-003     0.219710818452E-003     0.111782697107E-005     0.209213059661E-003
     0.320476196562E+003     0.386146677505E-003     0.220103606178E-003     0.111982536476E-005     0.210332885026E-003
     0.321476196562E+003     0.386833562041E-003     0.220495130363E-003     0.112181732992E-005     0.211454702356E-003
     0.322476196562E+003     0.387518236971E-003     0.220885395074E-003     0.112380288722E-005     0.212578505243E-003
     0.323476196562E+003     0.388200709404E-003     0.221274404360E-003     0.112578205727E-005     0.213704287300E-003
     0.324476196562E+003     0.388880986424E-003     0.221662162261E-003     0.112775486063E-005     0.214832042161E-003
     0.325476196562E+003     0.389559075093E-003     0.222048672803E-003     0.112972131777E-005     0.215961763479E-003
     0.326476196562E+003     0.390234982451E-003     0.222433939997E-003     0.113168144911E-005     0.217093444928E-003
     0.327476196562E+003     0.390908715516E-003     0.222817967844E-003     0.113363527500E-005     0.218227080203E-003
     0.328476196562E+003     0.391580281280E-003     0.223200760330E-003     0.113558281571E-005     0.219362663018E-003
     0.329476196562E+003     0.392249686718E-003     0.223582321429E-003     0.113752409148E-005     0.220500187110E-003
     0.330476196562E+003     0.392916938777E-003     0.223962655103E-003     0.113945912245E-005     0.221639646232E-003
     0.331476196562E+003     0.393582044384E-003     0.224341765299E-003     0.114138792871E-005     0.222781034161E-003
     0.332476196562E+003     0.394245010446E-003     0.224719655954E-003     0.114331053029E-005     0.223924344691E-003
     0.333476196562E+003     0.394905843844E-003     0.225096330991E-003     0.114522694715E-005     0.225069571638E-003
     0.334476196562E+003     0.395564551438E-003     0.225471794320E-003     0.114713719917E-005     0.226216708838E-003
     0.335476196562E+003     0.396221140068E-003     0.225846049839E-003     0.114904130620E-005     0.227365750144E-003
     0.336476196562E+003     0.396875616549E-003     0.226219101433E-003     0.115093928799E-005     0.228516689432E-003
     0.337476196562E+003     0.397527987677E-003     0.226590952976E-003     0.115283116426E-005     0.229669520596E-003
     0.338476196562E+003     0.398178260223E-003     0.226961608327E-003     0.115471695465E-005     0.230824237551E-003
     0.339476196562E+003     0.398826440938E-003     0.227331071335E-003     0.115659667872E-005     0.231980834229E-003
     0.340476196562E+003     0.399472536552E-003     0.227699345835E-003     0.115847035600E-005     0.233139304585E-003
     0.341476196562E+003     0.400116553772E-003     0.228066435650E-003     0.116033800594E-005     0.234299642591E-003
     0.342476196562E+003     0.400758499284E-003     0.228432344592E-003     0.116219964792E-005     0.235461842239E-003
     0.343476196562E+003     0.401398379752E-003     0.228797076459E-003     0.116405530128E-005     0.236625897541E-003
     0.344476196562E+003     0.402036201820E-003     0.229160635037E-003     0.116590498528E-005     0.237791802526E-003
     0.345476196562E+003     0.402671972108E-003     0.229523024102E-003     0.116774871911E-005     0.238959551245E-003
     0.346476196562E+003     0.403305697217E-003     0.229884247414E-003     0.116958652193E-005     0.240129137767E-003
     0.347476196562E+003     0.403937383727E-003     0.230244308724E-003     0.117141841281E-005     0.241300556180E-003
     0.348476196562E+003     0.404567038194E-003     0.230603211771E-003     0.117324441076E-005     0.242473800590E-003
     0.349476196562E+003     0.405194667156E-003     0.230960960279E-003     0.117506453475E-005     0.243648865125E-003
     0.350476196562E+003     0.405820277129E-003     0.231317557964E-003     0.117687880367E-005     0.244825743929E-003
     0.351476196562E+003     0.406443874607E-003     0.231673008526E-003     0.117868723636E-005     0.246004431165E-003
     0.352476196562E+003     0.407065466064E-003     0.232027315657E-003     0.118048985159E-005     0.247184921017E-003
     0.353476196562E+003     0.407685057954E-003     0.232380483034E-003     0.118228666807E-005     0.248367207685E-003
     0.354476196562E+003     0.408302656708E-003     0.232732514324E-003     0.118407770445E-005     0.249551285389E-003
     0.355476196562E+003     0.408918268738E-003     0.233083413181E-003     0.118586297934E-005     0.250737148369E-003
     0.356476196562E+003     0.409531900436E-003     0.233433183248E-003     0.118764251126E-005     0.251924790880E-003
     0.357476196562E+003     0.410143558171E-003     0.233781828157E-003     0.118941631870E-005     0.253114207199E-003
     0.358476196562E+003     0.410753248294E-003     0.234129351527E-003     0.119118442005E-005     0.254305391619E-003
     0.359476196562E+003     0.411360977134E-003     0.234475756966E-003     0.119294683369E-005     0.255498338452E-003
     0.360476196562E+003     0.411966751000E-003     0.234821048070E-003     0.119470357790E-005     0.256693042030E-003
     0.361476196562E+003     0.412570576181E-003     0.235165228423E-003     0.119645467093E-005     0.257889496701E-003
     0.362476196562E+003     0.413172458946E-003     0.235508301599E-003     0.119820013094E-005     0.259087696832E-003
     0.363476196562E+003     0.413772405543E-003     0.235850271160E-003     0.119993997608E-005     0.260287636808E-003
     0.364476196562E+003     0.414370422201E-003     0.236191140655E-003     0.120167422438E-005     0.261489311033E-003
     0.365476196562E+003     0.414966515128E-003     0.236530913623E-003     0.120340289387E-005     0.262692713927E-003
     0.366476196562E+003     0.415560690512E-003     0.236869593592E-003     0.120512600248E-005     0.263897839929E-003
     0.367476196562E+003     0.416152954522E-003     0.237207184077E-003     0.120684356811E-005     0.265104683497E-003
     0.368476196562E+003     0.416743313306E-003     0.237543688584E-003     0.120855560859E-005     0.266313239106E-003
     0.369476196562E+003     0.417331772993E-003     0.237879110606E-003     0.121026214168E-005     0.267523501247E-003
     0.370476196562E+003     0.417918339693E-003     0.238213453625E-003     0.121196318511E-005     0.268735464432E-003
     0.371476196562E+003     0.418503019494E-003     0.238546721112E-003     0.121365875653E-005     0.269949123189E-003
     0.372476196562E+003     0.419085818467E-003     0.238878916526E-003     0.121534887355E-005     0.271164472063E-003
     0.373476196562E+003     0.419666742662E-003     0.239210043317E-003     0.121703355372E-005     0.272381505616E-003
     0.374476196562E+003     0.420245798109E-003     0.239540104922E-003     0.121871281452E-005     0.273600218431E-003
     0.375476196562E+003     0.420822990821E-003     0.239869104768E-003     0.122038667338E-005     0.274820605104E-003
     0.376476196562E+003     0.421398326790E-003     0.240197046270E-003     0.122205514769E-005     0.276042660252E-003
     0.377476196562E+003     0.421971811988E-003     0.240523932833E-003     0.122371825476E-005     0.277266378507E-003
     0.378476196562E+003     0.422543452368E-003     0.240849767850E-003     0.122537601187E-005     0.278491754519E-003
     0.379476196562E+003     0.423113253867E-003     0.241174554704E-003     0.122702843621E-005     0.279718782955E-003
     0.380476196562E+003     0.423681222398E-003     0.241498296767E-003     0.122867554495E-005     0.280947458500E-003
     0.381476196562E+003     0.424247363858E-003     0.241820997399E-003     0.123031735519E-005     0.282177775855E-003
     0.382476196562E+003     0.424811684126E-003     0.242142659952E-003     0.123195388396E-005     0.283409729739E-003
     0.383476196562E+003     0.425374189058E-003     0.242463287763E-003     0.123358514827E-005     0.284643314887E-003
     0.384476196562E+003     0.425934884495E-003     0.242782884162E-003     0.123521116504E-005     0.285878526052E-003
     0.385476196562E+003     0.426493776259E-003     0.243101452467E-003     0.123683195115E-005     0.287115358003E-003
     0.386476196562E+003     0.427050870150E-003     0.243418995985E-003     0.123844752343E-005     0.288353805527E-003
     0.387476196562E+003     0.427606171952E-003     0.243735518013E-003     0.124005789866E-005     0.289593863425E-003
     0.388476196562E+003     0.428159687431E-003     0.244051021835E-003     0.124166309355E-005     0.290835526519E-003
     0.389476196562E+003     0.428711422332E-003     0.244365510729E-003     0.124326312476E-005     0.292078789644E-003
     0.390476196562E+003     0.429261382384E-003     0.244678987959E-003     0.124485800891E-005     0.293323647653E-003
     0.391476196562E+003     0.429809573295E-003     0.244991456778E-003     0.124644776256E-005     0.294570095415E-003
     0.392476196562E+003     0.430356000758E-003     0.245302920432E-003     0.124803240220E-005     0.295818127817E-003
     0.393476196562E+003     0.430900670444E-003     0.245613382153E-003     0.124961194429E-005     0.297067739762E-003
     0.394476196562E+003     0.431443588009E-003     0.245922845165E-003     0.125118640523E-005     0.298318926167E-003
     0.395476196562E+003     0.431984759088E-003     0.246231312680E-003     0.125275580136E-005     0.299571681968E-003
     0.396476196562E+003     0.432524189300E-003     0.246538787901E-003     0.125432014897E-005     0.300826002117E-003
     0.397476196562E+003     0.433061884245E-003     0.246845274020E-003     0.125587946431E-005     0.302081881582E-003
     0.398476196562E+003     0.433597849505E-003     0.247150774218E-003     0.125743376356E-005     0.303339315345E-003
     0.399476196562E+003     0.434132090643E-003     0.247455291667E-003     0.125898306287E-005     0.304598298408E-003
     0.400476196562E+003     0.434664613207E-003     0.247758829528E-003     0.126052737830E-005     0.305858825786E-003
     0.401476196562E+003     0.435195422725E-003     0.248061390953E-003     0.126206672590E-005     0.307120892512E-003
     0.402476196562E+003     0.435724524707E-003     0.248362979083E-003     0.126360112165E-005     0.308384493634E-003
     0.403476196562E+003     0.436251924647E-003     0.248663597049E-003     0.126513058148E-005     0.309649624215E-003
     0.404476196562E+003     0.436777628019E-003     0.248963247971E-003     0.126665512125E-005     0.310916279337E-003
     0.405476196562E+003     0.437301640281E-003     0.249261934960E-003     0.126817475681E-005     0.312184454093E-003
     0.406476196562E+003     0.437823966873E-003     0.249559661117E-003     0.126968950393E-005     0.313454143597E-003
     0.407476196562E+003     0.438344613217E-003     0.249856429534E-003     0.127119937833E-005     0.314725342976E-003
     0.408476196562E+003     0.438863584720E-003     0.250152243290E-003     0.127270439569E-005     0.315998047371E-003
     0.409476196562E+003     0.439380886768E-003     0.250447105457E-003     0.127420457163E-005     0.317272251943E-003
     0.410476196562E+003     0.439896524731E-003     0.250741019097E-003     0.127569992172E-005     0.318547951865E-003
     0.411476196562E+003     0.440410503964E-003     0.251033987260E-003     0.127719046150E-005     0.319825142326E-003
     0.412476196562E+003     0.440922829802E-003     0.251326012987E-003     0.127867620642E-005     0.321103818533E-003
     0.413476196562E+003     0.441433507563E-003     0.251617099311E-003     0.128015717193E-005     0.322383975704E-003
     0.414476196562E+003     0.441942542549E-003     0.251907249253E-003     0.128163337339E-005     0.323665609078E-003
     0.415476196562E+003     0.442449940046E-003     0.252196465826E-003     0.128310482613E-005     0.324948713904E-003
     0.416476196562E+003     0.442955705319E-003     0.252484752032E-003     0.128457154543E-005     0.326233285449E-003
     0.417476196562E+003     0.443459843621E-003     0.252772110864E-003     0.128603354650E-005     0.327519318996E-003
     0.418476196562E+003     0.443962360184E-003     0.253058545305E-003     0.128749084453E-005     0.328806809840E-003
     0.419476196562E+003     0.444463260226E-003     0.253344058329E-003     0.128894345466E-005     0.330095753295E-003
     0.420476196562E+003     0.444962548946E-003     0.253628652900E-003     0.129039139194E-005     0.331386144687E-003
     0.421476196562E+003     0.445460231529E-003     0.253912331972E-003     0.129183467143E-005     0.332677979359E-003
     0.422476196562E+003     0.445956313141E-003     0.254195098490E-003     0.129327330811E-005     0.333971252667E-003
     0.423476196562E+003     0.446450798931E-003     0.254476955391E-003     0.129470731690E-005     0.335265959984E-003
     0.424476196562E+003     0.446943694034E-003     0.254757905599E-003     0.129613671270E-005     0.336562096696E-003
     0.425476196562E+003     0.447435003566E-003     0.255037952032E-003     0.129756151034E-005     0.337859658207E-003
     0.426476196562E+003     0.447924732628E-003     0.255317097598E-003     0.129898172462E-005     0.339158639931E-003
     0.427476196562E+003     0.448412886304E-003     0.255595345193E-003     0.130039737028E-005     0.340459037301E-003
     0.428476196562E+003     0.448899469662E-003     0.255872697707E-003     0.130180846202E-005     0.341760845763E-003
     0.429476196562E+003     0.449384487753E-003     0.256149158019E-003     0.130321501448E-005     0.343064060778E-003
     0.430476196562E+003     0.449867945613E-003     0.256424728999E-003     0.130461704228E-005     0.344368677820E-003
     0.431476196562E+003     0.450349848261E-003     0.256699413509E-003     0.130601455996E-005     0.345674692380E-003
     0.432476196562E+003     0.450830200699E-003     0.256973214398E-003     0.130740758203E-005     0.346982099962E-003
     0.433476196562E+003     0.451309007914E-003     0.257246134511E-003     0.130879612295E-005     0.348290896085E-003
     0.434476196562E+003     0.451786274877E-003     0.257518176680E-003     0.131018019714E-005     0.349601076282E-003
     0.435476196562E+003     0.452262006544E-003     0.257789343730E-003     0.131155981898E-005     0.350912636101E-003
     0.436476196562E+003     0.452736207852E-003     0.258059638475E-003     0.131293500277E-005     0.352225571104E-003
     0.437476196562E+003     0.453208883724E-003     0.258329063723E-003     0.131430576280E-005     0.353539876867E-003
     0.438476196562E+003     0.453680039068E-003     0.258597622269E-003     0.131567211330E-005     0.354855548980E-003
     0.439476196562E+003     0.454149678775E-003     0.258865316902E-003     0.131703406845E-005     0.356172583049E-003
     0.440476196562E+003     0.454617807721E-003     0.259132150401E-003     0.131839164239E-005     0.357490974691E-003
     0.441476196562E+003     0.455084430765E-003     0.259398125536E-003     0.131974484922E-005     0.358810719540E-003
     0.442476196562E+003     0.455549552752E-003     0.259663245069E-003     0.132109370298E-005     0.360131813243E-003
     0.443476196562E+003     0.456013178510E-003     0.259927511751E-003     0.132243821768E-005     0.361454251461E-003
     0.444476196562E+003     0.456475312853E-003     0.260190928326E-003     0.132377840727E-005     0.362778029868E-003
     0.445476196562E+003     0.456935960578E-003     0.260453497529E-003     0.132511428568E-005     0.364103144154E-003
     0.446476196562E+003     0.457395126467E-003     0.260715222086E-003     0.132644586676E-005     0.365429590021E-003
     0.447476196562E+003     0.457852815288E-003     0.260976104714E-003     0.132777316434E-005     0.366757363185E-003
     0.448476196562E+003     0.458309031792E-003     0.261236148121E-003     0.132909619220E-005     0.368086459377E-003
     0.449476196562E+003     0.458763780714E-003     0.261495355007E-003     0.133041496407E-005     0.369416874341E-003
     0.450476196562E+003     0.459217066777E-003     0.261753728063E-003     0.133172949365E-005     0.370748603835E-003
     0.451476196562E+003     0.459668894685E-003     0.262011269971E-003     0.133303979459E-005     0.372081643629E-003
     0.452476196562E+003     0.460119269130E-003     0.262267983404E-003     0.133434588048E-005     0.373415989510E-003
     0.453476196562E+003     0.460568194787E-003     0.262523871029E-003     0.133564776488E-005     0.374751637275E-003
     0.454476196562E+003     0.461015676317E-003     0.262778935501E-003     0.133694546132E-005     0.376088582736E-003
     0.455476196562E+003     0.461461718365E-003     0.263033179468E-003     0.133823898326E-005     0.377426821719E-003
     0.456476196562E+003     0.461906325561E-003     0.263286605570E-003     0.133952834413E-005     0.378766350063E-003
     0.457476196562E+003     0.462349502522E-003     0.263539216438E-003     0.134081355731E-005     0.380107163621E-003
     0.458476196562E+003     0.462791253848E-003     0.263791014693E-003     0.134209463616E-005     0.381449258257E-003
     0.459476196562E+003     0.463231584126E-003     0.264042002952E-003     0.134337159396E-005     0.382792629851E-003
     0.460476196562E+003     0.463670497926E-003     0.264292183818E-003     0.134464444399E-005     0.384137274295E-003
     0.461476196562E+003     0.464107999806E-003     0.264541559889E-003     0.134591319944E-005     0.385483187494E-003
     0.462476196562E+003     0.464544094306E-003     0.264790133755E-003     0.134717787349E-005     0.386830365368E-003
     0.463476196562E+003     0.464978785956E-003     0.265037907995E-003     0.134843847927E-005     0.388178803847E-003
     0.464476196562E+003     0.465412079266E-003     0.265284885182E-003     0.134969502987E-005     0.389528498877E-003
     0.465476196562E+003     0.465843978736E-003     0.265531067880E-003     0.135094753834E-005     0.390879446415E-003
     0.466476196562E+003     0.466274488850E-003     0.265776458644E-003     0.135219601766E-005     0.392231642433E-003
     0.467476196562E+003     0.466703614076E-003     0.266021060023E-003     0.135344048082E-005     0.393585082914E-003
     0.468476196562E+003     0.467131358870E-003     0.266264874556E-003     0.135468094072E-005     0.394939763855E-003
     0.469476196562E+003     0.467557727672E-003     0.266507904773E-003     0.135591741025E-005     0.396295681265E-003
     0.470476196562E+003     0.467982724908E-003     0.266750153198E-003     0.135714990223E-005     0.397652831167E-003
     0.471476196562E+003     0.468406354992E-003     0.266991622345E-003     0.135837842948E-005     0.399011209596E-003
     0.472476196562E+003     0.468828622320E-003     0.267232314722E-003     0.135960300473E-005     0.400370812601E-003
     0.473476196562E+003     0.469249531277E-003     0.267472232828E-003     0.136082364070E-005     0.401731636242E-003
     0.474476196562E+003     0.469669086232E-003     0.267711379152E-003     0.136204035007E-005     0.403093676592E-003
     0.475476196562E+003     0.470087291541E-003     0.267949756178E-003     0.136325314547E-005     0.404456929737E-003
     0.476476196562E+003     0.470504151545E-003     0.268187366380E-003     0.136446203948E-005     0.405821391777E-003
     0.477476196562E+003     0.470919670572E-003     0.268424212226E-003     0.136566704466E-005     0.407187058822E-003
     0.478476196562E+003     0.471333852936E-003     0.268660296173E-003     0.136686817351E-005     0.408553926995E-003
     0.479476196562E+003     0.471746702937E-003     0.268895620674E-003     0.136806543852E-005     0.409921992434E-003
     0.480476196562E+003     0.472158224860E-003     0.269130188170E-003     0.136925885209E-005     0.411291251286E-003
     0.481476196562E+003     0.472568422978E-003     0.269364001097E-003     0.137044842664E-005     0.412661699712E-003
     0.482476196562E+003     0.472977301550E-003     0.269597061883E-003     0.137163417449E-005     0.414033333887E-003
     0.483476196562E+003     0.473384864819E-003     0.269829372947E-003     0.137281610798E-005     0.415406149995E-003
     0.484476196562E+003     0.473791117018E-003     0.270060936700E-003     0.137399423935E-005     0.416780144234E-003
     0.485476196562E+003     0.474196062364E-003     0.270291755547E-003     0.137516858086E-005     0.418155312815E-003
     0.486476196562E+003     0.474599705060E-003     0.270521831884E-003     0.137633914468E-005     0.419531651960E-003
     0.487476196562E+003     0.475002049298E-003     0.270751168100E-003     0.137750594296E-005     0.420909157903E-003
     0.488476196562E+003     0.475403099254E-003     0.270979766575E-003     0.137866898784E-005     0.422287826890E-003
     0.489476196562E+003     0.475802859091E-003     0.271207629682E-003     0.137982829137E-005     0.423667655182E-003
     0.490476196562E+003     0.476201332961E-003     0.271434759788E-003     0.138098386559E-005     0.425048639047E-003
     0.491476196562E+003     0.476598524998E-003     0.271661159249E-003     0.138213572250E-005     0.426430774770E-003
     0.492476196562E+003     0.476994439328E-003     0.271886830417E-003     0.138328387405E-005     0.427814058644E-003
     0.493476196562E+003     0.477389080060E-003     0.272111775634E-003     0.138442833217E-005     0.429198486976E-003
     0.494476196562E+003     0.477782451291E-003     0.272335997236E-003     0.138556910874E-005     0.430584056085E-003
     0.495476196562E+003     0.478174557105E-003     0.272559497550E-003     0.138670621561E-005     0.431970762301E-003
     0.496476196562E+003     0.478565401573E-003     0.272782278897E-003     0.138783966456E-005     0.433358601965E-003
     0.497476196562E+003     0.478954988752E-003     0.273004343589E-003     0.138896946738E-005     0.434747571432E-003
     0.498476196562E+003     0.479343322687E-003     0.273225693931E-003     0.139009563579E-005     0.436137667068E-003
     0.499476196562E+003     0.479730407409E-003     0.273446332223E-003     0.139121818148E-005     0.437528885250E-003
     0.500476196562E+003     0.480116246936E-003     0.273666260754E-003     0.139233711611E-005     0.438921222366E-003
     0.501476196562E+003     0.480500845275E-003     0.273885481807E-003     0.139345245130E-005     0.440314674817E-003
     0.502476196562E+003     0.480884206418E-003     0.274103997658E-003     0.139456419861E-005     0.441709239016E-003
     0.503476196562E+003     0.481266334345E-003     0.274321810577E-003     0.139567236960E-005     0.443104911385E-003
     0.504476196562E+003     0.481647233023E-003     0.274538922823E-003     0.139677697577E-005     0.444501688361E-003
     0.505476196562E+003     0.482026906406E-003     0.274755336652E-003     0.139787802858E-005     0.445899566390E-003
     0.506476196562E+003     0.482405358436E-003     0.274971054309E-003     0.139897553947E-005     0.447298541929E-003
     0.507476196562E+003     0.482782593042E-003     0.275186078034E-003     0.140006951982E-005     0.448698611449E-003
     0.508476196562E+003     0.483158614141E-003     0.275400410060E-003     0.140115998101E-005     0.450099771430E-003
     0.509476196562E+003     0.483533425634E-003     0.275614052612E-003     0.140224693434E-005     0.451502018364E-003
     0.510476196562E+003     0.483907031415E-003     0.275827007907E-003     0.140333039110E-005     0.452905348755E-003
     0.511476196562E+003     0.484279435361E-003     0.276039278156E-003     0.140441036255E-005     0.454309759118E-003
     0.512476196562E+003     0.484650641339E-003     0.276250865563E-003     0.140548685988E-005     0.455715245978E-003
     0.513476196562E+003     0.485020653203E-003     0.276461772325E-003     0.140655989429E-005     0.457121805872E-003
     0.514476196562E+003     0.485389474792E-003     0.276672000632E-003     0.140762947690E-005     0.458529435349E-003
     0.515476196562E+003     0.485757109938E-003     0.276881552665E-003     0.140869561882E-005     0.459938130968E-003
     0.516476196562E+003     0.486123562455E-003     0.277090430599E-003     0.140975833112E-005     0.461347889299E-003
     0.517476196562E+003     0.486488836149E-003     0.277298636605E-003     0.141081762483E-005     0.462758706924E-003
     0.518476196562E+003     0.486852934812E-003     0.277506172843E-003     0.141187351095E-005     0.464170580435E-003
     0.519476196562E+003     0.487215862223E-003     0.277713041467E-003     0.141292600045E-005     0.465583506435E-003
     0.520476196562E+003     0.487577622150E-003     0.277919244626E-003     0.141397510424E-005     0.466997481539E-003
     0.521476196562E+003     0.487938218349E-003     0.278124784459E-003     0.141502083321E-005     0.468412502373E-003
     0.522476196562E+003     0.488297654564E-003     0.278329663101E-003     0.141606319823E-005     0.469828565571E-003
     0.523476196562E+003     0.488655934525E-003     0.278533882679E-003     0.141710221012E-005     0.471245667781E-003
     0.524476196562E+003     0.489013061953E-003     0.278737445313E-003     0.141813787966E-005     0.472663805661E-003
     0.525476196562E+003     0.489369040555E-003     0.278940353116E-003     0.141917021761E-005     0.474082975878E-003
     0.526476196562E+003     0.489723874026E-003     0.279142608195E-003     0.142019923468E-005     0.475503175113E-003
     0.527476196562E+003     0.490077566051E-003     0.279344212649E-003     0.142122494155E-005     0.476924400055E-003
     0.528476196562E+003     0.490430120300E-003     0.279545168571E-003     0.142224734887E-005     0.478346647403E-003
     0.529476196562E+003     0.490781540435E-003     0.279745478048E-003     0.142326646726E-005     0.479769913871E-003
     0.530476196562E+003     0.491131830103E-003     0.279945143159E-003     0.142428230730E-005     0.481194196178E-003
     0.531476196562E+003     0.491480992941E-003     0.280144165977E-003     0.142529487953E-005     0.482619491058E-003
     0.532476196562E+003     0.491829032574E-003     0.280342548567E-003     0.142630419447E-005     0.484045795252E-003
     0.533476196562E+003     0.492175952615E-003     0.280540292991E-003     0.142731026258E-005     0.485473105515E-003
     0.534476196562E+003     0.492521756666E-003     0.280737401300E-003     0.142831309433E-005     0.486901418609E-003
     0.535476196562E+003     0.492866448316E-003     0.280933875540E-003     0.142931270012E-005     0.488330731309E-003
     0.536476196562E+003     0.493210031144E-003     0.281129717752E-003     0.143030909032E-005     0.489761040399E-003
     0.537476196562E+003     0.493552508717E-003     0.281324929969E-003     0.143130227528E-005     0.491192342675E-003
     0.538476196562E+003     0.493893884590E-003     0.281519514217E-003     0.143229226531E-005     0.492624634940E-003
     0.539476196562E+003     0.494234162308E-003     0.281713472516E-003     0.143327907069E-005     0.494057914011E-003
     0.540476196562E+003     0.494573345403E-003     0.281906806880E-003     0.143426270167E-005     0.495492176712E-003
     0.541476196562E+003     0.494911437395E-003     0.282099519315E-003     0.143524316845E-005     0.496927419881E-003
     0.542476196562E+003     0.495248441796E-003     0.282291611824E-003     0.143622048121E-005     0.498363640362E-003
     0.543476196562E+003     0.495584362104E-003     0.282483086399E-003     0.143719465010E-005     0.499800835012E-003
     0.544476196562E+003     0.495919201806E-003     0.282673945029E-003     0.143816568524E-005     0.501239000697E-003
     0.545476196562E+003     0.496252964378E-003     0.282864189695E-003     0.143913359669E-005     0.502678134294E-003
     0.546476196562E+003     0.496585653285E-003     0.283053822372E-003     0.144009839453E-005     0.504118232688E-003
     0.547476196562E+003     0.496917271981E-003     0.283242845029E-003     0.144106008874E-005     0.505559292777E-003
     0.548476196562E+003     0.497247823909E-003     0.283431259628E-003     0.144201868934E-005     0.507001311467E-003
     0.549476196562E+003     0.497577312500E-003     0.283619068125E-003     0.144297420625E-005     0.508444285673E-003
     0.550476196562E+003     0.497905741175E-003     0.283806272470E-003     0.144392664941E-005     0.509888212322E-003
     0.551476196562E+003     0.498233113344E-003     0.283992874606E-003     0.144487602870E-005     0.511333088351E-003
     0.552476196562E+003     0.498559432405E-003     0.284178876471E-003     0.144582235397E-005     0.512778910705E-003
     0.553476196562E+003     0.498884701746E-003     0.284364279995E-003     0.144676563506E-005     0.514225676340E-003
     0.554476196562E+003     0.499208924743E-003     0.284549087104E-003     0.144770588176E-005     0.515673382222E-003
     0.555476196562E+003     0.499532104763E-003     0.284733299715E-003     0.144864310381E-005     0.517122025326E-003
     0.556476196562E+003     0.499854245161E-003     0.284916919742E-003     0.144957731097E-005     0.518571602636E-003
     0.557476196562E+003     0.500175349281E-003     0.285099949090E-003     0.145050851292E-005     0.520022111149E-003
     0.558476196562E+003     0.500495420457E-003     0.285282389660E-003     0.145143671932E-005     0.521473547869E-003
     0.559476196562E+003     0.500814462010E-003     0.285464243346E-003     0.145236193983E-005     0.522925909809E-003
     0.560476196562E+003     0.501132477255E-003     0.285645512035E-003     0.145328418404E-005     0.524379193993E-003
     0.561476196562E+003     0.501449469491E-003     0.285826197610E-003     0.145420346152E-005     0.525833397454E-003
     0.562476196562E+003     0.501765442010E-003     0.286006301946E-003     0.145511978183E-005     0.527288517236E-003
     0.563476196562E+003     0.502080398093E-003     0.286185826913E-003     0.145603315447E-005     0.528744550390E-003
     0.564476196562E+003     0.502394341008E-003     0.286364774375E-003     0.145694358892E-005     0.530201493979E-003
     0.565476196562E+003     0.502707274015E-003     0.286543146189E-003     0.145785109464E-005     0.531659345074E-003
     0.566476196562E+003     0.503019200364E-003     0.286720944207E-003     0.145875568105E-005     0.533118100755E-003
     0.567476196562E+003     0.503330123291E-003     0.286898170276E-003     0.145965735754E-005     0.534577758113E-003
     0.568476196562E+003     0.503640046025E-003     0.287074826234E-003     0.146055613347E-005     0.536038314246E-003
     0.569476196562E+003     0.503948971784E-003     0.287250913917E-003     0.146145201817E-005     0.537499766264E-003
     0.570476196562E+003     0.504256903774E-003     0.287426435151E-003     0.146234502095E-005     0.538962111285E-003
     0.571476196562E+003     0.504563845193E-003     0.287601391760E-003     0.146323515106E-005     0.540425346436E-003
     0.572476196562E+003     0.504869799227E-003     0.287775785559E-003     0.146412241776E-005     0.541889468854E-003
     0.573476196562E+003     0.505174769051E-003     0.287949618359E-003     0.146500683025E-005     0.543354475684E-003
     0.574476196562E+003     0.505478757833E-003     0.288122891965E-003     0.146588839772E-005     0.544820364082E-003
     0.575476196562E+003     0.505781768728E-003     0.288295608175E-003     0.146676712931E-005     0.546287131211E-003
     0.576476196562E+003     0.506083804882E-003     0.288467768783E-003     0.146764303416E-005     0.547754774245E-003
     0.577476196562E+003     0.506384869430E-003     0.288639375575E-003     0.146851612135E-005     0.549223290367E-003
     0.578476196562E+003     0.506684965498E-003     0.288810430334E-003     0.146938639995E-005     0.550692676767E-003
     0.579476196562E+003     0.506984096202E-003     0.288980934835E-003     0.147025387899E-005     0.552162930646E-003
     0.580476196562E+003     0.507282264646E-003     0.289150890848E-003     0.147111856747E-005     0.553634049213E-003
     0.581476196562E+003     0.507579473927E-003     0.289320300138E-003     0.147198047439E-005     0.555106029688E-003
     0.582476196562E+003     0.507875727129E-003     0.289489164463E-003     0.147283960867E-005     0.556578869296E-003
     0.583476196562E+003     0.508171027328E-003     0.289657485577E-003     0.147369597925E-005     0.558052565275E-003
     0.584476196562E+003     0.508465377591E-003     0.289825265227E-003     0.147454959501E-005     0.559527114871E-003
     0.585476196562E+003     0.508758780972E-003     0.289992505154E-003     0.147540046482E-005     0.561002515335E-003
     0.586476196562E+003     0.509051240518E-003     0.290159207095E-003     0.147624859750E-005     0.562478763933E-003
     0.587476196562E+003     0.509342759265E-003     0.290325372781E-003     0.147709400187E-005     0.563955857935E-003
     0.588476196562E+003     0.509633340239E-003     0.290491003936E-003     0.147793668669E-005     0.565433794621E-003
     0.589476196562E+003     0.509922986457E-003     0.290656102281E-003     0.147877666073E-005     0.566912571282E-003
     0.590476196562E+003     0.510211700927E-003     0.290820669528E-003     0.147961393269E-005     0.568392185215E-003
     0.591476196562E+003     0.510499486644E-003     0.290984707387E-003     0.148044851127E-005     0.569872633726E-003
     0.592476196562E+003     0.510786346598E-003     0.291148217561E-003     0.148128040513E-005     0.571353914131E-003
     0.593476196562E+003     0.511072283765E-003     0.291311201746E-003     0.148210962292E-005     0.572836023754E-003
     0.594476196562E+003     0.511357301115E-003     0.291473661636E-003     0.148293617323E-005     0.574318959927E-003
     0.595476196562E+003     0.511641401606E-003     0.291635598916E-003     0.148376006466E-005     0.575802719992E-003
     0.596476196562E+003     0.511924588188E-003     0.291797015267E-003     0.148458130575E-005     0.577287301298E-003
     0.597476196562E+003     0.512206863801E-003     0.291957912367E-003     0.148539990502E-005     0.578772701203E-003
     0.598476196562E+003     0.512488231375E-003     0.292118291884E-003     0.148621587099E-005     0.580258917074E-003
     0.599476196562E+003     0.512768693831E-003     0.292278155484E-003     0.148702921211E-005     0.581745946286E-003
     0.600476196562E+003     0.513048254081E-003     0.292437504826E-003     0.148783993683E-005     0.583233786223E-003
     0.601476196562E+003     0.513326915026E-003     0.292596341565E-003     0.148864805358E-005     0.584722434276E-003
     0.602476196562E+003     0.513604679561E-003     0.292754667350E-003     0.148945357073E-005     0.586211887847E-003
     0.603476196562E+003     0.513881550569E-003     0.292912483824E-003     0.149025649665E-005     0.587702144344E-003
     0.604476196562E+003     0.514157530923E-003     0.293069792626E-003     0.149105683968E-005     0.589193201183E-003
     0.605476196562E+003     0.514432623489E-003     0.293226595389E-003     0.149185460812E-005     0.590685055791E-003
     0.606476196562E+003     0.514706831124E-003     0.293382893741E-003     0.149264981026E-005     0.592177705602E-003
     0.607476196562E+003     0.514980156673E-003     0.293538689303E-003     0.149344245435E-005     0.593671148056E-003
     0.608476196562E+003     0.515252602974E-003     0.293693983695E-003     0.149423254862E-005     0.595165380605E-003
     0.609476196562E+003     0.515524172856E-003     0.293848778528E-003     0.149502010128E-005     0.596660400706E-003
     0.610476196562E+003     0.515794869137E-003     0.294003075408E-003     0.149580512050E-005     0.598156205826E-003
     0.611476196562E+003     0.516064694629E-003     0.294156875938E-003     0.149658761442E-005     0.599652793441E-003
     0.612476196562E+003     0.516333652132E-003     0.294310181715E-003     0.149736759118E-005     0.601150161032E-003
     0.613476196562E+003     0.516601744438E-003     0.294462994330E-003     0.149814505887E-005     0.602648306091E-003
     0.614476196562E+003     0.516868974332E-003     0.294615315369E-003     0.149892002556E-005     0.604147226117E-003
     0.615476196562E+003     0.517135344586E-003     0.294767146414E-003     0.149969249930E-005     0.605646918616E-003
     0.616476196562E+003     0.517400857966E-003     0.294918489041E-003     0.150046248810E-005     0.607147381104E-003
     0.617476196562E+003     0.517665517230E-003     0.295069344821E-003     0.150122999997E-005     0.608648611104E-003
     0.618476196562E+003     0.517929325123E-003     0.295219715320E-003     0.150199504286E-005     0.610150606147E-003
     0.619476196562E+003     0.518192284386E-003     0.295369602100E-003     0.150275762472E-005     0.611653363771E-003
     0.620476196562E+003     0.518454397748E-003     0.295519006716E-003     0.150351775347E-005     0.613156881525E-003
     0.621476196562E+003     0.518715667929E-003     0.295667930720E-003     0.150427543699E-005     0.614661156962E-003
     0.622476196562E+003     0.518976097644E-003     0.295816375657E-003     0.150503068317E-005     0.616166187645E-003
     0.623476196562E+003     0.519235689594E-003     0.295964343069E-003     0.150578349982E-005     0.617671971145E-003
     0.624476196562E+003     0.519494446476E-003     0.296111834491E-003     0.150653389478E-005     0.619178505040E-003
     0.625476196562E+003     0.519752370974E-003     0.296258851455E-003     0.150728187583E-005     0.620685786916E-003
     0.626476196562E+003     0.520009465768E-003     0.296405395488E-003     0.150802745073E-005     0.622193814366E-003
     0.627476196562E+003     0.520265733527E-003     0.296551468110E-003     0.150877062723E-005     0.623702584993E-003
     0.628476196562E+003     0.520521176909E-003     0.296697070838E-003     0.150951141304E-005     0.625212096406E-003
     0.629476196562E+003     0.520775798568E-003     0.296842205184E-003     0.151024981585E-005     0.626722346222E-003
     0.630476196562E+003     0.521029601147E-003     0.296986872654E-003     0.151098584333E-005     0.628233332066E-003
     0.631476196562E+003     0.521282587281E-003     0.297131074750E-003     0.151171950311E-005     0.629745051569E-003
     0.632476196562E+003     0.521534759595E-003     0.297274812969E-003     0.151245080283E-005     0.631257502372E-003
     0.633476196562E+003     0.521786120709E-003     0.297418088804E-003     0.151317975005E-005     0.632770682122E-003
     0.634476196562E+003     0.522036673231E-003     0.297560903742E-003     0.151390635237E-005     0.634284588474E-003
     0.635476196562E+003     0.522286419763E-003     0.297703259265E-003     0.151463061731E-005     0.635799219091E-003
     0.636476196562E+003     0.522535362897E-003     0.297845156851E-003     0.151535255240E-005     0.637314571644E-003
     0.637476196562E+003     0.522783505217E-003     0.297986597974E-003     0.151607216513E-005     0.638830643809E-003
     0.638476196562E+003     0.523030849301E-003     0.298127584102E-003     0.151678946297E-005     0.640347433272E-003
     0.639476196562E+003     0.523277397715E-003     0.298268116698E-003     0.151750445337E-005     0.641864937725E-003
     0.640476196562E+003     0.523523153020E-003     0.298408197221E-003     0.151821714376E-005     0.643383154869E-003
     0.641476196562E+003     0.523768117766E-003     0.298547827127E-003     0.151892754152E-005     0.644902082410E-003
     0.642476196562E+003     0.524012294497E-003     0.298687007863E-003     0.151963565404E-005     0.646421718065E-003
     0.643476196562E+003     0.524255685748E-003     0.298825740876E-003     0.152034148867E-005     0.647942059553E-003
     0.644476196562E+003     0.524498294044E-003     0.298964027605E-003     0.152104505273E-005     0.649463104606E-003
     0.645476196562E+003     0.524740121906E-003     0.299101869487E-003     0.152174635353E-005     0.650984850959E-003
     0.646476196562E+003     0.524981171844E-003     0.299239267951E-003     0.152244539835E-005     0.652507296358E-003
     0.647476196562E+003     0.525221446359E-003     0.299376224425E-003     0.152314219444E-005     0.654030438552E-003
     0.648476196562E+003     0.525460947947E-003     0.299512740330E-003     0.152383674905E-005     0.655554275301E-003
     0.649476196562E+003     0.525699679094E-003     0.299648817083E-003     0.152452906937E-005     0.657078804371E-003
     0.650476196562E+003     0.525937642278E-003     0.299784456098E-003     0.152521916260E-005     0.658604023533E-003
     0.651476196562E+003     0.526174839969E-003     0.299919658782E-003     0.152590703591E-005     0.660129930569E-003
     0.652476196562E+003     0.526411274631E-003     0.300054426540E-003     0.152659269643E-005     0.661656523266E-003
     0.653476196562E+003     0.526646948717E-003     0.300188760769E-003     0.152727615128E-005     0.663183799417E-003
     0.654476196562E+003     0.526881864675E-003     0.300322662865E-003     0.152795740756E-005     0.664711756824E-003
     0.655476196562E+003     0.527116024943E-003     0.300456134217E-003     0.152863647233E-005     0.666240393297E-003
     0.656476196562E+003     0.527349431952E-003     0.300589176213E-003     0.152931335266E-005     0.667769706649E-003
     0.657476196562E+003     0.527582088125E-003     0.300721790231E-003     0.152998805556E-005     0.669299694705E-003
     0.658476196562E+003     0.527813995878E-003     0.300853977650E-003     0.153066058804E-005     0.670830355293E-003
     0.659476196562E+003     0.528045157617E-003     0.300985739842E-003     0.153133095709E-005     0.672361686250E-003
     0.660476196562E+003     0.528275575744E-003     0.301117078174E-003     0.153199916966E-005     0.673893685420E-003
     0.661476196562E+003     0.528505252650E-003     0.301247994010E-003     0.153266523268E-005     0.675426350652E-003
     0.662476196562E+003     0.528734190719E-003     0.301378488710E-003     0.153332915308E-005     0.676959679806E-003
     0.663476196562E+003     0.528962392328E-003     0.301508563627E-003     0.153399093775E-005     0.678493670743E-003
     0.664476196562E+003     0.529189859846E-003     0.301638220112E-003     0.153465059355E-005     0.680028321337E-003
     0.665476196562E+003     0.529416595635E-003     0.301767459512E-003     0.153530812734E-005     0.681563629464E-003
     0.666476196562E+003     0.529642602049E-003     0.301896283168E-003     0.153596354594E-005     0.683099593010E-003
     0.667476196562E+003     0.529867881433E-003     0.302024692417E-003     0.153661685615E-005     0.684636209866E-003
     0.668476196562E+003     0.530092436127E-003     0.302152688592E-003     0.153726806477E-005     0.686173477931E-003
     0.669476196562E+003     0.530316268461E-003     0.302280273023E-003     0.153791717854E-005     0.687711395110E-003
     0.670476196562E+003     0.530539380761E-003     0.302407447034E-003     0.153856420420E-005     0.689249959314E-003
     0.671476196562E+003     0.530761775340E-003     0.302534211944E-003     0.153920914849E-005     0.690789168462E-003
     0.672476196562E+003     0.530983454510E-003     0.302660569071E-003     0.153985201808E-005     0.692329020480E-003
     0.673476196562E+003     0.531204420570E-003     0.302786519725E-003     0.154049281965E-005     0.693869513300E-003
     0.674476196562E+003     0.531424675816E-003     0.302912065215E-003     0.154113155986E-005     0.695410644860E-003
     0.675476196562E+003     0.531644222532E-003     0.303037206843E-003     0.154176824534E-005     0.696952413105E-003
     0.676476196562E+003     0.531863063000E-003     0.303161945910E-003     0.154240288270E-005     0.698494815988E-003
     0.677476196562E+003     0.532081199490E-003     0.303286283709E-003     0.154303547852E-005     0.700037851466E-003
     0.678476196562E+003     0.532298634267E-003     0.303410221532E-003     0.154366603937E-005     0.701581517506E-003
     0.679476196562E+003     0.532515369589E-003     0.303533760666E-003     0.154429457181E-005     0.703125812078E-003
     0.680476196562E+003     0.532731407705E-003     0.303656902392E-003     0.154492108234E-005     0.704670733160E-003
     0.681476196562E+003     0.532946750859E-003     0.303779647989E-003     0.154554557749E-005     0.706216278737E-003
     0.682476196562E+003     0.533161401285E-003     0.303901998733E-003     0.154616806373E-005     0.707762446801E-003
     0.683476196562E+003     0.533375361213E-003     0.304023955891E-003     0.154678854752E-005     0.709309235349E-003
     0.684476196562E+003     0.533588632864E-003     0.304145520732E-003     0.154740703530E-005     0.710856642384E-003
     0.685476196562E+003     0.533801218451E-003     0.304266694517E-003     0.154802353351E-005     0.712404665917E-003
     0.686476196562E+003     0.534013120182E-003     0.304387478503E-003     0.154863804852E-005     0.713953303966E-003
     0.687476196562E+003     0.534224340256E-003     0.304507873946E-003     0.154925058674E-005     0.715502554553E-003
     0.688476196562E+003     0.534434880866E-003     0.304627882094E-003     0.154986115451E-005     0.717052415707E-003
     0.689476196562E+003     0.534644744199E-003     0.304747504193E-003     0.155046975817E-005     0.718602885465E-003
     0.690476196562E+003     0.534853932432E-003     0.304866741486E-003     0.155107640405E-005     0.720153961869E-003
     0.691476196562E+003     0.535062447738E-003     0.304985595211E-003     0.155168109844E-005     0.721705642968E-003
     0.692476196562E+003     0.535270292281E-003     0.305104066600E-003     0.155228384761E-005     0.723257926816E-003
     0.693476196562E+003     0.535477468218E-003     0.305222156884E-003     0.155288465783E-005     0.724810811473E-003
     0.694476196562E+003     0.535683977702E-003     0.305339867290E-003     0.155348353533E-005     0.726364295009E-003
     0.695476196562E+003     0.535889822875E-003     0.305457199039E-003     0.155408048633E-005     0.727918375495E-003
     0.696476196562E+003     0.536095005874E-003     0.305574153348E-003     0.155467551703E-005     0.729473051012E-003
     0.697476196562E+003     0.536299528830E-003     0.305690731433E-003     0.155526863361E-005     0.731028319646E-003
     0.698476196562E+003     0.536503393866E-003     0.305806934504E-003     0.155585984221E-005     0.732584179488E-003
     0.699476196562E+003     0.536706603099E-003     0.305922763766E-003     0.155644914898E-005     0.734140628637E-003
     0.700476196562E+003     0.536909158637E-003     0.306038220423E-003     0.155703656004E-005     0.735697665197E-003
     0.701476196562E+003     0.537111062584E-003     0.306153305673E-003     0.155762208149E-005     0.737255287278E-003
     0.702476196562E+003     0.537312317036E-003     0.306268020711E-003     0.155820571940E-005     0.738813492998E-003
     0.703476196562E+003     0.537512924082E-003     0.306382366727E-003     0.155878747984E-005     0.740372280478E-003
     0.704476196562E+003     0.537712885805E-003     0.306496344909E-003     0.155936736883E-005     0.741931647846E-003
     0.705476196562E+003     0.537912204281E-003     0.306609956440E-003     0.155994539241E-005     0.743491593239E-003
     0.706476196562E+003     0.538110881579E-003     0.306723202500E-003     0.156052155658E-005     0.745052114795E-003
     0.707476196562E+003     0.538308919761E-003     0.306836084264E-003     0.156109586730E-005     0.746613210663E-003
     0.708476196562E+003     0.538506320884E-003     0.306948602904E-003     0.156166833056E-005     0.748174878993E-003
     0.709476196562E+003     0.538703086996E-003     0.307060759588E-003     0.156223895229E-005     0.749737117946E-003
     0.710476196562E+003     0.538899220142E-003     0.307172555481E-003     0.156280773841E-005     0.751299925684E-003
     0.711476196562E+003     0.539094722355E-003     0.307283991743E-003     0.156337469483E-005     0.752863300379E-003
     0.712476196562E+003     0.539289595667E-003     0.307395069530E-003     0.156393982743E-005     0.754427240206E-003
     0.713476196562E+003     0.539483842101E-003     0.307505789998E-003     0.156450314209E-005     0.755991743348E-003
     0.714476196562E+003     0.539677463672E-003     0.307616154293E-003     0.156506464465E-005     0.757556807993E-003
     0.715476196562E+003     0.539870462392E-003     0.307726163563E-003     0.156562434093E-005     0.759122432334E-003
     0.716476196562E+003     0.540062840263E-003     0.307835818950E-003     0.156618223676E-005     0.760688614571E-003
     0.717476196562E+003     0.540254599283E-003     0.307945121591E-003     0.156673833792E-005     0.762255352909E-003
     0.718476196562E+003     0.540445741443E-003     0.308054072622E-003     0.156729265018E-005     0.763822645559E-003
     0.719476196562E+003     0.540636268726E-003     0.308162673174E-003     0.156784517930E-005     0.765390490738E-003
     0.720476196562E+003     0.540826183112E-003     0.308270924374E-003     0.156839593102E-005     0.766958886669E-003
     0.721476196562E+003     0.541015486571E-003     0.308378827345E-003     0.156894491105E-005     0.768527831580E-003
     0.722476196562E+003     0.541204181069E-003     0.308486383209E-003     0.156949212510E-005     0.770097323705E-003
     0.723476196562E+003     0.541392268564E-003     0.308593593082E-003     0.157003757883E-005     0.771667361284E-003
     0.724476196562E+003     0.541579751010E-003     0.308700458076E-003     0.157058127793E-005     0.773237942562E-003
     0.725476196562E+003     0.541766630353E-003     0.308806979301E-003     0.157112322802E-005     0.774809065790E-003
     0.726476196562E+003     0.541952908532E-003     0.308913157863E-003     0.157166343474E-005     0.776380729225E-003
     0.727476196562E+003     0.542138587483E-003     0.309018994865E-003     0.157220190370E-005     0.777952931129E-003
     0.728476196562E+003     0.542323669131E-003     0.309124491405E-003     0.157273864048E-005     0.779525669769E-003
     0.729476196562E+003     0.542508155399E-003     0.309229648577E-003     0.157327365065E-005     0.781098943420E-003
     0.730476196562E+003     0.542692048202E-003     0.309334467475E-003     0.157380693978E-005     0.782672750359E-003
     0.731476196562E+003     0.542875349449E-003     0.309438949186E-003     0.157433851340E-005     0.784247088873E-003
     0.732476196562E+003     0.543058061044E-003     0.309543094795E-003     0.157486837702E-005     0.785821957250E-003
     0.733476196562E+003     0.543240184882E-003     0.309646905383E-003     0.157539653615E-005     0.787397353786E-003
     0.734476196562E+003     0.543421722854E-003     0.309750382027E-003     0.157592299627E-005     0.788973276782E-003
     0.735476196562E+003     0.543602676846E-003     0.309853525802E-003     0.157644776285E-005     0.790549724545E-003
     0.736476196562E+003     0.543783048736E-003     0.309956337779E-003     0.157697084133E-005     0.792126695386E-003
     0.737476196562E+003     0.543962840396E-003     0.310058819025E-003     0.157749223714E-005     0.793704187624E-003
     0.738476196562E+003     0.544142053692E-003     0.310160970605E-003     0.157801195570E-005     0.795282199579E-003
     0.739476196562E+003     0.544320690486E-003     0.310262793577E-003     0.157853000241E-005     0.796860729582E-003
     0.740476196562E+003     0.544498752632E-003     0.310364289000E-003     0.157904638263E-005     0.798439775964E-003
     0.741476196562E+003     0.544676241979E-003     0.310465457928E-003     0.157956110173E-005     0.800019337066E-003
     0.742476196562E+003     0.544853160368E-003     0.310566301410E-003     0.158007416506E-005     0.801599411231E-003
     0.743476196562E+003     0.545029509637E-003     0.310666820493E-003     0.158058557794E-005     0.803179996809E-003
     0.744476196562E+003     0.545205291617E-003     0.310767016222E-003     0.158109534568E-005     0.804761092155E-003
     0.745476196562E+003     0.545380508132E-003     0.310866889635E-003     0.158160347358E-005     0.806342695628E-003
     0.746476196562E+003     0.545555161001E-003     0.310966441771E-003     0.158210996690E-005     0.807924805595E-003
     0.747476196562E+003     0.545729252038E-003     0.311065673662E-003     0.158261483091E-005     0.809507420426E-003
     0.748476196562E+003     0.545902783050E-003     0.311164586339E-003     0.158311807084E-005     0.811090538497E-003
     0.749476196562E+003     0.546075755838E-003     0.311263180828E-003     0.158361969193E-005     0.812674158189E-003
     0.750476196562E+003     0.546248172199E-003     0.311361458153E-003     0.158411969937E-005     0.814258277888E-003
     0.751476196562E+003     0.546420033921E-003     0.311459419335E-003     0.158461809837E-005     0.815842895987E-003
     0.752476196562E+003     0.546591342790E-003     0.311557065390E-003     0.158511489409E-005     0.817428010881E-003
     0.753476196562E+003     0.546762100584E-003     0.311654397333E-003     0.158561009169E-005     0.819013620972E-003
