 #              _____________________  _______________________             #
 #              ___  __ \__  __ \_  / / /_  /___  ____/_  ___/             #
 #              __  / / /_  /_/ /  / / /_  __/_  __/  _____ \              #
 #              _  /_/ /_  _, _// /_/ / / /_ _  /___  ____/ /              #
 #              /_____/ /_/ |_| \____/  \__/ /_____/  /____/               #
 #                                                                         #
  
 #        time                      c  [M/L^3]                   concetration [M/L^3]       concentration flux [M.L^{-2}.T^{-1}]   in    x              directions   cumulative flux
 #-----------------------------------------------------------------------------------------------

     0.000000000000E+000     0.000000000000E+000     0.000000000000E+000     0.000000000000E+000     0.000000000000E+000
     0.100000000000E+000     0.599401481019E-003     0.341658844181E-003     0.173826429495E-005     0.173826429495E-006
     0.206000000000E+000     0.599673492367E-003     0.341813890649E-003     0.173905312787E-005     0.358166061049E-006
     0.318360000000E+000     0.599673608823E-003     0.341813957029E-003     0.173905346559E-005     0.553566108443E-006
     0.437461600000E+000     0.599673608870E-003     0.341813957056E-003     0.173905346572E-005     0.760690158696E-006
     0.563709296000E+000     0.599673608870E-003     0.341813957056E-003     0.173905346572E-005     0.980241651964E-006
     0.697531853760E+000     0.599673608870E-003     0.341813957056E-003     0.173905346572E-005     0.121296623483E-005
     0.839383764986E+000     0.599673608870E-003     0.341813957056E-003     0.173905346572E-005     0.145965429267E-005
     0.989746790885E+000     0.599673608870E-003     0.341813957056E-003     0.173905346572E-005     0.172114363397E-005
     0.114913159834E+001     0.599673608870E-003     0.341813957056E-003     0.173905346572E-005     0.199832233576E-005
     0.131807949424E+001     0.599673608870E-003     0.341813957056E-003     0.173905346572E-005     0.229213175965E-005
     0.149716426389E+001     0.599673608870E-003     0.341813957056E-003     0.173905346572E-005     0.260356974897E-005
     0.168699411973E+001     0.599673608870E-003     0.341813957056E-003     0.173905346572E-005     0.293369401766E-005
     0.188821376691E+001     0.599673608870E-003     0.341813957056E-003     0.173905346572E-005     0.328362574247E-005
     0.210150659292E+001     0.599673608870E-003     0.341813957056E-003     0.173905346572E-005     0.365455337076E-005
     0.232759698850E+001     0.599673608870E-003     0.341813957056E-003     0.173905346572E-005     0.404773665675E-005
     0.256725280781E+001     0.599673608870E-003     0.341813957056E-003     0.173905346572E-005     0.446451093990E-005
     0.282128797628E+001     0.599673608870E-003     0.341813957056E-003     0.173905346572E-005     0.490629168005E-005
     0.309056525485E+001     0.599673608870E-003     0.341813957056E-003     0.173905346572E-005     0.537457926459E-005
     0.337599917015E+001     0.599673608870E-003     0.341813957056E-003     0.173905346572E-005     0.587096410422E-005
     0.367855912035E+001     0.599673608870E-003     0.341813957056E-003     0.173905346572E-005     0.639713203422E-005
     0.399927266758E+001     0.599673608870E-003     0.341813957056E-003     0.173905346572E-005     0.695487004002E-005
     0.433922902763E+001     0.599673608870E-003     0.341813957056E-003     0.173905346572E-005     0.754607232616E-005
     0.469958276929E+001     0.599673608870E-003     0.341813957056E-003     0.173905346572E-005     0.817274674948E-005
     0.508155773545E+001     0.599673608870E-003     0.341813957056E-003     0.173905346572E-005     0.883702163820E-005
     0.548645119957E+001     0.599673608870E-003     0.341813957056E-003     0.173905346572E-005     0.954115302023E-005
     0.591563827155E+001     0.599673608870E-003     0.341813957056E-003     0.173905346572E-005     0.102875322852E-004
     0.637057656784E+001     0.599673608870E-003     0.341813957056E-003     0.173905346572E-005     0.110786943061E-004
     0.685281116191E+001     0.599673608870E-003     0.341813957056E-003     0.173905346572E-005     0.119173260482E-004
     0.736397983162E+001     0.599673608870E-003     0.341813957056E-003     0.173905346572E-005     0.128062756948E-004
     0.790581862152E+001     0.599673608870E-003     0.341813957056E-003     0.173905346572E-005     0.137485623202E-004
     0.848016773881E+001     0.599673608870E-003     0.341813957056E-003     0.173905346572E-005     0.147473861432E-004
     0.908897780314E+001     0.599673608870E-003     0.341813957056E-003     0.173905346572E-005     0.158061393955E-004
     0.973431647133E+001     0.599673608870E-003     0.341813957056E-003     0.173905346572E-005     0.169284178430E-004
     0.104183754596E+002     0.599673608870E-003     0.341813957056E-003     0.173905346572E-005     0.181180329973E-004
     0.111434779872E+002     0.599673608870E-003     0.341813957056E-003     0.173905346572E-005     0.193790250609E-004
     0.119120866664E+002     0.599673608870E-003     0.341813957056E-003     0.173905346572E-005     0.207156766483E-004
     0.127268118664E+002     0.599673608870E-003     0.341813957056E-003     0.173905346572E-005     0.221325273310E-004
     0.135904205784E+002     0.599673608870E-003     0.341813957056E-003     0.173905346572E-005     0.236343890546E-004
     0.145058458131E+002     0.599673608870E-003     0.341813957056E-003     0.173905346572E-005     0.252263624816E-004
     0.154761965619E+002     0.599673608870E-003     0.341813957056E-003     0.173905346572E-005     0.269138543142E-004
     0.164761965619E+002     0.599673608870E-003     0.341813957056E-003     0.173905346572E-005     0.286529077800E-004
     0.174761965619E+002     0.599673608870E-003     0.341813957056E-003     0.173905346572E-005     0.303919612457E-004
     0.184761965619E+002     0.599673608870E-003     0.341813957056E-003     0.173905346572E-005     0.321310147114E-004
     0.194761965619E+002     0.599673608870E-003     0.341813957056E-003     0.173905346572E-005     0.338700681771E-004
     0.204761965619E+002     0.599673608870E-003     0.341813957056E-003     0.173905346572E-005     0.356091216429E-004
     0.214761965619E+002     0.599673608870E-003     0.341813957056E-003     0.173905346572E-005     0.373481751086E-004
     0.224761965619E+002     0.599673608870E-003     0.341813957056E-003     0.173905346572E-005     0.390872285743E-004
     0.234761965619E+002     0.599673608870E-003     0.341813957056E-003     0.173905346572E-005     0.408262820400E-004
     0.244761965619E+002     0.599673608870E-003     0.341813957056E-003     0.173905346572E-005     0.425653355058E-004
     0.254761965619E+002     0.599673608870E-003     0.341813957056E-003     0.173905346572E-005     0.443043889715E-004
     0.264761965619E+002     0.599673608870E-003     0.341813957056E-003     0.173905346572E-005     0.460434424372E-004
     0.274761965619E+002     0.599673608870E-003     0.341813957056E-003     0.173905346572E-005     0.477824959029E-004
     0.284761965619E+002     0.599673608870E-003     0.341813957056E-003     0.173905346572E-005     0.495215493687E-004
     0.294761965619E+002     0.599673608870E-003     0.341813957056E-003     0.173905346572E-005     0.512606028344E-004
     0.304761965619E+002     0.599673608870E-003     0.341813957056E-003     0.173905346572E-005     0.529996563001E-004
     0.314761965619E+002     0.599673608870E-003     0.341813957056E-003     0.173905346572E-005     0.547387097658E-004
     0.324761965619E+002     0.599673608870E-003     0.341813957056E-003     0.173905346572E-005     0.564777632315E-004
     0.334761965619E+002     0.599673608870E-003     0.341813957056E-003     0.173905346572E-005     0.582168166973E-004
     0.344761965619E+002     0.599673608870E-003     0.341813957056E-003     0.173905346572E-005     0.599558701630E-004
     0.354761965619E+002     0.599673608870E-003     0.341813957056E-003     0.173905346572E-005     0.616949236287E-004
     0.364761965619E+002     0.599673608870E-003     0.341813957056E-003     0.173905346572E-005     0.634339770944E-004
     0.374761965619E+002     0.599673608870E-003     0.341813957056E-003     0.173905346572E-005     0.651730305602E-004
     0.384761965619E+002     0.599673608870E-003     0.341813957056E-003     0.173905346572E-005     0.669120840259E-004
     0.394761965619E+002     0.599673608870E-003     0.341813957056E-003     0.173905346572E-005     0.686511374916E-004
     0.404761965619E+002     0.599673608870E-003     0.341813957056E-003     0.173905346572E-005     0.703901909573E-004
     0.414761965619E+002     0.599673608870E-003     0.341813957056E-003     0.173905346572E-005     0.721292444231E-004
     0.424761965619E+002     0.599673608870E-003     0.341813957056E-003     0.173905346572E-005     0.738682978888E-004
     0.434761965619E+002     0.599673608870E-003     0.341813957056E-003     0.173905346572E-005     0.756073513545E-004
     0.444761965619E+002     0.599673608870E-003     0.341813957056E-003     0.173905346572E-005     0.773464048202E-004
     0.454761965619E+002     0.599673608870E-003     0.341813957056E-003     0.173905346572E-005     0.790854582859E-004
     0.464761965619E+002     0.599673608870E-003     0.341813957056E-003     0.173905346572E-005     0.808245117517E-004
     0.474761965619E+002     0.599673608870E-003     0.341813957056E-003     0.173905346572E-005     0.825635652174E-004
     0.484761965619E+002     0.599673608870E-003     0.341813957056E-003     0.173905346572E-005     0.843026186831E-004
     0.494761965619E+002     0.599673608870E-003     0.341813957056E-003     0.173905346572E-005     0.860416721488E-004
     0.504761965619E+002     0.599673608870E-003     0.341813957056E-003     0.173905346572E-005     0.877807256146E-004
     0.514761965619E+002     0.599673608870E-003     0.341813957056E-003     0.173905346572E-005     0.895197790803E-004
     0.524761965619E+002     0.599673608870E-003     0.341813957056E-003     0.173905346572E-005     0.912588325460E-004
     0.534761965619E+002     0.599673608870E-003     0.341813957056E-003     0.173905346572E-005     0.929978860117E-004
     0.544761965619E+002     0.599673608870E-003     0.341813957056E-003     0.173905346572E-005     0.947369394775E-004
     0.554761965619E+002     0.599673608870E-003     0.341813957056E-003     0.173905346572E-005     0.964759929432E-004
     0.564761965619E+002     0.599673608870E-003     0.341813957056E-003     0.173905346572E-005     0.982150464089E-004
     0.574761965619E+002     0.599673608870E-003     0.341813957056E-003     0.173905346572E-005     0.999540998746E-004
     0.584761965619E+002     0.599673608870E-003     0.341813957056E-003     0.173905346572E-005     0.101693153340E-003
     0.594761965619E+002     0.599673608870E-003     0.341813957056E-003     0.173905346572E-005     0.103432206806E-003
     0.604761965619E+002     0.599673608870E-003     0.341813957056E-003     0.173905346572E-005     0.105171260272E-003
     0.614761965619E+002     0.599673608870E-003     0.341813957056E-003     0.173905346572E-005     0.106910313738E-003
     0.624761965619E+002     0.599673608870E-003     0.341813957056E-003     0.173905346572E-005     0.108649367203E-003
     0.634761965619E+002     0.599673608870E-003     0.341813957056E-003     0.173905346572E-005     0.110388420669E-003
     0.644761965619E+002     0.599673608870E-003     0.341813957056E-003     0.173905346572E-005     0.112127474135E-003
     0.654761965619E+002     0.599673608870E-003     0.341813957056E-003     0.173905346572E-005     0.113866527600E-003
     0.664761965619E+002     0.599673608870E-003     0.341813957056E-003     0.173905346572E-005     0.115605581066E-003
     0.674761965619E+002     0.599673608870E-003     0.341813957056E-003     0.173905346572E-005     0.117344634532E-003
     0.684761965619E+002     0.599673608870E-003     0.341813957056E-003     0.173905346572E-005     0.119083687998E-003
     0.694761965619E+002     0.599673608870E-003     0.341813957056E-003     0.173905346572E-005     0.120822741463E-003
     0.704761965619E+002     0.599673608870E-003     0.341813957056E-003     0.173905346572E-005     0.122561794929E-003
     0.714761965619E+002     0.599673608870E-003     0.341813957056E-003     0.173905346572E-005     0.124300848395E-003
     0.724761965619E+002     0.599673608870E-003     0.341813957056E-003     0.173905346572E-005     0.126039901860E-003
     0.734761965619E+002     0.599673608870E-003     0.341813957056E-003     0.173905346572E-005     0.127778955326E-003
     0.744761965619E+002     0.599673608870E-003     0.341813957056E-003     0.173905346572E-005     0.129518008792E-003
     0.754761965619E+002     0.599673608870E-003     0.341813957056E-003     0.173905346572E-005     0.131257062258E-003
     0.764761965619E+002     0.599673608870E-003     0.341813957056E-003     0.173905346572E-005     0.132996115723E-003
     0.774761965619E+002     0.599673608870E-003     0.341813957056E-003     0.173905346572E-005     0.134735169189E-003
     0.784761965619E+002     0.599673608870E-003     0.341813957056E-003     0.173905346572E-005     0.136474222655E-003
     0.794761965619E+002     0.599673608870E-003     0.341813957056E-003     0.173905346572E-005     0.138213276121E-003
     0.804761965619E+002     0.599673608870E-003     0.341813957056E-003     0.173905346572E-005     0.139952329586E-003
     0.814761965619E+002     0.599673608870E-003     0.341813957056E-003     0.173905346572E-005     0.141691383052E-003
     0.824761965619E+002     0.599673608870E-003     0.341813957056E-003     0.173905346572E-005     0.143430436518E-003
     0.834761965619E+002     0.599673608870E-003     0.341813957056E-003     0.173905346572E-005     0.145169489983E-003
     0.844761965619E+002     0.599673608870E-003     0.341813957056E-003     0.173905346572E-005     0.146908543449E-003
     0.854761965619E+002     0.599673608870E-003     0.341813957056E-003     0.173905346572E-005     0.148647596915E-003
     0.864761965619E+002     0.599673608870E-003     0.341813957056E-003     0.173905346572E-005     0.150386650381E-003
     0.874761965619E+002     0.599673608870E-003     0.341813957056E-003     0.173905346572E-005     0.152125703846E-003
     0.884761965619E+002     0.599673608870E-003     0.341813957056E-003     0.173905346572E-005     0.153864757312E-003
     0.894761965619E+002     0.599673608870E-003     0.341813957056E-003     0.173905346572E-005     0.155603810778E-003
     0.904761965619E+002     0.599673608870E-003     0.341813957056E-003     0.173905346572E-005     0.157342864244E-003
     0.914761965619E+002     0.599673608870E-003     0.341813957056E-003     0.173905346572E-005     0.159081917709E-003
     0.924761965619E+002     0.599673608870E-003     0.341813957056E-003     0.173905346572E-005     0.160820971175E-003
     0.934761965619E+002     0.599673608870E-003     0.341813957056E-003     0.173905346572E-005     0.162560024641E-003
     0.944761965619E+002     0.599673608870E-003     0.341813957056E-003     0.173905346572E-005     0.164299078106E-003
     0.954761965619E+002     0.599673608870E-003     0.341813957056E-003     0.173905346572E-005     0.166038131572E-003
     0.964761965619E+002     0.599673608870E-003     0.341813957056E-003     0.173905346572E-005     0.167777185038E-003
     0.974761965619E+002     0.599673608870E-003     0.341813957056E-003     0.173905346572E-005     0.169516238504E-003
     0.984761965619E+002     0.599673608870E-003     0.341813957056E-003     0.173905346572E-005     0.171255291969E-003
     0.994761965619E+002     0.599673608870E-003     0.341813957056E-003     0.173905346572E-005     0.172994345435E-003
     0.100476196562E+003     0.599673608870E-003     0.341813957056E-003     0.173905346572E-005     0.174733398901E-003
     0.101476196562E+003     0.599673608870E-003     0.341813957056E-003     0.173905346572E-005     0.176472452366E-003
     0.102476196562E+003     0.599673608870E-003     0.341813957056E-003     0.173905346572E-005     0.178211505832E-003
     0.103476196562E+003     0.599673608870E-003     0.341813957056E-003     0.173905346572E-005     0.179950559298E-003
     0.104476196562E+003     0.599673608870E-003     0.341813957056E-003     0.173905346572E-005     0.181689612764E-003
     0.105476196562E+003     0.599673608870E-003     0.341813957056E-003     0.173905346572E-005     0.183428666229E-003
     0.106476196562E+003     0.599673608870E-003     0.341813957056E-003     0.173905346572E-005     0.185167719695E-003
     0.107476196562E+003     0.599673608870E-003     0.341813957056E-003     0.173905346572E-005     0.186906773161E-003
     0.108476196562E+003     0.599673608870E-003     0.341813957056E-003     0.173905346572E-005     0.188645826627E-003
     0.109476196562E+003     0.599673608870E-003     0.341813957056E-003     0.173905346572E-005     0.190384880092E-003
     0.110476196562E+003     0.599673608870E-003     0.341813957056E-003     0.173905346572E-005     0.192123933558E-003
     0.111476196562E+003     0.599673608870E-003     0.341813957056E-003     0.173905346572E-005     0.193862987024E-003
     0.112476196562E+003     0.599673608870E-003     0.341813957056E-003     0.173905346572E-005     0.195602040489E-003
     0.113476196562E+003     0.599673608870E-003     0.341813957056E-003     0.173905346572E-005     0.197341093955E-003
     0.114476196562E+003     0.599673608870E-003     0.341813957056E-003     0.173905346572E-005     0.199080147421E-003
     0.115476196562E+003     0.599673608870E-003     0.341813957056E-003     0.173905346572E-005     0.200819200887E-003
     0.116476196562E+003     0.599673608870E-003     0.341813957056E-003     0.173905346572E-005     0.202558254352E-003
     0.117476196562E+003     0.599673608870E-003     0.341813957056E-003     0.173905346572E-005     0.204297307818E-003
     0.118476196562E+003     0.599673608870E-003     0.341813957056E-003     0.173905346572E-005     0.206036361284E-003
     0.119476196562E+003     0.599673608870E-003     0.341813957056E-003     0.173905346572E-005     0.207775414749E-003
     0.120476196562E+003     0.599673608870E-003     0.341813957056E-003     0.173905346572E-005     0.209514468215E-003
     0.121476196562E+003     0.599673608870E-003     0.341813957056E-003     0.173905346572E-005     0.211253521681E-003
     0.122476196562E+003     0.599673608870E-003     0.341813957056E-003     0.173905346572E-005     0.212992575147E-003
     0.123476196562E+003     0.599673608870E-003     0.341813957056E-003     0.173905346572E-005     0.214731628612E-003
     0.124476196562E+003     0.599673608870E-003     0.341813957056E-003     0.173905346572E-005     0.216470682078E-003
     0.125476196562E+003     0.599673608870E-003     0.341813957056E-003     0.173905346572E-005     0.218209735544E-003
     0.126476196562E+003     0.599673608870E-003     0.341813957056E-003     0.173905346572E-005     0.219948789010E-003
     0.127476196562E+003     0.599673608870E-003     0.341813957056E-003     0.173905346572E-005     0.221687842475E-003
     0.128476196562E+003     0.599673608870E-003     0.341813957056E-003     0.173905346572E-005     0.223426895941E-003
     0.129476196562E+003     0.599673608870E-003     0.341813957056E-003     0.173905346572E-005     0.225165949407E-003
     0.130476196562E+003     0.599673608870E-003     0.341813957056E-003     0.173905346572E-005     0.226905002872E-003
     0.131476196562E+003     0.599673608870E-003     0.341813957056E-003     0.173905346572E-005     0.228644056338E-003
     0.132476196562E+003     0.599673608870E-003     0.341813957056E-003     0.173905346572E-005     0.230383109804E-003
     0.133476196562E+003     0.599673608870E-003     0.341813957056E-003     0.173905346572E-005     0.232122163270E-003
     0.134476196562E+003     0.599673608870E-003     0.341813957056E-003     0.173905346572E-005     0.233861216735E-003
     0.135476196562E+003     0.599673608870E-003     0.341813957056E-003     0.173905346572E-005     0.235600270201E-003
     0.136476196562E+003     0.599673608870E-003     0.341813957056E-003     0.173905346572E-005     0.237339323667E-003
     0.137476196562E+003     0.599673608870E-003     0.341813957056E-003     0.173905346572E-005     0.239078377133E-003
     0.138476196562E+003     0.599673608870E-003     0.341813957056E-003     0.173905346572E-005     0.240817430598E-003
     0.139476196562E+003     0.599673608870E-003     0.341813957056E-003     0.173905346572E-005     0.242556484064E-003
     0.140476196562E+003     0.599673608870E-003     0.341813957056E-003     0.173905346572E-005     0.244295537530E-003
     0.141476196562E+003     0.599673608870E-003     0.341813957056E-003     0.173905346572E-005     0.246034590995E-003
     0.142476196562E+003     0.599673608870E-003     0.341813957056E-003     0.173905346572E-005     0.247773644461E-003
     0.143476196562E+003     0.599673608870E-003     0.341813957056E-003     0.173905346572E-005     0.249512697927E-003
     0.144476196562E+003     0.599673608870E-003     0.341813957056E-003     0.173905346572E-005     0.251251751393E-003
     0.145476196562E+003     0.599673608870E-003     0.341813957056E-003     0.173905346572E-005     0.252990804858E-003
     0.146476196562E+003     0.599673608870E-003     0.341813957056E-003     0.173905346572E-005     0.254729858324E-003
     0.147476196562E+003     0.599673608870E-003     0.341813957056E-003     0.173905346572E-005     0.256468911790E-003
     0.148476196562E+003     0.599673608870E-003     0.341813957056E-003     0.173905346572E-005     0.258207965255E-003
     0.149476196562E+003     0.599673608870E-003     0.341813957056E-003     0.173905346572E-005     0.259947018721E-003
     0.150476196562E+003     0.599673608870E-003     0.341813957056E-003     0.173905346572E-005     0.261686072187E-003
     0.151476196562E+003     0.599673608870E-003     0.341813957056E-003     0.173905346572E-005     0.263425125653E-003
     0.152476196562E+003     0.599673608870E-003     0.341813957056E-003     0.173905346572E-005     0.265164179118E-003
     0.153476196562E+003     0.599673608870E-003     0.341813957056E-003     0.173905346572E-005     0.266903232584E-003
     0.154476196562E+003     0.599673608870E-003     0.341813957056E-003     0.173905346572E-005     0.268642286050E-003
     0.155476196562E+003     0.599673608870E-003     0.341813957056E-003     0.173905346572E-005     0.270381339516E-003
     0.156476196562E+003     0.599673608870E-003     0.341813957056E-003     0.173905346572E-005     0.272120392981E-003
     0.157476196562E+003     0.599673608870E-003     0.341813957056E-003     0.173905346572E-005     0.273859446447E-003
     0.158476196562E+003     0.599673608870E-003     0.341813957056E-003     0.173905346572E-005     0.275598499913E-003
     0.159476196562E+003     0.599673608870E-003     0.341813957056E-003     0.173905346572E-005     0.277337553378E-003
     0.160476196562E+003     0.599673608870E-003     0.341813957056E-003     0.173905346572E-005     0.279076606844E-003
     0.161476196562E+003     0.599673608870E-003     0.341813957056E-003     0.173905346572E-005     0.280815660310E-003
     0.162476196562E+003     0.599673608870E-003     0.341813957056E-003     0.173905346572E-005     0.282554713776E-003
     0.163476196562E+003     0.599673608870E-003     0.341813957056E-003     0.173905346572E-005     0.284293767241E-003
     0.164476196562E+003     0.599673608870E-003     0.341813957056E-003     0.173905346572E-005     0.286032820707E-003
     0.165476196562E+003     0.599673608870E-003     0.341813957056E-003     0.173905346572E-005     0.287771874173E-003
     0.166476196562E+003     0.599673608870E-003     0.341813957056E-003     0.173905346572E-005     0.289510927638E-003
     0.167476196562E+003     0.599673608870E-003     0.341813957056E-003     0.173905346572E-005     0.291249981104E-003
     0.168476196562E+003     0.599673608870E-003     0.341813957056E-003     0.173905346572E-005     0.292989034570E-003
     0.169476196562E+003     0.599673608870E-003     0.341813957056E-003     0.173905346572E-005     0.294728088036E-003
     0.170476196562E+003     0.599673608870E-003     0.341813957056E-003     0.173905346572E-005     0.296467141501E-003
     0.171476196562E+003     0.599673608870E-003     0.341813957056E-003     0.173905346572E-005     0.298206194967E-003
     0.172476196562E+003     0.599673608870E-003     0.341813957056E-003     0.173905346572E-005     0.299945248433E-003
     0.173476196562E+003     0.599673608870E-003     0.341813957056E-003     0.173905346572E-005     0.301684301899E-003
     0.174476196562E+003     0.599673608870E-003     0.341813957056E-003     0.173905346572E-005     0.303423355364E-003
     0.175476196562E+003     0.599673608870E-003     0.341813957056E-003     0.173905346572E-005     0.305162408830E-003
     0.176476196562E+003     0.599673608870E-003     0.341813957056E-003     0.173905346572E-005     0.306901462296E-003
     0.177476196562E+003     0.599673608870E-003     0.341813957056E-003     0.173905346572E-005     0.308640515761E-003
     0.178476196562E+003     0.599673608870E-003     0.341813957056E-003     0.173905346572E-005     0.310379569227E-003
     0.179476196562E+003     0.599673608870E-003     0.341813957056E-003     0.173905346572E-005     0.312118622693E-003
     0.180476196562E+003     0.599673608870E-003     0.341813957056E-003     0.173905346572E-005     0.313857676159E-003
     0.181476196562E+003     0.599673608870E-003     0.341813957056E-003     0.173905346572E-005     0.315596729624E-003
     0.182476196562E+003     0.599673608870E-003     0.341813957056E-003     0.173905346572E-005     0.317335783090E-003
     0.183476196562E+003     0.599673608870E-003     0.341813957056E-003     0.173905346572E-005     0.319074836556E-003
     0.184476196562E+003     0.599673608870E-003     0.341813957056E-003     0.173905346572E-005     0.320813890022E-003
     0.185476196562E+003     0.599673608870E-003     0.341813957056E-003     0.173905346572E-005     0.322552943487E-003
     0.186476196562E+003     0.599673608870E-003     0.341813957056E-003     0.173905346572E-005     0.324291996953E-003
     0.187476196562E+003     0.599673608870E-003     0.341813957056E-003     0.173905346572E-005     0.326031050419E-003
     0.188476196562E+003     0.599673608870E-003     0.341813957056E-003     0.173905346572E-005     0.327770103884E-003
     0.189476196562E+003     0.599673608870E-003     0.341813957056E-003     0.173905346572E-005     0.329509157350E-003
     0.190476196562E+003     0.599673608870E-003     0.341813957056E-003     0.173905346572E-005     0.331248210816E-003
     0.191476196562E+003     0.599673608870E-003     0.341813957056E-003     0.173905346572E-005     0.332987264282E-003
     0.192476196562E+003     0.599673608870E-003     0.341813957056E-003     0.173905346572E-005     0.334726317747E-003
     0.193476196562E+003     0.599673608870E-003     0.341813957056E-003     0.173905346572E-005     0.336465371213E-003
     0.194476196562E+003     0.599673608870E-003     0.341813957056E-003     0.173905346572E-005     0.338204424679E-003
     0.195476196562E+003     0.599673608870E-003     0.341813957056E-003     0.173905346572E-005     0.339943478144E-003
     0.196476196562E+003     0.599673608870E-003     0.341813957056E-003     0.173905346572E-005     0.341682531610E-003
     0.197476196562E+003     0.599673608870E-003     0.341813957056E-003     0.173905346572E-005     0.343421585076E-003
     0.198476196562E+003     0.599673608870E-003     0.341813957056E-003     0.173905346572E-005     0.345160638542E-003
     0.199476196562E+003     0.599673608870E-003     0.341813957056E-003     0.173905346572E-005     0.346899692007E-003
     0.200476196562E+003     0.599673608870E-003     0.341813957056E-003     0.173905346572E-005     0.348638745473E-003
     0.201476196562E+003     0.599673608870E-003     0.341813957056E-003     0.173905346572E-005     0.350377798939E-003
     0.202476196562E+003     0.599673608870E-003     0.341813957056E-003     0.173905346572E-005     0.352116852405E-003
     0.203476196562E+003     0.599673608870E-003     0.341813957056E-003     0.173905346572E-005     0.353855905870E-003
     0.204476196562E+003     0.599673608870E-003     0.341813957056E-003     0.173905346572E-005     0.355594959336E-003
     0.205476196562E+003     0.599673608870E-003     0.341813957056E-003     0.173905346572E-005     0.357334012802E-003
     0.206476196562E+003     0.599673608870E-003     0.341813957056E-003     0.173905346572E-005     0.359073066267E-003
     0.207476196562E+003     0.599673608870E-003     0.341813957056E-003     0.173905346572E-005     0.360812119733E-003
     0.208476196562E+003     0.599673608870E-003     0.341813957056E-003     0.173905346572E-005     0.362551173199E-003
     0.209476196562E+003     0.599673608870E-003     0.341813957056E-003     0.173905346572E-005     0.364290226665E-003
     0.210476196562E+003     0.599673608870E-003     0.341813957056E-003     0.173905346572E-005     0.366029280130E-003
     0.211476196562E+003     0.599673608870E-003     0.341813957056E-003     0.173905346572E-005     0.367768333596E-003
     0.212476196562E+003     0.599673608870E-003     0.341813957056E-003     0.173905346572E-005     0.369507387062E-003
     0.213476196562E+003     0.599673608870E-003     0.341813957056E-003     0.173905346572E-005     0.371246440527E-003
     0.214476196562E+003     0.599673608870E-003     0.341813957056E-003     0.173905346572E-005     0.372985493993E-003
     0.215476196562E+003     0.599673608870E-003     0.341813957056E-003     0.173905346572E-005     0.374724547459E-003
     0.216476196562E+003     0.599673608870E-003     0.341813957056E-003     0.173905346572E-005     0.376463600925E-003
     0.217476196562E+003     0.599673608870E-003     0.341813957056E-003     0.173905346572E-005     0.378202654390E-003
     0.218476196562E+003     0.599673608870E-003     0.341813957056E-003     0.173905346572E-005     0.379941707856E-003
     0.219476196562E+003     0.599673608870E-003     0.341813957056E-003     0.173905346572E-005     0.381680761322E-003
     0.220476196562E+003     0.599673608870E-003     0.341813957056E-003     0.173905346572E-005     0.383419814788E-003
     0.221476196562E+003     0.599673608870E-003     0.341813957056E-003     0.173905346572E-005     0.385158868253E-003
     0.222476196562E+003     0.599673608870E-003     0.341813957056E-003     0.173905346572E-005     0.386897921719E-003
     0.223476196562E+003     0.599673608870E-003     0.341813957056E-003     0.173905346572E-005     0.388636975185E-003
     0.224476196562E+003     0.599673608870E-003     0.341813957056E-003     0.173905346572E-005     0.390376028650E-003
     0.225476196562E+003     0.599673608870E-003     0.341813957056E-003     0.173905346572E-005     0.392115082116E-003
     0.226476196562E+003     0.599673608870E-003     0.341813957056E-003     0.173905346572E-005     0.393854135582E-003
     0.227476196562E+003     0.599673608870E-003     0.341813957056E-003     0.173905346572E-005     0.395593189048E-003
     0.228476196562E+003     0.599673608870E-003     0.341813957056E-003     0.173905346572E-005     0.397332242513E-003
     0.229476196562E+003     0.599673608870E-003     0.341813957056E-003     0.173905346572E-005     0.399071295979E-003
     0.230476196562E+003     0.599673608870E-003     0.341813957056E-003     0.173905346572E-005     0.400810349445E-003
     0.231476196562E+003     0.599673608870E-003     0.341813957056E-003     0.173905346572E-005     0.402549402911E-003
     0.232476196562E+003     0.599673608870E-003     0.341813957056E-003     0.173905346572E-005     0.404288456376E-003
     0.233476196562E+003     0.599673608870E-003     0.341813957056E-003     0.173905346572E-005     0.406027509842E-003
     0.234476196562E+003     0.599673608870E-003     0.341813957056E-003     0.173905346572E-005     0.407766563308E-003
     0.235476196562E+003     0.599673608870E-003     0.341813957056E-003     0.173905346572E-005     0.409505616773E-003
     0.236476196562E+003     0.599673608870E-003     0.341813957056E-003     0.173905346572E-005     0.411244670239E-003
     0.237476196562E+003     0.599673608870E-003     0.341813957056E-003     0.173905346572E-005     0.412983723705E-003
     0.238476196562E+003     0.599673608870E-003     0.341813957056E-003     0.173905346572E-005     0.414722777171E-003
     0.239476196562E+003     0.599673608870E-003     0.341813957056E-003     0.173905346572E-005     0.416461830636E-003
     0.240476196562E+003     0.599673608870E-003     0.341813957056E-003     0.173905346572E-005     0.418200884102E-003
     0.241476196562E+003     0.599673608870E-003     0.341813957056E-003     0.173905346572E-005     0.419939937568E-003
     0.242476196562E+003     0.599673608870E-003     0.341813957056E-003     0.173905346572E-005     0.421678991033E-003
     0.243476196562E+003     0.599673608870E-003     0.341813957056E-003     0.173905346572E-005     0.423418044499E-003
     0.244476196562E+003     0.599673608870E-003     0.341813957056E-003     0.173905346572E-005     0.425157097965E-003
     0.245476196562E+003     0.599673608870E-003     0.341813957056E-003     0.173905346572E-005     0.426896151431E-003
     0.246476196562E+003     0.599673608870E-003     0.341813957056E-003     0.173905346572E-005     0.428635204896E-003
     0.247476196562E+003     0.599673608870E-003     0.341813957056E-003     0.173905346572E-005     0.430374258362E-003
     0.248476196562E+003     0.599673608870E-003     0.341813957056E-003     0.173905346572E-005     0.432113311828E-003
     0.249476196562E+003     0.599673608870E-003     0.341813957056E-003     0.173905346572E-005     0.433852365294E-003
     0.250476196562E+003     0.599673608870E-003     0.341813957056E-003     0.173905346572E-005     0.435591418759E-003
     0.251476196562E+003     0.599673608870E-003     0.341813957056E-003     0.173905346572E-005     0.437330472225E-003
     0.252476196562E+003     0.599673608870E-003     0.341813957056E-003     0.173905346572E-005     0.439069525691E-003
     0.253476196562E+003     0.599673608870E-003     0.341813957056E-003     0.173905346572E-005     0.440808579156E-003
     0.254476196562E+003     0.599673608870E-003     0.341813957056E-003     0.173905346572E-005     0.442547632622E-003
     0.255476196562E+003     0.599673608870E-003     0.341813957056E-003     0.173905346572E-005     0.444286686088E-003
     0.256476196562E+003     0.599673608870E-003     0.341813957056E-003     0.173905346572E-005     0.446025739554E-003
     0.257476196562E+003     0.599673608870E-003     0.341813957056E-003     0.173905346572E-005     0.447764793019E-003
     0.258476196562E+003     0.599673608870E-003     0.341813957056E-003     0.173905346572E-005     0.449503846485E-003
     0.259476196562E+003     0.599673608870E-003     0.341813957056E-003     0.173905346572E-005     0.451242899951E-003
     0.260476196562E+003     0.599673608870E-003     0.341813957056E-003     0.173905346572E-005     0.452981953417E-003
     0.261476196562E+003     0.599673608870E-003     0.341813957056E-003     0.173905346572E-005     0.454721006882E-003
     0.262476196562E+003     0.599673608870E-003     0.341813957056E-003     0.173905346572E-005     0.456460060348E-003
     0.263476196562E+003     0.599673608870E-003     0.341813957056E-003     0.173905346572E-005     0.458199113814E-003
     0.264476196562E+003     0.599673608870E-003     0.341813957056E-003     0.173905346572E-005     0.459938167279E-003
     0.265476196562E+003     0.599673608870E-003     0.341813957056E-003     0.173905346572E-005     0.461677220745E-003
     0.266476196562E+003     0.599673608870E-003     0.341813957056E-003     0.173905346572E-005     0.463416274211E-003
     0.267476196562E+003     0.599673608870E-003     0.341813957056E-003     0.173905346572E-005     0.465155327677E-003
     0.268476196562E+003     0.599673608870E-003     0.341813957056E-003     0.173905346572E-005     0.466894381142E-003
     0.269476196562E+003     0.599673608870E-003     0.341813957056E-003     0.173905346572E-005     0.468633434608E-003
     0.270476196562E+003     0.599673608870E-003     0.341813957056E-003     0.173905346572E-005     0.470372488074E-003
     0.271476196562E+003     0.599673608870E-003     0.341813957056E-003     0.173905346572E-005     0.472111541539E-003
     0.272476196562E+003     0.599673608870E-003     0.341813957056E-003     0.173905346572E-005     0.473850595005E-003
     0.273476196562E+003     0.599673608870E-003     0.341813957056E-003     0.173905346572E-005     0.475589648471E-003
     0.274476196562E+003     0.599673608870E-003     0.341813957056E-003     0.173905346572E-005     0.477328701937E-003
     0.275476196562E+003     0.599673608870E-003     0.341813957056E-003     0.173905346572E-005     0.479067755402E-003
     0.276476196562E+003     0.599673608870E-003     0.341813957056E-003     0.173905346572E-005     0.480806808868E-003
     0.277476196562E+003     0.599673608870E-003     0.341813957056E-003     0.173905346572E-005     0.482545862334E-003
     0.278476196562E+003     0.599673608870E-003     0.341813957056E-003     0.173905346572E-005     0.484284915800E-003
     0.279476196562E+003     0.599673608870E-003     0.341813957056E-003     0.173905346572E-005     0.486023969265E-003
     0.280476196562E+003     0.599673608870E-003     0.341813957056E-003     0.173905346572E-005     0.487763022731E-003
     0.281476196562E+003     0.599673608870E-003     0.341813957056E-003     0.173905346572E-005     0.489502076197E-003
     0.282476196562E+003     0.599673608870E-003     0.341813957056E-003     0.173905346572E-005     0.491241129662E-003
     0.283476196562E+003     0.599673608870E-003     0.341813957056E-003     0.173905346572E-005     0.492980183128E-003
     0.284476196562E+003     0.599673608870E-003     0.341813957056E-003     0.173905346572E-005     0.494719236594E-003
     0.285476196562E+003     0.599673608870E-003     0.341813957056E-003     0.173905346572E-005     0.496458290060E-003
     0.286476196562E+003     0.599673608870E-003     0.341813957056E-003     0.173905346572E-005     0.498197343525E-003
     0.287476196562E+003     0.599673608870E-003     0.341813957056E-003     0.173905346572E-005     0.499936396991E-003
     0.288476196562E+003     0.599673608870E-003     0.341813957056E-003     0.173905346572E-005     0.501675450457E-003
     0.289476196562E+003     0.599673608870E-003     0.341813957056E-003     0.173905346572E-005     0.503414503922E-003
     0.290476196562E+003     0.599673608870E-003     0.341813957056E-003     0.173905346572E-005     0.505153557388E-003
     0.291476196562E+003     0.599673608870E-003     0.341813957056E-003     0.173905346572E-005     0.506892610854E-003
     0.292476196562E+003     0.599673608870E-003     0.341813957056E-003     0.173905346572E-005     0.508631664320E-003
     0.293476196562E+003     0.599673608870E-003     0.341813957056E-003     0.173905346572E-005     0.510370717785E-003
     0.294476196562E+003     0.599673608870E-003     0.341813957056E-003     0.173905346572E-005     0.512109771251E-003
     0.295476196562E+003     0.599673608870E-003     0.341813957056E-003     0.173905346572E-005     0.513848824717E-003
     0.296476196562E+003     0.599673608870E-003     0.341813957056E-003     0.173905346572E-005     0.515587878183E-003
     0.297476196562E+003     0.599673608870E-003     0.341813957056E-003     0.173905346572E-005     0.517326931648E-003
     0.298476196562E+003     0.599673608870E-003     0.341813957056E-003     0.173905346572E-005     0.519065985114E-003
     0.299476196562E+003     0.599673608870E-003     0.341813957056E-003     0.173905346572E-005     0.520805038580E-003
     0.300476196562E+003     0.599673608870E-003     0.341813957056E-003     0.173905346572E-005     0.522544092045E-003
     0.301476196562E+003     0.599673608870E-003     0.341813957056E-003     0.173905346572E-005     0.524283145511E-003
     0.302476196562E+003     0.599673608870E-003     0.341813957056E-003     0.173905346572E-005     0.526022198977E-003
     0.303476196562E+003     0.599673608870E-003     0.341813957056E-003     0.173905346572E-005     0.527761252443E-003
     0.304476196562E+003     0.599673608870E-003     0.341813957056E-003     0.173905346572E-005     0.529500305908E-003
     0.305476196562E+003     0.599673608870E-003     0.341813957056E-003     0.173905346572E-005     0.531239359374E-003
     0.306476196562E+003     0.599673608870E-003     0.341813957056E-003     0.173905346572E-005     0.532978412840E-003
     0.307476196562E+003     0.599673608870E-003     0.341813957056E-003     0.173905346572E-005     0.534717466306E-003
     0.308476196562E+003     0.599673608870E-003     0.341813957056E-003     0.173905346572E-005     0.536456519771E-003
     0.309476196562E+003     0.599673608870E-003     0.341813957056E-003     0.173905346572E-005     0.538195573237E-003
     0.310476196562E+003     0.599673608870E-003     0.341813957056E-003     0.173905346572E-005     0.539934626703E-003
     0.311476196562E+003     0.599673608870E-003     0.341813957056E-003     0.173905346572E-005     0.541673680168E-003
     0.312476196562E+003     0.599673608870E-003     0.341813957056E-003     0.173905346572E-005     0.543412733634E-003
     0.313476196562E+003     0.599673608870E-003     0.341813957056E-003     0.173905346572E-005     0.545151787100E-003
     0.314476196562E+003     0.599673608870E-003     0.341813957056E-003     0.173905346572E-005     0.546890840566E-003
     0.315476196562E+003     0.599673608870E-003     0.341813957056E-003     0.173905346572E-005     0.548629894031E-003
     0.316476196562E+003     0.599673608870E-003     0.341813957056E-003     0.173905346572E-005     0.550368947497E-003
     0.317476196562E+003     0.599673608870E-003     0.341813957056E-003     0.173905346572E-005     0.552108000963E-003
     0.318476196562E+003     0.599673608870E-003     0.341813957056E-003     0.173905346572E-005     0.553847054428E-003
     0.319476196562E+003     0.599673608870E-003     0.341813957056E-003     0.173905346572E-005     0.555586107894E-003
     0.320476196562E+003     0.599673608870E-003     0.341813957056E-003     0.173905346572E-005     0.557325161360E-003
     0.321476196562E+003     0.599673608870E-003     0.341813957056E-003     0.173905346572E-005     0.559064214826E-003
     0.322476196562E+003     0.599673608870E-003     0.341813957056E-003     0.173905346572E-005     0.560803268291E-003
     0.323476196562E+003     0.599673608870E-003     0.341813957056E-003     0.173905346572E-005     0.562542321757E-003
     0.324476196562E+003     0.599673608870E-003     0.341813957056E-003     0.173905346572E-005     0.564281375223E-003
     0.325476196562E+003     0.599673608870E-003     0.341813957056E-003     0.173905346572E-005     0.566020428689E-003
     0.326476196562E+003     0.599673608870E-003     0.341813957056E-003     0.173905346572E-005     0.567759482154E-003
     0.327476196562E+003     0.599673608870E-003     0.341813957056E-003     0.173905346572E-005     0.569498535620E-003
     0.328476196562E+003     0.599673608870E-003     0.341813957056E-003     0.173905346572E-005     0.571237589086E-003
     0.329476196562E+003     0.599673608870E-003     0.341813957056E-003     0.173905346572E-005     0.572976642551E-003
     0.330476196562E+003     0.599673608870E-003     0.341813957056E-003     0.173905346572E-005     0.574715696017E-003
     0.331476196562E+003     0.599673608870E-003     0.341813957056E-003     0.173905346572E-005     0.576454749483E-003
     0.332476196562E+003     0.599673608870E-003     0.341813957056E-003     0.173905346572E-005     0.578193802949E-003
     0.333476196562E+003     0.599673608870E-003     0.341813957056E-003     0.173905346572E-005     0.579932856414E-003
     0.334476196562E+003     0.599673608870E-003     0.341813957056E-003     0.173905346572E-005     0.581671909880E-003
     0.335476196562E+003     0.599673608870E-003     0.341813957056E-003     0.173905346572E-005     0.583410963346E-003
     0.336476196562E+003     0.599673608870E-003     0.341813957056E-003     0.173905346572E-005     0.585150016811E-003
     0.337476196562E+003     0.599673608870E-003     0.341813957056E-003     0.173905346572E-005     0.586889070277E-003
     0.338476196562E+003     0.599673608870E-003     0.341813957056E-003     0.173905346572E-005     0.588628123743E-003
     0.339476196562E+003     0.599673608870E-003     0.341813957056E-003     0.173905346572E-005     0.590367177209E-003
     0.340476196562E+003     0.599673608870E-003     0.341813957056E-003     0.173905346572E-005     0.592106230674E-003
     0.341476196562E+003     0.599673608870E-003     0.341813957056E-003     0.173905346572E-005     0.593845284140E-003
     0.342476196562E+003     0.599673608870E-003     0.341813957056E-003     0.173905346572E-005     0.595584337606E-003
     0.343476196562E+003     0.599673608870E-003     0.341813957056E-003     0.173905346572E-005     0.597323391072E-003
     0.344476196562E+003     0.599673608870E-003     0.341813957056E-003     0.173905346572E-005     0.599062444537E-003
     0.345476196562E+003     0.599673608870E-003     0.341813957056E-003     0.173905346572E-005     0.600801498003E-003
     0.346476196562E+003     0.599673608870E-003     0.341813957056E-003     0.173905346572E-005     0.602540551469E-003
     0.347476196562E+003     0.599673608870E-003     0.341813957056E-003     0.173905346572E-005     0.604279604934E-003
     0.348476196562E+003     0.599673608870E-003     0.341813957056E-003     0.173905346572E-005     0.606018658400E-003
     0.349476196562E+003     0.599673608870E-003     0.341813957056E-003     0.173905346572E-005     0.607757711866E-003
     0.350476196562E+003     0.599673608870E-003     0.341813957056E-003     0.173905346572E-005     0.609496765332E-003
     0.351476196562E+003     0.599673608870E-003     0.341813957056E-003     0.173905346572E-005     0.611235818797E-003
     0.352476196562E+003     0.599673608870E-003     0.341813957056E-003     0.173905346572E-005     0.612974872263E-003
     0.353476196562E+003     0.599673608870E-003     0.341813957056E-003     0.173905346572E-005     0.614713925729E-003
     0.354476196562E+003     0.599673608870E-003     0.341813957056E-003     0.173905346572E-005     0.616452979195E-003
     0.355476196562E+003     0.599673608870E-003     0.341813957056E-003     0.173905346572E-005     0.618192032660E-003
     0.356476196562E+003     0.599673608870E-003     0.341813957056E-003     0.173905346572E-005     0.619931086126E-003
     0.357476196562E+003     0.599673608870E-003     0.341813957056E-003     0.173905346572E-005     0.621670139592E-003
     0.358476196562E+003     0.599673608870E-003     0.341813957056E-003     0.173905346572E-005     0.623409193057E-003
     0.359476196562E+003     0.599673608870E-003     0.341813957056E-003     0.173905346572E-005     0.625148246523E-003
     0.360476196562E+003     0.599673608870E-003     0.341813957056E-003     0.173905346572E-005     0.626887299989E-003
     0.361476196562E+003     0.599673608870E-003     0.341813957056E-003     0.173905346572E-005     0.628626353455E-003
     0.362476196562E+003     0.599673608870E-003     0.341813957056E-003     0.173905346572E-005     0.630365406920E-003
     0.363476196562E+003     0.599673608870E-003     0.341813957056E-003     0.173905346572E-005     0.632104460386E-003
     0.364476196562E+003     0.599673608870E-003     0.341813957056E-003     0.173905346572E-005     0.633843513852E-003
     0.365476196562E+003     0.599673608870E-003     0.341813957056E-003     0.173905346572E-005     0.635582567317E-003
     0.366476196562E+003     0.599673608870E-003     0.341813957056E-003     0.173905346572E-005     0.637321620783E-003
     0.367476196562E+003     0.599673608870E-003     0.341813957056E-003     0.173905346572E-005     0.639060674249E-003
     0.368476196562E+003     0.599673608870E-003     0.341813957056E-003     0.173905346572E-005     0.640799727715E-003
     0.369476196562E+003     0.599673608870E-003     0.341813957056E-003     0.173905346572E-005     0.642538781180E-003
     0.370476196562E+003     0.599673608870E-003     0.341813957056E-003     0.173905346572E-005     0.644277834646E-003
     0.371476196562E+003     0.599673608870E-003     0.341813957056E-003     0.173905346572E-005     0.646016888112E-003
     0.372476196562E+003     0.599673608870E-003     0.341813957056E-003     0.173905346572E-005     0.647755941578E-003
     0.373476196562E+003     0.599673608870E-003     0.341813957056E-003     0.173905346572E-005     0.649494995043E-003
     0.374476196562E+003     0.599673608870E-003     0.341813957056E-003     0.173905346572E-005     0.651234048509E-003
     0.375476196562E+003     0.599673608870E-003     0.341813957056E-003     0.173905346572E-005     0.652973101975E-003
     0.376476196562E+003     0.599673608870E-003     0.341813957056E-003     0.173905346572E-005     0.654712155440E-003
     0.377476196562E+003     0.599673608870E-003     0.341813957056E-003     0.173905346572E-005     0.656451208906E-003
     0.378476196562E+003     0.599673608870E-003     0.341813957056E-003     0.173905346572E-005     0.658190262372E-003
     0.379476196562E+003     0.599673608870E-003     0.341813957056E-003     0.173905346572E-005     0.659929315838E-003
     0.380476196562E+003     0.599673608870E-003     0.341813957056E-003     0.173905346572E-005     0.661668369303E-003
     0.381476196562E+003     0.599673608870E-003     0.341813957056E-003     0.173905346572E-005     0.663407422769E-003
     0.382476196562E+003     0.599673608870E-003     0.341813957056E-003     0.173905346572E-005     0.665146476235E-003
     0.383476196562E+003     0.599673608870E-003     0.341813957056E-003     0.173905346572E-005     0.666885529700E-003
     0.384476196562E+003     0.599673608870E-003     0.341813957056E-003     0.173905346572E-005     0.668624583166E-003
     0.385476196562E+003     0.599673608870E-003     0.341813957056E-003     0.173905346572E-005     0.670363636632E-003
     0.386476196562E+003     0.599673608870E-003     0.341813957056E-003     0.173905346572E-005     0.672102690098E-003
     0.387476196562E+003     0.599673608870E-003     0.341813957056E-003     0.173905346572E-005     0.673841743563E-003
     0.388476196562E+003     0.599673608870E-003     0.341813957056E-003     0.173905346572E-005     0.675580797029E-003
     0.389476196562E+003     0.599673608870E-003     0.341813957056E-003     0.173905346572E-005     0.677319850495E-003
     0.390476196562E+003     0.599673608870E-003     0.341813957056E-003     0.173905346572E-005     0.679058903961E-003
     0.391476196562E+003     0.599673608870E-003     0.341813957056E-003     0.173905346572E-005     0.680797957426E-003
     0.392476196562E+003     0.599673608870E-003     0.341813957056E-003     0.173905346572E-005     0.682537010892E-003
     0.393476196562E+003     0.599673608870E-003     0.341813957056E-003     0.173905346572E-005     0.684276064358E-003
     0.394476196562E+003     0.599673608870E-003     0.341813957056E-003     0.173905346572E-005     0.686015117823E-003
     0.395476196562E+003     0.599673608870E-003     0.341813957056E-003     0.173905346572E-005     0.687754171289E-003
     0.396476196562E+003     0.599673608870E-003     0.341813957056E-003     0.173905346572E-005     0.689493224755E-003
     0.397476196562E+003     0.599673608870E-003     0.341813957056E-003     0.173905346572E-005     0.691232278221E-003
     0.398476196562E+003     0.599673608870E-003     0.341813957056E-003     0.173905346572E-005     0.692971331686E-003
     0.399476196562E+003     0.599673608870E-003     0.341813957056E-003     0.173905346572E-005     0.694710385152E-003
     0.400476196562E+003     0.599673608870E-003     0.341813957056E-003     0.173905346572E-005     0.696449438618E-003
     0.401476196562E+003     0.599673608870E-003     0.341813957056E-003     0.173905346572E-005     0.698188492084E-003
     0.402476196562E+003     0.599673608870E-003     0.341813957056E-003     0.173905346572E-005     0.699927545549E-003
     0.403476196562E+003     0.599673608870E-003     0.341813957056E-003     0.173905346572E-005     0.701666599015E-003
     0.404476196562E+003     0.599673608870E-003     0.341813957056E-003     0.173905346572E-005     0.703405652481E-003
     0.405476196562E+003     0.599673608870E-003     0.341813957056E-003     0.173905346572E-005     0.705144705946E-003
     0.406476196562E+003     0.599673608870E-003     0.341813957056E-003     0.173905346572E-005     0.706883759412E-003
     0.407476196562E+003     0.599673608870E-003     0.341813957056E-003     0.173905346572E-005     0.708622812878E-003
     0.408476196562E+003     0.599673608870E-003     0.341813957056E-003     0.173905346572E-005     0.710361866344E-003
     0.409476196562E+003     0.599673608870E-003     0.341813957056E-003     0.173905346572E-005     0.712100919809E-003
     0.410476196562E+003     0.599673608870E-003     0.341813957056E-003     0.173905346572E-005     0.713839973275E-003
     0.411476196562E+003     0.599673608870E-003     0.341813957056E-003     0.173905346572E-005     0.715579026741E-003
     0.412476196562E+003     0.599673608870E-003     0.341813957056E-003     0.173905346572E-005     0.717318080206E-003
     0.413476196562E+003     0.599673608870E-003     0.341813957056E-003     0.173905346572E-005     0.719057133672E-003
     0.414476196562E+003     0.599673608870E-003     0.341813957056E-003     0.173905346572E-005     0.720796187138E-003
     0.415476196562E+003     0.599673608870E-003     0.341813957056E-003     0.173905346572E-005     0.722535240604E-003
     0.416476196562E+003     0.599673608870E-003     0.341813957056E-003     0.173905346572E-005     0.724274294069E-003
     0.417476196562E+003     0.599673608870E-003     0.341813957056E-003     0.173905346572E-005     0.726013347535E-003
     0.418476196562E+003     0.599673608870E-003     0.341813957056E-003     0.173905346572E-005     0.727752401001E-003
     0.419476196562E+003     0.599673608870E-003     0.341813957056E-003     0.173905346572E-005     0.729491454467E-003
     0.420476196562E+003     0.599673608870E-003     0.341813957056E-003     0.173905346572E-005     0.731230507932E-003
     0.421476196562E+003     0.599673608870E-003     0.341813957056E-003     0.173905346572E-005     0.732969561398E-003
     0.422476196562E+003     0.599673608870E-003     0.341813957056E-003     0.173905346572E-005     0.734708614864E-003
     0.423476196562E+003     0.599673608870E-003     0.341813957056E-003     0.173905346572E-005     0.736447668329E-003
     0.424476196562E+003     0.599673608870E-003     0.341813957056E-003     0.173905346572E-005     0.738186721795E-003
     0.425476196562E+003     0.599673608870E-003     0.341813957056E-003     0.173905346572E-005     0.739925775261E-003
     0.426476196562E+003     0.599673608870E-003     0.341813957056E-003     0.173905346572E-005     0.741664828727E-003
     0.427476196562E+003     0.599673608870E-003     0.341813957056E-003     0.173905346572E-005     0.743403882192E-003
     0.428476196562E+003     0.599673608870E-003     0.341813957056E-003     0.173905346572E-005     0.745142935658E-003
     0.429476196562E+003     0.599673608870E-003     0.341813957056E-003     0.173905346572E-005     0.746881989124E-003
     0.430476196562E+003     0.599673608870E-003     0.341813957056E-003     0.173905346572E-005     0.748621042589E-003
     0.431476196562E+003     0.599673608870E-003     0.341813957056E-003     0.173905346572E-005     0.750360096055E-003
     0.432476196562E+003     0.599673608870E-003     0.341813957056E-003     0.173905346572E-005     0.752099149521E-003
     0.433476196562E+003     0.599673608870E-003     0.341813957056E-003     0.173905346572E-005     0.753838202987E-003
     0.434476196562E+003     0.599673608870E-003     0.341813957056E-003     0.173905346572E-005     0.755577256452E-003
     0.435476196562E+003     0.599673608870E-003     0.341813957056E-003     0.173905346572E-005     0.757316309918E-003
     0.436476196562E+003     0.599673608870E-003     0.341813957056E-003     0.173905346572E-005     0.759055363384E-003
     0.437476196562E+003     0.599673608870E-003     0.341813957056E-003     0.173905346572E-005     0.760794416850E-003
     0.438476196562E+003     0.599673608870E-003     0.341813957056E-003     0.173905346572E-005     0.762533470315E-003
     0.439476196562E+003     0.599673608870E-003     0.341813957056E-003     0.173905346572E-005     0.764272523781E-003
     0.440476196562E+003     0.599673608870E-003     0.341813957056E-003     0.173905346572E-005     0.766011577247E-003
     0.441476196562E+003     0.599673608870E-003     0.341813957056E-003     0.173905346572E-005     0.767750630712E-003
     0.442476196562E+003     0.599673608870E-003     0.341813957056E-003     0.173905346572E-005     0.769489684178E-003
     0.443476196562E+003     0.599673608870E-003     0.341813957056E-003     0.173905346572E-005     0.771228737644E-003
     0.444476196562E+003     0.599673608870E-003     0.341813957056E-003     0.173905346572E-005     0.772967791110E-003
     0.445476196562E+003     0.599673608870E-003     0.341813957056E-003     0.173905346572E-005     0.774706844575E-003
     0.446476196562E+003     0.599673608870E-003     0.341813957056E-003     0.173905346572E-005     0.776445898041E-003
     0.447476196562E+003     0.599673608870E-003     0.341813957056E-003     0.173905346572E-005     0.778184951507E-003
     0.448476196562E+003     0.599673608870E-003     0.341813957056E-003     0.173905346572E-005     0.779924004973E-003
     0.449476196562E+003     0.599673608870E-003     0.341813957056E-003     0.173905346572E-005     0.781663058438E-003
     0.450476196562E+003     0.599673608870E-003     0.341813957056E-003     0.173905346572E-005     0.783402111904E-003
     0.451476196562E+003     0.599673608870E-003     0.341813957056E-003     0.173905346572E-005     0.785141165370E-003
     0.452476196562E+003     0.599673608870E-003     0.341813957056E-003     0.173905346572E-005     0.786880218835E-003
     0.453476196562E+003     0.599673608870E-003     0.341813957056E-003     0.173905346572E-005     0.788619272301E-003
     0.454476196562E+003     0.599673608870E-003     0.341813957056E-003     0.173905346572E-005     0.790358325767E-003
     0.455476196562E+003     0.599673608870E-003     0.341813957056E-003     0.173905346572E-005     0.792097379233E-003
     0.456476196562E+003     0.599673608870E-003     0.341813957056E-003     0.173905346572E-005     0.793836432698E-003
     0.457476196562E+003     0.599673608870E-003     0.341813957056E-003     0.173905346572E-005     0.795575486164E-003
     0.458476196562E+003     0.599673608870E-003     0.341813957056E-003     0.173905346572E-005     0.797314539630E-003
     0.459476196562E+003     0.599673608870E-003     0.341813957056E-003     0.173905346572E-005     0.799053593095E-003
     0.460476196562E+003     0.599673608870E-003     0.341813957056E-003     0.173905346572E-005     0.800792646561E-003
     0.461476196562E+003     0.599673608870E-003     0.341813957056E-003     0.173905346572E-005     0.802531700027E-003
     0.462476196562E+003     0.599673608870E-003     0.341813957056E-003     0.173905346572E-005     0.804270753493E-003
     0.463476196562E+003     0.599673608870E-003     0.341813957056E-003     0.173905346572E-005     0.806009806958E-003
     0.464476196562E+003     0.599673608870E-003     0.341813957056E-003     0.173905346572E-005     0.807748860424E-003
     0.465476196562E+003     0.599673608870E-003     0.341813957056E-003     0.173905346572E-005     0.809487913890E-003
     0.466476196562E+003     0.599673608870E-003     0.341813957056E-003     0.173905346572E-005     0.811226967356E-003
     0.467476196562E+003     0.599673608870E-003     0.341813957056E-003     0.173905346572E-005     0.812966020821E-003
     0.468476196562E+003     0.599673608870E-003     0.341813957056E-003     0.173905346572E-005     0.814705074287E-003
     0.469476196562E+003     0.599673608870E-003     0.341813957056E-003     0.173905346572E-005     0.816444127753E-003
     0.470476196562E+003     0.599673608870E-003     0.341813957056E-003     0.173905346572E-005     0.818183181218E-003
     0.471476196562E+003     0.599673608870E-003     0.341813957056E-003     0.173905346572E-005     0.819922234684E-003
     0.472476196562E+003     0.599673608870E-003     0.341813957056E-003     0.173905346572E-005     0.821661288150E-003
     0.473476196562E+003     0.599673608870E-003     0.341813957056E-003     0.173905346572E-005     0.823400341616E-003
     0.474476196562E+003     0.599673608870E-003     0.341813957056E-003     0.173905346572E-005     0.825139395081E-003
     0.475476196562E+003     0.599673608870E-003     0.341813957056E-003     0.173905346572E-005     0.826878448547E-003
     0.476476196562E+003     0.599673608870E-003     0.341813957056E-003     0.173905346572E-005     0.828617502013E-003
     0.477476196562E+003     0.599673608870E-003     0.341813957056E-003     0.173905346572E-005     0.830356555478E-003
     0.478476196562E+003     0.599673608870E-003     0.341813957056E-003     0.173905346572E-005     0.832095608944E-003
     0.479476196562E+003     0.599673608870E-003     0.341813957056E-003     0.173905346572E-005     0.833834662410E-003
     0.480476196562E+003     0.599673608870E-003     0.341813957056E-003     0.173905346572E-005     0.835573715876E-003
     0.481476196562E+003     0.599673608870E-003     0.341813957056E-003     0.173905346572E-005     0.837312769341E-003
     0.482476196562E+003     0.599673608870E-003     0.341813957056E-003     0.173905346572E-005     0.839051822807E-003
     0.483476196562E+003     0.599673608870E-003     0.341813957056E-003     0.173905346572E-005     0.840790876273E-003
     0.484476196562E+003     0.599673608870E-003     0.341813957056E-003     0.173905346572E-005     0.842529929739E-003
     0.485476196562E+003     0.599673608870E-003     0.341813957056E-003     0.173905346572E-005     0.844268983204E-003
     0.486476196562E+003     0.599673608870E-003     0.341813957056E-003     0.173905346572E-005     0.846008036670E-003
     0.487476196562E+003     0.599673608870E-003     0.341813957056E-003     0.173905346572E-005     0.847747090136E-003
     0.488476196562E+003     0.599673608870E-003     0.341813957056E-003     0.173905346572E-005     0.849486143601E-003
     0.489476196562E+003     0.599673608870E-003     0.341813957056E-003     0.173905346572E-005     0.851225197067E-003
     0.490476196562E+003     0.599673608870E-003     0.341813957056E-003     0.173905346572E-005     0.852964250533E-003
     0.491476196562E+003     0.599673608870E-003     0.341813957056E-003     0.173905346572E-005     0.854703303999E-003
     0.492476196562E+003     0.599673608870E-003     0.341813957056E-003     0.173905346572E-005     0.856442357464E-003
     0.493476196562E+003     0.599673608870E-003     0.341813957056E-003     0.173905346572E-005     0.858181410930E-003
     0.494476196562E+003     0.599673608870E-003     0.341813957056E-003     0.173905346572E-005     0.859920464396E-003
     0.495476196562E+003     0.599673608870E-003     0.341813957056E-003     0.173905346572E-005     0.861659517861E-003
     0.496476196562E+003     0.599673608870E-003     0.341813957056E-003     0.173905346572E-005     0.863398571327E-003
     0.497476196562E+003     0.599673608870E-003     0.341813957056E-003     0.173905346572E-005     0.865137624793E-003
     0.498476196562E+003     0.599673608870E-003     0.341813957056E-003     0.173905346572E-005     0.866876678259E-003
     0.499476196562E+003     0.599673608870E-003     0.341813957056E-003     0.173905346572E-005     0.868615731724E-003
     0.500476196562E+003     0.599673608870E-003     0.341813957056E-003     0.173905346572E-005     0.870354785190E-003
     0.501476196562E+003     0.599673608870E-003     0.341813957056E-003     0.173905346572E-005     0.872093838656E-003
     0.502476196562E+003     0.599673608870E-003     0.341813957056E-003     0.173905346572E-005     0.873832892122E-003
     0.503476196562E+003     0.599673608870E-003     0.341813957056E-003     0.173905346572E-005     0.875571945587E-003
     0.504476196562E+003     0.599673608870E-003     0.341813957056E-003     0.173905346572E-005     0.877310999053E-003
     0.505476196562E+003     0.599673608870E-003     0.341813957056E-003     0.173905346572E-005     0.879050052519E-003
     0.506476196562E+003     0.599673608870E-003     0.341813957056E-003     0.173905346572E-005     0.880789105984E-003
     0.507476196562E+003     0.599673608870E-003     0.341813957056E-003     0.173905346572E-005     0.882528159450E-003
     0.508476196562E+003     0.599673608870E-003     0.341813957056E-003     0.173905346572E-005     0.884267212916E-003
     0.509476196562E+003     0.599673608870E-003     0.341813957056E-003     0.173905346572E-005     0.886006266382E-003
     0.510476196562E+003     0.599673608869E-003     0.341813957056E-003     0.173905346572E-005     0.887745319847E-003
     0.511476196562E+003     0.599673608869E-003     0.341813957056E-003     0.173905346572E-005     0.889484373313E-003
     0.512476196562E+003     0.599673608869E-003     0.341813957056E-003     0.173905346572E-005     0.891223426779E-003
     0.513476196562E+003     0.599673608869E-003     0.341813957056E-003     0.173905346572E-005     0.892962480244E-003
     0.514476196562E+003     0.599673608869E-003     0.341813957056E-003     0.173905346572E-005     0.894701533710E-003
     0.515476196562E+003     0.599673608869E-003     0.341813957056E-003     0.173905346572E-005     0.896440587176E-003
     0.516476196562E+003     0.599673608869E-003     0.341813957056E-003     0.173905346572E-005     0.898179640642E-003
     0.517476196562E+003     0.599673608869E-003     0.341813957056E-003     0.173905346572E-005     0.899918694107E-003
     0.518476196562E+003     0.599673608869E-003     0.341813957056E-003     0.173905346572E-005     0.901657747573E-003
     0.519476196562E+003     0.599673608869E-003     0.341813957055E-003     0.173905346572E-005     0.903396801039E-003
     0.520476196562E+003     0.599673608869E-003     0.341813957055E-003     0.173905346572E-005     0.905135854505E-003
     0.521476196562E+003     0.599673608869E-003     0.341813957055E-003     0.173905346572E-005     0.906874907970E-003
     0.522476196562E+003     0.599673608869E-003     0.341813957055E-003     0.173905346572E-005     0.908613961436E-003
     0.523476196562E+003     0.599673608869E-003     0.341813957055E-003     0.173905346572E-005     0.910353014902E-003
     0.524476196562E+003     0.599673608869E-003     0.341813957055E-003     0.173905346572E-005     0.912092068367E-003
     0.525476196562E+003     0.599673608869E-003     0.341813957055E-003     0.173905346572E-005     0.913831121833E-003
     0.526476196562E+003     0.599673608869E-003     0.341813957055E-003     0.173905346572E-005     0.915570175299E-003
     0.527476196562E+003     0.599673608869E-003     0.341813957055E-003     0.173905346572E-005     0.917309228765E-003
     0.528476196562E+003     0.599673608869E-003     0.341813957055E-003     0.173905346572E-005     0.919048282230E-003
     0.529476196562E+003     0.599673608869E-003     0.341813957055E-003     0.173905346572E-005     0.920787335696E-003
     0.530476196562E+003     0.599673608869E-003     0.341813957055E-003     0.173905346572E-005     0.922526389162E-003
     0.531476196562E+003     0.599673608869E-003     0.341813957055E-003     0.173905346572E-005     0.924265442627E-003
     0.532476196562E+003     0.599673608869E-003     0.341813957055E-003     0.173905346572E-005     0.926004496093E-003
     0.533476196562E+003     0.599673608869E-003     0.341813957055E-003     0.173905346572E-005     0.927743549559E-003
     0.534476196562E+003     0.599673608869E-003     0.341813957055E-003     0.173905346572E-005     0.929482603025E-003
     0.535476196562E+003     0.599673608869E-003     0.341813957055E-003     0.173905346572E-005     0.931221656490E-003
     0.536476196562E+003     0.599673608869E-003     0.341813957055E-003     0.173905346572E-005     0.932960709956E-003
     0.537476196562E+003     0.599673608869E-003     0.341813957055E-003     0.173905346572E-005     0.934699763422E-003
     0.538476196562E+003     0.599673608869E-003     0.341813957055E-003     0.173905346572E-005     0.936438816887E-003
     0.539476196562E+003     0.599673608869E-003     0.341813957055E-003     0.173905346572E-005     0.938177870353E-003
     0.540476196562E+003     0.599673608869E-003     0.341813957055E-003     0.173905346572E-005     0.939916923819E-003
     0.541476196562E+003     0.599673608869E-003     0.341813957055E-003     0.173905346572E-005     0.941655977285E-003
     0.542476196562E+003     0.599673608868E-003     0.341813957055E-003     0.173905346572E-005     0.943395030750E-003
     0.543476196562E+003     0.599673608868E-003     0.341813957055E-003     0.173905346572E-005     0.945134084216E-003
     0.544476196562E+003     0.599673608868E-003     0.341813957055E-003     0.173905346572E-005     0.946873137682E-003
     0.545476196562E+003     0.599673608868E-003     0.341813957055E-003     0.173905346572E-005     0.948612191147E-003
     0.546476196562E+003     0.599673608868E-003     0.341813957055E-003     0.173905346572E-005     0.950351244613E-003
     0.547476196562E+003     0.599673608868E-003     0.341813957055E-003     0.173905346572E-005     0.952090298079E-003
     0.548476196562E+003     0.599673608868E-003     0.341813957055E-003     0.173905346572E-005     0.953829351545E-003
     0.549476196562E+003     0.599673608868E-003     0.341813957055E-003     0.173905346572E-005     0.955568405010E-003
     0.550476196562E+003     0.599673608868E-003     0.341813957055E-003     0.173905346572E-005     0.957307458476E-003
     0.551476196562E+003     0.599673608868E-003     0.341813957055E-003     0.173905346572E-005     0.959046511942E-003
     0.552476196562E+003     0.599673608868E-003     0.341813957055E-003     0.173905346572E-005     0.960785565408E-003
     0.553476196562E+003     0.599673608868E-003     0.341813957055E-003     0.173905346572E-005     0.962524618873E-003
     0.554476196562E+003     0.599673608868E-003     0.341813957055E-003     0.173905346572E-005     0.964263672339E-003
     0.555476196562E+003     0.599673608868E-003     0.341813957055E-003     0.173905346572E-005     0.966002725805E-003
     0.556476196562E+003     0.599673608868E-003     0.341813957055E-003     0.173905346572E-005     0.967741779270E-003
     0.557476196562E+003     0.599673608868E-003     0.341813957055E-003     0.173905346571E-005     0.969480832736E-003
     0.558476196562E+003     0.599673608868E-003     0.341813957055E-003     0.173905346571E-005     0.971219886202E-003
     0.559476196562E+003     0.599673608867E-003     0.341813957054E-003     0.173905346571E-005     0.972958939668E-003
     0.560476196562E+003     0.599673608867E-003     0.341813957054E-003     0.173905346571E-005     0.974697993133E-003
     0.561476196562E+003     0.599673608867E-003     0.341813957054E-003     0.173905346571E-005     0.976437046599E-003
     0.562476196562E+003     0.599673608867E-003     0.341813957054E-003     0.173905346571E-005     0.978176100065E-003
     0.563476196562E+003     0.599673608867E-003     0.341813957054E-003     0.173905346571E-005     0.979915153530E-003
     0.564476196562E+003     0.599673608867E-003     0.341813957054E-003     0.173905346571E-005     0.981654206996E-003
     0.565476196562E+003     0.599673608867E-003     0.341813957054E-003     0.173905346571E-005     0.983393260462E-003
     0.566476196562E+003     0.599673608867E-003     0.341813957054E-003     0.173905346571E-005     0.985132313928E-003
     0.567476196562E+003     0.599673608867E-003     0.341813957054E-003     0.173905346571E-005     0.986871367393E-003
     0.568476196562E+003     0.599673608867E-003     0.341813957054E-003     0.173905346571E-005     0.988610420859E-003
     0.569476196562E+003     0.599673608867E-003     0.341813957054E-003     0.173905346571E-005     0.990349474325E-003
     0.570476196562E+003     0.599673608867E-003     0.341813957054E-003     0.173905346571E-005     0.992088527790E-003
     0.571476196562E+003     0.599673608867E-003     0.341813957054E-003     0.173905346571E-005     0.993827581256E-003
     0.572476196562E+003     0.599673608866E-003     0.341813957054E-003     0.173905346571E-005     0.995566634722E-003
     0.573476196562E+003     0.599673608866E-003     0.341813957054E-003     0.173905346571E-005     0.997305688187E-003
     0.574476196562E+003     0.599673608866E-003     0.341813957054E-003     0.173905346571E-005     0.999044741653E-003
     0.575476196562E+003     0.599673608866E-003     0.341813957054E-003     0.173905346571E-005     0.100078379512E-002
     0.576476196562E+003     0.599673608866E-003     0.341813957054E-003     0.173905346571E-005     0.100252284858E-002
     0.577476196562E+003     0.599673608866E-003     0.341813957054E-003     0.173905346571E-005     0.100426190205E-002
     0.578476196562E+003     0.599673608866E-003     0.341813957054E-003     0.173905346571E-005     0.100600095552E-002
     0.579476196562E+003     0.599673608866E-003     0.341813957053E-003     0.173905346571E-005     0.100774000898E-002
     0.580476196562E+003     0.599673608866E-003     0.341813957053E-003     0.173905346571E-005     0.100947906245E-002
     0.581476196562E+003     0.599673608866E-003     0.341813957053E-003     0.173905346571E-005     0.101121811591E-002
     0.582476196562E+003     0.599673608865E-003     0.341813957053E-003     0.173905346571E-005     0.101295716938E-002
     0.583476196562E+003     0.599673608865E-003     0.341813957053E-003     0.173905346571E-005     0.101469622284E-002
     0.584476196562E+003     0.599673608865E-003     0.341813957053E-003     0.173905346571E-005     0.101643527631E-002
     0.585476196562E+003     0.599673608865E-003     0.341813957053E-003     0.173905346571E-005     0.101817432978E-002
     0.586476196562E+003     0.599673608865E-003     0.341813957053E-003     0.173905346571E-005     0.101991338324E-002
     0.587476196562E+003     0.599673608865E-003     0.341813957053E-003     0.173905346571E-005     0.102165243671E-002
     0.588476196562E+003     0.599673608865E-003     0.341813957053E-003     0.173905346571E-005     0.102339149017E-002
     0.589476196562E+003     0.599673608865E-003     0.341813957053E-003     0.173905346571E-005     0.102513054364E-002
     0.590476196562E+003     0.599673608864E-003     0.341813957053E-003     0.173905346570E-005     0.102686959710E-002
     0.591476196562E+003     0.599673608864E-003     0.341813957053E-003     0.173905346570E-005     0.102860865057E-002
     0.592476196562E+003     0.599673608864E-003     0.341813957053E-003     0.173905346570E-005     0.103034770404E-002
     0.593476196562E+003     0.599673608864E-003     0.341813957053E-003     0.173905346570E-005     0.103208675750E-002
     0.594476196562E+003     0.599673608864E-003     0.341813957052E-003     0.173905346570E-005     0.103382581097E-002
     0.595476196562E+003     0.599673608864E-003     0.341813957052E-003     0.173905346570E-005     0.103556486443E-002
     0.596476196562E+003     0.599673608864E-003     0.341813957052E-003     0.173905346570E-005     0.103730391790E-002
     0.597476196562E+003     0.599673608863E-003     0.341813957052E-003     0.173905346570E-005     0.103904297136E-002
     0.598476196562E+003     0.599673608863E-003     0.341813957052E-003     0.173905346570E-005     0.104078202483E-002
     0.599476196562E+003     0.599673608863E-003     0.341813957052E-003     0.173905346570E-005     0.104252107830E-002
     0.600476196562E+003     0.599673608863E-003     0.341813957052E-003     0.173905346570E-005     0.104426013176E-002
     0.601476196562E+003     0.599673608863E-003     0.341813957052E-003     0.173905346570E-005     0.104599918523E-002
     0.602476196562E+003     0.599673608863E-003     0.341813957052E-003     0.173905346570E-005     0.104773823869E-002
     0.603476196562E+003     0.599673608863E-003     0.341813957052E-003     0.173905346570E-005     0.104947729216E-002
     0.604476196562E+003     0.599673608862E-003     0.341813957052E-003     0.173905346570E-005     0.105121634562E-002
     0.605476196562E+003     0.599673608862E-003     0.341813957051E-003     0.173905346570E-005     0.105295539909E-002
     0.606476196562E+003     0.599673608862E-003     0.341813957051E-003     0.173905346570E-005     0.105469445256E-002
     0.607476196562E+003     0.599673608862E-003     0.341813957051E-003     0.173905346570E-005     0.105643350602E-002
     0.608476196562E+003     0.599673608862E-003     0.341813957051E-003     0.173905346570E-005     0.105817255949E-002
     0.609476196562E+003     0.599673608861E-003     0.341813957051E-003     0.173905346569E-005     0.105991161295E-002
     0.610476196562E+003     0.599673608861E-003     0.341813957051E-003     0.173905346569E-005     0.106165066642E-002
     0.611476196562E+003     0.599673608861E-003     0.341813957051E-003     0.173905346569E-005     0.106338971988E-002
     0.612476196562E+003     0.599673608861E-003     0.341813957051E-003     0.173905346569E-005     0.106512877335E-002
     0.613476196562E+003     0.599673608861E-003     0.341813957051E-003     0.173905346569E-005     0.106686782682E-002
     0.614476196562E+003     0.599673608860E-003     0.341813957050E-003     0.173905346569E-005     0.106860688028E-002
     0.615476196562E+003     0.599673608860E-003     0.341813957050E-003     0.173905346569E-005     0.107034593375E-002
     0.616476196562E+003     0.599673608860E-003     0.341813957050E-003     0.173905346569E-005     0.107208498721E-002
     0.617476196562E+003     0.599673608860E-003     0.341813957050E-003     0.173905346569E-005     0.107382404068E-002
     0.618476196562E+003     0.599673608860E-003     0.341813957050E-003     0.173905346569E-005     0.107556309414E-002
     0.619476196562E+003     0.599673608859E-003     0.341813957050E-003     0.173905346569E-005     0.107730214761E-002
     0.620476196562E+003     0.599673608859E-003     0.341813957050E-003     0.173905346569E-005     0.107904120108E-002
     0.621476196562E+003     0.599673608859E-003     0.341813957050E-003     0.173905346569E-005     0.108078025454E-002
     0.622476196562E+003     0.599673608859E-003     0.341813957049E-003     0.173905346569E-005     0.108251930801E-002
     0.623476196562E+003     0.599673608858E-003     0.341813957049E-003     0.173905346569E-005     0.108425836147E-002
     0.624476196562E+003     0.599673608858E-003     0.341813957049E-003     0.173905346568E-005     0.108599741494E-002
     0.625476196562E+003     0.599673608858E-003     0.341813957049E-003     0.173905346568E-005     0.108773646840E-002
     0.626476196562E+003     0.599673608858E-003     0.341813957049E-003     0.173905346568E-005     0.108947552187E-002
     0.627476196562E+003     0.599673608857E-003     0.341813957049E-003     0.173905346568E-005     0.109121457534E-002
     0.628476196562E+003     0.599673608857E-003     0.341813957049E-003     0.173905346568E-005     0.109295362880E-002
     0.629476196562E+003     0.599673608857E-003     0.341813957048E-003     0.173905346568E-005     0.109469268227E-002
     0.630476196562E+003     0.599673608857E-003     0.341813957048E-003     0.173905346568E-005     0.109643173573E-002
     0.631476196562E+003     0.599673608856E-003     0.341813957048E-003     0.173905346568E-005     0.109817078920E-002
     0.632476196562E+003     0.599673608856E-003     0.341813957048E-003     0.173905346568E-005     0.109990984266E-002
     0.633476196562E+003     0.599673608856E-003     0.341813957048E-003     0.173905346568E-005     0.110164889613E-002
     0.634476196562E+003     0.599673608856E-003     0.341813957048E-003     0.173905346568E-005     0.110338794959E-002
     0.635476196562E+003     0.599673608855E-003     0.341813957047E-003     0.173905346567E-005     0.110512700306E-002
     0.636476196562E+003     0.599673608855E-003     0.341813957047E-003     0.173905346567E-005     0.110686605653E-002
     0.637476196562E+003     0.599673608855E-003     0.341813957047E-003     0.173905346567E-005     0.110860510999E-002
     0.638476196562E+003     0.599673608854E-003     0.341813957047E-003     0.173905346567E-005     0.111034416346E-002
     0.639476196562E+003     0.599673608854E-003     0.341813957047E-003     0.173905346567E-005     0.111208321692E-002
     0.640476196562E+003     0.599673608854E-003     0.341813957047E-003     0.173905346567E-005     0.111382227039E-002
     0.641476196562E+003     0.599673608853E-003     0.341813957046E-003     0.173905346567E-005     0.111556132385E-002
     0.642476196562E+003     0.599673608853E-003     0.341813957046E-003     0.173905346567E-005     0.111730037732E-002
     0.643476196562E+003     0.599673608853E-003     0.341813957046E-003     0.173905346567E-005     0.111903943079E-002
     0.644476196562E+003     0.599673608852E-003     0.341813957046E-003     0.173905346567E-005     0.112077848425E-002
     0.645476196562E+003     0.599673608852E-003     0.341813957046E-003     0.173905346566E-005     0.112251753772E-002
     0.646476196562E+003     0.599673608852E-003     0.341813957045E-003     0.173905346566E-005     0.112425659118E-002
     0.647476196562E+003     0.599673608851E-003     0.341813957045E-003     0.173905346566E-005     0.112599564465E-002
     0.648476196562E+003     0.599673608851E-003     0.341813957045E-003     0.173905346566E-005     0.112773469811E-002
     0.649476196562E+003     0.599673608851E-003     0.341813957045E-003     0.173905346566E-005     0.112947375158E-002
     0.650476196562E+003     0.599673608850E-003     0.341813957045E-003     0.173905346566E-005     0.113121280505E-002
     0.651476196562E+003     0.599673608850E-003     0.341813957044E-003     0.173905346566E-005     0.113295185851E-002
     0.652476196562E+003     0.599673608849E-003     0.341813957044E-003     0.173905346566E-005     0.113469091198E-002
     0.653476196562E+003     0.599673608849E-003     0.341813957044E-003     0.173905346566E-005     0.113642996544E-002
     0.654476196562E+003     0.599673608849E-003     0.341813957044E-003     0.173905346565E-005     0.113816901891E-002
     0.655476196562E+003     0.599673608848E-003     0.341813957043E-003     0.173905346565E-005     0.113990807237E-002
     0.656476196562E+003     0.599673608848E-003     0.341813957043E-003     0.173905346565E-005     0.114164712584E-002
     0.657476196562E+003     0.599673608847E-003     0.341813957043E-003     0.173905346565E-005     0.114338617931E-002
     0.658476196562E+003     0.599673608847E-003     0.341813957043E-003     0.173905346565E-005     0.114512523277E-002
     0.659476196562E+003     0.599673608846E-003     0.341813957043E-003     0.173905346565E-005     0.114686428624E-002
     0.660476196562E+003     0.599673608846E-003     0.341813957042E-003     0.173905346565E-005     0.114860333970E-002
     0.661476196562E+003     0.599673608846E-003     0.341813957042E-003     0.173905346564E-005     0.115034239317E-002
     0.662476196562E+003     0.599673608845E-003     0.341813957042E-003     0.173905346564E-005     0.115208144663E-002
     0.663476196562E+003     0.599673608845E-003     0.341813957041E-003     0.173905346564E-005     0.115382050010E-002
     0.664476196562E+003     0.599673608844E-003     0.341813957041E-003     0.173905346564E-005     0.115555955356E-002
     0.665476196562E+003     0.599673608844E-003     0.341813957041E-003     0.173905346564E-005     0.115729860703E-002
     0.666476196562E+003     0.599673608843E-003     0.341813957041E-003     0.173905346564E-005     0.115903766050E-002
     0.667476196562E+003     0.599673608843E-003     0.341813957040E-003     0.173905346564E-005     0.116077671396E-002
     0.668476196562E+003     0.599673608842E-003     0.341813957040E-003     0.173905346563E-005     0.116251576743E-002
     0.669476196562E+003     0.599673608842E-003     0.341813957040E-003     0.173905346563E-005     0.116425482089E-002
     0.670476196562E+003     0.599673608841E-003     0.341813957040E-003     0.173905346563E-005     0.116599387436E-002
     0.671476196562E+003     0.599673608841E-003     0.341813957039E-003     0.173905346563E-005     0.116773292782E-002
     0.672476196562E+003     0.599673608840E-003     0.341813957039E-003     0.173905346563E-005     0.116947198129E-002
     0.673476196562E+003     0.599673608840E-003     0.341813957039E-003     0.173905346563E-005     0.117121103476E-002
     0.674476196562E+003     0.599673608839E-003     0.341813957038E-003     0.173905346562E-005     0.117295008822E-002
     0.675476196562E+003     0.599673608839E-003     0.341813957038E-003     0.173905346562E-005     0.117468914169E-002
     0.676476196562E+003     0.599673608838E-003     0.341813957038E-003     0.173905346562E-005     0.117642819515E-002
     0.677476196562E+003     0.599673608837E-003     0.341813957037E-003     0.173905346562E-005     0.117816724862E-002
     0.678476196562E+003     0.599673608837E-003     0.341813957037E-003     0.173905346562E-005     0.117990630208E-002
     0.679476196562E+003     0.599673608836E-003     0.341813957037E-003     0.173905346561E-005     0.118164535555E-002
     0.680476196562E+003     0.599673608836E-003     0.341813957036E-003     0.173905346561E-005     0.118338440901E-002
     0.681476196562E+003     0.599673608835E-003     0.341813957036E-003     0.173905346561E-005     0.118512346248E-002
     0.682476196562E+003     0.599673608834E-003     0.341813957036E-003     0.173905346561E-005     0.118686251595E-002
     0.683476196562E+003     0.599673608834E-003     0.341813957035E-003     0.173905346561E-005     0.118860156941E-002
     0.684476196562E+003     0.599673608833E-003     0.341813957035E-003     0.173905346561E-005     0.119034062288E-002
     0.685476196562E+003     0.599673608833E-003     0.341813957035E-003     0.173905346560E-005     0.119207967634E-002
     0.686476196562E+003     0.599673608832E-003     0.341813957034E-003     0.173905346560E-005     0.119381872981E-002
     0.687476196562E+003     0.599673608831E-003     0.341813957034E-003     0.173905346560E-005     0.119555778327E-002
     0.688476196562E+003     0.599673608831E-003     0.341813957033E-003     0.173905346560E-005     0.119729683674E-002
     0.689476196562E+003     0.599673608830E-003     0.341813957033E-003     0.173905346559E-005     0.119903589021E-002
     0.690476196562E+003     0.599673608829E-003     0.341813957033E-003     0.173905346559E-005     0.120077494367E-002
     0.691476196562E+003     0.599673608829E-003     0.341813957032E-003     0.173905346559E-005     0.120251399714E-002
     0.692476196562E+003     0.599673608828E-003     0.341813957032E-003     0.173905346559E-005     0.120425305060E-002
     0.693476196562E+003     0.599673608827E-003     0.341813957031E-003     0.173905346559E-005     0.120599210407E-002
     0.694476196562E+003     0.599673608826E-003     0.341813957031E-003     0.173905346558E-005     0.120773115753E-002
     0.695476196562E+003     0.599673608826E-003     0.341813957031E-003     0.173905346558E-005     0.120947021100E-002
     0.696476196562E+003     0.599673608825E-003     0.341813957030E-003     0.173905346558E-005     0.121120926446E-002
     0.697476196562E+003     0.599673608824E-003     0.341813957030E-003     0.173905346558E-005     0.121294831793E-002
     0.698476196562E+003     0.599673608823E-003     0.341813957029E-003     0.173905346557E-005     0.121468737140E-002
     0.699476196562E+003     0.599673608823E-003     0.341813957029E-003     0.173905346557E-005     0.121642642486E-002
     0.700476196562E+003     0.599673608822E-003     0.341813957028E-003     0.173905346557E-005     0.121816547833E-002
     0.701476196562E+003     0.599673608821E-003     0.341813957028E-003     0.173905346557E-005     0.121990453179E-002
     0.702476196562E+003     0.599673608820E-003     0.341813957028E-003     0.173905346556E-005     0.122164358526E-002
     0.703476196562E+003     0.599673608819E-003     0.341813957027E-003     0.173905346556E-005     0.122338263872E-002
     0.704476196562E+003     0.599673608819E-003     0.341813957027E-003     0.173905346556E-005     0.122512169219E-002
     0.705476196562E+003     0.599673608818E-003     0.341813957026E-003     0.173905346556E-005     0.122686074565E-002
     0.706476196562E+003     0.599673608817E-003     0.341813957026E-003     0.173905346555E-005     0.122859979912E-002
     0.707476196562E+003     0.599673608816E-003     0.341813957025E-003     0.173905346555E-005     0.123033885259E-002
     0.708476196562E+003     0.599673608815E-003     0.341813957025E-003     0.173905346555E-005     0.123207790605E-002
     0.709476196562E+003     0.599673608814E-003     0.341813957024E-003     0.173905346555E-005     0.123381695952E-002
     0.710476196562E+003     0.599673608813E-003     0.341813957024E-003     0.173905346554E-005     0.123555601298E-002
     0.711476196562E+003     0.599673608813E-003     0.341813957023E-003     0.173905346554E-005     0.123729506645E-002
     0.712476196562E+003     0.599673608812E-003     0.341813957023E-003     0.173905346554E-005     0.123903411991E-002
     0.713476196562E+003     0.599673608811E-003     0.341813957022E-003     0.173905346553E-005     0.124077317338E-002
     0.714476196562E+003     0.599673608810E-003     0.341813957022E-003     0.173905346553E-005     0.124251222684E-002
     0.715476196562E+003     0.599673608809E-003     0.341813957021E-003     0.173905346553E-005     0.124425128031E-002
     0.716476196562E+003     0.599673608808E-003     0.341813957020E-003     0.173905346553E-005     0.124599033378E-002
     0.717476196562E+003     0.599673608807E-003     0.341813957020E-003     0.173905346552E-005     0.124772938724E-002
     0.718476196562E+003     0.599673608806E-003     0.341813957019E-003     0.173905346552E-005     0.124946844071E-002
     0.719476196562E+003     0.599673608805E-003     0.341813957019E-003     0.173905346552E-005     0.125120749417E-002
     0.720476196562E+003     0.599673608804E-003     0.341813957018E-003     0.173905346551E-005     0.125294654764E-002
     0.721476196562E+003     0.599673608803E-003     0.341813957018E-003     0.173905346551E-005     0.125468560110E-002
     0.722476196562E+003     0.599673608802E-003     0.341813957017E-003     0.173905346551E-005     0.125642465457E-002
     0.723476196562E+003     0.599673608801E-003     0.341813957016E-003     0.173905346550E-005     0.125816370803E-002
     0.724476196562E+003     0.599673608800E-003     0.341813957016E-003     0.173905346550E-005     0.125990276150E-002
     0.725476196562E+003     0.599673608799E-003     0.341813957015E-003     0.173905346550E-005     0.126164181496E-002
     0.726476196562E+003     0.599673608797E-003     0.341813957015E-003     0.173905346549E-005     0.126338086843E-002
     0.727476196562E+003     0.599673608796E-003     0.341813957014E-003     0.173905346549E-005     0.126511992190E-002
     0.728476196562E+003     0.599673608795E-003     0.341813957013E-003     0.173905346549E-005     0.126685897536E-002
     0.729476196562E+003     0.599673608794E-003     0.341813957013E-003     0.173905346548E-005     0.126859802883E-002
     0.730476196562E+003     0.599673608793E-003     0.341813957012E-003     0.173905346548E-005     0.127033708229E-002
     0.731476196562E+003     0.599673608792E-003     0.341813957011E-003     0.173905346548E-005     0.127207613576E-002
     0.732476196562E+003     0.599673608791E-003     0.341813957011E-003     0.173905346547E-005     0.127381518922E-002
     0.733476196562E+003     0.599673608789E-003     0.341813957010E-003     0.173905346547E-005     0.127555424269E-002
     0.734476196562E+003     0.599673608788E-003     0.341813957009E-003     0.173905346546E-005     0.127729329615E-002
     0.735476196562E+003     0.599673608787E-003     0.341813957009E-003     0.173905346546E-005     0.127903234962E-002
     0.736476196562E+003     0.599673608786E-003     0.341813957008E-003     0.173905346546E-005     0.128077140309E-002
     0.737476196562E+003     0.599673608784E-003     0.341813957007E-003     0.173905346545E-005     0.128251045655E-002
     0.738476196562E+003     0.599673608783E-003     0.341813957006E-003     0.173905346545E-005     0.128424951002E-002
     0.739476196562E+003     0.599673608782E-003     0.341813957006E-003     0.173905346544E-005     0.128598856348E-002
     0.740476196562E+003     0.599673608781E-003     0.341813957005E-003     0.173905346544E-005     0.128772761695E-002
     0.741476196562E+003     0.599673608779E-003     0.341813957004E-003     0.173905346544E-005     0.128946667041E-002
     0.742476196562E+003     0.599673608778E-003     0.341813957003E-003     0.173905346543E-005     0.129120572388E-002
     0.743476196562E+003     0.599673608777E-003     0.341813957003E-003     0.173905346543E-005     0.129294477734E-002
     0.744476196562E+003     0.599673608775E-003     0.341813957002E-003     0.173905346542E-005     0.129468383081E-002
     0.745476196562E+003     0.599673608774E-003     0.341813957001E-003     0.173905346542E-005     0.129642288427E-002
     0.746476196562E+003     0.599673608772E-003     0.341813957000E-003     0.173905346542E-005     0.129816193774E-002
     0.747476196562E+003     0.599673608771E-003     0.341813956999E-003     0.173905346541E-005     0.129990099120E-002
     0.748476196562E+003     0.599673608770E-003     0.341813956999E-003     0.173905346541E-005     0.130164004467E-002
     0.749476196562E+003     0.599673608768E-003     0.341813956998E-003     0.173905346540E-005     0.130337909814E-002
     0.750476196562E+003     0.599673608767E-003     0.341813956997E-003     0.173905346540E-005     0.130511815160E-002
     0.751476196562E+003     0.599673608765E-003     0.341813956996E-003     0.173905346539E-005     0.130685720507E-002
     0.752476196562E+003     0.599673608764E-003     0.341813956995E-003     0.173905346539E-005     0.130859625853E-002
     0.753476196562E+003     0.599673608762E-003     0.341813956994E-003     0.173905346538E-005     0.131033531200E-002
