 #              _____________________  _______________________             #
 #              ___  __ \__  __ \_  / / /_  /___  ____/_  ___/             #
 #              __  / / /_  /_/ /  / / /_  __/_  __/  _____ \              #
 #              _  /_/ /_  _, _// /_/ / / /_ _  /___  ____/ /              #
 #              /_____/ /_/ |_| \____/  \__/ /_____/  /____/               #
 #                                                                         #
  
 DRUtES is initializing, reading input files
 ---------------------------------------------------------------
 16hrs : 52min : 15.721s  -  2021/05/06    total number of parallel images is:                    1
 ---------------------------------------------------------------
 16hrs : 52min : 15.721s  -  2021/05/06    reading input files and allocating...
 ---------------------------------------------------------------
 16hrs : 52min : 15.722s  -  2021/05/06    number of nodes:                   36 number of elements:                   35
 ---------------------------------------------------------------
 16hrs : 52min : 15.724s  -  2021/05/06    analyzing mesh structure...
 ---------------------------------------------------------------
 16hrs : 52min : 15.725s  -  2021/05/06    The file with inputs for inverse modeling is: drutes.conf/inverse_modeling/data2model
 ---------------------------------------------------------------
 16hrs : 52min : 15.727s  -  2021/05/06    DRUtES solves kinematic wave equation for real catchments
 ---------------------------------------------------------------
 16hrs : 52min : 15.727s  -  2021/05/06    making output files for observation time
 ---------------------------------------------------------------
 16hrs : 52min : 15.728s  -  2021/05/06    go 4 solving
 ---------------------------------------------------------------
 16hrs : 52min : 15.762s  -  2021/05/06    current simulation time:   0.0000000000000000 total iteration count:                   10
 ---------------------------------------------------------------
 16hrs : 53min : 12.316s  -  2021/05/06    making output files for observation time
 ---------------------------------------------------------------
 16hrs : 53min : 12.326s  -  2021/05/06    DRUtES will allocate:   90.304000000000002 kB  of RAM for objective function computation.
 ---------------------------------------------------------------
 16hrs : 53min : 12.348s  -  2021/05/06    # real elapsed CPU time =   56.629999999990105 s
 ---------------------------------------------------------------
 16hrs : 53min : 12.348s  -  2021/05/06    minimal adjusted time step was   3.1328937410889893E-004
 ---------------------------------------------------------------
 16hrs : 53min : 12.348s  -  2021/05/06    F I N I S H E D !!!!!
 ---------------------------------------------------------------
 16hrs : 53min : 12.349s  -  2021/05/06    Peak RAM  consumption on image                    1 was:                 9060 kB
 ---------------------------------------------------------------
 16hrs : 53min : 12.349s  -  2021/05/06    Peak SWAP consumption on image                    1 was:                    0 kB
