 #              _____________________  _______________________             #
 #              ___  __ \__  __ \_  / / /_  /___  ____/_  ___/             #
 #              __  / / /_  /_/ /  / / /_  __/_  __/  _____ \              #
 #              _  /_/ /_  _, _// /_/ / / /_ _  /___  ____/ /              #
 #              /_____/ /_/ |_| \____/  \__/ /_____/  /____/               #
 #                                                                         #
  
 #        time                      [L]                   runoff elevation [m a.m.s.l]       runoff flux [L3.T-1.L-2]   in    x              directions   cumulative flux
 #-----------------------------------------------------------------------------------------------

   0.0000000000000000        0.0000000000000000       -0.0000000000000000        0.0000000000000000     
   1.0000000000000000E-004   0.0000000000000000       -0.0000000000000000        0.0000000000000000     
   2.0600000000000002E-004   0.0000000000000000       -0.0000000000000000        0.0000000000000000     
   3.1836000000000006E-004   0.0000000000000000       -0.0000000000000000        0.0000000000000000     
   4.3746160000000009E-004   0.0000000000000000       -0.0000000000000000        0.0000000000000000     
   5.6370929600000014E-004   0.0000000000000000       -0.0000000000000000        0.0000000000000000     
   6.9753185376000013E-004   0.0000000000000000       -0.0000000000000000        0.0000000000000000     
   8.3938376498560023E-004   0.0000000000000000       -0.0000000000000000        0.0000000000000000     
   9.8974679088473629E-004   0.0000000000000000       -0.0000000000000000        0.0000000000000000     
   1.1491315983378205E-003   0.0000000000000000       -0.0000000000000000        0.0000000000000000     
   1.3180794942380899E-003   0.0000000000000000       -0.0000000000000000        0.0000000000000000     
   1.4971642638923754E-003   0.0000000000000000       -0.0000000000000000        0.0000000000000000     
   1.6869941197259180E-003   0.0000000000000000       -0.0000000000000000        0.0000000000000000     
   1.8882137669094731E-003   0.0000000000000000       -0.0000000000000000        0.0000000000000000     
   2.1015065929240414E-003   0.0000000000000000       -0.0000000000000000        0.0000000000000000     
   2.3275969884994840E-003   0.0000000000000000       -0.0000000000000000        0.0000000000000000     
   2.5672528078094533E-003   0.0000000000000000       -0.0000000000000000        0.0000000000000000     
   2.8212879762780207E-003   0.0000000000000000       -0.0000000000000000        0.0000000000000000     
   3.0905652548547020E-003   0.0000000000000000       -0.0000000000000000        0.0000000000000000     
   3.3759991701459843E-003   0.0000000000000000       -0.0000000000000000        0.0000000000000000     
   3.6785591203547436E-003   0.0000000000000000       -0.0000000000000000        0.0000000000000000     
   3.9992726675760282E-003   0.0000000000000000       -0.0000000000000000        0.0000000000000000     
   4.3392290276305897E-003   0.0000000000000000       -0.0000000000000000        0.0000000000000000     
   4.6995827692884254E-003   0.0000000000000000       -0.0000000000000000        0.0000000000000000     
   5.0815577354457308E-003   0.0000000000000000       -0.0000000000000000        0.0000000000000000     
   5.4864511995724747E-003   0.0000000000000000       -0.0000000000000000        0.0000000000000000     
   5.9156382715468232E-003   0.0000000000000000       -0.0000000000000000        0.0000000000000000     
   6.3705765678396331E-003   0.0000000000000000       -0.0000000000000000        0.0000000000000000     
   6.8528111619100118E-003   0.0000000000000000       -0.0000000000000000        0.0000000000000000     
   7.3639798316246126E-003   0.0000000000000000       -0.0000000000000000        0.0000000000000000     
   7.9058186215220892E-003   0.0000000000000000       -0.0000000000000000        0.0000000000000000     
   8.4801677388134152E-003   0.0000000000000000       -0.0000000000000000        0.0000000000000000     
   9.0889778031422210E-003   0.0000000000000000       -0.0000000000000000        0.0000000000000000     
   9.7343164713307555E-003   0.0000000000000000       -0.0000000000000000        0.0000000000000000     
   1.0418375459610602E-002   0.0000000000000000       -0.0000000000000000        0.0000000000000000     
   1.1143477987187239E-002   0.0000000000000000       -0.0000000000000000        0.0000000000000000     
   1.1912086666418473E-002   0.0000000000000000       -0.0000000000000000        0.0000000000000000     
   1.2726811866403582E-002   0.0000000000000000       -0.0000000000000000        0.0000000000000000     
   1.3590420578387798E-002   0.0000000000000000       -0.0000000000000000        0.0000000000000000     
   1.4505845813091067E-002   0.0000000000000000       -0.0000000000000000        0.0000000000000000     
   1.5476196561876531E-002   0.0000000000000000       -0.0000000000000000        0.0000000000000000     
   1.6504768355589124E-002   0.0000000000000000       -0.0000000000000000        0.0000000000000000     
   1.7595054456924473E-002   0.0000000000000000       -0.0000000000000000        0.0000000000000000     
   1.8750757724339942E-002   0.0000000000000000       -0.0000000000000000        0.0000000000000000     
   1.9975803187800338E-002   0.0000000000000000       -0.0000000000000000        0.0000000000000000     
   2.1274351379068360E-002   0.0000000000000000       -0.0000000000000000        0.0000000000000000     
   2.2650812461812463E-002   0.0000000000000000       -0.0000000000000000        0.0000000000000000     
   2.4109861209521213E-002   0.0000000000000000       -0.0000000000000000        0.0000000000000000     
   2.5656452882092486E-002   0.0000000000000000       -0.0000000000000000        0.0000000000000000     
   2.7295840055018037E-002   0.0000000000000000       -0.0000000000000000        0.0000000000000000     
   2.9033590458319120E-002   0.0000000000000000       -0.0000000000000000        0.0000000000000000     
   3.0875605885818270E-002   0.0000000000000000       -0.0000000000000000        0.0000000000000000     
   3.2828142238967364E-002   0.0000000000000000       -0.0000000000000000        0.0000000000000000     
   3.4897830773305411E-002   0.0000000000000000       -0.0000000000000000        0.0000000000000000     
   3.7091700619703738E-002   0.0000000000000000       -0.0000000000000000        0.0000000000000000     
   3.9417202656885961E-002   0.0000000000000000       -0.0000000000000000        0.0000000000000000     
   4.1882234816299123E-002   0.0000000000000000       -0.0000000000000000        0.0000000000000000     
   4.4495168905277070E-002   0.0000000000000000       -0.0000000000000000        0.0000000000000000     
   4.7264879039593699E-002   0.0000000000000000       -0.0000000000000000        0.0000000000000000     
   5.0200771781969321E-002   0.0000000000000000       -0.0000000000000000        0.0000000000000000     
   5.3312818088887486E-002   0.0000000000000000       -0.0000000000000000        0.0000000000000000     
   5.6611587174220740E-002   0.0000000000000000       -0.0000000000000000        0.0000000000000000     
   6.0108282404673988E-002   0.0000000000000000       -0.0000000000000000        0.0000000000000000     
   6.3814779348954437E-002   0.0000000000000000       -0.0000000000000000        0.0000000000000000     
   6.7743666109891701E-002   0.0000000000000000       -0.0000000000000000        0.0000000000000000     
   7.1908286076485209E-002   0.0000000000000000       -0.0000000000000000        0.0000000000000000     
   7.6322783241074332E-002   0.0000000000000000       -0.0000000000000000        0.0000000000000000     
   8.1002150235538792E-002   0.0000000000000000       -0.0000000000000000        0.0000000000000000     
   8.5962279249671120E-002   0.0000000000000000       -0.0000000000000000        0.0000000000000000     
   9.1220016004651391E-002   0.0000000000000000       -0.0000000000000000        0.0000000000000000     
   9.6793216964930484E-002   0.0000000000000000       -0.0000000000000000        0.0000000000000000     
  0.10270080998282632        0.0000000000000000       -0.0000000000000000        0.0000000000000000     
  0.10896285858179591        0.0000000000000000       -0.0000000000000000        0.0000000000000000     
  0.11560063009670367        0.0000000000000000       -0.0000000000000000        0.0000000000000000     
  0.12263666790250589        0.0000000000000000       -0.0000000000000000        0.0000000000000000     
  0.13009486797665626        0.0000000000000000       -0.0000000000000000        0.0000000000000000     
  0.13800056005525563        0.0000000000000000       -0.0000000000000000        0.0000000000000000     
  0.14638059365857098        0.0000000000000000       -0.0000000000000000        0.0000000000000000     
  0.15526342927808526        0.0000000000000000       -0.0000000000000000        0.0000000000000000     
  0.16467923503477039        0.0000000000000000       -0.0000000000000000        0.0000000000000000     
  0.17465998913685662        0.0000000000000000       -0.0000000000000000        0.0000000000000000     
  0.18523958848506802        0.0000000000000000       -0.0000000000000000        0.0000000000000000     
  0.19645396379417213        0.0000000000000000       -0.0000000000000000        0.0000000000000000     
  0.20834120162182246        0.0000000000000000       -0.0000000000000000        0.0000000000000000     
  0.22094167371913181        0.0000000000000000       -0.0000000000000000        0.0000000000000000     
  0.23429817414227974        0.0000000000000000       -0.0000000000000000        0.0000000000000000     
  0.24845606459081654        0.0000000000000000       -0.0000000000000000        0.0000000000000000     
  0.26346342846626553        0.0000000000000000       -0.0000000000000000        0.0000000000000000     
  0.27937123417424148        0.0000000000000000       -0.0000000000000000        0.0000000000000000     
  0.29623350822469596        0.0000000000000000       -0.0000000000000000        0.0000000000000000     
  0.31410751871817771        0.0000000000000000       -0.0000000000000000        0.0000000000000000     
  0.33305396984126839        0.0000000000000000       -0.0000000000000000        0.0000000000000000     
  0.35313720803174453        0.0000000000000000       -0.0000000000000000        0.0000000000000000     
  0.37442544051364923        0.0000000000000000       -0.0000000000000000        0.0000000000000000     
  0.39699096694446823        0.0000000000000000       -0.0000000000000000        0.0000000000000000     
  0.42091042496113634        0.0000000000000000       -0.0000000000000000        0.0000000000000000     
  0.44626505045880455        0.0000000000000000       -0.0000000000000000        0.0000000000000000     
  0.47314095348633284        0.0000000000000000       -0.0000000000000000        0.0000000000000000     
  0.50162941069551281        0.0000000000000000       -0.0000000000000000        0.0000000000000000     
  0.53182717533724366        0.0000000000000000       -0.0000000000000000        0.0000000000000000     
  0.56383680585747831        0.0000000000000000       -0.0000000000000000        0.0000000000000000     
  0.59776701420892708        0.0000000000000000       -0.0000000000000000        0.0000000000000000     
  0.63373303506146272        0.0000000000000000       -0.0000000000000000        0.0000000000000000     
  0.67185701716515056        0.0000000000000000       -0.0000000000000000        0.0000000000000000     
  0.71226843819505958        0.0000000000000000       -0.0000000000000000        0.0000000000000000     
  0.75510454448676323        0.0000000000000000       -0.0000000000000000        0.0000000000000000     
  0.80051081715596906        0.0000000000000000       -0.0000000000000000        0.0000000000000000     
  0.84864146618532721        0.0000000000000000       -0.0000000000000000        0.0000000000000000     
  0.89965995415644684        0.0000000000000000       -0.0000000000000000        0.0000000000000000     
  0.95373955140583366        0.0000000000000000       -0.0000000000000000        0.0000000000000000     
   1.0110639244901838        0.0000000000000000       -0.0000000000000000        0.0000000000000000     
   1.0718277599595949        0.0000000000000000       -0.0000000000000000        0.0000000000000000     
   1.1362374255571706        0.0000000000000000       -0.0000000000000000        0.0000000000000000     
   1.2045116710906008        0.0000000000000000       -0.0000000000000000        0.0000000000000000     
   1.2768823713560369        0.0000000000000000       -0.0000000000000000        0.0000000000000000     
   1.3535953136373993        0.0000000000000000       -0.0000000000000000        0.0000000000000000     
   1.4349110324556433        0.0000000000000000       -0.0000000000000000        0.0000000000000000     
   1.5211056944029819        0.0000000000000000       -0.0000000000000000        0.0000000000000000     
   1.6124720360671609        0.0000000000000000       -0.0000000000000000        0.0000000000000000     
   1.7093203582311907        0.0000000000000000       -0.0000000000000000        0.0000000000000000     
   1.8119795797250622        0.0000000000000000       -0.0000000000000000        0.0000000000000000     
   1.9207983545085661        0.0000000000000000       -0.0000000000000000        0.0000000000000000     
   2.0361462557790801        0.0000000000000000       -0.0000000000000000        0.0000000000000000     
   2.1584150311258252        0.0000000000000000       -0.0000000000000000        0.0000000000000000     
   2.2880199329933748        0.0000000000000000       -0.0000000000000000        0.0000000000000000     
   2.4254011289729775        0.0000000000000000       -0.0000000000000000        0.0000000000000000     
   2.5710251967113562        0.0000000000000000       -0.0000000000000000        0.0000000000000000     
   2.7253867085140375        0.0000000000000000       -0.0000000000000000        0.0000000000000000     
   2.8890099110248801        0.0000000000000000       -0.0000000000000000        0.0000000000000000     
   3.0624505056863729        0.0000000000000000       -0.0000000000000000        0.0000000000000000     
   3.2462975360275554        0.0000000000000000       -0.0000000000000000        0.0000000000000000     
   3.4411753881892091        0.0000000000000000       -0.0000000000000000        0.0000000000000000     
   3.6477459114805617        0.0000000000000000       -0.0000000000000000        0.0000000000000000     
   3.8667106661693955        0.0000000000000000       -0.0000000000000000        0.0000000000000000     
   4.0988133061395597        0.0000000000000000       -0.0000000000000000        0.0000000000000000     
   4.3448421045079337        0.0000000000000000       -0.0000000000000000        0.0000000000000000     
   4.6056326307784099        0.0000000000000000       -0.0000000000000000        0.0000000000000000     
   4.8820705886251146        0.0000000000000000       -0.0000000000000000        0.0000000000000000     
   5.1750948239426213        0.0000000000000000       -0.0000000000000000        0.0000000000000000     
   5.4857005133791787        0.0000000000000000       -0.0000000000000000        0.0000000000000000     
   5.8149425441819300        0.0000000000000000       -0.0000000000000000        0.0000000000000000     
   6.1639390968328458        0.0000000000000000       -0.0000000000000000        0.0000000000000000     
   6.5338754426428167        0.0000000000000000       -0.0000000000000000        0.0000000000000000     
   6.9260079692013861        0.0000000000000000       -0.0000000000000000        0.0000000000000000     
   7.3416684473534692        0.0000000000000000       -0.0000000000000000        0.0000000000000000     
   7.7822685541946779        0.0000000000000000       -0.0000000000000000        0.0000000000000000     
   8.2493046674463599        0.0000000000000000       -0.0000000000000000        0.0000000000000000     
   8.7443629474931424        0.0000000000000000       -0.0000000000000000        0.0000000000000000     
   9.2691247243427313        0.0000000000000000       -0.0000000000000000        0.0000000000000000     
   9.8253722078032961        0.0000000000000000       -0.0000000000000000        0.0000000000000000     
   10.414994540271495        0.0000000000000000       -0.0000000000000000        0.0000000000000000     
   11.039994212687786        0.0000000000000000       -0.0000000000000000        0.0000000000000000     
   11.702493865449053        0.0000000000000000       -0.0000000000000000        0.0000000000000000     
   12.404743497375996        0.0000000000000000       -0.0000000000000000        0.0000000000000000     
   13.149128107218557        0.0000000000000000       -0.0000000000000000        0.0000000000000000     
   13.938175793651672        0.0000000000000000       -0.0000000000000000        0.0000000000000000     
   14.774566341270774        0.0000000000000000       -0.0000000000000000        0.0000000000000000     
   15.661140321747020        0.0000000000000000       -0.0000000000000000        0.0000000000000000     
   16.600908741051843        0.0000000000000000       -0.0000000000000000        0.0000000000000000     
   17.597063265514954        0.0000000000000000       -0.0000000000000000        0.0000000000000000     
   18.652987061445852        0.0000000000000000       -0.0000000000000000        0.0000000000000000     
   19.772266285132606        0.0000000000000000       -0.0000000000000000        0.0000000000000000     
   20.958702262240564        0.0000000000000000       -0.0000000000000000        0.0000000000000000     
   22.216324397974997        0.0000000000000000       -0.0000000000000000        0.0000000000000000     
   23.549403861853499        0.0000000000000000       -0.0000000000000000        0.0000000000000000     
   24.962468093564709        0.0000000000000000       -0.0000000000000000        0.0000000000000000     
   26.460316179178594        0.0000000000000000       -0.0000000000000000        0.0000000000000000     
   28.048035149929312        0.0000000000000000       -0.0000000000000000        0.0000000000000000     
   29.731017258925071        0.0000000000000000       -0.0000000000000000        0.0000000000000000     
   31.514978294460576        0.0000000000000000       -0.0000000000000000        0.0000000000000000     
   33.405976992128210        0.0000000000000000       -0.0000000000000000        0.0000000000000000     
   35.410435611655906        0.0000000000000000       -0.0000000000000000        0.0000000000000000     
   37.535161748355264        0.0000000000000000       -0.0000000000000000        0.0000000000000000     
   39.787371453256583        0.0000000000000000       -0.0000000000000000        0.0000000000000000     
   42.174713740451978        0.0000000000000000       -0.0000000000000000        0.0000000000000000     
   44.705296564879099        0.0000000000000000       -0.0000000000000000        0.0000000000000000     
   47.387714358771845        0.0000000000000000       -0.0000000000000000        0.0000000000000000     
   50.231077220298161        0.0000000000000000       -0.0000000000000000        0.0000000000000000     
   53.245041853516049        0.0000000000000000       -0.0000000000000000        0.0000000000000000     
   56.439844364727016        0.0000000000000000       -0.0000000000000000        0.0000000000000000     
   59.826335026610636        8.0133859346711602E-004  -1.9914752710477370E-010   1.9914752710477370E-010
   63.416015128207277        4.4104698136528146E-003  -3.4168263604102853E-009   3.6159738875150589E-009
   67.221076035899713        1.1076324874707307E-002  -1.5854076929653397E-008   1.9470050817168456E-008
   71.254440598053705        2.1065052407185803E-002  -4.6282739679182474E-008   6.5752790496350930E-008
   75.529807033936933        3.4661110577541766E-002  -1.0614159479521214E-007   1.7189438529156307E-007
   80.061695455973151        5.2168425779389883E-002  -2.0981073502666440E-007   3.8170512031822745E-007
   84.865497183331541        7.3911621785865411E-002  -3.7497533797807229E-007   7.5668045829629969E-007
   89.865497183331541        9.9761500173028511E-002  -6.1813941632126901E-007   1.3748198746175686E-006
   94.865497183331541       0.12868030574255745       -9.4478928478575004E-007   2.3196091594033186E-006
   99.865497183331541       0.16039663762633113       -1.3639765974219805E-006   3.6835857568252991E-006
   104.86549718333154       0.19452221928843016       -1.8811792450208873E-006   5.5647650018461868E-006
   109.86549718333154       0.23019927471509957       -2.4906999033689785E-006   8.0554649052151653E-006
   114.86549718333154       0.26573824221907982       -3.1640129245739537E-006   1.1219477829789119E-005
   119.86549718333154       0.29887250382632918       -3.8484993909216661E-006   1.5067977220710785E-005
   124.86549718333154       0.32772774841051489       -4.4874901610443151E-006   1.9555467381755099E-005
   129.86549718333154       0.35161086860052160       -5.0456676092891961E-006   2.4601134991044293E-005
   134.86549718333154       0.37094976794228168       -5.5166232466023214E-006   3.0117758237646616E-005
   139.86549718333154       0.38670676242764018       -5.9126807487836759E-006   3.6030438986430295E-005
   144.86549718333154       0.39985919645569057       -6.2516304878559053E-006   4.2282069474286200E-005
   149.86549718333154       0.41116699733422768       -6.5490539221687917E-006   4.8831123396454994E-005
   154.86549718333154       0.42114860565475981       -6.8161702729330303E-006   5.5647293669388026E-005
   159.86549718333154       0.43013805383935022       -7.0603776034846802E-006   6.2707671272872704E-005
   164.86549718333154       0.43834945027089234       -7.2864434052896717E-006   6.9994114678162373E-005
   169.86549718333154       0.44592449370201187       -7.4975096275814662E-006   7.7491624305743841E-005
   174.86549718333154       0.45296199846473767       -7.6957526255383077E-006   8.5187376931282149E-005
   179.86549718333154       0.45953483670358664       -7.8827705612469562E-006   9.3070147492529110E-005
   184.86549718333154       0.46569941721042174       -8.0598008269827189E-006   1.0112994831951183E-004
   189.86549718333154       0.47150106604901615       -8.2278421385852892E-006   1.0935779045809712E-004
   194.86549718333154       0.47697721285326966       -8.3877254165941488E-006   1.1774551587469126E-004
   199.86549718333154       0.48215938763586158       -8.5401571779006332E-006   1.2628567305259189E-004
   204.86549718333154       0.48707454740366851       -8.6857477338935901E-006   1.3497142078648547E-004
   209.86549718333154       0.49174600459667878       -8.8250305797008989E-006   1.4379645136618636E-004
   214.86549718333154       0.49619410521385343       -8.9584763849050934E-006   1.5275492775109145E-004
   219.86549718333154       0.50043674110311864       -9.0865034897208195E-006   1.6184143124081226E-004
   224.86549718333154       0.50448974731624885       -9.2094860250177048E-006   1.7105091726582998E-004
   229.86549718333154       0.50836721678760255       -9.3277603473978659E-006   1.8037867761322784E-004
   234.86549718333154       0.51208175372017273       -9.4416302371968977E-006   1.8982030785042475E-004
   239.86549718333154       0.51564468040979272       -9.5513711620711592E-006   1.9937167901249591E-004
   244.86549718333154       0.51906620798896719       -9.6572338182808237E-006   2.0902891283077672E-004
   249.86549718333154       0.52235557875197602       -9.7594471029872636E-006   2.1878835993376398E-004
   254.86549718333154       0.52552118578845008       -9.8582206313020069E-006   2.2864658056506598E-004
   259.86549718333151       0.52857067428686100       -9.9537468843003049E-006   2.3860032744936629E-004
   264.86549718333151       0.53151102788205196       -1.0046203054552636E-005   2.4864653050391894E-004
   269.86549718333151       0.53434864269212512       -1.0135752641340050E-005   2.5878228314525902E-004
   274.86549718333151       0.53708939114246512       -1.0222546836973069E-005   2.6900482998223207E-004
   279.86549718333151       0.53973867725764935       -1.0306725737483558E-005   2.7931155571971566E-004
   284.86549718333151       0.54230148477963913       -1.0388419404666823E-005   2.8969997512438248E-004
   289.86549718333151       0.54478241921938386       -1.0467748801554470E-005   3.0016772392593694E-004
   294.86549718333151       0.54718574475035509       -1.0544826619519373E-005   3.1071255054545633E-004
   299.86549718333151       0.54951541669486659       -1.0619758012134563E-005   3.2133230855759090E-004
   304.86549718333151       0.55177511022722292       -1.0692641248420191E-005   3.3202494980601107E-004
   309.86549718333151       0.55396824581563620       -1.0763568296108746E-005   3.4278851810211981E-004
   314.86549718333151       0.55609801184140917       -1.0832625343910075E-005   3.5362114344602988E-004
   319.86549718333151       0.55816738476571004       -1.0899893270407414E-005   3.6452103671643732E-004
   324.86549718333151       0.56017914715839179       -1.0965448066107313E-005   3.7548648478254464E-004
   329.86549718333151       0.56213590385633172       -1.1029361214221156E-005   3.8651584599676579E-004
   334.86549718333151       0.56404009648059195       -1.1091700034995409E-005   3.9760754603176122E-004
   339.86549718333151       0.56589401650900573       -1.1152527997743379E-005   4.0876007402950462E-004
   344.86549718333151       0.56769981707373651       -1.1211905004183259E-005   4.1997197903368788E-004
   349.86549718333151       0.56945952363044616       -1.1269887646220033E-005   4.3124186667990792E-004
   354.86549718333151       0.57117504362618854       -1.1326529440906717E-005   4.4256839612081465E-004
   359.86549718333151       0.57284817527685661       -1.1381881044987114E-005   4.5395027716580176E-004
   364.86549718333151       0.57448061555062269       -1.1435990451119735E-005   4.6538626761692149E-004
   369.86549718333151       0.57607396744205430       -1.1488903167641108E-005   4.7687517078456258E-004
   374.86549718333151       0.57762974661094424       -1.1540662383499407E-005   4.8841583316806196E-004
   379.86549718333151       0.57914938745135047       -1.1591309119814000E-005   5.0000714228787594E-004
   384.86549718333151       0.58063424864813240       -1.1640882369336033E-005   5.1164802465721200E-004
   389.86549718333151       0.58208561827205141       -1.1689419224958009E-005   5.2333744388216997E-004
   394.86549718333151       0.58350471845845198       -1.1736954998287601E-005   5.3507439888045760E-004
   399.86549718333151       0.58489270970948448       -1.1783523329191743E-005   5.4685792220964934E-004
   404.86549718333151       0.58625069485558934       -1.1829156287127215E-005   5.5868707849677656E-004
   409.86549718333151       0.58757972270782388       -1.1873884464980344E-005   5.7056096296175690E-004
   414.86549718333151       0.58888079142948324       -1.1917737066072972E-005   5.8247870002782985E-004
   419.86549718333151       0.59015485165231474       -1.1960741984920295E-005   5.9443944201275018E-004
   424.86549718333151       0.59140280936009704       -1.2002925882271415E-005   6.0644236789502164E-004
   429.86549718333151       0.59262552855991735       -1.2044314254907722E-005   6.1848668214992933E-004
   434.86549718333151       0.59382383375956926       -1.2084931500633148E-005   6.3057161365056246E-004
   439.86549718333151       0.59499851226757194       -1.2124800978845859E-005   6.4269641462940828E-004
   444.86549718333151       0.59615031633075777       -1.2163945067046666E-005   6.5486035969645497E-004
   449.86549718333151       0.59727996512280535       -1.2202385213602186E-005   6.6706274491005720E-004
   454.86549718333151       0.59838814659599748       -1.2240141987057824E-005   6.7930288689711500E-004
   459.86549718333151       0.59947551920730158       -1.2277235122268155E-005   6.9158012201938311E-004
   464.86549718333151       0.60054271352861610       -1.2313683563580812E-005   7.0389380558296397E-004
   469.86549718333151       0.60159033375049120       -1.2349505505301807E-005   7.1624331108826580E-004
   474.86549718333151       0.60261895908749663       -1.2384718429640376E-005   7.2862802951790618E-004
   479.86549718333151       0.60362914509276888       -1.2419339142317585E-005   7.4104736866022376E-004
   484.86549718333151       0.60462142488872350       -1.2453383806011318E-005   7.5350075246623509E-004
   489.86549718333151       0.60559631032009731       -1.2486867971788627E-005   7.6598762043802375E-004
   494.86549718333151       0.60655429303517416       -1.2519806608671455E-005   7.7850742704669521E-004
   499.86549718333151       0.60749584550032365       -1.2552214131462020E-005   7.9105964117815722E-004
   504.86549718333151       0.60842142195284254       -1.2584104426954084E-005   8.0364374560511133E-004
   509.86549718333151       0.60933145929633958       -1.2615490878634589E-005   8.1625923648374595E-004
   514.86549718333151       0.61022637794281198       -1.2646386389980872E-005   8.2890562287372678E-004
   519.86549718333151       0.61110658260515094       -1.2676803406447840E-005   8.4158242628017458E-004
   524.86549718333151       0.61197246304345698       -1.2706753936230231E-005   8.5428918021640478E-004
   529.86549718333151       0.61282439476835815       -1.2736249569881388E-005   8.6702542978628620E-004
   534.86549718333151       0.61366273970418561       -1.2765301498860914E-005   8.7979073128514711E-004
   539.86549718333151       0.61448784681478019       -1.2793920533082817E-005   8.9258465181822990E-004
   544.86549718333151       0.61530005269430199       -1.2822117117524143E-005   9.0540676893575403E-004
   549.86549718333151       0.61609968212545807       -1.2849901347957345E-005   9.1825667028371135E-004
   554.86549718333151       0.61688704860711885       -1.2877282985855983E-005   9.3113395326956735E-004
   559.86549718333151       0.61766245485338500       -1.2904271472527994E-005   9.4403822474209528E-004
   564.86549718333151       0.61842619326592940       -1.2930875942524101E-005   9.5696910068461939E-004
   569.86549718333151       0.61917854638119951       -1.2957105236361734E-005   9.6992620592098108E-004
   574.86549718333151       0.61991978729416242       -1.2982967912609461E-005   9.8290917383359044E-004
   579.86549718333151       0.62065018005996186       -1.3008472259367200E-005   9.9591764609295759E-004
   584.86549718333151       0.62136998007484989       -1.3033626305178029E-005   1.0089512723981356E-003
   589.86549718333151       0.62207943443765723       -1.3058437829405112E-005   1.0220097102275408E-003
   594.86549718333151       0.62277878229299788       -1.3082914372105487E-005   1.0350926245996464E-003
   599.86549718333151       0.62346825515724569       -1.3107063243427895E-005   1.0481996878430743E-003
   604.86549718333151       0.62414807722830024       -1.3130891532561641E-005   1.0613305793756359E-003
   609.86549718333151       0.62481846568013810       -1.3154406116263482E-005   1.0744849854918994E-003
   614.86549718333151       0.62547963094293468       -1.3177613666982780E-005   1.0876625991588821E-003
   619.86549718333151       0.62613177696970546       -1.3200520660611239E-005   1.1008631198194934E-003
   624.86549718333151       0.62677510149013094       -1.3223133383874325E-005   1.1140862532033678E-003
   629.86549718333151       0.62740979625231130       -1.3245457941384616E-005   1.1273317111447523E-003
   634.86549718333151       0.62803604725315876       -1.3267500262376434E-005   1.1405992114071287E-003
   639.86549718333151       0.62865403495801364       -1.3289266107137342E-005   1.1538884775142660E-003
   644.86549718333151       0.62926393451011642       -1.3310761073153871E-005   1.1671992385874198E-003
   649.86549718333151       0.62986591593042174       -1.3331990600984289E-005   1.1805312291884042E-003
   654.86549718333151       0.63046014430837938       -1.3352959979876133E-005   1.1938841891682803E-003
   659.86549718333151       0.63104677998399261       -1.3373674353135709E-005   1.2072578635214160E-003
   664.86549718333151       0.63162597872185466       -1.3394138723270559E-005   1.2206520022446867E-003
   669.86549718333151       0.63219789187736530       -1.3414357956908735E-005   1.2340663602015954E-003
   674.86549718333151       0.63276266655562408       -1.3434336789509167E-005   1.2475006969911045E-003
   679.86549718333151       0.63332044576349011       -1.3454079829877560E-005   1.2609547768209820E-003
   684.86549718333151       0.63387136855487480       -1.3473591564487355E-005   1.2744283683854695E-003
   689.86549718333151       0.63441557016991823       -1.3492876361626190E-005   1.2879212447470957E-003
   694.86549718333151       0.63495318216816843       -1.3511938475369641E-005   1.3014331832224653E-003
   699.86549718333151       0.63548433255613623       -1.3530782049393197E-005   1.3149639652718585E-003
   704.86549718333151       0.63600914590947355       -1.3549411120629070E-005   1.3285133763924876E-003
   709.86549718333151       0.63652774349009378       -1.3567829622777187E-005   1.3420812060152647E-003
   714.86549718333151       0.63704024335839982       -1.3586041389674260E-005   1.3556672474049391E-003
   719.86549718333151       0.63754676048094161       -1.3604050158530743E-005   1.3692712975634698E-003
   724.86549718333151       0.63804740683362693       -1.3621859573038206E-005   1.3828931571365081E-003
   729.86549718333151       0.63854229150082964       -1.3639473186357958E-005   1.3965326303228660E-003
   734.86549718333151       0.63903152077045833       -1.3656894463991623E-005   1.4101895247868577E-003
   739.86549718333151       0.63951519822525127       -1.3674126786541699E-005   1.4238636515733994E-003
   744.86549718333151       0.63999342483047084       -1.3691173452367025E-005   1.4375548250257664E-003
   749.86549718333151       0.64046629901812768       -1.3708037680136524E-005   1.4512628627059028E-003
   754.86549718333151       0.64093391676792577       -1.3724722611286901E-005   1.4649875853171897E-003
   759.86549718333151       0.64139637168508201       -1.3741231312388612E-005   1.4787288166295783E-003
   764.86549718333151       0.64185375507512976       -1.3757566777423065E-005   1.4924863834070014E-003
   769.86549718333151       0.64230615601588525       -1.3773731929976412E-005   1.5062601153369777E-003
   774.86549718333151       0.64275366142665369       -1.3789729625351725E-005   1.5200498449623294E-003
   779.86549718333151       0.64319635613487536       -1.3805562652605907E-005   1.5338554076149353E-003
   784.86549718333151       0.64363432294023282       -1.3821233736511249E-005   1.5476766413514466E-003
   789.86549718333151       0.64406764267635053       -1.3836745539445471E-005   1.5615133868908920E-003
   794.86549718333151       0.64449639427031036       -1.3852100663217662E-005   1.5753654875541097E-003
   799.86549718333151       0.64492065479989613       -1.3867301650826177E-005   1.5892327892049359E-003
   804.86549718333151       0.64534049954880901       -1.3882350988156520E-005   1.6031151401930924E-003
   809.86549718333151       0.64575600205980566       -1.3897251105616963E-005   1.6170123912987093E-003
   814.86549718333151       0.64616723418603539       -1.3912004379721034E-005   1.6309243956784303E-003
   819.86549718333151       0.64657426614044233       -1.3926613134611713E-005   1.6448510088130420E-003
   824.86549718333151       0.64697716654348891       -1.3941079643535801E-005   1.6587920884565779E-003
   829.86549718333151       0.64737600246912863       -1.3955406130265543E-005   1.6727474945868433E-003
   834.86549718333151       0.64777083948921754       -1.3969594770473721E-005   1.6867170893573170E-003
   839.86549718333151       0.64816174171638996       -1.3983647693062705E-005   1.7007007370503798E-003
   844.86549718333151       0.64854877184536597       -1.3997566981445907E-005   1.7146983040318257E-003
   849.86549718333151       0.64893199119293599       -1.4011354674789989E-005   1.7287096587066157E-003
   854.86549718333151       0.64931145973655946       -1.4025012769215212E-005   1.7427346714758308E-003
   859.86549718333151       0.64968723615157287       -1.4038543218953384E-005   1.7567732146947842E-003
   864.86549718333151       0.65005937784722245       -1.4051947937470772E-005   1.7708251626322551E-003
   869.86549718333151       0.65042794100150525       -1.4065228798555085E-005   1.7848903914308102E-003
   874.86549718333151       0.65079298059476121       -1.4078387637364183E-005   1.7989687790681743E-003
   879.86549718333151       0.65115455044219672       -1.4091426251442638E-005   1.8130602053196170E-003
   884.86549718333151       0.65151270322537014       -1.4104346401706980E-005   1.8271645517213241E-003
   889.86549718333151       0.65186749052261073       -1.4117149813398404E-005   1.8412817015347224E-003
   894.86549718333151       0.65221896283841851       -1.4129838177004260E-005   1.8554115397117267E-003
   899.86549718333151       0.65256716963200134       -1.4142413149153819E-005   1.8695539528608804E-003
   904.86549718333151       0.65291215934474844       -1.4154876353480835E-005   1.8837088292143612E-003
   909.86549718333151       0.65325397942700092       -1.4167229381465580E-005   1.8978760585958269E-003
   914.86549718333151       0.65359267636384699       -1.4179473793246489E-005   1.9120555323890733E-003
   919.86549718333151       0.65392829570013089       -1.4191611118407837E-005   1.9262471435074811E-003
   924.86549718333151       0.65426088206470379       -1.4203642856744453E-005   1.9404507863642255E-003
   929.86549718333151       0.65459047919385893       -1.4215570479001100E-005   1.9546663568432267E-003
   934.86549718333151       0.65491712995410889       -1.4227395427592035E-005   1.9688937522708188E-003
   939.86549718333151       0.65524087636419337       -1.4239119117296652E-005   1.9831328713881156E-003
   944.86549718333151       0.65556175961647278       -1.4250742935936526E-005   1.9973836143240523E-003
   949.86549718333151       0.65587982009761059       -1.4262268245030329E-005   2.0116458825690828E-003
   954.86549718333151       0.65619509740865123       -1.4273696380430219E-005   2.0259195789495131E-003
   959.86549718333151       0.65650763038451121       -1.4285028652940282E-005   2.0402046076024535E-003
   964.86549718333151       0.65681745711283435       -1.4296266348915071E-005   2.0545008739513686E-003
   969.86549718333151       0.65712461495233410       -1.4307410730842604E-005   2.0688082846822111E-003
   974.86549718333151       0.65742914055054402       -1.4318463037908781E-005   2.0831267477201200E-003
   979.86549718333151       0.65773106986110619       -1.4329424486547883E-005   2.0974561722066679E-003
   984.86549718333151       0.65803043816047468       -1.4340296270974528E-005   2.1117964684776425E-003
   989.86549718333151       0.65832728006419206       -1.4351079563702735E-005   2.1261475480413451E-003
   994.86549718333151       0.65862162954263037       -1.4361775516048023E-005   2.1405093235573932E-003
   999.86549718333151       0.65891351993634806       -1.4372385258618002E-005   2.1548817088160111E-003
   1004.8654971833315       0.65920298397095645       -1.4382909901787422E-005   2.1692646187177985E-003
   1009.8654971833315       0.65949005377157144       -1.4393350536160429E-005   2.1836579692539591E-003
   1014.8654971833315       0.65977476087684794       -1.4403708233019749E-005   2.1980616774869787E-003
   1019.8654971833315       0.66005713625262086       -1.4413984044763674E-005   2.2124756615317424E-003
   1024.8654971833316       0.66033721030517523       -1.4424179005331546E-005   2.2268998405370740E-003
   1029.8654971833316       0.66061501289412350       -1.4434294130616857E-005   2.2413341346676908E-003
   1034.8654971833316       0.66089057334491075       -1.4444330418868674E-005   2.2557784650865595E-003
   1039.8654971833316       0.66116392046101702       -1.4454288851083825E-005   2.2702327539376433E-003
   1044.8654971833316       0.66143508253576921       -1.4464170391386580E-005   2.2846969243290297E-003
   1049.8654971833316       0.66170408736389319       -1.4473975987400548E-005   2.2991709003164300E-003
   1054.8654971833316       0.66197096225266616       -1.4483706570607600E-005   2.3136546068870376E-003
   1059.8654971833316       0.66223573403281366       -1.4493363056699023E-005   2.3281479699437365E-003
   1064.8654971833316       0.66249842906916812       -1.4502946345919518E-005   2.3426509162896561E-003
   1069.8654971833316       0.66275907327090555       -1.4512457323397197E-005   2.3571633736130535E-003
   1074.8654971833316       0.66301769210159778       -1.4521896859468273E-005   2.3716852704725217E-003
   1079.8654971833316       0.66327431058899189       -1.4531265809993152E-005   2.3862165362825150E-003
   1084.8654971833316       0.66352895333450290       -1.4540565016663344E-005   2.4007571012991781E-003
   1089.8654971833316       0.66378164452248811       -1.4549795307301628E-005   2.4153068966064799E-003
   1094.8654971833316       0.66403240792922924       -1.4558957496152830E-005   2.4298658541026326E-003
   1099.8654971833316       0.66428126693174194       -1.4568052384169376E-005   2.4444339064868021E-003
   1104.8654971833316       0.66452824451626047       -1.4577080759286192E-005   2.4590109872460885E-003
   1109.8654971833316       0.66477336328662340       -1.4586043396693005E-005   2.4735970306427814E-003
   1114.8654971833316       0.66501664547234463       -1.4594941059096259E-005   2.4881919717018777E-003
   1119.8654971833316       0.66525811293653114       -1.4603774496976415E-005   2.5027957461988539E-003
   1124.8654971833316       0.66549778718358232       -1.4612544448838251E-005   2.5174082906476922E-003
   1129.8654971833316       0.66573568936665772       -1.4621251641453654E-005   2.5320295422891458E-003
   1134.8654971833316       0.66597184029500311       -1.4629896790100162E-005   2.5466594390792458E-003
   1139.8654971833316       0.66620626044109454       -1.4638480598793707E-005   2.5612979196780396E-003
   1144.8654971833316       0.66643896994757079       -1.4647003760514497E-005   2.5759449234385541E-003
   1149.8654971833316       0.66666998863399818       -1.4655466957427609E-005   2.5906003903959818E-003
   1154.8654971833316       0.66689933600347129       -1.4663870861098365E-005   2.6052642612570801E-003
   1159.8654971833316       0.66712703124906469       -1.4672216132703007E-005   2.6199364773897833E-003
   1164.8654971833316       0.66735309326013292       -1.4680503423234635E-005   2.6346169808130178E-003
   1169.8654971833316       0.66757754062838970       -1.4688733373701745E-005   2.6493057141867195E-003
   1174.8654971833316       0.66780039165391536       -1.4696906615324826E-005   2.6640026208020443E-003
   1179.8654971833316       0.66802166435095367       -1.4705023769726000E-005   2.6787076445717703E-003
   1184.8654971833316       0.66824137645363324       -1.4713085449116468E-005   2.6934207300208868E-003
   1189.8654971833316       0.66845954542152686       -1.4721092256478739E-005   2.7081418222773654E-003
   1194.8654971833316       0.66867618844504173       -1.4729044785743235E-005   2.7228708670631084E-003
   1199.8654971833316       0.66889132245071126       -1.4736943621961897E-005   2.7376078106850703E-003
   1204.8654971833316       0.66910496410637255       -1.4744789341478203E-005   2.7523526000265484E-003
   1209.8654971833316       0.66931712982618174       -1.4752582512091782E-005   2.7671051825386402E-003
   1214.8654971833316       0.66952783577554775       -1.4760323693220590E-005   2.7818655062318608E-003
   1219.8654971833316       0.66973709787593172       -1.4768013436058694E-005   2.7966335196679196E-003
   1224.8654971833316       0.66994493180957526       -1.4775652283731950E-005   2.8114091719516517E-003
   1229.8654971833316       0.67015135302401341       -1.4783240771446308E-005   2.8261924127230978E-003
   1234.8654971833316       0.67035637673658277       -1.4790779426636362E-005   2.8409831921497341E-003
   1239.8654971833316       0.67056001793880649       -1.4798268769109927E-005   2.8557814609188438E-003
   1244.8654971833316       0.67076229140064647       -1.4805709311188122E-005   2.8705871702300319E-003
   1249.8654971833316       0.67096321167470019       -1.4813101557843929E-005   2.8854002717878758E-003
   1254.8654971833316       0.67116279310023153       -1.4820446006835013E-005   2.9002207177947111E-003
   1259.8654971833316       0.67136104980721700       -1.4827743148837592E-005   2.9150484609435485E-003
   1264.8654971833316       0.67155799572018637       -1.4834993467573095E-005   2.9298834544111215E-003
   1269.8654971833316       0.67175364456205267       -1.4842197439934876E-005   2.9447256518510562E-003
   1274.8654971833316       0.67194800985781633       -1.4849355536110635E-005   2.9595750073871667E-003
   1279.8654971833316       0.67214110493824375       -1.4856468219704293E-005   2.9744314756068712E-003
   1284.8654971833316       0.67233294294336343       -1.4863535947851530E-005   2.9892950115547228E-003
   1289.8654971833316       0.67252353682598731       -1.4870559171336558E-005   3.0041655707260593E-003
   1294.8654971833316       0.67271289935511247       -1.4877538334704859E-005   3.0190431090607642E-003
   1299.8654971833316       0.67290104311921373       -1.4884473876372248E-005   3.0339275829371366E-003
   1304.8654971833316       0.67308798052948526       -1.4891366228732338E-005   3.0488189491658687E-003
   1309.8654971833316       0.67327372382310757       -1.4898215818265310E-005   3.0637171649841341E-003
   1314.8654971833316       0.67345828506623628       -1.4905023065636661E-005   3.0786221880497707E-003
   1319.8654971833316       0.67364167615714732       -1.4911788385802093E-005   3.0935339764355729E-003
   1324.8654971833316       0.67382390882916832       -1.4918512188104758E-005   3.1084524886236778E-003
   1329.8654971833316       0.67400499465359576       -1.4925194876372248E-005   3.1233776835000501E-003
   1334.8654971833316       0.67418494504254811       -1.4931836849011545E-005   3.1383095203490617E-003
   1339.8654971833316       0.67436377125177449       -1.4938438499102553E-005   3.1532479588481641E-003
   1344.8654971833316       0.67454148438335271       -1.4945000214487809E-005   3.1681929590626520E-003
   1349.8654971833316       0.67471809538838823       -1.4951522377862512E-005   3.1831444814405144E-003
   1354.8654971833316       0.67489361506961010       -1.4958005366860947E-005   3.1981024868073752E-003
   1359.8654971833316       0.67506805408396486       -1.4964449554143094E-005   3.2130669363615184E-003
   1364.8654971833316       0.67524142294510081       -1.4970855307477432E-005   3.2280377916689960E-003
   1369.8654971833316       0.67541373202581012       -1.4977222989822373E-005   3.2430150146588186E-003
   1374.8654971833316       0.67558499156045526       -1.4983552959407381E-005   3.2579985676182261E-003
   1379.8654971833316       0.67575521164732810       -1.4989845569811771E-005   3.2729884131880377E-003
   1384.8654971833316       0.67592440225093231       -1.4996101170040910E-005   3.2879845143580786E-003
   1389.8654971833316       0.67609257320425920       -1.5002320104602374E-005   3.3029868344626808E-003
   1394.8654971833316       0.67625973421100360       -1.5008502713580063E-005   3.3179953371762607E-003
   1399.8654971833316       0.67642589484771243       -1.5014649332706045E-005   3.3330099865089666E-003
   1404.8654971833316       0.67659106456592888       -1.5020760293432417E-005   3.3480307468023991E-003
   1409.8654971833316       0.67675525269424397       -1.5026835922999901E-005   3.3630575827253992E-003
   1414.8654971833316       0.67691846844036530       -1.5032876544507270E-005   3.3780904592699067E-003
   1419.8654971833316       0.67708072089309002       -1.5038882476977421E-005   3.3931293417468842E-003
   1424.8654971833316       0.67724201902426895       -1.5044854035423226E-005   3.4081741957823074E-003
   1429.8654971833316       0.67740237169074924       -1.5050791530912835E-005   3.4232249873132202E-003
   1434.8654971833316       0.67756178763619823       -1.5056695270630663E-005   3.4382816825838510E-003
   1439.8654971833316       0.67772027549299130       -1.5062565557940949E-005   3.4533442481417920E-003
   1444.8654971833316       0.67787784378400551       -1.5068402692447966E-005   3.4684126508342399E-003
   1449.8654971833316       0.67803450092440576       -1.5074206970056080E-005   3.4834868578042960E-003
   1454.8654971833316       0.67819025522333254       -1.5079978683026352E-005   3.4985668364873224E-003
   1459.8654971833316       0.67834511488564508       -1.5085718120035273E-005   3.5136525546073578E-003
   1464.8654971833316       0.67849908801357772       -1.5091425566230471E-005   3.5287439801735881E-003
   1469.8654971833316       0.67865218260837812       -1.5097101303285857E-005   3.5438410814768741E-003
   1474.8654971833316       0.67880440657189867       -1.5102745609455146E-005   3.5589438270863293E-003
   1479.8654971833316       0.67895576770818777       -1.5108358759625552E-005   3.5740521858459548E-003
   1484.8654971833316       0.67910627372503041       -1.5113941025369660E-005   3.5891661268713246E-003
   1489.8654971833316       0.67925593223545344       -1.5119492674996157E-005   3.6042856195463210E-003
   1494.8654971833316       0.67940475075918616       -1.5125013973599015E-005   3.6194106335199201E-003
   1499.8654971833316       0.67955273672416472       -1.5130505183108398E-005   3.6345411387030285E-003
   1504.8654971833316       0.67969989746795478       -1.5135966562338651E-005   3.6496771052653672E-003
   1509.8654971833316       0.67984624023910456       -1.5141398367033813E-005   3.6648185036324012E-003
   1514.8654971833316       0.67999177219857432       -1.5146800849916109E-005   3.6799653044823173E-003
   1519.8654971833316       0.68013650042104579       -1.5152174260730032E-005   3.6951174787430473E-003
   1524.8654971833316       0.68028043189628107       -1.5157518846288389E-005   3.7102749975893357E-003
   1529.8654971833316       0.68042357353039640       -1.5162834850515301E-005   3.7254378324398508E-003
   1534.8654971833316       0.68056593214715266       -1.5168122514489892E-005   3.7406059549543406E-003
   1539.8654971833316       0.68070751448919153       -1.5173382076488070E-005   3.7557793370308285E-003
   1544.8654971833316       0.68084832721927391       -1.5178613772024486E-005   3.7709579508028528E-003
   1549.8654971833316       0.68098837692149516       -1.5183817833893704E-005   3.7861417686367465E-003
   1554.8654971833316       0.68112767010244279       -1.5188994492209338E-005   3.8013307631289558E-003
   1559.8654971833316       0.68126621319237990       -1.5194143974444219E-005   3.8165249071034002E-003
   1564.8654971833316       0.68140401254638350       -1.5199266505468975E-005   3.8317241736088689E-003
   1569.8654971833316       0.68154107444546985       -1.5204362307590224E-005   3.8469285359164591E-003
   1574.8654971833316       0.68167740509767139       -1.5209431600586999E-005   3.8621379675170459E-003
   1579.8654971833316       0.68181301063914590       -1.5214474601748498E-005   3.8773524421187944E-003
   1584.8654971833316       0.68194789713521675       -1.5219491525909346E-005   3.8925719336447037E-003
   1589.8654971833316       0.68208207058142156       -1.5224482585485203E-005   3.9077964162301890E-003
   1594.8654971833316       0.68221553690452541       -1.5229447990507151E-005   3.9230258642206960E-003
   1599.8654971833316       0.68234830196356555       -1.5234387948657342E-005   3.9382602521693530E-003
   1604.8654971833316       0.68248037155077701       -1.5239302665300248E-005   3.9534995548346531E-003
   1609.8654971833316       0.68261175139261665       -1.5244192343517670E-005   3.9687437471781712E-003
   1614.8654971833316       0.68274244715066312       -1.5249057184139157E-005   3.9839928043623107E-003
   1619.8654971833316       0.68287246442259197       -1.5253897385775355E-005   3.9992467017480864E-003
   1624.8654971833316       0.68300180874311989       -1.5258713144850183E-005   4.0145054148929367E-003
   1629.8654971833316       0.68313048558483147       -1.5263504655628771E-005   4.0297689195485653E-003
   1634.8654971833316       0.68325850035912761       -1.5268272110249941E-005   4.0450371916588151E-003
   1639.8654971833316       0.68338585841708177       -1.5273015698755343E-005   4.0603102073575705E-003
   1644.8654971833316       0.68351256505027680       -1.5277735609117896E-005   4.0755879429666885E-003
   1649.8654971833316       0.68363862549167742       -1.5282432027271648E-005   4.0908703749939603E-003
   1654.8654971833316       0.68376404491644061       -1.5287105137139349E-005   4.1061574801310998E-003
   1659.8654971833316       0.68388882844273602       -1.5291755120660472E-005   4.1214492352517600E-003
   1664.8654971833316       0.68401298113254694       -1.5296382157818534E-005   4.1367456174095782E-003
   1669.8654971833316       0.68413650799243120       -1.5300986426667012E-005   4.1520466038362453E-003
   1674.8654971833316       0.68425941397433787       -1.5305568103357366E-005   4.1673521719396023E-003
   1679.8654971833316       0.68438170397633702       -1.5310127362163863E-005   4.1826622993017658E-003
   1684.8654971833316       0.68450338284336498       -1.5314664375509054E-005   4.1979769636772751E-003
   1689.8654971833316       0.68462445536797056       -1.5319179313989299E-005   4.2132961429912647E-003
   1694.8654971833316       0.68474492629105554       -1.5323672346400175E-005   4.2286198153376649E-003
   1699.8654971833316       0.68486480030253238       -1.5328143639758775E-005   4.2439479589774240E-003
   1704.8654971833316       0.68498408204206429       -1.5332593359329164E-005   4.2592805523367534E-003
   1709.8654971833316       0.68510277609973702       -1.5337021668645352E-005   4.2746175740053984E-003
   1714.8654971833316       0.68522088701672923       -1.5341428729534209E-005   4.2899590027349324E-003
   1719.8654971833316       0.68533841928599903       -1.5345814702139037E-005   4.3053048174370714E-003
   1724.8654971833316       0.68545537735290496       -1.5350179744940761E-005   4.3206549971820125E-003
   1729.8654971833316       0.68557176561586330       -1.5354524014780480E-005   4.3360095211967932E-003
   1734.8654971833316       0.68568758842699762       -1.5358847666881807E-005   4.3513683688636753E-003
   1739.8654971833316       0.68580285009272535       -1.5363150854870860E-005   4.3667315197185464E-003
   1744.8654971833316       0.68591755487439265       -1.5367433730798100E-005   4.3820989534493447E-003
   1749.8654971833316       0.68603170698886407       -1.5371696445158538E-005   4.3974706498945033E-003
   1754.8654971833316       0.68614531060913164       -1.5375939146912684E-005   4.4128465890414161E-003
   1759.8654971833316       0.68625836986486211       -1.5380161983505231E-005   4.4282267510249215E-003
   1764.8654971833316       0.68637088884301367       -1.5384365100886356E-005   4.4436111161258078E-003
   1769.8654971833316       0.68648287158835219       -1.5388548643529305E-005   4.4589996647693367E-003
   1774.8654971833316       0.68659432210406901       -1.5392712754451818E-005   4.4743923775237889E-003
   1779.8654971833316       0.68670524435224656       -1.5396857575231890E-005   4.4897892350990211E-003
   1784.8654971833316       0.68681564225445191       -1.5400983246028326E-005   4.5051902183450496E-003
   1789.8654971833316       0.68692551969225446       -1.5405089905598549E-005   4.5205953082506477E-003
   1794.8654971833316       0.68703488050773487       -1.5409177691316011E-005   4.5360044859419635E-003
   1799.8654971833316       0.68714372850400640       -1.5413246739188217E-005   4.5514177326811513E-003
   1804.8654971833316       0.68725206744570433       -1.5417297183873486E-005   4.5668350298650245E-003
   1809.8654971833316       0.68735990105949996       -1.5421329158698718E-005   4.5822563590237229E-003
   1814.8654971833316       0.68746723303458890       -1.5425342795676196E-005   4.5976817018193988E-003
   1819.8654971833316       0.68757406702314794       -1.5429338225519265E-005   4.6131110400449184E-003
   1824.8654971833316       0.68768040664082408       -1.5433315577659202E-005   4.6285443556225775E-003
   1829.8654971833316       0.68778625546720407       -1.5437274980261443E-005   4.6439816306028392E-003
   1834.8654971833316       0.68789161704627277       -1.5441216560241345E-005   4.6594228471630809E-003
   1839.8654971833316       0.68799649488684900       -1.5445140443279204E-005   4.6748679876063605E-003
   1844.8654971833316       0.68810089246303874       -1.5449046753835877E-005   4.6903170343601964E-003
   1849.8654971833316       0.68820481321467986       -1.5452935615168172E-005   4.7057699699753642E-003
   1854.8654971833316       0.68830826054776661       -1.5456807149343469E-005   4.7212267771247077E-003
   1859.8654971833316       0.68841123783487290       -1.5460661477254300E-005   4.7366874386019619E-003
   1864.8654971833316       0.68851374841556789       -1.5464498718632746E-005   4.7521519373205949E-003
   1869.8654971833316       0.68861579559683628       -1.5468318992064929E-005   4.7676202563126597E-003
   1874.8654971833316       0.68871738265347182       -1.5472122415004572E-005   4.7830923787276639E-003
   1879.8654971833316       0.68881851282849149       -1.5475909103787394E-005   4.7985682878314510E-003
   1884.8654971833316       0.68891918933351992       -1.5479679173644332E-005   4.8140479670050950E-003
   1889.8654971833316       0.68901941534914357       -1.5483432738713689E-005   4.8295313997438090E-003
   1894.8654971833316       0.68911919402536104       -1.5487169912056937E-005   4.8450185696558663E-003
   1899.8654971833316       0.68921852848191878       -1.5490890805670174E-005   4.8605094604615368E-003
   1904.8654971833316       0.68931742180866751       -1.5494595530496439E-005   4.8760040559920328E-003
   1909.8654971833316       0.68941587706594853       -1.5498284196439141E-005   4.8915023401884718E-003
   1914.8654971833316       0.68951389728496593       -1.5501956912374954E-005   4.9070042971008469E-003
   1919.8654971833316       0.68961148546807982       -1.5505613786163843E-005   4.9225099108870110E-003
   1924.8654971833316       0.68970864458924752       -1.5509254924664555E-005   4.9380191658116752E-003
   1929.8654971833316       0.68980537759428184       -1.5512880433743357E-005   4.9535320462454190E-003
   1934.8654971833316       0.68990168740124569       -1.5516490418287850E-005   4.9690485366637067E-003
   1939.8654971833316       0.68999757690075647       -1.5520084982217454E-005   4.9845686216459240E-003
   1944.8654971833316       0.69009304895631096       -1.5523664228494632E-005   5.0000922858744190E-003
   1949.8654971833316       0.69018810640464567       -1.5527228259137508E-005   5.0156195141335567E-003
   1954.8654971833316       0.69028275205600909       -1.5530777175229169E-005   5.0311502913087860E-003
   1959.8654971833316       0.69037698869450936       -1.5534311076929821E-005   5.0466846023857160E-003
   1964.8654971833316       0.69047081907841368       -1.5537830063487143E-005   5.0622224324492031E-003
   1969.8654971833316       0.69056424594043442       -1.5541334233246171E-005   5.0777637666824492E-003
   1974.8654971833316       0.69065727198807592       -1.5544823683661451E-005   5.0933085903661105E-003
   1979.8654971833316       0.69074989990389357       -1.5548298511305932E-005   5.1088568888774163E-003
   1984.8654971833316       0.69084213234579928       -1.5551758811881640E-005   5.1244086476892976E-003
   1989.8654971833316       0.69093397194733353       -1.5555204680229026E-005   5.1399638523695265E-003
   1994.8654971833316       0.69102542131798106       -1.5558636210338080E-005   5.1555224885798650E-003
   1999.8654971833316       0.69111648304343964       -1.5562053495357596E-005   5.1710845420752227E-003
   2004.8654971833316       0.69120715968586310       -1.5565456627603558E-005   5.1866499987028259E-003
   2009.8654971833316       0.69129745378419949       -1.5568845698571056E-005   5.2022188444013967E-003
   2014.8654971833316       0.69138736785439070       -1.5572220798941067E-005   5.2177910652003376E-003
   2019.8654971833316       0.69147690438966980       -1.5575582018590850E-005   5.2333666472189283E-003
   2024.8654971833316       0.69156606586082880       -1.5578929446603316E-005   5.2489455766655318E-003
   2029.8654971833316       0.69165485471646770       -1.5582263171275646E-005   5.2645278398368075E-003
   2034.8654971833316       0.69174327338325325       -1.5585583280128340E-005   5.2801134231169359E-003
   2039.8654971833316       0.69183132426618366       -1.5588889859914427E-005   5.2957023129768504E-003
   2044.8654971833316       0.69191900974877441       -1.5592182996625830E-005   5.3112944959734761E-003
   2049.8654971833316       0.69200633219334873       -1.5595462775503566E-005   5.3268899587489800E-003
   2054.8654971833316       0.69209329394129071       -1.5598729281046602E-005   5.3424886880300265E-003
   2059.8654971833316       0.69217989731327656       -1.5601982597019922E-005   5.3580906706270463E-003
   2064.8654971833316       0.69226614460946423       -1.5605222806461016E-005   5.3736958934335072E-003
   2069.8654971833316       0.69235203810977075       -1.5608449991689653E-005   5.3893043434251973E-003
   2074.8654971833316       0.69243758007408285       -1.5611664234315192E-005   5.4049160076595128E-003
   2079.8654971833316       0.69252277274248752       -1.5614865615244647E-005   5.4205308732747579E-003
   2084.8654971833316       0.69260761833547690       -1.5618054214689797E-005   5.4361489274894472E-003
   2089.8654971833316       0.69269211905417061       -1.5621230112174929E-005   5.4517701576016226E-003
   2094.8654971833316       0.69277627708055167       -1.5624393386545152E-005   5.4673945509881678E-003
   2099.8654971833316       0.69286009457765785       -1.5627544115973010E-005   5.4830220951041404E-003
   2104.8654971833316       0.69294357368981729       -1.5630682377966796E-005   5.4986527774821070E-003
   2109.8654971833316       0.69302671654278758       -1.5633808249375191E-005   5.5142865857314826E-003
   2114.8654971833316       0.69310952524405978       -1.5636921806398199E-005   5.5299235075378806E-003
   2119.8654971833316       0.69319200188297070       -1.5640023124590790E-005   5.5455635306624713E-003
   2124.8654971833316       0.69327414853096059       -1.5643112278872095E-005   5.5612066429413434E-003
   2129.8654971833316       0.69335596724174364       -1.5646189343531284E-005   5.5768528322848749E-003
   2134.8654971833316       0.69343746005147577       -1.5649254392233358E-005   5.5925020866771083E-003
   2139.8654971833316       0.69351862897899408       -1.5652307498027670E-005   5.6081543941751359E-003
   2144.8654971833316       0.69359947602598171       -1.5655348733353608E-005   5.6238097429084895E-003
   2149.8654971833316       0.69368000317715406       -1.5658378170047138E-005   5.6394681210785369E-003
   2154.8654971833316       0.69376021240045183       -1.5661395879347547E-005   5.6551295169578845E-003
   2159.8654971833316       0.69384010564718146       -1.5664401931902296E-005   5.6707939188897867E-003
   2164.8654971833316       0.69391968485226263       -1.5667396397775821E-005   5.6864613152875628E-003
   2169.8654971833316       0.69399895193434091       -1.5670379346453346E-005   5.7021316946340161E-003
   2174.8654971833316       0.69407790879600362       -1.5673350846848522E-005   5.7178050454808650E-003
   2179.8654971833316       0.69415655732394121       -1.5676310967309090E-005   5.7334813564481743E-003
   2184.8654971833316       0.69423489938907490       -1.5679259775621201E-005   5.7491606162237956E-003
   2189.8654971833316       0.69431293684678086       -1.5682197339017452E-005   5.7648428135628127E-003
   2194.8654971833316       0.69439067153703504       -1.5685123724181887E-005   5.7805279372869943E-003
   2199.8654971833316       0.69446810528458147       -1.5688038997255931E-005   5.7962159762842500E-003
   2204.8654971833316       0.69454523989908334       -1.5690943223843642E-005   5.8119069195080933E-003
   2209.8654971833316       0.69462207717524505       -1.5693836469015913E-005   5.8276007559771095E-003
   2214.8654971833316       0.69469861889306195       -1.5696718797319466E-005   5.8432974747744289E-003
   2219.8654971833316       0.69477486681789702       -1.5699590272779321E-005   5.8589970650472084E-003
   2224.8654971833316       0.69485082270066123       -1.5702450958905231E-005   5.8746995160061134E-003
   2229.8654971833316       0.69492648827795134       -1.5705300918696458E-005   5.8904048169248100E-003
   2234.8654971833316       0.69500186527221808       -1.5708140214647736E-005   5.9061129571394578E-003
   2239.8654971833316       0.69507695539189684       -1.5710968908753810E-005   5.9218239260482117E-003
   2244.8654971833316       0.69515176033156223       -1.5713787062514900E-005   5.9375377131107264E-003
   2249.8654971833316       0.69522628177206436       -1.5716594736941464E-005   5.9532543078476682E-003
   2254.8654971833316       0.69530052138066700       -1.5719391992559024E-005   5.9689736998402272E-003
   2259.8654971833316       0.69537448081121600       -1.5722178889414193E-005   5.9846958787296411E-003
   2264.8654971833316       0.69544816170423618       -1.5724955487077931E-005   6.0004208342167194E-003
   2269.8654971833316       0.69552156568708368       -1.5727721844650988E-005   6.0161485560613704E-003
   2274.8654971833316       0.69559469437411381       -1.5730478020769845E-005   6.0318790340821403E-003
   2279.8654971833316       0.69566754936674402       -1.5733224073608785E-005   6.0476122581557493E-003
   2284.8654971833316       0.69574013225364006       -1.5735960060886555E-005   6.0633482182166363E-003
   2289.8654971833316       0.69581244461082503       -1.5738686039870157E-005   6.0790869042565065E-003
   2294.8654971833316       0.69588448800183633       -1.5741402067380448E-005   6.0948283063238873E-003
   2299.8654971833316       0.69595626397779775       -1.5744108199794539E-005   6.1105724145236818E-003
   2304.8654971833316       0.69602777407759764       -1.5746804493052180E-005   6.1263192190167343E-003
   2309.8654971833316       0.69609901982796707       -1.5749491002658431E-005   6.1420687100193928E-003
   2314.8654971833316       0.69617000274364282       -1.5752167783689470E-005   6.1578208778030824E-003
   2319.8654971833316       0.69624072432746065       -1.5754834890795826E-005   6.1735757126938785E-003
   2324.8654971833316       0.69631118607049214       -1.5757492378207252E-005   6.1893332050720860E-003
   2329.8654971833316       0.69638138945212791       -1.5760140299735549E-005   6.2050933453718215E-003
   2334.8654971833316       0.69645133594024711       -1.5762778708780681E-005   6.2208561240806020E-003
   2339.8654971833316       0.69652102699126928       -1.5765407658332440E-005   6.2366215317389345E-003
   2344.8654971833316       0.69659046405033920       -1.5768027200977164E-005   6.2523895589399114E-003
   2349.8654971833316       0.69665964855137819       -1.5770637388899344E-005   6.2681601963288109E-003
   2354.8654971833316       0.69672858191721876       -1.5773238273886498E-005   6.2839334346026978E-003
   2359.8654971833316       0.69679726555972166       -1.5775829907333245E-005   6.2997092645100308E-003
   2364.8654971833316       0.69686570087985844       -1.5778412340244218E-005   6.3154876768502753E-003
   2369.8654971833316       0.69693388926785549       -1.5780985623239188E-005   6.3312686624735146E-003
   2374.8654971833316       0.69700183210326272       -1.5783549806555434E-005   6.3470522122800700E-003
   2379.8654971833316       0.69706953075506883       -1.5786104940051800E-005   6.3628383172201217E-003
   2384.8654971833316       0.69713698658182166       -1.5788651073213035E-005   6.3786269682933345E-003
   2389.8654971833316       0.69720420093170632       -1.5791188255152442E-005   6.3944181565484867E-003
   2394.8654971833316       0.69727117514266135       -1.5793716534616037E-005   6.4102118730831031E-003
   2399.8654971833316       0.69733791054246763       -1.5796235959985681E-005   6.4260081090430883E-003
   2404.8654971833316       0.69740440844885110       -1.5798746579282699E-005   6.4418068556223711E-003
   2409.8654971833316       0.69747067016958431       -1.5801248440171467E-005   6.4576081040625425E-003
   2414.8654971833316       0.69753669700257404       -1.5803741589962525E-005   6.4734118456525047E-003
   2419.8654971833316       0.69760249023595611       -1.5806226075615880E-005   6.4892180717281206E-003
   2424.8654971833316       0.69766805114819996       -1.5808701943744780E-005   6.5050267736718650E-003
   2429.8654971833316       0.69773338100819593       -1.5811169240618734E-005   6.5208379429124840E-003
   2434.8654971833316       0.69779848107534281       -1.5813628012166636E-005   6.5366515709246505E-003
   2439.8654971833316       0.69786335259961729       -1.5816078303979148E-005   6.5524676492286294E-003
   2444.8654971833316       0.69792799682170470       -1.5818520161313443E-005   6.5682861693899426E-003
   2449.8654971833316       0.69799241497306030       -1.5820953629095281E-005   6.5841071230190382E-003
   2454.8654971833316       0.69805660827602944       -1.5823378751923370E-005   6.5999305017709620E-003
   2459.8654971833316       0.69812057794388793       -1.5825795574070651E-005   6.6157562973450327E-003
   2464.8654971833316       0.69818432518093387       -1.5828204139487586E-005   6.6315845014845200E-003
   2469.8654971833316       0.69824785118259225       -1.5830604491805908E-005   6.6474151059763261E-003
   2474.8654971833316       0.69831115713552272       -1.5832996674342480E-005   6.6632481026506684E-003
   2479.8654971833316       0.69837424421765193       -1.5835380730100323E-005   6.6790834833807692E-003
   2484.8654971833316       0.69843711359826355       -1.5837756701771848E-005   6.6949212400825410E-003
   2489.8654971833316       0.69849976643809575       -1.5840124631742305E-005   6.7107613647142831E-003
   2494.8654971833316       0.69856220388942403       -1.5842484562092764E-005   6.7266038492763761E-003
   2499.8654971833316       0.69862442709612238       -1.5844836534602229E-005   6.7424486858109782E-003
   2504.8654971833316       0.69868643719375112       -1.5847180590750750E-005   6.7582958664017291E-003
   2509.8654971833316       0.69874823530963859       -1.5849516771722369E-005   6.7741453831734518E-003
   2514.8654971833316       0.69880982256292146       -1.5851845118406420E-005   6.7899972282918584E-003
   2519.8654971833316       0.69887120006467951       -1.5854165671402494E-005   6.8058513939632612E-003
   2524.8654971833316       0.69893236891797983       -1.5856478471021896E-005   6.8217078724342834E-003
   2529.8654971833316       0.69899333021793864       -1.5858783557289828E-005   6.8375666559915733E-003
   2534.8654971833316       0.69905408505180922       -1.5861080969948539E-005   6.8534277369615218E-003
   2539.8654971833316       0.69911463449904299       -1.5863370748459470E-005   6.8692911077099812E-003
   2544.8654971833316       0.69917497963138786       -1.5865652932006796E-005   6.8851567606419877E-003
   2549.8654971833316       0.69923512151291611       -1.5867927559498325E-005   6.9010246882014858E-003
   2554.8654971833316       0.69929506120012441       -1.5870194669569116E-005   6.9168948828710547E-003
   2559.8654971833316       0.69935479974198578       -1.5872454300583274E-005   6.9327673371716381E-003
   2564.8654971833316       0.69941433818005749       -1.5874706490637908E-005   6.9486420436622757E-003
   2569.8654971833316       0.69947367754847789       -1.5876951277562797E-005   6.9645189949398383E-003
   2574.8654971833316       0.69953281887409946       -1.5879188698925326E-005   6.9803981836387636E-003
   2579.8654971833316       0.69959176317650318       -1.5881418792030825E-005   6.9962796024307947E-003
   2584.8654971833316       0.69965051146810164       -1.5883641593926377E-005   7.0121632440247206E-003
   2589.8654971833316       0.69970906475421835       -1.5885857141403608E-005   7.0280491011661238E-003
   2594.8654971833316       0.69976742403306957       -1.5888065470997904E-005   7.0439371666371218E-003
   2599.8654971833316       0.69982559029590707       -1.5890266618993626E-005   7.0598274332561153E-003
   2604.8654971833316       0.69988356452705436       -1.5892460621425374E-005   7.0757198938775408E-003
   2609.8654971833316       0.69994134770396410       -1.5894647514079997E-005   7.0916145413916212E-003
   2614.8654971833316       0.69999894079728386       -1.5896827332498938E-005   7.1075113687241202E-003
   2619.8654971833316       0.70005634477091194       -1.5899000111980220E-005   7.1234103688361007E-003
   2624.8654971833316       0.70011356058206997       -1.5901165887581059E-005   7.1393115347236817E-003
   2629.8654971833316       0.70017058918135011       -1.5903324694119502E-005   7.1552148594178008E-003
   2634.8654971833316       0.70022743151275335       -1.5905476566175748E-005   7.1711203359839763E-003
   2639.8654971833316       0.70028408851379131       -1.5907621538095878E-005   7.1870279575220724E-003
   2644.8654971833316       0.70034056111552478       -1.5909759643993183E-005   7.2029377171660657E-003
   2649.8654971833316       0.70039685024260834       -1.5911890917749700E-005   7.2188496080838153E-003
   2654.8654971833316       0.70045295681335873       -1.5914015393018725E-005   7.2347636234768344E-003
   2659.8654971833316       0.70050888173979842       -1.5916133103226274E-005   7.2506797565800602E-003
   2664.8654971833316       0.70056462592773527       -1.5918244081574030E-005   7.2665980006616339E-003
   2669.8654971833316       0.70062019027677902       -1.5920348361039800E-005   7.2825183490226736E-003
   2674.8654971833316       0.70067557568042360       -1.5922445974380551E-005   7.2984407949970541E-003
   2679.8654971833316       0.70073078302609759       -1.5924536954134173E-005   7.3143653319511885E-003
   2684.8654971833316       0.70078581319520350       -1.5926621332620858E-005   7.3302919532838096E-003
   2689.8654971833316       0.70084066706318515       -1.5928699141945537E-005   7.3462206524257554E-003
   2694.8654971833316       0.70089534549956412       -1.5930770413999145E-005   7.3621514228397545E-003
   2699.8654971833316       0.70094984936800875       -1.5932835180461105E-005   7.3780842580202155E-003
   2704.8654971833316       0.70100417952637162       -1.5934893472800669E-005   7.3940191514930160E-003
   2709.8654971833316       0.70105833682672070       -1.5936945322277947E-005   7.4099560968152942E-003
   2714.8654971833316       0.70111232211543451       -1.5938990759947437E-005   7.4258950875752414E-003
   2719.8654971833316       0.70116613623320911       -1.5941029816658147E-005   7.4418361173918994E-003
   2724.8654971833316       0.70121978001514029       -1.5943062523056630E-005   7.4577791799149556E-003
   2729.8654971833316       0.70127325429074117       -1.5945088909587541E-005   7.4737242688245435E-003
   2734.8654971833316       0.70132655988400316       -1.5947109006495804E-005   7.4896713778310397E-003
   2739.8654971833316       0.70137969761344565       -1.5949122843828459E-005   7.5056205006748681E-003
   2744.8654971833316       0.70143266829215789       -1.5951130451436081E-005   7.5215716311263043E-003
   2749.8654971833316       0.70148547272783579       -1.5953131858974109E-005   7.5375247629852786E-003
   2754.8654971833316       0.70153811172284908       -1.5955127095905292E-005   7.5534798900811842E-003
   2759.8654971833316       0.70159058607425606       -1.5957116191500120E-005   7.5694370062726847E-003
   2764.8654971833316       0.70164289657391044       -1.5959099174840812E-005   7.5853961054475252E-003
   2769.8654971833316       0.70169504400841842       -1.5961076074819565E-005   7.6013571815223445E-003
   2774.8654971833316       0.70174702915923204       -1.5963046920142013E-005   7.6173202284424866E-003
   2779.8654971833316       0.70179885280268317       -1.5965011739328406E-005   7.6332852401818146E-003
   2784.8654971833316       0.70185051571003876       -1.5966970560715631E-005   7.6492522107425298E-003
   2789.8654971833316       0.70190201864750945       -1.5968923412457420E-005   7.6652211341549873E-003
   2794.8654971833316       0.70195336237636730       -1.5970870322528755E-005   7.6811920044775163E-003
   2799.8654971833316       0.70200454765288123       -1.5972811318723289E-005   7.6971648157962399E-003
   2804.8654971833316       0.70205557522841644       -1.5974746428657066E-005   7.7131395622248968E-003
   2809.8654971833316       0.70210644584949733       -1.5976675679770792E-005   7.7291162379046676E-003
   2814.8654971833316       0.70215716025778230       -1.5978599099328800E-005   7.7450948370039966E-003
   2819.8654971833316       0.70220771919017866       -1.5980516714423330E-005   7.7610753537184201E-003
   2824.8654971833316       0.70225812337880733       -1.5982428551973087E-005   7.7770577822703930E-003
   2829.8654971833316       0.70230837355111819       -1.5984334638727551E-005   7.7930421169091204E-003
   2834.8654971833316       0.70235847042985555       -1.5986235001265561E-005   7.8090283519103862E-003
   2839.8654971833316       0.70240841473315019       -1.5988129665998747E-005   7.8250164815763853E-003
   2844.8654971833316       0.70245820717452634       -1.5990018659171696E-005   7.8410065002355572E-003
   2849.8654971833316       0.70250784846295278       -1.5991902006863820E-005   7.8569984022424204E-003
   2854.8654971833316       0.70255733930286768       -1.5993779734990216E-005   7.8729921819774111E-003
   2859.8654971833316       0.70260668039421592       -1.5995651869302991E-005   7.8889878338467140E-003
   2864.8654971833316       0.70265587243252270       -1.5997518435394000E-005   7.9049853522821078E-003
   2869.8654971833316       0.70270491610889751       -1.5999379458694894E-005   7.9209847317408023E-003
   2874.8654971833316       0.70275381211004828       -1.6001234964477601E-005   7.9369859667052806E-003
   2879.8654971833316       0.70280256111835737       -1.6003084977857114E-005   7.9529890516831375E-003
   2884.8654971833316       0.70285116381188717       -1.6004929523791662E-005   7.9689939812069288E-003
   2889.8654971833316       0.70289962086443725       -1.6006768627084755E-005   7.9850007498340134E-003
   2894.8654971833316       0.70294793294558722       -1.6008602312386788E-005   8.0010093521464005E-003
   2899.8654971833316       0.70299610072069019       -1.6010430604194687E-005   8.0170197827505955E-003
   2904.8654971833316       0.70304412485091883       -1.6012253526853593E-005   8.0330320362774488E-003
   2909.8654971833316       0.70309200599332167       -1.6014071104558940E-005   8.0490461073820085E-003
   2914.8654971833316       0.70313974480084040       -1.6015883361357026E-005   8.0650619907433659E-003
   2919.8654971833316       0.70318734192235244       -1.6017690321146576E-005   8.0810796810645118E-003
   2924.8654971833316       0.70323479800269972       -1.6019492007679742E-005   8.0970991730721920E-003
   2929.8654971833316       0.70328211368268101       -1.6021288444561772E-005   8.1131204615167533E-003
   2934.8654971833316       0.70332928959915686       -1.6023079655254912E-005   8.1291435411720084E-003
   2939.8654971833316       0.70337632638502701       -1.6024865663077477E-005   8.1451684068350860E-003
   2944.8654971833316       0.70342322466929075       -1.6026646491206094E-005   8.1611950533262926E-003
   2949.8654971833316       0.70346998507705205       -1.6028422162675809E-005   8.1772234754889685E-003
   2954.8654971833316       0.70351660822955819       -1.6030192700381518E-005   8.1932536681893504E-003
   2959.8654971833316       0.70356309474423573       -1.6031958127079235E-005   8.2092856263164295E-003
   2964.8654971833316       0.70360944523473345       -1.6033718465387702E-005   8.2253193447818177E-003
   2969.8654971833316       0.70365566031092674       -1.6035473737788450E-005   8.2413548185196056E-003
   2974.8654971833316       0.70370174057896395       -1.6037223966627531E-005   8.2573920424862338E-003
   2979.8654971833316       0.70374768664127385       -1.6038969174115719E-005   8.2734310116603493E-003
   2984.8654971833316       0.70379349909662714       -1.6040709382330799E-005   8.2894717210426801E-003
   2989.8654971833316       0.70383917854013323       -1.6042444613217387E-005   8.3055141656558969E-003
   2994.8654971833316       0.70388472556330750       -1.6044174888589410E-005   8.3215583405444864E-003
   2999.8654971833316       0.70393014075403304       -1.6045900230128604E-005   8.3376042407746157E-003
   3004.8654971833316       0.70397542469666918       -1.6047620659388597E-005   8.3536518614340041E-003
   3009.8654971833316       0.70402057797201900       -1.6049336197793575E-005   8.3697011976317983E-003
   3014.8654971833316       0.70406560115738770       -1.6051046866640481E-005   8.3857522444984386E-003
   3019.8654971833316       0.70411049482659194       -1.6052752687099309E-005   8.4018049971855378E-003
   3024.8654971833316       0.70415525955000524       -1.6054453680214753E-005   8.4178594508657525E-003
   3029.8654971833316       0.70419989589454579       -1.6056149866905707E-005   8.4339156007326582E-003
   3034.8654971833316       0.70424440442375524       -1.6057841267968200E-005   8.4499734420006266E-003
   3039.8654971833316       0.70428878569778475       -1.6059527904074814E-005   8.4660329699047018E-003
   3044.8654971833316       0.70433304027345778       -1.6061209795777011E-005   8.4820941797004792E-003
   3049.8654971833316       0.70437716870423572       -1.6062886963503782E-005   8.4981570666639826E-003
   3054.8654971833316       0.70442117154031603       -1.6064559427565315E-005   8.5142216260915473E-003
   3059.8654971833316       0.70446504932860810       -1.6066227208152051E-005   8.5302878532996992E-003
   3064.8654971833316       0.70450880261276516       -1.6067890325335809E-005   8.5463557436250351E-003
   3069.8654971833316       0.70455243193322548       -1.6069548799071323E-005   8.5624252924241060E-003
   3074.8654971833316       0.70459593782720942       -1.6071202649196088E-005   8.5784964950733015E-003
   3079.8654971833316       0.70463932082878533       -1.6072851895432792E-005   8.5945693469687348E-003
   3084.8654971833316       0.70468258146883411       -1.6074496557387943E-005   8.6106438435261234E-003
   3089.8654971833316       0.70472572027513602       -1.6076136654555110E-005   8.6267199801806776E-003
   3094.8654971833316       0.70476873777236371       -1.6077772206314611E-005   8.6427977523869919E-003
   3099.8654971833316       0.70481163448209994       -1.6079403231934133E-005   8.6588771556189263E-003
   3104.8654971833316       0.70485441092286383       -1.6081029750569705E-005   8.6749581853694958E-003
   3109.8654971833316       0.70489706761014614       -1.6082651781266951E-005   8.6910408371507625E-003
   3114.8654971833316       0.70493960505641862       -1.6084269342961465E-005   8.7071251064937231E-003
   3119.8654971833316       0.70498202377116526       -1.6085882454479890E-005   8.7232109889482032E-003
   3124.8654971833316       0.70502432426090667       -1.6087491134540826E-005   8.7392984800827439E-003
   3129.8654971833316       0.70506650702919360       -1.6089095401754548E-005   8.7553875754844985E-003
   3134.8654971833316       0.70510857257666226       -1.6090695274625051E-005   8.7714782707591227E-003
   3139.8654971833316       0.70515052140105139       -1.6092290771550671E-005   8.7875705615306741E-003
   3144.8654971833316       0.70519235399720503       -1.6093881910824127E-005   8.8036644434414980E-003
   3149.8654971833316       0.70523407085712853       -1.6095468710634623E-005   8.8197599121521333E-003
   3154.8654971833316       0.70527567246996636       -1.6097051189066964E-005   8.8358569633411998E-003
   3159.8654971833316       0.70531715932202588       -1.6098629364102399E-005   8.8519555927053014E-003
   3164.8654971833316       0.70535853189686637       -1.6100203253621997E-005   8.8680557959589235E-003
   3169.8654971833316       0.70539979067522973       -1.6101772875403935E-005   8.8841575688343270E-003
   3174.8654971833316       0.70544093613509729       -1.6103338247125646E-005   8.9002609070814535E-003
   3179.8654971833316       0.70548196875173319       -1.6104899386365425E-005   8.9163658064678186E-003
   3184.8654971833316       0.70552288899768067       -1.6106456310602227E-005   8.9324722627784209E-003
   3189.8654971833316       0.70556369734276725       -1.6108009037215850E-005   8.9485802718156371E-003
   3194.8654971833316       0.70560439425416299       -1.6109557583489100E-005   8.9646898293991254E-003
   3199.8654971833316       0.70564498019635991       -1.6111101966606971E-005   8.9808009313657317E-003
   3204.8654971833316       0.70568545563122986       -1.6112642203658813E-005   8.9969135735693904E-003
   3209.8654971833316       0.70572582101800563       -1.6114178311637576E-005   9.0130277518810278E-003
   3214.8654971833316       0.70576607681332137       -1.6115710307441287E-005   9.0291434621884697E-003
   3219.8654971833316       0.70580622347122746       -1.6117238207873625E-005   9.0452607003963428E-003
   3224.8654971833316       0.70584626144323892       -1.6118762029645684E-005   9.0613794624259877E-003
   3229.8654971833316       0.70588619117826479       -1.6120281789373270E-005   9.0774997442153605E-003
   3234.8654971833316       0.70592601312273173       -1.6121797503581562E-005   9.0936215417189419E-003
   3239.8654971833316       0.70596572772053123       -1.6123309188703064E-005   9.1097448509076442E-003
   3244.8654971833316       0.70600533541309751       -1.6124816861080557E-005   9.1258696677687240E-003
   3249.8654971833316       0.70604483663935125       -1.6126320536964892E-005   9.1419959883056890E-003
   3254.8654971833316       0.70608423183577951       -1.6127820232518008E-005   9.1581238085382075E-003
   3259.8654971833316       0.70612352143642154       -1.6129315963812373E-005   9.1742531245020201E-003
   3264.8654971833316       0.70616270587290531       -1.6130807746832318E-005   9.1903839322488527E-003
   3269.8654971833316       0.70620178557443303       -1.6132295597473464E-005   9.2065162278463265E-003
   3274.8654971833316       0.70624076096782018       -1.6133779531544183E-005   9.2226500073778715E-003
   3279.8654971833316       0.70627963247754066       -1.6135259564767257E-005   9.2387852669426392E-003
   3284.8654971833316       0.70631840052569528       -1.6136735712778672E-005   9.2549220026554180E-003
   3289.8654971833316       0.70635706553204991       -1.6138207991129027E-005   9.2710602106465465E-003
   3294.8654971833316       0.70639562791404487       -1.6139676415283857E-005   9.2871998870618297E-003
   3299.8654971833316       0.70643408808680497       -1.6141141000624008E-005   9.3033410280624531E-003
   3304.8654971833316       0.70647244646318830       -1.6142601762447417E-005   9.3194836298249005E-003
   3309.8654971833316       0.70651070345377831       -1.6144058715968810E-005   9.3356276885408693E-003
   3314.8654971833316       0.70654885946688895       -1.6145511876319884E-005   9.3517732004171888E-003
   3319.8654971833316       0.70658691490859948       -1.6146961258550563E-005   9.3679201616757388E-003
   3324.8654971833316       0.70662487018275910       -1.6148406877629145E-005   9.3840685685533682E-003
   3329.8654971833316       0.70666272569101263       -1.6149848748443317E-005   9.4002184173018113E-003
   3334.8654971833316       0.70670048183282674       -1.6151286885801023E-005   9.4163697041876118E-003
   3339.8654971833316       0.70673813900545546       -1.6152721304429197E-005   9.4325224254920414E-003
   3344.8654971833316       0.70677569760401093       -1.6154152018976402E-005   9.4486765775110178E-003
   3349.8654971833316       0.70681315802144373       -1.6155579044012050E-005   9.4648321565550305E-003
   3354.8654971833316       0.70685052064858234       -1.6157002394027892E-005   9.4809891589490592E-003
   3359.8654971833316       0.70688778587413204       -1.6158422083437917E-005   9.4971475810324973E-003
   3364.8654971833316       0.70692495408468681       -1.6159838126578813E-005   9.5133074191590759E-003
   3369.8654971833316       0.70696202566474253       -1.6161250537710420E-005   9.5294686696967869E-003
   3374.8654971833316       0.70699900099673585       -1.6162659331017184E-005   9.5456313290278039E-003
   3379.8654971833316       0.70703588046106447       -1.6164064520608921E-005   9.5617953935484123E-003
   3384.8654971833316       0.70707266443602601       -1.6165466120518440E-005   9.5779608596689315E-003
   3389.8654971833316       0.70710935329791647       -1.6166864144705270E-005   9.5941277238136367E-003
   3394.8654971833316       0.70714594742098824       -1.6168258607054054E-005   9.6102959824206913E-003
   3399.8654971833316       0.70718244717751899       -1.6169649521377110E-005   9.6264656319420688E-003
   3404.8654971833316       0.70721885293777786       -1.6171036901413171E-005   9.6426366688434819E-003
   3409.8654971833316       0.70725516507004871       -1.6172420760828188E-005   9.6588090896043109E-003
   3414.8654971833316       0.70729138394067181       -1.6173801113216928E-005   9.6749828907175279E-003
   3419.8654971833316       0.70732750991400095       -1.6175177972101310E-005   9.6911580686896287E-003
   3424.8654971833316       0.70736354335248375       -1.6176551350933427E-005   9.7073346200405621E-003
   3429.8654971833316       0.70739948461662794       -1.6177921263094251E-005   9.7235125413036565E-003
   3434.8654971833316       0.70743533406504089       -1.6179287721895116E-005   9.7396918290255513E-003
   3439.8654971833316       0.70747109205439540       -1.6180650740576372E-005   9.7558724797661284E-003
   3444.8654971833316       0.70750675893951676       -1.6182010332310689E-005   9.7720544900984398E-003
   3449.8654971833316       0.70754233507333020       -1.6183366510201041E-005   9.7882378566086416E-003
   3454.8654971833316       0.70757782080691500       -1.6184719287282737E-005   9.8044225758959248E-003
   3459.8654971833316       0.70761321648950115       -1.6186068676523260E-005   9.8206086445724473E-003
   3464.8654971833316       0.70764852246846943       -1.6187414690822255E-005   9.8367960592632697E-003
   3469.8654971833316       0.70768373908937854       -1.6188757343012547E-005   9.8529848166062830E-003
   3474.8654971833316       0.70771886669597761       -1.6190096645860595E-005   9.8691749132521437E-003
   3479.8654971833316       0.70775390563022211       -1.6191432612067051E-005   9.8853663458642101E-003
   3484.8654971833316       0.70778885623226595       -1.6192765254266473E-005   9.9015591111184763E-003
   3489.8654971833316       0.70782371884050399       -1.6194094585028901E-005   9.9177532057035060E-003
   3494.8654971833316       0.70785849379155574       -1.6195420616859207E-005   9.9339486263203651E-003
   3499.8654971833316       0.70789318142027036       -1.6196743362197297E-005   9.9501453696825629E-003
   3504.8654971833316       0.70792778205978468       -1.6198062833420270E-005   9.9663434325159839E-003
   3509.8654971833316       0.70796229604149774       -1.6199379042841431E-005   9.9825428115588258E-003
   3514.8654971833316       0.70799672369507538       -1.6200692002710452E-005   9.9987435035615371E-003
   3519.8654971833316       0.70803106534848959       -1.6202001725214855E-005   1.0014945505286752E-002
   3524.8654971833316       0.70806532132800748       -1.6203308222479566E-005   1.0031148813509232E-002
   3529.8654971833316       0.70809949195823463       -1.6204611506568536E-005   1.0047353425015801E-002
   3534.8654971833316       0.70813357756207451       -1.6205911589483198E-005   1.0063559336605283E-002
   3539.8654971833316       0.70816757846077383       -1.6207208483164149E-005   1.0079766545088447E-002
   3544.8654971833316       0.70820149497393292       -1.6208502199491548E-005   1.0095975047287939E-002
   3549.8654971833316       0.70823532741951245       -1.6209792750285342E-005   1.0112184840038225E-002
   3554.8654971833316       0.70826907611383960       -1.6211080147305477E-005   1.0128395920185530E-002
   3559.8654971833316       0.70830274137163074       -1.6212364402252757E-005   1.0144608284587783E-002
   3564.8654971833316       0.70833632350597053       -1.6213645526768028E-005   1.0160821930114552E-002
   3569.8654971833316       0.70836982282837835       -1.6214923532434657E-005   1.0177036853646987E-002
   3574.8654971833316       0.70840323964874419       -1.6216198430776122E-005   1.0193253052077763E-002
   3579.8654971833316       0.70843657427540729       -1.6217470233258952E-005   1.0209470522311023E-002
   3584.8654971833316       0.70846982701512784       -1.6218738951291656E-005   1.0225689261262313E-002
   3589.8654971833316       0.70850299817312590       -1.6220004596226171E-005   1.0241909265858540E-002
   3594.8654971833316       0.70853608805305079       -1.6221267179356672E-005   1.0258130533037898E-002
   3599.8654971833316       0.70856909695702297       -1.6222526711921170E-005   1.0274353059749818E-002
   3604.8654971833316       0.70860202518562942       -1.6223783205101316E-005   1.0290576842954919E-002
   3609.8654971833316       0.70863487303794837       -1.6225036670023302E-005   1.0306801879624941E-002
   3614.8654971833316       0.70866764081155342       -1.6226287117758036E-005   1.0323028166742699E-002
   3619.8654971833316       0.70870032880251532       -1.6227534559321164E-005   1.0339255701302020E-002
   3624.8654971833316       0.70873293730539477       -1.6228779005672788E-005   1.0355484480307693E-002
   3629.8654971833316       0.70876546661330930       -1.6230020467720010E-005   1.0371714500775413E-002
   3634.8654971833316       0.70879791701788963       -1.6231258956315231E-005   1.0387945759731728E-002
   3639.8654971833316       0.70883028880927967       -1.6232494482256150E-005   1.0404178254213985E-002
   3644.8654971833316       0.70886258227621357       -1.6233727056288677E-005   1.0420411981270274E-002
   3649.8654971833316       0.70889479770597141       -1.6234956689105242E-005   1.0436646937959379E-002
   3654.8654971833316       0.70892693538437990       -1.6236183391344776E-005   1.0452883121350724E-002
   3659.8654971833316       0.70895899559584874       -1.6237407173594111E-005   1.0469120528524318E-002
   3664.8654971833316       0.70899097862338256       -1.6238628046388404E-005   1.0485359156570707E-002
   3669.8654971833316       0.70902288474857300       -1.6239846020210829E-005   1.0501599002590917E-002
   3674.8654971833316       0.70905471425163380       -1.6241061105493887E-005   1.0517840063696412E-002
   3679.8654971833316       0.70908646741136705       -1.6242273312618107E-005   1.0534082337009030E-002
   3684.8654971833316       0.70911814450520394       -1.6243482651913604E-005   1.0550325819660944E-002
   3689.8654971833316       0.70914974580919976       -1.6244689133659841E-005   1.0566570508794604E-002
   3694.8654971833316       0.70918127159805411       -1.6245892768086405E-005   1.0582816401562691E-002
   3699.8654971833316       0.70921272214509035       -1.6247093565372205E-005   1.0599063495128064E-002
   3704.8654971833316       0.70924409772232977       -1.6248291535648295E-005   1.0615311786663712E-002
   3709.8654971833316       0.70927539860042166       -1.6249486688995155E-005   1.0631561273352708E-002
   3714.8654971833316       0.70930662504869557       -1.6250679035444730E-005   1.0647811952388153E-002
   3719.8654971833316       0.70933777733515402       -1.6251868584980081E-005   1.0664063820973133E-002
   3724.8654971833316       0.70936885572650377       -1.6253055347536601E-005   1.0680316876320669E-002
   3729.8654971833316       0.70939986048814985       -1.6254239333001751E-005   1.0696571115653671E-002
   3734.8654971833316       0.70943079188417557       -1.6255420551214292E-005   1.0712826536204886E-002
   3739.8654971833316       0.70946165017739204       -1.6256599011966167E-005   1.0729083135216852E-002
   3744.8654971833316       0.70949243562932807       -1.6257774725002084E-005   1.0745340909941854E-002
   3749.8654971833316       0.70952314850024734       -1.6258947700020174E-005   1.0761599857641874E-002
   3754.8654971833316       0.70955378904913535       -1.6260117946671476E-005   1.0777859975588546E-002
   3759.8654971833316       0.70958435753373539       -1.6261285474561290E-005   1.0794121261063107E-002
   3764.8654971833316       0.70961485421053527       -1.6262450293248660E-005   1.0810383711356356E-002
   3769.8654971833316       0.70964527933478427       -1.6263612412247009E-005   1.0826647323768602E-002
   3774.8654971833316       0.70967563316049864       -1.6264771841024334E-005   1.0842912095609626E-002
   3779.8654971833316       0.70970591594045518       -1.6265928589002960E-005   1.0859178024198628E-002
   3784.8654971833316       0.70973612792622776       -1.6267082665560885E-005   1.0875445106864189E-002
   3789.8654971833316       0.70976626936818066       -1.6268234080031563E-005   1.0891713340944220E-002
   3794.8654971833316       0.70979634051547302       -1.6269382841704027E-005   1.0907982723785924E-002
   3799.8654971833316       0.70982634161605573       -1.6270528959822756E-005   1.0924253252745746E-002
   3804.8654971833316       0.70985627291671216       -1.6271672443589246E-005   1.0940524925189335E-002
