 #              _____________________  _______________________             #
 #              ___  __ \__  __ \_  / / /_  /___  ____/_  ___/             #
 #              __  / / /_  /_/ /  / / /_  __/_  __/  _____ \              #
 #              _  /_/ /_  _, _// /_/ / / /_ _  /___  ____/ /              #
 #              /_____/ /_/ |_| \____/  \__/ /_____/  /____/               #
 #                                                                         #
  
 #        time                      [L]                   runoff elevation [m a.m.s.l]       runoff flux [L3.T-1.L-2]   in    x              directions   cumulative flux
 #-----------------------------------------------------------------------------------------------

   0.0000000000000000        0.0000000000000000       -0.0000000000000000        0.0000000000000000     
   1.0000000000000000E-004   0.0000000000000000       -0.0000000000000000        0.0000000000000000     
   2.0600000000000002E-004   0.0000000000000000       -0.0000000000000000        0.0000000000000000     
   3.1836000000000006E-004   0.0000000000000000       -0.0000000000000000        0.0000000000000000     
   4.3746160000000009E-004   0.0000000000000000       -0.0000000000000000        0.0000000000000000     
   5.6370929600000014E-004   0.0000000000000000       -0.0000000000000000        0.0000000000000000     
   6.9753185376000013E-004   0.0000000000000000       -0.0000000000000000        0.0000000000000000     
   8.3938376498560023E-004   0.0000000000000000       -0.0000000000000000        0.0000000000000000     
   9.8974679088473629E-004   0.0000000000000000       -0.0000000000000000        0.0000000000000000     
   1.1491315983378205E-003   0.0000000000000000       -0.0000000000000000        0.0000000000000000     
   1.3180794942380899E-003   0.0000000000000000       -0.0000000000000000        0.0000000000000000     
   1.4971642638923754E-003   0.0000000000000000       -0.0000000000000000        0.0000000000000000     
   1.6869941197259180E-003   0.0000000000000000       -0.0000000000000000        0.0000000000000000     
   1.8882137669094731E-003   0.0000000000000000       -0.0000000000000000        0.0000000000000000     
   2.1015065929240414E-003   0.0000000000000000       -0.0000000000000000        0.0000000000000000     
   2.3275969884994840E-003   0.0000000000000000       -0.0000000000000000        0.0000000000000000     
   2.5672528078094533E-003   0.0000000000000000       -0.0000000000000000        0.0000000000000000     
   2.8212879762780207E-003   0.0000000000000000       -0.0000000000000000        0.0000000000000000     
   3.0905652548547020E-003   0.0000000000000000       -0.0000000000000000        0.0000000000000000     
   3.3759991701459843E-003   0.0000000000000000       -0.0000000000000000        0.0000000000000000     
   3.6785591203547436E-003   0.0000000000000000       -0.0000000000000000        0.0000000000000000     
   3.9992726675760282E-003   0.0000000000000000       -0.0000000000000000        0.0000000000000000     
   4.3392290276305897E-003   0.0000000000000000       -0.0000000000000000        0.0000000000000000     
   4.6995827692884254E-003   0.0000000000000000       -0.0000000000000000        0.0000000000000000     
   5.0815577354457308E-003   0.0000000000000000       -0.0000000000000000        0.0000000000000000     
   5.4864511995724747E-003   0.0000000000000000       -0.0000000000000000        0.0000000000000000     
   5.9156382715468232E-003   0.0000000000000000       -0.0000000000000000        0.0000000000000000     
   6.3705765678396331E-003   0.0000000000000000       -0.0000000000000000        0.0000000000000000     
   6.8528111619100118E-003   0.0000000000000000       -0.0000000000000000        0.0000000000000000     
   7.3639798316246126E-003   0.0000000000000000       -0.0000000000000000        0.0000000000000000     
   7.9058186215220892E-003   0.0000000000000000       -0.0000000000000000        0.0000000000000000     
   8.4801677388134152E-003   0.0000000000000000       -0.0000000000000000        0.0000000000000000     
   9.0889778031422210E-003   0.0000000000000000       -0.0000000000000000        0.0000000000000000     
   9.7343164713307555E-003   0.0000000000000000       -0.0000000000000000        0.0000000000000000     
   1.0418375459610602E-002   0.0000000000000000       -0.0000000000000000        0.0000000000000000     
   1.1143477987187239E-002   0.0000000000000000       -0.0000000000000000        0.0000000000000000     
   1.1912086666418473E-002   0.0000000000000000       -0.0000000000000000        0.0000000000000000     
   1.2726811866403582E-002   0.0000000000000000       -0.0000000000000000        0.0000000000000000     
   1.3590420578387798E-002   0.0000000000000000       -0.0000000000000000        0.0000000000000000     
   1.4505845813091067E-002   0.0000000000000000       -0.0000000000000000        0.0000000000000000     
   1.5476196561876531E-002   0.0000000000000000       -0.0000000000000000        0.0000000000000000     
   1.6504768355589124E-002   0.0000000000000000       -0.0000000000000000        0.0000000000000000     
   1.7595054456924473E-002   0.0000000000000000       -0.0000000000000000        0.0000000000000000     
   1.8750757724339942E-002   0.0000000000000000       -0.0000000000000000        0.0000000000000000     
   1.9975803187800338E-002   0.0000000000000000       -0.0000000000000000        0.0000000000000000     
   2.1274351379068360E-002   0.0000000000000000       -0.0000000000000000        0.0000000000000000     
   2.2650812461812463E-002   0.0000000000000000       -0.0000000000000000        0.0000000000000000     
   2.4109861209521213E-002   0.0000000000000000       -0.0000000000000000        0.0000000000000000     
   2.5656452882092486E-002   0.0000000000000000       -0.0000000000000000        0.0000000000000000     
   2.7295840055018037E-002   0.0000000000000000       -0.0000000000000000        0.0000000000000000     
   2.9033590458319120E-002   0.0000000000000000       -0.0000000000000000        0.0000000000000000     
   3.0875605885818270E-002   0.0000000000000000       -0.0000000000000000        0.0000000000000000     
   3.2828142238967364E-002   0.0000000000000000       -0.0000000000000000        0.0000000000000000     
   3.4897830773305411E-002   0.0000000000000000       -0.0000000000000000        0.0000000000000000     
   3.7091700619703738E-002   0.0000000000000000       -0.0000000000000000        0.0000000000000000     
   3.9417202656885961E-002   0.0000000000000000       -0.0000000000000000        0.0000000000000000     
   4.1882234816299123E-002   0.0000000000000000       -0.0000000000000000        0.0000000000000000     
   4.4495168905277070E-002   0.0000000000000000       -0.0000000000000000        0.0000000000000000     
   4.7264879039593699E-002   0.0000000000000000       -0.0000000000000000        0.0000000000000000     
   5.0200771781969321E-002   0.0000000000000000       -0.0000000000000000        0.0000000000000000     
   5.3312818088887486E-002   0.0000000000000000       -0.0000000000000000        0.0000000000000000     
   5.6611587174220740E-002   0.0000000000000000       -0.0000000000000000        0.0000000000000000     
   6.0108282404673988E-002   0.0000000000000000       -0.0000000000000000        0.0000000000000000     
   6.3814779348954437E-002   0.0000000000000000       -0.0000000000000000        0.0000000000000000     
   6.7743666109891701E-002   0.0000000000000000       -0.0000000000000000        0.0000000000000000     
   7.1908286076485209E-002   0.0000000000000000       -0.0000000000000000        0.0000000000000000     
   7.6322783241074332E-002   0.0000000000000000       -0.0000000000000000        0.0000000000000000     
   8.1002150235538792E-002   0.0000000000000000       -0.0000000000000000        0.0000000000000000     
   8.5962279249671120E-002   0.0000000000000000       -0.0000000000000000        0.0000000000000000     
   9.1220016004651391E-002   0.0000000000000000       -0.0000000000000000        0.0000000000000000     
   9.6793216964930484E-002   0.0000000000000000       -0.0000000000000000        0.0000000000000000     
  0.10270080998282632        0.0000000000000000       -0.0000000000000000        0.0000000000000000     
  0.10896285858179591        0.0000000000000000       -0.0000000000000000        0.0000000000000000     
  0.11560063009670367        0.0000000000000000       -0.0000000000000000        0.0000000000000000     
  0.12263666790250589        0.0000000000000000       -0.0000000000000000        0.0000000000000000     
  0.13009486797665626        0.0000000000000000       -0.0000000000000000        0.0000000000000000     
  0.13800056005525563        0.0000000000000000       -0.0000000000000000        0.0000000000000000     
  0.14638059365857098        0.0000000000000000       -0.0000000000000000        0.0000000000000000     
  0.15526342927808526        0.0000000000000000       -0.0000000000000000        0.0000000000000000     
  0.16467923503477039        0.0000000000000000       -0.0000000000000000        0.0000000000000000     
  0.17465998913685662        0.0000000000000000       -0.0000000000000000        0.0000000000000000     
  0.18523958848506802        0.0000000000000000       -0.0000000000000000        0.0000000000000000     
  0.19645396379417213        0.0000000000000000       -0.0000000000000000        0.0000000000000000     
  0.20834120162182246        0.0000000000000000       -0.0000000000000000        0.0000000000000000     
  0.22094167371913181        0.0000000000000000       -0.0000000000000000        0.0000000000000000     
  0.23429817414227974        0.0000000000000000       -0.0000000000000000        0.0000000000000000     
  0.24845606459081654        0.0000000000000000       -0.0000000000000000        0.0000000000000000     
  0.26346342846626553        0.0000000000000000       -0.0000000000000000        0.0000000000000000     
  0.27937123417424148        0.0000000000000000       -0.0000000000000000        0.0000000000000000     
  0.29623350822469596        0.0000000000000000       -0.0000000000000000        0.0000000000000000     
  0.31410751871817771        0.0000000000000000       -0.0000000000000000        0.0000000000000000     
  0.33305396984126839        0.0000000000000000       -0.0000000000000000        0.0000000000000000     
  0.35313720803174453        0.0000000000000000       -0.0000000000000000        0.0000000000000000     
  0.37442544051364923        0.0000000000000000       -0.0000000000000000        0.0000000000000000     
  0.39699096694446823        0.0000000000000000       -0.0000000000000000        0.0000000000000000     
  0.42091042496113634        0.0000000000000000       -0.0000000000000000        0.0000000000000000     
  0.44626505045880455        0.0000000000000000       -0.0000000000000000        0.0000000000000000     
  0.47314095348633284        0.0000000000000000       -0.0000000000000000        0.0000000000000000     
  0.50162941069551281        0.0000000000000000       -0.0000000000000000        0.0000000000000000     
  0.53182717533724366        0.0000000000000000       -0.0000000000000000        0.0000000000000000     
  0.56383680585747831        0.0000000000000000       -0.0000000000000000        0.0000000000000000     
  0.59776701420892708        0.0000000000000000       -0.0000000000000000        0.0000000000000000     
  0.63373303506146272        0.0000000000000000       -0.0000000000000000        0.0000000000000000     
  0.67185701716515056        0.0000000000000000       -0.0000000000000000        0.0000000000000000     
  0.71226843819505958        0.0000000000000000       -0.0000000000000000        0.0000000000000000     
  0.75510454448676323        0.0000000000000000       -0.0000000000000000        0.0000000000000000     
  0.80051081715596906        0.0000000000000000       -0.0000000000000000        0.0000000000000000     
  0.84864146618532721        0.0000000000000000       -0.0000000000000000        0.0000000000000000     
  0.89965995415644684        0.0000000000000000       -0.0000000000000000        0.0000000000000000     
  0.95373955140583366        0.0000000000000000       -0.0000000000000000        0.0000000000000000     
   1.0110639244901838        0.0000000000000000       -0.0000000000000000        0.0000000000000000     
   1.0718277599595949        0.0000000000000000       -0.0000000000000000        0.0000000000000000     
   1.1362374255571706        0.0000000000000000       -0.0000000000000000        0.0000000000000000     
   1.2045116710906008        0.0000000000000000       -0.0000000000000000        0.0000000000000000     
   1.2768823713560369        0.0000000000000000       -0.0000000000000000        0.0000000000000000     
   1.3535953136373993        0.0000000000000000       -0.0000000000000000        0.0000000000000000     
   1.4349110324556433        0.0000000000000000       -0.0000000000000000        0.0000000000000000     
   1.5211056944029819        0.0000000000000000       -0.0000000000000000        0.0000000000000000     
   1.6124720360671609        0.0000000000000000       -0.0000000000000000        0.0000000000000000     
   1.7093203582311907        0.0000000000000000       -0.0000000000000000        0.0000000000000000     
   1.8119795797250622        0.0000000000000000       -0.0000000000000000        0.0000000000000000     
   1.9207983545085661        0.0000000000000000       -0.0000000000000000        0.0000000000000000     
   2.0361462557790801        0.0000000000000000       -0.0000000000000000        0.0000000000000000     
   2.1584150311258252        0.0000000000000000       -0.0000000000000000        0.0000000000000000     
   2.2880199329933748        0.0000000000000000       -0.0000000000000000        0.0000000000000000     
   2.4254011289729775        0.0000000000000000       -0.0000000000000000        0.0000000000000000     
   2.5710251967113562        0.0000000000000000       -0.0000000000000000        0.0000000000000000     
   2.7253867085140375        0.0000000000000000       -0.0000000000000000        0.0000000000000000     
   2.8890099110248801        0.0000000000000000       -0.0000000000000000        0.0000000000000000     
   3.0624505056863729        0.0000000000000000       -0.0000000000000000        0.0000000000000000     
   3.2462975360275554        0.0000000000000000       -0.0000000000000000        0.0000000000000000     
   3.4411753881892091        0.0000000000000000       -0.0000000000000000        0.0000000000000000     
   3.6477459114805617        0.0000000000000000       -0.0000000000000000        0.0000000000000000     
   3.8667106661693955        0.0000000000000000       -0.0000000000000000        0.0000000000000000     
   4.0988133061395597        0.0000000000000000       -0.0000000000000000        0.0000000000000000     
   4.3448421045079337        0.0000000000000000       -0.0000000000000000        0.0000000000000000     
   4.6056326307784099        0.0000000000000000       -0.0000000000000000        0.0000000000000000     
   4.8820705886251146        0.0000000000000000       -0.0000000000000000        0.0000000000000000     
   5.1750948239426213        0.0000000000000000       -0.0000000000000000        0.0000000000000000     
   5.4857005133791787        0.0000000000000000       -0.0000000000000000        0.0000000000000000     
   5.8149425441819300        0.0000000000000000       -0.0000000000000000        0.0000000000000000     
   6.1639390968328458        0.0000000000000000       -0.0000000000000000        0.0000000000000000     
   6.5338754426428167        0.0000000000000000       -0.0000000000000000        0.0000000000000000     
   6.9260079692013861        0.0000000000000000       -0.0000000000000000        0.0000000000000000     
   7.3416684473534692        0.0000000000000000       -0.0000000000000000        0.0000000000000000     
   7.7822685541946779        0.0000000000000000       -0.0000000000000000        0.0000000000000000     
   8.2493046674463599        0.0000000000000000       -0.0000000000000000        0.0000000000000000     
   8.7443629474931424        0.0000000000000000       -0.0000000000000000        0.0000000000000000     
   9.2691247243427313        0.0000000000000000       -0.0000000000000000        0.0000000000000000     
   9.8253722078032961        0.0000000000000000       -0.0000000000000000        0.0000000000000000     
   10.414994540271495        0.0000000000000000       -0.0000000000000000        0.0000000000000000     
   11.039994212687786        0.0000000000000000       -0.0000000000000000        0.0000000000000000     
   11.702493865449053        0.0000000000000000       -0.0000000000000000        0.0000000000000000     
   12.404743497375996        0.0000000000000000       -0.0000000000000000        0.0000000000000000     
   13.149128107218557        0.0000000000000000       -0.0000000000000000        0.0000000000000000     
   13.938175793651672        0.0000000000000000       -0.0000000000000000        0.0000000000000000     
   14.774566341270774        0.0000000000000000       -0.0000000000000000        0.0000000000000000     
   15.661140321747020        0.0000000000000000       -0.0000000000000000        0.0000000000000000     
   16.600908741051843        0.0000000000000000       -0.0000000000000000        0.0000000000000000     
   17.597063265514954        0.0000000000000000       -0.0000000000000000        0.0000000000000000     
   18.652987061445852        0.0000000000000000       -0.0000000000000000        0.0000000000000000     
   19.772266285132606        0.0000000000000000       -0.0000000000000000        0.0000000000000000     
   20.958702262240564        0.0000000000000000       -0.0000000000000000        0.0000000000000000     
   22.216324397974997        0.0000000000000000       -0.0000000000000000        0.0000000000000000     
   23.549403861853499        0.0000000000000000       -0.0000000000000000        0.0000000000000000     
   24.962468093564709        0.0000000000000000       -0.0000000000000000        0.0000000000000000     
   26.460316179178594        0.0000000000000000       -0.0000000000000000        0.0000000000000000     
   28.048035149929312        0.0000000000000000       -0.0000000000000000        0.0000000000000000     
   29.731017258925071        0.0000000000000000       -0.0000000000000000        0.0000000000000000     
   31.514978294460576        0.0000000000000000       -0.0000000000000000        0.0000000000000000     
   33.405976992128210        0.0000000000000000       -0.0000000000000000        0.0000000000000000     
   35.410435611655906        0.0000000000000000       -0.0000000000000000        0.0000000000000000     
   37.535161748355264        0.0000000000000000       -0.0000000000000000        0.0000000000000000     
   39.787371453256583        0.0000000000000000       -0.0000000000000000        0.0000000000000000     
   42.174713740451978        0.0000000000000000       -0.0000000000000000        0.0000000000000000     
   44.705296564879099        0.0000000000000000       -0.0000000000000000        0.0000000000000000     
   47.387714358771845        0.0000000000000000       -0.0000000000000000        0.0000000000000000     
   50.231077220298161        0.0000000000000000       -0.0000000000000000        0.0000000000000000     
   53.245041853516049        2.1562801440751221E-003  -1.2845131999717482E-009   1.2845131999717482E-009
   56.439844364727016        6.7676017233524949E-003  -8.6421391056678881E-009   9.9266523056396365E-009
   59.826335026610636        1.4049560870696550E-002  -2.9196750305057893E-008   3.9123402610697528E-008
   63.416015128207277        2.4232668453322059E-002  -7.2426694700957833E-008   1.1155009731165537E-007
   67.221076035899713        3.7563299933114892E-002  -1.5037287228559590E-007   2.6192296959725127E-007
   71.254440598053705        5.4304703539371682E-002  -2.7794509258515663E-007   5.3986806218240790E-007
   75.529807033936933        7.4738068950645775E-002  -4.7329623841741397E-007   1.0131643005998219E-006
   80.061695455973151        9.9163421392344103E-002  -7.5825585010311646E-007   1.7714201507029384E-006
   84.865497183331541       0.12789116452039614       -1.1586817548692550E-006   2.9301019055721933E-006
   89.865497183331541       0.16052626553372434       -1.6922847312252314E-006   4.6223866367974250E-006
   94.865497183331541       0.19510071695136721       -2.3424016978878040E-006   6.9647883346852285E-006
   99.865497183331541       0.22968579457255800       -3.0745872755923660E-006   1.0039375610277595E-005
   104.86549718333154       0.26163450147210393       -3.8199260394423424E-006   1.3859301649719936E-005
   109.86549718333154       0.28887813070423790       -4.5056180596383732E-006   1.8364919709358309E-005
   114.86549718333154       0.31086837570816561       -5.0916378385258854E-006   2.3456557547884194E-005
   119.86549718333154       0.32831547613703649       -5.5767630248238499E-006   2.9033320572708046E-005
   124.86549718333154       0.34237433132635819       -5.9804233304951273E-006   3.5013743903203176E-005
   129.86549718333154       0.35407420291815733       -6.3249011466322643E-006   4.1338645049835442E-005
   134.86549718333154       0.36414255826327652       -6.6274887156445153E-006   4.7966133765479956E-005
   139.86549718333154       0.37304192435577443       -6.8996331996715080E-006   5.4865766965151461E-005
   144.86549718333154       0.38105799322509493       -7.1485022566564979E-006   6.2014269221807953E-005
   149.86549718333154       0.38837177422932123       -7.3786350484521496E-006   6.9392904270260101E-005
   154.86549718333154       0.39510468469272009       -7.5930611436032259E-006   7.6985965413863322E-005
   159.86549718333154       0.40134361590674095       -7.7939424950627089E-006   8.4779907908926028E-005
   164.86549718333154       0.40715433613807372       -7.9829186909531358E-006   9.2762826599879165E-005
   169.86549718333154       0.41258877210718958       -8.1612924520439630E-006   1.0092411905192313E-004
   174.86549718333154       0.41768917745574669       -8.3301336556374947E-006   1.0925425270756063E-004
   179.86549718333154       0.42249068722914884       -8.4903416397789093E-006   1.1774459434733954E-004
   184.86549718333154       0.42702299054225862       -8.6426852032606668E-006   1.2638727955060019E-004
   189.86549718333154       0.43131148851167167       -8.7878299083447971E-006   1.3517510945894499E-004
   194.86549718333154       0.43537813169979878       -8.9263576632683045E-006   1.4410146712221330E-004
   199.86549718333154       0.43924204661468663       -9.0587813232194769E-006   1.5316024844543277E-004
   204.86549718333154       0.44292001691900007       -9.1855559113537231E-006   1.6234580435678649E-004
   209.86549718333154       0.44642686083854871       -9.3070874494964264E-006   1.7165289180628290E-004
   214.86549718333154       0.44977573219036177       -9.4237400401663213E-006   1.8107663184644922E-004
   219.86549718333154       0.45297836384434875       -9.5358416335404375E-006   1.9061247347998967E-004
   224.86549718333154       0.45604526693853964       -9.6436887829712468E-006   2.0025616226296091E-004
   229.86549718333154       0.45898589552810798       -9.7475506081078155E-006   2.1000371287106874E-004
   234.86549718333154       0.46180878385776686       -9.8476721276655773E-006   2.1985138499873430E-004
   239.86549718333154       0.46452166169585085       -9.9442770842595996E-006   2.2979566208299390E-004
   244.86549718333154       0.46713155190743461       -1.0037570355404364E-005   2.3983323243839826E-004
   249.86549718333154       0.46964485351827268       -1.0127740024109677E-005   2.4996097246250795E-004
   254.86549718333154       0.47206741282996423       -1.0214959167097080E-005   2.6017593162960503E-004
   259.86549718333151       0.47440458462319474       -1.0299387407006781E-005   2.7047531903661180E-004
   264.86549718333151       0.47666128508406447       -1.0381172266011058E-005   2.8085649130262283E-004
   269.86549718333151       0.47884203777681444       -1.0460450351291323E-005   2.9131694165391415E-004
   274.86549718333151       0.48095101374198379       -1.0537348397366306E-005   3.0185429005128047E-004
   279.86549718333151       0.48299206660588462       -1.0611984185917808E-005   3.1246627423719828E-004
   284.86549718333151       0.48496876343325801       -1.0684467360283332E-005   3.2315074159748163E-004
   289.86549718333151       0.48688441193138976       -1.0754900148983301E-005   3.3390564174646495E-004
   294.86549718333151       0.48874208451380136       -1.0823378010365430E-005   3.4472901975683039E-004
   299.86549718333151       0.49054463965031370       -1.0889990208586305E-005   3.5561900996541667E-004
   304.86549718333151       0.49229474086349978       -1.0954820329609467E-005   3.6657383029502612E-004
   309.86549718333151       0.49399487367669642       -1.1017946744628316E-005   3.7759177703965445E-004
   314.86549718333151       0.49564736077325250       -1.1079443027260512E-005   3.8867122006691493E-004
   319.86549718333151       0.49725437558888708       -1.1139378329973227E-005   3.9981059839688815E-004
   324.86549718333151       0.49881795452744443       -1.1197817724453090E-005   4.1100841612134125E-004
   329.86549718333151       0.50034000796380118       -1.1254822510003887E-005   4.2226323863134513E-004
   334.86549718333151       0.50182233017528688       -1.1310450493519359E-005   4.3357368912486452E-004
   339.86549718333151       0.50326660832423764       -1.1364756244129740E-005   4.4493844536899426E-004
   344.86549718333151       0.50467443059787198       -1.1417791325218217E-005   4.5635623669421245E-004
   349.86549718333151       0.50604729359847622       -1.1469604506188208E-005   4.6782584120040068E-004
   354.86549718333151       0.50738660906479482       -1.1520241956061423E-005   4.7934608315646209E-004
   359.86549718333151       0.50869370999564190       -1.1569747420744837E-005   4.9091583057720692E-004
   364.86549718333151       0.50996985623813929       -1.1618162385591981E-005   5.0253399296279889E-004
   369.86549718333151       0.51121623959540430       -1.1665526224692996E-005   5.1419951918749184E-004
   374.86549718333151       0.51243398850223532       -1.1711876338172915E-005   5.2591139552566474E-004
   379.86549718333151       0.51362417231156510       -1.1757248278629538E-005   5.3766864380429432E-004
   384.86549718333151       0.51478780522971257       -1.1801675867723756E-005   5.4947031967201806E-004
   389.86549718333151       0.51592584993414869       -1.1845191303824242E-005   5.6131551097584232E-004
   394.86549718333151       0.51703922090381960       -1.1887825261514763E-005   5.7320333623735707E-004
   399.86549718333151       0.51812878748879942       -1.1929606983687876E-005   5.8513294322104492E-004
   404.86549718333151       0.51919537674317096       -1.1970564366874003E-005   5.9710350758791894E-004
   409.86549718333151       0.52023977604255756       -1.2010724040390941E-005   6.0911423162830986E-004
   414.86549718333151       0.52126273550547697       -1.2050111439839424E-005   6.2116434306814931E-004
   419.86549718333151       0.52226497023578933       -1.2088750875421192E-005   6.3325309394357055E-004
   424.86549718333151       0.52324716240165381       -1.2126665595505263E-005   6.4537975953907580E-004
   429.86549718333151       0.52420996316508151       -1.2163877845835586E-005   6.5754363738491136E-004
   434.86549718333151       0.52515399447452626       -1.2200408924725812E-005   6.6974404630963723E-004
   439.86549718333151       0.52607985073201891       -1.2236279234565233E-005   6.8198032554420249E-004
   444.86549718333151       0.52698810034510879       -1.2271508329924565E-005   6.9425183387412709E-004
   449.86549718333151       0.52787928717290455       -1.2306114962524018E-005   7.0655794883665109E-004
   454.86549718333151       0.52875393187468800       -1.2340117123304247E-005   7.1889806595995531E-004
   459.86549718333151       0.52961253316886103       -1.2373532081822202E-005   7.3127159804177748E-004
   464.86549718333151       0.53045556900912305       -1.2406376423168195E-005   7.4367797446494568E-004
   469.86549718333151       0.53128349768430327       -1.2438666082589236E-005   7.5611664054753497E-004
   474.86549718333151       0.53209675884764052       -1.2470416377985558E-005   7.6858705692552055E-004
   479.86549718333151       0.53289577448086545       -1.2501642040435705E-005   7.8108869896595628E-004
   484.86549718333151       0.53368094979782232       -1.2532357242886745E-005   7.9362105620884302E-004
   489.86549718333151       0.53445267409215758       -1.2562575627142336E-005   8.0618363183598536E-004
   494.86549718333151       0.53521132153312179       -1.2592310329266938E-005   8.1877594216525228E-004
   499.86549718333151       0.53595725191319032       -1.2621574003514624E-005   8.3139751616876690E-004
   504.86549718333151       0.53669081135088870       -1.2650378844881836E-005   8.4404789501364870E-004
   509.86549718333151       0.53741233295205448       -1.2678736610380491E-005   8.5672663162402916E-004
   514.86549718333151       0.53812213743231818       -1.2706658639112757E-005   8.6943329026314194E-004
   519.86549718333151       0.53882053370359362       -1.2734155871231738E-005   8.8216744613437369E-004
   524.86549718333151       0.53950781942685100       -1.2761238865854129E-005   8.9492868500022779E-004
   529.86549718333151       0.54018428153357279       -1.2787917817997996E-005   9.0771660281822582E-004
   534.86549718333151       0.54085019671795109       -1.2814202574607033E-005   9.2053080539283285E-004
   539.86549718333151       0.54150583190173440       -1.2840102649718662E-005   9.3337090804255151E-004
   544.86549718333151       0.54215144467345266       -1.2865627238827512E-005   9.4623653528137905E-004
   549.86549718333151       0.54278728370378082       -1.2890785232498588E-005   9.5912732051387764E-004
   554.86549718333151       0.54341358913851334       -1.2915585229274325E-005   9.7204290574315192E-004
   559.86549718333151       0.54403059297047773       -1.2940035547915038E-005   9.8498294129106692E-004
   564.86549718333151       0.54463851939193142       -1.2964144239022036E-005   9.9794708553008898E-004
   569.86549718333151       0.54523758512834075       -1.2987919096067954E-005   1.0109350046261570E-003
   574.86549718333151       0.54582799975498852       -1.3011367665881465E-005   1.0239463722920385E-003
   579.86549718333151       0.54640996599725122       -1.3034497258610323E-005   1.0369808695506488E-003
   584.86549718333151       0.54698368001561659       -1.3057314957196558E-005   1.0500381845078453E-003
   589.86549718333151       0.54754933167629283       -1.3079827626389525E-005   1.0631180121342349E-003
   594.86549718333151       0.54810710480837133       -1.3102041921327645E-005   1.0762200540555625E-003
   599.86549718333151       0.54865717744820164       -1.3123964295708031E-005   1.0893440183512705E-003
   604.86549718333151       0.54919972207178036       -1.3145601009569552E-005   1.1024896193608401E-003
   609.86549718333151       0.54973490581586382       -1.3166958136711585E-005   1.1156565774975518E-003
   614.86549718333151       0.55026289068842837       -1.3188041571767814E-005   1.1288446190693196E-003
   619.86549718333151       0.55078383376906770       -1.3208857036953366E-005   1.1420534761062730E-003
   624.86549718333151       0.55129788739986629       -1.3229410088502086E-005   1.1552828861947750E-003
   629.86549718333151       0.55180519936738870       -1.3249706122814906E-005   1.1685325923175898E-003
   634.86549718333151       0.55230591307609000       -1.3269750382327472E-005   1.1818023426999173E-003
   639.86549718333151       0.55280016771386264       -1.3289547961121637E-005   1.1950918906610390E-003
   644.86549718333151       0.55328809840985760       -1.3309103810282775E-005   1.2084009944713218E-003
   649.86549718333151       0.55376983638524702       -1.3328422743026218E-005   1.2217294172143481E-003
   654.86549718333151       0.55424550909717074       -1.3347509439599376E-005   1.2350769266539475E-003
   659.86549718333151       0.55471524037621112       -1.3366368451970389E-005   1.2484432951059179E-003
   664.86549718333151       0.55517915055786349       -1.3385004208319284E-005   1.2618282993142372E-003
   669.86549718333151       0.55563735660814195       -1.3403421017334667E-005   1.2752317203315719E-003
   674.86549718333151       0.55608997224379941       -1.3421623072332778E-005   1.2886533434039048E-003
   679.86549718333151       0.55653710804725842       -1.3439614455200484E-005   1.3020929578591053E-003
   684.86549718333151       0.55697887157667647       -1.3457399140177142E-005   1.3155503569992825E-003
   689.86549718333151       0.55741536747130305       -1.3474980997479666E-005   1.3290253379967623E-003
   694.86549718333151       0.55784669755238969       -1.3492363796779436E-005   1.3425177017935418E-003
   699.86549718333151       0.55827296091987533       -1.3509551210538267E-005   1.3560272530040800E-003
   704.86549718333151       0.55869425404501216       -1.3526546817208406E-005   1.3695537998212883E-003
   709.86549718333151       0.55911067085923916       -1.3543354104307436E-005   1.3830971539255958E-003
   714.86549718333151       0.55952230283935178       -1.3559976471368551E-005   1.3966571303969644E-003
   719.86549718333151       0.55992923908921122       -1.3576417232774692E-005   1.4102335476297392E-003
   724.86549718333151       0.56033156641820780       -1.3592679620483894E-005   1.4238262272502230E-003
   729.86549718333151       0.56072936941651774       -1.3608766786646208E-005   1.4374349940368691E-003
   734.86549718333151       0.56112273052737482       -1.3624681806120073E-005   1.4510596758429892E-003
   739.86549718333151       0.56151173011655231       -1.3640427678894833E-005   1.4647001035218840E-003
   744.86549718333151       0.56189644653901449       -1.3656007332416939E-005   1.4783561108543009E-003
   749.86549718333151       0.56227695620307605       -1.3671423623832324E-005   1.4920275344781331E-003
   754.86549718333151       0.56265333363198089       -1.3686679342140717E-005   1.5057142138202738E-003
   759.86549718333151       0.56302565152321060       -1.3701777210273426E-005   1.5194159910305472E-003
   764.86549718333151       0.56339398080545711       -1.3716719887091206E-005   1.5331327109176383E-003
   769.86549718333151       0.56375839069350564       -1.3731509969311491E-005   1.5468642208869498E-003
   774.86549718333151       0.56411894874094781       -1.3746149993360865E-005   1.5606103708803107E-003
   779.86549718333151       0.56447572089106479       -1.3760642437166079E-005   1.5743710133174767E-003
   784.86549718333151       0.56482877152572164       -1.3774989721876368E-005   1.5881460030393530E-003
   789.86549718333151       0.56517816351248862       -1.3789194213525305E-005   1.6019351972528782E-003
   794.86549718333151       0.56552395825002988       -1.3803258224633262E-005   1.6157384554775114E-003
   799.86549718333151       0.56586621571185569       -1.3817184015753798E-005   1.6295556394932652E-003
   804.86549718333151       0.56620499448849348       -1.3830973796965748E-005   1.6433866132902308E-003
   809.86549718333151       0.56654035182812823       -1.3844629729312566E-005   1.6572312430195434E-003
   814.86549718333151       0.56687234367581507       -1.3858153926192681E-005   1.6710893969457360E-003
   819.86549718333151       0.56720102471127110       -1.3871548454700612E-005   1.6849609454004366E-003
   824.86549718333151       0.56752644838538757       -1.3884815336924321E-005   1.6988457607373610E-003
   829.86549718333151       0.56784866695539149       -1.3897956551195428E-005   1.7127437172885563E-003
   834.86549718333151       0.56816773151887912       -1.3910974033300948E-005   1.7266546913218572E-003
   839.86549718333151       0.56848369204658722       -1.3923869677650865E-005   1.7405785609995081E-003
   844.86549718333151       0.56879659741407340       -1.3936645338408049E-005   1.7545152063379163E-003
   849.86549718333151       0.56910649543231739       -1.3949302830580751E-005   1.7684645091684971E-003
   854.86549718333151       0.56941343287730839       -1.3961843931080022E-005   1.7824263530995771E-003
   859.86549718333151       0.56971745551858566       -1.3974270379740451E-005   1.7964006234793175E-003
   864.86549718333151       0.57001860814685446       -1.3986583880308863E-005   1.8103872073596263E-003
   869.86549718333151       0.57031693460068045       -1.3998786101400924E-005   1.8243859934610272E-003
   874.86549718333151       0.57061247779226998       -1.4010878677425653E-005   1.8383968721384528E-003
   879.86549718333151       0.57090527973248284       -1.4022863209483626E-005   1.8524197353479363E-003
   884.86549718333151       0.57119538155491623       -1.4034741266232056E-005   1.8664544766141683E-003
   889.86549718333151       0.57148282353930846       -1.4046514384726654E-005   1.8805009909988949E-003
   894.86549718333151       0.57176764513410017       -1.4058184071233514E-005   1.8945591750701284E-003
   899.86549718333151       0.57204988497833531       -1.4069751802018192E-005   1.9086289268721466E-003
   904.86549718333151       0.57232958092282893       -1.4081219024108879E-005   1.9227101458962556E-003
   909.86549718333151       0.57260677005068517       -1.4092587156036876E-005   1.9368027330522925E-003
   914.86549718333151       0.57288148869715294       -1.4103857588553701E-005   1.9509065906408462E-003
   919.86549718333151       0.57315377246882537       -1.4115031685324892E-005   1.9650216223261710E-003
   924.86549718333151       0.57342365626229319       -1.4126110783604909E-005   1.9791477331097761E-003
   929.86549718333151       0.57369117428224081       -1.4137096194892501E-005   1.9932848293046685E-003
   934.86549718333151       0.57395636005887452       -1.4147989205561856E-005   2.0074328185102305E-003
   939.86549718333151       0.57421924646493716       -1.4158791077479880E-005   2.0215916095877103E-003
   944.86549718333151       0.57447986573211984       -1.4169503048601638E-005   2.0357611126363118E-003
   949.86549718333151       0.57473824946700036       -1.4180126333549221E-005   2.0499412389698608E-003
   954.86549718333151       0.57499442866654860       -1.4190662124175530E-005   2.0641319010940365E-003
   959.86549718333151       0.57524843373307766       -1.4201111590107922E-005   2.0783330126841444E-003
   964.86549718333151       0.57550029448881135       -1.4211475879278607E-005   2.0925444885634232E-003
   969.86549718333151       0.57575004018999321       -1.4221756118438590E-005   2.1067662446818619E-003
   974.86549718333151       0.57599769954060231       -1.4231953413657798E-005   2.1209981980955198E-003
   979.86549718333151       0.57624330070565033       -1.4242068850810239E-005   2.1352402669463301E-003
   984.86549718333151       0.57648687132407228       -1.4252103496044549E-005   2.1494923704423745E-003
   989.86549718333151       0.57672843852126421       -1.4262058396242116E-005   2.1637544288386165E-003
   994.86549718333151       0.57696802892126176       -1.4271934579462430E-005   2.1780263634180791E-003
   999.86549718333151       0.57720566865857592       -1.4281733055376213E-005   2.1923080964734551E-003
   1004.8654971833315       0.57744138338962780       -1.4291454815683895E-005   2.2065995512891390E-003
   1009.8654971833315       0.57767519830396452       -1.4301100834526859E-005   2.2209006521236659E-003
   1014.8654971833315       0.57790713813505090       -1.4310672068882925E-005   2.2352113241925486E-003
   1019.8654971833315       0.57813722717081928       -1.4320169458953521E-005   2.2495314936515020E-003
   1024.8654971833316       0.57836548926391451       -1.4329593928539873E-005   2.2638610875800420E-003
   1029.8654971833316       0.57859194784162393       -1.4338946385407755E-005   2.2782000339654496E-003
   1034.8654971833316       0.57881662591559346       -1.4348227721644893E-005   2.2925482616870945E-003
   1039.8654971833316       0.57903954609119013       -1.4357438814005201E-005   2.3069057005010996E-003
   1044.8654971833316       0.57926073057669392       -1.4366580524247391E-005   2.3212722810253467E-003
   1049.8654971833316       0.57948020119214760       -1.4375653699460741E-005   2.3356479347248077E-003
   1054.8654971833316       0.57969797937806156       -1.4384659172386198E-005   2.3500325938971937E-003
   1059.8654971833316       0.57991408620383800       -1.4393597761727120E-005   2.3644261916589207E-003
   1064.8654971833316       0.58012854237591494       -1.4402470272449661E-005   2.3788286619313703E-003
   1069.8654971833316       0.58034136824577587       -1.4411277496078690E-005   2.3932399394274492E-003
   1074.8654971833316       0.58055258381774355       -1.4420020210986006E-005   2.4076599596384351E-003
   1079.8654971833316       0.58076220875648688       -1.4428699182667678E-005   2.4220886588211029E-003
   1084.8654971833316       0.58097026239438754       -1.4437315164016676E-005   2.4365259739851197E-003
   1089.8654971833316       0.58117676373872473       -1.4445868895588970E-005   2.4509718428807085E-003
   1094.8654971833316       0.58138173147864070       -1.4454361105861549E-005   2.4654262039865700E-003
   1099.8654971833316       0.58158518399194659       -1.4462792511484724E-005   2.4798889964980546E-003
   1104.8654971833316       0.58178713935170046       -1.4471163817525975E-005   2.4943601603155804E-003
   1109.8654971833316       0.58198761533269128       -1.4479475717710721E-005   2.5088396360332913E-003
   1114.8654971833316       0.58218662941771659       -1.4487728894655423E-005   2.5233273649279465E-003
   1119.8654971833316       0.58238419880369585       -1.4495924020094732E-005   2.5378232889480411E-003
   1124.8654971833316       0.58258034040763174       -1.4504061755103049E-005   2.5523273507031441E-003
   1129.8654971833316       0.58277507087243163       -1.4512142750311151E-005   2.5668394934534552E-003
   1134.8654971833316       0.58296840657259619       -1.4520167646117996E-005   2.5813596610995732E-003
   1139.8654971833316       0.58316036361967227       -1.4528137072893465E-005   2.5958877981724668E-003
   1144.8654971833316       0.58335095786771807       -1.4536051651182385E-005   2.6104238498236491E-003
   1149.8654971833316       0.58354020491852987       -1.4543911991899235E-005   2.6249677618155483E-003
   1154.8654971833316       0.58372812012673403       -1.4551718696517990E-005   2.6395194805120662E-003
   1159.8654971833316       0.58391471860483135       -1.4559472357260586E-005   2.6540789528693267E-003
   1164.8654971833316       0.58410001522803234       -1.4567173557277317E-005   2.6686461264266038E-003
   1169.8654971833316       0.58428402463902707       -1.4574822870825137E-005   2.6832209492974289E-003
   1174.8654971833316       0.58446676125263242       -1.4582420863441411E-005   2.6978033701608702E-003
   1179.8654971833316       0.58464823926030507       -1.4589968092112654E-005   2.7123933382529829E-003
   1184.8654971833316       0.58482847263454207       -1.4597465105439166E-005   2.7269908033584222E-003
   1189.8654971833316       0.58500747513323237       -1.4604912443798099E-005   2.7415957158022203E-003
   1194.8654971833316       0.58518526030383722       -1.4612310639499983E-005   2.7562080264417203E-003
   1199.8654971833316       0.58536184148751125       -1.4619660216943226E-005   2.7708276866586635E-003
   1204.8654971833316       0.58553723182308737       -1.4626961692763432E-005   2.7854546483514269E-003
   1209.8654971833316       0.58571144425102351       -1.4634215575981627E-005   2.8000888639274084E-003
   1214.8654971833316       0.58588449151719346       -1.4641422368146421E-005   2.8147302862955546E-003
   1219.8654971833316       0.58605638617663647       -1.4648582563474885E-005   2.8293788688590294E-003
   1224.8654971833316       0.58622714059723036       -1.4655696648990676E-005   2.8440345655080202E-003
   1229.8654971833316       0.58639676696322052       -1.4662765104656583E-005   2.8586973306126769E-003
   1234.8654971833316       0.58656527727868379       -1.4669788403504734E-005   2.8733671190161818E-003
   1239.8654971833316       0.58673268337096784       -1.4676767011766190E-005   2.8880438860279479E-003
   1244.8654971833316       0.58689899689400138       -1.4683701388995498E-005   2.9027275874169436E-003
   1249.8654971833316       0.58706422933154123       -1.4690591988193048E-005   2.9174181794051368E-003
   1254.8654971833316       0.58722839200030030       -1.4697439255922712E-005   2.9321156186610593E-003
   1259.8654971833316       0.58739149605313712       -1.4704243632432495E-005   2.9468198622934916E-003
   1264.8654971833316       0.58755355248200136       -1.4711005551765301E-005   2.9615308678452570E-003
   1269.8654971833316       0.58771457212091471       -1.4717725441871461E-005   2.9762485932871285E-003
   1274.8654971833316       0.58787456564889617       -1.4724403724719330E-005   2.9909729970118478E-003
   1279.8654971833316       0.58803354359278948       -1.4731040816402043E-005   3.0057040378282497E-003
   1284.8654971833316       0.58819151632999644       -1.4737637127240685E-005   3.0204416749554904E-003
   1289.8654971833316       0.58834849409121437       -1.4744193061887874E-005   3.0351858680173782E-003
   1294.8654971833316       0.58850448696307800       -1.4750709019427694E-005   3.0499365770368060E-003
   1299.8654971833316       0.58865950489076901       -1.4757185393474499E-005   3.0646937624302806E-003
   1304.8654971833316       0.58881355768047217       -1.4763622572265595E-005   3.0794573850025462E-003
   1309.8654971833316       0.58896665500195255       -1.4770020938759233E-005   3.0942274059413055E-003
   1314.8654971833316       0.58911880639091030       -1.4776380870723576E-005   3.1090037868120291E-003
   1319.8654971833316       0.58927002125139283       -1.4782702740828250E-005   3.1237864895528574E-003
   1324.8654971833316       0.58942030885809060       -1.4788986916731372E-005   3.1385754764695888E-003
   1329.8654971833316       0.58956967835862195       -1.4795233761166224E-005   3.1533707102307552E-003
   1334.8654971833316       0.58971813877574086       -1.4801443632025027E-005   3.1681721538627801E-003
   1339.8654971833316       0.58986569900953145       -1.4807616882442342E-005   3.1829797707452223E-003
   1344.8654971833316       0.59001236783953959       -1.4813753860876029E-005   3.1977935246060981E-003
   1349.8654971833316       0.59015815392681159       -1.4819854911184556E-005   3.2126133795172826E-003
   1354.8654971833316       0.59030306581599046       -1.4825920372706921E-005   3.2274392998899895E-003
   1359.8654971833316       0.59044711193728572       -1.4831950580337451E-005   3.2422712504703269E-003
   1364.8654971833316       0.59059030060844442       -1.4837945864600858E-005   3.2571091963349277E-003
   1369.8654971833316       0.59073264003665826       -1.4843906551724814E-005   3.2719531028866525E-003
   1374.8654971833316       0.59087413832042479       -1.4849832963710732E-005   3.2868029358503630E-003
   1379.8654971833316       0.59101480345141066       -1.4855725418404897E-005   3.3016586612687679E-003
   1384.8654971833316       0.59115464331623768       -1.4861584229566442E-005   3.3165202454983342E-003
   1389.8654971833316       0.59129366569823705       -1.4867409706934225E-005   3.3313876552052684E-003
   1394.8654971833316       0.59143187827921517       -1.4873202156294308E-005   3.3462608573615626E-003
   1399.8654971833316       0.59156928864107883       -1.4878961879541732E-005   3.3611398192411042E-003
   1404.8654971833316       0.59170590426754344       -1.4884689174745902E-005   3.3760245084158503E-003
   1409.8654971833316       0.59184173254575312       -1.4890384336212444E-005   3.3909148927520629E-003
   1414.8654971833316       0.59197678076785509       -1.4896047654543268E-005   3.4058109404066063E-003
   1419.8654971833316       0.59211105613256998       -1.4901679416696641E-005   3.4207126198233032E-003
   1424.8654971833316       0.59224456574670681       -1.4907279906045034E-005   3.4356198997293483E-003
   1429.8654971833316       0.59237731662667648       -1.4912849402433090E-005   3.4505327491317814E-003
   1434.8654971833316       0.59250931569995446       -1.4918388182233512E-005   3.4654511373140148E-003
   1439.8654971833316       0.59264056980650182       -1.4923896518401428E-005   3.4803750338324164E-003
   1444.8654971833316       0.59277108570021542       -1.4929374680530050E-005   3.4953044085129464E-003
   1449.8654971833316       0.59290087005029046       -1.4934822934902759E-005   3.5102392314478492E-003
   1454.8654971833316       0.59302992944255473       -1.4940241544544182E-005   3.5251794729923933E-003
   1459.8654971833316       0.59315827038084190       -1.4945630769272953E-005   3.5401251037616662E-003
   1464.8654971833316       0.59328589928826048       -1.4950990865750260E-005   3.5550760946274165E-003
   1469.8654971833316       0.59341282250848615       -1.4956322087529462E-005   3.5700324167149459E-003
   1474.8654971833316       0.59353904630699583       -1.4961624685103350E-005   3.5849940414000494E-003
   1479.8654971833316       0.59366457687235441       -1.4966898905953772E-005   3.5999609403060033E-003
   1484.8654971833316       0.59378942031737481       -1.4972144994595981E-005   3.6149330853005993E-003
   1489.8654971833316       0.59391358268027650       -1.4977363192623041E-005   3.6299104484932222E-003
   1494.8654971833316       0.59403706992591032       -1.4982553738753144E-005   3.6448930022319752E-003
   1499.8654971833316       0.59415988794686403       -1.4987716868871968E-005   3.6598807191008473E-003
   1504.8654971833316       0.59428204256457628       -1.4992852816075486E-005   3.6748735719169230E-003
   1509.8654971833316       0.59440353953043756       -1.4997961810712345E-005   3.6898715337276354E-003
   1514.8654971833316       0.59452438452688550       -1.5003044080426086E-005   3.7048745778080613E-003
   1519.8654971833316       0.59464458316843216       -1.5008099850194550E-005   3.7198826776582558E-003
   1524.8654971833316       0.59476414100271446       -1.5013129342370404E-005   3.7348958070006263E-003
   1529.8654971833316       0.59488306351151432       -1.5018132776720419E-005   3.7499139397773468E-003
   1534.8654971833316       0.59500135611174665       -1.5023110370463521E-005   3.7649370501478103E-003
   1539.8654971833316       0.59511902415644558       -1.5028062338308810E-005   3.7799651124861191E-003
   1544.8654971833316       0.59523607293571357       -1.5032988892492110E-005   3.7949981013786112E-003
   1549.8654971833316       0.59535250767769665       -1.5037890242813700E-005   3.8100359916214250E-003
   1554.8654971833316       0.59546833354949646       -1.5042766596673418E-005   3.8250787582180985E-003
   1559.8654971833316       0.59558355565804433       -1.5047618159104303E-005   3.8401263763772030E-003
   1564.8654971833316       0.59569817905105993       -1.5052445132809814E-005   3.8551788215100127E-003
   1569.8654971833316       0.59581220871788831       -1.5057247718195991E-005   3.8702360692282087E-003
   1574.8654971833316       0.59592564959035099       -1.5062026113404349E-005   3.8852980953416132E-003
   1579.8654971833316       0.59603850654362589       -1.5066780514345927E-005   3.9003648758559593E-003
   1584.8654971833316       0.59615078439707259       -1.5071511114733235E-005   3.9154363869706929E-003
   1589.8654971833316       0.59626248791500625       -1.5076218106109969E-005   3.9305126050768026E-003
   1594.8654971833316       0.59637362180755915       -1.5080901677884592E-005   3.9455935067546875E-003
   1599.8654971833316       0.59648419073142900       -1.5085562017359113E-005   3.9606790687720470E-003
   1604.8654971833316       0.59659419929067270       -1.5090199309759893E-005   3.9757692680818073E-003
   1609.8654971833316       0.59670365203746789       -1.5094813738267144E-005   3.9908640818200744E-003
   1614.8654971833316       0.59681255347282847       -1.5099405484042495E-005   4.0059634873041167E-003
   1619.8654971833316       0.59692090804737696       -1.5103974726259080E-005   4.0210674620303755E-003
   1624.8654971833316       0.59702872016203101       -1.5108521642127992E-005   4.0361759836725032E-003
   1629.8654971833316       0.59713599416872909       -1.5113046406926503E-005   4.0512890300794299E-003
   1634.8654971833316       0.59724273437114306       -1.5117549194025720E-005   4.0664065792734554E-003
   1639.8654971833316       0.59734894502533953       -1.5122030174916162E-005   4.0815286094483712E-003
   1644.8654971833316       0.59745463034045743       -1.5126489519234087E-005   4.0966550989676052E-003
   1649.8654971833316       0.59755979447937957       -1.5130927394787552E-005   4.1117860263623924E-003
   1654.8654971833316       0.59766444155935250       -1.5135343967580411E-005   4.1269213703299728E-003
   1659.8654971833316       0.59776857565262509       -1.5139739401837089E-005   4.1420611097318103E-003
   1664.8654971833316       0.59787220078714776       -1.5144113860029989E-005   4.1572052235918401E-003
   1669.8654971833316       0.59797532094711570       -1.5148467502900348E-005   4.1723536910947406E-003
   1674.8654971833316       0.59807794007358295       -1.5152800489482134E-005   4.1875064915842227E-003
   1679.8654971833316       0.59818006206508212       -1.5157112977126214E-005   4.2026636045613486E-003
   1684.8654971833316       0.59828169077819759       -1.5161405121522581E-005   4.2178250096828714E-003
   1689.8654971833316       0.59838283002812698       -1.5165677076722171E-005   4.2329906867595935E-003
   1694.8654971833316       0.59848348358929915       -1.5169928995161058E-005   4.2481606157547544E-003
   1699.8654971833316       0.59858365519586476       -1.5174161027679346E-005   4.2633347767824341E-003
   1704.8654971833316       0.59868334854230010       -1.5178373323544825E-005   4.2785131501059791E-003
   1709.8654971833316       0.59878256728391632       -1.5182566030472742E-005   4.2936957161364515E-003
   1714.8654971833316       0.59888131503736730       -1.5186739294645476E-005   4.3088824554310973E-003
   1719.8654971833316       0.59897959538125334       -1.5190893260736350E-005   4.3240733486918335E-003
   1724.8654971833316       0.59907741185654539       -1.5195028071925866E-005   4.3392683767637594E-003
   1729.8654971833316       0.59917476796713276       -1.5199143869923192E-005   4.3544675206336828E-003
   1734.8654971833316       0.59927166718029778       -1.5203240794984616E-005   4.3696707614286675E-003
   1739.8654971833316       0.59936811292721448       -1.5207318985933013E-005   4.3848780804146004E-003
   1744.8654971833316       0.59946410860344945       -1.5211378580177456E-005   4.4000894589947782E-003
   1749.8654971833316       0.59955965756941199       -1.5215419713730731E-005   4.4153048787085088E-003
   1754.8654971833316       0.59965476315082100       -1.5219442521227538E-005   4.4305243212297363E-003
   1759.8654971833316       0.59974942863913872       -1.5223447135941364E-005   4.4457477683656774E-003
   1764.8654971833316       0.59984365729206790       -1.5227433689804057E-005   4.4609752020554816E-003
   1769.8654971833316       0.59993745233399220       -1.5231402313423011E-005   4.4762066043689047E-003
   1774.8654971833316       0.60003081695635407       -1.5235353136095751E-005   4.4914419575050003E-003
   1779.8654971833316       0.60012375431813336       -1.5239286285828812E-005   4.5066812437908289E-003
   1784.8654971833316       0.60021626754626134       -1.5243201889353879E-005   4.5219244456801829E-003
   1789.8654971833316       0.60030835973603414       -1.5247100072143948E-005   4.5371715457523266E-003
   1794.8654971833316       0.60040003395149311       -1.5250980958428138E-005   4.5524225267107544E-003
   1799.8654971833316       0.60049129322589756       -1.5254844671210382E-005   4.5676773713819651E-003
   1804.8654971833316       0.60058214056203918       -1.5258691332281498E-005   4.5829360627142463E-003
   1809.8654971833316       0.60067257893269110       -1.5262521062236924E-005   4.5981985837764833E-003
   1814.8654971833316       0.60076261128095287       -1.5266333980490141E-005   4.6134649177569731E-003
   1819.8654971833316       0.60085224052066821       -1.5270130205289124E-005   4.6287350479622619E-003
   1824.8654971833316       0.60094146953674621       -1.5273909853728791E-005   4.6440089578159904E-003
   1829.8654971833316       0.60103030118555512       -1.5277673041766497E-005   4.6592866308577570E-003
   1834.8654971833316       0.60111873829530438       -1.5281419884237092E-005   4.6745680507419944E-003
   1839.8654971833316       0.60120678366636782       -1.5285150494865488E-005   4.6898532012368595E-003
   1844.8654971833316       0.60129444007164656       -1.5288864986280922E-005   4.7051420662231405E-003
   1849.8654971833316       0.60138171025689546       -1.5292563470029718E-005   4.7204346296931699E-003
   1854.8654971833316       0.60146859694110388       -1.5296246056590332E-005   4.7357308757497605E-003
   1859.8654971833316       0.60155510281678093       -1.5299912855384426E-005   4.7510307886051446E-003
   1864.8654971833316       0.60164123055029706       -1.5303563974790289E-005   4.7663343525799345E-003
   1869.8654971833316       0.60172698278223868       -1.5307199522156867E-005   4.7816415521020911E-003
   1874.8654971833316       0.60181236212770595       -1.5310819603815379E-005   4.7969523717059067E-003
   1879.8654971833316       0.60189737117662512       -1.5314424325091597E-005   4.8122667960309980E-003
   1884.8654971833316       0.60198201249403027       -1.5318013790316814E-005   4.8275848098213144E-003
   1889.8654971833316       0.60206628862041545       -1.5321588102841837E-005   4.8429063979241564E-003
   1894.8654971833316       0.60215020207204184       -1.5325147365049078E-005   4.8582315452892055E-003
   1899.8654971833316       0.60223375534115919       -1.5328691678361016E-005   4.8735602369675661E-003
   1904.8654971833316       0.60231695089637249       -1.5332221143254880E-005   4.8888924581108207E-003
   1909.8654971833316       0.60239979118290121       -1.5335735859272741E-005   4.9042281939700935E-003
   1914.8654971833316       0.60248227862288306       -1.5339235925033514E-005   4.9195674298951270E-003
   1919.8654971833316       0.60256441561558050       -1.5342721438240870E-005   4.9349101513333675E-003
   1924.8654971833316       0.60264620453775564       -1.5346192495698328E-005   4.9502563438290660E-003
   1929.8654971833316       0.60272764774386234       -1.5349649193316531E-005   4.9656059930223827E-003
   1934.8654971833316       0.60280874756637881       -1.5353091626126571E-005   4.9809590846485096E-003
   1939.8654971833316       0.60288950631600047       -1.5356519888287372E-005   4.9963156045367968E-003
   1944.8654971833316       0.60296992628195856       -1.5359934073098413E-005   5.0116755386098956E-003
   1949.8654971833316       0.60305000973221767       -1.5363334273007344E-005   5.0270388728829033E-003
   1954.8654971833316       0.60312975891380594       -1.5366720579623234E-005   5.0424055934625263E-003
   1959.8654971833316       0.60320917605298308       -1.5370093083722954E-005   5.0577756865462491E-003
   1964.8654971833316       0.60328826335551333       -1.5373451875262018E-005   5.0731491384215111E-003
   1969.8654971833316       0.60336702300694589       -1.5376797043385776E-005   5.0885259354648965E-003
   1974.8654971833316       0.60344545717278719       -1.5380128676436007E-005   5.1039060641413329E-003
   1979.8654971833316       0.60352356799877582       -1.5383446861961881E-005   5.1192895110032952E-003
   1984.8654971833316       0.60360135761109801       -1.5386751686728437E-005   5.1346762626900237E-003
   1989.8654971833316       0.60367882811664431       -1.5390043236726780E-005   5.1500663059267501E-003
   1994.8654971833316       0.60375598160316823       -1.5393321597180147E-005   5.1654596275239302E-003
   1999.8654971833316       0.60383282013957951       -1.5396586852555744E-005   5.1808562143764864E-003
   2004.8654971833316       0.60390934577611644       -1.5399839086571356E-005   5.1962560534630576E-003
   2009.8654971833316       0.60398556054459107       -1.5403078382205167E-005   5.2116591318452626E-003
   2014.8654971833316       0.60406146645856740       -1.5406304821702684E-005   5.2270654366669651E-003
   2019.8654971833316       0.60413706551357960       -1.5409518486585393E-005   5.2424749551535504E-003
   2024.8654971833316       0.60421235968739695       -1.5412719457661409E-005   5.2578876746112117E-003
   2029.8654971833316       0.60428735094012020       -1.5415907815028964E-005   5.2733035824262409E-003
   2034.8654971833316       0.60436204121444681       -1.5419083638087097E-005   5.2887226660643279E-003
   2039.8654971833316       0.60443643243588641       -1.5422247005544212E-005   5.3041449130698717E-003
   2044.8654971833316       0.60451052651291626       -1.5425397995424129E-005   5.3195703110652959E-003
   2049.8654971833316       0.60458432533717954       -1.5428536685073947E-005   5.3349988477503696E-003
   2054.8654971833316       0.60465783078369473       -1.5431663151172378E-005   5.3504305109015422E-003
   2059.8654971833316       0.60473104471100914       -1.5434777469735742E-005   5.3658652883712783E-003
   2064.8654971833316       0.60480396896140876       -1.5437879716126329E-005   5.3813031680874047E-003
   2069.8654971833316       0.60487660536110710       -1.5440969965059930E-005   5.3967441380524646E-003
   2074.8654971833316       0.60494895572041629       -1.5444048290612547E-005   5.4121881863430773E-003
   2079.8654971833316       0.60502102183389161       -1.5447114766226070E-005   5.4276353011093034E-003
   2084.8654971833316       0.60509280548056088       -1.5450169464717496E-005   5.4430854705740210E-003
   2089.8654971833316       0.60516430842403457       -1.5453212458283116E-005   5.4585386830323041E-003
   2094.8654971833316       0.60523553241276040       -1.5456243818508869E-005   5.4739949268508134E-003
   2099.8654971833316       0.60530647918010605       -1.5459263616373358E-005   5.4894541904671867E-003
   2104.8654971833316       0.60537715044457430       -1.5462271922256537E-005   5.5049164623894430E-003
   2109.8654971833316       0.60544754790993016       -1.5465268805944644E-005   5.5203817311953876E-003
   2114.8654971833316       0.60551767326542227       -1.5468254336639164E-005   5.5358499855320265E-003
   2119.8654971833316       0.60558752818585659       -1.5471228582959487E-005   5.5513212141149858E-003
   2124.8654971833316       0.60565711433184188       -1.5474191612952946E-005   5.5667954057279385E-003
   2129.8654971833316       0.60572643334986098       -1.5477143494097366E-005   5.5822725492220360E-003
   2134.8654971833316       0.60579548687249585       -1.5480084293310234E-005   5.5977526335153462E-003
   2139.8654971833316       0.60586427651854469       -1.5483014076953234E-005   5.6132356475922995E-003
   2144.8654971833316       0.60593280389313919       -1.5485932910836830E-005   5.6287215805031366E-003
   2149.8654971833316       0.60600107058795805       -1.5488840860228920E-005   5.6442104213633654E-003
   2154.8654971833316       0.60606907818131639       -1.5491737989858278E-005   5.6597021593532233E-003
   2159.8654971833316       0.60613682823835591       -1.5494624363922164E-005   5.6751967837171454E-003
   2164.8654971833316       0.60620432231112542       -1.5497500046089436E-005   5.6906942837632347E-003
   2169.8654971833316       0.60627156193877496       -1.5500365099508359E-005   5.7061946488627434E-003
   2174.8654971833316       0.60633854864767167       -1.5503219586811205E-005   5.7216978684495549E-003
   2179.8654971833316       0.60640528395154714       -1.5506063570120099E-005   5.7372039320196747E-003
   2184.8654971833316       0.60647176935158487       -1.5508897111050395E-005   5.7527128291307251E-003
   2189.8654971833316       0.60653800633661381       -1.5511720270718544E-005   5.7682245494014434E-003
   2194.8654971833316       0.60660399638320883       -1.5514533109745995E-005   5.7837390825111893E-003
   2199.8654971833316       0.60666974095582005       -1.5517335688264367E-005   5.7992564181994534E-003
   2204.8654971833316       0.60673524150691427       -1.5520128065921092E-005   5.8147765462653747E-003
   2209.8654971833316       0.60680049947707171       -1.5522910301883217E-005   5.8302994565672577E-003
   2214.8654971833316       0.60686551629513485       -1.5525682454843357E-005   5.8458251390221009E-003
   2219.8654971833316       0.60693029337831050       -1.5528444583023751E-005   5.8613535836051249E-003
   2224.8654971833316       0.60699483213233663       -1.5531196744182999E-005   5.8768847803493075E-003
   2229.8654971833316       0.60705913395154032       -1.5533938995618218E-005   5.8924187193449256E-003
   2234.8654971833316       0.60712320021898603       -1.5536671394171038E-005   5.9079553907390968E-003
   2239.8654971833316       0.60718703230659066       -1.5539393996232176E-005   5.9234947847353293E-003
   2244.8654971833316       0.60725063157524006       -1.5542106857746076E-005   5.9390368915930754E-003
   2249.8654971833316       0.60731399937491415       -1.5544810034215951E-005   5.9545817016272914E-003
   2254.8654971833316       0.60737713704474472       -1.5547503580705932E-005   5.9701292052079975E-003
   2259.8654971833316       0.60744004591320722       -1.5550187551848914E-005   5.9856793927598462E-003
   2264.8654971833316       0.60750272729815014       -1.5552862001847556E-005   6.0012322547616940E-003
   2269.8654971833316       0.60756518250697189       -1.5555526984481487E-005   6.0167877817461756E-003
   2274.8654971833316       0.60762741283666943       -1.5558182553109113E-005   6.0323459642992851E-003
   2279.8654971833316       0.60768941957399802       -1.5560828760674118E-005   6.0479067930599593E-003
   2284.8654971833316       0.60775120399551630       -1.5563465659707130E-005   6.0634702587196668E-003
   2289.8654971833316       0.60781276736775014       -1.5566093302332402E-005   6.0790363520219996E-003
   2294.8654971833316       0.60787411094722699       -1.5568711740269031E-005   6.0946050637622684E-003
   2299.8654971833316       0.60793523598064048       -1.5571321024837681E-005   6.1101763847871060E-003
   2304.8654971833316       0.60799614370490029       -1.5573921206962442E-005   6.1257503059940687E-003
   2309.8654971833316       0.60805683534726207       -1.5576512337176137E-005   6.1413268183312447E-003
   2314.8654971833316       0.60811731212541709       -1.5579094465623852E-005   6.1569059127968683E-003
   2319.8654971833316       0.60817757524758043       -1.5581667642066451E-005   6.1724875804389347E-003
   2324.8654971833316       0.60823762591257990       -1.5584231915884129E-005   6.1880718123548187E-003
   2329.8654971833316       0.60829746530996254       -1.5586787336080700E-005   6.2036585996908993E-003
   2334.8654971833316       0.60835709462006204       -1.5589333951286203E-005   6.2192479336421851E-003
   2339.8654971833316       0.60841651501413108       -1.5591871809762345E-005   6.2348398054519472E-003
   2344.8654971833316       0.60847572765439784       -1.5594400959404628E-005   6.2504342064113516E-003
   2349.8654971833316       0.60853473369417088       -1.5596921447746651E-005   6.2660311278590983E-003
   2354.8654971833316       0.60859353427791762       -1.5599433321963144E-005   6.2816305611810615E-003
   2359.8654971833316       0.60865213054133116       -1.5601936628872662E-005   6.2972324978099346E-003
   2364.8654971833316       0.60871052361147193       -1.5604431414943356E-005   6.3128369292248781E-003
   2369.8654971833316       0.60876871460680504       -1.5606917726294361E-005   6.3284438469511728E-003
   2374.8654971833316       0.60882670463727662       -1.5609395608698841E-005   6.3440532425598720E-003
   2379.8654971833316       0.60888449480444751       -1.5611865107589464E-005   6.3596651076674613E-003
   2384.8654971833316       0.60894208620152135       -1.5614326268059390E-005   6.3752794339355205E-003
   2389.8654971833316       0.60899947991347614       -1.5616779134867668E-005   6.3908962130703878E-003
   2394.8654971833316       0.60905667701708954       -1.5619223752440117E-005   6.4065154368228277E-003
   2399.8654971833316       0.60911367858103604       -1.5621660164873270E-005   6.4221370969877014E-003
   2404.8654971833316       0.60917048566599030       -1.5624088415938570E-005   6.4377611854036397E-003
   2409.8654971833316       0.60922709932467767       -1.5626508549084330E-005   6.4533876939527239E-003
   2414.8654971833316       0.60928352060196844       -1.5628920607439568E-005   6.4690166145601634E-003
   2419.8654971833316       0.60933975053491851       -1.5631324633815523E-005   6.4846479391939792E-003
   2424.8654971833316       0.60939579015288692       -1.5633720670710510E-005   6.5002816598646899E-003
   2429.8654971833316       0.60945164047758760       -1.5636108760311935E-005   6.5159177686250017E-003
   2434.8654971833316       0.60950730252317842       -1.5638488944499876E-005   6.5315562575695013E-003
   2439.8654971833316       0.60956277729627462       -1.5640861264847515E-005   6.5471971188343489E-003
   2444.8654971833316       0.60961806579610689       -1.5643225762627674E-005   6.5628403445969763E-003
   2449.8654971833316       0.60967316901453039       -1.5645582478813040E-005   6.5784859270757896E-003
   2454.8654971833316       0.60972808793609989       -1.5647931454079189E-005   6.5941338585298690E-003
   2459.8654971833316       0.60978282353814128       -1.5650272728807441E-005   6.6097841312586763E-003
   2464.8654971833316       0.60983737679088967       -1.5652606343090637E-005   6.6254367376017672E-003
   2469.8654971833316       0.60989174865743012       -1.5654932336730381E-005   6.6410916699384979E-003
   2474.8654971833316       0.60994594009384584       -1.5657250749243247E-005   6.6567489206877410E-003
   2479.8654971833316       0.60999995204928281       -1.5659561619863320E-005   6.6724084823076039E-003
   2484.8654971833316       0.61005378546596056       -1.5661864987542555E-005   6.6880703472951466E-003
   2489.8654971833316       0.61010744127930139       -1.5664160890956083E-005   6.7037345081861028E-003
   2494.8654971833316       0.61016092041796077       -1.5666449368503365E-005   6.7194009575546063E-003
   2499.8654971833316       0.61021422380388224       -1.5668730458310388E-005   6.7350696880129164E-003
   2504.8654971833316       0.61026735235238716       -1.5671004198233340E-005   6.7507406922111494E-003
   2509.8654971833316       0.61032030697219153       -1.5673270625859169E-005   6.7664139628370087E-003
   2514.8654971833316       0.61037308856552441       -1.5675529778510484E-005   6.7820894926155194E-003
   2519.8654971833316       0.61042569802813051       -1.5677781693245539E-005   6.7977672743087646E-003
   2524.8654971833316       0.61047813624937552       -1.5680026406862539E-005   6.8134473007156271E-003
   2529.8654971833316       0.61053040411228710       -1.5682263955901315E-005   6.8291295646715280E-003
   2534.8654971833316       0.61058250249357748       -1.5684494376644078E-005   6.8448140590481720E-003
   2539.8654971833316       0.61063443226379399       -1.5686717705121745E-005   6.8605007767532939E-003
   2544.8654971833316       0.61068619428722992       -1.5688933977109979E-005   6.8761897107304038E-003
   2549.8654971833316       0.61073778942213108       -1.5691143228137869E-005   6.8918808539585414E-003
   2554.8654971833316       0.61078921852066448       -1.5693345493486478E-005   6.9075741994520283E-003
   2559.8654971833316       0.61084048242900224       -1.5695540808192267E-005   6.9232697402602204E-003
   2564.8654971833316       0.61089158198733040       -1.5697729207047351E-005   6.9389674694672679E-003
   2569.8654971833316       0.61094251802999511       -1.5699910724605616E-005   6.9546673801918731E-003
   2574.8654971833316       0.61099329138545899       -1.5702085395180710E-005   6.9703694655870539E-003
   2579.8654971833316       0.61104390287642529       -1.5704253252851244E-005   6.9860737188399049E-003
   2584.8654971833316       0.61109435331982198       -1.5706414331459958E-005   7.0017801331713645E-003
   2589.8654971833316       0.61114464352688902       -1.5708568664617341E-005   7.0174887018359822E-003
   2594.8654971833316       0.61119477430324665       -1.5710716285704439E-005   7.0331994181216870E-003
   2599.8654971833316       0.61124474644894877       -1.5712857227874979E-005   7.0489122753495618E-003
   2604.8654971833316       0.61129456075846877       -1.5714991524054670E-005   7.0646272668736165E-003
   2609.8654971833316       0.61134421802081718       -1.5717119206946101E-005   7.0803443860805622E-003
   2614.8654971833316       0.61139371901954476       -1.5719240309028769E-005   7.0960636263895909E-003
   2619.8654971833316       0.61144306453281894       -1.5721354862562211E-005   7.1117849812521528E-003
   2624.8654971833316       0.61149225533346285       -1.5723462899587573E-005   7.1275084441517400E-003
   2629.8654971833316       0.61154129218899378       -1.5725564451929122E-005   7.1432340086036690E-003
   2634.8654971833316       0.61159017586169673       -1.5727659551197312E-005   7.1589616681548666E-003
   2639.8654971833316       0.61163890710863111       -1.5729748228788916E-005   7.1746914163836554E-003
   2644.8654971833316       0.61168748668168749       -1.5731830515889383E-005   7.1904232468995447E-003
   2649.8654971833316       0.61173591532766758       -1.5733906443476116E-005   7.2061571533430209E-003
   2654.8654971833316       0.61178419378826476       -1.5735976042317564E-005   7.2218931293853384E-003
   2659.8654971833316       0.61183232280017930       -1.5738039342978014E-005   7.2376311687283165E-003
   2664.8654971833316       0.61188030309510666       -1.5740096375817007E-005   7.2533712651041337E-003
   2669.8654971833316       0.61192813539982760       -1.5742147170993084E-005   7.2691134122751270E-003
   2674.8654971833316       0.61197582043619281       -1.5744191758463025E-005   7.2848576040335901E-003
   2679.8654971833316       0.61202335892121051       -1.5746230167985489E-005   7.3006038342015760E-003
   2684.8654971833316       0.61207075156706026       -1.5748262429121506E-005   7.3163520966306973E-003
   2689.8654971833316       0.61211799908117481       -1.5750288571237903E-005   7.3321023852019355E-003
   2694.8654971833316       0.61216510216622144       -1.5752308623506370E-005   7.3478546938254416E-003
   2699.8654971833316       0.61221206152019547       -1.5754322614907396E-005   7.3636090164403492E-003
   2704.8654971833316       0.61225887783645838       -1.5756330574231786E-005   7.3793653470145808E-003
   2709.8654971833316       0.61230555180372093       -1.5758332530079854E-005   7.3951236795446610E-003
   2714.8654971833316       0.61235208410615127       -1.5760328510865966E-005   7.4108840080555271E-003
   2719.8654971833316       0.61239847542335413       -1.5762318544817517E-005   7.4266463266003443E-003
   2724.8654971833316       0.61244472643044856       -1.5764302659978229E-005   7.4424106292603227E-003
   2729.8654971833316       0.61249083779811120       -1.5766280884209854E-005   7.4581769101445322E-003
   2734.8654971833316       0.61253681019258432       -1.5768253245192475E-005   7.4739451633897246E-003
   2739.8654971833316       0.61258264427572806       -1.5770219770426609E-005   7.4897153831601513E-003
   2744.8654971833316       0.61262834070504546       -1.5772180487234239E-005   7.5054875636473856E-003
   2749.8654971833316       0.61267390013374445       -1.5774135422761352E-005   7.5212616990701468E-003
   2754.8654971833316       0.61271932321076616       -1.5776084603979072E-005   7.5370377836741255E-003
   2759.8654971833316       0.61276461058080733       -1.5778028057684547E-005   7.5528158117318103E-003
   2764.8654971833316       0.61280976288432876       -1.5779965810501194E-005   7.5685957775423118E-003
   2769.8654971833316       0.61285478075765654       -1.5781897888882999E-005   7.5843776754311951E-003
   2774.8654971833316       0.61289966483298419       -1.5783824319114501E-005   7.6001614997503100E-003
   2779.8654971833316       0.61294441573839853       -1.5785745127311810E-005   7.6159472448776222E-003
   2784.8654971833316       0.61298903409790595       -1.5787660339423685E-005   7.6317349052170457E-003
   2789.8654971833316       0.61303352053150284       -1.5789569981234415E-005   7.6475244751982802E-003
   2794.8654971833316       0.61307787565518945       -1.5791474078364427E-005   7.6633159492766447E-003
   2799.8654971833316       0.61312210008097490       -1.5793372656270320E-005   7.6791093219329152E-003
   2804.8654971833316       0.61316619441696962       -1.5795265740248827E-005   7.6949045876731643E-003
   2809.8654971833316       0.61321015926735156       -1.5797153355435245E-005   7.7107017410286000E-003
   2814.8654971833316       0.61325399523243918       -1.5799035526806519E-005   7.7265007765554066E-003
   2819.8654971833316       0.61329770290872254       -1.5800912279182482E-005   7.7423016888345892E-003
   2824.8654971833316       0.61334128288888923       -1.5802783637226898E-005   7.7581044724718161E-003
   2829.8654971833316       0.61338473576183805       -1.5804649625447982E-005   7.7739091220972644E-003
   2834.8654971833316       0.61342806211273349       -1.5806510268200656E-005   7.7897156323654647E-003
   2839.8654971833316       0.61347126252300055       -1.5808365589686259E-005   7.8055239979551508E-003
   2844.8654971833316       0.61351433757040952       -1.5810215613956105E-005   7.8213342135691061E-003
   2849.8654971833316       0.61355728782907759       -1.5812060364911502E-005   7.8371462739340175E-003
   2854.8654971833316       0.61360011386948232       -1.5813899866304250E-005   7.8529601738003222E-003
   2859.8654971833316       0.61364281625852868       -1.5815734141739422E-005   7.8687759079420615E-003
   2864.8654971833316       0.61368539555951140       -1.5817563214673739E-005   7.8845934711567357E-003
   2869.8654971833316       0.61372785233222960       -1.5819387108420364E-005   7.9004128582651559E-003
   2874.8654971833316       0.61377018713296938       -1.5821205846148120E-005   7.9162340641113042E-003
   2879.8654971833316       0.61381240051449948       -1.5823019450881241E-005   7.9320570835621860E-003
   2884.8654971833316       0.61385449302618700       -1.5824827945504249E-005   7.9478819115076909E-003
   2889.8654971833316       0.61389646521393715       -1.5826631352759332E-005   7.9637085428604509E-003
   2894.8654971833316       0.61393831762026119       -1.5828429695249168E-005   7.9795369725556998E-003
   2899.8654971833316       0.61398005078430073       -1.5830222995437931E-005   7.9953671955511375E-003
   2904.8654971833316       0.61402166524184854       -1.5832011275652104E-005   8.0111992068267902E-003
   2909.8654971833316       0.61406316152540374       -1.5833794558082803E-005   8.0270330013848725E-003
   2914.8654971833316       0.61410454016415139       -1.5835572864784835E-005   8.0428685742496581E-003
   2919.8654971833316       0.61414580168399635       -1.5837346217678059E-005   8.0587059204673354E-003
   2924.8654971833316       0.61418694660763173       -1.5839114638550330E-005   8.0745450351058859E-003
   2929.8654971833316       0.61422797545455565       -1.5840878149058096E-005   8.0903859132549442E-003
   2934.8654971833316       0.61426888874101104       -1.5842636770723805E-005   8.1062285500256674E-003
   2939.8654971833316       0.61430968698012234       -1.5844390524941672E-005   8.1220729405506089E-003
   2944.8654971833316       0.61435037068185561       -1.5846139432975938E-005   8.1379190799835844E-003
   2949.8654971833316       0.61439094035307018       -1.5847883515963043E-005   8.1537669634995473E-003
   2954.8654971833316       0.61443139649753820       -1.5849622794912362E-005   8.1696165862944602E-003
   2959.8654971833316       0.61447173961595758       -1.5851357290706760E-005   8.1854679435851667E-003
   2964.8654971833316       0.61451197020597492       -1.5853087024103488E-005   8.2013210306092696E-003
   2969.8654971833316       0.61455208876223999       -1.5854812015736479E-005   8.2171758426250064E-003
   2974.8654971833316       0.61459209577638185       -1.5856532286115255E-005   8.2330323749111225E-003
   2979.8654971833316       0.61463199173708805       -1.5858247855628308E-005   8.2488906227667514E-003
   2984.8654971833316       0.61467177713004562       -1.5859958744540489E-005   8.2647505815112918E-003
   2989.8654971833316       0.61471145243806524       -1.5861664972998289E-005   8.2806122464842893E-003
   2994.8654971833316       0.61475101814103061       -1.5863366561027622E-005   8.2964756130453170E-003
   2999.8654971833316       0.61479047471594006       -1.5865063528535559E-005   8.3123406765738522E-003
   3004.8654971833316       0.61482982263693786       -1.5866755895311625E-005   8.3282074324691636E-003
   3009.8654971833316       0.61486906237531791       -1.5868443681027896E-005   8.3440758761501917E-003
   3014.8654971833316       0.61490819439957356       -1.5870126905241106E-005   8.3599460030554327E-003
   3019.8654971833316       0.61494721917539774       -1.5871805587392602E-005   8.3758178086428253E-003
   3024.8654971833316       0.61498613716571404       -1.5873479746809619E-005   8.3916912883896348E-003
   3029.8654971833316       0.61502494883067016       -1.5875149402704959E-005   8.4075664377923406E-003
   3034.8654971833316       0.61506365462770740       -1.5876814574179930E-005   8.4234432523665210E-003
   3039.8654971833316       0.61510225501153548       -1.5878475280223228E-005   8.4393217276467446E-003
   3044.8654971833316       0.61514075043420791       -1.5880131539714102E-005   8.4552018591864588E-003
   3049.8654971833316       0.61517914134505247       -1.5881783371419351E-005   8.4710836425578775E-003
   3054.8654971833316       0.61521742819079550       -1.5883430793998595E-005   8.4869670733518764E-003
   3059.8654971833316       0.61525561141551433       -1.5885073826002208E-005   8.5028521471778792E-003
   3064.8654971833316       0.61529369146067170       -1.5886712485872740E-005   8.5187388596637513E-003
   3069.8654971833316       0.61533166876514489       -1.5888346791946126E-005   8.5346272064556975E-003
   3074.8654971833316       0.61536954376523267       -1.5889976762451937E-005   8.5505171832181495E-003
   3079.8654971833316       0.61540731689469574       -1.5891602415515096E-005   8.5664087856336651E-003
   3084.8654971833316       0.61544498858475150       -1.5893223769155598E-005   8.5823020094028205E-003
   3089.8654971833316       0.61548255926410100       -1.5894840841289598E-005   8.5981968502441102E-003
   3094.8654971833316       0.61552002935894057       -1.5896453649729925E-005   8.6140933038938404E-003
   3099.8654971833316       0.61555739929303910       -1.5898062212189325E-005   8.6299913661060292E-003
   3104.8654971833316       0.61559466948763497       -1.5899666546275993E-005   8.6458910326523055E-003
   3109.8654971833316       0.61563184036155727       -1.5901266669498758E-005   8.6617922993218049E-003
   3114.8654971833316       0.61566891233122822       -1.5902862599267136E-005   8.6776951619210729E-003
   3119.8654971833316       0.61570588581064278       -1.5904454352890413E-005   8.6935996162739639E-003
   3124.8654971833316       0.61574276121142202       -1.5906041947579914E-005   8.7095056582215443E-003
   3129.8654971833316       0.61577953894281523       -1.5907625400449041E-005   8.7254132836219935E-003
   3134.8654971833316       0.61581621941171705       -1.5909204728513960E-005   8.7413224883505069E-003
   3139.8654971833316       0.61585280302268819       -1.5910779948694502E-005   8.7572332682992020E-003
   3144.8654971833316       0.61588929017797145       -1.5912351077814751E-005   8.7731456193770162E-003
   3149.8654971833316       0.61592568127749125       -1.5913918132603041E-005   8.7890595375096185E-003
   3154.8654971833316       0.61596197671891850       -1.5915481129694661E-005   8.8049750186393137E-003
   3159.8654971833316       0.61599817689765535       -1.5917040085631222E-005   8.8208920587249454E-003
   3164.8654971833316       0.61603428220681855       -1.5918595016859838E-005   8.8368106537418060E-003
   3169.8654971833316       0.61607029303733307       -1.5920145939737163E-005   8.8527307996815428E-003
   3174.8654971833316       0.61610620977786001       -1.5921692870526248E-005   8.8686524925520697E-003
   3179.8654971833316       0.61614203281490720       -1.5923235825401243E-005   8.8845757283774716E-003
   3184.8654971833316       0.61617776253276757       -1.5924774820444735E-005   8.9005005031979161E-003
   3189.8654971833316       0.61621339931356267       -1.5926309871649576E-005   8.9164268130695664E-003
   3194.8654971833316       0.61624894353727366       -1.5927840994920180E-005   8.9323546540644866E-003
   3199.8654971833316       0.61628439558172954       -1.5929368206071975E-005   8.9482840222705577E-003
   3204.8654971833316       0.61631975582263310       -1.5930891520832518E-005   8.9642149137913896E-003
   3209.8654971833316       0.61635502463360270       -1.5932410954843224E-005   8.9801473247462325E-003
   3214.8654971833316       0.61639020238612463       -1.5933926523657291E-005   8.9960812512698898E-003
   3219.8654971833316       0.61642528944964770       -1.5935438242743760E-005   9.0120166895126339E-003
   3224.8654971833316       0.61646028619152260       -1.5936946127484848E-005   9.0279536356401187E-003
   3229.8654971833316       0.61649519297706667       -1.5938450193178715E-005   9.0438920858332966E-003
   3234.8654971833316       0.61653001016956177       -1.5939950455039336E-005   9.0598320362883355E-003
   3239.8654971833316       0.61656473813026580       -1.5941446928196974E-005   9.0757734832165333E-003
   3244.8654971833316       0.61659937721842861       -1.5942939627698827E-005   9.0917164228442315E-003
   3249.8654971833316       0.61663392779132564       -1.5944428568510445E-005   9.1076608514127425E-003
   3254.8654971833316       0.61666839020424469       -1.5945913765515131E-005   9.1236067651782569E-003
   3259.8654971833316       0.61670276481049857       -1.5947395233514463E-005   9.1395541604117718E-003
   3264.8654971833316       0.61673705196146700       -1.5948872987230052E-005   9.1555030333990012E-003
   3269.8654971833316       0.61677125200657279       -1.5950347041302503E-005   9.1714533804403038E-003
   3274.8654971833316       0.61680536529333663       -1.5951817410293729E-005   9.1874051978505979E-003
   3279.8654971833316       0.61683939216737027       -1.5953284108686661E-005   9.2033584819592850E-003
   3284.8654971833316       0.61687333297239899       -1.5954747150886136E-005   9.2193132291101716E-003
   3289.8654971833316       0.61690718805022060       -1.5956206551217147E-005   9.2352694356613880E-003
   3294.8654971833316       0.61694095774082491       -1.5957662323929937E-005   9.2512270979853185E-003
   3299.8654971833316       0.61697464238229371       -1.5959114483195670E-005   9.2671862124685134E-003
   3304.8654971833316       0.61700824231088491       -1.5960563043110036E-005   9.2831467755116227E-003
   3309.8654971833316       0.61704175786104065       -1.5962008017693552E-005   9.2991087835293165E-003
   3314.8654971833316       0.61707518936534611       -1.5963449420889775E-005   9.3150722329502066E-003
   3319.8654971833316       0.61710853715466252       -1.5964887266571011E-005   9.3310371202167779E-003
   3324.8654971833316       0.61714180155796294       -1.5966321568531195E-005   9.3470034417853093E-003
   3329.8654971833316       0.61717498290249184       -1.5967752340492752E-005   9.3629711941258017E-003
   3334.8654971833316       0.61720808151372375       -1.5969179596104795E-005   9.3789403737219064E-003
   3339.8654971833316       0.61724109771535851       -1.5970603348942877E-005   9.3949109770708489E-003
   3344.8654971833316       0.61727403182937668       -1.5972023612511369E-005   9.4108830006833597E-003
   3349.8654971833316       0.61730688417600987       -1.5973440400242134E-005   9.4268564410836010E-003
   3354.8654971833316       0.61733965507376787       -1.5974853725495717E-005   9.4428312948090960E-003
   3359.8654971833316       0.61737234483946979       -1.5976263601562600E-005   9.4588075584106594E-003
   3364.8654971833316       0.61740495378823446       -1.5977670041662809E-005   9.4747852284523225E-003
   3369.8654971833316       0.61743748223347583       -1.5979073058945680E-005   9.4907643015112678E-003
   3374.8654971833316       0.61746993048695376       -1.5980472666492002E-005   9.5067447741777594E-003
   3379.8654971833316       0.61750229885876995       -1.5981868877313863E-005   9.5227266430550732E-003
   3384.8654971833316       0.61753458765736791       -1.5983261704354577E-005   9.5387099047594282E-003
   3389.8654971833316       0.61756679718954532       -1.5984651160489219E-005   9.5546945559199167E-003
   3394.8654971833316       0.61759892776047853       -1.5986037258525660E-005   9.5706805931784419E-003
   3399.8654971833316       0.61763097967374181       -1.5987420011205358E-005   9.5866680131896469E-003
   3404.8654971833316       0.61766295323126674       -1.5988799431201592E-005   9.6026568126208484E-003
   3409.8654971833316       0.61769484873341862       -1.5990175531122736E-005   9.6186469881519715E-003
   3414.8654971833316       0.61772666647898333       -1.5991548323511670E-005   9.6346385364754830E-003
   3419.8654971833316       0.61775840676516214       -1.5992917820845535E-005   9.6506314542963278E-003
   3424.8654971833316       0.61779006988757257       -1.5994284035535732E-005   9.6666257383318643E-003
   3429.8654971833316       0.61782165614031170       -1.5995646979930650E-005   9.6826213853117953E-003
   3434.8654971833316       0.61785316581591521       -1.5997006666313866E-005   9.6986183919781088E-003
   3439.8654971833316       0.61788459920539152       -1.5998363106905612E-005   9.7146167550850142E-003
   3444.8654971833316       0.61791595659823317       -1.5999716313863209E-005   9.7306164713988775E-003
   3449.8654971833316       0.61794723828241682       -1.6001066299281096E-005   9.7466175376981594E-003
   3454.8654971833316       0.61797844454442119       -1.6002413075191535E-005   9.7626199507733508E-003
   3459.8654971833316       0.61800957566921411       -1.6003756653564060E-005   9.7786237074269141E-003
   3464.8654971833316       0.61804063194030212       -1.6005097046307585E-005   9.7946288044732221E-003
   3469.8654971833316       0.61807161363972551       -1.6006434265270176E-005   9.8106352387384924E-003
   3474.8654971833316       0.61810252104804231       -1.6007768322238335E-005   9.8266430070607300E-003
   3479.8654971833316       0.61813335444436668       -1.6009099228938633E-005   9.8426521062896684E-003
   3484.8654971833316       0.61816411410638128       -1.6010426997038240E-005   9.8586625332867071E-003
   3489.8654971833316       0.61819480031031804       -1.6011751638144049E-005   9.8746742849248510E-003
   3494.8654971833316       0.61822541333098846       -1.6013073163803978E-005   9.8906873580886547E-003
   3499.8654971833316       0.61825595344181172       -1.6014391585508187E-005   9.9067017496741634E-003
   3504.8654971833316       0.61828642091475761       -1.6015706914686536E-005   9.9227174565888494E-003
   3509.8654971833316       0.61831681602043409       -1.6017019162712418E-005   9.9387344757515626E-003
   3514.8654971833316       0.61834713902804250       -1.6018328340900748E-005   9.9547528040924635E-003
   3519.8654971833316       0.61837739020543658       -1.6019634460510514E-005   9.9707724385529745E-003
   3524.8654971833316       0.61840756981908351       -1.6020937532743082E-005   9.9867933760857171E-003
   3529.8654971833316       0.61843767813408113       -1.6022237568742920E-005   1.0002815613654461E-002
   3534.8654971833316       0.61846771541418089       -1.6023534579598553E-005   1.0018839148234059E-002
   3539.8654971833316       0.61849768192180066       -1.6024828576343128E-005   1.0034863976810401E-002
   3544.8654971833316       0.61852757791801150       -1.6026119569953784E-005   1.0050890096380355E-002
   3549.8654971833316       0.61855740366257028       -1.6027407571353085E-005   1.0066917503951708E-002
   3554.8654971833316       0.61858715941392595       -1.6028692591409235E-005   1.0082946196543117E-002
   3559.8654971833316       0.61861684542920314       -1.6029974640935394E-005   1.0098976171184052E-002
   3564.8654971833316       0.61864646196421758       -1.6031253730690280E-005   1.0115007424914743E-002
   3569.8654971833316       0.61867600927352051       -1.6032529871380108E-005   1.0131039954786123E-002
   3574.8654971833316       0.61870548761037558       -1.6033803073657559E-005   1.0147073757859781E-002
   3579.8654971833316       0.61873489722676966       -1.6035073348122218E-005   1.0163108831207903E-002
   3584.8654971833316       0.61876423837339933       -1.6036340705319995E-005   1.0179145171913224E-002
   3589.8654971833316       0.61879351129973259       -1.6037605155745768E-005   1.0195182777068969E-002
   3594.8654971833316       0.61882271625397800       -1.6038866709842030E-005   1.0211221643778811E-002
   3599.8654971833316       0.61885185348309857       -1.6040125377999458E-005   1.0227261769156811E-002
   3604.8654971833316       0.61888092323282673       -1.6041381170557578E-005   1.0243303150327369E-002
   3609.8654971833316       0.61890992574767345       -1.6042634097805110E-005   1.0259345784425174E-002
   3614.8654971833316       0.61893886127093267       -1.6043884169980163E-005   1.0275389668595154E-002
   3619.8654971833316       0.61896773004466321       -1.6045131397269424E-005   1.0291434799992423E-002
   3624.8654971833316       0.61899653230973184       -1.6046375789810021E-005   1.0307481175782233E-002
   3629.8654971833316       0.61902526830584015       -1.6047617357690642E-005   1.0323528793139924E-002
   3634.8654971833316       0.61905393827147348       -1.6048856110949340E-005   1.0339577649250873E-002
   3639.8654971833316       0.61908254244393401       -1.6050092059574933E-005   1.0355627741310448E-002
   3644.8654971833316       0.61911108105935897       -1.6051325213507772E-005   1.0371679066523956E-002
   3649.8654971833316       0.61913955435273071       -1.6052555582640174E-005   1.0387731622106596E-002
   3654.8654971833316       0.61916796255785533       -1.6053783176815477E-005   1.0403785405283411E-002
   3659.8654971833316       0.61919630590738539       -1.6055008005828999E-005   1.0419840413289241E-002
   3664.8654971833316       0.61922458463286756       -1.6056230079430090E-005   1.0435896643368671E-002
   3669.8654971833316       0.61925279896465768       -1.6057449407318463E-005   1.0451954092775989E-002
   3674.8654971833316       0.61928094913201392       -1.6058665999148169E-005   1.0468012758775137E-002
   3679.8654971833316       0.61930903536306214       -1.6059879864526107E-005   1.0484072638639663E-002
   3684.8654971833316       0.61933705788481719       -1.6061091013012943E-005   1.0500133729652675E-002
   3689.8654971833316       0.61936501692320511       -1.6062299454124024E-005   1.0516196029106799E-002
   3694.8654971833316       0.61939291270302044       -1.6063505197327553E-005   1.0532259534304126E-002
   3699.8654971833316       0.61942074544796655       -1.6064708252046289E-005   1.0548324242556173E-002
   3704.8654971833316       0.61944851538067935       -1.6065908627658573E-005   1.0564390151183831E-002
   3709.8654971833316       0.61947622272269887       -1.6067106333497085E-005   1.0580457257517328E-002
   3714.8654971833316       0.61950386769448984       -1.6068301378849722E-005   1.0596525558896178E-002
   3719.8654971833316       0.61953145051544245       -1.6069493772959608E-005   1.0612595052669137E-002
   3724.8654971833316       0.61955897140391425       -1.6070683525026896E-005   1.0628665736194164E-002
   3729.8654971833316       0.61958643057718543       -1.6071870644206838E-005   1.0644737606838371E-002
   3734.8654971833316       0.61961382825146516       -1.6073055139610011E-005   1.0660810661977981E-002
   3739.8654971833316       0.61964116464199070       -1.6074237020306619E-005   1.0676884898998287E-002
   3744.8654971833316       0.61966843996289656       -1.6075416295320828E-005   1.0692960315293607E-002
   3749.8654971833316       0.61969565442731600       -1.6076592973635099E-005   1.0709036908267243E-002
   3754.8654971833316       0.61972280824736048       -1.6077767064189333E-005   1.0725114675331432E-002
   3759.8654971833316       0.61974990163412413       -1.6078938575881042E-005   1.0741193613907313E-002
   3764.8654971833316       0.61977693479768059       -1.6080107517565165E-005   1.0757273721424879E-002
   3769.8654971833316       0.61980390794711282       -1.6081273898055397E-005   1.0773354995322934E-002
   3774.8654971833316       0.61983082129051292       -1.6082437726124135E-005   1.0789437433049057E-002
   3779.8654971833316       0.61985767503495004       -1.6083599010501088E-005   1.0805521032059558E-002
   3784.8654971833316       0.61988446938654573       -1.6084757759876511E-005   1.0821605789819435E-002
   3789.8654971833316       0.61991120455039772       -1.6085913982897930E-005   1.0837691703802332E-002
   3794.8654971833316       0.61993788073065947       -1.6087067688173524E-005   1.0853778771490507E-002
   3799.8654971833316       0.61996449813053056       -1.6088218884271750E-005   1.0869866990374778E-002
   3804.8654971833316       0.61999105695222423       -1.6089367579719868E-005   1.0885956357954498E-002
