 #              _____________________  _______________________             #
 #              ___  __ \__  __ \_  / / /_  /___  ____/_  ___/             #
 #              __  / / /_  /_/ /  / / /_  __/_  __/  _____ \              #
 #              _  /_/ /_  _, _// /_/ / / /_ _  /___  ____/ /              #
 #              /_____/ /_/ |_| \____/  \__/ /_____/  /____/               #
 #                                                                         #
  
 #        time                      [L]                   runoff elevation [m a.m.s.l]       runoff flux [L3.T-1.L-2]   in    x              directions   cumulative flux
 #-----------------------------------------------------------------------------------------------

   0.0000000000000000        0.0000000000000000       -0.0000000000000000        0.0000000000000000     
   1.0000000000000000E-004   0.0000000000000000       -0.0000000000000000        0.0000000000000000     
   2.0600000000000002E-004   0.0000000000000000       -0.0000000000000000        0.0000000000000000     
   3.1836000000000006E-004   0.0000000000000000       -0.0000000000000000        0.0000000000000000     
   4.3746160000000009E-004   0.0000000000000000       -0.0000000000000000        0.0000000000000000     
   5.6370929600000014E-004   0.0000000000000000       -0.0000000000000000        0.0000000000000000     
   6.9753185376000013E-004   0.0000000000000000       -0.0000000000000000        0.0000000000000000     
   8.3938376498560023E-004   0.0000000000000000       -0.0000000000000000        0.0000000000000000     
   9.8974679088473629E-004   0.0000000000000000       -0.0000000000000000        0.0000000000000000     
   1.1491315983378205E-003   0.0000000000000000       -0.0000000000000000        0.0000000000000000     
   1.3180794942380899E-003   0.0000000000000000       -0.0000000000000000        0.0000000000000000     
   1.4971642638923754E-003   0.0000000000000000       -0.0000000000000000        0.0000000000000000     
   1.6869941197259180E-003   0.0000000000000000       -0.0000000000000000        0.0000000000000000     
   1.8882137669094731E-003   0.0000000000000000       -0.0000000000000000        0.0000000000000000     
   2.1015065929240414E-003   0.0000000000000000       -0.0000000000000000        0.0000000000000000     
   2.3275969884994840E-003   0.0000000000000000       -0.0000000000000000        0.0000000000000000     
   2.5672528078094533E-003   0.0000000000000000       -0.0000000000000000        0.0000000000000000     
   2.8212879762780207E-003   0.0000000000000000       -0.0000000000000000        0.0000000000000000     
   3.0905652548547020E-003   0.0000000000000000       -0.0000000000000000        0.0000000000000000     
   3.3759991701459843E-003   0.0000000000000000       -0.0000000000000000        0.0000000000000000     
   3.6785591203547436E-003   0.0000000000000000       -0.0000000000000000        0.0000000000000000     
   3.9992726675760282E-003   0.0000000000000000       -0.0000000000000000        0.0000000000000000     
   4.3392290276305897E-003   0.0000000000000000       -0.0000000000000000        0.0000000000000000     
   4.6995827692884254E-003   0.0000000000000000       -0.0000000000000000        0.0000000000000000     
   5.0815577354457308E-003   0.0000000000000000       -0.0000000000000000        0.0000000000000000     
   5.4864511995724747E-003   0.0000000000000000       -0.0000000000000000        0.0000000000000000     
   5.9156382715468232E-003   0.0000000000000000       -0.0000000000000000        0.0000000000000000     
   6.3705765678396331E-003   0.0000000000000000       -0.0000000000000000        0.0000000000000000     
   6.8528111619100118E-003   0.0000000000000000       -0.0000000000000000        0.0000000000000000     
   7.3639798316246126E-003   0.0000000000000000       -0.0000000000000000        0.0000000000000000     
   7.9058186215220892E-003   0.0000000000000000       -0.0000000000000000        0.0000000000000000     
   8.4801677388134152E-003   0.0000000000000000       -0.0000000000000000        0.0000000000000000     
   9.0889778031422210E-003   0.0000000000000000       -0.0000000000000000        0.0000000000000000     
   9.7343164713307555E-003   0.0000000000000000       -0.0000000000000000        0.0000000000000000     
   1.0418375459610602E-002   0.0000000000000000       -0.0000000000000000        0.0000000000000000     
   1.1143477987187239E-002   0.0000000000000000       -0.0000000000000000        0.0000000000000000     
   1.1912086666418473E-002   0.0000000000000000       -0.0000000000000000        0.0000000000000000     
   1.2726811866403582E-002   0.0000000000000000       -0.0000000000000000        0.0000000000000000     
   1.3590420578387798E-002   0.0000000000000000       -0.0000000000000000        0.0000000000000000     
   1.4505845813091067E-002   0.0000000000000000       -0.0000000000000000        0.0000000000000000     
   1.5476196561876531E-002   0.0000000000000000       -0.0000000000000000        0.0000000000000000     
   1.6504768355589124E-002   0.0000000000000000       -0.0000000000000000        0.0000000000000000     
   1.7595054456924473E-002   0.0000000000000000       -0.0000000000000000        0.0000000000000000     
   1.8750757724339942E-002   0.0000000000000000       -0.0000000000000000        0.0000000000000000     
   1.9975803187800338E-002   0.0000000000000000       -0.0000000000000000        0.0000000000000000     
   2.1274351379068360E-002   0.0000000000000000       -0.0000000000000000        0.0000000000000000     
   2.2650812461812463E-002   0.0000000000000000       -0.0000000000000000        0.0000000000000000     
   2.4109861209521213E-002   0.0000000000000000       -0.0000000000000000        0.0000000000000000     
   2.5656452882092486E-002   0.0000000000000000       -0.0000000000000000        0.0000000000000000     
   2.7295840055018037E-002   0.0000000000000000       -0.0000000000000000        0.0000000000000000     
   2.9033590458319120E-002   0.0000000000000000       -0.0000000000000000        0.0000000000000000     
   3.0875605885818270E-002   0.0000000000000000       -0.0000000000000000        0.0000000000000000     
   3.2828142238967364E-002   0.0000000000000000       -0.0000000000000000        0.0000000000000000     
   3.4897830773305411E-002   0.0000000000000000       -0.0000000000000000        0.0000000000000000     
   3.7091700619703738E-002   0.0000000000000000       -0.0000000000000000        0.0000000000000000     
   3.9417202656885961E-002   0.0000000000000000       -0.0000000000000000        0.0000000000000000     
   4.1882234816299123E-002   0.0000000000000000       -0.0000000000000000        0.0000000000000000     
   4.4495168905277070E-002   0.0000000000000000       -0.0000000000000000        0.0000000000000000     
   4.7264879039593699E-002   0.0000000000000000       -0.0000000000000000        0.0000000000000000     
   5.0200771781969321E-002   0.0000000000000000       -0.0000000000000000        0.0000000000000000     
   5.3312818088887486E-002   0.0000000000000000       -0.0000000000000000        0.0000000000000000     
   5.6611587174220740E-002   0.0000000000000000       -0.0000000000000000        0.0000000000000000     
   6.0108282404673988E-002   0.0000000000000000       -0.0000000000000000        0.0000000000000000     
   6.3814779348954437E-002   0.0000000000000000       -0.0000000000000000        0.0000000000000000     
   6.7743666109891701E-002   0.0000000000000000       -0.0000000000000000        0.0000000000000000     
   7.1908286076485209E-002   0.0000000000000000       -0.0000000000000000        0.0000000000000000     
   7.6322783241074332E-002   0.0000000000000000       -0.0000000000000000        0.0000000000000000     
   8.1002150235538792E-002   0.0000000000000000       -0.0000000000000000        0.0000000000000000     
   8.5962279249671120E-002   0.0000000000000000       -0.0000000000000000        0.0000000000000000     
   9.1220016004651391E-002   0.0000000000000000       -0.0000000000000000        0.0000000000000000     
   9.6793216964930484E-002   0.0000000000000000       -0.0000000000000000        0.0000000000000000     
  0.10270080998282632        0.0000000000000000       -0.0000000000000000        0.0000000000000000     
  0.10896285858179591        0.0000000000000000       -0.0000000000000000        0.0000000000000000     
  0.11560063009670367        0.0000000000000000       -0.0000000000000000        0.0000000000000000     
  0.12263666790250589        0.0000000000000000       -0.0000000000000000        0.0000000000000000     
  0.13009486797665626        0.0000000000000000       -0.0000000000000000        0.0000000000000000     
  0.13800056005525563        0.0000000000000000       -0.0000000000000000        0.0000000000000000     
  0.14638059365857098        0.0000000000000000       -0.0000000000000000        0.0000000000000000     
  0.15526342927808526        0.0000000000000000       -0.0000000000000000        0.0000000000000000     
  0.16467923503477039        0.0000000000000000       -0.0000000000000000        0.0000000000000000     
  0.17465998913685662        0.0000000000000000       -0.0000000000000000        0.0000000000000000     
  0.18523958848506802        0.0000000000000000       -0.0000000000000000        0.0000000000000000     
  0.19645396379417213        0.0000000000000000       -0.0000000000000000        0.0000000000000000     
  0.20834120162182246        0.0000000000000000       -0.0000000000000000        0.0000000000000000     
  0.22094167371913181        0.0000000000000000       -0.0000000000000000        0.0000000000000000     
  0.23429817414227974        0.0000000000000000       -0.0000000000000000        0.0000000000000000     
  0.24845606459081654        0.0000000000000000       -0.0000000000000000        0.0000000000000000     
  0.26346342846626553        0.0000000000000000       -0.0000000000000000        0.0000000000000000     
  0.27937123417424148        0.0000000000000000       -0.0000000000000000        0.0000000000000000     
  0.29623350822469596        0.0000000000000000       -0.0000000000000000        0.0000000000000000     
  0.31410751871817771        0.0000000000000000       -0.0000000000000000        0.0000000000000000     
  0.33305396984126839        0.0000000000000000       -0.0000000000000000        0.0000000000000000     
  0.35313720803174453        0.0000000000000000       -0.0000000000000000        0.0000000000000000     
  0.37442544051364923        0.0000000000000000       -0.0000000000000000        0.0000000000000000     
  0.39699096694446823        0.0000000000000000       -0.0000000000000000        0.0000000000000000     
  0.42091042496113634        0.0000000000000000       -0.0000000000000000        0.0000000000000000     
  0.44626505045880455        0.0000000000000000       -0.0000000000000000        0.0000000000000000     
  0.47314095348633284        0.0000000000000000       -0.0000000000000000        0.0000000000000000     
  0.50162941069551281        0.0000000000000000       -0.0000000000000000        0.0000000000000000     
  0.53182717533724366        0.0000000000000000       -0.0000000000000000        0.0000000000000000     
  0.56383680585747831        0.0000000000000000       -0.0000000000000000        0.0000000000000000     
  0.59776701420892708        0.0000000000000000       -0.0000000000000000        0.0000000000000000     
  0.63373303506146272        0.0000000000000000       -0.0000000000000000        0.0000000000000000     
  0.67185701716515056        0.0000000000000000       -0.0000000000000000        0.0000000000000000     
  0.71226843819505958        0.0000000000000000       -0.0000000000000000        0.0000000000000000     
  0.75510454448676323        0.0000000000000000       -0.0000000000000000        0.0000000000000000     
  0.80051081715596906        0.0000000000000000       -0.0000000000000000        0.0000000000000000     
  0.84864146618532721        0.0000000000000000       -0.0000000000000000        0.0000000000000000     
  0.89965995415644684        0.0000000000000000       -0.0000000000000000        0.0000000000000000     
  0.95373955140583366        0.0000000000000000       -0.0000000000000000        0.0000000000000000     
   1.0110639244901838        0.0000000000000000       -0.0000000000000000        0.0000000000000000     
   1.0718277599595949        0.0000000000000000       -0.0000000000000000        0.0000000000000000     
   1.1362374255571706        0.0000000000000000       -0.0000000000000000        0.0000000000000000     
   1.2045116710906008        0.0000000000000000       -0.0000000000000000        0.0000000000000000     
   1.2768823713560369        0.0000000000000000       -0.0000000000000000        0.0000000000000000     
   1.3535953136373993        0.0000000000000000       -0.0000000000000000        0.0000000000000000     
   1.4349110324556433        0.0000000000000000       -0.0000000000000000        0.0000000000000000     
   1.5211056944029819        0.0000000000000000       -0.0000000000000000        0.0000000000000000     
   1.6124720360671609        0.0000000000000000       -0.0000000000000000        0.0000000000000000     
   1.7093203582311907        0.0000000000000000       -0.0000000000000000        0.0000000000000000     
   1.8119795797250622        0.0000000000000000       -0.0000000000000000        0.0000000000000000     
   1.9207983545085661        0.0000000000000000       -0.0000000000000000        0.0000000000000000     
   2.0361462557790801        0.0000000000000000       -0.0000000000000000        0.0000000000000000     
   2.1584150311258252        0.0000000000000000       -0.0000000000000000        0.0000000000000000     
   2.2880199329933748        0.0000000000000000       -0.0000000000000000        0.0000000000000000     
   2.4254011289729775        0.0000000000000000       -0.0000000000000000        0.0000000000000000     
   2.5710251967113562        0.0000000000000000       -0.0000000000000000        0.0000000000000000     
   2.7253867085140375        0.0000000000000000       -0.0000000000000000        0.0000000000000000     
   2.8890099110248801        0.0000000000000000       -0.0000000000000000        0.0000000000000000     
   3.0624505056863729        0.0000000000000000       -0.0000000000000000        0.0000000000000000     
   3.2462975360275554        0.0000000000000000       -0.0000000000000000        0.0000000000000000     
   3.4411753881892091        0.0000000000000000       -0.0000000000000000        0.0000000000000000     
   3.6477459114805617        0.0000000000000000       -0.0000000000000000        0.0000000000000000     
   3.8667106661693955        0.0000000000000000       -0.0000000000000000        0.0000000000000000     
   4.0988133061395597        0.0000000000000000       -0.0000000000000000        0.0000000000000000     
   4.3448421045079337        0.0000000000000000       -0.0000000000000000        0.0000000000000000     
   4.6056326307784099        0.0000000000000000       -0.0000000000000000        0.0000000000000000     
   4.8820705886251146        0.0000000000000000       -0.0000000000000000        0.0000000000000000     
   5.1750948239426213        0.0000000000000000       -0.0000000000000000        0.0000000000000000     
   5.4857005133791787        0.0000000000000000       -0.0000000000000000        0.0000000000000000     
   5.8149425441819300        0.0000000000000000       -0.0000000000000000        0.0000000000000000     
   6.1639390968328458        0.0000000000000000       -0.0000000000000000        0.0000000000000000     
   6.5338754426428167        0.0000000000000000       -0.0000000000000000        0.0000000000000000     
   6.9260079692013861        0.0000000000000000       -0.0000000000000000        0.0000000000000000     
   7.3416684473534692        0.0000000000000000       -0.0000000000000000        0.0000000000000000     
   7.7822685541946779        0.0000000000000000       -0.0000000000000000        0.0000000000000000     
   8.2493046674463599        0.0000000000000000       -0.0000000000000000        0.0000000000000000     
   8.7443629474931424        0.0000000000000000       -0.0000000000000000        0.0000000000000000     
   9.2691247243427313        0.0000000000000000       -0.0000000000000000        0.0000000000000000     
   9.8253722078032961        0.0000000000000000       -0.0000000000000000        0.0000000000000000     
   10.414994540271495        0.0000000000000000       -0.0000000000000000        0.0000000000000000     
   11.039994212687786        0.0000000000000000       -0.0000000000000000        0.0000000000000000     
   11.702493865449053        0.0000000000000000       -0.0000000000000000        0.0000000000000000     
   12.404743497375996        0.0000000000000000       -0.0000000000000000        0.0000000000000000     
   13.149128107218557        0.0000000000000000       -0.0000000000000000        0.0000000000000000     
   13.938175793651672        0.0000000000000000       -0.0000000000000000        0.0000000000000000     
   14.774566341270774        0.0000000000000000       -0.0000000000000000        0.0000000000000000     
   15.661140321747020        0.0000000000000000       -0.0000000000000000        0.0000000000000000     
   16.600908741051843        0.0000000000000000       -0.0000000000000000        0.0000000000000000     
   17.597063265514954        0.0000000000000000       -0.0000000000000000        0.0000000000000000     
   18.652987061445852        0.0000000000000000       -0.0000000000000000        0.0000000000000000     
   19.772266285132606        0.0000000000000000       -0.0000000000000000        0.0000000000000000     
   20.958702262240564        0.0000000000000000       -0.0000000000000000        0.0000000000000000     
   22.216324397974997        0.0000000000000000       -0.0000000000000000        0.0000000000000000     
   23.549403861853499        0.0000000000000000       -0.0000000000000000        0.0000000000000000     
   24.962468093564709        0.0000000000000000       -0.0000000000000000        0.0000000000000000     
   26.460316179178594        0.0000000000000000       -0.0000000000000000        0.0000000000000000     
   28.048035149929312        0.0000000000000000       -0.0000000000000000        0.0000000000000000     
   29.731017258925071        0.0000000000000000       -0.0000000000000000        0.0000000000000000     
   31.514978294460576        0.0000000000000000       -0.0000000000000000        0.0000000000000000     
   33.405976992128210        0.0000000000000000       -0.0000000000000000        0.0000000000000000     
   35.410435611655906        0.0000000000000000       -0.0000000000000000        0.0000000000000000     
   37.535161748355264        0.0000000000000000       -0.0000000000000000        0.0000000000000000     
   39.787371453256583        0.0000000000000000       -0.0000000000000000        0.0000000000000000     
   42.174713740451978        0.0000000000000000       -0.0000000000000000        0.0000000000000000     
   44.705296564879099        0.0000000000000000       -0.0000000000000000        0.0000000000000000     
   47.387714358771845        0.0000000000000000       -0.0000000000000000        0.0000000000000000     
   50.231077220298161        0.0000000000000000       -0.0000000000000000        0.0000000000000000     
   53.245041853516049        0.0000000000000000       -0.0000000000000000        0.0000000000000000     
   56.439844364727016        0.0000000000000000       -0.0000000000000000        0.0000000000000000     
   59.826335026610636        0.0000000000000000       -0.0000000000000000        0.0000000000000000     
   63.416015128207277        0.0000000000000000       -0.0000000000000000        0.0000000000000000     
   67.221076035899713        0.0000000000000000       -0.0000000000000000        0.0000000000000000     
   71.254440598053705        0.0000000000000000       -0.0000000000000000        0.0000000000000000     
   75.529807033936933        0.0000000000000000       -0.0000000000000000        0.0000000000000000     
   80.061695455973151        0.0000000000000000       -0.0000000000000000        0.0000000000000000     
   84.865497183331541        0.0000000000000000       -0.0000000000000000        0.0000000000000000     
   89.865497183331541        4.0487929078371321E-004  -3.9497246678611542E-011   3.9497246678611542E-011
   94.865497183331541        5.0896135107715524E-003  -2.6843072486670313E-009   2.7238044953456427E-009
   99.865497183331541        1.3704993989814989E-002  -1.3990147675739169E-008   1.6713952171084811E-008
   104.86549718333154        2.5946293882938645E-002  -4.0533717640002474E-008   5.7247669811087286E-008
   109.86549718333154        4.1545737088788177E-002  -8.8831773045258897E-008   1.4607944285634619E-007
   114.86549718333154        6.0266529815547747E-002  -1.6512691168088231E-007   3.1120635453722848E-007
   119.86549718333154        8.1898076071734563E-002  -2.7530475701791626E-007   5.8651111155514474E-007
   124.86549718333154       0.10625210223176675       -4.2486742592843249E-007   1.0113785374835772E-006
   129.86549718333154       0.13315948644560174       -6.1893408811738458E-007   1.6303126256009617E-006
   134.86549718333154       0.16246757360607780       -8.6225431006806095E-007   2.4925669356690227E-006
   139.86549718333154       0.19403677154062898       -1.1592157767502182E-006   3.6517827124192410E-006
   144.86549718333154       0.22772802224127009       -1.5137413477222179E-006   5.1655240601414591E-006
   149.86549718333154       0.26334928242640393       -1.9286101525996591E-006   7.0941342127411187E-006
   154.86549718333154       0.30050791245448000       -2.4031676495095140E-006   9.4973018622506335E-006
   159.86549718333154       0.33838401665733170       -2.9289184863905076E-006   1.2426220348641141E-005
   164.86549718333154       0.37562153879449334       -3.4855797910341272E-006   1.5911800139675268E-005
   169.86549718333154       0.41058186039898520       -4.0428765488017869E-006   1.9954676688477055E-005
   174.86549718333154       0.44189491610464388       -4.5697161550796134E-006   2.4524392843556666E-005
   179.86549718333154       0.46890587236871745       -5.0446805396851624E-006   2.9569073383241830E-005
   184.86549718333154       0.49172164196447810       -5.4603827796084972E-006   3.5029456162850324E-005
   189.86549718333154       0.51093882279533998       -5.8206620964758103E-006   4.0850118259326136E-005
   194.86549718333154       0.52731321459176606       -6.1348692056283209E-006   4.6984987464954460E-005
   199.86549718333154       0.54153921816529138       -6.4131894943650188E-006   5.3398176959319478E-005
   204.86549718333154       0.55416145284718532       -6.6642519101329699E-006   6.0062428869452445E-005
   209.86549718333154       0.56557117138396396       -6.8945034011105833E-006   6.6956932270563035E-005
   214.86549718333154       0.57603747837355168       -7.1084588015820638E-006   7.4065391072145102E-005
   219.86549718333154       0.58574357657263809       -7.3092044102883562E-006   8.1374595482433461E-005
   224.86549718333154       0.59481614063070853       -7.4988636633070311E-006   8.8873459145740499E-005
   229.86549718333154       0.60334571270810966       -7.6789398931926636E-006   9.6552399038933156E-005
   234.86549718333154       0.61139975307080729       -7.8505421208505311E-006   1.0440294115978369E-004
   239.86549718333154       0.61903065658351664       -8.0145254439918986E-006   1.1241746660377559E-004
   244.86549718333154       0.62628061947485658       -8.1715762445241301E-006   1.2058904284829972E-004
   249.86549718333154       0.63318462651971130       -8.3222639558460510E-006   1.2891130680414578E-004
   254.86549718333154       0.63977233664819444       -8.4670731599725212E-006   1.3737837996411831E-004
   259.86549718333151       0.64606932027422326       -8.6064241765933151E-006   1.4598480414071164E-004
   264.86549718333151       0.65209790699660741       -8.7406868309088612E-006   1.5472549097162049E-004
   269.86549718333151       0.65787779133071533       -8.8701900695029187E-006   1.6359568104112342E-004
   274.86549718333151       0.66342648216077027       -8.9952289582112628E-006   1.7259090999933467E-004
   279.86549718333151       0.66875964703862856       -9.1160699626400197E-006   1.8170697996197470E-004
   284.86549718333151       0.67389138290874284       -9.2329550561723483E-006   1.9093993501814705E-004
   289.86549718333151       0.67883443351646111       -9.3461049966987015E-006   2.0028604001484575E-004
   294.86549718333151       0.68360036699401694       -9.4557219937590732E-006   2.0974176200860481E-004
   299.86549718333151       0.68819972293898968       -9.5619919154256532E-006   2.1930375392403048E-004
   304.86549718333151       0.69264213562455323       -9.6650861389971953E-006   2.2896884006302768E-004
   309.86549718333151       0.69693643820835882       -9.7651631203084955E-006   2.3873400318333618E-004
   314.86549718333151       0.70109075159408574       -9.8623697368985971E-006   2.4859637292023480E-004
   319.86549718333151       0.70511256074588358       -9.9568424468160164E-006   2.5855321536705082E-004
   324.86549718333151       0.70900878063805628       -1.0048708295280442E-005   2.6860192366233123E-004
   329.86549718333151       0.71278581356633852       -1.0138085794491544E-005   2.7874000945682278E-004
   334.86549718333151       0.71644959920296158       -1.0225085696717232E-005   2.8896509515354002E-004
   339.86549718333151       0.72000565851427278       -1.0309811676894224E-005   2.9927490683043424E-004
   344.86549718333151       0.72345913245481286       -1.0392360937969327E-005   3.0966726776840355E-004
   349.86549718333151       0.72681481619063559       -1.0472824749865363E-005   3.2014009251826893E-004
   354.86549718333151       0.73007718947656108       -1.0551288931103318E-005   3.3069138144937223E-004
   359.86549718333151       0.73325044370900982       -1.0627834280626867E-005   3.4131921572999911E-004
   364.86549718333151       0.73633850609300577       -1.0702536966185449E-005   3.5202175269618457E-004
   369.86549718333151       0.73934506129365329       -1.0775468874651032E-005   3.6279722157083562E-004
   374.86549718333151       0.74227357088694590       -1.0846697928854184E-005   3.7364391949968982E-004
   379.86549718333151       0.74512729087829010       -1.0916288374857432E-005   3.8456020787454726E-004
   384.86549718333151       0.74790928751891228       -1.0984301043038981E-005   3.9554450891758625E-004
   389.86549718333151       0.75062245161827401       -1.1050793585901577E-005   4.0659530250348780E-004
   394.86549718333151       0.75326951152359345       -1.1115820695133224E-005   4.1771112319862104E-004
   399.86549718333151       0.75585304491484673       -1.1179434300120519E-005   4.2889055749874153E-004
   404.86549718333151       0.75837548954438927       -1.1241683749839030E-005   4.4013224124858055E-004
   409.86549718333151       0.76083915303391714       -1.1302615979808440E-005   4.5143485722838898E-004
   414.86549718333151       0.76324622182735768       -1.1362275665594598E-005   4.6279713289398356E-004
   419.86549718333151       0.76559876938644378       -1.1420705364170914E-005   4.7421783825815449E-004
   424.86549718333151       0.76789876370518240       -1.1477945644296200E-005   4.8569578390245067E-004
   429.86549718333151       0.77014807421062081       -1.1534035206938632E-005   4.9722981910938933E-004
   434.86549718333151       0.77234847810949503       -1.1589010996660121E-005   5.0881883010604940E-004
   439.86549718333151       0.77450166623369632       -1.1642908304778360E-005   5.2046173841082777E-004
   444.86549718333151       0.77660924843148027       -1.1695760865033352E-005   5.3215749927586111E-004
   449.86549718333151       0.77867275854644036       -1.1747600942414618E-005   5.4390510021827575E-004
   454.86549718333151       0.78069365902156529       -1.1798459415733142E-005   5.5570355963400890E-004
   459.86549718333151       0.78267334516195397       -1.1848365854467785E-005   5.6755192548847667E-004
   464.86549718333151       0.78461314908610746       -1.1897348590359108E-005   5.7944927407883580E-004
   469.86549718333151       0.78651434339281900       -1.1945434784181384E-005   5.9139470886301719E-004
   474.86549718333151       0.78837814456791389       -1.1992650488080758E-005   6.0338735935109797E-004
   479.86549718333151       0.79020571615263491       -1.2039020703829624E-005   6.1542638005492761E-004
   484.86549718333151       0.79199817169354225       -1.2084569437319554E-005   6.2751094949224716E-004
   489.86549718333151       0.79375657749160955       -1.2129319749578654E-005   6.3964026924182580E-004
   494.86549718333151       0.79548195516677711       -1.2173293804579766E-005   6.5181356304640551E-004
   499.86549718333151       0.79717528405265237       -1.2216512914080938E-005   6.6403007596048641E-004
   504.86549718333151       0.79883750343449322       -1.2258997579713207E-005   6.7628907354019959E-004
   509.86549718333151       0.80046951464279104       -1.2300767532521681E-005   6.8858984107272132E-004
   514.86549718333151       0.80207218301333005       -1.2341841770139743E-005   7.0093168284286105E-004
   519.86549718333151       0.80364633972386990       -1.2382238591766975E-005   7.1331392143462807E-004
   524.86549718333151       0.80519278351654955       -1.2421975631103026E-005   7.2573589706573108E-004
   529.86549718333151       0.80671228231445413       -1.2461069887380425E-005   7.3819696695311154E-004
   534.86549718333151       0.80820557474002053       -1.2499537754626539E-005   7.5069650470773808E-004
   539.86549718333151       0.80967337154230634       -1.2537395049274289E-005   7.6323389975701237E-004
   544.86549718333151       0.81111635693956530       -1.2574657036231820E-005   7.7580855679324422E-004
   549.86549718333151       0.81253518988308915       -1.2611338453513883E-005   7.8841989524675807E-004
   554.86549718333151       0.81393050524774391       -1.2647453535528482E-005   8.0106734878228651E-004
   559.86549718333151       0.81530291495423879       -1.2683016035106386E-005   8.1375036481739290E-004
   564.86549718333151       0.81665300902765103       -1.2718039244351468E-005   8.2646840406174437E-004
   569.86549718333151       0.81798135659664306       -1.2752536014390961E-005   8.3922094007613532E-004
   574.86549718333151       0.81928850683713450       -1.2786518774090291E-005   8.5200745885022561E-004
   579.86549718333151       0.82057498986413735       -1.2819999547798570E-005   8.6482745839802416E-004
   584.86549718333151       0.82184131757512580       -1.2852989972184488E-005   8.7768044837020862E-004
   589.86549718333151       0.82308798444797737       -1.2885501312216073E-005   8.9056594968242467E-004
   594.86549718333151       0.82431546829644309       -1.2917544476337716E-005   9.0348349415876237E-004
   599.86549718333151       0.82552423098578731       -1.2949130030891522E-005   9.1643262418965386E-004
   604.86549718333151       0.82671471911099370       -1.2980268213825511E-005   9.2941289240347936E-004
   609.86549718333151       0.82788736464000179       -1.3010968947734437E-005   9.4242386135121384E-004
   614.86549718333151       0.82904258552395482       -1.3041241852267870E-005   9.5546510320348174E-004
   619.86549718333151       0.83018078627649039       -1.3071096255942884E-005   9.6853619945942466E-004
   624.86549718333151       0.83130235852399403       -1.3100541207396901E-005   9.8163674066682164E-004
   629.86549718333151       0.83240768152837685       -1.3129585486108081E-005   9.9476632615292976E-004
   634.86549718333151       0.83349712268417853       -1.3158237612617838E-005   1.0079245637655476E-003
   639.86549718333151       0.83457103799134913       -1.3186505858279390E-005   1.0211110696238270E-003
   644.86549718333151       0.83562977250511761       -1.3214398254558444E-005   1.0343254678783853E-003
   649.86549718333151       0.83667366076435701       -1.3241922601913008E-005   1.0475673904802984E-003
   654.86549718333151       0.83770302719951117       -1.3269086478271038E-005   1.0608364769585693E-003
   659.86549718333151       0.83871818652133612       -1.3295897247130112E-005   1.0741323742056994E-003
   664.86549718333151       0.83971944409149835       -1.3322362065298577E-005   1.0874547362709980E-003
   669.86549718333151       0.84070709627598106       -1.3348487890295657E-005   1.1008032241612937E-003
   674.86549718333151       0.84168143078228508       -1.3374281487429510E-005   1.1141775056487232E-003
   679.86549718333151       0.84264272698127396       -1.3399749436569149E-005   1.1275772550852923E-003
   684.86549718333151       0.84359125621450637       -1.3424898138626339E-005   1.1410021532239187E-003
   689.86549718333151       0.84452728208780581       -1.3449733821761632E-005   1.1544518870456803E-003
   694.86549718333151       0.84545106075177245       -1.3474262547327815E-005   1.1679261495930080E-003
   699.86549718333151       0.84636284117000915       -1.3498490215566250E-005   1.1814246398085743E-003
   704.86549718333151       0.84726286537557105       -1.3522422571064924E-005   1.1949470623796392E-003
   709.86549718333151       0.84815136871633034       -1.3546065207992188E-005   1.2084931275876314E-003
   714.86549718333151       0.84902858008981208       -1.3569423575116840E-005   1.2220625511627481E-003
   719.86549718333151       0.84989472216799811       -1.3592502980623937E-005   1.2356550541433721E-003
   724.86549718333151       0.85075001161262265       -1.3615308596736594E-005   1.2492703627401086E-003
   729.86549718333151       0.85159465928144873       -1.3637845464153513E-005   1.2629082082042621E-003
   734.86549718333151       0.85242887042592608       -1.3660118496309644E-005   1.2765683267005718E-003
   739.86549718333151       0.85325284488069364       -1.3682132483469391E-005   1.2902504591840412E-003
   744.86549718333151       0.85406677724534585       -1.3703892096660726E-005   1.3039543512807020E-003
   749.86549718333151       0.85487085705872345       -1.3725401891454545E-005   1.3176797531721566E-003
   754.86549718333151       0.85566526896624084       -1.3746666311600503E-005   1.3314264194837571E-003
   759.86549718333151       0.85645019288042368       -1.3767689692521519E-005   1.3451941091762786E-003
   764.86549718333151       0.85722580413513305       -1.3788476264677697E-005   1.3589825854409562E-003
   769.86549718333151       0.85799227363363306       -1.3809030156801606E-005   1.3727916155977578E-003
   774.86549718333151       0.85874976799087976       -1.3829355399013185E-005   1.3866209709967709E-003
   779.86549718333151       0.85949844967029232       -1.3849455925819482E-005   1.4004704269225904E-003
   784.86549718333151       0.86023847711512968       -1.3869335579000669E-005   1.4143397625015911E-003
   789.86549718333151       0.86097000487496500       -1.3888998110394027E-005   1.4282287606119852E-003
   794.86549718333151       0.86169318372722126       -1.3908447184573342E-005   1.4421372077965586E-003
   799.86549718333151       0.86240816079415550       -1.3927686381432654E-005   1.4560648941779914E-003
   804.86549718333151       0.86311507965545342       -1.3946719198677348E-005   1.4700116133766687E-003
   809.86549718333151       0.86381408045656793       -1.3965549054224901E-005   1.4839771624308936E-003
   814.86549718333151       0.86450530001310044       -1.3984179288522063E-005   1.4979613417194157E-003
   819.86549718333151       0.86518887191127380       -1.4002613166778664E-005   1.5119639548861943E-003
   824.86549718333151       0.86586492660480208       -1.4020853881125151E-005   1.5259848087673194E-003
   829.86549718333151       0.86653359150812093       -1.4038904552691876E-005   1.5400237133200113E-003
   834.86549718333151       0.86719499108639542       -1.4056768233620328E-005   1.5540804815536316E-003
   839.86549718333151       0.86784924694219379       -1.4074447909002473E-005   1.5681549294626340E-003
   844.86549718333151       0.86849647789910067       -1.4091946498754591E-005   1.5822468759613885E-003
   849.86549718333151       0.86913680008236749       -1.4109266859427525E-005   1.5963561428208161E-003
   854.86549718333151       0.86977032699676615       -1.4126411785956946E-005   1.6104825546067732E-003
   859.86549718333151       0.87039716960161984       -1.4143384013352247E-005   1.6246259386201254E-003
   864.86549718333151       0.87101743638334628       -1.4160186218332397E-005   1.6387861248384579E-003
   869.86549718333151       0.87163123342540760       -1.4176821020905207E-005   1.6529629458593631E-003
   874.86549718333151       0.87223866447589593       -1.4193290985895601E-005   1.6671562368452586E-003
   879.86549718333151       0.87283983101281182       -1.4209598624423776E-005   1.6813658354696824E-003
   884.86549718333151       0.87343483230713725       -1.4225746395335527E-005   1.6955915818650180E-003
   889.86549718333151       0.87402376548376925       -1.4241736706585875E-005   1.7098333185716038E-003
   894.86549718333151       0.87460672558040276       -1.4257571916577933E-005   1.7240908904881816E-003
   899.86549718333151       0.87518380560449882       -1.4273254335460228E-005   1.7383641448236418E-003
   904.86549718333151       0.87575509658833861       -1.4288786226381940E-005   1.7526529310500237E-003
   909.86549718333151       0.87632068764225290       -1.4304169806708180E-005   1.7669571008567318E-003
   914.86549718333151       0.87688066600613646       -1.4319407249197687E-005   1.7812765081059295E-003
   919.86549718333151       0.87743511709929212       -1.4334500683143905E-005   1.7956110087890735E-003
   924.86549718333151       0.87798412456862207       -1.4349452195479428E-005   1.8099604609845530E-003
   929.86549718333151       0.87852777033535823       -1.4364263831848731E-005   1.8243247248164018E-003
   934.86549718333151       0.87906613464020433       -1.4378937597645319E-005   1.8387036624140471E-003
   939.86549718333151       0.87959929608709131       -1.4393475459018501E-005   1.8530971378730656E-003
   944.86549718333151       0.88012733168557322       -1.4407879343850135E-005   1.8675050172169156E-003
   949.86549718333151       0.88065031689184303       -1.4422151142700596E-005   1.8819271683596162E-003
   954.86549718333151       0.88116832564849989       -1.4436292709727125E-005   1.8963634610693434E-003
   959.86549718333151       0.88168143042307023       -1.4450305863574462E-005   1.9108137669329179E-003
   964.86549718333151       0.88218970224536852       -1.4464192388239777E-005   1.9252779593211576E-003
   969.86549718333151       0.88269321074368556       -1.4477954033911345E-005   1.9397559133550689E-003
   974.86549718333151       0.88319202417984866       -1.4491592517781922E-005   1.9542475058728507E-003
   979.86549718333151       0.88368620948326526       -1.4505109524839630E-005   1.9687526153976901E-003
   984.86549718333151       0.88417583228391805       -1.4518506708635292E-005   1.9832711221063255E-003
   989.86549718333151       0.88466095694438374       -1.4531785692027970E-005   1.9978029077983533E-003
   994.86549718333151       0.88514164659087513       -1.4544948067908439E-005   2.0123478558662618E-003
   999.86549718333151       0.88561796314335450       -1.4557995399901834E-005   2.0269058512661637E-003
   1004.8654971833315       0.88608996734478396       -1.4570929223050938E-005   2.0414767804892149E-003
   1009.8654971833315       0.88655771878953749       -1.4583751044480777E-005   2.0560605315336957E-003
   1014.8654971833315       0.88702127595088820       -1.4596462344041833E-005   2.0706569938777376E-003
   1019.8654971833315       0.88748069620781334       -1.4609064574938448E-005   2.0852660584526760E-003
   1024.8654971833316       0.88793603587094083       -1.4621559164337436E-005   2.0998876176170135E-003
   1029.8654971833316       0.88838735020780035       -1.4633947513961164E-005   2.1145215651309744E-003
   1034.8654971833316       0.88883469346732502       -1.4646231000663564E-005   2.1291677961316380E-003
   1039.8654971833316       0.88927811890363995       -1.4658410976989866E-005   2.1438262071086277E-003
   1044.8654971833316       0.88971767879921659       -1.4670488771722125E-005   2.1584966958803496E-003
   1049.8654971833316       0.89015342448736068       -1.4682465690409533E-005   2.1731791615707593E-003
   1054.8654971833316       0.89058540637404804       -1.4694343015883772E-005   2.1878735045866432E-003
   1059.8654971833316       0.89101367395918440       -1.4706122008761411E-005   2.2025796265954046E-003
   1064.8654971833316       0.89143827585725088       -1.4717803907932166E-005   2.2172974305033366E-003
   1069.8654971833316       0.89185925981738701       -1.4729389931034336E-005   2.2320268204343708E-003
   1074.8654971833316       0.89227667274292621       -1.4740881274917768E-005   2.2467677017092885E-003
   1079.8654971833316       0.89269056071038477       -1.4752279116094219E-005   2.2615199808253827E-003
   1084.8654971833316       0.89310096898794478       -1.4763584611176196E-005   2.2762835654365592E-003
   1089.8654971833316       0.89350794205344108       -1.4774798897304438E-005   2.2910583643338638E-003
   1094.8654971833316       0.89391152361186488       -1.4785923092564275E-005   2.3058442874264282E-003
   1099.8654971833316       0.89431175661234552       -1.4796958296389799E-005   2.3206412457228180E-003
   1104.8654971833316       0.89470868326476694       -1.4807905589959965E-005   2.3354491513127781E-003
   1109.8654971833316       0.89510234505588548       -1.4818766036583004E-005   2.3502679173493610E-003
   1114.8654971833316       0.89549278276502875       -1.4829540682071167E-005   2.3650974580314323E-003
   1119.8654971833316       0.89588003647940451       -1.4840230555106577E-005   2.3799376885865389E-003
   1124.8654971833316       0.89626414560896472       -1.4850836667596629E-005   2.3947885252541355E-003
   1129.8654971833316       0.89664514890091473       -1.4861360015021271E-005   2.4096498852691568E-003
   1134.8654971833316       0.89702308445387191       -1.4871801576772354E-005   2.4245216868459293E-003
   1139.8654971833316       0.89739798973159834       -1.4882162316482774E-005   2.4394038491624120E-003
   1144.8654971833316       0.89776990157639092       -1.4892443182347749E-005   2.4542962923447599E-003
   1149.8654971833316       0.89813885622218814       -1.4902645107439775E-005   2.4691989374521998E-003
   1154.8654971833316       0.89850488930728001       -1.4912769010014068E-005   2.4841117064622140E-003
   1159.8654971833316       0.89886803588672326       -1.4922815793807267E-005   2.4990345222560212E-003
   1164.8654971833316       0.89922833044443373       -1.4932786348328576E-005   2.5139673086043497E-003
   1169.8654971833316       0.89958580690497447       -1.4942681549143841E-005   2.5289099901534937E-003
   1174.8654971833316       0.89994049864507608       -1.4952502258153437E-005   2.5438624924116471E-003
   1179.8654971833316       0.90029243850480811       -1.4962249323861793E-005   2.5588247417355089E-003
   1184.8654971833316       0.90064165879855751       -1.4971923581642732E-005   2.5737966653171518E-003
   1189.8654971833316       0.90098819132565522       -1.4981525853996238E-005   2.5887781911711478E-003
   1194.8654971833316       0.90133206738079574       -1.4991056950800625E-005   2.6037692481219485E-003
   1199.8654971833316       0.90167331776418369       -1.5000517669558196E-005   2.6187697657915066E-003
   1204.8654971833316       0.90201197279141831       -1.5009908795634710E-005   2.6337796745871411E-003
   1209.8654971833316       0.90234806230318898       -1.5019231102494627E-005   2.6487989056896357E-003
   1214.8654971833316       0.90268161567466787       -1.5028485351928938E-005   2.6638273910415647E-003
   1219.8654971833316       0.90301266182469231       -1.5037672294278094E-005   2.6788650633358430E-003
   1224.8654971833316       0.90334122922481075       -1.5046792668652131E-005   2.6939118560044949E-003
   1229.8654971833316       0.90366734590799169       -1.5055847203142261E-005   2.7089677032076371E-003
   1234.8654971833316       0.90399103947720083       -1.5064836615029751E-005   2.7240325398226670E-003
   1239.8654971833316       0.90431233711376779       -1.5073761610989735E-005   2.7391063014336565E-003
   1244.8654971833316       0.90463126558550788       -1.5082622887289093E-005   2.7541889243209456E-003
   1249.8654971833316       0.90494785125473354       -1.5091421129982002E-005   2.7692803454509277E-003
   1254.8654971833316       0.90526212008601525       -1.5100157015099342E-005   2.7843805024660270E-003
   1259.8654971833316       0.90557409765376407       -1.5108831208833854E-005   2.7994893336748608E-003
   1264.8654971833316       0.90588380914969402       -1.5117444367722685E-005   2.8146067780425834E-003
   1269.8654971833316       0.90619127939005173       -1.5125997138824191E-005   2.8297327751814075E-003
   1274.8654971833316       0.90649653282271159       -1.5134490159891612E-005   2.8448672653412993E-003
   1279.8654971833316       0.90679959353408923       -1.5142924059542412E-005   2.8600101894008419E-003
   1284.8654971833316       0.90710048525593567       -1.5151299457424921E-005   2.8751614888582666E-003
   1289.8654971833316       0.90739923137190881       -1.5159616964379371E-005   2.8903211058226457E-003
   1294.8654971833316       0.90769585492408811       -1.5167877182597985E-005   2.9054889830052435E-003
   1299.8654971833316       0.90799037861924847       -1.5176080705778937E-005   2.9206650637110224E-003
   1304.8654971833316       0.90828282483506340       -1.5184228119278886E-005   2.9358492918303012E-003
   1309.8654971833316       0.90857321562614879       -1.5192320000261657E-005   2.9510416118305629E-003
   1314.8654971833316       0.90886157272995793       -1.5200356917843257E-005   2.9662419687484062E-003
   1319.8654971833316       0.90914791757255486       -1.5208339433234098E-005   2.9814503081816404E-003
   1324.8654971833316       0.90943227127425608       -1.5216268099877966E-005   2.9966665762815184E-003
   1329.8654971833316       0.90971465465516632       -1.5224143463588589E-005   3.0118907197451070E-003
   1334.8654971833316       0.90999508824058561       -1.5231966062683046E-005   3.0271226858077900E-003
   1339.8654971833316       0.91027359226627780       -1.5239736428111820E-005   3.0423624222359019E-003
   1344.8654971833316       0.91055018668366206       -1.5247455083587103E-005   3.0576098773194890E-003
   1349.8654971833316       0.91082489116484311       -1.5255122545707067E-005   3.0728649998651961E-003
   1354.8654971833316       0.91109772510757936       -1.5262739324078806E-005   3.0881277391892749E-003
   1359.8654971833316       0.91136870764012945       -1.5270305921438319E-005   3.1033980451107132E-003
   1364.8654971833316       0.91163785762599314       -1.5277822833767905E-005   3.1186758679444810E-003
   1369.8654971833316       0.91190519366852218       -1.5285290550410358E-005   3.1339611584948915E-003
   1374.8654971833316       0.91217073411548522       -1.5292709554182224E-005   3.1492538680490739E-003
   1379.8654971833316       0.91243449706351687       -1.5300080321484201E-005   3.1645539483705579E-003
   1384.8654971833316       0.91269650036245842       -1.5307403322408861E-005   3.1798613516929668E-003
   1389.8654971833316       0.91295676161961914       -1.5314679020846531E-005   3.1951760307138135E-003
   1394.8654971833316       0.91321529820393221       -1.5321907874588497E-005   3.2104979385884020E-003
   1399.8654971833316       0.91347212725006810       -1.5329090335429439E-005   3.2258270289238313E-003
   1404.8654971833316       0.91372726566241935       -1.5336226849266500E-005   3.2411632557730980E-003
   1409.8654971833316       0.91398073011900283       -1.5343317856196420E-005   3.2565065736292944E-003
   1414.8654971833316       0.91423253707532681       -1.5350363790611971E-005   3.2718569374199065E-003
   1419.8654971833316       0.91448270276810317       -1.5357365081294323E-005   3.2872143025012008E-003
   1424.8654971833316       0.91473124321897015       -1.5364322151506051E-005   3.3025786246527068E-003
   1429.8654971833316       0.91497817423807937       -1.5371235419080554E-005   3.3179498600717874E-003
   1434.8654971833316       0.91522351142763481       -1.5378105296510454E-005   3.3333279653682980E-003
   1439.8654971833316       0.91546727018534169       -1.5384932191033719E-005   3.3487128975593318E-003
   1444.8654971833316       0.91570946570781586       -1.5391716504718918E-005   3.3641046140640506E-003
   1449.8654971833316       0.91595011299389395       -1.5398458634547970E-005   3.3795030726985987E-003
   1454.8654971833316       0.91618922684787618       -1.5405158972497254E-005   3.3949082316710958E-003
   1459.8654971833316       0.91642682188273961       -1.5411817905618100E-005   3.4103200495767139E-003
   1464.8654971833316       0.91666291252325838       -1.5418435816114927E-005   3.4257384853928290E-003
   1469.8654971833316       0.91689751300908051       -1.5425013081422392E-005   3.4411634984742516E-003
   1474.8654971833316       0.91713063739770906       -1.5431550074280053E-005   3.4565950485485318E-003
   1479.8654971833316       0.91736229956748283       -1.5438047162807266E-005   3.4720330957113388E-003
   1484.8654971833316       0.91759251322044755       -1.5444504710575186E-005   3.4874776004219141E-003
   1489.8654971833316       0.91782129188515937       -1.5450923076677083E-005   3.5029285234985910E-003
   1494.8654971833316       0.91804864891951643       -1.5457302615799679E-005   3.5183858261143906E-003
   1499.8654971833316       0.91827459751345109       -1.5463643678290689E-005   3.5338494697926813E-003
   1504.8654971833316       0.91849915069160970       -1.5469946610226291E-005   3.5493194164029074E-003
   1509.8654971833316       0.91872232131596299       -1.5476211753476758E-005   3.5647956281563841E-003
   1514.8654971833316       0.91894412208838161       -1.5482439445771332E-005   3.5802780676021553E-003
   1519.8654971833316       0.91916456555314641       -1.5488630020761436E-005   3.5957666976229167E-003
   1524.8654971833316       0.91938366409945249       -1.5494783808083851E-005   3.6112614814310007E-003
   1529.8654971833316       0.91960142996381200       -1.5500901133421254E-005   3.6267623825644219E-003
   1534.8654971833316       0.91981787523241731       -1.5506982318561783E-005   3.6422693648829837E-003
   1539.8654971833316       0.92003301184349962       -1.5513027681458625E-005   3.6577823925644424E-003
   1544.8654971833316       0.92024685158962316       -1.5519037536287966E-005   3.6733014301007305E-003
   1549.8654971833316       0.92045940611989008       -1.5525012193504566E-005   3.6888264422942352E-003
   1554.8654971833316       0.92067068694221976       -1.5530951959899579E-005   3.7043573942541347E-003
   1559.8654971833316       0.92088070542544176       -1.5536857138653265E-005   3.7198942513927882E-003
   1564.8654971833316       0.92108947280146247       -1.5542728029389942E-005   3.7354369794221783E-003
   1569.8654971833316       0.92129700016733351       -1.5548564928230275E-005   3.7509855443504086E-003
   1574.8654971833316       0.92150329848730861       -1.5554368127843381E-005   3.7665399124782520E-003
   1579.8654971833316       0.92170837859485366       -1.5560137917497782E-005   3.7821000503957497E-003
   1584.8654971833316       0.92191225119460296       -1.5565874583110913E-005   3.7976659249788604E-003
   1589.8654971833316       0.92211492686431207       -1.5571578407298701E-005   3.8132375033861593E-003
   1594.8654971833316       0.92231641605674952       -1.5577249669423526E-005   3.8288147530555830E-003
   1599.8654971833316       0.92251672910155469       -1.5582888645641340E-005   3.8443976417012245E-003
   1604.8654971833316       0.92271587620709417       -1.5588495608948887E-005   3.8599861373101734E-003
   1609.8654971833316       0.92291386746225446       -1.5594070829229197E-005   3.8755802081394024E-003
   1614.8654971833316       0.92311071283821189       -1.5599614573296595E-005   3.8911798227126990E-003
   1619.8654971833316       0.92330642219014092       -1.5605127104940038E-005   3.9067849498176394E-003
   1624.8654971833316       0.92350100525895584       -1.5610608684967529E-005   3.9223955585026065E-003
   1629.8654971833316       0.92369447167297336       -1.5616059571248397E-005   3.9380116180738551E-003
   1634.8654971833316       0.92388683094954038       -1.5621480018754676E-005   3.9536330980926094E-003
   1639.8654971833316       0.92407809249666795       -1.5626870279602776E-005   3.9692599683722124E-003
   1644.8654971833316       0.92426826561461473       -1.5632230603093823E-005   3.9848921989753061E-003
   1649.8654971833316       0.92445735949745900       -1.5637561235753753E-005   4.0005297602110600E-003
   1654.8654971833316       0.92464538323459244       -1.5642862421371310E-005   4.0161726226324310E-003
   1659.8654971833316       0.92483234581227769       -1.5648134401037916E-005   4.0318207570334691E-003
   1664.8654971833316       0.92501825611507471       -1.5653377413183954E-005   4.0474741344466532E-003
   1669.8654971833316       0.92520312292735429       -1.5658591693617542E-005   4.0631327261402709E-003
   1674.8654971833316       0.92538695493468381       -1.5663777475559832E-005   4.0787965036158304E-003
   1679.8654971833316       0.92556976072521058       -1.5668934989680310E-005   4.0944654386055107E-003
   1684.8654971833316       0.92575154879109900       -1.5674064464133690E-005   4.1101395030696446E-003
   1689.8654971833316       0.92593232752984989       -1.5679166124593540E-005   4.1258186691942381E-003
   1694.8654971833316       0.92611210524564691       -1.5684240194286791E-005   4.1415029093885246E-003
   1699.8654971833316       0.92629089015066346       -1.5689286894027159E-005   4.1571921962825515E-003
   1704.8654971833316       0.92646869036634261       -1.5694306442247916E-005   4.1728865027247991E-003
   1709.8654971833316       0.92664551392467609       -1.5699299055034669E-005   4.1885858017798334E-003
   1714.8654971833316       0.92682136876944454       -1.5704264946157150E-005   4.2042900667259905E-003
   1719.8654971833316       0.92699626275742653       -1.5709204327100143E-005   4.2199992710530909E-003
   1724.8654971833316       0.92717020365962421       -1.5714117407095018E-005   4.2357133884601862E-003
   1729.8654971833316       0.92734319916244501       -1.5719004393150001E-005   4.2514323928533361E-003
   1734.8654971833316       0.92751525686884262       -1.5723865490079427E-005   4.2671562583434155E-003
   1739.8654971833316       0.92768638429948536       -1.5728700900533799E-005   4.2828849592439489E-003
   1744.8654971833316       0.92785658889386913       -1.5733510825028341E-005   4.2986184700689774E-003
   1749.8654971833316       0.92802587801140957       -1.5738295461971029E-005   4.3143567655309486E-003
   1754.8654971833316       0.92819425893256613       -1.5743055007691552E-005   4.3300998205386401E-003
   1759.8654971833316       0.92836173885989026       -1.5747789656468252E-005   4.3458476101951088E-003
   1764.8654971833316       0.92852832491906867       -1.5752499600554907E-005   4.3616001097956641E-003
   1769.8654971833316       0.92869402415998026       -1.5757185030208001E-005   4.3773572948258722E-003
   1774.8654971833316       0.92885884355770865       -1.5761846133712744E-005   4.3931191409595852E-003
   1779.8654971833316       0.92902279001355204       -1.5766483097409151E-005   4.4088856240569940E-003
   1784.8654971833316       0.92918587035596922       -1.5771096105716266E-005   4.4246567201627106E-003
   1789.8654971833316       0.92934809134159069       -1.5775685341158340E-005   4.4404324055038686E-003
   1794.8654971833316       0.92950945965616050       -1.5780250984389086E-005   4.4562126564882580E-003
   1799.8654971833316       0.92966998191548156       -1.5784793214216082E-005   4.4719974497024742E-003
   1804.8654971833316       0.92982966466631556       -1.5789312207623904E-005   4.4877867619100981E-003
   1809.8654971833316       0.92998851438733132       -1.5793808139798718E-005   4.5035805700498971E-003
   1814.8654971833316       0.93014653748997533       -1.5798281184150694E-005   4.5193788512340478E-003
   1819.8654971833316       0.93030374031934848       -1.5802731512336635E-005   4.5351815827463842E-003
   1824.8654971833316       0.93046012915506882       -1.5807159294282263E-005   4.5509887420406665E-003
   1829.8654971833316       0.93061571021213652       -1.5811564698204604E-005   4.5668003067388715E-003
   1834.8654971833316       0.93077048964178566       -1.5815947890634030E-005   4.5826162546295053E-003
   1839.8654971833316       0.93092447353228358       -1.5820309036434885E-005   4.5984365636659403E-003
   1844.8654971833316       0.93107766790977542       -1.5824648298827402E-005   4.6142612119647675E-003
   1849.8654971833316       0.93123007873904695       -1.5828965839407345E-005   4.6300901778041749E-003
   1854.8654971833316       0.93138171192432828       -1.5833261818166877E-005   4.6459234396223417E-003
   1859.8654971833316       0.93153257331008832       -1.5837536393515153E-005   4.6617609760158567E-003
   1864.8654971833316       0.93168266868176608       -1.5841789722297223E-005   4.6776027657381538E-003
   1869.8654971833316       0.93183200376655373       -1.5846021959814352E-005   4.6934487876979679E-003
   1874.8654971833316       0.93198058423411834       -1.5850233259842735E-005   4.7092990209578103E-003
   1879.8654971833316       0.93212841569733484       -1.5854423774652482E-005   4.7251534447324628E-003
   1884.8654971833316       0.93227550371301282       -1.5858593655026511E-005   4.7410120383874895E-003
   1889.8654971833316       0.93242185378258235       -1.5862743050278287E-005   4.7568747814377681E-003
   1894.8654971833316       0.93256747135279860       -1.5866872108270132E-005   4.7727416535460381E-003
   1899.8654971833316       0.93271236181644435       -1.5870980975431510E-005   4.7886126345214695E-003
   1904.8654971833316       0.93285653051299311       -1.5875069796776235E-005   4.8044877043182457E-003
   1909.8654971833316       0.93299998272927076       -1.5879138715919625E-005   4.8203668430341655E-003
   1914.8654971833316       0.93314272370011186       -1.5883187875095605E-005   4.8362500309092607E-003
   1919.8654971833316       0.93328475860898830       -1.5887217415172978E-005   4.8521372483244334E-003
   1924.8654971833316       0.93342609258868670       -1.5891227475673163E-005   4.8680284758001067E-003
   1929.8654971833316       0.93356673072191032       -1.5895218194785790E-005   4.8839236939948929E-003
   1934.8654971833316       0.93370667804187701       -1.5899189709384227E-005   4.8998228837042771E-003
   1939.8654971833316       0.93384593953296346       -1.5903142155042420E-005   4.9157260258593195E-003
   1944.8654971833316       0.93398452013127109       -1.5907075666049583E-005   4.9316331015253692E-003
   1949.8654971833316       0.93412242472523366       -1.5910990375426046E-005   4.9475440919007950E-003
   1954.8654971833316       0.93425965815617507       -1.5914886414937728E-005   4.9634589783157327E-003
   1959.8654971833316       0.93439622521894095       -1.5918763915112773E-005   4.9793777422308455E-003
   1964.8654971833316       0.93453213066238872       -1.5922623005254124E-005   4.9953003652360994E-003
   1969.8654971833316       0.93466737918998932       -1.5926463813455338E-005   5.0112268290495544E-003
   1974.8654971833316       0.93480197546035204       -1.5930286466614232E-005   5.0271571155161687E-003
   1979.8654971833316       0.93493592408777260       -1.5934091090447184E-005   5.0430912066066159E-003
   1984.8654971833316       0.93506922964278383       -1.5937877809503579E-005   5.0590290844161195E-003
   1989.8654971833316       0.93520189665264497       -1.5941646747178495E-005   5.0749707311632981E-003
   1994.8654971833316       0.93533392960187223       -1.5945398025726585E-005   5.0909161291890249E-003
   1999.8654971833316       0.93546533293275136       -1.5949131766275495E-005   5.1068652609553003E-003
   2004.8654971833316       0.93559611104583718       -1.5952848088838908E-005   5.1228181090441395E-003
   2009.8654971833316       0.93572626830045413       -1.5956547112329644E-005   5.1387746561564690E-003
   2014.8654971833316       0.93585580901517917       -1.5960228954572277E-005   5.1547348851110411E-003
   2019.8654971833316       0.93598473746830246       -1.5963893732315144E-005   5.1706987788433566E-003
   2024.8654971833316       0.93611305789832877       -1.5967541561243524E-005   5.1866663204045999E-003
   2029.8654971833316       0.93624077450444176       -1.5971172555991800E-005   5.2026374929605920E-003
   2034.8654971833316       0.93636789144694532       -1.5974786830154948E-005   5.2186122797907471E-003
   2039.8654971833316       0.93649441284773771       -1.5978384496301018E-005   5.2345906642870480E-003
   2044.8654971833316       0.93662034279074269       -1.5981965665982390E-005   5.2505726299530301E-003
   2049.8654971833316       0.93674568532235347       -1.5985530449747410E-005   5.2665581604027772E-003
   2054.8654971833316       0.93687044445187928       -1.5989078957152122E-005   5.2825472393599297E-003
   2059.8654971833316       0.93699462415196466       -1.5992611296771237E-005   5.2985398506567010E-003
   2064.8654971833316       0.93711822835900316       -1.5996127576208967E-005   5.3145359782329100E-003
   2069.8654971833316       0.93724126097356508       -1.5999627902110281E-005   5.3305356061350206E-003
   2074.8654971833316       0.93736372586082339       -1.6003112380172092E-005   5.3465387185151923E-003
   2079.8654971833316       0.93748562685092129       -1.6006581115152843E-005   5.3625452996303455E-003
   2084.8654971833316       0.93760696773940411       -1.6010034210883906E-005   5.3785553338412291E-003
   2089.8654971833316       0.93772775228761129       -1.6013471770279862E-005   5.3945688056115087E-003
   2094.8654971833316       0.93784798422304705       -1.6016893895348225E-005   5.4105856995068568E-003
   2099.8654971833316       0.93796766723977720       -1.6020300687199876E-005   5.4266060001940571E-003
   2104.8654971833316       0.93808680499878649       -1.6023692246058414E-005   5.4426296924401157E-003
   2109.8654971833316       0.93820540112839190       -1.6027068671271121E-005   5.4586567611113867E-003
   2114.8654971833316       0.93832345922457772       -1.6030430061317691E-005   5.4746871911727042E-003
   2119.8654971833316       0.93844098285136168       -1.6033776513819862E-005   5.4907209676865239E-003
   2124.8654971833316       0.93855797554116671       -1.6037108125551250E-005   5.5067580758120750E-003
   2129.8654971833316       0.93867444079516460       -1.6040424992446348E-005   5.5227985008045218E-003
   2134.8654971833316       0.93879038208362620       -1.6043727209609769E-005   5.5388422280141314E-003
   2139.8654971833316       0.93890580284626046       -1.6047014871325150E-005   5.5548892428854569E-003
   2144.8654971833316       0.93902070649255798       -1.6050288071064219E-005   5.5709395309565214E-003
   2149.8654971833316       0.93913509640214443       -1.6053546901496140E-005   5.5869930778580179E-003
   2154.8654971833316       0.93924897592506340       -1.6056791454494868E-005   5.6030498693125132E-003
   2159.8654971833316       0.93936234838213950       -1.6060021821148816E-005   5.6191098911336623E-003
   2164.8654971833316       0.93947521706529247       -1.6063238091769077E-005   5.6351731292254310E-003
   2169.8654971833316       0.93958758523785846       -1.6066440355897964E-005   5.6512395695813289E-003
   2174.8654971833316       0.93969945613488970       -1.6069628702316849E-005   5.6673091982836462E-003
   2179.8654971833316       0.93981083296347001       -1.6072803219054512E-005   5.6833820015027006E-003
   2184.8654971833316       0.93992171890300935       -1.6075963993394896E-005   5.6994579654960952E-003
   2189.8654971833316       0.94003211710557022       -1.6079111111885775E-005   5.7155370766079809E-003
   2194.8654971833316       0.94014203069615010       -1.6082244660346178E-005   5.7316193212683273E-003
   2199.8654971833316       0.94025146277295890       -1.6085364723873708E-005   5.7477046859922007E-003
   2204.8654971833316       0.94036041640772494       -1.6088471386852623E-005   5.7637931573790531E-003
   2209.8654971833316       0.94046889464597261       -1.6091564732961196E-005   5.7798847221120142E-003
   2214.8654971833316       0.94057690050732712       -1.6094644845179792E-005   5.7959793669571944E-003
   2219.8654971833316       0.94068443698574666       -1.6097711805796917E-005   5.8120770787629915E-003
   2224.8654971833316       0.94079150704983938       -1.6100765696417700E-005   5.8281778444594090E-003
   2229.8654971833316       0.94089811364310660       -1.6103806597970264E-005   5.8442816510573797E-003
   2234.8654971833316       0.94100425968423362       -1.6106834590713455E-005   5.8603884856480932E-003
   2239.8654971833316       0.94110994806735360       -1.6109849754243846E-005   5.8764983354023369E-003
   2244.8654971833316       0.94121518166225171       -1.6112852167501007E-005   5.8926111875698380E-003
   2249.8654971833316       0.94131996331468937       -1.6115841908776246E-005   5.9087270294786139E-003
   2254.8654971833316       0.94142429584663501       -1.6118819055718668E-005   5.9248458485343328E-003
   2259.8654971833316       0.94152818205651445       -1.6121783685341793E-005   5.9409676322196743E-003
   2264.8654971833316       0.94163162471945783       -1.6124735874030111E-005   5.9570923680937046E-003
   2269.8654971833316       0.94173462658753815       -1.6127675697545384E-005   5.9732200437912497E-003
   2274.8654971833316       0.94183719039002045       -1.6130603231033281E-005   5.9893506470222830E-003
   2279.8654971833316       0.94193931883359683       -1.6133518549029589E-005   6.0054841655713129E-003
   2284.8654971833316       0.94204101460261946       -1.6136421725466397E-005   6.0216205872967790E-003
   2289.8654971833316       0.94214228035933512       -1.6139312833678310E-005   6.0377599001304573E-003
   2294.8654971833316       0.94224311874411293       -1.6142191946408511E-005   6.0539020920768660E-003
   2299.8654971833316       0.94234353237567725       -1.6145059135814930E-005   6.0700471512126807E-003
   2304.8654971833316       0.94244352385132657       -1.6147914473476059E-005   6.0861950656861570E-003
   2309.8654971833316       0.94254309574714701       -1.6150758030396600E-005   6.1023458237165536E-003
   2314.8654971833316       0.94264225061822415       -1.6153589877013096E-005   6.1184994135935668E-003
   2319.8654971833316       0.94274099099888953       -1.6156410083200503E-005   6.1346558236767676E-003
   2324.8654971833316       0.94283931940291599       -1.6159218718277382E-005   6.1508150423950445E-003
   2329.8654971833316       0.94293723832372356       -1.6162015851011349E-005   6.1669770582460561E-003
   2334.8654971833316       0.94303475023458316       -1.6164801549624468E-005   6.1831418597956805E-003
   2339.8654971833316       0.94313185758880347       -1.6167575881798224E-005   6.1993094356774785E-003
   2344.8654971833316       0.94322856281999501       -1.6170338914680611E-005   6.2154797745921590E-003
   2349.8654971833316       0.94332486834222140       -1.6173090714890111E-005   6.2316528653070490E-003
   2354.8654971833316       0.94342077655020351       -1.6175831348521095E-005   6.2478286966555704E-003
   2359.8654971833316       0.94351628981952385       -1.6178560881149315E-005   6.2640072575367196E-003
   2364.8654971833316       0.94361141050680364       -1.6181279377836579E-005   6.2801885369145561E-003
   2369.8654971833316       0.94370614094990957       -1.6183986903136260E-005   6.2963725238176921E-003
   2374.8654971833316       0.94380048346812884       -1.6186683521097965E-005   6.3125592073387899E-003
   2379.8654971833316       0.94389444036236614       -1.6189369295272788E-005   6.3287485766340629E-003
   2384.8654971833316       0.94398801391531617       -1.6192044288717886E-005   6.3449406209227805E-003
   2389.8654971833316       0.94408120639165927       -1.6194708564001724E-005   6.3611353294867820E-003
   2394.8654971833316       0.94417402003822271       -1.6197362183208318E-005   6.3773326916699907E-003
   2399.8654971833316       0.94426645708417778       -1.6200005207942561E-005   6.3935326968779333E-003
   2404.8654971833316       0.94435851974119434       -1.6202637699334278E-005   6.4097353345772675E-003
   2409.8654971833316       0.94445021020362963       -1.6205259718043297E-005   6.4259405942953107E-003
   2414.8654971833316       0.94454153064869373       -1.6207871324263862E-005   6.4421484656195741E-003
   2419.8654971833316       0.94463248323658588       -1.6210472577728200E-005   6.4583589381973019E-003
   2424.8654971833316       0.94472307011073986       -1.6213063537713216E-005   6.4745720017350154E-003
   2429.8654971833316       0.94481329339789033       -1.6215644263042085E-005   6.4907876459980576E-003
   2434.8654971833316       0.94490315520832557       -1.6218214812091153E-005   6.5070058608101486E-003
   2439.8654971833316       0.94499265763599549       -1.6220775242792752E-005   6.5232266360529412E-003
   2444.8654971833316       0.94508180275868159       -1.6223325612639716E-005   6.5394499616655806E-003
   2449.8654971833316       0.94517059263814340       -1.6225865978689312E-005   6.5556758276442703E-003
   2454.8654971833316       0.94525902932029915       -1.6228396397568091E-005   6.5719042240418388E-003
   2459.8654971833316       0.94534711483536737       -1.6230916925475663E-005   6.5881351409673144E-003
   2464.8654971833316       0.94543485119800219       -1.6233427618188274E-005   6.6043685685855027E-003
   2469.8654971833316       0.94552224040747623       -1.6235928531063750E-005   6.6206044971165662E-003
   2474.8654971833316       0.94560928444779468       -1.6238419719044506E-005   6.6368429168356105E-003
   2479.8654971833316       0.94569598528786170       -1.6240901236662010E-005   6.6530838180722729E-003
   2484.8654971833316       0.94578234488161350       -1.6243373138040343E-005   6.6693271912103133E-003
   2489.8654971833316       0.94586836516818984       -1.6245835476900808E-005   6.6855730266872143E-003
   2494.8654971833316       0.94595404807203609       -1.6248288306564628E-005   6.7018213149937786E-003
   2499.8654971833316       0.94603939550305216       -1.6250731679956913E-005   6.7180720466737355E-003
   2504.8654971833316       0.94612440935675490       -1.6253165649611071E-005   6.7343252123233466E-003
   2509.8654971833316       0.94620909151440002       -1.6255590267672054E-005   6.7505808025910188E-003
   2514.8654971833316       0.94629344384309910       -1.6258005585899428E-005   6.7668388081769185E-003
   2519.8654971833316       0.94637746819597157       -1.6260411655671506E-005   6.7830992198325904E-003
   2524.8654971833316       0.94646116641228328       -1.6262808527989058E-005   6.7993620283605793E-003
   2529.8654971833316       0.94654454031757662       -1.6265196253478801E-005   6.8156272246140577E-003
   2534.8654971833316       0.94662759172377176       -1.6267574882396067E-005   6.8318947994964541E-003
   2539.8654971833316       0.94671032242932096       -1.6269944464628968E-005   6.8481647439610832E-003
   2544.8654971833316       0.94679273421931232       -1.6272305049701163E-005   6.8644370490107843E-003
   2549.8654971833316       0.94687482886564212       -1.6274656686776555E-005   6.8807117056975606E-003
   2554.8654971833316       0.94695660812707794       -1.6276999424660867E-005   6.8969887051222216E-003
   2559.8654971833316       0.94703807374939764       -1.6279333311805407E-005   6.9132680384340270E-003
   2564.8654971833316       0.94711922746553956       -1.6281658396311160E-005   6.9295496968303383E-003
   2569.8654971833316       0.94720007099570358       -1.6283974725931448E-005   6.9458336715562700E-003
   2574.8654971833316       0.94728060604744968       -1.6286282348074564E-005   6.9621199539043445E-003
   2579.8654971833316       0.94736083431585538       -1.6288581309808053E-005   6.9784085352141527E-003
   2584.8654971833316       0.94744075748356271       -1.6290871657859859E-005   6.9946994068720127E-003
   2589.8654971833316       0.94752037722098137       -1.6293153438623940E-005   7.0109925603106370E-003
   2594.8654971833316       0.94759969518633647       -1.6295426698161436E-005   7.0272879870087986E-003
   2599.8654971833316       0.94767871302578921       -1.6297691482203917E-005   7.0435856784910027E-003
   2604.8654971833316       0.94775743237357168       -1.6299947836157063E-005   7.0598856263271595E-003
   2609.8654971833316       0.94783585485207222       -1.6302195805102913E-005   7.0761878221322627E-003
   2614.8654971833316       0.94791398207196809       -1.6304435433803463E-005   7.0924922575660663E-003
   2619.8654971833316       0.94799181563229407       -1.6306666766702451E-005   7.1087989243327687E-003
   2624.8654971833316       0.94806935712057827       -1.6308889847929080E-005   7.1251078141806980E-003
   2629.8654971833316       0.94814660811294060       -1.6311104721300618E-005   7.1414189189019988E-003
   2634.8654971833316       0.94822357017418712       -1.6313311430324954E-005   7.1577322303323235E-003
   2639.8654971833316       0.94830024485792164       -1.6315510018203596E-005   7.1740477403505268E-003
   2644.8654971833316       0.94837663370663727       -1.6317700527834136E-005   7.1903654408783605E-003
   2649.8654971833316       0.94845273825181198       -1.6319883001812799E-005   7.2066853238801735E-003
   2654.8654971833316       0.94852856001406260       -1.6322057482438687E-005   7.2230073813626125E-003
   2659.8654971833316       0.94860410050313970       -1.6324224011713474E-005   7.2393316053743261E-003
   2664.8654971833316       0.94867936121811391       -1.6326382631346566E-005   7.2556579880056725E-003
   2669.8654971833316       0.94875434364741618       -1.6328533382756094E-005   7.2719865213884283E-003
   2674.8654971833316       0.94882904926897704       -1.6330676307072737E-005   7.2883171976955013E-003
   2679.8654971833316       0.94890347955028453       -1.6332811445141232E-005   7.3046500091406424E-003
   2684.8654971833316       0.94897763594848317       -1.6334938837523050E-005   7.3209849479781656E-003
   2689.8654971833316       0.94905151991046921       -1.6337058524498954E-005   7.3373220065026641E-003
   2694.8654971833316       0.94912513287302069       -1.6339170546072592E-005   7.3536611770487368E-003
   2699.8654971833316       0.94919847626282150       -1.6341274941971020E-005   7.3700024519907075E-003
   2704.8654971833316       0.94927155149656972       -1.6343371751647667E-005   7.3863458237423555E-003
   2709.8654971833316       0.94934435998107891       -1.6345461014285076E-005   7.4026912847566404E-003
   2714.8654971833316       0.94941690311337112       -1.6347542768797448E-005   7.4190388275254381E-003
   2719.8654971833316       0.94948918228073054       -1.6349617053831993E-005   7.4353884445792703E-003
   2724.8654971833316       0.94956119886084844       -1.6351683907772997E-005   7.4517401284870432E-003
   2729.8654971833316       0.94963295422182992       -1.6353743368741824E-005   7.4680938718557849E-003
   2734.8654971833316       0.94970444972232304       -1.6355795474600495E-005   7.4844496673303852E-003
   2739.8654971833316       0.94977568671159740       -1.6357840262953827E-005   7.5008075075933388E-003
   2744.8654971833316       0.94984666652961935       -1.6359877771151415E-005   7.5171673853644903E-003
   2749.8654971833316       0.94991739050714219       -1.6361908036290119E-005   7.5335292934007800E-003
   2754.8654971833316       0.94998785996576485       -1.6363931095215566E-005   7.5498932244959958E-003
   2759.8654971833316       0.95005807621802296       -1.6365946984524698E-005   7.5662591714805204E-003
   2764.8654971833316       0.95012804056748679       -1.6367955740568383E-005   7.5826271272210885E-003
   2769.8654971833316       0.95019775430880093       -1.6369957399452474E-005   7.5989970846205412E-003
   2774.8654971833316       0.95026721872777320       -1.6371951997040203E-005   7.6153690366175817E-003
   2779.8654971833316       0.95033643510147292       -1.6373939568954889E-005   7.6317429761865365E-003
   2784.8654971833316       0.95040540469828971       -1.6375920150581501E-005   7.6481188963371180E-003
   2789.8654971833316       0.95047412877798299       -1.6377893777067936E-005   7.6644967901141857E-003
   2794.8654971833316       0.95054260859179707       -1.6379860483328238E-005   7.6808766505975139E-003
   2799.8654971833316       0.95061084538252916       -1.6381820304044392E-005   7.6972584709015584E-003
   2804.8654971833316       0.95067884038456485       -1.6383773273667248E-005   7.7136422441752258E-003
   2809.8654971833316       0.95074659482398272       -1.6385719426419388E-005   7.7300279636016451E-003
   2814.8654971833316       0.95081410991858606       -1.6387658796295939E-005   7.7464156223979409E-003
   2819.8654971833316       0.95088138687804957       -1.6389591417068654E-005   7.7628052138150093E-003
   2824.8654971833316       0.95094842690390124       -1.6391517322285296E-005   7.7791967311372943E-003
   2829.8654971833316       0.95101523118965092       -1.6393436545273194E-005   7.7955901676825673E-003
   2834.8654971833316       0.95108180092080452       -1.6395349119139561E-005   7.8119855168017069E-003
   2839.8654971833316       0.95114813727499692       -1.6397255076775195E-005   7.8283827718784813E-003
   2844.8654971833316       0.95121424142198863       -1.6399154450854274E-005   7.8447819263293347E-003
   2849.8654971833316       0.95128011452380090       -1.6401047273838118E-005   7.8611829736031733E-003
   2854.8654971833316       0.95134575773473962       -1.6402933577975786E-005   7.8775859071811491E-003
   2859.8654971833316       0.95141117220142923       -1.6404813395304942E-005   7.8939907205764544E-003
   2864.8654971833316       0.95147635906294503       -1.6406686757655557E-005   7.9103974073341105E-003
   2869.8654971833316       0.95154131945082931       -1.6408553696650242E-005   7.9268059610307605E-003
   2874.8654971833316       0.95160605448917990       -1.6410414243706727E-005   7.9432163752744672E-003
   2879.8654971833316       0.95167056529467531       -1.6412268430038473E-005   7.9596286437045062E-003
   2884.8654971833316       0.95173485297669524       -1.6414116286658023E-005   7.9760427599911646E-003
   2889.8654971833316       0.95179891863732446       -1.6415957844377027E-005   7.9924587178355419E-003
   2894.8654971833316       0.95186276337141962       -1.6417793133808059E-005   8.0088765109693500E-003
   2899.8654971833316       0.95192638826670839       -1.6419622185367385E-005   8.0252961331547176E-003
   2904.8654971833316       0.95198979440381026       -1.6421445029275435E-005   8.0417175781839923E-003
   2909.8654971833316       0.95205298285629547       -1.6423261695558448E-005   8.0581408398795514E-003
   2914.8654971833316       0.95211595469077215       -1.6425072214050850E-005   8.0745659120936026E-003
   2919.8654971833316       0.95217871096693185       -1.6426876614396478E-005   8.0909927887079999E-003
   2924.8654971833316       0.95224125273755800       -1.6428674926048744E-005   8.1074214636340479E-003
   2929.8654971833316       0.95230358104867829       -1.6430467178274924E-005   8.1238519308123227E-003
   2934.8654971833316       0.95236569693951489       -1.6432253400154621E-005   8.1402841842124780E-003
   2939.8654971833316       0.95242760144263461       -1.6434033620584017E-005   8.1567182178330627E-003
   2944.8654971833316       0.95248929558389839       -1.6435807868274330E-005   8.1731540257013371E-003
   2949.8654971833316       0.95255078038262131       -1.6437576171756317E-005   8.1895916018730926E-003
   2954.8654971833316       0.95261205685155981       -1.6439338559379838E-005   8.2060309404324728E-003
   2959.8654971833316       0.95267312599698450       -1.6441095059315858E-005   8.2224720354917881E-003
   2964.8654971833316       0.95273398881873361       -1.6442845699557902E-005   8.2389148811913455E-003
   2969.8654971833316       0.95279464631025834       -1.6444590507923284E-005   8.2553594716992685E-003
   2974.8654971833316       0.95285509945868041       -1.6446329512054671E-005   8.2718058012113231E-003
   2979.8654971833316       0.95291534924483512       -1.6448062739421252E-005   8.2882538639507449E-003
   2984.8654971833316       0.95297539664331798       -1.6449790217319993E-005   8.3047036541680653E-003
   2989.8654971833316       0.95303524262254424       -1.6451511972877279E-005   8.3211551661409432E-003
   2994.8654971833316       0.95309488814480303       -1.6453228033050386E-005   8.3376083941739936E-003
   2999.8654971833316       0.95315433416630979       -1.6454938424628931E-005   8.3540633325986224E-003
   3004.8654971833316       0.95321358163722014       -1.6456643174235154E-005   8.3705199757728582E-003
   3009.8654971833316       0.95327263150170283       -1.6458342308326006E-005   8.3869783180811844E-003
   3014.8654971833316       0.95333148469800699       -1.6460035853194953E-005   8.4034383539343793E-003
   3019.8654971833316       0.95339014215846307       -1.6461723834971955E-005   8.4199000777693510E-003
   3024.8654971833316       0.95344860480958149       -1.6463406279626235E-005   8.4363634840489768E-003
   3029.8654971833316       0.95350687357202613       -1.6465083212965438E-005   8.4528285672619431E-003
   3034.8654971833316       0.95356494936073677       -1.6466754660639085E-005   8.4692953219225823E-003
   3039.8654971833316       0.95362283308494222       -1.6468420648138879E-005   8.4857637425707205E-003
   3044.8654971833316       0.95368052564818973       -1.6470081200799495E-005   8.5022338237715194E-003
   3049.8654971833316       0.95373802794840690       -1.6471736343800277E-005   8.5187055601153201E-003
   3054.8654971833316       0.95379534087795270       -1.6473386102166650E-005   8.5351789462174872E-003
   3059.8654971833316       0.95385246532364809       -1.6475030500770929E-005   8.5516539767182577E-003
   3064.8654971833316       0.95390940216682008       -1.6476669564333525E-005   8.5681306462825919E-003
   3069.8654971833316       0.95396615228334214       -1.6478303317424038E-005   8.5846089496000155E-003
   3074.8654971833316       0.95402271654368043       -1.6479931784462535E-005   8.6010888813844773E-003
   3079.8654971833316       0.95407909581292449       -1.6481554989720356E-005   8.6175704363741969E-003
   3084.8654971833316       0.95413529095085980       -1.6483172957322144E-005   8.6340536093315184E-003
   3089.8654971833316       0.95419130281198494       -1.6484785711246289E-005   8.6505383950427651E-003
   3094.8654971833316       0.95424713224554447       -1.6486393275325782E-005   8.6670247883180902E-003
   3099.8654971833316       0.95430278009559388       -1.6487995673250066E-005   8.6835127839913397E-003
   3104.8654971833316       0.95435824720102902       -1.6489592928565791E-005   8.7000023769199051E-003
   3109.8654971833316       0.95441353439559506       -1.6491185064677018E-005   8.7164935619845826E-003
   3114.8654971833316       0.95446864250799013       -1.6492772104848163E-005   8.7329863340894313E-003
   3119.8654971833316       0.95452357236183982       -1.6494354072203179E-005   8.7494806881616340E-003
   3124.8654971833316       0.95457832477578719       -1.6495930989728093E-005   8.7659766191513621E-003
   3129.8654971833316       0.95463290056347094       -1.6497502880270359E-005   8.7824741220316332E-003
   3134.8654971833316       0.95468730053365491       -1.6499069766542464E-005   8.7989731917981762E-003
   3139.8654971833316       0.95474152549015090       -1.6500631671119719E-005   8.8154738234692952E-003
   3144.8654971833316       0.95479557623194278       -1.6502188616443721E-005   8.8319760120857387E-003
   3149.8654971833316       0.95484945355321471       -1.6503740624823146E-005   8.8484797527105617E-003
   3154.8654971833316       0.95490315824332972       -1.6505287718433065E-005   8.8649850404289941E-003
   3159.8654971833316       0.95495669108692405       -1.6506829919317609E-005   8.8814918703483108E-003
   3164.8654971833316       0.95501005286393326       -1.6508367249390670E-005   8.8980002375977016E-003
   3169.8654971833316       0.95506324434959000       -1.6509899730435792E-005   8.9145101373281372E-003
   3174.8654971833316       0.95511626631451241       -1.6511427384108638E-005   8.9310215647122465E-003
   3179.8654971833316       0.95516911952469763       -1.6512950231936790E-005   8.9475345149441828E-003
   3184.8654971833316       0.95522180474157914       -1.6514468295321322E-005   8.9640489832395042E-003
   3189.8654971833316       0.95527432272205148       -1.6515981595537471E-005   8.9805649648350416E-003
   3194.8654971833316       0.95532667421850659       -1.6517490153735631E-005   8.9970824549887776E-003
   3199.8654971833316       0.95537885997886640       -1.6518993990942262E-005   9.0136014489797193E-003
   3204.8654971833316       0.95543088074661031       -1.6520493128060597E-005   9.0301219421077793E-003
   3209.8654971833316       0.95548273726081157       -1.6521987585871680E-005   9.0466439296936502E-003
   3214.8654971833316       0.95553443025619722       -1.6523477385036013E-005   9.0631674070786854E-003
   3219.8654971833316       0.95558596046312738       -1.6524962546092940E-005   9.0796923696247790E-003
   3224.8654971833316       0.95563732860767958       -1.6526443089463013E-005   9.0962188127142428E-003
   3229.8654971833316       0.95568853541164989       -1.6527919035447973E-005   9.1127467317496900E-003
   3234.8654971833316       0.95573958159258188       -1.6529390404231567E-005   9.1292761221539211E-003
   3239.8654971833316       0.95579046786379651       -1.6530857215880343E-005   9.1458069793698017E-003
   3244.8654971833316       0.95584119493446484       -1.6532319490345689E-005   9.1623392988601469E-003
   3249.8654971833316       0.95589176350958815       -1.6533777247463252E-005   9.1788730761076104E-003
   3254.8654971833316       0.95594217429006134       -1.6535230506954680E-005   9.1954083066145657E-003
   3259.8654971833316       0.95599242797266393       -1.6536679288427359E-005   9.2119449859029926E-003
   3264.8654971833316       0.95604252525014022       -1.6538123611376648E-005   9.2284831095143689E-003
   3269.8654971833316       0.95609246681119997       -1.6539563495185882E-005   9.2450226730095546E-003
   3274.8654971833316       0.95614225334055636       -1.6540998959127398E-005   9.2615636719686825E-003
   3279.8654971833316       0.95619188551894152       -1.6542430022362962E-005   9.2781061019910453E-003
   3284.8654971833316       0.95624136402313087       -1.6543856703944436E-005   9.2946499586949900E-003
   3289.8654971833316       0.95629068952601559       -1.6545279022815793E-005   9.3111952377178051E-003
   3294.8654971833316       0.95633986269658633       -1.6546696997812629E-005   9.3277419347156179E-003
   3299.8654971833316       0.95638888419997037       -1.6548110647663213E-005   9.3442900453632807E-003
   3304.8654971833316       0.95643775469747128       -1.6549519990989554E-005   9.3608395653542696E-003
   3309.8654971833316       0.95648647484659044       -1.6550925046308006E-005   9.3773904904005771E-003
   3314.8654971833316       0.95653504530105160       -1.6552325832029929E-005   9.3939428162326064E-003
   3319.8654971833316       0.95658346671084293       -1.6553722366462859E-005   9.4104965385990690E-003
   3324.8654971833316       0.95663173972220505       -1.6555114667810146E-005   9.4270516532668786E-003
   3329.8654971833316       0.95667986497771695       -1.6556502754173368E-005   9.4436081560210512E-003
   3334.8654971833316       0.95672784311626791       -1.6557886643551501E-005   9.4601660426646035E-003
   3339.8654971833316       0.95677567477309677       -1.6559266353842009E-005   9.4767253090184463E-003
   3344.8654971833316       0.95682336057984618       -1.6560641902842373E-005   9.4932859509212885E-003
   3349.8654971833316       0.95687090116456619       -1.6562013308250154E-005   9.5098479642295383E-003
   3354.8654971833316       0.95691829715173704       -1.6563380587663629E-005   9.5264113448172011E-003
   3359.8654971833316       0.95696554916230991       -1.6564743758582906E-005   9.5429760885757837E-003
   3364.8654971833316       0.95701265781370626       -1.6566102838409897E-005   9.5595421914141943E-003
   3369.8654971833316       0.95705962371986497       -1.6567457844449632E-005   9.5761096492586444E-003
   3374.8654971833316       0.95710644749126583       -1.6568808793910895E-005   9.5926784580525545E-003
   3379.8654971833316       0.95715312973493649       -1.6570155703906402E-005   9.6092486137564614E-003
   3384.8654971833316       0.95719967105449133       -1.6571498591453878E-005   9.6258201123479159E-003
   3389.8654971833316       0.95724607205016909       -1.6572837473477129E-005   9.6423929498213930E-003
   3394.8654971833316       0.95729233331882790       -1.6574172366805834E-005   9.6589671221881997E-003
   3399.8654971833316       0.95733845545397023       -1.6575503288176268E-005   9.6755426254763761E-003
   3404.8654971833316       0.95738443904580728       -1.6576830254233096E-005   9.6921194557306085E-003
   3409.8654971833316       0.95743028468122049       -1.6578153281528251E-005   9.7086976090121364E-003
   3414.8654971833316       0.95747599294383068       -1.6579472386522895E-005   9.7252770813986596E-003
   3419.8654971833316       0.95752156441401126       -1.6580787585587758E-005   9.7418578689842470E-003
   3424.8654971833316       0.95756699966888448       -1.6582098895003011E-005   9.7584399678792497E-003
   3429.8654971833316       0.95761229928241665       -1.6583406330960974E-005   9.7750233742102104E-003
   3434.8654971833316       0.95765746382533701       -1.6584709909563750E-005   9.7916080841197739E-003
   3439.8654971833316       0.95770249386523587       -1.6586009646826025E-005   9.8081940937665996E-003
   3444.8654971833316       0.95774738996656250       -1.6587305558674976E-005   9.8247813993252754E-003
   3449.8654971833316       0.95779215269063700       -1.6588597660950597E-005   9.8413699969862253E-003
   3454.8654971833316       0.95783678259569083       -1.6589885969406810E-005   9.8579598829556317E-003
   3459.8654971833316       0.95788128023689190       -1.6591170499712189E-005   9.8745510534553431E-003
   3464.8654971833316       0.95792564616632792       -1.6592451267449440E-005   9.8911435047227929E-003
   3469.8654971833316       0.95796988093306146       -1.6593728288116966E-005   9.9077372330109107E-003
   3474.8654971833316       0.95801398508314850       -1.6595001577129357E-005   9.9243322345880392E-003
   3479.8654971833316       0.95805795915966097       -1.6596271149818051E-005   9.9409285057378578E-003
   3484.8654971833316       0.95810180370268583       -1.6597537021431227E-005   9.9575260427592887E-003
   3489.8654971833316       0.95814551924935976       -1.6598799207134828E-005   9.9741248419664228E-003
   3494.8654971833316       0.95818910633389154       -1.6600057722013154E-005   9.9907248996884360E-003
   3499.8654971833316       0.95823256548758007       -1.6601312581069351E-005   1.0007326212269506E-002
   3504.8654971833316       0.95827589723881601       -1.6602563799225464E-005   1.0023928776068732E-002
   3509.8654971833316       0.95831910211313587       -1.6603811391323935E-005   1.0040532587460056E-002
   3514.8654971833316       0.95836218063324885       -1.6605055372128365E-005   1.0057137642832184E-002
   3519.8654971833316       0.95840513331897403       -1.6606295756321692E-005   1.0073743938588505E-002
   3524.8654971833316       0.95844796068736149       -1.6607532558509633E-005   1.0090351471147015E-002
   3529.8654971833316       0.95849066325264798       -1.6608765793219399E-005   1.0106960236940235E-002
   3534.8654971833316       0.95853324152629704       -1.6609995474900828E-005   1.0123570232415136E-002
   3539.8654971833316       0.95857569601702020       -1.6611221617926969E-005   1.0140181454033063E-002
   3544.8654971833316       0.95861802723077916       -1.6612444236594111E-005   1.0156793898269657E-002
   3549.8654971833316       0.95866023567084224       -1.6613663345123393E-005   1.0173407561614781E-002
   3554.8654971833316       0.95870232183775106       -1.6614878957659837E-005   1.0190022440572441E-002
   3559.8654971833316       0.95874428622935837       -1.6616091088273397E-005   1.0206638531660714E-002
   3564.8654971833316       0.95878612934087371       -1.6617299750960256E-005   1.0223255831411674E-002
   3569.8654971833316       0.95882785166485418       -1.6618504959642530E-005   1.0239874336371317E-002
   3574.8654971833316       0.95886945369120957       -1.6619706728168420E-005   1.0256494043099485E-002
   3579.8654971833316       0.95891093590724363       -1.6620905070313353E-005   1.0273114948169799E-002
   3584.8654971833316       0.95895229879768429       -1.6622099999780837E-005   1.0289737048169580E-002
   3589.8654971833316       0.95899354284466154       -1.6623291530201818E-005   1.0306360339699781E-002
   3594.8654971833316       0.95903466852775876       -1.6624479675136110E-005   1.0322984819374917E-002
   3599.8654971833316       0.95907567632399637       -1.6625664448071939E-005   1.0339610483822989E-002
   3604.8654971833316       0.95911656670788825       -1.6626845862427511E-005   1.0356237329685417E-002
   3609.8654971833316       0.95915734015142784       -1.6628023931550617E-005   1.0372865353616968E-002
   3614.8654971833316       0.95919799712411147       -1.6629198668719276E-005   1.0389494552285687E-002
   3619.8654971833316       0.95923853809296744       -1.6630370087142547E-005   1.0406124922372830E-002
   3624.8654971833316       0.95927896352255393       -1.6631538199960463E-005   1.0422756460572790E-002
   3629.8654971833316       0.95931927387499916       -1.6632703020245154E-005   1.0439389163593035E-002
   3634.8654971833316       0.95935946960998142       -1.6633864561000267E-005   1.0456023028154035E-002
   3639.8654971833316       0.95939955118478093       -1.6635022835162430E-005   1.0472658050989197E-002
   3644.8654971833316       0.95943951905429181       -1.6636177855601575E-005   1.0489294228844799E-002
   3649.8654971833316       0.95947937367100067       -1.6637329635120320E-005   1.0505931558479920E-002
   3654.8654971833316       0.95951911548504121       -1.6638478186455502E-005   1.0522570036666375E-002
   3659.8654971833316       0.95955874494421234       -1.6639623522278691E-005   1.0539209660188655E-002
   3664.8654971833316       0.95959826249395253       -1.6640765655195441E-005   1.0555850425843850E-002
   3669.8654971833316       0.95963766857740185       -1.6641904597747043E-005   1.0572492330441597E-002
   3674.8654971833316       0.95967696363537303       -1.6643040362409683E-005   1.0589135370804007E-002
   3679.8654971833316       0.95971614810640360       -1.6644172961595924E-005   1.0605779543765603E-002
   3684.8654971833316       0.95975522242675348       -1.6645302407654623E-005   1.0622424846173258E-002
   3689.8654971833316       0.95979418703043962       -1.6646428712871904E-005   1.0639071274886129E-002
   3694.8654971833316       0.95983304234920075       -1.6647551889470130E-005   1.0655718826775599E-002
   3699.8654971833316       0.95987178881257307       -1.6648671949610076E-005   1.0672367498725209E-002
   3704.8654971833316       0.95991042684786787       -1.6649788905390246E-005   1.0689017287630598E-002
   3709.8654971833316       0.95994895688019533       -1.6650902768847560E-005   1.0705668190399446E-002
   3714.8654971833316       0.95998737933246303       -1.6652013551957282E-005   1.0722320203951403E-002
   3719.8654971833316       0.96002569462542420       -1.6653121266634414E-005   1.0738973325218037E-002
   3724.8654971833316       0.96006390317765700       -1.6654225924733057E-005   1.0755627551142771E-002
   3729.8654971833316       0.96010200540560664       -1.6655327538047624E-005   1.0772282878680818E-002
   3734.8654971833316       0.96014000172357883       -1.6656426118312630E-005   1.0788939304799131E-002
   3739.8654971833316       0.96017789254376773       -1.6657521677203497E-005   1.0805596826476334E-002
   3744.8654971833316       0.96021567827625554       -1.6658614226336495E-005   1.0822255440702670E-002
   3749.8654971833316       0.96025335932903499       -1.6659703777269407E-005   1.0838915144479939E-002
   3754.8654971833316       0.96029093610799676       -1.6660790341501130E-005   1.0855575934821440E-002
   3759.8654971833316       0.96032840901701755       -1.6661873930474204E-005   1.0872237808751914E-002
   3764.8654971833316       0.96036577845788085       -1.6662954555572522E-005   1.0888900763307487E-002
   3769.8654971833316       0.96040304483034522       -1.6664032228123275E-005   1.0905564795535609E-002
   3774.8654971833316       0.96044020853213596       -1.6665106959396693E-005   1.0922229902495006E-002
   3779.8654971833316       0.96047726995896421       -1.6666178760606587E-005   1.0938896081255613E-002
   3784.8654971833316       0.96051422950456455       -1.6667247642911418E-005   1.0955563328898524E-002
   3789.8654971833316       0.96055108756065766       -1.6668313617413208E-005   1.0972231642515937E-002
   3794.8654971833316       0.96058784451699142       -1.6669376695158711E-005   1.0988901019211095E-002
   3799.8654971833316       0.96062450076135575       -1.6670436887139806E-005   1.1005571456098234E-002
   3804.8654971833316       0.96066105667960999       -1.6671494204294319E-005   1.1022242950302529E-002
