 #              _____________________  _______________________             #
 #              ___  __ \__  __ \_  / / /_  /___  ____/_  ___/             #
 #              __  / / /_  /_/ /  / / /_  __/_  __/  _____ \              #
 #              _  /_/ /_  _, _// /_/ / / /_ _  /___  ____/ /              #
 #              /_____/ /_/ |_| \____/  \__/ /_____/  /____/               #
 #                                                                         #
  
 #        time                      [L]                   runoff elevation [m a.m.s.l]       runoff flux [L3.T-1.L-2]   in    x              directions   cumulative flux
 #-----------------------------------------------------------------------------------------------

   0.0000000000000000        0.0000000000000000       -0.0000000000000000        0.0000000000000000     
   1.0000000000000000E-004   0.0000000000000000       -0.0000000000000000        0.0000000000000000     
   2.0600000000000002E-004   0.0000000000000000       -0.0000000000000000        0.0000000000000000     
   3.1836000000000006E-004   0.0000000000000000       -0.0000000000000000        0.0000000000000000     
   4.3746160000000009E-004   0.0000000000000000       -0.0000000000000000        0.0000000000000000     
   5.6370929600000014E-004   0.0000000000000000       -0.0000000000000000        0.0000000000000000     
   6.9753185376000013E-004   0.0000000000000000       -0.0000000000000000        0.0000000000000000     
   8.3938376498560023E-004   0.0000000000000000       -0.0000000000000000        0.0000000000000000     
   9.8974679088473629E-004   0.0000000000000000       -0.0000000000000000        0.0000000000000000     
   1.1491315983378205E-003   0.0000000000000000       -0.0000000000000000        0.0000000000000000     
   1.3180794942380899E-003   0.0000000000000000       -0.0000000000000000        0.0000000000000000     
   1.4971642638923754E-003   0.0000000000000000       -0.0000000000000000        0.0000000000000000     
   1.6869941197259180E-003   0.0000000000000000       -0.0000000000000000        0.0000000000000000     
   1.8882137669094731E-003   0.0000000000000000       -0.0000000000000000        0.0000000000000000     
   2.1015065929240414E-003   0.0000000000000000       -0.0000000000000000        0.0000000000000000     
   2.3275969884994840E-003   0.0000000000000000       -0.0000000000000000        0.0000000000000000     
   2.5672528078094533E-003   0.0000000000000000       -0.0000000000000000        0.0000000000000000     
   2.8212879762780207E-003   0.0000000000000000       -0.0000000000000000        0.0000000000000000     
   3.0905652548547020E-003   0.0000000000000000       -0.0000000000000000        0.0000000000000000     
   3.3759991701459843E-003   0.0000000000000000       -0.0000000000000000        0.0000000000000000     
   3.6785591203547436E-003   0.0000000000000000       -0.0000000000000000        0.0000000000000000     
   3.9992726675760282E-003   0.0000000000000000       -0.0000000000000000        0.0000000000000000     
   4.3392290276305897E-003   0.0000000000000000       -0.0000000000000000        0.0000000000000000     
   4.6995827692884254E-003   0.0000000000000000       -0.0000000000000000        0.0000000000000000     
   5.0815577354457308E-003   0.0000000000000000       -0.0000000000000000        0.0000000000000000     
   5.4864511995724747E-003   0.0000000000000000       -0.0000000000000000        0.0000000000000000     
   5.9156382715468232E-003   0.0000000000000000       -0.0000000000000000        0.0000000000000000     
   6.3705765678396331E-003   0.0000000000000000       -0.0000000000000000        0.0000000000000000     
   6.8528111619100118E-003   0.0000000000000000       -0.0000000000000000        0.0000000000000000     
   7.3639798316246126E-003   0.0000000000000000       -0.0000000000000000        0.0000000000000000     
   7.9058186215220892E-003   0.0000000000000000       -0.0000000000000000        0.0000000000000000     
   8.4801677388134152E-003   0.0000000000000000       -0.0000000000000000        0.0000000000000000     
   9.0889778031422210E-003   0.0000000000000000       -0.0000000000000000        0.0000000000000000     
   9.7343164713307555E-003   0.0000000000000000       -0.0000000000000000        0.0000000000000000     
   1.0418375459610602E-002   0.0000000000000000       -0.0000000000000000        0.0000000000000000     
   1.1143477987187239E-002   0.0000000000000000       -0.0000000000000000        0.0000000000000000     
   1.1912086666418473E-002   0.0000000000000000       -0.0000000000000000        0.0000000000000000     
   1.2726811866403582E-002   0.0000000000000000       -0.0000000000000000        0.0000000000000000     
   1.3590420578387798E-002   0.0000000000000000       -0.0000000000000000        0.0000000000000000     
   1.4505845813091067E-002   0.0000000000000000       -0.0000000000000000        0.0000000000000000     
   1.5476196561876531E-002   0.0000000000000000       -0.0000000000000000        0.0000000000000000     
   1.6504768355589124E-002   0.0000000000000000       -0.0000000000000000        0.0000000000000000     
   1.7595054456924473E-002   0.0000000000000000       -0.0000000000000000        0.0000000000000000     
   1.8750757724339942E-002   0.0000000000000000       -0.0000000000000000        0.0000000000000000     
   1.9975803187800338E-002   0.0000000000000000       -0.0000000000000000        0.0000000000000000     
   2.1274351379068360E-002   0.0000000000000000       -0.0000000000000000        0.0000000000000000     
   2.2650812461812463E-002   0.0000000000000000       -0.0000000000000000        0.0000000000000000     
   2.4109861209521213E-002   0.0000000000000000       -0.0000000000000000        0.0000000000000000     
   2.5656452882092486E-002   0.0000000000000000       -0.0000000000000000        0.0000000000000000     
   2.7295840055018037E-002   0.0000000000000000       -0.0000000000000000        0.0000000000000000     
   2.9033590458319120E-002   0.0000000000000000       -0.0000000000000000        0.0000000000000000     
   3.0875605885818270E-002   0.0000000000000000       -0.0000000000000000        0.0000000000000000     
   3.2828142238967364E-002   0.0000000000000000       -0.0000000000000000        0.0000000000000000     
   3.4897830773305411E-002   0.0000000000000000       -0.0000000000000000        0.0000000000000000     
   3.7091700619703738E-002   0.0000000000000000       -0.0000000000000000        0.0000000000000000     
   3.9417202656885961E-002   0.0000000000000000       -0.0000000000000000        0.0000000000000000     
   4.1882234816299123E-002   0.0000000000000000       -0.0000000000000000        0.0000000000000000     
   4.4495168905277070E-002   0.0000000000000000       -0.0000000000000000        0.0000000000000000     
   4.7264879039593699E-002   0.0000000000000000       -0.0000000000000000        0.0000000000000000     
   5.0200771781969321E-002   0.0000000000000000       -0.0000000000000000        0.0000000000000000     
   5.3312818088887486E-002   0.0000000000000000       -0.0000000000000000        0.0000000000000000     
   5.6611587174220740E-002   0.0000000000000000       -0.0000000000000000        0.0000000000000000     
   6.0108282404673988E-002   0.0000000000000000       -0.0000000000000000        0.0000000000000000     
   6.3814779348954437E-002   0.0000000000000000       -0.0000000000000000        0.0000000000000000     
   6.7743666109891701E-002   0.0000000000000000       -0.0000000000000000        0.0000000000000000     
   7.1908286076485209E-002   0.0000000000000000       -0.0000000000000000        0.0000000000000000     
   7.6322783241074332E-002   0.0000000000000000       -0.0000000000000000        0.0000000000000000     
   8.1002150235538792E-002   0.0000000000000000       -0.0000000000000000        0.0000000000000000     
   8.5962279249671120E-002   0.0000000000000000       -0.0000000000000000        0.0000000000000000     
   9.1220016004651391E-002   0.0000000000000000       -0.0000000000000000        0.0000000000000000     
   9.6793216964930484E-002   0.0000000000000000       -0.0000000000000000        0.0000000000000000     
  0.10270080998282632        0.0000000000000000       -0.0000000000000000        0.0000000000000000     
  0.10896285858179591        0.0000000000000000       -0.0000000000000000        0.0000000000000000     
  0.11560063009670367        0.0000000000000000       -0.0000000000000000        0.0000000000000000     
  0.12263666790250589        0.0000000000000000       -0.0000000000000000        0.0000000000000000     
  0.13009486797665626        0.0000000000000000       -0.0000000000000000        0.0000000000000000     
  0.13800056005525563        0.0000000000000000       -0.0000000000000000        0.0000000000000000     
  0.14638059365857098        0.0000000000000000       -0.0000000000000000        0.0000000000000000     
  0.15526342927808526        0.0000000000000000       -0.0000000000000000        0.0000000000000000     
  0.16467923503477039        0.0000000000000000       -0.0000000000000000        0.0000000000000000     
  0.17465998913685662        0.0000000000000000       -0.0000000000000000        0.0000000000000000     
  0.18523958848506802        0.0000000000000000       -0.0000000000000000        0.0000000000000000     
  0.19645396379417213        0.0000000000000000       -0.0000000000000000        0.0000000000000000     
  0.20834120162182246        0.0000000000000000       -0.0000000000000000        0.0000000000000000     
  0.22094167371913181        0.0000000000000000       -0.0000000000000000        0.0000000000000000     
  0.23429817414227974        0.0000000000000000       -0.0000000000000000        0.0000000000000000     
  0.24845606459081654        0.0000000000000000       -0.0000000000000000        0.0000000000000000     
  0.26346342846626553        0.0000000000000000       -0.0000000000000000        0.0000000000000000     
  0.27937123417424148        0.0000000000000000       -0.0000000000000000        0.0000000000000000     
  0.29623350822469596        0.0000000000000000       -0.0000000000000000        0.0000000000000000     
  0.31410751871817771        0.0000000000000000       -0.0000000000000000        0.0000000000000000     
  0.33305396984126839        0.0000000000000000       -0.0000000000000000        0.0000000000000000     
  0.35313720803174453        0.0000000000000000       -0.0000000000000000        0.0000000000000000     
  0.37442544051364923        0.0000000000000000       -0.0000000000000000        0.0000000000000000     
  0.39699096694446823        0.0000000000000000       -0.0000000000000000        0.0000000000000000     
  0.42091042496113634        0.0000000000000000       -0.0000000000000000        0.0000000000000000     
  0.44626505045880455        0.0000000000000000       -0.0000000000000000        0.0000000000000000     
  0.47314095348633284        0.0000000000000000       -0.0000000000000000        0.0000000000000000     
  0.50162941069551281        0.0000000000000000       -0.0000000000000000        0.0000000000000000     
  0.53182717533724366        0.0000000000000000       -0.0000000000000000        0.0000000000000000     
  0.56383680585747831        0.0000000000000000       -0.0000000000000000        0.0000000000000000     
  0.59776701420892708        0.0000000000000000       -0.0000000000000000        0.0000000000000000     
  0.63373303506146272        0.0000000000000000       -0.0000000000000000        0.0000000000000000     
  0.67185701716515056        0.0000000000000000       -0.0000000000000000        0.0000000000000000     
  0.71226843819505958        0.0000000000000000       -0.0000000000000000        0.0000000000000000     
  0.75510454448676323        0.0000000000000000       -0.0000000000000000        0.0000000000000000     
  0.80051081715596906        0.0000000000000000       -0.0000000000000000        0.0000000000000000     
  0.84864146618532721        0.0000000000000000       -0.0000000000000000        0.0000000000000000     
  0.89965995415644684        0.0000000000000000       -0.0000000000000000        0.0000000000000000     
  0.95373955140583366        0.0000000000000000       -0.0000000000000000        0.0000000000000000     
   1.0110639244901838        0.0000000000000000       -0.0000000000000000        0.0000000000000000     
   1.0718277599595949        0.0000000000000000       -0.0000000000000000        0.0000000000000000     
   1.1362374255571706        0.0000000000000000       -0.0000000000000000        0.0000000000000000     
   1.2045116710906008        0.0000000000000000       -0.0000000000000000        0.0000000000000000     
   1.2768823713560369        0.0000000000000000       -0.0000000000000000        0.0000000000000000     
   1.3535953136373993        0.0000000000000000       -0.0000000000000000        0.0000000000000000     
   1.4349110324556433        0.0000000000000000       -0.0000000000000000        0.0000000000000000     
   1.5211056944029819        0.0000000000000000       -0.0000000000000000        0.0000000000000000     
   1.6124720360671609        0.0000000000000000       -0.0000000000000000        0.0000000000000000     
   1.7093203582311907        0.0000000000000000       -0.0000000000000000        0.0000000000000000     
   1.8119795797250622        0.0000000000000000       -0.0000000000000000        0.0000000000000000     
   1.9207983545085661        0.0000000000000000       -0.0000000000000000        0.0000000000000000     
   2.0361462557790801        0.0000000000000000       -0.0000000000000000        0.0000000000000000     
   2.1584150311258252        0.0000000000000000       -0.0000000000000000        0.0000000000000000     
   2.2880199329933748        0.0000000000000000       -0.0000000000000000        0.0000000000000000     
   2.4254011289729775        0.0000000000000000       -0.0000000000000000        0.0000000000000000     
   2.5710251967113562        0.0000000000000000       -0.0000000000000000        0.0000000000000000     
   2.7253867085140375        0.0000000000000000       -0.0000000000000000        0.0000000000000000     
   2.8890099110248801        0.0000000000000000       -0.0000000000000000        0.0000000000000000     
   3.0624505056863729        0.0000000000000000       -0.0000000000000000        0.0000000000000000     
   3.2462975360275554        0.0000000000000000       -0.0000000000000000        0.0000000000000000     
   3.4411753881892091        0.0000000000000000       -0.0000000000000000        0.0000000000000000     
   3.6477459114805617        0.0000000000000000       -0.0000000000000000        0.0000000000000000     
   3.8667106661693955        0.0000000000000000       -0.0000000000000000        0.0000000000000000     
   4.0988133061395597        0.0000000000000000       -0.0000000000000000        0.0000000000000000     
   4.3448421045079337        0.0000000000000000       -0.0000000000000000        0.0000000000000000     
   4.6056326307784099        0.0000000000000000       -0.0000000000000000        0.0000000000000000     
   4.8820705886251146        0.0000000000000000       -0.0000000000000000        0.0000000000000000     
   5.1750948239426213        0.0000000000000000       -0.0000000000000000        0.0000000000000000     
   5.4857005133791787        0.0000000000000000       -0.0000000000000000        0.0000000000000000     
   5.8149425441819300        0.0000000000000000       -0.0000000000000000        0.0000000000000000     
   6.1639390968328458        0.0000000000000000       -0.0000000000000000        0.0000000000000000     
   6.5338754426428167        0.0000000000000000       -0.0000000000000000        0.0000000000000000     
   6.9260079692013861        0.0000000000000000       -0.0000000000000000        0.0000000000000000     
   7.3416684473534692        0.0000000000000000       -0.0000000000000000        0.0000000000000000     
   7.7822685541946779        0.0000000000000000       -0.0000000000000000        0.0000000000000000     
   8.2493046674463599        0.0000000000000000       -0.0000000000000000        0.0000000000000000     
   8.7443629474931424        0.0000000000000000       -0.0000000000000000        0.0000000000000000     
   9.2691247243427313        0.0000000000000000       -0.0000000000000000        0.0000000000000000     
   9.8253722078032961        0.0000000000000000       -0.0000000000000000        0.0000000000000000     
   10.414994540271495        0.0000000000000000       -0.0000000000000000        0.0000000000000000     
   11.039994212687786        0.0000000000000000       -0.0000000000000000        0.0000000000000000     
   11.702493865449053        0.0000000000000000       -0.0000000000000000        0.0000000000000000     
   12.404743497375996        0.0000000000000000       -0.0000000000000000        0.0000000000000000     
   13.149128107218557        0.0000000000000000       -0.0000000000000000        0.0000000000000000     
   13.938175793651672        0.0000000000000000       -0.0000000000000000        0.0000000000000000     
   14.774566341270774        0.0000000000000000       -0.0000000000000000        0.0000000000000000     
   15.661140321747020        0.0000000000000000       -0.0000000000000000        0.0000000000000000     
   16.600908741051843        0.0000000000000000       -0.0000000000000000        0.0000000000000000     
   17.597063265514954        0.0000000000000000       -0.0000000000000000        0.0000000000000000     
   18.652987061445852        0.0000000000000000       -0.0000000000000000        0.0000000000000000     
   19.772266285132606        0.0000000000000000       -0.0000000000000000        0.0000000000000000     
   20.958702262240564        0.0000000000000000       -0.0000000000000000        0.0000000000000000     
   22.216324397974997        0.0000000000000000       -0.0000000000000000        0.0000000000000000     
   23.549403861853499        0.0000000000000000       -0.0000000000000000        0.0000000000000000     
   24.962468093564709        0.0000000000000000       -0.0000000000000000        0.0000000000000000     
   26.460316179178594        0.0000000000000000       -0.0000000000000000        0.0000000000000000     
   28.048035149929312        0.0000000000000000       -0.0000000000000000        0.0000000000000000     
   29.731017258925071        0.0000000000000000       -0.0000000000000000        0.0000000000000000     
   31.514978294460576        0.0000000000000000       -0.0000000000000000        0.0000000000000000     
   33.405976992128210        0.0000000000000000       -0.0000000000000000        0.0000000000000000     
   35.410435611655906        0.0000000000000000       -0.0000000000000000        0.0000000000000000     
   37.535161748355264        0.0000000000000000       -0.0000000000000000        0.0000000000000000     
   39.787371453256583        0.0000000000000000       -0.0000000000000000        0.0000000000000000     
   42.174713740451978        0.0000000000000000       -0.0000000000000000        0.0000000000000000     
   44.705296564879099        0.0000000000000000       -0.0000000000000000        0.0000000000000000     
   47.387714358771845        0.0000000000000000       -0.0000000000000000        0.0000000000000000     
   50.231077220298161        0.0000000000000000       -0.0000000000000000        0.0000000000000000     
   53.245041853516049        0.0000000000000000       -0.0000000000000000        0.0000000000000000     
   56.439844364727016        0.0000000000000000       -0.0000000000000000        0.0000000000000000     
   59.826335026610636        0.0000000000000000       -0.0000000000000000        0.0000000000000000     
   63.416015128207277        0.0000000000000000       -0.0000000000000000        0.0000000000000000     
   67.221076035899713        0.0000000000000000       -0.0000000000000000        0.0000000000000000     
   71.254440598053705        0.0000000000000000       -0.0000000000000000        0.0000000000000000     
   75.529807033936933        0.0000000000000000       -0.0000000000000000        0.0000000000000000     
   80.061695455973151        0.0000000000000000       -0.0000000000000000        0.0000000000000000     
   84.865497183331541        0.0000000000000000       -0.0000000000000000        0.0000000000000000     
   89.865497183331541        0.0000000000000000       -0.0000000000000000        0.0000000000000000     
   94.865497183331541        0.0000000000000000       -0.0000000000000000        0.0000000000000000     
   99.865497183331541        0.0000000000000000       -0.0000000000000000        0.0000000000000000     
   104.86549718333154        0.0000000000000000       -0.0000000000000000        0.0000000000000000     
   109.86549718333154        0.0000000000000000       -0.0000000000000000        0.0000000000000000     
   114.86549718333154        0.0000000000000000       -0.0000000000000000        0.0000000000000000     
   119.86549718333154        0.0000000000000000       -0.0000000000000000        0.0000000000000000     
   124.86549718333154        0.0000000000000000       -0.0000000000000000        0.0000000000000000     
   129.86549718333154        2.9875598032721180E-003  -8.3989559301368012E-010   8.3989559301368012E-010
   134.86549718333154        1.2036304726616338E-002  -8.5674763435734985E-009   9.4073719365871784E-009
   139.86549718333154        2.6688552616830553E-002  -3.2302737334317228E-008   4.1710109270904409E-008
   144.86549718333154        4.6533580182166703E-002  -8.1590902244386576E-008   1.2330101151529097E-007
   149.86549718333154        7.1201497571791811E-002  -1.6577263355825332E-007   2.8907364507354429E-007
   154.86549718333154       0.10035808923680510       -2.9373222607825155E-007   5.8280587115179589E-007
   159.86549718333154       0.13370044330700659       -4.7378979487035452E-007   1.0565956660221505E-006
   164.86549718333154       0.17095322875400179       -7.1366292569433654E-007   1.7702585917164870E-006
   169.86549718333154       0.21186549978247005       -1.0204647946583866E-006   2.7907233863748736E-006
   174.86549718333154       0.25620769550280281       -1.4007197114571723E-006   4.1914430978320457E-006
   179.86549718333154       0.30376572806180607       -1.8603539442035744E-006   6.0517970420356197E-006
   184.86549718333154       0.35431335123045438       -2.4044190094134195E-006   8.4562160514490396E-006
   189.86549718333154       0.40750489540133195       -3.0356544951553994E-006   1.1491870546604439E-005
   194.86549718333154       0.46262073136933246       -3.7503584176113515E-006   1.5242228964215791E-005
   199.86549718333154       0.51824933720398836       -4.5317111008924121E-006   1.9773940065108204E-005
   204.86549718333154       0.57224535903704765       -5.3456610968294196E-006   2.5119601161937624E-005
   209.86549718333154       0.62224099952916734       -6.1465109884385267E-006   3.1266112150376153E-005
   214.86549718333154       0.66646079856057172       -6.8916303024430332E-006   3.8157742452819189E-005
   219.86549718333154       0.70423790741642611       -7.5549214622491289E-006   4.5712663915068320E-005
   224.86549718333154       0.73594032199089554       -8.1302135702501640E-006   5.3842877485318487E-005
   229.86549718333154       0.76252801118172497       -8.6256260599135409E-006   6.2468503545232027E-005
   234.86549718333154       0.78510317305221067       -9.0554251326572025E-006   7.1523928677889227E-005
   239.86549718333154       0.80463915284204990       -9.4340800799985183E-006   8.0958008757887746E-005
   244.86549718333154       0.82188623925510240       -9.7735079808213232E-006   9.0731516738709069E-005
   249.86549718333154       0.83738108335933459       -1.0082530236131392E-005   1.0081404697484045E-004
   254.86549718333154       0.85149453711074352       -1.0367341395280402E-005   1.1118138837012086E-004
   259.86549718333151       0.86448193823180863       -1.0632225112052528E-005   1.2181361348217338E-004
   264.86549718333151       0.87652258179473896       -1.0880181464554357E-005   1.3269379494672775E-004
   269.86549718333151       0.88774680967681530       -1.1113379811001994E-005   1.4380717475772975E-004
   274.86549718333151       0.89825331873187797       -1.1333455421623939E-005   1.5514063017935370E-004
   279.86549718333151       0.90811984554751168       -1.1541694313943045E-005   1.6668232449329674E-004
   284.86549718333151       0.91740971405633620       -1.1739146269469939E-005   1.7842147076276666E-004
   289.86549718333151       0.92617590335432032       -1.1926694252389912E-005   1.9034816501515658E-004
   294.86549718333151       0.93446364998742060       -1.2105098019954644E-005   2.0245326303511122E-004
   299.86549718333151       0.94231217848391924       -1.2275022494218948E-005   2.1472828552933018E-004
   304.86549718333151       0.94975590174740143       -1.2437057003615962E-005   2.2716534253294614E-004
   309.86549718333151       0.95682528831933511       -1.2591728903931284E-005   2.3975707143687741E-004
   314.86549718333151       0.96354751209368505       -1.2739513615496821E-005   2.5249658505237423E-004
   319.86549718333151       0.96994695419081511       -1.2880842284573900E-005   2.6537742733694813E-004
   324.86549718333151       0.97604560048279754       -1.3016107806741702E-005   2.7839353514368982E-004
   329.86549718333151       0.98186336292140186       -1.3145669678509653E-005   2.9153920482219946E-004
   334.86549718333151       0.98741834357088432       -1.3269857982477810E-005   3.0480906280467727E-004
   339.86549718333151       0.99272705448318199       -1.3388976713189200E-005   3.1819803951786647E-004
   344.86549718333151       0.99780460283601169       -1.3503306588972906E-005   3.3170134610683937E-004
   349.86549718333151        1.0026648482759055       -1.3613107454825152E-005   3.4531445356166451E-004
   354.86549718333151        1.0073205377035259       -1.3718620354340347E-005   3.5903307391600486E-004
   359.86549718333151        1.0117834215320070       -1.3820069329985939E-005   3.7285314324599078E-004
   364.86549718333151        1.0160643545733492       -1.3917662997696493E-005   3.8677080624368730E-004
   369.86549718333151        1.0201733840580458       -1.4011595932046657E-005   4.0078240217573399E-004
   374.86549718333151        1.0241198268017766       -1.4102049891021903E-005   4.1488445206675590E-004
   379.86549718333151        1.0279123371552685       -1.4189194903904474E-005   4.2907364697066040E-004
   384.86549718333151        1.0315589670786860       -1.4273190241537007E-005   4.4334683721219742E-004
   389.86549718333151        1.0350672194497170       -1.4354185284902186E-005   4.5770102249709959E-004
   394.86549718333151        1.0384440955289105       -1.4432320305310326E-005   4.7213334280240990E-004
   399.86549718333151        1.0416961373563998       -1.4507727167365071E-005   4.8664106996977499E-004
   404.86549718333151        1.0448294657330588       -1.4580529964164227E-005   5.0122159993393916E-004
   409.86549718333151        1.0478498143395620       -1.4650845592781473E-005   5.1587244552672067E-004
   414.86549718333151        1.0507625604653057       -1.4718784276924083E-005   5.3059122980364472E-004
   419.86549718333151        1.0535727527511891       -1.4784450042698833E-005   5.4537567984634357E-004
   424.86549718333151        1.0562851362935806       -1.4847941152613581E-005   5.6022362099895711E-004
   429.86549718333151        1.0589041754096320       -1.4909350502274471E-005   5.7513297150123158E-004
   434.86549718333151        1.0614340743238520       -1.4968765983662405E-005   5.9010173748489400E-004
   439.86549718333151        1.0638787960021858       -1.5026270818392775E-005   6.0512800830328679E-004
   444.86549718333151        1.0662420793309653       -1.5081943863946635E-005   6.2020995216723344E-004
   449.86549718333151        1.0685274548136792       -1.5135859895511133E-005   6.3534581206274457E-004
   454.86549718333151        1.0707382589372219       -1.5188089865756183E-005   6.5053390192850076E-004
   459.86549718333151        1.0728776473413575       -1.5238701144615542E-005   6.6577260307311632E-004
   464.86549718333151        1.0749486069094742       -1.5287757740910631E-005   6.8106036081402692E-004
   469.86549718333151        1.0769539668850743       -1.5335320507454345E-005   6.9639568132148126E-004
   474.86549718333151        1.0788964091067406       -1.5381447331099307E-005   7.1177712865258059E-004
   479.86549718333151        1.0807784774440874       -1.5426193309042606E-005   7.2720332196162321E-004
   484.86549718333151        1.0826025865082447       -1.5469610912565151E-005   7.4267293287418837E-004
   489.86549718333151        1.0843710297025007       -1.5511750139263383E-005   7.5818468301345175E-004
   494.86549718333151        1.0860859866720147       -1.5552658654730894E-005   7.7373734166818261E-004
   499.86549718333151        1.0877495302052138       -1.5592381924549338E-005   7.8932972359273192E-004
   504.86549718333151        1.0893636326343870       -1.5630963337371927E-005   8.0496068693010380E-004
   509.86549718333151        1.0909301717780586       -1.5668444319804707E-005   8.2062913124990853E-004
   514.86549718333151        1.0924509364635937       -1.5704864443727311E-005   8.3633399569363581E-004
   519.86549718333151        1.0939276316648454       -1.5740261526638414E-005   8.5207425722027424E-004
   524.86549718333151        1.0953618832862047       -1.5774671725555633E-005   8.6784892894582982E-004
   529.86549718333151        1.0967552426215437       -1.5808129624954940E-005   8.8365705857078476E-004
   534.86549718333151        1.0981091905138973       -1.5840668319192170E-005   8.9949772688997689E-004
   539.86549718333151        1.0994251412392804       -1.5872319489809469E-005   9.1537004637978639E-004
   544.86549718333151        1.1007044461361257       -1.5903113478099838E-005   9.3127315985788619E-004
   549.86549718333151        1.1019483969996646       -1.5933079353266181E-005   9.4720623921115232E-004
   554.86549718333151        1.1031582292590505       -1.5962244976487339E-005   9.6316848418763967E-004
   559.86549718333151        1.1043351249534448       -1.5990637061177585E-005   9.7915912124881726E-004
   564.86549718333151        1.1054802155218522       -1.6018281229701708E-005   9.9517740247851891E-004
   569.86549718333151        1.1065945844202867       -1.6045202066788347E-005   1.0112226045453072E-003
   574.86549718333151        1.1076792695787137       -1.6071423169864861E-005   1.0272940277151722E-003
   579.86549718333151        1.1087352657091341       -1.6096967196518720E-005   1.0433909949116910E-003
   584.86549718333151        1.1097635264753616       -1.6121855909277173E-005   1.0595128508209682E-003
   589.86549718333151        1.1107649665340273       -1.6146110217878546E-005   1.0756589610388468E-003
   594.86549718333151        1.1117404634557511       -1.6169750219199430E-005   1.0918287112580461E-003
   599.86549718333151        1.1126908595346805       -1.6192795234988994E-005   1.1080215064930351E-003
   604.86549718333151        1.1136169634937954       -1.6215263847546726E-005   1.1242367703405817E-003
   609.86549718333151        1.1145195520930160       -1.6237173933474913E-005   1.1404739442740567E-003
   614.86549718333151        1.1153993716465953       -1.6258542695627378E-005   1.1567324869696841E-003
   619.86549718333151        1.1162571394556100       -1.6279386693362980E-005   1.1730118736630471E-003
   624.86549718333151        1.1170935451610995       -1.6299721871208867E-005   1.1893115955342560E-003
   629.86549718333151        1.1179092520229625       -1.6319563586030428E-005   1.2056311591202864E-003
   634.86549718333151        1.1187048981293102       -1.6338926632797195E-005   1.2219700857530836E-003
   639.86549718333151        1.1194810975405858       -1.6357825269026954E-005   1.2383279110221106E-003
   644.86549718333151        1.1202384413726310       -1.6376273237988666E-005   1.2547041842600993E-003
   649.86549718333151        1.1209774988224155       -1.6394283790735689E-005   1.2710984680508351E-003
   654.86549718333151        1.1216988181398464       -1.6411869707034982E-005   1.2875103377578700E-003
   659.86549718333151        1.1224029275490943       -1.6429043315259838E-005   1.3039393810731299E-003
   664.86549718333151        1.1230903361223687       -1.6445816511302916E-005   1.3203851975844328E-003
   669.86549718333151        1.1237615346089522       -1.6462200776564420E-005   1.3368473983609973E-003
   674.86549718333151        1.1244169962221784       -1.6478207195068500E-005   1.3533256055560659E-003
   679.86549718333151        1.1250571773868461       -1.6493846469757066E-005   1.3698194520258230E-003
   684.86549718333151        1.1256825184492678       -1.6509128938004185E-005   1.3863285809638272E-003
   689.86549718333151        1.1262934443521930       -1.6524064586395954E-005   1.4028526455502231E-003
   694.86549718333151        1.1268903652765647       -1.6538663064814690E-005   1.4193913086150377E-003
   699.86549718333151        1.1274736772520360       -1.6552933699866183E-005   1.4359442423149038E-003
   704.86549718333151        1.1280437627378648       -1.6566885507681954E-005   1.4525111278225857E-003
   709.86549718333151        1.1286009911760184       -1.6580527206134143E-005   1.4690916550287199E-003
   714.86549718333151        1.1291457195178947       -1.6593867226490918E-005   1.4856855222552109E-003
   719.86549718333151        1.1296782927261955       -1.6606913724543937E-005   1.5022924359797548E-003
   724.86549718333151        1.1301990442531700       -1.6619674591231994E-005   1.5189121105709867E-003
   729.86549718333151        1.1307082964966253       -1.6632157462789944E-005   1.5355442680337766E-003
   734.86549718333151        1.1312063612349039       -1.6644369730447395E-005   1.5521886377642239E-003
   739.86549718333151        1.1316935400418335       -1.6656318549697346E-005   1.5688449563139213E-003
   744.86549718333151        1.1321701246827420       -1.6668010849157517E-005   1.5855129671630789E-003
   749.86549718333151        1.1326363974926694       -1.6679453339048075E-005   1.6021924205021269E-003
   754.86549718333151        1.1330926317374830       -1.6690652519299706E-005   1.6188830730214266E-003
   759.86549718333151        1.1335390919588868       -1.6701614687312872E-005   1.6355846877087394E-003
   764.86549718333151        1.1339760343041703       -1.6712345945386004E-005   1.6522970336541253E-003
   769.86549718333151        1.1344037068415107       -1.6722852207829699E-005   1.6690198858619551E-003
   774.86549718333151        1.1348223498613492       -1.6733139207777000E-005   1.6857530250697320E-003
   779.86549718333151        1.1352321961648084       -1.6743212503711119E-005   1.7024962375734431E-003
   784.86549718333151        1.1356334713395901       -1.6753077485718993E-005   1.7192493150591621E-003
   789.86549718333151        1.1360263940241035       -1.6762739381486954E-005   1.7360120544406491E-003
   794.86549718333151        1.1364111761603248       -1.6772203262048883E-005   1.7527842577026980E-003
   799.86549718333151        1.1367880232359733       -1.6781474047299259E-005   1.7695657317499973E-003
   804.86549718333151        1.1371571345164788       -1.6790556511281085E-005   1.7863562882612784E-003
   809.86549718333151        1.1375187032673382       -1.6799455287261799E-005   1.8031557435485401E-003
   814.86549718333151        1.1378729169671757       -1.6808174872603274E-005   1.8199639184211434E-003
   819.86549718333151        1.1382199575120655       -1.6816719633438326E-005   1.8367806380545817E-003
   824.86549718333151        1.1385600014114066       -1.6825093809159519E-005   1.8536057318637412E-003
   829.86549718333151        1.1388932199759285       -1.6833301516733198E-005   1.8704390333804744E-003
   834.86549718333151        1.1392197794980494       -1.6841346754843121E-005   1.8872803801353174E-003
   839.86549718333151        1.1395398414249092       -1.6849233407870520E-005   1.9041296135431879E-003
   844.86549718333151        1.1398535625245789       -1.6856965249721900E-005   1.9209865787929098E-003
   849.86549718333151        1.1401610950456080       -1.6864545947507590E-005   1.9378511247404174E-003
   854.86549718333151        1.1404625868702816       -1.6871979065079411E-005   1.9547231038054970E-003
   859.86549718333151        1.1407581816618608       -1.6879268066433226E-005   1.9716023718719302E-003
   864.86549718333151        1.1410480190060841       -1.6886416318982544E-005   1.9884887881909128E-003
   869.86549718333151        1.1413322345471388       -1.6893427096707510E-005   2.0053822152876202E-003
   874.86549718333151        1.1416109601184352       -1.6900303583186893E-005   2.0222825188708072E-003
   879.86549718333151        1.1418843238683263       -1.6907048874515826E-005   2.0391895677453233E-003
   884.86549718333151        1.1421524503810006       -1.6913665982114412E-005   2.0561032337274377E-003
   889.86549718333151        1.1424154607928450       -1.6920157835433892E-005   2.0730233915628718E-003
   894.86549718333151        1.1426734729043984       -1.6926527284562794E-005   2.0899499188474346E-003
   899.86549718333151        1.1429266012880785       -1.6932777102737147E-005   2.1068826959501716E-003
   904.86549718333151        1.1431749573919110       -1.6938909988759861E-005   2.1238216059389315E-003
   909.86549718333151        1.1434186496393928       -1.6944928569332116E-005   2.1407665345082637E-003
   914.86549718333151        1.1436577835256800       -1.6950835401301028E-005   2.1577173699095648E-003
   919.86549718333151        1.1438924617102535       -1.6956632973826997E-005   2.1746740028833916E-003
   924.86549718333151        1.1441227841061570       -1.6962323710472688E-005   2.1916363265938642E-003
   929.86549718333151        1.1443488479660238       -1.6967909971218659E-005   2.2086042365650829E-003
   934.86549718333151        1.1445707479650082       -1.6973394054408141E-005   2.2255776306194909E-003
   939.86549718333151        1.1447885762806953       -1.6978778198622488E-005   2.2425564088181136E-003
   944.86549718333151        1.1450024226701800       -1.6984064584491765E-005   2.2595404734026053E-003
   949.86549718333151        1.1452123745443912       -1.6989255336441995E-005   2.2765297287390472E-003
   954.86549718333151        1.1454185170397779       -1.6994352524381784E-005   2.2935240812634291E-003
   959.86549718333151        1.1456209330874856       -1.6999358165331142E-005   2.3105234394287604E-003
   964.86549718333151        1.1458197034801250       -1.7004274224994947E-005   2.3275277136537553E-003
   969.86549718333151        1.1460149069361547       -1.7009102619281141E-005   2.3445368162730365E-003
   974.86549718333151        1.1462066201620782       -1.7013845215768680E-005   2.3615506614888052E-003
   979.86549718333151        1.1463949179124697       -1.7018503835125176E-005   2.3785691653239304E-003
   984.86549718333151        1.1465798730479677       -1.7023080252477599E-005   2.3955922455764079E-003
   989.86549718333151        1.1467615565912332       -1.7027576198735760E-005   2.4126198217751436E-003
   994.86549718333151        1.1469400377810561       -1.7031993361872949E-005   2.4296518151370166E-003
   999.86549718333151        1.1471153841245905       -1.7036333388163089E-005   2.4466881485251798E-003
   1004.8654971833315        1.1472876614478649       -1.7040597883377931E-005   2.4637287464085579E-003
   1009.8654971833315        1.1474569339445646       -1.7044788413943951E-005   2.4807735348225017E-003
   1014.8654971833315        1.1476232642232114       -1.7048906508062076E-005   2.4978224413305639E-003
   1019.8654971833315        1.1477867133527462       -1.7052953656790170E-005   2.5148753949873542E-003
   1024.8654971833316        1.1479473409066339       -1.7056931315091053E-005   2.5319323263024453E-003
   1029.8654971833316        1.1481052050055212       -1.7060840902846879E-005   2.5489931672052924E-003
   1034.8654971833316        1.1482603623584569       -1.7064683805839814E-005   2.5660578510111323E-003
   1039.8654971833316        1.1484128683027917       -1.7068461376701939E-005   2.5831263123878342E-003
   1044.8654971833316        1.1485627768428028       -1.7072174935835344E-005   2.6001984873236694E-003
   1049.8654971833316        1.1487101406870128       -1.7075825772301607E-005   2.6172743130959712E-003
   1054.8654971833316        1.1488550112843769       -1.7079415144684841E-005   2.6343537282406560E-003
   1059.8654971833316        1.1489974388592747       -1.7082944281926689E-005   2.6514366725225828E-003
   1064.8654971833316        1.1491374724453514       -1.7086414384134268E-005   2.6685230869067170E-003
   1069.8654971833316        1.1492751599183699       -1.7089826623365036E-005   2.6856129135300819E-003
   1074.8654971833316        1.1494105480279699       -1.7093182144385878E-005   2.7027060956744679E-003
   1079.8654971833316        1.1495436824284033       -1.7096482065408110E-005   2.7198025777398762E-003
   1084.8654971833316        1.1496746077083566       -1.7099727478801090E-005   2.7369023052186774E-003
   1089.8654971833316        1.1498033674198225       -1.7102919451783366E-005   2.7540052246704610E-003
   1094.8654971833316        1.1499300041060965       -1.7106059027093297E-005   2.7711112836975543E-003
   1099.8654971833316        1.1500545593288563       -1.7109147223637942E-005   2.7882204309211921E-003
   1104.8654971833316        1.1501770736944374       -1.7112185037123070E-005   2.8053326159583150E-003
   1109.8654971833316        1.1502975868793319       -1.7115173440664786E-005   2.8224477893989798E-003
   1114.8654971833316        1.1504161376548381       -1.7118113385381136E-005   2.8395659027843608E-003
   1119.8654971833316        1.1505327639110321       -1.7121005800967658E-005   2.8566869085853283E-003
   1124.8654971833316        1.1506475026799929       -1.7123851596255297E-005   2.8738107601815836E-003
   1129.8654971833316        1.1507603901582801       -1.7126651659750597E-005   2.8909374118413341E-003
   1134.8654971833316        1.1508714617288001       -1.7129406860161459E-005   2.9080668187014954E-003
   1139.8654971833316        1.1509807519819852       -1.7132118046906561E-005   2.9251989367484019E-003
   1144.8654971833316        1.1510882947363346       -1.7134786050609692E-005   2.9423337227990117E-003
   1149.8654971833316        1.1511941230583853       -1.7137411683580569E-005   2.9594711344825921E-003
   1154.8654971833316        1.1512982692820282       -1.7139995740280035E-005   2.9766111302228721E-003
   1159.8654971833316        1.1514007650273315       -1.7142538997773659E-005   2.9937536692206460E-003
   1164.8654971833316        1.1515016412187453       -1.7145042216170541E-005   3.0108987114368163E-003
   1169.8654971833316        1.1516009281028323       -1.7147506139050919E-005   3.0280462175758670E-003
   1174.8654971833316        1.1516986552654223       -1.7149931493879990E-005   3.0451961490697470E-003
   1179.8654971833316        1.1517948516483025       -1.7152318992410751E-005   3.0623484680621579E-003
   1184.8654971833316        1.1518895455654596       -1.7154669331076131E-005   3.0795031373932339E-003
   1189.8654971833316        1.1519827647187790       -1.7156983191368181E-005   3.0966601205846020E-003
   1194.8654971833316        1.1520745362133673       -1.7159261240208305E-005   3.1138193818248104E-003
   1199.8654971833316        1.1521648865723839       -1.7161504130305762E-005   3.1309808859551159E-003
   1204.8654971833316        1.1522538417514769       -1.7163712500506726E-005   3.1481445984556226E-003
   1209.8654971833316        1.1523414271528092       -1.7165886976133558E-005   3.1653104854317562E-003
   1214.8654971833316        1.1524276676386782       -1.7168028169314370E-005   3.1824785136010704E-003
   1219.8654971833316        1.1525125875447746       -1.7170136679303993E-005   3.1996486502803745E-003
   1224.8654971833316        1.1525962106930263       -1.7172213092794947E-005   3.2168208633731694E-003
   1229.8654971833316        1.1526785604041423       -1.7174257984221315E-005   3.2339951213573906E-003
   1234.8654971833316        1.1527596595097760       -1.7176271916053485E-005   3.2511713932734439E-003
   1239.8654971833316        1.1528395303643453       -1.7178255439084632E-005   3.2683496487125284E-003
   1244.8654971833316        1.1529181948565395       -1.7180209092709745E-005   3.2855298578052380E-003
   1249.8654971833316        1.1529956744204879       -1.7182133405196489E-005   3.3027119912104343E-003
   1254.8654971833316        1.1530719900466531       -1.7184028893949530E-005   3.3198960201043840E-003
   1259.8654971833316        1.1531471622924496       -1.7185896065768273E-005   3.3370819161701523E-003
   1264.8654971833316        1.1532212112924571       -1.7187735417094748E-005   3.3542696515872473E-003
   1269.8654971833316        1.1532941567685442       -1.7189547434259549E-005   3.3714591990215070E-003
   1274.8654971833316        1.1533660180395231       -1.7191332593716316E-005   3.3886505316152232E-003
   1279.8654971833316        1.1534368140306632       -1.7193091362272917E-005   3.4058436229774960E-003
   1284.8654971833316        1.1535065632829420       -1.7194824197316317E-005   3.4230384471748121E-003
   1289.8654971833316        1.1535752839620199       -1.7196531547030803E-005   3.4402349787218431E-003
   1294.8654971833316        1.1536429938669621       -1.7198213850610092E-005   3.4574331925724530E-003
   1299.8654971833316        1.1537097104387555       -1.7199871538464515E-005   3.4746330641109175E-003
   1304.8654971833316        1.1537754507686315       -1.7201505032423576E-005   3.4918345691433410E-003
   1309.8654971833316        1.1538402316060961       -1.7203114745931382E-005   3.5090376838892725E-003
   1314.8654971833316        1.1539040693667955       -1.7204701084238183E-005   3.5262423849735107E-003
   1319.8654971833316        1.1539669801401904       -1.7206264444587248E-005   3.5434486494180981E-003
   1324.8654971833316        1.1540289796969772       -1.7207805216395656E-005   3.5606564546344938E-003
   1329.8654971833316        1.1540900834963594       -1.7209323781431473E-005   3.5778657784159254E-003
   1334.8654971833316        1.1541503066931131       -1.7210820513985972E-005   3.5950765989299113E-003
   1339.8654971833316        1.1542096641445057       -1.7212295781042285E-005   3.6122888947109537E-003
   1344.8654971833316        1.1542681704169402       -1.7213749942437458E-005   3.6295026446533912E-003
   1349.8654971833316        1.1543258397925393       -1.7215183351022990E-005   3.6467178280044140E-003
   1354.8654971833316        1.1543826862755311       -1.7216596352820681E-005   3.6639344243572349E-003
   1359.8654971833316        1.1544387235984452       -1.7217989287173822E-005   3.6811524136444087E-003
   1364.8654971833316        1.1544939652281296       -1.7219362486894029E-005   3.6983717761313027E-003
   1369.8654971833316        1.1545484243716966       -1.7220716278406455E-005   3.7155924924097091E-003
   1374.8654971833316        1.1546021139822502       -1.7222050981889611E-005   3.7328145433915987E-003
   1379.8654971833316        1.1546550467644896       -1.7223366911412254E-005   3.7500379103030108E-003
   1384.8654971833316        1.1547072351801613       -1.7224664375066585E-005   3.7672625746780772E-003
   1389.8654971833316        1.1547586914534260       -1.7225943675099406E-005   3.7844885183531767E-003
   1394.8654971833316        1.1548094275760199       -1.7227205108038246E-005   3.8017157234612148E-003
   1399.8654971833316        1.1548594553123321       -1.7228448964815522E-005   3.8189441724260304E-003
   1404.8654971833316        1.1549087862043363       -1.7229675530889084E-005   3.8361738479569195E-003
   1409.8654971833316        1.1549574315764337       -1.7230885086360718E-005   3.8534047330432801E-003
   1414.8654971833316        1.1550054025401451       -1.7232077906090870E-005   3.8706368109493708E-003
   1419.8654971833316        1.1550527099986654       -1.7233254259810125E-005   3.8878700652091808E-003
   1424.8654971833316        1.1550993646513741       -1.7234414412229547E-005   3.9051044796214102E-003
   1429.8654971833316        1.1551453769981985       -1.7235558623147523E-005   3.9223400382445575E-003
   1434.8654971833316        1.1551907573438429       -1.7236687147553277E-005   3.9395767253921112E-003
   1439.8654971833316        1.1552355158019796       -1.7237800235729486E-005   3.9568145256278411E-003
   1444.8654971833316        1.1552796622992600       -1.7238898133350531E-005   3.9740534237611919E-003
   1449.8654971833316        1.1553232065793100       -1.7239981081580371E-005   3.9912934048427721E-003
   1454.8654971833316        1.1553661582065795       -1.7241049317166842E-005   4.0085344541599391E-003
   1459.8654971833316        1.1554085265701284       -1.7242103072534467E-005   4.0257765572324737E-003
   1464.8654971833316        1.1554503208872713       -1.7243142575873732E-005   4.0430196998083477E-003
   1469.8654971833316        1.1554915502072018       -1.7244168051229982E-005   4.0602638678595773E-003
   1474.8654971833316        1.1555322234144814       -1.7245179718588937E-005   4.0775090475781662E-003
   1479.8654971833316        1.1555723492324808       -1.7246177793961083E-005   4.0947552253721275E-003
   1484.8654971833316        1.1556119362267014       -1.7247162489463155E-005   4.1120023878615910E-003
   1489.8654971833316        1.1556509928080612       -1.7248134013398724E-005   4.1292505218749895E-003
   1494.8654971833316        1.1556895272360721       -1.7249092570336152E-005   4.1464996144453259E-003
   1499.8654971833316        1.1557275476219735       -1.7250038361185508E-005   4.1637496528065115E-003
   1504.8654971833316        1.1557650619317359       -1.7250971583272270E-005   4.1810006243897836E-003
   1509.8654971833316        1.1558020779890701       -1.7251892430411188E-005   4.1982525168201947E-003
   1514.8654971833316        1.1558386034783061       -1.7252801092976985E-005   4.2155053179131719E-003
   1519.8654971833316        1.1558746459472493       -1.7253697757974472E-005   4.2327590156711467E-003
   1524.8654971833316        1.1559102128099246       -1.7254582609105953E-005   4.2500135982802530E-003
   1529.8654971833316        1.1559453113493188       -1.7255455826838572E-005   4.2672690541070918E-003
   1534.8654971833316        1.1559799487199656       -1.7256317588467832E-005   4.2845253716955597E-003
   1539.8654971833316        1.1560141319506090       -1.7257168068183029E-005   4.3017825397637429E-003
   1544.8654971833316        1.1560478679466577       -1.7258007437127557E-005   4.3190405472008702E-003
   1549.8654971833316        1.1560811634927086       -1.7258835863460949E-005   4.3362993830643312E-003
   1554.8654971833316        1.1561140252548998       -1.7259653512416693E-005   4.3535590365767476E-003
   1559.8654971833316        1.1561464597833468       -1.7260460546362152E-005   4.3708194971231098E-003
   1564.8654971833316        1.1561784735143676       -1.7261257124853249E-005   4.3880807542479626E-003
   1569.8654971833316        1.1562100727727800       -1.7262043404690973E-005   4.4053427976526536E-003
   1574.8654971833316        1.1562412637740709       -1.7262819539974731E-005   4.4226056171926282E-003
   1579.8654971833316        1.1562720526266241       -1.7263585682157158E-005   4.4398692028747855E-003
   1584.8654971833316        1.1563024453337472       -1.7264341980093951E-005   4.4571335448548794E-003
   1589.8654971833316        1.1563324477957684       -1.7265088580095514E-005   4.4743986334349747E-003
   1594.8654971833316        1.1563620658120237       -1.7265825625975798E-005   4.4916644590609501E-003
   1599.8654971833316        1.1563913050828643       -1.7266553259101751E-005   4.5089310123200520E-003
   1604.8654971833316        1.1564201712115503       -1.7267271618439914E-005   4.5261982839384920E-003
   1609.8654971833316        1.1564486697061227       -1.7267980840602497E-005   4.5434662647790948E-003
   1614.8654971833316        1.1564768059812875       -1.7268681059893775E-005   4.5607349458389882E-003
   1619.8654971833316        1.1565045853601981       -1.7269372408353989E-005   4.5780043182473418E-003
   1624.8654971833316        1.1565320130762053       -1.7270055015802429E-005   4.5952743732631442E-003
   1629.8654971833316        1.1565590942746042       -1.7270729009880460E-005   4.6125451022730243E-003
   1634.8654971833316        1.1565858340143040       -1.7271394516092654E-005   4.6298164967891169E-003
   1639.8654971833316        1.1566122372694627       -1.7272051657847064E-005   4.6470885484469638E-003
   1644.8654971833316        1.1566383089311556       -1.7272700556496345E-005   4.6643612490034599E-003
   1649.8654971833316        1.1566640538088935       -1.7273341331375144E-005   4.6816345903348353E-003
   1654.8654971833316        1.1566894766322109       -1.7273974099839252E-005   4.6989085644346743E-003
   1659.8654971833316        1.1567145820521634       -1.7274598977302505E-005   4.7161831634119772E-003
   1664.8654971833316        1.1567393746427928       -1.7275216077272899E-005   4.7334583794892502E-003
   1669.8654971833316        1.1567638589026212       -1.7275825511389433E-005   4.7507342050006392E-003
   1674.8654971833316        1.1567880392560284       -1.7276427389456059E-005   4.7680106323900956E-003
   1679.8654971833316        1.1568119200546725       -1.7277021819476717E-005   4.7852876542095720E-003
   1684.8654971833316        1.1568355055787976       -1.7277608907687571E-005   4.8025652631172597E-003
   1689.8654971833316        1.1568588000386253       -1.7278188758591351E-005   4.8198434518758508E-003
   1694.8654971833316        1.1568818075756122       -1.7278761474988333E-005   4.8371222133508389E-003
   1699.8654971833316        1.1569045322637503       -1.7279327158008456E-005   4.8544015405088473E-003
   1704.8654971833316        1.1569269781108209       -1.7279885907142257E-005   4.8716814264159894E-003
   1709.8654971833316        1.1569491490595658       -1.7280437820269704E-005   4.8889618642362588E-003
   1714.8654971833316        1.1569710489889669       -1.7280982993691861E-005   4.9062428472299510E-003
   1719.8654971833316        1.1569926817153551       -1.7281521522158205E-005   4.9235243687521090E-003
   1724.8654971833316        1.1570140509935729       -1.7282053498895318E-005   4.9408064222510040E-003
   1729.8654971833316        1.1570351605181213       -1.7282579015635194E-005   4.9580890012666393E-003
   1734.8654971833316        1.1570560139242199       -1.7283098162641444E-005   4.9753720994292804E-003
   1739.8654971833316        1.1570766147889342       -1.7283611028737079E-005   4.9926557104580174E-003
   1744.8654971833316        1.1570969666321893       -1.7284117701329554E-005   5.0099398281593472E-003
   1749.8654971833316        1.1571170729178375       -1.7284618266437161E-005   5.0272244464257846E-003
   1754.8654971833316        1.1571369370546429       -1.7285112808713279E-005   5.0445095592344981E-003
   1759.8654971833316        1.1571565623973055       -1.7285601411471742E-005   5.0617951606459696E-003
   1764.8654971833316        1.1571759522473977       -1.7286084156709901E-005   5.0790812448026799E-003
   1769.8654971833316        1.1571951098543611       -1.7286561125133287E-005   5.0963678059278133E-003
   1774.8654971833316        1.1572140384163996       -1.7287032396177645E-005   5.1136548383239906E-003
   1779.8654971833316        1.1572327410814245       -1.7287498048032333E-005   5.1309423363720226E-003
   1784.8654971833316        1.1572512209479315       -1.7287958157661925E-005   5.1482302945296847E-003
   1789.8654971833316        1.1572694810658970       -1.7288412800828396E-005   5.1655187073305128E-003
   1794.8654971833316        1.1572875244376271       -1.7288862052112102E-005   5.1828075693826246E-003
   1799.8654971833316        1.1573053540186038       -1.7289305984932687E-005   5.2000968753675575E-003
   1804.8654971833316        1.1573229727182990       -1.7289744671569186E-005   5.2173866200391269E-003
   1809.8654971833316        1.1573403834010256       -1.7290178183181092E-005   5.2346767982223083E-003
   1814.8654971833316        1.1573575888866858       -1.7290606589826819E-005   5.2519674048121349E-003
   1819.8654971833316        1.1573745919515890       -1.7291029960483958E-005   5.2692584347726187E-003
   1824.8654971833316        1.1573913953291668       -1.7291448363066927E-005   5.2865498831356859E-003
   1829.8654971833316        1.1574080017107973       -1.7291861864447365E-005   5.3038417450001329E-003
   1834.8654971833316        1.1574244137464771       -1.7292270530470743E-005   5.3211340155306036E-003
   1839.8654971833316        1.1574406340455436       -1.7292674425974221E-005   5.3384266899565783E-003
   1844.8654971833316        1.1574566651774159       -1.7293073614804978E-005   5.3557197635713833E-003
   1849.8654971833316        1.1574725096722258       -1.7293468159835831E-005   5.3730132317312196E-003
   1854.8654971833316        1.1574881700215802       -1.7293858122984063E-005   5.3903070898542035E-003
   1859.8654971833316        1.1575036486791743       -1.7294243565226613E-005   5.4076013334194298E-003
   1864.8654971833316        1.1575189480614454       -1.7294624546616237E-005   5.4248959579660458E-003
   1869.8654971833316        1.1575340705482098       -1.7295001126297284E-005   5.4421909590923433E-003
   1874.8654971833316        1.1575490184833090       -1.7295373362521655E-005   5.4594863324548652E-003
   1879.8654971833316        1.1575637941752175       -1.7295741312663872E-005   5.4767820737675289E-003
   1884.8654971833316        1.1575783998976483       -1.7296105033236040E-005   5.4940781788007653E-003
   1889.8654971833316        1.1575928378901352       -1.7296464579902264E-005   5.5113746433806676E-003
   1894.8654971833316        1.1576071103586227       -1.7296820007493238E-005   5.5286714633881609E-003
   1899.8654971833316        1.1576212194760336       -1.7297171370020321E-005   5.5459686347581810E-003
   1904.8654971833316        1.1576351673828060       -1.7297518720688792E-005   5.5632661534788701E-003
   1909.8654971833316        1.1576489561874947       -1.7297862111912763E-005   5.5805640155907827E-003
   1914.8654971833316        1.1576625879672526       -1.7298201595327087E-005   5.5978622171861097E-003
   1919.8654971833316        1.1576760647683886       -1.7298537221801159E-005   5.6151607544079113E-003
   1924.8654971833316        1.1576893886068873       -1.7298869041451807E-005   5.6324596234493627E-003
   1929.8654971833316        1.1577025614688889       -1.7299197103655149E-005   5.6497588205530183E-003
   1934.8654971833316        1.1577155853112349       -1.7299521457060117E-005   5.6670583420100782E-003
   1939.8654971833316        1.1577284620618864       -1.7299842149598810E-005   5.6843581841596767E-003
   1944.8654971833316        1.1577411936204822       -1.7300159228500326E-005   5.7016583433881773E-003
   1949.8654971833316        1.1577537818587755       -1.7300472740301566E-005   5.7189588161284787E-003
   1954.8654971833316        1.1577662286210624       -1.7300782730857845E-005   5.7362595988593367E-003
   1959.8654971833316        1.1577785357247092       -1.7301089245355957E-005   5.7535606881046926E-003
   1964.8654971833316        1.1577907049605221       -1.7301392328323328E-005   5.7708620804330160E-003
   1969.8654971833316        1.1578027380932387       -1.7301692023640204E-005   5.7881637724566566E-003
   1974.8654971833316        1.1578146368619324       -1.7301988374549653E-005   5.8054657608312063E-003
   1979.8654971833316        1.1578264029804228       -1.7302281423667740E-005   5.8227680422548739E-003
   1984.8654971833316        1.1578380381377076       -1.7302571212994210E-005   5.8400706134678678E-003
   1989.8654971833316        1.1578495439983840       -1.7302857783922971E-005   5.8573734712517910E-003
   1994.8654971833316        1.1578609222030127       -1.7303141177251066E-005   5.8746766124290421E-003
   1999.8654971833316        1.1578721743685301       -1.7303421433188921E-005   5.8919800338622314E-003
   2004.8654971833316        1.1578833020886177       -1.7303698591369465E-005   5.9092837324536008E-003
   2009.8654971833316        1.1578943069340821       -1.7303972690857584E-005   5.9265877051444581E-003
   2014.8654971833316        1.1579051904532274       -1.7304243770159324E-005   5.9438919489146176E-003
   2019.8654971833316        1.1579159541722430       -1.7304511867231515E-005   5.9611964607818495E-003
   2024.8654971833316        1.1579265995955255       -1.7304777019489741E-005   5.9785012378013392E-003
   2029.8654971833316        1.1579371282060353       -1.7305039263817195E-005   5.9958062770651566E-003
   2034.8654971833316        1.1579475414656519       -1.7305298636573452E-005   6.0131115757017300E-003
   2039.8654971833316        1.1579578408155209       -1.7305555173603122E-005   6.0304171308753329E-003
   2044.8654971833316        1.1579680276763349       -1.7305808910242745E-005   6.0477229397855759E-003
   2049.8654971833316        1.1579781034487320       -1.7306059881330756E-005   6.0650289996669066E-003
   2054.8654971833316        1.1579880695135489       -1.7306308121213680E-005   6.0823353077881200E-003
   2059.8654971833316        1.1579979272322001       -1.7306553663755576E-005   6.0996418614518754E-003
   2064.8654971833316        1.1580076779469328       -1.7306796542344362E-005   6.1169486579942195E-003
   2069.8654971833316        1.1580173229811612       -1.7307036789900071E-005   6.1342556947841199E-003
   2074.8654971833316        1.1580268636397377       -1.7307274438881609E-005   6.1515629692230015E-003
   2079.8654971833316        1.1580363012092614       -1.7307509521294391E-005   6.1688704787442959E-003
   2084.8654971833316        1.1580456369583856       -1.7307742068697969E-005   6.1861782208129934E-003
   2089.8654971833316        1.1580548721380575       -1.7307972112211958E-005   6.2034861929252056E-003
   2094.8654971833316        1.1580640079818147       -1.7308199682523444E-005   6.2207943926077293E-003
   2099.8654971833316        1.1580730457060864       -1.7308424809894382E-005   6.2381028174176237E-003
   2104.8654971833316        1.1580819865104324       -1.7308647524167580E-005   6.2554114649417914E-003
   2109.8654971833316        1.1580908315777931       -1.7308867854772873E-005   6.2727203327965645E-003
   2114.8654971833316        1.1580995820747679       -1.7309085830734040E-005   6.2900294186272986E-003
   2119.8654971833316        1.1581082391518733       -1.7309301480675199E-005   6.3073387201079741E-003
   2124.8654971833316        1.1581168039437784       -1.7309514832826652E-005   6.3246482349408007E-003
   2129.8654971833316        1.1581252775695481       -1.7309725915030936E-005   6.3419579608558320E-003
   2134.8654971833316        1.1581336611329180       -1.7309934754749604E-005   6.3592678956105814E-003
   2139.8654971833316        1.1581419557224957       -1.7310141379068241E-005   6.3765780369896500E-003
   2144.8654971833316        1.1581501624119810       -1.7310345814701960E-005   6.3938883828043519E-003
   2149.8654971833316        1.1581582822604555       -1.7310548088002526E-005   6.4111989308923544E-003
   2154.8654971833316        1.1581663163125366       -1.7310748224962222E-005   6.4285096791173169E-003
   2159.8654971833316        1.1581742655986631       -1.7310946251220912E-005   6.4458206253685379E-003
   2164.8654971833316        1.1581821311352609       -1.7311142192070171E-005   6.4631317675606084E-003
   2169.8654971833316        1.1581899139249681       -1.7311336072458864E-005   6.4804431036330672E-003
   2174.8654971833316        1.1581976149568824       -1.7311527916999284E-005   6.4977546315500663E-003
   2179.8654971833316        1.1582052352067174       -1.7311717749971027E-005   6.5150663493000376E-003
   2184.8654971833316        1.1582127756370133       -1.7311905595326231E-005   6.5323782548953636E-003
   2189.8654971833316        1.1582202371973982       -1.7312091476696050E-005   6.5496903463720599E-003
   2194.8654971833316        1.1582276208246771       -1.7312275417392888E-005   6.5670026217894530E-003
   2199.8654971833316        1.1582349274431161       -1.7312457440417413E-005   6.5843150792298704E-003
   2204.8654971833316        1.1582421579645983       -1.7312637568462465E-005   6.6016277167983330E-003
   2209.8654971833316        1.1582493132888114       -1.7312815823917698E-005   6.6189405326222504E-003
   2214.8654971833316        1.1582563943034212       -1.7312992228873869E-005   6.6362535248511243E-003
   2219.8654971833316        1.1582634018842555       -1.7313166805127448E-005   6.6535666916562519E-003
   2224.8654971833316        1.1582703368954979       -1.7313339574185375E-005   6.6708800312304372E-003
   2229.8654971833316        1.1582772001898494       -1.7313510557269115E-005   6.6881935417877061E-003
   2234.8654971833316        1.1582839926086839       -1.7313679775318502E-005   6.7055072215630243E-003
   2239.8654971833316        1.1582907149822526       -1.7313847248996816E-005   6.7228210688120215E-003
   2244.8654971833316        1.1582973681298179       -1.7314012998694091E-005   6.7401350818107157E-003
   2249.8654971833316        1.1583039528598378       -1.7314177044531735E-005   6.7574492588552476E-003
   2254.8654971833316        1.1583104699701139       -1.7314339406366162E-005   6.7747635982616135E-003
   2259.8654971833316        1.1583169202479515       -1.7314500103792786E-005   6.7920780983654061E-003
   2264.8654971833316        1.1583233044703249       -1.7314659156150131E-005   6.8093927575215559E-003
   2269.8654971833316        1.1583296234039844       -1.7314816582522477E-005   6.8267075741040781E-003
   2274.8654971833316        1.1583358778056705       -1.7314972401745195E-005   6.8440225465058232E-003
   2279.8654971833316        1.1583420684222279       -1.7315126632407549E-005   6.8613376731382304E-003
   2284.8654971833316        1.1583481959907558       -1.7315279292856457E-005   6.8786529524310870E-003
   2289.8654971833316        1.1583542612387381       -1.7315430401199726E-005   6.8959683828322864E-003
   2294.8654971833316        1.1583602648842037       -1.7315579975310015E-005   6.9132839628075968E-003
   2299.8654971833316        1.1583662076358567       -1.7315728032828060E-005   6.9305996908404248E-003
   2304.8654971833316        1.1583720901932044       -1.7315874591165897E-005   6.9479155654315903E-003
   2309.8654971833316        1.1583779132467014       -1.7316019667510393E-005   6.9652315850991008E-003
   2314.8654971833316        1.1583836774778826       -1.7316163278826591E-005   6.9825477483779277E-003
   2319.8654971833316        1.1583893835594798       -1.7316305441860567E-005   6.9998640538197886E-003
   2324.8654971833316        1.1583950321555574       -1.7316446173142830E-005   7.0171804999929312E-003
   2329.8654971833316        1.1584006239216291       -1.7316585488991204E-005   7.0344970854819226E-003
   2334.8654971833316        1.1584061595048079       -1.7316723405514580E-005   7.0518138088874367E-003
   2339.8654971833316        1.1584116395438901       -1.7316859938614967E-005   7.0691306688260517E-003
   2344.8654971833316        1.1584170646694989       -1.7316995103991082E-005   7.0864476639300429E-003
   2349.8654971833316        1.1584224355041837       -1.7317128917140818E-005   7.1037647928471840E-003
   2354.8654971833316        1.1584277526625630       -1.7317261393364782E-005   7.1210820542405486E-003
   2359.8654971833316        1.1584330167514130       -1.7317392547768505E-005   7.1383994467883174E-003
   2364.8654971833316        1.1584382283697972       -1.7317522395265667E-005   7.1557169691835827E-003
   2369.8654971833316        1.1584433881091547       -1.7317650950580274E-005   7.1730346201341628E-003
   2374.8654971833316        1.1584484965534279       -1.7317778228249842E-005   7.1903523983624131E-003
   2379.8654971833316        1.1584535542791567       -1.7317904242627753E-005   7.2076703026050411E-003
   2384.8654971833316        1.1584585618555863       -1.7318029007885902E-005   7.2249883316129271E-003
   2389.8654971833316        1.1584635198447841       -1.7318152538017617E-005   7.2423064841509446E-003
   2394.8654971833316        1.1584684288017202       -1.7318274846839670E-005   7.2596247589977840E-003
   2399.8654971833316        1.1584732892743945       -1.7318395947995425E-005   7.2769431549457794E-003
   2404.8654971833316        1.1584781018038945       -1.7318515854956274E-005   7.2942616708007359E-003
   2409.8654971833316        1.1584828669245435       -1.7318634581025317E-005   7.3115803053817614E-003
   2414.8654971833316        1.1584875851639302       -1.7318752139338102E-005   7.3288990575210997E-003
   2419.8654971833316        1.1584922570430636       -1.7318868542866486E-005   7.3462179260639663E-003
   2424.8654971833316        1.1584968830764595       -1.7318983804420764E-005   7.3635369098683867E-003
   2429.8654971833316        1.1585014637721713       -1.7319097936650446E-005   7.3808560078050369E-003
   2434.8654971833316        1.1585059996319500       -1.7319210952048233E-005   7.3981752187570853E-003
   2439.8654971833316        1.1585104911513007       -1.7319322862951419E-005   7.4154945416200369E-003
   2444.8654971833316        1.1585149388195863       -1.7319433681544474E-005   7.4328139753015816E-003
   2449.8654971833316        1.1585193431200771       -1.7319543419860273E-005   7.4501335187214419E-003
   2454.8654971833316        1.1585237045300716       -1.7319652089783095E-005   7.4674531708112252E-003
   2459.8654971833316        1.1585280235209645       -1.7319759703050314E-005   7.4847729305142757E-003
   2464.8654971833316        1.1585323005583268       -1.7319866271254407E-005   7.5020927967855301E-003
   2469.8654971833316        1.1585365361019735       -1.7319971805844612E-005   7.5194127685913751E-003
   2474.8654971833316        1.1585407306061022       -1.7320076318130391E-005   7.5367328449095052E-003
   2479.8654971833316        1.1585448845192885       -1.7320179819281295E-005   7.5540530247287865E-003
   2484.8654971833316        1.1585489982846078       -1.7320282320330020E-005   7.5713733070491163E-003
   2489.8654971833316        1.1585530723397157       -1.7320383832174395E-005   7.5886936908812911E-003
   2494.8654971833316        1.1585571071169081       -1.7320484365578872E-005   7.6060141752468703E-003
   2499.8654971833316        1.1585611030431935       -1.7320583931176311E-005   7.6233347591780467E-003
   2504.8654971833316        1.1585650605403592       -1.7320682539469659E-005   7.6406554417175164E-003
   2509.8654971833316        1.1585689800250616       -1.7320780200834155E-005   7.6579762219183504E-003
   2514.8654971833316        1.1585728619088862       -1.7320876925518864E-005   7.6752970988438690E-003
   2519.8654971833316        1.1585767065984180       -1.7320972723648405E-005   7.6926180715675176E-003
   2524.8654971833316        1.1585805144953096       -1.7321067605224616E-005   7.7099391391727418E-003
   2529.8654971833316        1.1585842859963404       -1.7321161580128095E-005   7.7272603007528702E-003
   2534.8654971833316        1.1585880214934909       -1.7321254658119982E-005   7.7445815554109902E-003
   2539.8654971833316        1.1585917213740156       -1.7321346848843814E-005   7.7619029022598339E-003
   2544.8654971833316        1.1585953860204801       -1.7321438161826411E-005   7.7792243404216600E-003
   2549.8654971833316        1.1585990158108435       -1.7321528606479964E-005   7.7965458690281396E-003
   2554.8654971833316        1.1586026111185388       -1.7321618192104016E-005   7.8138674872202437E-003
   2559.8654971833316        1.1586061723124961       -1.7321706927886013E-005   7.8311891941481304E-003
   2564.8654971833316        1.1586096997572035       -1.7321794822902880E-005   7.8485109889710331E-003
   2569.8654971833316        1.1586131938127961       -1.7321881886123175E-005   7.8658328708571569E-003
   2574.8654971833316        1.1586166548351085       -1.7321968126408426E-005   7.8831548389835648E-003
   2579.8654971833316        1.1586200831757076       -1.7322053552513933E-005   7.9004768925360781E-003
   2584.8654971833316        1.1586234791819829       -1.7322138173091026E-005   7.9177990307091693E-003
   2589.8654971833316        1.1586268431971751       -1.7322221996687757E-005   7.9351212527058578E-003
   2594.8654971833316        1.1586301755604489       -1.7322305031750744E-005   7.9524435577376078E-003
   2599.8654971833316        1.1586334766069435       -1.7322387286626395E-005   7.9697659450242344E-003
   2604.8654971833316        1.1586367466678023       -1.7322468769561652E-005   7.9870884137937959E-003
   2609.8654971833316        1.1586399860702554       -1.7322549488706067E-005   8.0044109632825024E-003
   2614.8654971833316        1.1586431951376619       -1.7322629452112802E-005   8.0217335927346145E-003
   2619.8654971833316        1.1586463741895467       -1.7322708667739618E-005   8.0390563014023537E-003
   2624.8654971833316        1.1586495235416923       -1.7322787143451095E-005   8.0563790885458050E-003
   2629.8654971833316        1.1586526435061373       -1.7322864887018626E-005   8.0737019534328231E-003
   2634.8654971833316        1.1586557343912571       -1.7322941906122418E-005   8.0910248953389458E-003
   2639.8654971833316        1.1586587965018085       -1.7323018208352588E-005   8.1083479135472987E-003
   2644.8654971833316        1.1586618301389648       -1.7323093801210062E-005   8.1256710073485082E-003
   2649.8654971833316        1.1586648356003675       -1.7323168692107846E-005   8.1429941760406167E-003
   2654.8654971833316        1.1586678131801884       -1.7323242888372565E-005   8.1603174189289890E-003
   2659.8654971833316        1.1586707631691351       -1.7323316397244609E-005   8.1776407353262338E-003
   2664.8654971833316        1.1586736858545434       -1.7323389225880432E-005   8.1949641245521142E-003
   2669.8654971833316        1.1586765815204110       -1.7323461381353384E-005   8.2122875859334671E-003
   2674.8654971833316        1.1586794504473952       -1.7323532870653659E-005   8.2296111188041206E-003
   2679.8654971833316        1.1586822929129112       -1.7323603700690743E-005   8.2469347225048121E-003
   2684.8654971833316        1.1586851091911550       -1.7323673878293976E-005   8.2642583963831069E-003
   2689.8654971833316        1.1586878995531351       -1.7323743410213343E-005   8.2815821397933202E-003
   2694.8654971833316        1.1586906642667367       -1.7323812303121068E-005   8.2989059520964404E-003
   2699.8654971833316        1.1586934035967302       -1.7323880563611844E-005   8.3162298326600517E-003
   2704.8654971833316        1.1586961178048441       -1.7323948198204625E-005   8.3335537808582570E-003
   2709.8654971833316        1.1586988071497668       -1.7324015213342673E-005   8.3508777960715989E-003
   2714.8654971833316        1.1587014718872348       -1.7324081615395762E-005   8.3682018776869947E-003
   2719.8654971833316        1.1587041122700192       -1.7324147410659839E-005   8.3855260250976539E-003
   2724.8654971833316        1.1587067285479953       -1.7324212605358756E-005   8.4028502377030134E-003
   2729.8654971833316        1.1587093209681858       -1.7324277205645335E-005   8.4201745149086581E-003
   2734.8654971833316        1.1587118897747715       -1.7324341217601654E-005   8.4374988561262600E-003
   2739.8654971833316        1.1587144352091305       -1.7324404647240010E-005   8.4548232607735002E-003
   2744.8654971833316        1.1587169575098972       -1.7324467500504375E-005   8.4721477282740047E-003
   2749.8654971833316        1.1587194569129822       -1.7324529783270912E-005   8.4894722580572748E-003
   2754.8654971833316        1.1587219336515975       -1.7324591501348605E-005   8.5067968495586236E-003
   2759.8654971833316        1.1587243879562967       -1.7324652660480228E-005   8.5241215022191039E-003
   2764.8654971833316        1.1587268200550271       -1.7324713266343682E-005   8.5414462154854483E-003
   2769.8654971833316        1.1587292301731449       -1.7324773324552332E-005   8.5587709888100012E-003
   2774.8654971833316        1.1587316185334613       -1.7324832840656197E-005   8.5760958216506578E-003
   2779.8654971833316        1.1587339853562397       -1.7324891820141843E-005   8.5934207134707990E-003
   2784.8654971833316        1.1587363308592602       -1.7324950268434008E-005   8.6107456637392332E-003
   2789.8654971833316        1.1587386552578500       -1.7325008190896360E-005   8.6280706719301294E-003
   2794.8654971833316        1.1587409587649069       -1.7325065592832070E-005   8.6453957375229613E-003
   2799.8654971833316        1.1587432415909218       -1.7325122479484370E-005   8.6627208600024465E-003
   2804.8654971833316        1.1587455039440362       -1.7325178856038003E-005   8.6800460388584844E-003
   2809.8654971833316        1.1587477460300357       -1.7325234727619063E-005   8.6973712735861040E-003
   2814.8654971833316        1.1587499680524063       -1.7325290099296342E-005   8.7146965636853996E-003
   2819.8654971833316        1.1587521702123331       -1.7325344976081387E-005   8.7320219086614807E-003
   2824.8654971833316        1.1587543527087723       -1.7325399362930198E-005   8.7493473080244109E-003
   2829.8654971833316        1.1587565157384425       -1.7325453264743099E-005   8.7666727612891546E-003
   2834.8654971833316        1.1587586594958745       -1.7325506686365903E-005   8.7839982679755197E-003
   2839.8654971833316        1.1587607841734286       -1.7325559632590392E-005   8.8013238276081103E-003
   2844.8654971833316        1.1587628899612994       -1.7325612108154410E-005   8.8186494397162647E-003
   2849.8654971833316        1.1587649770476012       -1.7325664117744014E-005   8.8359751038340085E-003
   2854.8654971833316        1.1587670456183485       -1.7325715665992950E-005   8.8533008195000023E-003
   2859.8654971833316        1.1587690958574746       -1.7325766757483153E-005   8.8706265862574848E-003
   2864.8654971833316        1.1587711279468820       -1.7325817396745986E-005   8.8879524036542309E-003
   2869.8654971833316        1.1587731420664695       -1.7325867588262911E-005   8.9052782712424946E-003
   2874.8654971833316        1.1587751383941336       -1.7325917336465521E-005   8.9226041885789604E-003
   2879.8654971833316        1.1587771171058194       -1.7325966645736838E-005   8.9399301552246964E-003
   2884.8654971833316        1.1587790783755201       -1.7326015520411247E-005   8.9572561707451075E-003
   2889.8654971833316        1.1587810223753110       -1.7326063964775398E-005   8.9745822347098835E-003
   2894.8654971833316        1.1587829492753912       -1.7326111983069197E-005   8.9919083466929520E-003
   2899.8654971833316        1.1587848592440761       -1.7326159579485653E-005   9.0092345062724368E-003
   2904.8654971833316        1.1587867524478315       -1.7326206758171700E-005   9.0265607130306080E-003
   2909.8654971833316        1.1587886290513163       -1.7326253523229299E-005   9.0438869665538379E-003
   2914.8654971833316        1.1587904892173695       -1.7326299878715067E-005   9.0612132664325534E-003
   2919.8654971833316        1.1587923331070360       -1.7326345828640935E-005   9.0785396122611949E-003
   2924.8654971833316        1.1587941608796333       -1.7326391376975848E-005   9.0958660036381707E-003
   2929.8654971833316        1.1587959726927342       -1.7326436527645262E-005   9.1131924401658161E-003
   2934.8654971833316        1.1587977687021800       -1.7326481284531546E-005   9.1305189214503472E-003
   2939.8654971833316        1.1587995490621299       -1.7326525651475143E-005   9.1478454471018225E-003
   2944.8654971833316        1.1588013139250581       -1.7326569632274567E-005   9.1651720167340977E-003
   2949.8654971833316        1.1588030634417936       -1.7326613230687326E-005   9.1824986299647842E-003
   2954.8654971833316        1.1588047977615243       -1.7326656450430086E-005   9.1998252864152145E-003
   2959.8654971833316        1.1588065170318167       -1.7326699295179105E-005   9.2171519857103933E-003
   2964.8654971833316        1.1588082213986355       -1.7326741768570764E-005   9.2344787274789633E-003
   2969.8654971833316        1.1588099110064052       -1.7326783874203096E-005   9.2518055113531665E-003
   2974.8654971833316        1.1588115859979546       -1.7326825615634361E-005   9.2691323369688012E-003
   2979.8654971833316        1.1588132465145891       -1.7326866996384902E-005   9.2864592039651854E-003
   2984.8654971833316        1.1588148926960868       -1.7326908019937028E-005   9.3037861119851222E-003
   2989.8654971833316        1.1588165246807165       -1.7326948689735425E-005   9.3211130606748582E-003
   2994.8654971833316        1.1588181426052673       -1.7326989009187965E-005   9.3384400496840467E-003
   2999.8654971833316        1.1588197466050705       -1.7327028981666193E-005   9.3557670786657138E-003
   3004.8654971833316        1.1588213368140099       -1.7327068610505598E-005   9.3730941472762192E-003
   3009.8654971833316        1.1588229133645216       -1.7327107899005626E-005   9.3904212551752242E-003
   3014.8654971833316        1.1588244763876436       -1.7327146850430886E-005   9.4077484020256546E-003
   3019.8654971833316        1.1588260260129839       -1.7327185468010377E-005   9.4250755874936646E-003
   3024.8654971833316        1.1588275623688007       -1.7327223754939492E-005   9.4424028112486038E-003
   3029.8654971833316        1.1588290855819716       -1.7327261714379218E-005   9.4597300729629824E-003
   3034.8654971833316        1.1588305957780114       -1.7327299349456605E-005   9.4770573723124384E-003
   3039.8654971833316        1.1588320930811269       -1.7327336663266128E-005   9.4943847089757043E-003
   3044.8654971833316        1.1588335776142016       -1.7327373658869307E-005   9.5117120826345731E-003
   3049.8654971833316        1.1588350494987933       -1.7327410339294622E-005   9.5290394929738679E-003
   3054.8654971833316        1.1588365088551884       -1.7327446707538915E-005   9.5463669396814062E-003
   3059.8654971833316        1.1588379558024218       -1.7327482766567833E-005   9.5636944224479735E-003
   3064.8654971833316        1.1588393904582337       -1.7327518519314788E-005   9.5810219409672888E-003
   3069.8654971833316        1.1588408129391432       -1.7327553968682763E-005   9.5983494949359715E-003
   3074.8654971833316        1.1588422233604407       -1.7327589117544158E-005   9.6156770840535154E-003
   3079.8654971833316        1.1588436218361906       -1.7327623968740817E-005   9.6330047080222560E-003
   3084.8654971833316        1.1588450084792679       -1.7327658525084959E-005   9.6503323665473404E-003
   3089.8654971833316        1.1588463834013540       -1.7327692789359096E-005   9.6676600593367003E-003
   3094.8654971833316        1.1588477467129497       -1.7327726764316298E-005   9.6849877861010167E-003
   3099.8654971833316        1.1588490985234383       -1.7327760452681828E-005   9.7023155465536977E-003
   3104.8654971833316        1.1588504389410275       -1.7327793857151655E-005   9.7196433404108488E-003
   3109.8654971833316        1.1588517680727812       -1.7327826980393258E-005   9.7369711673912420E-003
   3114.8654971833316        1.1588530860246782       -1.7327859825047087E-005   9.7542990272162892E-003
   3119.8654971833316        1.1588543929015656       -1.7327892393725409E-005   9.7716269196100151E-003
   3124.8654971833316        1.1588556888071981       -1.7327924689013269E-005   9.7889548442990290E-003
   3129.8654971833316        1.1588569738442587       -1.7327956713469022E-005   9.8062828010124989E-003
   3134.8654971833316        1.1588582481143621       -1.7327988469624419E-005   9.8236107894821238E-003
   3139.8654971833316        1.1588595117180820       -1.7328019959985275E-005   9.8409388094421093E-003
   3144.8654971833316        1.1588607647549318       -1.7328051187030984E-005   9.8582668606291401E-003
   3149.8654971833316        1.1588620073233755       -1.7328082153214825E-005   9.8755949427823553E-003
   3154.8654971833316        1.1588632395208893       -1.7328112860965447E-005   9.8929230556433212E-003
   3159.8654971833316        1.1588644614439330       -1.7328143312686185E-005   9.9102511989560080E-003
   3164.8654971833316        1.1588656731879667       -1.7328173510755498E-005   9.9275793724667629E-003
   3169.8654971833316        1.1588668748474549       -1.7328203457526994E-005   9.9449075759242903E-003
   3174.8654971833316        1.1588680665159048       -1.7328233155330482E-005   9.9622358090796208E-003
   3179.8654971833316        1.1588692482858463       -1.7328262606471407E-005   9.9795640716860926E-003
   3184.8654971833316        1.1588704202488809       -1.7328291813232084E-005   9.9968923634993247E-003
   3189.8654971833316        1.1588715824956566       -1.7328320777871087E-005   1.0014220684277196E-002
   3194.8654971833316        1.1588727351158870       -1.7328349502623695E-005   1.0031549033779820E-002
   3199.8654971833316        1.1588738781983619       -1.7328377989702198E-005   1.0048877411769522E-002
   3204.8654971833316        1.1588750118309750       -1.7328406241296547E-005   1.0066205818010819E-002
   3209.8654971833316        1.1588761361007152       -1.7328434259574166E-005   1.0083534252270394E-002
   3214.8654971833316        1.1588772510936711       -1.7328462046680045E-005   1.0100862714317073E-002
   3219.8654971833316        1.1588783568950656       -1.7328489604737599E-005   1.0118191203921810E-002
   3224.8654971833316        1.1588794535892526       -1.7328516935848606E-005   1.0135519720857659E-002
   3229.8654971833316        1.1588805412597398       -1.7328544042093779E-005   1.0152848264899752E-002
   3234.8654971833316        1.1588816199891623       -1.7328570925532064E-005   1.0170176835825284E-002
   3239.8654971833316        1.1588826898593243       -1.7328597588201729E-005   1.0187505433413485E-002
   3244.8654971833316        1.1588837509511944       -1.7328624032120222E-005   1.0204834057445605E-002
   3249.8654971833316        1.1588848033449239       -1.7328650259284617E-005   1.0222162707704889E-002
   3254.8654971833316        1.1588858471198513       -1.7328676271671760E-005   1.0239491383976560E-002
   3259.8654971833316        1.1588868823545315       -1.7328702071238969E-005   1.0256820086047799E-002
   3264.8654971833316        1.1588879091266997       -1.7328727659923138E-005   1.0274148813707721E-002
   3269.8654971833316        1.1588889275133047       -1.7328753039641576E-005   1.0291477566747363E-002
   3274.8654971833316        1.1588899375905470       -1.7328778212292944E-005   1.0308806344959657E-002
   3279.8654971833316        1.1588909394338400       -1.7328803179756303E-005   1.0326135148139412E-002
   3284.8654971833316        1.1588919331178427       -1.7328827943891906E-005   1.0343463976083305E-002
   3289.8654971833316        1.1588929187164541       -1.7328852506541096E-005   1.0360792828589847E-002
   3294.8654971833316        1.1588938963028357       -1.7328876869526826E-005   1.0378121705459374E-002
   3299.8654971833316        1.1588948659494192       -1.7328901034653862E-005   1.0395450606494027E-002
   3304.8654971833316        1.1588958277279078       -1.7328925003708843E-005   1.0412779531497737E-002
   3309.8654971833316        1.1588967817092928       -1.7328948778460664E-005   1.0430108480276198E-002
   3314.8654971833316        1.1588977279638617       -1.7328972360660676E-005   1.0447437452636859E-002
   3319.8654971833316        1.1588986665611702       -1.7328995752042006E-005   1.0464766448388901E-002
   3324.8654971833316        1.1588995975701093       -1.7329018954321229E-005   1.0482095467343222E-002
   3329.8654971833316        1.1589005210588710       -1.7329041969197496E-005   1.0499424509312419E-002
   3334.8654971833316        1.1589014370949571       -1.7329064798352769E-005   1.0516753574110771E-002
   3339.8654971833316        1.1589023457452223       -1.7329087443452886E-005   1.0534082661554225E-002
   3344.8654971833316        1.1589032470758600       -1.7329109906147202E-005   1.0551411771460371E-002
   3349.8654971833316        1.1589041411523768       -1.7329132188067986E-005   1.0568740903648439E-002
   3354.8654971833316        1.1589050280396442       -1.7329154290831664E-005   1.0586070057939271E-002
   3359.8654971833316        1.1589059078018977       -1.7329176216038821E-005   1.0603399234155309E-002
   3364.8654971833316        1.1589067805027240       -1.7329197965273876E-005   1.0620728432120584E-002
   3369.8654971833316        1.1589076462050847       -1.7329219540105685E-005   1.0638057651660690E-002
   3374.8654971833316        1.1589085049713288       -1.7329240942087834E-005   1.0655386892602777E-002
   3379.8654971833316        1.1589093568632041       -1.7329262172758932E-005   1.0672716154775537E-002
   3384.8654971833316        1.1589102019418112       -1.7329283233641462E-005   1.0690045438009178E-002
   3389.8654971833316        1.1589110402676572       -1.7329304126243137E-005   1.0707374742135421E-002
   3394.8654971833316        1.1589118719006843       -1.7329324852057563E-005   1.0724704066987480E-002
   3399.8654971833316        1.1589126969002153       -1.7329345412562942E-005   1.0742033412400043E-002
   3404.8654971833316        1.1589135153250152       -1.7329365809223576E-005   1.0759362778209266E-002
   3409.8654971833316        1.1589143272332447       -1.7329386043488707E-005   1.0776692164252755E-002
   3414.8654971833316        1.1589151326825313       -1.7329406116794290E-005   1.0794021570369549E-002
   3419.8654971833316        1.1589159317298969       -1.7329426030561191E-005   1.0811350996400111E-002
   3424.8654971833316        1.1589167244318341       -1.7329445786197100E-005   1.0828680442186309E-002
   3429.8654971833316        1.1589175108442813       -1.7329465385095887E-005   1.0846009907571405E-002
   3434.8654971833316        1.1589182910226310       -1.7329484828637831E-005   1.0863339392400043E-002
   3439.8654971833316        1.1589190650217156       -1.7329504118189253E-005   1.0880668896518233E-002
   3444.8654971833316        1.1589198328958561       -1.7329523255103725E-005   1.0897998419773337E-002
   3449.8654971833316        1.1589205946988317       -1.7329542240721341E-005   1.0915327962014058E-002
   3454.8654971833316        1.1589213504839049       -1.7329561076369298E-005   1.0932657523090427E-002
   3459.8654971833316        1.1589221003038366       -1.7329579763362304E-005   1.0949987102853789E-002
   3464.8654971833316        1.1589228442108495       -1.7329598303001665E-005   1.0967316701156790E-002
   3469.8654971833316        1.1589235822566768       -1.7329616696576492E-005   1.0984646317853366E-002
   3474.8654971833316        1.1589243144925621       -1.7329634945363691E-005   1.1001975952798729E-002
   3479.8654971833316        1.1589250409692138       -1.7329653050626823E-005   1.1019305605849357E-002
   3484.8654971833316        1.1589257617368893       -1.7329671013618242E-005   1.1036635276862975E-002
   3489.8654971833316        1.1589264768453347       -1.7329688835577526E-005   1.1053964965698552E-002
   3494.8654971833316        1.1589271863438366       -1.7329706517732840E-005   1.1071294672216285E-002
   3499.8654971833316        1.1589278902812061       -1.7329724061300479E-005   1.1088624396277585E-002
   3504.8654971833316        1.1589285887057699       -1.7329741467484683E-005   1.1105954137745070E-002
   3509.8654971833316        1.1589292816653927       -1.7329758737478166E-005   1.1123283896482547E-002
   3514.8654971833316        1.1589299692075019       -1.7329775872462756E-005   1.1140613672355011E-002
   3519.8654971833316        1.1589306513790349       -1.7329792873608077E-005   1.1157943465228620E-002
   3524.8654971833316        1.1589313282265075       -1.7329809742073238E-005   1.1175273274970693E-002
   3529.8654971833316        1.1589319997959910       -1.7329826479006279E-005   1.1192603101449700E-002
   3534.8654971833316        1.1589326661330801       -1.7329843085543374E-005   1.1209932944535244E-002
   3539.8654971833316        1.1589333272829832       -1.7329859562811048E-005   1.1227262804098056E-002
   3544.8654971833316        1.1589339832904355       -1.7329875911924063E-005   1.1244592680009980E-002
   3549.8654971833316        1.1589346341997744       -1.7329892133987249E-005   1.1261922572143966E-002
   3554.8654971833316        1.1589352800549027       -1.7329908230094623E-005   1.1279252480374062E-002
   3559.8654971833316        1.1589359208993164       -1.7329924201330059E-005   1.1296582404575392E-002
   3564.8654971833316        1.1589365567760803       -1.7329940048766679E-005   1.1313912344624158E-002
   3569.8654971833316        1.1589371877278520       -1.7329955773467481E-005   1.1331242300397625E-002
   3574.8654971833316        1.1589378137969062       -1.7329971376485903E-005   1.1348572271774111E-002
   3579.8654971833316        1.1589384350250898       -1.7329986858864730E-005   1.1365902258632977E-002
   3584.8654971833316        1.1589390514538667       -1.7330002221637213E-005   1.1383232260854614E-002
   3589.8654971833316        1.1589396631243023       -1.7330017465826655E-005   1.1400562278320441E-002
   3594.8654971833316        1.1589402700770970       -1.7330032592447287E-005   1.1417892310912888E-002
   3599.8654971833316        1.1589408723525330       -1.7330047602502894E-005   1.1435222358515391E-002
   3604.8654971833316        1.1589414699905312       -1.7330062496988292E-005   1.1452552421012379E-002
   3609.8654971833316        1.1589420630306364       -1.7330077276888900E-005   1.1469882498289268E-002
   3614.8654971833316        1.1589426515120091       -1.7330091943180559E-005   1.1487212590232448E-002
   3619.8654971833316        1.1589432354734557       -1.7330106496830318E-005   1.1504542696729278E-002
   3624.8654971833316        1.1589438149534230       -1.7330120938796228E-005   1.1521872817668075E-002
   3629.8654971833316        1.1589443899899676       -1.7330135270026644E-005   1.1539202952938102E-002
   3634.8654971833316        1.1589449606208237       -1.7330149491461878E-005   1.1556533102429564E-002
   3639.8654971833316        1.1589455268833508       -1.7330163604032904E-005   1.1573863266033596E-002
   3644.8654971833316        1.1589460888145502       -1.7330177608661778E-005   1.1591193443642258E-002
   3649.8654971833316        1.1589466464511136       -1.7330191506262839E-005   1.1608523635148521E-002
   3654.8654971833316        1.1589471998293484       -1.7330205297740842E-005   1.1625853840446261E-002
   3659.8654971833316        1.1589477489852547       -1.7330218983992901E-005   1.1643184059430255E-002
   3664.8654971833316        1.1589482939544775       -1.7330232565907265E-005   1.1660514291996162E-002
   3669.8654971833316        1.1589488347723338       -1.7330246044364036E-005   1.1677844538040527E-002
   3674.8654971833316        1.1589493714738082       -1.7330259420234997E-005   1.1695174797460762E-002
   3679.8654971833316        1.1589499040935758       -1.7330272694384250E-005   1.1712505070155145E-002
   3684.8654971833316        1.1589504326659772       -1.7330285867667545E-005   1.1729835356022813E-002
   3689.8654971833316        1.1589509572250383       -1.7330298940932801E-005   1.1747165654963745E-002
   3694.8654971833316        1.1589514778044672       -1.7330311915020015E-005   1.1764495966878764E-002
   3699.8654971833316        1.1589519944376596       -1.7330324790761396E-005   1.1781826291669526E-002
   3704.8654971833316        1.1589525071577051       -1.7330337568981525E-005   1.1799156629238507E-002
   3709.8654971833316        1.1589530159973789       -1.7330350250497162E-005   1.1816486979489003E-002
   3714.8654971833316        1.1589535209891539       -1.7330362836117530E-005   1.1833817342325121E-002
   3719.8654971833316        1.1589540221652139       -1.7330375326644623E-005   1.1851147717651766E-002
   3724.8654971833316        1.1589545195574391       -1.7330387722872913E-005   1.1868478105374638E-002
   3729.8654971833316        1.1589550131974238       -1.7330400025589715E-005   1.1885808505400228E-002
   3734.8654971833316        1.1589555031164676       -1.7330412235575020E-005   1.1903138917635803E-002
   3739.8654971833316        1.1589559893455732       -1.7330424353601403E-005   1.1920469341989405E-002
   3744.8654971833316        1.1589564719154621       -1.7330436380434455E-005   1.1937799778369840E-002
   3749.8654971833316        1.1589569508565725       -1.7330448316832678E-005   1.1955130226686672E-002
   3754.8654971833316        1.1589574261990874       -1.7330460163548252E-005   1.1972460686850222E-002
   3759.8654971833316        1.1589578979728663       -1.7330471921325265E-005   1.1989791158771548E-002
   3764.8654971833316        1.1589583662075460       -1.7330483590902266E-005   1.2007121642362450E-002
   3769.8654971833316        1.1589588309324574       -1.7330495173010195E-005   1.2024452137535460E-002
   3774.8654971833316        1.1589592921766718       -1.7330506668373505E-005   1.2041782644203834E-002
   3779.8654971833316        1.1589597499689970       -1.7330518077710081E-005   1.2059113162281544E-002
   3784.8654971833316        1.1589602043379854       -1.7330529401731469E-005   1.2076443691683276E-002
   3789.8654971833316        1.1589606553119192       -1.7330540641142456E-005   1.2093774232324418E-002
   3794.8654971833316        1.1589611029188367       -1.7330551796641764E-005   1.2111104784121061E-002
   3799.8654971833316        1.1589615471864883       -1.7330562868920938E-005   1.2128435346989982E-002
   3804.8654971833316        1.1589619881424040       -1.7330573858666039E-005   1.2145765920848648E-002
