 #              _____________________  _______________________             #
 #              ___  __ \__  __ \_  / / /_  /___  ____/_  ___/             #
 #              __  / / /_  /_/ /  / / /_  __/_  __/  _____ \              #
 #              _  /_/ /_  _, _// /_/ / / /_ _  /___  ____/ /              #
 #              /_____/ /_/ |_| \____/  \__/ /_____/  /____/               #
 #                                                                         #
  
 #        time                      c  [M/M]                   concetration [M/M]       zero flux   in    x              directions   cumulative flux
 #-----------------------------------------------------------------------------------------------

     0.000000000000E+000     0.642928000000E-003     0.000000000000E+000     0.000000000000E+000     0.000000000000E+000
     0.100000000000E+000     0.609535475470E-003     0.000000000000E+000     0.000000000000E+000     0.000000000000E+000
     0.206000000000E+000     0.576082058645E-003     0.000000000000E+000     0.000000000000E+000     0.000000000000E+000
     0.318360000000E+000     0.542677639494E-003     0.000000000000E+000     0.000000000000E+000     0.000000000000E+000
     0.437461600000E+000     0.509437792048E-003     0.000000000000E+000     0.000000000000E+000     0.000000000000E+000
     0.563709296000E+000     0.476482818118E-003     0.000000000000E+000     0.000000000000E+000     0.000000000000E+000
     0.697531853760E+000     0.443936599029E-003     0.000000000000E+000     0.000000000000E+000     0.000000000000E+000
     0.839383764986E+000     0.411925257143E-003     0.000000000000E+000     0.000000000000E+000     0.000000000000E+000
     0.989746790885E+000     0.380575635429E-003     0.000000000000E+000     0.000000000000E+000     0.000000000000E+000
     0.114913159834E+001     0.350013610781E-003     0.000000000000E+000     0.000000000000E+000     0.000000000000E+000
     0.131807949424E+001     0.320362264989E-003     0.000000000000E+000     0.000000000000E+000     0.000000000000E+000
     0.149716426389E+001     0.291739945998E-003     0.000000000000E+000     0.000000000000E+000     0.000000000000E+000
     0.168699411973E+001     0.264258261000E-003     0.000000000000E+000     0.000000000000E+000     0.000000000000E+000
     0.188821376691E+001     0.238020051538E-003     0.000000000000E+000     0.000000000000E+000     0.000000000000E+000
     0.210150659292E+001     0.213117408586E-003     0.000000000000E+000     0.000000000000E+000     0.000000000000E+000
     0.232759698850E+001     0.189629791989E-003     0.000000000000E+000     0.000000000000E+000     0.000000000000E+000
     0.256725280781E+001     0.167622322904E-003     0.000000000000E+000     0.000000000000E+000     0.000000000000E+000
     0.282128797628E+001     0.147144319463E-003     0.000000000000E+000     0.000000000000E+000     0.000000000000E+000
     0.309056525485E+001     0.128228144052E-003     0.000000000000E+000     0.000000000000E+000     0.000000000000E+000
     0.337599917015E+001     0.110888425001E-003     0.000000000000E+000     0.000000000000E+000     0.000000000000E+000
     0.367855912035E+001     0.951217056930E-004     0.000000000000E+000     0.000000000000E+000     0.000000000000E+000
     0.399927266758E+001     0.809065601967E-004     0.000000000000E+000     0.000000000000E+000     0.000000000000E+000
     0.433922902763E+001     0.682041967267E-004     0.000000000000E+000     0.000000000000E+000     0.000000000000E+000
     0.469958276929E+001     0.569595492146E-004     0.000000000000E+000     0.000000000000E+000     0.000000000000E+000
     0.508155773545E+001     0.471028340624E-004     0.000000000000E+000     0.000000000000E+000     0.000000000000E+000
     0.548645119957E+001     0.385515251240E-004     0.000000000000E+000     0.000000000000E+000     0.000000000000E+000
     0.591563827155E+001     0.312126767770E-004     0.000000000000E+000     0.000000000000E+000     0.000000000000E+000
     0.637057656784E+001     0.249855044337E-004     0.000000000000E+000     0.000000000000E+000     0.000000000000E+000
     0.685281116191E+001     0.197641158076E-004     0.000000000000E+000     0.000000000000E+000     0.000000000000E+000
     0.736397983162E+001     0.154402763286E-004     0.000000000000E+000     0.000000000000E+000     0.000000000000E+000
     0.790581862152E+001     0.119060895109E-004     0.000000000000E+000     0.000000000000E+000     0.000000000000E+000
     0.848016773881E+001     0.905647847591E-005     0.000000000000E+000     0.000000000000E+000     0.000000000000E+000
     0.908897780314E+001     0.679136813605E-005     0.000000000000E+000     0.000000000000E+000     0.000000000000E+000
     0.973431647133E+001     0.501748791812E-005     0.000000000000E+000     0.000000000000E+000     0.000000000000E+000
     0.104183754596E+002     0.364974072087E-005     0.000000000000E+000     0.000000000000E+000     0.000000000000E+000
     0.111434779872E+002     0.261211286219E-005     0.000000000000E+000     0.000000000000E+000     0.000000000000E+000
     0.119120866664E+002     0.183812946116E-005     0.000000000000E+000     0.000000000000E+000     0.000000000000E+000
     0.127268118664E+002     0.127088734242E-005     0.000000000000E+000     0.000000000000E+000     0.000000000000E+000
     0.135904205784E+002     0.862720705677E-006     0.000000000000E+000     0.000000000000E+000     0.000000000000E+000
     0.145058458131E+002     0.574571588266E-006     0.000000000000E+000     0.000000000000E+000     0.000000000000E+000
     0.154761965619E+002     0.375146464611E-006     0.000000000000E+000     0.000000000000E+000     0.000000000000E+000
     0.164761965619E+002     0.242368414121E-006     0.000000000000E+000     0.000000000000E+000     0.000000000000E+000
     0.174761965619E+002     0.156585370529E-006     0.000000000000E+000     0.000000000000E+000     0.000000000000E+000
     0.184761965619E+002     0.101164082591E-006     0.000000000000E+000     0.000000000000E+000     0.000000000000E+000
     0.194761965619E+002     0.653584148502E-007     0.000000000000E+000     0.000000000000E+000     0.000000000000E+000
     0.204761965619E+002     0.422256821030E-007     0.000000000000E+000     0.000000000000E+000     0.000000000000E+000
     0.214761965619E+002     0.272804692884E-007     0.000000000000E+000     0.000000000000E+000     0.000000000000E+000
     0.224761965619E+002     0.176249137381E-007     0.000000000000E+000     0.000000000000E+000     0.000000000000E+000
     0.234761965619E+002     0.113868123378E-007     0.000000000000E+000     0.000000000000E+000     0.000000000000E+000
     0.244761965619E+002     0.735660310988E-008     0.000000000000E+000     0.000000000000E+000     0.000000000000E+000
     0.254761965619E+002     0.475283228621E-008     0.000000000000E+000     0.000000000000E+000     0.000000000000E+000
     0.264761965619E+002     0.307063115999E-008     0.000000000000E+000     0.000000000000E+000     0.000000000000E+000
     0.274761965619E+002     0.198382251948E-008     0.000000000000E+000     0.000000000000E+000     0.000000000000E+000
     0.284761965619E+002     0.128167519436E-008     0.000000000000E+000     0.000000000000E+000     0.000000000000E+000
     0.294761965619E+002     0.828043480559E-009     0.000000000000E+000     0.000000000000E+000     0.000000000000E+000
     0.304761965619E+002     0.534968616630E-009     0.000000000000E+000     0.000000000000E+000     0.000000000000E+000
     0.314761965619E+002     0.345623662885E-009     0.000000000000E+000     0.000000000000E+000     0.000000000000E+000
     0.324761965619E+002     0.223294811383E-009     0.000000000000E+000     0.000000000000E+000     0.000000000000E+000
     0.334761965619E+002     0.144262613197E-009     0.000000000000E+000     0.000000000000E+000     0.000000000000E+000
     0.344761965619E+002     0.932027996418E-010     0.000000000000E+000     0.000000000000E+000     0.000000000000E+000
     0.354761965619E+002     0.602149210290E-010     0.000000000000E+000     0.000000000000E+000     0.000000000000E+000
     0.364761965619E+002     0.389026588091E-010     0.000000000000E+000     0.000000000000E+000     0.000000000000E+000
     0.374761965619E+002     0.251335854396E-010     0.000000000000E+000     0.000000000000E+000     0.000000000000E+000
     0.384761965619E+002     0.162378905809E-010     0.000000000000E+000     0.000000000000E+000     0.000000000000E+000
     0.394761965619E+002     0.104907073904E-010     0.000000000000E+000     0.000000000000E+000     0.000000000000E+000
     0.404761965619E+002     0.677766246804E-011     0.000000000000E+000     0.000000000000E+000     0.000000000000E+000
     0.414761965619E+002     0.437879990560E-011     0.000000000000E+000     0.000000000000E+000     0.000000000000E+000
     0.424761965619E+002     0.282898251480E-011     0.000000000000E+000     0.000000000000E+000     0.000000000000E+000
     0.434761965619E+002     0.182770216533E-011     0.000000000000E+000     0.000000000000E+000     0.000000000000E+000
     0.444761965619E+002     0.118081154185E-011     0.000000000000E+000     0.000000000000E+000     0.000000000000E+000
     0.454761965619E+002     0.762879162591E-012     0.000000000000E+000     0.000000000000E+000     0.000000000000E+000
     0.464761965619E+002     0.492868333422E-012     0.000000000000E+000     0.000000000000E+000     0.000000000000E+000
     0.474761965619E+002     0.318424209235E-012     0.000000000000E+000     0.000000000000E+000     0.000000000000E+000
     0.484761965619E+002     0.205722238884E-012     0.000000000000E+000     0.000000000000E+000     0.000000000000E+000
     0.494761965619E+002     0.132909616618E-012     0.000000000000E+000     0.000000000000E+000     0.000000000000E+000
     0.504761965619E+002     0.858680436554E-013     0.000000000000E+000     0.000000000000E+000     0.000000000000E+000
     0.514761965619E+002     0.554762033689E-013     0.000000000000E+000     0.000000000000E+000     0.000000000000E+000
     0.524761965619E+002     0.358411465918E-013     0.000000000000E+000     0.000000000000E+000     0.000000000000E+000
     0.534761965619E+002     0.231556543345E-013     0.000000000000E+000     0.000000000000E+000     0.000000000000E+000
     0.544761965619E+002     0.149600216131E-013     0.000000000000E+000     0.000000000000E+000     0.000000000000E+000
     0.554761965619E+002     0.966512297290E-014     0.000000000000E+000     0.000000000000E+000     0.000000000000E+000
     0.564761965619E+002     0.624428256155E-014     0.000000000000E+000     0.000000000000E+000     0.000000000000E+000
     0.574761965619E+002     0.403420264974E-014     0.000000000000E+000     0.000000000000E+000     0.000000000000E+000
     0.584761965619E+002     0.260635082704E-014     0.000000000000E+000     0.000000000000E+000     0.000000000000E+000
     0.594761965619E+002     0.168386797171E-014     0.000000000000E+000     0.000000000000E+000     0.000000000000E+000
     0.604761965619E+002     0.108788552813E-014     0.000000000000E+000     0.000000000000E+000     0.000000000000E+000
     0.614761965619E+002     0.702843062584E-015     0.000000000000E+000     0.000000000000E+000     0.000000000000E+000
     0.624761965619E+002     0.454081204130E-015     0.000000000000E+000     0.000000000000E+000     0.000000000000E+000
     0.634761965619E+002     0.293365263019E-015     0.000000000000E+000     0.000000000000E+000     0.000000000000E+000
     0.644761965619E+002     0.189532569832E-015     0.000000000000E+000     0.000000000000E+000     0.000000000000E+000
     0.654761965619E+002     0.122450063273E-015     0.000000000000E+000     0.000000000000E+000     0.000000000000E+000
     0.664761965619E+002     0.791105085756E-016     0.000000000000E+000     0.000000000000E+000     0.000000000000E+000
     0.674761965619E+002     0.511104069479E-016     0.000000000000E+000     0.000000000000E+000     0.000000000000E+000
     0.684761965619E+002     0.330205650818E-016     0.000000000000E+000     0.000000000000E+000     0.000000000000E+000
     0.694761965619E+002     0.213333796915E-016     0.000000000000E+000     0.000000000000E+000     0.000000000000E+000
     0.704761965619E+002     0.137827165450E-016     0.000000000000E+000     0.000000000000E+000     0.000000000000E+000
     0.714761965619E+002     0.890450917282E-017     0.000000000000E+000     0.000000000000E+000     0.000000000000E+000
     0.724761965619E+002     0.575287776085E-017     0.000000000000E+000     0.000000000000E+000     0.000000000000E+000
     0.734761965619E+002     0.371672394599E-017     0.000000000000E+000     0.000000000000E+000     0.000000000000E+000
     0.744761965619E+002     0.240123941994E-017     0.000000000000E+000     0.000000000000E+000     0.000000000000E+000
     0.754761965619E+002     0.155135297041E-017     0.000000000000E+000     0.000000000000E+000     0.000000000000E+000
     0.764761965619E+002     0.100227241358E-017     0.000000000000E+000     0.000000000000E+000     0.000000000000E+000
     0.774761965619E+002     0.647531544963E-018     0.000000000000E+000     0.000000000000E+000     0.000000000000E+000
     0.784761965619E+002     0.418346442700E-018     0.000000000000E+000     0.000000000000E+000     0.000000000000E+000
     0.794761965619E+002     0.270278329938E-018     0.000000000000E+000     0.000000000000E+000     0.000000000000E+000
     0.804761965619E+002     0.174616937849E-018     0.000000000000E+000     0.000000000000E+000     0.000000000000E+000
     0.814761965619E+002     0.112813611544E-018     0.000000000000E+000     0.000000000000E+000     0.000000000000E+000
     0.824761965619E+002     0.728847433465E-019     0.000000000000E+000     0.000000000000E+000     0.000000000000E+000
     0.834761965619E+002     0.470881625355E-019     0.000000000000E+000     0.000000000000E+000     0.000000000000E+000
     0.844761965619E+002     0.304219357199E-019     0.000000000000E+000     0.000000000000E+000     0.000000000000E+000
     0.854761965619E+002     0.196544966495E-019     0.000000000000E+000     0.000000000000E+000     0.000000000000E+000
     0.864761965619E+002     0.126980485488E-019     0.000000000000E+000     0.000000000000E+000     0.000000000000E+000
     0.874761965619E+002     0.820374227659E-020     0.000000000000E+000     0.000000000000E+000     0.000000000000E+000
     0.884761965619E+002     0.530013573626E-020     0.000000000000E+000     0.000000000000E+000     0.000000000000E+000
     0.894761965619E+002     0.342422206494E-020     0.000000000000E+000     0.000000000000E+000     0.000000000000E+000
     0.904761965619E+002     0.221226312463E-020     0.000000000000E+000     0.000000000000E+000     0.000000000000E+000
     0.914761965619E+002     0.142926101281E-020     0.000000000000E+000     0.000000000000E+000     0.000000000000E+000
     0.924761965619E+002     0.923392184520E-021     0.000000000000E+000     0.000000000000E+000     0.000000000000E+000
     0.934761965619E+002     0.596569004808E-021     0.000000000000E+000     0.000000000000E+000     0.000000000000E+000
     0.944761965619E+002     0.385420644438E-021     0.000000000000E+000     0.000000000000E+000     0.000000000000E+000
     0.954761965619E+002     0.249005532118E-021     0.000000000000E+000     0.000000000000E+000     0.000000000000E+000
     0.964761965619E+002     0.160872819314E-021     0.000000000000E+000     0.000000000000E+000     0.000000000000E+000
     0.974761965619E+002     0.103933583041E-021     0.000000000000E+000     0.000000000000E+000     0.000000000000E+000
     0.984761965619E+002     0.671472976058E-022     0.000000000000E+000     0.000000000000E+000     0.000000000000E+000
     0.994761965619E+002     0.433810852375E-022     0.000000000000E+000     0.000000000000E+000     0.000000000000E+000
     0.100476196562E+003     0.280266562573E-022     0.000000000000E+000     0.000000000000E+000     0.000000000000E+000
     0.101476196562E+003     0.181067647511E-022     0.000000000000E+000     0.000000000000E+000     0.000000000000E+000
     0.102476196562E+003     0.116979222963E-022     0.000000000000E+000     0.000000000000E+000     0.000000000000E+000
     0.103476196562E+003     0.755743444867E-023     0.000000000000E+000     0.000000000000E+000     0.000000000000E+000
     0.104476196562E+003     0.488244268657E-023     0.000000000000E+000     0.000000000000E+000     0.000000000000E+000
     0.105476196562E+003     0.315425024914E-023     0.000000000000E+000     0.000000000000E+000     0.000000000000E+000
     0.106476196562E+003     0.203774677602E-023     0.000000000000E+000     0.000000000000E+000     0.000000000000E+000
     0.107476196562E+003     0.131643026409E-023     0.000000000000E+000     0.000000000000E+000     0.000000000000E+000
     0.108476196562E+003     0.850427146051E-024     0.000000000000E+000     0.000000000000E+000     0.000000000000E+000
     0.109476196562E+003     0.549370612042E-024     0.000000000000E+000     0.000000000000E+000     0.000000000000E+000
     0.110476196562E+003     0.354878296527E-024     0.000000000000E+000     0.000000000000E+000     0.000000000000E+000
     0.111476196562E+003     0.229231762285E-024     0.000000000000E+000     0.000000000000E+000     0.000000000000E+000
     0.112476196562E+003     0.148062737156E-024     0.000000000000E+000     0.000000000000E+000     0.000000000000E+000
     0.113476196562E+003     0.956279659214E-025     0.000000000000E+000     0.000000000000E+000     0.000000000000E+000
     0.114476196562E+003     0.617564706967E-025     0.000000000000E+000     0.000000000000E+000     0.000000000000E+000
     0.115476196562E+003     0.398772923593E-025     0.000000000000E+000     0.000000000000E+000     0.000000000000E+000
     0.116476196562E+003     0.257452905100E-025     0.000000000000E+000     0.000000000000E+000     0.000000000000E+000
     0.117476196562E+003     0.166179328653E-025     0.000000000000E+000     0.000000000000E+000     0.000000000000E+000
     0.118476196562E+003     0.107234518864E-025     0.000000000000E+000     0.000000000000E+000     0.000000000000E+000
     0.119476196562E+003     0.691724266361E-026     0.000000000000E+000     0.000000000000E+000     0.000000000000E+000
     0.120476196562E+003     0.445987620579E-026     0.000000000000E+000     0.000000000000E+000     0.000000000000E+000
     0.121476196562E+003     0.287368367023E-026     0.000000000000E+000     0.000000000000E+000     0.000000000000E+000
     0.122476196562E+003     0.185010213071E-026     0.000000000000E+000     0.000000000000E+000     0.000000000000E+000
     0.123476196562E+003     0.118981528865E-026     0.000000000000E+000     0.000000000000E+000     0.000000000000E+000
     0.124476196562E+003     0.764081604471E-027     0.000000000000E+000     0.000000000000E+000     0.000000000000E+000
     0.125476196562E+003     0.489750683361E-027     0.000000000000E+000     0.000000000000E+000     0.000000000000E+000
     0.126476196562E+003     0.313123004853E-027     0.000000000000E+000     0.000000000000E+000     0.000000000000E+000
     0.127476196562E+003     0.199522898142E-027     0.000000000000E+000     0.000000000000E+000     0.000000000000E+000
     0.128476196562E+003     0.126562539608E-027     0.000000000000E+000     0.000000000000E+000     0.000000000000E+000
     0.129476196562E+003     0.797905032157E-028     0.000000000000E+000     0.000000000000E+000     0.000000000000E+000
     0.130476196562E+003     0.498808146529E-028     0.000000000000E+000     0.000000000000E+000     0.000000000000E+000
     0.131476196562E+003     0.308172107860E-028     0.000000000000E+000     0.000000000000E+000     0.000000000000E+000
     0.132476196562E+003     0.187203162211E-028     0.000000000000E+000     0.000000000000E+000     0.000000000000E+000
     0.133476196562E+003     0.110901441180E-028     0.000000000000E+000     0.000000000000E+000     0.000000000000E+000
     0.134476196562E+003     0.631688831870E-029     0.000000000000E+000     0.000000000000E+000     0.000000000000E+000
     0.135476196562E+003     0.336501962834E-029     0.000000000000E+000     0.000000000000E+000     0.000000000000E+000
     0.136476196562E+003     0.156932310244E-029     0.000000000000E+000     0.000000000000E+000     0.000000000000E+000
     0.137476196562E+003     0.503235713835E-030     0.000000000000E+000     0.000000000000E+000     0.000000000000E+000
     0.138476196562E+003    -0.106122711763E-030     0.000000000000E+000     0.000000000000E+000     0.000000000000E+000
     0.139476196562E+003    -0.432766374446E-030     0.000000000000E+000     0.000000000000E+000     0.000000000000E+000
     0.140476196562E+003    -0.587192479294E-030     0.000000000000E+000     0.000000000000E+000     0.000000000000E+000
     0.141476196562E+003    -0.639163103267E-030     0.000000000000E+000     0.000000000000E+000     0.000000000000E+000
     0.142476196562E+003    -0.632376662846E-030     0.000000000000E+000     0.000000000000E+000     0.000000000000E+000
     0.143476196562E+003    -0.593906926030E-030     0.000000000000E+000     0.000000000000E+000     0.000000000000E+000
     0.144476196562E+003    -0.540267743894E-030     0.000000000000E+000     0.000000000000E+000     0.000000000000E+000
     0.145476196562E+003    -0.481303024392E-030     0.000000000000E+000     0.000000000000E+000     0.000000000000E+000
     0.146476196562E+003    -0.422676093507E-030     0.000000000000E+000     0.000000000000E+000     0.000000000000E+000
     0.147476196562E+003    -0.367457897344E-030     0.000000000000E+000     0.000000000000E+000     0.000000000000E+000
     0.148476196562E+003    -0.317136139698E-030     0.000000000000E+000     0.000000000000E+000     0.000000000000E+000
     0.149476196562E+003    -0.272252956199E-030     0.000000000000E+000     0.000000000000E+000     0.000000000000E+000
     0.150476196562E+003    -0.232804833507E-030     0.000000000000E+000     0.000000000000E+000     0.000000000000E+000
     0.151476196562E+003    -0.198490807839E-030     0.000000000000E+000     0.000000000000E+000     0.000000000000E+000
     0.152476196562E+003    -0.168864231510E-030     0.000000000000E+000     0.000000000000E+000     0.000000000000E+000
     0.153476196562E+003    -0.143423578802E-030     0.000000000000E+000     0.000000000000E+000     0.000000000000E+000
     0.154476196562E+003    -0.121664998183E-030     0.000000000000E+000     0.000000000000E+000     0.000000000000E+000
     0.155476196562E+003    -0.103111104280E-030     0.000000000000E+000     0.000000000000E+000     0.000000000000E+000
     0.156476196562E+003    -0.873252240976E-031     0.000000000000E+000     0.000000000000E+000     0.000000000000E+000
     0.157476196562E+003    -0.739169249196E-031     0.000000000000E+000     0.000000000000E+000     0.000000000000E+000
     0.158476196562E+003    -0.625424826703E-031     0.000000000000E+000     0.000000000000E+000     0.000000000000E+000
     0.159476196562E+003    -0.529025650910E-031     0.000000000000E+000     0.000000000000E+000     0.000000000000E+000
     0.160476196562E+003    -0.447385236136E-031     0.000000000000E+000     0.000000000000E+000     0.000000000000E+000
     0.161476196562E+003    -0.378281307945E-031     0.000000000000E+000     0.000000000000E+000     0.000000000000E+000
     0.162476196562E+003    -0.319812502483E-031     0.000000000000E+000     0.000000000000E+000     0.000000000000E+000
     0.163476196562E+003    -0.270357083450E-031     0.000000000000E+000     0.000000000000E+000     0.000000000000E+000
     0.164476196562E+003    -0.228535033796E-031     0.000000000000E+000     0.000000000000E+000     0.000000000000E+000
     0.165476196562E+003    -0.193174076147E-031     0.000000000000E+000     0.000000000000E+000     0.000000000000E+000
     0.166476196562E+003    -0.163279707431E-031     0.000000000000E+000     0.000000000000E+000     0.000000000000E+000
     0.167476196562E+003    -0.138009073088E-031     0.000000000000E+000     0.000000000000E+000     0.000000000000E+000
     0.168476196562E+003    -0.116648373938E-031     0.000000000000E+000     0.000000000000E+000     0.000000000000E+000
     0.169476196562E+003    -0.985934437026E-032     0.000000000000E+000     0.000000000000E+000     0.000000000000E+000
     0.170476196562E+003    -0.833331249843E-032     0.000000000000E+000     0.000000000000E+000     0.000000000000E+000
     0.171476196562E+003    -0.704350865965E-032     0.000000000000E+000     0.000000000000E+000     0.000000000000E+000
     0.172476196562E+003    -0.595337529623E-032     0.000000000000E+000     0.000000000000E+000     0.000000000000E+000
     0.173476196562E+003    -0.503200496947E-032     0.000000000000E+000     0.000000000000E+000     0.000000000000E+000
     0.174476196562E+003    -0.425327039608E-032     0.000000000000E+000     0.000000000000E+000     0.000000000000E+000
     0.175476196562E+003    -0.359508714597E-032     0.000000000000E+000     0.000000000000E+000     0.000000000000E+000
     0.176476196562E+003    -0.303878925373E-032     0.000000000000E+000     0.000000000000E+000     0.000000000000E+000
     0.177476196562E+003    -0.256860075805E-032     0.000000000000E+000     0.000000000000E+000     0.000000000000E+000
     0.178476196562E+003    -0.217118862524E-032     0.000000000000E+000     0.000000000000E+000     0.000000000000E+000
     0.179476196562E+003    -0.183528464614E-032     0.000000000000E+000     0.000000000000E+000     0.000000000000E+000
     0.180476196562E+003    -0.155136574214E-032     0.000000000000E+000     0.000000000000E+000     0.000000000000E+000
     0.181476196562E+003    -0.131138370514E-032     0.000000000000E+000     0.000000000000E+000     0.000000000000E+000
     0.182476196562E+003    -0.110853675688E-032     0.000000000000E+000     0.000000000000E+000     0.000000000000E+000
     0.183476196562E+003    -0.937076474343E-033     0.000000000000E+000     0.000000000000E+000     0.000000000000E+000
     0.184476196562E+003    -0.792144616480E-033     0.000000000000E+000     0.000000000000E+000     0.000000000000E+000
     0.185476196562E+003    -0.669635227381E-033     0.000000000000E+000     0.000000000000E+000     0.000000000000E+000
     0.186476196562E+003    -0.566078103635E-033     0.000000000000E+000     0.000000000000E+000     0.000000000000E+000
     0.187476196562E+003    -0.478540317411E-033     0.000000000000E+000     0.000000000000E+000     0.000000000000E+000
     0.188476196562E+003    -0.404542998216E-033     0.000000000000E+000     0.000000000000E+000     0.000000000000E+000
     0.189476196562E+003    -0.341991009006E-033     0.000000000000E+000     0.000000000000E+000     0.000000000000E+000
     0.190476196562E+003    -0.289113518403E-033     0.000000000000E+000     0.000000000000E+000     0.000000000000E+000
     0.191476196562E+003    -0.244413780300E-033     0.000000000000E+000     0.000000000000E+000     0.000000000000E+000
     0.192476196562E+003    -0.206626693811E-033     0.000000000000E+000     0.000000000000E+000     0.000000000000E+000
     0.193476196562E+003    -0.174682937731E-033     0.000000000000E+000     0.000000000000E+000     0.000000000000E+000
     0.194476196562E+003    -0.147678660570E-033     0.000000000000E+000     0.000000000000E+000     0.000000000000E+000
     0.195476196562E+003    -0.124849865210E-033     0.000000000000E+000     0.000000000000E+000     0.000000000000E+000
     0.196476196562E+003    -0.105550760696E-033     0.000000000000E+000     0.000000000000E+000     0.000000000000E+000
     0.197476196562E+003    -0.892354664501E-034     0.000000000000E+000     0.000000000000E+000     0.000000000000E+000
     0.198476196562E+003    -0.754425495181E-034     0.000000000000E+000     0.000000000000E+000     0.000000000000E+000
     0.199476196562E+003    -0.637819559356E-034     0.000000000000E+000     0.000000000000E+000     0.000000000000E+000
     0.200476196562E+003    -0.539239653568E-034     0.000000000000E+000     0.000000000000E+000     0.000000000000E+000
     0.201476196562E+003    -0.455898555594E-034     0.000000000000E+000     0.000000000000E+000     0.000000000000E+000
     0.202476196562E+003    -0.385440120043E-034     0.000000000000E+000     0.000000000000E+000     0.000000000000E+000
     0.203476196562E+003    -0.325872586684E-034     0.000000000000E+000     0.000000000000E+000     0.000000000000E+000
     0.204476196562E+003    -0.275512210374E-034     0.000000000000E+000     0.000000000000E+000     0.000000000000E+000
     0.205476196562E+003    -0.232935614490E-034     0.000000000000E+000     0.000000000000E+000     0.000000000000E+000
     0.206476196562E+003    -0.196939517285E-034     0.000000000000E+000     0.000000000000E+000     0.000000000000E+000
     0.207476196562E+003    -0.166506689817E-034     0.000000000000E+000     0.000000000000E+000     0.000000000000E+000
     0.208476196562E+003    -0.140777180845E-034     0.000000000000E+000     0.000000000000E+000     0.000000000000E+000
     0.209476196562E+003    -0.119023993491E-034     0.000000000000E+000     0.000000000000E+000     0.000000000000E+000
     0.210476196562E+003    -0.100632524677E-034     0.000000000000E+000     0.000000000000E+000     0.000000000000E+000
     0.211476196562E+003    -0.850831850429E-035     0.000000000000E+000     0.000000000000E+000     0.000000000000E+000
     0.212476196562E+003    -0.719367071881E-035     0.000000000000E+000     0.000000000000E+000     0.000000000000E+000
     0.213476196562E+003    -0.608217262741E-035     0.000000000000E+000     0.000000000000E+000     0.000000000000E+000
     0.214476196562E+003    -0.514242814114E-035     0.000000000000E+000     0.000000000000E+000     0.000000000000E+000
     0.215476196562E+003    -0.434789406710E-035     0.000000000000E+000     0.000000000000E+000     0.000000000000E+000
     0.216476196562E+003    -0.367612985480E-035     0.000000000000E+000     0.000000000000E+000     0.000000000000E+000
     0.217476196562E+003    -0.310816335777E-035     0.000000000000E+000     0.000000000000E+000     0.000000000000E+000
     0.218476196562E+003    -0.262795466545E-035     0.000000000000E+000     0.000000000000E+000     0.000000000000E+000
     0.219476196562E+003    -0.222194283697E-035     0.000000000000E+000     0.000000000000E+000     0.000000000000E+000
     0.220476196562E+003    -0.187866271524E-035     0.000000000000E+000     0.000000000000E+000     0.000000000000E+000
     0.221476196562E+003    -0.158842098358E-035     0.000000000000E+000     0.000000000000E+000     0.000000000000E+000
     0.222476196562E+003    -0.134302230330E-035     0.000000000000E+000     0.000000000000E+000     0.000000000000E+000
     0.223476196562E+003    -0.113553778823E-035     0.000000000000E+000     0.000000000000E+000     0.000000000000E+000
     0.224476196562E+003    -0.960109269595E-036     0.000000000000E+000     0.000000000000E+000     0.000000000000E+000
     0.225476196562E+003    -0.811783817645E-036     0.000000000000E+000     0.000000000000E+000     0.000000000000E+000
     0.226476196562E+003    -0.686373841785E-036     0.000000000000E+000     0.000000000000E+000     0.000000000000E+000
     0.227476196562E+003    -0.580338814816E-036     0.000000000000E+000     0.000000000000E+000     0.000000000000E+000
     0.228476196562E+003    -0.490685278192E-036     0.000000000000E+000     0.000000000000E+000     0.000000000000E+000
     0.229476196562E+003    -0.414882302243E-036     0.000000000000E+000     0.000000000000E+000     0.000000000000E+000
     0.230476196562E+003    -0.350790012255E-036     0.000000000000E+000     0.000000000000E+000     0.000000000000E+000
     0.231476196562E+003    -0.296599160717E-036     0.000000000000E+000     0.000000000000E+000     0.000000000000E+000
     0.232476196562E+003    -0.250780038292E-036     0.000000000000E+000     0.000000000000E+000     0.000000000000E+000
     0.233476196562E+003    -0.212039280047E-036     0.000000000000E+000     0.000000000000E+000     0.000000000000E+000
     0.234476196562E+003    -0.179283346659E-036     0.000000000000E+000     0.000000000000E+000     0.000000000000E+000
     0.235476196562E+003    -0.151587648904E-036     0.000000000000E+000     0.000000000000E+000     0.000000000000E+000
     0.236476196562E+003    -0.128170443270E-036     0.000000000000E+000     0.000000000000E+000     0.000000000000E+000
     0.237476196562E+003    -0.108370761328E-036     0.000000000000E+000     0.000000000000E+000     0.000000000000E+000
     0.238476196562E+003    -0.916297494624E-037     0.000000000000E+000     0.000000000000E+000     0.000000000000E+000
     0.239476196562E+003    -0.774748919429E-037     0.000000000000E+000     0.000000000000E+000     0.000000000000E+000
     0.240476196562E+003    -0.655066717526E-037     0.000000000000E+000     0.000000000000E+000     0.000000000000E+000
     0.241476196562E+003    -0.553872924701E-037     0.000000000000E+000     0.000000000000E+000     0.000000000000E+000
     0.242476196562E+003    -0.468311427172E-037     0.000000000000E+000     0.000000000000E+000     0.000000000000E+000
     0.243476196562E+003    -0.395967339045E-037     0.000000000000E+000     0.000000000000E+000     0.000000000000E+000
     0.244476196562E+003    -0.334798836217E-037     0.000000000000E+000     0.000000000000E+000     0.000000000000E+000
     0.245476196562E+003    -0.283079522018E-037     0.000000000000E+000     0.000000000000E+000     0.000000000000E+000
     0.246476196562E+003    -0.239349697268E-037     0.000000000000E+000     0.000000000000E+000     0.000000000000E+000
     0.247476196562E+003    -0.202375158957E-037     0.000000000000E+000     0.000000000000E+000     0.000000000000E+000
     0.248476196562E+003    -0.171112364298E-037     0.000000000000E+000     0.000000000000E+000     0.000000000000E+000
     0.249476196562E+003    -0.144678976675E-037     0.000000000000E+000     0.000000000000E+000     0.000000000000E+000
     0.250476196562E+003    -0.122328961979E-037     0.000000000000E+000     0.000000000000E+000     0.000000000000E+000
     0.251476196562E+003    -0.103431532286E-037     0.000000000000E+000     0.000000000000E+000     0.000000000000E+000
     0.252476196562E+003    -0.874533424824E-038     0.000000000000E+000     0.000000000000E+000     0.000000000000E+000
     0.253476196562E+003    -0.739434372627E-038     0.000000000000E+000     0.000000000000E+000     0.000000000000E+000
     0.254476196562E+003    -0.625205235873E-038     0.000000000000E+000     0.000000000000E+000     0.000000000000E+000
     0.255476196562E+003    -0.528622093386E-038     0.000000000000E+000     0.000000000000E+000     0.000000000000E+000
     0.256476196562E+003    -0.446959044151E-038     0.000000000000E+000     0.000000000000E+000     0.000000000000E+000
     0.257476196562E+003    -0.377911274369E-038     0.000000000000E+000     0.000000000000E+000     0.000000000000E+000
     0.258476196562E+003    -0.319530009138E-038     0.000000000000E+000     0.000000000000E+000     0.000000000000E+000
     0.259476196562E+003    -0.270167512769E-038     0.000000000000E+000     0.000000000000E+000     0.000000000000E+000
     0.260476196562E+003    -0.228430585383E-038     0.000000000000E+000     0.000000000000E+000     0.000000000000E+000
     0.261476196562E+003    -0.193141243249E-038     0.000000000000E+000     0.000000000000E+000     0.000000000000E+000
     0.262476196562E+003    -0.163303473124E-038     0.000000000000E+000     0.000000000000E+000     0.000000000000E+000
     0.263476196562E+003    -0.138075122270E-038     0.000000000000E+000     0.000000000000E+000     0.000000000000E+000
     0.264476196562E+003    -0.116744130797E-038     0.000000000000E+000     0.000000000000E+000     0.000000000000E+000
     0.265476196562E+003    -0.987084355273E-039     0.000000000000E+000     0.000000000000E+000     0.000000000000E+000
     0.266476196562E+003    -0.834589782231E-039     0.000000000000E+000     0.000000000000E+000     0.000000000000E+000
     0.267476196562E+003    -0.705653386180E-039     0.000000000000E+000     0.000000000000E+000     0.000000000000E+000
     0.268476196562E+003    -0.596635867829E-039     0.000000000000E+000     0.000000000000E+000     0.000000000000E+000
     0.269476196562E+003    -0.504460119943E-039     0.000000000000E+000     0.000000000000E+000     0.000000000000E+000
     0.270476196562E+003    -0.426524382313E-039     0.000000000000E+000     0.000000000000E+000     0.000000000000E+000
     0.271476196562E+003    -0.360628812052E-039     0.000000000000E+000     0.000000000000E+000     0.000000000000E+000
     0.272476196562E+003    -0.304913396924E-039     0.000000000000E+000     0.000000000000E+000     0.000000000000E+000
     0.273476196562E+003    -0.257805459464E-039     0.000000000000E+000     0.000000000000E+000     0.000000000000E+000
     0.274476196562E+003    -0.217975270388E-039     0.000000000000E+000     0.000000000000E+000     0.000000000000E+000
     0.275476196562E+003    -0.184298518606E-039     0.000000000000E+000     0.000000000000E+000     0.000000000000E+000
     0.276476196562E+003    -0.155824578681E-039     0.000000000000E+000     0.000000000000E+000     0.000000000000E+000
     0.277476196562E+003    -0.131749680175E-039     0.000000000000E+000     0.000000000000E+000     0.000000000000E+000
     0.278476196562E+003    -0.111394221669E-039     0.000000000000E+000     0.000000000000E+000     0.000000000000E+000
     0.279476196562E+003    -0.941835892284E-040     0.000000000000E+000     0.000000000000E+000     0.000000000000E+000
     0.280476196562E+003    -0.796319379435E-040     0.000000000000E+000     0.000000000000E+000     0.000000000000E+000
     0.281476196562E+003    -0.673284788540E-040     0.000000000000E+000     0.000000000000E+000     0.000000000000E+000
     0.282476196562E+003    -0.569258842211E-040     0.000000000000E+000     0.000000000000E+000     0.000000000000E+000
     0.283476196562E+003    -0.481304839258E-040     0.000000000000E+000     0.000000000000E+000     0.000000000000E+000
     0.284476196562E+003    -0.406939763081E-040     0.000000000000E+000     0.000000000000E+000     0.000000000000E+000
     0.285476196562E+003    -0.344064195031E-040     0.000000000000E+000     0.000000000000E+000     0.000000000000E+000
     0.286476196562E+003    -0.290903054692E-040     0.000000000000E+000     0.000000000000E+000     0.000000000000E+000
     0.287476196562E+003    -0.245955494592E-040     0.000000000000E+000     0.000000000000E+000     0.000000000000E+000
     0.288476196562E+003    -0.207952535192E-040     0.000000000000E+000     0.000000000000E+000     0.000000000000E+000
     0.289476196562E+003    -0.175821244471E-040     0.000000000000E+000     0.000000000000E+000     0.000000000000E+000
     0.290476196562E+003    -0.148654451104E-040     0.000000000000E+000     0.000000000000E+000     0.000000000000E+000
     0.291476196562E+003    -0.125685136431E-040     0.000000000000E+000     0.000000000000E+000     0.000000000000E+000
     0.292476196562E+003    -0.106264782426E-040     0.000000000000E+000     0.000000000000E+000     0.000000000000E+000
     0.293476196562E+003    -0.898450645689E-041     0.000000000000E+000     0.000000000000E+000     0.000000000000E+000
     0.294476196562E+003    -0.759623728815E-041     0.000000000000E+000     0.000000000000E+000     0.000000000000E+000
     0.295476196562E+003    -0.642247242445E-041     0.000000000000E+000     0.000000000000E+000     0.000000000000E+000
     0.296476196562E+003    -0.543006965824E-041     0.000000000000E+000     0.000000000000E+000     0.000000000000E+000
     0.297476196562E+003    -0.459100725771E-041     0.000000000000E+000     0.000000000000E+000     0.000000000000E+000
     0.298476196562E+003    -0.388159288166E-041     0.000000000000E+000     0.000000000000E+000     0.000000000000E+000
     0.299476196562E+003    -0.328179470831E-041     0.000000000000E+000     0.000000000000E+000     0.000000000000E+000
     0.300476196562E+003    -0.277467589814E-041     0.000000000000E+000     0.000000000000E+000     0.000000000000E+000
     0.301476196562E+003    -0.234591642696E-041     0.000000000000E+000     0.000000000000E+000     0.000000000000E+000
     0.302476196562E+003    -0.198340879195E-041     0.000000000000E+000     0.000000000000E+000     0.000000000000E+000
     0.303476196562E+003    -0.167691617821E-041     0.000000000000E+000     0.000000000000E+000     0.000000000000E+000
     0.304476196562E+003    -0.141778343639E-041     0.000000000000E+000     0.000000000000E+000     0.000000000000E+000
     0.305476196562E+003    -0.119869271288E-041     0.000000000000E+000     0.000000000000E+000     0.000000000000E+000
     0.306476196562E+003    -0.101345683403E-041     0.000000000000E+000     0.000000000000E+000     0.000000000000E+000
     0.307476196562E+003    -0.856844611857E-042     0.000000000000E+000     0.000000000000E+000     0.000000000000E+000
     0.308476196562E+003    -0.724433139679E-042     0.000000000000E+000     0.000000000000E+000     0.000000000000E+000
     0.309476196562E+003    -0.612482907870E-042     0.000000000000E+000     0.000000000000E+000     0.000000000000E+000
     0.310476196562E+003    -0.517832214243E-042     0.000000000000E+000     0.000000000000E+000     0.000000000000E+000
     0.311476196562E+003    -0.437807888123E-042     0.000000000000E+000     0.000000000000E+000     0.000000000000E+000
     0.312476196562E+003    -0.370149807738E-042     0.000000000000E+000     0.000000000000E+000     0.000000000000E+000
     0.313476196562E+003    -0.312947079906E-042     0.000000000000E+000     0.000000000000E+000     0.000000000000E+000
     0.314476196562E+003    -0.264584080232E-042     0.000000000000E+000     0.000000000000E+000     0.000000000000E+000
     0.315476196562E+003    -0.223694830378E-042     0.000000000000E+000     0.000000000000E+000     0.000000000000E+000
     0.316476196562E+003    -0.189124424334E-042     0.000000000000E+000     0.000000000000E+000     0.000000000000E+000
     0.317476196562E+003    -0.159896414629E-042     0.000000000000E+000     0.000000000000E+000     0.000000000000E+000
     0.318476196562E+003    -0.135185237639E-042     0.000000000000E+000     0.000000000000E+000     0.000000000000E+000
     0.319476196562E+003    -0.114292899467E-042     0.000000000000E+000     0.000000000000E+000     0.000000000000E+000
     0.320476196562E+003    -0.966292640969E-043     0.000000000000E+000     0.000000000000E+000     0.000000000000E+000
     0.321476196562E+003    -0.816953872693E-043     0.000000000000E+000     0.000000000000E+000     0.000000000000E+000
     0.322476196562E+003    -0.690694254884E-043     0.000000000000E+000     0.000000000000E+000     0.000000000000E+000
     0.323476196562E+003    -0.583947222900E-043     0.000000000000E+000     0.000000000000E+000     0.000000000000E+000
     0.324476196562E+003    -0.493697353626E-043     0.000000000000E+000     0.000000000000E+000     0.000000000000E+000
     0.325476196562E+003    -0.417395200949E-043     0.000000000000E+000     0.000000000000E+000     0.000000000000E+000
     0.326476196562E+003    -0.352885290659E-043     0.000000000000E+000     0.000000000000E+000     0.000000000000E+000
     0.327476196562E+003    -0.298345241475E-043     0.000000000000E+000     0.000000000000E+000     0.000000000000E+000
     0.328476196562E+003    -0.252234293104E-043     0.000000000000E+000     0.000000000000E+000     0.000000000000E+000
     0.329476196562E+003    -0.213249787782E-043     0.000000000000E+000     0.000000000000E+000     0.000000000000E+000
     0.330476196562E+003    -0.180290376393E-043     0.000000000000E+000     0.000000000000E+000     0.000000000000E+000
     0.331476196562E+003    -0.152424910098E-043     0.000000000000E+000     0.000000000000E+000     0.000000000000E+000
     0.332476196562E+003    -0.128866138972E-043     0.000000000000E+000     0.000000000000E+000     0.000000000000E+000
     0.333476196562E+003    -0.108948474872E-043     0.000000000000E+000     0.000000000000E+000     0.000000000000E+000
     0.334476196562E+003    -0.921091905411E-044     0.000000000000E+000     0.000000000000E+000     0.000000000000E+000
     0.335476196562E+003    -0.778725239732E-044     0.000000000000E+000     0.000000000000E+000     0.000000000000E+000
     0.336476196562E+003    -0.658362391195E-044     0.000000000000E+000     0.000000000000E+000     0.000000000000E+000
     0.337476196562E+003    -0.556602633683E-044     0.000000000000E+000     0.000000000000E+000     0.000000000000E+000
     0.338476196562E+003    -0.470570808919E-044     0.000000000000E+000     0.000000000000E+000     0.000000000000E+000
     0.339476196562E+003    -0.397836105338E-044     0.000000000000E+000     0.000000000000E+000     0.000000000000E+000
     0.340476196562E+003    -0.336343388354E-044     0.000000000000E+000     0.000000000000E+000     0.000000000000E+000
     0.341476196562E+003    -0.284355142485E-044     0.000000000000E+000     0.000000000000E+000     0.000000000000E+000
     0.342476196562E+003    -0.240402385512E-044     0.000000000000E+000     0.000000000000E+000     0.000000000000E+000
     0.343476196562E+003    -0.203243168214E-044     0.000000000000E+000     0.000000000000E+000     0.000000000000E+000
     0.344476196562E+003    -0.171827487476E-044     0.000000000000E+000     0.000000000000E+000     0.000000000000E+000
     0.345476196562E+003    -0.145267621706E-044     0.000000000000E+000     0.000000000000E+000     0.000000000000E+000
     0.346476196562E+003    -0.122813050625E-044     0.000000000000E+000     0.000000000000E+000     0.000000000000E+000
     0.347476196562E+003    -0.103829250995E-044     0.000000000000E+000     0.000000000000E+000     0.000000000000E+000
     0.348476196562E+003    -0.877797693099E-045     0.000000000000E+000     0.000000000000E+000     0.000000000000E+000
     0.349476196562E+003    -0.742110650362E-045     0.000000000000E+000     0.000000000000E+000     0.000000000000E+000
     0.350476196562E+003    -0.627396962615E-045     0.000000000000E+000     0.000000000000E+000     0.000000000000E+000
     0.351476196562E+003    -0.530414857437E-045     0.000000000000E+000     0.000000000000E+000     0.000000000000E+000
     0.352476196562E+003    -0.448423613173E-045     0.000000000000E+000     0.000000000000E+000     0.000000000000E+000
     0.353476196562E+003    -0.379106118988E-045     0.000000000000E+000     0.000000000000E+000     0.000000000000E+000
     0.354476196562E+003    -0.320503403206E-045     0.000000000000E+000     0.000000000000E+000     0.000000000000E+000
     0.355476196562E+003    -0.270959280319E-045     0.000000000000E+000     0.000000000000E+000     0.000000000000E+000
     0.356476196562E+003    -0.229073552878E-045     0.000000000000E+000     0.000000000000E+000     0.000000000000E+000
     0.357476196562E+003    -0.193662446159E-045     0.000000000000E+000     0.000000000000E+000     0.000000000000E+000
     0.358476196562E+003    -0.163725157786E-045     0.000000000000E+000     0.000000000000E+000     0.000000000000E+000
     0.359476196562E+003    -0.138415577269E-045     0.000000000000E+000     0.000000000000E+000     0.000000000000E+000
     0.360476196562E+003    -0.117018376454E-045     0.000000000000E+000     0.000000000000E+000     0.000000000000E+000
     0.361476196562E+003    -0.989287953502E-046     0.000000000000E+000     0.000000000000E+000     0.000000000000E+000
     0.362476196562E+003    -0.836355522226E-046     0.000000000000E+000     0.000000000000E+000     0.000000000000E+000
     0.363476196562E+003    -0.707063950791E-046     0.000000000000E+000     0.000000000000E+000     0.000000000000E+000
     0.364476196562E+003    -0.597758863196E-046     0.000000000000E+000     0.000000000000E+000     0.000000000000E+000
     0.365476196562E+003    -0.505350754028E-046     0.000000000000E+000     0.000000000000E+000     0.000000000000E+000
     0.366476196562E+003    -0.427227677263E-046     0.000000000000E+000     0.000000000000E+000     0.000000000000E+000
     0.367476196562E+003    -0.361181430156E-046     0.000000000000E+000     0.000000000000E+000     0.000000000000E+000
     0.368476196562E+003    -0.305345146444E-046     0.000000000000E+000     0.000000000000E+000     0.000000000000E+000
     0.369476196562E+003    -0.258140535475E-046     0.000000000000E+000     0.000000000000E+000     0.000000000000E+000
     0.370476196562E+003    -0.218233276371E-046     0.000000000000E+000     0.000000000000E+000     0.000000000000E+000
     0.371476196562E+003    -0.184495306789E-046     0.000000000000E+000     0.000000000000E+000     0.000000000000E+000
     0.372476196562E+003    -0.155972940644E-046     0.000000000000E+000     0.000000000000E+000     0.000000000000E+000
     0.373476196562E+003    -0.131859913836E-046     0.000000000000E+000     0.000000000000E+000     0.000000000000E+000
     0.374476196562E+003    -0.111474596317E-046     0.000000000000E+000     0.000000000000E+000     0.000000000000E+000
     0.375476196562E+003    -0.942407264997E-047     0.000000000000E+000     0.000000000000E+000     0.000000000000E+000
     0.376476196562E+003    -0.796711236002E-047     0.000000000000E+000     0.000000000000E+000     0.000000000000E+000
     0.377476196562E+003    -0.673539176061E-047     0.000000000000E+000     0.000000000000E+000     0.000000000000E+000
     0.378476196562E+003    -0.569409077377E-047     0.000000000000E+000     0.000000000000E+000     0.000000000000E+000
     0.379476196562E+003    -0.481377203984E-047     0.000000000000E+000     0.000000000000E+000     0.000000000000E+000
     0.380476196562E+003    -0.406954884691E-047     0.000000000000E+000     0.000000000000E+000     0.000000000000E+000
     0.381476196562E+003    -0.344038167922E-047     0.000000000000E+000     0.000000000000E+000     0.000000000000E+000
     0.382476196562E+003    -0.290848350345E-047     0.000000000000E+000     0.000000000000E+000     0.000000000000E+000
     0.383476196562E+003    -0.245881698522E-047     0.000000000000E+000     0.000000000000E+000     0.000000000000E+000
     0.384476196562E+003    -0.207866942567E-047     0.000000000000E+000     0.000000000000E+000     0.000000000000E+000
     0.385476196562E+003    -0.175729340462E-047     0.000000000000E+000     0.000000000000E+000     0.000000000000E+000
     0.386476196562E+003    -0.148560297359E-047     0.000000000000E+000     0.000000000000E+000     0.000000000000E+000
     0.387476196562E+003    -0.125591681216E-047     0.000000000000E+000     0.000000000000E+000     0.000000000000E+000
     0.388476196562E+003    -0.106174108798E-047     0.000000000000E+000     0.000000000000E+000     0.000000000000E+000
     0.389476196562E+003    -0.897585883238E-048     0.000000000000E+000     0.000000000000E+000     0.000000000000E+000
     0.390476196562E+003    -0.758809998888E-048     0.000000000000E+000     0.000000000000E+000     0.000000000000E+000
     0.391476196562E+003    -0.641489749930E-048     0.000000000000E+000     0.000000000000E+000     0.000000000000E+000
     0.392476196562E+003    -0.542308043256E-048     0.000000000000E+000     0.000000000000E+000     0.000000000000E+000
     0.393476196562E+003    -0.458460602687E-048     0.000000000000E+000     0.000000000000E+000     0.000000000000E+000
     0.394476196562E+003    -0.387576690562E-048     0.000000000000E+000     0.000000000000E+000     0.000000000000E+000
     0.395476196562E+003    -0.327652084930E-048     0.000000000000E+000     0.000000000000E+000     0.000000000000E+000
     0.396476196562E+003    -0.276992417830E-048     0.000000000000E+000     0.000000000000E+000     0.000000000000E+000
     0.397476196562E+003    -0.234165272969E-048     0.000000000000E+000     0.000000000000E+000     0.000000000000E+000
     0.398476196562E+003    -0.197959688715E-048     0.000000000000E+000     0.000000000000E+000     0.000000000000E+000
     0.399476196562E+003    -0.167351921649E-048     0.000000000000E+000     0.000000000000E+000     0.000000000000E+000
     0.400476196562E+003    -0.141476502846E-048     0.000000000000E+000     0.000000000000E+000     0.000000000000E+000
     0.401476196562E+003    -0.119601768703E-048     0.000000000000E+000     0.000000000000E+000     0.000000000000E+000
     0.402476196562E+003    -0.101109174584E-048     0.000000000000E+000     0.000000000000E+000     0.000000000000E+000
     0.403476196562E+003    -0.854758064999E-049     0.000000000000E+000     0.000000000000E+000     0.000000000000E+000
     0.404476196562E+003    -0.722595964244E-049     0.000000000000E+000     0.000000000000E+000     0.000000000000E+000
     0.405476196562E+003    -0.610868232936E-049     0.000000000000E+000     0.000000000000E+000     0.000000000000E+000
     0.406476196562E+003    -0.516415463305E-049     0.000000000000E+000     0.000000000000E+000     0.000000000000E+000
     0.407476196562E+003    -0.436566719715E-049     0.000000000000E+000     0.000000000000E+000     0.000000000000E+000
     0.408476196562E+003    -0.369064018470E-049     0.000000000000E+000     0.000000000000E+000     0.000000000000E+000
     0.409476196562E+003    -0.311998483107E-049     0.000000000000E+000     0.000000000000E+000     0.000000000000E+000
     0.410476196562E+003    -0.263756370192E-049     0.000000000000E+000     0.000000000000E+000     0.000000000000E+000
     0.411476196562E+003    -0.222973439656E-049     0.000000000000E+000     0.000000000000E+000     0.000000000000E+000
     0.412476196562E+003    -0.188496379621E-049     0.000000000000E+000     0.000000000000E+000     0.000000000000E+000
     0.413476196562E+003    -0.159350195104E-049     0.000000000000E+000     0.000000000000E+000     0.000000000000E+000
     0.414476196562E+003    -0.134710638574E-049     0.000000000000E+000     0.000000000000E+000     0.000000000000E+000
     0.415476196562E+003    -0.113880902900E-049     0.000000000000E+000     0.000000000000E+000     0.000000000000E+000
     0.416476196562E+003    -0.962719177097E-050     0.000000000000E+000     0.000000000000E+000     0.000000000000E+000
     0.417476196562E+003    -0.813856920636E-050     0.000000000000E+000     0.000000000000E+000     0.000000000000E+000
     0.418476196562E+003    -0.688012324842E-050     0.000000000000E+000     0.000000000000E+000     0.000000000000E+000
     0.419476196562E+003    -0.581626381710E-050     0.000000000000E+000     0.000000000000E+000     0.000000000000E+000
     0.420476196562E+003    -0.491690368027E-050     0.000000000000E+000     0.000000000000E+000     0.000000000000E+000
     0.421476196562E+003    -0.415660763634E-050     0.000000000000E+000     0.000000000000E+000     0.000000000000E+000
     0.422476196562E+003    -0.351387324203E-050     0.000000000000E+000     0.000000000000E+000     0.000000000000E+000
     0.423476196562E+003    -0.297052274763E-050     0.000000000000E+000     0.000000000000E+000     0.000000000000E+000
     0.424476196562E+003    -0.251118904622E-050     0.000000000000E+000     0.000000000000E+000     0.000000000000E+000
     0.425476196562E+003    -0.212288110160E-050     0.000000000000E+000     0.000000000000E+000     0.000000000000E+000
     0.426476196562E+003    -0.179461656671E-050     0.000000000000E+000     0.000000000000E+000     0.000000000000E+000
     0.427476196562E+003    -0.151711120434E-050     0.000000000000E+000     0.000000000000E+000     0.000000000000E+000
     0.428476196562E+003    -0.128251632791E-050     0.000000000000E+000     0.000000000000E+000     0.000000000000E+000
     0.429476196562E+003    -0.108419683784E-050     0.000000000000E+000     0.000000000000E+000     0.000000000000E+000
     0.430476196562E+003    -0.916543577059E-051     0.000000000000E+000     0.000000000000E+000     0.000000000000E+000
     0.431476196562E+003    -0.774814699339E-051     0.000000000000E+000     0.000000000000E+000     0.000000000000E+000
     0.432476196562E+003    -0.655001564891E-051     0.000000000000E+000     0.000000000000E+000     0.000000000000E+000
     0.433476196562E+003    -0.553715370814E-051     0.000000000000E+000     0.000000000000E+000     0.000000000000E+000
     0.434476196562E+003    -0.468091310572E-051     0.000000000000E+000     0.000000000000E+000     0.000000000000E+000
     0.435476196562E+003    -0.395707552230E-051     0.000000000000E+000     0.000000000000E+000     0.000000000000E+000
     0.436476196562E+003    -0.334516744244E-051     0.000000000000E+000     0.000000000000E+000     0.000000000000E+000
     0.437476196562E+003    -0.282788111830E-051     0.000000000000E+000     0.000000000000E+000     0.000000000000E+000
     0.438476196562E+003    -0.239058506447E-051     0.000000000000E+000     0.000000000000E+000     0.000000000000E+000
     0.439476196562E+003    -0.202091024066E-051     0.000000000000E+000     0.000000000000E+000     0.000000000000E+000
     0.440476196562E+003    -0.170840021977E-051     0.000000000000E+000     0.000000000000E+000     0.000000000000E+000
     0.441476196562E+003    -0.144421544776E-051     0.000000000000E+000     0.000000000000E+000     0.000000000000E+000
     0.442476196562E+003    -0.122088323189E-051     0.000000000000E+000     0.000000000000E+000     0.000000000000E+000
     0.443476196562E+003    -0.103208638659E-051     0.000000000000E+000     0.000000000000E+000     0.000000000000E+000
     0.444476196562E+003    -0.872484559977E-052     0.000000000000E+000     0.000000000000E+000     0.000000000000E+000
     0.445476196562E+003    -0.737563187597E-052     0.000000000000E+000     0.000000000000E+000     0.000000000000E+000
     0.446476196562E+003    -0.623505801843E-052     0.000000000000E+000     0.000000000000E+000     0.000000000000E+000
     0.447476196562E+003    -0.527086085632E-052     0.000000000000E+000     0.000000000000E+000     0.000000000000E+000
     0.448476196562E+003    -0.445576617459E-052     0.000000000000E+000     0.000000000000E+000     0.000000000000E+000
     0.449476196562E+003    -0.376671726931E-052     0.000000000000E+000     0.000000000000E+000     0.000000000000E+000
     0.450476196562E+003    -0.318422278981E-052     0.000000000000E+000     0.000000000000E+000     0.000000000000E+000
     0.451476196562E+003    -0.269180542274E-052     0.000000000000E+000     0.000000000000E+000     0.000000000000E+000
     0.452476196562E+003    -0.227553582542E-052     0.000000000000E+000     0.000000000000E+000     0.000000000000E+000
     0.453476196562E+003    -0.192363862680E-052     0.000000000000E+000     0.000000000000E+000     0.000000000000E+000
     0.454476196562E+003    -0.162615935231E-052     0.000000000000E+000     0.000000000000E+000     0.000000000000E+000
     0.455476196562E+003    -0.137468285233E-052     0.000000000000E+000     0.000000000000E+000     0.000000000000E+000
     0.456476196562E+003    -0.116209527024E-052     0.000000000000E+000     0.000000000000E+000     0.000000000000E+000
     0.457476196562E+003    -0.982382817647E-053     0.000000000000E+000     0.000000000000E+000     0.000000000000E+000
     0.458476196562E+003    -0.830461665451E-053     0.000000000000E+000     0.000000000000E+000     0.000000000000E+000
     0.459476196562E+003    -0.702034139181E-053     0.000000000000E+000     0.000000000000E+000     0.000000000000E+000
     0.460476196562E+003    -0.593467151291E-053     0.000000000000E+000     0.000000000000E+000     0.000000000000E+000
     0.461476196562E+003    -0.501689431869E-053     0.000000000000E+000     0.000000000000E+000     0.000000000000E+000
     0.462476196562E+003    -0.424104650955E-053     0.000000000000E+000     0.000000000000E+000     0.000000000000E+000
     0.463476196562E+003    -0.358517975129E-053     0.000000000000E+000     0.000000000000E+000     0.000000000000E+000
     0.464476196562E+003    -0.303073981007E-053     0.000000000000E+000     0.000000000000E+000     0.000000000000E+000
     0.465476196562E+003    -0.256204169498E-053     0.000000000000E+000     0.000000000000E+000     0.000000000000E+000
     0.466476196562E+003    -0.216582596235E-053     0.000000000000E+000     0.000000000000E+000     0.000000000000E+000
     0.467476196562E+003    -0.183088363143E-053     0.000000000000E+000     0.000000000000E+000     0.000000000000E+000
     0.468476196562E+003    -0.154773910195E-053     0.000000000000E+000     0.000000000000E+000     0.000000000000E+000
     0.469476196562E+003    -0.130838210429E-053     0.000000000000E+000     0.000000000000E+000     0.000000000000E+000
     0.470476196562E+003    -0.110604110026E-053     0.000000000000E+000     0.000000000000E+000     0.000000000000E+000
     0.471476196562E+003    -0.934991724788E-054     0.000000000000E+000     0.000000000000E+000     0.000000000000E+000
     0.472476196562E+003    -0.790394849832E-054     0.000000000000E+000     0.000000000000E+000     0.000000000000E+000
     0.473476196562E+003    -0.668159689911E-054     0.000000000000E+000     0.000000000000E+000     0.000000000000E+000
     0.474476196562E+003    -0.564828076939E-054     0.000000000000E+000     0.000000000000E+000     0.000000000000E+000
     0.475476196562E+003    -0.477476630752E-054     0.000000000000E+000     0.000000000000E+000     0.000000000000E+000
     0.476476196562E+003    -0.403634058008E-054     0.000000000000E+000     0.000000000000E+000     0.000000000000E+000
     0.477476196562E+003    -0.341211240037E-054     0.000000000000E+000     0.000000000000E+000     0.000000000000E+000
     0.478476196562E+003    -0.288442131978E-054     0.000000000000E+000     0.000000000000E+000     0.000000000000E+000
     0.479476196562E+003    -0.243833801360E-054     0.000000000000E+000     0.000000000000E+000     0.000000000000E+000
     0.480476196562E+003    -0.206124192810E-054     0.000000000000E+000     0.000000000000E+000     0.000000000000E+000
     0.481476196562E+003    -0.174246424121E-054     0.000000000000E+000     0.000000000000E+000     0.000000000000E+000
     0.482476196562E+003    -0.147298603676E-054     0.000000000000E+000     0.000000000000E+000     0.000000000000E+000
     0.483476196562E+003    -0.124518315392E-054     0.000000000000E+000     0.000000000000E+000     0.000000000000E+000
     0.484476196562E+003    -0.105261049407E-054     0.000000000000E+000     0.000000000000E+000     0.000000000000E+000
     0.485476196562E+003    -0.889819683238E-055     0.000000000000E+000     0.000000000000E+000     0.000000000000E+000
     0.486476196562E+003    -0.752204932042E-055     0.000000000000E+000     0.000000000000E+000     0.000000000000E+000
     0.487476196562E+003    -0.635872732524E-055     0.000000000000E+000     0.000000000000E+000     0.000000000000E+000
     0.488476196562E+003    -0.537531705737E-055     0.000000000000E+000     0.000000000000E+000     0.000000000000E+000
     0.489476196562E+003    -0.454399483897E-055     0.000000000000E+000     0.000000000000E+000     0.000000000000E+000
     0.490476196562E+003    -0.384123992807E-055     0.000000000000E+000     0.000000000000E+000     0.000000000000E+000
     0.491476196562E+003    -0.324716907660E-055     0.000000000000E+000     0.000000000000E+000     0.000000000000E+000
     0.492476196562E+003    -0.274497399658E-055     0.000000000000E+000     0.000000000000E+000     0.000000000000E+000
     0.493476196562E+003    -0.232044582047E-055     0.000000000000E+000     0.000000000000E+000     0.000000000000E+000
     0.494476196562E+003    -0.196157310240E-055     0.000000000000E+000     0.000000000000E+000     0.000000000000E+000
     0.495476196562E+003    -0.165820198748E-055     0.000000000000E+000     0.000000000000E+000     0.000000000000E+000
     0.496476196562E+003    -0.140174893530E-055     0.000000000000E+000     0.000000000000E+000     0.000000000000E+000
     0.497476196562E+003    -0.118495787017E-055     0.000000000000E+000     0.000000000000E+000     0.000000000000E+000
     0.498476196562E+003    -0.100169488778E-055     0.000000000000E+000     0.000000000000E+000     0.000000000000E+000
     0.499476196562E+003    -0.846774710270E-056     0.000000000000E+000     0.000000000000E+000     0.000000000000E+000
     0.500476196562E+003    -0.715813979848E-056     0.000000000000E+000     0.000000000000E+000     0.000000000000E+000
     0.501476196562E+003    -0.605107240551E-056     0.000000000000E+000     0.000000000000E+000     0.000000000000E+000
     0.502476196562E+003    -0.511522099393E-056     0.000000000000E+000     0.000000000000E+000     0.000000000000E+000
     0.503476196562E+003    -0.432410600878E-056     0.000000000000E+000     0.000000000000E+000     0.000000000000E+000
     0.504476196562E+003    -0.365534307496E-056     0.000000000000E+000     0.000000000000E+000     0.000000000000E+000
     0.505476196562E+003    -0.309000966592E-056     0.000000000000E+000     0.000000000000E+000     0.000000000000E+000
     0.506476196562E+003    -0.261210971785E-056     0.000000000000E+000     0.000000000000E+000     0.000000000000E+000
     0.507476196562E+003    -0.220812104202E-056     0.000000000000E+000     0.000000000000E+000     0.000000000000E+000
     0.508476196562E+003    -0.186661273077E-056     0.000000000000E+000     0.000000000000E+000     0.000000000000E+000
     0.509476196562E+003    -0.157792173245E-056     0.000000000000E+000     0.000000000000E+000     0.000000000000E+000
     0.510476196562E+003    -0.133387944478E-056     0.000000000000E+000     0.000000000000E+000     0.000000000000E+000
     0.511476196562E+003    -0.112758059144E-056     0.000000000000E+000     0.000000000000E+000     0.000000000000E+000
     0.512476196562E+003    -0.953187842488E-057     0.000000000000E+000     0.000000000000E+000     0.000000000000E+000
     0.513476196562E+003    -0.805766650964E-057     0.000000000000E+000     0.000000000000E+000     0.000000000000E+000
     0.514476196562E+003    -0.681145632579E-057     0.000000000000E+000     0.000000000000E+000     0.000000000000E+000
     0.515476196562E+003    -0.575798538261E-057     0.000000000000E+000     0.000000000000E+000     0.000000000000E+000
     0.516476196562E+003    -0.486744480134E-057     0.000000000000E+000     0.000000000000E+000     0.000000000000E+000
     0.517476196562E+003    -0.411463588007E-057     0.000000000000E+000     0.000000000000E+000     0.000000000000E+000
     0.518476196562E+003    -0.347825709995E-057     0.000000000000E+000     0.000000000000E+000     0.000000000000E+000
     0.519476196562E+003    -0.294030139941E-057     0.000000000000E+000     0.000000000000E+000     0.000000000000E+000
     0.520476196562E+003    -0.248554666329E-057     0.000000000000E+000     0.000000000000E+000     0.000000000000E+000
     0.521476196562E+003    -0.210112501058E-057     0.000000000000E+000     0.000000000000E+000     0.000000000000E+000
     0.522476196562E+003    -0.177615869439E-057     0.000000000000E+000     0.000000000000E+000     0.000000000000E+000
     0.523476196562E+003    -0.150145231229E-057     0.000000000000E+000     0.000000000000E+000     0.000000000000E+000
     0.524476196562E+003    -0.126923261820E-057     0.000000000000E+000     0.000000000000E+000     0.000000000000E+000
     0.525476196562E+003    -0.107292857420E-057     0.000000000000E+000     0.000000000000E+000     0.000000000000E+000
     0.526476196562E+003    -0.906985418776E-058     0.000000000000E+000     0.000000000000E+000     0.000000000000E+000
     0.527476196562E+003    -0.766707490830E-058     0.000000000000E+000     0.000000000000E+000     0.000000000000E+000
     0.528476196562E+003    -0.648125362068E-058     0.000000000000E+000     0.000000000000E+000     0.000000000000E+000
     0.529476196562E+003    -0.547883518417E-058     0.000000000000E+000     0.000000000000E+000     0.000000000000E+000
     0.530476196562E+003    -0.463145412394E-058     0.000000000000E+000     0.000000000000E+000     0.000000000000E+000
     0.531476196562E+003    -0.391513199905E-058     0.000000000000E+000     0.000000000000E+000     0.000000000000E+000
     0.532476196562E+003    -0.330959890429E-058     0.000000000000E+000     0.000000000000E+000     0.000000000000E+000
     0.533476196562E+003    -0.279771990759E-058     0.000000000000E+000     0.000000000000E+000     0.000000000000E+000
     0.534476196562E+003    -0.236501019402E-058     0.000000000000E+000     0.000000000000E+000     0.000000000000E+000
     0.535476196562E+003    -0.199922519722E-058     0.000000000000E+000     0.000000000000E+000     0.000000000000E+000
     0.536476196562E+003    -0.169001412083E-058     0.000000000000E+000     0.000000000000E+000     0.000000000000E+000
     0.537476196562E+003    -0.142862704612E-058     0.000000000000E+000     0.000000000000E+000     0.000000000000E+000
     0.538476196562E+003    -0.120766733841E-058     0.000000000000E+000     0.000000000000E+000     0.000000000000E+000
     0.539476196562E+003    -0.102088234620E-058     0.000000000000E+000     0.000000000000E+000     0.000000000000E+000
     0.540476196562E+003    -0.862986470939E-059     0.000000000000E+000     0.000000000000E+000     0.000000000000E+000
     0.541476196562E+003    -0.729511600807E-059     0.000000000000E+000     0.000000000000E+000     0.000000000000E+000
     0.542476196562E+003    -0.616680676614E-059     0.000000000000E+000     0.000000000000E+000     0.000000000000E+000
     0.543476196562E+003    -0.521300812051E-059     0.000000000000E+000     0.000000000000E+000     0.000000000000E+000
     0.544476196562E+003    -0.440672944103E-059     0.000000000000E+000     0.000000000000E+000     0.000000000000E+000
     0.545476196562E+003    -0.372515457054E-059     0.000000000000E+000     0.000000000000E+000     0.000000000000E+000
     0.546476196562E+003    -0.314899618914E-059     0.000000000000E+000     0.000000000000E+000     0.000000000000E+000
     0.547476196562E+003    -0.266195003369E-059     0.000000000000E+000     0.000000000000E+000     0.000000000000E+000
     0.548476196562E+003    -0.225023352877E-059     0.000000000000E+000     0.000000000000E+000     0.000000000000E+000
     0.549476196562E+003    -0.190219577393E-059     0.000000000000E+000     0.000000000000E+000     0.000000000000E+000
     0.550476196562E+003    -0.160798785129E-059     0.000000000000E+000     0.000000000000E+000     0.000000000000E+000
     0.551476196562E+003    -0.135928412421E-059     0.000000000000E+000     0.000000000000E+000     0.000000000000E+000
     0.552476196562E+003    -0.114904664059E-059     0.000000000000E+000     0.000000000000E+000     0.000000000000E+000
     0.553476196562E+003    -0.971325974362E-060     0.000000000000E+000     0.000000000000E+000     0.000000000000E+000
     0.554476196562E+003    -0.821092869389E-060     0.000000000000E+000     0.000000000000E+000     0.000000000000E+000
     0.555476196562E+003    -0.694095921890E-060     0.000000000000E+000     0.000000000000E+000     0.000000000000E+000
     0.556476196562E+003    -0.586741274211E-060     0.000000000000E+000     0.000000000000E+000     0.000000000000E+000
     0.557476196562E+003    -0.495990915593E-060     0.000000000000E+000     0.000000000000E+000     0.000000000000E+000
     0.558476196562E+003    -0.419276712134E-060     0.000000000000E+000     0.000000000000E+000     0.000000000000E+000
     0.559476196562E+003    -0.354427733237E-060     0.000000000000E+000     0.000000000000E+000     0.000000000000E+000
     0.560476196562E+003    -0.299608818038E-060     0.000000000000E+000     0.000000000000E+000     0.000000000000E+000
     0.561476196562E+003    -0.253268643437E-060     0.000000000000E+000     0.000000000000E+000     0.000000000000E+000
     0.562476196562E+003    -0.214095824156E-060     0.000000000000E+000     0.000000000000E+000     0.000000000000E+000
     0.563476196562E+003    -0.180981802573E-060     0.000000000000E+000     0.000000000000E+000     0.000000000000E+000
     0.564476196562E+003    -0.152989478192E-060     0.000000000000E+000     0.000000000000E+000     0.000000000000E+000
     0.565476196562E+003    -0.129326689047E-060     0.000000000000E+000     0.000000000000E+000     0.000000000000E+000
     0.566476196562E+003    -0.109323794601E-060     0.000000000000E+000     0.000000000000E+000     0.000000000000E+000
     0.567476196562E+003    -0.924147258038E-061     0.000000000000E+000     0.000000000000E+000     0.000000000000E+000
     0.568476196562E+003    -0.781209660476E-061     0.000000000000E+000     0.000000000000E+000     0.000000000000E+000
     0.569476196562E+003    -0.660380097217E-061     0.000000000000E+000     0.000000000000E+000     0.000000000000E+000
     0.570476196562E+003    -0.558239151669E-061     0.000000000000E+000     0.000000000000E+000     0.000000000000E+000
     0.571476196562E+003    -0.471896280983E-061     0.000000000000E+000     0.000000000000E+000     0.000000000000E+000
     0.572476196562E+003    -0.398908016688E-061     0.000000000000E+000     0.000000000000E+000     0.000000000000E+000
     0.573476196562E+003    -0.337208816915E-061     0.000000000000E+000     0.000000000000E+000     0.000000000000E+000
     0.574476196562E+003    -0.285052613485E-061     0.000000000000E+000     0.000000000000E+000     0.000000000000E+000
     0.575476196562E+003    -0.240963399698E-061     0.000000000000E+000     0.000000000000E+000     0.000000000000E+000
     0.576476196562E+003    -0.203693460556E-061     0.000000000000E+000     0.000000000000E+000     0.000000000000E+000
     0.577476196562E+003    -0.172188063389E-061     0.000000000000E+000     0.000000000000E+000     0.000000000000E+000
     0.578476196562E+003    -0.145555609678E-061     0.000000000000E+000     0.000000000000E+000     0.000000000000E+000
     0.579476196562E+003    -0.123042403413E-061     0.000000000000E+000     0.000000000000E+000     0.000000000000E+000
     0.580476196562E+003    -0.104011321959E-061     0.000000000000E+000     0.000000000000E+000     0.000000000000E+000
     0.581476196562E+003    -0.879237858527E-062     0.000000000000E+000     0.000000000000E+000     0.000000000000E+000
     0.582476196562E+003    -0.743245172794E-062     0.000000000000E+000     0.000000000000E+000     0.000000000000E+000
     0.583476196562E+003    -0.628286559291E-062     0.000000000000E+000     0.000000000000E+000     0.000000000000E+000
     0.584476196562E+003    -0.531108676125E-062     0.000000000000E+000     0.000000000000E+000     0.000000000000E+000
     0.585476196562E+003    -0.448961374268E-062     0.000000000000E+000     0.000000000000E+000     0.000000000000E+000
     0.586476196562E+003    -0.379519869258E-062     0.000000000000E+000     0.000000000000E+000     0.000000000000E+000
     0.587476196562E+003    -0.320818950462E-062     0.000000000000E+000     0.000000000000E+000     0.000000000000E+000
     0.588476196562E+003    -0.271197366097E-062     0.000000000000E+000     0.000000000000E+000     0.000000000000E+000
     0.589476196562E+003    -0.229250810133E-062     0.000000000000E+000     0.000000000000E+000     0.000000000000E+000
     0.590476196562E+003    -0.193792180649E-062     0.000000000000E+000     0.000000000000E+000     0.000000000000E+000
     0.591476196562E+003    -0.163817984978E-062     0.000000000000E+000     0.000000000000E+000     0.000000000000E+000
     0.592476196562E+003    -0.138479940940E-062     0.000000000000E+000     0.000000000000E+000     0.000000000000E+000
     0.593476196562E+003    -0.117060970477E-062     0.000000000000E+000     0.000000000000E+000     0.000000000000E+000
     0.594476196562E+003    -0.989549063286E-063     0.000000000000E+000     0.000000000000E+000     0.000000000000E+000
     0.595476196562E+003    -0.836493374739E-063     0.000000000000E+000     0.000000000000E+000     0.000000000000E+000
     0.596476196562E+003    -0.707111078435E-063     0.000000000000E+000     0.000000000000E+000     0.000000000000E+000
     0.597476196562E+003    -0.597740579475E-063     0.000000000000E+000     0.000000000000E+000     0.000000000000E+000
     0.598476196562E+003    -0.505286624970E-063     0.000000000000E+000     0.000000000000E+000     0.000000000000E+000
     0.599476196562E+003    -0.427132707729E-063     0.000000000000E+000     0.000000000000E+000     0.000000000000E+000
     0.600476196562E+003    -0.361067018442E-063     0.000000000000E+000     0.000000000000E+000     0.000000000000E+000
     0.601476196562E+003    -0.305219850840E-063     0.000000000000E+000     0.000000000000E+000     0.000000000000E+000
     0.602476196562E+003    -0.258010688398E-063     0.000000000000E+000     0.000000000000E+000     0.000000000000E+000
     0.603476196562E+003    -0.218103475142E-063     0.000000000000E+000     0.000000000000E+000     0.000000000000E+000
     0.604476196562E+003    -0.184368804733E-063     0.000000000000E+000     0.000000000000E+000     0.000000000000E+000
     0.605476196562E+003    -0.155851957775E-063     0.000000000000E+000     0.000000000000E+000     0.000000000000E+000
     0.606476196562E+003    -0.131745882811E-063     0.000000000000E+000     0.000000000000E+000     0.000000000000E+000
     0.607476196562E+003    -0.111368356356E-063     0.000000000000E+000     0.000000000000E+000     0.000000000000E+000
     0.608476196562E+003    -0.941426756060E-064     0.000000000000E+000     0.000000000000E+000     0.000000000000E+000
     0.609476196562E+003    -0.795813374203E-064     0.000000000000E+000     0.000000000000E+000     0.000000000000E+000
     0.610476196562E+003    -0.672722416853E-064     0.000000000000E+000     0.000000000000E+000     0.000000000000E+000
     0.611476196562E+003    -0.568670286196E-064     0.000000000000E+000     0.000000000000E+000     0.000000000000E+000
     0.612476196562E+003    -0.480712199583E-064     0.000000000000E+000     0.000000000000E+000     0.000000000000E+000
     0.613476196562E+003    -0.406358850114E-064     0.000000000000E+000     0.000000000000E+000     0.000000000000E+000
     0.614476196562E+003    -0.343505957429E-064     0.000000000000E+000     0.000000000000E+000     0.000000000000E+000
     0.615476196562E+003    -0.290374714963E-064     0.000000000000E+000     0.000000000000E+000     0.000000000000E+000
     0.616476196562E+003    -0.245461448308E-064     0.000000000000E+000     0.000000000000E+000     0.000000000000E+000
     0.617476196562E+003    -0.207495059991E-064     0.000000000000E+000     0.000000000000E+000     0.000000000000E+000
     0.618476196562E+003    -0.175401056326E-064     0.000000000000E+000     0.000000000000E+000     0.000000000000E+000
     0.619476196562E+003    -0.148271138293E-064     0.000000000000E+000     0.000000000000E+000     0.000000000000E+000
     0.620476196562E+003    -0.125337495855E-064     0.000000000000E+000     0.000000000000E+000     0.000000000000E+000
     0.621476196562E+003    -0.105951078204E-064     0.000000000000E+000     0.000000000000E+000     0.000000000000E+000
     0.622476196562E+003    -0.895632250004E-065     0.000000000000E+000     0.000000000000E+000     0.000000000000E+000
     0.623476196562E+003    -0.757101387397E-065     0.000000000000E+000     0.000000000000E+000     0.000000000000E+000
     0.624476196562E+003    -0.639997588071E-065     0.000000000000E+000     0.000000000000E+000     0.000000000000E+000
     0.625476196562E+003    -0.541006657526E-065     0.000000000000E+000     0.000000000000E+000     0.000000000000E+000
     0.626476196562E+003    -0.457327017647E-065     0.000000000000E+000     0.000000000000E+000     0.000000000000E+000
     0.627476196562E+003    -0.386590418962E-065     0.000000000000E+000     0.000000000000E+000     0.000000000000E+000
     0.628476196562E+003    -0.326794916517E-065     0.000000000000E+000     0.000000000000E+000     0.000000000000E+000
     0.629476196562E+003    -0.276248212534E-065     0.000000000000E+000     0.000000000000E+000     0.000000000000E+000
     0.630476196562E+003    -0.233519762399E-065     0.000000000000E+000     0.000000000000E+000     0.000000000000E+000
     0.631476196562E+003    -0.197400288534E-065     0.000000000000E+000     0.000000000000E+000     0.000000000000E+000
     0.632476196562E+003    -0.166867556363E-065     0.000000000000E+000     0.000000000000E+000     0.000000000000E+000
     0.633476196562E+003    -0.141057443809E-065     0.000000000000E+000     0.000000000000E+000     0.000000000000E+000
     0.634476196562E+003    -0.119239485532E-065     0.000000000000E+000     0.000000000000E+000     0.000000000000E+000
     0.635476196562E+003    -0.100796199831E-065     0.000000000000E+000     0.000000000000E+000     0.000000000000E+000
     0.636476196562E+003    -0.852056130902E-066     0.000000000000E+000     0.000000000000E+000     0.000000000000E+000
     0.637476196562E+003    -0.720264872380E-066     0.000000000000E+000     0.000000000000E+000     0.000000000000E+000
     0.638476196562E+003    -0.608858321076E-066     0.000000000000E+000     0.000000000000E+000     0.000000000000E+000
     0.639476196562E+003    -0.514683493036E-066     0.000000000000E+000     0.000000000000E+000     0.000000000000E+000
     0.640476196562E+003    -0.435075088168E-066     0.000000000000E+000     0.000000000000E+000     0.000000000000E+000
     0.641476196562E+003    -0.367780058477E-066     0.000000000000E+000     0.000000000000E+000     0.000000000000E+000
     0.642476196562E+003    -0.310893843571E-066     0.000000000000E+000     0.000000000000E+000     0.000000000000E+000
     0.643476196562E+003    -0.262806468827E-066     0.000000000000E+000     0.000000000000E+000     0.000000000000E+000
     0.644476196562E+003    -0.222156980739E-066     0.000000000000E+000     0.000000000000E+000     0.000000000000E+000
     0.645476196562E+003    -0.187794929898E-066     0.000000000000E+000     0.000000000000E+000     0.000000000000E+000
     0.646476196562E+003    -0.158747811535E-066     0.000000000000E+000     0.000000000000E+000     0.000000000000E+000
     0.647476196562E+003    -0.134193542151E-066     0.000000000000E+000     0.000000000000E+000     0.000000000000E+000
     0.648476196562E+003    -0.113437193278E-066     0.000000000000E+000     0.000000000000E+000     0.000000000000E+000
     0.649476196562E+003    -0.958913239188E-067     0.000000000000E+000     0.000000000000E+000     0.000000000000E+000
     0.650476196562E+003    -0.810593550352E-067     0.000000000000E+000     0.000000000000E+000     0.000000000000E+000
     0.651476196562E+003    -0.685215155690E-067     0.000000000000E+000     0.000000000000E+000     0.000000000000E+000
     0.652476196562E+003    -0.579229622422E-067     0.000000000000E+000     0.000000000000E+000     0.000000000000E+000
     0.653476196562E+003    -0.489637369137E-067     0.000000000000E+000     0.000000000000E+000     0.000000000000E+000
     0.654476196562E+003    -0.413902772702E-067     0.000000000000E+000     0.000000000000E+000     0.000000000000E+000
     0.655476196562E+003    -0.349882405909E-067     0.000000000000E+000     0.000000000000E+000     0.000000000000E+000
     0.656476196562E+003    -0.295764374889E-067     0.000000000000E+000     0.000000000000E+000     0.000000000000E+000
     0.657476196562E+003    -0.250017039457E-067     0.000000000000E+000     0.000000000000E+000     0.000000000000E+000
     0.658476196562E+003    -0.211345665070E-067     0.000000000000E+000     0.000000000000E+000     0.000000000000E+000
     0.659476196562E+003    -0.178655779623E-067     0.000000000000E+000     0.000000000000E+000     0.000000000000E+000
     0.660476196562E+003    -0.151022197982E-067     0.000000000000E+000     0.000000000000E+000     0.000000000000E+000
     0.661476196562E+003    -0.127662837630E-067     0.000000000000E+000     0.000000000000E+000     0.000000000000E+000
     0.662476196562E+003    -0.107916584356E-067     0.000000000000E+000     0.000000000000E+000     0.000000000000E+000
     0.663476196562E+003    -0.912245815468E-068     0.000000000000E+000     0.000000000000E+000     0.000000000000E+000
     0.664476196562E+003    -0.771144135503E-068     0.000000000000E+000     0.000000000000E+000     0.000000000000E+000
     0.665476196562E+003    -0.651867354591E-068     0.000000000000E+000     0.000000000000E+000     0.000000000000E+000
     0.666476196562E+003    -0.551039709277E-068     0.000000000000E+000     0.000000000000E+000     0.000000000000E+000
     0.667476196562E+003    -0.465807581467E-068     0.000000000000E+000     0.000000000000E+000     0.000000000000E+000
     0.668476196562E+003    -0.393758735801E-068     0.000000000000E+000     0.000000000000E+000     0.000000000000E+000
     0.669476196562E+003    -0.332854048938E-068     0.000000000000E+000     0.000000000000E+000     0.000000000000E+000
     0.670476196562E+003    -0.281369798581E-068     0.000000000000E+000     0.000000000000E+000     0.000000000000E+000
     0.671476196562E+003    -0.237848878918E-068     0.000000000000E+000     0.000000000000E+000     0.000000000000E+000
     0.672476196562E+003    -0.201059561791E-068     0.000000000000E+000     0.000000000000E+000     0.000000000000E+000
     0.673476196562E+003    -0.169960636468E-068     0.000000000000E+000     0.000000000000E+000     0.000000000000E+000
     0.674476196562E+003    -0.143671941398E-068     0.000000000000E+000     0.000000000000E+000     0.000000000000E+000
     0.675476196562E+003    -0.121449453964E-068     0.000000000000E+000     0.000000000000E+000     0.000000000000E+000
     0.676476196562E+003    -0.102664233218E-068     0.000000000000E+000     0.000000000000E+000     0.000000000000E+000
     0.677476196562E+003    -0.867846196413E-069     0.000000000000E+000     0.000000000000E+000     0.000000000000E+000
     0.678476196562E+003    -0.733611881494E-069     0.000000000000E+000     0.000000000000E+000     0.000000000000E+000
     0.679476196562E+003    -0.620140284918E-069     0.000000000000E+000     0.000000000000E+000     0.000000000000E+000
     0.680476196562E+003    -0.524219930500E-069     0.000000000000E+000     0.000000000000E+000     0.000000000000E+000
     0.681476196562E+003    -0.443136077309E-069     0.000000000000E+000     0.000000000000E+000     0.000000000000E+000
     0.682476196562E+003    -0.374593887162E-069     0.000000000000E+000     0.000000000000E+000     0.000000000000E+000
     0.683476196562E+003    -0.316653476177E-069     0.000000000000E+000     0.000000000000E+000     0.000000000000E+000
     0.684476196562E+003    -0.267675012212E-069     0.000000000000E+000     0.000000000000E+000     0.000000000000E+000
     0.685476196562E+003    -0.226272304359E-069     0.000000000000E+000     0.000000000000E+000     0.000000000000E+000
     0.686476196562E+003    -0.191273570976E-069     0.000000000000E+000     0.000000000000E+000     0.000000000000E+000
     0.687476196562E+003    -0.161688275919E-069     0.000000000000E+000     0.000000000000E+000     0.000000000000E+000
     0.688476196562E+003    -0.136679094385E-069     0.000000000000E+000     0.000000000000E+000     0.000000000000E+000
     0.689476196562E+003    -0.115538214929E-069     0.000000000000E+000     0.000000000000E+000     0.000000000000E+000
     0.690476196562E+003    -0.976673069775E-070     0.000000000000E+000     0.000000000000E+000     0.000000000000E+000
     0.691476196562E+003    -0.825605868557E-070     0.000000000000E+000     0.000000000000E+000     0.000000000000E+000
     0.692476196562E+003    -0.697905030863E-070     0.000000000000E+000     0.000000000000E+000     0.000000000000E+000
     0.693476196562E+003    -0.589956358113E-070     0.000000000000E+000     0.000000000000E+000     0.000000000000E+000
     0.694476196562E+003    -0.498704678735E-070     0.000000000000E+000     0.000000000000E+000     0.000000000000E+000
     0.695476196562E+003    -0.421567380555E-070     0.000000000000E+000     0.000000000000E+000     0.000000000000E+000
     0.696476196562E+003    -0.356361317589E-070     0.000000000000E+000     0.000000000000E+000     0.000000000000E+000
     0.697476196562E+003    -0.301241022521E-070     0.000000000000E+000     0.000000000000E+000     0.000000000000E+000
     0.698476196562E+003    -0.254646476187E-070     0.000000000000E+000     0.000000000000E+000     0.000000000000E+000
     0.699476196562E+003    -0.215258955819E-070     0.000000000000E+000     0.000000000000E+000     0.000000000000E+000
     0.700476196562E+003    -0.181963712462E-070     0.000000000000E+000     0.000000000000E+000     0.000000000000E+000
     0.701476196562E+003    -0.153818421278E-070     0.000000000000E+000     0.000000000000E+000     0.000000000000E+000
     0.702476196562E+003    -0.130026511804E-070     0.000000000000E+000     0.000000000000E+000     0.000000000000E+000
     0.703476196562E+003    -0.109914623348E-070     0.000000000000E+000     0.000000000000E+000     0.000000000000E+000
     0.704476196562E+003    -0.929135474917E-071     0.000000000000E+000     0.000000000000E+000     0.000000000000E+000
     0.705476196562E+003    -0.785421183043E-071     0.000000000000E+000     0.000000000000E+000     0.000000000000E+000
     0.706476196562E+003    -0.663935943462E-071     0.000000000000E+000     0.000000000000E+000     0.000000000000E+000
     0.707476196562E+003    -0.561241470388E-071     0.000000000000E+000     0.000000000000E+000     0.000000000000E+000
     0.708476196562E+003    -0.474431295992E-071     0.000000000000E+000     0.000000000000E+000     0.000000000000E+000
     0.709476196562E+003    -0.401048511294E-071     0.000000000000E+000     0.000000000000E+000     0.000000000000E+000
     0.710476196562E+003    -0.339016230508E-071     0.000000000000E+000     0.000000000000E+000     0.000000000000E+000
     0.711476196562E+003    -0.286578810833E-071     0.000000000000E+000     0.000000000000E+000     0.000000000000E+000
     0.712476196562E+003    -0.242252164097E-071     0.000000000000E+000     0.000000000000E+000     0.000000000000E+000
     0.713476196562E+003    -0.204781753949E-071     0.000000000000E+000     0.000000000000E+000     0.000000000000E+000
     0.714476196562E+003    -0.173107089862E-071     0.000000000000E+000     0.000000000000E+000     0.000000000000E+000
     0.715476196562E+003    -0.146331713029E-071     0.000000000000E+000     0.000000000000E+000     0.000000000000E+000
     0.716476196562E+003    -0.123697824700E-071     0.000000000000E+000     0.000000000000E+000     0.000000000000E+000
     0.717476196562E+003    -0.104564838898E-071     0.000000000000E+000     0.000000000000E+000     0.000000000000E+000
     0.718476196562E+003    -0.883912524858E-072     0.000000000000E+000     0.000000000000E+000     0.000000000000E+000
     0.719476196562E+003    -0.747193195004E-072     0.000000000000E+000     0.000000000000E+000     0.000000000000E+000
     0.720476196562E+003    -0.631620959818E-072     0.000000000000E+000     0.000000000000E+000     0.000000000000E+000
     0.721476196562E+003    -0.533924886496E-072     0.000000000000E+000     0.000000000000E+000     0.000000000000E+000
     0.722476196562E+003    -0.451339974789E-072     0.000000000000E+000     0.000000000000E+000     0.000000000000E+000
     0.723476196562E+003    -0.381528901720E-072     0.000000000000E+000     0.000000000000E+000     0.000000000000E+000
     0.724476196562E+003    -0.322515870457E-072     0.000000000000E+000     0.000000000000E+000     0.000000000000E+000
     0.725476196562E+003    -0.272630691138E-072     0.000000000000E+000     0.000000000000E+000     0.000000000000E+000
     0.726476196562E+003    -0.230461511012E-072     0.000000000000E+000     0.000000000000E+000     0.000000000000E+000
     0.727476196562E+003    -0.194814856060E-072     0.000000000000E+000     0.000000000000E+000     0.000000000000E+000
     0.728476196562E+003    -0.164681853199E-072     0.000000000000E+000     0.000000000000E+000     0.000000000000E+000
     0.729476196562E+003    -0.139209677071E-072     0.000000000000E+000     0.000000000000E+000     0.000000000000E+000
     0.730476196562E+003    -0.117677413310E-072     0.000000000000E+000     0.000000000000E+000     0.000000000000E+000
     0.731476196562E+003    -0.994756551703E-073     0.000000000000E+000     0.000000000000E+000     0.000000000000E+000
     0.732476196562E+003    -0.840892560528E-073     0.000000000000E+000     0.000000000000E+000     0.000000000000E+000
     0.733476196562E+003    -0.710827497858E-073     0.000000000000E+000     0.000000000000E+000     0.000000000000E+000
     0.734476196562E+003    -0.600880260329E-073     0.000000000000E+000     0.000000000000E+000     0.000000000000E+000
     0.735476196562E+003    -0.507939120093E-073     0.000000000000E+000     0.000000000000E+000     0.000000000000E+000
     0.736476196562E+003    -0.429373656505E-073     0.000000000000E+000     0.000000000000E+000     0.000000000000E+000
     0.737476196562E+003    -0.362960309791E-073     0.000000000000E+000     0.000000000000E+000     0.000000000000E+000
     0.738476196562E+003    -0.306819449743E-073     0.000000000000E+000     0.000000000000E+000     0.000000000000E+000
     0.739476196562E+003    -0.259362178318E-073     0.000000000000E+000     0.000000000000E+000     0.000000000000E+000
     0.740476196562E+003    -0.219245360568E-073     0.000000000000E+000     0.000000000000E+000     0.000000000000E+000
     0.741476196562E+003    -0.185333611178E-073     0.000000000000E+000     0.000000000000E+000     0.000000000000E+000
     0.742476196562E+003    -0.156667160738E-073     0.000000000000E+000     0.000000000000E+000     0.000000000000E+000
     0.743476196562E+003    -0.132434692314E-073     0.000000000000E+000     0.000000000000E+000     0.000000000000E+000
     0.744476196562E+003    -0.111950379532E-073     0.000000000000E+000     0.000000000000E+000     0.000000000000E+000
     0.745476196562E+003    -0.946344762986E-074     0.000000000000E+000     0.000000000000E+000     0.000000000000E+000
     0.746476196562E+003    -0.799969088125E-074     0.000000000000E+000     0.000000000000E+000     0.000000000000E+000
     0.747476196562E+003    -0.676234054862E-074     0.000000000000E+000     0.000000000000E+000     0.000000000000E+000
     0.748476196562E+003    -0.571637722261E-074     0.000000000000E+000     0.000000000000E+000     0.000000000000E+000
     0.749476196562E+003    -0.483219812355E-074     0.000000000000E+000     0.000000000000E+000     0.000000000000E+000
     0.750476196562E+003    -0.408477928346E-074     0.000000000000E+000     0.000000000000E+000     0.000000000000E+000
     0.751476196562E+003    -0.345296731770E-074     0.000000000000E+000     0.000000000000E+000     0.000000000000E+000
     0.752476196562E+003    -0.291888074205E-074     0.000000000000E+000     0.000000000000E+000     0.000000000000E+000
     0.753476196562E+003    -0.246740389112E-074     0.000000000000E+000     0.000000000000E+000     0.000000000000E+000
