 #              _____________________  _______________________             #
 #              ___  __ \__  __ \_  / / /_  /___  ____/_  ___/             #
 #              __  / / /_  /_/ /  / / /_  __/_  __/  _____ \              #
 #              _  /_/ /_  _, _// /_/ / / /_ _  /___  ____/ /              #
 #              /_____/ /_/ |_| \____/  \__/ /_____/  /____/               #
 #                                                                         #
  
 #        time                      c  [M/L^3]                   concetration [M/L^3]       concentration flux [M.L^{-2}.T^{-1}]   in    x              directions   cumulative flux
 #-----------------------------------------------------------------------------------------------

     0.000000000000E+000     0.000000000000E+000     0.000000000000E+000     0.000000000000E+000     0.000000000000E+000
     0.100000000000E+000     0.311459692126E-004     0.177532024512E-004     0.903233107165E-007     0.903233107165E-008
     0.206000000000E+000     0.623487340583E-004     0.355387784132E-004     0.180811328769E-006     0.281983319212E-007
     0.318360000000E+000     0.935057976556E-004     0.532983046637E-004     0.271166813201E-006     0.586666350525E-007
     0.437461600000E+000     0.124509361470E-003     0.709703360381E-004     0.361077148264E-006     0.101671501134E-006
     0.563709296000E+000     0.155247217260E-003     0.884909138380E-004     0.450216930053E-006     0.158510351254E-006
     0.697531853760E+000     0.185603818086E-003     0.105794176309E-003     0.538251072450E-006     0.230540486486E-006
     0.839383764986E+000     0.215461526746E-003     0.122813070245E-003     0.624838427564E-006     0.319175011643E-006
     0.989746790885E+000     0.244702033911E-003     0.139480159329E-003     0.709635898341E-006     0.425878012604E-006
     0.114913159834E+001     0.273207931328E-003     0.155728520857E-003     0.792303000852E-006     0.552159073839E-006
     0.131807949424E+001     0.300864417807E-003     0.171492718150E-003     0.872506811641E-006     0.699567263825E-006
     0.149716426389E+001     0.327561107520E-003     0.186709831287E-003     0.949927211809E-006     0.869684759740E-006
     0.168699411973E+001     0.353193901892E-003     0.201320524079E-003     0.102426231549E-005     0.106412032742E-005
     0.188821376691E+001     0.377666878273E-003     0.215270120616E-003     0.109523394699E-005     0.128450291582E-005
     0.210150659292E+001     0.400894141309E-003     0.228509660546E-003     0.116259300980E-005     0.153247566439E-005
     0.232759698850E+001     0.422801576992E-003     0.240996898885E-003     0.122612457328E-005     0.180969065418E-005
     0.256725280781E+001     0.443328445332E-003     0.252697213839E-003     0.128565249146E-005     0.211780475537E-005
     0.282128797628E+001     0.462428746184E-003     0.263584385325E-003     0.134104336393E-005     0.245847693225E-005
     0.309056525485E+001     0.480072294412E-003     0.273641207815E-003     0.139220965379E-005     0.283336735903E-005
     0.337599917015E+001     0.496245445837E-003     0.282859904127E-003     0.143911179293E-005     0.324413867263E-005
     0.367855912035E+001     0.510951424528E-003     0.291242311981E-003     0.148175913113E-005     0.369245964157E-005
     0.399927266758E+001     0.524210214937E-003     0.298799822514E-003     0.152020962332E-005     0.418001146238E-005
     0.433922902763E+001     0.536057999049E-003     0.305553059458E-003     0.155456819724E-005     0.470849680817E-005
     0.469958276929E+001     0.546546138240E-003     0.311531298797E-003     0.158498380090E-005     0.527965165129E-005
     0.508155773545E+001     0.555739721265E-003     0.316771641121E-003     0.161164519167E-005     0.589525976884E-005
     0.548645119957E+001     0.563715722142E-003     0.321317961621E-003     0.163477559421E-005     0.655716972225E-005
     0.591563827155E+001     0.570560833372E-003     0.325219675022E-003     0.165462641678E-005     0.726731398928E-005
     0.637057656784E+001     0.576369059040E-003     0.328530363653E-003     0.167147027122E-005     0.802772982677E-005
     0.685281116191E+001     0.581239167296E-003     0.331306325359E-003     0.168559358516E-005     0.884058136508E-005
     0.736397983162E+001     0.585272110992E-003     0.333605103265E-003     0.169728912188E-005     0.970818238763E-005
     0.790581862152E+001     0.588568527641E-003     0.335484060755E-003     0.170684873016E-005     0.106330192381E-004
     0.848016773881E+001     0.591226424844E-003     0.336999062161E-003     0.171455663205E-005     0.116177733263E-004
     0.908897780314E+001     0.593339144919E-003     0.338203312604E-003     0.172068352026E-005     0.126653427709E-004
     0.973431647133E+001     0.594993683455E-003     0.339146399569E-003     0.172548168202E-005     0.137788628216E-004
     0.104183754596E+002     0.596269412460E-003     0.339873565102E-003     0.172918129613E-005     0.149617248296E-004
     0.111434779872E+002     0.597237231629E-003     0.340425222029E-003     0.173198797172E-005     0.162175936856E-004
     0.119120866664E+002     0.597959143599E-003     0.340836711852E-003     0.173408151644E-005     0.175504237896E-004
     0.127268118664E+002     0.598488223261E-003     0.341138287259E-003     0.173561584746E-005     0.189644737581E-004
     0.135904205784E+002     0.598868929592E-003     0.341355289867E-003     0.173671989582E-005     0.204643201904E-004
     0.145058458131E+002     0.599137692846E-003     0.341508484922E-003     0.173749930925E-005     0.220548709033E-004
     0.154761965619E+002     0.599323701207E-003     0.341614509688E-003     0.173803873350E-005     0.237413780898E-004
     0.164761965619E+002     0.599447546323E-003     0.341685101404E-003     0.173839788434E-005     0.254797759741E-004
     0.174761965619E+002     0.599527558124E-003     0.341730708131E-003     0.173862991856E-005     0.272184058927E-004
     0.184761965619E+002     0.599579250823E-003     0.341760172969E-003     0.173877982739E-005     0.289571857201E-004
     0.194761965619E+002     0.599612647586E-003     0.341779209124E-003     0.173887667800E-005     0.306960623981E-004
     0.204761965619E+002     0.599634224013E-003     0.341791507688E-003     0.173893924964E-005     0.324350016477E-004
     0.214761965619E+002     0.599648163754E-003     0.341799453340E-003     0.173897967489E-005     0.341739813226E-004
     0.224761965619E+002     0.599657169711E-003     0.341804586735E-003     0.173900579216E-005     0.359129871148E-004
     0.234761965619E+002     0.599662988131E-003     0.341807903234E-003     0.173902266558E-005     0.376520097803E-004
     0.244761965619E+002     0.599666747199E-003     0.341810045903E-003     0.173903356688E-005     0.393910433472E-004
     0.254761965619E+002     0.599669175795E-003     0.341811430203E-003     0.173904060981E-005     0.411300839570E-004
     0.264761965619E+002     0.599670744822E-003     0.341812324549E-003     0.173904515999E-005     0.428691291170E-004
     0.274761965619E+002     0.599671758514E-003     0.341812902353E-003     0.173904809969E-005     0.446081772167E-004
     0.284761965619E+002     0.599672413422E-003     0.341813275651E-003     0.173904999893E-005     0.463472272156E-004
     0.294761965619E+002     0.599672836535E-003     0.341813516825E-003     0.173905122595E-005     0.480862784416E-004
     0.304761965619E+002     0.599673109893E-003     0.341813672639E-003     0.173905201869E-005     0.498253304603E-004
     0.314761965619E+002     0.599673286499E-003     0.341813773304E-003     0.173905253085E-005     0.515643829911E-004
     0.324761965619E+002     0.599673400598E-003     0.341813838341E-003     0.173905286173E-005     0.533034358529E-004
     0.334761965619E+002     0.599673474313E-003     0.341813880358E-003     0.173905307551E-005     0.550424889284E-004
     0.344761965619E+002     0.599673521938E-003     0.341813907505E-003     0.173905321362E-005     0.567815421420E-004
     0.354761965619E+002     0.599673552706E-003     0.341813925043E-003     0.173905330285E-005     0.585205954448E-004
     0.364761965619E+002     0.599673572585E-003     0.341813936373E-003     0.173905336050E-005     0.602596488053E-004
     0.374761965619E+002     0.599673585428E-003     0.341813943694E-003     0.173905339774E-005     0.619987022031E-004
     0.384761965619E+002     0.599673593725E-003     0.341813948423E-003     0.173905342180E-005     0.637377556249E-004
     0.394761965619E+002     0.599673599085E-003     0.341813951479E-003     0.173905343735E-005     0.654768090622E-004
     0.404761965619E+002     0.599673602548E-003     0.341813953453E-003     0.173905344739E-005     0.672158625096E-004
     0.414761965619E+002     0.599673604786E-003     0.341813954728E-003     0.173905345388E-005     0.689549159635E-004
     0.424761965619E+002     0.599673606232E-003     0.341813955552E-003     0.173905345807E-005     0.706939694216E-004
     0.434761965619E+002     0.599673607165E-003     0.341813956084E-003     0.173905346078E-005     0.724330228823E-004
     0.444761965619E+002     0.599673607769E-003     0.341813956428E-003     0.173905346253E-005     0.741720763449E-004
     0.454761965619E+002     0.599673608159E-003     0.341813956650E-003     0.173905346366E-005     0.759111298085E-004
     0.464761965619E+002     0.599673608410E-003     0.341813956794E-003     0.173905346439E-005     0.776501832729E-004
     0.474761965619E+002     0.599673608573E-003     0.341813956887E-003     0.173905346486E-005     0.793892367378E-004
     0.484761965619E+002     0.599673608678E-003     0.341813956947E-003     0.173905346517E-005     0.811282902029E-004
     0.494761965619E+002     0.599673608746E-003     0.341813956985E-003     0.173905346536E-005     0.828673436683E-004
     0.504761965619E+002     0.599673608790E-003     0.341813957010E-003     0.173905346549E-005     0.846063971338E-004
     0.514761965619E+002     0.599673608818E-003     0.341813957027E-003     0.173905346557E-005     0.863454505994E-004
     0.524761965619E+002     0.599673608837E-003     0.341813957037E-003     0.173905346563E-005     0.880845040650E-004
     0.534761965619E+002     0.599673608849E-003     0.341813957044E-003     0.173905346566E-005     0.898235575307E-004
     0.544761965619E+002     0.599673608856E-003     0.341813957048E-003     0.173905346568E-005     0.915626109963E-004
     0.554761965619E+002     0.599673608861E-003     0.341813957051E-003     0.173905346570E-005     0.933016644620E-004
     0.564761965619E+002     0.599673608864E-003     0.341813957053E-003     0.173905346571E-005     0.950407179277E-004
     0.574761965619E+002     0.599673608866E-003     0.341813957054E-003     0.173905346571E-005     0.967797713935E-004
     0.584761965619E+002     0.599673608868E-003     0.341813957055E-003     0.173905346572E-005     0.985188248592E-004
     0.594761965619E+002     0.599673608869E-003     0.341813957055E-003     0.173905346572E-005     0.100257878325E-003
     0.604761965619E+002     0.599673608869E-003     0.341813957055E-003     0.173905346572E-005     0.101996931791E-003
     0.614761965619E+002     0.599673608870E-003     0.341813957056E-003     0.173905346572E-005     0.103735985256E-003
     0.624761965619E+002     0.599673608870E-003     0.341813957056E-003     0.173905346572E-005     0.105475038722E-003
     0.634761965619E+002     0.599673608870E-003     0.341813957056E-003     0.173905346572E-005     0.107214092188E-003
     0.644761965619E+002     0.599673608870E-003     0.341813957056E-003     0.173905346572E-005     0.108953145654E-003
     0.654761965619E+002     0.599673608870E-003     0.341813957056E-003     0.173905346572E-005     0.110692199119E-003
     0.664761965619E+002     0.599673608870E-003     0.341813957056E-003     0.173905346572E-005     0.112431252585E-003
     0.674761965619E+002     0.599673608870E-003     0.341813957056E-003     0.173905346572E-005     0.114170306051E-003
     0.684761965619E+002     0.599673608870E-003     0.341813957056E-003     0.173905346572E-005     0.115909359516E-003
     0.694761965619E+002     0.599673608870E-003     0.341813957056E-003     0.173905346572E-005     0.117648412982E-003
     0.704761965619E+002     0.599673608870E-003     0.341813957056E-003     0.173905346572E-005     0.119387466448E-003
     0.714761965619E+002     0.599673608870E-003     0.341813957056E-003     0.173905346572E-005     0.121126519914E-003
     0.724761965619E+002     0.599673608870E-003     0.341813957056E-003     0.173905346572E-005     0.122865573379E-003
     0.734761965619E+002     0.599673608870E-003     0.341813957056E-003     0.173905346572E-005     0.124604626845E-003
     0.744761965619E+002     0.599673608870E-003     0.341813957056E-003     0.173905346572E-005     0.126343680311E-003
     0.754761965619E+002     0.599673608870E-003     0.341813957056E-003     0.173905346572E-005     0.128082733776E-003
     0.764761965619E+002     0.599673608870E-003     0.341813957056E-003     0.173905346572E-005     0.129821787242E-003
     0.774761965619E+002     0.599673608870E-003     0.341813957056E-003     0.173905346572E-005     0.131560840708E-003
     0.784761965619E+002     0.599673608870E-003     0.341813957056E-003     0.173905346572E-005     0.133299894174E-003
     0.794761965619E+002     0.599673608870E-003     0.341813957056E-003     0.173905346572E-005     0.135038947639E-003
     0.804761965619E+002     0.599673608870E-003     0.341813957056E-003     0.173905346572E-005     0.136778001105E-003
     0.814761965619E+002     0.599673608870E-003     0.341813957056E-003     0.173905346572E-005     0.138517054571E-003
     0.824761965619E+002     0.599673608870E-003     0.341813957056E-003     0.173905346572E-005     0.140256108037E-003
     0.834761965619E+002     0.599673608870E-003     0.341813957056E-003     0.173905346572E-005     0.141995161502E-003
     0.844761965619E+002     0.599673608870E-003     0.341813957056E-003     0.173905346572E-005     0.143734214968E-003
     0.854761965619E+002     0.599673608870E-003     0.341813957056E-003     0.173905346572E-005     0.145473268434E-003
     0.864761965619E+002     0.599673608870E-003     0.341813957056E-003     0.173905346572E-005     0.147212321899E-003
     0.874761965619E+002     0.599673608870E-003     0.341813957056E-003     0.173905346572E-005     0.148951375365E-003
     0.884761965619E+002     0.599673608870E-003     0.341813957056E-003     0.173905346572E-005     0.150690428831E-003
     0.894761965619E+002     0.599673608870E-003     0.341813957056E-003     0.173905346572E-005     0.152429482297E-003
     0.904761965619E+002     0.599673608870E-003     0.341813957056E-003     0.173905346572E-005     0.154168535762E-003
     0.914761965619E+002     0.599673608870E-003     0.341813957056E-003     0.173905346572E-005     0.155907589228E-003
     0.924761965619E+002     0.599673608870E-003     0.341813957056E-003     0.173905346572E-005     0.157646642694E-003
     0.934761965619E+002     0.599673608870E-003     0.341813957056E-003     0.173905346572E-005     0.159385696159E-003
     0.944761965619E+002     0.599673608870E-003     0.341813957056E-003     0.173905346572E-005     0.161124749625E-003
     0.954761965619E+002     0.599673608870E-003     0.341813957056E-003     0.173905346572E-005     0.162863803091E-003
     0.964761965619E+002     0.599673608870E-003     0.341813957056E-003     0.173905346572E-005     0.164602856557E-003
     0.974761965619E+002     0.599673608870E-003     0.341813957056E-003     0.173905346572E-005     0.166341910022E-003
     0.984761965619E+002     0.599673608870E-003     0.341813957056E-003     0.173905346572E-005     0.168080963488E-003
     0.994761965619E+002     0.599673608870E-003     0.341813957056E-003     0.173905346572E-005     0.169820016954E-003
     0.100476196562E+003     0.599673608870E-003     0.341813957056E-003     0.173905346572E-005     0.171559070420E-003
     0.101476196562E+003     0.599673608870E-003     0.341813957056E-003     0.173905346572E-005     0.173298123885E-003
     0.102476196562E+003     0.599673608870E-003     0.341813957056E-003     0.173905346572E-005     0.175037177351E-003
     0.103476196562E+003     0.599673608870E-003     0.341813957056E-003     0.173905346572E-005     0.176776230817E-003
     0.104476196562E+003     0.599673608870E-003     0.341813957056E-003     0.173905346572E-005     0.178515284282E-003
     0.105476196562E+003     0.599673608870E-003     0.341813957056E-003     0.173905346572E-005     0.180254337748E-003
     0.106476196562E+003     0.599673608870E-003     0.341813957056E-003     0.173905346572E-005     0.181993391214E-003
     0.107476196562E+003     0.599673608870E-003     0.341813957056E-003     0.173905346572E-005     0.183732444680E-003
     0.108476196562E+003     0.599673608870E-003     0.341813957056E-003     0.173905346572E-005     0.185471498145E-003
     0.109476196562E+003     0.599673608870E-003     0.341813957056E-003     0.173905346572E-005     0.187210551611E-003
     0.110476196562E+003     0.599673608870E-003     0.341813957056E-003     0.173905346572E-005     0.188949605077E-003
     0.111476196562E+003     0.599673608870E-003     0.341813957056E-003     0.173905346572E-005     0.190688658543E-003
     0.112476196562E+003     0.599673608870E-003     0.341813957056E-003     0.173905346572E-005     0.192427712008E-003
     0.113476196562E+003     0.599673608870E-003     0.341813957056E-003     0.173905346572E-005     0.194166765474E-003
     0.114476196562E+003     0.599673608870E-003     0.341813957056E-003     0.173905346572E-005     0.195905818940E-003
     0.115476196562E+003     0.599673608870E-003     0.341813957056E-003     0.173905346572E-005     0.197644872405E-003
     0.116476196562E+003     0.599673608870E-003     0.341813957056E-003     0.173905346572E-005     0.199383925871E-003
     0.117476196562E+003     0.599673608870E-003     0.341813957056E-003     0.173905346572E-005     0.201122979337E-003
     0.118476196562E+003     0.599673608870E-003     0.341813957056E-003     0.173905346572E-005     0.202862032803E-003
     0.119476196562E+003     0.599673608870E-003     0.341813957056E-003     0.173905346572E-005     0.204601086268E-003
     0.120476196562E+003     0.599673608870E-003     0.341813957056E-003     0.173905346572E-005     0.206340139734E-003
     0.121476196562E+003     0.599673608870E-003     0.341813957056E-003     0.173905346572E-005     0.208079193200E-003
     0.122476196562E+003     0.599673608870E-003     0.341813957056E-003     0.173905346572E-005     0.209818246665E-003
     0.123476196562E+003     0.599673608870E-003     0.341813957056E-003     0.173905346572E-005     0.211557300131E-003
     0.124476196562E+003     0.599673608870E-003     0.341813957056E-003     0.173905346572E-005     0.213296353597E-003
     0.125476196562E+003     0.599673608870E-003     0.341813957056E-003     0.173905346572E-005     0.215035407063E-003
     0.126476196562E+003     0.599673608870E-003     0.341813957056E-003     0.173905346572E-005     0.216774460528E-003
     0.127476196562E+003     0.599673608870E-003     0.341813957056E-003     0.173905346572E-005     0.218513513994E-003
     0.128476196562E+003     0.599673608870E-003     0.341813957056E-003     0.173905346572E-005     0.220252567460E-003
     0.129476196562E+003     0.599673608870E-003     0.341813957056E-003     0.173905346572E-005     0.221991620926E-003
     0.130476196562E+003     0.599673608870E-003     0.341813957056E-003     0.173905346572E-005     0.223730674391E-003
     0.131476196562E+003     0.599673608870E-003     0.341813957056E-003     0.173905346572E-005     0.225469727857E-003
     0.132476196562E+003     0.599673608870E-003     0.341813957056E-003     0.173905346572E-005     0.227208781323E-003
     0.133476196562E+003     0.599673608870E-003     0.341813957056E-003     0.173905346572E-005     0.228947834788E-003
     0.134476196562E+003     0.599673608870E-003     0.341813957056E-003     0.173905346572E-005     0.230686888254E-003
     0.135476196562E+003     0.599673608870E-003     0.341813957056E-003     0.173905346572E-005     0.232425941720E-003
     0.136476196562E+003     0.599673608870E-003     0.341813957056E-003     0.173905346572E-005     0.234164995186E-003
     0.137476196562E+003     0.599673608870E-003     0.341813957056E-003     0.173905346572E-005     0.235904048651E-003
     0.138476196562E+003     0.599673608870E-003     0.341813957056E-003     0.173905346572E-005     0.237643102117E-003
     0.139476196562E+003     0.599673608870E-003     0.341813957056E-003     0.173905346572E-005     0.239382155583E-003
     0.140476196562E+003     0.599673608870E-003     0.341813957056E-003     0.173905346572E-005     0.241121209048E-003
     0.141476196562E+003     0.599673608870E-003     0.341813957056E-003     0.173905346572E-005     0.242860262514E-003
     0.142476196562E+003     0.599673608870E-003     0.341813957056E-003     0.173905346572E-005     0.244599315980E-003
     0.143476196562E+003     0.599673608870E-003     0.341813957056E-003     0.173905346572E-005     0.246338369446E-003
     0.144476196562E+003     0.599673608870E-003     0.341813957056E-003     0.173905346572E-005     0.248077422911E-003
     0.145476196562E+003     0.599673608870E-003     0.341813957056E-003     0.173905346572E-005     0.249816476377E-003
     0.146476196562E+003     0.599673608870E-003     0.341813957056E-003     0.173905346572E-005     0.251555529843E-003
     0.147476196562E+003     0.599673608870E-003     0.341813957056E-003     0.173905346572E-005     0.253294583309E-003
     0.148476196562E+003     0.599673608870E-003     0.341813957056E-003     0.173905346572E-005     0.255033636774E-003
     0.149476196562E+003     0.599673608870E-003     0.341813957056E-003     0.173905346572E-005     0.256772690240E-003
     0.150476196562E+003     0.599673608870E-003     0.341813957056E-003     0.173905346572E-005     0.258511743706E-003
     0.151476196562E+003     0.599673608870E-003     0.341813957056E-003     0.173905346572E-005     0.260250797171E-003
     0.152476196562E+003     0.599673608870E-003     0.341813957056E-003     0.173905346572E-005     0.261989850637E-003
     0.153476196562E+003     0.599673608870E-003     0.341813957056E-003     0.173905346572E-005     0.263728904103E-003
     0.154476196562E+003     0.599673608870E-003     0.341813957056E-003     0.173905346572E-005     0.265467957569E-003
     0.155476196562E+003     0.599673608870E-003     0.341813957056E-003     0.173905346572E-005     0.267207011034E-003
     0.156476196562E+003     0.599673608870E-003     0.341813957056E-003     0.173905346572E-005     0.268946064500E-003
     0.157476196562E+003     0.599673608870E-003     0.341813957056E-003     0.173905346572E-005     0.270685117966E-003
     0.158476196562E+003     0.599673608870E-003     0.341813957056E-003     0.173905346572E-005     0.272424171432E-003
     0.159476196562E+003     0.599673608870E-003     0.341813957056E-003     0.173905346572E-005     0.274163224897E-003
     0.160476196562E+003     0.599673608870E-003     0.341813957056E-003     0.173905346572E-005     0.275902278363E-003
     0.161476196562E+003     0.599673608870E-003     0.341813957056E-003     0.173905346572E-005     0.277641331829E-003
     0.162476196562E+003     0.599673608870E-003     0.341813957056E-003     0.173905346572E-005     0.279380385294E-003
     0.163476196562E+003     0.599673608870E-003     0.341813957056E-003     0.173905346572E-005     0.281119438760E-003
     0.164476196562E+003     0.599673608870E-003     0.341813957056E-003     0.173905346572E-005     0.282858492226E-003
     0.165476196562E+003     0.599673608870E-003     0.341813957056E-003     0.173905346572E-005     0.284597545692E-003
     0.166476196562E+003     0.599673608870E-003     0.341813957056E-003     0.173905346572E-005     0.286336599157E-003
     0.167476196562E+003     0.599673608870E-003     0.341813957056E-003     0.173905346572E-005     0.288075652623E-003
     0.168476196562E+003     0.599673608870E-003     0.341813957056E-003     0.173905346572E-005     0.289814706089E-003
     0.169476196562E+003     0.599673608870E-003     0.341813957056E-003     0.173905346572E-005     0.291553759554E-003
     0.170476196562E+003     0.599673608870E-003     0.341813957056E-003     0.173905346572E-005     0.293292813020E-003
     0.171476196562E+003     0.599673608870E-003     0.341813957056E-003     0.173905346572E-005     0.295031866486E-003
     0.172476196562E+003     0.599673608870E-003     0.341813957056E-003     0.173905346572E-005     0.296770919952E-003
     0.173476196562E+003     0.599673608870E-003     0.341813957056E-003     0.173905346572E-005     0.298509973417E-003
     0.174476196562E+003     0.599673608870E-003     0.341813957056E-003     0.173905346572E-005     0.300249026883E-003
     0.175476196562E+003     0.599673608870E-003     0.341813957056E-003     0.173905346572E-005     0.301988080349E-003
     0.176476196562E+003     0.599673608870E-003     0.341813957056E-003     0.173905346572E-005     0.303727133815E-003
     0.177476196562E+003     0.599673608870E-003     0.341813957056E-003     0.173905346572E-005     0.305466187280E-003
     0.178476196562E+003     0.599673608870E-003     0.341813957056E-003     0.173905346572E-005     0.307205240746E-003
     0.179476196562E+003     0.599673608870E-003     0.341813957056E-003     0.173905346572E-005     0.308944294212E-003
     0.180476196562E+003     0.599673608870E-003     0.341813957056E-003     0.173905346572E-005     0.310683347677E-003
     0.181476196562E+003     0.599673608870E-003     0.341813957056E-003     0.173905346572E-005     0.312422401143E-003
     0.182476196562E+003     0.599673608870E-003     0.341813957056E-003     0.173905346572E-005     0.314161454609E-003
     0.183476196562E+003     0.599673608870E-003     0.341813957056E-003     0.173905346572E-005     0.315900508075E-003
     0.184476196562E+003     0.599673608870E-003     0.341813957056E-003     0.173905346572E-005     0.317639561540E-003
     0.185476196562E+003     0.599673608870E-003     0.341813957056E-003     0.173905346572E-005     0.319378615006E-003
     0.186476196562E+003     0.599673608870E-003     0.341813957056E-003     0.173905346572E-005     0.321117668472E-003
     0.187476196562E+003     0.599673608870E-003     0.341813957056E-003     0.173905346572E-005     0.322856721937E-003
     0.188476196562E+003     0.599673608870E-003     0.341813957056E-003     0.173905346572E-005     0.324595775403E-003
     0.189476196562E+003     0.599673608870E-003     0.341813957056E-003     0.173905346572E-005     0.326334828869E-003
     0.190476196562E+003     0.599673608870E-003     0.341813957056E-003     0.173905346572E-005     0.328073882335E-003
     0.191476196562E+003     0.599673608870E-003     0.341813957056E-003     0.173905346572E-005     0.329812935800E-003
     0.192476196562E+003     0.599673608870E-003     0.341813957056E-003     0.173905346572E-005     0.331551989266E-003
     0.193476196562E+003     0.599673608870E-003     0.341813957056E-003     0.173905346572E-005     0.333291042732E-003
     0.194476196562E+003     0.599673608870E-003     0.341813957056E-003     0.173905346572E-005     0.335030096198E-003
     0.195476196562E+003     0.599673608870E-003     0.341813957056E-003     0.173905346572E-005     0.336769149663E-003
     0.196476196562E+003     0.599673608870E-003     0.341813957056E-003     0.173905346572E-005     0.338508203129E-003
     0.197476196562E+003     0.599673608870E-003     0.341813957056E-003     0.173905346572E-005     0.340247256595E-003
     0.198476196562E+003     0.599673608870E-003     0.341813957056E-003     0.173905346572E-005     0.341986310060E-003
     0.199476196562E+003     0.599673608870E-003     0.341813957056E-003     0.173905346572E-005     0.343725363526E-003
     0.200476196562E+003     0.599673608870E-003     0.341813957056E-003     0.173905346572E-005     0.345464416992E-003
     0.201476196562E+003     0.599673608870E-003     0.341813957056E-003     0.173905346572E-005     0.347203470458E-003
     0.202476196562E+003     0.599673608870E-003     0.341813957056E-003     0.173905346572E-005     0.348942523923E-003
     0.203476196562E+003     0.599673608870E-003     0.341813957056E-003     0.173905346572E-005     0.350681577389E-003
     0.204476196562E+003     0.599673608870E-003     0.341813957056E-003     0.173905346572E-005     0.352420630855E-003
     0.205476196562E+003     0.599673608870E-003     0.341813957056E-003     0.173905346572E-005     0.354159684321E-003
     0.206476196562E+003     0.599673608870E-003     0.341813957056E-003     0.173905346572E-005     0.355898737786E-003
     0.207476196562E+003     0.599673608870E-003     0.341813957056E-003     0.173905346572E-005     0.357637791252E-003
     0.208476196562E+003     0.599673608870E-003     0.341813957056E-003     0.173905346572E-005     0.359376844718E-003
     0.209476196562E+003     0.599673608870E-003     0.341813957056E-003     0.173905346572E-005     0.361115898183E-003
     0.210476196562E+003     0.599673608870E-003     0.341813957056E-003     0.173905346572E-005     0.362854951649E-003
     0.211476196562E+003     0.599673608870E-003     0.341813957056E-003     0.173905346572E-005     0.364594005115E-003
     0.212476196562E+003     0.599673608870E-003     0.341813957056E-003     0.173905346572E-005     0.366333058581E-003
     0.213476196562E+003     0.599673608870E-003     0.341813957056E-003     0.173905346572E-005     0.368072112046E-003
     0.214476196562E+003     0.599673608870E-003     0.341813957056E-003     0.173905346572E-005     0.369811165512E-003
     0.215476196562E+003     0.599673608870E-003     0.341813957056E-003     0.173905346572E-005     0.371550218978E-003
     0.216476196562E+003     0.599673608870E-003     0.341813957056E-003     0.173905346572E-005     0.373289272443E-003
     0.217476196562E+003     0.599673608870E-003     0.341813957056E-003     0.173905346572E-005     0.375028325909E-003
     0.218476196562E+003     0.599673608870E-003     0.341813957056E-003     0.173905346572E-005     0.376767379375E-003
     0.219476196562E+003     0.599673608870E-003     0.341813957056E-003     0.173905346572E-005     0.378506432841E-003
     0.220476196562E+003     0.599673608870E-003     0.341813957056E-003     0.173905346572E-005     0.380245486306E-003
     0.221476196562E+003     0.599673608870E-003     0.341813957056E-003     0.173905346572E-005     0.381984539772E-003
     0.222476196562E+003     0.599673608870E-003     0.341813957056E-003     0.173905346572E-005     0.383723593238E-003
     0.223476196562E+003     0.599673608870E-003     0.341813957056E-003     0.173905346572E-005     0.385462646704E-003
     0.224476196562E+003     0.599673608870E-003     0.341813957056E-003     0.173905346572E-005     0.387201700169E-003
     0.225476196562E+003     0.599673608870E-003     0.341813957056E-003     0.173905346572E-005     0.388940753635E-003
     0.226476196562E+003     0.599673608870E-003     0.341813957056E-003     0.173905346572E-005     0.390679807101E-003
     0.227476196562E+003     0.599673608870E-003     0.341813957056E-003     0.173905346572E-005     0.392418860566E-003
     0.228476196562E+003     0.599673608870E-003     0.341813957056E-003     0.173905346572E-005     0.394157914032E-003
     0.229476196562E+003     0.599673608870E-003     0.341813957056E-003     0.173905346572E-005     0.395896967498E-003
     0.230476196562E+003     0.599673608870E-003     0.341813957056E-003     0.173905346572E-005     0.397636020964E-003
     0.231476196562E+003     0.599673608870E-003     0.341813957056E-003     0.173905346572E-005     0.399375074429E-003
     0.232476196562E+003     0.599673608870E-003     0.341813957056E-003     0.173905346572E-005     0.401114127895E-003
     0.233476196562E+003     0.599673608870E-003     0.341813957056E-003     0.173905346572E-005     0.402853181361E-003
     0.234476196562E+003     0.599673608870E-003     0.341813957056E-003     0.173905346572E-005     0.404592234826E-003
     0.235476196562E+003     0.599673608870E-003     0.341813957056E-003     0.173905346572E-005     0.406331288292E-003
     0.236476196562E+003     0.599673608870E-003     0.341813957056E-003     0.173905346572E-005     0.408070341758E-003
     0.237476196562E+003     0.599673608870E-003     0.341813957056E-003     0.173905346572E-005     0.409809395224E-003
     0.238476196562E+003     0.599673608870E-003     0.341813957056E-003     0.173905346572E-005     0.411548448689E-003
     0.239476196562E+003     0.599673608870E-003     0.341813957056E-003     0.173905346572E-005     0.413287502155E-003
     0.240476196562E+003     0.599673608870E-003     0.341813957056E-003     0.173905346572E-005     0.415026555621E-003
     0.241476196562E+003     0.599673608870E-003     0.341813957056E-003     0.173905346572E-005     0.416765609087E-003
     0.242476196562E+003     0.599673608870E-003     0.341813957056E-003     0.173905346572E-005     0.418504662552E-003
     0.243476196562E+003     0.599673608870E-003     0.341813957056E-003     0.173905346572E-005     0.420243716018E-003
     0.244476196562E+003     0.599673608870E-003     0.341813957056E-003     0.173905346572E-005     0.421982769484E-003
     0.245476196562E+003     0.599673608870E-003     0.341813957056E-003     0.173905346572E-005     0.423721822949E-003
     0.246476196562E+003     0.599673608870E-003     0.341813957056E-003     0.173905346572E-005     0.425460876415E-003
     0.247476196562E+003     0.599673608870E-003     0.341813957056E-003     0.173905346572E-005     0.427199929881E-003
     0.248476196562E+003     0.599673608870E-003     0.341813957056E-003     0.173905346572E-005     0.428938983347E-003
     0.249476196562E+003     0.599673608870E-003     0.341813957056E-003     0.173905346572E-005     0.430678036812E-003
     0.250476196562E+003     0.599673608870E-003     0.341813957056E-003     0.173905346572E-005     0.432417090278E-003
     0.251476196562E+003     0.599673608870E-003     0.341813957056E-003     0.173905346572E-005     0.434156143744E-003
     0.252476196562E+003     0.599673608870E-003     0.341813957056E-003     0.173905346572E-005     0.435895197210E-003
     0.253476196562E+003     0.599673608870E-003     0.341813957056E-003     0.173905346572E-005     0.437634250675E-003
     0.254476196562E+003     0.599673608870E-003     0.341813957056E-003     0.173905346572E-005     0.439373304141E-003
     0.255476196562E+003     0.599673608870E-003     0.341813957056E-003     0.173905346572E-005     0.441112357607E-003
     0.256476196562E+003     0.599673608870E-003     0.341813957056E-003     0.173905346572E-005     0.442851411072E-003
     0.257476196562E+003     0.599673608870E-003     0.341813957056E-003     0.173905346572E-005     0.444590464538E-003
     0.258476196562E+003     0.599673608870E-003     0.341813957056E-003     0.173905346572E-005     0.446329518004E-003
     0.259476196562E+003     0.599673608870E-003     0.341813957056E-003     0.173905346572E-005     0.448068571470E-003
     0.260476196562E+003     0.599673608870E-003     0.341813957056E-003     0.173905346572E-005     0.449807624935E-003
     0.261476196562E+003     0.599673608870E-003     0.341813957056E-003     0.173905346572E-005     0.451546678401E-003
     0.262476196562E+003     0.599673608870E-003     0.341813957056E-003     0.173905346572E-005     0.453285731867E-003
     0.263476196562E+003     0.599673608870E-003     0.341813957056E-003     0.173905346572E-005     0.455024785332E-003
     0.264476196562E+003     0.599673608870E-003     0.341813957056E-003     0.173905346572E-005     0.456763838798E-003
     0.265476196562E+003     0.599673608870E-003     0.341813957056E-003     0.173905346572E-005     0.458502892264E-003
     0.266476196562E+003     0.599673608870E-003     0.341813957056E-003     0.173905346572E-005     0.460241945730E-003
     0.267476196562E+003     0.599673608870E-003     0.341813957056E-003     0.173905346572E-005     0.461980999195E-003
     0.268476196562E+003     0.599673608870E-003     0.341813957056E-003     0.173905346572E-005     0.463720052661E-003
     0.269476196562E+003     0.599673608870E-003     0.341813957056E-003     0.173905346572E-005     0.465459106127E-003
     0.270476196562E+003     0.599673608870E-003     0.341813957056E-003     0.173905346572E-005     0.467198159593E-003
     0.271476196562E+003     0.599673608870E-003     0.341813957056E-003     0.173905346572E-005     0.468937213058E-003
     0.272476196562E+003     0.599673608870E-003     0.341813957056E-003     0.173905346572E-005     0.470676266524E-003
     0.273476196562E+003     0.599673608870E-003     0.341813957056E-003     0.173905346572E-005     0.472415319990E-003
     0.274476196562E+003     0.599673608870E-003     0.341813957056E-003     0.173905346572E-005     0.474154373455E-003
     0.275476196562E+003     0.599673608870E-003     0.341813957056E-003     0.173905346572E-005     0.475893426921E-003
     0.276476196562E+003     0.599673608870E-003     0.341813957056E-003     0.173905346572E-005     0.477632480387E-003
     0.277476196562E+003     0.599673608870E-003     0.341813957056E-003     0.173905346572E-005     0.479371533853E-003
     0.278476196562E+003     0.599673608870E-003     0.341813957056E-003     0.173905346572E-005     0.481110587318E-003
     0.279476196562E+003     0.599673608870E-003     0.341813957056E-003     0.173905346572E-005     0.482849640784E-003
     0.280476196562E+003     0.599673608870E-003     0.341813957056E-003     0.173905346572E-005     0.484588694250E-003
     0.281476196562E+003     0.599673608870E-003     0.341813957056E-003     0.173905346572E-005     0.486327747716E-003
     0.282476196562E+003     0.599673608870E-003     0.341813957056E-003     0.173905346572E-005     0.488066801181E-003
     0.283476196562E+003     0.599673608870E-003     0.341813957056E-003     0.173905346572E-005     0.489805854647E-003
     0.284476196562E+003     0.599673608870E-003     0.341813957056E-003     0.173905346572E-005     0.491544908113E-003
     0.285476196562E+003     0.599673608870E-003     0.341813957056E-003     0.173905346572E-005     0.493283961578E-003
     0.286476196562E+003     0.599673608870E-003     0.341813957056E-003     0.173905346572E-005     0.495023015044E-003
     0.287476196562E+003     0.599673608870E-003     0.341813957056E-003     0.173905346572E-005     0.496762068510E-003
     0.288476196562E+003     0.599673608870E-003     0.341813957056E-003     0.173905346572E-005     0.498501121976E-003
     0.289476196562E+003     0.599673608870E-003     0.341813957056E-003     0.173905346572E-005     0.500240175441E-003
     0.290476196562E+003     0.599673608870E-003     0.341813957056E-003     0.173905346572E-005     0.501979228907E-003
     0.291476196562E+003     0.599673608870E-003     0.341813957056E-003     0.173905346572E-005     0.503718282373E-003
     0.292476196562E+003     0.599673608870E-003     0.341813957056E-003     0.173905346572E-005     0.505457335838E-003
     0.293476196562E+003     0.599673608870E-003     0.341813957056E-003     0.173905346572E-005     0.507196389304E-003
     0.294476196562E+003     0.599673608870E-003     0.341813957056E-003     0.173905346572E-005     0.508935442770E-003
     0.295476196562E+003     0.599673608870E-003     0.341813957056E-003     0.173905346572E-005     0.510674496236E-003
     0.296476196562E+003     0.599673608870E-003     0.341813957056E-003     0.173905346572E-005     0.512413549701E-003
     0.297476196562E+003     0.599673608870E-003     0.341813957056E-003     0.173905346572E-005     0.514152603167E-003
     0.298476196562E+003     0.599673608870E-003     0.341813957056E-003     0.173905346572E-005     0.515891656633E-003
     0.299476196562E+003     0.599673608870E-003     0.341813957056E-003     0.173905346572E-005     0.517630710099E-003
     0.300476196562E+003     0.599673608870E-003     0.341813957056E-003     0.173905346572E-005     0.519369763564E-003
     0.301476196562E+003     0.599673608870E-003     0.341813957056E-003     0.173905346572E-005     0.521108817030E-003
     0.302476196562E+003     0.599673608870E-003     0.341813957056E-003     0.173905346572E-005     0.522847870496E-003
     0.303476196562E+003     0.599673608870E-003     0.341813957056E-003     0.173905346572E-005     0.524586923961E-003
     0.304476196562E+003     0.599673608870E-003     0.341813957056E-003     0.173905346572E-005     0.526325977427E-003
     0.305476196562E+003     0.599673608870E-003     0.341813957056E-003     0.173905346572E-005     0.528065030893E-003
     0.306476196562E+003     0.599673608870E-003     0.341813957056E-003     0.173905346572E-005     0.529804084359E-003
     0.307476196562E+003     0.599673608870E-003     0.341813957056E-003     0.173905346572E-005     0.531543137824E-003
     0.308476196562E+003     0.599673608870E-003     0.341813957056E-003     0.173905346572E-005     0.533282191290E-003
     0.309476196562E+003     0.599673608870E-003     0.341813957056E-003     0.173905346572E-005     0.535021244756E-003
     0.310476196562E+003     0.599673608870E-003     0.341813957056E-003     0.173905346572E-005     0.536760298221E-003
     0.311476196562E+003     0.599673608870E-003     0.341813957056E-003     0.173905346572E-005     0.538499351687E-003
     0.312476196562E+003     0.599673608870E-003     0.341813957056E-003     0.173905346572E-005     0.540238405153E-003
     0.313476196562E+003     0.599673608870E-003     0.341813957056E-003     0.173905346572E-005     0.541977458619E-003
     0.314476196562E+003     0.599673608870E-003     0.341813957056E-003     0.173905346572E-005     0.543716512084E-003
     0.315476196562E+003     0.599673608870E-003     0.341813957056E-003     0.173905346572E-005     0.545455565550E-003
     0.316476196562E+003     0.599673608870E-003     0.341813957056E-003     0.173905346572E-005     0.547194619016E-003
     0.317476196562E+003     0.599673608870E-003     0.341813957056E-003     0.173905346572E-005     0.548933672482E-003
     0.318476196562E+003     0.599673608870E-003     0.341813957056E-003     0.173905346572E-005     0.550672725947E-003
     0.319476196562E+003     0.599673608870E-003     0.341813957056E-003     0.173905346572E-005     0.552411779413E-003
     0.320476196562E+003     0.599673608870E-003     0.341813957056E-003     0.173905346572E-005     0.554150832879E-003
     0.321476196562E+003     0.599673608870E-003     0.341813957056E-003     0.173905346572E-005     0.555889886344E-003
     0.322476196562E+003     0.599673608870E-003     0.341813957056E-003     0.173905346572E-005     0.557628939810E-003
     0.323476196562E+003     0.599673608870E-003     0.341813957056E-003     0.173905346572E-005     0.559367993276E-003
     0.324476196562E+003     0.599673608870E-003     0.341813957056E-003     0.173905346572E-005     0.561107046742E-003
     0.325476196562E+003     0.599673608870E-003     0.341813957056E-003     0.173905346572E-005     0.562846100207E-003
     0.326476196562E+003     0.599673608870E-003     0.341813957056E-003     0.173905346572E-005     0.564585153673E-003
     0.327476196562E+003     0.599673608870E-003     0.341813957056E-003     0.173905346572E-005     0.566324207139E-003
     0.328476196562E+003     0.599673608870E-003     0.341813957056E-003     0.173905346572E-005     0.568063260605E-003
     0.329476196562E+003     0.599673608870E-003     0.341813957056E-003     0.173905346572E-005     0.569802314070E-003
     0.330476196562E+003     0.599673608870E-003     0.341813957056E-003     0.173905346572E-005     0.571541367536E-003
     0.331476196562E+003     0.599673608870E-003     0.341813957056E-003     0.173905346572E-005     0.573280421002E-003
     0.332476196562E+003     0.599673608870E-003     0.341813957056E-003     0.173905346572E-005     0.575019474467E-003
     0.333476196562E+003     0.599673608870E-003     0.341813957056E-003     0.173905346572E-005     0.576758527933E-003
     0.334476196562E+003     0.599673608870E-003     0.341813957056E-003     0.173905346572E-005     0.578497581399E-003
     0.335476196562E+003     0.599673608870E-003     0.341813957056E-003     0.173905346572E-005     0.580236634865E-003
     0.336476196562E+003     0.599673608870E-003     0.341813957056E-003     0.173905346572E-005     0.581975688330E-003
     0.337476196562E+003     0.599673608870E-003     0.341813957056E-003     0.173905346572E-005     0.583714741796E-003
     0.338476196562E+003     0.599673608870E-003     0.341813957056E-003     0.173905346572E-005     0.585453795262E-003
     0.339476196562E+003     0.599673608870E-003     0.341813957056E-003     0.173905346572E-005     0.587192848727E-003
     0.340476196562E+003     0.599673608870E-003     0.341813957056E-003     0.173905346572E-005     0.588931902193E-003
     0.341476196562E+003     0.599673608870E-003     0.341813957056E-003     0.173905346572E-005     0.590670955659E-003
     0.342476196562E+003     0.599673608870E-003     0.341813957056E-003     0.173905346572E-005     0.592410009125E-003
     0.343476196562E+003     0.599673608870E-003     0.341813957056E-003     0.173905346572E-005     0.594149062590E-003
     0.344476196562E+003     0.599673608870E-003     0.341813957056E-003     0.173905346572E-005     0.595888116056E-003
     0.345476196562E+003     0.599673608870E-003     0.341813957056E-003     0.173905346572E-005     0.597627169522E-003
     0.346476196562E+003     0.599673608870E-003     0.341813957056E-003     0.173905346572E-005     0.599366222988E-003
     0.347476196562E+003     0.599673608870E-003     0.341813957056E-003     0.173905346572E-005     0.601105276453E-003
     0.348476196562E+003     0.599673608870E-003     0.341813957056E-003     0.173905346572E-005     0.602844329919E-003
     0.349476196562E+003     0.599673608870E-003     0.341813957056E-003     0.173905346572E-005     0.604583383385E-003
     0.350476196562E+003     0.599673608870E-003     0.341813957056E-003     0.173905346572E-005     0.606322436850E-003
     0.351476196562E+003     0.599673608870E-003     0.341813957056E-003     0.173905346572E-005     0.608061490316E-003
     0.352476196562E+003     0.599673608870E-003     0.341813957056E-003     0.173905346572E-005     0.609800543782E-003
     0.353476196562E+003     0.599673608870E-003     0.341813957056E-003     0.173905346572E-005     0.611539597248E-003
     0.354476196562E+003     0.599673608870E-003     0.341813957056E-003     0.173905346572E-005     0.613278650713E-003
     0.355476196562E+003     0.599673608870E-003     0.341813957056E-003     0.173905346572E-005     0.615017704179E-003
     0.356476196562E+003     0.599673608870E-003     0.341813957056E-003     0.173905346572E-005     0.616756757645E-003
     0.357476196562E+003     0.599673608870E-003     0.341813957056E-003     0.173905346572E-005     0.618495811110E-003
     0.358476196562E+003     0.599673608870E-003     0.341813957056E-003     0.173905346572E-005     0.620234864576E-003
     0.359476196562E+003     0.599673608870E-003     0.341813957056E-003     0.173905346572E-005     0.621973918042E-003
     0.360476196562E+003     0.599673608870E-003     0.341813957056E-003     0.173905346572E-005     0.623712971508E-003
     0.361476196562E+003     0.599673608870E-003     0.341813957056E-003     0.173905346572E-005     0.625452024973E-003
     0.362476196562E+003     0.599673608870E-003     0.341813957056E-003     0.173905346572E-005     0.627191078439E-003
     0.363476196562E+003     0.599673608870E-003     0.341813957056E-003     0.173905346572E-005     0.628930131905E-003
     0.364476196562E+003     0.599673608870E-003     0.341813957056E-003     0.173905346572E-005     0.630669185371E-003
     0.365476196562E+003     0.599673608870E-003     0.341813957056E-003     0.173905346572E-005     0.632408238836E-003
     0.366476196562E+003     0.599673608870E-003     0.341813957056E-003     0.173905346572E-005     0.634147292302E-003
     0.367476196562E+003     0.599673608870E-003     0.341813957056E-003     0.173905346572E-005     0.635886345768E-003
     0.368476196562E+003     0.599673608870E-003     0.341813957056E-003     0.173905346572E-005     0.637625399233E-003
     0.369476196562E+003     0.599673608870E-003     0.341813957056E-003     0.173905346572E-005     0.639364452699E-003
     0.370476196562E+003     0.599673608870E-003     0.341813957056E-003     0.173905346572E-005     0.641103506165E-003
     0.371476196562E+003     0.599673608870E-003     0.341813957056E-003     0.173905346572E-005     0.642842559631E-003
     0.372476196562E+003     0.599673608870E-003     0.341813957056E-003     0.173905346572E-005     0.644581613096E-003
     0.373476196562E+003     0.599673608870E-003     0.341813957056E-003     0.173905346572E-005     0.646320666562E-003
     0.374476196562E+003     0.599673608870E-003     0.341813957056E-003     0.173905346572E-005     0.648059720028E-003
     0.375476196562E+003     0.599673608870E-003     0.341813957056E-003     0.173905346572E-005     0.649798773494E-003
     0.376476196562E+003     0.599673608870E-003     0.341813957056E-003     0.173905346572E-005     0.651537826959E-003
     0.377476196562E+003     0.599673608870E-003     0.341813957056E-003     0.173905346572E-005     0.653276880425E-003
     0.378476196562E+003     0.599673608870E-003     0.341813957056E-003     0.173905346572E-005     0.655015933891E-003
     0.379476196562E+003     0.599673608870E-003     0.341813957056E-003     0.173905346572E-005     0.656754987356E-003
     0.380476196562E+003     0.599673608870E-003     0.341813957056E-003     0.173905346572E-005     0.658494040822E-003
     0.381476196562E+003     0.599673608870E-003     0.341813957056E-003     0.173905346572E-005     0.660233094288E-003
     0.382476196562E+003     0.599673608870E-003     0.341813957056E-003     0.173905346572E-005     0.661972147754E-003
     0.383476196562E+003     0.599673608870E-003     0.341813957056E-003     0.173905346572E-005     0.663711201219E-003
     0.384476196562E+003     0.599673608870E-003     0.341813957056E-003     0.173905346572E-005     0.665450254685E-003
     0.385476196562E+003     0.599673608870E-003     0.341813957056E-003     0.173905346572E-005     0.667189308151E-003
     0.386476196562E+003     0.599673608870E-003     0.341813957056E-003     0.173905346572E-005     0.668928361616E-003
     0.387476196562E+003     0.599673608870E-003     0.341813957056E-003     0.173905346572E-005     0.670667415082E-003
     0.388476196562E+003     0.599673608870E-003     0.341813957056E-003     0.173905346572E-005     0.672406468548E-003
     0.389476196562E+003     0.599673608870E-003     0.341813957056E-003     0.173905346572E-005     0.674145522014E-003
     0.390476196562E+003     0.599673608870E-003     0.341813957056E-003     0.173905346572E-005     0.675884575479E-003
     0.391476196562E+003     0.599673608870E-003     0.341813957056E-003     0.173905346572E-005     0.677623628945E-003
     0.392476196562E+003     0.599673608870E-003     0.341813957056E-003     0.173905346572E-005     0.679362682411E-003
     0.393476196562E+003     0.599673608870E-003     0.341813957056E-003     0.173905346572E-005     0.681101735877E-003
     0.394476196562E+003     0.599673608870E-003     0.341813957056E-003     0.173905346572E-005     0.682840789342E-003
     0.395476196562E+003     0.599673608870E-003     0.341813957056E-003     0.173905346572E-005     0.684579842808E-003
     0.396476196562E+003     0.599673608870E-003     0.341813957056E-003     0.173905346572E-005     0.686318896274E-003
     0.397476196562E+003     0.599673608870E-003     0.341813957056E-003     0.173905346572E-005     0.688057949739E-003
     0.398476196562E+003     0.599673608870E-003     0.341813957056E-003     0.173905346572E-005     0.689797003205E-003
     0.399476196562E+003     0.599673608870E-003     0.341813957056E-003     0.173905346572E-005     0.691536056671E-003
     0.400476196562E+003     0.599673608870E-003     0.341813957056E-003     0.173905346572E-005     0.693275110137E-003
     0.401476196562E+003     0.599673608870E-003     0.341813957056E-003     0.173905346572E-005     0.695014163602E-003
     0.402476196562E+003     0.599673608870E-003     0.341813957056E-003     0.173905346572E-005     0.696753217068E-003
     0.403476196562E+003     0.599673608870E-003     0.341813957056E-003     0.173905346572E-005     0.698492270534E-003
     0.404476196562E+003     0.599673608870E-003     0.341813957056E-003     0.173905346572E-005     0.700231323999E-003
     0.405476196562E+003     0.599673608870E-003     0.341813957056E-003     0.173905346572E-005     0.701970377465E-003
     0.406476196562E+003     0.599673608870E-003     0.341813957056E-003     0.173905346572E-005     0.703709430931E-003
     0.407476196562E+003     0.599673608870E-003     0.341813957056E-003     0.173905346572E-005     0.705448484397E-003
     0.408476196562E+003     0.599673608870E-003     0.341813957056E-003     0.173905346572E-005     0.707187537862E-003
     0.409476196562E+003     0.599673608870E-003     0.341813957056E-003     0.173905346572E-005     0.708926591328E-003
     0.410476196562E+003     0.599673608870E-003     0.341813957056E-003     0.173905346572E-005     0.710665644794E-003
     0.411476196562E+003     0.599673608870E-003     0.341813957056E-003     0.173905346572E-005     0.712404698260E-003
     0.412476196562E+003     0.599673608870E-003     0.341813957056E-003     0.173905346572E-005     0.714143751725E-003
     0.413476196562E+003     0.599673608870E-003     0.341813957056E-003     0.173905346572E-005     0.715882805191E-003
     0.414476196562E+003     0.599673608870E-003     0.341813957056E-003     0.173905346572E-005     0.717621858657E-003
     0.415476196562E+003     0.599673608870E-003     0.341813957056E-003     0.173905346572E-005     0.719360912122E-003
     0.416476196562E+003     0.599673608870E-003     0.341813957056E-003     0.173905346572E-005     0.721099965588E-003
     0.417476196562E+003     0.599673608870E-003     0.341813957056E-003     0.173905346572E-005     0.722839019054E-003
     0.418476196562E+003     0.599673608870E-003     0.341813957056E-003     0.173905346572E-005     0.724578072520E-003
     0.419476196562E+003     0.599673608870E-003     0.341813957056E-003     0.173905346572E-005     0.726317125985E-003
     0.420476196562E+003     0.599673608870E-003     0.341813957056E-003     0.173905346572E-005     0.728056179451E-003
     0.421476196562E+003     0.599673608870E-003     0.341813957056E-003     0.173905346572E-005     0.729795232917E-003
     0.422476196562E+003     0.599673608870E-003     0.341813957056E-003     0.173905346572E-005     0.731534286383E-003
     0.423476196562E+003     0.599673608870E-003     0.341813957056E-003     0.173905346572E-005     0.733273339848E-003
     0.424476196562E+003     0.599673608870E-003     0.341813957056E-003     0.173905346572E-005     0.735012393314E-003
     0.425476196562E+003     0.599673608870E-003     0.341813957056E-003     0.173905346572E-005     0.736751446780E-003
     0.426476196562E+003     0.599673608870E-003     0.341813957056E-003     0.173905346572E-005     0.738490500245E-003
     0.427476196562E+003     0.599673608870E-003     0.341813957056E-003     0.173905346572E-005     0.740229553711E-003
     0.428476196562E+003     0.599673608870E-003     0.341813957056E-003     0.173905346572E-005     0.741968607177E-003
     0.429476196562E+003     0.599673608870E-003     0.341813957056E-003     0.173905346572E-005     0.743707660643E-003
     0.430476196562E+003     0.599673608870E-003     0.341813957056E-003     0.173905346572E-005     0.745446714108E-003
     0.431476196562E+003     0.599673608870E-003     0.341813957056E-003     0.173905346572E-005     0.747185767574E-003
     0.432476196562E+003     0.599673608870E-003     0.341813957056E-003     0.173905346572E-005     0.748924821040E-003
     0.433476196562E+003     0.599673608870E-003     0.341813957056E-003     0.173905346572E-005     0.750663874505E-003
     0.434476196562E+003     0.599673608870E-003     0.341813957056E-003     0.173905346572E-005     0.752402927971E-003
     0.435476196562E+003     0.599673608870E-003     0.341813957056E-003     0.173905346572E-005     0.754141981437E-003
     0.436476196562E+003     0.599673608870E-003     0.341813957056E-003     0.173905346572E-005     0.755881034903E-003
     0.437476196562E+003     0.599673608870E-003     0.341813957056E-003     0.173905346572E-005     0.757620088368E-003
     0.438476196562E+003     0.599673608870E-003     0.341813957056E-003     0.173905346572E-005     0.759359141834E-003
     0.439476196562E+003     0.599673608870E-003     0.341813957056E-003     0.173905346572E-005     0.761098195300E-003
     0.440476196562E+003     0.599673608870E-003     0.341813957056E-003     0.173905346572E-005     0.762837248766E-003
     0.441476196562E+003     0.599673608870E-003     0.341813957056E-003     0.173905346572E-005     0.764576302231E-003
     0.442476196562E+003     0.599673608870E-003     0.341813957056E-003     0.173905346572E-005     0.766315355697E-003
     0.443476196562E+003     0.599673608870E-003     0.341813957056E-003     0.173905346572E-005     0.768054409163E-003
     0.444476196562E+003     0.599673608870E-003     0.341813957056E-003     0.173905346572E-005     0.769793462628E-003
     0.445476196562E+003     0.599673608870E-003     0.341813957056E-003     0.173905346572E-005     0.771532516094E-003
     0.446476196562E+003     0.599673608870E-003     0.341813957056E-003     0.173905346572E-005     0.773271569560E-003
     0.447476196562E+003     0.599673608870E-003     0.341813957056E-003     0.173905346572E-005     0.775010623026E-003
     0.448476196562E+003     0.599673608870E-003     0.341813957056E-003     0.173905346572E-005     0.776749676491E-003
     0.449476196562E+003     0.599673608870E-003     0.341813957056E-003     0.173905346572E-005     0.778488729957E-003
     0.450476196562E+003     0.599673608870E-003     0.341813957056E-003     0.173905346572E-005     0.780227783423E-003
     0.451476196562E+003     0.599673608870E-003     0.341813957056E-003     0.173905346572E-005     0.781966836888E-003
     0.452476196562E+003     0.599673608870E-003     0.341813957056E-003     0.173905346572E-005     0.783705890354E-003
     0.453476196562E+003     0.599673608870E-003     0.341813957056E-003     0.173905346572E-005     0.785444943820E-003
     0.454476196562E+003     0.599673608870E-003     0.341813957056E-003     0.173905346572E-005     0.787183997286E-003
     0.455476196562E+003     0.599673608870E-003     0.341813957056E-003     0.173905346572E-005     0.788923050751E-003
     0.456476196562E+003     0.599673608870E-003     0.341813957056E-003     0.173905346572E-005     0.790662104217E-003
     0.457476196562E+003     0.599673608870E-003     0.341813957056E-003     0.173905346572E-005     0.792401157683E-003
     0.458476196562E+003     0.599673608870E-003     0.341813957056E-003     0.173905346572E-005     0.794140211149E-003
     0.459476196562E+003     0.599673608870E-003     0.341813957056E-003     0.173905346572E-005     0.795879264614E-003
     0.460476196562E+003     0.599673608870E-003     0.341813957056E-003     0.173905346572E-005     0.797618318080E-003
     0.461476196562E+003     0.599673608870E-003     0.341813957056E-003     0.173905346572E-005     0.799357371546E-003
     0.462476196562E+003     0.599673608870E-003     0.341813957056E-003     0.173905346572E-005     0.801096425011E-003
     0.463476196562E+003     0.599673608870E-003     0.341813957056E-003     0.173905346572E-005     0.802835478477E-003
     0.464476196562E+003     0.599673608870E-003     0.341813957056E-003     0.173905346572E-005     0.804574531943E-003
     0.465476196562E+003     0.599673608870E-003     0.341813957056E-003     0.173905346572E-005     0.806313585409E-003
     0.466476196562E+003     0.599673608870E-003     0.341813957056E-003     0.173905346572E-005     0.808052638874E-003
     0.467476196562E+003     0.599673608870E-003     0.341813957056E-003     0.173905346572E-005     0.809791692340E-003
     0.468476196562E+003     0.599673608870E-003     0.341813957056E-003     0.173905346572E-005     0.811530745806E-003
     0.469476196562E+003     0.599673608870E-003     0.341813957056E-003     0.173905346572E-005     0.813269799272E-003
     0.470476196562E+003     0.599673608870E-003     0.341813957056E-003     0.173905346572E-005     0.815008852737E-003
     0.471476196562E+003     0.599673608870E-003     0.341813957056E-003     0.173905346572E-005     0.816747906203E-003
     0.472476196562E+003     0.599673608870E-003     0.341813957056E-003     0.173905346572E-005     0.818486959669E-003
     0.473476196562E+003     0.599673608870E-003     0.341813957056E-003     0.173905346572E-005     0.820226013134E-003
     0.474476196562E+003     0.599673608870E-003     0.341813957056E-003     0.173905346572E-005     0.821965066600E-003
     0.475476196562E+003     0.599673608870E-003     0.341813957056E-003     0.173905346572E-005     0.823704120066E-003
     0.476476196562E+003     0.599673608870E-003     0.341813957056E-003     0.173905346572E-005     0.825443173532E-003
     0.477476196562E+003     0.599673608870E-003     0.341813957056E-003     0.173905346572E-005     0.827182226997E-003
     0.478476196562E+003     0.599673608870E-003     0.341813957056E-003     0.173905346572E-005     0.828921280463E-003
     0.479476196562E+003     0.599673608870E-003     0.341813957056E-003     0.173905346572E-005     0.830660333929E-003
     0.480476196562E+003     0.599673608870E-003     0.341813957056E-003     0.173905346572E-005     0.832399387394E-003
     0.481476196562E+003     0.599673608870E-003     0.341813957056E-003     0.173905346572E-005     0.834138440860E-003
     0.482476196562E+003     0.599673608870E-003     0.341813957056E-003     0.173905346572E-005     0.835877494326E-003
     0.483476196562E+003     0.599673608870E-003     0.341813957056E-003     0.173905346572E-005     0.837616547792E-003
     0.484476196562E+003     0.599673608870E-003     0.341813957056E-003     0.173905346572E-005     0.839355601257E-003
     0.485476196562E+003     0.599673608870E-003     0.341813957056E-003     0.173905346572E-005     0.841094654723E-003
     0.486476196562E+003     0.599673608870E-003     0.341813957056E-003     0.173905346572E-005     0.842833708189E-003
     0.487476196562E+003     0.599673608870E-003     0.341813957056E-003     0.173905346572E-005     0.844572761655E-003
     0.488476196562E+003     0.599673608870E-003     0.341813957056E-003     0.173905346572E-005     0.846311815120E-003
     0.489476196562E+003     0.599673608870E-003     0.341813957056E-003     0.173905346572E-005     0.848050868586E-003
     0.490476196562E+003     0.599673608870E-003     0.341813957056E-003     0.173905346572E-005     0.849789922052E-003
     0.491476196562E+003     0.599673608870E-003     0.341813957056E-003     0.173905346572E-005     0.851528975517E-003
     0.492476196562E+003     0.599673608870E-003     0.341813957056E-003     0.173905346572E-005     0.853268028983E-003
     0.493476196562E+003     0.599673608870E-003     0.341813957056E-003     0.173905346572E-005     0.855007082449E-003
     0.494476196562E+003     0.599673608870E-003     0.341813957056E-003     0.173905346572E-005     0.856746135915E-003
     0.495476196562E+003     0.599673608870E-003     0.341813957056E-003     0.173905346572E-005     0.858485189380E-003
     0.496476196562E+003     0.599673608870E-003     0.341813957056E-003     0.173905346572E-005     0.860224242846E-003
     0.497476196562E+003     0.599673608870E-003     0.341813957056E-003     0.173905346572E-005     0.861963296312E-003
     0.498476196562E+003     0.599673608870E-003     0.341813957056E-003     0.173905346572E-005     0.863702349777E-003
     0.499476196562E+003     0.599673608870E-003     0.341813957056E-003     0.173905346572E-005     0.865441403243E-003
     0.500476196562E+003     0.599673608870E-003     0.341813957056E-003     0.173905346572E-005     0.867180456709E-003
     0.501476196562E+003     0.599673608870E-003     0.341813957056E-003     0.173905346572E-005     0.868919510175E-003
     0.502476196562E+003     0.599673608870E-003     0.341813957056E-003     0.173905346572E-005     0.870658563640E-003
     0.503476196562E+003     0.599673608870E-003     0.341813957056E-003     0.173905346572E-005     0.872397617106E-003
     0.504476196562E+003     0.599673608870E-003     0.341813957056E-003     0.173905346572E-005     0.874136670572E-003
     0.505476196562E+003     0.599673608870E-003     0.341813957056E-003     0.173905346572E-005     0.875875724038E-003
     0.506476196562E+003     0.599673608870E-003     0.341813957056E-003     0.173905346572E-005     0.877614777503E-003
     0.507476196562E+003     0.599673608870E-003     0.341813957056E-003     0.173905346572E-005     0.879353830969E-003
     0.508476196562E+003     0.599673608870E-003     0.341813957056E-003     0.173905346572E-005     0.881092884435E-003
     0.509476196562E+003     0.599673608870E-003     0.341813957056E-003     0.173905346572E-005     0.882831937900E-003
     0.510476196562E+003     0.599673608870E-003     0.341813957056E-003     0.173905346572E-005     0.884570991366E-003
     0.511476196562E+003     0.599673608870E-003     0.341813957056E-003     0.173905346572E-005     0.886310044832E-003
     0.512476196562E+003     0.599673608869E-003     0.341813957056E-003     0.173905346572E-005     0.888049098298E-003
     0.513476196562E+003     0.599673608869E-003     0.341813957056E-003     0.173905346572E-005     0.889788151763E-003
     0.514476196562E+003     0.599673608869E-003     0.341813957056E-003     0.173905346572E-005     0.891527205229E-003
     0.515476196562E+003     0.599673608869E-003     0.341813957056E-003     0.173905346572E-005     0.893266258695E-003
     0.516476196562E+003     0.599673608869E-003     0.341813957056E-003     0.173905346572E-005     0.895005312160E-003
     0.517476196562E+003     0.599673608869E-003     0.341813957056E-003     0.173905346572E-005     0.896744365626E-003
     0.518476196562E+003     0.599673608869E-003     0.341813957056E-003     0.173905346572E-005     0.898483419092E-003
     0.519476196562E+003     0.599673608869E-003     0.341813957056E-003     0.173905346572E-005     0.900222472558E-003
     0.520476196562E+003     0.599673608869E-003     0.341813957055E-003     0.173905346572E-005     0.901961526023E-003
     0.521476196562E+003     0.599673608869E-003     0.341813957055E-003     0.173905346572E-005     0.903700579489E-003
     0.522476196562E+003     0.599673608869E-003     0.341813957055E-003     0.173905346572E-005     0.905439632955E-003
     0.523476196562E+003     0.599673608869E-003     0.341813957055E-003     0.173905346572E-005     0.907178686420E-003
     0.524476196562E+003     0.599673608869E-003     0.341813957055E-003     0.173905346572E-005     0.908917739886E-003
     0.525476196562E+003     0.599673608869E-003     0.341813957055E-003     0.173905346572E-005     0.910656793352E-003
     0.526476196562E+003     0.599673608869E-003     0.341813957055E-003     0.173905346572E-005     0.912395846818E-003
     0.527476196562E+003     0.599673608869E-003     0.341813957055E-003     0.173905346572E-005     0.914134900283E-003
     0.528476196562E+003     0.599673608869E-003     0.341813957055E-003     0.173905346572E-005     0.915873953749E-003
     0.529476196562E+003     0.599673608869E-003     0.341813957055E-003     0.173905346572E-005     0.917613007215E-003
     0.530476196562E+003     0.599673608869E-003     0.341813957055E-003     0.173905346572E-005     0.919352060681E-003
     0.531476196562E+003     0.599673608869E-003     0.341813957055E-003     0.173905346572E-005     0.921091114146E-003
     0.532476196562E+003     0.599673608869E-003     0.341813957055E-003     0.173905346572E-005     0.922830167612E-003
     0.533476196562E+003     0.599673608869E-003     0.341813957055E-003     0.173905346572E-005     0.924569221078E-003
     0.534476196562E+003     0.599673608869E-003     0.341813957055E-003     0.173905346572E-005     0.926308274543E-003
     0.535476196562E+003     0.599673608869E-003     0.341813957055E-003     0.173905346572E-005     0.928047328009E-003
     0.536476196562E+003     0.599673608869E-003     0.341813957055E-003     0.173905346572E-005     0.929786381475E-003
     0.537476196562E+003     0.599673608869E-003     0.341813957055E-003     0.173905346572E-005     0.931525434941E-003
     0.538476196562E+003     0.599673608869E-003     0.341813957055E-003     0.173905346572E-005     0.933264488406E-003
     0.539476196562E+003     0.599673608869E-003     0.341813957055E-003     0.173905346572E-005     0.935003541872E-003
     0.540476196562E+003     0.599673608869E-003     0.341813957055E-003     0.173905346572E-005     0.936742595338E-003
     0.541476196562E+003     0.599673608869E-003     0.341813957055E-003     0.173905346572E-005     0.938481648803E-003
     0.542476196562E+003     0.599673608869E-003     0.341813957055E-003     0.173905346572E-005     0.940220702269E-003
     0.543476196562E+003     0.599673608868E-003     0.341813957055E-003     0.173905346572E-005     0.941959755735E-003
     0.544476196562E+003     0.599673608868E-003     0.341813957055E-003     0.173905346572E-005     0.943698809201E-003
     0.545476196562E+003     0.599673608868E-003     0.341813957055E-003     0.173905346572E-005     0.945437862666E-003
     0.546476196562E+003     0.599673608868E-003     0.341813957055E-003     0.173905346572E-005     0.947176916132E-003
     0.547476196562E+003     0.599673608868E-003     0.341813957055E-003     0.173905346572E-005     0.948915969598E-003
     0.548476196562E+003     0.599673608868E-003     0.341813957055E-003     0.173905346572E-005     0.950655023063E-003
     0.549476196562E+003     0.599673608868E-003     0.341813957055E-003     0.173905346572E-005     0.952394076529E-003
     0.550476196562E+003     0.599673608868E-003     0.341813957055E-003     0.173905346572E-005     0.954133129995E-003
     0.551476196562E+003     0.599673608868E-003     0.341813957055E-003     0.173905346572E-005     0.955872183461E-003
     0.552476196562E+003     0.599673608868E-003     0.341813957055E-003     0.173905346572E-005     0.957611236926E-003
     0.553476196562E+003     0.599673608868E-003     0.341813957055E-003     0.173905346572E-005     0.959350290392E-003
     0.554476196562E+003     0.599673608868E-003     0.341813957055E-003     0.173905346572E-005     0.961089343858E-003
     0.555476196562E+003     0.599673608868E-003     0.341813957055E-003     0.173905346572E-005     0.962828397323E-003
     0.556476196562E+003     0.599673608868E-003     0.341813957055E-003     0.173905346572E-005     0.964567450789E-003
     0.557476196562E+003     0.599673608868E-003     0.341813957055E-003     0.173905346572E-005     0.966306504255E-003
     0.558476196562E+003     0.599673608868E-003     0.341813957055E-003     0.173905346572E-005     0.968045557721E-003
     0.559476196562E+003     0.599673608868E-003     0.341813957055E-003     0.173905346571E-005     0.969784611186E-003
     0.560476196562E+003     0.599673608868E-003     0.341813957054E-003     0.173905346571E-005     0.971523664652E-003
     0.561476196562E+003     0.599673608867E-003     0.341813957054E-003     0.173905346571E-005     0.973262718118E-003
     0.562476196562E+003     0.599673608867E-003     0.341813957054E-003     0.173905346571E-005     0.975001771583E-003
     0.563476196562E+003     0.599673608867E-003     0.341813957054E-003     0.173905346571E-005     0.976740825049E-003
     0.564476196562E+003     0.599673608867E-003     0.341813957054E-003     0.173905346571E-005     0.978479878515E-003
     0.565476196562E+003     0.599673608867E-003     0.341813957054E-003     0.173905346571E-005     0.980218931981E-003
     0.566476196562E+003     0.599673608867E-003     0.341813957054E-003     0.173905346571E-005     0.981957985446E-003
     0.567476196562E+003     0.599673608867E-003     0.341813957054E-003     0.173905346571E-005     0.983697038912E-003
     0.568476196562E+003     0.599673608867E-003     0.341813957054E-003     0.173905346571E-005     0.985436092378E-003
     0.569476196562E+003     0.599673608867E-003     0.341813957054E-003     0.173905346571E-005     0.987175145843E-003
     0.570476196562E+003     0.599673608867E-003     0.341813957054E-003     0.173905346571E-005     0.988914199309E-003
     0.571476196562E+003     0.599673608867E-003     0.341813957054E-003     0.173905346571E-005     0.990653252775E-003
     0.572476196562E+003     0.599673608867E-003     0.341813957054E-003     0.173905346571E-005     0.992392306241E-003
     0.573476196562E+003     0.599673608867E-003     0.341813957054E-003     0.173905346571E-005     0.994131359706E-003
     0.574476196562E+003     0.599673608866E-003     0.341813957054E-003     0.173905346571E-005     0.995870413172E-003
     0.575476196562E+003     0.599673608866E-003     0.341813957054E-003     0.173905346571E-005     0.997609466638E-003
     0.576476196562E+003     0.599673608866E-003     0.341813957054E-003     0.173905346571E-005     0.999348520103E-003
     0.577476196562E+003     0.599673608866E-003     0.341813957054E-003     0.173905346571E-005     0.100108757357E-002
     0.578476196562E+003     0.599673608866E-003     0.341813957054E-003     0.173905346571E-005     0.100282662703E-002
     0.579476196562E+003     0.599673608866E-003     0.341813957054E-003     0.173905346571E-005     0.100456568050E-002
     0.580476196562E+003     0.599673608866E-003     0.341813957054E-003     0.173905346571E-005     0.100630473397E-002
     0.581476196562E+003     0.599673608866E-003     0.341813957053E-003     0.173905346571E-005     0.100804378743E-002
     0.582476196562E+003     0.599673608866E-003     0.341813957053E-003     0.173905346571E-005     0.100978284090E-002
     0.583476196562E+003     0.599673608866E-003     0.341813957053E-003     0.173905346571E-005     0.101152189436E-002
     0.584476196562E+003     0.599673608865E-003     0.341813957053E-003     0.173905346571E-005     0.101326094783E-002
     0.585476196562E+003     0.599673608865E-003     0.341813957053E-003     0.173905346571E-005     0.101500000129E-002
     0.586476196562E+003     0.599673608865E-003     0.341813957053E-003     0.173905346571E-005     0.101673905476E-002
     0.587476196562E+003     0.599673608865E-003     0.341813957053E-003     0.173905346571E-005     0.101847810823E-002
     0.588476196562E+003     0.599673608865E-003     0.341813957053E-003     0.173905346571E-005     0.102021716169E-002
     0.589476196562E+003     0.599673608865E-003     0.341813957053E-003     0.173905346571E-005     0.102195621516E-002
     0.590476196562E+003     0.599673608865E-003     0.341813957053E-003     0.173905346571E-005     0.102369526862E-002
     0.591476196562E+003     0.599673608865E-003     0.341813957053E-003     0.173905346570E-005     0.102543432209E-002
     0.592476196562E+003     0.599673608864E-003     0.341813957053E-003     0.173905346570E-005     0.102717337555E-002
     0.593476196562E+003     0.599673608864E-003     0.341813957053E-003     0.173905346570E-005     0.102891242902E-002
     0.594476196562E+003     0.599673608864E-003     0.341813957053E-003     0.173905346570E-005     0.103065148249E-002
     0.595476196562E+003     0.599673608864E-003     0.341813957052E-003     0.173905346570E-005     0.103239053595E-002
     0.596476196562E+003     0.599673608864E-003     0.341813957052E-003     0.173905346570E-005     0.103412958942E-002
     0.597476196562E+003     0.599673608864E-003     0.341813957052E-003     0.173905346570E-005     0.103586864288E-002
     0.598476196562E+003     0.599673608864E-003     0.341813957052E-003     0.173905346570E-005     0.103760769635E-002
     0.599476196562E+003     0.599673608863E-003     0.341813957052E-003     0.173905346570E-005     0.103934674981E-002
     0.600476196562E+003     0.599673608863E-003     0.341813957052E-003     0.173905346570E-005     0.104108580328E-002
     0.601476196562E+003     0.599673608863E-003     0.341813957052E-003     0.173905346570E-005     0.104282485675E-002
     0.602476196562E+003     0.599673608863E-003     0.341813957052E-003     0.173905346570E-005     0.104456391021E-002
     0.603476196562E+003     0.599673608863E-003     0.341813957052E-003     0.173905346570E-005     0.104630296368E-002
     0.604476196562E+003     0.599673608863E-003     0.341813957052E-003     0.173905346570E-005     0.104804201714E-002
     0.605476196562E+003     0.599673608862E-003     0.341813957052E-003     0.173905346570E-005     0.104978107061E-002
     0.606476196562E+003     0.599673608862E-003     0.341813957052E-003     0.173905346570E-005     0.105152012407E-002
     0.607476196562E+003     0.599673608862E-003     0.341813957051E-003     0.173905346570E-005     0.105325917754E-002
     0.608476196562E+003     0.599673608862E-003     0.341813957051E-003     0.173905346570E-005     0.105499823101E-002
     0.609476196562E+003     0.599673608862E-003     0.341813957051E-003     0.173905346570E-005     0.105673728447E-002
     0.610476196562E+003     0.599673608862E-003     0.341813957051E-003     0.173905346570E-005     0.105847633794E-002
     0.611476196562E+003     0.599673608861E-003     0.341813957051E-003     0.173905346569E-005     0.106021539140E-002
     0.612476196562E+003     0.599673608861E-003     0.341813957051E-003     0.173905346569E-005     0.106195444487E-002
     0.613476196562E+003     0.599673608861E-003     0.341813957051E-003     0.173905346569E-005     0.106369349833E-002
     0.614476196562E+003     0.599673608861E-003     0.341813957051E-003     0.173905346569E-005     0.106543255180E-002
     0.615476196562E+003     0.599673608861E-003     0.341813957051E-003     0.173905346569E-005     0.106717160527E-002
     0.616476196562E+003     0.599673608860E-003     0.341813957050E-003     0.173905346569E-005     0.106891065873E-002
     0.617476196562E+003     0.599673608860E-003     0.341813957050E-003     0.173905346569E-005     0.107064971220E-002
     0.618476196562E+003     0.599673608860E-003     0.341813957050E-003     0.173905346569E-005     0.107238876566E-002
     0.619476196562E+003     0.599673608860E-003     0.341813957050E-003     0.173905346569E-005     0.107412781913E-002
     0.620476196562E+003     0.599673608860E-003     0.341813957050E-003     0.173905346569E-005     0.107586687259E-002
     0.621476196562E+003     0.599673608859E-003     0.341813957050E-003     0.173905346569E-005     0.107760592606E-002
     0.622476196562E+003     0.599673608859E-003     0.341813957050E-003     0.173905346569E-005     0.107934497953E-002
     0.623476196562E+003     0.599673608859E-003     0.341813957050E-003     0.173905346569E-005     0.108108403299E-002
     0.624476196562E+003     0.599673608859E-003     0.341813957049E-003     0.173905346569E-005     0.108282308646E-002
     0.625476196562E+003     0.599673608858E-003     0.341813957049E-003     0.173905346569E-005     0.108456213992E-002
     0.626476196562E+003     0.599673608858E-003     0.341813957049E-003     0.173905346568E-005     0.108630119339E-002
     0.627476196562E+003     0.599673608858E-003     0.341813957049E-003     0.173905346568E-005     0.108804024685E-002
     0.628476196562E+003     0.599673608858E-003     0.341813957049E-003     0.173905346568E-005     0.108977930032E-002
     0.629476196562E+003     0.599673608857E-003     0.341813957049E-003     0.173905346568E-005     0.109151835379E-002
     0.630476196562E+003     0.599673608857E-003     0.341813957049E-003     0.173905346568E-005     0.109325740725E-002
     0.631476196562E+003     0.599673608857E-003     0.341813957048E-003     0.173905346568E-005     0.109499646072E-002
     0.632476196562E+003     0.599673608857E-003     0.341813957048E-003     0.173905346568E-005     0.109673551418E-002
     0.633476196562E+003     0.599673608856E-003     0.341813957048E-003     0.173905346568E-005     0.109847456765E-002
     0.634476196562E+003     0.599673608856E-003     0.341813957048E-003     0.173905346568E-005     0.110021362111E-002
     0.635476196562E+003     0.599673608856E-003     0.341813957048E-003     0.173905346568E-005     0.110195267458E-002
     0.636476196562E+003     0.599673608855E-003     0.341813957048E-003     0.173905346568E-005     0.110369172805E-002
     0.637476196562E+003     0.599673608855E-003     0.341813957047E-003     0.173905346567E-005     0.110543078151E-002
     0.638476196562E+003     0.599673608855E-003     0.341813957047E-003     0.173905346567E-005     0.110716983498E-002
     0.639476196562E+003     0.599673608855E-003     0.341813957047E-003     0.173905346567E-005     0.110890888844E-002
     0.640476196562E+003     0.599673608854E-003     0.341813957047E-003     0.173905346567E-005     0.111064794191E-002
     0.641476196562E+003     0.599673608854E-003     0.341813957047E-003     0.173905346567E-005     0.111238699537E-002
     0.642476196562E+003     0.599673608854E-003     0.341813957047E-003     0.173905346567E-005     0.111412604884E-002
     0.643476196562E+003     0.599673608853E-003     0.341813957046E-003     0.173905346567E-005     0.111586510230E-002
     0.644476196562E+003     0.599673608853E-003     0.341813957046E-003     0.173905346567E-005     0.111760415577E-002
     0.645476196562E+003     0.599673608853E-003     0.341813957046E-003     0.173905346567E-005     0.111934320924E-002
     0.646476196562E+003     0.599673608852E-003     0.341813957046E-003     0.173905346567E-005     0.112108226270E-002
     0.647476196562E+003     0.599673608852E-003     0.341813957046E-003     0.173905346566E-005     0.112282131617E-002
     0.648476196562E+003     0.599673608852E-003     0.341813957045E-003     0.173905346566E-005     0.112456036963E-002
     0.649476196562E+003     0.599673608851E-003     0.341813957045E-003     0.173905346566E-005     0.112629942310E-002
     0.650476196562E+003     0.599673608851E-003     0.341813957045E-003     0.173905346566E-005     0.112803847656E-002
     0.651476196562E+003     0.599673608850E-003     0.341813957045E-003     0.173905346566E-005     0.112977753003E-002
     0.652476196562E+003     0.599673608850E-003     0.341813957045E-003     0.173905346566E-005     0.113151658350E-002
     0.653476196562E+003     0.599673608850E-003     0.341813957044E-003     0.173905346566E-005     0.113325563696E-002
     0.654476196562E+003     0.599673608849E-003     0.341813957044E-003     0.173905346566E-005     0.113499469043E-002
     0.655476196562E+003     0.599673608849E-003     0.341813957044E-003     0.173905346565E-005     0.113673374389E-002
     0.656476196562E+003     0.599673608849E-003     0.341813957044E-003     0.173905346565E-005     0.113847279736E-002
     0.657476196562E+003     0.599673608848E-003     0.341813957043E-003     0.173905346565E-005     0.114021185082E-002
     0.658476196562E+003     0.599673608848E-003     0.341813957043E-003     0.173905346565E-005     0.114195090429E-002
     0.659476196562E+003     0.599673608847E-003     0.341813957043E-003     0.173905346565E-005     0.114368995776E-002
     0.660476196562E+003     0.599673608847E-003     0.341813957043E-003     0.173905346565E-005     0.114542901122E-002
     0.661476196562E+003     0.599673608846E-003     0.341813957042E-003     0.173905346565E-005     0.114716806469E-002
     0.662476196562E+003     0.599673608846E-003     0.341813957042E-003     0.173905346565E-005     0.114890711815E-002
     0.663476196562E+003     0.599673608846E-003     0.341813957042E-003     0.173905346564E-005     0.115064617162E-002
     0.664476196562E+003     0.599673608845E-003     0.341813957042E-003     0.173905346564E-005     0.115238522508E-002
     0.665476196562E+003     0.599673608845E-003     0.341813957041E-003     0.173905346564E-005     0.115412427855E-002
     0.666476196562E+003     0.599673608844E-003     0.341813957041E-003     0.173905346564E-005     0.115586333201E-002
     0.667476196562E+003     0.599673608844E-003     0.341813957041E-003     0.173905346564E-005     0.115760238548E-002
     0.668476196562E+003     0.599673608843E-003     0.341813957041E-003     0.173905346564E-005     0.115934143895E-002
     0.669476196562E+003     0.599673608843E-003     0.341813957040E-003     0.173905346563E-005     0.116108049241E-002
     0.670476196562E+003     0.599673608842E-003     0.341813957040E-003     0.173905346563E-005     0.116281954588E-002
     0.671476196562E+003     0.599673608842E-003     0.341813957040E-003     0.173905346563E-005     0.116455859934E-002
     0.672476196562E+003     0.599673608841E-003     0.341813957039E-003     0.173905346563E-005     0.116629765281E-002
     0.673476196562E+003     0.599673608841E-003     0.341813957039E-003     0.173905346563E-005     0.116803670627E-002
     0.674476196562E+003     0.599673608840E-003     0.341813957039E-003     0.173905346563E-005     0.116977575974E-002
     0.675476196562E+003     0.599673608840E-003     0.341813957039E-003     0.173905346563E-005     0.117151481321E-002
     0.676476196562E+003     0.599673608839E-003     0.341813957038E-003     0.173905346562E-005     0.117325386667E-002
     0.677476196562E+003     0.599673608838E-003     0.341813957038E-003     0.173905346562E-005     0.117499292014E-002
     0.678476196562E+003     0.599673608838E-003     0.341813957038E-003     0.173905346562E-005     0.117673197360E-002
     0.679476196562E+003     0.599673608837E-003     0.341813957037E-003     0.173905346562E-005     0.117847102707E-002
     0.680476196562E+003     0.599673608837E-003     0.341813957037E-003     0.173905346562E-005     0.118021008053E-002
     0.681476196562E+003     0.599673608836E-003     0.341813957037E-003     0.173905346561E-005     0.118194913400E-002
     0.682476196562E+003     0.599673608836E-003     0.341813957036E-003     0.173905346561E-005     0.118368818746E-002
     0.683476196562E+003     0.599673608835E-003     0.341813957036E-003     0.173905346561E-005     0.118542724093E-002
     0.684476196562E+003     0.599673608834E-003     0.341813957036E-003     0.173905346561E-005     0.118716629440E-002
     0.685476196562E+003     0.599673608834E-003     0.341813957035E-003     0.173905346561E-005     0.118890534786E-002
     0.686476196562E+003     0.599673608833E-003     0.341813957035E-003     0.173905346560E-005     0.119064440133E-002
     0.687476196562E+003     0.599673608832E-003     0.341813957035E-003     0.173905346560E-005     0.119238345479E-002
     0.688476196562E+003     0.599673608832E-003     0.341813957034E-003     0.173905346560E-005     0.119412250826E-002
     0.689476196562E+003     0.599673608831E-003     0.341813957034E-003     0.173905346560E-005     0.119586156172E-002
     0.690476196562E+003     0.599673608830E-003     0.341813957033E-003     0.173905346560E-005     0.119760061519E-002
     0.691476196562E+003     0.599673608830E-003     0.341813957033E-003     0.173905346559E-005     0.119933966866E-002
     0.692476196562E+003     0.599673608829E-003     0.341813957033E-003     0.173905346559E-005     0.120107872212E-002
     0.693476196562E+003     0.599673608828E-003     0.341813957032E-003     0.173905346559E-005     0.120281777559E-002
     0.694476196562E+003     0.599673608828E-003     0.341813957032E-003     0.173905346559E-005     0.120455682905E-002
     0.695476196562E+003     0.599673608827E-003     0.341813957031E-003     0.173905346559E-005     0.120629588252E-002
     0.696476196562E+003     0.599673608826E-003     0.341813957031E-003     0.173905346558E-005     0.120803493598E-002
     0.697476196562E+003     0.599673608826E-003     0.341813957031E-003     0.173905346558E-005     0.120977398945E-002
     0.698476196562E+003     0.599673608825E-003     0.341813957030E-003     0.173905346558E-005     0.121151304291E-002
     0.699476196562E+003     0.599673608824E-003     0.341813957030E-003     0.173905346558E-005     0.121325209638E-002
     0.700476196562E+003     0.599673608823E-003     0.341813957029E-003     0.173905346557E-005     0.121499114985E-002
     0.701476196562E+003     0.599673608823E-003     0.341813957029E-003     0.173905346557E-005     0.121673020331E-002
     0.702476196562E+003     0.599673608822E-003     0.341813957028E-003     0.173905346557E-005     0.121846925678E-002
     0.703476196562E+003     0.599673608821E-003     0.341813957028E-003     0.173905346557E-005     0.122020831024E-002
     0.704476196562E+003     0.599673608820E-003     0.341813957027E-003     0.173905346556E-005     0.122194736371E-002
     0.705476196562E+003     0.599673608819E-003     0.341813957027E-003     0.173905346556E-005     0.122368641717E-002
     0.706476196562E+003     0.599673608818E-003     0.341813957027E-003     0.173905346556E-005     0.122542547064E-002
     0.707476196562E+003     0.599673608818E-003     0.341813957026E-003     0.173905346556E-005     0.122716452410E-002
     0.708476196562E+003     0.599673608817E-003     0.341813957026E-003     0.173905346555E-005     0.122890357757E-002
     0.709476196562E+003     0.599673608816E-003     0.341813957025E-003     0.173905346555E-005     0.123064263104E-002
     0.710476196562E+003     0.599673608815E-003     0.341813957025E-003     0.173905346555E-005     0.123238168450E-002
     0.711476196562E+003     0.599673608814E-003     0.341813957024E-003     0.173905346555E-005     0.123412073797E-002
     0.712476196562E+003     0.599673608813E-003     0.341813957024E-003     0.173905346554E-005     0.123585979143E-002
     0.713476196562E+003     0.599673608812E-003     0.341813957023E-003     0.173905346554E-005     0.123759884490E-002
     0.714476196562E+003     0.599673608811E-003     0.341813957023E-003     0.173905346554E-005     0.123933789836E-002
     0.715476196562E+003     0.599673608810E-003     0.341813957022E-003     0.173905346553E-005     0.124107695183E-002
     0.716476196562E+003     0.599673608810E-003     0.341813957021E-003     0.173905346553E-005     0.124281600529E-002
     0.717476196562E+003     0.599673608809E-003     0.341813957021E-003     0.173905346553E-005     0.124455505876E-002
     0.718476196562E+003     0.599673608808E-003     0.341813957020E-003     0.173905346552E-005     0.124629411223E-002
     0.719476196562E+003     0.599673608807E-003     0.341813957020E-003     0.173905346552E-005     0.124803316569E-002
     0.720476196562E+003     0.599673608806E-003     0.341813957019E-003     0.173905346552E-005     0.124977221916E-002
     0.721476196562E+003     0.599673608805E-003     0.341813957019E-003     0.173905346552E-005     0.125151127262E-002
     0.722476196562E+003     0.599673608804E-003     0.341813957018E-003     0.173905346551E-005     0.125325032609E-002
     0.723476196562E+003     0.599673608803E-003     0.341813957017E-003     0.173905346551E-005     0.125498937955E-002
     0.724476196562E+003     0.599673608802E-003     0.341813957017E-003     0.173905346551E-005     0.125672843302E-002
     0.725476196562E+003     0.599673608800E-003     0.341813957016E-003     0.173905346550E-005     0.125846748648E-002
     0.726476196562E+003     0.599673608799E-003     0.341813957016E-003     0.173905346550E-005     0.126020653995E-002
     0.727476196562E+003     0.599673608798E-003     0.341813957015E-003     0.173905346550E-005     0.126194559342E-002
     0.728476196562E+003     0.599673608797E-003     0.341813957014E-003     0.173905346549E-005     0.126368464688E-002
     0.729476196562E+003     0.599673608796E-003     0.341813957014E-003     0.173905346549E-005     0.126542370035E-002
     0.730476196562E+003     0.599673608795E-003     0.341813957013E-003     0.173905346549E-005     0.126716275381E-002
     0.731476196562E+003     0.599673608794E-003     0.341813957012E-003     0.173905346548E-005     0.126890180728E-002
     0.732476196562E+003     0.599673608793E-003     0.341813957012E-003     0.173905346548E-005     0.127064086074E-002
     0.733476196562E+003     0.599673608791E-003     0.341813957011E-003     0.173905346547E-005     0.127237991421E-002
     0.734476196562E+003     0.599673608790E-003     0.341813957010E-003     0.173905346547E-005     0.127411896767E-002
     0.735476196562E+003     0.599673608789E-003     0.341813957010E-003     0.173905346547E-005     0.127585802114E-002
     0.736476196562E+003     0.599673608788E-003     0.341813957009E-003     0.173905346546E-005     0.127759707460E-002
     0.737476196562E+003     0.599673608787E-003     0.341813957008E-003     0.173905346546E-005     0.127933612807E-002
     0.738476196562E+003     0.599673608785E-003     0.341813957008E-003     0.173905346546E-005     0.128107518154E-002
     0.739476196562E+003     0.599673608784E-003     0.341813957007E-003     0.173905346545E-005     0.128281423500E-002
     0.740476196562E+003     0.599673608783E-003     0.341813957006E-003     0.173905346545E-005     0.128455328847E-002
     0.741476196562E+003     0.599673608782E-003     0.341813957006E-003     0.173905346544E-005     0.128629234193E-002
     0.742476196562E+003     0.599673608780E-003     0.341813957005E-003     0.173905346544E-005     0.128803139540E-002
     0.743476196562E+003     0.599673608779E-003     0.341813957004E-003     0.173905346544E-005     0.128977044886E-002
     0.744476196562E+003     0.599673608778E-003     0.341813957003E-003     0.173905346543E-005     0.129150950233E-002
     0.745476196562E+003     0.599673608776E-003     0.341813957002E-003     0.173905346543E-005     0.129324855579E-002
     0.746476196562E+003     0.599673608775E-003     0.341813957002E-003     0.173905346542E-005     0.129498760926E-002
     0.747476196562E+003     0.599673608774E-003     0.341813957001E-003     0.173905346542E-005     0.129672666272E-002
     0.748476196562E+003     0.599673608772E-003     0.341813957000E-003     0.173905346541E-005     0.129846571619E-002
     0.749476196562E+003     0.599673608771E-003     0.341813956999E-003     0.173905346541E-005     0.130020476966E-002
     0.750476196562E+003     0.599673608769E-003     0.341813956998E-003     0.173905346541E-005     0.130194382312E-002
     0.751476196562E+003     0.599673608768E-003     0.341813956998E-003     0.173905346540E-005     0.130368287659E-002
     0.752476196562E+003     0.599673608766E-003     0.341813956997E-003     0.173905346540E-005     0.130542193005E-002
     0.753476196562E+003     0.599673608765E-003     0.341813956996E-003     0.173905346539E-005     0.130716098352E-002
