 #              _____________________  _______________________             #
 #              ___  __ \__  __ \_  / / /_  /___  ____/_  ___/             #
 #              __  / / /_  /_/ /  / / /_  __/_  __/  _____ \              #
 #              _  /_/ /_  _, _// /_/ / / /_ _  /___  ____/ /              #
 #              /_____/ /_/ |_| \____/  \__/ /_____/  /____/               #
 #                                                                         #
  
 DRUtES is initializing, reading input files
 ---------------------------------------------------------------
 17hrs : 21min : 38.661s  -  2021/01/18    total number of parallel images is:                    1
 ---------------------------------------------------------------
 17hrs : 21min : 38.661s  -  2021/01/18    reading input files and allocating...
 ---------------------------------------------------------------
 17hrs : 21min : 38.661s  -  2021/01/18    number of nodes:                  141 number of elements:                  140
 ---------------------------------------------------------------
 17hrs : 21min : 38.661s  -  2021/01/18    analyzing mesh structure...
 ---------------------------------------------------------------
 17hrs : 21min : 38.662s  -  2021/01/18    The file with inputs for inverse modeling is: drutes.conf/inverse_modeling/data-water1
 ---------------------------------------------------------------
 17hrs : 21min : 38.939s  -  2021/01/18    DRUtES solves kinematic wave equation for real catchments
 ---------------------------------------------------------------
 17hrs : 21min : 38.939s  -  2021/01/18    making output files for observation time
 ---------------------------------------------------------------
 17hrs : 21min : 38.941s  -  2021/01/18    go 4 solving
 ---------------------------------------------------------------
 17hrs : 21min : 38.942s  -  2021/01/18    current simulation time:   1.0000000000000000 total iteration count:                    1
 ---------------------------------------------------------------
 17hrs : 21min : 40.674s  -  2021/01/18    making output files for observation time
 ---------------------------------------------------------------
 17hrs : 21min : 40.683s  -  2021/01/18    DRUtES will allocate:   25.904000000000000 kB  of RAM for objective function computation.
 ---------------------------------------------------------------
 17hrs : 21min : 40.696s  -  2021/01/18    # real elapsed CPU time =   2.0700000002980232 s
 ---------------------------------------------------------------
 17hrs : 21min : 40.696s  -  2021/01/18    minimal adjusted time step was   1.0000000000000000
 ---------------------------------------------------------------
 17hrs : 21min : 40.696s  -  2021/01/18    F I N I S H E D !!!!!
 ---------------------------------------------------------------
 17hrs : 21min : 40.698s  -  2021/01/18    Peak RAM  consumption on image                    1 was:                11720 kB
 ---------------------------------------------------------------
 17hrs : 21min : 40.698s  -  2021/01/18    Peak SWAP consumption on image                    1 was:                    0 kB
