 #              _____________________  _______________________             #
 #              ___  __ \__  __ \_  / / /_  /___  ____/_  ___/             #
 #              __  / / /_  /_/ /  / / /_  __/_  __/  _____ \              #
 #              _  /_/ /_  _, _// /_/ / / /_ _  /___  ____/ /              #
 #              /_____/ /_/ |_| \____/  \__/ /_____/  /____/               #
 #                                                                         #
  
 DRUtES is initializing, reading input files
 ---------------------------------------------------------------
 19hrs : 11min : 39.404s  -  2017/12/21    total number of parallel images is:                    1
 ---------------------------------------------------------------
 19hrs : 11min : 39.404s  -  2017/12/21    reading input files and allocating...
 ---------------------------------------------------------------
 19hrs : 11min : 39.405s  -  2017/12/21    number of nodes:                   31 number of elements:                   30
 ---------------------------------------------------------------
 19hrs : 11min : 39.406s  -  2017/12/21    analyzing mesh structure...
 ---------------------------------------------------------------
 19hrs : 11min : 39.406s  -  2017/12/21    The file with inputs for inverse modeling is: drutes.conf/inverse_modeling/soil.dat
 ---------------------------------------------------------------
 19hrs : 11min : 39.408s  -  2017/12/21    DRUtES solves advection-dispersion-reaction equation in    1 D
 ---------------------------------------------------------------
 19hrs : 11min : 39.408s  -  2017/12/21    making output files for observation time
 ---------------------------------------------------------------
 19hrs : 11min : 39.409s  -  2017/12/21    go 4 solving
 ---------------------------------------------------------------
 19hrs : 11min : 39.455s  -  2017/12/21    current simulation time:   0.0000000000000000 total iteration count:                   20
 ---------------------------------------------------------------
 19hrs : 11min : 53.854s  -  2017/12/21    making output files for observation time
 ---------------------------------------------------------------
 19hrs : 11min : 53.875s  -  2017/12/21    DRUtES will allocate:   161.40799999999999 kB  of RAM for objective function computation.
 ---------------------------------------------------------------
 19hrs : 11min : 54.003s  -  2017/12/21    # real elapsed CPU time =   14.375999999999999 s
 ---------------------------------------------------------------
 19hrs : 11min : 54.003s  -  2017/12/21    minimal adjusted time step was   1.5474250491067278E-005
 ---------------------------------------------------------------
 19hrs : 11min : 54.004s  -  2017/12/21    F I N I S H E D !!!!!
 ---------------------------------------------------------------
 19hrs : 11min : 54.004s  -  2017/12/21    Peak RAM  consumption on image                    1 was:                16168 kB
 ---------------------------------------------------------------
 19hrs : 11min : 54.004s  -  2017/12/21    Peak SWAP consumption on image                    1 was:                    0 kB
