 #              _____________________  _______________________             #
 #              ___  __ \__  __ \_  / / /_  /___  ____/_  ___/             #
 #              __  / / /_  /_/ /  / / /_  __/_  __/  _____ \              #
 #              _  /_/ /_  _, _// /_/ / / /_ _  /___  ____/ /              #
 #              /_____/ /_/ |_| \____/  \__/ /_____/  /____/               #
 #                                                                         #
  
 #        time                      h  [L]                   theta [-]       Darcian flow [L.T^{-1}]   in    x         z              directions   cumulative flux
 #-----------------------------------------------------------------------------------------------

     0.000000000000E+000     0.400000000000E+001     0.600000000000E+000    -0.810878148157E-013    -0.662132256191E+003     0.662132256191E-004
     0.100000000000E-006     0.400000000000E+001     0.600000000000E+000    -0.724970926223E-013    -0.591983686013E+003     0.125411594220E-003
     0.206000000000E-006     0.400000000000E+001     0.600000000000E+000    -0.644917764853E-013    -0.526615319047E+003     0.181232818039E-003
     0.318360000000E-006     0.400000000000E+001     0.600000000000E+000    -0.572186562876E-013    -0.467225785651E+003     0.233730307315E-003
     0.437461600000E-006     0.400000000000E+001     0.600000000000E+000    -0.507959764572E-013    -0.414780624851E+003     0.283131343384E-003
     0.563709296000E-006     0.400000000000E+001     0.600000000000E+000    -0.452874333444E-013    -0.369799956820E+003     0.329817735913E-003
     0.697531853760E-006     0.400000000000E+001     0.600000000000E+000    -0.406841338129E-013    -0.332211163588E+003     0.374275083541E-003
     0.839383764986E-006     0.400000000000E+001     0.600000000000E+000    -0.369053143326E-013    -0.301354760885E+003     0.417022832329E-003
     0.989746790885E-006     0.400000000000E+001     0.600000000000E+000    -0.338204287126E-013    -0.276164758167E+003     0.458547801014E-003
     0.114913159834E-005     0.400000000000E+001     0.600000000000E+000    -0.312826933107E-013    -0.255442576035E+003     0.499261466811E-003
     0.131807949424E-005     0.400000000000E+001     0.600000000000E+000    -0.291584206798E-013    -0.238096573642E+003     0.539487381949E-003
     0.149716426389E-005     0.400000000000E+001     0.600000000000E+000    -0.273422388242E-013    -0.223266323345E+003     0.579470980036E-003
     0.168699411973E-005     0.400000000000E+001     0.600000000000E+000    -0.257585392860E-013    -0.210334435234E+003     0.619398735554E-003
     0.188821376691E-005     0.400000000000E+001     0.600000000000E+000    -0.243553926896E-013    -0.198876873777E+003     0.659416669928E-003
     0.210150659292E-005     0.400000000000E+001     0.600000000000E+000    -0.230969793600E-013    -0.188601149132E+003     0.699643942016E-003
     0.232759698850E-005     0.400000000000E+001     0.600000000000E+000    -0.219576478257E-013    -0.179297801137E+003     0.740181452801E-003
     0.256725280781E-005     0.400000000000E+001     0.600000000000E+000    -0.209181663778E-013    -0.170809790973E+003     0.781117013203E-003
     0.282128797628E-005     0.400000000000E+001     0.600000000000E+000    -0.199635780493E-013    -0.163014985735E+003     0.822528552567E-003
     0.309056525485E-005     0.400000000000E+001     0.600000000000E+000    -0.190819454389E-013    -0.155815909144E+003     0.864486236540E-003
     0.337599917015E-005     0.400000000000E+001     0.600000000000E+000    -0.182635387151E-013    -0.149133111097E+003     0.907053884340E-003
     0.367855912035E-005     0.400000000000E+001     0.600000000000E+000    -0.175002769341E-013    -0.142900605679E+003     0.950289884479E-003
     0.399927266758E-005     0.400000000000E+001     0.600000000000E+000    -0.167853591641E-013    -0.137062859070E+003     0.994247800203E-003
     0.433922902763E-005     0.400000000000E+001     0.600000000000E+000    -0.161130473169E-013    -0.131573016221E+003     0.103897688388E-002
