 #              _____________________  _______________________             #
 #              ___  __ \__  __ \_  / / /_  /___  ____/_  ___/             #
 #              __  / / /_  /_/ /  / / /_  __/_  __/  _____ \              #
 #              _  /_/ /_  _, _// /_/ / / /_ _  /___  ____/ /              #
 #              /_____/ /_/ |_| \____/  \__/ /_____/  /____/               #
 #                                                                         #
  
 DRUtES is initializing, reading input files
 ---------------------------------------------------------------
 15hrs : 21min : 58.698s  -  2019/01/30    total number of parallel images is:                    1
 ---------------------------------------------------------------
 15hrs : 21min : 58.699s  -  2019/01/30    reading input files and allocating...
 ---------------------------------------------------------------
 15hrs : 21min : 58.703s  -  2019/01/30    number of nodes:                   21 number of elements:                   20
 ---------------------------------------------------------------
 15hrs : 21min : 58.729s  -  2019/01/30    analyzing mesh structure...
 ---------------------------------------------------------------
 15hrs : 21min : 58.757s  -  2019/01/30    The file with inputs for inverse modeling is: drutes.conf/ADE/SOIL/A/control-a-obs-bottom.dat
 ---------------------------------------------------------------
 15hrs : 21min : 58.758s  -  2019/01/30    DRUtES solves advection-dispersion-reaction equation in    1 D
 ---------------------------------------------------------------
 15hrs : 21min : 58.759s  -  2019/01/30    making output files for observation time
 ---------------------------------------------------------------
 15hrs : 21min : 58.762s  -  2019/01/30    go 4 solving
 ---------------------------------------------------------------
 15hrs : 21min : 58.766s  -  2019/01/30    current simulation time:  0.10000000000000001 total iteration count:                    1
