 #              _____________________  _______________________             #
 #              ___  __ \__  __ \_  / / /_  /___  ____/_  ___/             #
 #              __  / / /_  /_/ /  / / /_  __/_  __/  _____ \              #
 #              _  /_/ /_  _, _// /_/ / / /_ _  /___  ____/ /              #
 #              /_____/ /_/ |_| \____/  \__/ /_____/  /____/               #
 #                                                                         #
  
 #        time                      c  [M/M]                   concetration [M/M]       zero flux   in    x              directions   cumulative flux
 #-----------------------------------------------------------------------------------------------

     0.000000000000E+000     0.642928000000E-003     0.000000000000E+000     0.000000000000E+000     0.000000000000E+000
     0.100000000000E+000     0.642717468472E-003     0.000000000000E+000     0.000000000000E+000     0.000000000000E+000
     0.206000000000E+000     0.642494382512E-003     0.000000000000E+000     0.000000000000E+000     0.000000000000E+000
     0.318360000000E+000     0.642257998396E-003     0.000000000000E+000     0.000000000000E+000     0.000000000000E+000
     0.437461600000E+000     0.642007528950E-003     0.000000000000E+000     0.000000000000E+000     0.000000000000E+000
     0.563709296000E+000     0.641742141087E-003     0.000000000000E+000     0.000000000000E+000     0.000000000000E+000
     0.697531853760E+000     0.641460953211E-003     0.000000000000E+000     0.000000000000E+000     0.000000000000E+000
     0.839383764986E+000     0.641163032495E-003     0.000000000000E+000     0.000000000000E+000     0.000000000000E+000
     0.989746790885E+000     0.640847391999E-003     0.000000000000E+000     0.000000000000E+000     0.000000000000E+000
     0.114913159834E+001     0.640512987663E-003     0.000000000000E+000     0.000000000000E+000     0.000000000000E+000
     0.131807949424E+001     0.640158715125E-003     0.000000000000E+000     0.000000000000E+000     0.000000000000E+000
     0.149716426389E+001     0.639783406398E-003     0.000000000000E+000     0.000000000000E+000     0.000000000000E+000
     0.168699411973E+001     0.639385826369E-003     0.000000000000E+000     0.000000000000E+000     0.000000000000E+000
     0.188821376691E+001     0.638964669133E-003     0.000000000000E+000     0.000000000000E+000     0.000000000000E+000
     0.210150659292E+001     0.638518554152E-003     0.000000000000E+000     0.000000000000E+000     0.000000000000E+000
     0.232759698850E+001     0.638046022224E-003     0.000000000000E+000     0.000000000000E+000     0.000000000000E+000
     0.256725280781E+001     0.637545531281E-003     0.000000000000E+000     0.000000000000E+000     0.000000000000E+000
     0.282128797628E+001     0.637015451975E-003     0.000000000000E+000     0.000000000000E+000     0.000000000000E+000
     0.309056525485E+001     0.636454063088E-003     0.000000000000E+000     0.000000000000E+000     0.000000000000E+000
     0.337599917015E+001     0.635859546729E-003     0.000000000000E+000     0.000000000000E+000     0.000000000000E+000
     0.367855912035E+001     0.635229983336E-003     0.000000000000E+000     0.000000000000E+000     0.000000000000E+000
     0.399927266758E+001     0.634563346471E-003     0.000000000000E+000     0.000000000000E+000     0.000000000000E+000
     0.433922902763E+001     0.633857497411E-003     0.000000000000E+000     0.000000000000E+000     0.000000000000E+000
     0.469958276929E+001     0.633110179536E-003     0.000000000000E+000     0.000000000000E+000     0.000000000000E+000
     0.508155773545E+001     0.632319012508E-003     0.000000000000E+000     0.000000000000E+000     0.000000000000E+000
     0.548645119957E+001     0.631481486259E-003     0.000000000000E+000     0.000000000000E+000     0.000000000000E+000
     0.591563827155E+001     0.630594954778E-003     0.000000000000E+000     0.000000000000E+000     0.000000000000E+000
     0.637057656784E+001     0.629656629718E-003     0.000000000000E+000     0.000000000000E+000     0.000000000000E+000
     0.685281116191E+001     0.628663573814E-003     0.000000000000E+000     0.000000000000E+000     0.000000000000E+000
     0.736397983162E+001     0.627612694157E-003     0.000000000000E+000     0.000000000000E+000     0.000000000000E+000
     0.790581862152E+001     0.626500735306E-003     0.000000000000E+000     0.000000000000E+000     0.000000000000E+000
     0.848016773881E+001     0.625324272280E-003     0.000000000000E+000     0.000000000000E+000     0.000000000000E+000
     0.908897780314E+001     0.624079703450E-003     0.000000000000E+000     0.000000000000E+000     0.000000000000E+000
     0.973431647133E+001     0.622763243357E-003     0.000000000000E+000     0.000000000000E+000     0.000000000000E+000
     0.104183754596E+002     0.621370915496E-003     0.000000000000E+000     0.000000000000E+000     0.000000000000E+000
     0.111434779872E+002     0.619898545108E-003     0.000000000000E+000     0.000000000000E+000     0.000000000000E+000
     0.119120866664E+002     0.618341752020E-003     0.000000000000E+000     0.000000000000E+000     0.000000000000E+000
     0.127268118664E+002     0.616695943600E-003     0.000000000000E+000     0.000000000000E+000     0.000000000000E+000
     0.135904205784E+002     0.614956307891E-003     0.000000000000E+000     0.000000000000E+000     0.000000000000E+000
     0.145058458131E+002     0.613117806986E-003     0.000000000000E+000     0.000000000000E+000     0.000000000000E+000
     0.154761965619E+002     0.611175170746E-003     0.000000000000E+000     0.000000000000E+000     0.000000000000E+000
     0.164761965619E+002     0.609179713301E-003     0.000000000000E+000     0.000000000000E+000     0.000000000000E+000
     0.174761965619E+002     0.607190770928E-003     0.000000000000E+000     0.000000000000E+000     0.000000000000E+000
     0.184761965619E+002     0.605208322356E-003     0.000000000000E+000     0.000000000000E+000     0.000000000000E+000
     0.194761965619E+002     0.603232346383E-003     0.000000000000E+000     0.000000000000E+000     0.000000000000E+000
     0.204761965619E+002     0.601262821876E-003     0.000000000000E+000     0.000000000000E+000     0.000000000000E+000
     0.214761965619E+002     0.599299727771E-003     0.000000000000E+000     0.000000000000E+000     0.000000000000E+000
     0.224761965619E+002     0.597343043075E-003     0.000000000000E+000     0.000000000000E+000     0.000000000000E+000
     0.234761965619E+002     0.595392746859E-003     0.000000000000E+000     0.000000000000E+000     0.000000000000E+000
     0.244761965619E+002     0.593448818266E-003     0.000000000000E+000     0.000000000000E+000     0.000000000000E+000
     0.254761965619E+002     0.591511236507E-003     0.000000000000E+000     0.000000000000E+000     0.000000000000E+000
     0.264761965619E+002     0.589579980858E-003     0.000000000000E+000     0.000000000000E+000     0.000000000000E+000
     0.274761965619E+002     0.587655030666E-003     0.000000000000E+000     0.000000000000E+000     0.000000000000E+000
     0.284761965619E+002     0.585736365343E-003     0.000000000000E+000     0.000000000000E+000     0.000000000000E+000
     0.294761965619E+002     0.583823964370E-003     0.000000000000E+000     0.000000000000E+000     0.000000000000E+000
     0.304761965619E+002     0.581917807294E-003     0.000000000000E+000     0.000000000000E+000     0.000000000000E+000
     0.314761965619E+002     0.580017873729E-003     0.000000000000E+000     0.000000000000E+000     0.000000000000E+000
     0.324761965619E+002     0.578124143355E-003     0.000000000000E+000     0.000000000000E+000     0.000000000000E+000
     0.334761965619E+002     0.576236595920E-003     0.000000000000E+000     0.000000000000E+000     0.000000000000E+000
     0.344761965619E+002     0.574355211236E-003     0.000000000000E+000     0.000000000000E+000     0.000000000000E+000
     0.354761965619E+002     0.572479969182E-003     0.000000000000E+000     0.000000000000E+000     0.000000000000E+000
     0.364761965619E+002     0.570610849703E-003     0.000000000000E+000     0.000000000000E+000     0.000000000000E+000
     0.374761965619E+002     0.568747832809E-003     0.000000000000E+000     0.000000000000E+000     0.000000000000E+000
     0.384761965619E+002     0.566890898575E-003     0.000000000000E+000     0.000000000000E+000     0.000000000000E+000
     0.394761965619E+002     0.565040027142E-003     0.000000000000E+000     0.000000000000E+000     0.000000000000E+000
     0.404761965619E+002     0.563195198715E-003     0.000000000000E+000     0.000000000000E+000     0.000000000000E+000
     0.414761965619E+002     0.561356393563E-003     0.000000000000E+000     0.000000000000E+000     0.000000000000E+000
     0.424761965619E+002     0.559523592022E-003     0.000000000000E+000     0.000000000000E+000     0.000000000000E+000
     0.434761965619E+002     0.557696774489E-003     0.000000000000E+000     0.000000000000E+000     0.000000000000E+000
     0.444761965619E+002     0.555875921427E-003     0.000000000000E+000     0.000000000000E+000     0.000000000000E+000
     0.454761965619E+002     0.554061013363E-003     0.000000000000E+000     0.000000000000E+000     0.000000000000E+000
     0.464761965619E+002     0.552252030886E-003     0.000000000000E+000     0.000000000000E+000     0.000000000000E+000
     0.474761965619E+002     0.550448954650E-003     0.000000000000E+000     0.000000000000E+000     0.000000000000E+000
     0.484761965619E+002     0.548651765370E-003     0.000000000000E+000     0.000000000000E+000     0.000000000000E+000
     0.494761965619E+002     0.546860443827E-003     0.000000000000E+000     0.000000000000E+000     0.000000000000E+000
     0.504761965619E+002     0.545074970862E-003     0.000000000000E+000     0.000000000000E+000     0.000000000000E+000
     0.514761965619E+002     0.543295327381E-003     0.000000000000E+000     0.000000000000E+000     0.000000000000E+000
     0.524761965619E+002     0.541521494349E-003     0.000000000000E+000     0.000000000000E+000     0.000000000000E+000
     0.534761965619E+002     0.539753452797E-003     0.000000000000E+000     0.000000000000E+000     0.000000000000E+000
     0.544761965619E+002     0.537991183815E-003     0.000000000000E+000     0.000000000000E+000     0.000000000000E+000
     0.554761965619E+002     0.536234668556E-003     0.000000000000E+000     0.000000000000E+000     0.000000000000E+000
     0.564761965619E+002     0.534483888235E-003     0.000000000000E+000     0.000000000000E+000     0.000000000000E+000
     0.574761965619E+002     0.532738824127E-003     0.000000000000E+000     0.000000000000E+000     0.000000000000E+000
     0.584761965619E+002     0.530999457569E-003     0.000000000000E+000     0.000000000000E+000     0.000000000000E+000
     0.594761965619E+002     0.529265769959E-003     0.000000000000E+000     0.000000000000E+000     0.000000000000E+000
     0.604761965619E+002     0.527537742755E-003     0.000000000000E+000     0.000000000000E+000     0.000000000000E+000
     0.614761965619E+002     0.525815357477E-003     0.000000000000E+000     0.000000000000E+000     0.000000000000E+000
     0.624761965619E+002     0.524098595704E-003     0.000000000000E+000     0.000000000000E+000     0.000000000000E+000
     0.634761965619E+002     0.522387439075E-003     0.000000000000E+000     0.000000000000E+000     0.000000000000E+000
     0.644761965619E+002     0.520681869290E-003     0.000000000000E+000     0.000000000000E+000     0.000000000000E+000
     0.654761965619E+002     0.518981868108E-003     0.000000000000E+000     0.000000000000E+000     0.000000000000E+000
     0.664761965619E+002     0.517287417348E-003     0.000000000000E+000     0.000000000000E+000     0.000000000000E+000
     0.674761965619E+002     0.515598498888E-003     0.000000000000E+000     0.000000000000E+000     0.000000000000E+000
     0.684761965619E+002     0.513915094665E-003     0.000000000000E+000     0.000000000000E+000     0.000000000000E+000
     0.694761965619E+002     0.512237186676E-003     0.000000000000E+000     0.000000000000E+000     0.000000000000E+000
     0.704761965619E+002     0.510564756975E-003     0.000000000000E+000     0.000000000000E+000     0.000000000000E+000
     0.714761965619E+002     0.508897787677E-003     0.000000000000E+000     0.000000000000E+000     0.000000000000E+000
     0.724761965619E+002     0.507236260953E-003     0.000000000000E+000     0.000000000000E+000     0.000000000000E+000
     0.734761965619E+002     0.505580159033E-003     0.000000000000E+000     0.000000000000E+000     0.000000000000E+000
     0.744761965619E+002     0.503929464206E-003     0.000000000000E+000     0.000000000000E+000     0.000000000000E+000
     0.754761965619E+002     0.502284158819E-003     0.000000000000E+000     0.000000000000E+000     0.000000000000E+000
     0.764761965619E+002     0.500644225274E-003     0.000000000000E+000     0.000000000000E+000     0.000000000000E+000
     0.774761965619E+002     0.499009646033E-003     0.000000000000E+000     0.000000000000E+000     0.000000000000E+000
     0.784761965619E+002     0.497380403614E-003     0.000000000000E+000     0.000000000000E+000     0.000000000000E+000
     0.794761965619E+002     0.495756480593E-003     0.000000000000E+000     0.000000000000E+000     0.000000000000E+000
     0.804761965619E+002     0.494137859603E-003     0.000000000000E+000     0.000000000000E+000     0.000000000000E+000
     0.814761965619E+002     0.492524523332E-003     0.000000000000E+000     0.000000000000E+000     0.000000000000E+000
     0.824761965619E+002     0.490916454526E-003     0.000000000000E+000     0.000000000000E+000     0.000000000000E+000
     0.834761965619E+002     0.489313635987E-003     0.000000000000E+000     0.000000000000E+000     0.000000000000E+000
     0.844761965619E+002     0.487716050573E-003     0.000000000000E+000     0.000000000000E+000     0.000000000000E+000
     0.854761965619E+002     0.486123681199E-003     0.000000000000E+000     0.000000000000E+000     0.000000000000E+000
     0.864761965619E+002     0.484536510834E-003     0.000000000000E+000     0.000000000000E+000     0.000000000000E+000
     0.874761965619E+002     0.482954522503E-003     0.000000000000E+000     0.000000000000E+000     0.000000000000E+000
     0.884761965619E+002     0.481377699288E-003     0.000000000000E+000     0.000000000000E+000     0.000000000000E+000
     0.894761965619E+002     0.479806024325E-003     0.000000000000E+000     0.000000000000E+000     0.000000000000E+000
     0.904761965619E+002     0.478239480805E-003     0.000000000000E+000     0.000000000000E+000     0.000000000000E+000
     0.914761965619E+002     0.476678051974E-003     0.000000000000E+000     0.000000000000E+000     0.000000000000E+000
     0.924761965619E+002     0.475121721132E-003     0.000000000000E+000     0.000000000000E+000     0.000000000000E+000
     0.934761965619E+002     0.473570471636E-003     0.000000000000E+000     0.000000000000E+000     0.000000000000E+000
     0.944761965619E+002     0.472024286894E-003     0.000000000000E+000     0.000000000000E+000     0.000000000000E+000
     0.954761965619E+002     0.470483150371E-003     0.000000000000E+000     0.000000000000E+000     0.000000000000E+000
     0.964761965619E+002     0.468947045584E-003     0.000000000000E+000     0.000000000000E+000     0.000000000000E+000
     0.974761965619E+002     0.467415956106E-003     0.000000000000E+000     0.000000000000E+000     0.000000000000E+000
     0.984761965619E+002     0.465889865560E-003     0.000000000000E+000     0.000000000000E+000     0.000000000000E+000
     0.994761965619E+002     0.464368757627E-003     0.000000000000E+000     0.000000000000E+000     0.000000000000E+000
     0.100476196562E+003     0.462852616038E-003     0.000000000000E+000     0.000000000000E+000     0.000000000000E+000
     0.101476196562E+003     0.461341424578E-003     0.000000000000E+000     0.000000000000E+000     0.000000000000E+000
     0.102476196562E+003     0.459835167085E-003     0.000000000000E+000     0.000000000000E+000     0.000000000000E+000
     0.103476196562E+003     0.458333827450E-003     0.000000000000E+000     0.000000000000E+000     0.000000000000E+000
     0.104476196562E+003     0.456837389616E-003     0.000000000000E+000     0.000000000000E+000     0.000000000000E+000
     0.105476196562E+003     0.455345837580E-003     0.000000000000E+000     0.000000000000E+000     0.000000000000E+000
     0.106476196562E+003     0.453859155389E-003     0.000000000000E+000     0.000000000000E+000     0.000000000000E+000
     0.107476196562E+003     0.452377327144E-003     0.000000000000E+000     0.000000000000E+000     0.000000000000E+000
     0.108476196562E+003     0.450900336997E-003     0.000000000000E+000     0.000000000000E+000     0.000000000000E+000
     0.109476196562E+003     0.449428169151E-003     0.000000000000E+000     0.000000000000E+000     0.000000000000E+000
     0.110476196562E+003     0.447960807862E-003     0.000000000000E+000     0.000000000000E+000     0.000000000000E+000
     0.111476196562E+003     0.446498237437E-003     0.000000000000E+000     0.000000000000E+000     0.000000000000E+000
     0.112476196562E+003     0.445040442234E-003     0.000000000000E+000     0.000000000000E+000     0.000000000000E+000
     0.113476196562E+003     0.443587406662E-003     0.000000000000E+000     0.000000000000E+000     0.000000000000E+000
     0.114476196562E+003     0.442139115181E-003     0.000000000000E+000     0.000000000000E+000     0.000000000000E+000
     0.115476196562E+003     0.440695552302E-003     0.000000000000E+000     0.000000000000E+000     0.000000000000E+000
     0.116476196562E+003     0.439256702586E-003     0.000000000000E+000     0.000000000000E+000     0.000000000000E+000
     0.117476196562E+003     0.437822550644E-003     0.000000000000E+000     0.000000000000E+000     0.000000000000E+000
     0.118476196562E+003     0.436393081140E-003     0.000000000000E+000     0.000000000000E+000     0.000000000000E+000
     0.119476196562E+003     0.434968278785E-003     0.000000000000E+000     0.000000000000E+000     0.000000000000E+000
     0.120476196562E+003     0.433548128340E-003     0.000000000000E+000     0.000000000000E+000     0.000000000000E+000
     0.121476196562E+003     0.432132614619E-003     0.000000000000E+000     0.000000000000E+000     0.000000000000E+000
     0.122476196562E+003     0.430721722481E-003     0.000000000000E+000     0.000000000000E+000     0.000000000000E+000
     0.123476196562E+003     0.429315436838E-003     0.000000000000E+000     0.000000000000E+000     0.000000000000E+000
     0.124476196562E+003     0.427913742650E-003     0.000000000000E+000     0.000000000000E+000     0.000000000000E+000
     0.125476196562E+003     0.426516624926E-003     0.000000000000E+000     0.000000000000E+000     0.000000000000E+000
     0.126476196562E+003     0.425124068723E-003     0.000000000000E+000     0.000000000000E+000     0.000000000000E+000
     0.127476196562E+003     0.423736059150E-003     0.000000000000E+000     0.000000000000E+000     0.000000000000E+000
     0.128476196562E+003     0.422352581361E-003     0.000000000000E+000     0.000000000000E+000     0.000000000000E+000
     0.129476196562E+003     0.420973620560E-003     0.000000000000E+000     0.000000000000E+000     0.000000000000E+000
     0.130476196562E+003     0.419599161999E-003     0.000000000000E+000     0.000000000000E+000     0.000000000000E+000
     0.131476196562E+003     0.418229190980E-003     0.000000000000E+000     0.000000000000E+000     0.000000000000E+000
     0.132476196562E+003     0.416863692849E-003     0.000000000000E+000     0.000000000000E+000     0.000000000000E+000
     0.133476196562E+003     0.415502653004E-003     0.000000000000E+000     0.000000000000E+000     0.000000000000E+000
     0.134476196562E+003     0.414146056889E-003     0.000000000000E+000     0.000000000000E+000     0.000000000000E+000
     0.135476196562E+003     0.412793889995E-003     0.000000000000E+000     0.000000000000E+000     0.000000000000E+000
     0.136476196562E+003     0.411446137860E-003     0.000000000000E+000     0.000000000000E+000     0.000000000000E+000
     0.137476196562E+003     0.410102786071E-003     0.000000000000E+000     0.000000000000E+000     0.000000000000E+000
     0.138476196562E+003     0.408763820260E-003     0.000000000000E+000     0.000000000000E+000     0.000000000000E+000
     0.139476196562E+003     0.407429226109E-003     0.000000000000E+000     0.000000000000E+000     0.000000000000E+000
     0.140476196562E+003     0.406098989343E-003     0.000000000000E+000     0.000000000000E+000     0.000000000000E+000
     0.141476196562E+003     0.404773095735E-003     0.000000000000E+000     0.000000000000E+000     0.000000000000E+000
     0.142476196562E+003     0.403451531107E-003     0.000000000000E+000     0.000000000000E+000     0.000000000000E+000
     0.143476196562E+003     0.402134281323E-003     0.000000000000E+000     0.000000000000E+000     0.000000000000E+000
     0.144476196562E+003     0.400821332296E-003     0.000000000000E+000     0.000000000000E+000     0.000000000000E+000
     0.145476196562E+003     0.399512669985E-003     0.000000000000E+000     0.000000000000E+000     0.000000000000E+000
     0.146476196562E+003     0.398208280392E-003     0.000000000000E+000     0.000000000000E+000     0.000000000000E+000
     0.147476196562E+003     0.396908149569E-003     0.000000000000E+000     0.000000000000E+000     0.000000000000E+000
     0.148476196562E+003     0.395612263610E-003     0.000000000000E+000     0.000000000000E+000     0.000000000000E+000
     0.149476196562E+003     0.394320608657E-003     0.000000000000E+000     0.000000000000E+000     0.000000000000E+000
     0.150476196562E+003     0.393033170894E-003     0.000000000000E+000     0.000000000000E+000     0.000000000000E+000
     0.151476196562E+003     0.391749936554E-003     0.000000000000E+000     0.000000000000E+000     0.000000000000E+000
     0.152476196562E+003     0.390470891912E-003     0.000000000000E+000     0.000000000000E+000     0.000000000000E+000
     0.153476196562E+003     0.389196023288E-003     0.000000000000E+000     0.000000000000E+000     0.000000000000E+000
     0.154476196562E+003     0.387925317050E-003     0.000000000000E+000     0.000000000000E+000     0.000000000000E+000
     0.155476196562E+003     0.386658759606E-003     0.000000000000E+000     0.000000000000E+000     0.000000000000E+000
     0.156476196562E+003     0.385396337411E-003     0.000000000000E+000     0.000000000000E+000     0.000000000000E+000
     0.157476196562E+003     0.384138036963E-003     0.000000000000E+000     0.000000000000E+000     0.000000000000E+000
     0.158476196562E+003     0.382883844806E-003     0.000000000000E+000     0.000000000000E+000     0.000000000000E+000
     0.159476196562E+003     0.381633747526E-003     0.000000000000E+000     0.000000000000E+000     0.000000000000E+000
     0.160476196562E+003     0.380387731753E-003     0.000000000000E+000     0.000000000000E+000     0.000000000000E+000
     0.161476196562E+003     0.379145784161E-003     0.000000000000E+000     0.000000000000E+000     0.000000000000E+000
     0.162476196562E+003     0.377907891468E-003     0.000000000000E+000     0.000000000000E+000     0.000000000000E+000
     0.163476196562E+003     0.376674040435E-003     0.000000000000E+000     0.000000000000E+000     0.000000000000E+000
     0.164476196562E+003     0.375444217867E-003     0.000000000000E+000     0.000000000000E+000     0.000000000000E+000
     0.165476196562E+003     0.374218410609E-003     0.000000000000E+000     0.000000000000E+000     0.000000000000E+000
     0.166476196562E+003     0.372996605554E-003     0.000000000000E+000     0.000000000000E+000     0.000000000000E+000
     0.167476196562E+003     0.371778789632E-003     0.000000000000E+000     0.000000000000E+000     0.000000000000E+000
     0.168476196562E+003     0.370564949821E-003     0.000000000000E+000     0.000000000000E+000     0.000000000000E+000
     0.169476196562E+003     0.369355073139E-003     0.000000000000E+000     0.000000000000E+000     0.000000000000E+000
     0.170476196562E+003     0.368149146645E-003     0.000000000000E+000     0.000000000000E+000     0.000000000000E+000
     0.171476196562E+003     0.366947157443E-003     0.000000000000E+000     0.000000000000E+000     0.000000000000E+000
     0.172476196562E+003     0.365749092678E-003     0.000000000000E+000     0.000000000000E+000     0.000000000000E+000
     0.173476196562E+003     0.364554939537E-003     0.000000000000E+000     0.000000000000E+000     0.000000000000E+000
     0.174476196562E+003     0.363364685248E-003     0.000000000000E+000     0.000000000000E+000     0.000000000000E+000
     0.175476196562E+003     0.362178317082E-003     0.000000000000E+000     0.000000000000E+000     0.000000000000E+000
     0.176476196562E+003     0.360995822351E-003     0.000000000000E+000     0.000000000000E+000     0.000000000000E+000
     0.177476196562E+003     0.359817188408E-003     0.000000000000E+000     0.000000000000E+000     0.000000000000E+000
     0.178476196562E+003     0.358642402647E-003     0.000000000000E+000     0.000000000000E+000     0.000000000000E+000
     0.179476196562E+003     0.357471452506E-003     0.000000000000E+000     0.000000000000E+000     0.000000000000E+000
     0.180476196562E+003     0.356304325461E-003     0.000000000000E+000     0.000000000000E+000     0.000000000000E+000
     0.181476196562E+003     0.355141009029E-003     0.000000000000E+000     0.000000000000E+000     0.000000000000E+000
     0.182476196562E+003     0.353981490768E-003     0.000000000000E+000     0.000000000000E+000     0.000000000000E+000
     0.183476196562E+003     0.352825758280E-003     0.000000000000E+000     0.000000000000E+000     0.000000000000E+000
     0.184476196562E+003     0.351673799202E-003     0.000000000000E+000     0.000000000000E+000     0.000000000000E+000
     0.185476196562E+003     0.350525601214E-003     0.000000000000E+000     0.000000000000E+000     0.000000000000E+000
     0.186476196562E+003     0.349381152038E-003     0.000000000000E+000     0.000000000000E+000     0.000000000000E+000
     0.187476196562E+003     0.348240439433E-003     0.000000000000E+000     0.000000000000E+000     0.000000000000E+000
     0.188476196562E+003     0.347103451200E-003     0.000000000000E+000     0.000000000000E+000     0.000000000000E+000
     0.189476196562E+003     0.345970175178E-003     0.000000000000E+000     0.000000000000E+000     0.000000000000E+000
     0.190476196562E+003     0.344840599248E-003     0.000000000000E+000     0.000000000000E+000     0.000000000000E+000
     0.191476196562E+003     0.343714711329E-003     0.000000000000E+000     0.000000000000E+000     0.000000000000E+000
     0.192476196562E+003     0.342592499380E-003     0.000000000000E+000     0.000000000000E+000     0.000000000000E+000
     0.193476196562E+003     0.341473951399E-003     0.000000000000E+000     0.000000000000E+000     0.000000000000E+000
     0.194476196562E+003     0.340359055422E-003     0.000000000000E+000     0.000000000000E+000     0.000000000000E+000
     0.195476196562E+003     0.339247799528E-003     0.000000000000E+000     0.000000000000E+000     0.000000000000E+000
     0.196476196562E+003     0.338140171830E-003     0.000000000000E+000     0.000000000000E+000     0.000000000000E+000
     0.197476196562E+003     0.337036160483E-003     0.000000000000E+000     0.000000000000E+000     0.000000000000E+000
     0.198476196562E+003     0.335935753680E-003     0.000000000000E+000     0.000000000000E+000     0.000000000000E+000
     0.199476196562E+003     0.334838939652E-003     0.000000000000E+000     0.000000000000E+000     0.000000000000E+000
     0.200476196562E+003     0.333745706669E-003     0.000000000000E+000     0.000000000000E+000     0.000000000000E+000
     0.201476196562E+003     0.332656043039E-003     0.000000000000E+000     0.000000000000E+000     0.000000000000E+000
     0.202476196562E+003     0.331569937108E-003     0.000000000000E+000     0.000000000000E+000     0.000000000000E+000
     0.203476196562E+003     0.330487377260E-003     0.000000000000E+000     0.000000000000E+000     0.000000000000E+000
     0.204476196562E+003     0.329408351919E-003     0.000000000000E+000     0.000000000000E+000     0.000000000000E+000
     0.205476196562E+003     0.328332849542E-003     0.000000000000E+000     0.000000000000E+000     0.000000000000E+000
     0.206476196562E+003     0.327260858630E-003     0.000000000000E+000     0.000000000000E+000     0.000000000000E+000
     0.207476196562E+003     0.326192367716E-003     0.000000000000E+000     0.000000000000E+000     0.000000000000E+000
     0.208476196562E+003     0.325127365373E-003     0.000000000000E+000     0.000000000000E+000     0.000000000000E+000
     0.209476196562E+003     0.324065840211E-003     0.000000000000E+000     0.000000000000E+000     0.000000000000E+000
     0.210476196562E+003     0.323007780878E-003     0.000000000000E+000     0.000000000000E+000     0.000000000000E+000
     0.211476196562E+003     0.321953176058E-003     0.000000000000E+000     0.000000000000E+000     0.000000000000E+000
     0.212476196562E+003     0.320902014471E-003     0.000000000000E+000     0.000000000000E+000     0.000000000000E+000
     0.213476196562E+003     0.319854284876E-003     0.000000000000E+000     0.000000000000E+000     0.000000000000E+000
     0.214476196562E+003     0.318809976068E-003     0.000000000000E+000     0.000000000000E+000     0.000000000000E+000
     0.215476196562E+003     0.317769076878E-003     0.000000000000E+000     0.000000000000E+000     0.000000000000E+000
     0.216476196562E+003     0.316731576173E-003     0.000000000000E+000     0.000000000000E+000     0.000000000000E+000
     0.217476196562E+003     0.315697462858E-003     0.000000000000E+000     0.000000000000E+000     0.000000000000E+000
     0.218476196562E+003     0.314666725873E-003     0.000000000000E+000     0.000000000000E+000     0.000000000000E+000
     0.219476196562E+003     0.313639354195E-003     0.000000000000E+000     0.000000000000E+000     0.000000000000E+000
     0.220476196562E+003     0.312615336836E-003     0.000000000000E+000     0.000000000000E+000     0.000000000000E+000
     0.221476196562E+003     0.311594662844E-003     0.000000000000E+000     0.000000000000E+000     0.000000000000E+000
     0.222476196562E+003     0.310577321303E-003     0.000000000000E+000     0.000000000000E+000     0.000000000000E+000
     0.223476196562E+003     0.309563301333E-003     0.000000000000E+000     0.000000000000E+000     0.000000000000E+000
     0.224476196562E+003     0.308552592090E-003     0.000000000000E+000     0.000000000000E+000     0.000000000000E+000
     0.225476196562E+003     0.307545182763E-003     0.000000000000E+000     0.000000000000E+000     0.000000000000E+000
     0.226476196562E+003     0.306541062580E-003     0.000000000000E+000     0.000000000000E+000     0.000000000000E+000
     0.227476196562E+003     0.305540220800E-003     0.000000000000E+000     0.000000000000E+000     0.000000000000E+000
     0.228476196562E+003     0.304542646720E-003     0.000000000000E+000     0.000000000000E+000     0.000000000000E+000
     0.229476196562E+003     0.303548329672E-003     0.000000000000E+000     0.000000000000E+000     0.000000000000E+000
     0.230476196562E+003     0.302557259021E-003     0.000000000000E+000     0.000000000000E+000     0.000000000000E+000
     0.231476196562E+003     0.301569424168E-003     0.000000000000E+000     0.000000000000E+000     0.000000000000E+000
     0.232476196562E+003     0.300584814547E-003     0.000000000000E+000     0.000000000000E+000     0.000000000000E+000
     0.233476196562E+003     0.299603419630E-003     0.000000000000E+000     0.000000000000E+000     0.000000000000E+000
     0.234476196562E+003     0.298625228920E-003     0.000000000000E+000     0.000000000000E+000     0.000000000000E+000
     0.235476196562E+003     0.297650231955E-003     0.000000000000E+000     0.000000000000E+000     0.000000000000E+000
     0.236476196562E+003     0.296678418309E-003     0.000000000000E+000     0.000000000000E+000     0.000000000000E+000
     0.237476196562E+003     0.295709777587E-003     0.000000000000E+000     0.000000000000E+000     0.000000000000E+000
     0.238476196562E+003     0.294744299430E-003     0.000000000000E+000     0.000000000000E+000     0.000000000000E+000
     0.239476196562E+003     0.293781973513E-003     0.000000000000E+000     0.000000000000E+000     0.000000000000E+000
     0.240476196562E+003     0.292822789543E-003     0.000000000000E+000     0.000000000000E+000     0.000000000000E+000
     0.241476196562E+003     0.291866737263E-003     0.000000000000E+000     0.000000000000E+000     0.000000000000E+000
     0.242476196562E+003     0.290913806448E-003     0.000000000000E+000     0.000000000000E+000     0.000000000000E+000
     0.243476196562E+003     0.289963986905E-003     0.000000000000E+000     0.000000000000E+000     0.000000000000E+000
     0.244476196562E+003     0.289017268478E-003     0.000000000000E+000     0.000000000000E+000     0.000000000000E+000
     0.245476196562E+003     0.288073641041E-003     0.000000000000E+000     0.000000000000E+000     0.000000000000E+000
     0.246476196562E+003     0.287133094501E-003     0.000000000000E+000     0.000000000000E+000     0.000000000000E+000
     0.247476196562E+003     0.286195618801E-003     0.000000000000E+000     0.000000000000E+000     0.000000000000E+000
     0.248476196562E+003     0.285261203914E-003     0.000000000000E+000     0.000000000000E+000     0.000000000000E+000
     0.249476196562E+003     0.284329839846E-003     0.000000000000E+000     0.000000000000E+000     0.000000000000E+000
     0.250476196562E+003     0.283401516637E-003     0.000000000000E+000     0.000000000000E+000     0.000000000000E+000
     0.251476196562E+003     0.282476224358E-003     0.000000000000E+000     0.000000000000E+000     0.000000000000E+000
     0.252476196562E+003     0.281553953114E-003     0.000000000000E+000     0.000000000000E+000     0.000000000000E+000
     0.253476196562E+003     0.280634693041E-003     0.000000000000E+000     0.000000000000E+000     0.000000000000E+000
     0.254476196562E+003     0.279718434308E-003     0.000000000000E+000     0.000000000000E+000     0.000000000000E+000
     0.255476196562E+003     0.278805167116E-003     0.000000000000E+000     0.000000000000E+000     0.000000000000E+000
     0.256476196562E+003     0.277894881697E-003     0.000000000000E+000     0.000000000000E+000     0.000000000000E+000
     0.257476196562E+003     0.276987568315E-003     0.000000000000E+000     0.000000000000E+000     0.000000000000E+000
     0.258476196562E+003     0.276083217269E-003     0.000000000000E+000     0.000000000000E+000     0.000000000000E+000
     0.259476196562E+003     0.275181818884E-003     0.000000000000E+000     0.000000000000E+000     0.000000000000E+000
     0.260476196562E+003     0.274283363522E-003     0.000000000000E+000     0.000000000000E+000     0.000000000000E+000
     0.261476196562E+003     0.273387841574E-003     0.000000000000E+000     0.000000000000E+000     0.000000000000E+000
     0.262476196562E+003     0.272495243461E-003     0.000000000000E+000     0.000000000000E+000     0.000000000000E+000
     0.263476196562E+003     0.271605559638E-003     0.000000000000E+000     0.000000000000E+000     0.000000000000E+000
     0.264476196562E+003     0.270718780590E-003     0.000000000000E+000     0.000000000000E+000     0.000000000000E+000
     0.265476196562E+003     0.269834896833E-003     0.000000000000E+000     0.000000000000E+000     0.000000000000E+000
     0.266476196562E+003     0.268953898913E-003     0.000000000000E+000     0.000000000000E+000     0.000000000000E+000
     0.267476196562E+003     0.268075777409E-003     0.000000000000E+000     0.000000000000E+000     0.000000000000E+000
     0.268476196562E+003     0.267200522930E-003     0.000000000000E+000     0.000000000000E+000     0.000000000000E+000
     0.269476196562E+003     0.266328126114E-003     0.000000000000E+000     0.000000000000E+000     0.000000000000E+000
     0.270476196562E+003     0.265458577632E-003     0.000000000000E+000     0.000000000000E+000     0.000000000000E+000
     0.271476196562E+003     0.264591868184E-003     0.000000000000E+000     0.000000000000E+000     0.000000000000E+000
     0.272476196562E+003     0.263727988500E-003     0.000000000000E+000     0.000000000000E+000     0.000000000000E+000
     0.273476196562E+003     0.262866929341E-003     0.000000000000E+000     0.000000000000E+000     0.000000000000E+000
     0.274476196562E+003     0.262008681499E-003     0.000000000000E+000     0.000000000000E+000     0.000000000000E+000
     0.275476196562E+003     0.261153235795E-003     0.000000000000E+000     0.000000000000E+000     0.000000000000E+000
     0.276476196562E+003     0.260300583080E-003     0.000000000000E+000     0.000000000000E+000     0.000000000000E+000
     0.277476196562E+003     0.259450714235E-003     0.000000000000E+000     0.000000000000E+000     0.000000000000E+000
     0.278476196562E+003     0.258603620171E-003     0.000000000000E+000     0.000000000000E+000     0.000000000000E+000
     0.279476196562E+003     0.257759291828E-003     0.000000000000E+000     0.000000000000E+000     0.000000000000E+000
     0.280476196562E+003     0.256917720176E-003     0.000000000000E+000     0.000000000000E+000     0.000000000000E+000
     0.281476196562E+003     0.256078896215E-003     0.000000000000E+000     0.000000000000E+000     0.000000000000E+000
     0.282476196562E+003     0.255242810974E-003     0.000000000000E+000     0.000000000000E+000     0.000000000000E+000
     0.283476196562E+003     0.254409455511E-003     0.000000000000E+000     0.000000000000E+000     0.000000000000E+000
     0.284476196562E+003     0.253578820913E-003     0.000000000000E+000     0.000000000000E+000     0.000000000000E+000
     0.285476196562E+003     0.252750898297E-003     0.000000000000E+000     0.000000000000E+000     0.000000000000E+000
     0.286476196562E+003     0.251925678809E-003     0.000000000000E+000     0.000000000000E+000     0.000000000000E+000
     0.287476196562E+003     0.251103153622E-003     0.000000000000E+000     0.000000000000E+000     0.000000000000E+000
     0.288476196562E+003     0.250283313940E-003     0.000000000000E+000     0.000000000000E+000     0.000000000000E+000
     0.289476196562E+003     0.249466150996E-003     0.000000000000E+000     0.000000000000E+000     0.000000000000E+000
     0.290476196562E+003     0.248651656049E-003     0.000000000000E+000     0.000000000000E+000     0.000000000000E+000
     0.291476196562E+003     0.247839820388E-003     0.000000000000E+000     0.000000000000E+000     0.000000000000E+000
     0.292476196562E+003     0.247030635332E-003     0.000000000000E+000     0.000000000000E+000     0.000000000000E+000
     0.293476196562E+003     0.246224092226E-003     0.000000000000E+000     0.000000000000E+000     0.000000000000E+000
     0.294476196562E+003     0.245420182445E-003     0.000000000000E+000     0.000000000000E+000     0.000000000000E+000
     0.295476196562E+003     0.244618897390E-003     0.000000000000E+000     0.000000000000E+000     0.000000000000E+000
     0.296476196562E+003     0.243820228492E-003     0.000000000000E+000     0.000000000000E+000     0.000000000000E+000
     0.297476196562E+003     0.243024167209E-003     0.000000000000E+000     0.000000000000E+000     0.000000000000E+000
     0.298476196562E+003     0.242230705029E-003     0.000000000000E+000     0.000000000000E+000     0.000000000000E+000
     0.299476196562E+003     0.241439833464E-003     0.000000000000E+000     0.000000000000E+000     0.000000000000E+000
     0.300476196562E+003     0.240651544056E-003     0.000000000000E+000     0.000000000000E+000     0.000000000000E+000
     0.301476196562E+003     0.239865828375E-003     0.000000000000E+000     0.000000000000E+000     0.000000000000E+000
     0.302476196562E+003     0.239082678018E-003     0.000000000000E+000     0.000000000000E+000     0.000000000000E+000
     0.303476196562E+003     0.238302084610E-003     0.000000000000E+000     0.000000000000E+000     0.000000000000E+000
     0.304476196562E+003     0.237524039801E-003     0.000000000000E+000     0.000000000000E+000     0.000000000000E+000
     0.305476196562E+003     0.236748535271E-003     0.000000000000E+000     0.000000000000E+000     0.000000000000E+000
     0.306476196562E+003     0.235975562725E-003     0.000000000000E+000     0.000000000000E+000     0.000000000000E+000
     0.307476196562E+003     0.235205113898E-003     0.000000000000E+000     0.000000000000E+000     0.000000000000E+000
     0.308476196562E+003     0.234437180549E-003     0.000000000000E+000     0.000000000000E+000     0.000000000000E+000
     0.309476196562E+003     0.233671754465E-003     0.000000000000E+000     0.000000000000E+000     0.000000000000E+000
     0.310476196562E+003     0.232908827461E-003     0.000000000000E+000     0.000000000000E+000     0.000000000000E+000
     0.311476196562E+003     0.232148391377E-003     0.000000000000E+000     0.000000000000E+000     0.000000000000E+000
     0.312476196562E+003     0.231390438079E-003     0.000000000000E+000     0.000000000000E+000     0.000000000000E+000
     0.313476196562E+003     0.230634959463E-003     0.000000000000E+000     0.000000000000E+000     0.000000000000E+000
     0.314476196562E+003     0.229881947447E-003     0.000000000000E+000     0.000000000000E+000     0.000000000000E+000
     0.315476196562E+003     0.229131393980E-003     0.000000000000E+000     0.000000000000E+000     0.000000000000E+000
     0.316476196562E+003     0.228383291034E-003     0.000000000000E+000     0.000000000000E+000     0.000000000000E+000
     0.317476196562E+003     0.227637630607E-003     0.000000000000E+000     0.000000000000E+000     0.000000000000E+000
     0.318476196562E+003     0.226894404726E-003     0.000000000000E+000     0.000000000000E+000     0.000000000000E+000
     0.319476196562E+003     0.226153605441E-003     0.000000000000E+000     0.000000000000E+000     0.000000000000E+000
     0.320476196562E+003     0.225415224831E-003     0.000000000000E+000     0.000000000000E+000     0.000000000000E+000
     0.321476196562E+003     0.224679254997E-003     0.000000000000E+000     0.000000000000E+000     0.000000000000E+000
     0.322476196562E+003     0.223945688070E-003     0.000000000000E+000     0.000000000000E+000     0.000000000000E+000
     0.323476196562E+003     0.223214516203E-003     0.000000000000E+000     0.000000000000E+000     0.000000000000E+000
     0.324476196562E+003     0.222485731577E-003     0.000000000000E+000     0.000000000000E+000     0.000000000000E+000
     0.325476196562E+003     0.221759326398E-003     0.000000000000E+000     0.000000000000E+000     0.000000000000E+000
     0.326476196562E+003     0.221035292896E-003     0.000000000000E+000     0.000000000000E+000     0.000000000000E+000
     0.327476196562E+003     0.220313623329E-003     0.000000000000E+000     0.000000000000E+000     0.000000000000E+000
     0.328476196562E+003     0.219594309978E-003     0.000000000000E+000     0.000000000000E+000     0.000000000000E+000
     0.329476196562E+003     0.218877345151E-003     0.000000000000E+000     0.000000000000E+000     0.000000000000E+000
     0.330476196562E+003     0.218162721179E-003     0.000000000000E+000     0.000000000000E+000     0.000000000000E+000
     0.331476196562E+003     0.217450430420E-003     0.000000000000E+000     0.000000000000E+000     0.000000000000E+000
     0.332476196562E+003     0.216740465256E-003     0.000000000000E+000     0.000000000000E+000     0.000000000000E+000
     0.333476196562E+003     0.216032818094E-003     0.000000000000E+000     0.000000000000E+000     0.000000000000E+000
     0.334476196562E+003     0.215327481366E-003     0.000000000000E+000     0.000000000000E+000     0.000000000000E+000
     0.335476196562E+003     0.214624447528E-003     0.000000000000E+000     0.000000000000E+000     0.000000000000E+000
     0.336476196562E+003     0.213923709062E-003     0.000000000000E+000     0.000000000000E+000     0.000000000000E+000
     0.337476196562E+003     0.213225258473E-003     0.000000000000E+000     0.000000000000E+000     0.000000000000E+000
     0.338476196562E+003     0.212529088292E-003     0.000000000000E+000     0.000000000000E+000     0.000000000000E+000
     0.339476196562E+003     0.211835191072E-003     0.000000000000E+000     0.000000000000E+000     0.000000000000E+000
     0.340476196562E+003     0.211143559394E-003     0.000000000000E+000     0.000000000000E+000     0.000000000000E+000
     0.341476196562E+003     0.210454185859E-003     0.000000000000E+000     0.000000000000E+000     0.000000000000E+000
     0.342476196562E+003     0.209767063096E-003     0.000000000000E+000     0.000000000000E+000     0.000000000000E+000
     0.343476196562E+003     0.209082183756E-003     0.000000000000E+000     0.000000000000E+000     0.000000000000E+000
     0.344476196562E+003     0.208399540513E-003     0.000000000000E+000     0.000000000000E+000     0.000000000000E+000
     0.345476196562E+003     0.207719126068E-003     0.000000000000E+000     0.000000000000E+000     0.000000000000E+000
     0.346476196562E+003     0.207040933143E-003     0.000000000000E+000     0.000000000000E+000     0.000000000000E+000
     0.347476196562E+003     0.206364954486E-003     0.000000000000E+000     0.000000000000E+000     0.000000000000E+000
     0.348476196562E+003     0.205691182866E-003     0.000000000000E+000     0.000000000000E+000     0.000000000000E+000
     0.349476196562E+003     0.205019611078E-003     0.000000000000E+000     0.000000000000E+000     0.000000000000E+000
     0.350476196562E+003     0.204350231939E-003     0.000000000000E+000     0.000000000000E+000     0.000000000000E+000
     0.351476196562E+003     0.203683038291E-003     0.000000000000E+000     0.000000000000E+000     0.000000000000E+000
     0.352476196562E+003     0.203018022998E-003     0.000000000000E+000     0.000000000000E+000     0.000000000000E+000
     0.353476196562E+003     0.202355178948E-003     0.000000000000E+000     0.000000000000E+000     0.000000000000E+000
     0.354476196562E+003     0.201694499052E-003     0.000000000000E+000     0.000000000000E+000     0.000000000000E+000
     0.355476196562E+003     0.201035976243E-003     0.000000000000E+000     0.000000000000E+000     0.000000000000E+000
     0.356476196562E+003     0.200379603480E-003     0.000000000000E+000     0.000000000000E+000     0.000000000000E+000
     0.357476196562E+003     0.199725373743E-003     0.000000000000E+000     0.000000000000E+000     0.000000000000E+000
     0.358476196562E+003     0.199073280033E-003     0.000000000000E+000     0.000000000000E+000     0.000000000000E+000
     0.359476196562E+003     0.198423315379E-003     0.000000000000E+000     0.000000000000E+000     0.000000000000E+000
     0.360476196562E+003     0.197775472827E-003     0.000000000000E+000     0.000000000000E+000     0.000000000000E+000
     0.361476196562E+003     0.197129745451E-003     0.000000000000E+000     0.000000000000E+000     0.000000000000E+000
     0.362476196562E+003     0.196486126343E-003     0.000000000000E+000     0.000000000000E+000     0.000000000000E+000
     0.363476196562E+003     0.195844608620E-003     0.000000000000E+000     0.000000000000E+000     0.000000000000E+000
     0.364476196562E+003     0.195205185422E-003     0.000000000000E+000     0.000000000000E+000     0.000000000000E+000
     0.365476196562E+003     0.194567849909E-003     0.000000000000E+000     0.000000000000E+000     0.000000000000E+000
     0.366476196562E+003     0.193932595267E-003     0.000000000000E+000     0.000000000000E+000     0.000000000000E+000
     0.367476196562E+003     0.193299414700E-003     0.000000000000E+000     0.000000000000E+000     0.000000000000E+000
     0.368476196562E+003     0.192668301437E-003     0.000000000000E+000     0.000000000000E+000     0.000000000000E+000
     0.369476196562E+003     0.192039248728E-003     0.000000000000E+000     0.000000000000E+000     0.000000000000E+000
     0.370476196562E+003     0.191412249846E-003     0.000000000000E+000     0.000000000000E+000     0.000000000000E+000
     0.371476196562E+003     0.190787298086E-003     0.000000000000E+000     0.000000000000E+000     0.000000000000E+000
     0.372476196562E+003     0.190164386762E-003     0.000000000000E+000     0.000000000000E+000     0.000000000000E+000
     0.373476196562E+003     0.189543509214E-003     0.000000000000E+000     0.000000000000E+000     0.000000000000E+000
     0.374476196562E+003     0.188924658802E-003     0.000000000000E+000     0.000000000000E+000     0.000000000000E+000
     0.375476196562E+003     0.188307828906E-003     0.000000000000E+000     0.000000000000E+000     0.000000000000E+000
     0.376476196562E+003     0.187693012930E-003     0.000000000000E+000     0.000000000000E+000     0.000000000000E+000
     0.377476196562E+003     0.187080204298E-003     0.000000000000E+000     0.000000000000E+000     0.000000000000E+000
     0.378476196562E+003     0.186469396457E-003     0.000000000000E+000     0.000000000000E+000     0.000000000000E+000
     0.379476196562E+003     0.185860582874E-003     0.000000000000E+000     0.000000000000E+000     0.000000000000E+000
     0.380476196562E+003     0.185253757038E-003     0.000000000000E+000     0.000000000000E+000     0.000000000000E+000
     0.381476196562E+003     0.184648912459E-003     0.000000000000E+000     0.000000000000E+000     0.000000000000E+000
     0.382476196562E+003     0.184046042669E-003     0.000000000000E+000     0.000000000000E+000     0.000000000000E+000
     0.383476196562E+003     0.183445141219E-003     0.000000000000E+000     0.000000000000E+000     0.000000000000E+000
     0.384476196562E+003     0.182846201684E-003     0.000000000000E+000     0.000000000000E+000     0.000000000000E+000
     0.385476196562E+003     0.182249217657E-003     0.000000000000E+000     0.000000000000E+000     0.000000000000E+000
     0.386476196562E+003     0.181654182754E-003     0.000000000000E+000     0.000000000000E+000     0.000000000000E+000
     0.387476196562E+003     0.181061090612E-003     0.000000000000E+000     0.000000000000E+000     0.000000000000E+000
     0.388476196562E+003     0.180469934887E-003     0.000000000000E+000     0.000000000000E+000     0.000000000000E+000
     0.389476196562E+003     0.179880709256E-003     0.000000000000E+000     0.000000000000E+000     0.000000000000E+000
     0.390476196562E+003     0.179293407419E-003     0.000000000000E+000     0.000000000000E+000     0.000000000000E+000
     0.391476196562E+003     0.178708023094E-003     0.000000000000E+000     0.000000000000E+000     0.000000000000E+000
     0.392476196562E+003     0.178124550021E-003     0.000000000000E+000     0.000000000000E+000     0.000000000000E+000
     0.393476196562E+003     0.177542981959E-003     0.000000000000E+000     0.000000000000E+000     0.000000000000E+000
     0.394476196562E+003     0.176963312689E-003     0.000000000000E+000     0.000000000000E+000     0.000000000000E+000
     0.395476196562E+003     0.176385536011E-003     0.000000000000E+000     0.000000000000E+000     0.000000000000E+000
     0.396476196562E+003     0.175809645746E-003     0.000000000000E+000     0.000000000000E+000     0.000000000000E+000
     0.397476196562E+003     0.175235635735E-003     0.000000000000E+000     0.000000000000E+000     0.000000000000E+000
     0.398476196562E+003     0.174663499839E-003     0.000000000000E+000     0.000000000000E+000     0.000000000000E+000
     0.399476196562E+003     0.174093231939E-003     0.000000000000E+000     0.000000000000E+000     0.000000000000E+000
     0.400476196562E+003     0.173524825936E-003     0.000000000000E+000     0.000000000000E+000     0.000000000000E+000
     0.401476196562E+003     0.172958275751E-003     0.000000000000E+000     0.000000000000E+000     0.000000000000E+000
     0.402476196562E+003     0.172393575326E-003     0.000000000000E+000     0.000000000000E+000     0.000000000000E+000
     0.403476196562E+003     0.171830718620E-003     0.000000000000E+000     0.000000000000E+000     0.000000000000E+000
     0.404476196562E+003     0.171269699614E-003     0.000000000000E+000     0.000000000000E+000     0.000000000000E+000
     0.405476196562E+003     0.170710512308E-003     0.000000000000E+000     0.000000000000E+000     0.000000000000E+000
     0.406476196562E+003     0.170153150721E-003     0.000000000000E+000     0.000000000000E+000     0.000000000000E+000
     0.407476196562E+003     0.169597608893E-003     0.000000000000E+000     0.000000000000E+000     0.000000000000E+000
     0.408476196562E+003     0.169043880883E-003     0.000000000000E+000     0.000000000000E+000     0.000000000000E+000
     0.409476196562E+003     0.168491960768E-003     0.000000000000E+000     0.000000000000E+000     0.000000000000E+000
     0.410476196562E+003     0.167941842645E-003     0.000000000000E+000     0.000000000000E+000     0.000000000000E+000
     0.411476196562E+003     0.167393520631E-003     0.000000000000E+000     0.000000000000E+000     0.000000000000E+000
     0.412476196562E+003     0.166846988863E-003     0.000000000000E+000     0.000000000000E+000     0.000000000000E+000
     0.413476196562E+003     0.166302241494E-003     0.000000000000E+000     0.000000000000E+000     0.000000000000E+000
     0.414476196562E+003     0.165759272699E-003     0.000000000000E+000     0.000000000000E+000     0.000000000000E+000
     0.415476196562E+003     0.165218076671E-003     0.000000000000E+000     0.000000000000E+000     0.000000000000E+000
     0.416476196562E+003     0.164678647622E-003     0.000000000000E+000     0.000000000000E+000     0.000000000000E+000
     0.417476196562E+003     0.164140979783E-003     0.000000000000E+000     0.000000000000E+000     0.000000000000E+000
     0.418476196562E+003     0.163605067403E-003     0.000000000000E+000     0.000000000000E+000     0.000000000000E+000
     0.419476196562E+003     0.163070904751E-003     0.000000000000E+000     0.000000000000E+000     0.000000000000E+000
     0.420476196562E+003     0.162538486115E-003     0.000000000000E+000     0.000000000000E+000     0.000000000000E+000
     0.421476196562E+003     0.162007805800E-003     0.000000000000E+000     0.000000000000E+000     0.000000000000E+000
     0.422476196562E+003     0.161478858130E-003     0.000000000000E+000     0.000000000000E+000     0.000000000000E+000
     0.423476196562E+003     0.160951637449E-003     0.000000000000E+000     0.000000000000E+000     0.000000000000E+000
     0.424476196562E+003     0.160426138118E-003     0.000000000000E+000     0.000000000000E+000     0.000000000000E+000
     0.425476196562E+003     0.159902354517E-003     0.000000000000E+000     0.000000000000E+000     0.000000000000E+000
     0.426476196562E+003     0.159380281045E-003     0.000000000000E+000     0.000000000000E+000     0.000000000000E+000
     0.427476196562E+003     0.158859912117E-003     0.000000000000E+000     0.000000000000E+000     0.000000000000E+000
     0.428476196562E+003     0.158341242168E-003     0.000000000000E+000     0.000000000000E+000     0.000000000000E+000
     0.429476196562E+003     0.157824265652E-003     0.000000000000E+000     0.000000000000E+000     0.000000000000E+000
     0.430476196562E+003     0.157308977039E-003     0.000000000000E+000     0.000000000000E+000     0.000000000000E+000
     0.431476196562E+003     0.156795370819E-003     0.000000000000E+000     0.000000000000E+000     0.000000000000E+000
     0.432476196562E+003     0.156283441498E-003     0.000000000000E+000     0.000000000000E+000     0.000000000000E+000
     0.433476196562E+003     0.155773183602E-003     0.000000000000E+000     0.000000000000E+000     0.000000000000E+000
     0.434476196562E+003     0.155264591673E-003     0.000000000000E+000     0.000000000000E+000     0.000000000000E+000
     0.435476196562E+003     0.154757660272E-003     0.000000000000E+000     0.000000000000E+000     0.000000000000E+000
     0.436476196562E+003     0.154252383978E-003     0.000000000000E+000     0.000000000000E+000     0.000000000000E+000
     0.437476196562E+003     0.153748757386E-003     0.000000000000E+000     0.000000000000E+000     0.000000000000E+000
     0.438476196562E+003     0.153246775111E-003     0.000000000000E+000     0.000000000000E+000     0.000000000000E+000
     0.439476196562E+003     0.152746431784E-003     0.000000000000E+000     0.000000000000E+000     0.000000000000E+000
     0.440476196562E+003     0.152247722054E-003     0.000000000000E+000     0.000000000000E+000     0.000000000000E+000
     0.441476196562E+003     0.151750640587E-003     0.000000000000E+000     0.000000000000E+000     0.000000000000E+000
     0.442476196562E+003     0.151255182067E-003     0.000000000000E+000     0.000000000000E+000     0.000000000000E+000
     0.443476196562E+003     0.150761341195E-003     0.000000000000E+000     0.000000000000E+000     0.000000000000E+000
     0.444476196562E+003     0.150269112690E-003     0.000000000000E+000     0.000000000000E+000     0.000000000000E+000
     0.445476196562E+003     0.149778491287E-003     0.000000000000E+000     0.000000000000E+000     0.000000000000E+000
     0.446476196562E+003     0.149289471739E-003     0.000000000000E+000     0.000000000000E+000     0.000000000000E+000
     0.447476196562E+003     0.148802048817E-003     0.000000000000E+000     0.000000000000E+000     0.000000000000E+000
     0.448476196562E+003     0.148316217306E-003     0.000000000000E+000     0.000000000000E+000     0.000000000000E+000
     0.449476196562E+003     0.147831972013E-003     0.000000000000E+000     0.000000000000E+000     0.000000000000E+000
     0.450476196562E+003     0.147349307756E-003     0.000000000000E+000     0.000000000000E+000     0.000000000000E+000
     0.451476196562E+003     0.146868219376E-003     0.000000000000E+000     0.000000000000E+000     0.000000000000E+000
     0.452476196562E+003     0.146388701725E-003     0.000000000000E+000     0.000000000000E+000     0.000000000000E+000
     0.453476196562E+003     0.145910749677E-003     0.000000000000E+000     0.000000000000E+000     0.000000000000E+000
     0.454476196562E+003     0.145434358119E-003     0.000000000000E+000     0.000000000000E+000     0.000000000000E+000
     0.455476196562E+003     0.144959521957E-003     0.000000000000E+000     0.000000000000E+000     0.000000000000E+000
     0.456476196562E+003     0.144486236111E-003     0.000000000000E+000     0.000000000000E+000     0.000000000000E+000
     0.457476196562E+003     0.144014495521E-003     0.000000000000E+000     0.000000000000E+000     0.000000000000E+000
     0.458476196562E+003     0.143544295142E-003     0.000000000000E+000     0.000000000000E+000     0.000000000000E+000
     0.459476196562E+003     0.143075629944E-003     0.000000000000E+000     0.000000000000E+000     0.000000000000E+000
     0.460476196562E+003     0.142608494915E-003     0.000000000000E+000     0.000000000000E+000     0.000000000000E+000
     0.461476196562E+003     0.142142885059E-003     0.000000000000E+000     0.000000000000E+000     0.000000000000E+000
     0.462476196562E+003     0.141678795398E-003     0.000000000000E+000     0.000000000000E+000     0.000000000000E+000
     0.463476196562E+003     0.141216220966E-003     0.000000000000E+000     0.000000000000E+000     0.000000000000E+000
     0.464476196562E+003     0.140755156818E-003     0.000000000000E+000     0.000000000000E+000     0.000000000000E+000
     0.465476196562E+003     0.140295598022E-003     0.000000000000E+000     0.000000000000E+000     0.000000000000E+000
     0.466476196562E+003     0.139837539663E-003     0.000000000000E+000     0.000000000000E+000     0.000000000000E+000
     0.467476196562E+003     0.139380976843E-003     0.000000000000E+000     0.000000000000E+000     0.000000000000E+000
     0.468476196562E+003     0.138925904678E-003     0.000000000000E+000     0.000000000000E+000     0.000000000000E+000
     0.469476196562E+003     0.138472318302E-003     0.000000000000E+000     0.000000000000E+000     0.000000000000E+000
     0.470476196562E+003     0.138020212864E-003     0.000000000000E+000     0.000000000000E+000     0.000000000000E+000
     0.471476196562E+003     0.137569583528E-003     0.000000000000E+000     0.000000000000E+000     0.000000000000E+000
     0.472476196562E+003     0.137120425475E-003     0.000000000000E+000     0.000000000000E+000     0.000000000000E+000
     0.473476196562E+003     0.136672733901E-003     0.000000000000E+000     0.000000000000E+000     0.000000000000E+000
     0.474476196562E+003     0.136226504019E-003     0.000000000000E+000     0.000000000000E+000     0.000000000000E+000
     0.475476196562E+003     0.135781731056E-003     0.000000000000E+000     0.000000000000E+000     0.000000000000E+000
     0.476476196562E+003     0.135338410255E-003     0.000000000000E+000     0.000000000000E+000     0.000000000000E+000
     0.477476196562E+003     0.134896536875E-003     0.000000000000E+000     0.000000000000E+000     0.000000000000E+000
     0.478476196562E+003     0.134456106191E-003     0.000000000000E+000     0.000000000000E+000     0.000000000000E+000
     0.479476196562E+003     0.134017113491E-003     0.000000000000E+000     0.000000000000E+000     0.000000000000E+000
     0.480476196562E+003     0.133579554081E-003     0.000000000000E+000     0.000000000000E+000     0.000000000000E+000
     0.481476196562E+003     0.133143423282E-003     0.000000000000E+000     0.000000000000E+000     0.000000000000E+000
     0.482476196562E+003     0.132708716429E-003     0.000000000000E+000     0.000000000000E+000     0.000000000000E+000
     0.483476196562E+003     0.132275428873E-003     0.000000000000E+000     0.000000000000E+000     0.000000000000E+000
     0.484476196562E+003     0.131843555979E-003     0.000000000000E+000     0.000000000000E+000     0.000000000000E+000
     0.485476196562E+003     0.131413093130E-003     0.000000000000E+000     0.000000000000E+000     0.000000000000E+000
     0.486476196562E+003     0.130984035721E-003     0.000000000000E+000     0.000000000000E+000     0.000000000000E+000
     0.487476196562E+003     0.130556379164E-003     0.000000000000E+000     0.000000000000E+000     0.000000000000E+000
     0.488476196562E+003     0.130130118885E-003     0.000000000000E+000     0.000000000000E+000     0.000000000000E+000
     0.489476196562E+003     0.129705250325E-003     0.000000000000E+000     0.000000000000E+000     0.000000000000E+000
     0.490476196562E+003     0.129281768941E-003     0.000000000000E+000     0.000000000000E+000     0.000000000000E+000
     0.491476196562E+003     0.128859670203E-003     0.000000000000E+000     0.000000000000E+000     0.000000000000E+000
     0.492476196562E+003     0.128438949596E-003     0.000000000000E+000     0.000000000000E+000     0.000000000000E+000
     0.493476196562E+003     0.128019602623E-003     0.000000000000E+000     0.000000000000E+000     0.000000000000E+000
     0.494476196562E+003     0.127601624797E-003     0.000000000000E+000     0.000000000000E+000     0.000000000000E+000
     0.495476196562E+003     0.127185011648E-003     0.000000000000E+000     0.000000000000E+000     0.000000000000E+000
     0.496476196562E+003     0.126769758721E-003     0.000000000000E+000     0.000000000000E+000     0.000000000000E+000
     0.497476196562E+003     0.126355861575E-003     0.000000000000E+000     0.000000000000E+000     0.000000000000E+000
     0.498476196562E+003     0.125943315784E-003     0.000000000000E+000     0.000000000000E+000     0.000000000000E+000
     0.499476196562E+003     0.125532116934E-003     0.000000000000E+000     0.000000000000E+000     0.000000000000E+000
     0.500476196562E+003     0.125122260629E-003     0.000000000000E+000     0.000000000000E+000     0.000000000000E+000
     0.501476196562E+003     0.124713742485E-003     0.000000000000E+000     0.000000000000E+000     0.000000000000E+000
     0.502476196562E+003     0.124306558132E-003     0.000000000000E+000     0.000000000000E+000     0.000000000000E+000
     0.503476196562E+003     0.123900703217E-003     0.000000000000E+000     0.000000000000E+000     0.000000000000E+000
     0.504476196562E+003     0.123496173399E-003     0.000000000000E+000     0.000000000000E+000     0.000000000000E+000
     0.505476196562E+003     0.123092964351E-003     0.000000000000E+000     0.000000000000E+000     0.000000000000E+000
     0.506476196562E+003     0.122691071762E-003     0.000000000000E+000     0.000000000000E+000     0.000000000000E+000
     0.507476196562E+003     0.122290491332E-003     0.000000000000E+000     0.000000000000E+000     0.000000000000E+000
     0.508476196562E+003     0.121891218778E-003     0.000000000000E+000     0.000000000000E+000     0.000000000000E+000
     0.509476196562E+003     0.121493249829E-003     0.000000000000E+000     0.000000000000E+000     0.000000000000E+000
     0.510476196562E+003     0.121096580230E-003     0.000000000000E+000     0.000000000000E+000     0.000000000000E+000
     0.511476196562E+003     0.120701205738E-003     0.000000000000E+000     0.000000000000E+000     0.000000000000E+000
     0.512476196562E+003     0.120307122125E-003     0.000000000000E+000     0.000000000000E+000     0.000000000000E+000
     0.513476196562E+003     0.119914325176E-003     0.000000000000E+000     0.000000000000E+000     0.000000000000E+000
     0.514476196562E+003     0.119522810690E-003     0.000000000000E+000     0.000000000000E+000     0.000000000000E+000
     0.515476196562E+003     0.119132574479E-003     0.000000000000E+000     0.000000000000E+000     0.000000000000E+000
     0.516476196562E+003     0.118743612371E-003     0.000000000000E+000     0.000000000000E+000     0.000000000000E+000
     0.517476196562E+003     0.118355920206E-003     0.000000000000E+000     0.000000000000E+000     0.000000000000E+000
     0.518476196562E+003     0.117969493837E-003     0.000000000000E+000     0.000000000000E+000     0.000000000000E+000
     0.519476196562E+003     0.117584329131E-003     0.000000000000E+000     0.000000000000E+000     0.000000000000E+000
     0.520476196562E+003     0.117200421969E-003     0.000000000000E+000     0.000000000000E+000     0.000000000000E+000
     0.521476196562E+003     0.116817768246E-003     0.000000000000E+000     0.000000000000E+000     0.000000000000E+000
     0.522476196562E+003     0.116436363869E-003     0.000000000000E+000     0.000000000000E+000     0.000000000000E+000
     0.523476196562E+003     0.116056204759E-003     0.000000000000E+000     0.000000000000E+000     0.000000000000E+000
     0.524476196562E+003     0.115677286850E-003     0.000000000000E+000     0.000000000000E+000     0.000000000000E+000
     0.525476196562E+003     0.115299606089E-003     0.000000000000E+000     0.000000000000E+000     0.000000000000E+000
     0.526476196562E+003     0.114923158438E-003     0.000000000000E+000     0.000000000000E+000     0.000000000000E+000
     0.527476196562E+003     0.114547939870E-003     0.000000000000E+000     0.000000000000E+000     0.000000000000E+000
     0.528476196562E+003     0.114173946373E-003     0.000000000000E+000     0.000000000000E+000     0.000000000000E+000
     0.529476196562E+003     0.113801173947E-003     0.000000000000E+000     0.000000000000E+000     0.000000000000E+000
     0.530476196562E+003     0.113429618604E-003     0.000000000000E+000     0.000000000000E+000     0.000000000000E+000
     0.531476196562E+003     0.113059276372E-003     0.000000000000E+000     0.000000000000E+000     0.000000000000E+000
     0.532476196562E+003     0.112690143290E-003     0.000000000000E+000     0.000000000000E+000     0.000000000000E+000
     0.533476196562E+003     0.112322215409E-003     0.000000000000E+000     0.000000000000E+000     0.000000000000E+000
     0.534476196562E+003     0.111955488795E-003     0.000000000000E+000     0.000000000000E+000     0.000000000000E+000
     0.535476196562E+003     0.111589959525E-003     0.000000000000E+000     0.000000000000E+000     0.000000000000E+000
     0.536476196562E+003     0.111225623691E-003     0.000000000000E+000     0.000000000000E+000     0.000000000000E+000
     0.537476196562E+003     0.110862477396E-003     0.000000000000E+000     0.000000000000E+000     0.000000000000E+000
     0.538476196562E+003     0.110500516756E-003     0.000000000000E+000     0.000000000000E+000     0.000000000000E+000
     0.539476196562E+003     0.110139737900E-003     0.000000000000E+000     0.000000000000E+000     0.000000000000E+000
     0.540476196562E+003     0.109780136970E-003     0.000000000000E+000     0.000000000000E+000     0.000000000000E+000
     0.541476196562E+003     0.109421710119E-003     0.000000000000E+000     0.000000000000E+000     0.000000000000E+000
     0.542476196562E+003     0.109064453515E-003     0.000000000000E+000     0.000000000000E+000     0.000000000000E+000
     0.543476196562E+003     0.108708363336E-003     0.000000000000E+000     0.000000000000E+000     0.000000000000E+000
     0.544476196562E+003     0.108353435775E-003     0.000000000000E+000     0.000000000000E+000     0.000000000000E+000
     0.545476196562E+003     0.107999667035E-003     0.000000000000E+000     0.000000000000E+000     0.000000000000E+000
     0.546476196562E+003     0.107647053333E-003     0.000000000000E+000     0.000000000000E+000     0.000000000000E+000
     0.547476196562E+003     0.107295590897E-003     0.000000000000E+000     0.000000000000E+000     0.000000000000E+000
     0.548476196562E+003     0.106945275969E-003     0.000000000000E+000     0.000000000000E+000     0.000000000000E+000
     0.549476196562E+003     0.106596104803E-003     0.000000000000E+000     0.000000000000E+000     0.000000000000E+000
     0.550476196562E+003     0.106248073664E-003     0.000000000000E+000     0.000000000000E+000     0.000000000000E+000
     0.551476196562E+003     0.105901178830E-003     0.000000000000E+000     0.000000000000E+000     0.000000000000E+000
     0.552476196562E+003     0.105555416590E-003     0.000000000000E+000     0.000000000000E+000     0.000000000000E+000
     0.553476196562E+003     0.105210783248E-003     0.000000000000E+000     0.000000000000E+000     0.000000000000E+000
     0.554476196562E+003     0.104867275116E-003     0.000000000000E+000     0.000000000000E+000     0.000000000000E+000
     0.555476196562E+003     0.104524888523E-003     0.000000000000E+000     0.000000000000E+000     0.000000000000E+000
     0.556476196562E+003     0.104183619805E-003     0.000000000000E+000     0.000000000000E+000     0.000000000000E+000
     0.557476196562E+003     0.103843465313E-003     0.000000000000E+000     0.000000000000E+000     0.000000000000E+000
     0.558476196562E+003     0.103504421408E-003     0.000000000000E+000     0.000000000000E+000     0.000000000000E+000
     0.559476196562E+003     0.103166484466E-003     0.000000000000E+000     0.000000000000E+000     0.000000000000E+000
     0.560476196562E+003     0.102829650872E-003     0.000000000000E+000     0.000000000000E+000     0.000000000000E+000
     0.561476196562E+003     0.102493917023E-003     0.000000000000E+000     0.000000000000E+000     0.000000000000E+000
     0.562476196562E+003     0.102159279329E-003     0.000000000000E+000     0.000000000000E+000     0.000000000000E+000
     0.563476196562E+003     0.101825734211E-003     0.000000000000E+000     0.000000000000E+000     0.000000000000E+000
     0.564476196562E+003     0.101493278101E-003     0.000000000000E+000     0.000000000000E+000     0.000000000000E+000
     0.565476196562E+003     0.101161907445E-003     0.000000000000E+000     0.000000000000E+000     0.000000000000E+000
     0.566476196562E+003     0.100831618698E-003     0.000000000000E+000     0.000000000000E+000     0.000000000000E+000
     0.567476196562E+003     0.100502408328E-003     0.000000000000E+000     0.000000000000E+000     0.000000000000E+000
     0.568476196562E+003     0.100174272814E-003     0.000000000000E+000     0.000000000000E+000     0.000000000000E+000
     0.569476196562E+003     0.998472086459E-004     0.000000000000E+000     0.000000000000E+000     0.000000000000E+000
     0.570476196562E+003     0.995212123270E-004     0.000000000000E+000     0.000000000000E+000     0.000000000000E+000
     0.571476196562E+003     0.991962803703E-004     0.000000000000E+000     0.000000000000E+000     0.000000000000E+000
     0.572476196562E+003     0.988724093008E-004     0.000000000000E+000     0.000000000000E+000     0.000000000000E+000
     0.573476196562E+003     0.985495956547E-004     0.000000000000E+000     0.000000000000E+000     0.000000000000E+000
     0.574476196562E+003     0.982278359796E-004     0.000000000000E+000     0.000000000000E+000     0.000000000000E+000
     0.575476196562E+003     0.979071268343E-004     0.000000000000E+000     0.000000000000E+000     0.000000000000E+000
     0.576476196562E+003     0.975874647889E-004     0.000000000000E+000     0.000000000000E+000     0.000000000000E+000
     0.577476196562E+003     0.972688464246E-004     0.000000000000E+000     0.000000000000E+000     0.000000000000E+000
     0.578476196562E+003     0.969512683340E-004     0.000000000000E+000     0.000000000000E+000     0.000000000000E+000
     0.579476196562E+003     0.966347271205E-004     0.000000000000E+000     0.000000000000E+000     0.000000000000E+000
     0.580476196562E+003     0.963192193987E-004     0.000000000000E+000     0.000000000000E+000     0.000000000000E+000
     0.581476196562E+003     0.960047417945E-004     0.000000000000E+000     0.000000000000E+000     0.000000000000E+000
     0.582476196562E+003     0.956912909445E-004     0.000000000000E+000     0.000000000000E+000     0.000000000000E+000
     0.583476196562E+003     0.953788634963E-004     0.000000000000E+000     0.000000000000E+000     0.000000000000E+000
     0.584476196562E+003     0.950674561087E-004     0.000000000000E+000     0.000000000000E+000     0.000000000000E+000
     0.585476196562E+003     0.947570654512E-004     0.000000000000E+000     0.000000000000E+000     0.000000000000E+000
     0.586476196562E+003     0.944476882043E-004     0.000000000000E+000     0.000000000000E+000     0.000000000000E+000
     0.587476196562E+003     0.941393210591E-004     0.000000000000E+000     0.000000000000E+000     0.000000000000E+000
     0.588476196562E+003     0.938319607178E-004     0.000000000000E+000     0.000000000000E+000     0.000000000000E+000
     0.589476196562E+003     0.935256038931E-004     0.000000000000E+000     0.000000000000E+000     0.000000000000E+000
     0.590476196562E+003     0.932202473087E-004     0.000000000000E+000     0.000000000000E+000     0.000000000000E+000
     0.591476196562E+003     0.929158876988E-004     0.000000000000E+000     0.000000000000E+000     0.000000000000E+000
     0.592476196562E+003     0.926125218084E-004     0.000000000000E+000     0.000000000000E+000     0.000000000000E+000
     0.593476196562E+003     0.923101463929E-004     0.000000000000E+000     0.000000000000E+000     0.000000000000E+000
     0.594476196562E+003     0.920087582186E-004     0.000000000000E+000     0.000000000000E+000     0.000000000000E+000
     0.595476196562E+003     0.917083540622E-004     0.000000000000E+000     0.000000000000E+000     0.000000000000E+000
     0.596476196562E+003     0.914089307108E-004     0.000000000000E+000     0.000000000000E+000     0.000000000000E+000
     0.597476196562E+003     0.911104849622E-004     0.000000000000E+000     0.000000000000E+000     0.000000000000E+000
     0.598476196562E+003     0.908130136246E-004     0.000000000000E+000     0.000000000000E+000     0.000000000000E+000
     0.599476196562E+003     0.905165135166E-004     0.000000000000E+000     0.000000000000E+000     0.000000000000E+000
     0.600476196562E+003     0.902209814671E-004     0.000000000000E+000     0.000000000000E+000     0.000000000000E+000
     0.601476196562E+003     0.899264143155E-004     0.000000000000E+000     0.000000000000E+000     0.000000000000E+000
     0.602476196562E+003     0.896328089114E-004     0.000000000000E+000     0.000000000000E+000     0.000000000000E+000
     0.603476196562E+003     0.893401621148E-004     0.000000000000E+000     0.000000000000E+000     0.000000000000E+000
     0.604476196562E+003     0.890484707959E-004     0.000000000000E+000     0.000000000000E+000     0.000000000000E+000
     0.605476196562E+003     0.887577318350E-004     0.000000000000E+000     0.000000000000E+000     0.000000000000E+000
     0.606476196562E+003     0.884679421229E-004     0.000000000000E+000     0.000000000000E+000     0.000000000000E+000
     0.607476196562E+003     0.881790985601E-004     0.000000000000E+000     0.000000000000E+000     0.000000000000E+000
     0.608476196562E+003     0.878911980577E-004     0.000000000000E+000     0.000000000000E+000     0.000000000000E+000
     0.609476196562E+003     0.876042375365E-004     0.000000000000E+000     0.000000000000E+000     0.000000000000E+000
     0.610476196562E+003     0.873182139276E-004     0.000000000000E+000     0.000000000000E+000     0.000000000000E+000
     0.611476196562E+003     0.870331241719E-004     0.000000000000E+000     0.000000000000E+000     0.000000000000E+000
     0.612476196562E+003     0.867489652206E-004     0.000000000000E+000     0.000000000000E+000     0.000000000000E+000
     0.613476196562E+003     0.864657340345E-004     0.000000000000E+000     0.000000000000E+000     0.000000000000E+000
     0.614476196562E+003     0.861834275846E-004     0.000000000000E+000     0.000000000000E+000     0.000000000000E+000
     0.615476196562E+003     0.859020428516E-004     0.000000000000E+000     0.000000000000E+000     0.000000000000E+000
     0.616476196562E+003     0.856215768262E-004     0.000000000000E+000     0.000000000000E+000     0.000000000000E+000
     0.617476196562E+003     0.853420265088E-004     0.000000000000E+000     0.000000000000E+000     0.000000000000E+000
     0.618476196562E+003     0.850633889097E-004     0.000000000000E+000     0.000000000000E+000     0.000000000000E+000
     0.619476196562E+003     0.847856610490E-004     0.000000000000E+000     0.000000000000E+000     0.000000000000E+000
     0.620476196562E+003     0.845088399563E-004     0.000000000000E+000     0.000000000000E+000     0.000000000000E+000
     0.621476196562E+003     0.842329226711E-004     0.000000000000E+000     0.000000000000E+000     0.000000000000E+000
     0.622476196562E+003     0.839579062426E-004     0.000000000000E+000     0.000000000000E+000     0.000000000000E+000
     0.623476196562E+003     0.836837877294E-004     0.000000000000E+000     0.000000000000E+000     0.000000000000E+000
     0.624476196562E+003     0.834105641999E-004     0.000000000000E+000     0.000000000000E+000     0.000000000000E+000
     0.625476196562E+003     0.831382327321E-004     0.000000000000E+000     0.000000000000E+000     0.000000000000E+000
     0.626476196562E+003     0.828667904134E-004     0.000000000000E+000     0.000000000000E+000     0.000000000000E+000
     0.627476196562E+003     0.825962343408E-004     0.000000000000E+000     0.000000000000E+000     0.000000000000E+000
     0.628476196562E+003     0.823265616206E-004     0.000000000000E+000     0.000000000000E+000     0.000000000000E+000
     0.629476196562E+003     0.820577693689E-004     0.000000000000E+000     0.000000000000E+000     0.000000000000E+000
     0.630476196562E+003     0.817898547110E-004     0.000000000000E+000     0.000000000000E+000     0.000000000000E+000
     0.631476196562E+003     0.815228147814E-004     0.000000000000E+000     0.000000000000E+000     0.000000000000E+000
     0.632476196562E+003     0.812566467244E-004     0.000000000000E+000     0.000000000000E+000     0.000000000000E+000
     0.633476196562E+003     0.809913476932E-004     0.000000000000E+000     0.000000000000E+000     0.000000000000E+000
     0.634476196562E+003     0.807269148506E-004     0.000000000000E+000     0.000000000000E+000     0.000000000000E+000
     0.635476196562E+003     0.804633453684E-004     0.000000000000E+000     0.000000000000E+000     0.000000000000E+000
     0.636476196562E+003     0.802006364279E-004     0.000000000000E+000     0.000000000000E+000     0.000000000000E+000
     0.637476196562E+003     0.799387852194E-004     0.000000000000E+000     0.000000000000E+000     0.000000000000E+000
     0.638476196562E+003     0.796777889424E-004     0.000000000000E+000     0.000000000000E+000     0.000000000000E+000
     0.639476196562E+003     0.794176448057E-004     0.000000000000E+000     0.000000000000E+000     0.000000000000E+000
     0.640476196562E+003     0.791583500271E-004     0.000000000000E+000     0.000000000000E+000     0.000000000000E+000
     0.641476196562E+003     0.788999018334E-004     0.000000000000E+000     0.000000000000E+000     0.000000000000E+000
     0.642476196562E+003     0.786422974606E-004     0.000000000000E+000     0.000000000000E+000     0.000000000000E+000
     0.643476196562E+003     0.783855341536E-004     0.000000000000E+000     0.000000000000E+000     0.000000000000E+000
     0.644476196562E+003     0.781296091664E-004     0.000000000000E+000     0.000000000000E+000     0.000000000000E+000
     0.645476196562E+003     0.778745197620E-004     0.000000000000E+000     0.000000000000E+000     0.000000000000E+000
     0.646476196562E+003     0.776202632122E-004     0.000000000000E+000     0.000000000000E+000     0.000000000000E+000
     0.647476196562E+003     0.773668367977E-004     0.000000000000E+000     0.000000000000E+000     0.000000000000E+000
     0.648476196562E+003     0.771142378083E-004     0.000000000000E+000     0.000000000000E+000     0.000000000000E+000
     0.649476196562E+003     0.768624635424E-004     0.000000000000E+000     0.000000000000E+000     0.000000000000E+000
     0.650476196562E+003     0.766115113073E-004     0.000000000000E+000     0.000000000000E+000     0.000000000000E+000
     0.651476196562E+003     0.763613784191E-004     0.000000000000E+000     0.000000000000E+000     0.000000000000E+000
     0.652476196562E+003     0.761120622028E-004     0.000000000000E+000     0.000000000000E+000     0.000000000000E+000
     0.653476196562E+003     0.758635599918E-004     0.000000000000E+000     0.000000000000E+000     0.000000000000E+000
     0.654476196562E+003     0.756158691286E-004     0.000000000000E+000     0.000000000000E+000     0.000000000000E+000
     0.655476196562E+003     0.753689869642E-004     0.000000000000E+000     0.000000000000E+000     0.000000000000E+000
     0.656476196562E+003     0.751229108580E-004     0.000000000000E+000     0.000000000000E+000     0.000000000000E+000
     0.657476196562E+003     0.748776381785E-004     0.000000000000E+000     0.000000000000E+000     0.000000000000E+000
     0.658476196562E+003     0.746331663025E-004     0.000000000000E+000     0.000000000000E+000     0.000000000000E+000
     0.659476196562E+003     0.743894926153E-004     0.000000000000E+000     0.000000000000E+000     0.000000000000E+000
     0.660476196562E+003     0.741466145110E-004     0.000000000000E+000     0.000000000000E+000     0.000000000000E+000
     0.661476196562E+003     0.739045293920E-004     0.000000000000E+000     0.000000000000E+000     0.000000000000E+000
     0.662476196562E+003     0.736632346691E-004     0.000000000000E+000     0.000000000000E+000     0.000000000000E+000
     0.663476196562E+003     0.734227277620E-004     0.000000000000E+000     0.000000000000E+000     0.000000000000E+000
     0.664476196562E+003     0.731830060982E-004     0.000000000000E+000     0.000000000000E+000     0.000000000000E+000
     0.665476196562E+003     0.729440671142E-004     0.000000000000E+000     0.000000000000E+000     0.000000000000E+000
     0.666476196562E+003     0.727059082544E-004     0.000000000000E+000     0.000000000000E+000     0.000000000000E+000
     0.667476196562E+003     0.724685269717E-004     0.000000000000E+000     0.000000000000E+000     0.000000000000E+000
     0.668476196562E+003     0.722319207276E-004     0.000000000000E+000     0.000000000000E+000     0.000000000000E+000
     0.669476196562E+003     0.719960869913E-004     0.000000000000E+000     0.000000000000E+000     0.000000000000E+000
     0.670476196562E+003     0.717610232409E-004     0.000000000000E+000     0.000000000000E+000     0.000000000000E+000
     0.671476196562E+003     0.715267269623E-004     0.000000000000E+000     0.000000000000E+000     0.000000000000E+000
     0.672476196562E+003     0.712931956497E-004     0.000000000000E+000     0.000000000000E+000     0.000000000000E+000
     0.673476196562E+003     0.710604268055E-004     0.000000000000E+000     0.000000000000E+000     0.000000000000E+000
     0.674476196562E+003     0.708284179405E-004     0.000000000000E+000     0.000000000000E+000     0.000000000000E+000
     0.675476196562E+003     0.705971665731E-004     0.000000000000E+000     0.000000000000E+000     0.000000000000E+000
     0.676476196562E+003     0.703666702304E-004     0.000000000000E+000     0.000000000000E+000     0.000000000000E+000
     0.677476196562E+003     0.701369264470E-004     0.000000000000E+000     0.000000000000E+000     0.000000000000E+000
     0.678476196562E+003     0.699079327661E-004     0.000000000000E+000     0.000000000000E+000     0.000000000000E+000
     0.679476196562E+003     0.696796867384E-004     0.000000000000E+000     0.000000000000E+000     0.000000000000E+000
     0.680476196562E+003     0.694521859230E-004     0.000000000000E+000     0.000000000000E+000     0.000000000000E+000
     0.681476196562E+003     0.692254278868E-004     0.000000000000E+000     0.000000000000E+000     0.000000000000E+000
     0.682476196562E+003     0.689994102047E-004     0.000000000000E+000     0.000000000000E+000     0.000000000000E+000
     0.683476196562E+003     0.687741304594E-004     0.000000000000E+000     0.000000000000E+000     0.000000000000E+000
     0.684476196562E+003     0.685495862416E-004     0.000000000000E+000     0.000000000000E+000     0.000000000000E+000
     0.685476196562E+003     0.683257751498E-004     0.000000000000E+000     0.000000000000E+000     0.000000000000E+000
     0.686476196562E+003     0.681026947904E-004     0.000000000000E+000     0.000000000000E+000     0.000000000000E+000
     0.687476196562E+003     0.678803427777E-004     0.000000000000E+000     0.000000000000E+000     0.000000000000E+000
     0.688476196562E+003     0.676587167335E-004     0.000000000000E+000     0.000000000000E+000     0.000000000000E+000
     0.689476196562E+003     0.674378142877E-004     0.000000000000E+000     0.000000000000E+000     0.000000000000E+000
     0.690476196562E+003     0.672176330777E-004     0.000000000000E+000     0.000000000000E+000     0.000000000000E+000
     0.691476196562E+003     0.669981707488E-004     0.000000000000E+000     0.000000000000E+000     0.000000000000E+000
     0.692476196562E+003     0.667794249537E-004     0.000000000000E+000     0.000000000000E+000     0.000000000000E+000
     0.693476196562E+003     0.665613933531E-004     0.000000000000E+000     0.000000000000E+000     0.000000000000E+000
     0.694476196562E+003     0.663440736152E-004     0.000000000000E+000     0.000000000000E+000     0.000000000000E+000
     0.695476196562E+003     0.661274634157E-004     0.000000000000E+000     0.000000000000E+000     0.000000000000E+000
     0.696476196562E+003     0.659115604381E-004     0.000000000000E+000     0.000000000000E+000     0.000000000000E+000
     0.697476196562E+003     0.656963623733E-004     0.000000000000E+000     0.000000000000E+000     0.000000000000E+000
     0.698476196562E+003     0.654818669198E-004     0.000000000000E+000     0.000000000000E+000     0.000000000000E+000
     0.699476196562E+003     0.652680717836E-004     0.000000000000E+000     0.000000000000E+000     0.000000000000E+000
     0.700476196562E+003     0.650549746782E-004     0.000000000000E+000     0.000000000000E+000     0.000000000000E+000
     0.701476196562E+003     0.648425733246E-004     0.000000000000E+000     0.000000000000E+000     0.000000000000E+000
     0.702476196562E+003     0.646308654511E-004     0.000000000000E+000     0.000000000000E+000     0.000000000000E+000
     0.703476196562E+003     0.644198487937E-004     0.000000000000E+000     0.000000000000E+000     0.000000000000E+000
     0.704476196562E+003     0.642095210954E-004     0.000000000000E+000     0.000000000000E+000     0.000000000000E+000
     0.705476196562E+003     0.639998801069E-004     0.000000000000E+000     0.000000000000E+000     0.000000000000E+000
     0.706476196562E+003     0.637909235862E-004     0.000000000000E+000     0.000000000000E+000     0.000000000000E+000
     0.707476196562E+003     0.635826492984E-004     0.000000000000E+000     0.000000000000E+000     0.000000000000E+000
     0.708476196562E+003     0.633750550161E-004     0.000000000000E+000     0.000000000000E+000     0.000000000000E+000
     0.709476196562E+003     0.631681385191E-004     0.000000000000E+000     0.000000000000E+000     0.000000000000E+000
     0.710476196562E+003     0.629618975945E-004     0.000000000000E+000     0.000000000000E+000     0.000000000000E+000
     0.711476196562E+003     0.627563300366E-004     0.000000000000E+000     0.000000000000E+000     0.000000000000E+000
     0.712476196562E+003     0.625514336468E-004     0.000000000000E+000     0.000000000000E+000     0.000000000000E+000
     0.713476196562E+003     0.623472062338E-004     0.000000000000E+000     0.000000000000E+000     0.000000000000E+000
     0.714476196562E+003     0.621436456135E-004     0.000000000000E+000     0.000000000000E+000     0.000000000000E+000
     0.715476196562E+003     0.619407496088E-004     0.000000000000E+000     0.000000000000E+000     0.000000000000E+000
     0.716476196562E+003     0.617385160498E-004     0.000000000000E+000     0.000000000000E+000     0.000000000000E+000
     0.717476196562E+003     0.615369427736E-004     0.000000000000E+000     0.000000000000E+000     0.000000000000E+000
     0.718476196562E+003     0.613360276244E-004     0.000000000000E+000     0.000000000000E+000     0.000000000000E+000
     0.719476196562E+003     0.611357684535E-004     0.000000000000E+000     0.000000000000E+000     0.000000000000E+000
     0.720476196562E+003     0.609361631191E-004     0.000000000000E+000     0.000000000000E+000     0.000000000000E+000
     0.721476196562E+003     0.607372094865E-004     0.000000000000E+000     0.000000000000E+000     0.000000000000E+000
     0.722476196562E+003     0.605389054279E-004     0.000000000000E+000     0.000000000000E+000     0.000000000000E+000
     0.723476196562E+003     0.603412488225E-004     0.000000000000E+000     0.000000000000E+000     0.000000000000E+000
     0.724476196562E+003     0.601442375563E-004     0.000000000000E+000     0.000000000000E+000     0.000000000000E+000
     0.725476196562E+003     0.599478695225E-004     0.000000000000E+000     0.000000000000E+000     0.000000000000E+000
     0.726476196562E+003     0.597521426208E-004     0.000000000000E+000     0.000000000000E+000     0.000000000000E+000
     0.727476196562E+003     0.595570547580E-004     0.000000000000E+000     0.000000000000E+000     0.000000000000E+000
     0.728476196562E+003     0.593626038476E-004     0.000000000000E+000     0.000000000000E+000     0.000000000000E+000
     0.729476196562E+003     0.591687878101E-004     0.000000000000E+000     0.000000000000E+000     0.000000000000E+000
     0.730476196562E+003     0.589756045726E-004     0.000000000000E+000     0.000000000000E+000     0.000000000000E+000
     0.731476196562E+003     0.587830520691E-004     0.000000000000E+000     0.000000000000E+000     0.000000000000E+000
     0.732476196562E+003     0.585911282402E-004     0.000000000000E+000     0.000000000000E+000     0.000000000000E+000
     0.733476196562E+003     0.583998310333E-004     0.000000000000E+000     0.000000000000E+000     0.000000000000E+000
     0.734476196562E+003     0.582091584026E-004     0.000000000000E+000     0.000000000000E+000     0.000000000000E+000
     0.735476196562E+003     0.580191083088E-004     0.000000000000E+000     0.000000000000E+000     0.000000000000E+000
     0.736476196562E+003     0.578296787194E-004     0.000000000000E+000     0.000000000000E+000     0.000000000000E+000
     0.737476196562E+003     0.576408676085E-004     0.000000000000E+000     0.000000000000E+000     0.000000000000E+000
     0.738476196562E+003     0.574526729568E-004     0.000000000000E+000     0.000000000000E+000     0.000000000000E+000
     0.739476196562E+003     0.572650927515E-004     0.000000000000E+000     0.000000000000E+000     0.000000000000E+000
     0.740476196562E+003     0.570781249865E-004     0.000000000000E+000     0.000000000000E+000     0.000000000000E+000
     0.741476196562E+003     0.568917676622E-004     0.000000000000E+000     0.000000000000E+000     0.000000000000E+000
     0.742476196562E+003     0.567060187857E-004     0.000000000000E+000     0.000000000000E+000     0.000000000000E+000
     0.743476196562E+003     0.565208763702E-004     0.000000000000E+000     0.000000000000E+000     0.000000000000E+000
     0.744476196562E+003     0.563363384358E-004     0.000000000000E+000     0.000000000000E+000     0.000000000000E+000
     0.745476196562E+003     0.561524030089E-004     0.000000000000E+000     0.000000000000E+000     0.000000000000E+000
     0.746476196562E+003     0.559690681222E-004     0.000000000000E+000     0.000000000000E+000     0.000000000000E+000
     0.747476196562E+003     0.557863318151E-004     0.000000000000E+000     0.000000000000E+000     0.000000000000E+000
     0.748476196562E+003     0.556041921333E-004     0.000000000000E+000     0.000000000000E+000     0.000000000000E+000
     0.749476196562E+003     0.554226471287E-004     0.000000000000E+000     0.000000000000E+000     0.000000000000E+000
     0.750476196562E+003     0.552416948598E-004     0.000000000000E+000     0.000000000000E+000     0.000000000000E+000
     0.751476196562E+003     0.550613333913E-004     0.000000000000E+000     0.000000000000E+000     0.000000000000E+000
     0.752476196562E+003     0.548815607943E-004     0.000000000000E+000     0.000000000000E+000     0.000000000000E+000
     0.753476196562E+003     0.547023751462E-004     0.000000000000E+000     0.000000000000E+000     0.000000000000E+000
