 #              _____________________  _______________________             #
 #              ___  __ \__  __ \_  / / /_  /___  ____/_  ___/             #
 #              __  / / /_  /_/ /  / / /_  __/_  __/  _____ \              #
 #              _  /_/ /_  _, _// /_/ / / /_ _  /___  ____/ /              #
 #              /_____/ /_/ |_| \____/  \__/ /_____/  /____/               #
 #                                                                         #
  
 #        time                      c  [M/L^3]                   concetration [M/L^3]       concentration flux [M.L^{-2}.T^{-1}]   in    x              directions   cumulative flux
 #-----------------------------------------------------------------------------------------------

     0.000000000000E+000     0.000000000000E+000     0.000000000000E+000     0.000000000000E+000     0.000000000000E+000
     0.100000000000E+000     0.196367557603E-006     0.111929507834E-006     0.569465917048E-009     0.569465917048E-010
     0.206000000000E+000     0.404444920344E-006     0.230533604596E-006     0.117289026900E-008     0.181272960218E-009
     0.318360000000E+000     0.624925776507E-006     0.356207692609E-006     0.181228475187E-008     0.384901274938E-009
     0.437461600000E+000     0.858544341320E-006     0.489370274552E-006     0.248977858982E-008     0.681437888632E-009
     0.563709296000E+000     0.110607765439E-005     0.630464263004E-006     0.320762519774E-008     0.108639317948E-008
     0.697531853760E+000     0.136834799863E-005     0.779958359218E-006     0.396820919602E-008     0.161742908382E-008
     0.839383764986E+000     0.164622544589E-005     0.938348504159E-006     0.477405379309E-008     0.229463773866E-008
     0.989746790885E+000     0.194063053485E-005     0.110615940486E-005     0.562782855106E-008     0.314085506884E-008
     0.114913159834E+001     0.225253708638E-005     0.128394613924E-005     0.653235755050E-008     0.418201361924E-008
     0.131807949424E+001     0.258297516208E-005     0.147229584239E-005     0.749062797003E-008     0.544753945375E-008
     0.149716426389E+001     0.293303417126E-005     0.167182947762E-005     0.850579909666E-008     0.697079852570E-008
     0.168699411973E+001     0.330386613193E-005     0.188320369520E-005     0.958121178259E-008     0.878959857710E-008
     0.188821376691E+001     0.369668909102E-005     0.210711278188E-005     0.107203983639E-007     0.109467533536E-007
     0.210150659292E+001     0.411279070913E-005     0.234429070421E-005     0.119270930565E-007     0.134907167377E-007
     0.232759698850E+001     0.455353201475E-005     0.259551324841E-005     0.132052428428E-007     0.164762953157E-007
     0.256725280781E+001     0.502035133258E-005     0.286160025957E-005     0.145590188645E-007     0.199654489100E-007
     0.282128797628E+001     0.551476839050E-005     0.314341798258E-005     0.159928283324E-007     0.240281897497E-007
     0.309056525485E+001     0.603838860890E-005     0.344188150708E-005     0.175113269658E-007     0.287435922194E-007
     0.337599917015E+001     0.659290757592E-005     0.375795731828E-005     0.191194319702E-007     0.342009265448E-007
     0.367855912035E+001     0.718011571104E-005     0.409266595529E-005     0.208223355620E-007     0.405009313556E-007
     0.399927266758E+001     0.780190311908E-005     0.444708477788E-005     0.226255190453E-007     0.477572418264E-007
     0.433922902763E+001     0.846026463544E-005     0.482235084220E-005     0.245347674428E-007     0.560979920610E-007
     0.469958276929E+001     0.915730506219E-005     0.521966388545E-005     0.265561846803E-007     0.656676125747E-007
     0.508155773545E+001     0.989524459353E-005     0.564028941831E-005     0.286962093212E-007     0.766288461590E-007
     0.548645119957E+001     0.106764244274E-004     0.608556192362E-005     0.309616308395E-007     0.891650081247E-007
     0.591563827155E+001     0.115033125581E-004     0.655688815811E-005     0.333596064184E-007     0.103482519926E-006
     0.637057656784E+001     0.123785097428E-004     0.705575055341E-005     0.358976782542E-007     0.119813748511E-006
     0.685281116191E+001     0.133047556328E-004     0.758371071067E-005     0.385837913350E-007     0.138420187464E-006
     0.736397983162E+001     0.142849350559E-004     0.814241298187E-005     0.414263116621E-007     0.159596020087E-006
     0.790581862152E+001     0.153220844367E-004     0.873358812890E-005     0.444340448663E-007     0.183672109188E-006
     0.848016773881E+001     0.164193983326E-004     0.935905704959E-005     0.476162551646E-007     0.211020463310E-006
     0.908897780314E+001     0.175802360656E-004     0.100207345574E-004     0.509826845902E-007     0.242059234795E-006
     0.973431647133E+001     0.188081284192E-004     0.107206331989E-004     0.545435724157E-007     0.277258311176E-006
     0.104183754596E+002     0.201067843696E-004     0.114608670906E-004     0.583096746717E-007     0.317145568239E-006
     0.111434779872E+002     0.214800978108E-004     0.122436557522E-004     0.622922836514E-007     0.362313860563E-006
     0.119120866664E+002     0.229321542301E-004     0.130713279112E-004     0.665032472673E-007     0.413428833610E-006
     0.127268118664E+002     0.244672372788E-004     0.139463252489E-004     0.709549881086E-007     0.471237650487E-006
     0.135904205784E+002     0.260898351807E-004     0.148712060530E-004     0.756605220241E-007     0.536578736460E-006
     0.145058458131E+002     0.278046469060E-004     0.158486487364E-004     0.806334760273E-007     0.610392655177E-006
     0.154761965619E+002     0.296165880325E-004     0.168814551785E-004     0.858881052942E-007     0.693734242461E-006
     0.164761965619E+002     0.314777967021E-004     0.179423441202E-004     0.912856104361E-007     0.785019852897E-006
     0.174761965619E+002     0.333329286152E-004     0.189997693107E-004     0.966654929840E-007     0.881685345881E-006
     0.184761965619E+002     0.351820036121E-004     0.200537420589E-004     0.102027810475E-006     0.983713156356E-006
     0.194761965619E+002     0.370250414683E-004     0.211042736369E-004     0.107372620258E-006     0.109108577661E-005
     0.204761965619E+002     0.388620618949E-004     0.221513752801E-004     0.112699979495E-006     0.120378575611E-005
     0.214761965619E+002     0.406930845384E-004     0.231950581869E-004     0.118009945161E-006     0.132179570127E-005
     0.224761965619E+002     0.425181289813E-004     0.242353335193E-004     0.123302574046E-006     0.144509827532E-005
     0.234761965619E+002     0.443372147421E-004     0.252722124030E-004     0.128577922752E-006     0.157367619807E-005
     0.244761965619E+002     0.461503612757E-004     0.263057059272E-004     0.133836047700E-006     0.170751224577E-005
     0.254761965619E+002     0.479575879734E-004     0.273358251448E-004     0.139077005123E-006     0.184658925089E-005
     0.264761965619E+002     0.497589141631E-004     0.283625810730E-004     0.144300851073E-006     0.199089010196E-005
     0.274761965619E+002     0.515543591097E-004     0.293859846925E-004     0.149507641418E-006     0.214039774338E-005
     0.284761965619E+002     0.533439420151E-004     0.304060469486E-004     0.154697431844E-006     0.229509517523E-005
     0.294761965619E+002     0.551276820187E-004     0.314227787507E-004     0.159870277854E-006     0.245496545308E-005
     0.304761965619E+002     0.569055981973E-004     0.324361909725E-004     0.165026234772E-006     0.261999168785E-005
     0.314761965619E+002     0.586777095653E-004     0.334462944522E-004     0.170165357739E-006     0.279015704559E-005
     0.324761965619E+002     0.604440350752E-004     0.344530999929E-004     0.175287701718E-006     0.296544474731E-005
     0.334761965619E+002     0.622045936175E-004     0.354566183620E-004     0.180393321491E-006     0.314583806880E-005
     0.344761965619E+002     0.639594040212E-004     0.364568602921E-004     0.185482271661E-006     0.333132034046E-005
     0.354761965619E+002     0.657084850535E-004     0.374538364805E-004     0.190554606655E-006     0.352187494712E-005
     0.364761965619E+002     0.674518554206E-004     0.384475575898E-004     0.195610380720E-006     0.371748532784E-005
     0.374761965619E+002     0.691895337676E-004     0.394380342475E-004     0.200649647926E-006     0.391813497576E-005
     0.384761965619E+002     0.709215386787E-004     0.404252770468E-004     0.205672462168E-006     0.412380743793E-005
     0.394761965619E+002     0.726478886772E-004     0.414092965460E-004     0.210678877164E-006     0.433448631510E-005
     0.404761965619E+002     0.743686022263E-004     0.423901032690E-004     0.215668946456E-006     0.455015526155E-005
     0.414761965619E+002     0.760836977287E-004     0.433677077054E-004     0.220642723413E-006     0.477079798497E-005
     0.424761965619E+002     0.777931935271E-004     0.443421203104E-004     0.225600261228E-006     0.499639824619E-005
     0.434761965619E+002     0.794971079041E-004     0.453133515053E-004     0.230541612922E-006     0.522693985912E-005
     0.444761965619E+002     0.811954590829E-004     0.462814116772E-004     0.235466831340E-006     0.546240669046E-005
     0.454761965619E+002     0.828882652270E-004     0.472463111794E-004     0.240375969158E-006     0.570278265961E-005
     0.464761965619E+002     0.845755444408E-004     0.482080603312E-004     0.245269078878E-006     0.594805173849E-005
     0.474761965619E+002     0.862573147693E-004     0.491666694185E-004     0.250146212831E-006     0.619819795132E-005
     0.484761965619E+002     0.879335941988E-004     0.501221486933E-004     0.255007423177E-006     0.645320537450E-005
     0.494761965619E+002     0.896044006569E-004     0.510745083744E-004     0.259852761905E-006     0.671305813640E-005
     0.504761965619E+002     0.912697520125E-004     0.520237586471E-004     0.264682280836E-006     0.697774041724E-005
     0.514761965619E+002     0.929296660762E-004     0.529699096635E-004     0.269496031621E-006     0.724723644886E-005
     0.524761965619E+002     0.945841606007E-004     0.539129715424E-004     0.274294065742E-006     0.752153051460E-005
     0.534761965619E+002     0.962332532803E-004     0.548529543698E-004     0.279076434513E-006     0.780060694912E-005
     0.544761965619E+002     0.978769617519E-004     0.557898681986E-004     0.283843189081E-006     0.808445013820E-005
     0.554761965619E+002     0.995153035947E-004     0.567237230490E-004     0.288594380425E-006     0.837304451862E-005
     0.564761965619E+002     0.101148296330E-003     0.576545289083E-004     0.293330059358E-006     0.866637457798E-005
     0.574761965619E+002     0.102775957424E-003     0.585822957314E-004     0.298050276528E-006     0.896442485451E-005
     0.584761965619E+002     0.104398304282E-003     0.595070334406E-004     0.302755082417E-006     0.926717993693E-005
     0.594761965619E+002     0.106015354256E-003     0.604287519258E-004     0.307444527342E-006     0.957462446427E-005
     0.604761965619E+002     0.107627124640E-003     0.613474610446E-004     0.312118661455E-006     0.988674312572E-005
     0.614761965619E+002     0.109233632671E-003     0.622631706225E-004     0.316777534746E-006     0.102035206605E-004
     0.624761965619E+002     0.110834895531E-003     0.631758904527E-004     0.321421197040E-006     0.105249418575E-004
     0.634761965619E+002     0.112430930345E-003     0.640856302968E-004     0.326049698001E-006     0.108509915555E-004
     0.644761965619E+002     0.114021754183E-003     0.649923998841E-004     0.330663087130E-006     0.111816546426E-004
     0.654761965619E+002     0.115607384057E-003     0.658962089126E-004     0.335261413766E-006     0.115169160564E-004
     0.664761965619E+002     0.117187836926E-003     0.667970670481E-004     0.339844727087E-006     0.118567607835E-004
     0.674761965619E+002     0.118763129693E-003     0.676949839253E-004     0.344413076111E-006     0.122011738596E-004
     0.684761965619E+002     0.120333279206E-003     0.685899691472E-004     0.348966509696E-006     0.125501403693E-004
     0.694761965619E+002     0.121898302255E-003     0.694820322855E-004     0.353505076540E-006     0.129036454458E-004
     0.704761965619E+002     0.123458215580E-003     0.703711828807E-004     0.358028825183E-006     0.132616742710E-004
     0.714761965619E+002     0.125013035863E-003     0.712574304422E-004     0.362537804004E-006     0.136242120750E-004
     0.724761965619E+002     0.126562779733E-003     0.721407844481E-004     0.367032061227E-006     0.139912441363E-004
     0.734761965619E+002     0.128107463764E-003     0.730212543458E-004     0.371511644917E-006     0.143627557812E-004
     0.744761965619E+002     0.129647104477E-003     0.738988495517E-004     0.375976602982E-006     0.147387323842E-004
     0.754761965619E+002     0.131181718336E-003     0.747735794517E-004     0.380426983175E-006     0.151191593673E-004
     0.764761965619E+002     0.132711321756E-003     0.756454534007E-004     0.384862833091E-006     0.155040222004E-004
     0.774761965619E+002     0.134235931094E-003     0.765144807233E-004     0.389284200171E-006     0.158933064006E-004
     0.784761965619E+002     0.135755562656E-003     0.773806707137E-004     0.393691131701E-006     0.162869975323E-004
     0.794761965619E+002     0.137270232694E-003     0.782440326355E-004     0.398083674812E-006     0.166850812071E-004
     0.804761965619E+002     0.138779957408E-003     0.791045757224E-004     0.402461876482E-006     0.170875430836E-004
     0.814761965619E+002     0.140284752943E-003     0.799623091775E-004     0.406825783535E-006     0.174943688671E-004
     0.824761965619E+002     0.141784635394E-003     0.808172421743E-004     0.411175442641E-006     0.179055443098E-004
     0.834761965619E+002     0.143279620800E-003     0.816693838562E-004     0.415510900321E-006     0.183210552101E-004
     0.844761965619E+002     0.144769725152E-003     0.825187433365E-004     0.419832202940E-006     0.187408874130E-004
     0.854761965619E+002     0.146254964384E-003     0.833653296991E-004     0.424139396715E-006     0.191650268097E-004
     0.864761965619E+002     0.147735354383E-003     0.842091519981E-004     0.428432527710E-006     0.195934593374E-004
     0.874761965619E+002     0.149210910979E-003     0.850502192580E-004     0.432711641839E-006     0.200261709793E-004
     0.884761965619E+002     0.150681649954E-003     0.858885404739E-004     0.436976784867E-006     0.204631477642E-004
     0.894761965619E+002     0.152147587038E-003     0.867241246115E-004     0.441228002409E-006     0.209043757666E-004
     0.904761965619E+002     0.153608737907E-003     0.875569806071E-004     0.445465339931E-006     0.213498411065E-004
     0.914761965619E+002     0.155065118190E-003     0.883871173681E-004     0.449688842750E-006     0.217995299492E-004
     0.924761965619E+002     0.156516743461E-003     0.892145437727E-004     0.453898556036E-006     0.222534285053E-004
     0.934761965619E+002     0.157963629245E-003     0.900392686699E-004     0.458094524812E-006     0.227115230301E-004
     0.944761965619E+002     0.159405791018E-003     0.908613008802E-004     0.462276793952E-006     0.231737998240E-004
     0.954761965619E+002     0.160843244202E-003     0.916806491949E-004     0.466445408185E-006     0.236402452322E-004
     0.964761965619E+002     0.162276004170E-003     0.924973223770E-004     0.470600412093E-006     0.241108456443E-004
     0.974761965619E+002     0.163704086246E-003     0.933113291604E-004     0.474741850115E-006     0.245855874944E-004
     0.984761965619E+002     0.165127505704E-003     0.941226782511E-004     0.478869766540E-006     0.250644572610E-004
     0.994761965619E+002     0.166546277765E-003     0.949313783260E-004     0.482984205518E-006     0.255474414665E-004
     0.100476196562E+003     0.167960417604E-003     0.957374380343E-004     0.487085211052E-006     0.260345266775E-004
     0.101476196562E+003     0.169369940345E-003     0.965408659965E-004     0.491172827000E-006     0.265256995045E-004
     0.102476196562E+003     0.170774861062E-003     0.973416708052E-004     0.495247097079E-006     0.270209466016E-004
     0.103476196562E+003     0.172175194780E-003     0.981398610247E-004     0.499308064863E-006     0.275202546665E-004
     0.104476196562E+003     0.173570956477E-003     0.989354451918E-004     0.503355773783E-006     0.280236104403E-004
     0.105476196562E+003     0.174962161079E-003     0.997284318149E-004     0.507390267128E-006     0.285310007074E-004
     0.106476196562E+003     0.176348823465E-003     0.100518829375E-003     0.511411588048E-006     0.290424122954E-004
     0.107476196562E+003     0.177730958465E-003     0.101306646325E-003     0.515419779549E-006     0.295578320750E-004
     0.108476196562E+003     0.179108580861E-003     0.102091891091E-003     0.519414884498E-006     0.300772469595E-004
     0.109476196562E+003     0.180481705387E-003     0.102874572070E-003     0.523396945622E-006     0.306006439051E-004
     0.110476196562E+003     0.181850346727E-003     0.103654697634E-003     0.527366005508E-006     0.311280099106E-004
     0.111476196562E+003     0.183214519519E-003     0.104432276126E-003     0.531322106606E-006     0.316593320172E-004
     0.112476196562E+003     0.184574238353E-003     0.105207315861E-003     0.535265291224E-006     0.321945973085E-004
     0.113476196562E+003     0.185929517771E-003     0.105979825129E-003     0.539195601535E-006     0.327337929100E-004
     0.114476196562E+003     0.187280372266E-003     0.106749812192E-003     0.543113079572E-006     0.332769059896E-004
     0.115476196562E+003     0.188626816287E-003     0.107517285284E-003     0.547017767233E-006     0.338239237568E-004
     0.116476196562E+003     0.189968864233E-003     0.108282252613E-003     0.550909706276E-006     0.343748334631E-004
     0.117476196562E+003     0.191306530458E-003     0.109044722361E-003     0.554788938327E-006     0.349296224014E-004
     0.118476196562E+003     0.192639829266E-003     0.109804702682E-003     0.558655504872E-006     0.354882779063E-004
     0.119476196562E+003     0.193968774918E-003     0.110562201704E-003     0.562509447263E-006     0.360507873535E-004
     0.120476196562E+003     0.195293381627E-003     0.111317227528E-003     0.566350806719E-006     0.366171381603E-004
     0.121476196562E+003     0.196613663559E-003     0.112069788229E-003     0.570179624322E-006     0.371873177846E-004
     0.122476196562E+003     0.197929634834E-003     0.112819891856E-003     0.573995941019E-006     0.377613137256E-004
     0.123476196562E+003     0.199241309527E-003     0.113567546430E-003     0.577799797627E-006     0.383391135232E-004
     0.124476196562E+003     0.200548701664E-003     0.114312759949E-003     0.581591234827E-006     0.389207047580E-004
     0.125476196562E+003     0.201851825230E-003     0.115055540381E-003     0.585370293167E-006     0.395060750512E-004
     0.126476196562E+003     0.203150694160E-003     0.115795895671E-003     0.589137013064E-006     0.400952120643E-004
     0.127476196562E+003     0.204445322345E-003     0.116533833737E-003     0.592891434802E-006     0.406881034991E-004
     0.128476196562E+003     0.205735723632E-003     0.117269362470E-003     0.596633598534E-006     0.412847370976E-004
     0.129476196562E+003     0.207021911821E-003     0.118002489738E-003     0.600363544282E-006     0.418851006419E-004
     0.130476196562E+003     0.208303900668E-003     0.118733223381E-003     0.604081311938E-006     0.424891819538E-004
     0.131476196562E+003     0.209581703883E-003     0.119461571213E-003     0.607786941261E-006     0.430969688951E-004
     0.132476196562E+003     0.210855335132E-003     0.120187541025E-003     0.611480471883E-006     0.437084493670E-004
     0.133476196562E+003     0.212124808037E-003     0.120911140581E-003     0.615161943306E-006     0.443236113103E-004
     0.134476196562E+003     0.213390136173E-003     0.121632377619E-003     0.618831394903E-006     0.449424427052E-004
     0.135476196562E+003     0.214651333075E-003     0.122351259853E-003     0.622488865917E-006     0.455649315711E-004
     0.136476196562E+003     0.215908412229E-003     0.123067794971E-003     0.626134395465E-006     0.461910659666E-004
     0.137476196562E+003     0.217161387081E-003     0.123781990636E-003     0.629768022534E-006     0.468208339891E-004
     0.138476196562E+003     0.218410271030E-003     0.124493854487E-003     0.633389785987E-006     0.474542237751E-004
     0.139476196562E+003     0.219655077433E-003     0.125203394137E-003     0.636999724556E-006     0.480912234996E-004
     0.140476196562E+003     0.220895819604E-003     0.125910617174E-003     0.640597876851E-006     0.487318213765E-004
     0.141476196562E+003     0.222132510811E-003     0.126615531162E-003     0.644184281351E-006     0.493760056578E-004
     0.142476196562E+003     0.223365164281E-003     0.127318143640E-003     0.647758976414E-006     0.500237646343E-004
     0.143476196562E+003     0.224593793197E-003     0.128018462122E-003     0.651322000270E-006     0.506750866345E-004
     0.144476196562E+003     0.225818410698E-003     0.128716494098E-003     0.654873391025E-006     0.513299600256E-004
     0.145476196562E+003     0.227039029883E-003     0.129412247033E-003     0.658413186661E-006     0.519883732122E-004
     0.146476196562E+003     0.228255663805E-003     0.130105728369E-003     0.661941425035E-006     0.526503146373E-004
     0.147476196562E+003     0.229468325476E-003     0.130796945521E-003     0.665458143880E-006     0.533157727811E-004
     0.148476196562E+003     0.230677027865E-003     0.131485905883E-003     0.668963380809E-006     0.539847361619E-004
     0.149476196562E+003     0.231881783899E-003     0.132172616823E-003     0.672457173307E-006     0.546571933352E-004
     0.150476196562E+003     0.233082606463E-003     0.132857085684E-003     0.675939558742E-006     0.553331328940E-004
     0.151476196562E+003     0.234279508399E-003     0.133539319787E-003     0.679410574357E-006     0.560125434683E-004
     0.152476196562E+003     0.235472502508E-003     0.134219326429E-003     0.682870257273E-006     0.566954137256E-004
     0.153476196562E+003     0.236661601549E-003     0.134897112883E-003     0.686318644491E-006     0.573817323701E-004
     0.154476196562E+003     0.237846818238E-003     0.135572686396E-003     0.689755772891E-006     0.580714881430E-004
     0.155476196562E+003     0.239028165253E-003     0.136246054194E-003     0.693181679233E-006     0.587646698222E-004
     0.156476196562E+003     0.240205655226E-003     0.136917223479E-003     0.696596400156E-006     0.594612662224E-004
     0.157476196562E+003     0.241379300752E-003     0.137586201428E-003     0.699999972180E-006     0.601612661946E-004
     0.158476196562E+003     0.242549114381E-003     0.138252995197E-003     0.703392431705E-006     0.608646586263E-004
     0.159476196562E+003     0.243715108625E-003     0.138917611916E-003     0.706773815014E-006     0.615714324413E-004
     0.160476196562E+003     0.244877295955E-003     0.139580058694E-003     0.710144158269E-006     0.622815765996E-004
     0.161476196562E+003     0.246035688799E-003     0.140240342615E-003     0.713503497516E-006     0.629950800971E-004
     0.162476196562E+003     0.247190299546E-003     0.140898470741E-003     0.716851868683E-006     0.637119319658E-004
     0.163476196562E+003     0.248341140545E-003     0.141554450110E-003     0.720189307579E-006     0.644321212733E-004
     0.164476196562E+003     0.249488224103E-003     0.142208287739E-003     0.723515849899E-006     0.651556371232E-004
     0.165476196562E+003     0.250631562489E-003     0.142859990619E-003     0.726831531218E-006     0.658824686545E-004
     0.166476196562E+003     0.251771167930E-003     0.143509565720E-003     0.730136386998E-006     0.666126050415E-004
     0.167476196562E+003     0.252907052615E-003     0.144157019990E-003     0.733430452582E-006     0.673460354940E-004
     0.168476196562E+003     0.254039228690E-003     0.144802360354E-003     0.736713763202E-006     0.680827492572E-004
     0.169476196562E+003     0.255167708266E-003     0.145445593712E-003     0.739986353971E-006     0.688227356112E-004
     0.170476196562E+003     0.256292503410E-003     0.146086726944E-003     0.743248259889E-006     0.695659838711E-004
     0.171476196562E+003     0.257413626152E-003     0.146725766907E-003     0.746499515842E-006     0.703124833869E-004
     0.172476196562E+003     0.258531088483E-003     0.147362720435E-003     0.749740156601E-006     0.710622235435E-004
     0.173476196562E+003     0.259644902353E-003     0.147997594341E-003     0.752970216824E-006     0.718151937604E-004
     0.174476196562E+003     0.260755079675E-003     0.148630395414E-003     0.756189731056E-006     0.725713834914E-004
     0.175476196562E+003     0.261861632321E-003     0.149261130423E-003     0.759398733730E-006     0.733307822251E-004
     0.176476196562E+003     0.262964572126E-003     0.149889806112E-003     0.762597259164E-006     0.740933794843E-004
     0.177476196562E+003     0.264063910886E-003     0.150516429205E-003     0.765785341568E-006     0.748591648259E-004
     0.178476196562E+003     0.265159660357E-003     0.151141006404E-003     0.768963015036E-006     0.756281278409E-004
     0.179476196562E+003     0.266251832260E-003     0.151763544388E-003     0.772130313554E-006     0.764002581545E-004
     0.180476196562E+003     0.267340438274E-003     0.152384049816E-003     0.775287270995E-006     0.771755454255E-004
     0.181476196562E+003     0.268425490042E-003     0.153002529324E-003     0.778433921122E-006     0.779539793466E-004
     0.182476196562E+003     0.269506999168E-003     0.153618989526E-003     0.781570297588E-006     0.787355496442E-004
     0.183476196562E+003     0.270584977220E-003     0.154233437015E-003     0.784696433937E-006     0.795202460781E-004
     0.184476196562E+003     0.271659435724E-003     0.154845878363E-003     0.787812363601E-006     0.803080584417E-004
     0.185476196562E+003     0.272730386174E-003     0.155456320119E-003     0.790918119905E-006     0.810989765616E-004
     0.186476196562E+003     0.273797840022E-003     0.156064768813E-003     0.794013736064E-006     0.818929902977E-004
     0.187476196562E+003     0.274861808685E-003     0.156671230950E-003     0.797099245187E-006     0.826900895429E-004
     0.188476196562E+003     0.275922303541E-003     0.157275713019E-003     0.800174680270E-006     0.834902642231E-004
     0.189476196562E+003     0.276979335933E-003     0.157878221482E-003     0.803240074207E-006     0.842935042973E-004
     0.190476196562E+003     0.278032917166E-003     0.158478762784E-003     0.806295459780E-006     0.850997997571E-004
     0.191476196562E+003     0.279083058506E-003     0.159077343348E-003     0.809340869667E-006     0.859091406268E-004
     0.192476196562E+003     0.280129771185E-003     0.159673969576E-003     0.812376336437E-006     0.867215169632E-004
     0.193476196562E+003     0.281173066398E-003     0.160268647847E-003     0.815401892555E-006     0.875369188558E-004
     0.194476196562E+003     0.282212955303E-003     0.160861384523E-003     0.818417570378E-006     0.883553364262E-004
     0.195476196562E+003     0.283249449020E-003     0.161452185942E-003     0.821423402159E-006     0.891767598283E-004
     0.196476196562E+003     0.284282558636E-003     0.162041058422E-003     0.824419420044E-006     0.900011792484E-004
     0.197476196562E+003     0.285312295198E-003     0.162628008263E-003     0.827405656075E-006     0.908285849044E-004
     0.198476196562E+003     0.286338669720E-003     0.163213041741E-003     0.830382142189E-006     0.916589670466E-004
     0.199476196562E+003     0.287361693179E-003     0.163796165112E-003     0.833348910220E-006     0.924923159569E-004
     0.200476196562E+003     0.288381376516E-003     0.164377384614E-003     0.836305991896E-006     0.933286219487E-004
     0.201476196562E+003     0.289397730636E-003     0.164956706462E-003     0.839253418844E-006     0.941678753676E-004
     0.202476196562E+003     0.290410766408E-003     0.165534136853E-003     0.842191222584E-006     0.950100665902E-004
     0.203476196562E+003     0.291420494668E-003     0.166109681961E-003     0.845119434537E-006     0.958551860247E-004
     0.204476196562E+003     0.292426926214E-003     0.166683347942E-003     0.848038086020E-006     0.967032241107E-004
     0.205476196562E+003     0.293430071809E-003     0.167255140931E-003     0.850947208246E-006     0.975541713190E-004
     0.206476196562E+003     0.294429942182E-003     0.167825067044E-003     0.853846832328E-006     0.984080181513E-004
     0.207476196562E+003     0.295426548027E-003     0.168393132375E-003     0.856736989278E-006     0.992647551406E-004
     0.208476196562E+003     0.296419900002E-003     0.168959343001E-003     0.859617710004E-006     0.100124372851E-003
     0.209476196562E+003     0.297410008730E-003     0.169523704976E-003     0.862489025317E-006     0.100986861876E-003
     0.210476196562E+003     0.298396884801E-003     0.170086224337E-003     0.865350965923E-006     0.101852212842E-003
     0.211476196562E+003     0.299380538770E-003     0.170646907099E-003     0.868203562432E-006     0.102720416404E-003
     0.212476196562E+003     0.300360981155E-003     0.171205759259E-003     0.871046845350E-006     0.103591463250E-003
     0.213476196562E+003     0.301338222444E-003     0.171762786793E-003     0.873880845087E-006     0.104465344095E-003
     0.214476196562E+003     0.302312273087E-003     0.172317995659E-003     0.876705591952E-006     0.105342049687E-003
     0.215476196562E+003     0.303283143501E-003     0.172871391796E-003     0.879521116154E-006     0.106221570803E-003
     0.216476196562E+003     0.304250844071E-003     0.173422981120E-003     0.882327447806E-006     0.107103898251E-003
     0.217476196562E+003     0.305215385145E-003     0.173972769533E-003     0.885124616920E-006     0.107989022868E-003
     0.218476196562E+003     0.306176777039E-003     0.174520762912E-003     0.887912653412E-006     0.108876935521E-003
     0.219476196562E+003     0.307135030034E-003     0.175066967120E-003     0.890691587099E-006     0.109767627108E-003
     0.220476196562E+003     0.308090154380E-003     0.175611387997E-003     0.893461447702E-006     0.110661088556E-003
     0.221476196562E+003     0.309042160291E-003     0.176154031366E-003     0.896222264844E-006     0.111557310821E-003
     0.222476196562E+003     0.309991057949E-003     0.176694903031E-003     0.898974068051E-006     0.112456284889E-003
     0.223476196562E+003     0.310936857501E-003     0.177234008776E-003     0.901716886753E-006     0.113358001775E-003
     0.224476196562E+003     0.311879569064E-003     0.177771354366E-003     0.904450750285E-006     0.114262452526E-003
     0.225476196562E+003     0.312819202718E-003     0.178306945550E-003     0.907175687884E-006     0.115169628214E-003
     0.226476196562E+003     0.313755768515E-003     0.178840788053E-003     0.909891728693E-006     0.116079519942E-003
     0.227476196562E+003     0.314689276469E-003     0.179372887587E-003     0.912598901760E-006     0.116992118844E-003
     0.228476196562E+003     0.315619736565E-003     0.179903249842E-003     0.915297236037E-006     0.117907416080E-003
     0.229476196562E+003     0.316547158753E-003     0.180431880489E-003     0.917986760384E-006     0.118825402840E-003
     0.230476196562E+003     0.317471552953E-003     0.180958785183E-003     0.920667503563E-006     0.119746070344E-003
     0.231476196562E+003     0.318392929050E-003     0.181483969558E-003     0.923339494245E-006     0.120669409838E-003
     0.232476196562E+003     0.319311296899E-003     0.182007439232E-003     0.926002761006E-006     0.121595412599E-003
     0.233476196562E+003     0.320226666321E-003     0.182529199803E-003     0.928657332330E-006     0.122524069932E-003
     0.234476196562E+003     0.321139047106E-003     0.183049256850E-003     0.931303236606E-006     0.123455373168E-003
     0.235476196562E+003     0.322048449011E-003     0.183567615936E-003     0.933940502133E-006     0.124389313670E-003
     0.236476196562E+003     0.322954881764E-003     0.184084282605E-003     0.936569157115E-006     0.125325882827E-003
     0.237476196562E+003     0.323858355057E-003     0.184599262382E-003     0.939189229665E-006     0.126265072057E-003
     0.238476196562E+003     0.324758878553E-003     0.185112560775E-003     0.941800747805E-006     0.127206872805E-003
     0.239476196562E+003     0.325656461884E-003     0.185624183274E-003     0.944403739464E-006     0.128151276544E-003
     0.240476196562E+003     0.326551114649E-003     0.186134135350E-003     0.946998232481E-006     0.129098274777E-003
     0.241476196562E+003     0.327442846415E-003     0.186642422457E-003     0.949584254603E-006     0.130047859031E-003
     0.242476196562E+003     0.328331666720E-003     0.187149050030E-003     0.952161833488E-006     0.131000020865E-003
     0.243476196562E+003     0.329217585070E-003     0.187654023490E-003     0.954730996702E-006     0.131954751862E-003
     0.244476196562E+003     0.330100610939E-003     0.188157348235E-003     0.957291771723E-006     0.132912043633E-003
     0.245476196562E+003     0.330980753771E-003     0.188659029650E-003     0.959844185936E-006     0.133871887819E-003
     0.246476196562E+003     0.331858022979E-003     0.189159073098E-003     0.962388266640E-006     0.134834276086E-003
     0.247476196562E+003     0.332732427946E-003     0.189657483929E-003     0.964924041044E-006     0.135799200127E-003
     0.248476196562E+003     0.333603978023E-003     0.190154267473E-003     0.967451536266E-006     0.136766651663E-003
     0.249476196562E+003     0.334472682530E-003     0.190649429042E-003     0.969970779338E-006     0.137736622443E-003
     0.250476196562E+003     0.335338550760E-003     0.191142973933E-003     0.972481797204E-006     0.138709104240E-003
     0.251476196562E+003     0.336201591971E-003     0.191634907424E-003     0.974984616717E-006     0.139684088857E-003
     0.252476196562E+003     0.337061815395E-003     0.192125234775E-003     0.977479264645E-006     0.140661568121E-003
     0.253476196562E+003     0.337919230230E-003     0.192613961231E-003     0.979965767668E-006     0.141641533889E-003
     0.254476196562E+003     0.338773845648E-003     0.193101092019E-003     0.982444152378E-006     0.142623978041E-003
     0.255476196562E+003     0.339625670787E-003     0.193586632349E-003     0.984914445282E-006     0.143608892486E-003
     0.256476196562E+003     0.340474714758E-003     0.194070587412E-003     0.987376672799E-006     0.144596269159E-003
     0.257476196562E+003     0.341320986642E-003     0.194552962386E-003     0.989830861262E-006     0.145586100021E-003
     0.258476196562E+003     0.342164495489E-003     0.195033762429E-003     0.992277036918E-006     0.146578377057E-003
     0.259476196562E+003     0.343005250320E-003     0.195512992683E-003     0.994715225929E-006     0.147573092283E-003
     0.260476196562E+003     0.343843260127E-003     0.195990658273E-003     0.997145454370E-006     0.148570237738E-003
     0.261476196562E+003     0.344678533873E-003     0.196466764308E-003     0.999567748232E-006     0.149569805486E-003
     0.262476196562E+003     0.345511080490E-003     0.196941315879E-003     0.100198213342E-005     0.150571787619E-003
     0.263476196562E+003     0.346340908883E-003     0.197414318063E-003     0.100438863576E-005     0.151576176255E-003
     0.264476196562E+003     0.347168027926E-003     0.197885775918E-003     0.100678728098E-005     0.152582963536E-003
     0.265476196562E+003     0.347992446465E-003     0.198355694485E-003     0.100917809475E-005     0.153592141631E-003
     0.266476196562E+003     0.348814173317E-003     0.198824078791E-003     0.101156110262E-005     0.154603702734E-003
     0.267476196562E+003     0.349633217271E-003     0.199290933845E-003     0.101393633009E-005     0.155617639064E-003
     0.268476196562E+003     0.350449587086E-003     0.199756264639E-003     0.101630380255E-005     0.156633942866E-003
     0.269476196562E+003     0.351263291493E-003     0.200220076151E-003     0.101866354533E-005     0.157652606411E-003
     0.270476196562E+003     0.352074339194E-003     0.200682373341E-003     0.102101558366E-005     0.158673621995E-003
     0.271476196562E+003     0.352882738864E-003     0.201143161152E-003     0.102335994271E-005     0.159696981938E-003
     0.272476196562E+003     0.353688499148E-003     0.201602444514E-003     0.102569664753E-005     0.160722678585E-003
     0.273476196562E+003     0.354491628663E-003     0.202060228338E-003     0.102802572312E-005     0.161750704309E-003
     0.274476196562E+003     0.355292135999E-003     0.202516517519E-003     0.103034719440E-005     0.162781051503E-003
     0.275476196562E+003     0.356090029717E-003     0.202971316939E-003     0.103266108618E-005     0.163813712589E-003
     0.276476196562E+003     0.356885318351E-003     0.203424631460E-003     0.103496742322E-005     0.164848680012E-003
     0.277476196562E+003     0.357678010406E-003     0.203876465931E-003     0.103726623018E-005     0.165885946242E-003
     0.278476196562E+003     0.358468114359E-003     0.204326825185E-003     0.103955753164E-005     0.166925503774E-003
     0.279476196562E+003     0.359255638662E-003     0.204775714037E-003     0.104184135212E-005     0.167967345126E-003
     0.280476196562E+003     0.360040591735E-003     0.205223137289E-003     0.104411771603E-005     0.169011462842E-003
     0.281476196562E+003     0.360822981974E-003     0.205669099725E-003     0.104638664773E-005     0.170057849490E-003
     0.282476196562E+003     0.361602817747E-003     0.206113606116E-003     0.104864817147E-005     0.171106497661E-003
     0.283476196562E+003     0.362380107394E-003     0.206556661215E-003     0.105090231144E-005     0.172157399973E-003
     0.284476196562E+003     0.363154859228E-003     0.206998269760E-003     0.105314909176E-005     0.173210549065E-003
     0.285476196562E+003     0.363927081534E-003     0.207438436474E-003     0.105538853645E-005     0.174265937601E-003
     0.286476196562E+003     0.364696782572E-003     0.207877166066E-003     0.105762066946E-005     0.175323558271E-003
     0.287476196562E+003     0.365463970573E-003     0.208314463227E-003     0.105984551466E-005     0.176383403785E-003
     0.288476196562E+003     0.366228653742E-003     0.208750332633E-003     0.106206309585E-005     0.177445466881E-003
     0.289476196562E+003     0.366990840258E-003     0.209184778947E-003     0.106427343675E-005     0.178509740318E-003
     0.290476196562E+003     0.367750538271E-003     0.209617806814E-003     0.106647656099E-005     0.179576216879E-003
     0.291476196562E+003     0.368507755907E-003     0.210049420867E-003     0.106867249213E-005     0.180644889371E-003
     0.292476196562E+003     0.369262501264E-003     0.210479625720E-003     0.107086125366E-005     0.181715750625E-003
     0.293476196562E+003     0.370014782413E-003     0.210908425976E-003     0.107304286900E-005     0.182788793494E-003
     0.294476196562E+003     0.370764607402E-003     0.211335826219E-003     0.107521736146E-005     0.183864010855E-003
     0.295476196562E+003     0.371511984247E-003     0.211761831021E-003     0.107738475432E-005     0.184941395609E-003
     0.296476196562E+003     0.372256920944E-003     0.212186444938E-003     0.107954507074E-005     0.186020940680E-003
     0.297476196562E+003     0.372999425457E-003     0.212609672511E-003     0.108169833383E-005     0.187102639014E-003
     0.298476196562E+003     0.373739505730E-003     0.213031518266E-003     0.108384456662E-005     0.188186483581E-003
     0.299476196562E+003     0.374477169676E-003     0.213451986715E-003     0.108598379206E-005     0.189272467373E-003
     0.300476196562E+003     0.375212425185E-003     0.213871082356E-003     0.108811603304E-005     0.190360583406E-003
     0.301476196562E+003     0.375945280120E-003     0.214288809669E-003     0.109024131235E-005     0.191450824718E-003
     0.302476196562E+003     0.376675742319E-003     0.214705173122E-003     0.109235965273E-005     0.192543184371E-003
     0.303476196562E+003     0.377403819595E-003     0.215120177169E-003     0.109447107683E-005     0.193637655448E-003
     0.304476196562E+003     0.378129519733E-003     0.215533826248E-003     0.109657560723E-005     0.194734231055E-003
     0.305476196562E+003     0.378852850495E-003     0.215946124782E-003     0.109867326644E-005     0.195832904321E-003
     0.306476196562E+003     0.379573819617E-003     0.216357077182E-003     0.110076407689E-005     0.196933668398E-003
     0.307476196562E+003     0.380292434810E-003     0.216766687842E-003     0.110284806095E-005     0.198036516459E-003
     0.308476196562E+003     0.381008703759E-003     0.217174961143E-003     0.110492524090E-005     0.199141441700E-003
     0.309476196562E+003     0.381722634124E-003     0.217581901451E-003     0.110699563896E-005     0.200248437339E-003
     0.310476196562E+003     0.382434233541E-003     0.217987513119E-003     0.110905927727E-005     0.201357496616E-003
     0.311476196562E+003     0.383143509621E-003     0.218391800484E-003     0.111111617790E-005     0.202468612794E-003
     0.312476196562E+003     0.383850469948E-003     0.218794767870E-003     0.111316636285E-005     0.203581779157E-003
     0.313476196562E+003     0.384555122084E-003     0.219196419588E-003     0.111520985404E-005     0.204696989011E-003
     0.314476196562E+003     0.385257473564E-003     0.219596759932E-003     0.111724667334E-005     0.205814235684E-003
     0.315476196562E+003     0.385957531901E-003     0.219995793184E-003     0.111927684251E-005     0.206933512527E-003
     0.316476196562E+003     0.386655304581E-003     0.220393523611E-003     0.112130038329E-005     0.208054812910E-003
     0.317476196562E+003     0.387350799067E-003     0.220789955468E-003     0.112331731730E-005     0.209178130227E-003
     0.318476196562E+003     0.388044022798E-003     0.221185092995E-003     0.112532766611E-005     0.210303457894E-003
     0.319476196562E+003     0.388734983186E-003     0.221578940416E-003     0.112733145124E-005     0.211430789345E-003
     0.320476196562E+003     0.389423687621E-003     0.221971501944E-003     0.112932869410E-005     0.212560118039E-003
     0.321476196562E+003     0.390110143470E-003     0.222362781778E-003     0.113131941606E-005     0.213691437455E-003
     0.322476196562E+003     0.390794358074E-003     0.222752784102E-003     0.113330363841E-005     0.214824741093E-003
     0.323476196562E+003     0.391476338750E-003     0.223141513088E-003     0.113528138238E-005     0.215960022476E-003
     0.324476196562E+003     0.392156092792E-003     0.223528972892E-003     0.113725266910E-005     0.217097275145E-003
     0.325476196562E+003     0.392833627470E-003     0.223915167658E-003     0.113921751966E-005     0.218236492665E-003
     0.326476196562E+003     0.393508950030E-003     0.224300101517E-003     0.114117595509E-005     0.219377668620E-003
     0.327476196562E+003     0.394182067694E-003     0.224683778586E-003     0.114312799631E-005     0.220520796616E-003
     0.328476196562E+003     0.394852987662E-003     0.225066202967E-003     0.114507366422E-005     0.221665870280E-003
     0.329476196562E+003     0.395521717108E-003     0.225447378752E-003     0.114701297961E-005     0.222812883260E-003
     0.330476196562E+003     0.396188263185E-003     0.225827310016E-003     0.114894596324E-005     0.223961829223E-003
     0.331476196562E+003     0.396852633021E-003     0.226206000822E-003     0.115087263576E-005     0.225112701859E-003
     0.332476196562E+003     0.397514833722E-003     0.226583455222E-003     0.115279301779E-005     0.226265494877E-003
     0.333476196562E+003     0.398174872369E-003     0.226959677251E-003     0.115470712987E-005     0.227420202006E-003
     0.334476196562E+003     0.398832756022E-003     0.227334670933E-003     0.115661499247E-005     0.228576816999E-003
     0.335476196562E+003     0.399488491717E-003     0.227708440279E-003     0.115851662598E-005     0.229735333625E-003
     0.336476196562E+003     0.400142086466E-003     0.228080989286E-003     0.116041205075E-005     0.230895745676E-003
     0.337476196562E+003     0.400793547260E-003     0.228452321938E-003     0.116230128705E-005     0.232058046963E-003
     0.338476196562E+003     0.401442881066E-003     0.228822442208E-003     0.116418435509E-005     0.233222231318E-003
     0.339476196562E+003     0.402090094828E-003     0.229191354052E-003     0.116606127500E-005     0.234388292593E-003
     0.340476196562E+003     0.402735195469E-003     0.229559061417E-003     0.116793206686E-005     0.235556224660E-003
     0.341476196562E+003     0.403378189887E-003     0.229925568236E-003     0.116979675067E-005     0.236726021410E-003
     0.342476196562E+003     0.404019084959E-003     0.230290878427E-003     0.117165534638E-005     0.237897676757E-003
     0.343476196562E+003     0.404657887540E-003     0.230654995898E-003     0.117350787387E-005     0.239071184631E-003
     0.344476196562E+003     0.405294604461E-003     0.231017924543E-003     0.117535435294E-005     0.240246538983E-003
     0.345476196562E+003     0.405929242533E-003     0.231379668244E-003     0.117719480334E-005     0.241423733787E-003
     0.346476196562E+003     0.406561808541E-003     0.231740230868E-003     0.117902924477E-005     0.242602763032E-003
     0.347476196562E+003     0.407192309252E-003     0.232099616274E-003     0.118085769683E-005     0.243783620728E-003
     0.348476196562E+003     0.407820751409E-003     0.232457828303E-003     0.118268017909E-005     0.244966300908E-003
     0.349476196562E+003     0.408447141732E-003     0.232814870787E-003     0.118449671102E-005     0.246150797619E-003
     0.350476196562E+003     0.409071486921E-003     0.233170747545E-003     0.118630731207E-005     0.247337104931E-003
     0.351476196562E+003     0.409693793654E-003     0.233525462383E-003     0.118811200160E-005     0.248525216932E-003
     0.352476196562E+003     0.410314068584E-003     0.233879019093E-003     0.118991079889E-005     0.249715127731E-003
     0.353476196562E+003     0.410932318347E-003     0.234231421458E-003     0.119170372321E-005     0.250906831454E-003
     0.354476196562E+003     0.411548549555E-003     0.234582673246E-003     0.119349079371E-005     0.252100322248E-003
     0.355476196562E+003     0.412162768797E-003     0.234932778214E-003     0.119527202951E-005     0.253295594278E-003
     0.356476196562E+003     0.412774982643E-003     0.235281740107E-003     0.119704744966E-005     0.254492641727E-003
     0.357476196562E+003     0.413385197640E-003     0.235629562655E-003     0.119881707316E-005     0.255691458800E-003
     0.358476196562E+003     0.413993420315E-003     0.235976249580E-003     0.120058091891E-005     0.256892039719E-003
     0.359476196562E+003     0.414599657172E-003     0.236321804588E-003     0.120233900580E-005     0.258094378725E-003
     0.360476196562E+003     0.415203914695E-003     0.236666231376E-003     0.120409135262E-005     0.259298470078E-003
     0.361476196562E+003     0.415806199347E-003     0.237009533628E-003     0.120583797811E-005     0.260504308056E-003
     0.362476196562E+003     0.416406517568E-003     0.237351715014E-003     0.120757890095E-005     0.261711886957E-003
     0.363476196562E+003     0.417004875779E-003     0.237692779194E-003     0.120931413976E-005     0.262921201096E-003
     0.364476196562E+003     0.417601280379E-003     0.238032729816E-003     0.121104371310E-005     0.264132244810E-003
     0.365476196562E+003     0.418195737747E-003     0.238371570516E-003     0.121276763947E-005     0.265345012449E-003
     0.366476196562E+003     0.418788254241E-003     0.238709304917E-003     0.121448593730E-005     0.266559498386E-003
     0.367476196562E+003     0.419378836197E-003     0.239045936632E-003     0.121619862497E-005     0.267775697011E-003
     0.368476196562E+003     0.419967489931E-003     0.239381469261E-003     0.121790572080E-005     0.268993602732E-003
     0.369476196562E+003     0.420554221739E-003     0.239715906391E-003     0.121960724304E-005     0.270213209975E-003
     0.370476196562E+003     0.421139037896E-003     0.240049251601E-003     0.122130320990E-005     0.271434513185E-003
     0.371476196562E+003     0.421721944656E-003     0.240381508454E-003     0.122299363950E-005     0.272657506825E-003
     0.372476196562E+003     0.422302948254E-003     0.240712680505E-003     0.122467854994E-005     0.273882185374E-003
     0.373476196562E+003     0.422882054904E-003     0.241042771295E-003     0.122635795922E-005     0.275108543334E-003
     0.374476196562E+003     0.423459270798E-003     0.241371784355E-003     0.122803188531E-005     0.276336575219E-003
     0.375476196562E+003     0.424034602110E-003     0.241699723203E-003     0.122970034612E-005     0.277566275565E-003
     0.376476196562E+003     0.424608054993E-003     0.242026591346E-003     0.123136335948E-005     0.278797638925E-003
     0.377476196562E+003     0.425179635580E-003     0.242352392281E-003     0.123302094318E-005     0.280030659868E-003
     0.378476196562E+003     0.425749349984E-003     0.242677129491E-003     0.123467311495E-005     0.281265332983E-003
     0.379476196562E+003     0.426317204298E-003     0.243000806450E-003     0.123631989246E-005     0.282501652875E-003
     0.380476196562E+003     0.426883204595E-003     0.243323426619E-003     0.123796129333E-005     0.283739614169E-003
     0.381476196562E+003     0.427447356928E-003     0.243644993449E-003     0.123959733509E-005     0.284979211504E-003
     0.382476196562E+003     0.428009667332E-003     0.243965510379E-003     0.124122803526E-005     0.286220439539E-003
     0.383476196562E+003     0.428570141818E-003     0.244284980837E-003     0.124285341127E-005     0.287463292950E-003
     0.384476196562E+003     0.429128786383E-003     0.244603408238E-003     0.124447348051E-005     0.288707766431E-003
     0.385476196562E+003     0.429685607000E-003     0.244920795990E-003     0.124608826030E-005     0.289953854691E-003
     0.386476196562E+003     0.430240609625E-003     0.245237147486E-003     0.124769776791E-005     0.291201552459E-003
     0.387476196562E+003     0.430793800193E-003     0.245552466110E-003     0.124930202056E-005     0.292450854479E-003
     0.388476196562E+003     0.431345184620E-003     0.245866755234E-003     0.125090103540E-005     0.293701755515E-003
     0.389476196562E+003     0.431894768804E-003     0.246180018218E-003     0.125249482953E-005     0.294954250344E-003
     0.390476196562E+003     0.432442558622E-003     0.246492258415E-003     0.125408342000E-005     0.296208333764E-003
     0.391476196562E+003     0.432988559933E-003     0.246803479162E-003     0.125566682381E-005     0.297464000588E-003
     0.392476196562E+003     0.433532778576E-003     0.247113683788E-003     0.125724505787E-005     0.298721245646E-003
     0.393476196562E+003     0.434075220371E-003     0.247422875611E-003     0.125881813908E-005     0.299980063785E-003
     0.394476196562E+003     0.434615891120E-003     0.247731057938E-003     0.126038608425E-005     0.301240449869E-003
     0.395476196562E+003     0.435154796605E-003     0.248038234065E-003     0.126194891015E-005     0.302502398780E-003
     0.396476196562E+003     0.435691942589E-003     0.248344407276E-003     0.126350663351E-005     0.303765905413E-003
     0.397476196562E+003     0.436227334818E-003     0.248649580846E-003     0.126505927097E-005     0.305030964684E-003
     0.398476196562E+003     0.436760979017E-003     0.248953758040E-003     0.126660683915E-005     0.306297571523E-003
     0.399476196562E+003     0.437292880894E-003     0.249256942109E-003     0.126814935459E-005     0.307565720878E-003
     0.400476196562E+003     0.437823046136E-003     0.249559136298E-003     0.126968683379E-005     0.308835407712E-003
     0.401476196562E+003     0.438351480415E-003     0.249860343836E-003     0.127121929320E-005     0.310106627005E-003
     0.402476196562E+003     0.438878189381E-003     0.250160567947E-003     0.127274674920E-005     0.311379373754E-003
     0.403476196562E+003     0.439403178667E-003     0.250459811840E-003     0.127426921814E-005     0.312653642972E-003
     0.404476196562E+003     0.439926453890E-003     0.250758078717E-003     0.127578671628E-005     0.313929429688E-003
     0.405476196562E+003     0.440448020643E-003     0.251055371767E-003     0.127729925987E-005     0.315206728948E-003
     0.406476196562E+003     0.440967884507E-003     0.251351694169E-003     0.127880686507E-005     0.316485535813E-003
     0.407476196562E+003     0.441486051040E-003     0.251647049093E-003     0.128030954802E-005     0.317765845361E-003
     0.408476196562E+003     0.442002525784E-003     0.251941439697E-003     0.128180732477E-005     0.319047652686E-003
     0.409476196562E+003     0.442517314263E-003     0.252234869130E-003     0.128330021136E-005     0.320330952897E-003
     0.410476196562E+003     0.443030421983E-003     0.252527340530E-003     0.128478822375E-005     0.321615741121E-003
     0.411476196562E+003     0.443541854430E-003     0.252818857025E-003     0.128627137785E-005     0.322902012499E-003
     0.412476196562E+003     0.444051617076E-003     0.253109421733E-003     0.128774968952E-005     0.324189762189E-003
     0.413476196562E+003     0.444559715371E-003     0.253399037761E-003     0.128922317457E-005     0.325478985363E-003
     0.414476196562E+003     0.445066154749E-003     0.253687708207E-003     0.129069184877E-005     0.326769677212E-003
     0.415476196562E+003     0.445570940628E-003     0.253975436158E-003     0.129215572782E-005     0.328061832940E-003
     0.416476196562E+003     0.446074078404E-003     0.254262224691E-003     0.129361482737E-005     0.329355447767E-003
     0.417476196562E+003     0.446575573461E-003     0.254548076873E-003     0.129506916304E-005     0.330650516930E-003
     0.418476196562E+003     0.447075431160E-003     0.254832995761E-003     0.129651875036E-005     0.331947035681E-003
     0.419476196562E+003     0.447573656848E-003     0.255116984403E-003     0.129796360486E-005     0.333244999285E-003
     0.420476196562E+003     0.448070255853E-003     0.255400045836E-003     0.129940374197E-005     0.334544403027E-003
     0.421476196562E+003     0.448565233486E-003     0.255682183087E-003     0.130083917711E-005     0.335845242204E-003
     0.422476196562E+003     0.449058595041E-003     0.255963399173E-003     0.130226992562E-005     0.337147512130E-003
     0.423476196562E+003     0.449550345794E-003     0.256243697103E-003     0.130369600280E-005     0.338451208133E-003
     0.424476196562E+003     0.450040491005E-003     0.256523079873E-003     0.130511742392E-005     0.339756325557E-003
     0.425476196562E+003     0.450529035916E-003     0.256801550472E-003     0.130653420416E-005     0.341062859761E-003
     0.426476196562E+003     0.451015985751E-003     0.257079111878E-003     0.130794635868E-005     0.342370806120E-003
     0.427476196562E+003     0.451501345718E-003     0.257355767059E-003     0.130935390258E-005     0.343680160022E-003
     0.428476196562E+003     0.451985121008E-003     0.257631518975E-003     0.131075685092E-005     0.344990916873E-003
     0.429476196562E+003     0.452467316796E-003     0.257906370574E-003     0.131215521871E-005     0.346303072092E-003
     0.430476196562E+003     0.452947938237E-003     0.258180324795E-003     0.131354902089E-005     0.347616621113E-003
     0.431476196562E+003     0.453426990473E-003     0.258453384570E-003     0.131493827237E-005     0.348931559385E-003
     0.432476196562E+003     0.453904478626E-003     0.258725552817E-003     0.131632298802E-005     0.350247882373E-003
     0.433476196562E+003     0.454380407803E-003     0.258996832448E-003     0.131770318263E-005     0.351565585556E-003
     0.434476196562E+003     0.454854783095E-003     0.259267226364E-003     0.131907887098E-005     0.352884664427E-003
     0.435476196562E+003     0.455327609574E-003     0.259536737457E-003     0.132045006776E-005     0.354205114495E-003
     0.436476196562E+003     0.455798892297E-003     0.259805368610E-003     0.132181678766E-005     0.355526931282E-003
     0.437476196562E+003     0.456268636306E-003     0.260073122694E-003     0.132317904529E-005     0.356850110327E-003
     0.438476196562E+003     0.456736846622E-003     0.260340002575E-003     0.132453685520E-005     0.358174647183E-003
     0.439476196562E+003     0.457203528255E-003     0.260606011105E-003     0.132589023194E-005     0.359500537415E-003
     0.440476196562E+003     0.457668686194E-003     0.260871151131E-003     0.132723918996E-005     0.360827776605E-003
     0.441476196562E+003     0.458132325415E-003     0.261135425487E-003     0.132858374370E-005     0.362156360348E-003
     0.442476196562E+003     0.458594450877E-003     0.261398837000E-003     0.132992390754E-005     0.363486284256E-003
     0.443476196562E+003     0.459055067521E-003     0.261661388487E-003     0.133125969581E-005     0.364817543952E-003
     0.444476196562E+003     0.459514180274E-003     0.261923082756E-003     0.133259112280E-005     0.366150135074E-003
     0.445476196562E+003     0.459971794046E-003     0.262183922606E-003     0.133391820273E-005     0.367484053277E-003
     0.446476196562E+003     0.460427913732E-003     0.262443910827E-003     0.133524094982E-005     0.368819294227E-003
     0.447476196562E+003     0.460882544208E-003     0.262703050199E-003     0.133655937820E-005     0.370155853605E-003
     0.448476196562E+003     0.461335690338E-003     0.262961343493E-003     0.133787350198E-005     0.371493727107E-003
     0.449476196562E+003     0.461787356968E-003     0.263218793472E-003     0.133918333521E-005     0.372832910442E-003
     0.450476196562E+003     0.462237548927E-003     0.263475402889E-003     0.134048889189E-005     0.374173399334E-003
     0.451476196562E+003     0.462686271032E-003     0.263731174488E-003     0.134179018599E-005     0.375515189520E-003
     0.452476196562E+003     0.463133528081E-003     0.263986111006E-003     0.134308723144E-005     0.376858276752E-003
     0.453476196562E+003     0.463579324857E-003     0.264240215169E-003     0.134438004209E-005     0.378202656794E-003
     0.454476196562E+003     0.464023666129E-003     0.264493489693E-003     0.134566863177E-005     0.379548325426E-003
     0.455476196562E+003     0.464466556647E-003     0.264745937289E-003     0.134695301428E-005     0.380895278440E-003
     0.456476196562E+003     0.464908001149E-003     0.264997560655E-003     0.134823320333E-005     0.382243511643E-003
     0.457476196562E+003     0.465348004356E-003     0.265248362483E-003     0.134950921263E-005     0.383593020856E-003
     0.458476196562E+003     0.465786570974E-003     0.265498345455E-003     0.135078105583E-005     0.384943801912E-003
     0.459476196562E+003     0.466223705693E-003     0.265747512245E-003     0.135204874651E-005     0.386295850658E-003
     0.460476196562E+003     0.466659413189E-003     0.265995865518E-003     0.135331229825E-005     0.387649162956E-003
     0.461476196562E+003     0.467093698120E-003     0.266243407928E-003     0.135457172455E-005     0.389003734681E-003
     0.462476196562E+003     0.467526565132E-003     0.266490142125E-003     0.135582703888E-005     0.390359561720E-003
     0.463476196562E+003     0.467958018854E-003     0.266736070747E-003     0.135707825468E-005     0.391716639974E-003
     0.464476196562E+003     0.468388063901E-003     0.266981196423E-003     0.135832538531E-005     0.393074965360E-003
     0.465476196562E+003     0.468816704871E-003     0.267225521776E-003     0.135956844413E-005     0.394434533804E-003
     0.466476196562E+003     0.469243946349E-003     0.267469049419E-003     0.136080744441E-005     0.395795341248E-003
     0.467476196562E+003     0.469669792904E-003     0.267711781956E-003     0.136204239942E-005     0.397157383648E-003
     0.468476196562E+003     0.470094249091E-003     0.267953721982E-003     0.136327332236E-005     0.398520656970E-003
     0.469476196562E+003     0.470517319449E-003     0.268194872086E-003     0.136450022640E-005     0.399885157197E-003
     0.470476196562E+003     0.470939008503E-003     0.268435234847E-003     0.136572312466E-005     0.401250880321E-003
     0.471476196562E+003     0.471359320762E-003     0.268674812834E-003     0.136694203021E-005     0.402617822351E-003
     0.472476196562E+003     0.471778260722E-003     0.268913608611E-003     0.136815695609E-005     0.403985979307E-003
     0.473476196562E+003     0.472195832863E-003     0.269151624732E-003     0.136936791530E-005     0.405355347223E-003
     0.474476196562E+003     0.472612041651E-003     0.269388863741E-003     0.137057492079E-005     0.406725922144E-003
     0.475476196562E+003     0.473026891538E-003     0.269625328177E-003     0.137177798546E-005     0.408097700129E-003
     0.476476196562E+003     0.473440386960E-003     0.269861020567E-003     0.137297712218E-005     0.409470677251E-003
     0.477476196562E+003     0.473852532339E-003     0.270095943433E-003     0.137417234378E-005     0.410844849595E-003
     0.478476196562E+003     0.474263332083E-003     0.270330099287E-003     0.137536366304E-005     0.412220213258E-003
     0.479476196562E+003     0.474672790586E-003     0.270563490634E-003     0.137655109270E-005     0.413596764351E-003
     0.480476196562E+003     0.475080912227E-003     0.270796119969E-003     0.137773464546E-005     0.414974498996E-003
     0.481476196562E+003     0.475487701370E-003     0.271027989781E-003     0.137891433397E-005     0.416353413330E-003
     0.482476196562E+003     0.475893162367E-003     0.271259102549E-003     0.138009017086E-005     0.417733503501E-003
     0.483476196562E+003     0.476297299553E-003     0.271489460745E-003     0.138126216870E-005     0.419114765670E-003
     0.484476196562E+003     0.476700117250E-003     0.271719066833E-003     0.138243034003E-005     0.420497196010E-003
     0.485476196562E+003     0.477101619767E-003     0.271947923267E-003     0.138359469732E-005     0.421880790707E-003
     0.486476196562E+003     0.477501811398E-003     0.272176032497E-003     0.138475525305E-005     0.423265545960E-003
     0.487476196562E+003     0.477900696422E-003     0.272403396961E-003     0.138591201962E-005     0.424651457980E-003
     0.488476196562E+003     0.478298279106E-003     0.272630019091E-003     0.138706500941E-005     0.426038522989E-003
     0.489476196562E+003     0.478694563702E-003     0.272855901310E-003     0.138821423474E-005     0.427426737224E-003
     0.490476196562E+003     0.479089554448E-003     0.273081046035E-003     0.138935970790E-005     0.428816096932E-003
     0.491476196562E+003     0.479483255567E-003     0.273305455673E-003     0.139050144115E-005     0.430206598373E-003
     0.492476196562E+003     0.479875671272E-003     0.273529132625E-003     0.139163944669E-005     0.431598237820E-003
     0.493476196562E+003     0.480266805759E-003     0.273752079282E-003     0.139277373670E-005     0.432991011556E-003
     0.494476196562E+003     0.480656663210E-003     0.273974298030E-003     0.139390432331E-005     0.434384915880E-003
     0.495476196562E+003     0.481045247795E-003     0.274195791243E-003     0.139503121861E-005     0.435779947098E-003
     0.496476196562E+003     0.481432563671E-003     0.274416561292E-003     0.139615443464E-005     0.437176101533E-003
     0.497476196562E+003     0.481818614978E-003     0.274636610538E-003     0.139727398344E-005     0.438573375516E-003
     0.498476196562E+003     0.482203405847E-003     0.274855941333E-003     0.139838987696E-005     0.439971765393E-003
     0.499476196562E+003     0.482586940393E-003     0.275074556024E-003     0.139950212714E-005     0.441371267520E-003
     0.500476196562E+003     0.482969222716E-003     0.275292456948E-003     0.140061074588E-005     0.442771878266E-003
     0.501476196562E+003     0.483350256906E-003     0.275509646437E-003     0.140171574503E-005     0.444173594011E-003
     0.502476196562E+003     0.483730047038E-003     0.275726126812E-003     0.140281713641E-005     0.445576411148E-003
     0.503476196562E+003     0.484108597174E-003     0.275941900389E-003     0.140391493180E-005     0.446980326080E-003
     0.504476196562E+003     0.484485911361E-003     0.276156969476E-003     0.140500914295E-005     0.448385335222E-003
     0.505476196562E+003     0.484861993636E-003     0.276371336373E-003     0.140609978154E-005     0.449791435004E-003
     0.506476196562E+003     0.485236848021E-003     0.276585003372E-003     0.140718685926E-005     0.451198621863E-003
     0.507476196562E+003     0.485610478524E-003     0.276797972758E-003     0.140827038772E-005     0.452606892251E-003
     0.508476196562E+003     0.485982889141E-003     0.277010246810E-003     0.140935037851E-005     0.454016242630E-003
     0.509476196562E+003     0.486354083856E-003     0.277221827798E-003     0.141042684318E-005     0.455426669473E-003
     0.510476196562E+003     0.486724066638E-003     0.277432717983E-003     0.141149979325E-005     0.456838169266E-003
     0.511476196562E+003     0.487092841443E-003     0.277642919623E-003     0.141256924019E-005     0.458250738506E-003
     0.512476196562E+003     0.487460412217E-003     0.277852434964E-003     0.141363519543E-005     0.459664373702E-003
     0.513476196562E+003     0.487826782891E-003     0.278061266248E-003     0.141469767038E-005     0.461079071372E-003
     0.514476196562E+003     0.488191957381E-003     0.278269415707E-003     0.141575667641E-005     0.462494828048E-003
     0.515476196562E+003     0.488555939595E-003     0.278476885569E-003     0.141681222482E-005     0.463911640273E-003
     0.516476196562E+003     0.488918733424E-003     0.278683678052E-003     0.141786432693E-005     0.465329504600E-003
     0.517476196562E+003     0.489280342748E-003     0.278889795367E-003     0.141891299397E-005     0.466748417594E-003
     0.518476196562E+003     0.489640771436E-003     0.279095239719E-003     0.141995823717E-005     0.468168375831E-003
     0.519476196562E+003     0.490000023342E-003     0.279300013305E-003     0.142100006769E-005     0.469589375899E-003
     0.520476196562E+003     0.490358102307E-003     0.279504118315E-003     0.142203849669E-005     0.471011414396E-003
     0.521476196562E+003     0.490715012162E-003     0.279707556932E-003     0.142307353527E-005     0.472434487931E-003
     0.522476196562E+003     0.491070756723E-003     0.279910331332E-003     0.142410519450E-005     0.473858593125E-003
     0.523476196562E+003     0.491425339796E-003     0.280112443684E-003     0.142513348541E-005     0.475283726611E-003
     0.524476196562E+003     0.491778765172E-003     0.280313896148E-003     0.142615841900E-005     0.476709885030E-003
     0.525476196562E+003     0.492131036631E-003     0.280514690880E-003     0.142718000623E-005     0.478137065036E-003
     0.526476196562E+003     0.492482157940E-003     0.280714830026E-003     0.142819825803E-005     0.479565263294E-003
     0.527476196562E+003     0.492832132856E-003     0.280914315728E-003     0.142921318528E-005     0.480994476479E-003
     0.528476196562E+003     0.493180965121E-003     0.281113150119E-003     0.143022479885E-005     0.482424701278E-003
     0.529476196562E+003     0.493528658464E-003     0.281311335325E-003     0.143123310955E-005     0.483855934388E-003
     0.530476196562E+003     0.493875216606E-003     0.281508873466E-003     0.143223812816E-005     0.485288172516E-003
     0.531476196562E+003     0.494220643253E-003     0.281705766654E-003     0.143323986543E-005     0.486721412381E-003
     0.532476196562E+003     0.494564942098E-003     0.281902016996E-003     0.143423833208E-005     0.488155650713E-003
     0.533476196562E+003     0.494908116823E-003     0.282097626589E-003     0.143523353879E-005     0.489590884252E-003
     0.534476196562E+003     0.495250171100E-003     0.282292597527E-003     0.143622549619E-005     0.491027109748E-003
     0.535476196562E+003     0.495591108587E-003     0.282486931894E-003     0.143721421490E-005     0.492464323963E-003
     0.536476196562E+003     0.495930932928E-003     0.282680631769E-003     0.143819970549E-005     0.493902523669E-003
     0.537476196562E+003     0.496269647760E-003     0.282873699223E-003     0.143918197850E-005     0.495341705647E-003
     0.538476196562E+003     0.496607256704E-003     0.283066136321E-003     0.144016104444E-005     0.496781866692E-003
     0.539476196562E+003     0.496943763371E-003     0.283257945122E-003     0.144113691378E-005     0.498223003606E-003
     0.540476196562E+003     0.497279171361E-003     0.283449127676E-003     0.144210959695E-005     0.499665113202E-003
     0.541476196562E+003     0.497613484259E-003     0.283639686028E-003     0.144307910435E-005     0.501108192307E-003
     0.542476196562E+003     0.497946705642E-003     0.283829622216E-003     0.144404544636E-005     0.502552237753E-003
     0.543476196562E+003     0.498278839073E-003     0.284018938271E-003     0.144500863331E-005     0.503997246386E-003
     0.544476196562E+003     0.498609888104E-003     0.284207636219E-003     0.144596867550E-005     0.505443215062E-003
     0.545476196562E+003     0.498939856276E-003     0.284395718077E-003     0.144692558320E-005     0.506890140645E-003
     0.546476196562E+003     0.499268747118E-003     0.284583185858E-003     0.144787936664E-005     0.508338020012E-003
     0.547476196562E+003     0.499596564148E-003     0.284770041564E-003     0.144883003603E-005     0.509786850048E-003
     0.548476196562E+003     0.499923310870E-003     0.284956287196E-003     0.144977760152E-005     0.511236627649E-003
     0.549476196562E+003     0.500248990781E-003     0.285141924745E-003     0.145072207326E-005     0.512687349723E-003
     0.550476196562E+003     0.500573607362E-003     0.285326956196E-003     0.145166346135E-005     0.514139013184E-003
     0.551476196562E+003     0.500897164086E-003     0.285511383529E-003     0.145260177585E-005     0.515591614960E-003
     0.552476196562E+003     0.501219664412E-003     0.285695208715E-003     0.145353702680E-005     0.517045151987E-003
     0.553476196562E+003     0.501541111791E-003     0.285878433721E-003     0.145446922419E-005     0.518499621211E-003
     0.554476196562E+003     0.501861509659E-003     0.286061060506E-003     0.145539837801E-005     0.519955019589E-003
     0.555476196562E+003     0.502180861444E-003     0.286243091023E-003     0.145632449819E-005     0.521411344087E-003
     0.556476196562E+003     0.502499170560E-003     0.286424527219E-003     0.145724759463E-005     0.522868591682E-003
     0.557476196562E+003     0.502816440413E-003     0.286605371036E-003     0.145816767720E-005     0.524326759359E-003
     0.558476196562E+003     0.503132674395E-003     0.286785624405E-003     0.145908475575E-005     0.525785844115E-003
     0.559476196562E+003     0.503447875888E-003     0.286965289256E-003     0.145999884008E-005     0.527245842955E-003
     0.560476196562E+003     0.503762048264E-003     0.287144367510E-003     0.146090993997E-005     0.528706752895E-003
     0.561476196562E+003     0.504075194882E-003     0.287322861083E-003     0.146181806516E-005     0.530168570960E-003
     0.562476196562E+003     0.504387319091E-003     0.287500771882E-003     0.146272322536E-005     0.531631294185E-003
     0.563476196562E+003     0.504698424230E-003     0.287678101811E-003     0.146362543027E-005     0.533094919615E-003
     0.564476196562E+003     0.505008513626E-003     0.287854852767E-003     0.146452468951E-005     0.534559444305E-003
     0.565476196562E+003     0.505317590594E-003     0.288031026639E-003     0.146542101272E-005     0.536024865318E-003
     0.566476196562E+003     0.505625658442E-003     0.288206625312E-003     0.146631440948E-005     0.537491179727E-003
     0.567476196562E+003     0.505932720462E-003     0.288381650664E-003     0.146720488934E-005     0.538958384616E-003
     0.568476196562E+003     0.506238779940E-003     0.288556104566E-003     0.146809246183E-005     0.540426477078E-003
     0.569476196562E+003     0.506543840149E-003     0.288729988885E-003     0.146897713643E-005     0.541895454215E-003
     0.570476196562E+003     0.506847904350E-003     0.288903305480E-003     0.146985892262E-005     0.543365313137E-003
     0.571476196562E+003     0.507150975797E-003     0.289076056204E-003     0.147073782981E-005     0.544836050967E-003
     0.572476196562E+003     0.507453057730E-003     0.289248242906E-003     0.147161386742E-005     0.546307664835E-003
     0.573476196562E+003     0.507754153380E-003     0.289419867427E-003     0.147248704480E-005     0.547780151879E-003
     0.574476196562E+003     0.508054265968E-003     0.289590931602E-003     0.147335737131E-005     0.549253509251E-003
     0.575476196562E+003     0.508353398702E-003     0.289761437260E-003     0.147422485624E-005     0.550727734107E-003
     0.576476196562E+003     0.508651554782E-003     0.289931386226E-003     0.147508950887E-005     0.552202823616E-003
     0.577476196562E+003     0.508948737397E-003     0.290100780316E-003     0.147595133845E-005     0.553678774954E-003
     0.578476196562E+003     0.509244949725E-003     0.290269621343E-003     0.147681035420E-005     0.555155585308E-003
     0.579476196562E+003     0.509540194935E-003     0.290437911113E-003     0.147766656531E-005     0.556633251874E-003
     0.580476196562E+003     0.509834476182E-003     0.290605651424E-003     0.147851998093E-005     0.558111771855E-003
     0.581476196562E+003     0.510127796616E-003     0.290772844071E-003     0.147937061019E-005     0.559591142465E-003
     0.582476196562E+003     0.510420159373E-003     0.290939490842E-003     0.148021846218E-005     0.561071360927E-003
     0.583476196562E+003     0.510711567579E-003     0.291105593520E-003     0.148106354598E-005     0.562552424473E-003
     0.584476196562E+003     0.511002024352E-003     0.291271153881E-003     0.148190587062E-005     0.564034330344E-003
     0.585476196562E+003     0.511291532797E-003     0.291436173694E-003     0.148274544511E-005     0.565517075789E-003
     0.586476196562E+003     0.511580096011E-003     0.291600654726E-003     0.148358227843E-005     0.567000658067E-003
     0.587476196562E+003     0.511867717081E-003     0.291764598736E-003     0.148441637953E-005     0.568485074447E-003
     0.588476196562E+003     0.512154399081E-003     0.291928007476E-003     0.148524775733E-005     0.569970322204E-003
     0.589476196562E+003     0.512440145078E-003     0.292090882695E-003     0.148607642073E-005     0.571456398625E-003
     0.590476196562E+003     0.512724958129E-003     0.292253226133E-003     0.148690237857E-005     0.572943301003E-003
     0.591476196562E+003     0.513008841279E-003     0.292415039529E-003     0.148772563971E-005     0.574431026643E-003
     0.592476196562E+003     0.513291797563E-003     0.292576324611E-003     0.148854621293E-005     0.575919572856E-003
     0.593476196562E+003     0.513573830010E-003     0.292737083105E-003     0.148936410703E-005     0.577408936963E-003
     0.594476196562E+003     0.513854941634E-003     0.292897316731E-003     0.149017933074E-005     0.578899116294E-003
     0.595476196562E+003     0.514135135442E-003     0.293057027202E-003     0.149099189278E-005     0.580390108187E-003
     0.596476196562E+003     0.514414414430E-003     0.293216216225E-003     0.149180180185E-005     0.581881909988E-003
     0.597476196562E+003     0.514692781587E-003     0.293374885504E-003     0.149260906660E-005     0.583374519055E-003
     0.598476196562E+003     0.514970239888E-003     0.293533036736E-003     0.149341369567E-005     0.584867932751E-003
     0.599476196562E+003     0.515246792301E-003     0.293690671611E-003     0.149421569767E-005     0.586362148448E-003
     0.600476196562E+003     0.515522441783E-003     0.293847791817E-003     0.149501508117E-005     0.587857163530E-003
     0.601476196562E+003     0.515797191284E-003     0.294004399032E-003     0.149581185472E-005     0.589352975384E-003
     0.602476196562E+003     0.516071043741E-003     0.294160494932E-003     0.149660602685E-005     0.590849581411E-003
     0.603476196562E+003     0.516344002082E-003     0.294316081187E-003     0.149739760604E-005     0.592346979017E-003
     0.604476196562E+003     0.516616069228E-003     0.294471159460E-003     0.149818660076E-005     0.593845165618E-003
     0.605476196562E+003     0.516887248088E-003     0.294625731410E-003     0.149897301945E-005     0.595344138637E-003
     0.606476196562E+003     0.517157541561E-003     0.294779798690E-003     0.149975687053E-005     0.596843895508E-003
     0.607476196562E+003     0.517426952540E-003     0.294933362948E-003     0.150053816237E-005     0.598344433670E-003
     0.608476196562E+003     0.517695483905E-003     0.295086425826E-003     0.150131690332E-005     0.599845750574E-003
     0.609476196562E+003     0.517963138527E-003     0.295238988961E-003     0.150209310173E-005     0.601347843675E-003
     0.610476196562E+003     0.518229919271E-003     0.295391053984E-003     0.150286676588E-005     0.602850710441E-003
     0.611476196562E+003     0.518495828988E-003     0.295542622523E-003     0.150363790406E-005     0.604354348345E-003
     0.612476196562E+003     0.518760870523E-003     0.295693696198E-003     0.150440652452E-005     0.605858754870E-003
     0.613476196562E+003     0.519025046710E-003     0.295844276624E-003     0.150517263546E-005     0.607363927505E-003
     0.614476196562E+003     0.519288360374E-003     0.295994365413E-003     0.150593624508E-005     0.608869863750E-003
     0.615476196562E+003     0.519550814332E-003     0.296143964169E-003     0.150669736156E-005     0.610376561112E-003
     0.616476196562E+003     0.519812411390E-003     0.296293074493E-003     0.150745599303E-005     0.611884017105E-003
     0.617476196562E+003     0.520073154347E-003     0.296441697978E-003     0.150821214761E-005     0.613392229252E-003
     0.618476196562E+003     0.520333045991E-003     0.296589836215E-003     0.150896583337E-005     0.614901195086E-003
     0.619476196562E+003     0.520592089100E-003     0.296737490787E-003     0.150971705839E-005     0.616410912144E-003
     0.620476196562E+003     0.520850286447E-003     0.296884663275E-003     0.151046583070E-005     0.617921377975E-003
     0.621476196562E+003     0.521107640792E-003     0.297031355251E-003     0.151121215830E-005     0.619432590133E-003
     0.622476196562E+003     0.521364154887E-003     0.297177568286E-003     0.151195604917E-005     0.620944546182E-003
     0.623476196562E+003     0.521619831476E-003     0.297323303941E-003     0.151269751128E-005     0.622457243694E-003
     0.624476196562E+003     0.521874673293E-003     0.297468563777E-003     0.151343655255E-005     0.623970680246E-003
     0.625476196562E+003     0.522128683064E-003     0.297613349347E-003     0.151417318089E-005     0.625484853427E-003
     0.626476196562E+003     0.522381863506E-003     0.297757662198E-003     0.151490740417E-005     0.626999760831E-003
     0.627476196562E+003     0.522634217325E-003     0.297901503875E-003     0.151563923024E-005     0.628515400062E-003
     0.628476196562E+003     0.522885747222E-003     0.298044875916E-003     0.151636866694E-005     0.630031768728E-003
     0.629476196562E+003     0.523136455885E-003     0.298187779855E-003     0.151709572207E-005     0.631548864451E-003
     0.630476196562E+003     0.523386345997E-003     0.298330217218E-003     0.151782040339E-005     0.633066684854E-003
     0.631476196562E+003     0.523635420229E-003     0.298472189531E-003     0.151854271866E-005     0.634585227573E-003
     0.632476196562E+003     0.523883681247E-003     0.298613698311E-003     0.151926267561E-005     0.636104490248E-003
     0.633476196562E+003     0.524131131704E-003     0.298754745071E-003     0.151998028194E-005     0.637624470530E-003
     0.634476196562E+003     0.524377774247E-003     0.298895331321E-003     0.152069554532E-005     0.639145166075E-003
     0.635476196562E+003     0.524623611514E-003     0.299035458563E-003     0.152140847339E-005     0.640666574549E-003
     0.636476196562E+003     0.524868646135E-003     0.299175128297E-003     0.152211907379E-005     0.642188693623E-003
     0.637476196562E+003     0.525112880729E-003     0.299314342015E-003     0.152282735411E-005     0.643711520977E-003
     0.638476196562E+003     0.525356317909E-003     0.299453101208E-003     0.152353332193E-005     0.645235054299E-003
     0.639476196562E+003     0.525598960278E-003     0.299591407359E-003     0.152423698481E-005     0.646759291284E-003
     0.640476196562E+003     0.525840810432E-003     0.299729261946E-003     0.152493835025E-005     0.648284229634E-003
     0.641476196562E+003     0.526081870957E-003     0.299866666445E-003     0.152563742577E-005     0.649809867060E-003
     0.642476196562E+003     0.526322144430E-003     0.300003622325E-003     0.152633421885E-005     0.651336201278E-003
     0.643476196562E+003     0.526561633423E-003     0.300140131051E-003     0.152702873692E-005     0.652863230015E-003
     0.644476196562E+003     0.526800340495E-003     0.300276194082E-003     0.152772098743E-005     0.654390951003E-003
     0.645476196562E+003     0.527038268200E-003     0.300411812874E-003     0.152841097778E-005     0.655919361981E-003
     0.646476196562E+003     0.527275419083E-003     0.300546988877E-003     0.152909871534E-005     0.657448460696E-003
     0.647476196562E+003     0.527511795680E-003     0.300681723537E-003     0.152978420747E-005     0.658978244903E-003
     0.648476196562E+003     0.527747400518E-003     0.300816018295E-003     0.153046746150E-005     0.660508712365E-003
     0.649476196562E+003     0.527982236118E-003     0.300949874587E-003     0.153114848474E-005     0.662039860850E-003
     0.650476196562E+003     0.528216304991E-003     0.301083293845E-003     0.153182728447E-005     0.663571688134E-003
     0.651476196562E+003     0.528449609641E-003     0.301216277495E-003     0.153250386796E-005     0.665104192002E-003
     0.652476196562E+003     0.528682152562E-003     0.301348826960E-003     0.153317824243E-005     0.666637370244E-003
     0.653476196562E+003     0.528913936241E-003     0.301480943658E-003     0.153385041510E-005     0.668171220660E-003
     0.654476196562E+003     0.529144963159E-003     0.301612629000E-003     0.153452039316E-005     0.669705741053E-003
     0.655476196562E+003     0.529375235784E-003     0.301743884397E-003     0.153518818377E-005     0.671240929236E-003
     0.656476196562E+003     0.529604756580E-003     0.301874711251E-003     0.153585379408E-005     0.672776783031E-003
     0.657476196562E+003     0.529833528002E-003     0.302005110961E-003     0.153651723121E-005     0.674313300262E-003
     0.658476196562E+003     0.530061552497E-003     0.302135084923E-003     0.153717850224E-005     0.675850478764E-003
     0.659476196562E+003     0.530288832502E-003     0.302264634526E-003     0.153783761426E-005     0.677388316378E-003
     0.660476196562E+003     0.530515370449E-003     0.302393761156E-003     0.153849457430E-005     0.678926810953E-003
     0.661476196562E+003     0.530741168761E-003     0.302522466194E-003     0.153914938941E-005     0.680465960342E-003
     0.662476196562E+003     0.530966229852E-003     0.302650751016E-003     0.153980206657E-005     0.682005762409E-003
     0.663476196562E+003     0.531190556130E-003     0.302778616994E-003     0.154045261277E-005     0.683546215021E-003
     0.664476196562E+003     0.531414149993E-003     0.302906065496E-003     0.154110103498E-005     0.685087316056E-003
     0.665476196562E+003     0.531637013832E-003     0.303033097885E-003     0.154174734011E-005     0.686629063396E-003
     0.666476196562E+003     0.531859150033E-003     0.303159715519E-003     0.154239153509E-005     0.688171454931E-003
     0.667476196562E+003     0.532080560969E-003     0.303285919752E-003     0.154303362681E-005     0.689714488558E-003
     0.668476196562E+003     0.532301249009E-003     0.303411711935E-003     0.154367362212E-005     0.691258162180E-003
     0.669476196562E+003     0.532521216513E-003     0.303537093413E-003     0.154431152789E-005     0.692802473708E-003
     0.670476196562E+003     0.532740465834E-003     0.303662065526E-003     0.154494735092E-005     0.694347421059E-003
     0.671476196562E+003     0.532958999317E-003     0.303786629611E-003     0.154558109802E-005     0.695893002157E-003
     0.672476196562E+003     0.533176819298E-003     0.303910787000E-003     0.154621277596E-005     0.697439214933E-003
     0.673476196562E+003     0.533393928108E-003     0.304034539022E-003     0.154684239151E-005     0.698986057325E-003
     0.674476196562E+003     0.533610328068E-003     0.304157886999E-003     0.154746995139E-005     0.700533527276E-003
     0.675476196562E+003     0.533826021492E-003     0.304280832251E-003     0.154809546233E-005     0.702081622738E-003
     0.676476196562E+003     0.534041010688E-003     0.304403376092E-003     0.154871893099E-005     0.703630341669E-003
     0.677476196562E+003     0.534255297954E-003     0.304525519834E-003     0.154934036407E-005     0.705179682033E-003
     0.678476196562E+003     0.534468885583E-003     0.304647264782E-003     0.154995976819E-005     0.706729641802E-003
     0.679476196562E+003     0.534681775859E-003     0.304768612239E-003     0.155057714999E-005     0.708280218952E-003
     0.680476196562E+003     0.534893971058E-003     0.304889563503E-003     0.155119251607E-005     0.709831411468E-003
     0.681476196562E+003     0.535105473450E-003     0.305010119866E-003     0.155180587300E-005     0.711383217341E-003
     0.682476196562E+003     0.535316285296E-003     0.305130282619E-003     0.155241722736E-005     0.712935634568E-003
     0.683476196562E+003     0.535526408853E-003     0.305250053046E-003     0.155302658567E-005     0.714488661154E-003
     0.684476196562E+003     0.535735846366E-003     0.305369432428E-003     0.155363395446E-005     0.716042295108E-003
     0.685476196562E+003     0.535944600075E-003     0.305488422043E-003     0.155423934022E-005     0.717596534448E-003
     0.686476196562E+003     0.536152672214E-003     0.305607023162E-003     0.155484274942E-005     0.719151377198E-003
     0.687476196562E+003     0.536360065008E-003     0.305725237054E-003     0.155544418852E-005     0.720706821386E-003
     0.688476196562E+003     0.536566780673E-003     0.305843064984E-003     0.155604366395E-005     0.722262865050E-003
     0.689476196562E+003     0.536772821423E-003     0.305960508211E-003     0.155664118212E-005     0.723819506232E-003
     0.690476196562E+003     0.536978189459E-003     0.306077567992E-003     0.155723674943E-005     0.725376742982E-003
     0.691476196562E+003     0.537182886978E-003     0.306194245578E-003     0.155783037223E-005     0.726934573354E-003
     0.692476196562E+003     0.537386916170E-003     0.306310542217E-003     0.155842205689E-005     0.728492995411E-003
     0.693476196562E+003     0.537590279216E-003     0.306426459153E-003     0.155901180973E-005     0.730052007221E-003
     0.694476196562E+003     0.537792978292E-003     0.306541997627E-003     0.155959963705E-005     0.731611606858E-003
     0.695476196562E+003     0.537995015565E-003     0.306657158872E-003     0.156018554514E-005     0.733171792403E-003
     0.696476196562E+003     0.538196393197E-003     0.306771944122E-003     0.156076954027E-005     0.734732561943E-003
     0.697476196562E+003     0.538397113340E-003     0.306886354604E-003     0.156135162868E-005     0.736293913572E-003
     0.698476196562E+003     0.538597178141E-003     0.307000391540E-003     0.156193181661E-005     0.737855845388E-003
     0.699476196562E+003     0.538796589740E-003     0.307114056152E-003     0.156251011024E-005     0.739418355499E-003
     0.700476196562E+003     0.538995350271E-003     0.307227349654E-003     0.156308651578E-005     0.740981442014E-003
     0.701476196562E+003     0.539193461857E-003     0.307340273259E-003     0.156366103938E-005     0.742545103054E-003
     0.702476196562E+003     0.539390926619E-003     0.307452828173E-003     0.156423368719E-005     0.744109336741E-003
     0.703476196562E+003     0.539587746668E-003     0.307565015601E-003     0.156480446533E-005     0.745674141206E-003
     0.704476196562E+003     0.539783924109E-003     0.307676836742E-003     0.156537337991E-005     0.747239514586E-003
     0.705476196562E+003     0.539979461040E-003     0.307788292793E-003     0.156594043701E-005     0.748805455023E-003
     0.706476196562E+003     0.540174359553E-003     0.307899384945E-003     0.156650564270E-005     0.750371960666E-003
     0.707476196562E+003     0.540368621731E-003     0.308010114387E-003     0.156706900302E-005     0.751939029669E-003
     0.708476196562E+003     0.540562249652E-003     0.308120482302E-003     0.156763052399E-005     0.753506660193E-003
     0.709476196562E+003     0.540755245388E-003     0.308230489871E-003     0.156819021162E-005     0.755074850405E-003
     0.710476196562E+003     0.540947611002E-003     0.308340138271E-003     0.156874807190E-005     0.756643598477E-003
     0.711476196562E+003     0.541139348551E-003     0.308449428674E-003     0.156930411080E-005     0.758212902587E-003
     0.712476196562E+003     0.541330460087E-003     0.308558362250E-003     0.156985833425E-005     0.759782760922E-003
     0.713476196562E+003     0.541520947653E-003     0.308666940162E-003     0.157041074819E-005     0.761353171670E-003
     0.714476196562E+003     0.541710813286E-003     0.308775163573E-003     0.157096135853E-005     0.762924133028E-003
     0.715476196562E+003     0.541900059017E-003     0.308883033640E-003     0.157151017115E-005     0.764495643199E-003
     0.716476196562E+003     0.542088686869E-003     0.308990551516E-003     0.157205719192E-005     0.766067700391E-003
     0.717476196562E+003     0.542276698861E-003     0.309097718351E-003     0.157260242669E-005     0.767640302818E-003
     0.718476196562E+003     0.542464097003E-003     0.309204535292E-003     0.157314588131E-005     0.769213448699E-003
     0.719476196562E+003     0.542650883299E-003     0.309311003480E-003     0.157368756156E-005     0.770787136261E-003
     0.720476196562E+003     0.542837059746E-003     0.309417124055E-003     0.157422747326E-005     0.772361363734E-003
     0.721476196562E+003     0.543022628337E-003     0.309522898152E-003     0.157476562217E-005     0.773936129356E-003
     0.722476196562E+003     0.543207591055E-003     0.309628326901E-003     0.157530201406E-005     0.775511431370E-003
     0.723476196562E+003     0.543391949879E-003     0.309733411431E-003     0.157583665464E-005     0.777087268025E-003
     0.724476196562E+003     0.543575706779E-003     0.309838152864E-003     0.157636954966E-005     0.778663637575E-003
     0.725476196562E+003     0.543758863723E-003     0.309942552322E-003     0.157690070479E-005     0.780240538280E-003
     0.726476196562E+003     0.543941422668E-003     0.310046610921E-003     0.157743012573E-005     0.781817968405E-003
     0.727476196562E+003     0.544123385567E-003     0.310150329773E-003     0.157795781814E-005     0.783395926223E-003
     0.728476196562E+003     0.544304754366E-003     0.310253709988E-003     0.157848378766E-005     0.784974410011E-003
     0.729476196562E+003     0.544485531004E-003     0.310356752672E-003     0.157900803991E-005     0.786553418051E-003
     0.730476196562E+003     0.544665717415E-003     0.310459458927E-003     0.157953058050E-005     0.788132948631E-003
     0.731476196562E+003     0.544845315527E-003     0.310561829850E-003     0.158005141502E-005     0.789713000047E-003
     0.732476196562E+003     0.545024327259E-003     0.310663866538E-003     0.158057054905E-005     0.791293570596E-003
     0.733476196562E+003     0.545202754526E-003     0.310765570080E-003     0.158108798812E-005     0.792874658584E-003
     0.734476196562E+003     0.545380599237E-003     0.310866941565E-003     0.158160373778E-005     0.794456262321E-003
     0.735476196562E+003     0.545557863294E-003     0.310967982078E-003     0.158211780355E-005     0.796038380125E-003
     0.736476196562E+003     0.545734548592E-003     0.311068692698E-003     0.158263019091E-005     0.797621010316E-003
     0.737476196562E+003     0.545910657021E-003     0.311169074502E-003     0.158314090536E-005     0.799204151221E-003
     0.738476196562E+003     0.546086190465E-003     0.311269128565E-003     0.158364995234E-005     0.800787801174E-003
     0.739476196562E+003     0.546261150800E-003     0.311368855956E-003     0.158415733732E-005     0.802371958511E-003
     0.740476196562E+003     0.546435539899E-003     0.311468257742E-003     0.158466306570E-005     0.803956621577E-003
     0.741476196562E+003     0.546609359625E-003     0.311567334986E-003     0.158516714291E-005     0.805541788720E-003
     0.742476196562E+003     0.546782611838E-003     0.311666088748E-003     0.158566957433E-005     0.807127458294E-003
     0.743476196562E+003     0.546955298392E-003     0.311764520083E-003     0.158617036533E-005     0.808713628659E-003
     0.744476196562E+003     0.547127421131E-003     0.311862630045E-003     0.158666952128E-005     0.810300298180E-003
     0.745476196562E+003     0.547298981899E-003     0.311960419682E-003     0.158716704750E-005     0.811887465228E-003
     0.746476196562E+003     0.547469982529E-003     0.312057890041E-003     0.158766294933E-005     0.813475128177E-003
     0.747476196562E+003     0.547640424850E-003     0.312155042164E-003     0.158815723206E-005     0.815063285409E-003
     0.748476196562E+003     0.547810310685E-003     0.312251877090E-003     0.158864990098E-005     0.816651935310E-003
     0.749476196562E+003     0.547979641851E-003     0.312348395855E-003     0.158914096136E-005     0.818241076272E-003
     0.750476196562E+003     0.548148420159E-003     0.312444599490E-003     0.158963041846E-005     0.819830706690E-003
     0.751476196562E+003     0.548316647414E-003     0.312540489026E-003     0.159011827749E-005     0.821420824968E-003
     0.752476196562E+003     0.548484325415E-003     0.312636065486E-003     0.159060454370E-005     0.823011429511E-003
     0.753476196562E+003     0.548651455955E-003     0.312731329894E-003     0.159108922226E-005     0.824602518734E-003
