 #              _____________________  _______________________             #
 #              ___  __ \__  __ \_  / / /_  /___  ____/_  ___/             #
 #              __  / / /_  /_/ /  / / /_  __/_  __/  _____ \              #
 #              _  /_/ /_  _, _// /_/ / / /_ _  /___  ____/ /              #
 #              /_____/ /_/ |_| \____/  \__/ /_____/  /____/               #
 #                                                                         #
  
 #        time                      [L]                   runoff elevation [m a.m.s.l]       runoff flux [L3.T-1.L-2]   in    x              directions   cumulative flux
 #-----------------------------------------------------------------------------------------------

   0.0000000000000000        0.0000000000000000       -0.0000000000000000        0.0000000000000000     
   1.0000000000000000E-004   0.0000000000000000       -0.0000000000000000        0.0000000000000000     
   2.0600000000000002E-004   0.0000000000000000       -0.0000000000000000        0.0000000000000000     
   3.1836000000000006E-004   0.0000000000000000       -0.0000000000000000        0.0000000000000000     
   4.3746160000000009E-004   0.0000000000000000       -0.0000000000000000        0.0000000000000000     
   5.6370929600000014E-004   0.0000000000000000       -0.0000000000000000        0.0000000000000000     
   6.9753185376000013E-004   0.0000000000000000       -0.0000000000000000        0.0000000000000000     
   8.3938376498560023E-004   0.0000000000000000       -0.0000000000000000        0.0000000000000000     
   9.8974679088473629E-004   0.0000000000000000       -0.0000000000000000        0.0000000000000000     
   1.1491315983378205E-003   0.0000000000000000       -0.0000000000000000        0.0000000000000000     
   1.3180794942380899E-003   0.0000000000000000       -0.0000000000000000        0.0000000000000000     
   1.4971642638923754E-003   0.0000000000000000       -0.0000000000000000        0.0000000000000000     
   1.6869941197259180E-003   0.0000000000000000       -0.0000000000000000        0.0000000000000000     
   1.8882137669094731E-003   0.0000000000000000       -0.0000000000000000        0.0000000000000000     
   2.1015065929240414E-003   0.0000000000000000       -0.0000000000000000        0.0000000000000000     
   2.3275969884994840E-003   0.0000000000000000       -0.0000000000000000        0.0000000000000000     
   2.5672528078094533E-003   0.0000000000000000       -0.0000000000000000        0.0000000000000000     
   2.8212879762780207E-003   0.0000000000000000       -0.0000000000000000        0.0000000000000000     
   3.0905652548547020E-003   0.0000000000000000       -0.0000000000000000        0.0000000000000000     
   3.3759991701459843E-003   0.0000000000000000       -0.0000000000000000        0.0000000000000000     
   3.6785591203547436E-003   0.0000000000000000       -0.0000000000000000        0.0000000000000000     
   3.9992726675760282E-003   0.0000000000000000       -0.0000000000000000        0.0000000000000000     
   4.3392290276305897E-003   0.0000000000000000       -0.0000000000000000        0.0000000000000000     
   4.6995827692884254E-003   0.0000000000000000       -0.0000000000000000        0.0000000000000000     
   5.0815577354457308E-003   0.0000000000000000       -0.0000000000000000        0.0000000000000000     
   5.4864511995724747E-003   0.0000000000000000       -0.0000000000000000        0.0000000000000000     
   5.9156382715468232E-003   0.0000000000000000       -0.0000000000000000        0.0000000000000000     
   6.3705765678396331E-003   0.0000000000000000       -0.0000000000000000        0.0000000000000000     
   6.8528111619100118E-003   0.0000000000000000       -0.0000000000000000        0.0000000000000000     
   7.3639798316246126E-003   0.0000000000000000       -0.0000000000000000        0.0000000000000000     
   7.9058186215220892E-003   0.0000000000000000       -0.0000000000000000        0.0000000000000000     
   8.4801677388134152E-003   0.0000000000000000       -0.0000000000000000        0.0000000000000000     
   9.0889778031422210E-003   0.0000000000000000       -0.0000000000000000        0.0000000000000000     
   9.7343164713307555E-003   0.0000000000000000       -0.0000000000000000        0.0000000000000000     
   1.0418375459610602E-002   0.0000000000000000       -0.0000000000000000        0.0000000000000000     
   1.1143477987187239E-002   0.0000000000000000       -0.0000000000000000        0.0000000000000000     
   1.1912086666418473E-002   0.0000000000000000       -0.0000000000000000        0.0000000000000000     
   1.2726811866403582E-002   0.0000000000000000       -0.0000000000000000        0.0000000000000000     
   1.3590420578387798E-002   0.0000000000000000       -0.0000000000000000        0.0000000000000000     
   1.4505845813091067E-002   0.0000000000000000       -0.0000000000000000        0.0000000000000000     
   1.5476196561876531E-002   0.0000000000000000       -0.0000000000000000        0.0000000000000000     
   1.6504768355589124E-002   0.0000000000000000       -0.0000000000000000        0.0000000000000000     
   1.7595054456924473E-002   0.0000000000000000       -0.0000000000000000        0.0000000000000000     
   1.8750757724339942E-002   0.0000000000000000       -0.0000000000000000        0.0000000000000000     
   1.9975803187800338E-002   0.0000000000000000       -0.0000000000000000        0.0000000000000000     
   2.1274351379068360E-002   0.0000000000000000       -0.0000000000000000        0.0000000000000000     
   2.2650812461812463E-002   0.0000000000000000       -0.0000000000000000        0.0000000000000000     
   2.4109861209521213E-002   0.0000000000000000       -0.0000000000000000        0.0000000000000000     
   2.5656452882092486E-002   0.0000000000000000       -0.0000000000000000        0.0000000000000000     
   2.7295840055018037E-002   0.0000000000000000       -0.0000000000000000        0.0000000000000000     
   2.9033590458319120E-002   0.0000000000000000       -0.0000000000000000        0.0000000000000000     
   3.0875605885818270E-002   0.0000000000000000       -0.0000000000000000        0.0000000000000000     
   3.2828142238967364E-002   0.0000000000000000       -0.0000000000000000        0.0000000000000000     
   3.4897830773305411E-002   0.0000000000000000       -0.0000000000000000        0.0000000000000000     
   3.7091700619703738E-002   0.0000000000000000       -0.0000000000000000        0.0000000000000000     
   3.9417202656885961E-002   0.0000000000000000       -0.0000000000000000        0.0000000000000000     
   4.1882234816299123E-002   0.0000000000000000       -0.0000000000000000        0.0000000000000000     
   4.4495168905277070E-002   0.0000000000000000       -0.0000000000000000        0.0000000000000000     
   4.7264879039593699E-002   0.0000000000000000       -0.0000000000000000        0.0000000000000000     
   5.0200771781969321E-002   0.0000000000000000       -0.0000000000000000        0.0000000000000000     
   5.3312818088887486E-002   0.0000000000000000       -0.0000000000000000        0.0000000000000000     
   5.6611587174220740E-002   0.0000000000000000       -0.0000000000000000        0.0000000000000000     
   6.0108282404673988E-002   0.0000000000000000       -0.0000000000000000        0.0000000000000000     
   6.3814779348954437E-002   0.0000000000000000       -0.0000000000000000        0.0000000000000000     
   6.7743666109891701E-002   0.0000000000000000       -0.0000000000000000        0.0000000000000000     
   7.1908286076485209E-002   0.0000000000000000       -0.0000000000000000        0.0000000000000000     
   7.6322783241074332E-002   0.0000000000000000       -0.0000000000000000        0.0000000000000000     
   8.1002150235538792E-002   0.0000000000000000       -0.0000000000000000        0.0000000000000000     
   8.5962279249671120E-002   0.0000000000000000       -0.0000000000000000        0.0000000000000000     
   9.1220016004651391E-002   0.0000000000000000       -0.0000000000000000        0.0000000000000000     
   9.6793216964930484E-002   0.0000000000000000       -0.0000000000000000        0.0000000000000000     
  0.10270080998282632        0.0000000000000000       -0.0000000000000000        0.0000000000000000     
  0.10896285858179591        0.0000000000000000       -0.0000000000000000        0.0000000000000000     
  0.11560063009670367        0.0000000000000000       -0.0000000000000000        0.0000000000000000     
  0.12263666790250589        0.0000000000000000       -0.0000000000000000        0.0000000000000000     
  0.13009486797665626        0.0000000000000000       -0.0000000000000000        0.0000000000000000     
  0.13800056005525563        0.0000000000000000       -0.0000000000000000        0.0000000000000000     
  0.14638059365857098        0.0000000000000000       -0.0000000000000000        0.0000000000000000     
  0.15526342927808526        0.0000000000000000       -0.0000000000000000        0.0000000000000000     
  0.16467923503477039        0.0000000000000000       -0.0000000000000000        0.0000000000000000     
  0.17465998913685662        0.0000000000000000       -0.0000000000000000        0.0000000000000000     
  0.18523958848506802        0.0000000000000000       -0.0000000000000000        0.0000000000000000     
  0.19645396379417213        0.0000000000000000       -0.0000000000000000        0.0000000000000000     
  0.20834120162182246        0.0000000000000000       -0.0000000000000000        0.0000000000000000     
  0.22094167371913181        0.0000000000000000       -0.0000000000000000        0.0000000000000000     
  0.23429817414227974        0.0000000000000000       -0.0000000000000000        0.0000000000000000     
  0.24845606459081654        0.0000000000000000       -0.0000000000000000        0.0000000000000000     
  0.26346342846626553        0.0000000000000000       -0.0000000000000000        0.0000000000000000     
  0.27937123417424148        0.0000000000000000       -0.0000000000000000        0.0000000000000000     
  0.29623350822469596        0.0000000000000000       -0.0000000000000000        0.0000000000000000     
  0.31410751871817771        0.0000000000000000       -0.0000000000000000        0.0000000000000000     
  0.33305396984126839        0.0000000000000000       -0.0000000000000000        0.0000000000000000     
  0.35313720803174453        0.0000000000000000       -0.0000000000000000        0.0000000000000000     
  0.37442544051364923        0.0000000000000000       -0.0000000000000000        0.0000000000000000     
  0.39699096694446823        0.0000000000000000       -0.0000000000000000        0.0000000000000000     
  0.42091042496113634        0.0000000000000000       -0.0000000000000000        0.0000000000000000     
  0.44626505045880455        0.0000000000000000       -0.0000000000000000        0.0000000000000000     
  0.47314095348633284        0.0000000000000000       -0.0000000000000000        0.0000000000000000     
  0.50162941069551281        0.0000000000000000       -0.0000000000000000        0.0000000000000000     
  0.53182717533724366        0.0000000000000000       -0.0000000000000000        0.0000000000000000     
  0.56383680585747831        0.0000000000000000       -0.0000000000000000        0.0000000000000000     
  0.59776701420892708        0.0000000000000000       -0.0000000000000000        0.0000000000000000     
  0.63373303506146272        0.0000000000000000       -0.0000000000000000        0.0000000000000000     
  0.67185701716515056        0.0000000000000000       -0.0000000000000000        0.0000000000000000     
  0.71226843819505958        0.0000000000000000       -0.0000000000000000        0.0000000000000000     
  0.75510454448676323        0.0000000000000000       -0.0000000000000000        0.0000000000000000     
  0.80051081715596906        0.0000000000000000       -0.0000000000000000        0.0000000000000000     
  0.84864146618532721        0.0000000000000000       -0.0000000000000000        0.0000000000000000     
  0.89965995415644684        0.0000000000000000       -0.0000000000000000        0.0000000000000000     
  0.95373955140583366        0.0000000000000000       -0.0000000000000000        0.0000000000000000     
   1.0110639244901838        0.0000000000000000       -0.0000000000000000        0.0000000000000000     
   1.0718277599595949        0.0000000000000000       -0.0000000000000000        0.0000000000000000     
   1.1362374255571706        0.0000000000000000       -0.0000000000000000        0.0000000000000000     
   1.2045116710906008        0.0000000000000000       -0.0000000000000000        0.0000000000000000     
   1.2768823713560369        0.0000000000000000       -0.0000000000000000        0.0000000000000000     
   1.3535953136373993        0.0000000000000000       -0.0000000000000000        0.0000000000000000     
   1.4349110324556433        0.0000000000000000       -0.0000000000000000        0.0000000000000000     
   1.5211056944029819        0.0000000000000000       -0.0000000000000000        0.0000000000000000     
   1.6124720360671609        0.0000000000000000       -0.0000000000000000        0.0000000000000000     
   1.7093203582311907        0.0000000000000000       -0.0000000000000000        0.0000000000000000     
   1.8119795797250622        0.0000000000000000       -0.0000000000000000        0.0000000000000000     
   1.9207983545085661        0.0000000000000000       -0.0000000000000000        0.0000000000000000     
   2.0361462557790801        0.0000000000000000       -0.0000000000000000        0.0000000000000000     
   2.1584150311258252        0.0000000000000000       -0.0000000000000000        0.0000000000000000     
   2.2880199329933748        0.0000000000000000       -0.0000000000000000        0.0000000000000000     
   2.4254011289729775        0.0000000000000000       -0.0000000000000000        0.0000000000000000     
   2.5710251967113562        0.0000000000000000       -0.0000000000000000        0.0000000000000000     
   2.7253867085140375        0.0000000000000000       -0.0000000000000000        0.0000000000000000     
   2.8890099110248801        0.0000000000000000       -0.0000000000000000        0.0000000000000000     
   3.0624505056863729        0.0000000000000000       -0.0000000000000000        0.0000000000000000     
   3.2462975360275554        0.0000000000000000       -0.0000000000000000        0.0000000000000000     
   3.4411753881892091        0.0000000000000000       -0.0000000000000000        0.0000000000000000     
   3.6477459114805617        0.0000000000000000       -0.0000000000000000        0.0000000000000000     
   3.8667106661693955        0.0000000000000000       -0.0000000000000000        0.0000000000000000     
   4.0988133061395597        0.0000000000000000       -0.0000000000000000        0.0000000000000000     
   4.3448421045079337        0.0000000000000000       -0.0000000000000000        0.0000000000000000     
   4.6056326307784099        0.0000000000000000       -0.0000000000000000        0.0000000000000000     
   4.8820705886251146        0.0000000000000000       -0.0000000000000000        0.0000000000000000     
   5.1750948239426213        0.0000000000000000       -0.0000000000000000        0.0000000000000000     
   5.4857005133791787        0.0000000000000000       -0.0000000000000000        0.0000000000000000     
   5.8149425441819300        0.0000000000000000       -0.0000000000000000        0.0000000000000000     
   6.1639390968328458        0.0000000000000000       -0.0000000000000000        0.0000000000000000     
   6.5338754426428167        0.0000000000000000       -0.0000000000000000        0.0000000000000000     
   6.9260079692013861        0.0000000000000000       -0.0000000000000000        0.0000000000000000     
   7.3416684473534692        0.0000000000000000       -0.0000000000000000        0.0000000000000000     
   7.7822685541946779        0.0000000000000000       -0.0000000000000000        0.0000000000000000     
   8.2493046674463599        0.0000000000000000       -0.0000000000000000        0.0000000000000000     
   8.7443629474931424        0.0000000000000000       -0.0000000000000000        0.0000000000000000     
   9.2691247243427313        0.0000000000000000       -0.0000000000000000        0.0000000000000000     
   9.8253722078032961        0.0000000000000000       -0.0000000000000000        0.0000000000000000     
   10.414994540271495        0.0000000000000000       -0.0000000000000000        0.0000000000000000     
   11.039994212687786        0.0000000000000000       -0.0000000000000000        0.0000000000000000     
   11.702493865449053        0.0000000000000000       -0.0000000000000000        0.0000000000000000     
   12.404743497375996        0.0000000000000000       -0.0000000000000000        0.0000000000000000     
   13.149128107218557        0.0000000000000000       -0.0000000000000000        0.0000000000000000     
   13.938175793651672        0.0000000000000000       -0.0000000000000000        0.0000000000000000     
   14.774566341270774        0.0000000000000000       -0.0000000000000000        0.0000000000000000     
   15.661140321747020        0.0000000000000000       -0.0000000000000000        0.0000000000000000     
   16.600908741051843        0.0000000000000000       -0.0000000000000000        0.0000000000000000     
   17.597063265514954        0.0000000000000000       -0.0000000000000000        0.0000000000000000     
   18.652987061445852        0.0000000000000000       -0.0000000000000000        0.0000000000000000     
   19.772266285132606        0.0000000000000000       -0.0000000000000000        0.0000000000000000     
   20.958702262240564        0.0000000000000000       -0.0000000000000000        0.0000000000000000     
   22.216324397974997        0.0000000000000000       -0.0000000000000000        0.0000000000000000     
   23.549403861853499        0.0000000000000000       -0.0000000000000000        0.0000000000000000     
   24.962468093564709        0.0000000000000000       -0.0000000000000000        0.0000000000000000     
   26.460316179178594        0.0000000000000000       -0.0000000000000000        0.0000000000000000     
   28.048035149929312        0.0000000000000000       -0.0000000000000000        0.0000000000000000     
   29.731017258925071        0.0000000000000000       -0.0000000000000000        0.0000000000000000     
   31.514978294460576        0.0000000000000000       -0.0000000000000000        0.0000000000000000     
   33.405976992128210        0.0000000000000000       -0.0000000000000000        0.0000000000000000     
   35.410435611655906        0.0000000000000000       -0.0000000000000000        0.0000000000000000     
   37.535161748355264        0.0000000000000000       -0.0000000000000000        0.0000000000000000     
   39.787371453256583        0.0000000000000000       -0.0000000000000000        0.0000000000000000     
   42.174713740451978        0.0000000000000000       -0.0000000000000000        0.0000000000000000     
   44.705296564879099        0.0000000000000000       -0.0000000000000000        0.0000000000000000     
   47.387714358771845        0.0000000000000000       -0.0000000000000000        0.0000000000000000     
   50.231077220298161        0.0000000000000000       -0.0000000000000000        0.0000000000000000     
   53.245041853516049        0.0000000000000000       -0.0000000000000000        0.0000000000000000     
   56.439844364727016        0.0000000000000000       -0.0000000000000000        0.0000000000000000     
   59.826335026610636        0.0000000000000000       -0.0000000000000000        0.0000000000000000     
   63.416015128207277        0.0000000000000000       -0.0000000000000000        0.0000000000000000     
   67.221076035899713        0.0000000000000000       -0.0000000000000000        0.0000000000000000     
   71.254440598053705        2.2395611495990733E-003  -6.7930678399527981E-010   6.7930678399527981E-010
   75.529807033936933        8.0432384491084599E-003  -5.7215361984651417E-009   6.4008429824604211E-009
   80.061695455973151        1.7723157005106779E-002  -2.1348279725190133E-008   2.7749122707650554E-008
   84.865497183331541        3.1612810124905917E-002  -5.6005788341129818E-008   8.3754911048780369E-008
   89.865497183331541        4.9734843954062226E-002  -1.1918703319621017E-007   2.0294194424499054E-007
   94.865497183331541        7.1351504245774952E-002  -2.1750352463246585E-007   4.2044546887745637E-007
   99.865497183331541        9.6179389680178029E-002  -3.5776493410693129E-007   7.7821040298438766E-007
   104.86549718333154       0.12397113851423953       -5.4617111243037192E-007   1.3243815154147596E-006
   109.86549718333154       0.15450931581819727       -7.8834961357457994E-007   2.1127311289893395E-006
   114.86549718333154       0.18760115895998267       -1.0893989150280722E-006   3.2021300440174120E-006
   119.86549718333154       0.22306950632915348       -1.4538784086259192E-006   4.6560084526433314E-006
   124.86549718333154       0.26071629156365023       -1.8854196404818955E-006   6.5414280931252269E-006
   129.86549718333154       0.30019987381425595       -2.3849461945976600E-006   8.9263742877228878E-006
   134.86549718333154       0.34079196750348395       -2.9462979242165551E-006   1.1872672211939443E-005
   139.86549718333154       0.38116357016834018       -3.5506951496013144E-006   1.5423367361540759E-005
   144.86549718333154       0.41951683590449301       -4.1659117671660280E-006   1.9589279128706787E-005
   149.86549718333154       0.45415061344105323       -4.7547488850577327E-006   2.4344028013764518E-005
   154.86549718333154       0.48407053820246204       -5.2882116502357260E-006   2.9632239664000244E-005
   159.86549718333154       0.50918946122799602       -5.7534289467929944E-006   3.5385668610793237E-005
   164.86549718333154       0.53008550611242733       -6.1523017234206196E-006   4.1537970334213857E-005
   169.86549718333154       0.54760824460578916       -6.4949783366029831E-006   4.8032948670816840E-005
   174.86549718333154       0.56258150424538356       -6.7936550752944910E-006   5.4826603746111333E-005
   179.86549718333154       0.57566767644238848       -7.0590699334811892E-006   6.1885673679592520E-005
   184.86549718333154       0.58734739856225426       -7.2993831261622296E-006   6.9185056805754744E-005
   189.86549718333154       0.59795138162893002       -7.5203409881614358E-006   7.6705397793916180E-005
   194.86549718333154       0.60770331221306773       -7.7258644179901036E-006   8.4431262211906287E-005
   199.86549718333154       0.61675612499653987       -7.9186326322379227E-006   9.2349894844144211E-005
   204.86549718333154       0.62521762116142920       -8.1005236228359717E-006   1.0045041846698019E-004
   209.86549718333154       0.63316695937551515       -8.2729071466996868E-006   1.0872332561367987E-004
   214.86549718333154       0.64066478227288681       -8.4368273538486261E-006   1.1716015296752849E-004
   219.86549718333154       0.64775933706421485       -8.5931134654630559E-006   1.2575326643299154E-004
   224.86549718333154       0.65449020585446083       -8.7424467669123705E-006   1.3449571319990391E-004
   229.86549718333154       0.66089064029460864       -8.8854019515815132E-006   1.4338111515148542E-004
   234.86549718333154       0.66698907974685451       -9.0224735146098458E-006   1.5240358866609526E-004
   239.86549718333154       0.67281018219834487       -9.1540933241378860E-006   1.6155768199023314E-004
   244.86549718333154       0.67837555482797041       -9.2806428451302627E-006   1.7083832483536339E-004
   249.86549718333154       0.68370429200144645       -9.4024620035204718E-006   1.8024078683888387E-004
   254.86549718333154       0.68881338458036145       -9.5198558527500727E-006   1.8976064269163393E-004
   259.86549718333151       0.69371803976120716       -9.6330997432048581E-006   1.9939374243483878E-004
   264.86549718333151       0.69843193645449420       -9.7424434321234052E-006   2.0913618586696219E-004
   269.86549718333151       0.70296743277569573       -9.8481144177370795E-006   2.1898430028469926E-004
   274.86549718333151       0.70733573703101627       -9.9503206885551292E-006   2.2893462097325440E-004
   279.86549718333151       0.71154705027441290       -1.0049253020739199E-005   2.3898387399399359E-004
   284.86549718333151       0.71561068633109759       -1.0145086919069503E-005   2.4912896091306309E-004
   289.86549718333151       0.71953517369636966       -1.0237984272004913E-005   2.5936694518506799E-004
   294.86549718333151       0.72332834267531743       -1.0328094774115832E-005   2.6969503995918383E-004
   299.86549718333151       0.72699740037744343       -1.0415557156965435E-005   2.8011059711614925E-004
   304.86549718333151       0.73054899562673470       -1.0500500260651178E-005   2.9061109737680044E-004
   309.86549718333151       0.73398927543157166       -1.0583043971628046E-005   3.0119414134842848E-004
   314.86549718333151       0.73732393434123011       -1.0663300047451452E-005   3.1185744139587994E-004
   319.86549718333151       0.74055825776937845       -1.0741372845237087E-005   3.2259881424111703E-004
   324.86549718333151       0.74369716017174292       -1.0817359967638765E-005   3.3341617420875577E-004
   329.86549718333151       0.74674521881194467       -1.0891352837779064E-005   3.4430752704653486E-004
   334.86549718333151       0.74970670372667880       -1.0963437212672940E-005   3.5527096425920778E-004
   339.86549718333151       0.75258560440234967       -1.1033693643159469E-005   3.6630465790236726E-004
   344.86549718333151       0.75538565359463261       -1.1102197887115624E-005   3.7740685578948290E-004
   349.86549718333151       0.75811034865636329       -1.1169021281708420E-005   3.8857587707119134E-004
   354.86549718333151       0.76076297068468901       -1.1234231079602472E-005   3.9981010815079383E-004
   359.86549718333151       0.76334660175312863       -1.1297890753339794E-005   4.1110799890413364E-004
   364.86549718333151       0.76586414045659934       -1.1360060271527864E-005   4.2246805917566150E-004
   369.86549718333151       0.76831831596601097       -1.1420796349985413E-005   4.3388885552564691E-004
   374.86549718333151       0.77071170076208717       -1.1480152680573025E-005   4.4536900820621992E-004
   379.86549718333151       0.77304672219602744       -1.1538180140095830E-005   4.5690718834631575E-004
   384.86549718333151       0.77532567300520039       -1.1594926981358631E-005   4.6850211532767437E-004
   389.86549718333151       0.77755072089596111       -1.1650439008202548E-005   4.8015255433587692E-004
   394.86549718333151       0.77972391729168788       -1.1704759736131016E-005   4.9185731407200793E-004
   399.86549718333151       0.78184720533221230       -1.1757930539944720E-005   5.0361524461195266E-004
   404.86549718333151       0.78392242720054950       -1.1809990789642182E-005   5.1542523540159483E-004
   409.86549718333151       0.78595133084384305       -1.1860977975698544E-005   5.2728621337729334E-004
   414.86549718333151       0.78793557614782761       -1.1910927824714031E-005   5.3919714120200738E-004
   419.86549718333151       0.78987674061732405       -1.1959874406313783E-005   5.5115701560832120E-004
   424.86549718333151       0.79177632460956071       -1.2007850232089285E-005   5.6316486584041044E-004
   429.86549718333151       0.79363575616186133       -1.2054886347285294E-005   5.7521975218769578E-004
   434.86549718333151       0.79545639545084290       -1.2101012415865031E-005   5.8732076460356081E-004
   439.86549718333151       0.79723953891639765       -1.2146256799523707E-005   5.9946702140308450E-004
   444.86549718333151       0.79898642308018875       -1.2190646631161492E-005   6.1165766803424602E-004
   449.86549718333151       0.80069822808529900       -1.2234207883275522E-005   6.2389187591752157E-004
   454.86549718333151       0.80237608098122215       -1.2276965431692192E-005   6.3616884134921371E-004
   459.86549718333151       0.80402105877561525       -1.2318943115011483E-005   6.4848778446422524E-004
   464.86549718333151       0.80563419127252833       -1.2360163790110207E-005   6.6084794825433540E-004
   469.86549718333151       0.80721646371458633       -1.2400649384010273E-005   6.7324859763834570E-004
   474.86549718333151       0.80876881924517163       -1.2440420942396341E-005   6.8568901858074205E-004
   479.86549718333151       0.81029216120501346       -1.2479498675037921E-005   6.9816851725577997E-004
   484.86549718333151       0.81178735527635348       -1.2517901998351069E-005   7.1068641925413106E-004
   489.86549718333151       0.81325523148658352       -1.2555649575312268E-005   7.2324206882944336E-004
   494.86549718333151       0.81469658608218887       -1.2592759352918987E-005   7.3583482818236230E-004
   499.86549718333151       0.81611218328290180       -1.2629248597375770E-005   7.4846407677973807E-004
   504.86549718333151       0.81750275692509966       -1.2665133927169625E-005   7.6112921070690769E-004
   509.86549718333151       0.81886901200266982       -1.2700431344184052E-005   7.7382964205109173E-004
   514.86549718333151       0.82021162611285281       -1.2735156262988715E-005   7.8656479831408044E-004
   519.86549718333151       0.82153125081398104       -1.2769323538431705E-005   7.9933412185251209E-004
   524.86549718333151       0.82282851290143089       -1.2802947491650490E-005   8.1213706934416257E-004
   529.86549718333151       0.82410401560762048       -1.2836041934609577E-005   8.2497311127877212E-004
   534.86549718333151       0.82535833973126260       -1.2868620193260508E-005   8.3784173147203266E-004
   539.86549718333151       0.82659204470095349       -1.2900695129420046E-005   8.5074242660145266E-004
   544.86549718333151       0.82780566957741963       -1.2932279161445854E-005   8.6367470576289847E-004
   549.86549718333151       0.82899973399867022       -1.2963384283789917E-005   8.7663809004668843E-004
   554.86549718333151       0.83017473907191563       -1.2994022085502523E-005   8.8963211213219091E-004
   559.86549718333151       0.83133116821567199       -1.3024203767750421E-005   9.0265631589994135E-004
   564.86549718333151       0.83246948795544029       -1.3053940160414223E-005   9.1571025606035556E-004
   569.86549718333151       0.83359014867585080       -1.3083241737818966E-005   9.2879349779817456E-004
   574.86549718333151       0.83469358533222038       -1.3112118633655085E-005   9.4190561643182967E-004
   579.86549718333151       0.83578021812391468       -1.3140580655134148E-005   9.5504619708696380E-004
   584.86549718333151       0.83685045313215090       -1.3168637296431486E-005   9.6821483438339529E-004
   589.86549718333151       0.83790468292418829       -1.3196297751451269E-005   9.8141113213484664E-004
   594.86549718333151       0.83894328712623223       -1.3223570925960666E-005   9.9463470306080737E-004
   599.86549718333151       0.83996663296681218       -1.3250465449126033E-005   1.0078851685099335E-003
   604.86549718333151       0.84097507579244091       -1.3276989684486379E-005   1.0211621581944197E-003
   609.86549718333151       0.84196895955725193       -1.3303151740397360E-005   1.0344653099348170E-003
   614.86549718333151       0.84294861728815995       -1.3328959479975922E-005   1.0477942694147929E-003
   619.86549718333151       0.84391437152694937       -1.3354420530572900E-005   1.0611486899453659E-003
   624.86549718333151       0.84486653475063922       -1.3379542292800002E-005   1.0745282322381659E-003
   629.86549718333151       0.84580540977143026       -1.3404331949137259E-005   1.0879325641873032E-003
   634.86549718333151       0.84673129011730686       -1.3428796472141465E-005   1.1013613606594447E-003
   639.86549718333151       0.84764446039450736       -1.3452942632280365E-005   1.1148143032917251E-003
   644.86549718333151       0.84854519663276395       -1.3476777005409715E-005   1.1282910802971348E-003
   649.86549718333151       0.84943376661436854       -1.3500305979914862E-005   1.1417913862770497E-003
   654.86549718333151       0.85031043018790475       -1.3523535763533221E-005   1.1553149220405829E-003
   659.86549718333151       0.85117543956749486       -1.3546472389874713E-005   1.1688613944304577E-003
   664.86549718333151       0.85202903961831555       -1.3569121724655056E-005   1.1824305161551127E-003
   669.86549718333151       0.85287146812926296       -1.3591489471660458E-005   1.1960220056267733E-003
   674.86549718333151       0.85370295607316993       -1.3613581178450124E-005   1.2096355868052235E-003
   679.86549718333151       0.85452372785559350       -1.3635402241819303E-005   1.2232709890470429E-003
   684.86549718333151       0.85533400155245731       -1.3656957913026696E-005   1.2369279469600695E-003
   689.86549718333151       0.85613398913728156       -1.3678253302802062E-005   1.2506062002628716E-003
   694.86549718333151       0.85692389669860458       -1.3699293386146664E-005   1.2643054936490182E-003
   699.86549718333151       0.85770392464785328       -1.3720083006930313E-005   1.2780255766559486E-003
   704.86549718333151       0.85847426791845116       -1.3740626882302987E-005   1.2917662035382515E-003
   709.86549718333151       0.85923511615634340       -1.3760929606923059E-005   1.3055271331451747E-003
   714.86549718333151       0.85998665390255713       -1.3780995657016024E-005   1.3193081288021906E-003
   719.86549718333151       0.86072906076807154       -1.3800829394268547E-005   1.3331089581964592E-003
   724.86549718333151       0.86146251160142706       -1.3820435069567109E-005   1.3469293932660263E-003
   729.86549718333151       0.86218717664944666       -1.3839816826588892E-005   1.3607692100926151E-003
   734.86549718333151       0.86290322171133294       -1.3858978705250117E-005   1.3746281887978653E-003
   739.86549718333151       0.86361080828653147       -1.3877924645020208E-005   1.3885061134428856E-003
   744.86549718333151       0.86431009371666079       -1.3896658488108128E-005   1.4024027719309938E-003
   749.86549718333151       0.86500123132168716       -1.3915183982523923E-005   1.4163179559135177E-003
   754.86549718333151       0.86568437053074920       -1.3933504785024773E-005   1.4302514606985425E-003
   759.86549718333151       0.86635965700777862       -1.3951624463947924E-005   1.4442030851624904E-003
   764.86549718333151       0.86702723277223326       -1.3969546501937628E-005   1.4581726316644280E-003
   769.86549718333151       0.86768723631511713       -1.3987274298569396E-005   1.4721599059629973E-003
   774.86549718333151       0.86833980271051814       -1.4004811172876569E-005   1.4861647171358740E-003
   779.86549718333151       0.86898506372287820       -1.4022160365783707E-005   1.5001868775016576E-003
   784.86549718333151       0.86962314791015460       -1.4039325042450043E-005   1.5142262025441076E-003
   789.86549718333151       0.87025418072313554       -1.4056308294528917E-005   1.5282825108386365E-003
   794.86549718333151       0.87087828460095751       -1.4073113142343585E-005   1.5423556239809802E-003
   799.86549718333151       0.87149557906310471       -1.4089742536985920E-005   1.5564453665179662E-003
   804.86549718333151       0.87210618079795421       -1.4106199362338848E-005   1.5705515658803050E-003
   809.86549718333151       0.87271020374812902       -1.4122486437028781E-005   1.5846740523173337E-003
   814.86549718333151       0.87330775919269166       -1.4138606516308079E-005   1.5988126588336417E-003
   819.86549718333151       0.87389895582633492       -1.4154562293871040E-005   1.6129672211275129E-003
   824.86549718333151       0.87448389983575958       -1.4170356403607818E-005   1.6271375775311207E-003
   829.86549718333151       0.87506269497327294       -1.4185991421296522E-005   1.6413235689524172E-003
   834.86549718333151       0.87563544262779158       -1.4201469866237766E-005   1.6555250388186550E-003
   839.86549718333151       0.87620224189335516       -1.4216794202833995E-005   1.6697418330214890E-003
   844.86549718333151       0.87676318963514766       -1.4231966842112908E-005   1.6839737998636019E-003
   849.86549718333151       0.87731838055331257       -1.4246990143202128E-005   1.6982207900068040E-003
   854.86549718333151       0.87786790724450670       -1.4261866414753193E-005   1.7124826564215571E-003
   859.86549718333151       0.87841186026131202       -1.4276597916317515E-005   1.7267592543378746E-003
   864.86549718333151       0.87895032816964214       -1.4291186859677616E-005   1.7410504411975521E-003
   869.86549718333151       0.87948339760419836       -1.4305635410134627E-005   1.7553560766076868E-003
   874.86549718333151       0.88001115332200563       -1.4319945687752494E-005   1.7696760222954393E-003
   879.86549718333151       0.88053367825420636       -1.4334119768563279E-005   1.7840101420640026E-003
   884.86549718333151       0.88105105355606572       -1.4348159685731960E-005   1.7983583017497347E-003
   889.86549718333151       0.88156335865537339       -1.4362067430685334E-005   1.8127203691804200E-003
   894.86549718333151       0.88207067129917005       -1.4375844954202774E-005   1.8270962141346229E-003
   899.86549718333151       0.88257306759902610       -1.4389494167474674E-005   1.8414857083020974E-003
   904.86549718333151       0.88307062207476195       -1.4403016943125272E-005   1.8558887252452228E-003
   909.86549718333151       0.88356340769682229       -1.4416415116205298E-005   1.8703051403614281E-003
   914.86549718333151       0.88405149592721588       -1.4429690485151789E-005   1.8847348308465798E-003
   919.86549718333151       0.88453495675919014       -1.4442844812719428E-005   1.8991776756592993E-003
   924.86549718333151       0.88501385875562089       -1.4455879826882527E-005   1.9136335554861819E-003
   929.86549718333151       0.88548826908619116       -1.4468797221709523E-005   1.9281023527078914E-003
   934.86549718333151       0.88595825356340985       -1.4481598658211067E-005   1.9425839513661025E-003
   939.86549718333151       0.88642387667742417       -1.4494285765160267E-005   1.9570782371312627E-003
   944.86549718333151       0.88688520162989992       -1.4506860139892310E-005   1.9715850972711548E-003
   949.86549718333151       0.88734229036668077       -1.4519323349075427E-005   1.9861044206202303E-003
   954.86549718333151       0.88779520360957787       -1.4531676929462515E-005   2.0006360975496928E-003
   959.86549718333151       0.88824400088709632       -1.4543922388618067E-005   2.0151800199383106E-003
   964.86549718333151       0.88868874056427316       -1.4556061205624877E-005   2.0297360811439356E-003
   969.86549718333151       0.88912947987158275       -1.4568094831769224E-005   2.0443041759757048E-003
   974.86549718333151       0.88956627493297846       -1.4580024691206241E-005   2.0588842006669110E-003
   979.86549718333151       0.88999918079312723       -1.4591852181606848E-005   2.0734760528485180E-003
   984.86549718333151       0.89042825144376114       -1.4603578674784034E-005   2.0880796315233020E-003
   989.86549718333151       0.89085353984931870       -1.4615205517303056E-005   2.1026948370406052E-003
   994.86549718333151       0.89127509797179905       -1.4626734031073361E-005   2.1173215710716788E-003
   999.86549718333151       0.89169297679487847       -1.4638165513923410E-005   2.1319597365856021E-003
   1004.8654971833315       0.89210722634733175       -1.4649501240159428E-005   2.1466092378257615E-003
   1009.8654971833315       0.89251789572576623       -1.4660742461108272E-005   2.1612699802868699E-003
   1014.8654971833315       0.89292503311671878       -1.4671890405645573E-005   2.1759418706925153E-003
   1019.8654971833315       0.89332868581810798       -1.4682946280708852E-005   2.1906248169732243E-003
   1024.8654971833316       0.89372890026004448       -1.4693911271795671E-005   2.2053187282450198E-003
   1029.8654971833316       0.89412572202511720       -1.4704786543449848E-005   2.2200235147884695E-003
   1034.8654971833316       0.89451919586803896       -1.4715573239732469E-005   2.2347390880282018E-003
   1039.8654971833316       0.89490936573475566       -1.4726272484680496E-005   2.2494653605128821E-003
   1044.8654971833316       0.89529627478104989       -1.4736885382753738E-005   2.2642022458956358E-003
   1049.8654971833316       0.89567996539057904       -1.4747413019268371E-005   2.2789496589149041E-003
   1054.8654971833316       0.89606047919246157       -1.4757856460820148E-005   2.2937075153757242E-003
   1059.8654971833316       0.89643785707834234       -1.4768216755695254E-005   2.3084757321314192E-003
   1064.8654971833316       0.89681213921902214       -1.4778494934271135E-005   2.3232542270656903E-003
   1069.8654971833316       0.89718336508057117       -1.4788692009404950E-005   2.3380429190750954E-003
   1074.8654971833316       0.89755157344010172       -1.4798808976814437E-005   2.3528417280519096E-003
   1079.8654971833316       0.89791680240101268       -1.4808846815446000E-005   2.3676505748673558E-003
   1084.8654971833316       0.89827908940787882       -1.4818806487834646E-005   2.3824693813551904E-003
   1089.8654971833316       0.89863847126096252       -1.4828688940455146E-005   2.3972980702956456E-003
   1094.8654971833316       0.89899498413028078       -1.4838495104062509E-005   2.4121365653997080E-003
   1099.8654971833316       0.89934866356932985       -1.4848225894024507E-005   2.4269847912937324E-003
   1104.8654971833316       0.89969954452843592       -1.4857882210645332E-005   2.4418426735043778E-003
   1109.8654971833316       0.90004766136777770       -1.4867464939481650E-005   2.4567101384438592E-003
   1114.8654971833316       0.90039304787007224       -1.4876974951650672E-005   2.4715871133955099E-003
   1119.8654971833316       0.90073573725285716       -1.4886413104128409E-005   2.4864735264996385E-003
   1124.8654971833316       0.90107576218056884       -1.4895780240043590E-005   2.5013693067396821E-003
   1129.8654971833316       0.90141315477620076       -1.4905077188961169E-005   2.5162743839286434E-003
   1134.8654971833316       0.90174794663273761       -1.4914304767160854E-005   2.5311886886958041E-003
   1139.8654971833316       0.90208016882427788       -1.4923463777908156E-005   2.5461121524737122E-003
   1144.8654971833316       0.90240985191684409       -1.4932555011717930E-005   2.5610447074854302E-003
   1149.8654971833316       0.90273702597895489       -1.4941579246612388E-005   2.5759862867320428E-003
   1154.8654971833316       0.90306172059192602       -1.4950537248372649E-005   2.5909368239804154E-003
   1159.8654971833316       0.90338396485987582       -1.4959429770783149E-005   2.6058962537511988E-003
   1164.8654971833316       0.90370378741953805       -1.4968257555871656E-005   2.6208645113070706E-003
   1169.8654971833316       0.90402121644979483       -1.4977021334142497E-005   2.6358415326412131E-003
   1174.8654971833316       0.90433627968096042       -1.4985721824803805E-005   2.6508272544660170E-003
   1179.8654971833316       0.90464900440389151       -1.4994359735990810E-005   2.6658216142020079E-003
   1184.8654971833316       0.90495941747882969       -1.5002935764982610E-005   2.6808245499669904E-003
   1189.8654971833316       0.90526754534399845       -1.5011450598412939E-005   2.6958360005654033E-003
   1194.8654971833316       0.90557341402406777       -1.5019904912478075E-005   2.7108559054778813E-003
   1199.8654971833316       0.90587704913836919       -1.5028299373138605E-005   2.7258842048510199E-003
   1204.8654971833316       0.90617847590892364       -1.5036634636316746E-005   2.7409208394873364E-003
   1209.8654971833316       0.90647771916825326       -1.5044911348088414E-005   2.7559657508354246E-003
   1214.8654971833316       0.90677480336705618       -1.5053130144872192E-005   2.7710188809802966E-003
   1219.8654971833316       0.90706975258163103       -1.5061291653612040E-005   2.7860801726339087E-003
   1224.8654971833316       0.90736259052118928       -1.5069396491957548E-005   2.8011495691258664E-003
   1229.8654971833316       0.90765334053496594       -1.5077445268439238E-005   2.8162270143943058E-003
   1234.8654971833316       0.90794202561914072       -1.5085438582639243E-005   2.8313124529769449E-003
   1239.8654971833316       0.90822866842365246       -1.5093377025359598E-005   2.8464058300023045E-003
   1244.8654971833316       0.90851329125879177       -1.5101261178784973E-005   2.8615070911810893E-003
   1249.8654971833316       0.90879591610171828       -1.5109091616643871E-005   2.8766161827977329E-003
   1254.8654971833316       0.90907656460273456       -1.5116868904363654E-005   2.8917330517020967E-003
   1259.8654971833316       0.90935525809149620       -1.5124593599224253E-005   2.9068576453013207E-003
   1264.8654971833316       0.90963201758302970       -1.5132266250507120E-005   2.9219899115518278E-003
   1269.8654971833316       0.90990686378360985       -1.5139887399640773E-005   2.9371297989514685E-003
   1274.8654971833316       0.91017981709659768       -1.5147457580345678E-005   2.9522772565318141E-003
   1279.8654971833316       0.91045089762798315       -1.5154977318771466E-005   2.9674322338505855E-003
   1284.8654971833316       0.91072012519193979       -1.5162447133634886E-005   2.9825946809842203E-003
   1289.8654971833316       0.91098751931618716       -1.5169867536352885E-005   2.9977645485205731E-003
   1294.8654971833316       0.91125309924726883       -1.5177239031173763E-005   3.0129417875517468E-003
   1299.8654971833316       0.91151688395568664       -1.5184562115304760E-005   3.0281263496670517E-003
   1304.8654971833316       0.91177889214094121       -1.5191837279037405E-005   3.0433181869460890E-003
   1309.8654971833316       0.91203914223643445       -1.5199065005869482E-005   3.0585172519519586E-003
   1314.8654971833316       0.91229765241428451       -1.5206245772624884E-005   3.0737234977245833E-003
   1319.8654971833316       0.91255444059003255       -1.5213380049570858E-005   3.0889368777741542E-003
   1324.8654971833316       0.91280952442725616       -1.5220468300533009E-005   3.1041573460746873E-003
   1329.8654971833316       0.91306292134207201       -1.5227510983007577E-005   3.1193848570576950E-003
   1334.8654971833316       0.91331464850750299       -1.5234508548270257E-005   3.1346193656059652E-003
   1339.8654971833316       0.91356472285783719       -1.5241461441485159E-005   3.1498608270474505E-003
   1344.8654971833316       0.91381316109281097       -1.5248370101809168E-005   3.1651091971492597E-003
   1349.8654971833316       0.91405997968175767       -1.5255234962495670E-005   3.1803644321117554E-003
   1354.8654971833316       0.91430519486764461       -1.5262056450995456E-005   3.1956264885627510E-003
   1359.8654971833316       0.91454882267099669       -1.5268834989054780E-005   3.2108953235518056E-003
   1364.8654971833316       0.91479087889380439       -1.5275570992813261E-005   3.2261708945446189E-003
   1369.8654971833316       0.91503137912327082       -1.5282264872897579E-005   3.2414531594175166E-003
   1374.8654971833316       0.91527033873556729       -1.5288917034515680E-005   3.2567420764520322E-003
   1379.8654971833316       0.91550777289942564       -1.5295527877546703E-005   3.2720376043295788E-003
   1384.8654971833316       0.91574369657969656       -1.5302097796630193E-005   3.2873397021262090E-003
   1389.8654971833316       0.91597812454085004       -1.5308627181253994E-005   3.3026483293074629E-003
   1394.8654971833316       0.91621107135037572       -1.5315116415839535E-005   3.3179634457233022E-003
   1399.8654971833316       0.91644255138210307       -1.5321565879825171E-005   3.3332850116031274E-003
   1404.8654971833316       0.91667257881950526       -1.5327975947749259E-005   3.3486129875508765E-003
   1409.8654971833316       0.91690116765886309       -1.5334346989329589E-005   3.3639473345402062E-003
   1414.8654971833316       0.91712833171242814       -1.5340679369542968E-005   3.3792880139097490E-003
   1419.8654971833316       0.91735408461149948       -1.5346973448702660E-005   3.3946349873584516E-003
   1424.8654971833316       0.91757843980939346       -1.5353229582532991E-005   3.4099882169409848E-003
   1429.8654971833316       0.91780141058446141       -1.5359448122245522E-005   3.4253476650632302E-003
   1434.8654971833316       0.91802301004293052       -1.5365629414610502E-005   3.4407132944778407E-003
   1439.8654971833316       0.91824325112174121       -1.5371773802028359E-005   3.4560850682798690E-003
   1444.8654971833316       0.91846214659133929       -1.5377881622600165E-005   3.4714629499024690E-003
   1449.8654971833316       0.91867970905839769       -1.5383953210196286E-005   3.4868469031126654E-003
   1454.8654971833316       0.91889595096847476       -1.5389988894523442E-005   3.5022368920071888E-003
   1459.8654971833316       0.91911088460862755       -1.5395989001190704E-005   3.5176328810083797E-003
   1464.8654971833316       0.91932452210999149       -1.5401953851774665E-005   3.5330348348601545E-003
   1469.8654971833316       0.91953687545027629       -1.5407883763882500E-005   3.5484427186240372E-003
   1474.8654971833316       0.91974795645623375       -1.5413779051214347E-005   3.5638564976752515E-003
   1479.8654971833316       0.91995777680606550       -1.5419640023624186E-005   3.5792761376988759E-003
   1484.8654971833316       0.92016634803181041       -1.5425466987180302E-005   3.5947016046860561E-003
   1489.8654971833316       0.92037368152166454       -1.5431260244224003E-005   3.6101328649302800E-003
   1494.8654971833316       0.92057978852225564       -1.5437020093427208E-005   3.6255698850237070E-003
   1499.8654971833316       0.92078468014086290       -1.5442746829848647E-005   3.6410126318535555E-003
   1504.8654971833316       0.92098836734762479       -1.5448440744989867E-005   3.6564610725985454E-003
   1509.8654971833316       0.92119086097768710       -1.5454102126849693E-005   3.6719151747253952E-003
   1514.8654971833316       0.92139217173333265       -1.5459731259978296E-005   3.6873749059853733E-003
   1519.8654971833316       0.92159231018599430       -1.5465328425528156E-005   3.7028402344109015E-003
   1524.8654971833316       0.92179128677834388       -1.5470893901307226E-005   3.7183111283122087E-003
   1529.8654971833316       0.92198911182626198       -1.5476427961828911E-005   3.7337875562740378E-003
   1534.8654971833316       0.92218579552078250       -1.5481930878361467E-005   3.7492694871523991E-003
   1539.8654971833316       0.92238134793000426       -1.5487402918976550E-005   3.7647568900713757E-003
   1544.8654971833316       0.92257577900102083       -1.5492844348598428E-005   3.7802497344199743E-003
   1549.8654971833316       0.92276909856172407       -1.5498255429049754E-005   3.7957479898490243E-003
   1554.8654971833316       0.92296131632260714       -1.5503636419097412E-005   3.8112516262681219E-003
   1559.8654971833316       0.92315244187858436       -1.5508987574498959E-005   3.8267606138426206E-003
   1564.8654971833316       0.92334248471072522       -1.5514309148046763E-005   3.8422749229906675E-003
   1569.8654971833316       0.92353145418794846       -1.5519601389611089E-005   3.8577945243802787E-003
   1574.8654971833316       0.92371935956873197       -1.5524864546183801E-005   3.8733193889264623E-003
   1579.8654971833316       0.92390621000275319       -1.5530098861920090E-005   3.8888494877883824E-003
   1584.8654971833316       0.92409201453250500       -1.5535304578179741E-005   3.9043847923665620E-003
   1589.8654971833316       0.92427678209490371       -1.5540481933568153E-005   3.9199252743001298E-003
   1594.8654971833316       0.92446052152284774       -1.5545631163976153E-005   3.9354709054641055E-003
   1599.8654971833316       0.92464324154674693       -1.5550752502618996E-005   3.9510216579667244E-003
   1604.8654971833316       0.92482495079606652       -1.5555846180075925E-005   3.9665775041468005E-003
   1609.8654971833316       0.92500565780076704       -1.5560912424326849E-005   3.9821384165711271E-003
   1614.8654971833316       0.92518537099276188       -1.5565951460789619E-005   3.9977043680319169E-003
   1619.8654971833316       0.92536409870736802       -1.5570963512357178E-005   4.0132753315442740E-003
   1624.8654971833316       0.92554184918471261       -1.5575948799433560E-005   4.0288512803437074E-003
   1629.8654971833316       0.92571863057110160       -1.5580907539968875E-005   4.0444321878836762E-003
   1634.8654971833316       0.92589445092037104       -1.5585839949493924E-005   4.0600180278331701E-003
   1639.8654971833316       0.92606931819523908       -1.5590746241154846E-005   4.0756087740743251E-003
   1644.8654971833316       0.92624324026859117       -1.5595626625746005E-005   4.0912044007000714E-003
   1649.8654971833316       0.92641622492477260       -1.5600481311743147E-005   4.1068048820118146E-003
   1654.8654971833316       0.92658827986087633       -1.5605310505336446E-005   4.1224101925171515E-003
   1659.8654971833316       0.92675941268795148       -1.5610114410461466E-005   4.1380203069276127E-003
   1664.8654971833316       0.92692963093222780       -1.5614893228830534E-005   4.1536352001564436E-003
   1669.8654971833316       0.92709894203634147       -1.5619647159964317E-005   4.1692548473164079E-003
   1674.8654971833316       0.92726735336048449       -1.5624376401221232E-005   4.1848792237176293E-003
   1679.8654971833316       0.92743487218358067       -1.5629081147827711E-005   4.2005083048654570E-003
   1684.8654971833316       0.92760150570439737       -1.5633761592906681E-005   4.2161420664583640E-003
   1689.8654971833316       0.92776726104273222       -1.5638417927508246E-005   4.2317804843858718E-003
   1694.8654971833316       0.92793214524043943       -1.5643050340635878E-005   4.2474235347265080E-003
   1699.8654971833316       0.92809616526253347       -1.5647659019274882E-005   4.2630711937457827E-003
   1704.8654971833316       0.92825932799826960       -1.5652244148420202E-005   4.2787234378942026E-003
   1709.8654971833316       0.92842164026218210       -1.5656805911103159E-005   4.2943802438053054E-003
   1714.8654971833316       0.92858310879510153       -1.5661344488417577E-005   4.3100415882937233E-003
   1719.8654971833316       0.92874374026518980       -1.5665860059546531E-005   4.3257074483532701E-003
   1724.8654971833316       0.92890354126890329       -1.5670352801787070E-005   4.3413778011550568E-003
   1729.8654971833316       0.92906251833199516       -1.5674822890576100E-005   4.3570526240456330E-003
   1734.8654971833316       0.92922067791046548       -1.5679270499514854E-005   4.3727318945451475E-003
   1739.8654971833316       0.92937802639152411       -1.5683695800393775E-005   4.3884155903455412E-003
   1744.8654971833316       0.92953457009448892       -1.5688098963215589E-005   4.4041036893087571E-003
   1749.8654971833316       0.92969031527172152       -1.5692480156219514E-005   4.4197961694649769E-003
   1754.8654971833316       0.92984526810954271       -1.5696839545904923E-005   4.4354930090108819E-003
   1759.8654971833316       0.92999943472907964       -1.5701177297053132E-005   4.4511941863079347E-003
   1764.8654971833316       0.93015282118717035       -1.5705493572750822E-005   4.4668996798806855E-003
   1769.8654971833316       0.93030543347720207       -1.5709788534411681E-005   4.4826094684150969E-003
   1774.8654971833316       0.93045727752997098       -1.5714062341798650E-005   4.4983235307568953E-003
   1779.8654971833316       0.93060835921447427       -1.5718315153044314E-005   4.5140418459099392E-003
   1784.8654971833316       0.93075868433878495       -1.5722547124673654E-005   4.5297643930346130E-003
   1789.8654971833316       0.93090825865080495       -1.5726758411623431E-005   4.5454911514462362E-003
   1794.8654971833316       0.93105708783907704       -1.5730949167263223E-005   4.5612221006134995E-003
   1799.8654971833316       0.93120517753355092       -1.5735119543415248E-005   4.5769572201569148E-003
   1804.8654971833316       0.93135253330637802       -1.5739269690375002E-005   4.5926964898472897E-003
   1809.8654971833316       0.93149916067263194       -1.5743399756929837E-005   4.6084398896042199E-003
   1814.8654971833316       0.93164506509104672       -1.5747509890378096E-005   4.6241873994945981E-003
   1819.8654971833316       0.93179025196478871       -1.5751600236549201E-005   4.6399389997311474E-003
   1824.8654971833316       0.93193472664212995       -1.5755670939821009E-005   4.6556946706709686E-003
   1829.8654971833316       0.93207849441716484       -1.5759722143138422E-005   4.6714543928141070E-003
   1834.8654971833316       0.93222156053052130       -1.5763753988031866E-005   4.6872181468021390E-003
   1839.8654971833316       0.93236393017004515       -1.5767766614635044E-005   4.7029859134167743E-003
   1844.8654971833316       0.93250560847146935       -1.5771760161702297E-005   4.7187576735784765E-003
   1849.8654971833316       0.93264660051904846       -1.5775734766625009E-005   4.7345334083451016E-003
   1854.8654971833316       0.93278691134625835       -1.5779690565449871E-005   4.7503130989105516E-003
   1859.8654971833316       0.93292654593644719       -1.5783627692895827E-005   4.7660967266034476E-003
   1864.8654971833316       0.93306550922339249       -1.5787546282368357E-005   4.7818842728858156E-003
   1869.8654971833316       0.93320380609201803       -1.5791446465978332E-005   4.7976757193517938E-003
   1874.8654971833316       0.93334144137894293       -1.5795328374556127E-005   4.8134710477263495E-003
   1879.8654971833316       0.93347841987310387       -1.5799192137667863E-005   4.8292702398640176E-003
   1884.8654971833316       0.93361474631637542       -1.5803037883631569E-005   4.8450732777476496E-003
   1889.8654971833316       0.93375042540413333       -1.5806865739531812E-005   4.8608801434871811E-003
   1894.8654971833316       0.93388546178584797       -1.5810675831235169E-005   4.8766908193184164E-003
   1899.8654971833316       0.93401986006562909       -1.5814468283404341E-005   4.8925052876018209E-003
   1904.8654971833316       0.93415362480279607       -1.5818243219513042E-005   4.9083235308213340E-003
   1909.8654971833316       0.93428676051244797       -1.5822000761860886E-005   4.9241455315831946E-003
   1914.8654971833316       0.93441927166600236       -1.5825741031587399E-005   4.9399712726147819E-003
   1919.8654971833316       0.93455116269171534       -1.5829464148685554E-005   4.9558007367634677E-003
   1924.8654971833316       0.93468243797519557       -1.5833170232015125E-005   4.9716339069954827E-003
   1929.8654971833316       0.93481310185999134       -1.5836859399318171E-005   4.9874707663948008E-003
   1934.8654971833316       0.93494315864802258       -1.5840531767230091E-005   5.0033112981620305E-003
   1939.8654971833316       0.93507261260013286       -1.5844187451294148E-005   5.0191554856133247E-003
   1944.8654971833316       0.93520146793659831       -1.5847826565974783E-005   5.0350033121792995E-003
   1949.8654971833316       0.93532972883755883       -1.5851449224668729E-005   5.0508547614039681E-003
   1954.8654971833316       0.93545739944356399       -1.5855055539719413E-005   5.0667098169436871E-003
   1959.8654971833316       0.93558448385600734       -1.5858645622428189E-005   5.0825684625661156E-003
   1964.8654971833316       0.93571098613762560       -1.5862219583067466E-005   5.0984306821491828E-003
   1969.8654971833316       0.93583691031294147       -1.5865777530892242E-005   5.1142964596800752E-003
   1974.8654971833316       0.93596226036872676       -1.5869319574152196E-005   5.1301657792542270E-003
   1979.8654971833316       0.93608704025443579       -1.5872845820103003E-005   5.1460386250743303E-003
   1984.8654971833316       0.93621125388266613       -1.5876356375018439E-005   5.1619149814493490E-003
   1989.8654971833316       0.93633490512961326       -1.5879851344202283E-005   5.1777948327935515E-003
   1994.8654971833316       0.93645799783544781       -1.5883330831998105E-005   5.1936781636255499E-003
   1999.8654971833316       0.93658053580477363       -1.5886794941801286E-005   5.2095649585673512E-003
   2004.8654971833316       0.93670252280703514       -1.5890243776069709E-005   5.2254552023434210E-003
   2009.8654971833316       0.93682396257695555       -1.5893677436335264E-005   5.2413488797797567E-003
   2014.8654971833316       0.93694485881490752       -1.5897096023213470E-005   5.2572459758029703E-003
   2019.8654971833316       0.93706521518732511       -1.5900499636414321E-005   5.2731464754393843E-003
   2024.8654971833316       0.93718503532710551       -1.5903888374752803E-005   5.2890503638141368E-003
   2029.8654971833316       0.93730432283398324       -1.5907262336158695E-005   5.3049576261502956E-003
   2034.8654971833316       0.93742308127493013       -1.5910621617687051E-005   5.3208682477679826E-003
   2039.8654971833316       0.93754131418451914       -1.5913966315527770E-005   5.3367822140835105E-003
   2044.8654971833316       0.93765902506530785       -1.5917296525015615E-005   5.3526995106085258E-003
   2049.8654971833316       0.93777621738821970       -1.5920612340640281E-005   5.3686201229491658E-003
   2054.8654971833316       0.93789289459286718       -1.5923913856054791E-005   5.3845440368052210E-003
   2059.8654971833316       0.93800906008793472       -1.5927201164085581E-005   5.4004712379693062E-003
   2064.8654971833316       0.93812471725153512       -1.5930474356741890E-005   5.4164017123260483E-003
   2069.8654971833316       0.93823986943153992       -1.5933733525224378E-005   5.4323354458512725E-003
   2074.8654971833316       0.93835451994594188       -1.5936978759934704E-005   5.4482724246112070E-003
   2079.8654971833316       0.93846867208317419       -1.5940210150483871E-005   5.4642126347616907E-003
   2084.8654971833316       0.93858232910246620       -1.5943427785701603E-005   5.4801560625473925E-003
   2089.8654971833316       0.93869549423413801       -1.5946631753644054E-005   5.4961026943010369E-003
   2094.8654971833316       0.93880817067997069       -1.5949822141603581E-005   5.5120525164426403E-003
   2099.8654971833316       0.93892036161348802       -1.5952999036116145E-005   5.5280055154787568E-003
   2104.8654971833316       0.93903207018027757       -1.5956162522969699E-005   5.5439616780017268E-003
   2109.8654971833316       0.93914329949833697       -1.5959312687213413E-005   5.5599209906889401E-003
   2114.8654971833316       0.93925405265832396       -1.5962449613164124E-005   5.5758834403021040E-003
   2119.8654971833316       0.93936433272390552       -1.5965573384415618E-005   5.5918490136865192E-003
   2124.8654971833316       0.93947414273205043       -1.5968684083846326E-005   5.6078176977703660E-003
   2129.8654971833316       0.93958348569330086       -1.5971781793626415E-005   5.6237894795639924E-003
   2134.8654971833316       0.93969236459208616       -1.5974866595226114E-005   5.6397643461592187E-003
   2139.8654971833316       0.93980078238698561       -1.5977938569422577E-005   5.6557422847286409E-003
   2144.8654971833316       0.93990874201105545       -1.5980997796308603E-005   5.6717232825249497E-003
   2149.8654971833316       0.94001624637206094       -1.5984044355298631E-005   5.6877073268802479E-003
   2154.8654971833316       0.94012329835277131       -1.5987078325136580E-005   5.7036944052053845E-003
   2159.8654971833316       0.94022990081123936       -1.5990099783903228E-005   5.7196845049892874E-003
   2164.8654971833316       0.94033605658105035       -1.5993108809022716E-005   5.7356776137983097E-003
   2169.8654971833316       0.94044176847162497       -1.5996105477270670E-005   5.7516737192755806E-003
   2174.8654971833316       0.94054703926843963       -1.5999089864779857E-005   5.7676728091403603E-003
   2179.8654971833316       0.94065187173329678       -1.6002062047047412E-005   5.7836748711874077E-003
   2184.8654971833316       0.94075626860458761       -1.6005022098941739E-005   5.7996798932863497E-003
   2189.8654971833316       0.94086023259756546       -1.6007970094709808E-005   5.8156878633810593E-003
   2194.8654971833316       0.94096376640452095       -1.6010906107981602E-005   5.8316987694890408E-003
   2199.8654971833316       0.94106687269511258       -1.6013830211779061E-005   5.8477125997008200E-003
   2204.8654971833316       0.94116955411654857       -1.6016742478520720E-005   5.8637293421793411E-003
   2209.8654971833316       0.94127181329385334       -1.6019642980028849E-005   5.8797489851593696E-003
   2214.8654971833316       0.94137365283010366       -1.6022531787535662E-005   5.8957715169469056E-003
   2219.8654971833316       0.94147507530664909       -1.6025408971689135E-005   5.9117969259185948E-003
   2224.8654971833316       0.94157608328334685       -1.6028274602559238E-005   5.9278252005211538E-003
   2229.8654971833316       0.94167667929877452       -1.6031128749643518E-005   5.9438563292707972E-003
   2234.8654971833316       0.94177686587050347       -1.6033971481874418E-005   5.9598903007526717E-003
   2239.8654971833316       0.94187664549524996       -1.6036802867623170E-005   5.9759271036202953E-003
   2244.8654971833316       0.94197602064914876       -1.6039622974707119E-005   5.9919667265950025E-003
   2249.8654971833316       0.94207499378791870       -1.6042431870394027E-005   6.0080091584653970E-003
   2254.8654971833316       0.94217356734714597       -1.6045229621409678E-005   6.0240543880868067E-003
   2259.8654971833316       0.94227174374242417       -1.6048016293941500E-005   6.0401024043807480E-003
   2264.8654971833316       0.94236952536959173       -1.6050791953644865E-005   6.0561531963343931E-003
   2269.8654971833316       0.94246691460492904       -1.6053556665648320E-005   6.0722067530000418E-003
   2274.8654971833316       0.94256391380537952       -1.6056310494559483E-005   6.0882630634946011E-003
   2279.8654971833316       0.94266052530871691       -1.6059053504469396E-005   6.1043221169990707E-003
   2284.8654971833316       0.94275675143378013       -1.6061785758958856E-005   6.1203839027580299E-003
   2289.8654971833316       0.94285259448062275       -1.6064507321102246E-005   6.1364484100791322E-003
   2294.8654971833316       0.94294805673075688       -1.6067218253474135E-005   6.1525156283326063E-003
   2299.8654971833316       0.94304314044731341       -1.6069918618153474E-005   6.1685855469507597E-003
   2304.8654971833316       0.94313784787522459       -1.6072608476728392E-005   6.1846581554274877E-003
   2309.8654971833316       0.94323218124140074       -1.6075287890300914E-005   6.2007334433177887E-003
   2314.8654971833316       0.94332614275496307       -1.6077956919493208E-005   6.2168114002372817E-003
   2319.8654971833316       0.94341973460736506       -1.6080615624450704E-005   6.2328920158617324E-003
   2324.8654971833316       0.94351295897260812       -1.6083264064847871E-005   6.2489752799265805E-003
   2329.8654971833316       0.94360581800740739       -1.6085902299892642E-005   6.2650611822264732E-003
   2334.8654971833316       0.94369831385136027       -1.6088530388330826E-005   6.2811497126148037E-003
   2339.8654971833316       0.94379044862712380       -1.6091148388450875E-005   6.2972408610032548E-003
   2344.8654971833316       0.94388222444057446       -1.6093756358088082E-005   6.3133346173613429E-003
   2349.8654971833316       0.94397364338098944       -1.6096354354629437E-005   6.3294309717159720E-003
   2354.8654971833316       0.94406470752122573       -1.6098942435018413E-005   6.3455299141509901E-003
   2359.8654971833316       0.94415541891783528       -1.6101520655757918E-005   6.3616314348067483E-003
   2364.8654971833316       0.94424577961128331       -1.6104089072916232E-005   6.3777355238796643E-003
   2369.8654971833316       0.94433579162606862       -1.6106647742130117E-005   6.3938421716217943E-003
   2374.8654971833316       0.94442545697090829       -1.6109196718609770E-005   6.4099513683404039E-003
   2379.8654971833316       0.94451477763885372       -1.6111736057141868E-005   6.4260631043975454E-003
   2384.8654971833316       0.94460375560749454       -1.6114265812095044E-005   6.4421773702096402E-003
   2389.8654971833316       0.94469239283907158       -1.6116786037422857E-005   6.4582941562470629E-003
   2394.8654971833316       0.94478069128066366       -1.6119296786668804E-005   6.4744134530337321E-003
   2399.8654971833316       0.94486865286430122       -1.6121798112969302E-005   6.4905352511467011E-003
   2404.8654971833316       0.94495627950713634       -1.6124290069058247E-005   6.5066595412157594E-003
   2409.8654971833316       0.94504357311155485       -1.6126772707269932E-005   6.5227863139230291E-003
   2414.8654971833316       0.94513053556537563       -1.6129246079544472E-005   6.5389155600025731E-003
   2419.8654971833316       0.94521716874194850       -1.6131710237430322E-005   6.5550472702400036E-003
   2424.8654971833316       0.94530347450031627       -1.6134165232088637E-005   6.5711814354720921E-003
   2429.8654971833316       0.94538945468533164       -1.6136611114296357E-005   6.5873180465863884E-003
   2434.8654971833316       0.94547511112781224       -1.6139047934450350E-005   6.6034570945208391E-003
   2439.8654971833316       0.94556044564465991       -1.6141475742570599E-005   6.6195985702634094E-003
   2444.8654971833316       0.94564546003901340       -1.6143894588304267E-005   6.6357424648517136E-003
   2449.8654971833316       0.94573015610038347       -1.6146304520929334E-005   6.6518887693726427E-003
   2454.8654971833316       0.94581453560474571       -1.6148705589357004E-005   6.6680374749619993E-003
   2459.8654971833316       0.94589860031472206       -1.6151097842136623E-005   6.6841885728041363E-003
   2464.8654971833316       0.94598235197966019       -1.6153481327457721E-005   6.7003420541315939E-003
   2469.8654971833316       0.94606579233578114       -1.6155856093154002E-005   6.7164979102247481E-003
   2474.8654971833316       0.94614892310631904       -1.6158222186707086E-005   6.7326561324114551E-003
   2479.8654971833316       0.94623174600162552       -1.6160579655249267E-005   6.7488167120667046E-003
   2484.8654971833316       0.94631426271929009       -1.6162928545566715E-005   6.7649796406122715E-003
   2489.8654971833316       0.94639647494426915       -1.6165268904102969E-005   6.7811449095163748E-003
   2494.8654971833316       0.94647838434899112       -1.6167600776961677E-005   6.7973125102933360E-003
   2499.8654971833316       0.94655999259349111       -1.6169924209910256E-005   6.8134824345032459E-003
   2504.8654971833316       0.94664130132553004       -1.6172239248383065E-005   6.8296546737516292E-003
   2509.8654971833316       0.94672231218068992       -1.6174545937483918E-005   6.8458292196891136E-003
   2514.8654971833316       0.94680302678249406       -1.6176844321989317E-005   6.8620060640111032E-003
   2519.8654971833316       0.94688344674254066       -1.6179134446352050E-005   6.8781851984574555E-003
   2524.8654971833316       0.94696357366058703       -1.6181416354703399E-005   6.8943666148121585E-003
   2529.8654971833316       0.94704340912465135       -1.6183690090855849E-005   6.9105503049030140E-003
   2534.8654971833316       0.94712295471115671       -1.6185955698307000E-005   6.9267362606013211E-003
   2539.8654971833316       0.94720221198502075       -1.6188213220241943E-005   6.9429244738215632E-003
   2544.8654971833316       0.94728118249976501       -1.6190462699536169E-005   6.9591149365210991E-003
   2549.8654971833316       0.94735986779760639       -1.6192704178758015E-005   6.9753076406998569E-003
   2554.8654971833316       0.94743826940957165       -1.6194937700171747E-005   6.9915025784000285E-003
   2559.8654971833316       0.94751638885561096       -1.6197163305740585E-005   7.0076997417057689E-003
   2564.8654971833316       0.94759422764467083       -1.6199381037128660E-005   7.0238991227428976E-003
   2569.8654971833316       0.94767178727482715       -1.6201590935704588E-005   7.0401007136786020E-003
   2574.8654971833316       0.94774906923336910       -1.6203793042543710E-005   7.0563045067211453E-003
   2579.8654971833316       0.94782607499689409       -1.6205987398430622E-005   7.0725104941195757E-003
   2584.8654971833316       0.94790280603140065       -1.6208174043861657E-005   7.0887186681634377E-003
   2589.8654971833316       0.94797926379239728       -1.6210353019047848E-005   7.1049290211824857E-003
   2594.8654971833316       0.94805544972500033       -1.6212524363917504E-005   7.1211415455464033E-003
   2599.8654971833316       0.94813136526400976       -1.6214688118118256E-005   7.1373562336645218E-003
   2604.8654971833316       0.94820701183401723       -1.6216844321019968E-005   7.1535730779855415E-003
   2609.8654971833316       0.94828239084950428       -1.6218993011717362E-005   7.1697920709972588E-003
   2614.8654971833316       0.94835750371490024       -1.6221134229031535E-005   7.1860132052262906E-003
   2619.8654971833316       0.94843235182470975       -1.6223268011513445E-005   7.2022364732378039E-003
   2624.8654971833316       0.94850693656357787       -1.6225394397445581E-005   7.2184618676352490E-003
   2629.8654971833316       0.94858125930640058       -1.6227513424845030E-005   7.2346893810600939E-003
   2634.8654971833316       0.94865532141838416       -1.6229625131464961E-005   7.2509190061915592E-003
   2639.8654971833316       0.94872912425514977       -1.6231729554797495E-005   7.2671507357463571E-003
   2644.8654971833316       0.94880266916278766       -1.6233826732075091E-005   7.2833845624784323E-003
   2649.8654971833316       0.94887595747801656       -1.6235916700274974E-005   7.2996204791787068E-003
   2654.8654971833316       0.94894899052818760       -1.6237999496119090E-005   7.3158584786748261E-003
   2659.8654971833316       0.94902176963141127       -1.6240075156077590E-005   7.3320985538309034E-003
   2664.8654971833316       0.94909429609660401       -1.6242143716370020E-005   7.3483406975472735E-003
   2669.8654971833316       0.94916657122361292       -1.6244205212968769E-005   7.3645849027602420E-003
   2674.8654971833316       0.94923859630324869       -1.6246259681599828E-005   7.3808311624418421E-003
   2679.8654971833316       0.94931037261740958       -1.6248307157746250E-005   7.3970794695995884E-003
   2684.8654971833316       0.94938190143912016       -1.6250347676649086E-005   7.4133298172762378E-003
   2689.8654971833316       0.94945318403264189       -1.6252381273310429E-005   7.4295821985495480E-003
   2694.8654971833316       0.94952422165352979       -1.6254407982494899E-005   7.4458366065320433E-003
   2699.8654971833316       0.94959501554873316       -1.6256427838732397E-005   7.4620930343707757E-003
   2704.8654971833316       0.94966556695660609       -1.6258440876318271E-005   7.4783514752470937E-003
   2709.8654971833316       0.94973587710705276       -1.6260447129317360E-005   7.4946119223764113E-003
   2714.8654971833316       0.94980594722156919       -1.6262446631565053E-005   7.5108743690079768E-003
   2719.8654971833316       0.94987577851332872       -1.6264439416669588E-005   7.5271388084246467E-003
   2724.8654971833316       0.94994537218724306       -1.6266425518013721E-005   7.5434052339426608E-003
   2729.8654971833316       0.95001472944002496       -1.6268404968756375E-005   7.5596736389114171E-003
   2734.8654971833316       0.95008385146027396       -1.6270377801834964E-005   7.5759440167132517E-003
   2739.8654971833316       0.95015273942853629       -1.6272344049966992E-005   7.5922163607632185E-003
   2744.8654971833316       0.95022139451740661       -1.6274303745652871E-005   7.6084906645088714E-003
   2749.8654971833316       0.95028981789153044       -1.6276256921175850E-005   7.6247669214300475E-003
   2754.8654971833316       0.95035801070774073       -1.6278203608605821E-005   7.6410451250386530E-003
   2759.8654971833316       0.95042597411507745       -1.6280143839799755E-005   7.6573252688784529E-003
   2764.8654971833316       0.95049370925487475       -1.6282077646404098E-005   7.6736073465248572E-003
   2769.8654971833316       0.95056121726081844       -1.6284005059856307E-005   7.6898913515847135E-003
   2774.8654971833316       0.95062849925900506       -1.6285926111386422E-005   7.7061772776961003E-003
   2779.8654971833316       0.95069555636802916       -1.6287840832019461E-005   7.7224651185281200E-003
   2784.8654971833316       0.95076238969903926       -1.6289749252576912E-005   7.7387548677806967E-003
   2789.8654971833316       0.95082900035577456       -1.6291651403677689E-005   7.7550465191843741E-003
   2794.8654971833316       0.95089538943464791       -1.6293547315740392E-005   7.7713400665001143E-003
   2799.8654971833316       0.95096155802481686       -1.6295437018985249E-005   7.7876355035190999E-003
   2804.8654971833316       0.95102750720821672       -1.6297320543434948E-005   7.8039328240625348E-003
   2809.8654971833316       0.95109323805964796       -1.6299197918917066E-005   7.8202320219814513E-003
   2814.8654971833316       0.95115875164684816       -1.6301069175065973E-005   7.8365330911565178E-003
   2819.8654971833316       0.95122404903047408       -1.6302934341322300E-005   7.8528360254978401E-003
   2824.8654971833316       0.95128913126425674       -1.6304793446937217E-005   7.8691408189447767E-003
   2829.8654971833316       0.95135399939500509       -1.6306646520972476E-005   7.8854474654657496E-003
   2834.8654971833316       0.95141865446267171       -1.6308493592302187E-005   7.9017559590580516E-003
   2839.8654971833316       0.95148309750040294       -1.6310334689614159E-005   7.9180662937476665E-003
   2844.8654971833316       0.95154732953462207       -1.6312169841412197E-005   7.9343784635890792E-003
   2849.8654971833316       0.95161135158506549       -1.6313999076017040E-005   7.9506924626650960E-003
   2854.8654971833316       0.95167516466483315       -1.6315822421567716E-005   7.9670082850866637E-003
   2859.8654971833316       0.95173876978044869       -1.6317639906023189E-005   7.9833259249926861E-003
   2864.8654971833316       0.95180216793191896       -1.6319451557163949E-005   7.9996453765498500E-003
   2869.8654971833316       0.95186536011277167       -1.6321257402593023E-005   8.0159666339524437E-003
   2874.8654971833316       0.95192834731012543       -1.6323057469737895E-005   8.0322896914221814E-003
   2879.8654971833316       0.95199113050474193       -1.6324851785851906E-005   8.0486145432080332E-003
   2884.8654971833316       0.95205371067107081       -1.6326640378015463E-005   8.0649411835860482E-003
   2889.8654971833316       0.95211608877728582       -1.6328423273136986E-005   8.0812696068591847E-003
   2894.8654971833316       0.95217826578537690       -1.6330200497955472E-005   8.0975998073571399E-003
   2899.8654971833316       0.95224024265115226       -1.6331972079040455E-005   8.1139317794361801E-003
   2904.8654971833316       0.95230202032432698       -1.6333738042794493E-005   8.1302655174789740E-003
   2909.8654971833316       0.95236359974855189       -1.6335498415453890E-005   8.1466010158944280E-003
   2914.8654971833316       0.95242498186144453       -1.6337253223089513E-005   8.1629382691175180E-003
   2919.8654971833316       0.95248616759469162       -1.6339002491609658E-005   8.1792772716091280E-003
   2924.8654971833316       0.95254715787406452       -1.6340746246760406E-005   8.1956180178558886E-003
   2929.8654971833316       0.95260795361944361       -1.6342484514126252E-005   8.2119605023700144E-003
   2934.8654971833316       0.95266855574490317       -1.6344217319132448E-005   8.2283047196891473E-003
   2939.8654971833316       0.95272896515874184       -1.6345944687045831E-005   8.2446506643761939E-003
   2944.8654971833316       0.95278918276352731       -1.6347666642975998E-005   8.2609983310191707E-003
   2949.8654971833316       0.95284920945615637       -1.6349383211876981E-005   8.2773477142310484E-003
   2954.8654971833316       0.95290904612788041       -1.6351094418547880E-005   8.2936988086495956E-003
   2959.8654971833316       0.95296869366435966       -1.6352800287634375E-005   8.3100516089372294E-003
   2964.8654971833316       0.95302815294570931       -1.6354500843629952E-005   8.3264061097808595E-003
   2969.8654971833316       0.95308742484653308       -1.6356196110876806E-005   8.3427623058917356E-003
   2974.8654971833316       0.95314651023597119       -1.6357886113567162E-005   8.3591201920053034E-003
   2979.8654971833316       0.95320540997775982       -1.6359570875744880E-005   8.3754797628810482E-003
   2984.8654971833316       0.95326412493025825       -1.6361250421306204E-005   8.3918410133023546E-003
   2989.8654971833316       0.95332265594648102       -1.6362924774000568E-005   8.4082039380763557E-003
   2994.8654971833316       0.95338100387417257       -1.6364593957432728E-005   8.4245685320337889E-003
   2999.8654971833316       0.95343916955580110       -1.6366257995062473E-005   8.4409347900288520E-003
   3004.8654971833316       0.95349715382864875       -1.6367916910207178E-005   8.4573027069390593E-003
   3009.8654971833316       0.95355495752481623       -1.6369570726041854E-005   8.4736722776651008E-003
   3014.8654971833316       0.95361258147130112       -1.6371219465601331E-005   8.4900434971307021E-003
   3019.8654971833316       0.95367002648997357       -1.6372863151779511E-005   8.5064163602824820E-003
   3024.8654971833316       0.95372729339768536       -1.6374501807332432E-005   8.5227908620898150E-003
   3029.8654971833316       0.95378438300627100       -1.6376135454878227E-005   8.5391669975446935E-003
   3034.8654971833316       0.95384129612259716       -1.6377764116898484E-005   8.5555447616615914E-003
   3039.8654971833316       0.95389803354859148       -1.6379387815739029E-005   8.5719241494773297E-003
   3044.8654971833316       0.95395459608129762       -1.6381006573611424E-005   8.5883051560509405E-003
   3049.8654971833316       0.95401098451290101       -1.6382620412593658E-005   8.6046877764635338E-003
   3054.8654971833316       0.95406719963076869       -1.6384229354631232E-005   8.6210720058181659E-003
   3059.8654971833316       0.95412324221748002       -1.6385833421537983E-005   8.6374578392397032E-003
   3064.8654971833316       0.95417911305088376       -1.6387432634997662E-005   8.6538452718747001E-003
   3069.8654971833316       0.95423481290410050       -1.6389027016563955E-005   8.6702342988912648E-003
   3074.8654971833316       0.95429034254560374       -1.6390616587662730E-005   8.6866249154789275E-003
   3079.8654971833316       0.95434570273918928       -1.6392201369591142E-005   8.7030171168485191E-003
   3084.8654971833316       0.95440089424407981       -1.6393781383520544E-005   8.7194108982320395E-003
   3089.8654971833316       0.95445591781493966       -1.6395356650496887E-005   8.7358062548825357E-003
   3094.8654971833316       0.95451077420189501       -1.6396927191441216E-005   8.7522031820739775E-003
   3099.8654971833316       0.95456546415055776       -1.6398493027150326E-005   8.7686016751011286E-003
   3104.8654971833316       0.95461998840209616       -1.6400054178298724E-005   8.7850017292794274E-003
   3109.8654971833316       0.95467434769322734       -1.6401610665438383E-005   8.8014033399448650E-003
   3114.8654971833316       0.95472854275629593       -1.6403162509000914E-005   8.8178065024538659E-003
   3119.8654971833316       0.95478257431926405       -1.6404709729297252E-005   8.8342112121831632E-003
   3124.8654971833316       0.95483644310577487       -1.6406252346519425E-005   8.8506174645296819E-003
   3129.8654971833316       0.95489014983517417       -1.6407790380741132E-005   8.8670252549104232E-003
   3134.8654971833316       0.95494369522253786       -1.6409323851918456E-005   8.8834345787623410E-003
   3139.8654971833316       0.95499707997870720       -1.6410852779890866E-005   8.8998454315422325E-003
   3144.8654971833316       0.95505030481031639       -1.6412377184381935E-005   8.9162578087266138E-003
   3149.8654971833316       0.95510337041983329       -1.6413897085000458E-005   8.9326717058116137E-003
   3154.8654971833316       0.95515627750558174       -1.6415412501241076E-005   8.9490871183128540E-003
   3159.8654971833316       0.95520902676178832       -1.6416923452485524E-005   8.9655040417653403E-003
   3164.8654971833316       0.95526161887861549       -1.6418429958003585E-005   8.9819224717233442E-003
   3169.8654971833316       0.95531405454213558       -1.6419932036952269E-005   8.9983424037602972E-003
   3174.8654971833316       0.95536633443442009       -1.6421429708378344E-005   9.0147638334686763E-003
   3179.8654971833316       0.95541845923357005       -1.6422922991219160E-005   9.0311867564598948E-003
   3184.8654971833316       0.95547042961370521       -1.6424411904302280E-005   9.0476111683641964E-003
   3189.8654971833316       0.95552224624502902       -1.6425896466347335E-005   9.0640370648305442E-003
   3194.8654971833316       0.95557390979382117       -1.6427376695965735E-005   9.0804644415265097E-003
   3199.8654971833316       0.95562542092250968       -1.6428852611662715E-005   9.0968932941381721E-003
   3204.8654971833316       0.95567678028967962       -1.6430324231837532E-005   9.1133236183700093E-003
   3209.8654971833316       0.95572798855010155       -1.6431791574784245E-005   9.1297554099447932E-003
   3214.8654971833316       0.95577904635474098       -1.6433254658691958E-005   9.1461886646034846E-003
   3219.8654971833316       0.95582995435081353       -1.6434713501646328E-005   9.1626233781051305E-003
   3224.8654971833316       0.95588071318181389       -1.6436168121630397E-005   9.1790595462267616E-003
   3229.8654971833316       0.95593132348751486       -1.6437618536524502E-005   9.1954971647632867E-003
   3234.8654971833316       0.95598178590400418       -1.6439064764107288E-005   9.2119362295273940E-003
   3239.8654971833316       0.95603210106373615       -1.6440506822057177E-005   9.2283767363494518E-003
   3244.8654971833316       0.95608226959551945       -1.6441944727951946E-005   9.2448186810774029E-003
   3249.8654971833316       0.95613229212458539       -1.6443378499270674E-005   9.2612620595766745E-003
   3254.8654971833316       0.95618216927257615       -1.6444808153393358E-005   9.2777068677300685E-003
   3259.8654971833316       0.95623190165759775       -1.6446233707602388E-005   9.2941531014376702E-003
   3264.8654971833316       0.95628148989421247       -1.6447655179082317E-005   9.3106007566167524E-003
   3269.8654971833316       0.95633093459350615       -1.6449072584921720E-005   9.3270498292016748E-003
   3274.8654971833316       0.95638023636309311       -1.6450485942113338E-005   9.3435003151437889E-003
   3279.8654971833316       0.95642939580713071       -1.6451895267554429E-005   9.3599522104113441E-003
   3284.8654971833316       0.95647841352636154       -1.6453300578047959E-005   9.3764055109893923E-003
   3289.8654971833316       0.95652729011812732       -1.6454701890302968E-005   9.3928602128796959E-003
   3294.8654971833316       0.95657602617638893       -1.6456099220935101E-005   9.4093163121006310E-003
   3299.8654971833316       0.95662462229176082       -1.6457492586467572E-005   9.4257738046870983E-003
   3304.8654971833316       0.95667307905154497       -1.6458882003332089E-005   9.4422326866904303E-003
   3309.8654971833316       0.95672139703971426       -1.6460267487868374E-005   9.4586929541782983E-003
   3314.8654971833316       0.95676957683699593       -1.6461649056326477E-005   9.4751546032346250E-003
   3319.8654971833316       0.95681761902084395       -1.6463026724866005E-005   9.4916176299594916E-003
   3324.8654971833316       0.95686552416548931       -1.6464400509557492E-005   9.5080820304690485E-003
   3329.8654971833316       0.95691329284193827       -1.6465770426382334E-005   9.5245478008954311E-003
   3334.8654971833316       0.95696092561801316       -1.6467136491233927E-005   9.5410149373866653E-003
   3339.8654971833316       0.95700842305836820       -1.6468498719918094E-005   9.5574834361065834E-003
   3344.8654971833316       0.95705578572454753       -1.6469857128154698E-005   9.5739532932347382E-003
   3349.8654971833316       0.95710301417493460       -1.6471211731576196E-005   9.5904245049663137E-003
   3354.8654971833316       0.95715010896483266       -1.6472562545729875E-005   9.6068970675120442E-003
   3359.8654971833316       0.95719707064646098       -1.6473909586077762E-005   9.6233709770981220E-003
   3364.8654971833316       0.95724389976900437       -1.6475252867997972E-005   9.6398462299661196E-003
   3369.8654971833316       0.95729059687857043       -1.6476592406783465E-005   9.6563228223729026E-003
   3374.8654971833316       0.95733716251831025       -1.6477928217645502E-005   9.6728007505905485E-003
   3379.8654971833316       0.95738359722834010       -1.6479260315711348E-005   9.6892800109062600E-003
   3384.8654971833316       0.95742990154580554       -1.6480588716026075E-005   9.7057605996222866E-003
   3389.8654971833316       0.95747607600494478       -1.6481913433554378E-005   9.7222425130558416E-003
   3394.8654971833316       0.95752212113702095       -1.6483234483178586E-005   9.7387257475390204E-003
   3399.8654971833316       0.95756803747040797       -1.6484551879701101E-005   9.7552102994187210E-003
   3404.8654971833316       0.95761382553057717       -1.6485865637844000E-005   9.7716961650565655E-003
   3409.8654971833316       0.95765948584013472       -1.6487175772250050E-005   9.7881833408288155E-003
   3414.8654971833316       0.95770501891884618       -1.6488482297483427E-005   9.8046718231262989E-003
   3419.8654971833316       0.95775042528364207       -1.6489785228029819E-005   9.8211616083543288E-003
   3424.8654971833316       0.95779570544863990       -1.6491084578297042E-005   9.8376526929326250E-003
   3429.8654971833316       0.95784085992517298       -1.6492380362615845E-005   9.8541450732952413E-003
   3434.8654971833316       0.95788588922178397       -1.6493672595239696E-005   9.8706387458904806E-003
   3439.8654971833316       0.95793079384427648       -1.6494961290346232E-005   9.8871337071808271E-003
   3444.8654971833316       0.95797557429570812       -1.6496246462037044E-005   9.9036299536428649E-003
   3449.8654971833316       0.95802023107643408       -1.6497528124338896E-005   9.9201274817672033E-003
   3454.8654971833316       0.95806476468411139       -1.6498806291203827E-005   9.9366262880584075E-003
   3459.8654971833316       0.95810917561370312       -1.6500080976509238E-005   9.9531263690349168E-003
   3464.8654971833316       0.95815346435752902       -1.6501352194059334E-005   9.9696277212289759E-003
   3469.8654971833316       0.95819763140525305       -1.6502619957584739E-005   9.9861303411865610E-003
   3474.8654971833316       0.95824167724390608       -1.6503884280743113E-005   1.0002634225467304E-002
   3479.8654971833316       0.95828560235791771       -1.6505145177120056E-005   1.0019139370644425E-002
   3484.8654971833316       0.95832940722915427       -1.6506402660230172E-005   1.0035645773304656E-002
   3489.8654971833316       0.95837309233688528       -1.6507656743516069E-005   1.0052153430048172E-002
   3494.8654971833316       0.95841665815781463       -1.6508907440349254E-005   1.0068662337488521E-002
   3499.8654971833316       0.95846010516612978       -1.6510154764031508E-005   1.0085172492252553E-002
   3504.8654971833316       0.95850343383347525       -1.6511398727794110E-005   1.0101683890980347E-002
   3509.8654971833316       0.95854664462901251       -1.6512639344799522E-005   1.0118196530325146E-002
   3514.8654971833316       0.95858973801941283       -1.6513876628141174E-005   1.0134710406953287E-002
   3519.8654971833316       0.95863271446886233       -1.6515110590843592E-005   1.0151225517544131E-002
   3524.8654971833316       0.95867557443910389       -1.6516341245863556E-005   1.0167741858789995E-002
   3529.8654971833316       0.95871831838944188       -1.6517568606090236E-005   1.0184259427396085E-002
   3534.8654971833316       0.95876094677676382       -1.6518792684345799E-005   1.0200778220080430E-002
   3539.8654971833316       0.95880346005553319       -1.6520013493385142E-005   1.0217298233573816E-002
   3544.8654971833316       0.95884585867784788       -1.6521231045897600E-005   1.0233819464619714E-002
   3549.8654971833316       0.95888814309340975       -1.6522445354506019E-005   1.0250341909974221E-002
   3554.8654971833316       0.95893031374957716       -1.6523656431768250E-005   1.0266865566405988E-002
   3559.8654971833316       0.95897237109135824       -1.6524864290176943E-005   1.0283390430696164E-002
   3564.8654971833316       0.95901431556143990       -1.6526068942160358E-005   1.0299916499638325E-002
   3569.8654971833316       0.95905614760020341       -1.6527270400082780E-005   1.0316443770038408E-002
   3574.8654971833316       0.95909786764571325       -1.6528468676244198E-005   1.0332972238714652E-002
   3579.8654971833316       0.95913947613376782       -1.6529663782881729E-005   1.0349501902497534E-002
   3584.8654971833316       0.95918097349789877       -1.6530855732169589E-005   1.0366032758229704E-002
   3589.8654971833316       0.95922236016936524       -1.6532044536218897E-005   1.0382564802765922E-002
   3594.8654971833316       0.95926363657723879       -1.6533230207080099E-005   1.0399098032973002E-002
   3599.8654971833316       0.95930480314831745       -1.6534412756740494E-005   1.0415632445729742E-002
   3604.8654971833316       0.95934586030720392       -1.6535592197126437E-005   1.0432168037926869E-002
   3609.8654971833316       0.95938680847630686       -1.6536768540103379E-005   1.0448704806466973E-002
   3614.8654971833316       0.95942764807588876       -1.6537941797477222E-005   1.0465242748264450E-002
   3619.8654971833316       0.95946837952399866       -1.6539111980992352E-005   1.0481781860245442E-002
   3624.8654971833316       0.95950900323657207       -1.6540279102334506E-005   1.0498322139347776E-002
   3629.8654971833316       0.95954951962738388       -1.6541443173129392E-005   1.0514863582520904E-002
   3634.8654971833316       0.95958992910810015       -1.6542604204944169E-005   1.0531406186725848E-002
   3639.8654971833316       0.95963023208828935       -1.6543762209287755E-005   1.0547949948935136E-002
   3644.8654971833316       0.95967042897538124       -1.6544917197609613E-005   1.0564494866132746E-002
   3649.8654971833316       0.95971052017475000       -1.6546069181302123E-005   1.0581040935314048E-002
   3654.8654971833316       0.95975050608969781       -1.6547218171700116E-005   1.0597588153485748E-002
   3659.8654971833316       0.95979038712148668       -1.6548364180081750E-005   1.0614136517665830E-002
   3664.8654971833316       0.95983016366932616       -1.6549507217668142E-005   1.0630686024883498E-002
   3669.8654971833316       0.95986983613037258       -1.6550647295623351E-005   1.0647236672179122E-002
   3674.8654971833316       0.95990940489981003       -1.6551784425056646E-005   1.0663788456604179E-002
   3679.8654971833316       0.95994887037078225       -1.6552918617020579E-005   1.0680341375221199E-002
   3684.8654971833316       0.95998823293446067       -1.6554049882512903E-005   1.0696895425103712E-002
   3689.8654971833316       0.96002749298001777       -1.6555178232475775E-005   1.0713450603336188E-002
   3694.8654971833316       0.96006665089469112       -1.6556303677797615E-005   1.0730006907013985E-002
   3699.8654971833316       0.96010570706374376       -1.6557426229311930E-005   1.0746564333243298E-002
   3704.8654971833316       0.96014466187052372       -1.6558545897799000E-005   1.0763122879141097E-002
   3709.8654971833316       0.96018351569641103       -1.6559662693984363E-005   1.0779682541835081E-002
   3714.8654971833316       0.96022226892089824       -1.6560776628541104E-005   1.0796243318463622E-002
   3719.8654971833316       0.96026092192156898       -1.6561887712089224E-005   1.0812805206175712E-002
   3724.8654971833316       0.96029947507410740       -1.6562995955195880E-005   1.0829368202130908E-002
   3729.8654971833316       0.96033792875232860       -1.6564101368376288E-005   1.0845932303499284E-002
   3734.8654971833316       0.96037628332816949       -1.6565203962093388E-005   1.0862497507461377E-002
   3739.8654971833316       0.96041453917172326       -1.6566303746758869E-005   1.0879063811208137E-002
   3744.8654971833316       0.96045269665122257       -1.6567400732732651E-005   1.0895631211940869E-002
   3749.8654971833316       0.96049075613309232       -1.6568494930324386E-005   1.0912199706871193E-002
   3754.8654971833316       0.96052871798188877       -1.6569586349791684E-005   1.0928769293220984E-002
   3759.8654971833316       0.96056658256041760       -1.6570675001343532E-005   1.0945339968222327E-002
   3764.8654971833316       0.96060435022964652       -1.6571760895137714E-005   1.0961911729117466E-002
   3769.8654971833316       0.96064202134876253       -1.6572844041282497E-005   1.0978484573158748E-002
   3774.8654971833316       0.96067959627517308       -1.6573924449836602E-005   1.0995058497608585E-002
   3779.8654971833316       0.96071707536452922       -1.6575002130809885E-005   1.1011633499739396E-002
   3784.8654971833316       0.96075445897073086       -1.6576077094163480E-005   1.1028209576833559E-002
   3789.8654971833316       0.96079174744592322       -1.6577149349809650E-005   1.1044786726183368E-002
   3794.8654971833316       0.96082894114052575       -1.6578218907612648E-005   1.1061364945090980E-002
   3799.8654971833316       0.96086604040323231       -1.6579285777388673E-005   1.1077944230868369E-002
   3804.8654971833316       0.96090304558103146       -1.6580349968906469E-005   1.1094524580837276E-002
