 #              _____________________  _______________________             #
 #              ___  __ \__  __ \_  / / /_  /___  ____/_  ___/             #
 #              __  / / /_  /_/ /  / / /_  __/_  __/  _____ \              #
 #              _  /_/ /_  _, _// /_/ / / /_ _  /___  ____/ /              #
 #              /_____/ /_/ |_| \____/  \__/ /_____/  /____/               #
 #                                                                         #
  
 #        time                      h  [L]                   theta [-]       Darcian flow [L.T^{-1}]   in    x         z              directions   cumulative flux
 #-----------------------------------------------------------------------------------------------

     0.000000000000E+000     0.400000000000E+001     0.600000000000E+000    -0.128477583493E-013    -0.104909908377E+003     0.104909908377E-004
     0.100000000000E-006     0.400000000000E+001     0.600000000000E+000    -0.128473792069E-013    -0.104906812444E+003     0.209816720821E-004
     0.206000000000E-006     0.400000000000E+001     0.600000000000E+000    -0.128469773219E-013    -0.104903530805E+003     0.321014463474E-004
     0.318360000000E-006     0.400000000000E+001     0.600000000000E+000    -0.128465513307E-013    -0.104900052322E+003     0.438880162264E-004
     0.437461600000E-006     0.400000000000E+001     0.600000000000E+000    -0.128460997877E-013    -0.104896365194E+003     0.563813411551E-004
     0.563709296000E-006     0.400000000000E+001     0.600000000000E+000    -0.128456211606E-013    -0.104892456907E+003     0.696237721675E-004
     0.697531853760E-006     0.400000000000E+001     0.600000000000E+000    -0.128451138256E-013    -0.104888314203E+003     0.836601946532E-004
     0.839383764986E-006     0.400000000000E+001     0.600000000000E+000    -0.128445760613E-013    -0.104883923024E+003     0.985381795910E-004
     0.989746790885E-006     0.400000000000E+001     0.600000000000E+000    -0.128440060434E-013    -0.104879268474E+003     0.114308143753E-003
     0.114913159834E-005     0.400000000000E+001     0.600000000000E+000    -0.128434018381E-013    -0.104874334764E+003     0.131023519406E-003
     0.131807949424E-005     0.400000000000E+001     0.600000000000E+000    -0.128427613958E-013    -0.104869105156E+003     0.148740934067E-003
     0.149716426389E-005     0.400000000000E+001     0.600000000000E+000    -0.128420825443E-013    -0.104863561912E+003     0.167520400897E-003
     0.168699411973E-005     0.400000000000E+001     0.600000000000E+000    -0.128413629811E-013    -0.104857686233E+003     0.187425520358E-003
     0.188821376691E-005     0.400000000000E+001     0.600000000000E+000    -0.128406002660E-013    -0.104851458191E+003     0.208523693782E-003
     0.210150659292E-005     0.400000000000E+001     0.600000000000E+000    -0.128397918125E-013    -0.104844856667E+003     0.230886349553E-003
     0.232759698850E-005     0.400000000000E+001     0.600000000000E+000    -0.128389348793E-013    -0.104837859277E+003     0.254589182629E-003
     0.256725280781E-005     0.400000000000E+001     0.600000000000E+000    -0.128380265610E-013    -0.104830442296E+003     0.279712408166E-003
     0.282128797628E-005     0.400000000000E+001     0.600000000000E+000    -0.128370637785E-013    -0.104822580580E+003     0.306341030082E-003
     0.309056525485E-005     0.400000000000E+001     0.600000000000E+000    -0.128360432681E-013    -0.104814247480E+003     0.334565125400E-003
     0.337599917015E-005     0.400000000000E+001     0.600000000000E+000    -0.128349615710E-013    -0.104805414753E+003     0.364480145276E-003
     0.367855912035E-005     0.400000000000E+001     0.600000000000E+000    -0.128338150214E-013    -0.104796052465E+003     0.396187233692E-003
     0.399927266758E-005     0.400000000000E+001     0.600000000000E+000    -0.128325997343E-013    -0.104786128893E+003     0.429793564789E-003
     0.433922902763E-005     0.400000000000E+001     0.600000000000E+000    -0.128313115923E-013    -0.104775610415E+003     0.465412699928E-003
     0.469958276929E-005     0.400000000000E+001     0.600000000000E+000    -0.128299462318E-013    -0.104764461400E+003     0.503164965586E-003
