 #              _____________________  _______________________             #
 #              ___  __ \__  __ \_  / / /_  /___  ____/_  ___/             #
 #              __  / / /_  /_/ /  / / /_  __/_  __/  _____ \              #
 #              _  /_/ /_  _, _// /_/ / / /_ _  /___  ____/ /              #
 #              /_____/ /_/ |_| \____/  \__/ /_____/  /____/               #
 #                                                                         #
  
 #        time                      [L]                   runoff elevation [m a.m.s.l]       runoff flux [L3.T-1.L-2]   in    x              directions   cumulative flux
 #-----------------------------------------------------------------------------------------------

   0.0000000000000000        0.0000000000000000       -0.0000000000000000        0.0000000000000000     
   1.0000000000000000E-004   0.0000000000000000       -0.0000000000000000        0.0000000000000000     
   2.0600000000000002E-004   0.0000000000000000       -0.0000000000000000        0.0000000000000000     
   3.1836000000000006E-004   0.0000000000000000       -0.0000000000000000        0.0000000000000000     
   4.3746160000000009E-004   0.0000000000000000       -0.0000000000000000        0.0000000000000000     
   5.6370929600000014E-004   0.0000000000000000       -0.0000000000000000        0.0000000000000000     
   6.9753185376000013E-004   0.0000000000000000       -0.0000000000000000        0.0000000000000000     
   8.3938376498560023E-004   0.0000000000000000       -0.0000000000000000        0.0000000000000000     
   9.8974679088473629E-004   0.0000000000000000       -0.0000000000000000        0.0000000000000000     
   1.1491315983378205E-003   0.0000000000000000       -0.0000000000000000        0.0000000000000000     
   1.3180794942380899E-003   0.0000000000000000       -0.0000000000000000        0.0000000000000000     
   1.4971642638923754E-003   0.0000000000000000       -0.0000000000000000        0.0000000000000000     
   1.6869941197259180E-003   0.0000000000000000       -0.0000000000000000        0.0000000000000000     
   1.8882137669094731E-003   0.0000000000000000       -0.0000000000000000        0.0000000000000000     
   2.1015065929240414E-003   0.0000000000000000       -0.0000000000000000        0.0000000000000000     
   2.3275969884994840E-003   0.0000000000000000       -0.0000000000000000        0.0000000000000000     
   2.5672528078094533E-003   0.0000000000000000       -0.0000000000000000        0.0000000000000000     
   2.8212879762780207E-003   0.0000000000000000       -0.0000000000000000        0.0000000000000000     
   3.0905652548547020E-003   0.0000000000000000       -0.0000000000000000        0.0000000000000000     
   3.3759991701459843E-003   0.0000000000000000       -0.0000000000000000        0.0000000000000000     
   3.6785591203547436E-003   0.0000000000000000       -0.0000000000000000        0.0000000000000000     
   3.9992726675760282E-003   0.0000000000000000       -0.0000000000000000        0.0000000000000000     
   4.3392290276305897E-003   0.0000000000000000       -0.0000000000000000        0.0000000000000000     
   4.6995827692884254E-003   0.0000000000000000       -0.0000000000000000        0.0000000000000000     
   5.0815577354457308E-003   0.0000000000000000       -0.0000000000000000        0.0000000000000000     
   5.4864511995724747E-003   0.0000000000000000       -0.0000000000000000        0.0000000000000000     
   5.9156382715468232E-003   0.0000000000000000       -0.0000000000000000        0.0000000000000000     
   6.3705765678396331E-003   0.0000000000000000       -0.0000000000000000        0.0000000000000000     
   6.8528111619100118E-003   0.0000000000000000       -0.0000000000000000        0.0000000000000000     
   7.3639798316246126E-003   0.0000000000000000       -0.0000000000000000        0.0000000000000000     
   7.9058186215220892E-003   0.0000000000000000       -0.0000000000000000        0.0000000000000000     
   8.4801677388134152E-003   0.0000000000000000       -0.0000000000000000        0.0000000000000000     
   9.0889778031422210E-003   0.0000000000000000       -0.0000000000000000        0.0000000000000000     
   9.7343164713307555E-003   0.0000000000000000       -0.0000000000000000        0.0000000000000000     
   1.0418375459610602E-002   0.0000000000000000       -0.0000000000000000        0.0000000000000000     
   1.1143477987187239E-002   0.0000000000000000       -0.0000000000000000        0.0000000000000000     
   1.1912086666418473E-002   0.0000000000000000       -0.0000000000000000        0.0000000000000000     
   1.2726811866403582E-002   0.0000000000000000       -0.0000000000000000        0.0000000000000000     
   1.3590420578387798E-002   0.0000000000000000       -0.0000000000000000        0.0000000000000000     
   1.4505845813091067E-002   0.0000000000000000       -0.0000000000000000        0.0000000000000000     
   1.5476196561876531E-002   0.0000000000000000       -0.0000000000000000        0.0000000000000000     
   1.6504768355589124E-002   0.0000000000000000       -0.0000000000000000        0.0000000000000000     
   1.7595054456924473E-002   0.0000000000000000       -0.0000000000000000        0.0000000000000000     
   1.8750757724339942E-002   0.0000000000000000       -0.0000000000000000        0.0000000000000000     
   1.9975803187800338E-002   0.0000000000000000       -0.0000000000000000        0.0000000000000000     
   2.1274351379068360E-002   0.0000000000000000       -0.0000000000000000        0.0000000000000000     
   2.2650812461812463E-002   0.0000000000000000       -0.0000000000000000        0.0000000000000000     
   2.4109861209521213E-002   0.0000000000000000       -0.0000000000000000        0.0000000000000000     
   2.5656452882092486E-002   0.0000000000000000       -0.0000000000000000        0.0000000000000000     
   2.7295840055018037E-002   0.0000000000000000       -0.0000000000000000        0.0000000000000000     
   2.9033590458319120E-002   0.0000000000000000       -0.0000000000000000        0.0000000000000000     
   3.0875605885818270E-002   0.0000000000000000       -0.0000000000000000        0.0000000000000000     
   3.2828142238967364E-002   0.0000000000000000       -0.0000000000000000        0.0000000000000000     
   3.4897830773305411E-002   0.0000000000000000       -0.0000000000000000        0.0000000000000000     
   3.7091700619703738E-002   0.0000000000000000       -0.0000000000000000        0.0000000000000000     
   3.9417202656885961E-002   0.0000000000000000       -0.0000000000000000        0.0000000000000000     
   4.1882234816299123E-002   0.0000000000000000       -0.0000000000000000        0.0000000000000000     
   4.4495168905277070E-002   0.0000000000000000       -0.0000000000000000        0.0000000000000000     
   4.7264879039593699E-002   0.0000000000000000       -0.0000000000000000        0.0000000000000000     
   5.0200771781969321E-002   0.0000000000000000       -0.0000000000000000        0.0000000000000000     
   5.3312818088887486E-002   0.0000000000000000       -0.0000000000000000        0.0000000000000000     
   5.6611587174220740E-002   0.0000000000000000       -0.0000000000000000        0.0000000000000000     
   6.0108282404673988E-002   0.0000000000000000       -0.0000000000000000        0.0000000000000000     
   6.3814779348954437E-002   0.0000000000000000       -0.0000000000000000        0.0000000000000000     
   6.7743666109891701E-002   0.0000000000000000       -0.0000000000000000        0.0000000000000000     
   7.1908286076485209E-002   0.0000000000000000       -0.0000000000000000        0.0000000000000000     
   7.6322783241074332E-002   0.0000000000000000       -0.0000000000000000        0.0000000000000000     
   8.1002150235538792E-002   0.0000000000000000       -0.0000000000000000        0.0000000000000000     
   8.5962279249671120E-002   0.0000000000000000       -0.0000000000000000        0.0000000000000000     
   9.1220016004651391E-002   0.0000000000000000       -0.0000000000000000        0.0000000000000000     
   9.6793216964930484E-002   0.0000000000000000       -0.0000000000000000        0.0000000000000000     
  0.10270080998282632        0.0000000000000000       -0.0000000000000000        0.0000000000000000     
  0.10896285858179591        0.0000000000000000       -0.0000000000000000        0.0000000000000000     
  0.11560063009670367        0.0000000000000000       -0.0000000000000000        0.0000000000000000     
  0.12263666790250589        0.0000000000000000       -0.0000000000000000        0.0000000000000000     
  0.13009486797665626        0.0000000000000000       -0.0000000000000000        0.0000000000000000     
  0.13800056005525563        0.0000000000000000       -0.0000000000000000        0.0000000000000000     
  0.14638059365857098        0.0000000000000000       -0.0000000000000000        0.0000000000000000     
  0.15526342927808526        0.0000000000000000       -0.0000000000000000        0.0000000000000000     
  0.16467923503477039        0.0000000000000000       -0.0000000000000000        0.0000000000000000     
  0.17465998913685662        0.0000000000000000       -0.0000000000000000        0.0000000000000000     
  0.18523958848506802        0.0000000000000000       -0.0000000000000000        0.0000000000000000     
  0.19645396379417213        0.0000000000000000       -0.0000000000000000        0.0000000000000000     
  0.20834120162182246        0.0000000000000000       -0.0000000000000000        0.0000000000000000     
  0.22094167371913181        0.0000000000000000       -0.0000000000000000        0.0000000000000000     
  0.23429817414227974        0.0000000000000000       -0.0000000000000000        0.0000000000000000     
  0.24845606459081654        0.0000000000000000       -0.0000000000000000        0.0000000000000000     
  0.26346342846626553        0.0000000000000000       -0.0000000000000000        0.0000000000000000     
  0.27937123417424148        0.0000000000000000       -0.0000000000000000        0.0000000000000000     
  0.29623350822469596        0.0000000000000000       -0.0000000000000000        0.0000000000000000     
  0.31410751871817771        0.0000000000000000       -0.0000000000000000        0.0000000000000000     
  0.33305396984126839        0.0000000000000000       -0.0000000000000000        0.0000000000000000     
  0.35313720803174453        0.0000000000000000       -0.0000000000000000        0.0000000000000000     
  0.37442544051364923        0.0000000000000000       -0.0000000000000000        0.0000000000000000     
  0.39699096694446823        0.0000000000000000       -0.0000000000000000        0.0000000000000000     
  0.42091042496113634        0.0000000000000000       -0.0000000000000000        0.0000000000000000     
  0.44626505045880455        0.0000000000000000       -0.0000000000000000        0.0000000000000000     
  0.47314095348633284        0.0000000000000000       -0.0000000000000000        0.0000000000000000     
  0.50162941069551281        0.0000000000000000       -0.0000000000000000        0.0000000000000000     
  0.53182717533724366        0.0000000000000000       -0.0000000000000000        0.0000000000000000     
  0.56383680585747831        0.0000000000000000       -0.0000000000000000        0.0000000000000000     
  0.59776701420892708        0.0000000000000000       -0.0000000000000000        0.0000000000000000     
  0.63373303506146272        0.0000000000000000       -0.0000000000000000        0.0000000000000000     
  0.67185701716515056        0.0000000000000000       -0.0000000000000000        0.0000000000000000     
  0.71226843819505958        0.0000000000000000       -0.0000000000000000        0.0000000000000000     
  0.75510454448676323        0.0000000000000000       -0.0000000000000000        0.0000000000000000     
  0.80051081715596906        0.0000000000000000       -0.0000000000000000        0.0000000000000000     
  0.84864146618532721        0.0000000000000000       -0.0000000000000000        0.0000000000000000     
  0.89965995415644684        0.0000000000000000       -0.0000000000000000        0.0000000000000000     
  0.95373955140583366        0.0000000000000000       -0.0000000000000000        0.0000000000000000     
   1.0110639244901838        0.0000000000000000       -0.0000000000000000        0.0000000000000000     
   1.0718277599595949        0.0000000000000000       -0.0000000000000000        0.0000000000000000     
   1.1362374255571706        0.0000000000000000       -0.0000000000000000        0.0000000000000000     
   1.2045116710906008        0.0000000000000000       -0.0000000000000000        0.0000000000000000     
   1.2768823713560369        0.0000000000000000       -0.0000000000000000        0.0000000000000000     
   1.3535953136373993        0.0000000000000000       -0.0000000000000000        0.0000000000000000     
   1.4349110324556433        0.0000000000000000       -0.0000000000000000        0.0000000000000000     
   1.5211056944029819        0.0000000000000000       -0.0000000000000000        0.0000000000000000     
   1.6124720360671609        0.0000000000000000       -0.0000000000000000        0.0000000000000000     
   1.7093203582311907        0.0000000000000000       -0.0000000000000000        0.0000000000000000     
   1.8119795797250622        0.0000000000000000       -0.0000000000000000        0.0000000000000000     
   1.9207983545085661        0.0000000000000000       -0.0000000000000000        0.0000000000000000     
   2.0361462557790801        0.0000000000000000       -0.0000000000000000        0.0000000000000000     
   2.1584150311258252        0.0000000000000000       -0.0000000000000000        0.0000000000000000     
   2.2880199329933748        0.0000000000000000       -0.0000000000000000        0.0000000000000000     
   2.4254011289729775        0.0000000000000000       -0.0000000000000000        0.0000000000000000     
   2.5710251967113562        0.0000000000000000       -0.0000000000000000        0.0000000000000000     
   2.7253867085140375        0.0000000000000000       -0.0000000000000000        0.0000000000000000     
   2.8890099110248801        0.0000000000000000       -0.0000000000000000        0.0000000000000000     
   3.0624505056863729        0.0000000000000000       -0.0000000000000000        0.0000000000000000     
   3.2462975360275554        0.0000000000000000       -0.0000000000000000        0.0000000000000000     
   3.4411753881892091        0.0000000000000000       -0.0000000000000000        0.0000000000000000     
   3.6477459114805617        0.0000000000000000       -0.0000000000000000        0.0000000000000000     
   3.8667106661693955        0.0000000000000000       -0.0000000000000000        0.0000000000000000     
   4.0988133061395597        0.0000000000000000       -0.0000000000000000        0.0000000000000000     
   4.3448421045079337        0.0000000000000000       -0.0000000000000000        0.0000000000000000     
   4.6056326307784099        0.0000000000000000       -0.0000000000000000        0.0000000000000000     
   4.8820705886251146        0.0000000000000000       -0.0000000000000000        0.0000000000000000     
   5.1750948239426213        0.0000000000000000       -0.0000000000000000        0.0000000000000000     
   5.4857005133791787        0.0000000000000000       -0.0000000000000000        0.0000000000000000     
   5.8149425441819300        0.0000000000000000       -0.0000000000000000        0.0000000000000000     
   6.1639390968328458        0.0000000000000000       -0.0000000000000000        0.0000000000000000     
   6.5338754426428167        0.0000000000000000       -0.0000000000000000        0.0000000000000000     
   6.9260079692013861        0.0000000000000000       -0.0000000000000000        0.0000000000000000     
   7.3416684473534692        0.0000000000000000       -0.0000000000000000        0.0000000000000000     
   7.7822685541946779        0.0000000000000000       -0.0000000000000000        0.0000000000000000     
   8.2493046674463599        0.0000000000000000       -0.0000000000000000        0.0000000000000000     
   8.7443629474931424        0.0000000000000000       -0.0000000000000000        0.0000000000000000     
   9.2691247243427313        0.0000000000000000       -0.0000000000000000        0.0000000000000000     
   9.8253722078032961        0.0000000000000000       -0.0000000000000000        0.0000000000000000     
   10.414994540271495        0.0000000000000000       -0.0000000000000000        0.0000000000000000     
   11.039994212687786        0.0000000000000000       -0.0000000000000000        0.0000000000000000     
   11.702493865449053        0.0000000000000000       -0.0000000000000000        0.0000000000000000     
   12.404743497375996        0.0000000000000000       -0.0000000000000000        0.0000000000000000     
   13.149128107218557        0.0000000000000000       -0.0000000000000000        0.0000000000000000     
   13.938175793651672        0.0000000000000000       -0.0000000000000000        0.0000000000000000     
   14.774566341270774        0.0000000000000000       -0.0000000000000000        0.0000000000000000     
   15.661140321747020        0.0000000000000000       -0.0000000000000000        0.0000000000000000     
   16.600908741051843        0.0000000000000000       -0.0000000000000000        0.0000000000000000     
   17.597063265514954        0.0000000000000000       -0.0000000000000000        0.0000000000000000     
   18.652987061445852        0.0000000000000000       -0.0000000000000000        0.0000000000000000     
   19.772266285132606        0.0000000000000000       -0.0000000000000000        0.0000000000000000     
   20.958702262240564        0.0000000000000000       -0.0000000000000000        0.0000000000000000     
   22.216324397974997        0.0000000000000000       -0.0000000000000000        0.0000000000000000     
   23.549403861853499        0.0000000000000000       -0.0000000000000000        0.0000000000000000     
   24.962468093564709        0.0000000000000000       -0.0000000000000000        0.0000000000000000     
   26.460316179178594        0.0000000000000000       -0.0000000000000000        0.0000000000000000     
   28.048035149929312        0.0000000000000000       -0.0000000000000000        0.0000000000000000     
   29.731017258925071        1.0585754412509580E-003  -5.3704158658941294E-007   5.3704158658941294E-007
   31.514978294460576        1.2608356234846702E-003  -7.1873535991970958E-007   1.2557769465091226E-006
   33.405976992128210        2.5159657320966609E-003  -2.2732442238941738E-006   3.5290211704032965E-006
   35.410435611655906        1.8740728591363598E-003  -1.3913904303931357E-006   4.9204116007964321E-006
   37.535161748355264        3.0457487382432652E-003  -3.1258035624125578E-006   8.0462151632089903E-006
   39.787371453256583        2.5354408486244263E-003  -2.3026470012693064E-006   1.0348862164478297E-005
   42.174713740451978        3.3731479604114539E-003  -3.7056455787849193E-006   1.4054507743263217E-005
   44.705296564879099        3.1304729326208855E-003  -3.2720616813633134E-006   1.7326569424626530E-005
   47.387714358771845        3.6782117833276552E-003  -4.2808772898699512E-006   2.1607446714496481E-005
   50.231077220298161        3.6221603527327043E-003  -4.1727049895525154E-006   2.5780151704048995E-005
   53.245041853516049        3.9832889474373271E-003  -4.8888635064497036E-006   3.0669015210498700E-005
   56.439844364727016        4.0275814222909649E-003  -4.9798023801365399E-006   3.5648817590635244E-005
   59.826335026610636        4.2799001877066485E-003  -5.5105417227420038E-006   4.1159359313377246E-005
   63.416015128207277        4.3706317198801648E-003  -5.7066151151239129E-006   4.6865974428501158E-005
   67.221076035899713        4.5606681878454097E-003  -6.1261226462633992E-006   5.2992097074764558E-005
   71.254440598053705        4.6689257589814549E-003  -6.3703971325295542E-006   5.9362494207294112E-005
   75.529807033936933        4.8223210620895410E-003  -6.7230307274706954E-006   6.6085524934764807E-005
   80.061695455973151        4.9338329823183586E-003  -6.9841297654362966E-006   7.3069654700201104E-005
   84.865497183331541        5.0643096186043929E-003  -7.2946642794436288E-006   8.0364318979644732E-005
   89.865497183331541        5.1724684444076100E-003  -7.5561628621199347E-006   8.7920481841764661E-005
   94.865497183331541        5.2840292373911154E-003  -7.8297322957678469E-006   9.5750214137532504E-005
   99.865497183331541        5.3763701644992138E-003  -8.0591053093554474E-006   1.0380931944688795E-004
   104.86549718333154        5.4670034081061771E-003  -8.2868052891069278E-006   1.1209612473599488E-004
   109.86549718333154        5.5462010497804495E-003  -8.4878476296197615E-006   1.2058397236561464E-004
   114.86549718333154        5.6221165220905599E-003  -8.6823634985585297E-006   1.2926633586417318E-004
   119.86549718333154        5.6906355950157323E-003  -8.8594382801903243E-006   1.3812577414436351E-004
   124.86549718333154        5.7556406407278946E-003  -9.0287510354063600E-006   1.4715452517976988E-004
   129.86549718333154        5.8154845857682838E-003  -9.1857525445498514E-006   1.5634027772431974E-004
   134.86549718333154        5.8720749323098956E-003  -9.3352124991555480E-006   1.6567549022347529E-004
   139.86549718333154        5.9248284111327806E-003  -9.4754066118222033E-006   1.7515089683529749E-004
   144.86549718333154        5.9747287528035039E-003  -9.6087866228127673E-006   1.8475968345811025E-004
   149.86549718333154        6.0216354551761338E-003  -9.7348439411632728E-006   1.9449452739927353E-004
   154.86549718333154        6.0660912711086373E-003  -9.8549205560625770E-006   2.0434944795533612E-004
   159.86549718333154        6.1081282951010564E-003  -9.9690049317896439E-006   2.1431845288712577E-004
   164.86549718333154        6.1480715944654332E-003  -1.0077893252643787E-005   2.2439634613976954E-004
   169.86549718333154        6.1860112687387482E-003  -1.0181757242022274E-005   2.3457810338179180E-004
   174.86549718333154        6.2221594473197772E-003  -1.0281112708943881E-005   2.4485921609073569E-004
   179.86549718333154        6.2566176404989350E-003  -1.0376182099386934E-005   2.5523539819012262E-004
   184.86549718333154        6.2895353840581826E-003  -1.0467328036210349E-005   2.6570272622633296E-004
   189.86549718333154        6.3210081524617875E-003  -1.0554770897954068E-005   2.7625749712428702E-004
   194.86549718333154        6.3511480030529572E-003  -1.0638782963161396E-005   2.8689628008744843E-004
   199.86549718333154        6.3800390507721544E-003  -1.0719564005778486E-005   2.9761584409322694E-004
   204.86549718333154        6.4077690742193770E-003  -1.0797328475467580E-005   3.0841317256869453E-004
   209.86549718333154        6.4344102826849603E-003  -1.0872251157988142E-005   3.1928542372668269E-004
   214.86549718333154        6.4600335846241716E-003  -1.0944506576472163E-005   3.3022993030315485E-004
   219.86549718333154        6.4847004182982740E-003  -1.1014245581478106E-005   3.4124417588463296E-004
   224.86549718333154        6.5084692972453674E-003  -1.1081613381498404E-005   3.5232578926613136E-004
   229.86549718333154        6.5313924479262807E-003  -1.1146739705180258E-005   3.6347252897131162E-004
   234.86549718333154        6.5535188946776735E-003  -1.1209747236872041E-005   3.7468227620818365E-004
   239.86549718333154        6.5748931628857501E-003  -1.1270747680151912E-005   3.8595302388833556E-004
   244.86549718333154        6.5955567967989296E-003  -1.1329845852091039E-005   3.9728286974042659E-004
   249.86549718333154        6.6155479331586322E-003  -1.1387138273933701E-005   4.0867000801436031E-004
   254.86549718333154        6.6349020961773003E-003  -1.1442715272907840E-005   4.2011272328726812E-004
   259.86549718333151        6.6536521247638784E-003  -1.1496660625585065E-005   4.3160938391285318E-004
   264.86549718333151        6.6718286241192254E-003  -1.1549052723083448E-005   4.4315843663593664E-004
   269.86549718333151        6.6894600258399989E-003  -1.1599964629101062E-005   4.5475840126503768E-004
   274.86549718333151        6.7065728688113987E-003  -1.1649464787488300E-005   4.6640786605252598E-004
   279.86549718333151        6.7231919001865554E-003  -1.1697617223890726E-005   4.7810548327641671E-004
   284.86549718333151        6.7393402659035604E-003  -1.1744482016769035E-005   4.8984996529318576E-004
   289.86549718333151        6.7550396157648419E-003  -1.1790115530824042E-005   5.0164008082400984E-004
   294.86549718333151        6.7703102422214259E-003  -1.1834570756346871E-005   5.1347465158035671E-004
   299.86549718333151        6.7851711763420464E-003  -1.1877897531595229E-005   5.2535254911195196E-004
   304.86549718333151        6.7996402942130515E-003  -1.1920142801855154E-005   5.3727269191380716E-004
   309.86549718333151        6.8137344003109217E-003  -1.1961350817085069E-005   5.4923404273089218E-004
   314.86549718333151        6.8274693118990813E-003  -1.2001563337490592E-005   5.6123560606838275E-004
   319.86549718333151        6.8408599299655051E-003  -1.2040819804180007E-005   5.7327642587256275E-004
   324.86549718333151        6.8539203077573174E-003  -1.2079157506667135E-005   5.8535558337922987E-004
   329.86549718333151        6.8666637106013211E-003  -1.2116611728301207E-005   5.9747219510753108E-004
   334.86549718333151        6.8791026724621517E-003  -1.2153215885190957E-005   6.0962541099272209E-004
   339.86549718333151        6.8912490463117933E-003  -1.2189001649687539E-005   6.2181441264240966E-004
   344.86549718333151        6.9031140513120945E-003  -1.2223999066933596E-005   6.3403841170934323E-004
   349.86549718333151        6.9147083153062953E-003  -1.2258236659783332E-005   6.4629664836912660E-004
   354.86549718333151        6.9260419144888353E-003  -1.2291741527358583E-005   6.5858838989648521E-004
   359.86549718333151        6.9371244093926251E-003  -1.2324539434491375E-005   6.7091292933097661E-004
   364.86549718333151        6.9479648784201162E-003  -1.2356654895485414E-005   6.8326958422646204E-004
   369.86549718333151        6.9585719484985221E-003  -1.2388111250791158E-005   6.9565769547725318E-004
   374.86549718333151        6.9689538235362791E-003  -1.2418930738449540E-005   7.0807662621570275E-004
   379.86549718333151        6.9791183106370216E-003  -1.2449134560044384E-005   7.2052576077574716E-004
   384.86549718333151        6.9890728444448724E-003  -1.2478742942155235E-005   7.3300450371790234E-004
   389.86549718333151        6.9988245095404132E-003  -1.2507775192966349E-005   7.4551227891086873E-004
   394.86549718333151        7.0083800614485258E-003  -1.2536249755607104E-005   7.5804852866647582E-004
   399.86549718333151        7.0177459458212839E-003  -1.2564184256840504E-005   7.7061271292331636E-004
   404.86549718333151        7.0269283166275480E-003  -1.2591595553501453E-005   7.8320430847681778E-004
   409.86549718333151        7.0359330526957543E-003  -1.2618499774670276E-005   7.9582280825148805E-004
   414.86549718333151        7.0447657734503070E-003  -1.2644912362027417E-005   8.0846772061351547E-004
   419.86549718333151        7.0534318532863979E-003  -1.2670848106678179E-005   8.2113856872019367E-004
   424.86549718333151        7.0619364352393129E-003  -1.2696321184358508E-005   8.3383488990455216E-004
   429.86549718333151        7.0702844434642172E-003  -1.2721345187530214E-005   8.4655623509208235E-004
   434.86549718333151        7.0784805951991416E-003  -1.2745933156339217E-005   8.5930216824842154E-004
   439.86549718333151        7.0865294116431877E-003  -1.2770097606699487E-005   8.7207226585512101E-004
   444.86549718333151        7.0944352284330004E-003  -1.2793850557517360E-005   8.8486611641263842E-004
   449.86549718333151        7.1022022051423720E-003  -1.2817203555301075E-005   8.9768331996793954E-004
   454.86549718333151        7.1098343345221381E-003  -1.2840167698281845E-005   9.1052348766622142E-004
   459.86549718333151        7.1173354508281940E-003  -1.2862753658062587E-005   9.2338624132428401E-004
   464.86549718333151        7.1247092379349078E-003  -1.2884971700868070E-005   9.3627121302515212E-004
   469.86549718333151        7.1319592367028025E-003  -1.2906831706778504E-005   9.4917804473193057E-004
   474.86549718333151        7.1390888521721298E-003  -1.2928343188649254E-005   9.6210638792057978E-004
   479.86549718333151        7.1461013599773884E-003  -1.2949515308876380E-005   9.7505590322945613E-004
   484.86549718333151        7.1529999128036497E-003  -1.2970356896468080E-005   9.8802626012592419E-004
   489.86549718333151        7.1597875460761703E-003  -1.2990876461968602E-005   1.0010171365878928E-003
   494.86549718333151        7.1664671835861924E-003  -1.3011082212342976E-005   1.0140282188002357E-003
   499.86549718333151        7.1730416426964202E-003  -1.3030982064734725E-005   1.0270592008649704E-003
   504.86549718333151        7.1795136392262615E-003  -1.3050583659387370E-005   1.0401097845243578E-003
   509.86549718333151        7.1858857921238686E-003  -1.3069894372043752E-005   1.0531796788964016E-003
   514.86549718333151        7.1921606278855122E-003  -1.3088921325694888E-005   1.0662686002220964E-003
   519.86549718333151        7.1983405846115763E-003  -1.3107671401333857E-005   1.0793762716234303E-003
   524.86549718333151        7.2044280160565915E-003  -1.3126151248790687E-005   1.0925024228722209E-003
   529.86549718333151        7.2104251952324217E-003  -1.3144367296304023E-005   1.1056467901685249E-003
   534.86549718333151        7.2163343179797463E-003  -1.3162325760082109E-005   1.1188091159286069E-003
   539.86549718333151        7.2221575063055841E-003  -1.3180032653233681E-005   1.1319891485818405E-003
   544.86549718333151        7.2278968115081429E-003  -1.3197493794127223E-005   1.1451866423759678E-003
   549.86549718333151        7.2335542171696422E-003  -1.3214714814418432E-005   1.1584013571903863E-003
   554.86549718333151        7.2391316420572765E-003  -1.3231701166863759E-005   1.1716330583572501E-003
   559.86549718333151        7.2446309427326291E-003  -1.3248458132307468E-005   1.1848815164895575E-003
   564.86549718333151        7.2500539161705893E-003  -1.3264990826754518E-005   1.1981465073163120E-003
   569.86549718333151        7.2554023021919566E-003  -1.3281304207929484E-005   1.2114278115242414E-003
   574.86549718333151        7.2606777857241941E-003  -1.3297403081361488E-005   1.2247252146056029E-003
   579.86549718333151        7.2658819990815025E-003  -1.3313292106574941E-005   1.2380385067121778E-003
   584.86549718333151        7.2710165239845718E-003  -1.3328975802530143E-005   1.2513674825147079E-003
   589.86549718333151        7.2760828936023342E-003  -1.3344458553172091E-005   1.2647119410678798E-003
   594.86549718333151        7.2810825944021780E-003  -1.3359744612433126E-005   1.2780716856803129E-003
   599.86549718333151        7.2860170680354051E-003  -1.3374838109379767E-005   1.2914465237896925E-003
   604.86549718333151        7.2908877129478564E-003  -1.3389743052553482E-005   1.3048362668422460E-003
   609.86549718333151        7.2956958861471518E-003  -1.3404463334822650E-005   1.3182407301770686E-003
   614.86549718333151        7.3004429046619190E-003  -1.3419002737322474E-005   1.3316597329143911E-003
   619.86549718333151        7.3051300471002048E-003  -1.3433364933726767E-005   1.3450930978481177E-003
   624.86549718333151        7.3097585550870488E-003  -1.3447553494176890E-005   1.3585406513422946E-003
   629.86549718333151        7.3143296345359278E-003  -1.3461571888726647E-005   1.3720022232310213E-003
   634.86549718333151        7.3188444570976459E-003  -1.3475423491355135E-005   1.3854776467223764E-003
   639.86549718333151        7.3233041612565438E-003  -1.3489111582920684E-005   1.3989667583052970E-003
   644.86549718333151        7.3277098536424648E-003  -1.3502639354797744E-005   1.4124693976600947E-003
   649.86549718333151        7.3320626100664820E-003  -1.3516009911686217E-005   1.4259854075717809E-003
   654.86549718333151        7.3363634767019308E-003  -1.3529226274885739E-005   1.4395146338466666E-003
   659.86549718333151        7.3406134710726966E-003  -1.3542291384996071E-005   1.4530569252316626E-003
   664.86549718333151        7.3448135830373089E-003  -1.3555208104621268E-005   1.4666121333362840E-003
   669.86549718333151        7.3489647758212132E-003  -1.3567979221238155E-005   1.4801801125575221E-003
   674.86549718333151        7.3530679868330550E-003  -1.3580607449415789E-005   1.4937607200069380E-003
   679.86549718333151        7.3571241286269958E-003  -1.3593095433498345E-005   1.5073538154404362E-003
   684.86549718333151        7.3611340896924914E-003  -1.3605445749770825E-005   1.5209592611902069E-003
   689.86549718333151        7.3650987352992161E-003  -1.3617660908807332E-005   1.5345769220990143E-003
   694.86549718333151        7.3690189082087259E-003  -1.3629743357421106E-005   1.5482066654564353E-003
   699.86549718333151        7.3728954295265723E-003  -1.3641695481058935E-005   1.5618483609374943E-003
   704.86549718333151        7.3767290992740615E-003  -1.3653519605342517E-005   1.5755018805428368E-003
   709.86549718333151        7.3805206972096301E-003  -1.3665217998389677E-005   1.5891670985412264E-003
   714.86549718333151        7.3842709834022451E-003  -1.3676792872380987E-005   1.6028438914136075E-003
   719.86549718333151        7.3879806988638311E-003  -1.3688246385317591E-005   1.6165321377989250E-003
   724.86549718333151        7.3916505662375443E-003  -1.3699580642960517E-005   1.6302317184418856E-003
   729.86549718333151        7.3952812902481390E-003  -1.3710797700043967E-005   1.6439425161419296E-003
   734.86549718333151        7.3988735584201160E-003  -1.3721899562323588E-005   1.6576644157042532E-003
   739.86549718333151        7.4024280414581416E-003  -1.3732888187589198E-005   1.6713973038918425E-003
   744.86549718333151        7.4059453939081792E-003  -1.3743765487552156E-005   1.6851410693793946E-003
   749.86549718333151        7.4094262545624390E-003  -1.3754533328947954E-005   1.6988956027083426E-003
   754.86549718333151        7.4128712469722809E-003  -1.3765193534979048E-005   1.7126607962433217E-003
   759.86549718333151        7.4162809799446609E-003  -1.3775747886713255E-005   1.7264365441300349E-003
   764.86549718333151        7.4196560479048721E-003  -1.3786198124074355E-005   1.7402227422541093E-003
   769.86549718333151        7.4229970314167544E-003  -1.3796545947325765E-005   1.7540192882014350E-003
   774.86549718333151        7.4263044975577744E-003  -1.3806793018110553E-005   1.7678260812195455E-003
   779.86549718333151        7.4295790002870529E-003  -1.3816940960474558E-005   1.7816430221800200E-003
   784.86549718333151        7.4328210809129951E-003  -1.3826991362203228E-005   1.7954700135422233E-003
   789.86549718333151        7.4360312683513950E-003  -1.3836945775513806E-005   1.8093069593177371E-003
   794.86549718333151        7.4392100796080128E-003  -1.3846805718447886E-005   1.8231537650361851E-003
   799.86549718333151        7.4423580200287448E-003  -1.3856572675547767E-005   1.8370103377117330E-003
   804.86549718333151        7.4454755836593622E-003  -1.3866248098876566E-005   1.8508765858106094E-003
   809.86549718333151        7.4485632536157535E-003  -1.3875833409075071E-005   1.8647524192196845E-003
   814.86549718333151        7.4516215022914665E-003  -1.3885329995917329E-005   1.8786377492156017E-003
   819.86549718333151        7.4546507917952094E-003  -1.3894739219583709E-005   1.8925324884351855E-003
   824.86549718333151        7.4576515740870965E-003  -1.3904062411002035E-005   1.9064365508461875E-003
   829.86549718333151        7.4606242914019363E-003  -1.3913300873083445E-005   1.9203498517192709E-003
   834.86549718333151        7.4635693764156493E-003  -1.3922455881163523E-005   1.9342723076004344E-003
   839.86549718333151        7.4664872525661702E-003  -1.3931528683926388E-005   1.9482038362843607E-003
   844.86549718333151        7.4693783342712535E-003  -1.3940520504011264E-005   1.9621443567883722E-003
   849.86549718333151        7.4722430272006037E-003  -1.3949432538790758E-005   1.9760937893271630E-003
   854.86549718333151        7.4750817284772557E-003  -1.3958265960931652E-005   1.9900520552880948E-003
   859.86549718333151        7.4778948269770976E-003  -1.3967021919263703E-005   2.0040190772073587E-003
   864.86549718333151        7.4806827034191448E-003  -1.3975701538999619E-005   2.0179947787463581E-003
   869.86549718333151        7.4834457307600324E-003  -1.3984305922904288E-005   2.0319790846692627E-003
   874.86549718333151        7.4861842742111441E-003  -1.3992836151291495E-005   2.0459719208205541E-003
   879.86549718333151        7.4888986915966618E-003  -1.4001293283084254E-005   2.0599732141036381E-003
   884.86549718333151        7.4915893334402796E-003  -1.4009678356032238E-005   2.0739828924596702E-003
   889.86549718333151        7.4942565432217102E-003  -1.4017992387460040E-005   2.0880008848471305E-003
   894.86549718333151        7.4969006575063392E-003  -1.4026236374622089E-005   2.1020271212217525E-003
   899.86549718333151        7.4995220061732301E-003  -1.4034411295365922E-005   2.1160615325171183E-003
   904.86549718333151        7.5021209125299849E-003  -1.4042518108444484E-005   2.1301040506255626E-003
   909.86549718333151        7.5046976935309231E-003  -1.4050557754152228E-005   2.1441546083797148E-003
   914.86549718333151        7.5072526599095357E-003  -1.4058531154695561E-005   2.1582131395344105E-003
   919.86549718333151        7.5097861163294088E-003  -1.4066439214622338E-005   2.1722795787490327E-003
   924.86549718333151        7.5122983615545716E-003  -1.4074282821313516E-005   2.1863538615703461E-003
   929.86549718333151        7.5147896885798624E-003  -1.4082062845351464E-005   2.2004359244156978E-003
   934.86549718333151        7.5172603847892816E-003  -1.4089780140976996E-005   2.2145257045566749E-003
   939.86549718333151        7.5197107320589965E-003  -1.4097435546374887E-005   2.2286231401030497E-003
   944.86549718333151        7.5221410069498907E-003  -1.4105029884240368E-005   2.2427281699872901E-003
   949.86549718333151        7.5245514807723204E-003  -1.4112563961947617E-005   2.2568407339492377E-003
   954.86549718333151        7.5269424197577338E-003  -1.4120038572053316E-005   2.2709607725212911E-003
   959.86549718333151        7.5293140851640300E-003  -1.4127454492594281E-005   2.2850882270138853E-003
   964.86549718333151        7.5316667333882818E-003  -1.4134812487409211E-005   2.2992230395012946E-003
   969.86549718333151        7.5340006160966944E-003  -1.4142113306515333E-005   2.3133651528078098E-003
   974.86549718333151        7.5363159803240086E-003  -1.4149357686390578E-005   2.3275145104942004E-003
   979.86549718333151        7.5386130685888130E-003  -1.4156546350306423E-005   2.3416710568445070E-003
   984.86549718333151        7.5408921189954138E-003  -1.4163680008619677E-005   2.3558347368531265E-003
   989.86549718333151        7.5431533653398299E-003  -1.4170759359078032E-005   2.3700054962122047E-003
   994.86549718333151        7.5453970372069083E-003  -1.4177785087098744E-005   2.3841832812993035E-003
   999.86549718333151        7.5476233600703969E-003  -1.4184757866057391E-005   2.3983680391653607E-003
   1004.8654971833315        7.5498325553728547E-003  -1.4191678357514282E-005   2.4125597175228752E-003
   1009.8654971833315        7.5520248406513654E-003  -1.4198547211585161E-005   2.4267582647344603E-003
   1014.8654971833315        7.5542004295828915E-003  -1.4205365067060907E-005   2.4409636298015213E-003
   1019.8654971833315        7.5563595320961852E-003  -1.4212132551736470E-005   2.4551757623532578E-003
   1024.8654971833316        7.5585023544663676E-003  -1.4218850282686259E-005   2.4693946126359439E-003
   1029.8654971833316        7.5606290993599822E-003  -1.4225518866384920E-005   2.4836201315023287E-003
   1034.8654971833316        7.5627399659536120E-003  -1.4232138899059420E-005   2.4978522704013880E-003
   1039.8654971833316        7.5648351499933630E-003  -1.4238710966856354E-005   2.5120909813682443E-003
   1044.8654971833316        7.5669148438542088E-003  -1.4245235646009397E-005   2.5263362170142535E-003
   1049.8654971833316        7.5689792366546221E-003  -1.4251713503180778E-005   2.5405879305174343E-003
   1054.8654971833316        7.5710285142876381E-003  -1.4258145095541188E-005   2.5548460756129755E-003
   1059.8654971833316        7.5730628595229495E-003  -1.4264530971073071E-005   2.5691106065840485E-003
   1064.8654971833316        7.5750824520302816E-003  -1.4270871668627403E-005   2.5833814782526758E-003
   1069.8654971833316        7.5770874685048206E-003  -1.4277167718301350E-005   2.5976586459709773E-003
   1074.8654971833316        7.5790780826889498E-003  -1.4283419641490878E-005   2.6119420656124681E-003
   1079.8654971833316        7.5810544654295710E-003  -1.4289627951055551E-005   2.6262316935635236E-003
   1084.8654971833316        7.5830167847928641E-003  -1.4295793151664224E-005   2.6405274867151878E-003
   1089.8654971833316        7.5849652060328999E-003  -1.4301915739682096E-005   2.6548294024548698E-003
   1094.8654971833316        7.5868998917740195E-003  -1.4307996203729794E-005   2.6691373986585994E-003
   1099.8654971833316        7.5888210019151485E-003  -1.4314035024369137E-005   2.6834514336829688E-003
   1104.8654971833316        7.5907286938423565E-003  -1.4320032674758017E-005   2.6977714663577266E-003
   1109.8654971833316        7.5926231223430781E-003  -1.4325989620367984E-005   2.7120974559780944E-003
   1114.8654971833316        7.5945044397735702E-003  -1.4331906319498226E-005   2.7264293622975928E-003
   1119.8654971833316        7.5963727960079407E-003  -1.4337783223103246E-005   2.7407671455206960E-003
   1124.8654971833316        7.5982283385927600E-003  -1.4343620775267292E-005   2.7551107662959632E-003
   1129.8654971833316        7.6000712126694644E-003  -1.4349419412948837E-005   2.7694601857089119E-003
   1134.8654971833316        7.6019015611745724E-003  -1.4355179566599309E-005   2.7838153652755110E-003
   1139.8654971833316        7.6037195247239224E-003  -1.4360901659788030E-005   2.7981762669352993E-003
   1144.8654971833316        7.6055252418163960E-003  -1.4366586109832766E-005   2.8125428530451318E-003
   1149.8654971833316        7.6073188486927663E-003  -1.4372233327345152E-005   2.8269150863724770E-003
   1154.8654971833316        7.6091004796307463E-003  -1.4377843717149573E-005   2.8412929300896264E-003
   1159.8654971833316        7.6108702666690389E-003  -1.4383417677404562E-005   2.8556763477670310E-003
   1164.8654971833316        7.6126283399838030E-003  -1.4388955600778819E-005   2.8700653033678098E-003
   1169.8654971833316        7.6143748276230492E-003  -1.4394457873605485E-005   2.8844597612414152E-003
   1174.8654971833316        7.6161098557986154E-003  -1.4399924876792867E-005   2.8988596861182080E-003
   1179.8654971833316        7.6178335487376838E-003  -1.4405356985347916E-005   2.9132650431035558E-003
   1184.8654971833316        7.6195460288221188E-003  -1.4410754568806719E-005   2.9276757976723624E-003
   1189.8654971833316        7.6212474165920094E-003  -1.4416117991237373E-005   2.9420919156635996E-003
   1194.8654971833316        7.6229378307856067E-003  -1.4421447611357780E-005   2.9565133632749574E-003
   1199.8654971833316        7.6246173883803420E-003  -1.4426743782657089E-005   2.9709401070576145E-003
   1204.8654971833316        7.6262862046000655E-003  -1.4432006853410799E-005   2.9853721139110252E-003
   1209.8654971833316        7.6279443929955192E-003  -1.4437237166927055E-005   2.9998093510779523E-003
   1214.8654971833316        7.6295920654074444E-003  -1.4442435061422997E-005   3.0142517861393753E-003
   1219.8654971833316        7.6312293320898042E-003  -1.4447600870406307E-005   3.0286993870097816E-003
   1224.8654971833316        7.6328563016429991E-003  -1.4452734922457615E-005   3.0431521219322394E-003
   1229.8654971833316        7.6344730811241969E-003  -1.4457837541571830E-005   3.0576099594738114E-003
   1234.8654971833316        7.6360797760165093E-003  -1.4462909047054277E-005   3.0720728685208658E-003
   1239.8654971833316        7.6376764903027371E-003  -1.4467949753747011E-005   3.0865408182746130E-003
   1244.8654971833316        7.6392633264614346E-003  -1.4472959972010143E-005   3.1010137782466231E-003
   1249.8654971833316        7.6408403855098232E-003  -1.4477940007851155E-005   3.1154917182544743E-003
   1254.8654971833316        7.6424077670511721E-003  -1.4482890163068599E-005   3.1299746084175431E-003
   1259.8654971833316        7.6439655692209967E-003  -1.4487810735076309E-005   3.1444624191526195E-003
   1264.8654971833316        7.6455138888414775E-003  -1.4492702017385454E-005   3.1589551211700048E-003
   1269.8654971833316        7.6470528213147450E-003  -1.4497564299261917E-005   3.1734526854692666E-003
   1274.8654971833316        7.6485824607294035E-003  -1.4502397866057365E-005   3.1879550833353240E-003
   1279.8654971833316        7.6501028998894891E-003  -1.4507202999295538E-005   3.2024622863346197E-003
   1284.8654971833316        7.6516142302390303E-003  -1.4511979976428626E-005   3.2169742663110483E-003
   1289.8654971833316        7.6531165420412094E-003  -1.4516729071398503E-005   3.2314909953824467E-003
   1294.8654971833316        7.6546099242534964E-003  -1.4521450554237144E-005   3.2460124459366838E-003
   1299.8654971833316        7.6560944646288705E-003  -1.4526144691381777E-005   3.2605385906280654E-003
   1304.8654971833316        7.6575702497500703E-003  -1.4530811745778524E-005   3.2750694023738441E-003
   1309.8654971833316        7.6590373649586809E-003  -1.4535451976653563E-005   3.2896048543504977E-003
   1314.8654971833316        7.6604958945048242E-003  -1.4540065639982078E-005   3.3041449199904798E-003
   1319.8654971833316        7.6619459214538835E-003  -1.4544652988188867E-005   3.3186895729786685E-003
   1324.8654971833316        7.6633875277647362E-003  -1.4549214270391539E-005   3.3332387872490599E-003
   1329.8654971833316        7.6648207943216338E-003  -1.4553749732497235E-005   3.3477925369815569E-003
   1334.8654971833316        7.6662458008704120E-003  -1.4558259616996695E-005   3.3623507965985537E-003
   1339.8654971833316        7.6676626261622900E-003  -1.4562744163415347E-005   3.3769135407619691E-003
   1344.8654971833316        7.6690713478654417E-003  -1.4567203608029570E-005   3.3914807443699985E-003
   1349.8654971833316        7.6704720426063562E-003  -1.4571638183993774E-005   3.4060523825539921E-003
   1354.8654971833316        7.6718647860736277E-003  -1.4576048121665302E-005   3.4206284306756572E-003
   1359.8654971833316        7.6732496528469207E-003  -1.4580433648059262E-005   3.4352088643237167E-003
   1364.8654971833316        7.6746267166727051E-003  -1.4584794987718086E-005   3.4497936593114349E-003
   1369.8654971833316        7.6759960501947772E-003  -1.4589132361854694E-005   3.4643827916732896E-003
   1374.8654971833316        7.6773577252501023E-003  -1.4593445989286064E-005   3.4789762376625758E-003
   1379.8654971833316        7.6787118126179395E-003  -1.4597736085635295E-005   3.4935739737482112E-003
   1384.8654971833316        7.6800583822839849E-003  -1.4602002864165107E-005   3.5081759766123761E-003
   1389.8654971833316        7.6813975032361242E-003  -1.4606246535127594E-005   3.5227822231475039E-003
   1394.8654971833316        7.6827292436644273E-003  -1.4610467306394829E-005   3.5373926904538988E-003
   1399.8654971833316        7.6840536708198109E-003  -1.4614665383007931E-005   3.5520073558369066E-003
   1404.8654971833316        7.6853708511537937E-003  -1.4618840967617033E-005   3.5666261968045235E-003
   1409.8654971833316        7.6866808502390376E-003  -1.4622994260226523E-005   3.5812491910647498E-003
   1414.8654971833316        7.6879837328574629E-003  -1.4627125458471556E-005   3.5958763165232213E-003
   1419.8654971833316        7.6892795629422200E-003  -1.4631234757431277E-005   3.6105075512806524E-003
   1424.8654971833316        7.6905684036489208E-003  -1.4635322349851979E-005   3.6251428736305043E-003
   1429.8654971833316        7.6918503173430200E-003  -1.4639388426104433E-005   3.6397822620566089E-003
   1434.8654971833316        7.6931253656107373E-003  -1.4643433174215927E-005   3.6544256952308249E-003
   1439.8654971833316        7.6943936092744797E-003  -1.4647456779916624E-005   3.6690731520107414E-003
   1444.8654971833316        7.6956551084180931E-003  -1.4651459426717196E-005   3.6837246114374586E-003
   1449.8654971833316        7.6969099223576105E-003  -1.4655441295813557E-005   3.6983800527332720E-003
   1454.8654971833316        7.6981581097442502E-003  -1.4659402566411314E-005   3.7130394552996834E-003
   1459.8654971833316        7.6993997284239774E-003  -1.4663343415277750E-005   3.7277027987149612E-003
   1464.8654971833316        7.7006348356228379E-003  -1.4667264017327722E-005   3.7423700627322891E-003
   1469.8654971833316        7.7018634878213777E-003  -1.4671164545222851E-005   3.7570412272775119E-003
   1474.8654971833316        7.7030857408428542E-003  -1.4675045169649311E-005   3.7717162724471612E-003
   1479.8654971833316        7.7043016498173963E-003  -1.4678906059201917E-005   3.7863951785063630E-003
   1484.8654971833316        7.7055112692507571E-003  -1.4682747380600304E-005   3.8010779258869634E-003
   1489.8654971833316        7.7067146529333453E-003  -1.4686569298398013E-005   3.8157644951853616E-003
   1494.8654971833316        7.7079118541104157E-003  -1.4690371975520947E-005   3.8304548671608827E-003
   1499.8654971833316        7.7091029252643406E-003  -1.4694155572573868E-005   3.8451490227334566E-003
   1504.8654971833316        7.7102879184097499E-003  -1.4697920248775938E-005   3.8598469429822323E-003
   1509.8654971833316        7.7114668847935632E-003  -1.4701666161005926E-005   3.8745486091432382E-003
   1514.8654971833316        7.7126398752031229E-003  -1.4705393464779266E-005   3.8892540026080175E-003
   1519.8654971833316        7.7138069396968422E-003  -1.4709102313390447E-005   3.9039631049214078E-003
   1524.8654971833316        7.7149681278717757E-003  -1.4712792858761432E-005   3.9186758977801696E-003
   1529.8654971833316        7.7161234886394198E-003  -1.4716465250727449E-005   3.9333923630308970E-003
   1534.8654971833316        7.7172730704430301E-003  -1.4720119637725953E-005   3.9481124826686231E-003
   1539.8654971833316        7.7184169210613935E-003  -1.4723756166171201E-005   3.9628362388347939E-003
   1544.8654971833316        7.7195550878314213E-003  -1.4727374981160236E-005   3.9775636138159537E-003
   1549.8654971833316        7.7206876174549244E-003  -1.4730976225856962E-005   3.9922945900418109E-003
   1554.8654971833316        7.7218145561510215E-003  -1.4734560041975121E-005   4.0070291500837862E-003
   1559.8654971833316        7.7229359495915566E-003  -1.4738126569571406E-005   4.0217672766533572E-003
   1564.8654971833316        7.7240518429456204E-003  -1.4741675947185526E-005   4.0365089526005430E-003
   1569.8654971833316        7.7251622808362976E-003  -1.4745208311701122E-005   4.0512541609122443E-003
   1574.8654971833316        7.7262673074211087E-003  -1.4748723798600199E-005   4.0660028847108445E-003
   1579.8654971833316        7.7273669663378399E-003  -1.4752222541789362E-005   4.0807551072526340E-003
   1584.8654971833316        7.7284613007443641E-003  -1.4755704673725098E-005   4.0955108119263587E-003
   1589.8654971833316        7.7295503532933216E-003  -1.4759170325331822E-005   4.1102699822516903E-003
   1594.8654971833316        7.7306341662002481E-003  -1.4762619626217323E-005   4.1250326018779076E-003
   1599.8654971833316        7.7317127811748921E-003  -1.4766052704452878E-005   4.1397986545823606E-003
   1604.8654971833316        7.7327862394739816E-003  -1.4769469686739846E-005   4.1545681242691002E-003
   1609.8654971833316        7.7338545819274889E-003  -1.4772870698492035E-005   4.1693409949675924E-003
   1614.8654971833316        7.7349178488456752E-003  -1.4776255863538510E-005   4.1841172508311313E-003
   1619.8654971833316        7.7359760801959266E-003  -1.4779625304685359E-005   4.1988968761358164E-003
   1624.8654971833316        7.7370293153948980E-003  -1.4782979143052682E-005   4.2136798552788691E-003
   1629.8654971833316        7.7380775935429269E-003  -1.4786317498819826E-005   4.2284661727776890E-003
   1634.8654971833316        7.7391209532062218E-003  -1.4789640490530620E-005   4.2432558132682197E-003
   1639.8654971833316        7.7401594326247294E-003  -1.4792948235754209E-005   4.2580487615039740E-003
   1644.8654971833316        7.7411930695565406E-003  -1.4796240850588397E-005   4.2728450023545627E-003
   1649.8654971833316        7.7422219013991954E-003  -1.4799518450044921E-005   4.2876445208046080E-003
   1654.8654971833316        7.7432459651179597E-003  -1.4802781147819907E-005   4.3024473019524275E-003
   1659.8654971833316        7.7442652972977092E-003  -1.4806029056458083E-005   4.3172533310088853E-003
   1664.8654971833316        7.7452799341292330E-003  -1.4809262287308131E-005   4.3320625932961937E-003
   1669.8654971833316        7.7462899114097237E-003  -1.4812480950523209E-005   4.3468750742467165E-003
   1674.8654971833316        7.7472952645678281E-003  -1.4815685155139778E-005   4.3616907594018562E-003
   1679.8654971833316        7.7482960286537781E-003  -1.4818875009045185E-005   4.3765096344109012E-003
   1684.8654971833316        7.7492922383356443E-003  -1.4822050618964725E-005   4.3913316850298662E-003
   1689.8654971833316        7.7502839279412648E-003  -1.4825212090594385E-005   4.4061568971204609E-003
   1694.8654971833316        7.7512711314153800E-003  -1.4828359528463230E-005   4.4209852566489240E-003
   1699.8654971833316        7.7522538823493106E-003  -1.4831493036027124E-005   4.4358167496849508E-003
   1704.8654971833316        7.7532322140084712E-003  -1.4834612715755551E-005   4.4506513624007066E-003
   1709.8654971833316        7.7542061592691851E-003  -1.4837718668929252E-005   4.4654890810696358E-003
   1714.8654971833316        7.7551757507215383E-003  -1.4840810995967371E-005   4.4803298920656036E-003
   1719.8654971833316        7.7561410205496759E-003  -1.4843889796044822E-005   4.4951737818616482E-003
   1724.8654971833316        7.7571020006925780E-003  -1.4846955167604258E-005   4.5100207370292527E-003
   1729.8654971833316        7.7580587226626875E-003  -1.4850007207776732E-005   4.5248707442370291E-003
   1734.8654971833316        7.7590112177494432E-003  -1.4853046013030122E-005   4.5397237902500588E-003
   1739.8654971833316        7.7599595168226241E-003  -1.4856071678541007E-005   4.5545798619286001E-003
   1744.8654971833316        7.7609036505482459E-003  -1.4859084298882666E-005   4.5694389462274830E-003
   1749.8654971833316        7.7618436491409537E-003  -1.4862083967234285E-005   4.5843010301947172E-003
   1754.8654971833316        7.7627795426763293E-003  -1.4865070776376768E-005   4.5991661009710944E-003
   1759.8654971833316        7.7637113607535143E-003  -1.4868044817615352E-005   4.6140341457887096E-003
   1764.8654971833316        7.7646391328353454E-003  -1.4871006181864408E-005   4.6289051519705741E-003
   1769.8654971833316        7.7655628879381398E-003  -1.4873954958656626E-005   4.6437791069292309E-003
   1774.8654971833316        7.7664826549398861E-003  -1.4876891237126032E-005   4.6586559981663571E-003
   1779.8654971833316        7.7673984622606031E-003  -1.4879815104986956E-005   4.6735358132713439E-003
   1784.8654971833316        7.7683103382156652E-003  -1.4882726649661308E-005   4.6884185399210052E-003
   1789.8654971833316        7.7692183106795416E-003  -1.4885625957204361E-005   4.7033041658782098E-003
   1794.8654971833316        7.7701224073795190E-003  -1.4888513113241917E-005   4.7181926789914520E-003
   1799.8654971833316        7.7710226556545556E-003  -1.4891388202199643E-005   4.7330840671936519E-003
   1804.8654971833316        7.7719190826933647E-003  -1.4894251308062747E-005   4.7479783185017145E-003
   1809.8654971833316        7.7728117152935572E-003  -1.4897102513606146E-005   4.7628754210153204E-003
   1814.8654971833316        7.7737005801085009E-003  -1.4899941901182288E-005   4.7777753629165030E-003
   1819.8654971833316        7.7745857034259742E-003  -1.4902769552013536E-005   4.7926781324685169E-003
   1824.8654971833316        7.7754671113683203E-003  -1.4905585546830973E-005   4.8075837180153475E-003
   1829.8654971833316        7.7763448297306142E-003  -1.4908389965356793E-005   4.8224921079807045E-003
   1834.8654971833316        7.7772188841098407E-003  -1.4911182886716466E-005   4.8374032908674210E-003
   1839.8654971833316        7.7780892998297385E-003  -1.4913964389198029E-005   4.8523172552566189E-003
   1844.8654971833316        7.7789561019702622E-003  -1.4916734550345675E-005   4.8672339898069641E-003
   1849.8654971833316        7.7798193153868125E-003  -1.4919493447020673E-005   4.8821534832539848E-003
   1854.8654971833316        7.7806789646730334E-003  -1.4922241155281932E-005   4.8970757244092668E-003
   1859.8654971833316        7.7815350742184205E-003  -1.4924977750569604E-005   4.9120007021598361E-003
   1864.8654971833316        7.7823876681442994E-003  -1.4927703307499925E-005   4.9269284054673356E-003
   1869.8654971833316        7.7832367703725303E-003  -1.4930417900084330E-005   4.9418588233674197E-003
   1874.8654971833316        7.7840824045849874E-003  -1.4933121601599417E-005   4.9567919449690192E-003
   1879.8654971833316        7.7849245942380862E-003  -1.4935814484632910E-005   4.9717277594536523E-003
   1884.8654971833316        7.7857633625634491E-003  -1.4938496621085276E-005   4.9866662560747376E-003
   1889.8654971833316        7.7865987326011365E-003  -1.4941168082275538E-005   5.0016074241570133E-003
   1894.8654971833316        7.7874307271311085E-003  -1.4943828938721622E-005   5.0165512530957346E-003
   1899.8654971833316        7.7882593687590099E-003  -1.4946479260414228E-005   5.0314977323561490E-003
   1904.8654971833316        7.7890846798686717E-003  -1.4949119116664490E-005   5.0464468514728137E-003
   1909.8654971833316        7.7899066826066111E-003  -1.4951748576053928E-005   5.0613986000488673E-003
   1914.8654971833316        7.7907253989803566E-003  -1.4954367706748542E-005   5.0763529677556162E-003
   1919.8654971833316        7.7915408507078111E-003  -1.4956976576016489E-005   5.0913099443316324E-003
   1924.8654971833316        7.7923530593880597E-003  -1.4959575250774106E-005   5.1062695195824067E-003
   1929.8654971833316        7.7931620463565577E-003  -1.4962163797122179E-005   5.1212316833795287E-003
   1934.8654971833316        7.7939678328036981E-003  -1.4964742280724905E-005   5.1361964256602536E-003
   1939.8654971833316        7.7947704396794121E-003  -1.4967310766504221E-005   5.1511637364267575E-003
   1944.8654971833316        7.7955698877939742E-003  -1.4969869318961983E-005   5.1661336057457199E-003
   1949.8654971833316        7.7963661977083990E-003  -1.4972418001828829E-005   5.1811060237475486E-003
   1954.8654971833316        7.7971593898557194E-003  -1.4974956878451918E-005   5.1960809806260002E-003
   1959.8654971833316        7.7979494844311725E-003  -1.4977486011443087E-005   5.2110584666374433E-003
   1964.8654971833316        7.7987365015012100E-003  -1.4980005463027395E-005   5.2260384721004704E-003
   1969.8654971833316        7.7995204608947840E-003  -1.4982515294694765E-005   5.2410209873951655E-003
   1974.8654971833316        7.8003013823172785E-003  -1.4985015567564339E-005   5.2560060029627296E-003
   1979.8654971833316        7.8010792852356188E-003  -1.4987506342016288E-005   5.2709935093047458E-003
   1984.8654971833316        7.8018541890242012E-003  -1.4989987678158708E-005   5.2859834969829047E-003
   1989.8654971833316        7.8026261127853132E-003  -1.4992459635252261E-005   5.3009759566181565E-003
   1994.8654971833316        7.8033950755500925E-003  -1.4994922272353320E-005   5.3159708788905096E-003
   1999.8654971833316        7.8041610961041303E-003  -1.4997375647755183E-005   5.3309682545382648E-003
   2004.8654971833316        7.8049241931066908E-003  -1.4999819819369519E-005   5.3459680743576342E-003
   2009.8654971833316        7.8056843850449441E-003  -1.5002254844579475E-005   5.3609703292022137E-003
   2014.8654971833316        7.8064416902345691E-003  -1.5004680780241298E-005   5.3759750099824548E-003
   2019.8654971833316        7.8071961268405014E-003  -1.5007097682750454E-005   5.3909821076652056E-003
   2024.8654971833316        7.8079477128583531E-003  -1.5009505607981813E-005   5.4059916132731872E-003
   2029.8654971833316        7.8086964661437264E-003  -1.5011904611383247E-005   5.4210035178845701E-003
   2034.8654971833316        7.8094424043605760E-003  -1.5014294747809895E-005   5.4360178126323802E-003
   2039.8654971833316        7.8101855450804884E-003  -1.5016676071841949E-005   5.4510344887042225E-003
   2044.8654971833316        7.8109259056361076E-003  -1.5019048637314714E-005   5.4660535373415369E-003
   2049.8654971833316        7.8116635033138367E-003  -1.5021412497935809E-005   5.4810749498394725E-003
   2054.8654971833316        7.8123983551380543E-003  -1.5023767706593383E-005   5.4960987175460656E-003
   2059.8654971833316        7.8131304781060909E-003  -1.5026114316108891E-005   5.5111248318621747E-003
   2064.8654971833316        7.8138598889406011E-003  -1.5028452378443173E-005   5.5261532842406178E-003
   2069.8654971833316        7.8145866043551598E-003  -1.5030781945547455E-005   5.5411840661861653E-003
   2074.8654971833316        7.8153106407861592E-003  -1.5033103068503720E-005   5.5562171692546689E-003
   2079.8654971833316        7.8160320146532340E-003  -1.5035415798359262E-005   5.5712525850530282E-003
   2084.8654971833316        7.8167507421385337E-003  -1.5037720185418802E-005   5.5862903052384472E-003
   2089.8654971833316        7.8174668393531099E-003  -1.5040016279777693E-005   5.6013303215182251E-003
   2094.8654971833316        7.8181803222258338E-003  -1.5042304130965489E-005   5.6163726256491910E-003
   2099.8654971833316        7.8188912065862703E-003  -1.5044583788211447E-005   5.6314172094374029E-003
   2104.8654971833316        7.8195995081113794E-003  -1.5046855300273368E-005   5.6464640647376765E-003
   2109.8654971833316        7.8203052423321436E-003  -1.5049118715458587E-005   5.6615131834531355E-003
   2114.8654971833316        7.8210084247048207E-003  -1.5051374081852268E-005   5.6765645575349881E-003
   2119.8654971833316        7.8217090704679592E-003  -1.5053621446858584E-005   5.6916181789818466E-003
   2124.8654971833316        7.8224071948372886E-003  -1.5055860857825572E-005   5.7066740398396725E-003
   2129.8654971833316        7.8231028127965160E-003  -1.5058092361373858E-005   5.7217321322010463E-003
   2134.8654971833316        7.8237959392989213E-003  -1.5060316004043121E-005   5.7367924482050895E-003
   2139.8654971833316        7.8244865890973649E-003  -1.5062531831746528E-005   5.7518549800368362E-003
   2144.8654971833316        7.8251747768823821E-003  -1.5064739890213562E-005   5.7669197199270500E-003
   2149.8654971833316        7.8258605171629136E-003  -1.5066940224607114E-005   5.7819866601516567E-003
   2154.8654971833316        7.8265438244168577E-003  -1.5069132880006363E-005   5.7970557930316627E-003
   2159.8654971833316        7.8272247128784618E-003  -1.5071317900724354E-005   5.8121271109323868E-003
   2164.8654971833316        7.8279031967997646E-003  -1.5073495331146699E-005   5.8272006062635336E-003
   2169.8654971833316        7.8285792902116642E-003  -1.5075665214964673E-005   5.8422762714784981E-003
   2174.8654971833316        7.8292530070886417E-003  -1.5077827595703629E-005   5.8573540990742015E-003
   2179.8654971833316        7.8299243612630007E-003  -1.5079982516447549E-005   5.8724340815906493E-003
   2184.8654971833316        7.8305933664664946E-003  -1.5082130019972464E-005   5.8875162116106220E-003
   2189.8654971833316        7.8312600363446248E-003  -1.5084270148792186E-005   5.9026004817594145E-003
   2194.8654971833316        7.8319243843457276E-003  -1.5086402944802022E-005   5.9176868847042163E-003
   2199.8654971833316        7.8325864239513297E-003  -1.5088528450018140E-005   5.9327754131542343E-003
   2204.8654971833316        7.8332461683724552E-003  -1.5090646705602370E-005   5.9478660598598363E-003
   2209.8654971833316        7.8339036308644264E-003  -1.5092757752872719E-005   5.9629588176127093E-003
   2214.8654971833316        7.8345588244465945E-003  -1.5094861632403345E-005   5.9780536792451129E-003
   2219.8654971833316        7.8352117621549432E-003  -1.5096958384835433E-005   5.9931506376299480E-003
   2224.8654971833316        7.8358624567948145E-003  -1.5099048050083026E-005   6.0082496856800312E-003
   2229.8654971833316        7.8365109212043659E-003  -1.5101130668178859E-005   6.0233508163482097E-003
   2234.8654971833316        7.8371571679920031E-003  -1.5103206278431005E-005   6.0384540226266405E-003
   2239.8654971833316        7.8378012097680451E-003  -1.5105274920166692E-005   6.0535592975468075E-003
   2244.8654971833316        7.8384430589765620E-003  -1.5107336632192051E-005   6.0686666341789996E-003
   2249.8654971833316        7.8390827279950694E-003  -1.5109391453112184E-005   6.0837760256321118E-003
   2254.8654971833316        7.8397202291018396E-003  -1.5111439421225965E-005   6.0988874650533377E-003
   2259.8654971833316        7.8403555744630538E-003  -1.5113480574484645E-005   6.1140009456278222E-003
   2264.8654971833316        7.8409887761778565E-003  -1.5115514950636415E-005   6.1291164605784586E-003
   2269.8654971833316        7.8416198461940499E-003  -1.5117542586955403E-005   6.1442340031654143E-003
   2274.8654971833316        7.8422487964649283E-003  -1.5119563520745418E-005   6.1593535666861600E-003
   2279.8654971833316        7.8428756387256514E-003  -1.5121577788621286E-005   6.1744751444747815E-003
   2284.8654971833316        7.8435003847428918E-003  -1.5123585427310840E-005   6.1895987299020920E-003
   2289.8654971833316        7.8441230460912018E-003  -1.5125586472936197E-005   6.2047243163750286E-003
   2294.8654971833316        7.8447436343268076E-003  -1.5127580961572067E-005   6.2198518973366011E-003
   2299.8654971833316        7.8453621608763329E-003  -1.5129568928888033E-005   6.2349814662654894E-003
   2304.8654971833316        7.8459786371010143E-003  -1.5131550410354787E-005   6.2501130166758446E-003
   2309.8654971833316        7.8465930742488265E-003  -1.5133525441090100E-005   6.2652465421169350E-003
   2314.8654971833316        7.8472054835180497E-003  -1.5135494056063013E-005   6.2803820361729979E-003
   2319.8654971833316        7.8478158759867425E-003  -1.5137456289867017E-005   6.2955194924628650E-003
   2324.8654971833316        7.8484242626685602E-003  -1.5139412176899327E-005   6.3106589046397644E-003
   2329.8654971833316        7.8490306544858144E-003  -1.5141361751274157E-005   6.3258002663910389E-003
   2334.8654971833316        7.8496350622817498E-003  -1.5143305046862064E-005   6.3409435714379013E-003
   2339.8654971833316        7.8502374968259687E-003  -1.5145242097307238E-005   6.3560888135352081E-003
   2344.8654971833316        7.8508379687639539E-003  -1.5147172935865116E-005   6.3712359864710735E-003
   2349.8654971833316        7.8514364887391063E-003  -1.5149097595794612E-005   6.3863850840668677E-003
   2354.8654971833316        7.8520330672226402E-003  -1.5151016109811060E-005   6.4015361001766788E-003
   2359.8654971833316        7.8526277146849319E-003  -1.5152928510637041E-005   6.4166890286873161E-003
   2364.8654971833316        7.8532204414756557E-003  -1.5154834830616863E-005   6.4318438635179330E-003
   2369.8654971833316        7.8538112578726785E-003  -1.5156735101873650E-005   6.4470005986198070E-003
   2374.8654971833316        7.8544001740914610E-003  -1.5158629356339456E-005   6.4621592279761461E-003
   2379.8654971833316        7.8549872002485598E-003  -1.5160517625637771E-005   6.4773197456017839E-003
   2384.8654971833316        7.8555723464218651E-003  -1.5162399941277185E-005   6.4924821455430611E-003
   2389.8654971833316        7.8561556225536337E-003  -1.5164276334339309E-005   6.5076464218773999E-003
   2394.8654971833316        7.8567370386013035E-003  -1.5166146835963869E-005   6.5228125687133640E-003
   2399.8654971833316        7.8573166043349133E-003  -1.5168011476696851E-005   6.5379805801900606E-003
   2404.8654971833316        7.8578943295770226E-003  -1.5169870287262279E-005   6.5531504504773228E-003
   2409.8654971833316        7.8584702239687214E-003  -1.5171723297809282E-005   6.5683221737751320E-003
   2414.8654971833316        7.8590442971602781E-003  -1.5173570538525378E-005   6.5834957443136576E-003
   2419.8654971833316        7.8596165586638581E-003  -1.5175412039162499E-005   6.5986711563528200E-003
   2424.8654971833316        7.8601870180047967E-003  -1.5177247829523624E-005   6.6138484041823433E-003
   2429.8654971833316        7.8607556845364610E-003  -1.5179077938866939E-005   6.6290274821212102E-003
   2434.8654971833316        7.8613225676475561E-003  -1.5180902396572851E-005   6.6442083845177826E-003
   2439.8654971833316        7.8618876765656556E-003  -1.5182721231511599E-005   6.6593911057492945E-003
   2444.8654971833316        7.8624510205323184E-003  -1.5184534472606776E-005   6.6745756402219010E-003
   2449.8654971833316        7.8630126086637400E-003  -1.5186342148386702E-005   6.6897619823702873E-003
   2454.8654971833316        7.8635724500363217E-003  -1.5188144287259755E-005   6.7049501266575467E-003
   2459.8654971833316        7.8641305536577832E-003  -1.5189940917421322E-005   6.7201400675749676E-003
   2464.8654971833316        7.8646869284723399E-003  -1.5191732066870334E-005   6.7353317996418378E-003
   2469.8654971833316        7.8652415833493066E-003  -1.5193517763372502E-005   6.7505253174052100E-003
   2474.8654971833316        7.8657945271213021E-003  -1.5195298034583237E-005   6.7657206154397931E-003
   2479.8654971833316        7.8663457684998682E-003  -1.5197072907775859E-005   6.7809176883475691E-003
   2484.8654971833316        7.8668953162303566E-003  -1.5198842410340223E-005   6.7961165307579095E-003
   2489.8654971833316        7.8674431788814652E-003  -1.5200606569104967E-005   6.8113171373270142E-003
   2494.8654971833316        7.8679893650636084E-003  -1.5202365411040561E-005   6.8265195027380548E-003
   2499.8654971833316        7.8685338832497100E-003  -1.5204118962682169E-005   6.8417236217007370E-003
   2504.8654971833316        7.8690767419086500E-003  -1.5205867250559286E-005   6.8569294889512964E-003
   2509.8654971833316        7.8696179494022883E-003  -1.5207610300864040E-005   6.8721370992521607E-003
   2514.8654971833316        7.8701575140805100E-003  -1.5209348139757206E-005   6.8873464473919177E-003
   2519.8654971833316        7.8706954441891026E-003  -1.5211080793071412E-005   6.9025575281849889E-003
   2524.8654971833316        7.8712317479399316E-003  -1.5212808286537092E-005   6.9177703364715262E-003
   2529.8654971833316        7.8717664335106845E-003  -1.5214530645781595E-005   6.9329848671173082E-003
   2534.8654971833316        7.8722995089486655E-003  -1.5216247896019191E-005   6.9482011150133272E-003
   2539.8654971833316        7.8728309823455599E-003  -1.5217960062613976E-005   6.9634190750759413E-003
   2544.8654971833316        7.8733608616335087E-003  -1.5219667170422865E-005   6.9786387422463639E-003
   2549.8654971833316        7.8738891547828812E-003  -1.5221369244432643E-005   6.9938601114907968E-003
   2554.8654971833316        7.8744158696251280E-003  -1.5223066309189183E-005   7.0090831777999858E-003
   2559.8654971833316        7.8749410140090889E-003  -1.5224758389300963E-005   7.0243079361892872E-003
   2564.8654971833316        7.8754645956839210E-003  -1.5226445509061812E-005   7.0395343816983492E-003
   2569.8654971833316        7.8759866223568446E-003  -1.5228127692636881E-005   7.0547625093909860E-003
   2574.8654971833316        7.8765071016934640E-003  -1.5229804964063592E-005   7.0699923143550496E-003
   2579.8654971833316        7.8770260412889294E-003  -1.5231477347158685E-005   7.0852237917022080E-003
   2584.8654971833316        7.8775434487014656E-003  -1.5233144865626156E-005   7.1004569365678344E-003
   2589.8654971833316        7.8780593314310785E-003  -1.5234807542988571E-005   7.1156917441108228E-003
   2594.8654971833316        7.8785736969190050E-003  -1.5236465402585259E-005   7.1309282095134083E-003
   2599.8654971833316        7.8790865525776004E-003  -1.5238118467668517E-005   7.1461663279810770E-003
   2604.8654971833316        7.8795979057328346E-003  -1.5239766761218250E-005   7.1614060947422951E-003
   2609.8654971833316        7.8801077637094836E-003  -1.5241410306216470E-005   7.1766475050485112E-003
   2614.8654971833316        7.8806161337286879E-003  -1.5243049125317031E-005   7.1918905541738286E-003
   2619.8654971833316        7.8811230230095286E-003  -1.5244683241173004E-005   7.2071352374150017E-003
   2624.8654971833316        7.8816284387023001E-003  -1.5246312676221499E-005   7.2223815500912234E-003
   2629.8654971833316        7.8821323878931551E-003  -1.5247937452698591E-005   7.2376294875439217E-003
   2634.8654971833316        7.8826348776619964E-003  -1.5249557592825866E-005   7.2528790451367479E-003
   2639.8654971833316        7.8831359149878159E-003  -1.5251173118505193E-005   7.2681302182552535E-003
   2644.8654971833316        7.8836355068562756E-003  -1.5252784051665536E-005   7.2833830023069195E-003
   2649.8654971833316        7.8841336601675506E-003  -1.5254390413965717E-005   7.2986373927208855E-003
   2654.8654971833316        7.8846303817961642E-003  -1.5255992226987316E-005   7.3138933849478732E-003
   2659.8654971833316        7.8851256785576647E-003  -1.5257589512127143E-005   7.3291509744600001E-003
   2664.8654971833316        7.8856195572321285E-003  -1.5259182290672982E-005   7.3444101567506732E-003
   2669.8654971833316        7.8861120245535370E-003  -1.5260770583769292E-005   7.3596709273344423E-003
   2674.8654971833316        7.8866030872144308E-003  -1.5262354412432121E-005   7.3749332817468743E-003
   2679.8654971833316        7.8870927518376894E-003  -1.5263933797458076E-005   7.3901972155443326E-003
   2684.8654971833316        7.8875810250480516E-003  -1.5265508759654895E-005   7.4054627243039873E-003
   2689.8654971833316        7.8880679133846842E-003  -1.5267079319559447E-005   7.4207298036235471E-003
   2694.8654971833316        7.8885534233658228E-003  -1.5268645497646129E-005   7.4359984491211934E-003
   2699.8654971833316        7.8890375614609990E-003  -1.5270207314237267E-005   7.4512686564354308E-003
   2704.8654971833316        7.8895203340943378E-003  -1.5271764789513660E-005   7.4665404212249445E-003
   2709.8654971833316        7.8900017476661328E-003  -1.5273317943584174E-005   7.4818137391685288E-003
   2714.8654971833316        7.8904818084894503E-003  -1.5274866796281117E-005   7.4970886059648103E-003
   2719.8654971833316        7.8909605229080873E-003  -1.5276411367540798E-005   7.5123650173323508E-003
   2724.8654971833316        7.8914378971445091E-003  -1.5277951676912839E-005   7.5276429690092636E-003
   2729.8654971833316        7.8919139374418086E-003  -1.5279487744018151E-005   7.5429224567532815E-003
   2734.8654971833316        7.8923886499886915E-003  -1.5281019588306873E-005   7.5582034763415880E-003
   2739.8654971833316        7.8928620408994388E-003  -1.5282547228993629E-005   7.5734860235705821E-003
   2744.8654971833316        7.8933341162868206E-003  -1.5284070685292781E-005   7.5887700942558747E-003
   2749.8654971833316        7.8938048822342257E-003  -1.5285589976328452E-005   7.6040556842322032E-003
   2754.8654971833316        7.8942743447179189E-003  -1.5287105120883584E-005   7.6193427893530867E-003
   2759.8654971833316        7.8947425097785646E-003  -1.5288616137953436E-005   7.6346314054910403E-003
   2764.8654971833316        7.8952093833088797E-003  -1.5290123046060216E-005   7.6499215285371009E-003
   2769.8654971833316        7.8956749712581938E-003  -1.5291625863913266E-005   7.6652131544010143E-003
   2774.8654971833316        7.8961392794706497E-003  -1.5293124609886771E-005   7.6805062790109013E-003
   2779.8654971833316        7.8966023137904216E-003  -1.5294619302359360E-005   7.6958008983132606E-003
   2784.8654971833316        7.8970640800119073E-003  -1.5296109959553240E-005   7.7110970082728139E-003
   2789.8654971833316        7.8975245838895352E-003  -1.5297596599565861E-005   7.7263946048723798E-003
   2794.8654971833316        7.8979838311539347E-003  -1.5299079240422048E-005   7.7416936841128020E-003
   2799.8654971833316        7.8984418274805797E-003  -1.5300557899972719E-005   7.7569942420127750E-003
   2804.8654971833316        7.8988985785313874E-003  -1.5302032596029178E-005   7.7722962746088042E-003
   2809.8654971833316        7.8993540899061580E-003  -1.5303503346206254E-005   7.7875997779550104E-003
   2814.8654971833316        7.8998083672116737E-003  -1.5304970168145386E-005   7.8029047481231557E-003
   2819.8654971833316        7.9002614159492286E-003  -1.5306433079151431E-005   7.8182111812023069E-003
   2824.8654971833316        7.9007132416774786E-003  -1.5307892096718438E-005   7.8335190732990254E-003
   2829.8654971833316        7.9011638498300788E-003  -1.5309347237940772E-005   7.8488284205369668E-003
   2834.8654971833316        7.9016132458730962E-003  -1.5310798520021374E-005   7.8641392190569887E-003
   2839.8654971833316        7.9020614352016336E-003  -1.5312245959937898E-005   7.8794514650169269E-003
   2844.8654971833316        7.9025084231989853E-003  -1.5313689574633706E-005   7.8947651545915598E-003
   2849.8654971833316        7.9029542151889693E-003  -1.5315129380863890E-005   7.9100802839724236E-003
   2854.8654971833316        7.9033988164986298E-003  -1.5316565395397727E-005   7.9253968493678221E-003
   2859.8654971833316        7.9038422323834401E-003  -1.5317997634777078E-005   7.9407148470025998E-003
   2864.8654971833316        7.9042844681023097E-003  -1.5319426115558617E-005   7.9560342731181590E-003
   2869.8654971833316        7.9047255288510945E-003  -1.5320850854099022E-005   7.9713551239722572E-003
   2874.8654971833316        7.9051654198042786E-003  -1.5322271866689571E-005   7.9866773958389460E-003
   2879.8654971833316        7.9056041461252856E-003  -1.5323689169589451E-005   8.0020010850085348E-003
   2884.8654971833316        7.9060417129010983E-003  -1.5325102778814457E-005   8.0173261877873499E-003
   2889.8654971833316        7.9064781252453364E-003  -1.5326512710470012E-005   8.0326527004978207E-003
   2894.8654971833316        7.9069133881789870E-003  -1.5327918980365774E-005   8.0479806194781872E-003
   2899.8654971833316        7.9073475067467387E-003  -1.5329321604391476E-005   8.0633099410825793E-003
   2904.8654971833316        7.9077804859187546E-003  -1.5330720598199499E-005   8.0786406616807794E-003
   2909.8654971833316        7.9082123306726971E-003  -1.5332115977469915E-005   8.0939727776582499E-003
   2914.8654971833316        7.9086430459101992E-003  -1.5333507757640492E-005   8.1093062854158907E-003
   2919.8654971833316        7.9090726365722043E-003  -1.5334895954279411E-005   8.1246411813701708E-003
   2924.8654971833316        7.9095011074843020E-003  -1.5336280582585435E-005   8.1399774619527569E-003
   2929.8654971833316        7.9099284635231783E-003  -1.5337661657925744E-005   8.1553151236106822E-003
   2934.8654971833316        7.9103547094684697E-003  -1.5339039195357175E-005   8.1706541628060389E-003
   2939.8654971833316        7.9107798501285159E-003  -1.5340413210032582E-005   8.1859945760160719E-003
   2944.8654971833316        7.9112038902441808E-003  -1.5341783716889973E-005   8.2013363597329622E-003
   2949.8654971833316        7.9116268345341464E-003  -1.5343150730798847E-005   8.2166795104637608E-003
   2954.8654971833316        7.9120486877166923E-003  -1.5344514266630586E-005   8.2320240247303906E-003
   2959.8654971833316        7.9124694544325594E-003  -1.5345874339009078E-005   8.2473698990693997E-003
   2964.8654971833316        7.9128891393468823E-003  -1.5347230962640188E-005   8.2627171300320400E-003
   2969.8654971833316        7.9133077470553755E-003  -1.5348584152008462E-005   8.2780657141840481E-003
   2974.8654971833316        7.9137252821502146E-003  -1.5349933921590079E-005   8.2934156481056388E-003
   2979.8654971833316        7.9141417491902840E-003  -1.5351280285756612E-005   8.3087669283913954E-003
   2984.8654971833316        7.9145571527020099E-003  -1.5352623258777739E-005   8.3241195516501731E-003
   2989.8654971833316        7.9149714971978972E-003  -1.5353962854881109E-005   8.3394735145050549E-003
   2994.8654971833316        7.9153847871458044E-003  -1.5355299088152974E-005   8.3548288135932083E-003
   2999.8654971833316        7.9157970270094941E-003  -1.5356631972669292E-005   8.3701854455658781E-003
   3004.8654971833316        7.9162082212034923E-003  -1.5357961522349732E-005   8.3855434070882282E-003
   3009.8654971833316        7.9166183741266292E-003  -1.5359287751066108E-005   8.4009026948392938E-003
   3014.8654971833316        7.9170274901648272E-003  -1.5360610672651324E-005   8.4162633055119458E-003
   3019.8654971833316        7.9174355736450520E-003  -1.5361930300750528E-005   8.4316252358126956E-003
   3024.8654971833316        7.9178426289083382E-003  -1.5363246649057131E-005   8.4469884824617536E-003
   3029.8654971833316        7.9182486602448806E-003  -1.5364559731102953E-005   8.4623530421928557E-003
   3034.8654971833316        7.9186536719205065E-003  -1.5365869560343777E-005   8.4777189117531994E-003
   3039.8654971833316        7.9190576681913462E-003  -1.5367176150206750E-005   8.4930860879034054E-003
   3044.8654971833316        7.9194606532715043E-003  -1.5368479513985836E-005   8.5084545674173912E-003
   3049.8654971833316        7.9198626313732104E-003  -1.5369779664971641E-005   8.5238243470823621E-003
   3054.8654971833316        7.9202636066434805E-003  -1.5371076616246502E-005   8.5391954236986086E-003
   3059.8654971833316        7.9206635832623704E-003  -1.5372370381002284E-005   8.5545677940796101E-003
   3064.8654971833316        7.9210625653363936E-003  -1.5373660972195610E-005   8.5699414550518063E-003
   3069.8654971833316        7.9214605569715643E-003  -1.5374948402784087E-005   8.5853164034545900E-003
   3074.8654971833316        7.9218575622439537E-003  -1.5376232685631057E-005   8.6006926361402204E-003
   3079.8654971833316        7.9222535852182356E-003  -1.5377513833565562E-005   8.6160701499737868E-003
   3084.8654971833316        7.9226486299016647E-003  -1.5378791859233415E-005   8.6314489418330195E-003
   3089.8654971833316        7.9230427003363461E-003  -1.5380066775395734E-005   8.6468290086084160E-003
   3094.8654971833316        7.9234358004724465E-003  -1.5381338594518672E-005   8.6622103472029349E-003
   3099.8654971833316        7.9238279343025794E-003  -1.5382607329208208E-005   8.6775929545321439E-003
   3104.8654971833316        7.9242191057502555E-003  -1.5383872991849195E-005   8.6929768275239936E-003
   3109.8654971833316        7.9246093187315143E-003  -1.5385135594804769E-005   8.7083619631187978E-003
   3114.8654971833316        7.9249985771534959E-003  -1.5386395150411678E-005   8.7237483582692094E-003
   3119.8654971833316        7.9253868848761268E-003  -1.5387651670856316E-005   8.7391360099400659E-003
   3124.8654971833316        7.9257742457611250E-003  -1.5388905168333244E-005   8.7545249151083984E-003
   3129.8654971833316        7.9261606636393239E-003  -1.5390155654939465E-005   8.7699150707633376E-003
   3134.8654971833316        7.9265461422930363E-003  -1.5391403142617283E-005   8.7853064739059541E-003
   3139.8654971833316        7.9269306855571011E-003  -1.5392647643481336E-005   8.8006991215494358E-003
   3144.8654971833316        7.9273142971387229E-003  -1.5393889169235501E-005   8.8160930107186713E-003
   3149.8654971833316        7.9276969808397078E-003  -1.5395127731892101E-005   8.8314881384505637E-003
   3154.8654971833316        7.9280787403297002E-003  -1.5396363343038006E-005   8.8468845017936025E-003
   3159.8654971833316        7.9284595793502818E-003  -1.5397596014495158E-005   8.8622820978080975E-003
   3164.8654971833316        7.9288395015610271E-003  -1.5398825757822306E-005   8.8776809235659206E-003
   3169.8654971833316        7.9292185106402489E-003  -1.5400052584641067E-005   8.8930809761505608E-003
   3174.8654971833316        7.9295966102031819E-003  -1.5401276506371077E-005   8.9084822526569324E-003
   3179.8654971833316        7.9299738039004374E-003  -1.5402497534548658E-005   8.9238847501914818E-003
   3184.8654971833316        7.9303500953026868E-003  -1.5403715680453548E-005   8.9392884658719349E-003
   3189.8654971833316        7.9307254880109576E-003  -1.5404930955465871E-005   8.9546933968274005E-003
   3194.8654971833316        7.9310999855775853E-003  -1.5406143370810268E-005   8.9700995401982113E-003
   3199.8654971833316        7.9314735915413867E-003  -1.5407352937669711E-005   8.9855068931358802E-003
   3204.8654971833316        7.9318463094345416E-003  -1.5408559667207800E-005   9.0009154528030884E-003
   3209.8654971833316        7.9322181427408708E-003  -1.5409763570433628E-005   9.0163252163735219E-003
   3214.8654971833316        7.9325890949552055E-003  -1.5410964658394011E-005   9.0317361810319154E-003
   3219.8654971833316        7.9329591695394882E-003  -1.5412162942031315E-005   9.0471483439739462E-003
   3224.8654971833316        7.9333283699331361E-003  -1.5413358432217009E-005   9.0625617024061630E-003
   3229.8654971833316        7.9336966995678920E-003  -1.5414551139799724E-005   9.0779762535459635E-003
   3234.8654971833316        7.9340641618453681E-003  -1.5415741075532521E-005   9.0933919946214956E-003
   3239.8654971833316        7.9344307601512051E-003  -1.5416928250118731E-005   9.1088089228716137E-003
   3244.8654971833316        7.9347964978625611E-003  -1.5418112674236166E-005   9.1242270355458496E-003
   3249.8654971833316        7.9351613783343166E-003  -1.5419294358492468E-005   9.1396463299043430E-003
   3254.8654971833316        7.9355254048738121E-003  -1.5420473313343246E-005   9.1550668032176867E-003
   3259.8654971833316        7.9358885808430736E-003  -1.5421649549423133E-005   9.1704884527671095E-003
   3264.8654971833316        7.9362509094725274E-003  -1.5422823076942457E-005   9.1859112758440522E-003
   3269.8654971833316        7.9366123941176179E-003  -1.5423993906518358E-005   9.2013352697505706E-003
   3274.8654971833316        7.9369730379711470E-003  -1.5425162048243052E-005   9.2167604317988129E-003
   3279.8654971833316        7.9373328443278074E-003  -1.5426327512540655E-005   9.2321867593113532E-003
   3284.8654971833316        7.9376918163799465E-003  -1.5427490309505622E-005   9.2476142496208582E-003
   3289.8654971833316        7.9380499573543633E-003  -1.5428650449345835E-005   9.2630429000702032E-003
   3294.8654971833316        7.9384072704437661E-003  -1.5429807942160573E-005   9.2784727080123634E-003
   3299.8654971833316        7.9387637588013305E-003  -1.5430962797922842E-005   9.2939036708102867E-003
   3304.8654971833316        7.9391194256261694E-003  -1.5432115026756279E-005   9.3093357858370432E-003
   3309.8654971833316        7.9394742740042257E-003  -1.5433264638419651E-005   9.3247690504754625E-003
   3314.8654971833316        7.9398283071156935E-003  -1.5434411642978847E-005   9.3402034621184408E-003
   3319.8654971833316        7.9401815280178874E-003  -1.5435556050103410E-005   9.3556390181685437E-003
   3324.8654971833316        7.9405339398516909E-003  -1.5436697869735357E-005   9.3710757160382786E-003
   3329.8654971833316        7.9408855456366036E-003  -1.5437837111425163E-005   9.3865135531497040E-003
   3334.8654971833316        7.9412363484756658E-003  -1.5438973784995687E-005   9.4019525269346989E-003
   3339.8654971833316        7.9415863513941365E-003  -1.5440107900019460E-005   9.4173926348347179E-003
   3344.8654971833316        7.9419355574037211E-003  -1.5441239466026791E-005   9.4328338743007445E-003
   3349.8654971833316        7.9422839695591357E-003  -1.5442368492689028E-005   9.4482762427934332E-003
   3354.8654971833316        7.9426315907761332E-003  -1.5443494989228856E-005   9.4637197377826620E-003
   3359.8654971833316        7.9429784241374195E-003  -1.5444618965411663E-005   9.4791643567480738E-003
   3364.8654971833316        7.9433244724936344E-003  -1.5445740430252401E-005   9.4946100971783267E-003
   3369.8654971833316        7.9436697388961044E-003  -1.5446859393418036E-005   9.5100569565717448E-003
   3374.8654971833316        7.9440142261812761E-003  -1.5447975863880734E-005   9.5255049324356258E-003
   3379.8654971833316        7.9443579373490534E-003  -1.5449089851144039E-005   9.5409540222867704E-003
   3384.8654971833316        7.9447008752360996E-003  -1.5450201364183994E-005   9.5564042236509546E-003
   3389.8654971833316        7.9450430427757176E-003  -1.5451310412291450E-005   9.5718555340632457E-003
   3394.8654971833316        7.9453844428033580E-003  -1.5452417004441652E-005   9.5873079510676879E-003
   3399.8654971833316        7.9457250781916709E-003  -1.5453521149731984E-005   9.6027614722174193E-003
   3404.8654971833316        7.9460649517858490E-003  -1.5454622857172361E-005   9.6182160950745912E-003
   3409.8654971833316        7.9464040664003251E-003  -1.5455722135674521E-005   9.6336718172102664E-003
   3414.8654971833316        7.9467424248627037E-003  -1.5456818994194412E-005   9.6491286362044605E-003
   3419.8654971833316        7.9470800299388904E-003  -1.5457913441489488E-005   9.6645865496459496E-003
   3424.8654971833316        7.9474168844625905E-003  -1.5459005486538489E-005   9.6800455551324886E-003
   3429.8654971833316        7.9477529911391679E-003  -1.5460095137905560E-005   9.6955056502703949E-003
   3434.8654971833316        7.9480883527845315E-003  -1.5461182404514717E-005   9.7109668326749096E-003
   3439.8654971833316        7.9484229720882000E-003  -1.5462267294881675E-005   9.7264290999697911E-003
   3444.8654971833316        7.9487568518108627E-003  -1.5463349817754327E-005   9.7418924497875460E-003
   3449.8654971833316        7.9490899946487899E-003  -1.5464429981673171E-005   9.7573568797692193E-003
   3454.8654971833316        7.9494224033021636E-003  -1.5465507795192795E-005   9.7728223875644116E-003
   3459.8654971833316        7.9497540804530798E-003  -1.5466583266810583E-005   9.7882889708312219E-003
   3464.8654971833316        7.9500850287781318E-003  -1.5467656405007473E-005   9.8037566272362285E-003
   3469.8654971833316        7.9504152509254182E-003  -1.5468727218173411E-005   9.8192253544544025E-003
   3474.8654971833316        7.9507447495514756E-003  -1.5469795714727097E-005   9.8346951501691298E-003
   3479.8654971833316        7.9510735272729817E-003  -1.5470861902959346E-005   9.8501660120720886E-003
   3484.8654971833316        7.9514015867145297E-003  -1.5471925791188013E-005   9.8656379378632766E-003
   3489.8654971833316        7.9517289304789716E-003  -1.5472987387661823E-005   9.8811109252509386E-003
   3494.8654971833316        7.9520555611451906E-003  -1.5474046700553097E-005   9.8965849719514914E-003
   3499.8654971833316        7.9523814813224503E-003  -1.5475103738134033E-005   9.9120600756896250E-003
   3504.8654971833316        7.9527066935139896E-003  -1.5476158508334292E-005   9.9275362341979586E-003
   3509.8654971833316        7.9530312003536427E-003  -1.5477211019508421E-005   9.9430134452174676E-003
   3514.8654971833316        7.9533550042939528E-003  -1.5478261279424274E-005   9.9584917064968921E-003
   3519.8654971833316        7.9536781079417532E-003  -1.5479309296351445E-005   9.9739710157932433E-003
   3524.8654971833316        7.9540005137348022E-003  -1.5480355078012417E-005   9.9894513708712555E-003
   3529.8654971833316        7.9543222242368147E-003  -1.5481398632539511E-005   1.0004932769503795E-002
   3534.8654971833316        7.9546432418872177E-003  -1.5482439967663164E-005   1.0020415209471459E-002
   3539.8654971833316        7.9549635691936859E-003  -1.5483479091336451E-005   1.0035898688562795E-002
   3544.8654971833316        7.9552832086057755E-003  -1.5484516011325194E-005   1.0051383204574120E-002
   3549.8654971833316        7.9556021625732509E-003  -1.5485550735397118E-005   1.0066868755309518E-002
   3554.8654971833316        7.9559204335401187E-003  -1.5486583271302507E-005   1.0082355338580821E-002
   3559.8654971833316        7.9562380239257165E-003  -1.5487613626712847E-005   1.0097842952207534E-002
   3564.8654971833316        7.9565549361553765E-003  -1.5488641809320294E-005   1.0113331594016855E-002
   3569.8654971833316        7.9568711726261104E-003  -1.5489667826726320E-005   1.0128821261843581E-002
   3574.8654971833316        7.9571867357211053E-003  -1.5490691686488771E-005   1.0144311953530070E-002
   3579.8654971833316        7.9575016278291572E-003  -1.5491713396184857E-005   1.0159803666926256E-002
   3584.8654971833316        7.9578158513183683E-003  -1.5492732963325844E-005   1.0175296399889582E-002
   3589.8654971833316        7.9581294085319977E-003  -1.5493750395343579E-005   1.0190790150284925E-002
   3594.8654971833316        7.9584423018294690E-003  -1.5494765699723496E-005   1.0206284915984649E-002
   3599.8654971833316        7.9587545335283744E-003  -1.5495778883816483E-005   1.0221780694868465E-002
   3604.8654971833316        7.9590661059674734E-003  -1.5496789955043255E-005   1.0237277484823507E-002
   3609.8654971833316        7.9593770214322589E-003  -1.5497798920652806E-005   1.0252775283744161E-002
   3614.8654971833316        7.9596872822511825E-003  -1.5498805788034702E-005   1.0268274089532195E-002
   3619.8654971833316        7.9599968906706176E-003  -1.5499810564313256E-005   1.0283773900096509E-002
   3624.8654971833316        7.9603058490214269E-003  -1.5500813256888093E-005   1.0299274713353398E-002
   3629.8654971833316        7.9606141595029000E-003  -1.5501813872732947E-005   1.0314776527226130E-002
   3634.8654971833316        7.9609218244376719E-003  -1.5502812419222978E-005   1.0330279339645353E-002
   3639.8654971833316        7.9612288459980640E-003  -1.5503808903246594E-005   1.0345783148548600E-002
   3644.8654971833316        7.9615352264873294E-003  -1.5504803332118236E-005   1.0361287951880719E-002
   3649.8654971833316        7.9618409680603935E-003  -1.5505795712672017E-005   1.0376793747593390E-002
   3654.8654971833316        7.9621460729886635E-003  -1.5506786052121170E-005   1.0392300533645512E-002
   3659.8654971833316        7.9624505434127170E-003  -1.5507774357255369E-005   1.0407808308002767E-002
   3664.8654971833316        7.9627543815724445E-003  -1.5508760635187697E-005   1.0423317068637954E-002
   3669.8654971833316        7.9630575896162490E-003  -1.5509744892735323E-005   1.0438826813530689E-002
   3674.8654971833316        7.9633601697164640E-003  -1.5510727136794141E-005   1.0454337540667482E-002
   3679.8654971833316        7.9636621240412441E-003  -1.5511707374247513E-005   1.0469849248041729E-002
   3684.8654971833316        7.9639634547388344E-003  -1.5512685611915206E-005   1.0485361933653644E-002
   3689.8654971833316        7.9642641639165249E-003  -1.5513661856485052E-005   1.0500875595510129E-002
   3694.8654971833316        7.9645642537480403E-003  -1.5514636114861578E-005   1.0516390231624990E-002
   3699.8654971833316        7.9648637263048296E-003  -1.5515608393618273E-005   1.0531905840018610E-002
   3704.8654971833316        7.9651625837298800E-003  -1.5516578699561895E-005   1.0547422418718172E-002
   3709.8654971833316        7.9654608281005852E-003  -1.5517547039287238E-005   1.0562939965757459E-002
   3714.8654971833316        7.9657584614987766E-003  -1.5518513419404474E-005   1.0578458479176864E-002
   3719.8654971833316        7.9660554860204683E-003  -1.5519477846570823E-005   1.0593977957023435E-002
   3724.8654971833316        7.9663519037131841E-003  -1.5520440327287040E-005   1.0609498397350722E-002
   3729.8654971833316        7.9666477166452573E-003  -1.5521400868122397E-005   1.0625019798218845E-002
   3734.8654971833316        7.9669429268630128E-003  -1.5522359475575691E-005   1.0640542157694421E-002
   3739.8654971833316        7.9672375363925609E-003  -1.5523316156081014E-005   1.0656065473850502E-002
   3744.8654971833316        7.9675315472846949E-003  -1.5524270916153571E-005   1.0671589744766655E-002
   3749.8654971833316        7.9678249615243221E-003  -1.5525223762095541E-005   1.0687114968528751E-002
   3754.8654971833316        7.9681177811683403E-003  -1.5526174700443846E-005   1.0702641143229195E-002
   3759.8654971833316        7.9684100081543769E-003  -1.5527123737348993E-005   1.0718168266966544E-002
   3764.8654971833316        7.9687016445353174E-003  -1.5528070879336723E-005   1.0733696337845881E-002
   3769.8654971833316        7.9689926922444001E-003  -1.5529016132545122E-005   1.0749225353978426E-002
   3774.8654971833316        7.9692831532782692E-003  -1.5529959503319113E-005   1.0764755313481745E-002
   3779.8654971833316        7.9695730295927820E-003  -1.5530900997872070E-005   1.0780286214479616E-002
   3784.8654971833316        7.9698623231300881E-003  -1.5531840622373730E-005   1.0795818055101989E-002
   3789.8654971833316        7.9701510358621552E-003  -1.5532778383091567E-005   1.0811350833485080E-002
   3794.8654971833316        7.9704391696893764E-003  -1.5533714286061490E-005   1.0826884547771141E-002
   3799.8654971833316        7.9707267265655014E-003  -1.5534648337493562E-005   1.0842419196108635E-002
   3804.8654971833316        7.9710137083880400E-003  -1.5535580543416084E-005   1.0857954776652051E-002
