 #              _____________________  _______________________             #
 #              ___  __ \__  __ \_  / / /_  /___  ____/_  ___/             #
 #              __  / / /_  /_/ /  / / /_  __/_  __/  _____ \              #
 #              _  /_/ /_  _, _// /_/ / / /_ _  /___  ____/ /              #
 #              /_____/ /_/ |_| \____/  \__/ /_____/  /____/               #
 #                                                                         #
  
 #        time                      [L]                   runoff elevation [m a.m.s.l]       runoff flux [L3.T-1.L-2]   in    x              directions   cumulative flux
 #-----------------------------------------------------------------------------------------------

   0.0000000000000000        0.0000000000000000       -0.0000000000000000        0.0000000000000000     
   1.0000000000000000E-004   0.0000000000000000       -0.0000000000000000        0.0000000000000000     
   2.0600000000000002E-004   0.0000000000000000       -0.0000000000000000        0.0000000000000000     
   3.1836000000000006E-004   0.0000000000000000       -0.0000000000000000        0.0000000000000000     
   4.3746160000000009E-004   0.0000000000000000       -0.0000000000000000        0.0000000000000000     
   5.6370929600000014E-004   0.0000000000000000       -0.0000000000000000        0.0000000000000000     
   6.9753185376000013E-004   0.0000000000000000       -0.0000000000000000        0.0000000000000000     
   8.3938376498560023E-004   0.0000000000000000       -0.0000000000000000        0.0000000000000000     
   9.8974679088473629E-004   0.0000000000000000       -0.0000000000000000        0.0000000000000000     
   1.1491315983378205E-003   0.0000000000000000       -0.0000000000000000        0.0000000000000000     
   1.3180794942380899E-003   0.0000000000000000       -0.0000000000000000        0.0000000000000000     
   1.4971642638923754E-003   0.0000000000000000       -0.0000000000000000        0.0000000000000000     
   1.6869941197259180E-003   0.0000000000000000       -0.0000000000000000        0.0000000000000000     
   1.8882137669094731E-003   0.0000000000000000       -0.0000000000000000        0.0000000000000000     
   2.1015065929240414E-003   0.0000000000000000       -0.0000000000000000        0.0000000000000000     
   2.3275969884994840E-003   0.0000000000000000       -0.0000000000000000        0.0000000000000000     
   2.5672528078094533E-003   0.0000000000000000       -0.0000000000000000        0.0000000000000000     
   2.8212879762780207E-003   0.0000000000000000       -0.0000000000000000        0.0000000000000000     
   3.0905652548547020E-003   0.0000000000000000       -0.0000000000000000        0.0000000000000000     
   3.3759991701459843E-003   0.0000000000000000       -0.0000000000000000        0.0000000000000000     
   3.6785591203547436E-003   0.0000000000000000       -0.0000000000000000        0.0000000000000000     
   3.9992726675760282E-003   0.0000000000000000       -0.0000000000000000        0.0000000000000000     
   4.3392290276305897E-003   0.0000000000000000       -0.0000000000000000        0.0000000000000000     
   4.6995827692884254E-003   0.0000000000000000       -0.0000000000000000        0.0000000000000000     
   5.0815577354457308E-003   0.0000000000000000       -0.0000000000000000        0.0000000000000000     
   5.4864511995724747E-003   0.0000000000000000       -0.0000000000000000        0.0000000000000000     
   5.9156382715468232E-003   0.0000000000000000       -0.0000000000000000        0.0000000000000000     
   6.3705765678396331E-003   0.0000000000000000       -0.0000000000000000        0.0000000000000000     
   6.8528111619100118E-003   0.0000000000000000       -0.0000000000000000        0.0000000000000000     
   7.3639798316246126E-003   0.0000000000000000       -0.0000000000000000        0.0000000000000000     
   7.9058186215220892E-003   0.0000000000000000       -0.0000000000000000        0.0000000000000000     
   8.4801677388134152E-003   0.0000000000000000       -0.0000000000000000        0.0000000000000000     
   9.0889778031422210E-003   0.0000000000000000       -0.0000000000000000        0.0000000000000000     
   9.7343164713307555E-003   0.0000000000000000       -0.0000000000000000        0.0000000000000000     
   1.0418375459610602E-002   0.0000000000000000       -0.0000000000000000        0.0000000000000000     
   1.1143477987187239E-002   0.0000000000000000       -0.0000000000000000        0.0000000000000000     
   1.1912086666418473E-002   0.0000000000000000       -0.0000000000000000        0.0000000000000000     
   1.2726811866403582E-002   0.0000000000000000       -0.0000000000000000        0.0000000000000000     
   1.3590420578387798E-002   0.0000000000000000       -0.0000000000000000        0.0000000000000000     
   1.4505845813091067E-002   0.0000000000000000       -0.0000000000000000        0.0000000000000000     
   1.5476196561876531E-002   0.0000000000000000       -0.0000000000000000        0.0000000000000000     
   1.6504768355589124E-002   0.0000000000000000       -0.0000000000000000        0.0000000000000000     
   1.7595054456924473E-002   0.0000000000000000       -0.0000000000000000        0.0000000000000000     
   1.8750757724339942E-002   0.0000000000000000       -0.0000000000000000        0.0000000000000000     
   1.9975803187800338E-002   0.0000000000000000       -0.0000000000000000        0.0000000000000000     
   2.1274351379068360E-002   0.0000000000000000       -0.0000000000000000        0.0000000000000000     
   2.2650812461812463E-002   0.0000000000000000       -0.0000000000000000        0.0000000000000000     
   2.4109861209521213E-002   0.0000000000000000       -0.0000000000000000        0.0000000000000000     
   2.5656452882092486E-002   0.0000000000000000       -0.0000000000000000        0.0000000000000000     
   2.7295840055018037E-002   0.0000000000000000       -0.0000000000000000        0.0000000000000000     
   2.9033590458319120E-002   0.0000000000000000       -0.0000000000000000        0.0000000000000000     
   3.0875605885818270E-002   0.0000000000000000       -0.0000000000000000        0.0000000000000000     
   3.2828142238967364E-002   0.0000000000000000       -0.0000000000000000        0.0000000000000000     
   3.4897830773305411E-002   0.0000000000000000       -0.0000000000000000        0.0000000000000000     
   3.7091700619703738E-002   0.0000000000000000       -0.0000000000000000        0.0000000000000000     
   3.9417202656885961E-002   0.0000000000000000       -0.0000000000000000        0.0000000000000000     
   4.1882234816299123E-002   0.0000000000000000       -0.0000000000000000        0.0000000000000000     
   4.4495168905277070E-002   0.0000000000000000       -0.0000000000000000        0.0000000000000000     
   4.7264879039593699E-002   0.0000000000000000       -0.0000000000000000        0.0000000000000000     
   5.0200771781969321E-002   0.0000000000000000       -0.0000000000000000        0.0000000000000000     
   5.3312818088887486E-002   0.0000000000000000       -0.0000000000000000        0.0000000000000000     
   5.6611587174220740E-002   0.0000000000000000       -0.0000000000000000        0.0000000000000000     
   6.0108282404673988E-002   0.0000000000000000       -0.0000000000000000        0.0000000000000000     
   6.3814779348954437E-002   0.0000000000000000       -0.0000000000000000        0.0000000000000000     
   6.7743666109891701E-002   0.0000000000000000       -0.0000000000000000        0.0000000000000000     
   7.1908286076485209E-002   0.0000000000000000       -0.0000000000000000        0.0000000000000000     
   7.6322783241074332E-002   0.0000000000000000       -0.0000000000000000        0.0000000000000000     
   8.1002150235538792E-002   0.0000000000000000       -0.0000000000000000        0.0000000000000000     
   8.5962279249671120E-002   0.0000000000000000       -0.0000000000000000        0.0000000000000000     
   9.1220016004651391E-002   0.0000000000000000       -0.0000000000000000        0.0000000000000000     
   9.6793216964930484E-002   0.0000000000000000       -0.0000000000000000        0.0000000000000000     
  0.10270080998282632        0.0000000000000000       -0.0000000000000000        0.0000000000000000     
  0.10896285858179591        0.0000000000000000       -0.0000000000000000        0.0000000000000000     
  0.11560063009670367        0.0000000000000000       -0.0000000000000000        0.0000000000000000     
  0.12263666790250589        0.0000000000000000       -0.0000000000000000        0.0000000000000000     
  0.13009486797665626        0.0000000000000000       -0.0000000000000000        0.0000000000000000     
  0.13800056005525563        0.0000000000000000       -0.0000000000000000        0.0000000000000000     
  0.14638059365857098        0.0000000000000000       -0.0000000000000000        0.0000000000000000     
  0.15526342927808526        0.0000000000000000       -0.0000000000000000        0.0000000000000000     
  0.16467923503477039        0.0000000000000000       -0.0000000000000000        0.0000000000000000     
  0.17465998913685662        0.0000000000000000       -0.0000000000000000        0.0000000000000000     
  0.18523958848506802        0.0000000000000000       -0.0000000000000000        0.0000000000000000     
  0.19645396379417213        0.0000000000000000       -0.0000000000000000        0.0000000000000000     
  0.20834120162182246        0.0000000000000000       -0.0000000000000000        0.0000000000000000     
  0.22094167371913181        0.0000000000000000       -0.0000000000000000        0.0000000000000000     
  0.23429817414227974        0.0000000000000000       -0.0000000000000000        0.0000000000000000     
  0.24845606459081654        0.0000000000000000       -0.0000000000000000        0.0000000000000000     
  0.26346342846626553        0.0000000000000000       -0.0000000000000000        0.0000000000000000     
  0.27937123417424148        0.0000000000000000       -0.0000000000000000        0.0000000000000000     
  0.29623350822469596        0.0000000000000000       -0.0000000000000000        0.0000000000000000     
  0.31410751871817771        0.0000000000000000       -0.0000000000000000        0.0000000000000000     
  0.33305396984126839        0.0000000000000000       -0.0000000000000000        0.0000000000000000     
  0.35313720803174453        0.0000000000000000       -0.0000000000000000        0.0000000000000000     
  0.37442544051364923        0.0000000000000000       -0.0000000000000000        0.0000000000000000     
  0.39699096694446823        0.0000000000000000       -0.0000000000000000        0.0000000000000000     
  0.42091042496113634        0.0000000000000000       -0.0000000000000000        0.0000000000000000     
  0.44626505045880455        0.0000000000000000       -0.0000000000000000        0.0000000000000000     
  0.47314095348633284        0.0000000000000000       -0.0000000000000000        0.0000000000000000     
  0.50162941069551281        0.0000000000000000       -0.0000000000000000        0.0000000000000000     
  0.53182717533724366        0.0000000000000000       -0.0000000000000000        0.0000000000000000     
  0.56383680585747831        0.0000000000000000       -0.0000000000000000        0.0000000000000000     
  0.59776701420892708        0.0000000000000000       -0.0000000000000000        0.0000000000000000     
  0.63373303506146272        0.0000000000000000       -0.0000000000000000        0.0000000000000000     
  0.67185701716515056        0.0000000000000000       -0.0000000000000000        0.0000000000000000     
  0.71226843819505958        0.0000000000000000       -0.0000000000000000        0.0000000000000000     
  0.75510454448676323        0.0000000000000000       -0.0000000000000000        0.0000000000000000     
  0.80051081715596906        0.0000000000000000       -0.0000000000000000        0.0000000000000000     
  0.84864146618532721        0.0000000000000000       -0.0000000000000000        0.0000000000000000     
  0.89965995415644684        0.0000000000000000       -0.0000000000000000        0.0000000000000000     
  0.95373955140583366        0.0000000000000000       -0.0000000000000000        0.0000000000000000     
   1.0110639244901838        0.0000000000000000       -0.0000000000000000        0.0000000000000000     
   1.0718277599595949        0.0000000000000000       -0.0000000000000000        0.0000000000000000     
   1.1362374255571706        0.0000000000000000       -0.0000000000000000        0.0000000000000000     
   1.2045116710906008        0.0000000000000000       -0.0000000000000000        0.0000000000000000     
   1.2768823713560369        0.0000000000000000       -0.0000000000000000        0.0000000000000000     
   1.3535953136373993        0.0000000000000000       -0.0000000000000000        0.0000000000000000     
   1.4349110324556433        0.0000000000000000       -0.0000000000000000        0.0000000000000000     
   1.5211056944029819        0.0000000000000000       -0.0000000000000000        0.0000000000000000     
   1.6124720360671609        0.0000000000000000       -0.0000000000000000        0.0000000000000000     
   1.7093203582311907        0.0000000000000000       -0.0000000000000000        0.0000000000000000     
   1.8119795797250622        0.0000000000000000       -0.0000000000000000        0.0000000000000000     
   1.9207983545085661        0.0000000000000000       -0.0000000000000000        0.0000000000000000     
   2.0361462557790801        0.0000000000000000       -0.0000000000000000        0.0000000000000000     
   2.1584150311258252        0.0000000000000000       -0.0000000000000000        0.0000000000000000     
   2.2880199329933748        0.0000000000000000       -0.0000000000000000        0.0000000000000000     
   2.4254011289729775        0.0000000000000000       -0.0000000000000000        0.0000000000000000     
   2.5710251967113562        0.0000000000000000       -0.0000000000000000        0.0000000000000000     
   2.7253867085140375        0.0000000000000000       -0.0000000000000000        0.0000000000000000     
   2.8890099110248801        0.0000000000000000       -0.0000000000000000        0.0000000000000000     
   3.0624505056863729        0.0000000000000000       -0.0000000000000000        0.0000000000000000     
   3.2462975360275554        0.0000000000000000       -0.0000000000000000        0.0000000000000000     
   3.4411753881892091        0.0000000000000000       -0.0000000000000000        0.0000000000000000     
   3.6477459114805617        0.0000000000000000       -0.0000000000000000        0.0000000000000000     
   3.8667106661693955        0.0000000000000000       -0.0000000000000000        0.0000000000000000     
   4.0988133061395597        0.0000000000000000       -0.0000000000000000        0.0000000000000000     
   4.3448421045079337        0.0000000000000000       -0.0000000000000000        0.0000000000000000     
   4.6056326307784099        0.0000000000000000       -0.0000000000000000        0.0000000000000000     
   4.8820705886251146        0.0000000000000000       -0.0000000000000000        0.0000000000000000     
   5.1750948239426213        0.0000000000000000       -0.0000000000000000        0.0000000000000000     
   5.4857005133791787        0.0000000000000000       -0.0000000000000000        0.0000000000000000     
   5.8149425441819300        0.0000000000000000       -0.0000000000000000        0.0000000000000000     
   6.1639390968328458        0.0000000000000000       -0.0000000000000000        0.0000000000000000     
   6.5338754426428167        0.0000000000000000       -0.0000000000000000        0.0000000000000000     
   6.9260079692013861        0.0000000000000000       -0.0000000000000000        0.0000000000000000     
   7.3416684473534692        0.0000000000000000       -0.0000000000000000        0.0000000000000000     
   7.7822685541946779        0.0000000000000000       -0.0000000000000000        0.0000000000000000     
   8.2493046674463599        0.0000000000000000       -0.0000000000000000        0.0000000000000000     
   8.7443629474931424        0.0000000000000000       -0.0000000000000000        0.0000000000000000     
   9.2691247243427313        0.0000000000000000       -0.0000000000000000        0.0000000000000000     
   9.8253722078032961        0.0000000000000000       -0.0000000000000000        0.0000000000000000     
   10.414994540271495        0.0000000000000000       -0.0000000000000000        0.0000000000000000     
   11.039994212687786        0.0000000000000000       -0.0000000000000000        0.0000000000000000     
   11.702493865449053        0.0000000000000000       -0.0000000000000000        0.0000000000000000     
   12.404743497375996        0.0000000000000000       -0.0000000000000000        0.0000000000000000     
   13.149128107218557        0.0000000000000000       -0.0000000000000000        0.0000000000000000     
   13.938175793651672        0.0000000000000000       -0.0000000000000000        0.0000000000000000     
   14.774566341270774        0.0000000000000000       -0.0000000000000000        0.0000000000000000     
   15.661140321747020        0.0000000000000000       -0.0000000000000000        0.0000000000000000     
   16.600908741051843        0.0000000000000000       -0.0000000000000000        0.0000000000000000     
   17.597063265514954        0.0000000000000000       -0.0000000000000000        0.0000000000000000     
   18.652987061445852        0.0000000000000000       -0.0000000000000000        0.0000000000000000     
   19.772266285132606        0.0000000000000000       -0.0000000000000000        0.0000000000000000     
   20.958702262240564        0.0000000000000000       -0.0000000000000000        0.0000000000000000     
   22.216324397974997        0.0000000000000000       -0.0000000000000000        0.0000000000000000     
   23.549403861853499        0.0000000000000000       -0.0000000000000000        0.0000000000000000     
   24.962468093564709        0.0000000000000000       -0.0000000000000000        0.0000000000000000     
   26.460316179178594        0.0000000000000000       -0.0000000000000000        0.0000000000000000     
   28.048035149929312        0.0000000000000000       -0.0000000000000000        0.0000000000000000     
   29.731017258925071        0.0000000000000000       -0.0000000000000000        0.0000000000000000     
   31.514978294460576        0.0000000000000000       -0.0000000000000000        0.0000000000000000     
   33.405976992128210        0.0000000000000000       -0.0000000000000000        0.0000000000000000     
   35.410435611655906        0.0000000000000000       -0.0000000000000000        0.0000000000000000     
   37.535161748355264        0.0000000000000000       -0.0000000000000000        0.0000000000000000     
   39.787371453256583        0.0000000000000000       -0.0000000000000000        0.0000000000000000     
   42.174713740451978        0.0000000000000000       -0.0000000000000000        0.0000000000000000     
   44.705296564879099        0.0000000000000000       -0.0000000000000000        0.0000000000000000     
   47.387714358771845        0.0000000000000000       -0.0000000000000000        0.0000000000000000     
   50.231077220298161        0.0000000000000000       -0.0000000000000000        0.0000000000000000     
   53.245041853516049        0.0000000000000000       -0.0000000000000000        0.0000000000000000     
   56.439844364727016        0.0000000000000000       -0.0000000000000000        0.0000000000000000     
   59.826335026610636        0.0000000000000000       -0.0000000000000000        0.0000000000000000     
   63.416015128207277        0.0000000000000000       -0.0000000000000000        0.0000000000000000     
   67.221076035899713        2.9567523509684292E-003  -1.2950155542648084E-009   1.2950155542648084E-009
   71.254440598053705        9.2059746043719158E-003  -8.5973845820643116E-009   9.8924001363291194E-009
   75.529807033936933        1.9035351491277632E-002  -2.8852596415162129E-008   3.8744996551491246E-008
   80.061695455973151        3.2752325618862543E-002  -7.1283164583201934E-008   1.1002816113469318E-007
   84.865497183331541        5.0685342546213437E-002  -1.4758901804254967E-007   2.5761717917724285E-007
   89.865497183331541        7.2778524798390656E-002  -2.6972558718216211E-007   5.2734276635940490E-007
   94.865497183331541        9.8140923116846079E-002  -4.4394956126054040E-007   9.7129232761994525E-007
   99.865497183331541       0.12650824896490245       -6.7782066884943037E-007   1.6491129964693756E-006
   104.86549718333154       0.15764936296179316       -9.7814618852990852E-007   2.6272591849992841E-006
   109.86549718333154       0.19135432020057139       -1.3509746075371732E-006   3.9782337925364574E-006
   114.86549718333154       0.22738562152440603       -1.8010332549219639E-006   5.7792670474584213E-006
   119.86549718333154       0.26531248925063028       -2.3290539963486179E-006   8.1083210438070387E-006
   124.86549718333154       0.30420352365749537       -2.9254350954210642E-006   1.1033756139228102E-005
   129.86549718333154       0.34243241006524905       -3.5634841993346079E-006   1.4597240338562710E-005
   134.86549718333154       0.37799672952259866       -4.2014268237664392E-006   1.8798667162329151E-005
   139.86549718333154       0.40928146931456671       -4.7968212660718168E-006   2.3595488428400969E-005
   144.86549718333154       0.43564033349736231       -5.3226781121912042E-006   2.8918166540592172E-005
   149.86549718333154       0.45737582750321554       -5.7726081799148148E-006   3.4690774720506986E-005
   154.86549718333154       0.47531370281838259       -6.1548474220320469E-006   4.0845622142539031E-005
   159.86549718333154       0.49037328948427433       -6.4832794841417848E-006   4.7328901626680819E-005
   164.86549718333154       0.50332989152590368       -6.7712877757255753E-006   5.4100189402406397E-005
   169.86549718333154       0.51475147986203573       -7.0293106992247167E-006   6.1129500101631118E-005
   174.86549718333154       0.52502479366994070       -7.2646788735226549E-006   6.8394178975153772E-005
   179.86549718333154       0.53440608605221318       -7.4823104866519846E-006   7.5876489461805752E-005
   184.86549718333154       0.54306644897792999       -7.6854922279797793E-006   8.3561981689785528E-005
   189.86549718333154       0.55112387393185780       -7.8764787833631032E-006   9.1438460473148626E-005
   194.86549718333154       0.55866350924674102       -8.0568864289824780E-006   9.9495346902131107E-005
   199.86549718333154       0.56574976647376063       -8.2279322244044561E-006   1.0772327912653556E-004
   204.86549718333154       0.57243342913976736       -8.3905747962269314E-006   1.1611385392276249E-004
   209.86549718333154       0.57875587447170629       -8.5455972406494110E-006   1.2465945116341189E-004
   214.86549718333154       0.58475166345661078       -8.6936571683053435E-006   1.3335310833171722E-004
   219.86549718333154       0.59045020314897934       -8.8353181782540646E-006   1.4218842650997129E-004
   224.86549718333154       0.59587686717611132       -8.9710706390750923E-006   1.5115949714904637E-004
   229.86549718333154       0.60105378690644828       -9.1013460972519231E-006   1.6026084324629830E-004
   234.86549718333154       0.60600043299282480       -9.2265277191797234E-006   1.6948737096547802E-004
   239.86549718333154       0.61073405719984797       -9.3469581478605537E-006   1.7883432911333858E-004
   244.86549718333154       0.61527003710057337       -9.4629455979590520E-006   1.8829727471129763E-004
   249.86549718333154       0.61962215073791227       -9.5747687015054085E-006   1.9787204341280303E-004
   254.86549718333154       0.62380279922073101       -9.6826804364908330E-006   2.0755472384929386E-004
   259.86549718333151       0.62782318962752415       -9.7869113624986557E-006   2.1734163521179253E-004
   264.86549718333151       0.63169348701950023       -9.8876723200586026E-006   2.2722930753185113E-004
   269.86549718333151       0.63542294200157590       -9.9851567067302881E-006   2.3721446423858141E-004
   274.86549718333151       0.63901999865268133       -1.0079542413625484E-005   2.4729400665220690E-004
   279.86549718333151       0.64249238650769924       -1.0170993485803069E-005   2.5746500013800995E-004
   284.86549718333151       0.64584719945002211       -1.0259661555527444E-005   2.6772466169353742E-004
   289.86549718333151       0.64909096376596065       -1.0345687086847412E-005   2.7807034878038484E-004
   294.86549718333151       0.65222969715492440       -1.0429200462097898E-005   2.8849954924248272E-004
   299.86549718333151       0.65526896013979397       -1.0510322934964452E-005   2.9900987217744716E-004
   304.86549718333151       0.65821390105121447       -1.0589167470155858E-005   3.0959903964760305E-004
   309.86549718333151       0.66106929554723448       -1.0665839486136558E-005   3.2026487913373961E-004
   314.86549718333151       0.66383958146165101       -1.0740437514532172E-005   3.3100531664827178E-004
   319.86549718333151       0.66652888963994938       -1.0813053787550104E-005   3.4181837043582191E-004
   324.86549718333151       0.66914107131357003       -1.0883774762932528E-005   3.5270214519875443E-004
   329.86549718333151       0.67167972247514784       -1.0952681594468421E-005   3.6365482679322285E-004
   334.86549718333151       0.67414820564551758       -1.1019850554875071E-005   3.7467467734809794E-004
   339.86549718333151       0.67654966936413985       -1.1085353416855888E-005   3.8576003076495381E-004
   344.86549718333151       0.67888706568567780       -1.1149257797308889E-005   3.9690928856226271E-004
   349.86549718333151       0.68116316592468562       -1.1211627468963701E-005   4.0812091603122639E-004
   354.86549718333151       0.68338057485638426       -1.1272522643143250E-005   4.1939343867436962E-004
   359.86549718333151       0.68554174355290998       -1.1332000226854833E-005   4.3072543890122447E-004
   364.86549718333151       0.68764898101028793       -1.1390114056998590E-005   4.4211555295822308E-004
   369.86549718333151       0.68970446470092606       -1.1446915114126515E-005   4.5356246807234962E-004
   374.86549718333151       0.69171025016909515       -1.1502451717884209E-005   4.6506491979023384E-004
   379.86549718333151       0.69366827977201284       -1.1556769706007626E-005   4.7662168949624145E-004
   384.86549718333151       0.69558039065642729       -1.1609912598523823E-005   4.8823160209476526E-004
   389.86549718333151       0.69744832204964735       -1.1661921748610977E-005   4.9989352384337629E-004
   394.86549718333151       0.69927372193465764       -1.1712836481409338E-005   5.1160636032478559E-004
   399.86549718333151       0.70105815317064124       -1.1762694221924770E-005   5.2336905454671034E-004
   404.86549718333151       0.70280309911338446       -1.1811530613046352E-005   5.3518058515975670E-004
   409.86549718333151       0.70450996878367944       -1.1859379624582884E-005   5.4703996478433958E-004
   414.86549718333151       0.70618010162663258       -1.1906273654130722E-005   5.5894623843847030E-004
   419.86549718333151       0.70781477190004227       -1.1952243620498519E-005   5.7089848205896883E-004
   424.86549718333151       0.70941519272590781       -1.1997319050339774E-005   5.8289580110930861E-004
   429.86549718333151       0.71098251983554728       -1.2041528158578574E-005   5.9493732926788718E-004
   434.86549718333151       0.71251785503565312       -1.2084897923156202E-005   6.0702222719104335E-004
   439.86549718333151       0.71402224941970494       -1.2127454154571396E-005   6.1914968134561474E-004
   444.86549718333151       0.71549670634685214       -1.2169221560645867E-005   6.3131890290626057E-004
   449.86549718333151       0.71694218420800848       -1.2210223806900594E-005   6.4352912671316112E-004
   454.86549718333151       0.71835959899711010       -1.2250483572896451E-005   6.5577961028605758E-004
   459.86549718333151       0.71974982670366183       -1.2290022604857276E-005   6.6806963289091489E-004
   464.86549718333151       0.72111370554120968       -1.2328861764866008E-005   6.8039849465578088E-004
   469.86549718333151       0.72245203802493030       -1.2367021076896102E-005   6.9276551573267697E-004
   474.86549718333151       0.72376559291042797       -1.2404519769920914E-005   7.0517003550259790E-004
   479.86549718333151       0.72505510700460107       -1.2441376318318763E-005   7.1761141182091672E-004
   484.86549718333151       0.72632128685846609       -1.2477608479772855E-005   7.3008902030068958E-004
   489.86549718333151       0.72756481035109499       -1.2513233330852481E-005   7.4260225363154207E-004
   494.86549718333151       0.72878632817281908       -1.2548267300440519E-005   7.5515052093198256E-004
   499.86549718333151       0.72998646521521948       -1.2582726201160762E-005   7.6773324713314331E-004
   504.86549718333151       0.73116582187489554       -1.2616625258949191E-005   7.8034987239209255E-004
   509.86549718333151       0.73232497527717022       -1.2649979140894856E-005   7.9299985153298742E-004
   514.86549718333151       0.73346448042559520       -1.2682801981472175E-005   8.0568265351445962E-004
   519.86549718333151       0.73458487128252814       -1.2715107407273733E-005   8.1839776092173340E-004
   524.86549718333151       0.73568666178558906       -1.2746908560343259E-005   8.3114466948207668E-004
   529.86549718333151       0.73677034680456910       -1.2778218120205036E-005   8.4392288760228170E-004
   534.86549718333151       0.73783640304278497       -1.2809048324672550E-005   8.5673193592695422E-004
   539.86549718333151       0.73888528988675828       -1.2839410989518685E-005   8.6957134691647295E-004
   544.86549718333151       0.73991745020758704       -1.2869317527077560E-005   8.8244066444355049E-004
   549.86549718333151       0.74093331111740890       -1.2898778963851358E-005   8.9533944340740182E-004
   554.86549718333151       0.74193328468372577       -1.2927805957179454E-005   9.0826724936458132E-004
   559.86549718333151       0.74291776860448455       -1.2956408811032626E-005   9.2122365817561393E-004
   564.86549718333151       0.74388714684636137       -1.2984597490983962E-005   9.3420825566659788E-004
   569.86549718333151       0.74484179024866659       -1.3012381638408780E-005   9.4722063730500665E-004
   574.86549718333151       0.74578205709500101       -1.3039770583959033E-005   9.6026040788896566E-004
   579.86549718333151       0.74670829365472935       -1.3066773360357095E-005   9.7332718124932280E-004
   584.86549718333151       0.74762083469610607       -1.3093398714548314E-005   9.8642057996387120E-004
   589.86549718333151       0.74852000397279150       -1.3119655119250065E-005   9.9954023508312131E-004
   594.86549718333151       0.74940611468541485       -1.3145550783933617E-005   1.0126857858670550E-003
   599.86549718333151       0.75027946991966044       -1.3171093665270781E-005   1.0258568795323258E-003
   604.86549718333151       0.75114036306231802       -1.3196291477077233E-005   1.0390531710094031E-003
   609.86549718333151       0.75198907819652205       -1.3221151699778735E-005   1.0522743227091818E-003
   614.86549718333151       0.75282589047749382       -1.3245681589429954E-005   1.0655200042986117E-003
   619.86549718333151       0.75365106648984226       -1.3269888186308516E-005   1.0787898924849203E-003
   624.86549718333151       0.75446486458751383       -1.3293778323108723E-005   1.0920836708080291E-003
   629.86549718333151       0.75526753521742307       -1.3317358632758080E-005   1.1054010294407873E-003
   634.86549718333151       0.75605932122759723       -1.3340635555874480E-005   1.1187416649966618E-003
   639.86549718333151       0.75684045816079137       -1.3363615347886128E-005   1.1321052803445479E-003
   644.86549718333151       0.75761117453430316       -1.3386304085829828E-005   1.1454915844303778E-003
   649.86549718333151       0.75837169210681610       -1.3408707674846751E-005   1.1589002921052246E-003
   654.86549718333151       0.75912222613292601       -1.3430831854390026E-005   1.1723311239596147E-003
   659.86549718333151       0.75986298560605392       -1.3452682204160194E-005   1.1857838061637748E-003
   664.86549718333151       0.76059417349034930       -1.3474264149782094E-005   1.1992580703135568E-003
   669.86549718333151       0.76131598694216895       -1.3495582968236317E-005   1.2127536532817930E-003
   674.86549718333151       0.76202861752168127       -1.3516643793057803E-005   1.2262702970748508E-003
   679.86549718333151       0.76273225139512546       -1.3537451619313608E-005   1.2398077486941645E-003
   684.86549718333151       0.76342706952820916       -1.3558011308370891E-005   1.2533657600025353E-003
   689.86549718333151       0.76411324787107104       -1.3578327592464638E-005   1.2669440875949999E-003
   694.86549718333151       0.76479095753531001       -1.3598405079077080E-005   1.2805424926740771E-003
   699.86549718333151       0.76546036496335546       -1.3618248255134243E-005   1.2941607409292114E-003
   704.86549718333151       0.76612163209073958       -1.3637861491033665E-005   1.3077986024202450E-003
   709.86549718333151       0.76677491650146290       -1.3657249044506649E-005   1.3214558514647516E-003
   714.86549718333151       0.76742037157684806       -1.3676415064324447E-005   1.3351322665290761E-003
   719.86549718333151       0.76805814663830618       -1.3695363593858958E-005   1.3488276301229351E-003
   724.86549718333151       0.76868838708412102       -1.3714098574499017E-005   1.3625417286974341E-003
   729.86549718333151       0.76931123452070238       -1.3732623848933887E-005   1.3762743525463680E-003
   734.86549718333151       0.76992682688847425       -1.3750943164307151E-005   1.3900252957106752E-003
   739.86549718333151       0.77053529858275749       -1.3769060175249989E-005   1.4037943558859252E-003
   744.86549718333151       0.77113678056972668       -1.3786978446794743E-005   1.4175813343327199E-003
   749.86549718333151       0.77173140049782174       -1.3804701457178647E-005   1.4313860357898986E-003
   754.86549718333151       0.77231928280477180       -1.3822232600540975E-005   1.4452082683904396E-003
   759.86549718333151       0.77290054882040304       -1.3839575189517554E-005   1.4590478435799572E-003
   764.86549718333151       0.77347531686546656       -1.3856732457738356E-005   1.4729045760376955E-003
   769.86549718333151       0.77404370234666908       -1.3873707562232532E-005   1.4867782835999281E-003
   774.86549718333151       0.77460581784804028       -1.3890503585743819E-005   1.5006687871856718E-003
   779.86549718333151       0.77516177321881452       -1.3907123538960548E-005   1.5145759107246324E-003
   784.86549718333151       0.77571167565803445       -1.3923570362665564E-005   1.5284994810872980E-003
   789.86549718333151       0.77625562979595375       -1.3939846929807367E-005   1.5424393280171055E-003
   794.86549718333151       0.77679373777238181       -1.3955956047495998E-005   1.5563952840646014E-003
   799.86549718333151       0.77732609931219232       -1.3971900458929374E-005   1.5703671845235308E-003
   804.86549718333151       0.77785281179798982       -1.3987682845249225E-005   1.5843548673687799E-003
   809.86549718333151       0.77837397034016176       -1.4003305827332674E-005   1.5983581731961126E-003
   814.86549718333151       0.77888966784440017       -1.4018771967521278E-005   1.6123769451636340E-003
   819.86549718333151       0.77939999507673063       -1.4034083771288063E-005   1.6264110289349221E-003
   824.86549718333151       0.77990504072626687       -1.4049243688848401E-005   1.6404602726237704E-003
   829.86549718333151       0.78040489146572878       -1.4064254116715356E-005   1.6545245267404857E-003
   834.86549718333151       0.78089963200978341       -1.4079117399200684E-005   1.6686036441396865E-003
   839.86549718333151       0.78138934517139003       -1.4093835829866404E-005   1.6826974799695530E-003
   844.86549718333151       0.78187411191616563       -1.4108411652926960E-005   1.6968058916224799E-003
   849.86549718333151       0.78235401141477545       -1.4122847064601587E-005   1.7109287386870814E-003
   854.86549718333151       0.78282912109367186       -1.4137144214426209E-005   1.7250658829015076E-003
   859.86549718333151       0.78329951668399611       -1.4151305206518818E-005   1.7392171881080265E-003
   864.86549718333151       0.78376527226883641       -1.4165332100803769E-005   1.7533825202088302E-003
   869.86549718333151       0.78422646032888610       -1.4179226914195932E-005   1.7675617471230262E-003
   874.86549718333151       0.78468315178655412       -1.4192991621745881E-005   1.7817547387447721E-003
   879.86549718333151       0.78513541604864734       -1.4206628157749380E-005   1.7959613669025216E-003
   884.86549718333151       0.78558332104760487       -1.4220138416820275E-005   1.8101815053193418E-003
   889.86549718333151       0.78602693328134132       -1.4233524254928114E-005   1.8244150295742699E-003
   894.86549718333151       0.78646631785185384       -1.4246787490404956E-005   1.8386618170646749E-003
   899.86549718333151       0.78690153850248823       -1.4259929904917847E-005   1.8529217469695927E-003
   904.86549718333151       0.78733265765406957       -1.4272953244412943E-005   1.8671947002140057E-003
   909.86549718333151       0.78775973643982011       -1.4285859220028659E-005   1.8814805594340343E-003
   914.86549718333151       0.78818283473918427       -1.4298649508981240E-005   1.8957792089430154E-003
   919.86549718333151       0.78860201121055307       -1.4311325755422260E-005   1.9100905346984378E-003
   924.86549718333151       0.78901732332298813       -1.4323889571270856E-005   1.9244144242697087E-003
   929.86549718333151       0.78942882738689690       -1.4336342537019084E-005   1.9387507668067279E-003
   934.86549718333151       0.78983657858376399       -1.4348686202513227E-005   1.9530994530092410E-003
   939.86549718333151       0.79024063099501562       -1.4360922087713352E-005   1.9674603750969542E-003
   944.86549718333151       0.79064103762989035       -1.4373051683426977E-005   1.9818334267803811E-003
   949.86549718333151       0.79103785045251473       -1.4385076452022732E-005   1.9962185032324038E-003
   954.86549718333151       0.79143112040813801       -1.4396997828122420E-005   2.0106155010605263E-003
   959.86549718333151       0.79182089744860262       -1.4408817219273728E-005   2.0250243182797999E-003
   964.86549718333151       0.79220723055693198       -1.4420536006599702E-005   2.0394448542863995E-003
   969.86549718333151       0.79259016777130553       -1.4432155545433174E-005   2.0538770098318328E-003
   974.86549718333151       0.79296975620824184       -1.4443677165930448E-005   2.0683206869977632E-003
   979.86549718333151       0.79334604208512560       -1.4455102173668279E-005   2.0827757891714316E-003
   984.86549718333151       0.79371907074204173       -1.4466431850222916E-005   2.0972422210216546E-003
   989.86549718333151       0.79408888666296462       -1.4477667453732524E-005   2.1117198884753872E-003
   994.86549718333151       0.79445553349636922       -1.4488810219444861E-005   2.1262086986948321E-003
   999.86549718333151       0.79481905407517417       -1.4499861360247430E-005   2.1407085600550794E-003
   1004.8654971833315       0.79517949043617087       -1.4510822067184636E-005   2.1552193821222638E-003
   1009.8654971833315       0.79553688383885002       -1.4521693509959174E-005   2.1697410756322229E-003
   1014.8654971833315       0.79589127478369048       -1.4532476837419479E-005   2.1842735524696425E-003
   1019.8654971833315       0.79624270302994204       -1.4543173178034162E-005   2.1988167256476766E-003
   1024.8654971833316       0.79659120761289570       -1.4553783640353130E-005   2.2133705092880298E-003
   1029.8654971833316       0.79693682686069300       -1.4564309313456806E-005   2.2279348186014865E-003
   1034.8654971833316       0.79727959841057305       -1.4574751267390404E-005   2.2425095698688771E-003
   1039.8654971833316       0.79761955922478522       -1.4585110553590005E-005   2.2570946804224669E-003
   1044.8654971833316       0.79795674560596297       -1.4595388205294169E-005   2.2716900686277613E-003
   1049.8654971833316       0.79829119321213082       -1.4605585237946288E-005   2.2862956538657075E-003
   1054.8654971833316       0.79862293707129162       -1.4615702649585930E-005   2.3009113565152935E-003
   1059.8654971833316       0.79895201159554641       -1.4625741421227713E-005   2.3155370979365212E-003
   1064.8654971833316       0.79927845059492886       -1.4635702517233148E-005   2.3301728004537542E-003
   1069.8654971833316       0.79960228729077620       -1.4645586885669963E-005   2.3448183873394242E-003
   1074.8654971833316       0.79992355432881435       -1.4655395458664323E-005   2.3594737827980885E-003
   1079.8654971833316       0.80024228379183315       -1.4665129152742020E-005   2.3741389119508304E-003
   1084.8654971833316       0.80055850721205413       -1.4674788869161745E-005   2.3888137008199924E-003
   1089.8654971833316       0.80087225558314379       -1.4684375494238989E-005   2.4034980763142314E-003
   1094.8654971833316       0.80118355937193353       -1.4693889899662303E-005   2.4181919662138937E-003
   1099.8654971833316       0.80149244852984503       -1.4703332942801910E-005   2.4328952991566955E-003
   1104.8654971833316       0.80179895250391275       -1.4712705467007285E-005   2.4476080046237029E-003
   1109.8654971833316       0.80210310024769993       -1.4722008301902664E-005   2.4623300129256055E-003
   1114.8654971833316       0.80240492023174259       -1.4731242263669385E-005   2.4770612551892747E-003
   1119.8654971833316       0.80270444045385292       -1.4740408155325032E-005   2.4918016633445998E-003
   1124.8654971833316       0.80300168844908015       -1.4749506766993216E-005   2.5065511701115929E-003
   1129.8654971833316       0.80329669129948744       -1.4758538876168821E-005   2.5213097089877615E-003
   1134.8654971833316       0.80358947564360206       -1.4767505247974273E-005   2.5360772142357358E-003
   1139.8654971833316       0.80388006768567910       -1.4776406635411135E-005   2.5508536208711471E-003
   1144.8654971833316       0.80416849320470496       -1.4785243779604655E-005   2.5656388646507519E-003
   1149.8654971833316       0.80445477756319561       -1.4794017410043023E-005   2.5804328820607948E-003
   1154.8654971833316       0.80473894571573434       -1.4802728244809540E-005   2.5952356103056042E-003
   1159.8654971833316       0.80502102221739003       -1.4811376990811982E-005   2.6100469872964160E-003
   1164.8654971833316       0.80530103123176056       -1.4819964344001369E-005   2.6248669516404175E-003
   1169.8654971833316       0.80557899653898402       -1.4828490989590545E-005   2.6396954426300082E-003
   1174.8654971833316       0.80585494154349324       -1.4836957602265694E-005   2.6545324002322738E-003
   1179.8654971833316       0.80612888928152893       -1.4845364846391218E-005   2.6693777650786650E-003
   1184.8654971833316       0.80640086242852782       -1.4853713376211561E-005   2.6842314784548764E-003
   1189.8654971833316       0.80667088330633197       -1.4862003836048215E-005   2.6990934822909247E-003
   1194.8654971833316       0.80693897389018887       -1.4870236860491075E-005   2.7139637191514157E-003
   1199.8654971833316       0.80720515581561314       -1.4878413074586167E-005   2.7288421322260018E-003
   1204.8654971833316       0.80746945038508122       -1.4886533094018940E-005   2.7437286653200208E-003
   1209.8654971833316       0.80773187857451711       -1.4894597525291788E-005   2.7586232628453128E-003
   1214.8654971833316       0.80799246103968925       -1.4902606965899422E-005   2.7735258698112120E-003
   1219.8654971833316       0.80825121812246303       -1.4910562004500457E-005   2.7884364318157126E-003
   1224.8654971833316       0.80850816985681806       -1.4918463221082316E-005   2.8033548950367948E-003
   1229.8654971833316       0.80876333597479599       -1.4926311187124581E-005   2.8182812062239192E-003
   1234.8654971833316       0.80901673591232692       -1.4934106465759138E-005   2.8332153126896784E-003
   1239.8654971833316       0.80926838881485219       -1.4941849611924635E-005   2.8481571623016032E-003
   1244.8654971833316       0.80951831354284320       -1.4949541172518208E-005   2.8631067034741212E-003
   1249.8654971833316       0.80976652867721888       -1.4957181686544613E-005   2.8780638851606658E-003
   1254.8654971833316       0.81001305252460021       -1.4964771685260828E-005   2.8930286568459268E-003
   1259.8654971833316       0.81025790312250057       -1.4972311692319168E-005   2.9080009685382461E-003
   1264.8654971833316       0.81050109824434791       -1.4979802223905615E-005   2.9229807707621520E-003
   1269.8654971833316       0.81074265540438162       -1.4987243788874820E-005   2.9379680145510266E-003
   1274.8654971833316       0.81098259186248922       -1.4994636888883631E-005   2.9529626514399102E-003
   1279.8654971833316       0.81122092462887585       -1.5001982018519871E-005   2.9679646334584303E-003
   1284.8654971833316       0.81145767046869655       -1.5009279665430447E-005   2.9829739131238607E-003
   1289.8654971833316       0.81169284590653457       -1.5016530310445022E-005   2.9979904434343056E-003
   1294.8654971833316       0.81192646723080508       -1.5023734427697826E-005   3.0130141778620034E-003
   1299.8654971833316       0.81215855049803309       -1.5030892484745958E-005   3.0280450703467493E-003
   1304.8654971833316       0.81238911153706217       -1.5038004942685884E-005   3.0430830752894351E-003
   1309.8654971833316       0.81261816595317715       -1.5045072256267663E-005   3.0581281475457029E-003
   1314.8654971833316       0.81284572913211084       -1.5052094874005922E-005   3.0731802424197089E-003
   1319.8654971833316       0.81307181624397296       -1.5059073238288763E-005   3.0882393156579976E-003
   1324.8654971833316       0.81329644224709230       -1.5066007785484325E-005   3.1033053234434818E-003
   1329.8654971833316       0.81351962189179716       -1.5072898946045734E-005   3.1183782223895276E-003
   1334.8654971833316       0.81374136972406985       -1.5079747144612491E-005   3.1334579695341401E-003
   1339.8654971833316       0.81396170008920210       -1.5086552800112158E-005   3.1485445223342523E-003
   1344.8654971833316       0.81418062713523554       -1.5093316325855732E-005   3.1636378386601079E-003
   1349.8654971833316       0.81439816481648264       -1.5100038129635745E-005   3.1787378767897437E-003
   1354.8654971833316       0.81461432689688462       -1.5106718613819613E-005   3.1938445954035632E-003
   1359.8654971833316       0.81482912695331333       -1.5113358175441537E-005   3.2089579535790045E-003
   1364.8654971833316       0.81504257837880423       -1.5119957206292499E-005   3.2240779107852971E-003
   1369.8654971833316       0.81525469438571385       -1.5126516093008197E-005   3.2392044268783051E-003
   1374.8654971833316       0.81546548800885110       -1.5133035217156415E-005   3.2543374620954617E-003
   1379.8654971833316       0.81567497210847739       -1.5139514955320548E-005   3.2694769770507822E-003
   1384.8654971833316       0.81588315937332478       -1.5145955679183950E-005   3.2846229327299662E-003
   1389.8654971833316       0.81609006232346193       -1.5152357755609783E-005   3.2997752904855761E-003
   1394.8654971833316       0.81629569331319263       -1.5158721546722076E-005   3.3149340120322982E-003
   1399.8654971833316       0.81650006453379720       -1.5165047409982166E-005   3.3300990594422805E-003
   1404.8654971833316       0.81670318801630459       -1.5171335698266269E-005   3.3452703951405466E-003
   1409.8654971833316       0.81690507563418380       -1.5177586759940774E-005   3.3604479819004875E-003
   1414.8654971833316       0.81710573910592688       -1.5183800938934357E-005   3.3756317828394218E-003
   1419.8654971833316       0.81730518999766877       -1.5189978574811451E-005   3.3908217614142333E-003
   1424.8654971833316       0.81750343972567008       -1.5196120002841636E-005   3.4060178814170751E-003
   1429.8654971833316       0.81770049955882151       -1.5202225554069894E-005   3.4212201069711450E-003
   1434.8654971833316       0.81789638062103809       -1.5208295555383619E-005   3.4364284025265287E-003
   1439.8654971833316       0.81809109389364176       -1.5214330329579440E-005   3.4516427328561083E-003
   1444.8654971833316       0.81828465021769070       -1.5220330195428567E-005   3.4668630630515368E-003
   1449.8654971833316       0.81847706029624834       -1.5226295467740411E-005   3.4820893585192770E-003
   1454.8654971833316       0.81866833469666123       -1.5232226457426679E-005   3.4973215849767036E-003
   1459.8654971833316       0.81885848385266946       -1.5238123471560377E-005   3.5125597084482642E-003
   1464.8654971833316       0.81904751806663800       -1.5243986813438760E-005   3.5278036952617027E-003
   1469.8654971833316       0.81923544751160082       -1.5249816782640598E-005   3.5430535120443431E-003
   1474.8654971833316       0.81942228223336611       -1.5255613675085487E-005   3.5583091257194287E-003
   1479.8654971833316       0.81960803215250966       -1.5261377783089844E-005   3.5735705035025186E-003
   1484.8654971833316       0.81979270706639129       -1.5267109395423707E-005   3.5888376128979421E-003
   1489.8654971833316       0.81997631665106840       -1.5272808797364554E-005   3.6041104216953065E-003
   1494.8654971833316       0.82015887046325775       -1.5278476270752662E-005   3.6193888979660590E-003
   1499.8654971833316       0.82034037794214898       -1.5284112094042058E-005   3.6346730100601009E-003
   1504.8654971833316       0.82052084841130579       -1.5289716542354282E-005   3.6499627266024554E-003
   1509.8654971833316       0.82070029108039166       -1.5295289887526820E-005   3.6652580164899824E-003
   1514.8654971833316       0.82087871504700538       -1.5300832398165067E-005   3.6805588488881473E-003
   1519.8654971833316       0.82105612929839333       -1.5306344339690617E-005   3.6958651932278378E-003
   1524.8654971833316       0.82123254271314738       -1.5311825974389141E-005   3.7111770192022270E-003
   1529.8654971833316       0.82140796406287842       -1.5317277561457680E-005   3.7264942967636847E-003
   1534.8654971833316       0.82158240201386679       -1.5322699357051298E-005   3.7418169961207360E-003
   1539.8654971833316       0.82175586512867282       -1.5328091614328621E-005   3.7571450877350648E-003
   1544.8654971833316       0.82192836186766716       -1.5333454583494942E-005   3.7724785423185595E-003
   1549.8654971833316       0.82209990059066984       -1.5338788511848854E-005   3.7878173308304084E-003
   1554.8654971833316       0.82227048955840309       -1.5344093643823169E-005   3.8031614244742316E-003
   1559.8654971833316       0.82244013693400542       -1.5349370221027807E-005   3.8185107946952595E-003
   1564.8654971833316       0.82260885078449208       -1.5354618482291171E-005   3.8338654131775504E-003
   1569.8654971833316       0.82277663908222087       -1.5359838663701718E-005   3.8492252518412522E-003
   1574.8654971833316       0.82294350970627972       -1.5365030998647225E-005   3.8645902828398993E-003
   1579.8654971833316       0.82310947044387828       -1.5370195717854236E-005   3.8799604785577533E-003
   1584.8654971833316       0.82327452899169151       -1.5375333049426123E-005   3.8953358116071792E-003
   1589.8654971833316       0.82343869295726313       -1.5380443218883082E-005   3.9107162548260620E-003
   1594.8654971833316       0.82360196986024514       -1.5385526449197094E-005   3.9261017812752593E-003
   1599.8654971833316       0.82376436713372270       -1.5390582960829647E-005   3.9414923642360888E-003
   1604.8654971833316       0.82392589212550715       -1.5395612971768518E-005   3.9568879772078572E-003
   1609.8654971833316       0.82408655209934101       -1.5400616697561902E-005   3.9722885939054188E-003
   1614.8654971833316       0.82424635423612114       -1.5405594351353174E-005   3.9876941882567721E-003
   1619.8654971833316       0.82440530563512149       -1.5410546143915706E-005   4.0031047344006882E-003
   1624.8654971833316       0.82456341331516281       -1.5415472283686111E-005   4.0185202066843747E-003
   1629.8654971833316       0.82472068421578748       -1.5420372976797713E-005   4.0339405796611721E-003
   1634.8654971833316       0.82487712519837952       -1.5425248427112363E-005   4.0493658280882847E-003
   1639.8654971833316       0.82503274304729279       -1.5430098836252580E-005   4.0647959269245375E-003
   1644.8654971833316       0.82518754447093834       -1.5434924403632493E-005   4.0802308513281701E-003
   1649.8654971833316       0.82534153610288918       -1.5439725326489380E-005   4.0956705766546598E-003
   1654.8654971833316       0.82549472450293226       -1.5444501799913606E-005   4.1111150784545738E-003
   1659.8654971833316       0.82564711615808972       -1.5449254016877696E-005   4.1265643324714515E-003
   1664.8654971833316       0.82579871748368650       -1.5453982168266885E-005   4.1420183146397187E-003
   1669.8654971833316       0.82594953482433897       -1.5458686442907263E-005   4.1574770010826259E-003
   1674.8654971833316       0.82609957445494098       -1.5463367027593916E-005   4.1729403681102194E-003
   1679.8654971833316       0.82624884258162912       -1.5468024107118430E-005   4.1884083922173378E-003
   1684.8654971833316       0.82639734534277398       -1.5472657864297319E-005   4.2038810500816355E-003
   1689.8654971833316       0.82654508880989708       -1.5477268479998129E-005   4.2193583185616340E-003
   1694.8654971833316       0.82669207898860075       -1.5481856133166025E-005   4.2348401746948004E-003
   1699.8654971833316       0.82683832181945383       -1.5486421000849051E-005   4.2503265956956495E-003
   1704.8654971833316       0.82698382317895414       -1.5490963258225814E-005   4.2658175589538752E-003
   1709.8654971833316       0.82712858888034158       -1.5495483078628582E-005   4.2813130420325035E-003
   1714.8654971833316       0.82727262467449814       -1.5499980633569107E-005   4.2968130226660722E-003
   1719.8654971833316       0.82741593625078391       -1.5504456092762535E-005   4.3123174787588351E-003
   1724.8654971833316       0.82755852923788020       -1.5508909624151539E-005   4.3278263883829863E-003
   1729.8654971833316       0.82770040920460608       -1.5513341393929692E-005   4.3433397297769159E-003
   1734.8654971833316       0.82784158166073996       -1.5517751566565043E-005   4.3588574813434805E-003
   1739.8654971833316       0.82798205205781672       -1.5522140304822961E-005   4.3743796216483034E-003
   1744.8654971833316       0.82812182578989557       -1.5526507769788096E-005   4.3899061294180915E-003
   1749.8654971833316       0.82826090819433229       -1.5530854120886531E-005   4.4054369835389781E-003
   1754.8654971833316       0.82839930455255706       -1.5535179515908150E-005   4.4209721630548860E-003
   1759.8654971833316       0.82853702009080066       -1.5539484111027427E-005   4.4365116471659135E-003
   1764.8654971833316       0.82867405998082921       -1.5543768060824488E-005   4.4520554152267383E-003
   1769.8654971833316       0.82881042934067628       -1.5548031518306198E-005   4.4676034467450443E-003
   1774.8654971833316       0.82894613323534283       -1.5552274634926210E-005   4.4831557213799705E-003
   1779.8654971833316       0.82908117667749770       -1.5556497560605078E-005   4.4987122189405759E-003
   1784.8654971833316       0.82921556462817214       -1.5560700443750276E-005   4.5142729193843262E-003
   1789.8654971833316       0.82934930199744428       -1.5564883431275849E-005   4.5298378028156023E-003
   1794.8654971833316       0.82948239364507270       -1.5569046668620560E-005   4.5454068494842226E-003
   1799.8654971833316       0.82961484438117139       -1.5573190299767374E-005   4.5609800397839904E-003
   1804.8654971833316       0.82974665896686361       -1.5577314467262252E-005   4.5765573542512527E-003
   1809.8654971833316       0.82987784211492099       -1.5581419312232582E-005   4.5921387735634849E-003
   1814.8654971833316       0.83000839849035146       -1.5585504974404005E-005   4.6077242785378886E-003
   1819.8654971833316       0.83013833271104698       -1.5589571592119132E-005   4.6233138501300076E-003
   1824.8654971833316       0.83026764934838460       -1.5593619302354866E-005   4.6389074694323622E-003
   1829.8654971833316       0.83039635292780412       -1.5597648240738991E-005   4.6545051176731011E-003
   1834.8654971833316       0.83052444792942071       -1.5601658541567867E-005   4.6701067762146692E-003
   1839.8654971833316       0.83065193878857502       -1.5605650337822271E-005   4.6857124265524911E-003
   1844.8654971833316       0.83077882989644813       -1.5609623761185182E-005   4.7013220503136759E-003
   1849.8654971833316       0.83090512560055019       -1.5613578942055755E-005   4.7169356292557319E-003
   1854.8654971833316       0.83103083020533153       -1.5617516009567045E-005   4.7325531452652994E-003
   1859.8654971833316       0.83115594797270753       -1.5621435091601167E-005   4.7481745803569005E-003
   1864.8654971833316       0.83128048312257485       -1.5625336314804087E-005   4.7637999166717047E-003
   1869.8654971833316       0.83140443983337975       -1.5629219804602205E-005   4.7794291364763068E-003
   1874.8654971833316       0.83152782224259447       -1.5633085685215953E-005   4.7950622221615228E-003
   1879.8654971833316       0.83165063444724141       -1.5636934079674991E-005   4.8106991562411978E-003
   1884.8654971833316       0.83177288050439491       -1.5640765109832718E-005   4.8263399213510309E-003
   1889.8654971833316       0.83189456443169052       -1.5644578896381015E-005   4.8419845002474118E-003
   1894.8654971833316       0.83201569020778665       -1.5648375558863522E-005   4.8576328758062753E-003
   1899.8654971833316       0.83213626177287059       -1.5652155215690346E-005   4.8732850310219660E-003
   1904.8654971833316       0.83225628302913757       -1.5655917984151928E-005   4.8889409490061181E-003
   1909.8654971833316       0.83237575784120943       -1.5659663980431045E-005   4.9046006129865490E-003
   1914.8654971833316       0.83249469003663301       -1.5663393319617323E-005   4.9202640063061662E-003
   1919.8654971833316       0.83261308340632989       -1.5667106115720256E-005   4.9359311124218862E-003
   1924.8654971833316       0.83273094170504236       -1.5670802481682126E-005   4.9516019149035686E-003
   1929.8654971833316       0.83284826865175798       -1.5674482529390254E-005   4.9672763974329586E-003
   1934.8654971833316       0.83296506793014369       -1.5678146369689584E-005   4.9829545438026483E-003
   1939.8654971833316       0.83308134318898497       -1.5681794112395448E-005   4.9986363379150439E-003
   1944.8654971833316       0.83319709804260855       -1.5685425866305822E-005   5.0143217637813493E-003
   1949.8654971833316       0.83331233607128885       -1.5689041739213091E-005   5.0300108055205623E-003
   1954.8654971833316       0.83342706082164408       -1.5692641837915500E-005   5.0457034473584779E-003
   1959.8654971833316       0.83354127580702897       -1.5696226268228539E-005   5.0613996736267068E-003
   1964.8654971833316       0.83365498450800057       -1.5699795134998635E-005   5.0770994687617055E-003
   1969.8654971833316       0.83376819037262684       -1.5703348542111875E-005   5.0928028173038171E-003
   1974.8654971833316       0.83388089681690947       -1.5706886592506406E-005   5.1085097038963238E-003
   1979.8654971833316       0.83399310722515518       -1.5710409388183185E-005   5.1242201132845073E-003
   1984.8654971833316       0.83410482495034055       -1.5713917030216564E-005   5.1399340303147235E-003
   1989.8654971833316       0.83421605331450055       -1.5717409618765609E-005   5.1556514399334888E-003
   1994.8654971833316       0.83432679560910450       -1.5720887253085067E-005   5.1713723271865734E-003
   1999.8654971833316       0.83443705509535859       -1.5724350031534025E-005   5.1870966772181075E-003
   2004.8654971833316       0.83454683500460403       -1.5727798051587590E-005   5.2028244752696951E-003
   2009.8654971833316       0.83465613853865972       -1.5731231409846854E-005   5.2185557066795419E-003
   2014.8654971833316       0.83476496887012996       -1.5734650202047736E-005   5.2342903568815893E-003
   2019.8654971833316       0.83487332914281653       -1.5738054523073181E-005   5.2500284114046624E-003
   2024.8654971833316       0.83498122247198403       -1.5741444466960680E-005   5.2657698558716227E-003
   2029.8654971833316       0.83508865194470983       -1.5744820126912546E-005   5.2815146759985351E-003
   2034.8654971833316       0.83519562062019337       -1.5748181595304856E-005   5.2972628575938402E-003
   2039.8654971833316       0.83530213153011956       -1.5751528963698146E-005   5.3130143865575382E-003
   2044.8654971833316       0.83540818767893998       -1.5754862322845534E-005   5.3287692488803839E-003
   2049.8654971833316       0.83551379204417564       -1.5758181762701499E-005   5.3445274306430854E-003
   2054.8654971833316       0.83561894757676014       -1.5761487372431984E-005   5.3602889180155173E-003
   2059.8654971833316       0.83572365720128972       -1.5764779240421562E-005   5.3760536972559392E-003
   2064.8654971833316       0.83582792381637716       -1.5768057454283880E-005   5.3918217547102229E-003
   2069.8654971833316       0.83593175029490829       -1.5771322100869043E-005   5.4075930768110918E-003
   2074.8654971833316       0.83603513948434116       -1.5774573266272389E-005   5.4233676500773645E-003
   2079.8654971833316       0.83613809420700991       -1.5777811035843365E-005   5.4391454611132078E-003
   2084.8654971833316       0.83624061726036603       -1.5781035494192482E-005   5.4549264966073999E-003
   2089.8654971833316       0.83634271141729888       -1.5784246725200796E-005   5.4707107433326005E-003
   2094.8654971833316       0.83644437942639249       -1.5787444812027320E-005   5.4864981881446277E-003
   2099.8654971833316       0.83654562401219912       -1.5790629837117041E-005   5.5022888179817450E-003
   2104.8654971833316       0.83664644787548470       -1.5793801882208051E-005   5.5180826198639532E-003
   2109.8654971833316       0.83674685369353818       -1.5796961028340670E-005   5.5338795808922937E-003
   2114.8654971833316       0.83684684412036781       -1.5800107355863041E-005   5.5496796882481565E-003
   2119.8654971833316       0.83694642178704137       -1.5803240944441266E-005   5.5654829291925979E-003
   2124.8654971833316       0.83704558930186213       -1.5806361873064382E-005   5.5812892910656626E-003
   2129.8654971833316       0.83714434925064718       -1.5809470220052552E-005   5.5970987612857150E-003
   2134.8654971833316       0.83724270419697744       -1.5812566063064393E-005   5.6129113273487791E-003
   2139.8654971833316       0.83734065668245761       -1.5815649479104619E-005   5.6287269768278839E-003
   2144.8654971833316       0.83743820922690493       -1.5818720544529438E-005   5.6445456973724132E-003
   2149.8654971833316       0.83753536432867504       -1.5821779335056307E-005   5.6603674767074699E-003
   2154.8654971833316       0.83763212446475221       -1.5824825925766238E-005   5.6761923026332362E-003
   2159.8654971833316       0.83772849209112632       -1.5827860391115172E-005   5.6920201630243517E-003
   2164.8654971833316       0.83782446964295887       -1.5830882804938685E-005   5.7078510458292908E-003
   2169.8654971833316       0.83792005953477700       -1.5833893240457629E-005   5.7236849390697488E-003
   2174.8654971833316       0.83801526416074368       -1.5836891770286141E-005   5.7395218308400348E-003
   2179.8654971833316       0.83811008589486158       -1.5839878466437578E-005   5.7553617093064726E-003
   2184.8654971833316       0.83820452709119020       -1.5842853400330900E-005   5.7712045627068033E-003
   2189.8654971833316       0.83829859008402197       -1.5845816642795747E-005   5.7870503793495988E-003
   2194.8654971833316       0.83839227718816889       -1.5848768264080992E-005   5.8028991476136802E-003
   2199.8654971833316       0.83848559069910111       -1.5851708333858681E-005   5.8187508559475387E-003
   2204.8654971833316       0.83857853289318518       -1.5854636921231076E-005   5.8346054928687698E-003
   2209.8654971833316       0.83867110602785988       -1.5857554094735773E-005   5.8504630469635053E-003
   2214.8654971833316       0.83876331234187351       -1.5860459922352722E-005   5.8663235068858576E-003
   2219.8654971833316       0.83885515405545819       -1.5863354471509315E-005   5.8821868613573667E-003
   2224.8654971833316       0.83894663337051889       -1.5866237809085924E-005   5.8980530991664523E-003
   2229.8654971833316       0.83903775247083634       -1.5869110001421861E-005   5.9139222091678743E-003
   2234.8654971833316       0.83912851352227746       -1.5871971114321628E-005   5.9297941802821958E-003
   2239.8654971833316       0.83921891867291554       -1.5874821213058280E-005   5.9456690014952542E-003
   2244.8654971833316       0.83930897005328409       -1.5877660362381050E-005   5.9615466618576354E-003
   2249.8654971833316       0.83939866977652999       -1.5880488626519780E-005   5.9774271504841551E-003
   2254.8654971833316       0.83948801993859967       -1.5883306069190405E-005   5.9933104565533454E-003
   2259.8654971833316       0.83957702261839584       -1.5886112753599507E-005   6.0091965693069450E-003
   2264.8654971833316       0.83966567987801422       -1.5888908742451417E-005   6.0250854780493964E-003
   2269.8654971833316       0.83975399376284099       -1.5891694097950927E-005   6.0409771721473471E-003
   2274.8654971833316       0.83984196630175278       -1.5894468881809204E-005   6.0568716410291561E-003
   2279.8654971833316       0.83992959950730584       -1.5897233155249421E-005   6.0727688741844055E-003
   2284.8654971833316       0.84001689537589641       -1.5899986979011467E-005   6.0886688611634168E-003
   2289.8654971833316       0.84010385588790049       -1.5902730413355983E-005   6.1045715915767724E-003
   2294.8654971833316       0.84019048300786381       -1.5905463518070031E-005   6.1204770550948428E-003
   2299.8654971833316       0.84027677868463391       -1.5908186352470914E-005   6.1363852414473138E-003
   2304.8654971833316       0.84036274485157281       -1.5910898975412549E-005   6.1522961404227262E-003
   2309.8654971833316       0.84044838342664518       -1.5913601445287930E-005   6.1682097418680141E-003
   2314.8654971833316       0.84053369631262964       -1.5916293820035459E-005   6.1841260356880496E-003
   2319.8654971833316       0.84061868539723483       -1.5918976157142293E-005   6.2000450118451919E-003
   2324.8654971833316       0.84070335255327167       -1.5921648513649464E-005   6.2159666603588412E-003
   2329.8654971833316       0.84078769963879096       -1.5924310946155911E-005   6.2318909713049968E-003
   2334.8654971833316       0.84087172849724545       -1.5926963510823287E-005   6.2478179348158204E-003
   2339.8654971833316       0.84095544095762120       -1.5929606263379803E-005   6.2637475410791997E-003
   2344.8654971833316       0.84103883883460051       -1.5932239259125064E-005   6.2796797803383250E-003
   2349.8654971833316       0.84112192392866758       -1.5934862552933125E-005   6.2956146428912582E-003
   2354.8654971833316       0.84120469802628983       -1.5937476199257916E-005   6.3115521190905159E-003
   2359.8654971833316       0.84128716290002248       -1.5940080252136242E-005   6.3274921993426523E-003
   2364.8654971833316       0.84136932030868716       -1.5942674765193177E-005   6.3434348741078454E-003
   2369.8654971833316       0.84145117199746022       -1.5945259791644540E-005   6.3593801338994900E-003
   2374.8654971833316       0.84153271969804910       -1.5947835384302195E-005   6.3753279692837922E-003
   2379.8654971833316       0.84161396512878861       -1.5950401595576833E-005   6.3912783708793691E-003
   2384.8654971833316       0.84169490999478636       -1.5952958477482287E-005   6.4072313293568510E-003
   2389.8654971833316       0.84177555598808551       -1.5955506081640403E-005   6.4231868354384918E-003
   2394.8654971833316       0.84185590478772154       -1.5958044459282585E-005   6.4391448798977744E-003
   2399.8654971833316       0.84193595805991683       -1.5960573661255681E-005   6.4551054535590298E-003
   2404.8654971833316       0.84201571745814674       -1.5963093738023805E-005   6.4710685472970540E-003
   2409.8654971833316       0.84209518462332478       -1.5965604739673960E-005   6.4870341520367279E-003
   2414.8654971833316       0.84217436118386402       -1.5968106715917695E-005   6.5030022587526460E-003
   2419.8654971833316       0.84225324875585683       -1.5970599716096582E-005   6.5189728584687428E-003
   2424.8654971833316       0.84233184894313740       -1.5973083789183912E-005   6.5349459422579265E-003
   2429.8654971833316       0.84241016333742802       -1.5975558983789109E-005   6.5509215012417160E-003
   2434.8654971833316       0.84248819351846049       -1.5978025348161323E-005   6.5668995265898769E-003
   2439.8654971833316       0.84256594105408300       -1.5980482930192566E-005   6.5828800095200698E-003
   2444.8654971833316       0.84264340750036415       -1.5982931777420788E-005   6.5988629412974910E-003
   2449.8654971833316       0.84272059440170355       -1.5985371937033137E-005   6.6148483132345238E-003
   2454.8654971833316       0.84279750329097602       -1.5987803455870294E-005   6.6308361166903945E-003
   2459.8654971833316       0.84287413568961544       -1.5990226380428920E-005   6.6468263430708233E-003
   2464.8654971833316       0.84295049310770509       -1.5992640756864270E-005   6.6628189838276878E-003
   2469.8654971833316       0.84302657704414452       -1.5995046630995271E-005   6.6788140304586832E-003
   2474.8654971833316       0.84310238898668066       -1.5997444048305297E-005   6.6948114745069886E-003
   2479.8654971833316       0.84317793041205580       -1.5999833053946640E-005   6.7108113075609356E-003
   2484.8654971833316       0.84325320278611526       -1.6002213692743680E-005   6.7268135212536790E-003
   2489.8654971833316       0.84332820756388294       -1.6004586009195126E-005   6.7428181072628742E-003
   2494.8654971833316       0.84340294618968481       -1.6006950047477671E-005   6.7588250573103522E-003
   2499.8654971833316       0.84347742009725224       -1.6009305851449085E-005   6.7748343631618014E-003
   2504.8654971833316       0.84355163070978612       -1.6011653464650043E-005   6.7908460166264516E-003
   2509.8654971833316       0.84362557944009575       -1.6013992930308335E-005   6.8068600095567595E-003
   2514.8654971833316       0.84369926769068904       -1.6016324291341505E-005   6.8228763338481014E-003
   2519.8654971833316       0.84377269685383793       -1.6018647590358770E-005   6.8388949814384599E-003
   2524.8654971833316       0.84384586831168640       -1.6020962869664211E-005   6.8549159443081244E-003
   2529.8654971833316       0.84391878343637827       -1.6023270171260667E-005   6.8709392144793852E-003
   2534.8654971833316       0.84399144359009570       -1.6025569536850745E-005   6.8869647840162362E-003
   2539.8654971833316       0.84406385012518259       -1.6027861007840567E-005   6.9029926450240768E-003
   2544.8654971833316       0.84413600438423475       -1.6030144625342437E-005   6.9190227896494191E-003
   2549.8654971833316       0.84420790770017884       -1.6032420430177169E-005   6.9350552100795959E-003
   2554.8654971833316       0.84427956139636506       -1.6034688462876846E-005   6.9510898985424728E-003
   2559.8654971833316       0.84435096678665733       -1.6036948763687497E-005   6.9671268473061607E-003
   2564.8654971833316       0.84442212517550586       -1.6039201372571253E-005   6.9831660486787319E-003
   2569.8654971833316       0.84449303785804808       -1.6041446329209334E-005   6.9992074950079412E-003
   2574.8654971833316       0.84456370612019227       -1.6043683673004581E-005   7.0152511786809460E-003
   2579.8654971833316       0.84463413123869646       -1.6045913443083752E-005   7.0312970921240295E-003
   2584.8654971833316       0.84470431448125405       -1.6048135678300090E-005   7.0473452278023299E-003
   2589.8654971833316       0.84477425710655063       -1.6050350417234973E-005   7.0633955782195652E-003
   2594.8654971833316       0.84484396036440590       -1.6052557698202237E-005   7.0794481359177678E-003
   2599.8654971833316       0.84491342549577275       -1.6054757559247998E-005   7.0955028934770155E-003
   2604.8654971833316       0.84498265373288572       -1.6056950038155198E-005   7.1115598435151708E-003
   2609.8654971833316       0.84505164629932450       -1.6059135172445485E-005   7.1276189786876167E-003
   2614.8654971833316       0.84512040441004499       -1.6061312999380027E-005   7.1436802916869969E-003
   2619.8654971833316       0.84518892927149325       -1.6063483555962973E-005   7.1597437752429598E-003
   2624.8654971833316       0.84525722208170606       -1.6065646878944517E-005   7.1758094221219043E-003
   2629.8654971833316       0.84532528403033924       -1.6067803004821630E-005   7.1918772251267256E-003
   2634.8654971833316       0.84539311629875058       -1.6069951969840564E-005   7.2079471770965658E-003
   2639.8654971833316       0.84546072006009743       -1.6072093809999771E-005   7.2240192709065653E-003
   2644.8654971833316       0.84552809647938865       -1.6074228561051466E-005   7.2400934994676170E-003
   2649.8654971833316       0.84559524671356989       -1.6076356258504139E-005   7.2561698557261209E-003
   2654.8654971833316       0.84566217191158410       -1.6078476937624367E-005   7.2722483326637449E-003
   2659.8654971833316       0.84572887321441181       -1.6080590633437959E-005   7.2883289232971828E-003
   2664.8654971833316       0.84579535175521325       -1.6082697380734313E-005   7.3044116206779173E-003
   2669.8654971833316       0.84586160865933646       -1.6084797214066551E-005   7.3204964178919842E-003
   2674.8654971833316       0.84592764504442308       -1.6086890167754742E-005   7.3365833080597390E-003
   2679.8654971833316       0.84599346202045722       -1.6088976275887344E-005   7.3526722843356264E-003
   2684.8654971833316       0.84605906068980197       -1.6091055572322198E-005   7.3687633399079485E-003
   2689.8654971833316       0.84612444214732163       -1.6093128090690310E-005   7.3848564679986385E-003
   2694.8654971833316       0.84618960748042027       -1.6095193864396935E-005   7.4009516618630351E-003
   2699.8654971833316       0.84625455776911063       -1.6097252926623661E-005   7.4170489147896588E-003
   2704.8654971833316       0.84631929408605511       -1.6099305310329555E-005   7.4331482200999882E-003
   2709.8654971833316       0.84638381749667224       -1.6101351048254455E-005   7.4492495711482431E-003
   2714.8654971833316       0.84644812905916345       -1.6103390172919687E-005   7.4653529613211631E-003
   2719.8654971833316       0.84651222982456331       -1.6105422716629538E-005   7.4814583840377927E-003
   2724.8654971833316       0.84657612083686251       -1.6107448711475057E-005   7.4975658327492674E-003
   2729.8654971833316       0.84663980313302434       -1.6109468189334450E-005   7.5136753009386022E-003
   2734.8654971833316       0.84670327774303245       -1.6111481181874496E-005   7.5297867821204770E-003
   2739.8654971833316       0.84676654568998200       -1.6113487720553322E-005   7.5459002698410301E-003
   2744.8654971833316       0.84682960799011131       -1.6115487836621289E-005   7.5620157576776516E-003
   2749.8654971833316       0.84689246565288312       -1.6117481561123492E-005   7.5781332392387754E-003
   2754.8654971833316       0.84695511968103554       -1.6119468924901231E-005   7.5942527081636763E-003
   2759.8654971833316       0.84701757107062370       -1.6121449958593256E-005   7.6103741581222692E-003
   2764.8654971833316       0.84707982081108357       -1.6123424692637687E-005   7.6264975828149069E-003
   2769.8654971833316       0.84714186988532547       -1.6125393157274849E-005   7.6426229759721815E-003
   2774.8654971833316       0.84720371926972038       -1.6127355382546782E-005   7.6587503313547281E-003
   2779.8654971833316       0.84726536993419654       -1.6129311398300169E-005   7.6748796427530287E-003
   2784.8654971833316       0.84732682284228400       -1.6131261234187665E-005   7.6910109039872165E-003
   2789.8654971833316       0.84738807895118662       -1.6133204919670086E-005   7.7071441089068870E-003
   2794.8654971833316       0.84744913921180376       -1.6135142484016997E-005   7.7232792513909042E-003
   2799.8654971833316       0.84751000456879799       -1.6137073956308767E-005   7.7394163253472125E-003
   2804.8654971833316       0.84757067596067392       -1.6138999365438965E-005   7.7555553247126516E-003
   2809.8654971833316       0.84763115431977476       -1.6140918740114193E-005   7.7716962434527656E-003
   2814.8654971833316       0.84769144057236634       -1.6142832108856610E-005   7.7878390755616225E-003
   2819.8654971833316       0.84775153563868411       -1.6144739500005366E-005   7.8039838150616280E-003
   2824.8654971833316       0.84781144043296297       -1.6146640941717460E-005   7.8201304560033460E-003
   2829.8654971833316       0.84787115586354622       -1.6148536461971093E-005   7.8362789924653169E-003
   2834.8654971833316       0.84793068283286310       -1.6150426088564872E-005   7.8524294185538818E-003
   2839.8654971833316       0.84799002223752262       -1.6152309849120710E-005   7.8685817284030023E-003
   2844.8654971833316       0.84804917496831089       -1.6154187771083650E-005   7.8847359161740866E-003
   2849.8654971833316       0.84810814191031469       -1.6156059881725696E-005   7.9008919760558127E-003
   2854.8654971833316       0.84816692394291138       -1.6157926208145415E-005   7.9170499022639586E-003
   2859.8654971833316       0.84822552193982459       -1.6159786777269636E-005   7.9332096890412287E-003
   2864.8654971833316       0.84828393676917901       -1.6161641615855084E-005   7.9493713306570835E-003
   2869.8654971833316       0.84834216929355077       -1.6163490750489895E-005   7.9655348214075737E-003
   2874.8654971833316       0.84840022037001905       -1.6165334207595211E-005   7.9817001556151696E-003
   2879.8654971833316       0.84845809085015467       -1.6167172013424703E-005   7.9978673276285949E-003
   2884.8654971833316       0.84851578158014151       -1.6169004194068358E-005   8.0140363318226635E-003
   2889.8654971833316       0.84857329340078003       -1.6170830775452527E-005   8.0302071625981165E-003
   2894.8654971833316       0.84863062714751480       -1.6172651783340699E-005   8.0463798143814574E-003
   2899.8654971833316       0.84868778365052799       -1.6174467243336410E-005   8.0625542816247942E-003
   2904.8654971833316       0.84874476373473451       -1.6176277180883015E-005   8.0787305588056781E-003
   2909.8654971833316       0.84880156821984332       -1.6178081621265549E-005   8.0949086404269437E-003
   2914.8654971833316       0.84885819792040240       -1.6179880589612095E-005   8.1110885210165552E-003
   2919.8654971833316       0.84891465364584584       -1.6181674110895204E-005   8.1272701951274496E-003
   2924.8654971833316       0.84897093620049791       -1.6183462209931933E-005   8.1434536573373809E-003
   2929.8654971833316       0.84902704638367188       -1.6185244911386959E-005   8.1596389022487673E-003
   2934.8654971833316       0.84908298498964863       -1.6187022239771774E-005   8.1758259244885390E-003
   2939.8654971833316       0.84913875280774809       -1.6188794219446924E-005   8.1920147187079864E-003
   2944.8654971833316       0.84919435062238524       -1.6190560874623705E-005   8.2082052795826102E-003
   2949.8654971833316       0.84924977921308908       -1.6192322229364709E-005   8.2243976018119749E-003
   2954.8654971833316       0.84930503935452184       -1.6194078307584346E-005   8.2405916801195599E-003
   2959.8654971833316       0.84936013181656211       -1.6195829133051438E-005   8.2567875092526121E-003
   2964.8654971833316       0.84941505736429057       -1.6197574729388691E-005   8.2729850839820002E-003
   2969.8654971833316       0.84946981675808853       -1.6199315120075767E-005   8.2891843991020758E-003
   2974.8654971833316       0.84952441075361340       -1.6201050328448443E-005   8.3053854494305242E-003
   2979.8654971833316       0.84957884010186757       -1.6202780377700708E-005   8.3215882298082241E-003
   2984.8654971833316       0.84963310554925975       -1.6204505290886704E-005   8.3377927350991102E-003
   2989.8654971833316       0.84968720783758267       -1.6206225090919892E-005   8.3539989601900295E-003
   2994.8654971833316       0.84974114770407527       -1.6207939800575028E-005   8.3702068999906044E-003
   2999.8654971833316       0.84979492588147465       -1.6209649442489699E-005   8.3864165494330935E-003
   3004.8654971833316       0.84984854309804359       -1.6211354039165177E-005   8.4026279034722581E-003
   3009.8654971833316       0.84990200007758399       -1.6213053612966770E-005   8.4188409570852257E-003
   3014.8654971833316       0.84995529753949006       -1.6214748186125452E-005   8.4350557052713503E-003
   3019.8654971833316       0.85000843619877597       -1.6216437780738684E-005   8.4512721430520885E-003
   3024.8654971833316       0.85006141676613234       -1.6218122418772178E-005   8.4674902654708600E-003
   3029.8654971833316       0.85011423994791013       -1.6219802122059273E-005   8.4837100675929193E-003
   3034.8654971833316       0.85016690644621640       -1.6221476912303983E-005   8.4999315445052227E-003
   3039.8654971833316       0.85021941695888614       -1.6223146811080000E-005   8.5161546913163026E-003
   3044.8654971833316       0.85027177217956584       -1.6224811839833331E-005   8.5323795031561362E-003
   3049.8654971833316       0.85032397279769634       -1.6226472019881667E-005   8.5486059751760171E-003
   3054.8654971833316       0.85037601949858987       -1.6228127372416807E-005   8.5648341025484336E-003
   3059.8654971833316       0.85042791296345244       -1.6229777918505285E-005   8.5810638804669388E-003
   3064.8654971833316       0.85047965386938396       -1.6231423679088355E-005   8.5972953041460274E-003
   3069.8654971833316       0.85053124288942761       -1.6233064674983487E-005   8.6135283688210107E-003
   3074.8654971833316       0.85058268069262788       -1.6234700926886161E-005   8.6297630697478971E-003
   3079.8654971833316       0.85063396794402657       -1.6236332455369703E-005   8.6459994022032669E-003
   3084.8654971833316       0.85068510530468777       -1.6237959280886009E-005   8.6622373614841531E-003
   3089.8654971833316       0.85073609343177670       -1.6239581423768023E-005   8.6784769429079211E-003
   3094.8654971833316       0.85078693297851760       -1.6241198904228333E-005   8.6947181418121494E-003
   3099.8654971833316       0.85083762459428458       -1.6242811742362020E-005   8.7109609535545116E-003
   3104.8654971833316       0.85088816892463059       -1.6244419958147521E-005   8.7272053735126583E-003
   3109.8654971833316       0.85093856661124856       -1.6246023571445356E-005   8.7434513970841045E-003
   3114.8654971833316       0.85098881829206563       -1.6247622602001078E-005   8.7596990196861062E-003
   3119.8654971833316       0.85103892460125707       -1.6249217069445656E-005   8.7759482367555514E-003
   3124.8654971833316       0.85108888616926037       -1.6250806993295890E-005   8.7921990437488471E-003
   3129.8654971833316       0.85113870362278843       -1.6252392392954768E-005   8.8084514361418016E-003
   3134.8654971833316       0.85118837758491583       -1.6253973287714188E-005   8.8247054094295150E-003
   3139.8654971833316       0.85123790867505522       -1.6255549696754162E-005   8.8409609591262699E-003
   3144.8654971833316       0.85128729750901289       -1.6257121639144494E-005   8.8572180807654152E-003
   3149.8654971833316       0.85133654469896913       -1.6258689133844173E-005   8.8734767698992589E-003
   3154.8654971833316       0.85138565085356921       -1.6260252199704182E-005   8.8897370220989633E-003
   3159.8654971833316       0.85143461657789687       -1.6261810855466632E-005   8.9059988329544294E-003
   3164.8654971833316       0.85148344247353569       -1.6263365119766652E-005   8.9222621980741962E-003
   3169.8654971833316       0.85153212913857046       -1.6264915011132420E-005   8.9385271130853292E-003
   3174.8654971833316       0.85158067716763242       -1.6266460547986527E-005   8.9547935736333153E-003
   3179.8654971833316       0.85162908715188490       -1.6268001748645503E-005   8.9710615753819615E-003
   3184.8654971833316       0.85167735967913505       -1.6269538631323330E-005   8.9873311140132844E-003
   3189.8654971833316       0.85172549533375730       -1.6271071214128941E-005   9.0036021852274127E-003
   3194.8654971833316       0.85177349469676655       -1.6272599515068546E-005   9.0198747847424817E-003
   3199.8654971833316       0.85182135834586536       -1.6274123552047069E-005   9.0361489082945289E-003
   3204.8654971833316       0.85186908685541152       -1.6275643342867070E-005   9.0524245516373954E-003
   3209.8654971833316       0.85191668079649829       -1.6277158905231293E-005   9.0687017105426267E-003
   3214.8654971833316       0.85196414073695093       -1.6278670256742478E-005   9.0849803807993689E-003
   3219.8654971833316       0.85201146724134258       -1.6280177414903860E-005   9.1012605582142733E-003
   3224.8654971833316       0.85205866087101478       -1.6281680397119758E-005   9.1175422386113938E-003
   3229.8654971833316       0.85210572218412550       -1.6283179220697100E-005   9.1338254178320918E-003
   3234.8654971833316       0.85215265173566768       -1.6284673902845926E-005   9.1501100917349368E-003
   3239.8654971833316       0.85219945007748088       -1.6286164460679775E-005   9.1663962561956171E-003
   3244.8654971833316       0.85224611775827208       -1.6287650911216283E-005   9.1826839071068329E-003
   3249.8654971833316       0.85229265532366250       -1.6289133271378629E-005   9.1989730403782121E-003
   3254.8654971833316       0.85233906331615772       -1.6290611557994585E-005   9.2152636519362060E-003
   3259.8654971833316       0.85238534227523155       -1.6292085787799091E-005   9.2315557377240058E-003
   3264.8654971833316       0.85243149273730290       -1.6293555977433564E-005   9.2478492937014389E-003
   3269.8654971833316       0.85247751523578486       -1.6295022143447346E-005   9.2641443158448869E-003
   3274.8654971833316       0.85252341030107226       -1.6296484302297329E-005   9.2804408001471838E-003
   3279.8654971833316       0.85256917846061520       -1.6297942470350230E-005   9.2967387426175340E-003
   3284.8654971833316       0.85261482023890767       -1.6299396663882223E-005   9.3130381392814154E-003
   3289.8654971833316       0.85266033615750358       -1.6300846899079385E-005   9.3293389861804944E-003
   3294.8654971833316       0.85270572673504341       -1.6302293192038540E-005   9.3456412793725338E-003
   3299.8654971833316       0.85275099248727715       -1.6303735558767944E-005   9.3619450149313010E-003
   3304.8654971833316       0.85279613392708276       -1.6305174015187833E-005   9.3782501889464881E-003
   3309.8654971833316       0.85284115156448781       -1.6306608577131095E-005   9.3945567975236184E-003
   3314.8654971833316       0.85288604590670691       -1.6308039260344427E-005   9.4108648367839630E-003
   3319.8654971833316       0.85293081745812871       -1.6309466080487890E-005   9.4271743028644505E-003
   3324.8654971833316       0.85297546672034641       -1.6310889053135834E-005   9.4434851919175857E-003
   3329.8654971833316       0.85301999419219754       -1.6312308193778155E-005   9.4597975001113645E-003
   3334.8654971833316       0.85306440036976372       -1.6313723517820252E-005   9.4761112236291852E-003
   3339.8654971833316       0.85310868574638521       -1.6315135040583457E-005   9.4924263586697692E-003
   3344.8654971833316       0.85315285081271008       -1.6316542777306568E-005   9.5087429014470756E-003
   3349.8654971833316       0.85319689605666571       -1.6317946743144913E-005   9.5250608481902213E-003
   3354.8654971833316       0.85324082196352946       -1.6319346953172593E-005   9.5413801951433931E-003
   3359.8654971833316       0.85328462901589641       -1.6320743422381380E-005   9.5577009385657743E-003
   3364.8654971833316       0.85332831769373430       -1.6322136165682490E-005   9.5740230747314563E-003
   3369.8654971833316       0.85337188847439982       -1.6323525197907038E-005   9.5903465999293627E-003
   3374.8654971833316       0.85341534183263601       -1.6324910533805938E-005   9.6066715104631689E-003
   3379.8654971833316       0.85345867824061583       -1.6326292188051267E-005   9.6229978026512210E-003
   3384.8654971833316       0.85350189816792932       -1.6327670175235827E-005   9.6393254728264575E-003
   3389.8654971833316       0.85354500208161932       -1.6329044509874250E-005   9.6556545173363314E-003
   3394.8654971833316       0.85358799044620270       -1.6330415206403653E-005   9.6719849325427355E-003
   3399.8654971833316       0.85363086372368391       -1.6331782279184041E-005   9.6883167148219193E-003
   3404.8654971833316       0.85367362237357303       -1.6333145742498861E-005   9.7046498605644176E-003
   3409.8654971833316       0.85371626685289459       -1.6334505610555248E-005   9.7209843661749725E-003
   3414.8654971833316       0.85375879761623374       -1.6335861897485476E-005   9.7373202280724575E-003
   3419.8654971833316       0.85380121511567630       -1.6337214617345013E-005   9.7536574426898021E-003
   3424.8654971833316       0.85384351980091744       -1.6338563784115982E-005   9.7699960064739182E-003
   3429.8654971833316       0.85388571211925768       -1.6339909411706978E-005   9.7863359158856245E-003
   3434.8654971833316       0.85392779251556350       -1.6341251513951804E-005   9.8026771673995761E-003
   3439.8654971833316       0.85396976143233994       -1.6342590104611768E-005   9.8190197575041879E-003
   3444.8654971833316       0.85401161930971869       -1.6343925197375261E-005   9.8353636827015634E-003
   3449.8654971833316       0.85405336658548925       -1.6345256805858730E-005   9.8517089395074222E-003
   3454.8654971833316       0.85409500369512381       -1.6346584943607456E-005   9.8680555244510301E-003
   3459.8654971833316       0.85413653107175169       -1.6347909624094717E-005   9.8844034340751247E-003
   3464.8654971833316       0.85417794914620604       -1.6349230860723230E-005   9.9007526649358482E-003
   3469.8654971833316       0.85421925834704904       -1.6350548666825963E-005   9.9171032136026738E-003
   3474.8654971833316       0.85426045910057580       -1.6351863055666213E-005   9.9334550766583402E-003
   3479.8654971833316       0.85430155183080547       -1.6353174040437309E-005   9.9498082506987769E-003
   3484.8654971833316       0.85434253695953766       -1.6354481634264382E-005   9.9661627323330421E-003
   3489.8654971833316       0.85438341490634695       -1.6355785850204170E-005   9.9825185181832456E-003
   3494.8654971833316       0.85442418608857962       -1.6357086701244907E-005   9.9988756048844905E-003
   3499.8654971833316       0.85446485092140401       -1.6358384200307868E-005   1.0015233989084799E-002
   3504.8654971833316       0.85450540981779954       -1.6359678360247041E-005   1.0031593667445046E-002
   3509.8654971833316       0.85454586318858505       -1.6360969193849982E-005   1.0047954636638896E-002
   3514.8654971833316       0.85458621144242386       -1.6362256713837962E-005   1.0064316893352734E-002
   3519.8654971833316       0.85462645498584056       -1.6363540932866485E-005   1.0080680434285600E-002
   3524.8654971833316       0.85466659422325231       -1.6364821863526248E-005   1.0097045256149127E-002
   3529.8654971833316       0.85470662955693821       -1.6366099518342174E-005   1.0113411355667469E-002
   3534.8654971833316       0.85474656138712279       -1.6367373909776020E-005   1.0129778729577245E-002
   3539.8654971833316       0.85478639011190116       -1.6368645050223993E-005   1.0146147374627469E-002
   3544.8654971833316       0.85482611612733728       -1.6369912952019859E-005   1.0162517287579489E-002
   3549.8654971833316       0.85486573982742098       -1.6371177627433541E-005   1.0178888465206922E-002
   3554.8654971833316       0.85490526160412705       -1.6372439088673002E-005   1.0195260904295594E-002
   3559.8654971833316       0.85494468184738481       -1.6373697347883229E-005   1.0211634601643477E-002
   3564.8654971833316       0.85498400094510996       -1.6374952417147260E-005   1.0228009554060623E-002
   3569.8654971833316       0.85502321928319647       -1.6376204308485884E-005   1.0244385758369109E-002
   3574.8654971833316       0.85506233724558922       -1.6377453033859941E-005   1.0260763211402969E-002
   3579.8654971833316       0.85510135521423891       -1.6378698605168870E-005   1.0277141910008138E-002
   3584.8654971833316       0.85514027356914768       -1.6379941034252150E-005   1.0293521851042391E-002
   3589.8654971833316       0.85517909268835668       -1.6381180332888878E-005   1.0309903031375280E-002
   3594.8654971833316       0.85521781294795152       -1.6382416512797918E-005   1.0326285447888078E-002
   3599.8654971833316       0.85525643472213364       -1.6383649585640176E-005   1.0342669097473719E-002
   3604.8654971833316       0.85529495838317027       -1.6384879563016961E-005   1.0359053977036736E-002
   3609.8654971833316       0.85533338430143002       -1.6386106456471143E-005   1.0375440083493207E-002
   3614.8654971833316       0.85537171284540436       -1.6387330277487760E-005   1.0391827413770694E-002
   3619.8654971833316       0.85540994438170892       -1.6388551037494097E-005   1.0408215964808188E-002
   3624.8654971833316       0.85544807927507993       -1.6389768747859544E-005   1.0424605733556047E-002
   3629.8654971833316       0.85548611788841833       -1.6390983419896956E-005   1.0440996716975945E-002
   3634.8654971833316       0.85552406058277997       -1.6392195064862346E-005   1.0457388912040807E-002
   3639.8654971833316       0.85556190771739582       -1.6393403693955519E-005   1.0473782315734762E-002
   3644.8654971833316       0.85559965964970552       -1.6394609318321119E-005   1.0490176925053083E-002
   3649.8654971833316       0.85563731673529342       -1.6395811949046543E-005   1.0506572737002130E-002
   3654.8654971833316       0.85567487932799491       -1.6397011597165379E-005   1.0522969748599295E-002
   3659.8654971833316       0.85571234777983429       -1.6398208273655346E-005   1.0539367956872952E-002
   3664.8654971833316       0.85574972244110448       -1.6399401989440850E-005   1.0555767358862392E-002
   3669.8654971833316       0.85578700366030547       -1.6400592755391004E-005   1.0572167951617783E-002
   3674.8654971833316       0.85582419178421310       -1.6401780582321803E-005   1.0588569732200105E-002
   3679.8654971833316       0.85586128715785692       -1.6402965480995404E-005   1.0604972697681101E-002
   3684.8654971833316       0.85589829012453245       -1.6404147462120488E-005   1.0621376845143221E-002
   3689.8654971833316       0.85593520102583043       -1.6405326536353200E-005   1.0637782171679573E-002
   3694.8654971833316       0.85597202020164309       -1.6406502714297306E-005   1.0654188674393871E-002
   3699.8654971833316       0.85600874799017102       -1.6407676006504437E-005   1.0670596350400375E-002
   3704.8654971833316       0.85604538472792269       -1.6408846423474021E-005   1.0687005196823848E-002
   3709.8654971833316       0.85608193074973693       -1.6410013975653985E-005   1.0703415210799502E-002
   3714.8654971833316       0.85611838638881488       -1.6411178673441804E-005   1.0719826389472943E-002
   3719.8654971833316       0.85615475197667013       -1.6412340527182835E-005   1.0736238730000127E-002
   3724.8654971833316       0.85619102784319934       -1.6413499547172613E-005   1.0752652229547299E-002
   3729.8654971833316       0.85622721431667481       -1.6414655743656548E-005   1.0769066885290956E-002
   3734.8654971833316       0.85626331172373515       -1.6415809126829646E-005   1.0785482694417786E-002
   3739.8654971833316       0.85629932038939993       -1.6416959706836960E-005   1.0801899654124623E-002
   3744.8654971833316       0.85633524063710909       -1.6418107493774825E-005   1.0818317761618398E-002
   3749.8654971833316       0.85637107278871749       -1.6419252497690657E-005   1.0834737014116089E-002
   3754.8654971833316       0.85640681716447720       -1.6420394728582413E-005   1.0851157408844672E-002
   3759.8654971833316       0.85644247408310581       -1.6421534196400708E-005   1.0867578943041073E-002
   3764.8654971833316       0.85647804386172177       -1.6422670911046790E-005   1.0884001613952121E-002
   3769.8654971833316       0.85651352681592319       -1.6423804882374988E-005   1.0900425418834497E-002
   3774.8654971833316       0.85654892325974752       -1.6424936120191466E-005   1.0916850354954688E-002
   3779.8654971833316       0.85658423350572088       -1.6426064634255726E-005   1.0933276419588944E-002
   3784.8654971833316       0.85661945786482296       -1.6427190434279532E-005   1.0949703610023223E-002
   3789.8654971833316       0.85665459664653176       -1.6428313529928280E-005   1.0966131923553151E-002
   3794.8654971833316       0.85668965015881970       -1.6429433930820890E-005   1.0982561357483971E-002
   3799.8654971833316       0.85672461870819061       -1.6430551646530963E-005   1.0998991909130501E-002
   3804.8654971833316       0.85675950259963352       -1.6431666686585291E-005   1.1015423575817087E-002
