 #              _____________________  _______________________             #
 #              ___  __ \__  __ \_  / / /_  /___  ____/_  ___/             #
 #              __  / / /_  /_/ /  / / /_  __/_  __/  _____ \              #
 #              _  /_/ /_  _, _// /_/ / / /_ _  /___  ____/ /              #
 #              /_____/ /_/ |_| \____/  \__/ /_____/  /____/               #
 #                                                                         #
  
 DRUtES is initializing, reading input files
 ---------------------------------------------------------------
 00hrs : 11min : 59.646s  -  2019/02/12    total number of parallel images is:                    1
 ---------------------------------------------------------------
 00hrs : 11min : 59.646s  -  2019/02/12    reading input files and allocating...
 ---------------------------------------------------------------
 00hrs : 11min : 59.653s  -  2019/02/12    number of nodes:                   21 number of elements:                   20
 ---------------------------------------------------------------
 00hrs : 11min : 59.696s  -  2019/02/12    analyzing mesh structure...
 ---------------------------------------------------------------
 00hrs : 11min : 59.697s  -  2019/02/12    The file with inputs for inverse modeling is: drutes.conf/ADE/SOIL/A/control-a-obs-bottom.dat
 ---------------------------------------------------------------
 00hrs : 11min : 59.698s  -  2019/02/12    DRUtES solves advection-dispersion-reaction equation in    1 D
 ---------------------------------------------------------------
 00hrs : 11min : 59.699s  -  2019/02/12    making output files for observation time
 ---------------------------------------------------------------
 00hrs : 11min : 59.730s  -  2019/02/12    go 4 solving
 ---------------------------------------------------------------
 00hrs : 11min : 59.733s  -  2019/02/12    current simulation time:  0.10000000000000001 total iteration count:                    1
 ---------------------------------------------------------------
 00hrs : 12min : 10.725s  -  2019/02/12    making output files for observation time
 ---------------------------------------------------------------
 00hrs : 12min : 10.854s  -  2019/02/12    DRUtES will allocate:   152.20800000000000 kB  of RAM for objective function computation.
 ---------------------------------------------------------------
 00hrs : 12min : 11.091s  -  2019/02/12    # real elapsed CPU time =   4.3600000000000003 s
 ---------------------------------------------------------------
 00hrs : 12min : 11.091s  -  2019/02/12    minimal adjusted time step was  0.10000000000000001
 ---------------------------------------------------------------
 00hrs : 12min : 11.091s  -  2019/02/12    F I N I S H E D !!!!!
 ---------------------------------------------------------------
 00hrs : 12min : 11.092s  -  2019/02/12    Peak RAM  consumption on image                    1 was:                17812 kB
 ---------------------------------------------------------------
 00hrs : 12min : 11.092s  -  2019/02/12    Peak SWAP consumption on image                    1 was:                    0 kB
