 #              _____________________  _______________________             #
 #              ___  __ \__  __ \_  / / /_  /___  ____/_  ___/             #
 #              __  / / /_  /_/ /  / / /_  __/_  __/  _____ \              #
 #              _  /_/ /_  _, _// /_/ / / /_ _  /___  ____/ /              #
 #              /_____/ /_/ |_| \____/  \__/ /_____/  /____/               #
 #                                                                         #
  
 #        time                      c  [M/M]                   concetration [M/M]       zero flux   in    x              directions   cumulative flux
 #-----------------------------------------------------------------------------------------------

     0.000000000000E+000     0.642928000000E-003     0.000000000000E+000     0.000000000000E+000     0.000000000000E+000
     0.100000000000E+000     0.638125007755E-003     0.000000000000E+000     0.000000000000E+000     0.000000000000E+000
     0.206000000000E+000     0.633074133516E-003     0.000000000000E+000     0.000000000000E+000     0.000000000000E+000
     0.318360000000E+000     0.627765105430E-003     0.000000000000E+000     0.000000000000E+000     0.000000000000E+000
     0.437461600000E+000     0.622187535513E-003     0.000000000000E+000     0.000000000000E+000     0.000000000000E+000
     0.563709296000E+000     0.616330962424E-003     0.000000000000E+000     0.000000000000E+000     0.000000000000E+000
     0.697531853760E+000     0.610184900894E-003     0.000000000000E+000     0.000000000000E+000     0.000000000000E+000
     0.839383764986E+000     0.603738898384E-003     0.000000000000E+000     0.000000000000E+000     0.000000000000E+000
     0.989746790885E+000     0.596982599550E-003     0.000000000000E+000     0.000000000000E+000     0.000000000000E+000
     0.114913159834E+001     0.589905819087E-003     0.000000000000E+000     0.000000000000E+000     0.000000000000E+000
     0.131807949424E+001     0.582498623514E-003     0.000000000000E+000     0.000000000000E+000     0.000000000000E+000
     0.149716426389E+001     0.574751422437E-003     0.000000000000E+000     0.000000000000E+000     0.000000000000E+000
     0.168699411973E+001     0.566655069768E-003     0.000000000000E+000     0.000000000000E+000     0.000000000000E+000
     0.188821376691E+001     0.558200975330E-003     0.000000000000E+000     0.000000000000E+000     0.000000000000E+000
     0.210150659292E+001     0.549381227173E-003     0.000000000000E+000     0.000000000000E+000     0.000000000000E+000
     0.232759698850E+001     0.540188724825E-003     0.000000000000E+000     0.000000000000E+000     0.000000000000E+000
     0.256725280781E+001     0.530617323545E-003     0.000000000000E+000     0.000000000000E+000     0.000000000000E+000
     0.282128797628E+001     0.520661989469E-003     0.000000000000E+000     0.000000000000E+000     0.000000000000E+000
     0.309056525485E+001     0.510318965316E-003     0.000000000000E+000     0.000000000000E+000     0.000000000000E+000
     0.337599917015E+001     0.499585946070E-003     0.000000000000E+000     0.000000000000E+000     0.000000000000E+000
     0.367855912035E+001     0.488462263720E-003     0.000000000000E+000     0.000000000000E+000     0.000000000000E+000
     0.399927266758E+001     0.476949079831E-003     0.000000000000E+000     0.000000000000E+000     0.000000000000E+000
     0.433922902763E+001     0.465049584259E-003     0.000000000000E+000     0.000000000000E+000     0.000000000000E+000
     0.469958276929E+001     0.452769197903E-003     0.000000000000E+000     0.000000000000E+000     0.000000000000E+000
     0.508155773545E+001     0.440115776877E-003     0.000000000000E+000     0.000000000000E+000     0.000000000000E+000
     0.548645119957E+001     0.427099814928E-003     0.000000000000E+000     0.000000000000E+000     0.000000000000E+000
     0.591563827155E+001     0.413734640334E-003     0.000000000000E+000     0.000000000000E+000     0.000000000000E+000
     0.637057656784E+001     0.400036602916E-003     0.000000000000E+000     0.000000000000E+000     0.000000000000E+000
     0.685281116191E+001     0.386025246151E-003     0.000000000000E+000     0.000000000000E+000     0.000000000000E+000
     0.736397983162E+001     0.371723458760E-003     0.000000000000E+000     0.000000000000E+000     0.000000000000E+000
     0.790581862152E+001     0.357157599519E-003     0.000000000000E+000     0.000000000000E+000     0.000000000000E+000
     0.848016773881E+001     0.342357588547E-003     0.000000000000E+000     0.000000000000E+000     0.000000000000E+000
     0.908897780314E+001     0.327356957823E-003     0.000000000000E+000     0.000000000000E+000     0.000000000000E+000
     0.973431647133E+001     0.312192853403E-003     0.000000000000E+000     0.000000000000E+000     0.000000000000E+000
     0.104183754596E+002     0.296905981664E-003     0.000000000000E+000     0.000000000000E+000     0.000000000000E+000
     0.111434779872E+002     0.281540491996E-003     0.000000000000E+000     0.000000000000E+000     0.000000000000E+000
     0.119120866664E+002     0.266143788725E-003     0.000000000000E+000     0.000000000000E+000     0.000000000000E+000
     0.127268118664E+002     0.250766265802E-003     0.000000000000E+000     0.000000000000E+000     0.000000000000E+000
     0.135904205784E+002     0.235460958855E-003     0.000000000000E+000     0.000000000000E+000     0.000000000000E+000
     0.145058458131E+002     0.220283110772E-003     0.000000000000E+000     0.000000000000E+000     0.000000000000E+000
     0.154761965619E+002     0.205289648952E-003     0.000000000000E+000     0.000000000000E+000     0.000000000000E+000
     0.164761965619E+002     0.190919649575E-003     0.000000000000E+000     0.000000000000E+000     0.000000000000E+000
     0.174761965619E+002     0.177555530832E-003     0.000000000000E+000     0.000000000000E+000     0.000000000000E+000
     0.184761965619E+002     0.165126882431E-003     0.000000000000E+000     0.000000000000E+000     0.000000000000E+000
     0.194761965619E+002     0.153568222705E-003     0.000000000000E+000     0.000000000000E+000     0.000000000000E+000
     0.204761965619E+002     0.142818653616E-003     0.000000000000E+000     0.000000000000E+000     0.000000000000E+000
     0.214761965619E+002     0.132821539910E-003     0.000000000000E+000     0.000000000000E+000     0.000000000000E+000
     0.224761965619E+002     0.123524210720E-003     0.000000000000E+000     0.000000000000E+000     0.000000000000E+000
     0.234761965619E+002     0.114877682071E-003     0.000000000000E+000     0.000000000000E+000     0.000000000000E+000
     0.244761965619E+002     0.106836398800E-003     0.000000000000E+000     0.000000000000E+000     0.000000000000E+000
     0.254761965619E+002     0.993579945457E-004     0.000000000000E+000     0.000000000000E+000     0.000000000000E+000
     0.264761965619E+002     0.924030685330E-004     0.000000000000E+000     0.000000000000E+000     0.000000000000E+000
     0.274761965619E+002     0.859349779889E-004     0.000000000000E+000     0.000000000000E+000     0.000000000000E+000
     0.284761965619E+002     0.799196450853E-004     0.000000000000E+000     0.000000000000E+000     0.000000000000E+000
     0.294761965619E+002     0.743253773963E-004     0.000000000000E+000     0.000000000000E+000     0.000000000000E+000
     0.304761965619E+002     0.691227009229E-004     0.000000000000E+000     0.000000000000E+000     0.000000000000E+000
     0.314761965619E+002     0.642842048068E-004     0.000000000000E+000     0.000000000000E+000     0.000000000000E+000
     0.324761965619E+002     0.597843969124E-004     0.000000000000E+000     0.000000000000E+000     0.000000000000E+000
     0.334761965619E+002     0.555995695199E-004     0.000000000000E+000     0.000000000000E+000     0.000000000000E+000
     0.344761965619E+002     0.517076744175E-004     0.000000000000E+000     0.000000000000E+000     0.000000000000E+000
     0.354761965619E+002     0.480882067389E-004     0.000000000000E+000     0.000000000000E+000     0.000000000000E+000
     0.364761965619E+002     0.447220969308E-004     0.000000000000E+000     0.000000000000E+000     0.000000000000E+000
     0.374761965619E+002     0.415916102829E-004     0.000000000000E+000     0.000000000000E+000     0.000000000000E+000
     0.384761965619E+002     0.386802534908E-004     0.000000000000E+000     0.000000000000E+000     0.000000000000E+000
     0.394761965619E+002     0.359726877593E-004     0.000000000000E+000     0.000000000000E+000     0.000000000000E+000
     0.404761965619E+002     0.334546479882E-004     0.000000000000E+000     0.000000000000E+000     0.000000000000E+000
     0.414761965619E+002     0.311128676150E-004     0.000000000000E+000     0.000000000000E+000     0.000000000000E+000
     0.424761965619E+002     0.289350087191E-004     0.000000000000E+000     0.000000000000E+000     0.000000000000E+000
     0.434761965619E+002     0.269095970173E-004     0.000000000000E+000     0.000000000000E+000     0.000000000000E+000
     0.444761965619E+002     0.250259614110E-004     0.000000000000E+000     0.000000000000E+000     0.000000000000E+000
     0.454761965619E+002     0.232741777644E-004     0.000000000000E+000     0.000000000000E+000     0.000000000000E+000
     0.464761965619E+002     0.216450166173E-004     0.000000000000E+000     0.000000000000E+000     0.000000000000E+000
     0.474761965619E+002     0.201298945599E-004     0.000000000000E+000     0.000000000000E+000     0.000000000000E+000
     0.484761965619E+002     0.187208290091E-004     0.000000000000E+000     0.000000000000E+000     0.000000000000E+000
     0.494761965619E+002     0.174103961522E-004     0.000000000000E+000     0.000000000000E+000     0.000000000000E+000
     0.504761965619E+002     0.161916918330E-004     0.000000000000E+000     0.000000000000E+000     0.000000000000E+000
     0.514761965619E+002     0.150582951775E-004     0.000000000000E+000     0.000000000000E+000     0.000000000000E+000
     0.524761965619E+002     0.140042347638E-004     0.000000000000E+000     0.000000000000E+000     0.000000000000E+000
     0.534761965619E+002     0.130239571616E-004     0.000000000000E+000     0.000000000000E+000     0.000000000000E+000
     0.544761965619E+002     0.121122976735E-004     0.000000000000E+000     0.000000000000E+000     0.000000000000E+000
     0.554761965619E+002     0.112644531236E-004     0.000000000000E+000     0.000000000000E+000     0.000000000000E+000
     0.564761965619E+002     0.104759565521E-004     0.000000000000E+000     0.000000000000E+000     0.000000000000E+000
     0.574761965619E+002     0.974265368032E-005     0.000000000000E+000     0.000000000000E+000     0.000000000000E+000
     0.584761965619E+002     0.906068102352E-005     0.000000000000E+000     0.000000000000E+000     0.000000000000E+000
     0.594761965619E+002     0.842644553566E-005     0.000000000000E+000     0.000000000000E+000     0.000000000000E+000
     0.604761965619E+002     0.783660567909E-005     0.000000000000E+000     0.000000000000E+000     0.000000000000E+000
     0.614761965619E+002     0.728805381934E-005     0.000000000000E+000     0.000000000000E+000     0.000000000000E+000
     0.624761965619E+002     0.677789985214E-005     0.000000000000E+000     0.000000000000E+000     0.000000000000E+000
     0.634761965619E+002     0.630345597665E-005     0.000000000000E+000     0.000000000000E+000     0.000000000000E+000
     0.644761965619E+002     0.586222253446E-005     0.000000000000E+000     0.000000000000E+000     0.000000000000E+000
     0.654761965619E+002     0.545187483990E-005     0.000000000000E+000     0.000000000000E+000     0.000000000000E+000
     0.664761965619E+002     0.507025093218E-005     0.000000000000E+000     0.000000000000E+000     0.000000000000E+000
     0.674761965619E+002     0.471534018483E-005     0.000000000000E+000     0.000000000000E+000     0.000000000000E+000
     0.684761965619E+002     0.438527271255E-005     0.000000000000E+000     0.000000000000E+000     0.000000000000E+000
     0.694761965619E+002     0.407830951949E-005     0.000000000000E+000     0.000000000000E+000     0.000000000000E+000
     0.704761965619E+002     0.379283333718E-005     0.000000000000E+000     0.000000000000E+000     0.000000000000E+000
     0.714761965619E+002     0.352734010375E-005     0.000000000000E+000     0.000000000000E+000     0.000000000000E+000
     0.724761965619E+002     0.328043103965E-005     0.000000000000E+000     0.000000000000E+000     0.000000000000E+000
     0.734761965619E+002     0.305080527803E-005     0.000000000000E+000     0.000000000000E+000     0.000000000000E+000
     0.744761965619E+002     0.283725301095E-005     0.000000000000E+000     0.000000000000E+000     0.000000000000E+000
     0.754761965619E+002     0.263864911540E-005     0.000000000000E+000     0.000000000000E+000     0.000000000000E+000
     0.764761965619E+002     0.245394722548E-005     0.000000000000E+000     0.000000000000E+000     0.000000000000E+000
     0.774761965619E+002     0.228217421949E-005     0.000000000000E+000     0.000000000000E+000     0.000000000000E+000
     0.784761965619E+002     0.212242509294E-005     0.000000000000E+000     0.000000000000E+000     0.000000000000E+000
     0.794761965619E+002     0.197385819043E-005     0.000000000000E+000     0.000000000000E+000     0.000000000000E+000
     0.804761965619E+002     0.183569077132E-005     0.000000000000E+000     0.000000000000E+000     0.000000000000E+000
     0.814761965619E+002     0.170719488576E-005     0.000000000000E+000     0.000000000000E+000     0.000000000000E+000
     0.824761965619E+002     0.158769353940E-005     0.000000000000E+000     0.000000000000E+000     0.000000000000E+000
     0.834761965619E+002     0.147655712659E-005     0.000000000000E+000     0.000000000000E+000     0.000000000000E+000
     0.844761965619E+002     0.137320011324E-005     0.000000000000E+000     0.000000000000E+000     0.000000000000E+000
     0.854761965619E+002     0.127707795184E-005     0.000000000000E+000     0.000000000000E+000     0.000000000000E+000
     0.864761965619E+002     0.118768421248E-005     0.000000000000E+000     0.000000000000E+000     0.000000000000E+000
     0.874761965619E+002     0.110454791467E-005     0.000000000000E+000     0.000000000000E+000     0.000000000000E+000
     0.884761965619E+002     0.102723104591E-005     0.000000000000E+000     0.000000000000E+000     0.000000000000E+000
     0.894761965619E+002     0.955326254003E-006     0.000000000000E+000     0.000000000000E+000     0.000000000000E+000
     0.904761965619E+002     0.888454700838E-006     0.000000000000E+000     0.000000000000E+000     0.000000000000E+000
     0.914761965619E+002     0.826264066473E-006     0.000000000000E+000     0.000000000000E+000     0.000000000000E+000
     0.924761965619E+002     0.768426692887E-006     0.000000000000E+000     0.000000000000E+000     0.000000000000E+000
     0.934761965619E+002     0.714637857678E-006     0.000000000000E+000     0.000000000000E+000     0.000000000000E+000
     0.944761965619E+002     0.664614168605E-006     0.000000000000E+000     0.000000000000E+000     0.000000000000E+000
     0.954761965619E+002     0.618092070501E-006     0.000000000000E+000     0.000000000000E+000     0.000000000000E+000
     0.964761965619E+002     0.574826456707E-006     0.000000000000E+000     0.000000000000E+000     0.000000000000E+000
     0.974761965619E+002     0.534589377699E-006     0.000000000000E+000     0.000000000000E+000     0.000000000000E+000
     0.984761965619E+002     0.497168840116E-006     0.000000000000E+000     0.000000000000E+000     0.000000000000E+000
     0.994761965619E+002     0.462367689844E-006     0.000000000000E+000     0.000000000000E+000     0.000000000000E+000
     0.100476196562E+003     0.430002573295E-006     0.000000000000E+000     0.000000000000E+000     0.000000000000E+000
     0.101476196562E+003     0.399902971383E-006     0.000000000000E+000     0.000000000000E+000     0.000000000000E+000
     0.102476196562E+003     0.371910301131E-006     0.000000000000E+000     0.000000000000E+000     0.000000000000E+000
     0.103476196562E+003     0.345877080155E-006     0.000000000000E+000     0.000000000000E+000     0.000000000000E+000
     0.104476196562E+003     0.321666149640E-006     0.000000000000E+000     0.000000000000E+000     0.000000000000E+000
     0.105476196562E+003     0.299149951706E-006     0.000000000000E+000     0.000000000000E+000     0.000000000000E+000
     0.106476196562E+003     0.278209857350E-006     0.000000000000E+000     0.000000000000E+000     0.000000000000E+000
     0.107476196562E+003     0.258735541441E-006     0.000000000000E+000     0.000000000000E+000     0.000000000000E+000
     0.108476196562E+003     0.240624401458E-006     0.000000000000E+000     0.000000000000E+000     0.000000000000E+000
     0.109476196562E+003     0.223781016921E-006     0.000000000000E+000     0.000000000000E+000     0.000000000000E+000
     0.110476196562E+003     0.208116646652E-006     0.000000000000E+000     0.000000000000E+000     0.000000000000E+000
     0.111476196562E+003     0.193548761238E-006     0.000000000000E+000     0.000000000000E+000     0.000000000000E+000
     0.112476196562E+003     0.180000608214E-006     0.000000000000E+000     0.000000000000E+000     0.000000000000E+000
     0.113476196562E+003     0.167400807683E-006     0.000000000000E+000     0.000000000000E+000     0.000000000000E+000
     0.114476196562E+003     0.155682976247E-006     0.000000000000E+000     0.000000000000E+000     0.000000000000E+000
     0.115476196562E+003     0.144785377255E-006     0.000000000000E+000     0.000000000000E+000     0.000000000000E+000
     0.116476196562E+003     0.134650595538E-006     0.000000000000E+000     0.000000000000E+000     0.000000000000E+000
     0.117476196562E+003     0.125225234913E-006     0.000000000000E+000     0.000000000000E+000     0.000000000000E+000
     0.118476196562E+003     0.116459636858E-006     0.000000000000E+000     0.000000000000E+000     0.000000000000E+000
     0.119476196562E+003     0.108307618880E-006     0.000000000000E+000     0.000000000000E+000     0.000000000000E+000
     0.120476196562E+003     0.100726231198E-006     0.000000000000E+000     0.000000000000E+000     0.000000000000E+000
     0.121476196562E+003     0.936755304596E-007     0.000000000000E+000     0.000000000000E+000     0.000000000000E+000
     0.122476196562E+003     0.871183692917E-007     0.000000000000E+000     0.000000000000E+000     0.000000000000E+000
     0.123476196562E+003     0.810202005882E-007     0.000000000000E+000     0.000000000000E+000     0.000000000000E+000
     0.124476196562E+003     0.753488954939E-007     0.000000000000E+000     0.000000000000E+000     0.000000000000E+000
     0.125476196562E+003     0.700745741300E-007     0.000000000000E+000     0.000000000000E+000     0.000000000000E+000
     0.126476196562E+003     0.651694481693E-007     0.000000000000E+000     0.000000000000E+000     0.000000000000E+000
     0.127476196562E+003     0.606076744300E-007     0.000000000000E+000     0.000000000000E+000     0.000000000000E+000
     0.128476196562E+003     0.563652187183E-007     0.000000000000E+000     0.000000000000E+000     0.000000000000E+000
     0.129476196562E+003     0.524197292016E-007     0.000000000000E+000     0.000000000000E+000     0.000000000000E+000
     0.130476196562E+003     0.487504186456E-007     0.000000000000E+000     0.000000000000E+000     0.000000000000E+000
     0.131476196562E+003     0.453379548945E-007     0.000000000000E+000     0.000000000000E+000     0.000000000000E+000
     0.132476196562E+003     0.421643590172E-007     0.000000000000E+000     0.000000000000E+000     0.000000000000E+000
     0.133476196562E+003     0.392129105839E-007     0.000000000000E+000     0.000000000000E+000     0.000000000000E+000
     0.134476196562E+003     0.364680595721E-007     0.000000000000E+000     0.000000000000E+000     0.000000000000E+000
     0.135476196562E+003     0.339153444402E-007     0.000000000000E+000     0.000000000000E+000     0.000000000000E+000
     0.136476196562E+003     0.315413159349E-007     0.000000000000E+000     0.000000000000E+000     0.000000000000E+000
     0.137476196562E+003     0.293334662327E-007     0.000000000000E+000     0.000000000000E+000     0.000000000000E+000
     0.138476196562E+003     0.272801630407E-007     0.000000000000E+000     0.000000000000E+000     0.000000000000E+000
     0.139476196562E+003     0.253705883112E-007     0.000000000000E+000     0.000000000000E+000     0.000000000000E+000
     0.140476196562E+003     0.235946812449E-007     0.000000000000E+000     0.000000000000E+000     0.000000000000E+000
     0.141476196562E+003     0.219430852852E-007     0.000000000000E+000     0.000000000000E+000     0.000000000000E+000
     0.142476196562E+003     0.204070988218E-007     0.000000000000E+000     0.000000000000E+000     0.000000000000E+000
     0.143476196562E+003     0.189786293455E-007     0.000000000000E+000     0.000000000000E+000     0.000000000000E+000
     0.144476196562E+003     0.176501508116E-007     0.000000000000E+000     0.000000000000E+000     0.000000000000E+000
     0.145476196562E+003     0.164146639887E-007     0.000000000000E+000     0.000000000000E+000     0.000000000000E+000
     0.146476196562E+003     0.152656595821E-007     0.000000000000E+000     0.000000000000E+000     0.000000000000E+000
     0.147476196562E+003     0.141970839389E-007     0.000000000000E+000     0.000000000000E+000     0.000000000000E+000
     0.148476196562E+003     0.132033071538E-007     0.000000000000E+000     0.000000000000E+000     0.000000000000E+000
     0.149476196562E+003     0.122790934074E-007     0.000000000000E+000     0.000000000000E+000     0.000000000000E+000
     0.150476196562E+003     0.114195733804E-007     0.000000000000E+000     0.000000000000E+000     0.000000000000E+000
     0.151476196562E+003     0.106202185995E-007     0.000000000000E+000     0.000000000000E+000     0.000000000000E+000
     0.152476196562E+003     0.987681757843E-008     0.000000000000E+000     0.000000000000E+000     0.000000000000E+000
     0.153476196562E+003     0.918545362917E-008     0.000000000000E+000     0.000000000000E+000     0.000000000000E+000
     0.154476196562E+003     0.854248422669E-008     0.000000000000E+000     0.000000000000E+000     0.000000000000E+000
     0.155476196562E+003     0.794452181779E-008     0.000000000000E+000     0.000000000000E+000     0.000000000000E+000
     0.156476196562E+003     0.738841597344E-008     0.000000000000E+000     0.000000000000E+000     0.000000000000E+000
     0.157476196562E+003     0.687123679041E-008     0.000000000000E+000     0.000000000000E+000     0.000000000000E+000
     0.158476196562E+003     0.639025945475E-008     0.000000000000E+000     0.000000000000E+000     0.000000000000E+000
     0.159476196562E+003     0.594294988582E-008     0.000000000000E+000     0.000000000000E+000     0.000000000000E+000
     0.160476196562E+003     0.552695138522E-008     0.000000000000E+000     0.000000000000E+000     0.000000000000E+000
     0.161476196562E+003     0.514007222027E-008     0.000000000000E+000     0.000000000000E+000     0.000000000000E+000
     0.162476196562E+003     0.478027407664E-008     0.000000000000E+000     0.000000000000E+000     0.000000000000E+000
     0.163476196562E+003     0.444566131925E-008     0.000000000000E+000     0.000000000000E+000     0.000000000000E+000
     0.164476196562E+003     0.413447100493E-008     0.000000000000E+000     0.000000000000E+000     0.000000000000E+000
     0.165476196562E+003     0.384506359415E-008     0.000000000000E+000     0.000000000000E+000     0.000000000000E+000
     0.166476196562E+003     0.357591431297E-008     0.000000000000E+000     0.000000000000E+000     0.000000000000E+000
     0.167476196562E+003     0.332560511955E-008     0.000000000000E+000     0.000000000000E+000     0.000000000000E+000
     0.168476196562E+003     0.309281723308E-008     0.000000000000E+000     0.000000000000E+000     0.000000000000E+000
     0.169476196562E+003     0.287632418564E-008     0.000000000000E+000     0.000000000000E+000     0.000000000000E+000
     0.170476196562E+003     0.267498536040E-008     0.000000000000E+000     0.000000000000E+000     0.000000000000E+000
     0.171476196562E+003     0.248773998219E-008     0.000000000000E+000     0.000000000000E+000     0.000000000000E+000
     0.172476196562E+003     0.231360152867E-008     0.000000000000E+000     0.000000000000E+000     0.000000000000E+000
     0.173476196562E+003     0.215165253273E-008     0.000000000000E+000     0.000000000000E+000     0.000000000000E+000
     0.174476196562E+003     0.200103974874E-008     0.000000000000E+000     0.000000000000E+000     0.000000000000E+000
     0.175476196562E+003     0.186096965710E-008     0.000000000000E+000     0.000000000000E+000     0.000000000000E+000
     0.176476196562E+003     0.173070428352E-008     0.000000000000E+000     0.000000000000E+000     0.000000000000E+000
     0.177476196562E+003     0.160955731093E-008     0.000000000000E+000     0.000000000000E+000     0.000000000000E+000
     0.178476196562E+003     0.149689046352E-008     0.000000000000E+000     0.000000000000E+000     0.000000000000E+000
     0.179476196562E+003     0.139211014392E-008     0.000000000000E+000     0.000000000000E+000     0.000000000000E+000
     0.180476196562E+003     0.129466430580E-008     0.000000000000E+000     0.000000000000E+000     0.000000000000E+000
     0.181476196562E+003     0.120403954531E-008     0.000000000000E+000     0.000000000000E+000     0.000000000000E+000
     0.182476196562E+003     0.111975839620E-008     0.000000000000E+000     0.000000000000E+000     0.000000000000E+000
     0.183476196562E+003     0.104137681419E-008     0.000000000000E+000     0.000000000000E+000     0.000000000000E+000
     0.184476196562E+003     0.968481837521E-009     0.000000000000E+000     0.000000000000E+000     0.000000000000E+000
     0.185476196562E+003     0.900689411200E-009     0.000000000000E+000     0.000000000000E+000     0.000000000000E+000
     0.186476196562E+003     0.837642363561E-009     0.000000000000E+000     0.000000000000E+000     0.000000000000E+000
     0.187476196562E+003     0.779008524479E-009     0.000000000000E+000     0.000000000000E+000     0.000000000000E+000
     0.188476196562E+003     0.724478975288E-009     0.000000000000E+000     0.000000000000E+000     0.000000000000E+000
     0.189476196562E+003     0.673766421216E-009     0.000000000000E+000     0.000000000000E+000     0.000000000000E+000
     0.190476196562E+003     0.626603677735E-009     0.000000000000E+000     0.000000000000E+000     0.000000000000E+000
     0.191476196562E+003     0.582742262880E-009     0.000000000000E+000     0.000000000000E+000     0.000000000000E+000
     0.192476196562E+003     0.541951088084E-009     0.000000000000E+000     0.000000000000E+000     0.000000000000E+000
     0.193476196562E+003     0.504015240673E-009     0.000000000000E+000     0.000000000000E+000     0.000000000000E+000
     0.194476196562E+003     0.468734851569E-009     0.000000000000E+000     0.000000000000E+000     0.000000000000E+000
     0.195476196562E+003     0.435924042260E-009     0.000000000000E+000     0.000000000000E+000     0.000000000000E+000
     0.196476196562E+003     0.405409945484E-009     0.000000000000E+000     0.000000000000E+000     0.000000000000E+000
     0.197476196562E+003     0.377031794449E-009     0.000000000000E+000     0.000000000000E+000     0.000000000000E+000
     0.198476196562E+003     0.350640075828E-009     0.000000000000E+000     0.000000000000E+000     0.000000000000E+000
     0.199476196562E+003     0.326095742021E-009     0.000000000000E+000     0.000000000000E+000     0.000000000000E+000
     0.200476196562E+003     0.303269478576E-009     0.000000000000E+000     0.000000000000E+000     0.000000000000E+000
     0.201476196562E+003     0.282041022878E-009     0.000000000000E+000     0.000000000000E+000     0.000000000000E+000
     0.202476196562E+003     0.262298530534E-009     0.000000000000E+000     0.000000000000E+000     0.000000000000E+000
     0.203476196562E+003     0.243937986106E-009     0.000000000000E+000     0.000000000000E+000     0.000000000000E+000
     0.204476196562E+003     0.226862655098E-009     0.000000000000E+000     0.000000000000E+000     0.000000000000E+000
     0.205476196562E+003     0.210982574301E-009     0.000000000000E+000     0.000000000000E+000     0.000000000000E+000
     0.206476196562E+003     0.196214077805E-009     0.000000000000E+000     0.000000000000E+000     0.000000000000E+000
     0.207476196562E+003     0.182479356205E-009     0.000000000000E+000     0.000000000000E+000     0.000000000000E+000
     0.208476196562E+003     0.169706046649E-009     0.000000000000E+000     0.000000000000E+000     0.000000000000E+000
     0.209476196562E+003     0.157826851585E-009     0.000000000000E+000     0.000000000000E+000     0.000000000000E+000
     0.210476196562E+003     0.146779184201E-009     0.000000000000E+000     0.000000000000E+000     0.000000000000E+000
     0.211476196562E+003     0.136504838679E-009     0.000000000000E+000     0.000000000000E+000     0.000000000000E+000
     0.212476196562E+003     0.126949683528E-009     0.000000000000E+000     0.000000000000E+000     0.000000000000E+000
     0.213476196562E+003     0.118063376389E-009     0.000000000000E+000     0.000000000000E+000     0.000000000000E+000
     0.214476196562E+003     0.109799098800E-009     0.000000000000E+000     0.000000000000E+000     0.000000000000E+000
     0.215476196562E+003     0.102113309529E-009     0.000000000000E+000     0.000000000000E+000     0.000000000000E+000
     0.216476196562E+003     0.949655151724E-010     0.000000000000E+000     0.000000000000E+000     0.000000000000E+000
     0.217476196562E+003     0.883180568092E-010     0.000000000000E+000     0.000000000000E+000     0.000000000000E+000
     0.218476196562E+003     0.821359115927E-010     0.000000000000E+000     0.000000000000E+000     0.000000000000E+000
     0.219476196562E+003     0.763865082283E-010     0.000000000000E+000     0.000000000000E+000     0.000000000000E+000
     0.220476196562E+003     0.710395553682E-010     0.000000000000E+000     0.000000000000E+000     0.000000000000E+000
     0.221476196562E+003     0.660668820183E-010     0.000000000000E+000     0.000000000000E+000     0.000000000000E+000
     0.222476196562E+003     0.614422891163E-010     0.000000000000E+000     0.000000000000E+000     0.000000000000E+000
     0.223476196562E+003     0.571414114988E-010     0.000000000000E+000     0.000000000000E+000     0.000000000000E+000
     0.224476196562E+003     0.531415895311E-010     0.000000000000E+000     0.000000000000E+000     0.000000000000E+000
     0.225476196562E+003     0.494217497227E-010     0.000000000000E+000     0.000000000000E+000     0.000000000000E+000
     0.226476196562E+003     0.459622936989E-010     0.000000000000E+000     0.000000000000E+000     0.000000000000E+000
     0.227476196562E+003     0.427449949448E-010     0.000000000000E+000     0.000000000000E+000     0.000000000000E+000
     0.228476196562E+003     0.397529027773E-010     0.000000000000E+000     0.000000000000E+000     0.000000000000E+000
     0.229476196562E+003     0.369702530380E-010     0.000000000000E+000     0.000000000000E+000     0.000000000000E+000
     0.230476196562E+003     0.343823850388E-010     0.000000000000E+000     0.000000000000E+000     0.000000000000E+000
     0.231476196562E+003     0.319756643195E-010     0.000000000000E+000     0.000000000000E+000     0.000000000000E+000
     0.232476196562E+003     0.297374108144E-010     0.000000000000E+000     0.000000000000E+000     0.000000000000E+000
     0.233476196562E+003     0.276558320449E-010     0.000000000000E+000     0.000000000000E+000     0.000000000000E+000
     0.234476196562E+003     0.257199609901E-010     0.000000000000E+000     0.000000000000E+000     0.000000000000E+000
     0.235476196562E+003     0.239195983061E-010     0.000000000000E+000     0.000000000000E+000     0.000000000000E+000
     0.236476196562E+003     0.222452585890E-010     0.000000000000E+000     0.000000000000E+000     0.000000000000E+000
     0.237476196562E+003     0.206881204006E-010     0.000000000000E+000     0.000000000000E+000     0.000000000000E+000
     0.238476196562E+003     0.192399797916E-010     0.000000000000E+000     0.000000000000E+000     0.000000000000E+000
     0.239476196562E+003     0.178932070779E-010     0.000000000000E+000     0.000000000000E+000     0.000000000000E+000
     0.240476196562E+003     0.166407066432E-010     0.000000000000E+000     0.000000000000E+000     0.000000000000E+000
     0.241476196562E+003     0.154758795547E-010     0.000000000000E+000     0.000000000000E+000     0.000000000000E+000
     0.242476196562E+003     0.143925887960E-010     0.000000000000E+000     0.000000000000E+000     0.000000000000E+000
     0.243476196562E+003     0.133851269338E-010     0.000000000000E+000     0.000000000000E+000     0.000000000000E+000
     0.244476196562E+003     0.124481860472E-010     0.000000000000E+000     0.000000000000E+000     0.000000000000E+000
     0.245476196562E+003     0.115768297628E-010     0.000000000000E+000     0.000000000000E+000     0.000000000000E+000
     0.246476196562E+003     0.107664672466E-010     0.000000000000E+000     0.000000000000E+000     0.000000000000E+000
     0.247476196562E+003     0.100128290168E-010     0.000000000000E+000     0.000000000000E+000     0.000000000000E+000
     0.248476196562E+003     0.931194444975E-011     0.000000000000E+000     0.000000000000E+000     0.000000000000E+000
     0.249476196562E+003     0.866012085989E-011     0.000000000000E+000     0.000000000000E+000     0.000000000000E+000
     0.250476196562E+003     0.805392404482E-011     0.000000000000E+000     0.000000000000E+000     0.000000000000E+000
     0.251476196562E+003     0.749016019167E-011     0.000000000000E+000     0.000000000000E+000     0.000000000000E+000
     0.252476196562E+003     0.696585905015E-011     0.000000000000E+000     0.000000000000E+000     0.000000000000E+000
     0.253476196562E+003     0.647825828351E-011     0.000000000000E+000     0.000000000000E+000     0.000000000000E+000
     0.254476196562E+003     0.602478891487E-011     0.000000000000E+000     0.000000000000E+000     0.000000000000E+000
     0.255476196562E+003     0.560306179226E-011     0.000000000000E+000     0.000000000000E+000     0.000000000000E+000
     0.256476196562E+003     0.521085500115E-011     0.000000000000E+000     0.000000000000E+000     0.000000000000E+000
     0.257476196562E+003     0.484610215801E-011     0.000000000000E+000     0.000000000000E+000     0.000000000000E+000
     0.258476196562E+003     0.450688152342E-011     0.000000000000E+000     0.000000000000E+000     0.000000000000E+000
     0.259476196562E+003     0.419140587710E-011     0.000000000000E+000     0.000000000000E+000     0.000000000000E+000
     0.260476196562E+003     0.389801310182E-011     0.000000000000E+000     0.000000000000E+000     0.000000000000E+000
     0.261476196562E+003     0.362515742628E-011     0.000000000000E+000     0.000000000000E+000     0.000000000000E+000
     0.262476196562E+003     0.337140128112E-011     0.000000000000E+000     0.000000000000E+000     0.000000000000E+000
     0.263476196562E+003     0.313540772490E-011     0.000000000000E+000     0.000000000000E+000     0.000000000000E+000
     0.264476196562E+003     0.291593340028E-011     0.000000000000E+000     0.000000000000E+000     0.000000000000E+000
     0.265476196562E+003     0.271182198326E-011     0.000000000000E+000     0.000000000000E+000     0.000000000000E+000
     0.266476196562E+003     0.252199809097E-011     0.000000000000E+000     0.000000000000E+000     0.000000000000E+000
     0.267476196562E+003     0.234546161588E-011     0.000000000000E+000     0.000000000000E+000     0.000000000000E+000
     0.268476196562E+003     0.218128245666E-011     0.000000000000E+000     0.000000000000E+000     0.000000000000E+000
     0.269476196562E+003     0.202859561782E-011     0.000000000000E+000     0.000000000000E+000     0.000000000000E+000
     0.270476196562E+003     0.188659665238E-011     0.000000000000E+000     0.000000000000E+000     0.000000000000E+000
     0.271476196562E+003     0.175453742358E-011     0.000000000000E+000     0.000000000000E+000     0.000000000000E+000
     0.272476196562E+003     0.163172216322E-011     0.000000000000E+000     0.000000000000E+000     0.000000000000E+000
     0.273476196562E+003     0.151750380593E-011     0.000000000000E+000     0.000000000000E+000     0.000000000000E+000
     0.274476196562E+003     0.141128058007E-011     0.000000000000E+000     0.000000000000E+000     0.000000000000E+000
     0.275476196562E+003     0.131249283718E-011     0.000000000000E+000     0.000000000000E+000     0.000000000000E+000
     0.276476196562E+003     0.122062010346E-011     0.000000000000E+000     0.000000000000E+000     0.000000000000E+000
     0.277476196562E+003     0.113517833755E-011     0.000000000000E+000     0.000000000000E+000     0.000000000000E+000
     0.278476196562E+003     0.105571738037E-011     0.000000000000E+000     0.000000000000E+000     0.000000000000E+000
     0.279476196562E+003     0.981818583342E-012     0.000000000000E+000     0.000000000000E+000     0.000000000000E+000
     0.280476196562E+003     0.913092602734E-012     0.000000000000E+000     0.000000000000E+000     0.000000000000E+000
     0.281476196562E+003     0.849177348354E-012     0.000000000000E+000     0.000000000000E+000     0.000000000000E+000
     0.282476196562E+003     0.789736075835E-012     0.000000000000E+000     0.000000000000E+000     0.000000000000E+000
     0.283476196562E+003     0.734455612462E-012     0.000000000000E+000     0.000000000000E+000     0.000000000000E+000
     0.284476196562E+003     0.683044707191E-012     0.000000000000E+000     0.000000000000E+000     0.000000000000E+000
     0.285476196562E+003     0.635232496158E-012     0.000000000000E+000     0.000000000000E+000     0.000000000000E+000
     0.286476196562E+003     0.590767075605E-012     0.000000000000E+000     0.000000000000E+000     0.000000000000E+000
     0.287476196562E+003     0.549414174698E-012     0.000000000000E+000     0.000000000000E+000     0.000000000000E+000
     0.288476196562E+003     0.510955921249E-012     0.000000000000E+000     0.000000000000E+000     0.000000000000E+000
     0.289476196562E+003     0.475189693827E-012     0.000000000000E+000     0.000000000000E+000     0.000000000000E+000
     0.290476196562E+003     0.441927054231E-012     0.000000000000E+000     0.000000000000E+000     0.000000000000E+000
     0.291476196562E+003     0.410992754678E-012     0.000000000000E+000     0.000000000000E+000     0.000000000000E+000
     0.292476196562E+003     0.382223814498E-012     0.000000000000E+000     0.000000000000E+000     0.000000000000E+000
     0.293476196562E+003     0.355468661445E-012     0.000000000000E+000     0.000000000000E+000     0.000000000000E+000
     0.294476196562E+003     0.330586333129E-012     0.000000000000E+000     0.000000000000E+000     0.000000000000E+000
     0.295476196562E+003     0.307445734336E-012     0.000000000000E+000     0.000000000000E+000     0.000000000000E+000
     0.296476196562E+003     0.285924946343E-012     0.000000000000E+000     0.000000000000E+000     0.000000000000E+000
     0.297476196562E+003     0.265910584570E-012     0.000000000000E+000     0.000000000000E+000     0.000000000000E+000
     0.298476196562E+003     0.247297201208E-012     0.000000000000E+000     0.000000000000E+000     0.000000000000E+000
     0.299476196562E+003     0.229986729653E-012     0.000000000000E+000     0.000000000000E+000     0.000000000000E+000
     0.300476196562E+003     0.213887967830E-012     0.000000000000E+000     0.000000000000E+000     0.000000000000E+000
     0.301476196562E+003     0.198916097686E-012     0.000000000000E+000     0.000000000000E+000     0.000000000000E+000
     0.302476196562E+003     0.184992238321E-012     0.000000000000E+000     0.000000000000E+000     0.000000000000E+000
     0.303476196562E+003     0.172043030388E-012     0.000000000000E+000     0.000000000000E+000     0.000000000000E+000
     0.304476196562E+003     0.160000249598E-012     0.000000000000E+000     0.000000000000E+000     0.000000000000E+000
     0.305476196562E+003     0.148800447269E-012     0.000000000000E+000     0.000000000000E+000     0.000000000000E+000
     0.306476196562E+003     0.138384616044E-012     0.000000000000E+000     0.000000000000E+000     0.000000000000E+000
     0.307476196562E+003     0.128697878998E-012     0.000000000000E+000     0.000000000000E+000     0.000000000000E+000
     0.308476196562E+003     0.119689200520E-012     0.000000000000E+000     0.000000000000E+000     0.000000000000E+000
     0.309476196562E+003     0.111311117422E-012     0.000000000000E+000     0.000000000000E+000     0.000000000000E+000
     0.310476196562E+003     0.103519488875E-012     0.000000000000E+000     0.000000000000E+000     0.000000000000E+000
     0.311476196562E+003     0.962732638496E-013     0.000000000000E+000     0.000000000000E+000     0.000000000000E+000
     0.312476196562E+003     0.895342648318E-013     0.000000000000E+000     0.000000000000E+000     0.000000000000E+000
     0.313476196562E+003     0.832669866836E-013     0.000000000000E+000     0.000000000000E+000     0.000000000000E+000
     0.314476196562E+003     0.774384095783E-013     0.000000000000E+000     0.000000000000E+000     0.000000000000E+000
     0.315476196562E+003     0.720178250330E-013     0.000000000000E+000     0.000000000000E+000     0.000000000000E+000
     0.316476196562E+003     0.669766741169E-013     0.000000000000E+000     0.000000000000E+000     0.000000000000E+000
     0.317476196562E+003     0.622883969864E-013     0.000000000000E+000     0.000000000000E+000     0.000000000000E+000
     0.318476196562E+003     0.579282929508E-013     0.000000000000E+000     0.000000000000E+000     0.000000000000E+000
     0.319476196562E+003     0.538733903349E-013     0.000000000000E+000     0.000000000000E+000     0.000000000000E+000
     0.320476196562E+003     0.501023254496E-013     0.000000000000E+000     0.000000000000E+000     0.000000000000E+000
     0.321476196562E+003     0.465952300356E-013     0.000000000000E+000     0.000000000000E+000     0.000000000000E+000
     0.322476196562E+003     0.433336265846E-013     0.000000000000E+000     0.000000000000E+000     0.000000000000E+000
     0.323476196562E+003     0.403003309896E-013     0.000000000000E+000     0.000000000000E+000     0.000000000000E+000
     0.324476196562E+003     0.374793620074E-013     0.000000000000E+000     0.000000000000E+000     0.000000000000E+000
     0.325476196562E+003     0.348558570608E-013     0.000000000000E+000     0.000000000000E+000     0.000000000000E+000
     0.326476196562E+003     0.324159939328E-013     0.000000000000E+000     0.000000000000E+000     0.000000000000E+000
     0.327476196562E+003     0.301469179429E-013     0.000000000000E+000     0.000000000000E+000     0.000000000000E+000
     0.328476196562E+003     0.280366742213E-013     0.000000000000E+000     0.000000000000E+000     0.000000000000E+000
     0.329476196562E+003     0.260741447227E-013     0.000000000000E+000     0.000000000000E+000     0.000000000000E+000
     0.330476196562E+003     0.242489896500E-013     0.000000000000E+000     0.000000000000E+000     0.000000000000E+000
     0.331476196562E+003     0.225515929783E-013     0.000000000000E+000     0.000000000000E+000     0.000000000000E+000
     0.332476196562E+003     0.209730117912E-013     0.000000000000E+000     0.000000000000E+000     0.000000000000E+000
     0.333476196562E+003     0.195049291646E-013     0.000000000000E+000     0.000000000000E+000     0.000000000000E+000
     0.334476196562E+003     0.181396103479E-013     0.000000000000E+000     0.000000000000E+000     0.000000000000E+000
     0.335476196562E+003     0.168698620125E-013     0.000000000000E+000     0.000000000000E+000     0.000000000000E+000
     0.336476196562E+003     0.156889943532E-013     0.000000000000E+000     0.000000000000E+000     0.000000000000E+000
     0.337476196562E+003     0.145907858422E-013     0.000000000000E+000     0.000000000000E+000     0.000000000000E+000
     0.338476196562E+003     0.135694504504E-013     0.000000000000E+000     0.000000000000E+000     0.000000000000E+000
     0.339476196562E+003     0.126196071626E-013     0.000000000000E+000     0.000000000000E+000     0.000000000000E+000
     0.340476196562E+003     0.117362516279E-013     0.000000000000E+000     0.000000000000E+000     0.000000000000E+000
     0.341476196562E+003     0.109147297928E-013     0.000000000000E+000     0.000000000000E+000     0.000000000000E+000
     0.342476196562E+003     0.101507133815E-013     0.000000000000E+000     0.000000000000E+000     0.000000000000E+000
     0.343476196562E+003     0.944017709176E-014     0.000000000000E+000     0.000000000000E+000     0.000000000000E+000
     0.344476196562E+003     0.877937738690E-014     0.000000000000E+000     0.000000000000E+000     0.000000000000E+000
     0.345476196562E+003     0.816483277287E-014     0.000000000000E+000     0.000000000000E+000     0.000000000000E+000
     0.346476196562E+003     0.759330545552E-014     0.000000000000E+000     0.000000000000E+000     0.000000000000E+000
     0.347476196562E+003     0.706178428192E-014     0.000000000000E+000     0.000000000000E+000     0.000000000000E+000
     0.348476196562E+003     0.656746887579E-014     0.000000000000E+000     0.000000000000E+000     0.000000000000E+000
     0.349476196562E+003     0.610775488346E-014     0.000000000000E+000     0.000000000000E+000     0.000000000000E+000
     0.350476196562E+003     0.568022025247E-014     0.000000000000E+000     0.000000000000E+000     0.000000000000E+000
     0.351476196562E+003     0.528261247081E-014     0.000000000000E+000     0.000000000000E+000     0.000000000000E+000
     0.352476196562E+003     0.491283669926E-014     0.000000000000E+000     0.000000000000E+000     0.000000000000E+000
     0.353476196562E+003     0.456894473453E-014     0.000000000000E+000     0.000000000000E+000     0.000000000000E+000
     0.354476196562E+003     0.424912474496E-014     0.000000000000E+000     0.000000000000E+000     0.000000000000E+000
     0.355476196562E+003     0.395169172466E-014     0.000000000000E+000     0.000000000000E+000     0.000000000000E+000
     0.356476196562E+003     0.367507861586E-014     0.000000000000E+000     0.000000000000E+000     0.000000000000E+000
     0.357476196562E+003     0.341782805277E-014     0.000000000000E+000     0.000000000000E+000     0.000000000000E+000
     0.358476196562E+003     0.317858468323E-014     0.000000000000E+000     0.000000000000E+000     0.000000000000E+000
     0.359476196562E+003     0.295608802788E-014     0.000000000000E+000     0.000000000000E+000     0.000000000000E+000
     0.360476196562E+003     0.274916583927E-014     0.000000000000E+000     0.000000000000E+000     0.000000000000E+000
     0.361476196562E+003     0.255672792566E-014     0.000000000000E+000     0.000000000000E+000     0.000000000000E+000
     0.362476196562E+003     0.237776040727E-014     0.000000000000E+000     0.000000000000E+000     0.000000000000E+000
     0.363476196562E+003     0.221132037455E-014     0.000000000000E+000     0.000000000000E+000     0.000000000000E+000
     0.364476196562E+003     0.205653092036E-014     0.000000000000E+000     0.000000000000E+000     0.000000000000E+000
     0.365476196562E+003     0.191257651985E-014     0.000000000000E+000     0.000000000000E+000     0.000000000000E+000
     0.366476196562E+003     0.177869873384E-014     0.000000000000E+000     0.000000000000E+000     0.000000000000E+000
     0.367476196562E+003     0.165419221286E-014     0.000000000000E+000     0.000000000000E+000     0.000000000000E+000
     0.368476196562E+003     0.153840098097E-014     0.000000000000E+000     0.000000000000E+000     0.000000000000E+000
     0.369476196562E+003     0.143071497964E-014     0.000000000000E+000     0.000000000000E+000     0.000000000000E+000
     0.370476196562E+003     0.133056685363E-014     0.000000000000E+000     0.000000000000E+000     0.000000000000E+000
     0.371476196562E+003     0.123742896181E-014     0.000000000000E+000     0.000000000000E+000     0.000000000000E+000
     0.372476196562E+003     0.115081059721E-014     0.000000000000E+000     0.000000000000E+000     0.000000000000E+000
     0.373476196562E+003     0.107025540168E-014     0.000000000000E+000     0.000000000000E+000     0.000000000000E+000
     0.374476196562E+003     0.995338961552E-015     0.000000000000E+000     0.000000000000E+000     0.000000000000E+000
     0.375476196562E+003     0.925666571522E-015     0.000000000000E+000     0.000000000000E+000     0.000000000000E+000
     0.376476196562E+003     0.860871155136E-015     0.000000000000E+000     0.000000000000E+000     0.000000000000E+000
     0.377476196562E+003     0.800611330795E-015     0.000000000000E+000     0.000000000000E+000     0.000000000000E+000
     0.378476196562E+003     0.744569613154E-015     0.000000000000E+000     0.000000000000E+000     0.000000000000E+000
     0.379476196562E+003     0.692450740417E-015     0.000000000000E+000     0.000000000000E+000     0.000000000000E+000
     0.380476196562E+003     0.643980118714E-015     0.000000000000E+000     0.000000000000E+000     0.000000000000E+000
     0.381476196562E+003     0.598902375377E-015     0.000000000000E+000     0.000000000000E+000     0.000000000000E+000
     0.382476196562E+003     0.556980013484E-015     0.000000000000E+000     0.000000000000E+000     0.000000000000E+000
     0.383476196562E+003     0.517992160574E-015     0.000000000000E+000     0.000000000000E+000     0.000000000000E+000
     0.384476196562E+003     0.481733404965E-015     0.000000000000E+000     0.000000000000E+000     0.000000000000E+000
     0.385476196562E+003     0.448012713515E-015     0.000000000000E+000     0.000000000000E+000     0.000000000000E+000
     0.386476196562E+003     0.416652425145E-015     0.000000000000E+000     0.000000000000E+000     0.000000000000E+000
     0.387476196562E+003     0.387487314813E-015     0.000000000000E+000     0.000000000000E+000     0.000000000000E+000
     0.388476196562E+003     0.360363723008E-015     0.000000000000E+000     0.000000000000E+000     0.000000000000E+000
     0.389476196562E+003     0.335138746176E-015     0.000000000000E+000     0.000000000000E+000     0.000000000000E+000
     0.390476196562E+003     0.311679483824E-015     0.000000000000E+000     0.000000000000E+000     0.000000000000E+000
     0.391476196562E+003     0.289862338310E-015     0.000000000000E+000     0.000000000000E+000     0.000000000000E+000
     0.392476196562E+003     0.269572363664E-015     0.000000000000E+000     0.000000000000E+000     0.000000000000E+000
     0.393476196562E+003     0.250702659978E-015     0.000000000000E+000     0.000000000000E+000     0.000000000000E+000
     0.394476196562E+003     0.233153810195E-015     0.000000000000E+000     0.000000000000E+000     0.000000000000E+000
     0.395476196562E+003     0.216833356317E-015     0.000000000000E+000     0.000000000000E+000     0.000000000000E+000
     0.396476196562E+003     0.201655312281E-015     0.000000000000E+000     0.000000000000E+000     0.000000000000E+000
     0.397476196562E+003     0.187539710935E-015     0.000000000000E+000     0.000000000000E+000     0.000000000000E+000
     0.398476196562E+003     0.174412182718E-015     0.000000000000E+000     0.000000000000E+000     0.000000000000E+000
     0.399476196562E+003     0.162203563841E-015     0.000000000000E+000     0.000000000000E+000     0.000000000000E+000
     0.400476196562E+003     0.150849531883E-015     0.000000000000E+000     0.000000000000E+000     0.000000000000E+000
     0.401476196562E+003     0.140290266910E-015     0.000000000000E+000     0.000000000000E+000     0.000000000000E+000
     0.402476196562E+003     0.130470136301E-015     0.000000000000E+000     0.000000000000E+000     0.000000000000E+000
     0.403476196562E+003     0.121337401644E-015     0.000000000000E+000     0.000000000000E+000     0.000000000000E+000
     0.404476196562E+003     0.112843946147E-015     0.000000000000E+000     0.000000000000E+000     0.000000000000E+000
     0.405476196562E+003     0.104945021127E-015     0.000000000000E+000     0.000000000000E+000     0.000000000000E+000
     0.406476196562E+003     0.975990102501E-016     0.000000000000E+000     0.000000000000E+000     0.000000000000E+000
     0.407476196562E+003     0.907672102696E-016     0.000000000000E+000     0.000000000000E+000     0.000000000000E+000
     0.408476196562E+003     0.844136271138E-016     0.000000000000E+000     0.000000000000E+000     0.000000000000E+000
     0.409476196562E+003     0.785047862477E-016     0.000000000000E+000     0.000000000000E+000     0.000000000000E+000
     0.410476196562E+003     0.730095563088E-016     0.000000000000E+000     0.000000000000E+000     0.000000000000E+000
     0.411476196562E+003     0.678989850879E-016     0.000000000000E+000     0.000000000000E+000     0.000000000000E+000
     0.412476196562E+003     0.631461469919E-016     0.000000000000E+000     0.000000000000E+000     0.000000000000E+000
     0.413476196562E+003     0.587260011827E-016     0.000000000000E+000     0.000000000000E+000     0.000000000000E+000
     0.414476196562E+003     0.546152596473E-016     0.000000000000E+000     0.000000000000E+000     0.000000000000E+000
     0.415476196562E+003     0.507922645023E-016     0.000000000000E+000     0.000000000000E+000     0.000000000000E+000
     0.416476196562E+003     0.472368738871E-016     0.000000000000E+000     0.000000000000E+000     0.000000000000E+000
     0.417476196562E+003     0.439303558441E-016     0.000000000000E+000     0.000000000000E+000     0.000000000000E+000
     0.418476196562E+003     0.408552896278E-016     0.000000000000E+000     0.000000000000E+000     0.000000000000E+000
     0.419476196562E+003     0.379954739211E-016     0.000000000000E+000     0.000000000000E+000     0.000000000000E+000
     0.420476196562E+003     0.353358414777E-016     0.000000000000E+000     0.000000000000E+000     0.000000000000E+000
     0.421476196562E+003     0.328623797381E-016     0.000000000000E+000     0.000000000000E+000     0.000000000000E+000
     0.422476196562E+003     0.305620570031E-016     0.000000000000E+000     0.000000000000E+000     0.000000000000E+000
     0.423476196562E+003     0.284227537750E-016     0.000000000000E+000     0.000000000000E+000     0.000000000000E+000
     0.424476196562E+003     0.264331989046E-016     0.000000000000E+000     0.000000000000E+000     0.000000000000E+000
     0.425476196562E+003     0.245829102080E-016     0.000000000000E+000     0.000000000000E+000     0.000000000000E+000
     0.426476196562E+003     0.228621392401E-016     0.000000000000E+000     0.000000000000E+000     0.000000000000E+000
     0.427476196562E+003     0.212618199338E-016     0.000000000000E+000     0.000000000000E+000     0.000000000000E+000
     0.428476196562E+003     0.197735208347E-016     0.000000000000E+000     0.000000000000E+000     0.000000000000E+000
     0.429476196562E+003     0.183894006786E-016     0.000000000000E+000     0.000000000000E+000     0.000000000000E+000
     0.430476196562E+003     0.171021670795E-016     0.000000000000E+000     0.000000000000E+000     0.000000000000E+000
     0.431476196562E+003     0.159050381085E-016     0.000000000000E+000     0.000000000000E+000     0.000000000000E+000
     0.432476196562E+003     0.147917065625E-016     0.000000000000E+000     0.000000000000E+000     0.000000000000E+000
     0.433476196562E+003     0.137563067343E-016     0.000000000000E+000     0.000000000000E+000     0.000000000000E+000
     0.434476196562E+003     0.127933835084E-016     0.000000000000E+000     0.000000000000E+000     0.000000000000E+000
     0.435476196562E+003     0.118978636198E-016     0.000000000000E+000     0.000000000000E+000     0.000000000000E+000
     0.436476196562E+003     0.110650289254E-016     0.000000000000E+000     0.000000000000E+000     0.000000000000E+000
     0.437476196562E+003     0.102904915458E-016     0.000000000000E+000     0.000000000000E+000     0.000000000000E+000
     0.438476196562E+003     0.957017074709E-017     0.000000000000E+000     0.000000000000E+000     0.000000000000E+000
     0.439476196562E+003     0.890027144145E-017     0.000000000000E+000     0.000000000000E+000     0.000000000000E+000
     0.440476196562E+003     0.827726419200E-017     0.000000000000E+000     0.000000000000E+000     0.000000000000E+000
     0.441476196562E+003     0.769786661772E-017     0.000000000000E+000     0.000000000000E+000     0.000000000000E+000
     0.442476196562E+003     0.715902609985E-017     0.000000000000E+000     0.000000000000E+000     0.000000000000E+000
     0.443476196562E+003     0.665790369884E-017     0.000000000000E+000     0.000000000000E+000     0.000000000000E+000
     0.444476196562E+003     0.619185919710E-017     0.000000000000E+000     0.000000000000E+000     0.000000000000E+000
     0.445476196562E+003     0.575843718873E-017     0.000000000000E+000     0.000000000000E+000     0.000000000000E+000
     0.446476196562E+003     0.535535414293E-017     0.000000000000E+000     0.000000000000E+000     0.000000000000E+000
     0.447476196562E+003     0.498048637299E-017     0.000000000000E+000     0.000000000000E+000     0.000000000000E+000
     0.448476196562E+003     0.463185884743E-017     0.000000000000E+000     0.000000000000E+000     0.000000000000E+000
     0.449476196562E+003     0.430763478431E-017     0.000000000000E+000     0.000000000000E+000     0.000000000000E+000
     0.450476196562E+003     0.400610597397E-017     0.000000000000E+000     0.000000000000E+000     0.000000000000E+000
     0.451476196562E+003     0.372568377911E-017     0.000000000000E+000     0.000000000000E+000     0.000000000000E+000
     0.452476196562E+003     0.346489076494E-017     0.000000000000E+000     0.000000000000E+000     0.000000000000E+000
     0.453476196562E+003     0.322235291508E-017     0.000000000000E+000     0.000000000000E+000     0.000000000000E+000
     0.454476196562E+003     0.299679239249E-017     0.000000000000E+000     0.000000000000E+000     0.000000000000E+000
     0.455476196562E+003     0.278702080699E-017     0.000000000000E+000     0.000000000000E+000     0.000000000000E+000
     0.456476196562E+003     0.259193295412E-017     0.000000000000E+000     0.000000000000E+000     0.000000000000E+000
     0.457476196562E+003     0.241050099224E-017     0.000000000000E+000     0.000000000000E+000     0.000000000000E+000
     0.458476196562E+003     0.224176902726E-017     0.000000000000E+000     0.000000000000E+000     0.000000000000E+000
     0.459476196562E+003     0.208484807638E-017     0.000000000000E+000     0.000000000000E+000     0.000000000000E+000
     0.460476196562E+003     0.193891138441E-017     0.000000000000E+000     0.000000000000E+000     0.000000000000E+000
     0.461476196562E+003     0.180319006791E-017     0.000000000000E+000     0.000000000000E+000     0.000000000000E+000
     0.462476196562E+003     0.167696906425E-017     0.000000000000E+000     0.000000000000E+000     0.000000000000E+000
     0.463476196562E+003     0.155958336423E-017     0.000000000000E+000     0.000000000000E+000     0.000000000000E+000
     0.464476196562E+003     0.145041450840E-017     0.000000000000E+000     0.000000000000E+000     0.000000000000E+000
     0.465476196562E+003     0.134888732864E-017     0.000000000000E+000     0.000000000000E+000     0.000000000000E+000
     0.466476196562E+003     0.125446691781E-017     0.000000000000E+000     0.000000000000E+000     0.000000000000E+000
     0.467476196562E+003     0.116665581159E-017     0.000000000000E+000     0.000000000000E+000     0.000000000000E+000
     0.468476196562E+003     0.108499136746E-017     0.000000000000E+000     0.000000000000E+000     0.000000000000E+000
     0.469476196562E+003     0.100904332727E-017     0.000000000000E+000     0.000000000000E+000     0.000000000000E+000
     0.470476196562E+003     0.938411550377E-018     0.000000000000E+000     0.000000000000E+000     0.000000000000E+000
     0.471476196562E+003     0.872723905421E-018     0.000000000000E+000     0.000000000000E+000     0.000000000000E+000
     0.472476196562E+003     0.811634309754E-018     0.000000000000E+000     0.000000000000E+000     0.000000000000E+000
     0.473476196562E+003     0.754820906047E-018     0.000000000000E+000     0.000000000000E+000     0.000000000000E+000
     0.474476196562E+003     0.701984366553E-018     0.000000000000E+000     0.000000000000E+000     0.000000000000E+000
     0.475476196562E+003     0.652846316063E-018     0.000000000000E+000     0.000000000000E+000     0.000000000000E+000
     0.476476196562E+003     0.607147865265E-018     0.000000000000E+000     0.000000000000E+000     0.000000000000E+000
     0.477476196562E+003     0.564648246748E-018     0.000000000000E+000     0.000000000000E+000     0.000000000000E+000
     0.478476196562E+003     0.525123546500E-018     0.000000000000E+000     0.000000000000E+000     0.000000000000E+000
     0.479476196562E+003     0.488365524188E-018     0.000000000000E+000     0.000000000000E+000     0.000000000000E+000
     0.480476196562E+003     0.454180516025E-018     0.000000000000E+000     0.000000000000E+000     0.000000000000E+000
     0.481476196562E+003     0.422388414431E-018     0.000000000000E+000     0.000000000000E+000     0.000000000000E+000
     0.482476196562E+003     0.392821719112E-018     0.000000000000E+000     0.000000000000E+000     0.000000000000E+000
     0.483476196562E+003     0.365324654575E-018     0.000000000000E+000     0.000000000000E+000     0.000000000000E+000
     0.484476196562E+003     0.339752349401E-018     0.000000000000E+000     0.000000000000E+000     0.000000000000E+000
     0.485476196562E+003     0.315970072976E-018     0.000000000000E+000     0.000000000000E+000     0.000000000000E+000
     0.486476196562E+003     0.293852525651E-018     0.000000000000E+000     0.000000000000E+000     0.000000000000E+000
     0.487476196562E+003     0.273283178583E-018     0.000000000000E+000     0.000000000000E+000     0.000000000000E+000
     0.488476196562E+003     0.254153659794E-018     0.000000000000E+000     0.000000000000E+000     0.000000000000E+000
     0.489476196562E+003     0.236363183199E-018     0.000000000000E+000     0.000000000000E+000     0.000000000000E+000
     0.490476196562E+003     0.219818017605E-018     0.000000000000E+000     0.000000000000E+000     0.000000000000E+000
     0.491476196562E+003     0.204430992877E-018     0.000000000000E+000     0.000000000000E+000     0.000000000000E+000
     0.492476196562E+003     0.190121040673E-018     0.000000000000E+000     0.000000000000E+000     0.000000000000E+000
     0.493476196562E+003     0.176812767328E-018     0.000000000000E+000     0.000000000000E+000     0.000000000000E+000
     0.494476196562E+003     0.164436056631E-018     0.000000000000E+000     0.000000000000E+000     0.000000000000E+000
     0.495476196562E+003     0.152925700416E-018     0.000000000000E+000     0.000000000000E+000     0.000000000000E+000
     0.496476196562E+003     0.142221054998E-018     0.000000000000E+000     0.000000000000E+000     0.000000000000E+000
     0.497476196562E+003     0.132265721672E-018     0.000000000000E+000     0.000000000000E+000     0.000000000000E+000
     0.498476196562E+003     0.123007249565E-018     0.000000000000E+000     0.000000000000E+000     0.000000000000E+000
     0.499476196562E+003     0.114396859298E-018     0.000000000000E+000     0.000000000000E+000     0.000000000000E+000
     0.500476196562E+003     0.106389185982E-018     0.000000000000E+000     0.000000000000E+000     0.000000000000E+000
     0.501476196562E+003     0.989420402093E-019     0.000000000000E+000     0.000000000000E+000     0.000000000000E+000
     0.502476196562E+003     0.920161857773E-019     0.000000000000E+000     0.000000000000E+000     0.000000000000E+000
     0.503476196562E+003     0.855751329637E-019     0.000000000000E+000     0.000000000000E+000     0.000000000000E+000
     0.504476196562E+003     0.795849462790E-019     0.000000000000E+000     0.000000000000E+000     0.000000000000E+000
     0.505476196562E+003     0.740140656729E-019     0.000000000000E+000     0.000000000000E+000     0.000000000000E+000
     0.506476196562E+003     0.688331402570E-019     0.000000000000E+000     0.000000000000E+000     0.000000000000E+000
     0.507476196562E+003     0.640148736662E-019     0.000000000000E+000     0.000000000000E+000     0.000000000000E+000
     0.508476196562E+003     0.595338802448E-019     0.000000000000E+000     0.000000000000E+000     0.000000000000E+000
     0.509476196562E+003     0.553665512999E-019     0.000000000000E+000     0.000000000000E+000     0.000000000000E+000
     0.510476196562E+003     0.514909307155E-019     0.000000000000E+000     0.000000000000E+000     0.000000000000E+000
     0.511476196562E+003     0.478865992751E-019     0.000000000000E+000     0.000000000000E+000     0.000000000000E+000
     0.512476196562E+003     0.445345670805E-019     0.000000000000E+000     0.000000000000E+000     0.000000000000E+000
     0.513476196562E+003     0.414171735012E-019     0.000000000000E+000     0.000000000000E+000     0.000000000000E+000
     0.514476196562E+003     0.385179941279E-019     0.000000000000E+000     0.000000000000E+000     0.000000000000E+000
     0.515476196562E+003     0.358217542383E-019     0.000000000000E+000     0.000000000000E+000     0.000000000000E+000
     0.516476196562E+003     0.333142483207E-019     0.000000000000E+000     0.000000000000E+000     0.000000000000E+000
     0.517476196562E+003     0.309822652305E-019     0.000000000000E+000     0.000000000000E+000     0.000000000000E+000
     0.518476196562E+003     0.288135185861E-019     0.000000000000E+000     0.000000000000E+000     0.000000000000E+000
     0.519476196562E+003     0.267965820366E-019     0.000000000000E+000     0.000000000000E+000     0.000000000000E+000
     0.520476196562E+003     0.249208290607E-019     0.000000000000E+000     0.000000000000E+000     0.000000000000E+000
     0.521476196562E+003     0.231763769799E-019     0.000000000000E+000     0.000000000000E+000     0.000000000000E+000
     0.522476196562E+003     0.215540348902E-019     0.000000000000E+000     0.000000000000E+000     0.000000000000E+000
     0.523476196562E+003     0.200452552391E-019     0.000000000000E+000     0.000000000000E+000     0.000000000000E+000
     0.524476196562E+003     0.186420887917E-019     0.000000000000E+000     0.000000000000E+000     0.000000000000E+000
     0.525476196562E+003     0.173371427491E-019     0.000000000000E+000     0.000000000000E+000     0.000000000000E+000
     0.526476196562E+003     0.161235417991E-019     0.000000000000E+000     0.000000000000E+000     0.000000000000E+000
     0.527476196562E+003     0.149948918923E-019     0.000000000000E+000     0.000000000000E+000     0.000000000000E+000
     0.528476196562E+003     0.139452465547E-019     0.000000000000E+000     0.000000000000E+000     0.000000000000E+000
     0.529476196562E+003     0.129690755577E-019     0.000000000000E+000     0.000000000000E+000     0.000000000000E+000
     0.530476196562E+003     0.120612357817E-019     0.000000000000E+000     0.000000000000E+000     0.000000000000E+000
     0.531476196562E+003     0.112169441191E-019     0.000000000000E+000     0.000000000000E+000     0.000000000000E+000
     0.532476196562E+003     0.104317522734E-019     0.000000000000E+000     0.000000000000E+000     0.000000000000E+000
     0.533476196562E+003     0.970152332362E-020     0.000000000000E+000     0.000000000000E+000     0.000000000000E+000
     0.534476196562E+003     0.902240992771E-020     0.000000000000E+000     0.000000000000E+000     0.000000000000E+000
     0.535476196562E+003     0.839083405288E-020     0.000000000000E+000     0.000000000000E+000     0.000000000000E+000
     0.536476196562E+003     0.780346812411E-020     0.000000000000E+000     0.000000000000E+000     0.000000000000E+000
     0.537476196562E+003     0.725721749246E-020     0.000000000000E+000     0.000000000000E+000     0.000000000000E+000
     0.538476196562E+003     0.674920413057E-020     0.000000000000E+000     0.000000000000E+000     0.000000000000E+000
     0.539476196562E+003     0.627675146943E-020     0.000000000000E+000     0.000000000000E+000     0.000000000000E+000
     0.540476196562E+003     0.583737029653E-020     0.000000000000E+000     0.000000000000E+000     0.000000000000E+000
     0.541476196562E+003     0.542874564120E-020     0.000000000000E+000     0.000000000000E+000     0.000000000000E+000
     0.542476196562E+003     0.504872457786E-020     0.000000000000E+000     0.000000000000E+000     0.000000000000E+000
     0.543476196562E+003     0.469530488310E-020     0.000000000000E+000     0.000000000000E+000     0.000000000000E+000
     0.544476196562E+003     0.436662448673E-020     0.000000000000E+000     0.000000000000E+000     0.000000000000E+000
     0.545476196562E+003     0.406095166119E-020     0.000000000000E+000     0.000000000000E+000     0.000000000000E+000
     0.546476196562E+003     0.377667589782E-020     0.000000000000E+000     0.000000000000E+000     0.000000000000E+000
     0.547476196562E+003     0.351229942160E-020     0.000000000000E+000     0.000000000000E+000     0.000000000000E+000
     0.548476196562E+003     0.326642930002E-020     0.000000000000E+000     0.000000000000E+000     0.000000000000E+000
     0.549476196562E+003     0.303777010417E-020     0.000000000000E+000     0.000000000000E+000     0.000000000000E+000
     0.550476196562E+003     0.282511708367E-020     0.000000000000E+000     0.000000000000E+000     0.000000000000E+000
     0.551476196562E+003     0.262734981926E-020     0.000000000000E+000     0.000000000000E+000     0.000000000000E+000
     0.552476196562E+003     0.244342631973E-020     0.000000000000E+000     0.000000000000E+000     0.000000000000E+000
     0.553476196562E+003     0.227237753207E-020     0.000000000000E+000     0.000000000000E+000     0.000000000000E+000
     0.554476196562E+003     0.211330223588E-020     0.000000000000E+000     0.000000000000E+000     0.000000000000E+000
     0.555476196562E+003     0.196536229517E-020     0.000000000000E+000     0.000000000000E+000     0.000000000000E+000
     0.556476196562E+003     0.182777824253E-020     0.000000000000E+000     0.000000000000E+000     0.000000000000E+000
     0.557476196562E+003     0.169982517243E-020     0.000000000000E+000     0.000000000000E+000     0.000000000000E+000
     0.558476196562E+003     0.158082892192E-020     0.000000000000E+000     0.000000000000E+000     0.000000000000E+000
     0.559476196562E+003     0.147016251872E-020     0.000000000000E+000     0.000000000000E+000     0.000000000000E+000
     0.560476196562E+003     0.136724287795E-020     0.000000000000E+000     0.000000000000E+000     0.000000000000E+000
     0.561476196562E+003     0.127152773008E-020     0.000000000000E+000     0.000000000000E+000     0.000000000000E+000
     0.562476196562E+003     0.118251276385E-020     0.000000000000E+000     0.000000000000E+000     0.000000000000E+000
     0.563476196562E+003     0.109972896928E-020     0.000000000000E+000     0.000000000000E+000     0.000000000000E+000
     0.564476196562E+003     0.102274016663E-020     0.000000000000E+000     0.000000000000E+000     0.000000000000E+000
     0.565476196562E+003     0.951140708301E-021     0.000000000000E+000     0.000000000000E+000     0.000000000000E+000
     0.566476196562E+003     0.884553341620E-021     0.000000000000E+000     0.000000000000E+000     0.000000000000E+000
     0.567476196562E+003     0.822627221252E-021     0.000000000000E+000     0.000000000000E+000     0.000000000000E+000
     0.568476196562E+003     0.765036060702E-021     0.000000000000E+000     0.000000000000E+000     0.000000000000E+000
     0.569476196562E+003     0.711476413230E-021     0.000000000000E+000     0.000000000000E+000     0.000000000000E+000
     0.570476196562E+003     0.661666073095E-021     0.000000000000E+000     0.000000000000E+000     0.000000000000E+000
     0.571476196562E+003     0.615342588709E-021     0.000000000000E+000     0.000000000000E+000     0.000000000000E+000
     0.572476196562E+003     0.572261879872E-021     0.000000000000E+000     0.000000000000E+000     0.000000000000E+000
     0.573476196562E+003     0.532196951795E-021     0.000000000000E+000     0.000000000000E+000     0.000000000000E+000
     0.574476196562E+003     0.494936699140E-021     0.000000000000E+000     0.000000000000E+000     0.000000000000E+000
     0.575476196562E+003     0.460284793778E-021     0.000000000000E+000     0.000000000000E+000     0.000000000000E+000
     0.576476196562E+003     0.428058650403E-021     0.000000000000E+000     0.000000000000E+000     0.000000000000E+000
     0.577476196562E+003     0.398088464546E-021     0.000000000000E+000     0.000000000000E+000     0.000000000000E+000
     0.578476196562E+003     0.370216317933E-021     0.000000000000E+000     0.000000000000E+000     0.000000000000E+000
     0.579476196562E+003     0.344295346465E-021     0.000000000000E+000     0.000000000000E+000     0.000000000000E+000
     0.580476196562E+003     0.320188966436E-021     0.000000000000E+000     0.000000000000E+000     0.000000000000E+000
     0.581476196562E+003     0.297770154919E-021     0.000000000000E+000     0.000000000000E+000     0.000000000000E+000
     0.582476196562E+003     0.276920780521E-021     0.000000000000E+000     0.000000000000E+000     0.000000000000E+000
     0.583476196562E+003     0.257530980984E-021     0.000000000000E+000     0.000000000000E+000     0.000000000000E+000
     0.584476196562E+003     0.239498584355E-021     0.000000000000E+000     0.000000000000E+000     0.000000000000E+000
     0.585476196562E+003     0.222728570672E-021     0.000000000000E+000     0.000000000000E+000     0.000000000000E+000
     0.586476196562E+003     0.207132571333E-021     0.000000000000E+000     0.000000000000E+000     0.000000000000E+000
     0.587476196562E+003     0.192628403508E-021     0.000000000000E+000     0.000000000000E+000     0.000000000000E+000
     0.588476196562E+003     0.179139637139E-021     0.000000000000E+000     0.000000000000E+000     0.000000000000E+000
     0.589476196562E+003     0.166595192253E-021     0.000000000000E+000     0.000000000000E+000     0.000000000000E+000
     0.590476196562E+003     0.154928964459E-021     0.000000000000E+000     0.000000000000E+000     0.000000000000E+000
     0.591476196562E+003     0.144079476667E-021     0.000000000000E+000     0.000000000000E+000     0.000000000000E+000
     0.592476196562E+003     0.133989555175E-021     0.000000000000E+000     0.000000000000E+000     0.000000000000E+000
     0.593476196562E+003     0.124606028439E-021     0.000000000000E+000     0.000000000000E+000     0.000000000000E+000
     0.594476196562E+003     0.115879446927E-021     0.000000000000E+000     0.000000000000E+000     0.000000000000E+000
     0.595476196562E+003     0.107763822576E-021     0.000000000000E+000     0.000000000000E+000     0.000000000000E+000
     0.596476196562E+003     0.100216386498E-021     0.000000000000E+000     0.000000000000E+000     0.000000000000E+000
     0.597476196562E+003     0.931973636369E-022     0.000000000000E+000     0.000000000000E+000     0.000000000000E+000
     0.598476196562E+003     0.866697632020E-022     0.000000000000E+000     0.000000000000E+000     0.000000000000E+000
     0.599476196562E+003     0.805991837741E-022     0.000000000000E+000     0.000000000000E+000     0.000000000000E+000
     0.600476196562E+003     0.749536320497E-022     0.000000000000E+000     0.000000000000E+000     0.000000000000E+000
     0.601476196562E+003     0.697033542750E-022     0.000000000000E+000     0.000000000000E+000     0.000000000000E+000
     0.602476196562E+003     0.648206794788E-022     0.000000000000E+000     0.000000000000E+000     0.000000000000E+000
     0.603476196562E+003     0.602798736788E-022     0.000000000000E+000     0.000000000000E+000     0.000000000000E+000
     0.604476196562E+003     0.560570042939E-022     0.000000000000E+000     0.000000000000E+000     0.000000000000E+000
     0.605476196562E+003     0.521298140470E-022     0.000000000000E+000     0.000000000000E+000     0.000000000000E+000
     0.606476196562E+003     0.484776036943E-022     0.000000000000E+000     0.000000000000E+000     0.000000000000E+000
     0.607476196562E+003     0.450811229641E-022     0.000000000000E+000     0.000000000000E+000     0.000000000000E+000
     0.608476196562E+003     0.419224691291E-022     0.000000000000E+000     0.000000000000E+000     0.000000000000E+000
     0.609476196562E+003     0.389849926791E-022     0.000000000000E+000     0.000000000000E+000     0.000000000000E+000
     0.610476196562E+003     0.362532095958E-022     0.000000000000E+000     0.000000000000E+000     0.000000000000E+000
     0.611476196562E+003     0.337127197692E-022     0.000000000000E+000     0.000000000000E+000     0.000000000000E+000
     0.612476196562E+003     0.313501311237E-022     0.000000000000E+000     0.000000000000E+000     0.000000000000E+000
     0.613476196562E+003     0.291529890566E-022     0.000000000000E+000     0.000000000000E+000     0.000000000000E+000
     0.614476196562E+003     0.271097108145E-022     0.000000000000E+000     0.000000000000E+000     0.000000000000E+000
     0.615476196562E+003     0.252095244643E-022     0.000000000000E+000     0.000000000000E+000     0.000000000000E+000
     0.616476196562E+003     0.234424121355E-022     0.000000000000E+000     0.000000000000E+000     0.000000000000E+000
     0.617476196562E+003     0.217990572360E-022     0.000000000000E+000     0.000000000000E+000     0.000000000000E+000
     0.618476196562E+003     0.202707953624E-022     0.000000000000E+000     0.000000000000E+000     0.000000000000E+000
     0.619476196562E+003     0.188495686469E-022     0.000000000000E+000     0.000000000000E+000     0.000000000000E+000
     0.620476196562E+003     0.175278832992E-022     0.000000000000E+000     0.000000000000E+000     0.000000000000E+000
     0.621476196562E+003     0.162987701214E-022     0.000000000000E+000     0.000000000000E+000     0.000000000000E+000
     0.622476196562E+003     0.151557477859E-022     0.000000000000E+000     0.000000000000E+000     0.000000000000E+000
     0.623476196562E+003     0.140927886844E-022     0.000000000000E+000     0.000000000000E+000     0.000000000000E+000
     0.624476196562E+003     0.131042871674E-022     0.000000000000E+000     0.000000000000E+000     0.000000000000E+000
     0.625476196562E+003     0.121850300066E-022     0.000000000000E+000     0.000000000000E+000     0.000000000000E+000
     0.626476196562E+003     0.113301689252E-022     0.000000000000E+000     0.000000000000E+000     0.000000000000E+000
     0.627476196562E+003     0.105351950508E-022     0.000000000000E+000     0.000000000000E+000     0.000000000000E+000
     0.628476196562E+003     0.979591515707E-023     0.000000000000E+000     0.000000000000E+000     0.000000000000E+000
     0.629476196562E+003     0.910842956797E-023     0.000000000000E+000     0.000000000000E+000     0.000000000000E+000
     0.630476196562E+003     0.846911160887E-023     0.000000000000E+000     0.000000000000E+000     0.000000000000E+000
     0.631476196562E+003     0.787458849611E-023     0.000000000000E+000     0.000000000000E+000     0.000000000000E+000
     0.632476196562E+003     0.732172356428E-023     0.000000000000E+000     0.000000000000E+000     0.000000000000E+000
     0.633476196562E+003     0.680759973751E-023     0.000000000000E+000     0.000000000000E+000     0.000000000000E+000
     0.634476196562E+003     0.632950415787E-023     0.000000000000E+000     0.000000000000E+000     0.000000000000E+000
     0.635476196562E+003     0.588491388969E-023     0.000000000000E+000     0.000000000000E+000     0.000000000000E+000
     0.636476196562E+003     0.547148262461E-023     0.000000000000E+000     0.000000000000E+000     0.000000000000E+000
     0.637476196562E+003     0.508702831727E-023     0.000000000000E+000     0.000000000000E+000     0.000000000000E+000
     0.638476196562E+003     0.472952168655E-023     0.000000000000E+000     0.000000000000E+000     0.000000000000E+000
     0.639476196562E+003     0.439707552159E-023     0.000000000000E+000     0.000000000000E+000     0.000000000000E+000
     0.640476196562E+003     0.408793473657E-023     0.000000000000E+000     0.000000000000E+000     0.000000000000E+000
     0.641476196562E+003     0.380046712150E-023     0.000000000000E+000     0.000000000000E+000     0.000000000000E+000
     0.642476196562E+003     0.353315474054E-023     0.000000000000E+000     0.000000000000E+000     0.000000000000E+000
     0.643476196562E+003     0.328458593243E-023     0.000000000000E+000     0.000000000000E+000     0.000000000000E+000
     0.644476196562E+003     0.305344787088E-023     0.000000000000E+000     0.000000000000E+000     0.000000000000E+000
     0.645476196562E+003     0.283851964572E-023     0.000000000000E+000     0.000000000000E+000     0.000000000000E+000
     0.646476196562E+003     0.263866582843E-023     0.000000000000E+000     0.000000000000E+000     0.000000000000E+000
     0.647476196562E+003     0.245283048799E-023     0.000000000000E+000     0.000000000000E+000     0.000000000000E+000
     0.648476196562E+003     0.228003162575E-023     0.000000000000E+000     0.000000000000E+000     0.000000000000E+000
     0.649476196562E+003     0.211935599976E-023     0.000000000000E+000     0.000000000000E+000     0.000000000000E+000
     0.650476196562E+003     0.196995431144E-023     0.000000000000E+000     0.000000000000E+000     0.000000000000E+000
     0.651476196562E+003     0.183103672921E-023     0.000000000000E+000     0.000000000000E+000     0.000000000000E+000
     0.652476196562E+003     0.170186872540E-023     0.000000000000E+000     0.000000000000E+000     0.000000000000E+000
     0.653476196562E+003     0.158176720469E-023     0.000000000000E+000     0.000000000000E+000     0.000000000000E+000
     0.654476196562E+003     0.147009690346E-023     0.000000000000E+000     0.000000000000E+000     0.000000000000E+000
     0.655476196562E+003     0.136626704127E-023     0.000000000000E+000     0.000000000000E+000     0.000000000000E+000
     0.656476196562E+003     0.126972820668E-023     0.000000000000E+000     0.000000000000E+000     0.000000000000E+000
     0.657476196562E+003     0.117996946108E-023     0.000000000000E+000     0.000000000000E+000     0.000000000000E+000
     0.658476196562E+003     0.109651564534E-023     0.000000000000E+000     0.000000000000E+000     0.000000000000E+000
     0.659476196562E+003     0.101892487485E-023     0.000000000000E+000     0.000000000000E+000     0.000000000000E+000
     0.660476196562E+003     0.946786210072E-024     0.000000000000E+000     0.000000000000E+000     0.000000000000E+000
     0.661476196562E+003     0.879717490014E-024     0.000000000000E+000     0.000000000000E+000     0.000000000000E+000
     0.662476196562E+003     0.817363317489E-024     0.000000000000E+000     0.000000000000E+000     0.000000000000E+000
     0.663476196562E+003     0.759393185332E-024     0.000000000000E+000     0.000000000000E+000     0.000000000000E+000
     0.664476196562E+003     0.705499733823E-024     0.000000000000E+000     0.000000000000E+000     0.000000000000E+000
     0.665476196562E+003     0.655397130079E-024     0.000000000000E+000     0.000000000000E+000     0.000000000000E+000
     0.666476196562E+003     0.608819560911E-024     0.000000000000E+000     0.000000000000E+000     0.000000000000E+000
     0.667476196562E+003     0.565519831169E-024     0.000000000000E+000     0.000000000000E+000     0.000000000000E+000
     0.668476196562E+003     0.525268060223E-024     0.000000000000E+000     0.000000000000E+000     0.000000000000E+000
     0.669476196562E+003     0.487850469688E-024     0.000000000000E+000     0.000000000000E+000     0.000000000000E+000
     0.670476196562E+003     0.453068256012E-024     0.000000000000E+000     0.000000000000E+000     0.000000000000E+000
     0.671476196562E+003     0.420736541996E-024     0.000000000000E+000     0.000000000000E+000     0.000000000000E+000
     0.672476196562E+003     0.390683401707E-024     0.000000000000E+000     0.000000000000E+000     0.000000000000E+000
     0.673476196562E+003     0.362748953652E-024     0.000000000000E+000     0.000000000000E+000     0.000000000000E+000
     0.674476196562E+003     0.336784517438E-024     0.000000000000E+000     0.000000000000E+000     0.000000000000E+000
     0.675476196562E+003     0.312651829468E-024     0.000000000000E+000     0.000000000000E+000     0.000000000000E+000
     0.676476196562E+003     0.290222313549E-024     0.000000000000E+000     0.000000000000E+000     0.000000000000E+000
     0.677476196562E+003     0.269376402550E-024     0.000000000000E+000     0.000000000000E+000     0.000000000000E+000
     0.678476196562E+003     0.250002907566E-024     0.000000000000E+000     0.000000000000E+000     0.000000000000E+000
     0.679476196562E+003     0.231998431229E-024     0.000000000000E+000     0.000000000000E+000     0.000000000000E+000
     0.680476196562E+003     0.215266822103E-024     0.000000000000E+000     0.000000000000E+000     0.000000000000E+000
     0.681476196562E+003     0.199718667270E-024     0.000000000000E+000     0.000000000000E+000     0.000000000000E+000
     0.682476196562E+003     0.185270820441E-024     0.000000000000E+000     0.000000000000E+000     0.000000000000E+000
     0.683476196562E+003     0.171845963108E-024     0.000000000000E+000     0.000000000000E+000     0.000000000000E+000
     0.684476196562E+003     0.159372196408E-024     0.000000000000E+000     0.000000000000E+000     0.000000000000E+000
     0.685476196562E+003     0.147782661577E-024     0.000000000000E+000     0.000000000000E+000     0.000000000000E+000
     0.686476196562E+003     0.137015186961E-024     0.000000000000E+000     0.000000000000E+000     0.000000000000E+000
     0.687476196562E+003     0.127011959753E-024     0.000000000000E+000     0.000000000000E+000     0.000000000000E+000
     0.688476196562E+003     0.117719220702E-024     0.000000000000E+000     0.000000000000E+000     0.000000000000E+000
     0.689476196562E+003     0.109086980202E-024     0.000000000000E+000     0.000000000000E+000     0.000000000000E+000
     0.690476196562E+003     0.101068754260E-024     0.000000000000E+000     0.000000000000E+000     0.000000000000E+000
     0.691476196562E+003     0.936213189431E-025     0.000000000000E+000     0.000000000000E+000     0.000000000000E+000
     0.692476196562E+003     0.867044820275E-025     0.000000000000E+000     0.000000000000E+000     0.000000000000E+000
     0.693476196562E+003     0.802808706265E-025     0.000000000000E+000     0.000000000000E+000     0.000000000000E+000
     0.694476196562E+003     0.743157336941E-025     0.000000000000E+000     0.000000000000E+000     0.000000000000E+000
     0.695476196562E+003     0.687767583544E-025     0.000000000000E+000     0.000000000000E+000     0.000000000000E+000
     0.696476196562E+003     0.636338990918E-025     0.000000000000E+000     0.000000000000E+000     0.000000000000E+000
     0.697476196562E+003     0.588592189012E-025     0.000000000000E+000     0.000000000000E+000     0.000000000000E+000
     0.698476196562E+003     0.544267415607E-025     0.000000000000E+000     0.000000000000E+000     0.000000000000E+000
     0.699476196562E+003     0.503123142492E-025     0.000000000000E+000     0.000000000000E+000     0.000000000000E+000
     0.700476196562E+003     0.464934797823E-025     0.000000000000E+000     0.000000000000E+000     0.000000000000E+000
     0.701476196562E+003     0.429493577964E-025     0.000000000000E+000     0.000000000000E+000     0.000000000000E+000
     0.702476196562E+003     0.396605342520E-025     0.000000000000E+000     0.000000000000E+000     0.000000000000E+000
     0.703476196562E+003     0.366089586743E-025     0.000000000000E+000     0.000000000000E+000     0.000000000000E+000
     0.704476196562E+003     0.337778485908E-025     0.000000000000E+000     0.000000000000E+000     0.000000000000E+000
     0.705476196562E+003     0.311516006603E-025     0.000000000000E+000     0.000000000000E+000     0.000000000000E+000
     0.706476196562E+003     0.287157080255E-025     0.000000000000E+000     0.000000000000E+000     0.000000000000E+000
     0.707476196562E+003     0.264566834543E-025     0.000000000000E+000     0.000000000000E+000     0.000000000000E+000
     0.708476196562E+003     0.243619878628E-025     0.000000000000E+000     0.000000000000E+000     0.000000000000E+000
     0.709476196562E+003     0.224199638449E-025     0.000000000000E+000     0.000000000000E+000     0.000000000000E+000
     0.710476196562E+003     0.206197738571E-025     0.000000000000E+000     0.000000000000E+000     0.000000000000E+000
     0.711476196562E+003     0.189513427324E-025     0.000000000000E+000     0.000000000000E+000     0.000000000000E+000
     0.712476196562E+003     0.174053042215E-025     0.000000000000E+000     0.000000000000E+000     0.000000000000E+000
     0.713476196562E+003     0.159729512770E-025     0.000000000000E+000     0.000000000000E+000     0.000000000000E+000
     0.714476196562E+003     0.146461898216E-025     0.000000000000E+000     0.000000000000E+000     0.000000000000E+000
     0.715476196562E+003     0.134174957530E-025     0.000000000000E+000     0.000000000000E+000     0.000000000000E+000
     0.716476196562E+003     0.122798749619E-025     0.000000000000E+000     0.000000000000E+000     0.000000000000E+000
     0.717476196562E+003     0.112268261501E-025     0.000000000000E+000     0.000000000000E+000     0.000000000000E+000
     0.718476196562E+003     0.102523062538E-025     0.000000000000E+000     0.000000000000E+000     0.000000000000E+000
     0.719476196562E+003     0.935069828881E-026     0.000000000000E+000     0.000000000000E+000     0.000000000000E+000
     0.720476196562E+003     0.851678144880E-026     0.000000000000E+000     0.000000000000E+000     0.000000000000E+000
     0.721476196562E+003     0.774570329854E-026     0.000000000000E+000     0.000000000000E+000     0.000000000000E+000
     0.722476196562E+003     0.703295391537E-026     0.000000000000E+000     0.000000000000E+000     0.000000000000E+000
     0.723476196562E+003     0.637434184259E-026     0.000000000000E+000     0.000000000000E+000     0.000000000000E+000
     0.724476196562E+003     0.576597172787E-026     0.000000000000E+000     0.000000000000E+000     0.000000000000E+000
     0.725476196562E+003     0.520422352866E-026     0.000000000000E+000     0.000000000000E+000     0.000000000000E+000
     0.726476196562E+003     0.468573317494E-026     0.000000000000E+000     0.000000000000E+000     0.000000000000E+000
     0.727476196562E+003     0.420737458711E-026     0.000000000000E+000     0.000000000000E+000     0.000000000000E+000
     0.728476196562E+003     0.376624295432E-026     0.000000000000E+000     0.000000000000E+000     0.000000000000E+000
     0.729476196562E+003     0.335963918476E-026     0.000000000000E+000     0.000000000000E+000     0.000000000000E+000
     0.730476196562E+003     0.298505544601E-026     0.000000000000E+000     0.000000000000E+000     0.000000000000E+000
     0.731476196562E+003     0.264016171903E-026     0.000000000000E+000     0.000000000000E+000     0.000000000000E+000
     0.732476196562E+003     0.232279329476E-026     0.000000000000E+000     0.000000000000E+000     0.000000000000E+000
     0.733476196562E+003     0.203093914743E-026     0.000000000000E+000     0.000000000000E+000     0.000000000000E+000
     0.734476196562E+003     0.176273112304E-026     0.000000000000E+000     0.000000000000E+000     0.000000000000E+000
     0.735476196562E+003     0.151643388599E-026     0.000000000000E+000     0.000000000000E+000     0.000000000000E+000
     0.736476196562E+003     0.129043557082E-026     0.000000000000E+000     0.000000000000E+000     0.000000000000E+000
     0.737476196562E+003     0.108323908949E-026     0.000000000000E+000     0.000000000000E+000     0.000000000000E+000
     0.738476196562E+003     0.893454048440E-027     0.000000000000E+000     0.000000000000E+000     0.000000000000E+000
     0.739476196562E+003     0.719789232680E-027     0.000000000000E+000     0.000000000000E+000     0.000000000000E+000
     0.740476196562E+003     0.561045617137E-027     0.000000000000E+000     0.000000000000E+000     0.000000000000E+000
     0.741476196562E+003     0.416109868370E-027     0.000000000000E+000     0.000000000000E+000     0.000000000000E+000
     0.742476196562E+003     0.283948302281E-027     0.000000000000E+000     0.000000000000E+000     0.000000000000E+000
     0.743476196562E+003     0.163601265885E-027     0.000000000000E+000     0.000000000000E+000     0.000000000000E+000
     0.744476196562E+003     0.541779134091E-028     0.000000000000E+000     0.000000000000E+000     0.000000000000E+000
     0.745476196562E+003    -0.451486508835E-028     0.000000000000E+000     0.000000000000E+000     0.000000000000E+000
     0.746476196562E+003    -0.135145888865E-027     0.000000000000E+000     0.000000000000E+000     0.000000000000E+000
     0.747476196562E+003    -0.216526027588E-027     0.000000000000E+000     0.000000000000E+000     0.000000000000E+000
     0.748476196562E+003    -0.289949963436E-027     0.000000000000E+000     0.000000000000E+000     0.000000000000E+000
     0.749476196562E+003    -0.356030892047E-027     0.000000000000E+000     0.000000000000E+000     0.000000000000E+000
     0.750476196562E+003    -0.415337683219E-027     0.000000000000E+000     0.000000000000E+000     0.000000000000E+000
     0.751476196562E+003    -0.468398018687E-027     0.000000000000E+000     0.000000000000E+000     0.000000000000E+000
     0.752476196562E+003    -0.515701309375E-027     0.000000000000E+000     0.000000000000E+000     0.000000000000E+000
     0.753476196562E+003    -0.557701407602E-027     0.000000000000E+000     0.000000000000E+000     0.000000000000E+000
