 #              _____________________  _______________________             #
 #              ___  __ \__  __ \_  / / /_  /___  ____/_  ___/             #
 #              __  / / /_  /_/ /  / / /_  __/_  __/  _____ \              #
 #              _  /_/ /_  _, _// /_/ / / /_ _  /___  ____/ /              #
 #              /_____/ /_/ |_| \____/  \__/ /_____/  /____/               #
 #                                                                         #
  
 #        time                      c  [M/L^3]                   concetration [M/L^3]       concentration flux [M.L^{-2}.T^{-1}]   in    x              directions   cumulative flux
 #-----------------------------------------------------------------------------------------------

     0.000000000000E+000     0.000000000000E+000     0.000000000000E+000     0.000000000000E+000     0.000000000000E+000
     0.100000000000E+000     0.447986040889E-005     0.255352043307E-005     0.129915951858E-007     0.129915951858E-008
     0.206000000000E+000     0.919092600716E-005     0.523882782408E-005     0.266536854208E-007     0.412445017318E-008
     0.318360000000E+000     0.141427775859E-004     0.806138322396E-005     0.410140549991E-007     0.873278939288E-008
     0.437461600000E+000     0.193451042548E-004     0.110267094252E-004     0.561008023390E-007     0.154144847127E-007
     0.563709296000E+000     0.248076635458E-004     0.141403682211E-004     0.719422242829E-007     0.244970247736E-007
     0.697531853760E+000     0.305402353084E-004     0.174079341258E-004     0.885666823943E-007     0.363492447439E-007
     0.839383764986E+000     0.365525688635E-004     0.208349642522E-004     0.106002449704E-006     0.513858948290E-007
     0.989746790885E+000     0.428543228771E-004     0.244269640399E-004     0.124277536344E-006     0.700726412449E-007
     0.114913159834E+001     0.494549974156E-004     0.281893485269E-004     0.143419492505E-006     0.929315294429E-007
     0.131807949424E+001     0.563638576626E-004     0.321273988677E-004     0.163455187222E-006     0.120546939398E-006
     0.149716426389E+001     0.635898487976E-004     0.362462138146E-004     0.184410561513E-006     0.153572062328E-006
     0.168699411973E+001     0.711415015851E-004     0.405506559035E-004     0.206310354597E-006     0.192735927198E-006
     0.188821376691E+001     0.790268282800E-004     0.450452921196E-004     0.229177802012E-006     0.238851003662E-006
     0.210150659292E+001     0.872532085384E-004     0.497343288669E-004     0.253034304761E-006     0.292821405603E-006
     0.232759698850E+001     0.958272651323E-004     0.546215411254E-004     0.277899068884E-006     0.355651716017E-006
     0.256725280781E+001     0.104754729401E-003     0.597101957588E-004     0.303788715264E-006     0.428456449470E-006
     0.282128797628E+001     0.114040296546E-003     0.650029690311E-004     0.330716859983E-006     0.512470162712E-006
     0.309056525485E+001     0.123687471066E-003     0.705018585077E-004     0.358693666092E-006     0.609058216959E-006
     0.337599917015E+001     0.133698402906E-003     0.762080896563E-004     0.387725368427E-006     0.719728186927E-006
     0.367855912035E+001     0.144073715131E-003     0.821220176249E-004     0.417813773881E-006     0.846141901549E-006
     0.399927266758E+001     0.154812324325E-003     0.882430248655E-004     0.448955740544E-006     0.990128089644E-006
     0.433922902763E+001     0.165911255238E-003     0.945694154854E-004     0.481142640189E-006     0.115369559027E-005
     0.469958276929E+001     0.177365451671E-003     0.101098307453E-003     0.514359809846E-006     0.133904707231E-005
     0.508155773545E+001     0.189167586049E-003     0.107825524048E-003     0.548585999541E-006     0.154859319092E-005
     0.548645119957E+001     0.201307870614E-003     0.114745486250E-003     0.583792824780E-006     0.178496709007E-005
     0.591563827155E+001     0.213773873778E-003     0.121851108053E-003     0.619944233955E-006     0.205103914063E-005
     0.637057656784E+001     0.226550345689E-003     0.129133697043E-003     0.656996002498E-006     0.234993178268E-005
     0.685281116191E+001     0.239619057700E-003     0.136582862889E-003     0.694895267331E-006     0.268503431984E-005
     0.736397983162E+001     0.252958660981E-003     0.144186436759E-003     0.733580116846E-006     0.306001749230E-005
     0.790581862152E+001     0.266544570099E-003     0.151930404957E-003     0.772979253288E-006     0.347884763552E-005
     0.848016773881E+001     0.280348877877E-003     0.159798860390E-003     0.813011745842E-006     0.394580021409E-005
     0.908897780314E+001     0.294340308273E-003     0.167773975715E-003     0.853586893991E-006     0.446547250593E-005
     0.973431647133E+001     0.308484214314E-003     0.175836002159E-003     0.894604221510E-006     0.504279520279E-005
     0.104183754596E+002     0.322742628232E-003     0.183963298092E-003     0.935953621872E-006     0.568304269045E-005
     0.111434779872E+002     0.337074370886E-003     0.192132391405E-003     0.977515675570E-006     0.639184177755E-005
     0.119120866664E+002     0.351435227180E-003     0.200318079493E-003     0.101916215882E-005     0.717517865837E-005
     0.127268118664E+002     0.365778193526E-003     0.208493570310E-003     0.106075676123E-005     0.803940392279E-005
     0.135904205784E+002     0.380053802384E-003     0.216630667359E-003     0.110215602691E-005     0.899123546960E-005
     0.145058458131E+002     0.394210527452E-003     0.224700000648E-003     0.114321052961E-005     0.100377592370E-004
     0.154761965619E+002     0.408195271248E-003     0.232671304612E-003     0.118376628662E-005     0.111864277396E-004
     0.164761965619E+002     0.421598497403E-003     0.240311143520E-003     0.122263564247E-005     0.124090633821E-004
     0.174761965619E+002     0.434063515751E-003     0.247416203978E-003     0.125878419568E-005     0.136678475777E-004
     0.184761965619E+002     0.445655999575E-003     0.254023919758E-003     0.129240239877E-005     0.149602499765E-004
     0.194761965619E+002     0.456437025120E-003     0.260169104319E-003     0.132366737285E-005     0.162839173494E-004
     0.204761965619E+002     0.466463393375E-003     0.265884134223E-003     0.135274384079E-005     0.176366611901E-004
     0.214761965619E+002     0.475787929333E-003     0.271199119720E-003     0.137978499507E-005     0.190164461852E-004
     0.224761965619E+002     0.484459760313E-003     0.276142063379E-003     0.140493330491E-005     0.204213794901E-004
     0.234761965619E+002     0.492524574786E-003     0.280739007628E-003     0.142832126688E-005     0.218497007570E-004
     0.244761965619E+002     0.500024863090E-003     0.285014171961E-003     0.145007210296E-005     0.232997728600E-004
     0.254761965619E+002     0.507000141298E-003     0.288990080540E-003     0.147030040976E-005     0.247700732697E-004
     0.264761965619E+002     0.513487159411E-003     0.292687680864E-003     0.148911276229E-005     0.262591860320E-004
     0.274761965619E+002     0.519520094979E-003     0.296126454138E-003     0.150660827544E-005     0.277657943075E-004
     0.284761965619E+002     0.525130733170E-003     0.299324517907E-003     0.152287912619E-005     0.292886734336E-004
     0.294761965619E+002     0.530348634232E-003     0.302298721513E-003     0.153801103927E-005     0.308266844729E-004
     0.304761965619E+002     0.535201289237E-003     0.305064734865E-003     0.155208373879E-005     0.323787682117E-004
     0.314761965619E+002     0.539714264916E-003     0.307637131002E-003     0.156517136826E-005     0.339439395800E-004
     0.324761965619E+002     0.543911338366E-003     0.310029462869E-003     0.157734288126E-005     0.355212824612E-004
     0.334761965619E+002     0.547814622319E-003     0.312254334722E-003     0.158866240472E-005     0.371099448659E-004
     0.344761965619E+002     0.551444681643E-003     0.314323468537E-003     0.159918957677E-005     0.387091344427E-004
     0.354761965619E+002     0.554820641696E-003     0.316247765767E-003     0.160897986092E-005     0.403181143036E-004
     0.364761965619E+002     0.557960289085E-003     0.318037364779E-003     0.161808483835E-005     0.419361991420E-004
     0.374761965619E+002     0.560880165379E-003     0.319701694266E-003     0.162655247960E-005     0.435627516216E-004
     0.384761965619E+002     0.563595654258E-003     0.321249522927E-003     0.163442739735E-005     0.451971790189E-004
     0.394761965619E+002     0.566121062567E-003     0.322689005663E-003     0.164175108145E-005     0.468389301004E-004
     0.404761965619E+002     0.568469695691E-003     0.324027726544E-003     0.164856211750E-005     0.484874922179E-004
     0.414761965619E+002     0.570653927654E-003     0.325272738763E-003     0.165489639020E-005     0.501423886081E-004
     0.424761965619E+002     0.572685266317E-003     0.326430601800E-003     0.166078727232E-005     0.518031758804E-004
     0.434761965619E+002     0.574574414005E-003     0.327507415983E-003     0.166626580061E-005     0.534694416810E-004
     0.444761965619E+002     0.576331323895E-003     0.328508854620E-003     0.167136083929E-005     0.551408025203E-004
     0.454761965619E+002     0.577965252455E-003     0.329440193899E-003     0.167609923212E-005     0.568169017524E-004
     0.464761965619E+002     0.579484808213E-003     0.330306340681E-003     0.168050594382E-005     0.584974076962E-004
     0.474761965619E+002     0.580897997111E-003     0.331111858353E-003     0.168460419162E-005     0.601820118879E-004
     0.484761965619E+002     0.582212264687E-003     0.331860990872E-003     0.168841556759E-005     0.618704274554E-004
     0.494761965619E+002     0.583434535300E-003     0.332557685121E-003     0.169196015237E-005     0.635623876078E-004
     0.504761965619E+002     0.584571248613E-003     0.333205611710E-003     0.169525662098E-005     0.652576442288E-004
     0.514761965619E+002     0.585628393523E-003     0.333808184308E-003     0.169832234122E-005     0.669559665700E-004
     0.524761965619E+002     0.586611539711E-003     0.334368577635E-003     0.170117346516E-005     0.686571400352E-004
     0.534761965619E+002     0.587525866988E-003     0.334889744183E-003     0.170382501426E-005     0.703609650494E-004
     0.544761965619E+002     0.588376192585E-003     0.335374429773E-003     0.170629095850E-005     0.720672560079E-004
     0.554761965619E+002     0.589166996533E-003     0.335825188024E-003     0.170858428995E-005     0.737758402979E-004
     0.564761965619E+002     0.589902445269E-003     0.336244393803E-003     0.171071709128E-005     0.754865573892E-004
     0.574761965619E+002     0.590586413582E-003     0.336634255742E-003     0.171270059939E-005     0.771992579885E-004
     0.584761965619E+002     0.591222505032E-003     0.336996827868E-003     0.171454526459E-005     0.789138032531E-004
     0.594761965619E+002     0.591814070937E-003     0.337334020434E-003     0.171626080572E-005     0.806300640589E-004
     0.604761965619E+002     0.592364228024E-003     0.337647609973E-003     0.171785626127E-005     0.823479203201E-004
     0.614761965619E+002     0.592875874854E-003     0.337939248667E-003     0.171934003708E-005     0.840672603572E-004
     0.624761965619E+002     0.593351707094E-003     0.338210473044E-003     0.172071995057E-005     0.857879803078E-004
     0.634761965619E+002     0.593794231718E-003     0.338462712079E-003     0.172200327198E-005     0.875099835798E-004
     0.644761965619E+002     0.594205780212E-003     0.338697294721E-003     0.172319676262E-005     0.892331803424E-004
     0.654761965619E+002     0.594588520866E-003     0.338915456894E-003     0.172430671051E-005     0.909574870529E-004
     0.664761965619E+002     0.594944470188E-003     0.339118348007E-003     0.172533896355E-005     0.926828260164E-004
     0.674761965619E+002     0.595275503537E-003     0.339307037016E-003     0.172629896026E-005     0.944091249767E-004
     0.684761965619E+002     0.595583364996E-003     0.339482518048E-003     0.172719175849E-005     0.961363167352E-004
     0.694761965619E+002     0.595869676567E-003     0.339645715643E-003     0.172802206205E-005     0.978643387972E-004
     0.704761965619E+002     0.596135946713E-003     0.339797489627E-003     0.172879424547E-005     0.995931330427E-004
     0.714761965619E+002     0.596383578307E-003     0.339938639635E-003     0.172951237709E-005     0.101322645420E-003
     0.724761965619E+002     0.596613876023E-003     0.340069909333E-003     0.173018024047E-005     0.103052825660E-003
     0.734761965619E+002     0.596828053208E-003     0.340191990328E-003     0.173080135430E-005     0.104783627015E-003
     0.744761965619E+002     0.597027238278E-003     0.340305525818E-003     0.173137899100E-005     0.106515006006E-003
     0.754761965619E+002     0.597212480661E-003     0.340411113976E-003     0.173191619392E-005     0.108246922199E-003
     0.764761965619E+002     0.597384756326E-003     0.340509311106E-003     0.173241579334E-005     0.109979337993E-003
     0.774761965619E+002     0.597544972926E-003     0.340600634568E-003     0.173288042149E-005     0.111712218414E-003
     0.784761965619E+002     0.597693974580E-003     0.340685565510E-003     0.173331252628E-005     0.113445530941E-003
     0.794761965619E+002     0.597832546318E-003     0.340764551401E-003     0.173371438432E-005     0.115179245325E-003
     0.804761965619E+002     0.597961418221E-003     0.340838008386E-003     0.173408811284E-005     0.116913333438E-003
     0.814761965619E+002     0.598081269264E-003     0.340906323481E-003     0.173443568087E-005     0.118647769119E-003
     0.824761965619E+002     0.598192730895E-003     0.340969856610E-003     0.173475891960E-005     0.120382528038E-003
     0.834761965619E+002     0.598296390362E-003     0.341028942507E-003     0.173505953205E-005     0.122117587570E-003
     0.844761965619E+002     0.598392793806E-003     0.341083892469E-003     0.173533910204E-005     0.123852926672E-003
     0.854761965619E+002     0.598482449138E-003     0.341134996009E-003     0.173559910250E-005     0.125588525775E-003
     0.864761965619E+002     0.598565828718E-003     0.341182522369E-003     0.173584090328E-005     0.127324366678E-003
     0.874761965619E+002     0.598643371839E-003     0.341226721948E-003     0.173606577833E-005     0.129060432456E-003
     0.884761965619E+002     0.598715487046E-003     0.341267827616E-003     0.173627491243E-005     0.130796707369E-003
     0.894761965619E+002     0.598782554285E-003     0.341306055942E-003     0.173646940743E-005     0.132533176776E-003
     0.904761965619E+002     0.598844926908E-003     0.341341608337E-003     0.173665028803E-005     0.134269827064E-003
     0.914761965619E+002     0.598902933531E-003     0.341374672113E-003     0.173681850724E-005     0.136006645572E-003
     0.924761965619E+002     0.598956879768E-003     0.341405421468E-003     0.173697495133E-005     0.137743620523E-003
     0.934761965619E+002     0.599007049842E-003     0.341434018410E-003     0.173712044454E-005     0.139480740967E-003
     0.944761965619E+002     0.599053708077E-003     0.341460613604E-003     0.173725575342E-005     0.141217996721E-003
     0.954761965619E+002     0.599097100299E-003     0.341485347171E-003     0.173738159087E-005     0.142955378312E-003
     0.964761965619E+002     0.599137455124E-003     0.341508349421E-003     0.173749861986E-005     0.144692876932E-003
     0.974761965619E+002     0.599174985165E-003     0.341529741544E-003     0.173760745698E-005     0.146430484389E-003
     0.984761965619E+002     0.599209888154E-003     0.341549636248E-003     0.173770867565E-005     0.148168193064E-003
     0.994761965619E+002     0.599242347981E-003     0.341568138349E-003     0.173780280914E-005     0.149905995873E-003
     0.100476196562E+003     0.599272535663E-003     0.341585345328E-003     0.173789035342E-005     0.151643886227E-003
     0.101476196562E+003     0.599300610248E-003     0.341601347841E-003     0.173797176972E-005     0.153381857996E-003
     0.102476196562E+003     0.599326719650E-003     0.341616230201E-003     0.173804748699E-005     0.155119905483E-003
     0.103476196562E+003     0.599351001429E-003     0.341630070815E-003     0.173811790414E-005     0.156858023388E-003
     0.104476196562E+003     0.599373583516E-003     0.341642942604E-003     0.173818339220E-005     0.158596206780E-003
     0.105476196562E+003     0.599394584887E-003     0.341654913386E-003     0.173824429617E-005     0.160334451076E-003
     0.106476196562E+003     0.599414116191E-003     0.341666046229E-003     0.173830093695E-005     0.162072752013E-003
     0.107476196562E+003     0.599432280330E-003     0.341676399788E-003     0.173835361296E-005     0.163811105626E-003
     0.108476196562E+003     0.599449173003E-003     0.341686028612E-003     0.173840260171E-005     0.165549508228E-003
     0.109476196562E+003     0.599464883212E-003     0.341694983431E-003     0.173844816131E-005     0.167287956389E-003
     0.110476196562E+003     0.599479493727E-003     0.341703311425E-003     0.173849053181E-005     0.169026446921E-003
     0.111476196562E+003     0.599493081526E-003     0.341711056470E-003     0.173852993643E-005     0.170764976857E-003
     0.112476196562E+003     0.599505718198E-003     0.341718259373E-003     0.173856658277E-005     0.172503543440E-003
     0.113476196562E+003     0.599517470319E-003     0.341724958082E-003     0.173860066392E-005     0.174242144104E-003
     0.114476196562E+003     0.599528399808E-003     0.341731187890E-003     0.173863235944E-005     0.175980776463E-003
     0.115476196562E+003     0.599538564247E-003     0.341736981621E-003     0.173866183632E-005     0.177719438300E-003
     0.116476196562E+003     0.599548017189E-003     0.341742369798E-003     0.173868924985E-005     0.179458127549E-003
     0.117476196562E+003     0.599556808438E-003     0.341747380809E-003     0.173871474447E-005     0.181196842294E-003
     0.118476196562E+003     0.599564984311E-003     0.341752041057E-003     0.173873845450E-005     0.182935580748E-003
     0.119476196562E+003     0.599572587884E-003     0.341756375094E-003     0.173876050486E-005     0.184674341253E-003
     0.120476196562E+003     0.599579659217E-003     0.341760405754E-003     0.173878101173E-005     0.186413122265E-003
     0.121476196562E+003     0.599586235566E-003     0.341764154273E-003     0.173880008314E-005     0.188151922348E-003
     0.122476196562E+003     0.599592351580E-003     0.341767640401E-003     0.173881781958E-005     0.189890740168E-003
     0.123476196562E+003     0.599598039481E-003     0.341770882504E-003     0.173883431450E-005     0.191629574482E-003
     0.124476196562E+003     0.599603329237E-003     0.341773897665E-003     0.173884965479E-005     0.193368424137E-003
     0.125476196562E+003     0.599608248717E-003     0.341776701769E-003     0.173886392128E-005     0.195107288058E-003
     0.126476196562E+003     0.599612823840E-003     0.341779309589E-003     0.173887718913E-005     0.196846165247E-003
     0.127476196562E+003     0.599617078710E-003     0.341781734865E-003     0.173888952826E-005     0.198585054776E-003
     0.128476196562E+003     0.599621035745E-003     0.341783990375E-003     0.173890100366E-005     0.200323955779E-003
     0.129476196562E+003     0.599624715793E-003     0.341786088002E-003     0.173891167580E-005     0.202062867455E-003
     0.130476196562E+003     0.599628138243E-003     0.341788038798E-003     0.173892160090E-005     0.203801789056E-003
     0.131476196562E+003     0.599631321126E-003     0.341789853042E-003     0.173893083126E-005     0.205540719887E-003
     0.132476196562E+003     0.599634281211E-003     0.341791540290E-003     0.173893941551E-005     0.207279659303E-003
     0.133476196562E+003     0.599637034094E-003     0.341793109434E-003     0.173894739887E-005     0.209018606702E-003
     0.134476196562E+003     0.599639594279E-003     0.341794568739E-003     0.173895482341E-005     0.210757561525E-003
     0.135476196562E+003     0.599641975255E-003     0.341795925895E-003     0.173896172824E-005     0.212496523253E-003
     0.136476196562E+003     0.599644189565E-003     0.341797188052E-003     0.173896814974E-005     0.214235491403E-003
     0.137476196562E+003     0.599646248877E-003     0.341798361860E-003     0.173897412174E-005     0.215974465525E-003
     0.138476196562E+003     0.599648164040E-003     0.341799453503E-003     0.173897967572E-005     0.217713445201E-003
     0.139476196562E+003     0.599649945144E-003     0.341800468732E-003     0.173898484092E-005     0.219452430041E-003
     0.140476196562E+003     0.599651601573E-003     0.341801412897E-003     0.173898964456E-005     0.221191419686E-003
     0.141476196562E+003     0.599653142054E-003     0.341802290971E-003     0.173899411196E-005     0.222930413798E-003
     0.142476196562E+003     0.599654574704E-003     0.341803107581E-003     0.173899826664E-005     0.224669412065E-003
     0.143476196562E+003     0.599655907070E-003     0.341803867030E-003     0.173900213050E-005     0.226408414195E-003
     0.144476196562E+003     0.599657146172E-003     0.341804573318E-003     0.173900572390E-005     0.228147419919E-003
     0.145476196562E+003     0.599658298539E-003     0.341805230167E-003     0.173900906576E-005     0.229886428985E-003
     0.146476196562E+003     0.599659370241E-003     0.341805841038E-003     0.173901217370E-005     0.231625441158E-003
     0.147476196562E+003     0.599660366926E-003     0.341806409148E-003     0.173901506409E-005     0.233364456223E-003
     0.148476196562E+003     0.599661293844E-003     0.341806937491E-003     0.173901775215E-005     0.235103473975E-003
     0.149476196562E+003     0.599662155880E-003     0.341807428851E-003     0.173902025205E-005     0.236842494227E-003
     0.150476196562E+003     0.599662957574E-003     0.341807885817E-003     0.173902257696E-005     0.238581516804E-003
     0.151476196562E+003     0.599663703150E-003     0.341808310796E-003     0.173902473914E-005     0.240320541543E-003
     0.152476196562E+003     0.599664396537E-003     0.341808706026E-003     0.173902674996E-005     0.242059568293E-003
     0.153476196562E+003     0.599665041388E-003     0.341809073591E-003     0.173902862003E-005     0.243798596913E-003
     0.154476196562E+003     0.599665641100E-003     0.341809415427E-003     0.173903035919E-005     0.245537627272E-003
     0.155476196562E+003     0.599666198833E-003     0.341809733335E-003     0.173903197662E-005     0.247276659249E-003
     0.156476196562E+003     0.599666717526E-003     0.341810028990E-003     0.173903348083E-005     0.249015692729E-003
     0.157476196562E+003     0.599667199911E-003     0.341810303949E-003     0.173903487974E-005     0.250754727609E-003
     0.158476196562E+003     0.599667648529E-003     0.341810559662E-003     0.173903618074E-005     0.252493763790E-003
     0.159476196562E+003     0.599668065745E-003     0.341810797475E-003     0.173903739066E-005     0.254232801181E-003
     0.160476196562E+003     0.599668453757E-003     0.341811018641E-003     0.173903851589E-005     0.255971839697E-003
     0.161476196562E+003     0.599668814608E-003     0.341811224326E-003     0.173903956236E-005     0.257710879259E-003
     0.162476196562E+003     0.599669150200E-003     0.341811415614E-003     0.173904053558E-005     0.259449919794E-003
     0.163476196562E+003     0.599669462300E-003     0.341811593511E-003     0.173904144067E-005     0.261188961235E-003
     0.164476196562E+003     0.599669752555E-003     0.341811758956E-003     0.173904228241E-005     0.262928003518E-003
     0.165476196562E+003     0.599670022492E-003     0.341811912820E-003     0.173904306523E-005     0.264667046583E-003
     0.166476196562E+003     0.599670273533E-003     0.341812055914E-003     0.173904379325E-005     0.266406090376E-003
     0.167476196562E+003     0.599670507002E-003     0.341812188991E-003     0.173904447031E-005     0.268145134846E-003
     0.168476196562E+003     0.599670724129E-003     0.341812312754E-003     0.173904509997E-005     0.269884179946E-003
     0.169476196562E+003     0.599670926057E-003     0.341812427852E-003     0.173904568557E-005     0.271623225632E-003
     0.170476196562E+003     0.599671113850E-003     0.341812534895E-003     0.173904623017E-005     0.273362271862E-003
     0.171476196562E+003     0.599671288498E-003     0.341812634444E-003     0.173904673665E-005     0.275101318599E-003
     0.172476196562E+003     0.599671450921E-003     0.341812727025E-003     0.173904720767E-005     0.276840365806E-003
     0.173476196562E+003     0.599671601975E-003     0.341812813126E-003     0.173904764573E-005     0.278579413452E-003
     0.174476196562E+003     0.599671742455E-003     0.341812893199E-003     0.173904805312E-005     0.280318461505E-003
     0.175476196562E+003     0.599671873101E-003     0.341812967668E-003     0.173904843199E-005     0.282057509937E-003
     0.176476196562E+003     0.599671994603E-003     0.341813036924E-003     0.173904878435E-005     0.283796558722E-003
     0.177476196562E+003     0.599672107599E-003     0.341813101332E-003     0.173904911204E-005     0.285535607834E-003
     0.178476196562E+003     0.599672212686E-003     0.341813161231E-003     0.173904941679E-005     0.287274657250E-003
     0.179476196562E+003     0.599672310417E-003     0.341813216938E-003     0.173904970021E-005     0.289013706951E-003
     0.180476196562E+003     0.599672401307E-003     0.341813268745E-003     0.173904996379E-005     0.290752756914E-003
     0.181476196562E+003     0.599672485835E-003     0.341813316926E-003     0.173905020892E-005     0.292491807123E-003
     0.182476196562E+003     0.599672564446E-003     0.341813361734E-003     0.173905043689E-005     0.294230857560E-003
     0.183476196562E+003     0.599672637554E-003     0.341813403406E-003     0.173905064891E-005     0.295969908209E-003
     0.184476196562E+003     0.599672705545E-003     0.341813442161E-003     0.173905084608E-005     0.297708959055E-003
     0.185476196562E+003     0.599672768777E-003     0.341813478203E-003     0.173905102945E-005     0.299448010085E-003
     0.186476196562E+003     0.599672827582E-003     0.341813511722E-003     0.173905119999E-005     0.301187061285E-003
     0.187476196562E+003     0.599672882271E-003     0.341813542895E-003     0.173905135859E-005     0.302926112643E-003
     0.188476196562E+003     0.599672933132E-003     0.341813571885E-003     0.173905150608E-005     0.304665164149E-003
     0.189476196562E+003     0.599672980433E-003     0.341813598847E-003     0.173905164326E-005     0.306404215793E-003
     0.190476196562E+003     0.599673024423E-003     0.341813623921E-003     0.173905177083E-005     0.308143267563E-003
     0.191476196562E+003     0.599673065333E-003     0.341813647240E-003     0.173905188947E-005     0.309882319453E-003
     0.192476196562E+003     0.599673103380E-003     0.341813668927E-003     0.173905199980E-005     0.311621371453E-003
     0.193476196562E+003     0.599673138764E-003     0.341813689095E-003     0.173905210241E-005     0.313360423555E-003
     0.194476196562E+003     0.599673171670E-003     0.341813707852E-003     0.173905219784E-005     0.315099475753E-003
     0.195476196562E+003     0.599673202274E-003     0.341813725296E-003     0.173905228659E-005     0.316838528039E-003
     0.196476196562E+003     0.599673230735E-003     0.341813741519E-003     0.173905236913E-005     0.318577580409E-003
     0.197476196562E+003     0.599673257204E-003     0.341813756606E-003     0.173905244589E-005     0.320316632855E-003
     0.198476196562E+003     0.599673281820E-003     0.341813770638E-003     0.173905251728E-005     0.322055685372E-003
     0.199476196562E+003     0.599673304713E-003     0.341813783687E-003     0.173905258367E-005     0.323794737955E-003
     0.200476196562E+003     0.599673326004E-003     0.341813795822E-003     0.173905264541E-005     0.325533790601E-003
     0.201476196562E+003     0.599673345804E-003     0.341813807108E-003     0.173905270283E-005     0.327272843304E-003
     0.202476196562E+003     0.599673364218E-003     0.341813817604E-003     0.173905275623E-005     0.329011896060E-003
     0.203476196562E+003     0.599673381344E-003     0.341813827366E-003     0.173905280590E-005     0.330750948866E-003
     0.204476196562E+003     0.599673397270E-003     0.341813836444E-003     0.173905285208E-005     0.332490001718E-003
     0.205476196562E+003     0.599673412082E-003     0.341813844887E-003     0.173905289504E-005     0.334229054613E-003
     0.206476196562E+003     0.599673425857E-003     0.341813852738E-003     0.173905293498E-005     0.335968107548E-003
     0.207476196562E+003     0.599673438668E-003     0.341813860040E-003     0.173905297214E-005     0.337707160520E-003
     0.208476196562E+003     0.599673450581E-003     0.341813866831E-003     0.173905300669E-005     0.339446213527E-003
     0.209476196562E+003     0.599673461661E-003     0.341813873147E-003     0.173905303882E-005     0.341185266566E-003
     0.210476196562E+003     0.599673471966E-003     0.341813879021E-003     0.173905306870E-005     0.342924319634E-003
     0.211476196562E+003     0.599673481549E-003     0.341813884483E-003     0.173905309649E-005     0.344663372731E-003
     0.212476196562E+003     0.599673490461E-003     0.341813889563E-003     0.173905312234E-005     0.346402425853E-003
     0.213476196562E+003     0.599673498750E-003     0.341813894287E-003     0.173905314637E-005     0.348141478999E-003
     0.214476196562E+003     0.599673506458E-003     0.341813898681E-003     0.173905316873E-005     0.349880532168E-003
     0.215476196562E+003     0.599673513627E-003     0.341813902767E-003     0.173905318952E-005     0.351619585358E-003
     0.216476196562E+003     0.599673520294E-003     0.341813906567E-003     0.173905320885E-005     0.353358638567E-003
     0.217476196562E+003     0.599673526494E-003     0.341813910102E-003     0.173905322683E-005     0.355097691793E-003
     0.218476196562E+003     0.599673532260E-003     0.341813913388E-003     0.173905324355E-005     0.356836745037E-003
     0.219476196562E+003     0.599673537623E-003     0.341813916445E-003     0.173905325911E-005     0.358575798296E-003
     0.220476196562E+003     0.599673542610E-003     0.341813919288E-003     0.173905327357E-005     0.360314851570E-003
     0.221476196562E+003     0.599673547248E-003     0.341813921931E-003     0.173905328702E-005     0.362053904857E-003
     0.222476196562E+003     0.599673551562E-003     0.341813924390E-003     0.173905329953E-005     0.363792958156E-003
     0.223476196562E+003     0.599673555573E-003     0.341813926677E-003     0.173905331116E-005     0.365532011467E-003
     0.224476196562E+003     0.599673559304E-003     0.341813928803E-003     0.173905332198E-005     0.367271064789E-003
     0.225476196562E+003     0.599673562773E-003     0.341813930781E-003     0.173905333204E-005     0.369010118121E-003
     0.226476196562E+003     0.599673566000E-003     0.341813932620E-003     0.173905334140E-005     0.370749171463E-003
     0.227476196562E+003     0.599673569001E-003     0.341813934331E-003     0.173905335010E-005     0.372488224813E-003
     0.228476196562E+003     0.599673571792E-003     0.341813935921E-003     0.173905335820E-005     0.374227278171E-003
     0.229476196562E+003     0.599673574387E-003     0.341813937401E-003     0.173905336572E-005     0.375966331537E-003
     0.230476196562E+003     0.599673576801E-003     0.341813938777E-003     0.173905337272E-005     0.377705384910E-003
     0.231476196562E+003     0.599673579046E-003     0.341813940056E-003     0.173905337923E-005     0.379444438289E-003
     0.232476196562E+003     0.599673581133E-003     0.341813941246E-003     0.173905338529E-005     0.381183491674E-003
     0.233476196562E+003     0.599673583075E-003     0.341813942353E-003     0.173905339092E-005     0.382922545065E-003
     0.234476196562E+003     0.599673584881E-003     0.341813943382E-003     0.173905339615E-005     0.384661598461E-003
     0.235476196562E+003     0.599673586560E-003     0.341813944339E-003     0.173905340102E-005     0.386400651862E-003
     0.236476196562E+003     0.599673588122E-003     0.341813945229E-003     0.173905340555E-005     0.388139705268E-003
     0.237476196562E+003     0.599673589574E-003     0.341813946057E-003     0.173905340976E-005     0.389878758677E-003
     0.238476196562E+003     0.599673590925E-003     0.341813946827E-003     0.173905341368E-005     0.391617812091E-003
     0.239476196562E+003     0.599673592181E-003     0.341813947543E-003     0.173905341732E-005     0.393356865508E-003
     0.240476196562E+003     0.599673593349E-003     0.341813948209E-003     0.173905342071E-005     0.395095918929E-003
     0.241476196562E+003     0.599673594435E-003     0.341813948828E-003     0.173905342386E-005     0.396834972353E-003
     0.242476196562E+003     0.599673595446E-003     0.341813949404E-003     0.173905342679E-005     0.398574025780E-003
     0.243476196562E+003     0.599673596386E-003     0.341813949940E-003     0.173905342952E-005     0.400313079209E-003
     0.244476196562E+003     0.599673597259E-003     0.341813950438E-003     0.173905343205E-005     0.402052132641E-003
     0.245476196562E+003     0.599673598072E-003     0.341813950901E-003     0.173905343441E-005     0.403791186076E-003
     0.246476196562E+003     0.599673598828E-003     0.341813951332E-003     0.173905343660E-005     0.405530239512E-003
     0.247476196562E+003     0.599673599531E-003     0.341813951733E-003     0.173905343864E-005     0.407269292951E-003
     0.248476196562E+003     0.599673600185E-003     0.341813952105E-003     0.173905344054E-005     0.409008346392E-003
     0.249476196562E+003     0.599673600793E-003     0.341813952452E-003     0.173905344230E-005     0.410747399834E-003
     0.250476196562E+003     0.599673601358E-003     0.341813952774E-003     0.173905344394E-005     0.412486453278E-003
     0.251476196562E+003     0.599673601884E-003     0.341813953074E-003     0.173905344546E-005     0.414225506723E-003
     0.252476196562E+003     0.599673602373E-003     0.341813953353E-003     0.173905344688E-005     0.415964560170E-003
     0.253476196562E+003     0.599673602828E-003     0.341813953612E-003     0.173905344820E-005     0.417703613618E-003
     0.254476196562E+003     0.599673603251E-003     0.341813953853E-003     0.173905344943E-005     0.419442667068E-003
     0.255476196562E+003     0.599673603644E-003     0.341813954077E-003     0.173905345057E-005     0.421181720518E-003
     0.256476196562E+003     0.599673604010E-003     0.341813954286E-003     0.173905345163E-005     0.422920773970E-003
     0.257476196562E+003     0.599673604350E-003     0.341813954480E-003     0.173905345262E-005     0.424659827423E-003
     0.258476196562E+003     0.599673604667E-003     0.341813954660E-003     0.173905345353E-005     0.426398880876E-003
     0.259476196562E+003     0.599673604961E-003     0.341813954828E-003     0.173905345439E-005     0.428137934331E-003
     0.260476196562E+003     0.599673605234E-003     0.341813954984E-003     0.173905345518E-005     0.429876987786E-003
     0.261476196562E+003     0.599673605489E-003     0.341813955129E-003     0.173905345592E-005     0.431616041242E-003
     0.262476196562E+003     0.599673605726E-003     0.341813955264E-003     0.173905345660E-005     0.433355094698E-003
     0.263476196562E+003     0.599673605946E-003     0.341813955389E-003     0.173905345724E-005     0.435094148155E-003
     0.264476196562E+003     0.599673606150E-003     0.341813955506E-003     0.173905345784E-005     0.436833201613E-003
     0.265476196562E+003     0.599673606341E-003     0.341813955614E-003     0.173905345839E-005     0.438572255072E-003
     0.266476196562E+003     0.599673606518E-003     0.341813955715E-003     0.173905345890E-005     0.440311308531E-003
     0.267476196562E+003     0.599673606683E-003     0.341813955809E-003     0.173905345938E-005     0.442050361990E-003
     0.268476196562E+003     0.599673606836E-003     0.341813955896E-003     0.173905345982E-005     0.443789415450E-003
     0.269476196562E+003     0.599673606978E-003     0.341813955977E-003     0.173905346024E-005     0.445528468910E-003
     0.270476196562E+003     0.599673607111E-003     0.341813956053E-003     0.173905346062E-005     0.447267522371E-003
     0.271476196562E+003     0.599673607234E-003     0.341813956123E-003     0.173905346098E-005     0.449006575832E-003
     0.272476196562E+003     0.599673607348E-003     0.341813956188E-003     0.173905346131E-005     0.450745629293E-003
     0.273476196562E+003     0.599673607455E-003     0.341813956249E-003     0.173905346162E-005     0.452484682755E-003
     0.274476196562E+003     0.599673607554E-003     0.341813956306E-003     0.173905346191E-005     0.454223736216E-003
     0.275476196562E+003     0.599673607646E-003     0.341813956358E-003     0.173905346217E-005     0.455962789679E-003
     0.276476196562E+003     0.599673607732E-003     0.341813956407E-003     0.173905346242E-005     0.457701843141E-003
     0.277476196562E+003     0.599673607811E-003     0.341813956452E-003     0.173905346265E-005     0.459440896604E-003
     0.278476196562E+003     0.599673607885E-003     0.341813956495E-003     0.173905346287E-005     0.461179950067E-003
     0.279476196562E+003     0.599673607954E-003     0.341813956534E-003     0.173905346307E-005     0.462919003530E-003
     0.280476196562E+003     0.599673608019E-003     0.341813956571E-003     0.173905346325E-005     0.464658056993E-003
     0.281476196562E+003     0.599673608078E-003     0.341813956605E-003     0.173905346343E-005     0.466397110456E-003
     0.282476196562E+003     0.599673608134E-003     0.341813956636E-003     0.173905346359E-005     0.468136163920E-003
     0.283476196562E+003     0.599673608185E-003     0.341813956666E-003     0.173905346374E-005     0.469875217384E-003
     0.284476196562E+003     0.599673608233E-003     0.341813956693E-003     0.173905346388E-005     0.471614270848E-003
     0.285476196562E+003     0.599673608278E-003     0.341813956718E-003     0.173905346401E-005     0.473353324312E-003
     0.286476196562E+003     0.599673608319E-003     0.341813956742E-003     0.173905346413E-005     0.475092377776E-003
     0.287476196562E+003     0.599673608358E-003     0.341813956764E-003     0.173905346424E-005     0.476831431240E-003
     0.288476196562E+003     0.599673608394E-003     0.341813956784E-003     0.173905346434E-005     0.478570484704E-003
     0.289476196562E+003     0.599673608427E-003     0.341813956803E-003     0.173905346444E-005     0.480309538169E-003
     0.290476196562E+003     0.599673608458E-003     0.341813956821E-003     0.173905346453E-005     0.482048591633E-003
     0.291476196562E+003     0.599673608487E-003     0.341813956837E-003     0.173905346461E-005     0.483787645098E-003
     0.292476196562E+003     0.599673608514E-003     0.341813956853E-003     0.173905346469E-005     0.485526698563E-003
     0.293476196562E+003     0.599673608539E-003     0.341813956867E-003     0.173905346476E-005     0.487265752027E-003
     0.294476196562E+003     0.599673608562E-003     0.341813956880E-003     0.173905346483E-005     0.489004805492E-003
     0.295476196562E+003     0.599673608583E-003     0.341813956893E-003     0.173905346489E-005     0.490743858957E-003
     0.296476196562E+003     0.599673608603E-003     0.341813956904E-003     0.173905346495E-005     0.492482912422E-003
     0.297476196562E+003     0.599673608622E-003     0.341813956915E-003     0.173905346500E-005     0.494221965887E-003
     0.298476196562E+003     0.599673608640E-003     0.341813956925E-003     0.173905346505E-005     0.495961019352E-003
     0.299476196562E+003     0.599673608656E-003     0.341813956934E-003     0.173905346510E-005     0.497700072817E-003
     0.300476196562E+003     0.599673608671E-003     0.341813956942E-003     0.173905346514E-005     0.499439126282E-003
     0.301476196562E+003     0.599673608685E-003     0.341813956950E-003     0.173905346519E-005     0.501178179747E-003
     0.302476196562E+003     0.599673608698E-003     0.341813956958E-003     0.173905346522E-005     0.502917233213E-003
     0.303476196562E+003     0.599673608710E-003     0.341813956965E-003     0.173905346526E-005     0.504656286678E-003
     0.304476196562E+003     0.599673608721E-003     0.341813956971E-003     0.173905346529E-005     0.506395340143E-003
     0.305476196562E+003     0.599673608731E-003     0.341813956977E-003     0.173905346532E-005     0.508134393609E-003
     0.306476196562E+003     0.599673608741E-003     0.341813956982E-003     0.173905346535E-005     0.509873447074E-003
     0.307476196562E+003     0.599673608750E-003     0.341813956988E-003     0.173905346538E-005     0.511612500539E-003
     0.308476196562E+003     0.599673608759E-003     0.341813956992E-003     0.173905346540E-005     0.513351554005E-003
     0.309476196562E+003     0.599673608766E-003     0.341813956997E-003     0.173905346542E-005     0.515090607470E-003
     0.310476196562E+003     0.599673608774E-003     0.341813957001E-003     0.173905346544E-005     0.516829660936E-003
     0.311476196562E+003     0.599673608780E-003     0.341813957005E-003     0.173905346546E-005     0.518568714401E-003
     0.312476196562E+003     0.599673608787E-003     0.341813957008E-003     0.173905346548E-005     0.520307767866E-003
     0.313476196562E+003     0.599673608793E-003     0.341813957012E-003     0.173905346550E-005     0.522046821332E-003
     0.314476196562E+003     0.599673608798E-003     0.341813957015E-003     0.173905346551E-005     0.523785874797E-003
     0.315476196562E+003     0.599673608803E-003     0.341813957018E-003     0.173905346553E-005     0.525524928263E-003
     0.316476196562E+003     0.599673608808E-003     0.341813957020E-003     0.173905346554E-005     0.527263981729E-003
     0.317476196562E+003     0.599673608812E-003     0.341813957023E-003     0.173905346556E-005     0.529003035194E-003
     0.318476196562E+003     0.599673608816E-003     0.341813957025E-003     0.173905346557E-005     0.530742088660E-003
     0.319476196562E+003     0.599673608820E-003     0.341813957027E-003     0.173905346558E-005     0.532481142125E-003
     0.320476196562E+003     0.599673608823E-003     0.341813957029E-003     0.173905346559E-005     0.534220195591E-003
     0.321476196562E+003     0.599673608827E-003     0.341813957031E-003     0.173905346560E-005     0.535959249056E-003
     0.322476196562E+003     0.599673608830E-003     0.341813957033E-003     0.173905346561E-005     0.537698302522E-003
     0.323476196562E+003     0.599673608833E-003     0.341813957035E-003     0.173905346561E-005     0.539437355988E-003
     0.324476196562E+003     0.599673608835E-003     0.341813957036E-003     0.173905346562E-005     0.541176409453E-003
     0.325476196562E+003     0.599673608838E-003     0.341813957037E-003     0.173905346563E-005     0.542915462919E-003
     0.326476196562E+003     0.599673608840E-003     0.341813957039E-003     0.173905346564E-005     0.544654516385E-003
     0.327476196562E+003     0.599673608842E-003     0.341813957040E-003     0.173905346564E-005     0.546393569850E-003
     0.328476196562E+003     0.599673608844E-003     0.341813957041E-003     0.173905346565E-005     0.548132623316E-003
     0.329476196562E+003     0.599673608846E-003     0.341813957042E-003     0.173905346565E-005     0.549871676781E-003
     0.330476196562E+003     0.599673608848E-003     0.341813957043E-003     0.173905346566E-005     0.551610730247E-003
     0.331476196562E+003     0.599673608849E-003     0.341813957044E-003     0.173905346566E-005     0.553349783713E-003
     0.332476196562E+003     0.599673608851E-003     0.341813957045E-003     0.173905346567E-005     0.555088837178E-003
     0.333476196562E+003     0.599673608852E-003     0.341813957046E-003     0.173905346567E-005     0.556827890644E-003
     0.334476196562E+003     0.599673608853E-003     0.341813957046E-003     0.173905346567E-005     0.558566944110E-003
     0.335476196562E+003     0.599673608854E-003     0.341813957047E-003     0.173905346568E-005     0.560305997575E-003
     0.336476196562E+003     0.599673608856E-003     0.341813957048E-003     0.173905346568E-005     0.562045051041E-003
     0.337476196562E+003     0.599673608857E-003     0.341813957048E-003     0.173905346568E-005     0.563784104507E-003
     0.338476196562E+003     0.599673608858E-003     0.341813957049E-003     0.173905346569E-005     0.565523157973E-003
     0.339476196562E+003     0.599673608858E-003     0.341813957049E-003     0.173905346569E-005     0.567262211438E-003
     0.340476196562E+003     0.599673608859E-003     0.341813957050E-003     0.173905346569E-005     0.569001264904E-003
     0.341476196562E+003     0.599673608860E-003     0.341813957050E-003     0.173905346569E-005     0.570740318370E-003
     0.342476196562E+003     0.599673608861E-003     0.341813957051E-003     0.173905346570E-005     0.572479371835E-003
     0.343476196562E+003     0.599673608861E-003     0.341813957051E-003     0.173905346570E-005     0.574218425301E-003
     0.344476196562E+003     0.599673608862E-003     0.341813957051E-003     0.173905346570E-005     0.575957478767E-003
     0.345476196562E+003     0.599673608863E-003     0.341813957052E-003     0.173905346570E-005     0.577696532232E-003
     0.346476196562E+003     0.599673608863E-003     0.341813957052E-003     0.173905346570E-005     0.579435585698E-003
     0.347476196562E+003     0.599673608864E-003     0.341813957052E-003     0.173905346570E-005     0.581174639164E-003
     0.348476196562E+003     0.599673608864E-003     0.341813957053E-003     0.173905346571E-005     0.582913692630E-003
     0.349476196562E+003     0.599673608864E-003     0.341813957053E-003     0.173905346571E-005     0.584652746095E-003
     0.350476196562E+003     0.599673608865E-003     0.341813957053E-003     0.173905346571E-005     0.586391799561E-003
     0.351476196562E+003     0.599673608865E-003     0.341813957053E-003     0.173905346571E-005     0.588130853027E-003
     0.352476196562E+003     0.599673608866E-003     0.341813957053E-003     0.173905346571E-005     0.589869906492E-003
     0.353476196562E+003     0.599673608866E-003     0.341813957054E-003     0.173905346571E-005     0.591608959958E-003
     0.354476196562E+003     0.599673608866E-003     0.341813957054E-003     0.173905346571E-005     0.593348013424E-003
     0.355476196562E+003     0.599673608866E-003     0.341813957054E-003     0.173905346571E-005     0.595087066889E-003
     0.356476196562E+003     0.599673608867E-003     0.341813957054E-003     0.173905346571E-005     0.596826120355E-003
     0.357476196562E+003     0.599673608867E-003     0.341813957054E-003     0.173905346571E-005     0.598565173821E-003
     0.358476196562E+003     0.599673608867E-003     0.341813957054E-003     0.173905346571E-005     0.600304227287E-003
     0.359476196562E+003     0.599673608867E-003     0.341813957054E-003     0.173905346572E-005     0.602043280752E-003
     0.360476196562E+003     0.599673608868E-003     0.341813957055E-003     0.173905346572E-005     0.603782334218E-003
     0.361476196562E+003     0.599673608868E-003     0.341813957055E-003     0.173905346572E-005     0.605521387684E-003
     0.362476196562E+003     0.599673608868E-003     0.341813957055E-003     0.173905346572E-005     0.607260441149E-003
     0.363476196562E+003     0.599673608868E-003     0.341813957055E-003     0.173905346572E-005     0.608999494615E-003
     0.364476196562E+003     0.599673608868E-003     0.341813957055E-003     0.173905346572E-005     0.610738548081E-003
     0.365476196562E+003     0.599673608868E-003     0.341813957055E-003     0.173905346572E-005     0.612477601547E-003
     0.366476196562E+003     0.599673608869E-003     0.341813957055E-003     0.173905346572E-005     0.614216655012E-003
     0.367476196562E+003     0.599673608869E-003     0.341813957055E-003     0.173905346572E-005     0.615955708478E-003
     0.368476196562E+003     0.599673608869E-003     0.341813957055E-003     0.173905346572E-005     0.617694761944E-003
     0.369476196562E+003     0.599673608869E-003     0.341813957055E-003     0.173905346572E-005     0.619433815410E-003
     0.370476196562E+003     0.599673608869E-003     0.341813957055E-003     0.173905346572E-005     0.621172868875E-003
     0.371476196562E+003     0.599673608869E-003     0.341813957055E-003     0.173905346572E-005     0.622911922341E-003
     0.372476196562E+003     0.599673608869E-003     0.341813957055E-003     0.173905346572E-005     0.624650975807E-003
     0.373476196562E+003     0.599673608869E-003     0.341813957055E-003     0.173905346572E-005     0.626390029272E-003
     0.374476196562E+003     0.599673608869E-003     0.341813957055E-003     0.173905346572E-005     0.628129082738E-003
     0.375476196562E+003     0.599673608869E-003     0.341813957056E-003     0.173905346572E-005     0.629868136204E-003
     0.376476196562E+003     0.599673608869E-003     0.341813957056E-003     0.173905346572E-005     0.631607189670E-003
     0.377476196562E+003     0.599673608869E-003     0.341813957056E-003     0.173905346572E-005     0.633346243135E-003
     0.378476196562E+003     0.599673608869E-003     0.341813957056E-003     0.173905346572E-005     0.635085296601E-003
     0.379476196562E+003     0.599673608870E-003     0.341813957056E-003     0.173905346572E-005     0.636824350067E-003
     0.380476196562E+003     0.599673608870E-003     0.341813957056E-003     0.173905346572E-005     0.638563403532E-003
     0.381476196562E+003     0.599673608870E-003     0.341813957056E-003     0.173905346572E-005     0.640302456998E-003
     0.382476196562E+003     0.599673608870E-003     0.341813957056E-003     0.173905346572E-005     0.642041510464E-003
     0.383476196562E+003     0.599673608870E-003     0.341813957056E-003     0.173905346572E-005     0.643780563930E-003
     0.384476196562E+003     0.599673608870E-003     0.341813957056E-003     0.173905346572E-005     0.645519617395E-003
     0.385476196562E+003     0.599673608870E-003     0.341813957056E-003     0.173905346572E-005     0.647258670861E-003
     0.386476196562E+003     0.599673608870E-003     0.341813957056E-003     0.173905346572E-005     0.648997724327E-003
     0.387476196562E+003     0.599673608870E-003     0.341813957056E-003     0.173905346572E-005     0.650736777793E-003
     0.388476196562E+003     0.599673608870E-003     0.341813957056E-003     0.173905346572E-005     0.652475831258E-003
     0.389476196562E+003     0.599673608870E-003     0.341813957056E-003     0.173905346572E-005     0.654214884724E-003
     0.390476196562E+003     0.599673608870E-003     0.341813957056E-003     0.173905346572E-005     0.655953938190E-003
     0.391476196562E+003     0.599673608870E-003     0.341813957056E-003     0.173905346572E-005     0.657692991655E-003
     0.392476196562E+003     0.599673608870E-003     0.341813957056E-003     0.173905346572E-005     0.659432045121E-003
     0.393476196562E+003     0.599673608870E-003     0.341813957056E-003     0.173905346572E-005     0.661171098587E-003
     0.394476196562E+003     0.599673608870E-003     0.341813957056E-003     0.173905346572E-005     0.662910152053E-003
     0.395476196562E+003     0.599673608870E-003     0.341813957056E-003     0.173905346572E-005     0.664649205518E-003
     0.396476196562E+003     0.599673608870E-003     0.341813957056E-003     0.173905346572E-005     0.666388258984E-003
     0.397476196562E+003     0.599673608870E-003     0.341813957056E-003     0.173905346572E-005     0.668127312450E-003
     0.398476196562E+003     0.599673608870E-003     0.341813957056E-003     0.173905346572E-005     0.669866365915E-003
     0.399476196562E+003     0.599673608870E-003     0.341813957056E-003     0.173905346572E-005     0.671605419381E-003
     0.400476196562E+003     0.599673608870E-003     0.341813957056E-003     0.173905346572E-005     0.673344472847E-003
     0.401476196562E+003     0.599673608870E-003     0.341813957056E-003     0.173905346572E-005     0.675083526313E-003
     0.402476196562E+003     0.599673608870E-003     0.341813957056E-003     0.173905346572E-005     0.676822579778E-003
     0.403476196562E+003     0.599673608870E-003     0.341813957056E-003     0.173905346572E-005     0.678561633244E-003
     0.404476196562E+003     0.599673608870E-003     0.341813957056E-003     0.173905346572E-005     0.680300686710E-003
     0.405476196562E+003     0.599673608870E-003     0.341813957056E-003     0.173905346572E-005     0.682039740176E-003
     0.406476196562E+003     0.599673608870E-003     0.341813957056E-003     0.173905346572E-005     0.683778793641E-003
     0.407476196562E+003     0.599673608870E-003     0.341813957056E-003     0.173905346572E-005     0.685517847107E-003
     0.408476196562E+003     0.599673608870E-003     0.341813957056E-003     0.173905346572E-005     0.687256900573E-003
     0.409476196562E+003     0.599673608870E-003     0.341813957056E-003     0.173905346572E-005     0.688995954038E-003
     0.410476196562E+003     0.599673608870E-003     0.341813957056E-003     0.173905346572E-005     0.690735007504E-003
     0.411476196562E+003     0.599673608870E-003     0.341813957056E-003     0.173905346572E-005     0.692474060970E-003
     0.412476196562E+003     0.599673608870E-003     0.341813957056E-003     0.173905346572E-005     0.694213114436E-003
     0.413476196562E+003     0.599673608870E-003     0.341813957056E-003     0.173905346572E-005     0.695952167901E-003
     0.414476196562E+003     0.599673608870E-003     0.341813957056E-003     0.173905346572E-005     0.697691221367E-003
     0.415476196562E+003     0.599673608870E-003     0.341813957056E-003     0.173905346572E-005     0.699430274833E-003
     0.416476196562E+003     0.599673608870E-003     0.341813957056E-003     0.173905346572E-005     0.701169328298E-003
     0.417476196562E+003     0.599673608870E-003     0.341813957056E-003     0.173905346572E-005     0.702908381764E-003
     0.418476196562E+003     0.599673608870E-003     0.341813957056E-003     0.173905346572E-005     0.704647435230E-003
     0.419476196562E+003     0.599673608870E-003     0.341813957056E-003     0.173905346572E-005     0.706386488696E-003
     0.420476196562E+003     0.599673608870E-003     0.341813957056E-003     0.173905346572E-005     0.708125542161E-003
     0.421476196562E+003     0.599673608870E-003     0.341813957056E-003     0.173905346572E-005     0.709864595627E-003
     0.422476196562E+003     0.599673608870E-003     0.341813957056E-003     0.173905346572E-005     0.711603649093E-003
     0.423476196562E+003     0.599673608870E-003     0.341813957056E-003     0.173905346572E-005     0.713342702559E-003
     0.424476196562E+003     0.599673608870E-003     0.341813957056E-003     0.173905346572E-005     0.715081756024E-003
     0.425476196562E+003     0.599673608870E-003     0.341813957056E-003     0.173905346572E-005     0.716820809490E-003
     0.426476196562E+003     0.599673608870E-003     0.341813957056E-003     0.173905346572E-005     0.718559862956E-003
     0.427476196562E+003     0.599673608870E-003     0.341813957056E-003     0.173905346572E-005     0.720298916421E-003
     0.428476196562E+003     0.599673608870E-003     0.341813957056E-003     0.173905346572E-005     0.722037969887E-003
     0.429476196562E+003     0.599673608870E-003     0.341813957056E-003     0.173905346572E-005     0.723777023353E-003
     0.430476196562E+003     0.599673608870E-003     0.341813957056E-003     0.173905346572E-005     0.725516076819E-003
     0.431476196562E+003     0.599673608870E-003     0.341813957056E-003     0.173905346572E-005     0.727255130284E-003
     0.432476196562E+003     0.599673608870E-003     0.341813957056E-003     0.173905346572E-005     0.728994183750E-003
     0.433476196562E+003     0.599673608870E-003     0.341813957056E-003     0.173905346572E-005     0.730733237216E-003
     0.434476196562E+003     0.599673608870E-003     0.341813957056E-003     0.173905346572E-005     0.732472290682E-003
     0.435476196562E+003     0.599673608870E-003     0.341813957056E-003     0.173905346572E-005     0.734211344147E-003
     0.436476196562E+003     0.599673608870E-003     0.341813957056E-003     0.173905346572E-005     0.735950397613E-003
     0.437476196562E+003     0.599673608870E-003     0.341813957056E-003     0.173905346572E-005     0.737689451079E-003
     0.438476196562E+003     0.599673608870E-003     0.341813957056E-003     0.173905346572E-005     0.739428504544E-003
     0.439476196562E+003     0.599673608870E-003     0.341813957056E-003     0.173905346572E-005     0.741167558010E-003
     0.440476196562E+003     0.599673608870E-003     0.341813957056E-003     0.173905346572E-005     0.742906611476E-003
     0.441476196562E+003     0.599673608870E-003     0.341813957056E-003     0.173905346572E-005     0.744645664942E-003
     0.442476196562E+003     0.599673608870E-003     0.341813957056E-003     0.173905346572E-005     0.746384718407E-003
     0.443476196562E+003     0.599673608870E-003     0.341813957056E-003     0.173905346572E-005     0.748123771873E-003
     0.444476196562E+003     0.599673608870E-003     0.341813957056E-003     0.173905346572E-005     0.749862825339E-003
     0.445476196562E+003     0.599673608870E-003     0.341813957056E-003     0.173905346572E-005     0.751601878804E-003
     0.446476196562E+003     0.599673608870E-003     0.341813957056E-003     0.173905346572E-005     0.753340932270E-003
     0.447476196562E+003     0.599673608870E-003     0.341813957056E-003     0.173905346572E-005     0.755079985736E-003
     0.448476196562E+003     0.599673608870E-003     0.341813957056E-003     0.173905346572E-005     0.756819039202E-003
     0.449476196562E+003     0.599673608870E-003     0.341813957056E-003     0.173905346572E-005     0.758558092667E-003
     0.450476196562E+003     0.599673608870E-003     0.341813957056E-003     0.173905346572E-005     0.760297146133E-003
     0.451476196562E+003     0.599673608870E-003     0.341813957056E-003     0.173905346572E-005     0.762036199599E-003
     0.452476196562E+003     0.599673608870E-003     0.341813957056E-003     0.173905346572E-005     0.763775253065E-003
     0.453476196562E+003     0.599673608870E-003     0.341813957056E-003     0.173905346572E-005     0.765514306530E-003
     0.454476196562E+003     0.599673608870E-003     0.341813957056E-003     0.173905346572E-005     0.767253359996E-003
     0.455476196562E+003     0.599673608870E-003     0.341813957056E-003     0.173905346572E-005     0.768992413462E-003
     0.456476196562E+003     0.599673608870E-003     0.341813957056E-003     0.173905346572E-005     0.770731466927E-003
     0.457476196562E+003     0.599673608870E-003     0.341813957056E-003     0.173905346572E-005     0.772470520393E-003
     0.458476196562E+003     0.599673608870E-003     0.341813957056E-003     0.173905346572E-005     0.774209573859E-003
     0.459476196562E+003     0.599673608870E-003     0.341813957056E-003     0.173905346572E-005     0.775948627325E-003
     0.460476196562E+003     0.599673608870E-003     0.341813957056E-003     0.173905346572E-005     0.777687680790E-003
     0.461476196562E+003     0.599673608870E-003     0.341813957056E-003     0.173905346572E-005     0.779426734256E-003
     0.462476196562E+003     0.599673608870E-003     0.341813957056E-003     0.173905346572E-005     0.781165787722E-003
     0.463476196562E+003     0.599673608870E-003     0.341813957056E-003     0.173905346572E-005     0.782904841187E-003
     0.464476196562E+003     0.599673608870E-003     0.341813957056E-003     0.173905346572E-005     0.784643894653E-003
     0.465476196562E+003     0.599673608870E-003     0.341813957056E-003     0.173905346572E-005     0.786382948119E-003
     0.466476196562E+003     0.599673608870E-003     0.341813957056E-003     0.173905346572E-005     0.788122001585E-003
     0.467476196562E+003     0.599673608870E-003     0.341813957056E-003     0.173905346572E-005     0.789861055050E-003
     0.468476196562E+003     0.599673608870E-003     0.341813957056E-003     0.173905346572E-005     0.791600108516E-003
     0.469476196562E+003     0.599673608870E-003     0.341813957056E-003     0.173905346572E-005     0.793339161982E-003
     0.470476196562E+003     0.599673608870E-003     0.341813957056E-003     0.173905346572E-005     0.795078215448E-003
     0.471476196562E+003     0.599673608870E-003     0.341813957056E-003     0.173905346572E-005     0.796817268913E-003
     0.472476196562E+003     0.599673608870E-003     0.341813957056E-003     0.173905346572E-005     0.798556322379E-003
     0.473476196562E+003     0.599673608870E-003     0.341813957056E-003     0.173905346572E-005     0.800295375845E-003
     0.474476196562E+003     0.599673608870E-003     0.341813957056E-003     0.173905346572E-005     0.802034429310E-003
     0.475476196562E+003     0.599673608870E-003     0.341813957056E-003     0.173905346572E-005     0.803773482776E-003
     0.476476196562E+003     0.599673608870E-003     0.341813957056E-003     0.173905346572E-005     0.805512536242E-003
     0.477476196562E+003     0.599673608870E-003     0.341813957056E-003     0.173905346572E-005     0.807251589708E-003
     0.478476196562E+003     0.599673608870E-003     0.341813957056E-003     0.173905346572E-005     0.808990643173E-003
     0.479476196562E+003     0.599673608870E-003     0.341813957056E-003     0.173905346572E-005     0.810729696639E-003
     0.480476196562E+003     0.599673608870E-003     0.341813957056E-003     0.173905346572E-005     0.812468750105E-003
     0.481476196562E+003     0.599673608870E-003     0.341813957056E-003     0.173905346572E-005     0.814207803570E-003
     0.482476196562E+003     0.599673608870E-003     0.341813957056E-003     0.173905346572E-005     0.815946857036E-003
     0.483476196562E+003     0.599673608870E-003     0.341813957056E-003     0.173905346572E-005     0.817685910502E-003
     0.484476196562E+003     0.599673608870E-003     0.341813957056E-003     0.173905346572E-005     0.819424963968E-003
     0.485476196562E+003     0.599673608870E-003     0.341813957056E-003     0.173905346572E-005     0.821164017433E-003
     0.486476196562E+003     0.599673608870E-003     0.341813957056E-003     0.173905346572E-005     0.822903070899E-003
     0.487476196562E+003     0.599673608870E-003     0.341813957056E-003     0.173905346572E-005     0.824642124365E-003
     0.488476196562E+003     0.599673608870E-003     0.341813957056E-003     0.173905346572E-005     0.826381177831E-003
     0.489476196562E+003     0.599673608870E-003     0.341813957056E-003     0.173905346572E-005     0.828120231296E-003
     0.490476196562E+003     0.599673608870E-003     0.341813957056E-003     0.173905346572E-005     0.829859284762E-003
     0.491476196562E+003     0.599673608870E-003     0.341813957056E-003     0.173905346572E-005     0.831598338228E-003
     0.492476196562E+003     0.599673608870E-003     0.341813957056E-003     0.173905346572E-005     0.833337391693E-003
     0.493476196562E+003     0.599673608870E-003     0.341813957056E-003     0.173905346572E-005     0.835076445159E-003
     0.494476196562E+003     0.599673608870E-003     0.341813957056E-003     0.173905346572E-005     0.836815498625E-003
     0.495476196562E+003     0.599673608870E-003     0.341813957056E-003     0.173905346572E-005     0.838554552091E-003
     0.496476196562E+003     0.599673608870E-003     0.341813957056E-003     0.173905346572E-005     0.840293605556E-003
     0.497476196562E+003     0.599673608870E-003     0.341813957056E-003     0.173905346572E-005     0.842032659022E-003
     0.498476196562E+003     0.599673608870E-003     0.341813957056E-003     0.173905346572E-005     0.843771712488E-003
     0.499476196562E+003     0.599673608870E-003     0.341813957056E-003     0.173905346572E-005     0.845510765953E-003
     0.500476196562E+003     0.599673608870E-003     0.341813957056E-003     0.173905346572E-005     0.847249819419E-003
     0.501476196562E+003     0.599673608870E-003     0.341813957056E-003     0.173905346572E-005     0.848988872885E-003
     0.502476196562E+003     0.599673608870E-003     0.341813957056E-003     0.173905346572E-005     0.850727926351E-003
     0.503476196562E+003     0.599673608870E-003     0.341813957056E-003     0.173905346572E-005     0.852466979816E-003
     0.504476196562E+003     0.599673608870E-003     0.341813957056E-003     0.173905346572E-005     0.854206033282E-003
     0.505476196562E+003     0.599673608870E-003     0.341813957056E-003     0.173905346572E-005     0.855945086748E-003
     0.506476196562E+003     0.599673608870E-003     0.341813957056E-003     0.173905346572E-005     0.857684140214E-003
     0.507476196562E+003     0.599673608870E-003     0.341813957056E-003     0.173905346572E-005     0.859423193679E-003
     0.508476196562E+003     0.599673608870E-003     0.341813957056E-003     0.173905346572E-005     0.861162247145E-003
     0.509476196562E+003     0.599673608870E-003     0.341813957056E-003     0.173905346572E-005     0.862901300611E-003
     0.510476196562E+003     0.599673608870E-003     0.341813957056E-003     0.173905346572E-005     0.864640354076E-003
     0.511476196562E+003     0.599673608870E-003     0.341813957056E-003     0.173905346572E-005     0.866379407542E-003
     0.512476196562E+003     0.599673608870E-003     0.341813957056E-003     0.173905346572E-005     0.868118461008E-003
     0.513476196562E+003     0.599673608870E-003     0.341813957056E-003     0.173905346572E-005     0.869857514474E-003
     0.514476196562E+003     0.599673608870E-003     0.341813957056E-003     0.173905346572E-005     0.871596567939E-003
     0.515476196562E+003     0.599673608870E-003     0.341813957056E-003     0.173905346572E-005     0.873335621405E-003
     0.516476196562E+003     0.599673608870E-003     0.341813957056E-003     0.173905346572E-005     0.875074674871E-003
     0.517476196562E+003     0.599673608870E-003     0.341813957056E-003     0.173905346572E-005     0.876813728336E-003
     0.518476196562E+003     0.599673608870E-003     0.341813957056E-003     0.173905346572E-005     0.878552781802E-003
     0.519476196562E+003     0.599673608870E-003     0.341813957056E-003     0.173905346572E-005     0.880291835268E-003
     0.520476196562E+003     0.599673608870E-003     0.341813957056E-003     0.173905346572E-005     0.882030888734E-003
     0.521476196562E+003     0.599673608869E-003     0.341813957056E-003     0.173905346572E-005     0.883769942199E-003
     0.522476196562E+003     0.599673608869E-003     0.341813957056E-003     0.173905346572E-005     0.885508995665E-003
     0.523476196562E+003     0.599673608869E-003     0.341813957056E-003     0.173905346572E-005     0.887248049131E-003
     0.524476196562E+003     0.599673608869E-003     0.341813957056E-003     0.173905346572E-005     0.888987102597E-003
     0.525476196562E+003     0.599673608869E-003     0.341813957056E-003     0.173905346572E-005     0.890726156062E-003
     0.526476196562E+003     0.599673608869E-003     0.341813957056E-003     0.173905346572E-005     0.892465209528E-003
     0.527476196562E+003     0.599673608869E-003     0.341813957056E-003     0.173905346572E-005     0.894204262994E-003
     0.528476196562E+003     0.599673608869E-003     0.341813957056E-003     0.173905346572E-005     0.895943316459E-003
     0.529476196562E+003     0.599673608869E-003     0.341813957056E-003     0.173905346572E-005     0.897682369925E-003
     0.530476196562E+003     0.599673608869E-003     0.341813957055E-003     0.173905346572E-005     0.899421423391E-003
     0.531476196562E+003     0.599673608869E-003     0.341813957055E-003     0.173905346572E-005     0.901160476857E-003
     0.532476196562E+003     0.599673608869E-003     0.341813957055E-003     0.173905346572E-005     0.902899530322E-003
     0.533476196562E+003     0.599673608869E-003     0.341813957055E-003     0.173905346572E-005     0.904638583788E-003
     0.534476196562E+003     0.599673608869E-003     0.341813957055E-003     0.173905346572E-005     0.906377637254E-003
     0.535476196562E+003     0.599673608869E-003     0.341813957055E-003     0.173905346572E-005     0.908116690719E-003
     0.536476196562E+003     0.599673608869E-003     0.341813957055E-003     0.173905346572E-005     0.909855744185E-003
     0.537476196562E+003     0.599673608869E-003     0.341813957055E-003     0.173905346572E-005     0.911594797651E-003
     0.538476196562E+003     0.599673608869E-003     0.341813957055E-003     0.173905346572E-005     0.913333851117E-003
     0.539476196562E+003     0.599673608869E-003     0.341813957055E-003     0.173905346572E-005     0.915072904582E-003
     0.540476196562E+003     0.599673608869E-003     0.341813957055E-003     0.173905346572E-005     0.916811958048E-003
     0.541476196562E+003     0.599673608869E-003     0.341813957055E-003     0.173905346572E-005     0.918551011514E-003
     0.542476196562E+003     0.599673608869E-003     0.341813957055E-003     0.173905346572E-005     0.920290064980E-003
     0.543476196562E+003     0.599673608869E-003     0.341813957055E-003     0.173905346572E-005     0.922029118445E-003
     0.544476196562E+003     0.599673608869E-003     0.341813957055E-003     0.173905346572E-005     0.923768171911E-003
     0.545476196562E+003     0.599673608869E-003     0.341813957055E-003     0.173905346572E-005     0.925507225377E-003
     0.546476196562E+003     0.599673608869E-003     0.341813957055E-003     0.173905346572E-005     0.927246278842E-003
     0.547476196562E+003     0.599673608869E-003     0.341813957055E-003     0.173905346572E-005     0.928985332308E-003
     0.548476196562E+003     0.599673608869E-003     0.341813957055E-003     0.173905346572E-005     0.930724385774E-003
     0.549476196562E+003     0.599673608869E-003     0.341813957055E-003     0.173905346572E-005     0.932463439240E-003
     0.550476196562E+003     0.599673608869E-003     0.341813957055E-003     0.173905346572E-005     0.934202492705E-003
     0.551476196562E+003     0.599673608869E-003     0.341813957055E-003     0.173905346572E-005     0.935941546171E-003
     0.552476196562E+003     0.599673608869E-003     0.341813957055E-003     0.173905346572E-005     0.937680599637E-003
     0.553476196562E+003     0.599673608868E-003     0.341813957055E-003     0.173905346572E-005     0.939419653102E-003
     0.554476196562E+003     0.599673608868E-003     0.341813957055E-003     0.173905346572E-005     0.941158706568E-003
     0.555476196562E+003     0.599673608868E-003     0.341813957055E-003     0.173905346572E-005     0.942897760034E-003
     0.556476196562E+003     0.599673608868E-003     0.341813957055E-003     0.173905346572E-005     0.944636813500E-003
     0.557476196562E+003     0.599673608868E-003     0.341813957055E-003     0.173905346572E-005     0.946375866965E-003
     0.558476196562E+003     0.599673608868E-003     0.341813957055E-003     0.173905346572E-005     0.948114920431E-003
     0.559476196562E+003     0.599673608868E-003     0.341813957055E-003     0.173905346572E-005     0.949853973897E-003
     0.560476196562E+003     0.599673608868E-003     0.341813957055E-003     0.173905346572E-005     0.951593027362E-003
     0.561476196562E+003     0.599673608868E-003     0.341813957055E-003     0.173905346572E-005     0.953332080828E-003
     0.562476196562E+003     0.599673608868E-003     0.341813957055E-003     0.173905346572E-005     0.955071134294E-003
     0.563476196562E+003     0.599673608868E-003     0.341813957055E-003     0.173905346572E-005     0.956810187760E-003
     0.564476196562E+003     0.599673608868E-003     0.341813957055E-003     0.173905346572E-005     0.958549241225E-003
     0.565476196562E+003     0.599673608868E-003     0.341813957055E-003     0.173905346572E-005     0.960288294691E-003
     0.566476196562E+003     0.599673608868E-003     0.341813957055E-003     0.173905346572E-005     0.962027348157E-003
     0.567476196562E+003     0.599673608868E-003     0.341813957055E-003     0.173905346572E-005     0.963766401622E-003
     0.568476196562E+003     0.599673608868E-003     0.341813957055E-003     0.173905346572E-005     0.965505455088E-003
     0.569476196562E+003     0.599673608868E-003     0.341813957055E-003     0.173905346571E-005     0.967244508554E-003
     0.570476196562E+003     0.599673608868E-003     0.341813957054E-003     0.173905346571E-005     0.968983562020E-003
     0.571476196562E+003     0.599673608867E-003     0.341813957054E-003     0.173905346571E-005     0.970722615485E-003
     0.572476196562E+003     0.599673608867E-003     0.341813957054E-003     0.173905346571E-005     0.972461668951E-003
     0.573476196562E+003     0.599673608867E-003     0.341813957054E-003     0.173905346571E-005     0.974200722417E-003
     0.574476196562E+003     0.599673608867E-003     0.341813957054E-003     0.173905346571E-005     0.975939775882E-003
     0.575476196562E+003     0.599673608867E-003     0.341813957054E-003     0.173905346571E-005     0.977678829348E-003
     0.576476196562E+003     0.599673608867E-003     0.341813957054E-003     0.173905346571E-005     0.979417882814E-003
     0.577476196562E+003     0.599673608867E-003     0.341813957054E-003     0.173905346571E-005     0.981156936280E-003
     0.578476196562E+003     0.599673608867E-003     0.341813957054E-003     0.173905346571E-005     0.982895989745E-003
     0.579476196562E+003     0.599673608867E-003     0.341813957054E-003     0.173905346571E-005     0.984635043211E-003
     0.580476196562E+003     0.599673608867E-003     0.341813957054E-003     0.173905346571E-005     0.986374096677E-003
     0.581476196562E+003     0.599673608867E-003     0.341813957054E-003     0.173905346571E-005     0.988113150142E-003
     0.582476196562E+003     0.599673608867E-003     0.341813957054E-003     0.173905346571E-005     0.989852203608E-003
     0.583476196562E+003     0.599673608867E-003     0.341813957054E-003     0.173905346571E-005     0.991591257074E-003
     0.584476196562E+003     0.599673608866E-003     0.341813957054E-003     0.173905346571E-005     0.993330310540E-003
     0.585476196562E+003     0.599673608866E-003     0.341813957054E-003     0.173905346571E-005     0.995069364005E-003
     0.586476196562E+003     0.599673608866E-003     0.341813957054E-003     0.173905346571E-005     0.996808417471E-003
     0.587476196562E+003     0.599673608866E-003     0.341813957054E-003     0.173905346571E-005     0.998547470937E-003
     0.588476196562E+003     0.599673608866E-003     0.341813957054E-003     0.173905346571E-005     0.100028652440E-002
     0.589476196562E+003     0.599673608866E-003     0.341813957054E-003     0.173905346571E-005     0.100202557787E-002
     0.590476196562E+003     0.599673608866E-003     0.341813957054E-003     0.173905346571E-005     0.100376463133E-002
     0.591476196562E+003     0.599673608866E-003     0.341813957053E-003     0.173905346571E-005     0.100550368480E-002
     0.592476196562E+003     0.599673608866E-003     0.341813957053E-003     0.173905346571E-005     0.100724273827E-002
     0.593476196562E+003     0.599673608866E-003     0.341813957053E-003     0.173905346571E-005     0.100898179173E-002
     0.594476196562E+003     0.599673608865E-003     0.341813957053E-003     0.173905346571E-005     0.101072084520E-002
     0.595476196562E+003     0.599673608865E-003     0.341813957053E-003     0.173905346571E-005     0.101245989866E-002
     0.596476196562E+003     0.599673608865E-003     0.341813957053E-003     0.173905346571E-005     0.101419895213E-002
     0.597476196562E+003     0.599673608865E-003     0.341813957053E-003     0.173905346571E-005     0.101593800559E-002
     0.598476196562E+003     0.599673608865E-003     0.341813957053E-003     0.173905346571E-005     0.101767705906E-002
     0.599476196562E+003     0.599673608865E-003     0.341813957053E-003     0.173905346571E-005     0.101941611253E-002
     0.600476196562E+003     0.599673608865E-003     0.341813957053E-003     0.173905346571E-005     0.102115516599E-002
     0.601476196562E+003     0.599673608865E-003     0.341813957053E-003     0.173905346570E-005     0.102289421946E-002
     0.602476196562E+003     0.599673608864E-003     0.341813957053E-003     0.173905346570E-005     0.102463327292E-002
     0.603476196562E+003     0.599673608864E-003     0.341813957053E-003     0.173905346570E-005     0.102637232639E-002
     0.604476196562E+003     0.599673608864E-003     0.341813957053E-003     0.173905346570E-005     0.102811137985E-002
     0.605476196562E+003     0.599673608864E-003     0.341813957052E-003     0.173905346570E-005     0.102985043332E-002
     0.606476196562E+003     0.599673608864E-003     0.341813957052E-003     0.173905346570E-005     0.103158948679E-002
     0.607476196562E+003     0.599673608864E-003     0.341813957052E-003     0.173905346570E-005     0.103332854025E-002
     0.608476196562E+003     0.599673608864E-003     0.341813957052E-003     0.173905346570E-005     0.103506759372E-002
     0.609476196562E+003     0.599673608863E-003     0.341813957052E-003     0.173905346570E-005     0.103680664718E-002
     0.610476196562E+003     0.599673608863E-003     0.341813957052E-003     0.173905346570E-005     0.103854570065E-002
     0.611476196562E+003     0.599673608863E-003     0.341813957052E-003     0.173905346570E-005     0.104028475411E-002
     0.612476196562E+003     0.599673608863E-003     0.341813957052E-003     0.173905346570E-005     0.104202380758E-002
     0.613476196562E+003     0.599673608863E-003     0.341813957052E-003     0.173905346570E-005     0.104376286105E-002
     0.614476196562E+003     0.599673608863E-003     0.341813957052E-003     0.173905346570E-005     0.104550191451E-002
     0.615476196562E+003     0.599673608862E-003     0.341813957052E-003     0.173905346570E-005     0.104724096798E-002
     0.616476196562E+003     0.599673608862E-003     0.341813957052E-003     0.173905346570E-005     0.104898002144E-002
     0.617476196562E+003     0.599673608862E-003     0.341813957051E-003     0.173905346570E-005     0.105071907491E-002
     0.618476196562E+003     0.599673608862E-003     0.341813957051E-003     0.173905346570E-005     0.105245812837E-002
     0.619476196562E+003     0.599673608862E-003     0.341813957051E-003     0.173905346570E-005     0.105419718184E-002
     0.620476196562E+003     0.599673608862E-003     0.341813957051E-003     0.173905346570E-005     0.105593623530E-002
     0.621476196562E+003     0.599673608861E-003     0.341813957051E-003     0.173905346569E-005     0.105767528877E-002
     0.622476196562E+003     0.599673608861E-003     0.341813957051E-003     0.173905346569E-005     0.105941434224E-002
     0.623476196562E+003     0.599673608861E-003     0.341813957051E-003     0.173905346569E-005     0.106115339570E-002
     0.624476196562E+003     0.599673608861E-003     0.341813957051E-003     0.173905346569E-005     0.106289244917E-002
     0.625476196562E+003     0.599673608861E-003     0.341813957051E-003     0.173905346569E-005     0.106463150263E-002
     0.626476196562E+003     0.599673608860E-003     0.341813957050E-003     0.173905346569E-005     0.106637055610E-002
     0.627476196562E+003     0.599673608860E-003     0.341813957050E-003     0.173905346569E-005     0.106810960956E-002
     0.628476196562E+003     0.599673608860E-003     0.341813957050E-003     0.173905346569E-005     0.106984866303E-002
     0.629476196562E+003     0.599673608860E-003     0.341813957050E-003     0.173905346569E-005     0.107158771650E-002
     0.630476196562E+003     0.599673608860E-003     0.341813957050E-003     0.173905346569E-005     0.107332676996E-002
     0.631476196562E+003     0.599673608859E-003     0.341813957050E-003     0.173905346569E-005     0.107506582343E-002
     0.632476196562E+003     0.599673608859E-003     0.341813957050E-003     0.173905346569E-005     0.107680487689E-002
     0.633476196562E+003     0.599673608859E-003     0.341813957050E-003     0.173905346569E-005     0.107854393036E-002
     0.634476196562E+003     0.599673608859E-003     0.341813957049E-003     0.173905346569E-005     0.108028298382E-002
     0.635476196562E+003     0.599673608858E-003     0.341813957049E-003     0.173905346569E-005     0.108202203729E-002
     0.636476196562E+003     0.599673608858E-003     0.341813957049E-003     0.173905346568E-005     0.108376109076E-002
     0.637476196562E+003     0.599673608858E-003     0.341813957049E-003     0.173905346568E-005     0.108550014422E-002
     0.638476196562E+003     0.599673608858E-003     0.341813957049E-003     0.173905346568E-005     0.108723919769E-002
     0.639476196562E+003     0.599673608857E-003     0.341813957049E-003     0.173905346568E-005     0.108897825115E-002
     0.640476196562E+003     0.599673608857E-003     0.341813957049E-003     0.173905346568E-005     0.109071730462E-002
     0.641476196562E+003     0.599673608857E-003     0.341813957048E-003     0.173905346568E-005     0.109245635808E-002
     0.642476196562E+003     0.599673608857E-003     0.341813957048E-003     0.173905346568E-005     0.109419541155E-002
     0.643476196562E+003     0.599673608856E-003     0.341813957048E-003     0.173905346568E-005     0.109593446502E-002
     0.644476196562E+003     0.599673608856E-003     0.341813957048E-003     0.173905346568E-005     0.109767351848E-002
     0.645476196562E+003     0.599673608856E-003     0.341813957048E-003     0.173905346568E-005     0.109941257195E-002
     0.646476196562E+003     0.599673608855E-003     0.341813957048E-003     0.173905346568E-005     0.110115162541E-002
     0.647476196562E+003     0.599673608855E-003     0.341813957047E-003     0.173905346567E-005     0.110289067888E-002
     0.648476196562E+003     0.599673608855E-003     0.341813957047E-003     0.173905346567E-005     0.110462973234E-002
     0.649476196562E+003     0.599673608855E-003     0.341813957047E-003     0.173905346567E-005     0.110636878581E-002
     0.650476196562E+003     0.599673608854E-003     0.341813957047E-003     0.173905346567E-005     0.110810783928E-002
     0.651476196562E+003     0.599673608854E-003     0.341813957047E-003     0.173905346567E-005     0.110984689274E-002
     0.652476196562E+003     0.599673608854E-003     0.341813957047E-003     0.173905346567E-005     0.111158594621E-002
     0.653476196562E+003     0.599673608853E-003     0.341813957046E-003     0.173905346567E-005     0.111332499967E-002
     0.654476196562E+003     0.599673608853E-003     0.341813957046E-003     0.173905346567E-005     0.111506405314E-002
     0.655476196562E+003     0.599673608853E-003     0.341813957046E-003     0.173905346567E-005     0.111680310660E-002
     0.656476196562E+003     0.599673608852E-003     0.341813957046E-003     0.173905346567E-005     0.111854216007E-002
     0.657476196562E+003     0.599673608852E-003     0.341813957046E-003     0.173905346566E-005     0.112028121354E-002
     0.658476196562E+003     0.599673608852E-003     0.341813957045E-003     0.173905346566E-005     0.112202026700E-002
     0.659476196562E+003     0.599673608851E-003     0.341813957045E-003     0.173905346566E-005     0.112375932047E-002
     0.660476196562E+003     0.599673608851E-003     0.341813957045E-003     0.173905346566E-005     0.112549837393E-002
     0.661476196562E+003     0.599673608851E-003     0.341813957045E-003     0.173905346566E-005     0.112723742740E-002
     0.662476196562E+003     0.599673608850E-003     0.341813957045E-003     0.173905346566E-005     0.112897648086E-002
     0.663476196562E+003     0.599673608850E-003     0.341813957044E-003     0.173905346566E-005     0.113071553433E-002
     0.664476196562E+003     0.599673608849E-003     0.341813957044E-003     0.173905346566E-005     0.113245458779E-002
     0.665476196562E+003     0.599673608849E-003     0.341813957044E-003     0.173905346566E-005     0.113419364126E-002
     0.666476196562E+003     0.599673608849E-003     0.341813957044E-003     0.173905346565E-005     0.113593269473E-002
     0.667476196562E+003     0.599673608848E-003     0.341813957043E-003     0.173905346565E-005     0.113767174819E-002
     0.668476196562E+003     0.599673608848E-003     0.341813957043E-003     0.173905346565E-005     0.113941080166E-002
     0.669476196562E+003     0.599673608847E-003     0.341813957043E-003     0.173905346565E-005     0.114114985512E-002
     0.670476196562E+003     0.599673608847E-003     0.341813957043E-003     0.173905346565E-005     0.114288890859E-002
     0.671476196562E+003     0.599673608846E-003     0.341813957042E-003     0.173905346565E-005     0.114462796205E-002
     0.672476196562E+003     0.599673608846E-003     0.341813957042E-003     0.173905346565E-005     0.114636701552E-002
     0.673476196562E+003     0.599673608846E-003     0.341813957042E-003     0.173905346564E-005     0.114810606899E-002
     0.674476196562E+003     0.599673608845E-003     0.341813957042E-003     0.173905346564E-005     0.114984512245E-002
     0.675476196562E+003     0.599673608845E-003     0.341813957041E-003     0.173905346564E-005     0.115158417592E-002
     0.676476196562E+003     0.599673608844E-003     0.341813957041E-003     0.173905346564E-005     0.115332322938E-002
     0.677476196562E+003     0.599673608844E-003     0.341813957041E-003     0.173905346564E-005     0.115506228285E-002
     0.678476196562E+003     0.599673608843E-003     0.341813957041E-003     0.173905346564E-005     0.115680133631E-002
     0.679476196562E+003     0.599673608843E-003     0.341813957040E-003     0.173905346564E-005     0.115854038978E-002
     0.680476196562E+003     0.599673608842E-003     0.341813957040E-003     0.173905346563E-005     0.116027944325E-002
     0.681476196562E+003     0.599673608842E-003     0.341813957040E-003     0.173905346563E-005     0.116201849671E-002
     0.682476196562E+003     0.599673608841E-003     0.341813957040E-003     0.173905346563E-005     0.116375755018E-002
     0.683476196562E+003     0.599673608841E-003     0.341813957039E-003     0.173905346563E-005     0.116549660364E-002
     0.684476196562E+003     0.599673608840E-003     0.341813957039E-003     0.173905346563E-005     0.116723565711E-002
     0.685476196562E+003     0.599673608840E-003     0.341813957039E-003     0.173905346563E-005     0.116897471057E-002
     0.686476196562E+003     0.599673608839E-003     0.341813957038E-003     0.173905346562E-005     0.117071376404E-002
     0.687476196562E+003     0.599673608839E-003     0.341813957038E-003     0.173905346562E-005     0.117245281750E-002
     0.688476196562E+003     0.599673608838E-003     0.341813957038E-003     0.173905346562E-005     0.117419187097E-002
     0.689476196562E+003     0.599673608837E-003     0.341813957037E-003     0.173905346562E-005     0.117593092444E-002
     0.690476196562E+003     0.599673608837E-003     0.341813957037E-003     0.173905346562E-005     0.117766997790E-002
     0.691476196562E+003     0.599673608836E-003     0.341813957037E-003     0.173905346561E-005     0.117940903137E-002
     0.692476196562E+003     0.599673608836E-003     0.341813957036E-003     0.173905346561E-005     0.118114808483E-002
     0.693476196562E+003     0.599673608835E-003     0.341813957036E-003     0.173905346561E-005     0.118288713830E-002
     0.694476196562E+003     0.599673608835E-003     0.341813957036E-003     0.173905346561E-005     0.118462619176E-002
     0.695476196562E+003     0.599673608834E-003     0.341813957035E-003     0.173905346561E-005     0.118636524523E-002
     0.696476196562E+003     0.599673608833E-003     0.341813957035E-003     0.173905346561E-005     0.118810429869E-002
     0.697476196562E+003     0.599673608833E-003     0.341813957035E-003     0.173905346560E-005     0.118984335216E-002
     0.698476196562E+003     0.599673608832E-003     0.341813957034E-003     0.173905346560E-005     0.119158240563E-002
     0.699476196562E+003     0.599673608831E-003     0.341813957034E-003     0.173905346560E-005     0.119332145909E-002
     0.700476196562E+003     0.599673608831E-003     0.341813957033E-003     0.173905346560E-005     0.119506051256E-002
     0.701476196562E+003     0.599673608830E-003     0.341813957033E-003     0.173905346560E-005     0.119679956602E-002
     0.702476196562E+003     0.599673608829E-003     0.341813957033E-003     0.173905346559E-005     0.119853861949E-002
     0.703476196562E+003     0.599673608829E-003     0.341813957032E-003     0.173905346559E-005     0.120027767295E-002
     0.704476196562E+003     0.599673608828E-003     0.341813957032E-003     0.173905346559E-005     0.120201672642E-002
     0.705476196562E+003     0.599673608827E-003     0.341813957032E-003     0.173905346559E-005     0.120375577989E-002
     0.706476196562E+003     0.599673608827E-003     0.341813957031E-003     0.173905346558E-005     0.120549483335E-002
     0.707476196562E+003     0.599673608826E-003     0.341813957031E-003     0.173905346558E-005     0.120723388682E-002
     0.708476196562E+003     0.599673608825E-003     0.341813957030E-003     0.173905346558E-005     0.120897294028E-002
     0.709476196562E+003     0.599673608824E-003     0.341813957030E-003     0.173905346558E-005     0.121071199375E-002
     0.710476196562E+003     0.599673608824E-003     0.341813957029E-003     0.173905346557E-005     0.121245104721E-002
     0.711476196562E+003     0.599673608823E-003     0.341813957029E-003     0.173905346557E-005     0.121419010068E-002
     0.712476196562E+003     0.599673608822E-003     0.341813957029E-003     0.173905346557E-005     0.121592915414E-002
     0.713476196562E+003     0.599673608821E-003     0.341813957028E-003     0.173905346557E-005     0.121766820761E-002
     0.714476196562E+003     0.599673608820E-003     0.341813957028E-003     0.173905346556E-005     0.121940726108E-002
     0.715476196562E+003     0.599673608820E-003     0.341813957027E-003     0.173905346556E-005     0.122114631454E-002
     0.716476196562E+003     0.599673608819E-003     0.341813957027E-003     0.173905346556E-005     0.122288536801E-002
     0.717476196562E+003     0.599673608818E-003     0.341813957026E-003     0.173905346556E-005     0.122462442147E-002
     0.718476196562E+003     0.599673608817E-003     0.341813957026E-003     0.173905346555E-005     0.122636347494E-002
     0.719476196562E+003     0.599673608816E-003     0.341813957025E-003     0.173905346555E-005     0.122810252840E-002
     0.720476196562E+003     0.599673608815E-003     0.341813957025E-003     0.173905346555E-005     0.122984158187E-002
     0.721476196562E+003     0.599673608814E-003     0.341813957024E-003     0.173905346555E-005     0.123158063533E-002
     0.722476196562E+003     0.599673608814E-003     0.341813957024E-003     0.173905346554E-005     0.123331968880E-002
     0.723476196562E+003     0.599673608813E-003     0.341813957023E-003     0.173905346554E-005     0.123505874227E-002
     0.724476196562E+003     0.599673608812E-003     0.341813957023E-003     0.173905346554E-005     0.123679779573E-002
     0.725476196562E+003     0.599673608811E-003     0.341813957022E-003     0.173905346553E-005     0.123853684920E-002
     0.726476196562E+003     0.599673608810E-003     0.341813957022E-003     0.173905346553E-005     0.124027590266E-002
     0.727476196562E+003     0.599673608809E-003     0.341813957021E-003     0.173905346553E-005     0.124201495613E-002
     0.728476196562E+003     0.599673608808E-003     0.341813957021E-003     0.173905346553E-005     0.124375400959E-002
     0.729476196562E+003     0.599673608807E-003     0.341813957020E-003     0.173905346552E-005     0.124549306306E-002
     0.730476196562E+003     0.599673608806E-003     0.341813957019E-003     0.173905346552E-005     0.124723211652E-002
     0.731476196562E+003     0.599673608805E-003     0.341813957019E-003     0.173905346552E-005     0.124897116999E-002
     0.732476196562E+003     0.599673608804E-003     0.341813957018E-003     0.173905346551E-005     0.125071022346E-002
     0.733476196562E+003     0.599673608803E-003     0.341813957018E-003     0.173905346551E-005     0.125244927692E-002
     0.734476196562E+003     0.599673608802E-003     0.341813957017E-003     0.173905346551E-005     0.125418833039E-002
     0.735476196562E+003     0.599673608801E-003     0.341813957017E-003     0.173905346550E-005     0.125592738385E-002
     0.736476196562E+003     0.599673608800E-003     0.341813957016E-003     0.173905346550E-005     0.125766643732E-002
     0.737476196562E+003     0.599673608799E-003     0.341813957015E-003     0.173905346550E-005     0.125940549078E-002
     0.738476196562E+003     0.599673608798E-003     0.341813957015E-003     0.173905346549E-005     0.126114454425E-002
     0.739476196562E+003     0.599673608797E-003     0.341813957014E-003     0.173905346549E-005     0.126288359771E-002
     0.740476196562E+003     0.599673608795E-003     0.341813957013E-003     0.173905346549E-005     0.126462265118E-002
     0.741476196562E+003     0.599673608794E-003     0.341813957013E-003     0.173905346548E-005     0.126636170464E-002
     0.742476196562E+003     0.599673608793E-003     0.341813957012E-003     0.173905346548E-005     0.126810075811E-002
     0.743476196562E+003     0.599673608792E-003     0.341813957011E-003     0.173905346548E-005     0.126983981158E-002
     0.744476196562E+003     0.599673608791E-003     0.341813957011E-003     0.173905346547E-005     0.127157886504E-002
     0.745476196562E+003     0.599673608790E-003     0.341813957010E-003     0.173905346547E-005     0.127331791851E-002
     0.746476196562E+003     0.599673608788E-003     0.341813957009E-003     0.173905346546E-005     0.127505697197E-002
     0.747476196562E+003     0.599673608787E-003     0.341813957009E-003     0.173905346546E-005     0.127679602544E-002
     0.748476196562E+003     0.599673608786E-003     0.341813957008E-003     0.173905346546E-005     0.127853507890E-002
     0.749476196562E+003     0.599673608785E-003     0.341813957007E-003     0.173905346545E-005     0.128027413237E-002
     0.750476196562E+003     0.599673608783E-003     0.341813957007E-003     0.173905346545E-005     0.128201318583E-002
     0.751476196562E+003     0.599673608782E-003     0.341813957006E-003     0.173905346545E-005     0.128375223930E-002
     0.752476196562E+003     0.599673608781E-003     0.341813957005E-003     0.173905346544E-005     0.128549129276E-002
     0.753476196562E+003     0.599673608780E-003     0.341813957004E-003     0.173905346544E-005     0.128723034623E-002
