 #              _____________________  _______________________             #
 #              ___  __ \__  __ \_  / / /_  /___  ____/_  ___/             #
 #              __  / / /_  /_/ /  / / /_  __/_  __/  _____ \              #
 #              _  /_/ /_  _, _// /_/ / / /_ _  /___  ____/ /              #
 #              /_____/ /_/ |_| \____/  \__/ /_____/  /____/               #
 #                                                                         #
  
 #        time                      [L]                   runoff elevation [m a.m.s.l]       runoff flux [L3.T-1.L-2]   in    x              directions   cumulative flux
 #-----------------------------------------------------------------------------------------------

   0.0000000000000000        0.0000000000000000       -0.0000000000000000        0.0000000000000000     
   1.0000000000000000E-004   0.0000000000000000       -0.0000000000000000        0.0000000000000000     
   2.0600000000000002E-004   0.0000000000000000       -0.0000000000000000        0.0000000000000000     
   3.1836000000000006E-004   0.0000000000000000       -0.0000000000000000        0.0000000000000000     
   4.3746160000000009E-004   0.0000000000000000       -0.0000000000000000        0.0000000000000000     
   5.6370929600000014E-004   3.1859614935337248E-008  -6.4158735344168786E-018   6.4158735344168786E-018
   6.9753185376000013E-004   4.4654270513909958E-007  -5.2274905412389476E-016   5.2916492765831167E-016
   8.3938376498560023E-004   1.1879105062596775E-006  -2.6698967272693127E-015   3.1990616549276244E-015
   9.8974679088473629E-004   2.2254167130133915E-006  -7.6010542618461664E-015   1.0800115916773791E-014
   1.1491315983378205E-003   3.5427167769573766E-006  -1.6497405423675365E-014   2.7297521340449155E-014
   1.3180794942380899E-003   5.1322146750076129E-006  -3.0598228318782485E-014   5.7895749659231633E-014
   1.4971642638923754E-003   6.9921729593261852E-006  -5.1232065037019753E-014   1.0912781469625139E-013
   1.6869941197259180E-003   9.1250659926175865E-006  -7.9845102109310039E-014   1.8897291680556144E-013
   1.8882137669094731E-003   1.1536591326279266E-005  -1.1802774363197352E-013   3.0700066043753499E-013
   2.1015065929240414E-003   1.4235054418246929E-005  -1.6754062975815783E-013   4.7454129019569281E-013
   2.3275969884994840E-003   1.7230977474222575E-005  -2.3034110636605614E-013   7.0488239656174896E-013
   2.5672528078094533E-003   2.0536849474217308E-005  -3.0861092095729250E-013   1.0134933175190414E-012
   2.8212879762780207E-003   2.4166968997574964E-005  -4.0478576582690479E-013   1.4182790833459462E-012
   3.0905652548547020E-003   2.8137350460066761E-005  -5.2158719853656371E-013   1.9398662818825100E-012
   3.3759991701459843E-003   3.2465675308708735E-005  -6.6205742247722448E-013   2.6019237043597346E-012
   3.6785591203547436E-003   3.7171276259277268E-005  -8.2959739267819640E-013   3.4315210970379310E-012
   3.9992726675760282E-003   4.2275146708318309E-005  -1.0280087148622932E-012   4.4595298119002242E-012
   4.3392290276305897E-003   4.7799970032346272E-005  -1.2615398234120255E-012   5.7210696353122492E-012
   4.6995827692884254E-003   5.3770165178183558E-005  -1.5349369529993450E-012   7.2560065883115942E-012
   5.0815577354457308E-003   6.0211946084592175E-005  -1.8535004571618097E-012   9.1095070454734039E-012
   5.4864511995724747E-003   6.7153393256663398E-005  -2.2231470740064270E-012   1.1332654119479831E-011
   5.9156382715468232E-003   7.4624536363864302E-005  -2.6504787940033678E-012   1.3983132913483198E-011
   6.3705765678396331E-003   8.2657447127620998E-005  -3.1428590474072872E-012   1.7125991960890484E-011
   6.8528111619100118E-003   9.1286342054669101E-005  -3.7084969994070037E-012   2.0834488960297486E-011
   7.3639798316246126E-003   1.0054769479082894E-004  -4.3565408200584909E-012   2.5191029780355978E-011
   7.9058186215220892E-003   1.1048035803823682E-004  -5.0971808839736907E-012   3.0288210664329669E-011
   8.4801677388134152E-003   1.2112569511226312E-004  -5.9417639523358560E-012   3.6229974616665523E-011
   9.0889778031422210E-003   1.3252772132265581E-004  -6.9029194979404151E-012   4.3132894114605939E-011
   9.7343164713307555E-003   1.4473325545409356E-004  -7.9946994535972485E-012   5.1127593568203186E-011
   1.0418375459610602E-002   1.5779208169945511E-004  -9.2327327964821616E-012   6.0360326364685352E-011
   1.1143477987187239E-002   1.7175712246844072E-004  -1.0634396527134117E-011   7.0994722891819469E-011
   1.1912086666418473E-002   1.8668462255744866E-004  -1.2219004763143144E-011   8.3213727654962619E-011
   1.2726811866403582E-002   2.0263434522585396E-004  -1.4008017845697950E-011   9.7221745500660572E-011
   1.3590420578387798E-002   2.1966978078060342E-004  -1.6025273553762853E-011   1.1324701905442343E-010
   1.4505845813091067E-002   2.3785836832652694E-004  -1.8297242737612809E-011   1.3154426179203623E-010
   1.5476196561876531E-002   2.5727173139490460E-004  -2.0853311922850868E-011   1.5239757371488710E-010
   1.6504768355589124E-002   2.7798592821837956E-004  -2.3726095700160150E-011   1.7612366941504726E-010
   1.7595054456924473E-002   3.0008171747689089E-004  -2.6951782007434669E-011   2.0307545142248193E-010
   1.8750757724339942E-002   3.2364484039743989E-004  -3.0570513732384638E-011   2.3364596515486654E-010
   1.9975803187800338E-002   3.4876632015065509E-004  -3.4626810418304442E-011   2.6827277557317097E-010
   2.1274351379068360E-002   3.7554277954968547E-004  -3.9170034246824128E-011   3.0744280981999509E-010
   2.2650812461812463E-002   4.0407677812230174E-004  -4.4254904902886641E-011   3.5169771472288172E-010
   2.4109861209521213E-002   4.3447716969556609E-004  -4.9942068403036647E-011   4.0163978312591835E-010
   2.5656452882092486E-002   4.6685948170436159E-004  -5.6298725492927295E-011   4.5793850861884563E-010
   2.7295840055018037E-002   5.0134631751079636E-004  -6.3399325798777130E-011   5.2133783441762272E-010
   2.9033590458319120E-002   5.3806778310131419E-004  -7.1326334555875289E-011   5.9266416897349798E-010
   3.0875605885818270E-002   5.7716193961257370E-004  -8.0171079441246795E-011   6.7283524841474481E-010
   3.2828142238967364E-002   6.1877528322615543E-004  -9.0034685813987038E-011   7.6286993422873183E-010
   3.4897830773305411E-002   6.6306325406621509E-004  -1.0102910952296998E-010   8.6389904375170181E-010
   3.7091700619703738E-002   7.1019077583369392E-004  -1.1327827738581481E-010   9.7717732113751663E-010
   3.9417202656885961E-002   7.6033282801599308E-004  -1.2691934648417971E-010   1.1040966676216963E-009
   4.1882234816299123E-002   8.1367505262244690E-004  -1.4210409456857506E-010   1.2462007621902715E-009
   4.4495168905277070E-002   8.7041439751395124E-004  -1.5900045513192115E-010   1.4052012173221925E-009
   4.7264879039593699E-002   9.3075979852006178E-004  -1.7779421210708674E-010   1.5829954294292792E-009
   5.0200771781969321E-002   9.9493290266926032E-004  -1.9869087068296355E-010   1.7816863001122428E-009
   5.3312818088887486E-002   1.0631688349983267E-003  -2.2191772243092709E-010   2.0036040225431698E-009
   5.6611587174220740E-002   1.1357170115553351E-003  -2.4772612480499464E-010   2.2513301473481644E-009
   6.0108282404673988E-002   1.2128420013682438E-003  -2.7639401714245420E-010   2.5277241644906187E-009
   6.3814779348954437E-002   1.2948244403178731E-003  -3.0822869756685095E-010   2.8359528620574697E-009
   6.7743666109891701E-002   1.3819620000308807E-003  -3.4356988770367622E-010   3.1795227497611461E-009
   7.1908286076485209E-002   1.4745704150957259E-003  -3.8279311488477503E-010   3.5623158646459210E-009
   7.6322783241074332E-002   1.5729845721031885E-003  -4.2631344456670857E-010   3.9886293092126292E-009
   8.1002150235538792E-002   1.6775596642234960E-003  -4.7458959905010579E-010   4.4632189082627347E-009
   8.5962279249671120E-002   1.7886724152551940E-003  -5.2812850229340132E-010   4.9913474105561362E-009
   9.1220016004651391E-002   1.9067223773173428E-003  -5.8749029470054115E-010   5.5788377052566776E-009
   9.6793216964930484E-002   2.0321333066072420E-003  -6.5329386626711370E-010   6.2321315715237910E-009
  0.10270080998282632        2.1653546219115266E-003  -7.2622296143577012E-010   6.9583545329595614E-009
  0.10896285858179591        2.3068629508400437E-003  -8.0703291448694103E-010   7.7653874474465024E-009
  0.11560063009670367        2.4571637690503942E-003  -8.9655808032681160E-010   8.6619455277733146E-009
  0.12263666790250589        2.6167931380473410E-003  -9.9572003218857936E-010   9.6576655599618946E-009
  0.13009486797665626        2.7863195474766454E-003  -1.1055366050984992E-009   1.0763202165060394E-008
  0.13800056005525563        2.9663458681883281E-003  -1.2271318720447253E-009   1.1990334037105119E-008
  0.14638059365857098        3.1575114227211055E-003  -1.3617471487013344E-009   1.3352081185806453E-008
  0.15526342927808526        3.3604941802591426E-003  -1.5107531323868105E-009   1.4862834318193264E-008
  0.16467923503477039        3.5760130835355763E-003  -1.6756632917689594E-009   1.6538497609962225E-008
  0.17465998913685662        3.8048305156060131E-003  -1.8581486357695853E-009   1.8396646245731811E-008
  0.18523958848506802        4.0477549148908295E-003  -2.0600540032855657E-009   2.0456700249017376E-008
  0.19645396379417213        4.3056435473893479E-003  -2.2834160298532320E-009   2.2740116278870607E-008
  0.20834120162182246        4.5794054455033407E-003  -2.5304829633777119E-009   2.5270599242248319E-008
  0.22094167371913181        4.8700045234739064E-003  -2.8037365186800736E-009   2.8074335760928393E-008
  0.23429817414227974        5.1784628800362270E-003  -3.1059159800497523E-009   3.1180251740978145E-008
  0.24845606459081654        5.5058642995332628E-003  -3.4400447824122893E-009   3.4620296523390436E-008
  0.26346342846626553        5.8533579634042062E-003  -3.8094598253359959E-009   3.8429756348726431E-008
  0.27937123417424148        6.2221623846787479E-003  -4.2178438001296291E-009   4.2647600148856059E-008
  0.29623350822469596        6.6135695788663486E-003  -4.6692608389733333E-009   4.7316860987829392E-008
  0.31410751871817771        7.0289494854333077E-003  -5.1681958266487351E-009   5.2485056814478124E-008
  0.33305396984126839        7.4697546549124545E-003  -5.7195977502914415E-009   5.8204654564769567E-008
  0.35313720803174453        7.9375252175930486E-003  -6.3289275010096691E-009   6.4533582065779235E-008
  0.37442544051364923        8.4338941506958490E-003  -7.0022105835614725E-009   7.1535792649340711E-008
  0.39699096694446823        8.9605928619527868E-003  -7.7460952369603696E-009   7.9281887886301086E-008
  0.42091042496113634        9.5194571085862930E-003  -8.5679165203279677E-009   8.7849804406629058E-008
  0.44626505045880455        1.0112433271823278E-002  -9.4757669750191936E-009   9.7325571381648257E-008
  0.47314095348633284        1.0741585008287242E-002  -1.0478574536548634E-008   1.0780414591819690E-007
  0.50162941069551281        1.1409100300892960E-002  -1.1586188438736742E-008   1.1939033435693363E-007
  0.53182717533724366        1.2117298933226021E-002  -1.2809473928425051E-008   1.3219980828535867E-007
  0.56383680585747831        1.2868640412828784E-002  -1.4160416692798476E-008   1.4636022497815715E-007
  0.59776701420892708        1.3665732370340007E-002  -1.5652237993593410E-008   1.6201246297175057E-007
  0.63373303506146272        1.4511339463052718E-002  -1.7299521604135197E-008   1.7931198457588577E-007
  0.67185701716515056        1.5408392813168869E-002  -1.9118353757199802E-008   1.9843033833308556E-007
  0.71226843819505958        1.6360000012847004E-002  -2.1126477435194924E-008   2.1955681576828048E-007
  0.75510454448676323        1.7369455730064678E-002  -2.3343462470269858E-008   2.4290027823855035E-007
  0.80051081715596906        1.8440252951359745E-002  -2.5790893071985169E-008   2.6869117131053553E-007
  0.84864146618532721        1.9576094899678459E-002  -2.8492574565516335E-008   2.9718374587605187E-007
  0.89965995415644684        2.0780907667852812E-002  -3.1474761305599782E-008   3.2865850718165163E-007
  0.95373955140583366        2.2058853610661046E-002  -3.4766407932275063E-008   3.6342491511392672E-007
   1.0110639244901838        2.3414345541003304E-002  -3.8399446355837286E-008   4.0182436146976402E-007
   1.0718277599595949        2.4852061778456606E-002  -4.2409091102380335E-008   4.4423345257214437E-007
   1.1362374255571706        2.6376962101369715E-002  -4.6834175920193758E-008   4.9106762849233815E-007
   1.2045116710906008        2.7994304656728846E-002  -5.1717524843617963E-008   5.4278515333595608E-007
   1.2768823713560369        2.9709663885279146E-002  -5.7106361237563831E-008   5.9989151457351997E-007
   1.3535953136373993        3.1528949522837017E-002  -6.3052758705857911E-008   6.6294427327937785E-007
   1.4349110324556433        3.3458426742384799E-002  -6.9614138143282361E-008   7.3255841142266023E-007
   1.5211056944029819        3.5504737505415260E-002  -7.6853815648393449E-008   8.0941222707105370E-007
   1.6124720360671609        3.7674923195102447E-002  -8.4841606496060822E-008   8.9425383356711448E-007
   1.7093203582311907        3.9976448608230165E-002  -9.3654490899721695E-008   9.8790832446683609E-007
   1.8119795797250622        4.2417227387426266E-002  -1.0337734787861891E-007   1.0912856723454549E-006
   1.9207983545085661        4.5005648980144405E-002  -1.1410376419031727E-007   1.2053894365357722E-006
   2.0361462557790801        4.7750607216021874E-002  -1.2593692599966883E-007   1.3313263625354411E-006
   2.1584150311258252        5.0661530599740982E-002  -1.3899060173884753E-007   1.4703169642742886E-006
   2.2880199329933748        5.3748414422349247E-002  -1.5339022547649870E-007   1.6237071897507873E-006
   2.4254011289729775        5.7021854800172564E-002  -1.6927409106561922E-007   1.7929812808164064E-006
   2.5710251967113562        6.0493084757003331E-002  -1.8679466838848156E-007   1.9797759492048879E-006
   2.7253867085140375        6.4174012472188138E-002  -2.0612005417267048E-007   2.1858960033775583E-006
   2.8890099110248801        6.8077261824597390E-002  -2.2743557112601847E-007   2.4133315745035766E-006
   3.0624505056863729        7.2216215370258935E-002  -2.5094553054196100E-007   2.6642771050455377E-006
   3.2462975360275554        7.6605059899706424E-002  -2.7687517507384480E-007   2.9411522801193825E-006
   3.4411753881892091        8.1258834729855650E-002  -3.0547282008162524E-007   3.2466251002010077E-006
   3.6477459114805617        8.6193482894513382E-002  -3.3701221383331478E-007   3.5836373140343225E-006
   3.8667106661693955        9.1425905407469032E-002  -3.7179513891422376E-007   3.9554324529485463E-006
   4.0988133061395597        9.6974018782558513E-002  -4.1015427947905522E-007   4.3655867324276016E-006
   4.3448421045079337       0.10285681600615360       -4.5245638149683810E-007   4.8180431139244393E-006
   4.6056326307784099       0.10909443116925813       -4.9910573591025248E-007   5.3171488498346916E-006
   4.8820705886251146       0.11570820797882497       -5.5054801768533814E-007   5.8676968675200294E-006
   5.1750948239426213       0.12272077238108481       -6.0727451709371465E-007   6.4749713846137442E-006
   5.4857005133791787       0.13015610954364679       -6.6982680327908969E-007   7.1447981878928338E-006
   5.8149425441819300       0.13803964545793879       -7.3880186424806663E-007   7.8836000521409005E-006
   6.1639390968328458       0.14639833343924763       -8.1485777193064086E-007   8.6984578240715414E-006
   6.5338754426428167       0.15526074581825974       -8.9871992592096212E-007   9.5971777499925031E-006
   6.9260079692013861       0.16465717113563622       -9.9118793498074366E-007   1.0588365684973247E-005
   7.3416684473534692       0.17461971716984873       -1.0931432014178632E-006   1.1681508886391109E-005
   7.7822685541946779       0.18518242014832029       -1.2055572800982088E-006   1.2887066166489318E-005
   8.2493046674463599       0.19638136051291674       -1.3295010911723957E-006   1.4216567257661714E-005
   8.7443629474931424       0.20825478563309927       -1.4661550736698299E-006   1.5682722331331545E-005
   9.2691247243427313       0.22084323988364948       -1.6168203760069918E-006   1.7299542707338536E-005
   9.8253722078032961       0.23418970252889368       -1.7829311892586928E-006   1.9082473896597228E-005
   10.414994540271495       0.24833973388187044       -1.9660683398430842E-006   2.1048542236440311E-005
   11.039994212687786       0.26334163023499424       -2.1679742701753611E-006   2.3216516506615672E-005
   11.702493865449053       0.27924658808856162       -2.3905695489638359E-006   2.5607086055579506E-005
   12.404743497375996       0.29610887823503018       -2.6359710672793049E-006   2.8243057122858812E-005
   13.149128107218557       0.31398603029047795       -2.9065120924608997E-006   3.1149569215319711E-005
   13.938175793651672       0.33293902830013566       -3.2047643694793834E-006   3.4354333584799097E-005
   14.774566341270774       0.35303251808250180       -3.5335624787280121E-006   3.7887896063527108E-005
   15.661140321747020       0.37433502701642063       -3.8960306805342262E-006   4.1783926744061337E-005
   16.600908741051843       0.39691919701776790       -4.2956125001841281E-006   4.6079539244245465E-005
   17.597063265514954       0.42086203149698870       -4.7361033331439308E-006   5.0815642577389397E-005
   18.652987061445852       0.44624515712843393       -5.2216863785475152E-006   5.6037328955936911E-005
   19.772266285132606       0.47315510111079734       -5.7569722363229082E-006   6.1794301192259825E-005
   20.958702262240564       0.50168358110708544       -6.3470424618925908E-006   6.8141343654152414E-005
   22.216324397974997       0.53192776226766636       -6.9974964458803493E-006   7.5138840100032764E-005
   23.549403861853499       0.56399007570108273       -7.7144924901165721E-006   8.2853332590149338E-005
   24.962468093564709       0.59797509316383801       -8.5047212267254691E-006   9.1358053816874800E-005
   26.460316179178594       0.63397265819782711       -9.3750257861034983E-006   1.0073307960297830E-004
   28.048035149929312       0.67199594294543419       -1.0330769598659073E-005   1.1106384920163737E-004
   29.731017258925071       0.71182053818584201       -1.1371186477056307E-005   1.2243503567869367E-004
   31.514978294460576       0.75270222473626125       -1.2480354556258457E-005   1.3491539023495212E-004
   33.405976992128210       0.79310230596123654       -1.3616650118277822E-005   1.4853204035322995E-004
   35.410435611655906       0.83072898434537623       -1.4710266124099523E-005   1.6324230647732948E-004
   37.535161748355264       0.86311253757923112       -1.5678360014510368E-005   1.7892066649183986E-004
   39.787371453256583       0.88847860915823518       -1.6453812771351540E-005   1.9537447926319139E-004
   42.174713740451978       0.90634154224477093       -1.7008841520695785E-005   2.1238332078388718E-004
   44.705296564879099       0.91746491480869863       -1.7358173808251373E-005   2.2974149459213856E-004
   47.387714358771845       0.92334977695253739       -1.7544136798268263E-005   2.4728563139040684E-004
   50.231077220298161       0.92564887878408986       -1.7617004139384847E-005   2.6490263552979168E-004
   53.245041853516049       0.92577598273667050       -1.7621036073809040E-005   2.8252367160360071E-004
   56.439844364727016       0.92475676177148125       -1.7588715191867949E-005   3.0011238679546865E-004
   59.826335026610636       0.92324467249261877       -1.7540808523505184E-005   3.1765319531897382E-004
   63.416015128207277       0.92160885826979011       -1.7489040819343793E-005   3.3514223613831764E-004
   67.221076035899713       0.92003155938430670       -1.7439182892088576E-005   3.5258141903040622E-004
   71.254440598053705       0.91858638148692950       -1.7393551263065070E-005   3.6997497029347129E-004
   75.529807033936933       0.91729097480103849       -1.7352689329542143E-005   3.8732765962301346E-004
   80.061695455973151       0.91613808951276865       -1.7316355388380381E-005   4.0464401501139383E-004
   84.865497183331541       0.91511181301854105       -1.7284037240551367E-005   4.2192805225194519E-004
   89.865497183331541       0.91422955115802673       -1.7256273518928375E-005   4.3918432577087356E-004
   94.865497183331541       0.91354492950502353       -1.7234741601221975E-005   4.5641906737209554E-004
   99.865497183331541       0.91303919524576771       -1.7218842746695969E-005   4.7363791011879153E-004
   104.86549718333154       0.91268554952286907       -1.7207728612907384E-005   4.9084563873169889E-004
   109.86549718333154       0.91245468665798690       -1.7200474762697276E-005   5.0804611349439613E-004
   114.86549718333154       0.91231690252393305       -1.7196146085225167E-005   5.2524225957962134E-004
   119.86549718333154       0.91224454187956661       -1.7193872950912497E-005   5.4243613253053384E-004
   124.86549718333154       0.91221446252757188       -1.7192928074751619E-005   5.5962906060528540E-004
   129.86549718333154       0.91220937421757109       -1.7192768238827063E-005   5.7682182884411242E-004
   134.86549718333154       0.91221770060835283       -1.7193029790883315E-005   5.9401485863499570E-004
   139.86549718333154       0.91223244200635867       -1.7193492857722414E-005   6.1120835149271809E-004
   144.86549718333154       0.91224974568674477       -1.7194036419086339E-005   6.2840238791180448E-004
   149.86549718333154       0.91226767160320199       -1.7194599534031414E-005   6.4559698744583584E-004
   154.86549718333154       0.91228532885916724       -1.7195154216634380E-005   6.6279214166247021E-004
   159.86549718333154       0.91230235402338911       -1.7195689049572067E-005   6.7998783071204229E-004
   164.86549718333154       0.91231862927295981       -1.7196200330716638E-005   6.9718403104275896E-004
   169.86549718333154       0.91233414297207194       -1.7196687693686460E-005   7.1438071873644539E-004
   174.86549718333154       0.91234892543529633       -1.7197152090015998E-005   7.3157787082646136E-004
   179.86549718333154       0.91236302103064337       -1.7197594912819472E-005   7.4877546573928083E-004
   184.86549718333154       0.91237647671679833       -1.7198017636691499E-005   7.6597348337597237E-004
   189.86549718333154       0.91238933764992602       -1.7198421679685571E-005   7.8317190505565795E-004
   194.86549718333154       0.91240164571547588       -1.7198808357178934E-005   8.0037071341283684E-004
   199.86549718333154       0.91241343922607399       -1.7199178872370928E-005   8.1756989228520772E-004
   204.86549718333154       0.91242475305920379       -1.7199534320598779E-005   8.3476942660580652E-004
   209.86549718333154       0.91243561894104352       -1.7199875698246398E-005   8.5196930230405294E-004
   214.86549718333154       0.91244606576028253       -1.7200203912596316E-005   8.6916950621664926E-004
   219.86549718333154       0.91245611986831532       -1.7200519791254768E-005   8.8637002600790399E-004
   224.86549718333154       0.91246580535147015       -1.7200824090699091E-005   9.0357085009860308E-004
   229.86549718333154       0.91247514427272491       -1.7201117503867354E-005   9.2077196760247039E-004
   234.86549718333154       0.91248415688429685       -1.7201400666833577E-005   9.3797336826930398E-004
   239.86549718333154       0.91249286181434619       -1.7201674164670185E-005   9.5517504243397414E-004
   244.86549718333154       0.91250127623095989       -1.7201938536597238E-005   9.7237698097057143E-004
   249.86549718333154       0.91250941598637314       -1.7202194280511077E-005   9.8957917525108251E-004
   254.86549718333154       0.91251729574426377       -1.7202441856981538E-005   1.0067816171080641E-003
   259.86549718333151       0.91252492909220706       -1.7202681692783245E-005   1.0239842988008473E-003
   264.86549718333151       0.91253232864138667       -1.7202914184026703E-005   1.0411872129848739E-003
   269.86549718333151       0.91253950611527579       -1.7203139698943129E-005   1.0583903526838170E-003
   274.86549718333151       0.91254647242852183       -1.7203358580361619E-005   1.0755937112641788E-003
   279.86549718333151       0.91255323775753916       -1.7203571147926000E-005   1.0927972824121047E-003
   284.86549718333151       0.91255981160361510       -1.7203777700076549E-005   1.1100010601121813E-003
   289.86549718333151       0.91256620284956858       -1.7203978515829305E-005   1.1272050386280106E-003
   294.86549718333151       0.91257241981064952       -1.7204173856374501E-005   1.1444092124843850E-003
   299.86549718333151       0.91257847028046291       -1.7204363966518772E-005   1.1616135764509039E-003
   304.86549718333151       0.91258436157235856       -1.7204549075984996E-005   1.1788181255268889E-003
   309.86549718333151       0.91259010055689771       -1.7204729400588912E-005   1.1960228549274779E-003
   314.86549718333151       0.91259569369579130       -1.7204905143304977E-005   1.2132277600707829E-003
   319.86549718333151       0.91260114707274786       -1.7205076495235126E-005   1.2304328365660181E-003
   324.86549718333151       0.91260646642143184       -1.7205243636486855E-005   1.2476380802025049E-003
   329.86549718333151       0.91261165715103509       -1.7205406736976279E-005   1.2648434869394812E-003
   334.86549718333151       0.91261672436951724       -1.7205565957158063E-005   1.2820490528966393E-003
   339.86549718333151       0.91262167290484453       -1.7205721448692432E-005   1.2992547743453317E-003
   344.86549718333151       0.91262650732451545       -1.7205873355058397E-005   1.3164606477003900E-003
   349.86549718333151       0.91263123195329565       -1.7206021812110777E-005   1.3336666695125008E-003
   354.86549718333151       0.91263585088966070       -1.7206166948596611E-005   1.3508728364610974E-003
   359.86549718333151       0.91264036802075843       -1.7206308886625073E-005   1.3680791453477225E-003
   364.86549718333151       0.91264478703625207       -1.7206447742102259E-005   1.3852855930898246E-003
   369.86549718333151       0.91264911144103955       -1.7206583625130663E-005   1.4024921767149554E-003
   374.86549718333151       0.91265334456703318       -1.7206716640379178E-005   1.4196988933553346E-003
   379.86549718333151       0.91265748958393800       -1.7206846887421591E-005   1.4369057402427562E-003
   384.86549718333151       0.91266154950933376       -1.7206974461053256E-005   1.4541127147038094E-003
   389.86549718333151       0.91266552721790994       -1.7207099451581152E-005   1.4713198141553905E-003
   394.86549718333151       0.91266942545006124       -1.7207221945093861E-005   1.4885270361004843E-003
   399.86549718333151       0.91267324681987472       -1.7207342023712425E-005   1.5057343781241968E-003
   404.86549718333151       0.91267699382251799       -1.7207459765822405E-005   1.5229418378900192E-003
   409.86549718333151       0.91268066884108512       -1.7207575246288913E-005   1.5401494131363081E-003
   414.86549718333151       0.91268427415303410       -1.7207688536658803E-005   1.5573571016729670E-003
   419.86549718333151       0.91268781193610937       -1.7207799705346689E-005   1.5745649013783137E-003
   424.86549718333151       0.91269128427390311       -1.7207908817809637E-005   1.5917728101961233E-003
   429.86549718333151       0.91269469316102680       -1.7208015936709602E-005   1.6089808261328328E-003
   434.86549718333151       0.91269804050795422       -1.7208121122065528E-005   1.6261889472548984E-003
   439.86549718333151       0.91270132814550020       -1.7208224431394047E-005   1.6433971716862926E-003
   444.86549718333151       0.91270455782906679       -1.7208325919842853E-005   1.6606054976061354E-003
   449.86549718333151       0.91270773124260440       -1.7208425640315117E-005   1.6778139232464506E-003
   454.86549718333151       0.91271085000228858       -1.7208523643584960E-005   1.6950224468900356E-003
   459.86549718333151       0.91271391566002091       -1.7208619978407458E-005   1.7122310668684431E-003
   464.86549718333151       0.91271692970662699       -1.7208714691619059E-005   1.7294397815600623E-003
   469.86549718333151       0.91271989357497629       -1.7208807828235598E-005   1.7466485893882979E-003
   474.86549718333151       0.91272280864280753       -1.7208899431541048E-005   1.7638574888198390E-003
   479.86549718333151       0.91272567623544110       -1.7208989543172706E-005   1.7810664783630117E-003
   484.86549718333151       0.91272849762833397       -1.7209078203201460E-005   1.7982755565662133E-003
   489.86549718333151       0.91273127404942067       -1.7209165450205322E-005   1.8154847220164187E-003
   494.86549718333151       0.91273400668141780       -1.7209251321341800E-005   1.8326939733377605E-003
   499.86549718333151       0.91273669666392421       -1.7209335852413907E-005   1.8499033091901743E-003
   504.86549718333151       0.91273934509541599       -1.7209419077932784E-005   1.8671127282681070E-003
   509.86549718333151       0.91274195303514916       -1.7209501031177498E-005   1.8843222292992845E-003
   514.86549718333151       0.91274452150492036       -1.7209581744250327E-005   1.9015318110435348E-003
   519.86549718333151       0.91274705149078950       -1.7209661248130894E-005   1.9187414722916657E-003
   524.86549718333151       0.91274954394464580       -1.7209739572725348E-005   1.9359512118643910E-003
   529.86549718333151       0.91275199978572430       -1.7209816746913998E-005   1.9531610286113049E-003
   534.86549718333151       0.91275441990200035       -1.7209892798595135E-005   1.9703709214099001E-003
   539.86549718333151       0.91275680515161584       -1.7209967754729821E-005   1.9875808891646300E-003
   544.86549718333151       0.91275915636410587       -1.7210041641380414E-005   2.0047909308060106E-003
   549.86549718333151       0.91276147434161337       -1.7210114483748741E-005   2.0220010452897592E-003
   554.86549718333151       0.91276375986005120       -1.7210186306212597E-005   2.0392112315959720E-003
   559.86549718333151       0.91276601367019583       -1.7210257132360098E-005   2.0564214887283322E-003
   564.86549718333151       0.91276823649870997       -1.7210326985021809E-005   2.0736318157133539E-003
   569.86549718333151       0.91277042904917094       -1.7210395886303041E-005   2.0908422115996569E-003
   574.86549718333151       0.91277259200297534       -1.7210463857612283E-005   2.1080526754572691E-003
   579.86549718333151       0.91277472602022736       -1.7210530919689102E-005   2.1252632063769581E-003
   584.86549718333151       0.91277683174056357       -1.7210597092630045E-005   2.1424738034695884E-003
   589.86549718333151       0.91277890978405463       -1.7210662395916973E-005   2.1596844658655053E-003
   594.86549718333151       0.91278096075184034       -1.7210726848437008E-005   2.1768951927139423E-003
   599.86549718333151       0.91278298522700252       -1.7210790468509960E-005   2.1941059831824521E-003
   604.86549718333151       0.91278498377512163       -1.7210853273905803E-005   2.2113168364563578E-003
   609.86549718333151       0.91278695694504985       -1.7210915281868966E-005   2.2285277517382269E-003
   614.86549718333151       0.91278890526947920       -1.7210976509136179E-005   2.2457387282473632E-003
   619.86549718333151       0.91279082926559918       -1.7211036971957138E-005   2.2629497652193204E-003
   624.86549718333151       0.91279272943562650       -1.7211096686111132E-005   2.2801608619054314E-003
   629.86549718333151       0.91279460626738518       -1.7211155666925288E-005   2.2973720175723565E-003
   634.86549718333151       0.91279646023483840       -1.7211213929291252E-005   2.3145832315016480E-003
   639.86549718333151       0.91279829179853678       -1.7211271487679304E-005   2.3317945029893272E-003
   644.86549718333151       0.91280010140617296       -1.7211328356155751E-005   2.3490058313454828E-003
   649.86549718333151       0.91280188949301000       -1.7211384548396400E-005   2.3662172158938790E-003
   654.86549718333151       0.91280365648233719       -1.7211440077700872E-005   2.3834286559715799E-003
   659.86549718333151       0.91280540278584532       -1.7211494957004400E-005   2.4006401509285842E-003
   664.86549718333151       0.91280712880407056       -1.7211549198891759E-005   2.4178517001274759E-003
   669.86549718333151       0.91280883492677034       -1.7211602815609091E-005   2.4350633029430850E-003
   674.86549718333151       0.91281052153329889       -1.7211655819075686E-005   2.4522749587621608E-003
   679.86549718333151       0.91281218899298222       -1.7211708220895783E-005   2.4694866669830564E-003
   684.86549718333151       0.91281383766539104       -1.7211760032367115E-005   2.4866984270154233E-003
   689.86549718333151       0.91281546790072876       -1.7211811264493123E-005   2.5039102382799164E-003
   694.86549718333151       0.91281708004012596       -1.7211861927992204E-005   2.5211221002079086E-003
   699.86549718333151       0.91281867441593167       -1.7211912033306853E-005   2.5383340122412156E-003
   704.86549718333151       0.91282025135202194       -1.7211961590613354E-005   2.5555459738318288E-003
   709.86549718333151       0.91282181116405703       -1.7212010609829876E-005   2.5727579844416586E-003
   714.86549718333151       0.91282335415974425       -1.7212059100624718E-005   2.5899700435422831E-003
   719.86549718333151       0.91282488063912104       -1.7212107072425206E-005   2.6071821506147082E-003
   724.86549718333151       0.91282639089477891       -1.7212154534424720E-005   2.6243943051491329E-003
   729.86549718333151       0.91282788521208946       -1.7212201495589816E-005   2.6416065066447226E-003
   734.86549718333151       0.91282936386945990       -1.7212247964668232E-005   2.6588187546093909E-003
   739.86549718333151       0.91283082713850949       -1.7212293950194434E-005   2.6760310485595853E-003
   744.86549718333151       0.91283227528433764       -1.7212339460498052E-005   2.6932433880200832E-003
   749.86549718333151       0.91283370856567503       -1.7212384503708621E-005   2.7104557725237920E-003
   754.86549718333151       0.91283512723509086       -1.7212429087762084E-005   2.7276682016115542E-003
   759.86549718333151       0.91283653153919986       -1.7212473220407302E-005   2.7448806748319615E-003
   764.86549718333151       0.91283792171882072       -1.7212516909211043E-005   2.7620931917411726E-003
   769.86549718333151       0.91283929800914165       -1.7212560161563152E-005   2.7793057519027360E-003
   774.86549718333151       0.91284066063994140       -1.7212602984683534E-005   2.7965183548874194E-003
   779.86549718333151       0.91284200983568442       -1.7212645385625117E-005   2.8137310002730445E-003
   784.86549718333151       0.91284334581569049       -1.7212687371279182E-005   2.8309436876443237E-003
   789.86549718333151       0.91284466879431936       -1.7212728948381180E-005   2.8481564165927049E-003
   794.86549718333151       0.91284597898110342       -1.7212770123514890E-005   2.8653691867162197E-003
   799.86549718333151       0.91284727658086573       -1.7212810903116120E-005   2.8825819976193360E-003
   804.86549718333151       0.91284856179385687       -1.7212851293477020E-005   2.8997948489128131E-003
   809.86549718333151       0.91284983481589643       -1.7212891300750518E-005   2.9170077402135637E-003
   814.86549718333151       0.91285109583850588       -1.7212930930954506E-005   2.9342206711445184E-003
   819.86549718333151       0.91285234504900248       -1.7212970189974779E-005   2.9514336413344932E-003
   824.86549718333151       0.91285358263068261       -1.7213009083570789E-005   2.9686466504180642E-003
   829.86549718333151       0.91285480876280900       -1.7213047617375259E-005   2.9858596980354393E-003
   834.86549718333151       0.91285602362086959       -1.7213085796902317E-005   3.0030727838323418E-003
   839.86549718333151       0.91285722737655817       -1.7213123627546869E-005   3.0202859074598886E-003
   844.86549718333151       0.91285842019795704       -1.7213161114590354E-005   3.0374990685744789E-003
   849.86549718333151       0.91285960224960094       -1.7213198263202750E-005   3.0547122668376815E-003
   854.86549718333151       0.91286077369257057       -1.7213235078445506E-005   3.0719255019161272E-003
   859.86549718333151       0.91286193468460997       -1.7213271565275241E-005   3.0891387734814026E-003
   864.86549718333151       0.91286308538018546       -1.7213307728545566E-005   3.1063520812099482E-003
   869.86549718333151       0.91286422593057948       -1.7213343573010092E-005   3.1235654247829584E-003
   874.86549718333151       0.91286535648400624       -1.7213379103326001E-005   3.1407788038862842E-003
   879.86549718333151       0.91286647718563796       -1.7213414324054895E-005   3.1579922182103392E-003
   884.86549718333151       0.91286758817772118       -1.7213449239666466E-005   3.1752056674500058E-003
   889.86549718333151       0.91286868959964984       -1.7213483854540753E-005   3.1924191513045467E-003
   894.86549718333151       0.91286978158802845       -1.7213518172970179E-005   3.2096326694775168E-003
   899.86549718333151       0.91287086427673891       -1.7213552199161606E-005   3.2268462216766785E-003
   904.86549718333151       0.91287193779704201       -1.7213585937239540E-005   3.2440598076139181E-003
   909.86549718333151       0.91287300227758750       -1.7213619391246456E-005   3.2612734270051646E-003
   914.86549718333151       0.91287405784452857       -1.7213652565146369E-005   3.2784870795703109E-003
   919.86549718333151       0.91287510462155819       -1.7213685462826019E-005   3.2957007650331370E-003
   924.86549718333151       0.91287614272998896       -1.7213718088097329E-005   3.3129144831212346E-003
   929.86549718333151       0.91287717228878951       -1.7213750444698590E-005   3.3301282335659330E-003
   934.86549718333151       0.91287819341467680       -1.7213782536297337E-005   3.3473420161022303E-003
   939.86549718333151       0.91287920622212715       -1.7213814366490701E-005   3.3645558304687211E-003
   944.86549718333151       0.91288021082346871       -1.7213845938808324E-005   3.3817696764075296E-003
   949.86549718333151       0.91288120732890021       -1.7213877256712930E-005   3.3989835536642424E-003
   954.86549718333151       0.91288219584659003       -1.7213908323603466E-005   3.4161974619878457E-003
   959.86549718333151       0.91288317648263517       -1.7213939142813764E-005   3.4334114011306594E-003
   964.86549718333151       0.91288414934122919       -1.7213969717617880E-005   3.4506253708482771E-003
   969.86549718333151       0.91288511452463073       -1.7214000051229056E-005   3.4678393708995063E-003
   974.86549718333151       0.91288607213321082       -1.7214030146801229E-005   3.4850534010463074E-003
   979.86549718333151       0.91288702226553187       -1.7214060007431510E-005   3.5022674610537389E-003
   984.86549718333151       0.91288796501834679       -1.7214089636160146E-005   3.5194815506898991E-003
   989.86549718333151       0.91288890048668370       -1.7214119035973195E-005   3.5366956697258723E-003
   994.86549718333151       0.91288982876386526       -1.7214148209803129E-005   3.5539098179356754E-003
   999.86549718333151       0.91289074994153285       -1.7214177160529585E-005   3.5711239950962049E-003
   1004.8654971833315       0.91289166410972811       -1.7214205890981945E-005   3.5883382009871869E-003
   1009.8654971833315       0.91289257135687285       -1.7214234403938684E-005   3.6055524353911256E-003
   1014.8654971833315       0.91289347176984370       -1.7214262702129738E-005   3.6227666980932554E-003
   1019.8654971833315       0.91289436543402303       -1.7214290788238074E-005   3.6399809888814933E-003
   1024.8654971833316       0.91289525243325231       -1.7214318664898266E-005   3.6571953075463914E-003
   1029.8654971833316       0.91289613284998083       -1.7214346334701117E-005   3.6744096538810925E-003
   1034.8654971833316       0.91289700676519581       -1.7214373800191505E-005   3.6916240276812840E-003
   1039.8654971833316       0.91289787425851920       -1.7214401063871412E-005   3.7088384287451556E-003
   1044.8654971833316       0.91289873540821898       -1.7214428128200272E-005   3.7260528568733558E-003
   1049.8654971833316       0.91289959029120649       -1.7214454995594886E-005   3.7432673118689506E-003
   1054.8654971833316       0.91290043898312245       -1.7214481668432138E-005   3.7604817935373829E-003
   1059.8654971833316       0.91290128155831862       -1.7214508149048411E-005   3.7776963016864311E-003
   1064.8654971833316       0.91290211808988897       -1.7214534439740555E-005   3.7949108361261716E-003
   1069.8654971833316       0.91290294864974597       -1.7214560542768318E-005   3.8121253966689399E-003
   1074.8654971833316       0.91290377330858974       -1.7214586460353331E-005   3.8293399831292930E-003
   1079.8654971833316       0.91290459213594166       -1.7214612194680198E-005   3.8465545953239731E-003
   1084.8654971833316       0.91290540520021257       -1.7214637747898624E-005   3.8637692330718717E-003
   1089.8654971833316       0.91290621256867488       -1.7214663122122552E-005   3.8809838961939942E-003
   1094.8654971833316       0.91290701430752275       -1.7214688319432029E-005   3.8981985845134262E-003
   1099.8654971833316       0.91290781048184344       -1.7214713341872339E-005   3.9154132978552990E-003
   1104.8654971833316       0.91290860115569339       -1.7214738191456355E-005   3.9326280360467555E-003
   1109.8654971833316       0.91290938639212382       -1.7214762870165389E-005   3.9498427989169207E-003
   1114.8654971833316       0.91291016625315446       -1.7214787379948319E-005   3.9670575862968691E-003
   1119.8654971833316       0.91291094079982227       -1.7214811722723154E-005   3.9842723980195926E-003
   1124.8654971833316       0.91291171009219685       -1.7214835900377502E-005   4.0014872339199700E-003
   1129.8654971833316       0.91291247418941179       -1.7214859914769574E-005   4.0187020938347393E-003
   1134.8654971833316       0.91291323314966843       -1.7214883767728261E-005   4.0359169776024674E-003
   1139.8654971833316       0.91291398703024818       -1.7214907461053571E-005   4.0531318850635214E-003
   1144.8654971833316       0.91291473588756111       -1.7214930996518120E-005   4.0703468160600397E-003
   1149.8654971833316       0.91291547977713583       -1.7214954375866840E-005   4.0875617704359069E-003
   1154.8654971833316       0.91291621875363427       -1.7214977600817414E-005   4.1047767480367247E-003
   1159.8654971833316       0.91291695287089503       -1.7215000673061667E-005   4.1219917487097862E-003
   1164.8654971833316       0.91291768218194180       -1.7215023594265810E-005   4.1392067723040517E-003
   1169.8654971833316       0.91291840673898028       -1.7215046366070346E-005   4.1564218186701217E-003
   1174.8654971833316       0.91291912659339347       -1.7215068990089951E-005   4.1736368876602115E-003
   1179.8654971833316       0.91291984179584507       -1.7215091467916666E-005   4.1908519791281282E-003
   1184.8654971833316       0.91292055239620928       -1.7215113801117754E-005   4.2080670929292461E-003
   1189.8654971833316       0.91292125844361194       -1.7215135991236938E-005   4.2252822289204827E-003
   1194.8654971833316       0.91292195998646775       -1.7215158039795613E-005   4.2424973869602785E-003
   1199.8654971833316       0.91292265707245801       -1.7215179948292124E-005   4.2597125669085710E-003
   1204.8654971833316       0.91292334974856404       -1.7215201718202817E-005   4.2769277686267740E-003
   1209.8654971833316       0.91292403806107647       -1.7215223350982332E-005   4.2941429919777559E-003
   1214.8654971833316       0.91292472205560082       -1.7215244848063794E-005   4.3113582368258197E-003
   1219.8654971833316       0.91292540177708170       -1.7215266210859550E-005   4.3285735030366796E-003
   1224.8654971833316       0.91292607726983455       -1.7215287440762175E-005   4.3457887904774419E-003
   1229.8654971833316       0.91292674857750578       -1.7215308539143233E-005   4.3630040990165850E-003
   1234.8654971833316       0.91292741574311631       -1.7215329507354630E-005   4.3802194285239397E-003
   1239.8654971833316       0.91292807880909521       -1.7215350346729658E-005   4.3974347788706698E-003
   1244.8654971833316       0.91292873781722939       -1.7215371058581454E-005   4.4146501499292513E-003
   1249.8654971833316       0.91292939280871643       -1.7215391644204623E-005   4.4318655415734563E-003
   1254.8654971833316       0.91293004382422327       -1.7215412104877103E-005   4.4490809536783336E-003
   1259.8654971833316       0.91293069090376866       -1.7215432441856453E-005   4.4662963861201903E-003
   1264.8654971833316       0.91293133408685700       -1.7215452656384083E-005   4.4835118387765742E-003
   1269.8654971833316       0.91293197341242582       -1.7215472749683581E-005   4.5007273115262574E-003
   1274.8654971833316       0.91293260891888084       -1.7215492722961834E-005   4.5179428042492189E-003
   1279.8654971833316       0.91293324064408798       -1.7215512577408751E-005   4.5351583168266275E-003
   1284.8654971833316       0.91293386862537251       -1.7215532314197272E-005   4.5523738491408247E-003
   1289.8654971833316       0.91293449289957129       -1.7215551934484970E-005   4.5695894010753099E-003
   1294.8654971833316       0.91293511350299039       -1.7215571439412757E-005   4.5868049725147223E-003
   1299.8654971833316       0.91293573047145626       -1.7215590830106452E-005   4.6040205633448286E-003
   1304.8654971833316       0.91293634384031941       -1.7215610107676952E-005   4.6212361734525058E-003
   1309.8654971833316       0.91293695364442040       -1.7215629273219091E-005   4.6384518027257245E-003
   1314.8654971833316       0.91293755991816672       -1.7215648327814124E-005   4.6556674510535388E-003
   1319.8654971833316       0.91293816269547379       -1.7215667272527831E-005   4.6728831183260669E-003
   1324.8654971833316       0.91293876200979829       -1.7215686108411574E-005   4.6900988044344784E-003
   1329.8654971833316       0.91293935789418013       -1.7215704836503629E-005   4.7073145092709819E-003
   1334.8654971833316       0.91293995038118869       -1.7215723457827483E-005   4.7245302327288095E-003
   1339.8654971833316       0.91294053950298171       -1.7215741973393686E-005   4.7417459747022030E-003
   1344.8654971833316       0.91294112529130333       -1.7215760384199789E-005   4.7589617350864031E-003
   1349.8654971833316       0.91294170777744432       -1.7215778691229096E-005   4.7761775137776319E-003
   1354.8654971833316       0.91294228699230784       -1.7215796895452743E-005   4.7933933106730844E-003
   1359.8654971833316       0.91294286296639804       -1.7215814997829312E-005   4.8106091256709133E-003
   1364.8654971833316       0.91294343572980818       -1.7215832999304483E-005   4.8278249586702175E-003
   1369.8654971833316       0.91294400531223951       -1.7215850900811617E-005   4.8450408095710292E-003
   1374.8654971833316       0.91294457174302412       -1.7215868703272474E-005   4.8622566782743019E-003
   1379.8654971833316       0.91294513505112573       -1.7215886407597232E-005   4.8794725646818995E-003
   1384.8654971833316       0.91294569526511360       -1.7215904014683682E-005   4.8966884686965830E-003
   1389.8654971833316       0.91294625241319793       -1.7215921525418338E-005   4.9139043902220016E-003
   1394.8654971833316       0.91294680652323146       -1.7215938940676461E-005   4.9311203291626778E-003
   1399.8654971833316       0.91294735762271562       -1.7215956261322294E-005   4.9483362854239998E-003
   1404.8654971833316       0.91294790573881113       -1.7215973488209352E-005   4.9655522589122092E-003
   1409.8654971833316       0.91294845089833365       -1.7215990622180338E-005   4.9827682495343899E-003
   1414.8654971833316       0.91294899312776789       -1.7216007664067520E-005   4.9999842571984577E-003
   1419.8654971833316       0.91294953245325527       -1.7216024614692408E-005   5.0172002818131504E-003
   1424.8654971833316       0.91295006890060182       -1.7216041474865950E-005   5.0344163232880160E-003
   1429.8654971833316       0.91295060249531412       -1.7216058245389695E-005   5.0516323815334059E-003
   1434.8654971833316       0.91295113326257882       -1.7216074927055150E-005   5.0688484564604614E-003
   1439.8654971833316       0.91295166122728344       -1.7216091520644398E-005   5.0860645479811062E-003
   1444.8654971833316       0.91295218641397946       -1.7216108026928981E-005   5.1032806560080352E-003
   1449.8654971833316       0.91295270884694690       -1.7216124446671900E-005   5.1204967804547074E-003
   1454.8654971833316       0.91295322855014538       -1.7216140780626095E-005   5.1377129212353337E-003
   1459.8654971833316       0.91295374554727315       -1.7216157029536295E-005   5.1549290782648702E-003
   1464.8654971833316       0.91295425986171086       -1.7216173194137240E-005   5.1721452514590077E-003
   1469.8654971833316       0.91295477151659343       -1.7216189275155945E-005   5.1893614407341635E-003
   1474.8654971833316       0.91295528053473607       -1.7216205273309394E-005   5.2065776460074728E-003
   1479.8654971833316       0.91295578693870483       -1.7216221189306734E-005   5.2237938671967797E-003
   1484.8654971833316       0.91295629075078621       -1.7216237023848322E-005   5.2410101042206277E-003
   1489.8654971833316       0.91295679199302848       -1.7216252777627039E-005   5.2582263569982551E-003
   1494.8654971833316       0.91295729068718312       -1.7216268451326431E-005   5.2754426254495819E-003
   1499.8654971833316       0.91295778685474982       -1.7216284045622129E-005   5.2926589094952044E-003
   1504.8654971833316       0.91295828051699635       -1.7216299561182496E-005   5.3098752090563871E-003
   1509.8654971833316       0.91295877169493345       -1.7216314998667791E-005   5.3270915240550545E-003
   1514.8654971833316       0.91295926040931141       -1.7216330358730110E-005   5.3443078544137849E-003
   1519.8654971833316       0.91295974668066471       -1.7216345642014758E-005   5.3615242000557995E-003
   1524.8654971833316       0.91296023052925979       -1.7216360849158618E-005   5.3787405609049578E-003
   1529.8654971833316       0.91296071197514495       -1.7216375980791713E-005   5.3959569368857499E-003
   1534.8654971833316       0.91296119103812590       -1.7216391037536460E-005   5.4131733279232860E-003
   1539.8654971833316       0.91296166773778531       -1.7216406020008246E-005   5.4303897339432940E-003
   1544.8654971833316       0.91296214209349857       -1.7216420928815955E-005   5.4476061548721097E-003
   1549.8654971833316       0.91296261412441204       -1.7216435764561282E-005   5.4648225906366709E-003
   1554.8654971833316       0.91296308384943692       -1.7216450527838512E-005   5.4820390411645095E-003
   1559.8654971833316       0.91296355128726903       -1.7216465219235177E-005   5.4992555063837446E-003
   1564.8654971833316       0.91296401645639702       -1.7216479839332303E-005   5.5164719862230765E-003
   1569.8654971833316       0.91296447937513581       -1.7216494388705436E-005   5.5336884806117823E-003
   1574.8654971833316       0.91296494006154727       -1.7216508867922195E-005   5.5509049894797045E-003
   1579.8654971833316       0.91296539853351466       -1.7216523277544562E-005   5.5681215127572486E-003
   1584.8654971833316       0.91296585480870596       -1.7216537618127777E-005   5.5853380503753762E-003
   1589.8654971833316       0.91296630890462471       -1.7216551890221893E-005   5.6025546022655977E-003
   1594.8654971833316       0.91296676083854122       -1.7216566094369646E-005   5.6197711683599674E-003
   1599.8654971833316       0.91296721062754127       -1.7216580231107979E-005   5.6369877485910758E-003
   1604.8654971833316       0.91296765828854165       -1.7216594300968500E-005   5.6542043428920441E-003
   1609.8654971833316       0.91296810383827065       -1.7216608304476915E-005   5.6714209511965208E-003
   1614.8654971833316       0.91296854729326871       -1.7216622242153025E-005   5.6886375734386740E-003
   1619.8654971833316       0.91296898866987519       -1.7216636114510309E-005   5.7058542095531845E-003
   1624.8654971833316       0.91296942798428238       -1.7216649922057614E-005   5.7230708594752421E-003
   1629.8654971833316       0.91296986525250512       -1.7216663665298237E-005   5.7402875231405406E-003
   1634.8654971833316       0.91297030049034511       -1.7216677344728740E-005   5.7575042004852691E-003
   1639.8654971833316       0.91297073371347426       -1.7216690960841643E-005   5.7747208914461111E-003
   1644.8654971833316       0.91297116493737063       -1.7216704514123352E-005   5.7919375959602348E-003
   1649.8654971833316       0.91297159417736962       -1.7216718005055797E-005   5.8091543139652908E-003
   1654.8654971833316       0.91297202144861855       -1.7216731434114996E-005   5.8263710453994059E-003
   1659.8654971833316       0.91297244676612910       -1.7216744801772712E-005   5.8435877902011787E-003
   1664.8654971833316       0.91297287014473771       -1.7216758108495182E-005   5.8608045483096735E-003
   1669.8654971833316       0.91297329159912333       -1.7216771354743722E-005   5.8780213196644171E-003
   1674.8654971833316       0.91297371114380954       -1.7216784540974746E-005   5.8952381042053923E-003
   1679.8654971833316       0.91297412879318363       -1.7216797667640381E-005   5.9124549018730330E-003
   1684.8654971833316       0.91297454456145588       -1.7216810735187205E-005   5.9296717126082199E-003
   1689.8654971833316       0.91297495846269661       -1.7216823744057391E-005   5.9468885363522777E-003
   1694.8654971833316       0.91297537051084110       -1.7216836694688874E-005   5.9641053730469665E-003
   1699.8654971833316       0.91297578071966978       -1.7216849587514719E-005   5.9813222226344810E-003
   1704.8654971833316       0.91297618910280365       -1.7216862422962982E-005   5.9985390850574444E-003
   1709.8654971833316       0.91297659567374656       -1.7216875201458031E-005   6.0157559602589021E-003
   1714.8654971833316       0.91297700044586416       -1.7216887923419905E-005   6.0329728481823223E-003
   1719.8654971833316       0.91297740343238576       -1.7216900589264343E-005   6.0501897487715865E-003
   1724.8654971833316       0.91297780464638711       -1.7216913199402266E-005   6.0674066619709885E-003
   1729.8654971833316       0.91297820410081376       -1.7216925754240511E-005   6.0846235877252287E-003
   1734.8654971833316       0.91297860180849466       -1.7216938254182236E-005   6.1018405259794109E-003
   1739.8654971833316       0.91297899778209823       -1.7216950699625560E-005   6.1190574766790363E-003
   1744.8654971833316       0.91297939203420631       -1.7216963090965887E-005   6.1362744397700023E-003
   1749.8654971833316       0.91297978457724271       -1.7216975428593656E-005   6.1534914151985956E-003
   1754.8654971833316       0.91298017542351151       -1.7216987712895528E-005   6.1707084029114911E-003
   1759.8654971833316       0.91298056458519572       -1.7216999944254374E-005   6.1879254028557457E-003
   1764.8654971833316       0.91298095207435181       -1.7217012123049087E-005   6.2051424149787947E-003
   1769.8654971833316       0.91298133790293212       -1.7217024249655281E-005   6.2223594392284498E-003
   1774.8654971833316       0.91298172208276129       -1.7217036324444559E-005   6.2395764755528941E-003
   1779.8654971833316       0.91298210462553797       -1.7217048347784568E-005   6.2567935239006790E-003
   1784.8654971833316       0.91298248554286265       -1.7217060320039875E-005   6.2740105842207187E-003
   1789.8654971833316       0.91298286484618962       -1.7217072241570444E-005   6.2912276564622890E-003
   1794.8654971833316       0.91298324254687990       -1.7217084112733303E-005   6.3084447405750222E-003
   1799.8654971833316       0.91298361865620059       -1.7217095933882543E-005   6.3256618365089045E-003
   1804.8654971833316       0.91298399318528256       -1.7217107705367972E-005   6.3428789442142725E-003
   1809.8654971833316       0.91298436614515965       -1.7217119427536333E-005   6.3600960636418088E-003
   1814.8654971833316       0.91298473754674514       -1.7217131100730598E-005   6.3773131947425397E-003
   1819.8654971833316       0.91298510740085814       -1.7217142725290768E-005   6.3945303374678304E-003
   1824.8654971833316       0.91298547571819955       -1.7217154301553147E-005   6.4117474917693837E-003
   1829.8654971833316       0.91298584250940051       -1.7217165829851815E-005   6.4289646575992352E-003
   1834.8654971833316       0.91298620778495054       -1.7217177310516440E-005   6.4461818349097512E-003
   1839.8654971833316       0.91298657155526541       -1.7217188743874342E-005   6.4633990236536258E-003
   1844.8654971833316       0.91298693383065321       -1.7217200130249468E-005   6.4806162237838749E-003
   1849.8654971833316       0.91298729462130912       -1.7217211469962219E-005   6.4978334352538370E-003
   1854.8654971833316       0.91298765393734083       -1.7217222763330251E-005   6.5150506580171673E-003
   1859.8654971833316       0.91298801178878575       -1.7217234010668995E-005   6.5322678920278366E-003
   1864.8654971833316       0.91298836818553752       -1.7217245212289379E-005   6.5494851372401262E-003
   1869.8654971833316       0.91298872313742607       -1.7217256368500323E-005   6.5667023936086264E-003
   1874.8654971833316       0.91298907665417250       -1.7217267479607329E-005   6.5839196610882333E-003
   1879.8654971833316       0.91298942874543831       -1.7217278545914027E-005   6.6011369396341470E-003
   1884.8654971833316       0.91298977942077220       -1.7217289567720497E-005   6.6183542292018675E-003
   1889.8654971833316       0.91299012868962248       -1.7217300545323669E-005   6.6355715297471913E-003
   1894.8654971833316       0.91299047656137633       -1.7217311479018550E-005   6.6527888412262100E-003
   1899.8654971833316       0.91299082304529866       -1.7217322369096310E-005   6.6700061635953066E-003
   1904.8654971833316       0.91299116815060899       -1.7217333215846677E-005   6.6872234968111529E-003
   1909.8654971833316       0.91299151188640615       -1.7217344019555604E-005   6.7044408408307088E-003
   1914.8654971833316       0.91299185426173013       -1.7217354780507189E-005   6.7216581956112157E-003
   1919.8654971833316       0.91299219528551367       -1.7217365498982156E-005   6.7388755611101983E-003
   1924.8654971833316       0.91299253496662680       -1.7217376175259258E-005   6.7560929372854576E-003
   1929.8654971833316       0.91299287331387213       -1.7217386809615142E-005   6.7733103240950731E-003
   1934.8654971833316       0.91299321033592640       -1.7217397402322480E-005   6.7905277214973959E-003
   1939.8654971833316       0.91299354604144056       -1.7217407953653146E-005   6.8077451294510493E-003
   1944.8654971833316       0.91299388043894403       -1.7217418463875196E-005   6.8249625479149248E-003
   1949.8654971833316       0.91299421353691623       -1.7217428933255106E-005   6.8421799768481799E-003
   1954.8654971833316       0.91299454534372082       -1.7217439362055721E-005   6.8593974162102353E-003
   1959.8654971833316       0.91299487586769545       -1.7217449750539069E-005   6.8766148659607741E-003
   1964.8654971833316       0.91299520511707055       -1.7217460098963802E-005   6.8938323260597381E-003
   1969.8654971833316       0.91299553310002046       -1.7217470407586813E-005   6.9110497964673251E-003
   1974.8654971833316       0.91299585982463372       -1.7217480676662307E-005   6.9282672771439876E-003
   1979.8654971833316       0.91299618529895465       -1.7217490906443081E-005   6.9454847680504306E-003
   1984.8654971833316       0.91299650953091438       -1.7217501097178394E-005   6.9627022691476090E-003
   1989.8654971833316       0.91299683252838593       -1.7217511249115665E-005   6.9799197803967249E-003
   1994.8654971833316       0.91299715429918615       -1.7217521362500560E-005   6.9971373017592257E-003
   1999.8654971833316       0.91299747485105798       -1.7217531437576405E-005   7.0143548331968019E-003
   2004.8654971833316       0.91299779419167948       -1.7217541474584505E-005   7.0315723746713866E-003
   2009.8654971833316       0.91299811232864858       -1.7217551473763639E-005   7.0487899261451499E-003
   2014.8654971833316       0.91299842926951058       -1.7217561435350936E-005   7.0660074875805012E-003
   2019.8654971833316       0.91299874502172440       -1.7217571359580797E-005   7.0832250589400823E-003
   2024.8654971833316       0.91299905959270700       -1.7217581246686325E-005   7.1004426401867684E-003
   2029.8654971833316       0.91299937298980771       -1.7217591096898483E-005   7.1176602312836672E-003
   2034.8654971833316       0.91299968522029551       -1.7217600910445709E-005   7.1348778321941126E-003
   2039.8654971833316       0.91299999629139694       -1.7217610687555119E-005   7.1520954428816678E-003
   2044.8654971833316       0.91300030621026740       -1.7217620428451580E-005   7.1693130633101194E-003
   2049.8654971833316       0.91300061498399299       -1.7217630133357790E-005   7.1865306934434771E-003
   2054.8654971833316       0.91300092261959787       -1.7217639802494497E-005   7.2037483332459719E-003
   2059.8654971833316       0.91300122912404946       -1.7217649436080666E-005   7.2209659826820522E-003
   2064.8654971833316       0.91300153450426524       -1.7217659034333692E-005   7.2381836417163862E-003
   2069.8654971833316       0.91300183876710983       -1.7217668597469311E-005   7.2554013103138552E-003
   2074.8654971833316       0.91300214191936380       -1.7217678125700617E-005   7.2726189884395557E-003
   2079.8654971833316       0.91300244396777375       -1.7217687619239635E-005   7.2898366760587949E-003
   2084.8654971833316       0.91300274491902433       -1.7217697078296440E-005   7.3070543731370910E-003
   2089.8654971833316       0.91300304477972827       -1.7217706503078864E-005   7.3242720796401701E-003
   2094.8654971833316       0.91300334355644652       -1.7217715893793083E-005   7.3414897955339630E-003
   2099.8654971833316       0.91300364125568811       -1.7217725250643664E-005   7.3587075207846063E-003
   2104.8654971833316       0.91300393788392809       -1.7217734573834104E-005   7.3759252553584403E-003
   2109.8654971833316       0.91300423344756010       -1.7217743863565330E-005   7.3931429992220056E-003
   2114.8654971833316       0.91300452795294462       -1.7217753120037238E-005   7.4103607523420432E-003
   2119.8654971833316       0.91300482140636174       -1.7217762343447190E-005   7.4275785146854902E-003
   2124.8654971833316       0.91300511381405491       -1.7217771533991400E-005   7.4447962862194813E-003
   2129.8654971833316       0.91300540518222795       -1.7217780691864841E-005   7.4620140669113466E-003
   2134.8654971833316       0.91300569551702560       -1.7217789817260620E-005   7.4792318567286076E-003
   2139.8654971833316       0.91300598482452677       -1.7217798910369783E-005   7.4964496556389777E-003
   2144.8654971833316       0.91300627311077864       -1.7217807971382377E-005   7.5136674636103601E-003
   2149.8654971833316       0.91300656038177785       -1.7217817000486854E-005   7.5308852806108472E-003
   2154.8654971833316       0.91300684664344700       -1.7217825997869357E-005   7.5481031066087162E-003
   2159.8654971833316       0.91300713190170135       -1.7217834963715774E-005   7.5653209415724324E-003
   2164.8654971833316       0.91300741616238756       -1.7217843898209855E-005   7.5825387854706423E-003
   2169.8654971833316       0.91300769943128857       -1.7217852801533345E-005   7.5997566382721756E-003
   2174.8654971833316       0.91300798171416198       -1.7217861673867178E-005   7.6169744999460432E-003
   2179.8654971833316       0.91300826301670213       -1.7217870515390327E-005   7.6341923704614338E-003
   2184.8654971833316       0.91300854334458548       -1.7217879326281180E-005   7.6514102497877148E-003
   2189.8654971833316       0.91300882270340256       -1.7217888106715432E-005   7.6686281378944305E-003
   2194.8654971833316       0.91300910109873901       -1.7217896856868622E-005   7.6858460347512987E-003
   2199.8654971833316       0.91300937853611286       -1.7217905576914175E-005   7.7030639403282133E-003
   2204.8654971833316       0.91300965502099685       -1.7217914267024086E-005   7.7202818545952373E-003
   2209.8654971833316       0.91300993055882851       -1.7217922927369228E-005   7.7374997775226063E-003
   2214.8654971833316       0.91301020515499576       -1.7217931558118941E-005   7.7547177090807251E-003
   2219.8654971833316       0.91301047881486519       -1.7217940159441880E-005   7.7719356492401666E-003
   2224.8654971833316       0.91301075154372269       -1.7217948731504166E-005   7.7891535979716705E-003
   2229.8654971833316       0.91301102334683359       -1.7217957274471278E-005   7.8063715552461419E-003
   2234.8654971833316       0.91301129422943150       -1.7217965788507691E-005   7.8235895210346500E-003
   2239.8654971833316       0.91301156419669971       -1.7217974273776301E-005   7.8408074953084262E-003
   2244.8654971833316       0.91301183325377477       -1.7217982730438545E-005   7.8580254780388648E-003
   2249.8654971833316       0.91301210140575073       -1.7217991158654501E-005   7.8752434691975199E-003
   2254.8654971833316       0.91301236865767499       -1.7217999558582810E-005   7.8924614687561033E-003
   2259.8654971833316       0.91301263501459351       -1.7218007930382052E-005   7.9096794766864847E-003
   2264.8654971833316       0.91301290048148820       -1.7218016274208787E-005   7.9268974929606936E-003
   2269.8654971833316       0.91301316506328623       -1.7218024590217869E-005   7.9441155175509117E-003
   2274.8654971833316       0.91301342876489211       -1.7218032878563438E-005   7.9613335504294756E-003
   2279.8654971833316       0.91301369159118739       -1.7218041139398901E-005   7.9785515915688741E-003
   2284.8654971833316       0.91301395354699255       -1.7218049372875763E-005   7.9957696409417491E-003
   2289.8654971833316       0.91301421463709242       -1.7218057579144391E-005   8.0129876985208931E-003
   2294.8654971833316       0.91301447486625187       -1.7218065758354538E-005   8.0302057642792479E-003
   2299.8654971833316       0.91301473423919355       -1.7218073910654622E-005   8.0474238381899026E-003
   2304.8654971833316       0.91301499276059828       -1.7218082036191754E-005   8.0646419202260941E-003
   2309.8654971833316       0.91301525043511478       -1.7218090135112028E-005   8.0818600103612064E-003
   2314.8654971833316       0.91301550726733982       -1.7218098207559909E-005   8.0990781085687660E-003
   2319.8654971833316       0.91301576326185896       -1.7218106253679514E-005   8.1162962148224448E-003
   2324.8654971833316       0.91301601842319480       -1.7218114273612976E-005   8.1335143290960574E-003
   2329.8654971833316       0.91301627275588315       -1.7218122267502841E-005   8.1507324513635602E-003
   2334.8654971833316       0.91301652626438246       -1.7218130235489229E-005   8.1679505815990486E-003
   2339.8654971833316       0.91301677895313227       -1.7218138177711667E-005   8.1851687197767604E-003
   2344.8654971833316       0.91301703082654473       -1.7218146094308817E-005   8.2023868658710700E-003
   2349.8654971833316       0.91301728188899345       -1.7218153985418133E-005   8.2196050198564876E-003
   2354.8654971833316       0.91301753214481896       -1.7218161851176020E-005   8.2368231817076636E-003
   2359.8654971833316       0.91301778159831581       -1.7218169691717455E-005   8.2540413513993802E-003
   2364.8654971833316       0.91301803025376516       -1.7218177507176974E-005   8.2712595289065570E-003
   2369.8654971833316       0.91301827811541936       -1.7218185297688235E-005   8.2884777142042450E-003
   2374.8654971833316       0.91301852518749405       -1.7218193063383711E-005   8.3056959072676292E-003
   2379.8654971833316       0.91301877147416466       -1.7218200804394631E-005   8.3229141080720243E-003
   2384.8654971833316       0.91301901697956567       -1.7218208520850933E-005   8.3401323165928753E-003
   2389.8654971833316       0.91301926170783287       -1.7218216212882596E-005   8.3573505328057573E-003
   2394.8654971833316       0.91301950566303836       -1.7218223880617597E-005   8.3745687566863757E-003
   2399.8654971833316       0.91301974884925896       -1.7218231524184058E-005   8.3917869882105603E-003
   2404.8654971833316       0.91301999127052069       -1.7218239143708505E-005   8.4090052273542680E-003
   2409.8654971833316       0.91302023293081636       -1.7218246739316435E-005   8.4262234740935839E-003
   2414.8654971833316       0.91302047383412943       -1.7218254311133025E-005   8.4434417284047162E-003
   2419.8654971833316       0.91302071398437812       -1.7218261859281427E-005   8.4606599902639981E-003
   2424.8654971833316       0.91302095338548672       -1.7218269383884963E-005   8.4778782596478825E-003
   2429.8654971833316       0.91302119204135546       -1.7218276885066219E-005   8.4950965365329489E-003
   2434.8654971833316       0.91302142995582791       -1.7218284362945985E-005   8.5123148208958947E-003
   2439.8654971833316       0.91302166713272803       -1.7218291817644434E-005   8.5295331127135388E-003
   2444.8654971833316       0.91302190357587099       -1.7218299249281479E-005   8.5467514119628198E-003
   2449.8654971833316       0.91302213928902354       -1.7218306657975489E-005   8.5639697186207960E-003
   2454.8654971833316       0.91302237427592747       -1.7218314043844074E-005   8.5811880326646401E-003
   2459.8654971833316       0.91302260854030703       -1.7218321407004266E-005   8.5984063540716447E-003
   2464.8654971833316       0.91302284208584295       -1.7218328747571751E-005   8.6156246828192166E-003
   2469.8654971833316       0.91302307491620371       -1.7218336065661821E-005   8.6328430188848792E-003
   2474.8654971833316       0.91302330703504275       -1.7218343361389289E-005   8.6500613622462683E-003
   2479.8654971833316       0.91302353844596496       -1.7218350634867455E-005   8.6672797128811360E-003
   2484.8654971833316       0.91302376915256733       -1.7218357886209360E-005   8.6844980707673457E-003
   2489.8654971833316       0.91302399915840926       -1.7218365115526873E-005   8.7017164358828732E-003
   2494.8654971833316       0.91302422846702713       -1.7218372322931129E-005   8.7189348082058037E-003
   2499.8654971833316       0.91302445708193303       -1.7218379508532520E-005   8.7361531877143371E-003
   2504.8654971833316       0.91302468500662315       -1.7218386672440906E-005   8.7533715743867788E-003
   2509.8654971833316       0.91302491224455373       -1.7218393814764924E-005   8.7705899682015438E-003
   2514.8654971833316       0.91302513879916014       -1.7218400935612527E-005   8.7878083691371560E-003
   2519.8654971833316       0.91302536467388240       -1.7218408035091836E-005   8.8050267771722472E-003
   2524.8654971833316       0.91302558987208260       -1.7218415113308521E-005   8.8222451922855549E-003
   2529.8654971833316       0.91302581439714470       -1.7218422170368915E-005   8.8394636144559242E-003
   2534.8654971833316       0.91302603825240336       -1.7218429206377833E-005   8.8566820436623023E-003
   2539.8654971833316       0.91302626144119048       -1.7218436221439986E-005   8.8739004798837427E-003
   2544.8654971833316       0.91302648396679431       -1.7218443215658721E-005   8.8911189230994007E-003
   2549.8654971833316       0.91302670583250511       -1.7218450189137437E-005   8.9083373732885378E-003
   2554.8654971833316       0.91302692704156863       -1.7218457141978145E-005   8.9255558304305160E-003
   2559.8654971833316       0.91302714759720927       -1.7218464074282183E-005   8.9427742945047978E-003
   2564.8654971833316       0.91302736750265534       -1.7218470986151006E-005   8.9599927654909484E-003
   2569.8654971833316       0.91302758676107798       -1.7218477877684286E-005   8.9772112433686331E-003
   2574.8654971833316       0.91302780537563444       -1.7218484748981237E-005   8.9944297281176148E-003
   2579.8654971833316       0.91302802334947075       -1.7218491600140739E-005   9.0116482197177550E-003
   2584.8654971833316       0.91302824068571486       -1.7218498431261098E-005   9.0288667181490159E-003
   2589.8654971833316       0.91302845738747018       -1.7218505242439845E-005   9.0460852233914552E-003
   2594.8654971833316       0.91302867345780991       -1.7218512033773566E-005   9.0633037354252294E-003
   2599.8654971833316       0.91302888889980849       -1.7218518805358886E-005   9.0805222542305886E-003
   2604.8654971833316       0.91302910371648771       -1.7218525557290772E-005   9.0977407797878801E-003
   2609.8654971833316       0.91302931791085784       -1.7218532289663833E-005   9.1149593120775432E-003
   2614.8654971833316       0.91302953148592891       -1.7218539002572667E-005   9.1321778510801161E-003
   2619.8654971833316       0.91302974444467200       -1.7218545696110647E-005   9.1493963967762271E-003
   2624.8654971833316       0.91302995679004462       -1.7218552370370726E-005   9.1666149491465981E-003
   2629.8654971833316       0.91303016852498098       -1.7218559025445123E-005   9.1838335081720433E-003
   2634.8654971833316       0.91303037965240885       -1.7218565661425849E-005   9.2010520738334683E-003
   2639.8654971833316       0.91303059017520960       -1.7218572278403455E-005   9.2182706461118712E-003
   2644.8654971833316       0.91303080009628124       -1.7218578876469024E-005   9.2354892249883400E-003
   2649.8654971833316       0.91303100941845783       -1.7218585455711634E-005   9.2527078104440511E-003
   2654.8654971833316       0.91303121814460819       -1.7218592016221429E-005   9.2699264024602730E-003
   2659.8654971833316       0.91303142627754075       -1.7218598558086688E-005   9.2871450010183591E-003
   2664.8654971833316       0.91303163382003993       -1.7218605081394918E-005   9.3043636060997532E-003
   2669.8654971833316       0.91303184077492638       -1.7218611586234754E-005   9.3215822176859874E-003
   2674.8654971833316       0.91303204714495445       -1.7218618072692775E-005   9.3388008357586805E-003
   2679.8654971833316       0.91303225293285983       -1.7218624540854952E-005   9.3560194602995347E-003
   2684.8654971833316       0.91303245814137468       -1.7218630990807154E-005   9.3732380912903424E-003
   2689.8654971833316       0.91303266277320227       -1.7218637422634342E-005   9.3904567287129773E-003
   2694.8654971833316       0.91303286683105678       -1.7218643836421816E-005   9.4076753725493983E-003
   2699.8654971833316       0.91303307031760117       -1.7218650232253261E-005   9.4248940227816512E-003
   2704.8654971833316       0.91303327323550865       -1.7218656610212704E-005   9.4421126793918647E-003
   2709.8654971833316       0.91303347558740489       -1.7218662970382653E-005   9.4593313423622476E-003
   2714.8654971833316       0.91303367737593044       -1.7218669312846103E-005   9.4765500116750934E-003
   2719.8654971833316       0.91303387860367846       -1.7218675637684550E-005   9.4937686873127775E-003
   2724.8654971833316       0.91303407927324609       -1.7218681944979619E-005   9.5109873692577566E-003
   2729.8654971833316       0.91303427938720372       -1.7218688234812094E-005   9.5282060574925689E-003
   2734.8654971833316       0.91303447894812706       -1.7218694507262921E-005   9.5454247519998325E-003
   2739.8654971833316       0.91303467795852922       -1.7218700762411088E-005   9.5626434527622435E-003
   2744.8654971833316       0.91303487642094872       -1.7218707000336368E-005   9.5798621597625797E-003
   2749.8654971833316       0.91303507433789111       -1.7218713221117521E-005   9.5970808729836966E-003
   2754.8654971833316       0.91303527171184762       -1.7218719424832824E-005   9.6142995924085300E-003
   2759.8654971833316       0.91303546854530493       -1.7218725611560444E-005   9.6315183180200898E-003
   2764.8654971833316       0.91303566484071119       -1.7218731781377312E-005   9.6487370498014677E-003
   2769.8654971833316       0.91303586060051745       -1.7218737934360465E-005   9.6659557877358283E-003
   2774.8654971833316       0.91303605582716507       -1.7218744070586629E-005   9.6831745318064141E-003
   2779.8654971833316       0.91303625052305137       -1.7218750190131153E-005   9.7003932819965458E-003
   2784.8654971833316       0.91303644469057654       -1.7218756293069464E-005   9.7176120382896150E-003
   2789.8654971833316       0.91303663833212489       -1.7218762379476498E-005   9.7348308006690917E-003
   2794.8654971833316       0.91303683145007508       -1.7218768449427019E-005   9.7520495691185184E-003
   2799.8654971833316       0.91303702404676756       -1.7218774502994579E-005   9.7692683436215125E-003
   2804.8654971833316       0.91303721612454103       -1.7218780540252675E-005   9.7864871241617659E-003
   2809.8654971833316       0.91303740768573960       -1.7218786561274985E-005   9.8037059107230415E-003
   2814.8654971833316       0.91303759873266432       -1.7218792566133823E-005   9.8209247032891751E-003
   2819.8654971833316       0.91303778926759671       -1.7218798554900899E-005   9.8381435018440756E-003
   2824.8654971833316       0.91303797929283648       -1.7218804527648488E-005   9.8553623063717243E-003
   2829.8654971833316       0.91303816881063227       -1.7218810484447253E-005   9.8725811168561724E-003
   2834.8654971833316       0.91303835782324705       -1.7218816425368324E-005   9.8897999332815401E-003
   2839.8654971833316       0.91303854633291026       -1.7218822350481768E-005   9.9070187556320223E-003
   2844.8654971833316       0.91303873434186933       -1.7218828259858214E-005   9.9242375838918800E-003
   2849.8654971833316       0.91303892185232816       -1.7218834153566933E-005   9.9414564180454468E-003
   2854.8654971833316       0.91303910886647854       -1.7218840031676804E-005   9.9586752580771241E-003
   2859.8654971833316       0.91303929538649453       -1.7218845894256157E-005   9.9758941039713809E-003
   2864.8654971833316       0.91303948141456259       -1.7218851741373710E-005   9.9931129557127539E-003
   2869.8654971833316       0.91303966695281980       -1.7218857573096622E-005   1.0010331813285851E-002
   2874.8654971833316       0.91303985200343341       -1.7218863389493014E-005   1.0027550676675344E-002
   2879.8654971833316       0.91304003656852739       -1.7218869190629638E-005   1.0044769545865974E-002
   2884.8654971833316       0.91304022065020352       -1.7218874976572543E-005   1.0061988420842547E-002
   2889.8654971833316       0.91304040425059230       -1.7218880747388697E-005   1.0079207301589937E-002
   2894.8654971833316       0.91304058737177229       -1.7218886503143416E-005   1.0096426188093080E-002
   2899.8654971833316       0.91304077001583117       -1.7218892243902324E-005   1.0113645080336983E-002
   2904.8654971833316       0.91304095218482884       -1.7218897969730156E-005   1.0130863978306714E-002
   2909.8654971833316       0.91304113388081465       -1.7218903680691313E-005   1.0148082881987406E-002
   2914.8654971833316       0.91304131510583275       -1.7218909376850047E-005   1.0165301791364255E-002
   2919.8654971833316       0.91304149586191685       -1.7218915058270273E-005   1.0182520706422525E-002
   2924.8654971833316       0.91304167615108933       -1.7218920725015554E-005   1.0199739627147540E-002
   2929.8654971833316       0.91304185597535192       -1.7218926377148792E-005   1.0216958553524688E-002
   2934.8654971833316       0.91304203533669825       -1.7218932014732657E-005   1.0234177485539420E-002
   2939.8654971833316       0.91304221423710130       -1.7218937637829145E-005   1.0251396423177250E-002
   2944.8654971833316       0.91304239267853227       -1.7218943246500214E-005   1.0268615366423749E-002
   2949.8654971833316       0.91304257066295891       -1.7218948840807713E-005   1.0285834315264556E-002
   2954.8654971833316       0.91304274819231579       -1.7218954420812433E-005   1.0303053269685369E-002
   2959.8654971833316       0.91304292526854580       -1.7218959986575435E-005   1.0320272229671945E-002
   2964.8654971833316       0.91304310189357163       -1.7218965538157158E-005   1.0337491195210102E-002
   2969.8654971833316       0.91304327806929875       -1.7218971075617480E-005   1.0354710166285719E-002
   2974.8654971833316       0.91304345379763752       -1.7218976599016442E-005   1.0371929142884736E-002
   2979.8654971833316       0.91304362908046588       -1.7218982108413065E-005   1.0389148124993149E-002
   2984.8654971833316       0.91304380391966300       -1.7218987603866407E-005   1.0406367112597015E-002
   2989.8654971833316       0.91304397831709672       -1.7218993085435175E-005   1.0423586105682449E-002
   2994.8654971833316       0.91304415227462610       -1.7218998553177797E-005   1.0440805104235626E-002
   2999.8654971833316       0.91304432579409500       -1.7219004007152228E-005   1.0458024108242779E-002
   3004.8654971833316       0.91304449887733907       -1.7219009447416145E-005   1.0475243117690195E-002
   3009.8654971833316       0.91304467152617952       -1.7219014874026797E-005   1.0492462132564221E-002
   3014.8654971833316       0.91304484374244144       -1.7219020287041543E-005   1.0509681152851263E-002
   3019.8654971833316       0.91304501552790662       -1.7219025686516383E-005   1.0526900178537779E-002
   3024.8654971833316       0.91304518688437419       -1.7219031072507854E-005   1.0544119209610287E-002
   3029.8654971833316       0.91304535781363338       -1.7219036445072199E-005   1.0561338246055358E-002
   3034.8654971833316       0.91304552831744001       -1.7219041804264595E-005   1.0578557287859622E-002
   3039.8654971833316       0.91304569839757432       -1.7219047150140992E-005   1.0595776335009762E-002
   3044.8654971833316       0.91304586805576249       -1.7219052482755645E-005   1.0612995387492517E-002
   3049.8654971833316       0.91304603729375799       -1.7219057802163662E-005   1.0630214445294680E-002
   3054.8654971833316       0.91304620611330067       -1.7219063108419727E-005   1.0647433508403100E-002
   3059.8654971833316       0.91304637451610060       -1.7219068401577577E-005   1.0664652576804679E-002
   3064.8654971833316       0.91304654250385964       -1.7219073681690712E-005   1.0681871650486370E-002
   3069.8654971833316       0.91304671007829907       -1.7219078948813215E-005   1.0699090729435184E-002
   3074.8654971833316       0.91304687724109002       -1.7219084202997621E-005   1.0716309813638181E-002
   3079.8654971833316       0.91304704399392445       -1.7219089444297098E-005   1.0733528903082478E-002
   3084.8654971833316       0.91304721033847158       -1.7219094672764110E-005   1.0750747997755241E-002
   3089.8654971833316       0.91304737627640131       -1.7219099888451137E-005   1.0767967097643692E-002
   3094.8654971833316       0.91304754180934089       -1.7219105091409329E-005   1.0785186202735102E-002
   3099.8654971833316       0.91304770693895865       -1.7219110281691110E-005   1.0802405313016792E-002
   3104.8654971833316       0.91304787166687396       -1.7219115459347377E-005   1.0819624428476140E-002
   3109.8654971833316       0.91304803599473605       -1.7219120624429969E-005   1.0836843549100569E-002
   3114.8654971833316       0.91304819992413999       -1.7219125776989012E-005   1.0854062674877558E-002
   3119.8654971833316       0.91304836345667639       -1.7219130917074499E-005   1.0871281805794632E-002
   3124.8654971833316       0.91304852659397695       -1.7219136044737713E-005   1.0888500941839369E-002
   3129.8654971833316       0.91304868933762684       -1.7219141160028472E-005   1.0905720082999398E-002
   3134.8654971833316       0.91304885168919747       -1.7219146262996166E-005   1.0922939229262393E-002
   3139.8654971833316       0.91304901365024504       -1.7219151353689702E-005   1.0940158380616082E-002
   3144.8654971833316       0.91304917522234108       -1.7219156432158469E-005   1.0957377537048240E-002
   3149.8654971833316       0.91304933640703478       -1.7219161498451164E-005   1.0974596698546691E-002
   3154.8654971833316       0.91304949720587625       -1.7219166552616495E-005   1.0991815865099307E-002
   3159.8654971833316       0.91304965762039181       -1.7219171594702442E-005   1.1009035036694009E-002
   3164.8654971833316       0.91304981765212778       -1.7219176624757601E-005   1.1026254213318766E-002
   3169.8654971833316       0.91304997730259541       -1.7219181642829462E-005   1.1043473394961596E-002
   3174.8654971833316       0.91305013657330281       -1.7219186648965434E-005   1.1060692581610562E-002
   3179.8654971833316       0.91305029546575345       -1.7219191643212762E-005   1.1077911773253775E-002
   3184.8654971833316       0.91305045398143425       -1.7219196625618184E-005   1.1095130969879392E-002
   3189.8654971833316       0.91305061212183269       -1.7219201596228442E-005   1.1112350171475620E-002
   3194.8654971833316       0.91305076988842571       -1.7219206555089956E-005   1.1129569378030710E-002
   3199.8654971833316       0.91305092728268489       -1.7219211502248989E-005   1.1146788589532958E-002
   3204.8654971833316       0.91305108430608206       -1.7219216437751780E-005   1.1164007805970710E-002
   3209.8654971833316       0.91305124096006318       -1.7219221361643787E-005   1.1181227027332354E-002
   3214.8654971833316       0.91305139724606665       -1.7219226273970212E-005   1.1198446253606324E-002
   3219.8654971833316       0.91305155316553877       -1.7219231174776512E-005   1.1215665484781100E-002
   3224.8654971833316       0.91305170871988850       -1.7219236064106968E-005   1.1232884720845207E-002
   3229.8654971833316       0.91305186391055781       -1.7219240942006898E-005   1.1250103961787213E-002
   3234.8654971833316       0.91305201873896469       -1.7219245808520879E-005   1.1267323207595735E-002
   3239.8654971833316       0.91305217320649279       -1.7219250663692381E-005   1.1284542458259427E-002
   3244.8654971833316       0.91305232731455954       -1.7219255507565960E-005   1.1301761713766992E-002
   3249.8654971833316       0.91305248106454506       -1.7219260340184996E-005   1.1318980974107178E-002
   3254.8654971833316       0.91305263445784668       -1.7219265161593399E-005   1.1336200239268771E-002
   3259.8654971833316       0.91305278749582419       -1.7219269971833909E-005   1.1353419509240605E-002
   3264.8654971833316       0.91305294017985061       -1.7219274770949678E-005   1.1370638784011554E-002
   3269.8654971833316       0.91305309251130096       -1.7219279558983919E-005   1.1387858063570538E-002
   3274.8654971833316       0.91305324449151626       -1.7219284335978786E-005   1.1405077347906517E-002
   3279.8654971833316       0.91305339612184666       -1.7219289101976698E-005   1.1422296637008495E-002
   3284.8654971833316       0.91305354740363087       -1.7219293857019751E-005   1.1439515930865514E-002
   3289.8654971833316       0.91305369833819616       -1.7219298601149641E-005   1.1456735229466664E-002
   3294.8654971833316       0.91305384892686292       -1.7219303334407877E-005   1.1473954532801072E-002
   3299.8654971833316       0.91305399917095886       -1.7219308056836183E-005   1.1491173840857908E-002
   3304.8654971833316       0.91305414907180116       -1.7219312768475953E-005   1.1508393153626385E-002
   3309.8654971833316       0.91305429863069132       -1.7219317469368101E-005   1.1525612471095752E-002
   3314.8654971833316       0.91305444784891721       -1.7219322159553096E-005   1.1542831793255305E-002
   3319.8654971833316       0.91305459672777922       -1.7219326839071814E-005   1.1560051120094377E-002
   3324.8654971833316       0.91305474526855257       -1.7219331507964328E-005   1.1577270451602341E-002
   3329.8654971833316       0.91305489347249402       -1.7219336166270143E-005   1.1594489787768612E-002
   3334.8654971833316       0.91305504134091231       -1.7219340814030388E-005   1.1611709128582642E-002
   3339.8654971833316       0.91305518887505399       -1.7219345451284239E-005   1.1628928474033927E-002
   3344.8654971833316       0.91305533607617895       -1.7219350078071294E-005   1.1646147824111998E-002
   3349.8654971833316       0.91305548294551941       -1.7219354694430283E-005   1.1663367178806429E-002
   3354.8654971833316       0.91305562948433860       -1.7219359300400910E-005   1.1680586538106830E-002
   3359.8654971833316       0.91305577569387530       -1.7219363896022096E-005   1.1697805902002851E-002
   3364.8654971833316       0.91305592157534388       -1.7219368481332024E-005   1.1715025270484184E-002
   3369.8654971833316       0.91305606712998710       -1.7219373056369744E-005   1.1732244643540553E-002
   3374.8654971833316       0.91305621235900780       -1.7219377621173062E-005   1.1749464021161726E-002
   3379.8654971833316       0.91305635726363210       -1.7219382175780513E-005   1.1766683403337507E-002
   3384.8654971833316       0.91305650184503961       -1.7219386720229172E-005   1.1783902790057737E-002
   3389.8654971833316       0.91305664610445392       -1.7219391254557496E-005   1.1801122181312294E-002
   3394.8654971833316       0.91305679004305562       -1.7219395778802586E-005   1.1818341577091097E-002
   3399.8654971833316       0.91305693366202090       -1.7219400293001415E-005   1.1835560977384097E-002
   3404.8654971833316       0.91305707696254845       -1.7219404797191649E-005   1.1852780382181289E-002
   3409.8654971833316       0.91305721994581546       -1.7219409291410292E-005   1.1869999791472699E-002
   3414.8654971833316       0.91305736261296588       -1.7219413775693293E-005   1.1887219205248392E-002
   3419.8654971833316       0.91305750496518212       -1.7219418250077820E-005   1.1904438623498470E-002
   3424.8654971833316       0.91305764700361058       -1.7219422714599898E-005   1.1921658046213070E-002
   3429.8654971833316       0.91305778872941146       -1.7219427169295991E-005   1.1938877473382365E-002
   3434.8654971833316       0.91305793014373304       -1.7219431614202199E-005   1.1956096904996567E-002
   3439.8654971833316       0.91305807124769245       -1.7219436049353616E-005   1.1973316341045920E-002
   3444.8654971833316       0.91305821204242887       -1.7219440474786052E-005   1.1990535781520706E-002
   3449.8654971833316       0.91305835252906886       -1.7219444890534923E-005   1.2007755226411241E-002
   3454.8654971833316       0.91305849270875128       -1.7219449296636007E-005   1.2024974675707876E-002
   3459.8654971833316       0.91305863258257680       -1.7219453693123908E-005   1.2042194129400999E-002
   3464.8654971833316       0.91305877215164100       -1.7219458080033058E-005   1.2059413587481032E-002
   3469.8654971833316       0.91305891141708195       -1.7219462457399221E-005   1.2076633049938432E-002
   3474.8654971833316       0.91305905037998181       -1.7219466825256408E-005   1.2093852516763688E-002
   3479.8654971833316       0.91305918904143668       -1.7219471183639075E-005   1.2111071987947327E-002
   3484.8654971833316       0.91305932740252438       -1.7219475532581092E-005   1.2128291463479908E-002
   3489.8654971833316       0.91305946546431727       -1.7219479872116164E-005   1.2145510943352025E-002
   3494.8654971833316       0.91305960322790325       -1.7219484202278484E-005   1.2162730427554303E-002
   3499.8654971833316       0.91305974069436591       -1.7219488523102104E-005   1.2179949916077406E-002
   3504.8654971833316       0.91305987786476017       -1.7219492834620186E-005   1.2197169408912027E-002
   3509.8654971833316       0.91306001474014142       -1.7219497136865893E-005   1.2214388906048892E-002
   3514.8654971833316       0.91306015132157159       -1.7219501429872605E-005   1.2231608407478764E-002
   3519.8654971833316       0.91306028761009472       -1.7219505713673136E-005   1.2248827913192437E-002
   3524.8654971833316       0.91306042360676609       -1.7219509988300650E-005   1.2266047423180737E-002
   3529.8654971833316       0.91306055931261965       -1.7219514253787641E-005   1.2283266937434525E-002
   3534.8654971833316       0.91306069472868112       -1.7219518510166351E-005   1.2300486455944691E-002
   3539.8654971833316       0.91306082985598713       -1.7219522757469361E-005   1.2317705978702161E-002
   3544.8654971833316       0.91306096469556730       -1.7219526995729027E-005   1.2334925505697890E-002
   3549.8654971833316       0.91306109924842782       -1.7219531224976977E-005   1.2352145036922868E-002
   3554.8654971833316       0.91306123351559543       -1.7219535445245480E-005   1.2369364572368114E-002
   3559.8654971833316       0.91306136749807065       -1.7219539656565978E-005   1.2386584112024680E-002
   3564.8654971833316       0.91306150119685636       -1.7219543858969997E-005   1.2403803655883651E-002
   3569.8654971833316       0.91306163461295609       -1.7219548052489071E-005   1.2421023203936140E-002
   3574.8654971833316       0.91306176774737224       -1.7219552237154706E-005   1.2438242756173295E-002
   3579.8654971833316       0.91306190060107584       -1.7219556412997422E-005   1.2455462312586292E-002
   3584.8654971833316       0.91306203317504886       -1.7219560580048082E-005   1.2472681873166341E-002
   3589.8654971833316       0.91306216547028629       -1.7219564738337961E-005   1.2489901437904679E-002
   3594.8654971833316       0.91306229748776069       -1.7219568887897621E-005   1.2507121006792576E-002
   3599.8654971833316       0.91306242922843395       -1.7219573028757293E-005   1.2524340579821333E-002
   3604.8654971833316       0.91306256069327318       -1.7219577160947374E-005   1.2541560156982282E-002
   3609.8654971833316       0.91306269188324463       -1.7219581284498233E-005   1.2558779738266780E-002
   3614.8654971833316       0.91306282279929840       -1.7219585399439731E-005   1.2575999323666220E-002
   3619.8654971833316       0.91306295344238364       -1.7219589505801703E-005   1.2593218913172022E-002
   3624.8654971833316       0.91306308381344214       -1.7219593603613741E-005   1.2610438506775635E-002
   3629.8654971833316       0.91306321391342693       -1.7219597692905804E-005   1.2627658104468541E-002
   3634.8654971833316       0.91306334374328124       -1.7219601773707531E-005   1.2644877706242249E-002
   3639.8654971833316       0.91306347330393156       -1.7219605846048048E-005   1.2662097312088297E-002
   3644.8654971833316       0.91306360259629482       -1.7219609909956174E-005   1.2679316921998253E-002
   3649.8654971833316       0.91306373162130550       -1.7219613965461268E-005   1.2696536535963714E-002
   3654.8654971833316       0.91306386037987453       -1.7219618012591974E-005   1.2713756153976305E-002
   3659.8654971833316       0.91306398887292961       -1.7219622051377441E-005   1.2730975776027683E-002
   3664.8654971833316       0.91306411710136948       -1.7219626081845915E-005   1.2748195402109530E-002
   3669.8654971833316       0.91306424506610895       -1.7219630104026155E-005   1.2765415032213557E-002
   3674.8654971833316       0.91306437276804286       -1.7219634117946275E-005   1.2782634666331503E-002
   3679.8654971833316       0.91306450020807128       -1.7219638123634570E-005   1.2799854304455138E-002
   3684.8654971833316       0.91306462738708571       -1.7219642121119066E-005   1.2817073946576257E-002
   3689.8654971833316       0.91306475430598777       -1.7219646110428085E-005   1.2834293592686685E-002
   3694.8654971833316       0.91306488096565153       -1.7219650091589111E-005   1.2851513242778273E-002
   3699.8654971833316       0.91306500736695395       -1.7219654064629696E-005   1.2868732896842903E-002
   3704.8654971833316       0.91306513351075658       -1.7219658029576929E-005   1.2885952554872480E-002
   3709.8654971833316       0.91306525939797289       -1.7219661986459514E-005   1.2903172216858940E-002
   3714.8654971833316       0.91306538502945833       -1.7219665935304336E-005   1.2920391882794244E-002
   3719.8654971833316       0.91306551040605521       -1.7219669876137869E-005   1.2937611552670382E-002
   3724.8654971833316       0.91306563552862841       -1.7219673808987300E-005   1.2954831226479368E-002
   3729.8654971833316       0.91306576039804366       -1.7219677733879833E-005   1.2972050904213248E-002
   3734.8654971833316       0.91306588501515518       -1.7219681650842317E-005   1.2989270585864091E-002
   3739.8654971833316       0.91306600938080218       -1.7219685559901131E-005   1.3006490271423992E-002
   3744.8654971833316       0.91306613349583066       -1.7219689461082860E-005   1.3023709960885074E-002
   3749.8654971833316       0.91306625736108471       -1.7219693354414040E-005   1.3040929654239489E-002
   3754.8654971833316       0.91306638097737525       -1.7219697239920147E-005   1.3058149351479410E-002
   3759.8654971833316       0.91306650434556347       -1.7219701117628255E-005   1.3075369052597038E-002
   3764.8654971833316       0.91306662746648126       -1.7219704987564510E-005   1.3092588757584601E-002
   3769.8654971833316       0.91306675034093376       -1.7219708849754216E-005   1.3109808466434355E-002
   3774.8654971833316       0.91306687296975064       -1.7219712704223450E-005   1.3127028179138578E-002
   3779.8654971833316       0.91306699535374836       -1.7219716550997867E-005   1.3144247895689576E-002
   3784.8654971833316       0.91306711749373881       -1.7219720390102998E-005   1.3161467616079678E-002
   3789.8654971833316       0.91306723939052870       -1.7219724221564181E-005   1.3178687340301242E-002
   3794.8654971833316       0.91306736104492714       -1.7219728045406855E-005   1.3195907068346649E-002
   3799.8654971833316       0.91306748245772917       -1.7219731861656004E-005   1.3213126800208305E-002
   3804.8654971833316       0.91306760362972483       -1.7219735670336463E-005   1.3230346535878641E-002
