 #              _____________________  _______________________             #
 #              ___  __ \__  __ \_  / / /_  /___  ____/_  ___/             #
 #              __  / / /_  /_/ /  / / /_  __/_  __/  _____ \              #
 #              _  /_/ /_  _, _// /_/ / / /_ _  /___  ____/ /              #
 #              /_____/ /_/ |_| \____/  \__/ /_____/  /____/               #
 #                                                                         #
  
 #        time                      [L]                   runoff elevation [m a.m.s.l]       runoff flux [L3.T-1.L-2]   in    x              directions   cumulative flux
 #-----------------------------------------------------------------------------------------------

   0.0000000000000000        0.0000000000000000       -0.0000000000000000        0.0000000000000000     
   1.0000000000000000E-004   0.0000000000000000       -0.0000000000000000        0.0000000000000000     
   2.0600000000000002E-004   0.0000000000000000       -0.0000000000000000        0.0000000000000000     
   3.1836000000000006E-004   0.0000000000000000       -0.0000000000000000        0.0000000000000000     
   4.3746160000000009E-004   0.0000000000000000       -0.0000000000000000        0.0000000000000000     
   5.6370929600000014E-004   0.0000000000000000       -0.0000000000000000        0.0000000000000000     
   6.9753185376000013E-004   0.0000000000000000       -0.0000000000000000        0.0000000000000000     
   8.3938376498560023E-004   0.0000000000000000       -0.0000000000000000        0.0000000000000000     
   9.8974679088473629E-004   0.0000000000000000       -0.0000000000000000        0.0000000000000000     
   1.1491315983378205E-003   0.0000000000000000       -0.0000000000000000        0.0000000000000000     
   1.3180794942380899E-003   0.0000000000000000       -0.0000000000000000        0.0000000000000000     
   1.4971642638923754E-003   0.0000000000000000       -0.0000000000000000        0.0000000000000000     
   1.6869941197259180E-003   0.0000000000000000       -0.0000000000000000        0.0000000000000000     
   1.8882137669094731E-003   0.0000000000000000       -0.0000000000000000        0.0000000000000000     
   2.1015065929240414E-003   0.0000000000000000       -0.0000000000000000        0.0000000000000000     
   2.3275969884994840E-003   0.0000000000000000       -0.0000000000000000        0.0000000000000000     
   2.5672528078094533E-003   0.0000000000000000       -0.0000000000000000        0.0000000000000000     
   2.8212879762780207E-003   0.0000000000000000       -0.0000000000000000        0.0000000000000000     
   3.0905652548547020E-003   0.0000000000000000       -0.0000000000000000        0.0000000000000000     
   3.3759991701459843E-003   0.0000000000000000       -0.0000000000000000        0.0000000000000000     
   3.6785591203547436E-003   0.0000000000000000       -0.0000000000000000        0.0000000000000000     
   3.9992726675760282E-003   0.0000000000000000       -0.0000000000000000        0.0000000000000000     
   4.3392290276305897E-003   0.0000000000000000       -0.0000000000000000        0.0000000000000000     
   4.6995827692884254E-003   0.0000000000000000       -0.0000000000000000        0.0000000000000000     
   5.0815577354457308E-003   0.0000000000000000       -0.0000000000000000        0.0000000000000000     
   5.4864511995724747E-003   0.0000000000000000       -0.0000000000000000        0.0000000000000000     
   5.9156382715468232E-003   0.0000000000000000       -0.0000000000000000        0.0000000000000000     
   6.3705765678396331E-003   0.0000000000000000       -0.0000000000000000        0.0000000000000000     
   6.8528111619100118E-003   0.0000000000000000       -0.0000000000000000        0.0000000000000000     
   7.3639798316246126E-003   0.0000000000000000       -0.0000000000000000        0.0000000000000000     
   7.9058186215220892E-003   0.0000000000000000       -0.0000000000000000        0.0000000000000000     
   8.4801677388134152E-003   0.0000000000000000       -0.0000000000000000        0.0000000000000000     
   9.0889778031422210E-003   0.0000000000000000       -0.0000000000000000        0.0000000000000000     
   9.7343164713307555E-003   0.0000000000000000       -0.0000000000000000        0.0000000000000000     
   1.0418375459610602E-002   0.0000000000000000       -0.0000000000000000        0.0000000000000000     
   1.1143477987187239E-002   0.0000000000000000       -0.0000000000000000        0.0000000000000000     
   1.1912086666418473E-002   0.0000000000000000       -0.0000000000000000        0.0000000000000000     
   1.2726811866403582E-002   0.0000000000000000       -0.0000000000000000        0.0000000000000000     
   1.3590420578387798E-002   0.0000000000000000       -0.0000000000000000        0.0000000000000000     
   1.4505845813091067E-002   0.0000000000000000       -0.0000000000000000        0.0000000000000000     
   1.5476196561876531E-002   0.0000000000000000       -0.0000000000000000        0.0000000000000000     
   1.6504768355589124E-002   0.0000000000000000       -0.0000000000000000        0.0000000000000000     
   1.7595054456924473E-002   0.0000000000000000       -0.0000000000000000        0.0000000000000000     
   1.8750757724339942E-002   0.0000000000000000       -0.0000000000000000        0.0000000000000000     
   1.9975803187800338E-002   0.0000000000000000       -0.0000000000000000        0.0000000000000000     
   2.1274351379068360E-002   0.0000000000000000       -0.0000000000000000        0.0000000000000000     
   2.2650812461812463E-002   0.0000000000000000       -0.0000000000000000        0.0000000000000000     
   2.4109861209521213E-002   0.0000000000000000       -0.0000000000000000        0.0000000000000000     
   2.5656452882092486E-002   0.0000000000000000       -0.0000000000000000        0.0000000000000000     
   2.7295840055018037E-002   0.0000000000000000       -0.0000000000000000        0.0000000000000000     
   2.9033590458319120E-002   0.0000000000000000       -0.0000000000000000        0.0000000000000000     
   3.0875605885818270E-002   0.0000000000000000       -0.0000000000000000        0.0000000000000000     
   3.2828142238967364E-002   0.0000000000000000       -0.0000000000000000        0.0000000000000000     
   3.4897830773305411E-002   0.0000000000000000       -0.0000000000000000        0.0000000000000000     
   3.7091700619703738E-002   0.0000000000000000       -0.0000000000000000        0.0000000000000000     
   3.9417202656885961E-002   0.0000000000000000       -0.0000000000000000        0.0000000000000000     
   4.1882234816299123E-002   0.0000000000000000       -0.0000000000000000        0.0000000000000000     
   4.4495168905277070E-002   0.0000000000000000       -0.0000000000000000        0.0000000000000000     
   4.7264879039593699E-002   0.0000000000000000       -0.0000000000000000        0.0000000000000000     
   5.0200771781969321E-002   0.0000000000000000       -0.0000000000000000        0.0000000000000000     
   5.3312818088887486E-002   0.0000000000000000       -0.0000000000000000        0.0000000000000000     
   5.6611587174220740E-002   0.0000000000000000       -0.0000000000000000        0.0000000000000000     
   6.0108282404673988E-002   0.0000000000000000       -0.0000000000000000        0.0000000000000000     
   6.3814779348954437E-002   0.0000000000000000       -0.0000000000000000        0.0000000000000000     
   6.7743666109891701E-002   0.0000000000000000       -0.0000000000000000        0.0000000000000000     
   7.1908286076485209E-002   0.0000000000000000       -0.0000000000000000        0.0000000000000000     
   7.6322783241074332E-002   0.0000000000000000       -0.0000000000000000        0.0000000000000000     
   8.1002150235538792E-002   0.0000000000000000       -0.0000000000000000        0.0000000000000000     
   8.5962279249671120E-002   0.0000000000000000       -0.0000000000000000        0.0000000000000000     
   9.1220016004651391E-002   0.0000000000000000       -0.0000000000000000        0.0000000000000000     
   9.6793216964930484E-002   0.0000000000000000       -0.0000000000000000        0.0000000000000000     
  0.10270080998282632        0.0000000000000000       -0.0000000000000000        0.0000000000000000     
  0.10896285858179591        0.0000000000000000       -0.0000000000000000        0.0000000000000000     
  0.11560063009670367        0.0000000000000000       -0.0000000000000000        0.0000000000000000     
  0.12263666790250589        0.0000000000000000       -0.0000000000000000        0.0000000000000000     
  0.13009486797665626        0.0000000000000000       -0.0000000000000000        0.0000000000000000     
  0.13800056005525563        0.0000000000000000       -0.0000000000000000        0.0000000000000000     
  0.14638059365857098        0.0000000000000000       -0.0000000000000000        0.0000000000000000     
  0.15526342927808526        0.0000000000000000       -0.0000000000000000        0.0000000000000000     
  0.16467923503477039        0.0000000000000000       -0.0000000000000000        0.0000000000000000     
  0.17465998913685662        0.0000000000000000       -0.0000000000000000        0.0000000000000000     
  0.18523958848506802        0.0000000000000000       -0.0000000000000000        0.0000000000000000     
  0.19645396379417213        0.0000000000000000       -0.0000000000000000        0.0000000000000000     
  0.20834120162182246        0.0000000000000000       -0.0000000000000000        0.0000000000000000     
  0.22094167371913181        0.0000000000000000       -0.0000000000000000        0.0000000000000000     
  0.23429817414227974        0.0000000000000000       -0.0000000000000000        0.0000000000000000     
  0.24845606459081654        0.0000000000000000       -0.0000000000000000        0.0000000000000000     
  0.26346342846626553        0.0000000000000000       -0.0000000000000000        0.0000000000000000     
  0.27937123417424148        0.0000000000000000       -0.0000000000000000        0.0000000000000000     
  0.29623350822469596        0.0000000000000000       -0.0000000000000000        0.0000000000000000     
  0.31410751871817771        0.0000000000000000       -0.0000000000000000        0.0000000000000000     
  0.33305396984126839        0.0000000000000000       -0.0000000000000000        0.0000000000000000     
  0.35313720803174453        0.0000000000000000       -0.0000000000000000        0.0000000000000000     
  0.37442544051364923        0.0000000000000000       -0.0000000000000000        0.0000000000000000     
  0.39699096694446823        0.0000000000000000       -0.0000000000000000        0.0000000000000000     
  0.42091042496113634        0.0000000000000000       -0.0000000000000000        0.0000000000000000     
  0.44626505045880455        0.0000000000000000       -0.0000000000000000        0.0000000000000000     
  0.47314095348633284        0.0000000000000000       -0.0000000000000000        0.0000000000000000     
  0.50162941069551281        0.0000000000000000       -0.0000000000000000        0.0000000000000000     
  0.53182717533724366        0.0000000000000000       -0.0000000000000000        0.0000000000000000     
  0.56383680585747831        0.0000000000000000       -0.0000000000000000        0.0000000000000000     
  0.59776701420892708        0.0000000000000000       -0.0000000000000000        0.0000000000000000     
  0.63373303506146272        0.0000000000000000       -0.0000000000000000        0.0000000000000000     
  0.67185701716515056        0.0000000000000000       -0.0000000000000000        0.0000000000000000     
  0.71226843819505958        0.0000000000000000       -0.0000000000000000        0.0000000000000000     
  0.75510454448676323        0.0000000000000000       -0.0000000000000000        0.0000000000000000     
  0.80051081715596906        0.0000000000000000       -0.0000000000000000        0.0000000000000000     
  0.84864146618532721        0.0000000000000000       -0.0000000000000000        0.0000000000000000     
  0.89965995415644684        0.0000000000000000       -0.0000000000000000        0.0000000000000000     
  0.95373955140583366        0.0000000000000000       -0.0000000000000000        0.0000000000000000     
   1.0110639244901838        0.0000000000000000       -0.0000000000000000        0.0000000000000000     
   1.0718277599595949        0.0000000000000000       -0.0000000000000000        0.0000000000000000     
   1.1362374255571706        0.0000000000000000       -0.0000000000000000        0.0000000000000000     
   1.2045116710906008        0.0000000000000000       -0.0000000000000000        0.0000000000000000     
   1.2768823713560369        0.0000000000000000       -0.0000000000000000        0.0000000000000000     
   1.3535953136373993        0.0000000000000000       -0.0000000000000000        0.0000000000000000     
   1.4349110324556433        0.0000000000000000       -0.0000000000000000        0.0000000000000000     
   1.5211056944029819        0.0000000000000000       -0.0000000000000000        0.0000000000000000     
   1.6124720360671609        0.0000000000000000       -0.0000000000000000        0.0000000000000000     
   1.7093203582311907        0.0000000000000000       -0.0000000000000000        0.0000000000000000     
   1.8119795797250622        0.0000000000000000       -0.0000000000000000        0.0000000000000000     
   1.9207983545085661        0.0000000000000000       -0.0000000000000000        0.0000000000000000     
   2.0361462557790801        0.0000000000000000       -0.0000000000000000        0.0000000000000000     
   2.1584150311258252        0.0000000000000000       -0.0000000000000000        0.0000000000000000     
   2.2880199329933748        0.0000000000000000       -0.0000000000000000        0.0000000000000000     
   2.4254011289729775        0.0000000000000000       -0.0000000000000000        0.0000000000000000     
   2.5710251967113562        0.0000000000000000       -0.0000000000000000        0.0000000000000000     
   2.7253867085140375        0.0000000000000000       -0.0000000000000000        0.0000000000000000     
   2.8890099110248801        0.0000000000000000       -0.0000000000000000        0.0000000000000000     
   3.0624505056863729        0.0000000000000000       -0.0000000000000000        0.0000000000000000     
   3.2462975360275554        0.0000000000000000       -0.0000000000000000        0.0000000000000000     
   3.4411753881892091        0.0000000000000000       -0.0000000000000000        0.0000000000000000     
   3.6477459114805617        0.0000000000000000       -0.0000000000000000        0.0000000000000000     
   3.8667106661693955        0.0000000000000000       -0.0000000000000000        0.0000000000000000     
   4.0988133061395597        0.0000000000000000       -0.0000000000000000        0.0000000000000000     
   4.3448421045079337        0.0000000000000000       -0.0000000000000000        0.0000000000000000     
   4.6056326307784099        0.0000000000000000       -0.0000000000000000        0.0000000000000000     
   4.8820705886251146        0.0000000000000000       -0.0000000000000000        0.0000000000000000     
   5.1750948239426213        0.0000000000000000       -0.0000000000000000        0.0000000000000000     
   5.4857005133791787        0.0000000000000000       -0.0000000000000000        0.0000000000000000     
   5.8149425441819300        0.0000000000000000       -0.0000000000000000        0.0000000000000000     
   6.1639390968328458        0.0000000000000000       -0.0000000000000000        0.0000000000000000     
   6.5338754426428167        0.0000000000000000       -0.0000000000000000        0.0000000000000000     
   6.9260079692013861        0.0000000000000000       -0.0000000000000000        0.0000000000000000     
   7.3416684473534692        0.0000000000000000       -0.0000000000000000        0.0000000000000000     
   7.7822685541946779        0.0000000000000000       -0.0000000000000000        0.0000000000000000     
   8.2493046674463599        0.0000000000000000       -0.0000000000000000        0.0000000000000000     
   8.7443629474931424        0.0000000000000000       -0.0000000000000000        0.0000000000000000     
   9.2691247243427313        0.0000000000000000       -0.0000000000000000        0.0000000000000000     
   9.8253722078032961        0.0000000000000000       -0.0000000000000000        0.0000000000000000     
   10.414994540271495        0.0000000000000000       -0.0000000000000000        0.0000000000000000     
   11.039994212687786        0.0000000000000000       -0.0000000000000000        0.0000000000000000     
   11.702493865449053        0.0000000000000000       -0.0000000000000000        0.0000000000000000     
   12.404743497375996        0.0000000000000000       -0.0000000000000000        0.0000000000000000     
   13.149128107218557        0.0000000000000000       -0.0000000000000000        0.0000000000000000     
   13.938175793651672        0.0000000000000000       -0.0000000000000000        0.0000000000000000     
   14.774566341270774        0.0000000000000000       -0.0000000000000000        0.0000000000000000     
   15.661140321747020        0.0000000000000000       -0.0000000000000000        0.0000000000000000     
   16.600908741051843        0.0000000000000000       -0.0000000000000000        0.0000000000000000     
   17.597063265514954        0.0000000000000000       -0.0000000000000000        0.0000000000000000     
   18.652987061445852        0.0000000000000000       -0.0000000000000000        0.0000000000000000     
   19.772266285132606        0.0000000000000000       -0.0000000000000000        0.0000000000000000     
   20.958702262240564        0.0000000000000000       -0.0000000000000000        0.0000000000000000     
   22.216324397974997        0.0000000000000000       -0.0000000000000000        0.0000000000000000     
   23.549403861853499        0.0000000000000000       -0.0000000000000000        0.0000000000000000     
   24.962468093564709        0.0000000000000000       -0.0000000000000000        0.0000000000000000     
   26.460316179178594        0.0000000000000000       -0.0000000000000000        0.0000000000000000     
   28.048035149929312        0.0000000000000000       -0.0000000000000000        0.0000000000000000     
   29.731017258925071        0.0000000000000000       -0.0000000000000000        0.0000000000000000     
   31.514978294460576        0.0000000000000000       -0.0000000000000000        0.0000000000000000     
   33.405976992128210        0.0000000000000000       -0.0000000000000000        0.0000000000000000     
   35.410435611655906        0.0000000000000000       -0.0000000000000000        0.0000000000000000     
   37.535161748355264        0.0000000000000000       -0.0000000000000000        0.0000000000000000     
   39.787371453256583        0.0000000000000000       -0.0000000000000000        0.0000000000000000     
   42.174713740451978        0.0000000000000000       -0.0000000000000000        0.0000000000000000     
   44.705296564879099        0.0000000000000000       -0.0000000000000000        0.0000000000000000     
   47.387714358771845        0.0000000000000000       -0.0000000000000000        0.0000000000000000     
   50.231077220298161        0.0000000000000000       -0.0000000000000000        0.0000000000000000     
   53.245041853516049        0.0000000000000000       -0.0000000000000000        0.0000000000000000     
   56.439844364727016        0.0000000000000000       -0.0000000000000000        0.0000000000000000     
   59.826335026610636        5.2891600447944388E-004  -1.0417383858421788E-010   1.0417383858421788E-010
   63.416015128207277        3.8595786064722854E-003  -2.8598766626938107E-009   2.9640505012780284E-009
   67.221076035899713        1.0240849224425920E-002  -1.4543673174699949E-008   1.7507723675977977E-008
   71.254440598053705        1.9938810178916268E-002  -4.4151576744679161E-008   6.1659300420657141E-008
   75.529807033936933        3.3237857165062785E-002  -1.0347509846493383E-007   1.6513439888559096E-007
   80.061695455973151        5.0441858315393759E-002  -2.0737956042728912E-007   3.7251395931288005E-007
   84.865497183331541        7.1875383703182513E-002  -3.7418046755073477E-007   7.4669442686361477E-007
   89.865497183331541        9.7414885453736944E-002  -6.2109260737180939E-007   1.3677870342354242E-006
   94.865497183331541       0.12603415578120764       -9.5410150487554625E-007   2.3218885391109704E-006
   99.865497183331541       0.15745387436735428       -1.3826207559296444E-006   3.7045092950406146E-006
   104.86549718333154       0.19124572316886332       -1.9117614767743572E-006   5.6162707718149718E-006
   109.86549718333154       0.22644325085060088       -2.5334545731994519E-006   8.1497253450144233E-006
   114.86549718333154       0.26121468280659915       -3.2144755577552447E-006   1.1364200902769669E-005
   119.86549718333154       0.29325566493757643       -3.8981466211798247E-006   1.5262347523949495E-005
   124.86549718333154       0.32083447621632577       -4.5280985527095770E-006   1.9790446076659072E-005
   129.86549718333154       0.34347809977722377       -5.0731679372997819E-006   2.4863614013958854E-005
   134.86549718333154       0.36176689176709065       -5.5313208458790728E-006   3.0394934859837926E-005
   139.86549718333154       0.37670433949336046       -5.9171855990548469E-006   3.6312120458892773E-005
   144.86549718333154       0.38923701946737077       -6.2489116379510124E-006   4.2561032096843786E-005
   149.86549718333154       0.40007198860511689       -6.5415057568432807E-006   4.9102537853687069E-005
   154.86549718333154       0.40968048231455023       -6.8054410528095318E-006   5.5907978906496599E-005
   159.86549718333154       0.41836292805324582       -7.0475171738983422E-006   6.2955496080394939E-005
   164.86549718333154       0.42631197483599365       -7.2721033018720401E-006   7.0227599382266981E-005
   169.86549718333154       0.43365621901998636       -7.4820990169376195E-006   7.7709698399204595E-005
   174.86549718333154       0.44048646892907789       -7.6795382265410985E-006   8.5389236625745696E-005
   179.86549718333154       0.44687053561976131       -7.8659350081506129E-006   9.3255171633896305E-005
   184.86549718333154       0.45286145385434295       -8.0424755109880935E-006   1.0129764714488440E-004
   189.86549718333154       0.45850216643827180       -8.2101257021625285E-006   1.0950777284704692E-004
   194.86549718333154       0.46382832936507745       -8.3696944591763023E-006   1.1787746730622321E-004
   199.86549718333154       0.46887009567182997       -8.5218727292276953E-006   1.2639934003545091E-004
   204.86549718333154       0.47365331805964045       -8.6672593680022141E-006   1.3506659940345313E-004
   209.86549718333154       0.47820040132030317       -8.8063791598513481E-006   1.4387297856330447E-004
   214.86549718333154       0.48253093133659369       -8.9396959765252451E-006   1.5281267453982970E-004
   219.86549718333154       0.48666215404013041       -9.0676227437835421E-006   1.6188029728361324E-004
   224.86549718333154       0.49060934917776217       -9.1905292095177081E-006   1.7107082649313096E-004
   229.86549718333154       0.49438612769921175       -9.3087481358644599E-006   1.8037957462899542E-004
   234.86549718333154       0.49800467209634180       -9.4225803238187701E-006   1.8980215495281418E-004
   239.86549718333154       0.50147593314755134       -9.5322987495672815E-006   1.9933445370238145E-004
   244.86549718333154       0.50480979272185400       -9.6381520101619414E-006   2.0897260571254339E-004
   249.86549718333154       0.50801519974904763       -9.7403672225663117E-006   2.1871297293510970E-004
   254.86549718333154       0.51110028469816826       -9.8391524836589072E-006   2.2855212541876861E-004
   259.86549718333151       0.51407245665138124       -9.9346989732122126E-006   2.3848682439198083E-004
   264.86549718333151       0.51693848614689319       -1.0027182763452041E-005   2.4851400715543285E-004
   269.86549718333151       0.51970457628682465       -1.0116766385249600E-005   2.5863077354068245E-004
   274.86549718333151       0.52237642409449370       -1.0203600190816657E-005   2.6883437373149911E-004
   279.86549718333151       0.52495927371456685       -1.0287823545017288E-005   2.7912219727651639E-004
   284.86549718333151       0.52745796274655055       -1.0369565871404251E-005   2.8949176314792063E-004
   289.86549718333151       0.52987696276482477       -1.0448947574382955E-005   2.9994071072230361E-004
   294.86549718333151       0.53222041489112415       -1.0526080855190794E-005   3.1046679157749438E-004
   299.86549718333151       0.53449216113580289       -1.0601070436403088E-005   3.2106786201389746E-004
   304.86549718333151       0.53669577210416886       -1.0674014207282763E-005   3.3174187622118023E-004
   309.86549718333151       0.53883457156693060       -1.0745003800343818E-005   3.4248688002152405E-004
   314.86549718333151       0.54091165831455634       -1.0814125107905725E-005   3.5330100512942980E-004
   319.86549718333151       0.54292992565054410       -1.0881458746109266E-005   3.6418246387553906E-004
   324.86549718333151       0.54489207882483015       -1.0947080472770986E-005   3.7512954434831006E-004
   329.86549718333151       0.54680065066440831       -1.1011061564556088E-005   3.8614060591286614E-004
   334.86549718333151       0.54865801562114969       -1.1073469158188536E-005   3.9721407507105469E-004
   339.86549718333151       0.55046640242578315       -1.1134366559776643E-005   4.0834844163083135E-004
   344.86549718333151       0.55222790551122369       -1.1193813525801794E-005   4.1954225515663314E-004
   349.86549718333151       0.55394449534616186       -1.1251866518849846E-005   4.3079412167548297E-004
   354.86549718333151       0.55561802780148595       -1.1308578940784065E-005   4.4210270061626703E-004
   359.86549718333151       0.55725025265605188       -1.1364001345717225E-005   4.5346670196198428E-004
   364.86549718333151       0.55884282133498675       -1.1418181634860450E-005   4.6488488359684472E-004
   369.86549718333151       0.56039729396195970       -1.1471165235073742E-005   4.7635604883191848E-004
   374.86549718333151       0.56191514579702095       -1.1522995262733705E-005   4.8787904409465217E-004
   379.86549718333151       0.56339777312296657       -1.1573712674346968E-005   4.9945275676899919E-004
   384.86549718333151       0.56484649863578851       -1.1623356405177395E-005   5.1107611317417658E-004
   389.86549718333151       0.56626257638835720       -1.1671963497015699E-005   5.2274807667119225E-004
   394.86549718333151       0.56764719633078242       -1.1719569216093530E-005   5.3446764588728577E-004
   399.86549718333151       0.56900148848629106       -1.1766207162045682E-005   5.4623385304933150E-004
   404.86549718333151       0.57032652679684304       -1.1811909368717470E-005   5.5804576241804901E-004
   409.86549718333151       0.57162333266924037       -1.1856706397539797E-005   5.6990246881558884E-004
   414.86549718333151       0.57289287824917134       -1.1900627424120017E-005   5.8180309623970890E-004
   419.86549718333151       0.57413608944767991       -1.1943700318629011E-005   5.9374679655833788E-004
   424.86549718333151       0.57535384874199136       -1.1985951720506775E-005   6.0573274827884470E-004
   429.86549718333151       0.57654699777054408       -1.2027407107963096E-005   6.1776015538680777E-004
   434.86549718333151       0.57771633973999448       -1.2068090862701395E-005   6.2982824624950920E-004
   439.86549718333151       0.57886264166001633       -1.2108026330246341E-005   6.4193627257975549E-004
   444.86549718333151       0.57998663642062975       -1.2147235876236707E-005   6.5408350845599223E-004
   449.86549718333151       0.58108902472485469       -1.2185740938993231E-005   6.6626924939498550E-004
   454.86549718333151       0.58217047688862200       -1.2223562078655487E-005   6.7849281147364094E-004
   459.86549718333151       0.58323163451867088       -1.2260719023152465E-005   6.9075353049679342E-004
   464.86549718333151       0.58427311207806731       -1.2297230711244515E-005   7.0305076120803789E-004
   469.86549718333151       0.58529549834817141       -1.2333115332856116E-005   7.1538387654089400E-004
   474.86549718333151       0.58629935779522724       -1.2368390366904965E-005   7.2775226690779894E-004
   479.86549718333151       0.58728523184872261       -1.2403072616804833E-005   7.4015533952460379E-004
   484.86549718333151       0.58825364009825187       -1.2437178243812289E-005   7.5259251776841609E-004
   489.86549718333151       0.58920508141501893       -1.2470722798372803E-005   7.6506324056678889E-004
   494.86549718333151       0.59014003500354051       -1.2503721249607170E-005   7.7756696181639610E-004
   499.86549718333151       0.59105896138858005       -1.2536188013065686E-005   7.9010314982946178E-004
   504.86549718333151       0.59196230334204691       -1.2568136976871747E-005   8.0267128680633348E-004
   509.86549718333151       0.59285048675418617       -1.2599581526366233E-005   8.1527086833269968E-004
   514.86549718333151       0.59372392145288444       -1.2630534567350149E-005   8.2790140290004983E-004
   519.86549718333151       0.59458300197481873       -1.2661008548022881E-005   8.4056241144807276E-004
   524.86549718333151       0.59542810829169490       -1.2691015479699585E-005   8.5325342692777232E-004
   529.86549718333151       0.59625960649469478       -1.2720566956389311E-005   8.6597399388416163E-004
   534.86549718333151       0.59707784943990116       -1.2749674173305756E-005   8.7872366805746740E-004
   539.86549718333151       0.59788317735739260       -1.2778347944381952E-005   8.9150201600184933E-004
   544.86549718333151       0.59867591842631607       -1.2806598718848634E-005   9.0430861472069800E-004
   549.86549718333151       0.59945638931823020       -1.2834436596937475E-005   9.1714305131763551E-004
   554.86549718333151       0.60022489571073212       -1.2861871344761975E-005   9.3000492266239745E-004
   559.86549718333151       0.60098173277332700       -1.2888912408428512E-005   9.4289383507082595E-004
   564.86549718333151       0.60172718562724048       -1.2915568927422301E-005   9.5580940399824822E-004
   569.86549718333151       0.60246152978085898       -1.2941849747313631E-005   9.6875125374556190E-004
   574.86549718333151       0.60318503154225811       -1.2967763431822977E-005   9.8171901717738477E-004
   579.86549718333151       0.60389794841032363       -1.2993318274286318E-005   9.9471233545167102E-004
   584.86549718333151       0.60460052944568055       -1.3018522308552445E-005   1.0077308577602234E-003
   589.86549718333151       0.60529301562270277       -1.3043383319347220E-005   1.0207742410795707E-003
   594.86549718333151       0.60597564016371641       -1.3067908852134704E-005   1.0338421499317054E-003
   599.86549718333151       0.60664862885645021       -1.3092106222503738E-005   1.0469342561542092E-003
   604.86549718333151       0.60731220035576272       -1.3115982525108440E-005   1.0600502386793177E-003
   609.86549718333151       0.60796656647044955       -1.3139544642183549E-005   1.0731897833215012E-003
   614.86549718333151       0.60861193243615852       -1.3162799251664228E-005   1.0863525825731653E-003
   619.86549718333151       0.60924849717506990       -1.3185752834927149E-005   1.0995383354080925E-003
   624.86549718333151       0.60987645354313225       -1.3208411684174994E-005   1.1127467470922676E-003
   629.86549718333151       0.61049598856555953       -1.3230781909483845E-005   1.1259775290017515E-003
   634.86549718333151       0.61110728366128186       -1.3252869445533005E-005   1.1392303984472845E-003
   639.86549718333151       0.61171051485688710       -1.3274680058031437E-005   1.1525050785053158E-003
   644.86549718333151       0.61230585299065643       -1.3296219349857938E-005   1.1658012978551738E-003
   649.86549718333151       0.61289346390728094       -1.3317492766931636E-005   1.1791187906221054E-003
   654.86549718333151       0.61347350864369099       -1.3338505603824479E-005   1.1924572962259299E-003
   659.86549718333151       0.61404614360646270       -1.3359263009128460E-005   1.2058165592350584E-003
   664.86549718333151       0.61461152074140035       -1.3379769990595733E-005   1.2191963292256542E-003
   669.86549718333151       0.61516978769542852       -1.3400031420053044E-005   1.2325963606457072E-003
   674.86549718333151       0.61572108797152447       -1.3420052038113792E-005   1.2460164126838209E-003
   679.86549718333151       0.61626556107675146       -1.3439836458687004E-005   1.2594562491425080E-003
   684.86549718333151       0.61680334266396808       -1.3459389173301218E-005   1.2729156383158092E-003
   689.86549718333151       0.61733456466735226       -1.3478714555245796E-005   1.2863943528710550E-003
   694.86549718333151       0.61785935543227166       -1.3497816863546549E-005   1.2998921697346016E-003
   699.86549718333151       0.61837783983952632       -1.3516700246774261E-005   1.3134088699813759E-003
   704.86549718333151       0.61889013942446214       -1.3535368746702176E-005   1.3269442387280779E-003
   709.86549718333151       0.61939637249106838       -1.3553826301814490E-005   1.3404980650298924E-003
   714.86549718333151       0.61989665422141871       -1.3572076750677148E-005   1.3540701417805695E-003
   719.86549718333151       0.62039109678051962       -1.3590123835171352E-005   1.3676602656157409E-003
   724.86549718333151       0.62087980941695742       -1.3607971203602504E-005   1.3812682368193434E-003
   729.86549718333151       0.62136289855950877       -1.3625622413688973E-005   1.3948938592330323E-003
   734.86549718333151       0.62184046790975567       -1.3643080935430676E-005   1.4085369401684630E-003
   739.86549718333151       0.62231261853111219       -1.3660350153871023E-005   1.4221972903223339E-003
   744.86549718333151       0.62277944893429094       -1.3677433371751869E-005   1.4358747236940857E-003
   749.86549718333151       0.62324105515941330       -1.3694333812067714E-005   1.4495690575061534E-003
   754.86549718333151       0.62369753085490065       -1.3711054620523063E-005   1.4632801121266764E-003
   759.86549718333151       0.62414896735332925       -1.3727598867898437E-005   1.4770077109945749E-003
   764.86549718333151       0.62459545374436287       -1.3743969552328241E-005   1.4907516805469031E-003
   769.86549718333151       0.62503707694492039       -1.3760169601495258E-005   1.5045118501483983E-003
   774.86549718333151       0.62547392176662886       -1.3776201874742657E-005   1.5182880520231410E-003
   779.86549718333151       0.62590607098077733       -1.3792069165110623E-005   1.5320801211882516E-003
   784.86549718333151       0.62633360538084171       -1.3807774201299237E-005   1.5458878953895508E-003
   789.86549718333151       0.62675660384265097       -1.3823319649559544E-005   1.5597112150391103E-003
   794.86549718333151       0.62717514338236990       -1.3838708115518371E-005   1.5735499231546287E-003
   799.86549718333151       0.62758929921236151       -1.3853942145938652E-005   1.5874038653005673E-003
   804.86549718333151       0.62799914479495089       -1.3869024230415262E-005   1.6012728895309827E-003
   809.86549718333151       0.62840475189433453       -1.3883956803014801E-005   1.6151568463339974E-003
   814.86549718333151       0.62880619062652299       -1.3898742243854615E-005   1.6290555885778520E-003
   819.86549718333151       0.62920352950759972       -1.3913382880630803E-005   1.6429689714584827E-003
   824.86549718333151       0.62959683550019463       -1.3927880990091072E-005   1.6568968524485739E-003
   829.86549718333151       0.62998617405837065       -1.3942238799459136E-005   1.6708390912480331E-003
   834.86549718333151       0.63037160917086732       -1.3956458487808174E-005   1.6847955497358413E-003
   839.86549718333151       0.63075320340292795       -1.3970542187391235E-005   1.6987660919232325E-003
   844.86549718333151       0.63113101793662163       -1.3984491984924863E-005   1.7127505839081574E-003
   849.86549718333151       0.63150511260978426       -1.3998309922830140E-005   1.7267488938309875E-003
   854.86549718333151       0.63187554595364370       -1.4011998000433151E-005   1.7407608918314206E-003
   859.86549718333151       0.63224237522916482       -1.4025558175125834E-005   1.7547864500065465E-003
   864.86549718333151       0.63260565646215949       -1.4038992363488484E-005   1.7688254423700350E-003
   869.86549718333151       0.63296544447723613       -1.4052302442376421E-005   1.7828777448124114E-003
   874.86549718333151       0.63332179293059687       -1.4065490249970707E-005   1.7969432350623822E-003
   879.86549718333151       0.63367475434174281       -1.4078557586794893E-005   1.8110217926491771E-003
   884.86549718333151       0.63402438012418760       -1.4091506216701245E-005   1.8251132988658784E-003
   889.86549718333151       0.63437072061508504       -1.4104337867822606E-005   1.8392176367337009E-003
   894.86549718333151       0.63471382510396712       -1.4117054233497010E-005   1.8533346909671978E-003
   899.86549718333151       0.63505374186048802       -1.4129656973160825E-005   1.8674643479403587E-003
   904.86549718333151       0.63539051816131353       -1.4142147713215399E-005   1.8816064956535740E-003
   909.86549718333151       0.63572420031618815       -1.4154528047868264E-005   1.8957610237014422E-003
   914.86549718333151       0.63605483369305649       -1.4166799539943929E-005   1.9099278232413862E-003
   919.86549718333151       0.63638246274253085       -1.4178963721675044E-005   1.9241067869630612E-003
   924.86549718333151       0.63670713102147336       -1.4191022095465077E-005   1.9382978090585262E-003
   929.86549718333151       0.63702888121588752       -1.4202976134629541E-005   1.9525007851931557E-003
   934.86549718333151       0.63734775516313136       -1.4214827284116078E-005   1.9667156124772720E-003
   939.86549718333151       0.63766379387341443       -1.4226576961201818E-005   1.9809421894384739E-003
   944.86549718333151       0.63797703755059665       -1.4238226556168521E-005   1.9951804159946424E-003
   949.86549718333151       0.63828752561240731       -1.4249777432959686E-005   2.0094301934276020E-003
   954.86549718333151       0.63859529671000947       -1.4261230929816845E-005   2.0236914243574188E-003
   959.86549718333151       0.63890038874704347       -1.4272588359899690E-005   2.0379640127173183E-003
   964.86549718333151       0.63920283889799689       -1.4283851011884372E-005   2.0522478637292028E-003
   969.86549718333151       0.63950268362606899       -1.4295020150546008E-005   2.0665428838797487E-003
   974.86549718333151       0.63979995870055095       -1.4306097017326102E-005   2.0808489808970747E-003
   979.86549718333151       0.64009469921362860       -1.4317082830881262E-005   2.0951660637279559E-003
   984.86549718333151       0.64038693959670034       -1.4327978787616582E-005   2.1094940425155726E-003
   989.86549718333151       0.64067671363624756       -1.4338786062204974E-005   2.1238328285777775E-003
   994.86549718333151       0.64096405448922589       -1.4349505808091098E-005   2.1381823343858686E-003
   999.86549718333151       0.64124899469799590       -1.4360139157980613E-005   2.1525424735438490E-003
   1004.8654971833315       0.64153156620485396       -1.4370687224316763E-005   2.1669131607681656E-003
   1009.8654971833315       0.64181180036611607       -1.4381151099742598E-005   2.1812943118679081E-003
   1014.8654971833315       0.64208972796582620       -1.4391531857551273E-005   2.1956858437254595E-003
   1019.8654971833315       0.64236537922903947       -1.4401830552122625E-005   2.2100876742775820E-003
   1024.8654971833316       0.64263878383477857       -1.4412048219349495E-005   2.2244997224969316E-003
   1029.8654971833316       0.64290997092861324       -1.4422185877051927E-005   2.2389219083739837E-003
   1034.8654971833316       0.64317896913483841       -1.4432244525378249E-005   2.2533541528993620E-003
   1039.8654971833316       0.64344580656838413       -1.4442225147197882E-005   2.2677963780465596E-003
   1044.8654971833316       0.64371051084633968       -1.4452128708481508E-005   2.2822485067550413E-003
   1049.8654971833316       0.64397310909922945       -1.4461956158673587E-005   2.2967104629137147E-003
   1054.8654971833316       0.64423362798188966       -1.4471708431051561E-005   2.3111821713447662E-003
   1059.8654971833316       0.64449209368411553       -1.4481386443078051E-005   2.3256635577878441E-003
   1064.8654971833316       0.64474853194098392       -1.4490991096742361E-005   2.3401545488845863E-003
   1069.8654971833316       0.64500296804293566       -1.4500523278894492E-005   2.3546550721634807E-003
   1074.8654971833316       0.64525542684557291       -1.4509983861569810E-005   2.3691650560250504E-003
   1079.8654971833316       0.64550593277914126       -1.4519373702303326E-005   2.3836844297273536E-003
   1084.8654971833316       0.64575450985782146       -1.4528693644438109E-005   2.3982131233717917E-003
   1089.8654971833316       0.64600118168878862       -1.4537944517426234E-005   2.4127510678892180E-003
   1094.8654971833316       0.64624597148098195       -1.4547127137120134E-005   2.4272981950263380E-003
   1099.8654971833316       0.64648890205364729       -1.4556242306056563E-005   2.4418544373323945E-003
   1104.8654971833316       0.64672999584470348       -1.4565290813735122E-005   2.4564197281461298E-003
   1109.8654971833316       0.64696927491882972       -1.4574273436887392E-005   2.4709940015830174E-003
   1114.8654971833316       0.64720676097542840       -1.4583190939742483E-005   2.4855771925227600E-003
   1119.8654971833316       0.64744247535627142       -1.4592044074281683E-005   2.5001692365970419E-003
   1124.8654971833316       0.64767643905304773       -1.4600833580490432E-005   2.5147700701775321E-003
   1129.8654971833316       0.64790867271467045       -1.4609560186602213E-005   2.5293796303641342E-003
   1134.8654971833316       0.64813919665439090       -1.4618224609336109E-005   2.5439978549734702E-003
   1139.8654971833316       0.64836803085679606       -1.4626827554130878E-005   2.5586246825276011E-003
   1144.8654971833316       0.64859519498455231       -1.4635369715370392E-005   2.5732600522429716E-003
   1149.8654971833316       0.64882070838501182       -1.4643851776604699E-005   2.5879039040195761E-003
   1154.8654971833316       0.64904459009666471       -1.4652274410766152E-005   2.6025561784303423E-003
   1159.8654971833316       0.64926685885541446       -1.4660638280379637E-005   2.6172168167107220E-003
   1164.8654971833316       0.64948753310072715       -1.4668944037768863E-005   2.6318857607484907E-003
   1169.8654971833316       0.64970663098158887       -1.4677192325256102E-005   2.6465629530737470E-003
   1174.8654971833316       0.64992417036232963       -1.4685383775357702E-005   2.6612483368491048E-003
   1179.8654971833316       0.65014016882832493       -1.4693519010975627E-005   2.6759418558600805E-003
   1184.8654971833316       0.65035464369157514       -1.4701598645585102E-005   2.6906434545056657E-003
   1189.8654971833316       0.65056761199603930       -1.4709623283413611E-005   2.7053530777890792E-003
   1194.8654971833316       0.65077909052302252       -1.4717593519622613E-005   2.7200706713087020E-003
   1199.8654971833316       0.65098909579626263       -1.4725509940478489E-005   2.7347961812491804E-003
   1204.8654971833316       0.65119764408699798       -1.4733373123523368E-005   2.7495295543727037E-003
   1209.8654971833316       0.65140475141886744       -1.4741183637740234E-005   2.7642707380104441E-003
   1214.8654971833316       0.65161043357275017       -1.4748942043716282E-005   2.7790196800541603E-003
   1219.8654971833316       0.65181470609140124       -1.4756648893799144E-005   2.7937763289479596E-003
   1224.8654971833316       0.65201758428404510       -1.4764304732252007E-005   2.8085406336802116E-003
   1229.8654971833316       0.65221908323087951       -1.4771910095405926E-005   2.8233125437756175E-003
   1234.8654971833316       0.65241921778739620       -1.4779465511805649E-005   2.8380920092874232E-003
   1239.8654971833316       0.65261800258867619       -1.4786971502354990E-005   2.8528789807897781E-003
   1244.8654971833316       0.65281545205355551       -1.4794428580457772E-005   2.8676734093702359E-003
   1249.8654971833316       0.65301158038870111       -1.4801837252155817E-005   2.8824752466223916E-003
   1254.8654971833316       0.65320640159255605       -1.4809198016262470E-005   2.8972844446386540E-003
   1259.8654971833316       0.65339992945924641       -1.4816511364495029E-005   2.9121009560031490E-003
   1264.8654971833316       0.65359217758242272       -1.4823777781605204E-005   2.9269247337847543E-003
   1269.8654971833316       0.65378315935890263       -1.4830997745502372E-005   2.9417557315302568E-003
   1274.8654971833316       0.65397288799234510       -1.4838171727378492E-005   2.9565939032576353E-003
   1279.8654971833316       0.65416137649679618       -1.4845300191828478E-005   2.9714392034494636E-003
   1284.8654971833316       0.65434863770015794       -1.4852383596968059E-005   2.9862915870464317E-003
   1289.8654971833316       0.65453468424754335       -1.4859422394547687E-005   3.0011510094409793E-003
   1294.8654971833316       0.65471952860469207       -1.4866417030069072E-005   3.0160174264710483E-003
   1299.8654971833316       0.65490318306111817       -1.4873367942891949E-005   3.0308907944139401E-003
   1304.8654971833316       0.65508565973330213       -1.4880275566342775E-005   3.0457710699802829E-003
   1309.8654971833316       0.65526697056782268       -1.4887140327821544E-005   3.0606582103081047E-003
   1314.8654971833316       0.65544712734437394       -1.4893962648904517E-005   3.0755521729570090E-003
   1319.8654971833316       0.65562614167875977       -1.4900742945446400E-005   3.0904529159024555E-003
   1324.8654971833316       0.65580402502575663       -1.4907481627677844E-005   3.1053603975301335E-003
   1329.8654971833316       0.65598078868200238       -1.4914179100304193E-005   3.1202745766304375E-003
   1334.8654971833316       0.65615644378875904       -1.4920835762599726E-005   3.1351954123930372E-003
   1339.8654971833316       0.65633100133461830       -1.4927452008500044E-005   3.1501228644015373E-003
   1344.8654971833316       0.65650447215821428       -1.4934028226694924E-005   3.1650568926282320E-003
   1349.8654971833316       0.65667686695077720       -1.4940564800715436E-005   3.1799974574289475E-003
   1354.8654971833316       0.65684819625872315       -1.4947062109022662E-005   3.1949445195379703E-003
   1359.8654971833316       0.65701847048615236       -1.4953520525093208E-005   3.2098980400630636E-003
   1364.8654971833316       0.65718769989729120       -1.4959940417502758E-005   3.2248579804805663E-003
   1369.8654971833316       0.65735589461884858       -1.4966322150006675E-005   3.2398243026305730E-003
   1374.8654971833316       0.65752306464245014       -1.4972666081623722E-005   3.2547969687121967E-003
   1379.8654971833316       0.65768921982684192       -1.4978972566711271E-005   3.2697759412789081E-003
   1384.8654971833316       0.65785436990021029       -1.4985241955045143E-005   3.2847611832339534E-003
   1389.8654971833316       0.65801852446236353       -1.4991474591894358E-005   3.2997526578258476E-003
   1394.8654971833316       0.65818169298687101       -1.4997670818094538E-005   3.3147503286439423E-003
   1399.8654971833316       0.65834388482320416       -1.5003830970121502E-005   3.3297541596140640E-003
   1404.8654971833316       0.65850510919879945       -1.5009955380162136E-005   3.3447641149942260E-003
   1409.8654971833316       0.65866537522109181       -1.5016044376184295E-005   3.3597801593704102E-003
   1414.8654971833316       0.65882469187949233       -1.5022098282004779E-005   3.3748022576524151E-003
   1419.8654971833316       0.65898306804734130       -1.5028117417356549E-005   3.3898303750697716E-003
   1424.8654971833316       0.65914051248381167       -1.5034102097954191E-005   3.4048644771677260E-003
   1429.8654971833316       0.65929703383580829       -1.5040052635559441E-005   3.4199045298032855E-003
   1434.8654971833316       0.65945264063978437       -1.5045969338043690E-005   3.4349504991413294E-003
   1439.8654971833316       0.65960734132352561       -1.5051852509449392E-005   3.4500023516507786E-003
   1444.8654971833316       0.65976114420793142       -1.5057702450051577E-005   3.4650600541008300E-003
   1449.8654971833316       0.65991405750874010       -1.5063519456417323E-005   3.4801235735572472E-003
   1454.8654971833316       0.66006608933820576       -1.5069303821463558E-005   3.4951928773787107E-003
   1459.8654971833316       0.66021724770678425       -1.5075055834515353E-005   3.5102679332132260E-003
   1464.8654971833316       0.66036754052473567       -1.5080775781361151E-005   3.5253487089945872E-003
   1469.8654971833316       0.66051697560374834       -1.5086463944308988E-005   3.5404351729388960E-003
   1474.8654971833316       0.66066556065849502       -1.5092120602240226E-005   3.5555272935411364E-003
   1479.8654971833316       0.66081330330814492       -1.5097746030661751E-005   3.5706250395717981E-003
   1484.8654971833316       0.66096021107789649       -1.5103340501759090E-005   3.5857283800735571E-003
   1489.8654971833316       0.66110629140044541       -1.5108904284447140E-005   3.6008372843580041E-003
   1494.8654971833316       0.66125155161744509       -1.5114437644420808E-005   3.6159517220024249E-003
   1499.8654971833316       0.66139599898091772       -1.5119940844203783E-005   3.6310716628466288E-003
   1504.8654971833316       0.66153964065461723       -1.5125414143195708E-005   3.6461970769898246E-003
   1509.8654971833316       0.66168248371546801       -1.5130857797722196E-005   3.6613279347875467E-003
   1514.8654971833316       0.66182453515484096       -1.5136272061078920E-005   3.6764642068486254E-003
   1519.8654971833316       0.66196580187991649       -1.5141657183578977E-005   3.6916058640322044E-003
   1524.8654971833316       0.66210629071495153       -1.5147013412596804E-005   3.7067528774448011E-003
   1529.8654971833316       0.66224600840254000       -1.5152340992611849E-005   3.7219052184374129E-003
   1534.8654971833316       0.66238496160488902       -1.5157640165253041E-005   3.7370628586026657E-003
   1539.8654971833316       0.66252315690500518       -1.5162911169339811E-005   3.7522257697720053E-003
   1544.8654971833316       0.66266060080792855       -1.5168154240925133E-005   3.7673939240129304E-003
   1549.8654971833316       0.66279729974189738       -1.5173369613335935E-005   3.7825672936262662E-003
   1554.8654971833316       0.66293326005949016       -1.5178557517212774E-005   3.7977458511434790E-003
   1559.8654971833316       0.66306848803876195       -1.5183718180549356E-005   3.8129295693240285E-003
   1564.8654971833316       0.66320298988436410       -1.5188851828731542E-005   3.8281184211527599E-003
   1569.8654971833316       0.66333677172866046       -1.5193958684576227E-005   3.8433123798373363E-003
   1574.8654971833316       0.66346983963275907       -1.5199038968367165E-005   3.8585114188057035E-003
   1579.8654971833316       0.66360219958761391       -1.5204092897893480E-005   3.8737155117035968E-003
   1584.8654971833316       0.66373385751500080       -1.5209120688483495E-005   3.8889246323920803E-003
   1589.8654971833316       0.66386481926857566       -1.5214122553041717E-005   3.9041387549451222E-003
   1594.8654971833316       0.66399509063488116       -1.5219098702083998E-005   3.9193578536472059E-003
   1599.8654971833316       0.66412467733429392       -1.5224049343770444E-005   3.9345819029909766E-003
   1604.8654971833316       0.66425358502201370       -1.5228974683940019E-005   3.9498108776749169E-003
   1609.8654971833316       0.66438181928899487       -1.5233874926142989E-005   3.9650447526010596E-003
   1614.8654971833316       0.66450938566287709       -1.5238750271673469E-005   3.9802835028727333E-003
   1619.8654971833316       0.66463628960894150       -1.5243600919602892E-005   3.9955271037923363E-003
   1624.8654971833316       0.66476253653091877       -1.5248427066808009E-005   4.0107755308591442E-003
   1629.8654971833316       0.66488813177195683       -1.5253228908004955E-005   4.0260287597671494E-003
   1634.8654971833316       0.66501308061544184       -1.5258006635777816E-005   4.0412867664029271E-003
   1639.8654971833316       0.66513738828586033       -1.5262760440608826E-005   4.0565495268435363E-003
   1644.8654971833316       0.66526105994964069       -1.5267490510907785E-005   4.0718170173544444E-003
   1649.8654971833316       0.66538410071597986       -1.5272197033041066E-005   4.0870892143874855E-003
   1654.8654971833316       0.66550651563762397       -1.5276880191358791E-005   4.1023660945788444E-003
   1659.8654971833316       0.66562830971169740       -1.5281540168224018E-005   4.1176476347470686E-003
   1664.8654971833316       0.66574948788045041       -1.5286177144038817E-005   4.1329338118911074E-003
   1669.8654971833316       0.66587005503205166       -1.5290791297272099E-005   4.1482246031883793E-003
   1674.8654971833316       0.66599001600133489       -1.5295382804485801E-005   4.1635199859928647E-003
   1679.8654971833316       0.66610937557054284       -1.5299951840360945E-005   4.1788199378332254E-003
   1684.8654971833316       0.66622813847004680       -1.5304498577722857E-005   4.1941244364109486E-003
   1689.8654971833316       0.66634630937907324       -1.5309023187566720E-005   4.2094334595985158E-003
   1694.8654971833316       0.66646389292640262       -1.5313525839082022E-005   4.2247469854375976E-003
   1699.8654971833316       0.66658089369105622       -1.5318006699676707E-005   4.2400649921372742E-003
   1704.8654971833316       0.66669731620300643       -1.5322465935002190E-005   4.2553874580722765E-003
   1709.8654971833316       0.66681316494379661       -1.5326903708974958E-005   4.2707143617812518E-003
   1714.8654971833316       0.66692844434725407       -1.5331320183801814E-005   4.2860456819650535E-003
   1719.8654971833316       0.66704315880010800       -1.5335715520001496E-005   4.3013813974850552E-003
   1724.8654971833316       0.66715731264262035       -1.5340089876426839E-005   4.3167214873614818E-003
   1729.8654971833316       0.66727091016923934       -1.5344443410287851E-005   4.3320659307717699E-003
   1734.8654971833316       0.66738395562918185       -1.5348776277172076E-005   4.3474147070489419E-003
   1739.8654971833316       0.66749645322707352       -1.5353088631067255E-005   4.3627677956800089E-003
   1744.8654971833316       0.66760840712352654       -1.5357380624381570E-005   4.3781251763043904E-003
   1749.8654971833316       0.66771982143572195       -1.5361652407964174E-005   4.3934868287123542E-003
   1754.8654971833316       0.66783070023801305       -1.5365904131126496E-005   4.4088527328434808E-003
   1759.8654971833316       0.66794104756244121       -1.5370135941660266E-005   4.4242228687851413E-003
   1764.8654971833316       0.66805086739937869       -1.5374347985860426E-005   4.4395972167710013E-003
   1769.8654971833316       0.66816016369800657       -1.5378540408541769E-005   4.4549757571795429E-003
   1774.8654971833316       0.66826894036685947       -1.5382713353058132E-005   4.4703584705326014E-003
   1779.8654971833316       0.66837720127439915       -1.5386866961322781E-005   4.4857453374939245E-003
   1784.8654971833316       0.66848495024950227       -1.5391001373825504E-005   4.5011363388677500E-003
   1789.8654971833316       0.66859219108200474       -1.5395116729651902E-005   4.5165314555974017E-003
   1794.8654971833316       0.66869892752317983       -1.5399213166500178E-005   4.5319306687639019E-003
   1799.8654971833316       0.66880516328626449       -1.5403290820699829E-005   4.5473339595846016E-003
   1804.8654971833316       0.66891090204694470       -1.5407349827228746E-005   4.5627413094118307E-003
   1809.8654971833316       0.66901614744381144       -1.5411390319729237E-005   4.5781526997315603E-003
   1814.8654971833316       0.66912090307888716       -1.5415412430526821E-005   4.5935681121620870E-003
   1819.8654971833316       0.66922517251804592       -1.5419416290644879E-005   4.6089875284527322E-003
   1824.8654971833316       0.66932895929147684       -1.5423402029821107E-005   4.6244109304825537E-003
   1829.8654971833316       0.66943226689419566       -1.5427369776525738E-005   4.6398383002590792E-003
   1834.8654971833316       0.66953509878644024       -1.5431319657975408E-005   4.6552696199170544E-003
   1839.8654971833316       0.66963745839413458       -1.5435251800149620E-005   4.6707048717172040E-003
   1844.8654971833316       0.66973934910929556       -1.5439166327805101E-005   4.6861440380450087E-003
   1849.8654971833316       0.66984077429048727       -1.5443063364491935E-005   4.7015871014095007E-003
   1854.8654971833316       0.66994173726321660       -1.5446943032567519E-005   4.7170340444420682E-003
   1859.8654971833316       0.67004224132038392       -1.5450805453212637E-005   4.7324848498952812E-003
   1864.8654971833316       0.67014228972265033       -1.5454650746444345E-005   4.7479395006417256E-003
   1869.8654971833316       0.67024188569886112       -1.5458479031131070E-005   4.7633979796728567E-003
   1874.8654971833316       0.67034103244646004       -1.5462290425007321E-005   4.7788602700978636E-003
   1879.8654971833316       0.67043973313183070       -1.5466085044685680E-005   4.7943263551425488E-003
   1884.8654971833316       0.67053799089073196       -1.5469863005672391E-005   4.8097962181482216E-003
   1889.8654971833316       0.67063580882861429       -1.5473624422378400E-005   4.8252698425706002E-003
   1894.8654971833316       0.67073319002106202       -1.5477369408135277E-005   4.8407472119787352E-003
   1899.8654971833316       0.67083013751410592       -1.5481098075206125E-005   4.8562283100539415E-003
   1904.8654971833316       0.67092665432462339       -1.5484810534799932E-005   4.8717131205887410E-003
   1909.8654971833316       0.67102274344065882       -1.5488506897082825E-005   4.8872016274858236E-003
   1914.8654971833316       0.67111840782177834       -1.5492187271190708E-005   4.9026938147570141E-003
   1919.8654971833316       0.67121365039946712       -1.5495851765243515E-005   4.9181896665222574E-003
   1924.8654971833316       0.67130847407739591       -1.5499500486354476E-005   4.9336891670086116E-003
   1929.8654971833316       0.67140288173182849       -1.5503133540644814E-005   4.9491923005492563E-003
   1934.8654971833316       0.67149687621188792       -1.5506751033253034E-005   4.9646990515825095E-003
   1939.8654971833316       0.67159046033990011       -1.5510353068347185E-005   4.9802094046508564E-003
   1944.8654971833316       0.67168363691171540       -1.5513939749136305E-005   4.9957233443999926E-003
   1949.8654971833316       0.67177640869707500       -1.5517511177883633E-005   5.0112408555778760E-003
   1954.8654971833316       0.67186877843985338       -1.5521067455915002E-005   5.0267619230337911E-003
   1959.8654971833316       0.67196074885841128       -1.5524608683631563E-005   5.0422865317174227E-003
   1964.8654971833316       0.67205232264585379       -1.5528134960518853E-005   5.0578146666779419E-003
   1969.8654971833316       0.67214350247034027       -1.5531646385157846E-005   5.0733463130631000E-003
   1974.8654971833316       0.67223429097543519       -1.5535143055237638E-005   5.0888814561183375E-003
   1979.8654971833316       0.67232469078033708       -1.5538625067563436E-005   5.1044200811859010E-003
   1984.8654971833316       0.67241470448019203       -1.5542092518067800E-005   5.1199621737039692E-003
   1989.8654971833316       0.67250433464633408       -1.5545545501819105E-005   5.1355077192057879E-003
   1994.8654971833316       0.67259358382663148       -1.5548984113034080E-005   5.1510567033188218E-003
   1999.8654971833316       0.67268245454568731       -1.5552408445084760E-005   5.1666091117639062E-003
   2004.8654971833316       0.67277094930515380       -1.5555818590509850E-005   5.1821649303544163E-003
   2009.8654971833316       0.67285907058401662       -1.5559214641024882E-005   5.1977241449954409E-003
   2014.8654971833316       0.67294682083879576       -1.5562596687529255E-005   5.2132867416829704E-003
   2019.8654971833316       0.67303420250385859       -1.5565964820117531E-005   5.2288527065030878E-003
   2024.8654971833316       0.67312121799163815       -1.5569319128087166E-005   5.2444220256311746E-003
   2029.8654971833316       0.67320786969291813       -1.5572659699948748E-005   5.2599946853311231E-003
   2034.8654971833316       0.67329415997705200       -1.5575986623433776E-005   5.2755706719545565E-003
   2039.8654971833316       0.67338009119219888       -1.5579299985503053E-005   5.2911499719400599E-003
   2044.8654971833316       0.67346566566562138       -1.5582599872357487E-005   5.3067325718124175E-003
   2049.8654971833316       0.67355088570387533       -1.5585886369444751E-005   5.3223184581818626E-003
   2054.8654971833316       0.67363575359304162       -1.5589159561467567E-005   5.3379076177433298E-003
   2059.8654971833316       0.67372027159895975       -1.5592419532392068E-005   5.3535000372757222E-003
   2064.8654971833316       0.67380444196750766       -1.5595666365457946E-005   5.3690957036411800E-003
   2069.8654971833316       0.67388826692474790       -1.5598900143183470E-005   5.3846946037843634E-003
   2074.8654971833316       0.67397174867722087       -1.5602120947376183E-005   5.4002967247317396E-003
   2079.8654971833316       0.67405488941209002       -1.5605328859137896E-005   5.4159020535908776E-003
   2084.8654971833316       0.67413769129740275       -1.5608523958874152E-005   5.4315105775497516E-003
   2089.8654971833316       0.67422015648232980       -1.5611706326302876E-005   5.4471222838760542E-003
   2094.8654971833316       0.67430228709732476       -1.5614876040459961E-005   5.4627371599165146E-003
   2099.8654971833316       0.67438408525433513       -1.5618033179706821E-005   5.4783551930962212E-003
   2104.8654971833316       0.67446555304705558       -1.5621177821739614E-005   5.4939763709179606E-003
   2109.8654971833316       0.67454669255107080       -1.5624310043594217E-005   5.5096006809615553E-003
   2114.8654971833316       0.67462750582407716       -1.5627429921654203E-005   5.5252281108832098E-003
   2119.8654971833316       0.67470799490609057       -1.5630537531658356E-005   5.5408586484148679E-003
   2124.8654971833316       0.67478816181963475       -1.5633632948707401E-005   5.5564922813635753E-003
   2129.8654971833316       0.67486800856991647       -1.5636716247270242E-005   5.5721289976108455E-003
   2134.8654971833316       0.67494753714502043       -1.5639787501190984E-005   5.5877687851120360E-003
   2139.8654971833316       0.67502674951612285       -1.5642846783696663E-005   5.6034116318957328E-003
   2144.8654971833316       0.67510564763763803       -1.5645894167402417E-005   5.6190575260631351E-003
   2149.8654971833316       0.67518423344741652       -1.5648929724318657E-005   5.6347064557874535E-003
   2154.8654971833316       0.67526250886691808       -1.5651953525857220E-005   5.6503584093133110E-003
   2159.8654971833316       0.67534047580138601       -1.5654965642837694E-005   5.6660133749561487E-003
   2164.8654971833316       0.67541813614005652       -1.5657966145494977E-005   5.6816713411016436E-003
   2169.8654971833316       0.67549549175627044       -1.5660955103483152E-005   5.6973322962051267E-003
   2174.8654971833316       0.67557254450767379       -1.5663932585882791E-005   5.7129962287910093E-003
   2179.8654971833316       0.67564929623640180       -1.5666898661207595E-005   5.7286631274522165E-003
   2184.8654971833316       0.67572574876922309       -1.5669853397409545E-005   5.7443329808496259E-003
   2189.8654971833316       0.67580190391771000       -1.5672796861885015E-005   5.7600057777115110E-003
   2194.8654971833316       0.67587776347838069       -1.5675729121479865E-005   5.7756815068329909E-003
   2199.8654971833316       0.67595332923289597       -1.5678650242496615E-005   5.7913601570754878E-003
   2204.8654971833316       0.67602860294816391       -1.5681560290698065E-005   5.8070417173661862E-003
   2209.8654971833316       0.67610358637655643       -1.5684459331315257E-005   5.8227261766975015E-003
   2214.8654971833316       0.67617828125601787       -1.5687347429051271E-005   5.8384135241265527E-003
   2219.8654971833316       0.67625268931022009       -1.5690224648086816E-005   5.8541037487746398E-003
   2224.8654971833316       0.67632681224873892       -1.5693091052086650E-005   5.8697968398267264E-003
   2229.8654971833316       0.67640065176716324       -1.5695946704203442E-005   5.8854927865309298E-003
   2234.8654971833316       0.67647420954727955       -1.5698791667084482E-005   5.9011915781980138E-003
   2239.8654971833316       0.67654748725718261       -1.5701626002875609E-005   5.9168932042008892E-003
   2244.8654971833316       0.67662048655143459       -1.5704449773226988E-005   5.9325976539741166E-003
   2249.8654971833316       0.67669320907118657       -1.5707263039297440E-005   5.9483049170134137E-003
   2254.8654971833316       0.67676565644435482       -1.5710065861760900E-005   5.9640149828751746E-003
   2259.8654971833316       0.67683783028571620       -1.5712858300809740E-005   5.9797278411759846E-003
   2264.8654971833316       0.67690973219707062       -1.5715640416160736E-005   5.9954434815921451E-003
   2269.8654971833316       0.67698136376735019       -1.5718412267058898E-005   6.0111618938592038E-003
   2274.8654971833316       0.67705272657278626       -1.5721173912283609E-005   6.0268830677714874E-003
   2279.8654971833316       0.67712382217698108       -1.5723925410151085E-005   6.0426069931816383E-003
   2284.8654971833316       0.67719465213110341       -1.5726666818521578E-005   6.0583336600001595E-003
   2289.8654971833316       0.67726521797396833       -1.5729398194802138E-005   6.0740630581949621E-003
   2294.8654971833316       0.67733552123215990       -1.5732119595951074E-005   6.0897951777909133E-003
   2299.8654971833316       0.67740556342020253       -1.5734831078484211E-005   6.1055300088693979E-003
   2304.8654971833316       0.67747534604063264       -1.5737532698477399E-005   6.1212675415678753E-003
   2309.8654971833316       0.67754487058414647       -1.5740224511571899E-005   6.1370077660794472E-003
   2314.8654971833316       0.67761413852972197       -1.5742906572978799E-005   6.1527506726524262E-003
   2319.8654971833316       0.67768315134468871       -1.5745578937481423E-005   6.1684962515899076E-003
   2324.8654971833316       0.67775191048491146       -1.5748241659442134E-005   6.1842444932493496E-003
   2329.8654971833316       0.67782041739487042       -1.5750894792805158E-005   6.1999953880421546E-003
   2334.8654971833316       0.67788867350776461       -1.5753538391100284E-005   6.2157489264332549E-003
   2339.8654971833316       0.67795668024563382       -1.5756172507447312E-005   6.2315050989407020E-003
   2344.8654971833316       0.67802443901949538       -1.5758797194561056E-005   6.2472638961352626E-003
   2349.8654971833316       0.67809195122941035       -1.5761412504753653E-005   6.2630253086400165E-003
   2354.8654971833316       0.67815921826462422       -1.5764018489939709E-005   6.2787893271299558E-003
   2359.8654971833316       0.67822624150364164       -1.5766615201638934E-005   6.2945559423315950E-003
   2364.8654971833316       0.67829302231436384       -1.5769202690981208E-005   6.3103251450225759E-003
   2369.8654971833316       0.67835956205418713       -1.5771781008710126E-005   6.3260969260312862E-003
   2374.8654971833316       0.67842586207008992       -1.5774350205186107E-005   6.3418712762364719E-003
   2379.8654971833316       0.67849192369874078       -1.5776910330390329E-005   6.3576481865668623E-003
   2384.8654971833316       0.67855774826659621       -1.5779461433928254E-005   6.3734276480007903E-003
   2389.8654971833316       0.67862333709001088       -1.5782003565033670E-005   6.3892096515658237E-003
   2394.8654971833316       0.67868869147532940       -1.5784536772571981E-005   6.4049941883383959E-003
   2399.8654971833316       0.67875381271898605       -1.5787061105043846E-005   6.4207812494434394E-003
   2404.8654971833316       0.67881870210757889       -1.5789576610587786E-005   6.4365708260540272E-003
   2409.8654971833316       0.67888336091799673       -1.5792083336984903E-005   6.4523629093910118E-003
   2414.8654971833316       0.67894779041750375       -1.5794581331661908E-005   6.4681574907226739E-003
   2419.8654971833316       0.67901199186382755       -1.5797070641694291E-005   6.4839545613643683E-003
   2424.8654971833316       0.67907596650522806       -1.5799551313808783E-005   6.4997541126781775E-003
   2429.8654971833316       0.67913971558064767       -1.5802023394388957E-005   6.5155561360725669E-003
   2434.8654971833316       0.67920324031972890       -1.5804486929475666E-005   6.5313606230020423E-003
   2439.8654971833316       0.67926654194294667       -1.5806941964771985E-005   6.5471675649668142E-003
   2444.8654971833316       0.67932962166169919       -1.5809388545646500E-005   6.5629769535124607E-003
   2449.8654971833316       0.67939248067833691       -1.5811826717134205E-005   6.5787887802295948E-003
   2454.8654971833316       0.67945512018633880       -1.5814256523943165E-005   6.5946030367535378E-003
   2459.8654971833316       0.67951754137032894       -1.5816678010454921E-005   6.6104197147639930E-003
   2464.8654971833316       0.67957974540618782       -1.5819091220728618E-005   6.6262388059847212E-003
   2469.8654971833316       0.67964173346110290       -1.5821496198502737E-005   6.6420603021832237E-003
   2474.8654971833316       0.67970350669370505       -1.5823892987200238E-005   6.6578841951704243E-003
   2479.8654971833316       0.67976506625409283       -1.5826281629929254E-005   6.6737104768003538E-003
   2484.8654971833316       0.67982641328394644       -1.5828662169487351E-005   6.6895391389698413E-003
   2489.8654971833316       0.67988754891659842       -1.5831034648364054E-005   6.7053701736182053E-003
   2494.8654971833316       0.67994847427709648       -1.5833399108743127E-005   6.7212035727269486E-003
   2499.8654971833316       0.68000919048230435       -1.5835755592506257E-005   6.7370393283194552E-003
   2504.8654971833316       0.68006969864097577       -1.5838104141235776E-005   6.7528774324606905E-003
   2509.8654971833316       0.68012999985379774       -1.5840444796216143E-005   6.7687178772569065E-003
   2514.8654971833316       0.68019009521349694       -1.5842777598437885E-005   6.7845606548553447E-003
   2519.8654971833316       0.68024998580490537       -1.5845102588599990E-005   6.8004057574439451E-003
   2524.8654971833316       0.68030967270503695       -1.5847419807112686E-005   6.8162531772510580E-003
   2529.8654971833316       0.68036915698314815       -1.5849729294099615E-005   6.8321029065451580E-003
   2534.8654971833316       0.68042843970080735       -1.5852031089400379E-005   6.8479549376345584E-003
   2539.8654971833316       0.68048752191197370       -1.5854325232573404E-005   6.8638092628671319E-003
   2544.8654971833316       0.68054640466308081       -1.5856611762899045E-005   6.8796658746300308E-003
   2549.8654971833316       0.68060508899306704       -1.5858890719380590E-005   6.8955247653494115E-003
   2554.8654971833316       0.68066357593348437       -1.5861162140748313E-005   6.9113859274901601E-003
   2559.8654971833316       0.68072186650853295       -1.5863426065460667E-005   6.9272493535556205E-003
   2564.8654971833316       0.68077996173515976       -1.5865682531707955E-005   6.9431150360873281E-003
   2569.8654971833316       0.68083786262308343       -1.5867931577413127E-005   6.9589829676647416E-003
   2574.8654971833316       0.68089557017489821       -1.5870173240235683E-005   6.9748531409049774E-003
   2579.8654971833316       0.68095308538612054       -1.5872407557573298E-005   6.9907255484625503E-003
   2584.8654971833316       0.68101040924524359       -1.5874634566563823E-005   7.0066001830291144E-003
   2589.8654971833316       0.68106754273380510       -1.5876854304087746E-005   7.0224770373332026E-003
   2594.8654971833316       0.68112448682649307       -1.5879066806772162E-005   7.0383561041399744E-003
   2599.8654971833316       0.68118124249112766       -1.5881272110989922E-005   7.0542373762509641E-003
   2604.8654971833316       0.68123781068878630       -1.5883470252864338E-005   7.0701208465038280E-003
   2609.8654971833316       0.68129419237382793       -1.5885661268270004E-005   7.0860065077720984E-003
   2614.8654971833316       0.68135038849397733       -1.5887845192835914E-005   7.1018943529649343E-003
   2619.8654971833316       0.68140639999037256       -1.5890022061947177E-005   7.1177843750268813E-003
   2624.8654971833316       0.68146222779761723       -1.5892191910746896E-005   7.1336765669376282E-003
   2629.8654971833316       0.68151787284383458       -1.5894354774138168E-005   7.1495709217117660E-003
   2634.8654971833316       0.68157333605075499       -1.5896510686787304E-005   7.1654674323985536E-003
   2639.8654971833316       0.68162861833372679       -1.5898659683124149E-005   7.1813660920816780E-003
   2644.8654971833316       0.68168372060182547       -1.5900801797346192E-005   7.1972668938790245E-003
   2649.8654971833316       0.68173864375784532       -1.5902937063418107E-005   7.2131698309424426E-003
   2654.8654971833316       0.68179338869841644       -1.5905065515076174E-005   7.2290748964575187E-003
   2659.8654971833316       0.68184795631402839       -1.5907187185829061E-005   7.2449820836433480E-003
   2664.8654971833316       0.68190234748907164       -1.5909302108959343E-005   7.2608913857523071E-003
   2669.8654971833316       0.68195656310192321       -1.5911410317526671E-005   7.2768027960698339E-003
   2674.8654971833316       0.68201060402496660       -1.5913511844368449E-005   7.2927163079142023E-003
   2679.8654971833316       0.68206447112465030       -1.5915606722101981E-005   7.3086319146363045E-003
   2684.8654971833316       0.68211816526157143       -1.5917694983127610E-005   7.3245496096194318E-003
   2689.8654971833316       0.68217168729049016       -1.5919776659629155E-005   7.3404693862790613E-003
   2694.8654971833316       0.68222503806038448       -1.5921851783575909E-005   7.3563912380626376E-003
   2699.8654971833316       0.68227821841451053       -1.5923920386724927E-005   7.3723151584493629E-003
   2704.8654971833316       0.68233122919045630       -1.5925982500622920E-005   7.3882411409499854E-003
   2709.8654971833316       0.68238407122017641       -1.5928038156607571E-005   7.4041691791065928E-003
   2714.8654971833316       0.68243674533003307       -1.5930087385808965E-005   7.4200992664924014E-003
   2719.8654971833316       0.68248925234086366       -1.5932130219152138E-005   7.4360313967115534E-003
   2724.8654971833316       0.68254159306804407       -1.5934166687359418E-005   7.4519655633989131E-003
   2729.8654971833316       0.68259376832148255       -1.5936196820950093E-005   7.4679017602198635E-003
   2734.8654971833316       0.68264577890568912       -1.5938220650242986E-005   7.4838399808701064E-003
   2739.8654971833316       0.68269762561985547       -1.5940238205359473E-005   7.4997802190754663E-003
   2744.8654971833316       0.68274930925784649       -1.5942249516223053E-005   7.5157224685916896E-003
   2749.8654971833316       0.68280083060831320       -1.5944254612563629E-005   7.5316667232042537E-003
   2754.8654971833316       0.68285219045463030       -1.5946253523914982E-005   7.5476129767281684E-003
   2759.8654971833316       0.68290338957505081       -1.5948246279620704E-005   7.5635612230077892E-003
   2764.8654971833316       0.68295442874268264       -1.5950232908833151E-005   7.5795114559166227E-003
   2769.8654971833316       0.68300530872555709       -1.5952213440516054E-005   7.5954636693571385E-003
   2774.8654971833316       0.68305603028666984       -1.5954187903445984E-005   7.6114178572605842E-003
   2779.8654971833316       0.68310659418401232       -1.5956156326213501E-005   7.6273740135867976E-003
   2784.8654971833316       0.68315700117061451       -1.5958118737224705E-005   7.6433321323240225E-003
   2789.8654971833316       0.68320725199460719       -1.5960075164703603E-005   7.6592922074887257E-003
   2794.8654971833316       0.68325734739922972       -1.5962025636692270E-005   7.6752542331254177E-003
   2799.8654971833316       0.68330728812289754       -1.5963970181053424E-005   7.6912182033064712E-003
   2804.8654971833316       0.68335707489924202       -1.5965908825471867E-005   7.7071841121319432E-003
   2809.8654971833316       0.68340670845712526       -1.5967841597454979E-005   7.7231519537293986E-003
   2814.8654971833316       0.68345618952070109       -1.5969768524335028E-005   7.7391217222537332E-003
   2819.8654971833316       0.68350551880943422       -1.5971689633269775E-005   7.7550934118870030E-003
   2824.8654971833316       0.68355469703817029       -1.5973604951245162E-005   7.7710670168382482E-003
   2829.8654971833316       0.68360372491713906       -1.5975514505075350E-005   7.7870425313433236E-003
   2834.8654971833316       0.68365260315201881       -1.5977418321405113E-005   7.8030199496647284E-003
   2839.8654971833316       0.68370133244396147       -1.5979316426710745E-005   7.8189992660914389E-003
   2844.8654971833316       0.68374991348963965       -1.5981208847301844E-005   7.8349804749387412E-003
   2849.8654971833316       0.68379834698125930       -1.5983095609321661E-005   7.8509635705480627E-003
   2854.8654971833316       0.68384663360661158       -1.5984976738749104E-005   7.8669485472868117E-003
   2859.8654971833316       0.68389477404910559       -1.5986852261399883E-005   7.8829353995482111E-003
   2864.8654971833316       0.68394276898783057       -1.5988722202928882E-005   7.8989241217511403E-003
   2869.8654971833316       0.68399061909753822       -1.5990586588829394E-005   7.9149147083399703E-003
   2874.8654971833316       0.68403832504871787       -1.5992445444435954E-005   7.9309071537844063E-003
   2879.8654971833316       0.68408588750763533       -1.5994298794925793E-005   7.9469014525793327E-003
   2884.8654971833316       0.68413330713632847       -1.5996146665318576E-005   7.9628975992446505E-003
   2889.8654971833316       0.68418058459265962       -1.5997989080478387E-005   7.9788955883251297E-003
   2894.8654971833316       0.68422772053037595       -1.5999826065116010E-005   7.9948954143902462E-003
   2899.8654971833316       0.68427471559909403       -1.6001657643788217E-005   8.0108970720340344E-003
   2904.8654971833316       0.68432157044437469       -1.6003483840900670E-005   8.0269005558749346E-003
   2909.8654971833316       0.68436828570773955       -1.6005304680708441E-005   8.0429058605556436E-003
   2914.8654971833316       0.68441486202669521       -1.6007120187316924E-005   8.0589129807429605E-003
   2919.8654971833316       0.68446130003477201       -1.6008930384683253E-005   8.0749219111276443E-003
   2924.8654971833316       0.68450760036156655       -1.6010735296617899E-005   8.0909326464242617E-003
   2929.8654971833316       0.68455376363274556       -1.6012534946784754E-005   8.1069451813710457E-003
   2934.8654971833316       0.68459979047010333       -1.6014329358703301E-005   8.1229595107297492E-003
   2939.8654971833316       0.68464568149157645       -1.6016118555749115E-005   8.1389756292854984E-003
   2944.8654971833316       0.68469143731129378       -1.6017902561155757E-005   8.1549935318466545E-003
   2949.8654971833316       0.68473705853958811       -1.6019681398015157E-005   8.1710132132446697E-003
   2954.8654971833316       0.68478254578301700       -1.6021455089278356E-005   8.1870346683339482E-003
   2959.8654971833316       0.68482789964441548       -1.6023223657757522E-005   8.2030578919917059E-003
   2964.8654971833316       0.68487312072291795       -1.6024987126126693E-005   8.2190828791178332E-003
   2969.8654971833316       0.68491820961397720       -1.6026745516922513E-005   8.2351096246347563E-003
   2974.8654971833316       0.68496316690941450       -1.6028498852546080E-005   8.2511381234873019E-003
   2979.8654971833316       0.68500799319742367       -1.6030247155263070E-005   8.2671683706425653E-003
   2984.8654971833316       0.68505268906260552       -1.6031990447205001E-005   8.2832003610897702E-003
   2989.8654971833316       0.68509725508602115       -1.6033728750371267E-005   8.2992340898401414E-003
   2994.8654971833316       0.68514169184517271       -1.6035462086628315E-005   8.3152695519267700E-003
   2999.8654971833316       0.68518599991406937       -1.6037190477712168E-005   8.3313067424044818E-003
   3004.8654971833316       0.68523017986322554       -1.6038913945228307E-005   8.3473456563497098E-003
   3009.8654971833316       0.68527423225974071       -1.6040632510654705E-005   8.3633862888603649E-003
   3014.8654971833316       0.68531815766724291       -1.6042346195339570E-005   8.3794286350557037E-003
   3019.8654971833316       0.68536195664599142       -1.6044055020505317E-005   8.3954726900762090E-003
   3024.8654971833316       0.68540562975287078       -1.6045759007248263E-005   8.4115184490834577E-003
   3029.8654971833316       0.68544917754139445       -1.6047458176538705E-005   8.4275659072599960E-003
   3034.8654971833316       0.68549260056178563       -1.6049152549224045E-005   8.4436150598092199E-003
   3039.8654971833316       0.68553589936096060       -1.6050842146028057E-005   8.4596659019552482E-003
   3044.8654971833316       0.68557907448253919       -1.6052526987551262E-005   8.4757184289427998E-003
   3049.8654971833316       0.68562212646692522       -1.6054207094274003E-005   8.4917726360370736E-003
   3054.8654971833316       0.68566505585129378       -1.6055882486555912E-005   8.5078285185236288E-003
   3059.8654971833316       0.68570786316961685       -1.6057553184636847E-005   8.5238860717082657E-003
   3064.8654971833316       0.68575054895269572       -1.6059219208638095E-005   8.5399452909169036E-003
   3069.8654971833316       0.68579311372817708       -1.6060880578562974E-005   8.5560061714954668E-003
   3074.8654971833316       0.68583555802059137       -1.6062537314298259E-005   8.5720687088097648E-003
   3079.8654971833316       0.68587788235135871       -1.6064189435614379E-005   8.5881328982453792E-003
   3084.8654971833316       0.68592008723883791       -1.6065836962167269E-005   8.6041987352075463E-003
   3089.8654971833316       0.68596217319831032       -1.6067479913497702E-005   8.6202662151210439E-003
   3094.8654971833316       0.68600414074202365       -1.6069118309032938E-005   8.6363353334300771E-003
   3099.8654971833316       0.68604599037924530       -1.6070752168088776E-005   8.6524060855981653E-003
   3104.8654971833316       0.68608772261621553       -1.6072381509867658E-005   8.6684784671080331E-003
   3109.8654971833316       0.68612933795623798       -1.6074006353462182E-005   8.6845524734614956E-003
   3114.8654971833316       0.68617083689966474       -1.6075626717854436E-005   8.7006281001793494E-003
   3119.8654971833316       0.68621221994391757       -1.6077242621916829E-005   8.7167053428012665E-003
   3124.8654971833316       0.68625348758353955       -1.6078854084414016E-005   8.7327841968856800E-003
   3129.8654971833316       0.68629464031018295       -1.6080461124002418E-005   8.7488646580096818E-003
   3134.8654971833316       0.68633567861263156       -1.6082063759231015E-005   8.7649467217689129E-003
   3139.8654971833316       0.68637660297685676       -1.6083662008543526E-005   8.7810303837774564E-003
   3144.8654971833316       0.68641741388599420       -1.6085255890277429E-005   8.7971156396677332E-003
   3149.8654971833316       0.68645811182039673       -1.6086845422665988E-005   8.8132024850903993E-003
   3154.8654971833316       0.68649869725764356       -1.6088430623838589E-005   8.8292909157142371E-003
   3159.8654971833316       0.68653917067255987       -1.6090011511821441E-005   8.8453809272260580E-003
   3164.8654971833316       0.68657953253725434       -1.6091588104539011E-005   8.8614725153305964E-003
   3169.8654971833316       0.68661978332108409       -1.6093160419812603E-005   8.8775656757504092E-003
   3174.8654971833316       0.68665992349073879       -1.6094728475363628E-005   8.8936604042257721E-003
   3179.8654971833316       0.68669995351022406       -1.6096292288812880E-005   8.9097566965145852E-003
   3184.8654971833316       0.68673987384089996       -1.6097851877682031E-005   8.9258545483922678E-003
   3189.8654971833316       0.68677968494150365       -1.6099407259394458E-005   8.9419539556516627E-003
   3194.8654971833316       0.68681938726812963       -1.6100958451274427E-005   8.9580549141029375E-003
   3199.8654971833316       0.68685898127429179       -1.6102505470549503E-005   8.9741574195734870E-003
   3204.8654971833316       0.68689846741091820       -1.6104048334350296E-005   8.9902614679078369E-003
   3209.8654971833316       0.68693784612639364       -1.6105587059712060E-005   9.0063670549675491E-003
   3214.8654971833316       0.68697711786653648       -1.6107121663573794E-005   9.0224741766311237E-003
   3219.8654971833316       0.68701628307465312       -1.6108652162780314E-005   9.0385828287939049E-003
   3224.8654971833316       0.68705534219156383       -1.6110178574083207E-005   9.0546930073679872E-003
   3229.8654971833316       0.68709429565557767       -1.6111700914139844E-005   9.0708047082821274E-003
   3234.8654971833316       0.68713314390255353       -1.6113219199515713E-005   9.0869179274816435E-003
   3239.8654971833316       0.68717188736589108       -1.6114733446684031E-005   9.1030326609283282E-003
   3244.8654971833316       0.68721052647655734       -1.6116243672026763E-005   9.1191489046003552E-003
   3249.8654971833316       0.68724906166309907       -1.6117749891835028E-005   9.1352666544921909E-003
   3254.8654971833316       0.68728749335166994       -1.6119252122310177E-005   9.1513859066145002E-003
   3259.8654971833316       0.68732582196603065       -1.6120750379563741E-005   9.1675066569940639E-003
   3264.8654971833316       0.68736404792757799       -1.6122244679618528E-005   9.1836289016736829E-003
   3269.8654971833316       0.68740217165538076       -1.6123735038410002E-005   9.1997526367120930E-003
   3274.8654971833316       0.68744019356617492       -1.6125221471786042E-005   9.2158778581838789E-003
   3279.8654971833316       0.68747811407435400       -1.6126703995506575E-005   9.2320045621793849E-003
   3284.8654971833316       0.68751593359202101       -1.6128182625245525E-005   9.2481327448046304E-003
   3289.8654971833316       0.68755365252903355       -1.6129657376592571E-005   9.2642624021812229E-003
   3294.8654971833316       0.68759127129294650       -1.6131128265050869E-005   9.2803935304462733E-003
   3299.8654971833316       0.68762879028906887       -1.6132595306039240E-005   9.2965261257523125E-003
   3304.8654971833316       0.68766620992046912       -1.6134058514892352E-005   9.3126601842672043E-003
   3309.8654971833316       0.68770353058801570       -1.6135517906862271E-005   9.3287957021740663E-003
   3314.8654971833316       0.68774075269034818       -1.6136973497117292E-005   9.3449326756711842E-003
   3319.8654971833316       0.68777787662395951       -1.6138425300745150E-005   9.3610711009719291E-003
   3324.8654971833316       0.68781490278312418       -1.6139873332750148E-005   9.3772109743046790E-003
   3329.8654971833316       0.68785183155998908       -1.6141317608056707E-005   9.3933522919127359E-003
   3334.8654971833316       0.68788866334454746       -1.6142758141508295E-005   9.4094950500542441E-003
   3339.8654971833316       0.68792539852465306       -1.6144194947867972E-005   9.4256392450021119E-003
   3344.8654971833316       0.68796203748607709       -1.6145628041820585E-005   9.4417848730439322E-003
   3349.8654971833316       0.68799858061245367       -1.6147057437970582E-005   9.4579319304819026E-003
   3354.8654971833316       0.68803502828536922       -1.6148483150845502E-005   9.4740804136327489E-003
   3359.8654971833316       0.68807138088431830       -1.6149905194894237E-005   9.4902303188276436E-003
   3364.8654971833316       0.68810763878674996       -1.6151323584488762E-005   9.5063816424121317E-003
   3369.8654971833316       0.68814380236805761       -1.6152738333923762E-005   9.5225343807460554E-003
   3374.8654971833316       0.68817987200162867       -1.6154149457418529E-005   9.5386885302034732E-003
   3379.8654971833316       0.68821584805882641       -1.6155556969116207E-005   9.5548440871725902E-003
   3384.8654971833316       0.68825173090902036       -1.6156960883084989E-005   9.5710010480556749E-003
   3389.8654971833316       0.68828752091959100       -1.6158361213318245E-005   9.5871594092689933E-003
   3394.8654971833316       0.68832321845593558       -1.6159757973734741E-005   9.6033191672427274E-003
   3399.8654971833316       0.68835882388151171       -1.6161151178180302E-005   9.6194803184209074E-003
   3404.8654971833316       0.68839433755781299       -1.6162540840426848E-005   9.6356428592613338E-003
   3409.8654971833316       0.68842975984442367       -1.6163926974174494E-005   9.6518067862355079E-003
   3414.8654971833316       0.68846509109897003       -1.6165309593049634E-005   9.6679720958285573E-003
   3419.8654971833316       0.68850033167722957       -1.6166688710609187E-005   9.6841387845391664E-003
   3424.8654971833316       0.68853548193303726       -1.6168064340336879E-005   9.7003068488795037E-003
   3429.8654971833316       0.68857054221836433       -1.6169436495646340E-005   9.7164762853751505E-003
   3434.8654971833316       0.68860551288332050       -1.6170805189881142E-005   9.7326470905650317E-003
   3439.8654971833316       0.68864039427614399       -1.6172170436314385E-005   9.7488192610013461E-003
   3444.8654971833316       0.68867518674325379       -1.6173532248150727E-005   9.7649927932494975E-003
   3449.8654971833316       0.68870989062923083       -1.6174890638525622E-005   9.7811676838880229E-003
   3454.8654971833316       0.68874450627682215       -1.6176245620505443E-005   9.7973439295085292E-003
   3459.8654971833316       0.68877903402697294       -1.6177597207088742E-005   9.8135215267156177E-003
   3464.8654971833316       0.68881347421886641       -1.6178945411207769E-005   9.8297004721268257E-003
   3469.8654971833316       0.68884782718987736       -1.6180290245726617E-005   9.8458807623725518E-003
   3474.8654971833316       0.68888209327559546       -1.6181631723442142E-005   9.8620623940959933E-003
   3479.8654971833316       0.68891627280988166       -1.6182969857086137E-005   9.8782453639530803E-003
   3484.8654971833316       0.68895036612483462       -1.6184304659323976E-005   9.8944296686124047E-003
   3489.8654971833316       0.68898437355084152       -1.6185636142756607E-005   9.9106153047551614E-003
   3494.8654971833316       0.68901829541653592       -1.6186964319918873E-005   9.9268022690750801E-003
   3499.8654971833316       0.68905213204884019       -1.6188289203281140E-005   9.9429905582783615E-003
   3504.8654971833316       0.68908588377299329       -1.6189610805250383E-005   9.9591801690836115E-003
   3509.8654971833316       0.68911955091254673       -1.6190929138169977E-005   9.9753710982217816E-003
   3514.8654971833316       0.68915313378938248       -1.6192244214320411E-005   9.9915633424361022E-003
   3519.8654971833316       0.68918663272368053       -1.6193556045917964E-005   1.0007756898482021E-002
   3524.8654971833316       0.68922004803397852       -1.6194864645117052E-005   1.0023951763127138E-002
   3529.8654971833316       0.68925338003717707       -1.6196170024010393E-005   1.0040147933151148E-002
   3534.8654971833316       0.68928662904856519       -1.6197472194629986E-005   1.0056345405345777E-002
   3539.8654971833316       0.68931979538176691       -1.6198771168945003E-005   1.0072544176514722E-002
   3544.8654971833316       0.68935287934879630       -1.6200066958863927E-005   1.0088744243473587E-002
   3549.8654971833316       0.68938588126008826       -1.6201359576235723E-005   1.0104945603049822E-002
   3554.8654971833316       0.68941880142449186       -1.6202649032849588E-005   1.0121148252082672E-002
   3559.8654971833316       0.68945164014924665       -1.6203935340433958E-005   1.0137352187423107E-002
   3564.8654971833316       0.68948439774003367       -1.6205218510658543E-005   1.0153557405933766E-002
   3569.8654971833316       0.68951707450097022       -1.6206498555134043E-005   1.0169763904488901E-002
   3574.8654971833316       0.68954967073461337       -1.6207775485412311E-005   1.0185971679974313E-002
   3579.8654971833316       0.68958218674200766       -1.6209049312988192E-005   1.0202180729287301E-002
   3584.8654971833316       0.68961462282263042       -1.6210320049297346E-005   1.0218391049336598E-002
   3589.8654971833316       0.68964697927446683       -1.6211587705719188E-005   1.0234602637042317E-002
   3594.8654971833316       0.68967925639397754       -1.6212852293575589E-005   1.0250815489335893E-002
   3599.8654971833316       0.68971145447613358       -1.6214113824132236E-005   1.0267029603160026E-002
   3604.8654971833316       0.68974357381441009       -1.6215372308598366E-005   1.0283244975468625E-002
   3609.8654971833316       0.68977561470077120       -1.6216627758126144E-005   1.0299461603226751E-002
   3614.8654971833316       0.68980757742574617       -1.6217880183813642E-005   1.0315679483410565E-002
   3619.8654971833316       0.68983946227837611       -1.6219129596702732E-005   1.0331898613007267E-002
   3624.8654971833316       0.68987126954627120       -1.6220376007781305E-005   1.0348118989015049E-002
   3629.8654971833316       0.68990299951556888       -1.6221619427981610E-005   1.0364340608443030E-002
   3634.8654971833316       0.68993465247099728       -1.6222859868182745E-005   1.0380563468311213E-002
   3639.8654971833316       0.68996622869585611       -1.6224097339209873E-005   1.0396787565650423E-002
   3644.8654971833316       0.68999772847200658       -1.6225331851833795E-005   1.0413012897502258E-002
   3649.8654971833316       0.69002915207990356       -1.6226563416772242E-005   1.0429239460919030E-002
   3654.8654971833316       0.69006049979862205       -1.6227792044690846E-005   1.0445467252963721E-002
   3659.8654971833316       0.69009177190583038       -1.6229017746202101E-005   1.0461696270709923E-002
   3664.8654971833316       0.69012296867783596       -1.6230240531867128E-005   1.0477926511241790E-002
   3669.8654971833316       0.69015409038954678       -1.6231460412194146E-005   1.0494157971653985E-002
   3674.8654971833316       0.69018513731452458       -1.6232677397640578E-005   1.0510390649051626E-002
   3679.8654971833316       0.69021610972497116       -1.6233891498612429E-005   1.0526624540550238E-002
   3684.8654971833316       0.69024700789173410       -1.6235102725464561E-005   1.0542859643275703E-002
   3689.8654971833316       0.69027783208431814       -1.6236311088501088E-005   1.0559095954364205E-002
   3694.8654971833316       0.69030858257092986       -1.6237516597977128E-005   1.0575333470962182E-002
   3699.8654971833316       0.69033925961841225       -1.6238719264096192E-005   1.0591572190226278E-002
   3704.8654971833316       0.69036986349232365       -1.6239919097013315E-005   1.0607812109323291E-002
   3709.8654971833316       0.69040039445689960       -1.6241116106833504E-005   1.0624053225430124E-002
   3714.8654971833316       0.69043085277509542       -1.6242310303613399E-005   1.0640295535733738E-002
   3719.8654971833316       0.69046123870857112       -1.6243501697360681E-005   1.0656539037431098E-002
   3724.8654971833316       0.69049155251768002       -1.6244690298033614E-005   1.0672783727729132E-002
   3729.8654971833316       0.69052179446153028       -1.6245876115543406E-005   1.0689029603844675E-002
   3734.8654971833316       0.69055196479795999       -1.6247059159753263E-005   1.0705276663004429E-002
   3739.8654971833316       0.69058206378355680       -1.6248239440479120E-005   1.0721524902444908E-002
   3744.8654971833316       0.69061209167363780       -1.6249416967488846E-005   1.0737774319412398E-002
   3749.8654971833316       0.69064204872229806       -1.6250591750504129E-005   1.0754024911162901E-002
   3754.8654971833316       0.69067193518238656       -1.6251763799199511E-005   1.0770276674962101E-002
   3759.8654971833316       0.69070175130552969       -1.6252933123203312E-005   1.0786529608085304E-002
   3764.8654971833316       0.69073149734212302       -1.6254099732097296E-005   1.0802783707817402E-002
   3769.8654971833316       0.69076117354137356       -1.6255263635418285E-005   1.0819038971452821E-002
   3774.8654971833316       0.69079078015126827       -1.6256424842656943E-005   1.0835295396295477E-002
   3779.8654971833316       0.69082031741859273       -1.6257583363258480E-005   1.0851552979658736E-002
   3784.8654971833316       0.69084978558897181       -1.6258739206624232E-005   1.0867811718865361E-002
   3789.8654971833316       0.69087918490681177       -1.6259892382109385E-005   1.0884071611247470E-002
   3794.8654971833316       0.69090851561536748       -1.6261042899025595E-005   1.0900332654146496E-002
   3799.8654971833316       0.69093777795671318       -1.6262190766639821E-005   1.0916594844913136E-002
   3804.8654971833316       0.69096697217177061       -1.6263335994175428E-005   1.0932858180907312E-002
