nohup: ignoring input

 SADE algorithm is used: 

 pool_rate: 6 
 SelectedSize: 24 
 PoolSize: 48 
 radioactivity: 0.200000 
 local_radioactivity: 0.200000 
 gradient: 0 
 cross_rate: 0.500000 
 mutation_rate: 0.500000 
 mutagen_rate: 2000.000000 

Terminated
Terminated
Terminated
Terminated
Terminated
Terminated
Terminated
Terminated
Terminated
Terminated
Terminated
Terminated
Terminated
Terminated
Terminated
Terminated
Terminated
Terminated
cat: cat: out/objfnc.valTerminated
out/objfnc.valTerminated
: No such file or directory
: No such file or directory
Terminated
cat: out/objfnc.val: No such file or directory
cat: out/objfnc.val: No such file or directory
cat: out/objfnc.valTerminated
cat: out/objfnc.valcat: out/objfnc.val: No such file or directory
: No such file or directory
cat: out/objfnc.val: No such file or directory
Terminated
: No such file or directory
cat: out/objfnc.val: No such file or directory
cat: out/objfnc.val: No such file or directory
cat: out/objfnc.val: No such file or directory
cat: out/objfnc.val: No such file or directory
cat: out/objfnc.val: No such file or directory
cat: out/objfnc.val: No such file or directory
Terminated
cat: out/objfnc.val: No such file or directory
cat: out/objfnc.val: No such file or directory
cat: out/objfnc.val: No such file or directory
cat: cat: out/objfnc.valcat: out/objfnc.val: No such file or directory
: No such file or directory
cat: out/objfnc.val: No such file or directory
out/objfnc.val: No such file or directory
cat: out/objfnc.val: No such file or directory
(standard_in) 1: syntax error
cat: out/objfnc.val: No such file or directory
(standard_in) 1: cat: syntax errorout/objfnc.val
: No such file or directory
(standard_in) 1: syntax error
(standard_in) 1: syntax error
(standard_in) 1: syntax error
(standard_in) 1: syntax error
(standard_in) 1: syntax error
(standard_in) 1: syntax error
(standard_in) 1: syntax error
(standard_in) 1: syntax error
(standard_in) 1: syntax error
(standard_in) 1: syntax error
(standard_in) 1: syntax error
(standard_in) 1: syntax error
(standard_in) 1: syntax error
(standard_in) 1: syntax error
(standard_in) 1: syntax error
(standard_in) 1: (standard_in) 1: syntax errorsyntax error

(standard_in) 1: syntax error
(standard_in) 1: syntax error
(standard_in) 1: syntax error
(standard_in) 1: syntax error
(standard_in) 1: syntax error
