 #              _____________________  _______________________             #
 #              ___  __ \__  __ \_  / / /_  /___  ____/_  ___/             #
 #              __  / / /_  /_/ /  / / /_  __/_  __/  _____ \              #
 #              _  /_/ /_  _, _// /_/ / / /_ _  /___  ____/ /              #
 #              /_____/ /_/ |_| \____/  \__/ /_____/  /____/               #
 #                                                                         #
  
 #        time                      [L]                   runoff elevation [m a.m.s.l]       runoff flux [L3.T-1.L-2]   in    x              directions   cumulative flux
 #-----------------------------------------------------------------------------------------------

   0.0000000000000000        0.0000000000000000       -0.0000000000000000        0.0000000000000000     
   1.0000000000000000E-004   0.0000000000000000       -0.0000000000000000        0.0000000000000000     
   2.0600000000000002E-004   0.0000000000000000       -0.0000000000000000        0.0000000000000000     
   3.1836000000000006E-004   0.0000000000000000       -0.0000000000000000        0.0000000000000000     
   4.3746160000000009E-004   0.0000000000000000       -0.0000000000000000        0.0000000000000000     
   5.6370929600000014E-004   0.0000000000000000       -0.0000000000000000        0.0000000000000000     
   6.9753185376000013E-004   0.0000000000000000       -0.0000000000000000        0.0000000000000000     
   8.3938376498560023E-004   0.0000000000000000       -0.0000000000000000        0.0000000000000000     
   9.8974679088473629E-004   0.0000000000000000       -0.0000000000000000        0.0000000000000000     
   1.1491315983378205E-003   0.0000000000000000       -0.0000000000000000        0.0000000000000000     
   1.3180794942380899E-003   0.0000000000000000       -0.0000000000000000        0.0000000000000000     
   1.4971642638923754E-003   0.0000000000000000       -0.0000000000000000        0.0000000000000000     
   1.6869941197259180E-003   0.0000000000000000       -0.0000000000000000        0.0000000000000000     
   1.8882137669094731E-003   0.0000000000000000       -0.0000000000000000        0.0000000000000000     
   2.1015065929240414E-003   0.0000000000000000       -0.0000000000000000        0.0000000000000000     
   2.3275969884994840E-003   0.0000000000000000       -0.0000000000000000        0.0000000000000000     
   2.5672528078094533E-003   0.0000000000000000       -0.0000000000000000        0.0000000000000000     
   2.8212879762780207E-003   0.0000000000000000       -0.0000000000000000        0.0000000000000000     
   3.0905652548547020E-003   0.0000000000000000       -0.0000000000000000        0.0000000000000000     
   3.3759991701459843E-003   0.0000000000000000       -0.0000000000000000        0.0000000000000000     
   3.6785591203547436E-003   0.0000000000000000       -0.0000000000000000        0.0000000000000000     
   3.9992726675760282E-003   0.0000000000000000       -0.0000000000000000        0.0000000000000000     
   4.3392290276305897E-003   0.0000000000000000       -0.0000000000000000        0.0000000000000000     
   4.6995827692884254E-003   0.0000000000000000       -0.0000000000000000        0.0000000000000000     
   5.0815577354457308E-003   0.0000000000000000       -0.0000000000000000        0.0000000000000000     
   5.4864511995724747E-003   0.0000000000000000       -0.0000000000000000        0.0000000000000000     
   5.9156382715468232E-003   0.0000000000000000       -0.0000000000000000        0.0000000000000000     
   6.3705765678396331E-003   0.0000000000000000       -0.0000000000000000        0.0000000000000000     
   6.8528111619100118E-003   0.0000000000000000       -0.0000000000000000        0.0000000000000000     
   7.3639798316246126E-003   0.0000000000000000       -0.0000000000000000        0.0000000000000000     
   7.9058186215220892E-003   0.0000000000000000       -0.0000000000000000        0.0000000000000000     
   8.4801677388134152E-003   0.0000000000000000       -0.0000000000000000        0.0000000000000000     
   9.0889778031422210E-003   0.0000000000000000       -0.0000000000000000        0.0000000000000000     
   9.7343164713307555E-003   0.0000000000000000       -0.0000000000000000        0.0000000000000000     
   1.0418375459610602E-002   0.0000000000000000       -0.0000000000000000        0.0000000000000000     
   1.1143477987187239E-002   0.0000000000000000       -0.0000000000000000        0.0000000000000000     
   1.1912086666418473E-002   0.0000000000000000       -0.0000000000000000        0.0000000000000000     
   1.2726811866403582E-002   0.0000000000000000       -0.0000000000000000        0.0000000000000000     
   1.3590420578387798E-002   0.0000000000000000       -0.0000000000000000        0.0000000000000000     
   1.4505845813091067E-002   0.0000000000000000       -0.0000000000000000        0.0000000000000000     
   1.5476196561876531E-002   0.0000000000000000       -0.0000000000000000        0.0000000000000000     
   1.6504768355589124E-002   0.0000000000000000       -0.0000000000000000        0.0000000000000000     
   1.7595054456924473E-002   0.0000000000000000       -0.0000000000000000        0.0000000000000000     
   1.8750757724339942E-002   0.0000000000000000       -0.0000000000000000        0.0000000000000000     
   1.9975803187800338E-002   0.0000000000000000       -0.0000000000000000        0.0000000000000000     
   2.1274351379068360E-002   0.0000000000000000       -0.0000000000000000        0.0000000000000000     
   2.2650812461812463E-002   0.0000000000000000       -0.0000000000000000        0.0000000000000000     
   2.4109861209521213E-002   0.0000000000000000       -0.0000000000000000        0.0000000000000000     
   2.5656452882092486E-002   0.0000000000000000       -0.0000000000000000        0.0000000000000000     
   2.7295840055018037E-002   0.0000000000000000       -0.0000000000000000        0.0000000000000000     
   2.9033590458319120E-002   0.0000000000000000       -0.0000000000000000        0.0000000000000000     
   3.0875605885818270E-002   0.0000000000000000       -0.0000000000000000        0.0000000000000000     
   3.2828142238967364E-002   0.0000000000000000       -0.0000000000000000        0.0000000000000000     
   3.4897830773305411E-002   0.0000000000000000       -0.0000000000000000        0.0000000000000000     
   3.7091700619703738E-002   0.0000000000000000       -0.0000000000000000        0.0000000000000000     
   3.9417202656885961E-002   0.0000000000000000       -0.0000000000000000        0.0000000000000000     
   4.1882234816299123E-002   0.0000000000000000       -0.0000000000000000        0.0000000000000000     
   4.4495168905277070E-002   0.0000000000000000       -0.0000000000000000        0.0000000000000000     
   4.7264879039593699E-002   0.0000000000000000       -0.0000000000000000        0.0000000000000000     
   5.0200771781969321E-002   0.0000000000000000       -0.0000000000000000        0.0000000000000000     
   5.3312818088887486E-002   0.0000000000000000       -0.0000000000000000        0.0000000000000000     
   5.6611587174220740E-002   0.0000000000000000       -0.0000000000000000        0.0000000000000000     
   6.0108282404673988E-002   0.0000000000000000       -0.0000000000000000        0.0000000000000000     
   6.3814779348954437E-002   0.0000000000000000       -0.0000000000000000        0.0000000000000000     
   6.7743666109891701E-002   0.0000000000000000       -0.0000000000000000        0.0000000000000000     
   7.1908286076485209E-002   0.0000000000000000       -0.0000000000000000        0.0000000000000000     
   7.6322783241074332E-002   0.0000000000000000       -0.0000000000000000        0.0000000000000000     
   8.1002150235538792E-002   0.0000000000000000       -0.0000000000000000        0.0000000000000000     
   8.5962279249671120E-002   0.0000000000000000       -0.0000000000000000        0.0000000000000000     
   9.1220016004651391E-002   0.0000000000000000       -0.0000000000000000        0.0000000000000000     
   9.6793216964930484E-002   0.0000000000000000       -0.0000000000000000        0.0000000000000000     
  0.10270080998282632        0.0000000000000000       -0.0000000000000000        0.0000000000000000     
  0.10896285858179591        0.0000000000000000       -0.0000000000000000        0.0000000000000000     
  0.11560063009670367        0.0000000000000000       -0.0000000000000000        0.0000000000000000     
  0.12263666790250589        0.0000000000000000       -0.0000000000000000        0.0000000000000000     
  0.13009486797665626        0.0000000000000000       -0.0000000000000000        0.0000000000000000     
  0.13800056005525563        0.0000000000000000       -0.0000000000000000        0.0000000000000000     
  0.14638059365857098        0.0000000000000000       -0.0000000000000000        0.0000000000000000     
  0.15526342927808526        0.0000000000000000       -0.0000000000000000        0.0000000000000000     
  0.16467923503477039        0.0000000000000000       -0.0000000000000000        0.0000000000000000     
  0.17465998913685662        0.0000000000000000       -0.0000000000000000        0.0000000000000000     
  0.18523958848506802        0.0000000000000000       -0.0000000000000000        0.0000000000000000     
  0.19645396379417213        0.0000000000000000       -0.0000000000000000        0.0000000000000000     
  0.20834120162182246        0.0000000000000000       -0.0000000000000000        0.0000000000000000     
  0.22094167371913181        0.0000000000000000       -0.0000000000000000        0.0000000000000000     
  0.23429817414227974        0.0000000000000000       -0.0000000000000000        0.0000000000000000     
  0.24845606459081654        0.0000000000000000       -0.0000000000000000        0.0000000000000000     
  0.26346342846626553        0.0000000000000000       -0.0000000000000000        0.0000000000000000     
  0.27937123417424148        0.0000000000000000       -0.0000000000000000        0.0000000000000000     
  0.29623350822469596        0.0000000000000000       -0.0000000000000000        0.0000000000000000     
  0.31410751871817771        0.0000000000000000       -0.0000000000000000        0.0000000000000000     
  0.33305396984126839        0.0000000000000000       -0.0000000000000000        0.0000000000000000     
  0.35313720803174453        0.0000000000000000       -0.0000000000000000        0.0000000000000000     
  0.37442544051364923        0.0000000000000000       -0.0000000000000000        0.0000000000000000     
  0.39699096694446823        0.0000000000000000       -0.0000000000000000        0.0000000000000000     
  0.42091042496113634        0.0000000000000000       -0.0000000000000000        0.0000000000000000     
  0.44626505045880455        0.0000000000000000       -0.0000000000000000        0.0000000000000000     
  0.47314095348633284        0.0000000000000000       -0.0000000000000000        0.0000000000000000     
  0.50162941069551281        0.0000000000000000       -0.0000000000000000        0.0000000000000000     
  0.53182717533724366        0.0000000000000000       -0.0000000000000000        0.0000000000000000     
  0.56383680585747831        0.0000000000000000       -0.0000000000000000        0.0000000000000000     
  0.59776701420892708        0.0000000000000000       -0.0000000000000000        0.0000000000000000     
  0.63373303506146272        0.0000000000000000       -0.0000000000000000        0.0000000000000000     
  0.67185701716515056        0.0000000000000000       -0.0000000000000000        0.0000000000000000     
  0.71226843819505958        0.0000000000000000       -0.0000000000000000        0.0000000000000000     
  0.75510454448676323        0.0000000000000000       -0.0000000000000000        0.0000000000000000     
  0.80051081715596906        0.0000000000000000       -0.0000000000000000        0.0000000000000000     
  0.84864146618532721        0.0000000000000000       -0.0000000000000000        0.0000000000000000     
  0.89965995415644684        0.0000000000000000       -0.0000000000000000        0.0000000000000000     
  0.95373955140583366        0.0000000000000000       -0.0000000000000000        0.0000000000000000     
   1.0110639244901838        0.0000000000000000       -0.0000000000000000        0.0000000000000000     
   1.0718277599595949        0.0000000000000000       -0.0000000000000000        0.0000000000000000     
   1.1362374255571706        0.0000000000000000       -0.0000000000000000        0.0000000000000000     
   1.2045116710906008        0.0000000000000000       -0.0000000000000000        0.0000000000000000     
   1.2768823713560369        0.0000000000000000       -0.0000000000000000        0.0000000000000000     
   1.3535953136373993        0.0000000000000000       -0.0000000000000000        0.0000000000000000     
   1.4349110324556433        0.0000000000000000       -0.0000000000000000        0.0000000000000000     
   1.5211056944029819        0.0000000000000000       -0.0000000000000000        0.0000000000000000     
   1.6124720360671609        0.0000000000000000       -0.0000000000000000        0.0000000000000000     
   1.7093203582311907        0.0000000000000000       -0.0000000000000000        0.0000000000000000     
   1.8119795797250622        0.0000000000000000       -0.0000000000000000        0.0000000000000000     
   1.9207983545085661        0.0000000000000000       -0.0000000000000000        0.0000000000000000     
   2.0361462557790801        0.0000000000000000       -0.0000000000000000        0.0000000000000000     
   2.1584150311258252        0.0000000000000000       -0.0000000000000000        0.0000000000000000     
   2.2880199329933748        0.0000000000000000       -0.0000000000000000        0.0000000000000000     
   2.4254011289729775        0.0000000000000000       -0.0000000000000000        0.0000000000000000     
   2.5710251967113562        0.0000000000000000       -0.0000000000000000        0.0000000000000000     
   2.7253867085140375        0.0000000000000000       -0.0000000000000000        0.0000000000000000     
   2.8890099110248801        0.0000000000000000       -0.0000000000000000        0.0000000000000000     
   3.0624505056863729        0.0000000000000000       -0.0000000000000000        0.0000000000000000     
   3.2462975360275554        0.0000000000000000       -0.0000000000000000        0.0000000000000000     
   3.4411753881892091        0.0000000000000000       -0.0000000000000000        0.0000000000000000     
   3.6477459114805617        0.0000000000000000       -0.0000000000000000        0.0000000000000000     
   3.8667106661693955        0.0000000000000000       -0.0000000000000000        0.0000000000000000     
   4.0988133061395597        0.0000000000000000       -0.0000000000000000        0.0000000000000000     
   4.3448421045079337        0.0000000000000000       -0.0000000000000000        0.0000000000000000     
   4.6056326307784099        0.0000000000000000       -0.0000000000000000        0.0000000000000000     
   4.8820705886251146        0.0000000000000000       -0.0000000000000000        0.0000000000000000     
   5.1750948239426213        0.0000000000000000       -0.0000000000000000        0.0000000000000000     
   5.4857005133791787        0.0000000000000000       -0.0000000000000000        0.0000000000000000     
   5.8149425441819300        0.0000000000000000       -0.0000000000000000        0.0000000000000000     
   6.1639390968328458        0.0000000000000000       -0.0000000000000000        0.0000000000000000     
   6.5338754426428167        0.0000000000000000       -0.0000000000000000        0.0000000000000000     
   6.9260079692013861        0.0000000000000000       -0.0000000000000000        0.0000000000000000     
   7.3416684473534692        0.0000000000000000       -0.0000000000000000        0.0000000000000000     
   7.7822685541946779        0.0000000000000000       -0.0000000000000000        0.0000000000000000     
   8.2493046674463599        0.0000000000000000       -0.0000000000000000        0.0000000000000000     
   8.7443629474931424        0.0000000000000000       -0.0000000000000000        0.0000000000000000     
   9.2691247243427313        0.0000000000000000       -0.0000000000000000        0.0000000000000000     
   9.8253722078032961        0.0000000000000000       -0.0000000000000000        0.0000000000000000     
   10.414994540271495        0.0000000000000000       -0.0000000000000000        0.0000000000000000     
   11.039994212687786        0.0000000000000000       -0.0000000000000000        0.0000000000000000     
   11.702493865449053        0.0000000000000000       -0.0000000000000000        0.0000000000000000     
   12.404743497375996        0.0000000000000000       -0.0000000000000000        0.0000000000000000     
   13.149128107218557        0.0000000000000000       -0.0000000000000000        0.0000000000000000     
   13.938175793651672        0.0000000000000000       -0.0000000000000000        0.0000000000000000     
   14.774566341270774        0.0000000000000000       -0.0000000000000000        0.0000000000000000     
   15.661140321747020        0.0000000000000000       -0.0000000000000000        0.0000000000000000     
   16.600908741051843        0.0000000000000000       -0.0000000000000000        0.0000000000000000     
   17.597063265514954        0.0000000000000000       -0.0000000000000000        0.0000000000000000     
   18.652987061445852        0.0000000000000000       -0.0000000000000000        0.0000000000000000     
   19.772266285132606        0.0000000000000000       -0.0000000000000000        0.0000000000000000     
   20.958702262240564        0.0000000000000000       -0.0000000000000000        0.0000000000000000     
   22.216324397974997        0.0000000000000000       -0.0000000000000000        0.0000000000000000     
   23.549403861853499        0.0000000000000000       -0.0000000000000000        0.0000000000000000     
   24.962468093564709        0.0000000000000000       -0.0000000000000000        0.0000000000000000     
   26.460316179178594        0.0000000000000000       -0.0000000000000000        0.0000000000000000     
   28.048035149929312        0.0000000000000000       -0.0000000000000000        0.0000000000000000     
   29.731017258925071        4.2131235174759873E-004  -1.1564988705068193E-007   1.1564988705068193E-007
   31.514978294460576        1.2099976078501799E-003  -6.7108739215510033E-007   7.8673727920578225E-007
   33.405976992128210        2.0586528586696209E-003  -1.6272093322117551E-006   2.4139466114175373E-006
   35.410435611655906        1.8228646845250955E-003  -1.3286041728315040E-006   3.7425507842490414E-006
   37.535161748355264        2.7516481132393148E-003  -2.6391235240706337E-006   6.3816743083196751E-006
   39.787371453256583        2.4737079303165841E-003  -2.2099660182340926E-006   8.5916403265537681E-006
   42.174713740451978        3.1724309612752169E-003  -3.3454806814037921E-006   1.1937121007957560E-005
   44.705296564879099        3.0562056791277204E-003  -3.1437103448748668E-006   1.5080831352832426E-005
   47.387714358771845        3.5314585060976403E-003  -4.0000161037065850E-006   1.9080847456539012E-005
   50.231077220298161        3.5418506959668710E-003  -4.0196537355111745E-006   2.3100501192050189E-005
   53.245041853516049        3.8682707225406064E-003  -4.6558573057113851E-006   2.7756358497761574E-005
   56.439844364727016        3.9473693181354824E-003  -4.8156083860747708E-006   3.2571966883836345E-005
   59.826335026610636        4.1845596043797381E-003  -5.3074733723186504E-006   3.7879440256154999E-005
   63.416015128207277        4.2939691594020253E-003  -5.5407653927919769E-006   4.3420205648946976E-005
   67.221076035899713        4.4784514411613675E-003  -5.9431680354094620E-006   4.9363373684356436E-005
   71.254440598053705        4.5972582941270594E-003  -6.2082576905026208E-006   5.5571631374859059E-005
   75.529807033936933        4.7495590488926048E-003  -6.5548140992851502E-006   6.2126445474144207E-005
   80.061695455973151        4.8675079053687089E-003  -6.8283536027727996E-006   6.8954799076917012E-005
   84.865497183331541        4.9988466083507425E-003  -7.1381868340294547E-006   7.6092985910946473E-005
   89.865497183331541        5.1113151292304084E-003  -7.4078581210893762E-006   8.3500844032035856E-005
   94.865497183331541        5.2244347990425908E-003  -7.6831105606446500E-006   9.1183954592680507E-005
   99.865497183331541        5.3197052310682402E-003  -7.9180366471387278E-006   9.9101991239819242E-005
   104.86549718333154        5.4119310092793959E-003  -8.1481430741135517E-006   1.0725013431393280E-004
   109.86549718333154        5.4932729402523400E-003  -8.3532764955787532E-006   1.1560341080951156E-004
   114.86549718333154        5.5706694223676290E-003  -8.5503495963623141E-006   1.2415376040587388E-004
   119.86549718333154        5.6408612979522215E-003  -8.7306637441656558E-006   1.3288442415003952E-004
   124.86549718333154        5.7071931711820349E-003  -8.9024425712274758E-006   1.4178686672126700E-004
   129.86549718333154        5.7684048785746006E-003  -9.0621473459781623E-006   1.5084901406724516E-004
   134.86549718333154        5.8261688727717330E-003  -9.2138967476588885E-006   1.6006291081490406E-004
   139.86549718333154        5.8800779384673117E-003  -9.3564269475664037E-006   1.6941933776247047E-004
   144.86549718333154        5.9310148704548064E-003  -9.4919020593724832E-006   1.7891123982184296E-004
   149.86549718333154        5.9789203084164308E-003  -9.6200242825425610E-006   1.8853126410438553E-004
   154.86549718333154        6.0242949563116448E-003  -9.7420107759324493E-006   1.9827327488031797E-004
   159.86549718333154        6.0672091969501060E-003  -9.8579476967783923E-006   2.0813122257709636E-004
   164.86549718333154        6.1079715977956483E-003  -9.9685786956944002E-006   2.1809980127279077E-004
   169.86549718333154        6.1466910471480590E-003  -1.0074121889307082E-005   2.2817392316209784E-004
   174.86549718333154        6.1835740533614115E-003  -1.0175072299943218E-005   2.3834899546204107E-004
   179.86549718333154        6.2187319105915777E-003  -1.0271675358251992E-005   2.4862067082029305E-004
   184.86549718333154        6.2523130140791647E-003  -1.0364286603049820E-005   2.5898495742334289E-004
   189.86549718333154        6.2844183571474721E-003  -1.0453138574628417E-005   2.6943809599797128E-004
   194.86549718333154        6.3151605829437968E-003  -1.0538502205577881E-005   2.7997659820354917E-004
   199.86549718333154        6.3446272224389529E-003  -1.0620584304446058E-005   2.9059718250799523E-004
   204.86549718333154        6.3729072062066929E-003  -1.0699600237052213E-005   3.0129678274504743E-004
   209.86549718333154        6.4000750603293438E-003  -1.0775729293891996E-005   3.1207251203893945E-004
   214.86549718333154        6.4262029416361742E-003  -1.0849147686658088E-005   3.2292165972559755E-004
   219.86549718333154        6.4513539850236624E-003  -1.0920009442623038E-005   3.3384166916822060E-004
   224.86549718333154        6.4755878734561057E-003  -1.0988461613211765E-005   3.4483013078143236E-004
   229.86549718333154        6.4989581485944163E-003  -1.1054636346530402E-005   3.5588476712796277E-004
   234.86549718333154        6.5215148721536800E-003  -1.1118658084007658E-005   3.6700342521197042E-004
   239.86549718333154        6.5433036295504511E-003  -1.1180640474031069E-005   3.7818406568600150E-004
   244.86549718333154        6.5643668656090283E-003  -1.1240689925285644E-005   3.8942475561128717E-004
   249.86549718333154        6.5847435938114944E-003  -1.1298904577751943E-005   4.0072366018903909E-004
   254.86549718333154        6.6044701145448210E-003  -1.1355376170924312E-005   4.1207903635996342E-004
   259.86549718333151        6.6235800046519867E-003  -1.1410189858894693E-005   4.2348922621885808E-004
   264.86549718333151        6.6421045378721004E-003  -1.1463425276492326E-005   4.3495265149535040E-004
   269.86549718333151        6.6600727746088878E-003  -1.1515156676583581E-005   4.4646780817193398E-004
   274.86549718333151        6.6775118310935548E-003  -1.1565453596951556E-005   4.5803326176888554E-004
   279.86549718333151        6.6944469952623436E-003  -1.1614381099892300E-005   4.6964764286877786E-004
   284.86549718333151        6.7109019136218310E-003  -1.1662000227534205E-005   4.8130964309631207E-004
   289.86549718333151        6.7268987045303163E-003  -1.1708368254904510E-005   4.9301801135121653E-004
   294.86549718333151        6.7424580964385835E-003  -1.1753539023757492E-005   5.0477155037497400E-004
   299.86549718333151        6.7575995288548978E-003  -1.1797563176142813E-005   5.1656911355111679E-004
   304.86549718333151        6.7723412594586155E-003  -1.1840488412454376E-005   5.2840960196357120E-004
   309.86549718333151        6.7867004506723385E-003  -1.1882359695717229E-005   5.4029196165928848E-004
   314.86549718333151        6.8006932552471169E-003  -1.1923219458173965E-005   5.5221518111746239E-004
   319.86549718333151        6.8143348894409142E-003  -1.1963107776319269E-005   5.6417828889378165E-004
   324.86549718333151        6.8276397027195240E-003  -1.2002062539840678E-005   5.7618035143362236E-004
   329.86549718333151        6.8406212393091357E-003  -1.2040119600359442E-005   5.8822047103398176E-004
   334.86549718333151        6.8532922958375363E-003  -1.2077312911929245E-005   6.0029778394591097E-004
   339.86549718333151        6.8656649730051535E-003  -1.2113674656900750E-005   6.1241145860281175E-004
   344.86549718333151        6.8777507237801376E-003  -1.2149235364136970E-005   6.2456069396694871E-004
   349.86549718333151        6.8895603969184741E-003  -1.2184024015777298E-005   6.3674471798272597E-004
   354.86549718333151        6.9011042774590478E-003  -1.2218068147145855E-005   6.4896278612987181E-004
   359.86549718333151        6.9123921236634439E-003  -1.2251393938025120E-005   6.6121418006789693E-004
   364.86549718333151        6.9234332011404148E-003  -1.2284026297276026E-005   6.7349820636517291E-004
   369.86549718333151        6.9342363143499071E-003  -1.2315988941207531E-005   6.8581419530638042E-004
   374.86549718333151        6.9448098355889840E-003  -1.2347304465842919E-005   6.9816149977222337E-004
   379.86549718333151        6.9551617318672244E-003  -1.2377994414150386E-005   7.1053949418637373E-004
   384.86549718333151        6.9652995897223754E-003  -1.2408079338266558E-005   7.2294757352464026E-004
   389.86549718333151        6.9752306382120533E-003  -1.2437578857301913E-005   7.3538515238194221E-004
   394.86549718333151        6.9849617702813652E-003  -1.2466511711224048E-005   7.4785166409316621E-004
   399.86549718333151        6.9944995624971551E-003  -1.2494895810703669E-005   7.6034655990386986E-004
   404.86549718333151        7.0038502934512449E-003  -1.2522748283743128E-005   7.7286930818761305E-004
   409.86549718333151        7.0130199609335451E-003  -1.2550085519318771E-005   7.8541939370693184E-004
   414.86549718333151        7.0220142977097466E-003  -1.2576923207480728E-005   7.9799631691441261E-004
   419.86549718333151        7.0308387865026948E-003  -1.2603276377638785E-005   8.1059959329205140E-004
   424.86549718333151        7.0394986736922087E-003  -1.2629159433536716E-005   8.2322875272558809E-004
   429.86549718333151        7.0479989823312977E-003  -1.2654586186652833E-005   8.3588333891224087E-004
   434.86549718333151        7.0563445241181993E-003  -1.2679569886908704E-005   8.4856290879914962E-004
   439.86549718333151        7.0645399107053530E-003  -1.2704123251786782E-005   8.6126703205093643E-004
   444.86549718333151        7.0725895642767909E-003  -1.2728258493618914E-005   8.7399529054455534E-004
   449.86549718333151        7.0804977273251773E-003  -1.2751987344807692E-005   8.8674727788936301E-004
   454.86549718333151        7.0882684720655750E-003  -1.2775321082263125E-005   8.9952259897162613E-004
   459.86549718333151        7.0959057089154207E-003  -1.2798270549317653E-005   9.1232086952094374E-004
   464.86549718333151        7.1034131948476964E-003  -1.2820846177518077E-005   9.2514171569846185E-004
   469.86549718333151        7.1107945408600782E-003  -1.2843058005999534E-005   9.3798477370446139E-004
   474.86549718333151        7.1180532192966460E-003  -1.2864915700635097E-005   9.5084968940509652E-004
   479.86549718333151        7.1251925705343713E-003  -1.2886428571477237E-005   9.6373611797657380E-004
   484.86549718333151        7.1322158093824750E-003  -1.2907605589521892E-005   9.7664372356609562E-004
   489.86549718333151        7.1391260310546753E-003  -1.2928455402359173E-005   9.8957217896845483E-004
   494.86549718333151        7.1459262168513211E-003  -1.2948986349110055E-005   1.0025211653175649E-003
   499.86549718333151        7.1526192394261775E-003  -1.2969206474258776E-005   1.0154903717918236E-003
   504.86549718333151        7.1592078678855897E-003  -1.2989123541117305E-005   1.0284794953329410E-003
   509.86549718333151        7.1656947724676647E-003  -1.3008745044149498E-005   1.0414882403770905E-003
   514.86549718333151        7.1720825290549151E-003  -1.3028078220910707E-005   1.0545163185980012E-003
   519.86549718333151        7.1783736234291348E-003  -1.3047130063318841E-005   1.0675634486613200E-003
   524.86549718333151        7.1845704552110342E-003  -1.3065907328074243E-005   1.0806293559893943E-003
   529.86549718333151        7.1906753417419061E-003  -1.3084416547000032E-005   1.0937137725363943E-003
   534.86549718333151        7.1966905216018463E-003  -1.3102664036370847E-005   1.1068164365727652E-003
   539.86549718333151        7.2026181580062028E-003  -1.3120655905955446E-005   1.1199370924787205E-003
   544.86549718333151        7.2084603421388223E-003  -1.3138398067945819E-005   1.1330754905466663E-003
   549.86549718333151        7.2142190960195274E-003  -1.3155896244545152E-005   1.1462313867912114E-003
   554.86549718333151        7.2198963755929647E-003  -1.3173155976295694E-005   1.1594045427675071E-003
   559.86549718333151        7.2254940733582325E-003  -1.3190182629075339E-005   1.1725947253965825E-003
   564.86549718333151        7.2310140210136735E-003  -1.3206981401199170E-005   1.1858017067977818E-003
   569.86549718333151        7.2364579919783970E-003  -1.3223557330201978E-005   1.1990252641279836E-003
   574.86549718333151        7.2418277036913909E-003  -1.3239915298996008E-005   1.2122651794269797E-003
   579.86549718333151        7.2471248199086815E-003  -1.3256060042071426E-005   1.2255212394690512E-003
   584.86549718333151        7.2523509527941694E-003  -1.3271996151114188E-005   1.2387932356201653E-003
   589.86549718333151        7.2575076650148434E-003  -1.3287728080680173E-005   1.2520809637008455E-003
   594.86549718333151        7.2625964715888960E-003  -1.3303260153156229E-005   1.2653842238540018E-003
   599.86549718333151        7.2676188418226923E-003  -1.3318596564030006E-005   1.2787028204180317E-003
   604.86549718333151        7.2725762009962121E-003  -1.3333741386427973E-005   1.2920365618044596E-003
   609.86549718333151        7.2774699320924856E-003  -1.3348698575821052E-005   1.3053852603802808E-003
   614.86549718333151        7.2823013773579467E-003  -1.3363471974245365E-005   1.3187487323545262E-003
   619.86549718333151        7.2870718398480141E-003  -1.3378065314507396E-005   1.3321267976690336E-003
   624.86549718333151        7.2917825848737381E-003  -1.3392482224114630E-005   1.3455192798931483E-003
   629.86549718333151        7.2964348414310039E-003  -1.3406726229179258E-005   1.3589260061223276E-003
   634.86549718333151        7.3010298034358115E-003  -1.3420800757753083E-005   1.3723468068800807E-003
   639.86549718333151        7.3055686311235034E-003  -1.3434709143687837E-005   1.3857815160237686E-003
   644.86549718333151        7.3100524521450350E-003  -1.3448454629589806E-005   1.3992299706533584E-003
   649.86549718333151        7.3144823628070567E-003  -1.3462040370235754E-005   1.4126920110235940E-003
   654.86549718333151        7.3188594291438520E-003  -1.3475469435493337E-005   1.4261674804590873E-003
   659.86549718333151        7.3231846879968903E-003  -1.3488744813283359E-005   1.4396562252723707E-003
   664.86549718333151        7.3274591480321652E-003  -1.3501869412368858E-005   1.4531580946847396E-003
   669.86549718333151        7.3316837906920859E-003  -1.3514846064959903E-005   1.4666729407496995E-003
   674.86549718333151        7.3358595711936429E-003  -1.3527677529476336E-005   1.4802006182791758E-003
   679.86549718333151        7.3399874193032883E-003  -1.3540366492639495E-005   1.4937409847718152E-003
   684.86549718333151        7.3440682403877067E-003  -1.3552915572425912E-005   1.5072939003442410E-003
   689.86549718333151        7.3481029159814916E-003  -1.3565327319549433E-005   1.5208592276637904E-003
   694.86549718333151        7.3520923048532470E-003  -1.3577604220488505E-005   1.5344368318842790E-003
   699.86549718333151        7.3560372435177244E-003  -1.3589748698821791E-005   1.5480265805831008E-003
   704.86549718333151        7.3599385471580635E-003  -1.3601763117836819E-005   1.5616283437009375E-003
   709.86549718333151        7.3637970101617543E-003  -1.3613649781960627E-005   1.5752419934828982E-003
   714.86549718333151        7.3676134069533342E-003  -1.3625410939114360E-005   1.5888674044220125E-003
   719.86549718333151        7.3713884924669739E-003  -1.3637048781968374E-005   1.6025044532039809E-003
   724.86549718333151        7.3751230029389563E-003  -1.3648565450192305E-005   1.6161530186541732E-003
   729.86549718333151        7.3788176563311216E-003  -1.3659963031576482E-005   1.6298129816857496E-003
   734.86549718333151        7.3824731530937431E-003  -1.3671243564208361E-005   1.6434842252499580E-003
   739.86549718333151        7.3860901764861405E-003  -1.3682409037292685E-005   1.6571666342872506E-003
   744.86549718333151        7.3896693933784051E-003  -1.3693461393463814E-005   1.6708600956807144E-003
   749.86549718333151        7.3932114544697520E-003  -1.3704402529304667E-005   1.6845644982100190E-003
   754.86549718333151        7.3967169950615941E-003  -1.3715234297585161E-005   1.6982797325076041E-003
   759.86549718333151        7.4001866352762348E-003  -1.3725958507795129E-005   1.7120056910153991E-003
   764.86549718333151        7.4036209807332859E-003  -1.3736576928097499E-005   1.7257422679434965E-003
   769.86549718333151        7.4070206227905598E-003  -1.3747091285941509E-005   1.7394893592294380E-003
   774.86549718333151        7.4103861391513620E-003  -1.3757503269814253E-005   1.7532468624992521E-003
   779.86549718333151        7.4137180941148250E-003  -1.3767814529893872E-005   1.7670146770291460E-003
   784.86549718333151        7.4170170390540574E-003  -1.3778026679412412E-005   1.7807927037085584E-003
   789.86549718333151        7.4202835128180118E-003  -1.3788141295787850E-005   1.7945808450043463E-003
   794.86549718333151        7.4235180419670406E-003  -1.3798159921245795E-005   1.8083790049255920E-003
   799.86549718333151        7.4267211413205610E-003  -1.3808084064412152E-005   1.8221870889900042E-003
   804.86549718333151        7.4298933140924941E-003  -1.3817915200633379E-005   1.8360050041906376E-003
   809.86549718333151        7.4330350523779372E-003  -1.3827654773388824E-005   1.8498326589640264E-003
   814.86549718333151        7.4361468373917040E-003  -1.3837304194938263E-005   1.8636699631589646E-003
   819.86549718333151        7.4392291397809953E-003  -1.3846864847202784E-005   1.8775168280061674E-003
   824.86549718333151        7.4422824199313724E-003  -1.3856338082628508E-005   1.8913731660887959E-003
   829.86549718333151        7.4453071282914044E-003  -1.3865725225111803E-005   1.9052388913139077E-003
   834.86549718333151        7.4483037055415920E-003  -1.3875027570444483E-005   1.9191139188843521E-003
   839.86549718333151        7.4512725829744726E-003  -1.3884246387417496E-005   1.9329981652717696E-003
   844.86549718333151        7.4542141827136253E-003  -1.3893382918427742E-005   1.9468915481901973E-003
   849.86549718333151        7.4571289178997063E-003  -1.3902438379985141E-005   1.9607939865701825E-003
   854.86549718333151        7.4600171930679976E-003  -1.3911413963817424E-005   1.9747054005339998E-003
   859.86549718333151        7.4628794042114876E-003  -1.3920310837000586E-005   1.9886257113710002E-003
   864.86549718333151        7.4657159391774801E-003  -1.3929130143128230E-005   2.0025548415141285E-003
   869.86549718333151        7.4685271777340098E-003  -1.3937873002457121E-005   2.0164927145165856E-003
   874.86549718333151        7.4713134919022336E-003  -1.3946540512881875E-005   2.0304392550294674E-003
   879.86549718333151        7.4740752460811322E-003  -1.3955133750266124E-005   2.0443943887797334E-003
   884.86549718333151        7.4768127972725217E-003  -1.3963653769087710E-005   2.0583580425488210E-003
   889.86549718333151        7.4795264953020843E-003  -1.3972101603073673E-005   2.0723301441518947E-003
   894.86549718333151        7.4822166829139830E-003  -1.3980478265443662E-005   2.0863106224173382E-003
   899.86549718333151        7.4848836961060889E-003  -1.3988784749904340E-005   2.1002994071672425E-003
   904.86549718333151        7.4875278641106536E-003  -1.3997022030541630E-005   2.1142964291977840E-003
   909.86549718333151        7.4901495097277311E-003  -1.4005191062813176E-005   2.1283016202605972E-003
   914.86549718333151        7.4927489494267399E-003  -1.4013292783820452E-005   2.1423149130444176E-003
   919.86549718333151        7.4953264934359718E-003  -1.4021328112544674E-005   2.1563362411569625E-003
   924.86549718333151        7.4978824460662135E-003  -1.4029297950814024E-005   2.1703655391077767E-003
   929.86549718333151        7.5004171056465797E-003  -1.4037203183063530E-005   2.1844027422908401E-003
   934.86549718333151        7.5029307648696907E-003  -1.4045044677372569E-005   2.1984477869682129E-003
   939.86549718333151        7.5054237107937084E-003  -1.4052823285433810E-005   2.2125006102536467E-003
   944.86549718333151        7.5078962250279147E-003  -1.4060539843095786E-005   2.2265611500967425E-003
   949.86549718333151        7.5103485838825170E-003  -1.4068195170795285E-005   2.2406293452675377E-003
   954.86549718333151        7.5127810584747897E-003  -1.4075790073854667E-005   2.2547051353413923E-003
   959.86549718333151        7.5151939148253707E-003  -1.4083325342749564E-005   2.2687884606841418E-003
   964.86549718333151        7.5175874140698401E-003  -1.4090801753737726E-005   2.2828792624378794E-003
   969.86549718333151        7.5199618124329286E-003  -1.4098220068747631E-005   2.2969774825066271E-003
   974.86549718333151        7.5223173615368870E-003  -1.4105581036311954E-005   2.3110830635429389E-003
   979.86549718333151        7.5246543082630448E-003  -1.4112885391106090E-005   2.3251959489340450E-003
   984.86549718333151        7.5269728951488247E-003  -1.4120133855160863E-005   2.3393160827892058E-003
   989.86549718333151        7.5292733602006726E-003  -1.4127327137250728E-005   2.3534434099264567E-003
   994.86549718333151        7.5315559372465361E-003  -1.4134465933969374E-005   2.3675778758604259E-003
   999.86549718333151        7.5338208558483229E-003  -1.4141550929430613E-005   2.3817194267898565E-003
   1004.8654971833315        7.5360683415113894E-003  -1.4148582795898818E-005   2.3958680095857551E-003
   1009.8654971833315        7.5382986157449582E-003  -1.4155562193954053E-005   2.4100235717797094E-003
   1014.8654971833315        7.5405118961066712E-003  -1.4162489772608228E-005   2.4241860615523175E-003
   1019.8654971833315        7.5427083963893003E-003  -1.4169366169866929E-005   2.4383554277221846E-003
   1024.8654971833316        7.5448883265835350E-003  -1.4176192012591090E-005   2.4525316197347756E-003
   1029.8654971833316        7.5470518931035034E-003  -1.4182967917181893E-005   2.4667145876519575E-003
   1034.8654971833316        7.5491992987049448E-003  -1.4189694489303985E-005   2.4809042821412617E-003
   1039.8654971833316        7.5513307427396339E-003  -1.4196372324662359E-005   2.4951006544659238E-003
   1044.8654971833316        7.5534464210562594E-003  -1.4203002008672553E-005   2.5093036564745965E-003
   1049.8654971833316        7.5555465262420228E-003  -1.4209584117198790E-005   2.5235132405917954E-003
   1054.8654971833316        7.5576312475524529E-003  -1.4216119216315836E-005   2.5377293598081111E-003
   1059.8654971833316        7.5597007710821321E-003  -1.4222607862826367E-005   2.5519519676709375E-003
   1064.8654971833316        7.5617552797907182E-003  -1.4229050604325421E-005   2.5661810182752631E-003
   1069.8654971833316        7.5637949535506547E-003  -1.4235447979333222E-005   2.5804164662545964E-003
   1074.8654971833316        7.5658199692998579E-003  -1.4241800517757855E-005   2.5946582667723543E-003
   1079.8654971833316        7.5678305009457981E-003  -1.4248108740578626E-005   2.6089063755129331E-003
   1084.8654971833316        7.5698267196474328E-003  -1.4254373160715208E-005   2.6231607486736481E-003
   1089.8654971833316        7.5718087936361440E-003  -1.4260594282450985E-005   2.6374213429560989E-003
   1094.8654971833316        7.5737768884771399E-003  -1.4266772602238849E-005   2.6516881155583378E-003
   1099.8654971833316        7.5757311670138277E-003  -1.4272908608512649E-005   2.6659610241668505E-003
   1104.8654971833316        7.5776717894191605E-003  -1.4279002781834638E-005   2.6802400269486850E-003
   1109.8654971833316        7.5795989133619840E-003  -1.4285055595404560E-005   2.6945250825440898E-003
   1114.8654971833316        7.5815126938884895E-003  -1.4291067514674448E-005   2.7088161500587642E-003
   1119.8654971833316        7.5834132836469339E-003  -1.4297038998041852E-005   2.7231131890568059E-003
   1124.8654971833316        7.5853008328051700E-003  -1.4302970496578610E-005   2.7374161595533847E-003
   1129.8654971833316        7.5871754891869677E-003  -1.4308862454447256E-005   2.7517250220078322E-003
   1134.8654971833316        7.5890373982560452E-003  -1.4314715308839281E-005   2.7660397373166713E-003
   1139.8654971833316        7.5908867032293990E-003  -1.4320529490320091E-005   2.7803602668069914E-003
   1144.8654971833316        7.5927235450549821E-003  -1.4326305422747895E-005   2.7946865722297391E-003
   1149.8654971833316        7.5945480625017603E-003  -1.4332043523546193E-005   2.8090186157532851E-003
   1154.8654971833316        7.5963603921932908E-003  -1.4337744203798997E-005   2.8233563599570841E-003
   1159.8654971833316        7.5981606686484713E-003  -1.4343407868368909E-005   2.8376997678254529E-003
   1164.8654971833316        7.5999490243040240E-003  -1.4349034915958008E-005   2.8520488027414109E-003
   1169.8654971833316        7.6017255895990225E-003  -1.4354625739364211E-005   2.8664034284807752E-003
   1174.8654971833316        7.6034904929580330E-003  -1.4360180725418915E-005   2.8807636092061939E-003
   1179.8654971833316        7.6052438609000225E-003  -1.4365700255320666E-005   2.8951293094615148E-003
   1184.8654971833316        7.6069858179794274E-003  -1.4371184704440817E-005   2.9095004941659557E-003
   1189.8654971833316        7.6087164869409552E-003  -1.4376634442802245E-005   2.9238771286087578E-003
   1194.8654971833316        7.6104359886381414E-003  -1.4382049834814544E-005   2.9382591784435723E-003
   1199.8654971833316        7.6121444421821264E-003  -1.4387431239734353E-005   2.9526466096833066E-003
   1204.8654971833316        7.6138419648394485E-003  -1.4392779011335462E-005   2.9670393886946419E-003
   1209.8654971833316        7.6155286722461961E-003  -1.4398093498575659E-005   2.9814374821932176E-003
   1214.8654971833316        7.6172046782270603E-003  -1.4403375045019079E-005   2.9958408572382366E-003
   1219.8654971833316        7.6188700950391075E-003  -1.4408623989596916E-005   3.0102494812278336E-003
   1224.8654971833316        7.6205250332243386E-003  -1.4413840666135631E-005   3.0246633218939693E-003
   1229.8654971833316        7.6221696017798940E-003  -1.4419025403886365E-005   3.0390823472978556E-003
   1234.8654971833316        7.6238039080770686E-003  -1.4424178527262832E-005   3.0535065258251184E-003
   1239.8654971833316        7.6254280579731906E-003  -1.4429300356187354E-005   3.0679358261813056E-003
   1244.8654971833316        7.6270421557824283E-003  -1.4434391205992328E-005   3.0823702173872979E-003
   1249.8654971833316        7.6286463043631434E-003  -1.4439451387689359E-005   3.0968096687749871E-003
   1254.8654971833316        7.6302406050594339E-003  -1.4444481207778681E-005   3.1112541499827657E-003
   1259.8654971833316        7.6318251578363604E-003  -1.4449480968669717E-005   3.1257036309514353E-003
   1264.8654971833316        7.6334000611828368E-003  -1.4454450968368787E-005   3.1401580819198039E-003
   1269.8654971833316        7.6349654122795140E-003  -1.4459391501003113E-005   3.1546174734208071E-003
   1274.8654971833316        7.6365213068691588E-003  -1.4464302856406163E-005   3.1690817762772133E-003
   1279.8654971833316        7.6380678394100286E-003  -1.4469185320596227E-005   3.1835509615978095E-003
   1284.8654971833316        7.6396051030384448E-003  -1.4474039175652974E-005   3.1980250007734626E-003
   1289.8654971833316        7.6411331895687648E-003  -1.4478864699712108E-005   3.2125038654731747E-003
   1294.8654971833316        7.6426521896133257E-003  -1.4483662167339037E-005   3.2269875276405139E-003
   1299.8654971833316        7.6441621924618550E-003  -1.4488431849143064E-005   3.2414759594896572E-003
   1304.8654971833316        7.6456632862612435E-003  -1.4493174012340305E-005   3.2559691335019973E-003
   1309.8654971833316        7.6471555578879243E-003  -1.4497888920345881E-005   3.2704670224223431E-003
   1314.8654971833316        7.6486390930895409E-003  -1.4502576833216769E-005   3.2849695992555597E-003
   1319.8654971833316        7.6501139764324462E-003  -1.4507238007481455E-005   3.2994768372630410E-003
   1324.8654971833316        7.6515802913357999E-003  -1.4511872696243233E-005   3.3139887099592844E-003
   1329.8654971833316        7.6530381201256820E-003  -1.4516481149346923E-005   3.3285051911086314E-003
   1334.8654971833316        7.6544875439862161E-003  -1.4521063613220150E-005   3.3430262547218515E-003
   1339.8654971833316        7.6559286430890605E-003  -1.4525620331278606E-005   3.3575518750531301E-003
   1344.8654971833316        7.6573614964423149E-003  -1.4530151543444284E-005   3.3720820265965745E-003
   1349.8654971833316        7.6587861821292604E-003  -1.4534657486896472E-005   3.3866166840834711E-003
   1354.8654971833316        7.6602027770752259E-003  -1.4539138395330636E-005   3.4011558224788020E-003
   1359.8654971833316        7.6616113573269298E-003  -1.4543594499838150E-005   3.4156994169786403E-003
   1364.8654971833316        7.6630119978228972E-003  -1.4548026028176434E-005   3.4302474430068165E-003
   1369.8654971833316        7.6644047726111709E-003  -1.4552433205454087E-005   3.4447998762122708E-003
   1374.8654971833316        7.6657897547158021E-003  -1.4556816253704968E-005   3.4593566924659759E-003
   1379.8654971833316        7.6671670162756552E-003  -1.4561175392323979E-005   3.4739178678583000E-003
   1384.8654971833316        7.6685366284375616E-003  -1.4565510837725592E-005   3.4884833786960256E-003
   1389.8654971833316        7.6698986614975768E-003  -1.4569822803787620E-005   3.5030532014998133E-003
   1394.8654971833316        7.6712531847971136E-003  -1.4574111501519257E-005   3.5176273130013325E-003
   1399.8654971833316        7.6726002668417040E-003  -1.4578377139433896E-005   3.5322056901407662E-003
   1404.8654971833316        7.6739399752356816E-003  -1.4582619923339264E-005   3.5467883100641054E-003
   1409.8654971833316        7.6752723767252173E-003  -1.4586840056470672E-005   3.5613751501205760E-003
   1414.8654971833316        7.6765975372624145E-003  -1.4591037739691082E-005   3.5759661878602671E-003
   1419.8654971833316        7.6779155219039727E-003  -1.4595213171167264E-005   3.5905614010314345E-003
   1424.8654971833316        7.6792263949424294E-003  -1.4599366546782695E-005   3.6051607675782172E-003
   1429.8654971833316        7.6805302198497388E-003  -1.4603498059956087E-005   3.6197642656381731E-003
   1434.8654971833316        7.6818270593034541E-003  -1.4607607901721624E-005   3.6343718735398949E-003
   1439.8654971833316        7.6831169752259306E-003  -1.4611696260850569E-005   3.6489835698007454E-003
   1444.8654971833316        7.6844000287544113E-003  -1.4615763323753870E-005   3.6635993331244994E-003
   1449.8654971833316        7.6856762802791625E-003  -1.4619809274600502E-005   3.6782191423990998E-003
   1454.8654971833316        7.6869457894685076E-003  -1.4623834295394348E-005   3.6928429766944944E-003
   1459.8654971833316        7.6882086152230810E-003  -1.4627838565826753E-005   3.7074708152603211E-003
   1464.8654971833316        7.6894648157819307E-003  -1.4631822263610563E-005   3.7221026375239318E-003
   1469.8654971833316        7.6907144486205690E-003  -1.4635785564154523E-005   3.7367384230880861E-003
   1474.8654971833316        7.6919575705648368E-003  -1.4639728640922094E-005   3.7513781517290084E-003
   1479.8654971833316        7.6931942377243250E-003  -1.4643651665218072E-005   3.7660218033942266E-003
   1484.8654971833316        7.6944245055621001E-003  -1.4647554806407576E-005   3.7806693582006340E-003
   1489.8654971833316        7.6956484288558686E-003  -1.4651438231790704E-005   3.7953207964324248E-003
   1494.8654971833316        7.6968660617427976E-003  -1.4655302106742642E-005   3.8099760985391674E-003
   1499.8654971833316        7.6980774577102033E-003  -1.4659146594682082E-005   3.8246352451338493E-003
   1504.8654971833316        7.6992826696299366E-003  -1.4662971857178319E-005   3.8392982169910277E-003
   1509.8654971833316        7.7004817497032443E-003  -1.4666778053774290E-005   3.8539649950448019E-003
   1514.8654971833316        7.7016747495905731E-003  -1.4670565342396649E-005   3.8686355603871985E-003
   1519.8654971833316        7.7028617202662642E-003  -1.4674333878892633E-005   3.8833098942660910E-003
   1524.8654971833316        7.7040427121766054E-003  -1.4678083817529964E-005   3.8979879780836209E-003
   1529.8654971833316        7.7052177751419310E-003  -1.4681815310684221E-005   3.9126697933943048E-003
   1534.8654971833316        7.7063869584038623E-003  -1.4685528508987047E-005   3.9273553219032918E-003
   1539.8654971833316        7.7075503106824846E-003  -1.4689223561505994E-005   3.9420445454647979E-003
   1544.8654971833316        7.7087078800429495E-003  -1.4692900615319146E-005   3.9567374460801174E-003
   1549.8654971833316        7.7098597141095236E-003  -1.4696559816193305E-005   3.9714340058963106E-003
   1554.8654971833316        7.7110058598626264E-003  -1.4700201307937664E-005   3.9861342072042482E-003
   1559.8654971833316        7.7121463638225481E-003  -1.4703825232985812E-005   4.0008380324372339E-003
   1564.8654971833316        7.7132812719111548E-003  -1.4707431731954786E-005   4.0155454641691889E-003
   1569.8654971833316        7.7144106296090876E-003  -1.4711020944143015E-005   4.0302564851133317E-003
   1574.8654971833316        7.7155344817848174E-003  -1.4714593006985588E-005   4.0449710781203171E-003
   1579.8654971833316        7.7166528729170685E-003  -1.4718148056759639E-005   4.0596892261770771E-003
   1584.8654971833316        7.7177658468528254E-003  -1.4721686227813748E-005   4.0744109124048909E-003
   1589.8654971833316        7.7188734470938431E-003  -1.4725207653477238E-005   4.0891361200583679E-003
   1594.8654971833316        7.7199757164994427E-003  -1.4728712465113951E-005   4.1038648325234820E-003
   1599.8654971833316        7.7210726976120712E-003  -1.4732200793155946E-005   4.1185970333166384E-003
   1604.8654971833316        7.7221644323493405E-003  -1.4735672766122939E-005   4.1333327060827617E-003
   1609.8654971833316        7.7232509622976661E-003  -1.4739128511554723E-005   4.1480718345943161E-003
   1614.8654971833316        7.7243323284803978E-003  -1.4742568155272489E-005   4.1628144027495888E-003
   1619.8654971833316        7.7254085715585145E-003  -1.4745991822015863E-005   4.1775603945716049E-003
   1624.8654971833316        7.7264797316593725E-003  -1.4749399634896926E-005   4.1923097942065017E-003
   1629.8654971833316        7.7275458485611013E-003  -1.4752791715985574E-005   4.2070625859224877E-003
   1634.8654971833316        7.7286069615297983E-003  -1.4756168185790384E-005   4.2218187541082780E-003
   1639.8654971833316        7.7296631094515584E-003  -1.4759529163677471E-005   4.2365782832719558E-003
   1644.8654971833316        7.7307143307978506E-003  -1.4762874767759206E-005   4.2513411580397146E-003
   1649.8654971833316        7.7317606635721094E-003  -1.4766205114723082E-005   4.2661073631544378E-003
   1654.8654971833316        7.7328021454476682E-003  -1.4769520320269601E-005   4.2808768834747078E-003
   1659.8654971833316        7.7338388136082457E-003  -1.4772820498603451E-005   4.2956497039733114E-003
   1664.8654971833316        7.7348707049213379E-003  -1.4776105762984383E-005   4.3104258097362959E-003
   1669.8654971833316        7.7358978557861011E-003  -1.4779376225241884E-005   4.3252051859615382E-003
   1674.8654971833316        7.7369203022854011E-003  -1.4782631996258231E-005   4.3399878179577961E-003
   1679.8654971833316        7.7379380800606801E-003  -1.4785873185569043E-005   4.3547736911433649E-003
   1684.8654971833316        7.7389512244159476E-003  -1.4789099901693431E-005   4.3695627910450580E-003
   1689.8654971833316        7.7399597702637437E-003  -1.4792312251960916E-005   4.3843551032970189E-003
   1694.8654971833316        7.7409637521619352E-003  -1.4795510342627663E-005   4.3991506136396461E-003
   1699.8654971833316        7.7419632042981862E-003  -1.4798694278826083E-005   4.4139493079184723E-003
   1704.8654971833316        7.7429581605029203E-003  -1.4801864164605181E-005   4.4287511720830777E-003
   1709.8654971833316        7.7439486542633376E-003  -1.4805020102974295E-005   4.4435561921860522E-003
   1714.8654971833316        7.7449347187089476E-003  -1.4808162195856112E-005   4.4583643543819086E-003
   1719.8654971833316        7.7459163866332031E-003  -1.4811290544154725E-005   4.4731756449260633E-003
   1724.8654971833316        7.7468936904892200E-003  -1.4814405247741118E-005   4.4879900501738042E-003
   1729.8654971833316        7.7478666623998303E-003  -1.4817506405484370E-005   4.5028075565792889E-003
   1734.8654971833316        7.7488353341435695E-003  -1.4820594115206136E-005   4.5176281506944952E-003
   1739.8654971833316        7.7497997372157649E-003  -1.4823668473874565E-005   4.5324518191683701E-003
   1744.8654971833316        7.7507599027026074E-003  -1.4826729577202058E-005   4.5472785487455725E-003
   1749.8654971833316        7.7517158615049101E-003  -1.4829777520357805E-005   4.5621083262659306E-003
   1754.8654971833316        7.7526676440765460E-003  -1.4832812397133121E-005   4.5769411386630638E-003
   1759.8654971833316        7.7536152806623286E-003  -1.4835834300699108E-005   4.5917769729637630E-003
   1764.8654971833316        7.7545588011430425E-003  -1.4838843323111797E-005   4.6066158162868746E-003
   1769.8654971833316        7.7554982351402818E-003  -1.4841839555645711E-005   4.6214576558425199E-003
   1774.8654971833316        7.7564336119323590E-003  -1.4844823088524950E-005   4.6363024789310451E-003
   1779.8654971833316        7.7573649605650634E-003  -1.4847794011275756E-005   4.6511502729423213E-003
   1784.8654971833316        7.7582923097289621E-003  -1.4850752412334425E-005   4.6660010253546554E-003
   1789.8654971833316        7.7592156878893478E-003  -1.4853698379461153E-005   4.6808547237341168E-003
   1794.8654971833316        7.7601351231818376E-003  -1.4856631999406298E-005   4.6957113557335233E-003
   1799.8654971833316        7.7610506435042042E-003  -1.4859553358202694E-005   4.7105709090917262E-003
   1804.8654971833316        7.7619622764378057E-003  -1.4862462540914305E-005   4.7254333716326407E-003
   1809.8654971833316        7.7628700493351521E-003  -1.4865359631915000E-005   4.7402987312645554E-003
   1814.8654971833316        7.7637739892441682E-003  -1.4868244714646224E-005   4.7551669759792019E-003
   1819.8654971833316        7.7646741229792050E-003  -1.4871117871843029E-005   4.7700380938510449E-003
   1824.8654971833316        7.7655704770697234E-003  -1.4873979185369646E-005   4.7849120730364143E-003
   1829.8654971833316        7.7664630778021626E-003  -1.4876828736352544E-005   4.7997889017727668E-003
   1834.8654971833316        7.7673519511977209E-003  -1.4879666605108905E-005   4.8146685683778754E-003
   1839.8654971833316        7.7682371230377587E-003  -1.4882492871227151E-005   4.8295510612491026E-003
   1844.8654971833316        7.7691186188403828E-003  -1.4885307613491592E-005   4.8444363688625938E-003
   1849.8654971833316        7.7699964638981468E-003  -1.4888110910002255E-005   4.8593244797725957E-003
   1854.8654971833316        7.7708706832380460E-003  -1.4890902838046594E-005   4.8742153826106423E-003
   1859.8654971833316        7.7717413016659669E-003  -1.4893683474240867E-005   4.8891090660848832E-003
   1864.8654971833316        7.7726083437478751E-003  -1.4896452894469549E-005   4.9040055189793529E-003
   1869.8654971833316        7.7734718338134398E-003  -1.4899211173896372E-005   4.9189047301532495E-003
   1874.8654971833316        7.7743317959439581E-003  -1.4901958386925222E-005   4.9338066885401743E-003
   1879.8654971833316        7.7751882540486117E-003  -1.4904694607443246E-005   4.9487113831476175E-003
   1884.8654971833316        7.7760412317255971E-003  -1.4907419908376702E-005   4.9636188030559945E-003
   1889.8654971833316        7.7768907524388819E-003  -1.4910134362255174E-005   4.9785289374182492E-003
   1894.8654971833316        7.7777368393753968E-003  -1.4912838040754820E-005   4.9934417754590038E-003
   1899.8654971833316        7.7785795155135944E-003  -1.4915531014916936E-005   5.0083573064739206E-003
   1904.8654971833316        7.7794188036499554E-003  -1.4918213355232216E-005   5.0232755198291526E-003
   1909.8654971833316        7.7802547263195933E-003  -1.4920885131386539E-005   5.0381964049605391E-003
   1914.8654971833316        7.7810873058932438E-003  -1.4923546412570505E-005   5.0531199513731096E-003
   1919.8654971833316        7.7819165644997541E-003  -1.4926197267231242E-005   5.0680461486403410E-003
   1924.8654971833316        7.7827425240988091E-003  -1.4928837763304441E-005   5.0829749864036450E-003
   1929.8654971833316        7.7835652063991375E-003  -1.4931467967952425E-005   5.0979064543715978E-003
   1934.8654971833316        7.7843846329745869E-003  -1.4934087947934843E-005   5.1128405423195326E-003
   1939.8654971833316        7.7852008251286173E-003  -1.4936697769174992E-005   5.1277772400887076E-003
   1944.8654971833316        7.7860138040477499E-003  -1.4939297497250044E-005   5.1427165375859578E-003
   1949.8654971833316        7.7868235906432548E-003  -1.4941887196884419E-005   5.1576584247828424E-003
   1954.8654971833316        7.7876302057121290E-003  -1.4944466932464166E-005   5.1726028917153067E-003
   1959.8654971833316        7.7884336698068627E-003  -1.4947036767620071E-005   5.1875499284829265E-003
   1964.8654971833316        7.7892340033343648E-003  -1.4949596765543664E-005   5.2024995252484699E-003
   1969.8654971833316        7.7900312264718666E-003  -1.4952146988717854E-005   5.2174516722371875E-003
   1974.8654971833316        7.7908253592821131E-003  -1.4954687499285020E-005   5.2324063597364726E-003
   1979.8654971833316        7.7916164215695487E-003  -1.4957218358586591E-005   5.2473635780950593E-003
   1984.8654971833316        7.7924044330252851E-003  -1.4959739627626438E-005   5.2623233177226860E-003
   1989.8654971833316        7.7931894131285720E-003  -1.4962251366755303E-005   5.2772855690894410E-003
   1994.8654971833316        7.7939713811940739E-003  -1.4964753635821710E-005   5.2922503227252624E-003
   1999.8654971833316        7.7947503563847269E-003  -1.4967246494212744E-005   5.3072175692194749E-003
   2004.8654971833316        7.7955263576397985E-003  -1.4969730000623510E-005   5.3221872992200983E-003
   2009.8654971833316        7.7962994038070360E-003  -1.4972204213479689E-005   5.3371595034335780E-003
   2014.8654971833316        7.7970695135084322E-003  -1.4974669190507625E-005   5.3521341726240857E-003
   2019.8654971833316        7.7978367052135384E-003  -1.4977124988968598E-005   5.3671112976130539E-003
   2024.8654971833316        7.7986009972641004E-003  -1.4979571665737407E-005   5.3820908692787913E-003
   2029.8654971833316        7.7993624077860296E-003  -1.4982009277020243E-005   5.3970728785558116E-003
   2034.8654971833316        7.8001209547981553E-003  -1.4984437878702511E-005   5.4120573164345145E-003
   2039.8654971833316        7.8008766561345937E-003  -1.4986857526100020E-005   5.4270441739606148E-003
   2044.8654971833316        7.8016295294724850E-003  -1.4989268274047456E-005   5.4420334422346619E-003
   2049.8654971833316        7.8023795923642184E-003  -1.4991670177001274E-005   5.4570251124116632E-003
   2054.8654971833316        7.8031268621602994E-003  -1.4994063288792419E-005   5.4720191757004558E-003
   2059.8654971833316        7.8038713561282610E-003  -1.4996447663006826E-005   5.4870156233634629E-003
   2064.8654971833316        7.8046130913157919E-003  -1.4998823352546799E-005   5.5020144467160101E-003
   2069.8654971833316        7.8053520846860409E-003  -1.5001190410064070E-005   5.5170156371260742E-003
   2074.8654971833316        7.8060883530139827E-003  -1.5003548887627590E-005   5.5320191860137018E-003
   2079.8654971833316        7.8068219129497187E-003  -1.5005898836926014E-005   5.5470250848506280E-003
   2084.8654971833316        7.8075527810087669E-003  -1.5008240309236329E-005   5.5620333251598644E-003
   2089.8654971833316        7.8082809735445513E-003  -1.5010573355335462E-005   5.5770438985152000E-003
   2094.8654971833316        7.8090065067915040E-003  -1.5012898025638098E-005   5.5920567965408383E-003
   2099.8654971833316        7.8097293968449610E-003  -1.5015214370132022E-005   5.6070720109109703E-003
   2104.8654971833316        7.8104496596381190E-003  -1.5017522438304004E-005   5.6220895333492747E-003
   2109.8654971833316        7.8111673110219659E-003  -1.5019822279395706E-005   5.6371093556286701E-003
   2114.8654971833316        7.8118823666544386E-003  -1.5022113942048225E-005   5.6521314695707186E-003
   2119.8654971833316        7.8125948421084879E-003  -1.5024397474648156E-005   5.6671558670453670E-003
   2124.8654971833316        7.8133047528041195E-003  -1.5026672925109559E-005   5.6821825399704763E-003
   2129.8654971833316        7.8140121140350110E-003  -1.5028940340959046E-005   5.6972114803114354E-003
   2134.8654971833316        7.8147169409913484E-003  -1.5031199769408718E-005   5.7122426800808443E-003
   2139.8654971833316        7.8154192486755113E-003  -1.5033451257085703E-005   5.7272761313379300E-003
   2144.8654971833316        7.8161190520602743E-003  -1.5035694850539014E-005   5.7423118261884691E-003
   2149.8654971833316        7.8168163658919494E-003  -1.5037930595608299E-005   5.7573497567840774E-003
   2154.8654971833316        7.8175112048872453E-003  -1.5040158538054709E-005   5.7723899153221325E-003
   2159.8654971833316        7.8182035835655389E-003  -1.5042378723022918E-005   5.7874322940451558E-003
   2164.8654971833316        7.8188935163823539E-003  -1.5044591195468909E-005   5.8024768852406247E-003
   2169.8654971833316        7.8195810176592221E-003  -1.5046795999934852E-005   5.8175236812405594E-003
   2174.8654971833316        7.8202661015614912E-003  -1.5048993180477700E-005   5.8325726744210375E-003
   2179.8654971833316        7.8209487822313156E-003  -1.5051182781095556E-005   5.8476238572021328E-003
   2184.8654971833316        7.8216290735623455E-003  -1.5053364845004761E-005   5.8626772220471378E-003
   2189.8654971833316        7.8223069894952316E-003  -1.5055539415587575E-005   5.8777327614627254E-003
   2194.8654971833316        7.8229825436973727E-003  -1.5057706535364706E-005   5.8927904679980901E-003
   2199.8654971833316        7.8236557498596593E-003  -1.5059866246947001E-005   5.9078503342450371E-003
   2204.8654971833316        7.8243266214638226E-003  -1.5062018592288930E-005   5.9229123528373260E-003
   2209.8654971833316        7.8249951719686385E-003  -1.5064163613285768E-005   5.9379765164506116E-003
   2214.8654971833316        7.8256614146306486E-003  -1.5066301351198223E-005   5.9530428178018102E-003
   2219.8654971833316        7.8263253627015184E-003  -1.5068431847285462E-005   5.9681112496490956E-003
   2224.8654971833316        7.8269870292400918E-003  -1.5070555142201897E-005   5.9831818047912976E-003
   2229.8654971833316        7.8276464272544078E-003  -1.5072671276452704E-005   5.9982544760677501E-003
   2234.8654971833316        7.8283035696352817E-003  -1.5074780290180501E-005   6.0133292563579310E-003
   2239.8654971833316        7.8289584691526859E-003  -1.5076882223153573E-005   6.0284061385810842E-003
   2244.8654971833316        7.8296111385217412E-003  -1.5078977114977497E-005   6.0434851156960616E-003
   2249.8654971833316        7.8302615902872720E-003  -1.5081065004724427E-005   6.0585661807007864E-003
   2254.8654971833316        7.8309098369844371E-003  -1.5083145931448513E-005   6.0736493266322347E-003
   2259.8654971833316        7.8315558909482462E-003  -1.5085219933574322E-005   6.0887345465658093E-003
   2264.8654971833316        7.8321997645152183E-003  -1.5087287049543990E-005   6.1038218336153536E-003
   2269.8654971833316        7.8328414698608326E-003  -1.5089347317295271E-005   6.1189111809326485E-003
   2274.8654971833316        7.8334810190807073E-003  -1.5091400774521959E-005   6.1340025817071707E-003
   2279.8654971833316        7.8341184241869071E-003  -1.5093447458661895E-005   6.1490960291658327E-003
   2284.8654971833316        7.8347536970995828E-003  -1.5095487406869977E-005   6.1641915165727024E-003
   2289.8654971833316        7.8353868496193087E-003  -1.5097520655929187E-005   6.1792890372286318E-003
   2294.8654971833316        7.8360178935046147E-003  -1.5099547242499387E-005   6.1943885844711315E-003
   2299.8654971833316        7.8366468403556055E-003  -1.5101567202743454E-005   6.2094901516738746E-003
   2304.8654971833316        7.8372737017621593E-003  -1.5103580572803077E-005   6.2245937322466778E-003
   2309.8654971833316        7.8378984891466011E-003  -1.5105587388293302E-005   6.2396993196349709E-003
   2314.8654971833316        7.8385212139191040E-003  -1.5107587684801557E-005   6.2548069073197722E-003
   2319.8654971833316        7.8391418873239183E-003  -1.5109581497393569E-005   6.2699164888171659E-003
   2324.8654971833316        7.8397605205999584E-003  -1.5111568861129067E-005   6.2850280576782951E-003
   2329.8654971833316        7.8403771248336598E-003  -1.5113549810588976E-005   6.3001416074888843E-003
   2334.8654971833316        7.8409917110731642E-003  -1.5115524380242106E-005   6.3152571318691262E-003
   2339.8654971833316        7.8416042902378046E-003  -1.5117492604154200E-005   6.3303746244732801E-003
   2344.8654971833316        7.8422148732353158E-003  -1.5119454516364424E-005   6.3454940789896448E-003
   2349.8654971833316        7.8428234707919719E-003  -1.5121410150339432E-005   6.3606154891399846E-003
   2354.8654971833316        7.8434300936594849E-003  -1.5123359539638043E-005   6.3757388486796228E-003
   2359.8654971833316        7.8440347524188058E-003  -1.5125302717280696E-005   6.3908641513969033E-003
   2364.8654971833316        7.8446374576315366E-003  -1.5127239716235841E-005   6.4059913911131390E-003
   2369.8654971833316        7.8452382197541654E-003  -1.5129170569144230E-005   6.4211205616822829E-003
   2374.8654971833316        7.8458370491601235E-003  -1.5131095308389673E-005   6.4362516569906724E-003
   2379.8654971833316        7.8464339561728040E-003  -1.5133013966205029E-005   6.4513846709568778E-003
   2384.8654971833316        7.8470289510028501E-003  -1.5134926574470544E-005   6.4665195975313486E-003
   2389.8654971833316        7.8476220438139926E-003  -1.5136833164925347E-005   6.4816564306962744E-003
   2394.8654971833316        7.8482132446851781E-003  -1.5138733769045585E-005   6.4967951644653204E-003
   2399.8654971833316        7.8488025636132032E-003  -1.5140628418052801E-005   6.5119357928833735E-003
   2404.8654971833316        7.8493900105292679E-003  -1.5142517142967019E-005   6.5270783100263409E-003
   2409.8654971833316        7.8499755952907164E-003  -1.5144399974580089E-005   6.5422227100009212E-003
   2414.8654971833316        7.8505593276913584E-003  -1.5146276943488763E-005   6.5573689869444099E-003
   2419.8654971833316        7.8511412174182890E-003  -1.5148148079955737E-005   6.5725171350243658E-003
   2424.8654971833316        7.8517212741482500E-003  -1.5150013414219406E-005   6.5876671484385854E-003
   2429.8654971833316        7.8522995074128410E-003  -1.5151872976060322E-005   6.6028190214146455E-003
   2434.8654971833316        7.8528759267568072E-003  -1.5153726795310118E-005   6.6179727482099555E-003
   2439.8654971833316        7.8534505415631690E-003  -1.5155574901289016E-005   6.6331283231112446E-003
   2444.8654971833316        7.8540233612509926E-003  -1.5157417323441777E-005   6.6482857404346861E-003
   2449.8654971833316        7.8545943950579251E-003  -1.5159254090638197E-005   6.6634449945253242E-003
   2454.8654971833316        7.8551636522701390E-003  -1.5161085231912593E-005   6.6786060797572365E-003
   2459.8654971833316        7.8557311419968721E-003  -1.5162910775738481E-005   6.6937689905329752E-003
   2464.8654971833316        7.8562968733860445E-003  -1.5164730750722097E-005   6.7089337212836971E-003
   2469.8654971833316        7.8568608554158113E-003  -1.5166545184931715E-005   6.7241002664686286E-003
   2474.8654971833316        7.8574230971081519E-003  -1.5168354106584695E-005   6.7392686205752133E-003
   2479.8654971833316        7.8579836073145136E-003  -1.5170157543357775E-005   6.7544387781185711E-003
   2484.8654971833316        7.8585423949107426E-003  -1.5171955523014110E-005   6.7696107336415855E-003
   2489.8654971833316        7.8590994686536745E-003  -1.5173748072941793E-005   6.7847844817145271E-003
   2494.8654971833316        7.8596548372577360E-003  -1.5175535220400214E-005   6.7999600169349273E-003
   2499.8654971833316        7.8602085093925442E-003  -1.5177316992512277E-005   6.8151373339274393E-003
   2504.8654971833316        7.8607604936202780E-003  -1.5179093416062746E-005   6.8303164273435021E-003
   2509.8654971833316        7.8613107984965430E-003  -1.5180864517822778E-005   6.8454972918613249E-003
   2514.8654971833316        7.8618594324756999E-003  -1.5182630324245147E-005   6.8606799221855698E-003
   2519.8654971833316        7.8624064039693967E-003  -1.5184390861652535E-005   6.8758643130472225E-003
   2524.8654971833316        7.8629517213390388E-003  -1.5186146156213232E-005   6.8910504592034358E-003
   2529.8654971833316        7.8634953928655490E-003  -1.5187896233843699E-005   6.9062383554372797E-003
   2534.8654971833316        7.8640374267885758E-003  -1.5189641120334713E-005   6.9214279965576142E-003
   2539.8654971833316        7.8645778312893266E-003  -1.5191380841296007E-005   6.9366193773989105E-003
   2544.8654971833316        7.8651166144752382E-003  -1.5193115422106860E-005   6.9518124928210174E-003
   2549.8654971833316        7.8656537844333518E-003  -1.5194844888087839E-005   6.9670073377091054E-003
   2554.8654971833316        7.8661893491422125E-003  -1.5196569264217089E-005   6.9822039069733222E-003
   2559.8654971833316        7.8667233165763528E-003  -1.5198288575466643E-005   6.9974021955487888E-003
   2564.8654971833316        7.8672556946165553E-003  -1.5200002846513424E-005   7.0126021983953025E-003
   2569.8654971833316        7.8677864911368342E-003  -1.5201712102019259E-005   7.0278039104973216E-003
   2574.8654971833316        7.8683157138691763E-003  -1.5203416366195223E-005   7.0430073268635167E-003
   2579.8654971833316        7.8688433706244447E-003  -1.5205115663512950E-005   7.0582124425270292E-003
   2584.8654971833316        7.8693694690045897E-003  -1.5206810017777789E-005   7.0734192525448072E-003
   2589.8654971833316        7.8698940167203791E-003  -1.5208499453151935E-005   7.0886277519979588E-003
   2594.8654971833316        7.8704170212644652E-003  -1.5210183993101486E-005   7.1038379359910607E-003
   2599.8654971833316        7.8709384902514168E-003  -1.5211863661491489E-005   7.1190497996525522E-003
   2604.8654971833316        7.8714584310780895E-003  -1.5213538481491999E-005   7.1342633381340443E-003
   2609.8654971833316        7.8719768512213878E-003  -1.5215208476537060E-005   7.1494785466105814E-003
   2614.8654971833316        7.8724937580206492E-003  -1.5216873669623720E-005   7.1646954202802052E-003
   2619.8654971833316        7.8730091588380749E-003  -1.5218534083828726E-005   7.1799139543640336E-003
   2624.8654971833316        7.8735230608945085E-003  -1.5220189741779427E-005   7.1951341441058130E-003
   2629.8654971833316        7.8740354714777038E-003  -1.5221840666324670E-005   7.2103559847721379E-003
   2634.8654971833316        7.8745463977069313E-003  -1.5223486879776382E-005   7.2255794716519139E-003
   2639.8654971833316        7.8750558467568735E-003  -1.5225128404630820E-005   7.2408046000565444E-003
   2644.8654971833316        7.8755638256715488E-003  -1.5226765262969013E-005   7.2560313653195138E-003
   2649.8654971833316        7.8760703415210690E-003  -1.5228397476961786E-005   7.2712597627964757E-003
   2654.8654971833316        7.8765754012490568E-003  -1.5230025068378017E-005   7.2864897878648534E-003
   2659.8654971833316        7.8770790118425325E-003  -1.5231648059132041E-005   7.3017214359239850E-003
   2664.8654971833316        7.8775811801498011E-003  -1.5233266470696713E-005   7.3169547023946820E-003
   2669.8654971833316        7.8780819130628184E-003  -1.5234880324691063E-005   7.3321895827193730E-003
   2674.8654971833316        7.8785812173464333E-003  -1.5236489642329913E-005   7.3474260723617032E-003
   2679.8654971833316        7.8790790997828614E-003  -1.5238094444889440E-005   7.3626641668065925E-003
   2684.8654971833316        7.8795755670738252E-003  -1.5239694753391743E-005   7.3779038615599838E-003
   2689.8654971833316        7.8800706258965320E-003  -1.5241290588785175E-005   7.3931451521487687E-003
   2694.8654971833316        7.8805642828608889E-003  -1.5242881971806397E-005   7.4083880341205754E-003
   2699.8654971833316        7.8810565445721053E-003  -1.5244468923182111E-005   7.4236325030437571E-003
   2704.8654971833316        7.8815474175403209E-003  -1.5246051463337694E-005   7.4388785545070951E-003
   2709.8654971833316        7.8820369082998349E-003  -1.5247629612781507E-005   7.4541261841198766E-003
   2714.8654971833316        7.8825250232543477E-003  -1.5249203391605901E-005   7.4693753875114824E-003
   2719.8654971833316        7.8830117688644692E-003  -1.5250772820091722E-005   7.4846261603315738E-003
   2724.8654971833316        7.8834971514634075E-003  -1.5252337918113983E-005   7.4998784982496878E-003
   2729.8654971833316        7.8839811774047801E-003  -1.5253898705618418E-005   7.5151323969553062E-003
   2734.8654971833316        7.8844638529477658E-003  -1.5255455202251102E-005   7.5303878521575576E-003
   2739.8654971833316        7.8849451843789210E-003  -1.5257007427751214E-005   7.5456448595853090E-003
   2744.8654971833316        7.8854251778583649E-003  -1.5258555401454969E-005   7.5609034149867636E-003
   2749.8654971833316        7.8859038395987339E-003  -1.5260099142872680E-005   7.5761635141296359E-003
   2754.8654971833316        7.8863811756855386E-003  -1.5261638671109348E-005   7.5914251528007449E-003
   2759.8654971833316        7.8868571922391262E-003  -1.5263174005386983E-005   7.6066883268061320E-003
   2764.8654971833316        7.8873318952805641E-003  -1.5264705164611970E-005   7.6219530319707436E-003
   2769.8654971833316        7.8878052908416714E-003  -1.5266232167729949E-005   7.6372192641384739E-003
   2774.8654971833316        7.8882773848849442E-003  -1.5267755033467464E-005   7.6524870191719413E-003
   2779.8654971833316        7.8887481833418427E-003  -1.5269273780455408E-005   7.6677562929523971E-003
   2784.8654971833316        7.8892176921086261E-003  -1.5270788427215565E-005   7.6830270813796125E-003
   2789.8654971833316        7.8896859170504239E-003  -1.5272298992173693E-005   7.6982993803717866E-003
   2794.8654971833316        7.8901528639705471E-003  -1.5273805493560464E-005   7.7135731858653470E-003
   2799.8654971833316        7.8906185386765255E-003  -1.5275307949624478E-005   7.7288484938149715E-003
   2804.8654971833316        7.8910829469065729E-003  -1.5276806378394973E-005   7.7441253001933668E-003
   2809.8654971833316        7.8915460943544732E-003  -1.5278300797762060E-005   7.7594036009911290E-003
   2814.8654971833316        7.8920079867322648E-003  -1.5279791225678970E-005   7.7746833922168078E-003
   2819.8654971833316        7.8924686296440866E-003  -1.5281277679754920E-005   7.7899646698965626E-003
   2824.8654971833316        7.8929280287191126E-003  -1.5282760177684032E-005   7.8052474300742466E-003
   2829.8654971833316        7.8933861895100713E-003  -1.5284238736917823E-005   7.8205316688111648E-003
   2834.8654971833316        7.8938431175672400E-003  -1.5285713374903963E-005   7.8358173821860694E-003
   2839.8654971833316        7.8942988183741576E-003  -1.5287184108878744E-005   7.8511045662949478E-003
   2844.8654971833316        7.8947532974063209E-003  -1.5288650956056480E-005   7.8663932172510047E-003
   2849.8654971833316        7.8952065601054673E-003  -1.5290113933546470E-005   7.8816833311845507E-003
   2854.8654971833316        7.8956586118426302E-003  -1.5291573058233719E-005   7.8969749042427841E-003
   2859.8654971833316        7.8961094580132975E-003  -1.5293028347086049E-005   7.9122679325898705E-003
   2864.8654971833316        7.8965591039218217E-003  -1.5294479816780911E-005   7.9275624124066513E-003
   2869.8654971833316        7.8970075548919806E-003  -1.5295927484062302E-005   7.9428583398907134E-003
   2874.8654971833316        7.8974548161646410E-003  -1.5297371365410330E-005   7.9581557112561232E-003
   2879.8654971833316        7.8979008930015627E-003  -1.5298811477376283E-005   7.9734545227335002E-003
   2884.8654971833316        7.8983457905706118E-003  -1.5300247836212032E-005   7.9887547705697129E-003
   2889.8654971833316        7.8987895140862577E-003  -1.5301680458323590E-005   8.0040564510280368E-003
   2894.8654971833316        7.8992320686293790E-003  -1.5303109359689289E-005   8.0193595603877260E-003
   2899.8654971833316        7.8996734593618344E-003  -1.5304534556552534E-005   8.0346640949442785E-003
   2904.8654971833316        7.9001136913197639E-003  -1.5305956064754373E-005   8.0499700510090321E-003
   2909.8654971833316        7.9005527695745169E-003  -1.5307373900253096E-005   8.0652774249092857E-003
   2914.8654971833316        7.9009906991260332E-003  -1.5308788078779924E-005   8.0805862129880654E-003
   2919.8654971833316        7.9014274849558853E-003  -1.5310198616010250E-005   8.0958964116040755E-003
   2924.8654971833316        7.9018631320309785E-003  -1.5311605527575536E-005   8.1112080171316502E-003
   2929.8654971833316        7.9022976452591664E-003  -1.5313008828919997E-005   8.1265210259605699E-003
   2934.8654971833316        7.9027310295469375E-003  -1.5314408535486808E-005   8.1418354344960572E-003
   2939.8654971833316        7.9031632897461814E-003  -1.5315804662546170E-005   8.1571512391586040E-003
   2944.8654971833316        7.9035944307056186E-003  -1.5317197225361408E-005   8.1724684363839659E-003
   2949.8654971833316        7.9040244572224170E-003  -1.5318586239032621E-005   8.1877870226229992E-003
   2954.8654971833316        7.9044533740760588E-003  -1.5319971718606076E-005   8.2031069943416055E-003
   2959.8654971833316        7.9048811860178616E-003  -1.5321353679040303E-005   8.2184283480206451E-003
   2964.8654971833316        7.9053078977633397E-003  -1.5322732135181402E-005   8.2337510801558274E-003
   2969.8654971833316        7.9057335140033293E-003  -1.5324107101798964E-005   8.2490751872576259E-003
   2974.8654971833316        7.9061580394175612E-003  -1.5325478593629852E-005   8.2644006658512559E-003
   2979.8654971833316        7.9065814786176362E-003  -1.5326846625193978E-005   8.2797275124764508E-003
   2984.8654971833316        7.9070038362376392E-003  -1.5328211211087007E-005   8.2950557236875378E-003
   2989.8654971833316        7.9074251168411054E-003  -1.5329572365679756E-005   8.3103852960532184E-003
   2994.8654971833316        7.9078453249886022E-003  -1.5330930103336517E-005   8.3257162261565557E-003
   2999.8654971833316        7.9082644652139263E-003  -1.5332284438338115E-005   8.3410485105948930E-003
   3004.8654971833316        7.9086825420044884E-003  -1.5333635384818510E-005   8.3563821459797117E-003
   3009.8654971833316        7.9090995598539004E-003  -1.5334982956934675E-005   8.3717171289366468E-003
   3014.8654971833316        7.9095155231943548E-003  -1.5336327168648083E-005   8.3870534561052944E-003
   3019.8654971833316        7.9099304364532320E-003  -1.5337668033907586E-005   8.4023911241392028E-003
   3024.8654971833316        7.9103443040317283E-003  -1.5339005566580318E-005   8.4177301297057826E-003
   3029.8654971833316        7.9107571302911069E-003  -1.5340339780407260E-005   8.4330704694861904E-003
   3034.8654971833316        7.9111689195886601E-003  -1.5341670689119409E-005   8.4484121401753095E-003
   3039.8654971833316        7.9115796762338087E-003  -1.5342998306295896E-005   8.4637551384816045E-003
   3044.8654971833316        7.9119894045235114E-003  -1.5344322645478369E-005   8.4790994611270831E-003
   3049.8654971833316        7.9123981087385036E-003  -1.5345643720158842E-005   8.4944451048472418E-003
   3054.8654971833316        7.9128057931015898E-003  -1.5346961543644842E-005   8.5097920663908862E-003
   3059.8654971833316        7.9132124618621104E-003  -1.5348276129332405E-005   8.5251403425202193E-003
   3064.8654971833316        7.9136181191808690E-003  -1.5349587490334106E-005   8.5404899300105530E-003
   3069.8654971833316        7.9140227692744945E-003  -1.5350895639945682E-005   8.5558408256504979E-003
   3074.8654971833316        7.9144264162417967E-003  -1.5352200591084648E-005   8.5711930262415831E-003
   3079.8654971833316        7.9148290642505701E-003  -1.5353502356894215E-005   8.5865465285984779E-003
   3084.8654971833316        7.9152307173726288E-003  -1.5354800950209916E-005   8.6019013295486873E-003
   3089.8654971833316        7.9156313797019897E-003  -1.5356096383941671E-005   8.6172574259326291E-003
   3094.8654971833316        7.9160310552763898E-003  -1.5357388670820035E-005   8.6326148146034492E-003
   3099.8654971833316        7.9164297481457840E-003  -1.5358677823617636E-005   8.6479734924270676E-003
   3104.8654971833316        7.9168274622963986E-003  -1.5359963854903582E-005   8.6633334562819710E-003
   3109.8654971833316        7.9172242017295988E-003  -1.5361246777298463E-005   8.6786947030592695E-003
   3114.8654971833316        7.9176199704032793E-003  -1.5362526603284819E-005   8.6940572296625544E-003
   3119.8654971833316        7.9180147722521781E-003  -1.5363803345272772E-005   8.7094210330078276E-003
   3124.8654971833316        7.9184086112000091E-003  -1.5365077015639271E-005   8.7247861100234660E-003
   3129.8654971833316        7.9188014911292237E-003  -1.5366347626630276E-005   8.7401524576500959E-003
   3134.8654971833316        7.9191934159442007E-003  -1.5367615190565075E-005   8.7555200728406616E-003
   3139.8654971833316        7.9195843894462933E-003  -1.5368879719432174E-005   8.7708889525600943E-003
   3144.8654971833316        7.9199744155162392E-003  -1.5370141225479204E-005   8.7862590937855742E-003
   3149.8654971833316        7.9203634979350679E-003  -1.5371399720633670E-005   8.8016304935062076E-003
   3154.8654971833316        7.9207516404868148E-003  -1.5372655216835169E-005   8.8170031487230429E-003
   3159.8654971833316        7.9211388469518033E-003  -1.5373907726013587E-005   8.8323770564490561E-003
   3164.8654971833316        7.9215251210653509E-003  -1.5375157259955571E-005   8.8477522137090110E-003
   3169.8654971833316        7.9219104665487518E-003  -1.5376403830404680E-005   8.8631286175394151E-003
   3174.8654971833316        7.9222948871243686E-003  -1.5377647449110216E-005   8.8785062649885255E-003
   3179.8654971833316        7.9226783864363142E-003  -1.5378888127570589E-005   8.8938851531160969E-003
   3184.8654971833316        7.9230609681913960E-003  -1.5380125877489267E-005   8.9092652789935865E-003
   3189.8654971833316        7.9234426359951673E-003  -1.5381360710244376E-005   8.9246466397038312E-003
   3194.8654971833316        7.9238233934875793E-003  -1.5382592637327524E-005   8.9400292323411588E-003
   3199.8654971833316        7.9242032442686204E-003  -1.5383821670103195E-005   8.9554130540112614E-003
   3204.8654971833316        7.9245821919061987E-003  -1.5385047819834266E-005   8.9707981018310960E-003
   3209.8654971833316        7.9249602399935146E-003  -1.5386271097867585E-005   8.9861843729289632E-003
   3214.8654971833316        7.9253373920193347E-003  -1.5387491515214231E-005   9.0015718644441776E-003
   3219.8654971833316        7.9257136515727064E-003  -1.5388709083211871E-005   9.0169605735273897E-003
   3224.8654971833316        7.9260890220917129E-003  -1.5389923812711775E-005   9.0323504973401011E-003
   3229.8654971833316        7.9264635071186838E-003  -1.5391135714904642E-005   9.0477416330550058E-003
   3234.8654971833316        7.9268371100717390E-003  -1.5392344800581269E-005   9.0631339778555874E-003
   3239.8654971833316        7.9272098344268134E-003  -1.5393551080721617E-005   9.0785275289363091E-003
   3244.8654971833316        7.9275816835951314E-003  -1.5394754566098253E-005   9.0939222835024081E-003
   3249.8654971833316        7.9279526609967871E-003  -1.5395955267514475E-005   9.1093182387699222E-003
   3254.8654971833316        7.9283227700127704E-003  -1.5397153195649016E-005   9.1247153919655714E-003
   3259.8654971833316        7.9286920140193215E-003  -1.5398348361167218E-005   9.1401137403267392E-003
   3264.8654971833316        7.9290603963732085E-003  -1.5399540774673392E-005   9.1555132811014118E-003
   3269.8654971833316        7.9294279203941335E-003  -1.5400730446653797E-005   9.1709140115480651E-003
   3274.8654971833316        7.9297945894220932E-003  -1.5401917387662350E-005   9.1863159289357274E-003
   3279.8654971833316        7.9301604067424057E-003  -1.5403101608077896E-005   9.2017190305438059E-003
   3284.8654971833316        7.9305253756306923E-003  -1.5404283118249788E-005   9.2171233136620553E-003
   3289.8654971833316        7.9308894993792792E-003  -1.5405461928583375E-005   9.2325287755906389E-003
   3294.8654971833316        7.9312527811860028E-003  -1.5406638049179976E-005   9.2479354136398191E-003
   3299.8654971833316        7.9316152243488740E-003  -1.5407811490467088E-005   9.2633432251302862E-003
   3304.8654971833316        7.9319768319898558E-003  -1.5408982262304106E-005   9.2787522073925904E-003
   3309.8654971833316        7.9323376074105188E-003  -1.5410150375133776E-005   9.2941623577677233E-003
   3314.8654971833316        7.9326975536737517E-003  -1.5411315838627863E-005   9.3095736736063511E-003
   3319.8654971833316        7.9330566740484412E-003  -1.5412478663126948E-005   9.3249861522694787E-003
   3324.8654971833316        7.9334149715877284E-003  -1.5413638858274831E-005   9.3403997911277528E-003
   3329.8654971833316        7.9337724494886949E-003  -1.5414796434183172E-005   9.3558145875619354E-003
   3334.8654971833316        7.9341291108060430E-003  -1.5415951400504386E-005   9.3712305389624401E-003
   3339.8654971833316        7.9344849586848870E-003  -1.5417103767185391E-005   9.3866476427296262E-003
   3344.8654971833316        7.9348399961537471E-003  -1.5418253543797293E-005   9.4020658962734229E-003
   3349.8654971833316        7.9351942263169821E-003  -1.5419400740158521E-005   9.4174852970135819E-003
   3354.8654971833316        7.9355476521871162E-003  -1.5420545365791824E-005   9.4329058423793730E-003
   3359.8654971833316        7.9359002768185152E-003  -1.5421687430357148E-005   9.4483275298097302E-003
   3364.8654971833316        7.9362521031993063E-003  -1.5422826943301622E-005   9.4637503567530316E-003
   3369.8654971833316        7.9366031343540595E-003  -1.5423963914192064E-005   9.4791743206672236E-003
   3374.8654971833316        7.9369533732408307E-003  -1.5425098352381546E-005   9.4945994190196049E-003
   3379.8654971833316        7.9373028228455506E-003  -1.5426230267315064E-005   9.5100256492869194E-003
   3384.8654971833316        7.9376514861006671E-003  -1.5427359668266039E-005   9.5254530089551852E-003
   3389.8654971833316        7.9379993659557824E-003  -1.5428486564565062E-005   9.5408814955197496E-003
   3394.8654971833316        7.9383464653241687E-003  -1.5429610965426682E-005   9.5563111064851762E-003
   3399.8654971833316        7.9386927871111495E-003  -1.5430732880041291E-005   9.5717418393652179E-003
   3404.8654971833316        7.9390383342102973E-003  -1.5431852317562802E-005   9.5871736916827814E-003
   3409.8654971833316        7.9393831094882548E-003  -1.5432969287059488E-005   9.6026066609698410E-003
   3414.8654971833316        7.9397271158142338E-003  -1.5434083797609495E-005   9.6180407447674504E-003
   3419.8654971833316        7.9400703560226753E-003  -1.5435195858179891E-005   9.6334759406256302E-003
   3424.8654971833316        7.9404128329549906E-003  -1.5436305477761860E-005   9.6489122461033919E-003
   3429.8654971833316        7.9407545494217333E-003  -1.5437412665248159E-005   9.6643496587686395E-003
   3434.8654971833316        7.9410955082219008E-003  -1.5438517429495619E-005   9.6797881761981359E-003
   3439.8654971833316        7.9414357121455476E-003  -1.5439619779333594E-005   9.6952277959774687E-003
   3444.8654971833316        7.9417751639656101E-003  -1.5440719723537497E-005   9.7106685157010066E-003
   3449.8654971833316        7.9421138664381753E-003  -1.5441817270829628E-005   9.7261103329718355E-003
   3454.8654971833316        7.9424518223067484E-003  -1.5442912429892982E-005   9.7415532454017285E-003
   3459.8654971833316        7.9427890343081210E-003  -1.5444005209390275E-005   9.7569972506111186E-003
   3464.8654971833316        7.9431255051449698E-003  -1.5445095617875124E-005   9.7724423462289944E-003
   3469.8654971833316        7.9434612375344094E-003  -1.5446183663949396E-005   9.7878885298929436E-003
   3474.8654971833316        7.9437962341602809E-003  -1.5447269356108554E-005   9.8033357992490522E-003
   3479.8654971833316        7.9441304976922353E-003  -1.5448352702803495E-005   9.8187841519518562E-003
   3484.8654971833316        7.9444640307963985E-003  -1.5449433712475104E-005   9.8342335856643308E-003
   3489.8654971833316        7.9447968361257768E-003  -1.5450512393523166E-005   9.8496840980578544E-003
   3494.8654971833316        7.9451289163004948E-003  -1.5451588754242274E-005   9.8651356868120973E-003
   3499.8654971833316        7.9454602739468701E-003  -1.5452662802948472E-005   9.8805883496150462E-003
   3504.8654971833316        7.9457909116952066E-003  -1.5453734547972126E-005   9.8960420841630176E-003
   3509.8654971833316        7.9461208320956867E-003  -1.5454803997385234E-005   9.9114968881604034E-003
   3514.8654971833316        7.9464500377855931E-003  -1.5455871159543497E-005   9.9269527593199465E-003
   3519.8654971833316        7.9467785312716845E-003  -1.5456936042380856E-005   9.9424096953623278E-003
   3524.8654971833316        7.9471063151616578E-003  -1.5457998654159796E-005   9.9578676940164871E-003
   3529.8654971833316        7.9474333919827903E-003  -1.5459059002883426E-005   9.9733267530193702E-003
   3534.8654971833316        7.9477597642431379E-003  -1.5460117096493862E-005   9.9887868701158643E-003
   3539.8654971833316        7.9480854344961289E-003  -1.5461172943081612E-005   1.0004248043058946E-002
   3544.8654971833316        7.9484104052182317E-003  -1.5462226550488983E-005   1.0019710269609435E-002
   3549.8654971833316        7.9487346789257392E-003  -1.5463277926688693E-005   1.0035173547536124E-002
   3554.8654971833316        7.9490582580664295E-003  -1.5464327079432589E-005   1.0050637874615556E-002
   3559.8654971833316        7.9493811451607031E-003  -1.5465374016709255E-005   1.0066103248632266E-002
   3564.8654971833316        7.9497033425925713E-003  -1.5466418746066312E-005   1.0081569667378332E-002
   3569.8654971833316        7.9500248528839388E-003  -1.5467461275499747E-005   1.0097037128653832E-002
   3574.8654971833316        7.9503456784009493E-003  -1.5468501612501734E-005   1.0112505630266333E-002
   3579.8654971833316        7.9506658216049568E-003  -1.5469539764874395E-005   1.0127975170031207E-002
   3584.8654971833316        7.9509852848783820E-003  -1.5470575740165144E-005   1.0143445745771373E-002
   3589.8654971833316        7.9513040706294096E-003  -1.5471609546006136E-005   1.0158917355317380E-002
   3594.8654971833316        7.9516221812500412E-003  -1.5472641189978276E-005   1.0174389996507358E-002
   3599.8654971833316        7.9519396190757246E-003  -1.5473670679480247E-005   1.0189863667186839E-002
   3604.8654971833316        7.9522563865352513E-003  -1.5474698022214663E-005   1.0205338365209054E-002
   3609.8654971833316        7.9525724858823081E-003  -1.5475723225317402E-005   1.0220814088434371E-002
   3614.8654971833316        7.9528879195609834E-003  -1.5476746296543073E-005   1.0236290834730913E-002
   3619.8654971833316        7.9532026898008115E-003  -1.5477767242951552E-005   1.0251768601973864E-002
   3624.8654971833316        7.9535167989870786E-003  -1.5478786072109046E-005   1.0267247388045974E-002
   3629.8654971833316        7.9538302493809450E-003  -1.5479802791180329E-005   1.0282727190837154E-002
   3634.8654971833316        7.9541430432984849E-003  -1.5480817407509407E-005   1.0298208008244663E-002
   3639.8654971833316        7.9544551830023191E-003  -1.5481829928268056E-005   1.0313689838172931E-002
   3644.8654971833316        7.9547666707838072E-003  -1.5482840360722404E-005   1.0329172678533654E-002
   3649.8654971833316        7.9550775088845522E-003  -1.5483848711978267E-005   1.0344656527245632E-002
   3654.8654971833316        7.9553876995552206E-003  -1.5484854989172010E-005   1.0360141382234804E-002
   3659.8654971833316        7.9556972450358730E-003  -1.5485859199406665E-005   1.0375627241434211E-002
   3664.8654971833316        7.9560061475624135E-003  -1.5486861349772897E-005   1.0391114102783984E-002
   3669.8654971833316        7.9563144093281486E-003  -1.5487861447224249E-005   1.0406601964231208E-002
   3674.8654971833316        7.9566220325660193E-003  -1.5488859498843938E-005   1.0422090823730053E-002
   3679.8654971833316        7.9569290194487826E-003  -1.5489855511521004E-005   1.0437580679241575E-002
   3684.8654971833316        7.9572353721632638E-003  -1.5490849492191179E-005   1.0453071528733766E-002
   3689.8654971833316        7.9575410928989718E-003  -1.5491841447799972E-005   1.0468563370181566E-002
   3694.8654971833316        7.9578461837920486E-003  -1.5492831385120785E-005   1.0484056201566687E-002
   3699.8654971833316        7.9581506470276283E-003  -1.5493819311087028E-005   1.0499550020877775E-002
   3704.8654971833316        7.9584544847115871E-003  -1.5494805232375981E-005   1.0515044826110150E-002
   3709.8654971833316        7.9587576990194572E-003  -1.5495789155891963E-005   1.0530540615266043E-002
   3714.8654971833316        7.9590602920274200E-003  -1.5496771088217947E-005   1.0546037386354261E-002
   3719.8654971833316        7.9593622658808722E-003  -1.5497751036162515E-005   1.0561535137390422E-002
   3724.8654971833316        7.9596636226719440E-003  -1.5498729006362400E-005   1.0577033866396785E-002
   3729.8654971833316        7.9599643644876796E-003  -1.5499705005438846E-005   1.0592533571402224E-002
   3734.8654971833316        7.9602644934165332E-003  -1.5500679040018656E-005   1.0608034250442242E-002
   3739.8654971833316        7.9605640115254402E-003  -1.5501651116659792E-005   1.0623535901558902E-002
   3744.8654971833316        7.9608629208822550E-003  -1.5502621241924174E-005   1.0639038522800827E-002
   3749.8654971833316        7.9611612235378475E-003  -1.5503589422319577E-005   1.0654542112223147E-002
   3754.8654971833316        7.9614589215312292E-003  -1.5504555664316266E-005   1.0670046667887463E-002
   3759.8654971833316        7.9617560169065096E-003  -1.5505519974402001E-005   1.0685552187861866E-002
   3764.8654971833316        7.9620525116677696E-003  -1.5506482358935577E-005   1.0701058670220802E-002
   3769.8654971833316        7.9623484078648991E-003  -1.5507442824425433E-005   1.0716566113045228E-002
   3774.8654971833316        7.9626437074506052E-003  -1.5508401377065507E-005   1.0732074514422294E-002
   3779.8654971833316        7.9629384124873335E-003  -1.5509358023406874E-005   1.0747583872445701E-002
   3784.8654971833316        7.9632325248874588E-003  -1.5510312769514398E-005   1.0763094185215216E-002
   3789.8654971833316        7.9635260466903810E-003  -1.5511265621866222E-005   1.0778605450837081E-002
   3794.8654971833316        7.9638189798279004E-003  -1.5512216586592102E-005   1.0794117667423674E-002
   3799.8654971833316        7.9641113262764601E-003  -1.5513165669967635E-005   1.0809630833093642E-002
   3804.8654971833316        7.9644030879713005E-003  -1.5514112878135564E-005   1.0825144945971777E-002
