 #              _____________________  _______________________             #
 #              ___  __ \__  __ \_  / / /_  /___  ____/_  ___/             #
 #              __  / / /_  /_/ /  / / /_  __/_  __/  _____ \              #
 #              _  /_/ /_  _, _// /_/ / / /_ _  /___  ____/ /              #
 #              /_____/ /_/ |_| \____/  \__/ /_____/  /____/               #
 #                                                                         #
  
 #        time                      [L]                   runoff elevation [m a.m.s.l]       runoff flux [L3.T-1.L-2]   in    x              directions   cumulative flux
 #-----------------------------------------------------------------------------------------------

   0.0000000000000000        0.0000000000000000       -0.0000000000000000        0.0000000000000000     
   1.0000000000000000E-004   0.0000000000000000       -0.0000000000000000        0.0000000000000000     
   2.0600000000000002E-004   0.0000000000000000       -0.0000000000000000        0.0000000000000000     
   3.1836000000000006E-004   0.0000000000000000       -0.0000000000000000        0.0000000000000000     
   4.3746160000000009E-004   0.0000000000000000       -0.0000000000000000        0.0000000000000000     
   5.6370929600000014E-004   0.0000000000000000       -0.0000000000000000        0.0000000000000000     
   6.9753185376000013E-004   0.0000000000000000       -0.0000000000000000        0.0000000000000000     
   8.3938376498560023E-004   0.0000000000000000       -0.0000000000000000        0.0000000000000000     
   9.8974679088473629E-004   0.0000000000000000       -0.0000000000000000        0.0000000000000000     
   1.1491315983378205E-003   0.0000000000000000       -0.0000000000000000        0.0000000000000000     
   1.3180794942380899E-003   0.0000000000000000       -0.0000000000000000        0.0000000000000000     
   1.4971642638923754E-003   0.0000000000000000       -0.0000000000000000        0.0000000000000000     
   1.6869941197259180E-003   0.0000000000000000       -0.0000000000000000        0.0000000000000000     
   1.8882137669094731E-003   0.0000000000000000       -0.0000000000000000        0.0000000000000000     
   2.1015065929240414E-003   0.0000000000000000       -0.0000000000000000        0.0000000000000000     
   2.3275969884994840E-003   0.0000000000000000       -0.0000000000000000        0.0000000000000000     
   2.5672528078094533E-003   0.0000000000000000       -0.0000000000000000        0.0000000000000000     
   2.8212879762780207E-003   0.0000000000000000       -0.0000000000000000        0.0000000000000000     
   3.0905652548547020E-003   0.0000000000000000       -0.0000000000000000        0.0000000000000000     
   3.3759991701459843E-003   0.0000000000000000       -0.0000000000000000        0.0000000000000000     
   3.6785591203547436E-003   0.0000000000000000       -0.0000000000000000        0.0000000000000000     
   3.9992726675760282E-003   0.0000000000000000       -0.0000000000000000        0.0000000000000000     
   4.3392290276305897E-003   0.0000000000000000       -0.0000000000000000        0.0000000000000000     
   4.6995827692884254E-003   0.0000000000000000       -0.0000000000000000        0.0000000000000000     
   5.0815577354457308E-003   0.0000000000000000       -0.0000000000000000        0.0000000000000000     
   5.4864511995724747E-003   0.0000000000000000       -0.0000000000000000        0.0000000000000000     
   5.9156382715468232E-003   0.0000000000000000       -0.0000000000000000        0.0000000000000000     
   6.3705765678396331E-003   0.0000000000000000       -0.0000000000000000        0.0000000000000000     
   6.8528111619100118E-003   0.0000000000000000       -0.0000000000000000        0.0000000000000000     
   7.3639798316246126E-003   0.0000000000000000       -0.0000000000000000        0.0000000000000000     
   7.9058186215220892E-003   0.0000000000000000       -0.0000000000000000        0.0000000000000000     
   8.4801677388134152E-003   0.0000000000000000       -0.0000000000000000        0.0000000000000000     
   9.0889778031422210E-003   0.0000000000000000       -0.0000000000000000        0.0000000000000000     
   9.7343164713307555E-003   0.0000000000000000       -0.0000000000000000        0.0000000000000000     
   1.0418375459610602E-002   0.0000000000000000       -0.0000000000000000        0.0000000000000000     
   1.1143477987187239E-002   0.0000000000000000       -0.0000000000000000        0.0000000000000000     
   1.1912086666418473E-002   0.0000000000000000       -0.0000000000000000        0.0000000000000000     
   1.2726811866403582E-002   0.0000000000000000       -0.0000000000000000        0.0000000000000000     
   1.3590420578387798E-002   0.0000000000000000       -0.0000000000000000        0.0000000000000000     
   1.4505845813091067E-002   0.0000000000000000       -0.0000000000000000        0.0000000000000000     
   1.5476196561876531E-002   0.0000000000000000       -0.0000000000000000        0.0000000000000000     
   1.6504768355589124E-002   0.0000000000000000       -0.0000000000000000        0.0000000000000000     
   1.7595054456924473E-002   0.0000000000000000       -0.0000000000000000        0.0000000000000000     
   1.8750757724339942E-002   0.0000000000000000       -0.0000000000000000        0.0000000000000000     
   1.9975803187800338E-002   0.0000000000000000       -0.0000000000000000        0.0000000000000000     
   2.1274351379068360E-002   0.0000000000000000       -0.0000000000000000        0.0000000000000000     
   2.2650812461812463E-002   0.0000000000000000       -0.0000000000000000        0.0000000000000000     
   2.4109861209521213E-002   0.0000000000000000       -0.0000000000000000        0.0000000000000000     
   2.5656452882092486E-002   0.0000000000000000       -0.0000000000000000        0.0000000000000000     
   2.7295840055018037E-002   0.0000000000000000       -0.0000000000000000        0.0000000000000000     
   2.9033590458319120E-002   0.0000000000000000       -0.0000000000000000        0.0000000000000000     
   3.0875605885818270E-002   0.0000000000000000       -0.0000000000000000        0.0000000000000000     
   3.2828142238967364E-002   0.0000000000000000       -0.0000000000000000        0.0000000000000000     
   3.4897830773305411E-002   0.0000000000000000       -0.0000000000000000        0.0000000000000000     
   3.7091700619703738E-002   0.0000000000000000       -0.0000000000000000        0.0000000000000000     
   3.9417202656885961E-002   0.0000000000000000       -0.0000000000000000        0.0000000000000000     
   4.1882234816299123E-002   0.0000000000000000       -0.0000000000000000        0.0000000000000000     
   4.4495168905277070E-002   0.0000000000000000       -0.0000000000000000        0.0000000000000000     
   4.7264879039593699E-002   0.0000000000000000       -0.0000000000000000        0.0000000000000000     
   5.0200771781969321E-002   0.0000000000000000       -0.0000000000000000        0.0000000000000000     
   5.3312818088887486E-002   0.0000000000000000       -0.0000000000000000        0.0000000000000000     
   5.6611587174220740E-002   0.0000000000000000       -0.0000000000000000        0.0000000000000000     
   6.0108282404673988E-002   0.0000000000000000       -0.0000000000000000        0.0000000000000000     
   6.3814779348954437E-002   0.0000000000000000       -0.0000000000000000        0.0000000000000000     
   6.7743666109891701E-002   0.0000000000000000       -0.0000000000000000        0.0000000000000000     
   7.1908286076485209E-002   0.0000000000000000       -0.0000000000000000        0.0000000000000000     
   7.6322783241074332E-002   0.0000000000000000       -0.0000000000000000        0.0000000000000000     
   8.1002150235538792E-002   0.0000000000000000       -0.0000000000000000        0.0000000000000000     
   8.5962279249671120E-002   0.0000000000000000       -0.0000000000000000        0.0000000000000000     
   9.1220016004651391E-002   0.0000000000000000       -0.0000000000000000        0.0000000000000000     
   9.6793216964930484E-002   0.0000000000000000       -0.0000000000000000        0.0000000000000000     
  0.10270080998282632        0.0000000000000000       -0.0000000000000000        0.0000000000000000     
  0.10896285858179591        0.0000000000000000       -0.0000000000000000        0.0000000000000000     
  0.11560063009670367        0.0000000000000000       -0.0000000000000000        0.0000000000000000     
  0.12263666790250589        0.0000000000000000       -0.0000000000000000        0.0000000000000000     
  0.13009486797665626        0.0000000000000000       -0.0000000000000000        0.0000000000000000     
  0.13800056005525563        0.0000000000000000       -0.0000000000000000        0.0000000000000000     
  0.14638059365857098        0.0000000000000000       -0.0000000000000000        0.0000000000000000     
  0.15526342927808526        0.0000000000000000       -0.0000000000000000        0.0000000000000000     
  0.16467923503477039        0.0000000000000000       -0.0000000000000000        0.0000000000000000     
  0.17465998913685662        0.0000000000000000       -0.0000000000000000        0.0000000000000000     
  0.18523958848506802        0.0000000000000000       -0.0000000000000000        0.0000000000000000     
  0.19645396379417213        0.0000000000000000       -0.0000000000000000        0.0000000000000000     
  0.20834120162182246        0.0000000000000000       -0.0000000000000000        0.0000000000000000     
  0.22094167371913181        0.0000000000000000       -0.0000000000000000        0.0000000000000000     
  0.23429817414227974        0.0000000000000000       -0.0000000000000000        0.0000000000000000     
  0.24845606459081654        0.0000000000000000       -0.0000000000000000        0.0000000000000000     
  0.26346342846626553        0.0000000000000000       -0.0000000000000000        0.0000000000000000     
  0.27937123417424148        0.0000000000000000       -0.0000000000000000        0.0000000000000000     
  0.29623350822469596        0.0000000000000000       -0.0000000000000000        0.0000000000000000     
  0.31410751871817771        0.0000000000000000       -0.0000000000000000        0.0000000000000000     
  0.33305396984126839        0.0000000000000000       -0.0000000000000000        0.0000000000000000     
  0.35313720803174453        0.0000000000000000       -0.0000000000000000        0.0000000000000000     
  0.37442544051364923        0.0000000000000000       -0.0000000000000000        0.0000000000000000     
  0.39699096694446823        0.0000000000000000       -0.0000000000000000        0.0000000000000000     
  0.42091042496113634        0.0000000000000000       -0.0000000000000000        0.0000000000000000     
  0.44626505045880455        0.0000000000000000       -0.0000000000000000        0.0000000000000000     
  0.47314095348633284        0.0000000000000000       -0.0000000000000000        0.0000000000000000     
  0.50162941069551281        0.0000000000000000       -0.0000000000000000        0.0000000000000000     
  0.53182717533724366        0.0000000000000000       -0.0000000000000000        0.0000000000000000     
  0.56383680585747831        0.0000000000000000       -0.0000000000000000        0.0000000000000000     
  0.59776701420892708        0.0000000000000000       -0.0000000000000000        0.0000000000000000     
  0.63373303506146272        0.0000000000000000       -0.0000000000000000        0.0000000000000000     
  0.67185701716515056        0.0000000000000000       -0.0000000000000000        0.0000000000000000     
  0.71226843819505958        0.0000000000000000       -0.0000000000000000        0.0000000000000000     
  0.75510454448676323        0.0000000000000000       -0.0000000000000000        0.0000000000000000     
  0.80051081715596906        0.0000000000000000       -0.0000000000000000        0.0000000000000000     
  0.84864146618532721        0.0000000000000000       -0.0000000000000000        0.0000000000000000     
  0.89965995415644684        0.0000000000000000       -0.0000000000000000        0.0000000000000000     
  0.95373955140583366        0.0000000000000000       -0.0000000000000000        0.0000000000000000     
   1.0110639244901838        0.0000000000000000       -0.0000000000000000        0.0000000000000000     
   1.0718277599595949        0.0000000000000000       -0.0000000000000000        0.0000000000000000     
   1.1362374255571706        0.0000000000000000       -0.0000000000000000        0.0000000000000000     
   1.2045116710906008        0.0000000000000000       -0.0000000000000000        0.0000000000000000     
   1.2768823713560369        0.0000000000000000       -0.0000000000000000        0.0000000000000000     
   1.3535953136373993        0.0000000000000000       -0.0000000000000000        0.0000000000000000     
   1.4349110324556433        0.0000000000000000       -0.0000000000000000        0.0000000000000000     
   1.5211056944029819        0.0000000000000000       -0.0000000000000000        0.0000000000000000     
   1.6124720360671609        0.0000000000000000       -0.0000000000000000        0.0000000000000000     
   1.7093203582311907        0.0000000000000000       -0.0000000000000000        0.0000000000000000     
   1.8119795797250622        0.0000000000000000       -0.0000000000000000        0.0000000000000000     
   1.9207983545085661        0.0000000000000000       -0.0000000000000000        0.0000000000000000     
   2.0361462557790801        0.0000000000000000       -0.0000000000000000        0.0000000000000000     
   2.1584150311258252        0.0000000000000000       -0.0000000000000000        0.0000000000000000     
   2.2880199329933748        0.0000000000000000       -0.0000000000000000        0.0000000000000000     
   2.4254011289729775        0.0000000000000000       -0.0000000000000000        0.0000000000000000     
   2.5710251967113562        0.0000000000000000       -0.0000000000000000        0.0000000000000000     
   2.7253867085140375        0.0000000000000000       -0.0000000000000000        0.0000000000000000     
   2.8890099110248801        0.0000000000000000       -0.0000000000000000        0.0000000000000000     
   3.0624505056863729        0.0000000000000000       -0.0000000000000000        0.0000000000000000     
   3.2462975360275554        0.0000000000000000       -0.0000000000000000        0.0000000000000000     
   3.4411753881892091        0.0000000000000000       -0.0000000000000000        0.0000000000000000     
   3.6477459114805617        0.0000000000000000       -0.0000000000000000        0.0000000000000000     
   3.8667106661693955        0.0000000000000000       -0.0000000000000000        0.0000000000000000     
   4.0988133061395597        0.0000000000000000       -0.0000000000000000        0.0000000000000000     
   4.3448421045079337        0.0000000000000000       -0.0000000000000000        0.0000000000000000     
   4.6056326307784099        0.0000000000000000       -0.0000000000000000        0.0000000000000000     
   4.8820705886251146        0.0000000000000000       -0.0000000000000000        0.0000000000000000     
   5.1750948239426213        0.0000000000000000       -0.0000000000000000        0.0000000000000000     
   5.4857005133791787        0.0000000000000000       -0.0000000000000000        0.0000000000000000     
   5.8149425441819300        0.0000000000000000       -0.0000000000000000        0.0000000000000000     
   6.1639390968328458        0.0000000000000000       -0.0000000000000000        0.0000000000000000     
   6.5338754426428167        0.0000000000000000       -0.0000000000000000        0.0000000000000000     
   6.9260079692013861        0.0000000000000000       -0.0000000000000000        0.0000000000000000     
   7.3416684473534692        0.0000000000000000       -0.0000000000000000        0.0000000000000000     
   7.7822685541946779        3.5925044408881241E-005  -1.9104415264218738E-009   1.9104415264218738E-009
   8.2493046674463599        3.9782210963380847E-004  -1.0510412322483567E-007   1.0701456475125754E-007
   8.7443629474931424        1.0749635043346875E-003  -5.5096975600275284E-007   6.5798432075401038E-007
   9.2691247243427313        1.7437310886921924E-003  -1.2338738055268595E-006   1.8918581262808698E-006
   9.8253722078032961        2.1944267966445205E-003  -1.8099783913099362E-006   3.7018365175908060E-006
   10.414994540271495        2.5330694294664678E-003  -2.2990586452846106E-006   6.0008951628754166E-006
   11.039994212687786        2.8185168811905577E-003  -2.7468775128854379E-006   8.7477726757608537E-006
   11.702493865449053        3.0755209356125228E-003  -3.1768938675862623E-006   1.1924666543347116E-005
   12.404743497375996        3.3074362490687985E-003  -3.5861134935113546E-006   1.5510780036858469E-005
   13.149128107218557        3.5226035971231235E-003  -3.9833137667477766E-006   1.9494093803606247E-005
   13.938175793651672        3.7210304528553966E-003  -4.3642564993028174E-006   2.3858350302909063E-005
   14.774566341270774        3.9073325196888001E-003  -4.7344788412909414E-006   2.8592829144200005E-005
   15.661140321747020        4.0813678978283896E-003  -5.0911332877602303E-006   3.3683962431960234E-005
   16.600908741051843        4.2458347322235643E-003  -5.4376347935301653E-006   3.9121597225490396E-005
   17.597063265514954        4.4007916558164543E-003  -5.7723976472459255E-006   4.4893994872736322E-005
   18.652987061445852        4.5478589164891390E-003  -6.0974727220896318E-006   5.0991467594825951E-005
   19.772266285132606        4.6872451120104205E-003  -6.4121105539245361E-006   5.7403578148750485E-005
   20.958702262240564        4.8199601823974590E-003  -6.7175459287068662E-006   6.4121124077457352E-005
   22.216324397974997        4.9462771990882353E-003  -7.0135136390032864E-006   7.1134637716460639E-005
   23.549403861853499        5.0668584298639548E-003  -7.3007841795705478E-006   7.8435421896031190E-005
   24.962468093564709        5.1819856073387184E-003  -7.5793488679274214E-006   8.6014770763958605E-005
   26.460316179178594        5.2921189854096377E-003  -7.8497211077708135E-006   9.3864491871729417E-005
   28.048035149929312        5.3975216210452011E-003  -8.1120174830055349E-006   1.0197650935473495E-004
   29.731017258925071        5.4985321478556509E-003  -8.3666096620867118E-006   1.1034311901682165E-004
   31.514978294460576        5.5953850027734113E-003  -8.6136691057307356E-006   1.1895678812255239E-004
   33.405976992128210        5.6883419744856393E-003  -8.8534877265618147E-006   1.2781027584911421E-004
   35.410435611655906        5.7776076840654576E-003  -9.0862561257172850E-006   1.3689653197483149E-004
   37.535161748355264        5.8633926154492864E-003  -9.3122191165243276E-006   1.4620875109135582E-004
   39.787371453256583        5.9458740761904137E-003  -9.5315692107735209E-006   1.5574032030212935E-004
   42.174713740451978        6.0252263692684221E-003  -9.7445212502571349E-006   1.6548484155238648E-004
   44.705296564879099        6.1016031381693923E-003  -9.9512618654380947E-006   1.7543610341782458E-004
   47.387714358771845        6.1751518962141014E-003  -1.0151985019389388E-005   1.8558808843721397E-004
   50.231077220298161        6.2460062810292052E-003  -1.0346868300324671E-005   1.9593495673753865E-004
   53.245041853516049        6.3142931602684577E-003  -1.0536089778869989E-005   2.0647104651640863E-004
   56.439844364727016        6.3801294056169810E-003  -1.0719817026464552E-005   2.1719086354287317E-004
   59.826335026610636        6.4436254689080284E-003  -1.0898215112408908E-005   2.2808907865528208E-004
   63.416015128207277        6.5048841757641539E-003  -1.1071441600401557E-005   2.3916052025568365E-004
   67.221076035899713        6.5640026094247808E-003  -1.1239650369562670E-005   2.5040017062524631E-004
   71.254440598053705        6.6210717795258250E-003  -1.1402989394243415E-005   2.6180316001948975E-004
   75.529807033936933        6.6761776802848867E-003  -1.1561602603745586E-005   2.7336476262323535E-004
   80.061695455973151        6.7294013183921576E-003  -1.1715628945534192E-005   2.8508039156876954E-004
   84.865497183331541        6.7808193562899806E-003  -1.1865203324482936E-005   2.9694559489325245E-004
   89.865497183331541        6.8304714931947822E-003  -1.2010360191357118E-005   3.0895595508460957E-004
   94.865497183331541        6.8770566417695328E-003  -1.2147191992114822E-005   3.2110314707672438E-004
   99.865497183331541        6.9190376945795712E-003  -1.2271031036774516E-005   3.3337417811349888E-004
   104.86549718333154        6.9582280159267602E-003  -1.2387090781649588E-005   3.4576126889514848E-004
   109.86549718333154        6.9941816151982972E-003  -1.2493949195881292E-005   3.5825521809102975E-004
   114.86549718333154        7.0277990530922272E-003  -1.2594196124182382E-005   3.7084941421521212E-004
   119.86549718333154        7.0589966959777976E-003  -1.2687513709970810E-005   3.8353692792518295E-004
   124.86549718333154        7.0882644721659257E-003  -1.2775309067106694E-005   3.9631223699228963E-004
   129.86549718333154        7.1156481837163169E-003  -1.2857671890612573E-005   4.0916990888290218E-004
   134.86549718333154        7.1414362362447218E-003  -1.2935428853123544E-005   4.2210533773602571E-004
   139.86549718333154        7.1657129458011625E-003  -1.3008800031248780E-005   4.3511413776727449E-004
   144.86549718333154        7.1886621401084424E-003  -1.3078311624277300E-005   4.4819244939155178E-004
   149.86549718333154        7.2103715326842233E-003  -1.3144204254949632E-005   4.6133665364650142E-004
   154.86549718333154        7.2309671575375928E-003  -1.3206838746305925E-005   4.7454349239280731E-004
   159.86549718333154        7.2505280468789738E-003  -1.3266436672691236E-005   4.8780992906549854E-004
   164.86549718333154        7.2691459436314996E-003  -1.3323261154059227E-005   5.0113319021955773E-004
   169.86549718333154        7.2868883214760160E-003  -1.3377503794916975E-005   5.1451069401447472E-004
   174.86549718333154        7.3038250622277940E-003  -1.3429365622279426E-005   5.2794005963675416E-004
   179.86549718333154        7.3200125932291801E-003  -1.3479008293712092E-005   5.4141906793046628E-004
   184.86549718333154        7.3355059280383744E-003  -1.3526590655324375E-005   5.5494565858579066E-004
   189.86549718333154        7.3503519848634180E-003  -1.3572248032851266E-005   5.6851790661864197E-004
   194.86549718333154        7.3645951153120479E-003  -1.3616109001598393E-005   5.8213401562024034E-004
   199.86549718333154        7.3782743847973188E-003  -1.3658286862646144E-005   5.9579230248288644E-004
   204.86549718333154        7.3914261829491502E-003  -1.3698887535284053E-005   6.0949119001817045E-004
   209.86549718333154        7.4040831925082625E-003  -1.3738006260165264E-005   6.2322919627833570E-004
   214.86549718333154        7.4162756758374866E-003  -1.3775731466078262E-005   6.3700492774441400E-004
   219.86549718333154        7.4280311475525664E-003  -1.3812143671016203E-005   6.5081707141543025E-004
   224.86549718333154        7.4393750483770704E-003  -1.3847317490386804E-005   6.6466438890581709E-004
   229.86549718333154        7.4503306988629942E-003  -1.3881321428425346E-005   6.7854571033424240E-004
   234.86549718333154        7.4609196808223793E-003  -1.3914219003604671E-005   6.9245992933784711E-004
   239.86549718333154        7.4711618935518432E-003  -1.3946068873761205E-005   7.0640599821160833E-004
   244.86549718333154        7.4810757890477744E-003  -1.3976925523464384E-005   7.2038292373507269E-004
   249.86549718333154        7.4906784575285070E-003  -1.4006839492167767E-005   7.3438976322724042E-004
   254.86549718333154        7.4999857847290203E-003  -1.4035857830484488E-005   7.4842562105772493E-004
   259.86549718333151        7.5090125382205816E-003  -1.4064024339852919E-005   7.6248964539757781E-004
   264.86549718333151        7.5177724800207426E-003  -1.4091379897779739E-005   7.7658102529535753E-004
   269.86549718333151        7.5262784437893871E-003  -1.4117962675874560E-005   7.9069898797123211E-004
   274.86549718333151        7.5345424197412903E-003  -1.4143808384733898E-005   8.0484279635596604E-004
   279.86549718333151        7.5425756204282931E-003  -1.4168950461505091E-005   8.1901174681747117E-004
   284.86549718333151        7.5503885470589371E-003  -1.4193420261238837E-005   8.3320516707870997E-004
   289.86549718333151        7.5579910445442433E-003  -1.4217247214831462E-005   8.4742241429354144E-004
   294.86549718333151        7.5653923545032972E-003  -1.4240458982202601E-005   8.6166287327574405E-004
   299.86549718333151        7.5726011610254716E-003  -1.4263081584213539E-005   8.7592595485995754E-004
   304.86549718333151        7.5796256337370346E-003  -1.4285139527394463E-005   8.9021109438735201E-004
   309.86549718333151        7.5864734658598809E-003  -1.4306655914077455E-005   9.0451775030142947E-004
   314.86549718333151        7.5931519095735148E-003  -1.4327652545050220E-005   9.1884540284647965E-004
   319.86549718333151        7.5996678077596639E-003  -1.4348150011723716E-005   9.3319355285820336E-004
   324.86549718333151        7.6060276233238001E-003  -1.4368167781462374E-005   9.4756172063966576E-004
   329.86549718333151        7.6122374657936814E-003  -1.4387724275044986E-005   9.6194944491471079E-004
   334.86549718333151        7.6183031157351158E-003  -1.4406836937875722E-005   9.7635628185258646E-004
   339.86549718333151        7.6242300472462226E-003  -1.4425522305699408E-005   9.9078180415828579E-004
   344.86549718333151        7.6300234483273792E-003  -1.4443796064120141E-005   1.0052256002224058E-003
   349.86549718333151        7.6356882400295291E-003  -1.4461673104714521E-005   1.0196872733271203E-003
   354.86549718333151        7.6412290936084606E-003  -1.4479167575256400E-005   1.0341664409023767E-003
   359.86549718333151        7.6466504467378269E-003  -1.4496292927331312E-005   1.0486627338297081E-003
   364.86549718333151        7.6519565182112219E-003  -1.4513061959506017E-005   1.0631757957892140E-003
   369.86549718333151        7.6571513216327908E-003  -1.4529486857596111E-005   1.0777052826468100E-003
   374.86549718333151        7.6622386780534841E-003  -1.4545579231866976E-005   1.0922508618786771E-003
   379.86549718333151        7.6672222276987891E-003  -1.4561350151602505E-005   1.1068122120302796E-003
   384.86549718333151        7.6721054407296171E-003  -1.4576810176833144E-005   1.1213890222071126E-003
   389.86549718333151        7.6768916274576569E-003  -1.4591969388535431E-005   1.1359809915956480E-003
   394.86549718333151        7.6815839474625091E-003  -1.4606837415534338E-005   1.1505878290111824E-003
   399.86549718333151        7.6861854185442157E-003  -1.4621423461047687E-005   1.1652092524722301E-003
   404.86549718333151        7.6906989245494944E-003  -1.4635736325811330E-005   1.1798449887980415E-003
   409.86549718333151        7.6951272231083083E-003  -1.4649784431055617E-005   1.1944947732290970E-003
   414.86549718333151        7.6994729524664822E-003  -1.4663575838740001E-005   1.2091583490678370E-003
   419.86549718333151        7.7037386382297320E-003  -1.4677118271620025E-005   1.2238354673394570E-003
   424.86549718333151        7.7079266992371859E-003  -1.4690419130655916E-005   1.2385258864701129E-003
   429.86549718333151        7.7120394535419353E-003  -1.4703485512856115E-005   1.2532293719829690E-003
   434.86549718333151        7.7160791235007442E-003  -1.4716324226379471E-005   1.2679456962093483E-003
   439.86549718333151        7.7200478409778671E-003  -1.4728941806079871E-005   1.2826746380154282E-003
   444.86549718333151        7.7239476518886682E-003  -1.4741344527026959E-005   1.2974159825424551E-003
   449.86549718333151        7.7277805206901811E-003  -1.4753538417925896E-005   1.3121695209603809E-003
   454.86549718333151        7.7315483344313389E-003  -1.4765529273199537E-005   1.3269350502335805E-003
   459.86549718333151        7.7352529066774013E-003  -1.4777322664728057E-005   1.3417123728983087E-003
   464.86549718333151        7.7388959811104776E-003  -1.4788923952611145E-005   1.3565012968509199E-003
   469.86549718333151        7.7424792349802159E-003  -1.4800338295502458E-005   1.3713016351464223E-003
   474.86549718333151        7.7460042822691906E-003  -1.4811570660081053E-005   1.3861132058065034E-003
   479.86549718333151        7.7494726767932615E-003  -1.4822625830357799E-005   1.4009358316368612E-003
   484.86549718333151        7.7528859149875971E-003  -1.4833508416019300E-005   1.4157693400528805E-003
   489.86549718333151        7.7562454386409197E-003  -1.4844222860642837E-005   1.4306135629135234E-003
   494.86549718333151        7.7595526374289641E-003  -1.4854773449304837E-005   1.4454683363628283E-003
   499.86549718333151        7.7628088512480186E-003  -1.4865164315582758E-005   1.4603335006784111E-003
   504.86549718333151        7.7660153726140822E-003  -1.4875399448795354E-005   1.4752089001272065E-003
   509.86549718333151        7.7691734486261214E-003  -1.4885482699878932E-005   1.4900943828270853E-003
   514.86549718333151        7.7722842831400426E-003  -1.4895417787961035E-005   1.5049898006150465E-003
   519.86549718333151        7.7753490385736521E-003  -1.4905208305779507E-005   1.5198950089208259E-003
   524.86549718333151        7.7783688377941465E-003  -1.4914857725386684E-005   1.5348098666462125E-003
   529.86549718333151        7.7813447657708069E-003  -1.4924369403123950E-005   1.5497342360493364E-003
   534.86549718333151        7.7842778712456009E-003  -1.4933746584672283E-005   1.5646679826340087E-003
   539.86549718333151        7.7871691682472495E-003  -1.4942992409620267E-005   1.5796109750436289E-003
   544.86549718333151        7.7900196375613288E-003  -1.4952109915907996E-005   1.5945630849595368E-003
   549.86549718333151        7.7928302281211901E-003  -1.4961102044033216E-005   1.6095241870035699E-003
   554.86549718333151        7.7956018583047937E-003  -1.4969971640970973E-005   1.6244941586445408E-003
   559.86549718333151        7.7983354172220911E-003  -1.4978721464076523E-005   1.6394728801086174E-003
   564.86549718333151        7.8010317658613612E-003  -1.4987354184549584E-005   1.6544602342931671E-003
   569.86549718333151        7.8036917382580265E-003  -1.4995872390982351E-005   1.6694561066841495E-003
   574.86549718333151        7.8063161425301463E-003  -1.5004278592491855E-005   1.6844603852766414E-003
   579.86549718333151        7.8089057619566901E-003  -1.5012575221999728E-005   1.6994729604986412E-003
   584.86549718333151        7.8114613558796899E-003  -1.5020764638957686E-005   1.7144937251375989E-003
   589.86549718333151        7.8139836607114387E-003  -1.5028849132418712E-005   1.7295225742700177E-003
   594.86549718333151        7.8164733907513800E-003  -1.5036830923507161E-005   1.7445594051935249E-003
   599.86549718333151        7.8189312390591990E-003  -1.5044712168076993E-005   1.7596041173616019E-003
   604.86549718333151        7.8213578783033130E-003  -1.5052494959299035E-005   1.7746566123209009E-003
   609.86549718333151        7.8237539613935803E-003  -1.5060181329563310E-005   1.7897167936504641E-003
   614.86549718333151        7.8261201224161178E-003  -1.5067773253357225E-005   1.8047845669038214E-003
   619.86549718333151        7.8284569771152959E-003  -1.5075272648697616E-005   1.8198598395525191E-003
   624.86549718333151        7.8307651237298700E-003  -1.5082681379704887E-005   1.8349425209322240E-003
   629.86549718333151        7.8330451435584154E-003  -1.5090001258314392E-005   1.8500325221905384E-003
   634.86549718333151        7.8352976015633249E-003  -1.5097234046116834E-005   1.8651297562366552E-003
   639.86549718333151        7.8375230469797681E-003  -1.5104381456219645E-005   1.8802341376928748E-003
   644.86549718333151        7.8397220138825083E-003  -1.5111445154977980E-005   1.8953455828478528E-003
   649.86549718333151        7.8418950216589487E-003  -1.5118426763428939E-005   1.9104640096112818E-003
   654.86549718333151        7.8440425756278170E-003  -1.5125327859198002E-005   1.9255893374704798E-003
   659.86549718333151        7.8461651674041257E-003  -1.5132149977594346E-005   1.9407214874480742E-003
   664.86549718333151        7.8482632754729616E-003  -1.5138894613380959E-005   1.9558603820614552E-003
   669.86549718333151        7.8503373655853387E-003  -1.5145563221976664E-005   1.9710059452834319E-003
   674.86549718333151        7.8523878911946950E-003  -1.5152157220792081E-005   1.9861581025042239E-003
   679.86549718333151        7.8544152938772663E-003  -1.5158677990517103E-005   2.0013167804947408E-003
   684.86549718333151        7.8564200037474930E-003  -1.5165126876395479E-005   2.0164819073711362E-003
   689.86549718333151        7.8584024397890459E-003  -1.5171505189230932E-005   2.0316534125603670E-003
   694.86549718333151        7.8603630102889923E-003  -1.5177814206727841E-005   2.0468312267670949E-003
   699.86549718333151        7.8623021130932620E-003  -1.5184055174259620E-005   2.0620152819413548E-003
   704.86549718333151        7.8642201360773368E-003  -1.5190229306332183E-005   2.0772055112476869E-003
   709.86549718333151        7.8661174573172125E-003  -1.5196337787085154E-005   2.0924018490347720E-003
   714.86549718333151        7.8679944455293752E-003  -1.5202381771661233E-005   2.1076042308064333E-003
   719.86549718333151        7.8698514602758562E-003  -1.5208362386821425E-005   2.1228125931932549E-003
   724.86549718333151        7.8716888523415497E-003  -1.5214280732117030E-005   2.1380268739253721E-003
   729.86549718333151        7.8735069638966697E-003  -1.5220137880371573E-005   2.1532470118057435E-003
   734.86549718333151        7.8753061288952889E-003  -1.5225934878925004E-005   2.1684729466846684E-003
   739.86549718333151        7.8770866732070476E-003  -1.5231672750020123E-005   2.1837046194346887E-003
   744.86549718333151        7.8788489149359021E-003  -1.5237352491793229E-005   2.1989419719264818E-003
   749.86549718333151        7.8805931646836538E-003  -1.5242975079088553E-005   2.2141849470055704E-003
   754.86549718333151        7.8823197256395541E-003  -1.5248541463713549E-005   2.2294334884692840E-003
   759.86549718333151        7.8840288940155434E-003  -1.5254052575809801E-005   2.2446875410450937E-003
   764.86549718333151        7.8857209590192257E-003  -1.5259509323735084E-005   2.2599470503688289E-003
   769.86549718333151        7.8873962032854784E-003  -1.5264912595425432E-005   2.2752119629642544E-003
   774.86549718333151        7.8890549028681339E-003  -1.5270263258339876E-005   2.2904822262225944E-003
   779.86549718333151        7.8906973276030405E-003  -1.5275562160604141E-005   2.3057577883831984E-003
   784.86549718333151        7.8923237411868963E-003  -1.5280810131238690E-005   2.3210385985144373E-003
   789.86549718333151        7.8939344013441281E-003  -1.5286007980671824E-005   2.3363246064951092E-003
   794.86549718333151        7.8955295601266864E-003  -1.5291156501682815E-005   2.3516157629967921E-003
   799.86549718333151        7.8971094638786623E-003  -1.5296256469264338E-005   2.3669120194660565E-003
   804.86549718333151        7.8986743535854730E-003  -1.5301308641726984E-005   2.3822133281077833E-003
   809.86549718333151        7.9002244649231963E-003  -1.5306313760837009E-005   2.3975196418686202E-003
   814.86549718333151        7.9017600283847796E-003  -1.5311272552202849E-005   2.4128309144208228E-003
   819.86549718333151        7.9032812695529926E-003  -1.5316185726136473E-005   2.4281471001469592E-003
   824.86549718333151        7.9047884090515178E-003  -1.5321053977476149E-005   2.4434681541244353E-003
   829.86549718333151        7.9062816628893227E-003  -1.5325877986680076E-005   2.4587940321111152E-003
   834.86549718333151        7.9077612423657014E-003  -1.5330658419501704E-005   2.4741246905306169E-003
   839.86549718333151        7.9092273544201439E-003  -1.5335395928102788E-005   2.4894600864587197E-003
   844.86549718333151        7.9106802015312758E-003  -1.5340091150710195E-005   2.5048001776094299E-003
   849.86549718333151        7.9121199820708296E-003  -1.5344744712743693E-005   2.5201449223221737E-003
   854.86549718333151        7.9135468901555869E-003  -1.5349357226321984E-005   2.5354942795484956E-003
   859.86549718333151        7.9149611160097919E-003  -1.5353929291419143E-005   2.5508482088399146E-003
   864.86549718333151        7.9163628458707083E-003  -1.5358461495544952E-005   2.5662066703354596E-003
   869.86549718333151        7.9177522622228269E-003  -1.5362954414488166E-005   2.5815696247499477E-003
   874.86549718333151        7.9191295438174082E-003  -1.5367408612366291E-005   2.5969370333623139E-003
   879.86549718333151        7.9204948658141271E-003  -1.5371824642070703E-005   2.6123088580043848E-003
   884.86549718333151        7.9218483998576908E-003  -1.5376203045501893E-005   2.6276850610498868E-003
   889.86549718333151        7.9231903141577537E-003  -1.5380544353815925E-005   2.6430656054037029E-003
   894.86549718333151        7.9245207736006497E-003  -1.5384849087774155E-005   2.6584504544914771E-003
   899.86549718333151        7.9258399398086689E-003  -1.5389117757923781E-005   2.6738395722494010E-003
   904.86549718333151        7.9271479712457720E-003  -1.5393350864928996E-005   2.6892329231143299E-003
   909.86549718333151        7.9284450232642561E-003  -1.5397548899711431E-005   2.7046304720140415E-003
   914.86549718333151        7.9297312482310128E-003  -1.5401712343848646E-005   2.7200321843578903E-003
   919.86549718333151        7.9310067955534070E-003  -1.5405841669648029E-005   2.7354380260275384E-003
   924.86549718333151        7.9322718117686916E-003  -1.5409937340426686E-005   2.7508479633679651E-003
   929.86549718333151        7.9335264406469146E-003  -1.5413999810835461E-005   2.7662619631788005E-003
   934.86549718333151        7.9347708231764756E-003  -1.5418029526803193E-005   2.7816799927056035E-003
   939.86549718333151        7.9360050977495804E-003  -1.5422026926128657E-005   2.7971020196317321E-003
   944.86549718333151        7.9372294000992685E-003  -1.5425992438268294E-005   2.8125280120700003E-003
   949.86549718333151        7.9384438634774769E-003  -1.5429926484904831E-005   2.8279579385549051E-003
   954.86549718333151        7.9396486185962806E-003  -1.5433829479749145E-005   2.8433917680346543E-003
   959.86549718333151        7.9408437938381857E-003  -1.5437701829213934E-005   2.8588294698638681E-003
   964.86549718333151        7.9420295151183071E-003  -1.5441543931959871E-005   2.8742710137958281E-003
   969.86549718333151        7.9432059061567504E-003  -1.5445356179771026E-005   2.8897163699755993E-003
   974.86549718333151        7.9443730883554681E-003  -1.5449138957149011E-005   2.9051655089327483E-003
   979.86549718333151        7.9455311809082160E-003  -1.5452892641662596E-005   2.9206184015744107E-003
   984.86549718333151        7.9466803009528280E-003  -1.5456617604434814E-005   2.9360750191788454E-003
   989.86549718333151        7.9478205633933211E-003  -1.5460314209560085E-005   2.9515353333884053E-003
   994.86549718333151        7.9489520812273881E-003  -1.5463982815159752E-005   2.9669993162035652E-003
   999.86549718333151        7.9500749653130115E-003  -1.5467623772619582E-005   2.9824669399761846E-003
   1004.8654971833315        7.9511893246838310E-003  -1.5471237427606579E-005   2.9979381774037912E-003
   1009.8654971833315        7.9522952663327491E-003  -1.5474824119361750E-005   3.0134130015231531E-003
   1014.8654971833315        7.9533928954979988E-003  -1.5478384181622462E-005   3.0288913857047755E-003
   1019.8654971833315        7.9544823154878517E-003  -1.5481917942048700E-005   3.0443733036468242E-003
   1024.8654971833316        7.9555636279079450E-003  -1.5485425722955361E-005   3.0598587293697798E-003
   1029.8654971833316        7.9566369325604208E-003  -1.5488907840980201E-005   3.0753476372107598E-003
   1034.8654971833316        7.9577023275462493E-003  -1.5492364607410978E-005   3.0908400018181707E-003
   1039.8654971833316        7.9587599093239245E-003  -1.5495796328371320E-005   3.1063357981465419E-003
   1044.8654971833316        7.9598097726737756E-003  -1.5499203304700388E-005   3.1218350014512422E-003
   1049.8654971833316        7.9608520108052430E-003  -1.5502585832296670E-005   3.1373375872835391E-003
   1054.8654971833316        7.9618867153701447E-003  -1.5505944202156804E-005   3.1528435314856960E-003
   1059.8654971833316        7.9629139764215533E-003  -1.5509278700237967E-005   3.1683528101859341E-003
   1064.8654971833316        7.9639338826288548E-003  -1.5512589608151968E-005   3.1838653997940860E-003
   1069.8654971833316        7.9649465210588129E-003  -1.5515877202450658E-005   3.1993812769965367E-003
   1074.8654971833316        7.9659519774714898E-003  -1.5519141755582856E-005   3.2149004187521195E-003
   1079.8654971833316        7.9669503361010745E-003  -1.5522383535179095E-005   3.2304228022872984E-003
   1084.8654971833316        7.9679416799313431E-003  -1.5525602804942475E-005   3.2459484050922408E-003
   1089.8654971833316        7.9689260904368849E-003  -1.5528799823804902E-005   3.2614772049160455E-003
   1094.8654971833316        7.9699036479740880E-003  -1.5531974847193452E-005   3.2770091797632390E-003
   1099.8654971833316        7.9708744313947161E-003  -1.5535128125772100E-005   3.2925443078890113E-003
   1104.8654971833316        7.9718385184633315E-003  -1.5538259906794311E-005   3.3080825677958055E-003
   1109.8654971833316        7.9727959855813262E-003  -1.5541370433203557E-005   3.3236239382290092E-003
   1114.8654971833316        7.9737469080091820E-003  -1.5544459944352311E-005   3.3391683981733615E-003
   1119.8654971833316        7.9746913597743552E-003  -1.5547528675699839E-005   3.3547159268490613E-003
   1124.8654971833316        7.9756294137662068E-003  -1.5550576859117838E-005   3.3702665037081791E-003
   1129.8654971833316        7.9765611417065736E-003  -1.5553604722791975E-005   3.3858201084309711E-003
   1134.8654971833316        7.9774866142279695E-003  -1.5556612491473367E-005   3.4013767209224444E-003
   1139.8654971833316        7.9784059008161778E-003  -1.5559600386289358E-005   3.4169363213087337E-003
   1144.8654971833316        7.9793190699661114E-003  -1.5562568625247522E-005   3.4324988899339811E-003
   1149.8654971833316        7.9802261890092718E-003  -1.5565517422672407E-005   3.4480644073566534E-003
   1154.8654971833316        7.9811273243422885E-003  -1.5568446989945902E-005   3.4636328543465995E-003
   1159.8654971833316        7.9820225412824217E-003  -1.5571357535035263E-005   3.4792042118816347E-003
   1164.8654971833316        7.9829119041934533E-003  -1.5574249262899994E-005   3.4947784611445345E-003
   1169.8654971833316        7.9837954764367981E-003  -1.5577122375330701E-005   3.5103555835198654E-003
   1174.8654971833316        7.9846733204384686E-003  -1.5579977071164673E-005   3.5259355605910302E-003
   1179.8654971833316        7.9855454976829072E-003  -1.5582813546263648E-005   3.5415183741372936E-003
   1184.8654971833316        7.9864120687295273E-003  -1.5585631993565588E-005   3.5571040061308590E-003
   1189.8654971833316        7.9872730932305618E-003  -1.5588432603140671E-005   3.5726924387339998E-003
   1194.8654971833316        7.9881286299986476E-003  -1.5591215562409181E-005   3.5882836542964090E-003
   1199.8654971833316        7.9889787368989280E-003  -1.5593981055788603E-005   3.6038776353521976E-003
   1204.8654971833316        7.9898234710272121E-003  -1.5596729265271300E-005   3.6194743646174687E-003
   1209.8654971833316        7.9906628885840058E-003  -1.5599460370012918E-005   3.6350738249874815E-003
   1214.8654971833316        7.9914970449973984E-003  -1.5602174546730406E-005   3.6506759995342118E-003
   1219.8654971833316        7.9923259948415700E-003  -1.5604871969435115E-005   3.6662808715036471E-003
   1224.8654971833316        7.9931497919638727E-003  -1.5607552809844631E-005   3.6818884243134918E-003
   1229.8654971833316        7.9939684893692766E-003  -1.5610217237005129E-005   3.6974986415504968E-003
   1234.8654971833316        7.9947821393602965E-003  -1.5612865417745098E-005   3.7131115069682420E-003
   1239.8654971833316        7.9955907934435768E-003  -1.5615497516369758E-005   3.7287270044846117E-003
   1244.8654971833316        7.9963945024506735E-003  -1.5618113695052676E-005   3.7443451181796645E-003
   1249.8654971833316        7.9971933164197182E-003  -1.5620714113449068E-005   3.7599658322931134E-003
   1254.8654971833316        7.9979872847727399E-003  -1.5623298929271581E-005   3.7755891312223852E-003
   1259.8654971833316        7.9987764561331842E-003  -1.5625868297694793E-005   3.7912149995200798E-003
   1264.8654971833316        7.9995608785592334E-003  -1.5628422372113467E-005   3.8068434218921933E-003
   1269.8654971833316        8.0003405993272578E-003  -1.5630961303436146E-005   3.8224743831956295E-003
   1274.8654971833316        8.0011156651483093E-003  -1.5633485240788713E-005   3.8381078684364182E-003
   1279.8654971833316        8.0018861220243348E-003  -1.5635994331044939E-005   3.8537438627674631E-003
   1284.8654971833316        8.0026520153630484E-003  -1.5638488719199287E-005   3.8693823514866625E-003
   1289.8654971833316        8.0034133899307865E-003  -1.5640968548212128E-005   3.8850233200348745E-003
   1294.8654971833316        8.0041702898796425E-003  -1.5643433959096962E-005   3.9006667539939715E-003
   1299.8654971833316        8.0049227587912358E-003  -1.5645885091061749E-005   3.9163126390850331E-003
   1304.8654971833316        8.0056708395855134E-003  -1.5648322081210758E-005   3.9319609611662438E-003
   1309.8654971833316        8.0064145747191697E-003  -1.5650745065189772E-005   3.9476117062314338E-003
   1314.8654971833316        8.0071540059226953E-003  -1.5653154176328392E-005   3.9632648604077617E-003
   1319.8654971833316        8.0078891745447457E-003  -1.5655549546760859E-005   3.9789204099545230E-003
   1324.8654971833316        8.0086201212048649E-003  -1.5657931306293615E-005   3.9945783412608168E-003
   1329.8654971833316        8.0093468861274480E-003  -1.5660299583492371E-005   4.0102386408443092E-003
   1334.8654971833316        8.0100695089163482E-003  -1.5662654504946693E-005   4.0259012953492556E-003
   1339.8654971833316        8.0107880286779971E-003  -1.5664996195670265E-005   4.0415662915449261E-003
   1344.8654971833316        8.0115024840254432E-003  -1.5667324779113035E-005   4.0572336163240390E-003
   1349.8654971833316        8.0122129130137769E-003  -1.5669640376949922E-005   4.0729032567009887E-003
   1354.8654971833316        8.0129193532815987E-003  -1.5671943109540905E-005   4.0885751998105298E-003
   1359.8654971833316        8.0136218418698293E-003  -1.5674233095339606E-005   4.1042494329058691E-003
   1364.8654971833316        8.0143204154640140E-003  -1.5676510451682232E-005   4.1199259433575509E-003
   1369.8654971833316        8.0150151101496554E-003  -1.5678775293989139E-005   4.1356047186515404E-003
   1374.8654971833316        8.0157059616724619E-003  -1.5681027736612453E-005   4.1512857463881529E-003
   1379.8654971833316        8.0163930051921350E-003  -1.5683267892032510E-005   4.1669690142801851E-003
   1384.8654971833316        8.0170762755511250E-003  -1.5685495871733343E-005   4.1826545101519182E-003
   1389.8654971833316        8.0177558070262406E-003  -1.5687711785392007E-005   4.1983422219373104E-003
   1394.8654971833316        8.0184316335543560E-003  -1.5689915741613762E-005   4.2140321376789242E-003
   1399.8654971833316        8.0191037885806067E-003  -1.5692107847436356E-005   4.2297242455263603E-003
   1404.8654971833316        8.0197723051691726E-003  -1.5694288208690535E-005   4.2454185337350509E-003
   1409.8654971833316        8.0204372159475810E-003  -1.5696456929817706E-005   4.2611149906648686E-003
   1414.8654971833316        8.0210985531337774E-003  -1.5698614113957523E-005   4.2768136047788259E-003
   1419.8654971833316        8.0217563485753870E-003  -1.5700759863075268E-005   4.2925143646419016E-003
   1424.8654971833316        8.0224106336792399E-003  -1.5702894277731318E-005   4.3082172589196327E-003
   1429.8654971833316        8.0230614394926104E-003  -1.5705017457345468E-005   4.3239222763769786E-003
   1434.8654971833316        8.0237087966898626E-003  -1.5707129500152752E-005   4.3396294058771316E-003
   1439.8654971833316        8.0243527355220480E-003  -1.5709230503038370E-005   4.3553386363801702E-003
   1444.8654971833316        8.0249932859466633E-003  -1.5711320561960439E-005   4.3710499569421307E-003
   1449.8654971833316        8.0256304774472854E-003  -1.5713399771360885E-005   4.3867633567134913E-003
   1454.8654971833316        8.0262643392895912E-003  -1.5715468225000243E-005   4.4024788249384912E-003
   1459.8654971833316        8.0268949002227311E-003  -1.5717526014982628E-005   4.4181963509534738E-003
   1464.8654971833316        8.0275221888142720E-003  -1.5719573232848182E-005   4.4339159241863222E-003
   1469.8654971833316        8.0281462331431800E-003  -1.5721609968570608E-005   4.4496375341548924E-003
   1474.8654971833316        8.0287670610602047E-003  -1.5723636311406382E-005   4.4653611704662984E-003
   1479.8654971833316        8.0293847000182852E-003  -1.5725652349340758E-005   4.4810868228156390E-003
   1484.8654971833316        8.0299991771685050E-003  -1.5727658169400393E-005   4.4968144809850391E-003
   1489.8654971833316        8.0306105193325966E-003  -1.5729653857563130E-005   4.5125441348426026E-003
   1494.8654971833316        8.0312187530372173E-003  -1.5731639498869358E-005   4.5282757743414720E-003
   1499.8654971833316        8.0318239044402662E-003  -1.5733615177181006E-005   4.5440093895186533E-003
   1504.8654971833316        8.0324259994801403E-003  -1.5735580975668335E-005   4.5597449704943213E-003
   1509.8654971833316        8.0330250636896552E-003  -1.5737536976201933E-005   4.5754825074705236E-003
   1514.8654971833316        8.0336211223998658E-003  -1.5739483260017760E-005   4.5912219907305414E-003
   1519.8654971833316        8.0342142005673627E-003  -1.5741419907152778E-005   4.6069634106376944E-003
   1524.8654971833316        8.0348043229261003E-003  -1.5743346996940260E-005   4.6227067576346346E-003
   1529.8654971833316        8.0353915138627642E-003  -1.5745264607602410E-005   4.6384520222422371E-003
   1534.8654971833316        8.0359757975438460E-003  -1.5747172816664896E-005   4.6541991950589017E-003
   1539.8654971833316        8.0365571977932156E-003  -1.5749071700556606E-005   4.6699482667594584E-003
   1544.8654971833316        8.0371357382440067E-003  -1.5750961335105318E-005   4.6856992280945638E-003
   1549.8654971833316        8.0377114421602332E-003  -1.5752841794954659E-005   4.7014520698895187E-003
   1554.8654971833316        8.0382843326426232E-003  -1.5754713154236022E-005   4.7172067830437547E-003
   1559.8654971833316        8.0388544324431002E-003  -1.5756575485962215E-005   4.7329633585297170E-003
   1564.8654971833316        8.0394217641190802E-003  -1.5758428862531090E-005   4.7487217873922478E-003
   1569.8654971833316        8.0399863499520715E-003  -1.5760273355459275E-005   4.7644820607477068E-003
   1574.8654971833316        8.0405482119534372E-003  -1.5762109035400655E-005   4.7802441697831072E-003
   1579.8654971833316        8.0411073719263513E-003  -1.5763935972348374E-005   4.7960081057554556E-003
   1584.8654971833316        8.0416638513935192E-003  -1.5765754235398386E-005   4.8117738599908538E-003
   1589.8654971833316        8.0422176716733410E-003  -1.5767563892997959E-005   4.8275414238838519E-003
   1594.8654971833316        8.0427688538244353E-003  -1.5769365012764054E-005   4.8433107888966164E-003
   1599.8654971833316        8.0433174186758521E-003  -1.5771157661581743E-005   4.8590819465581985E-003
   1604.8654971833316        8.0438633868322260E-003  -1.5772941905620690E-005   4.8748548884638195E-003
   1609.8654971833316        8.0444067786824038E-003  -1.5774717810363078E-005   4.8906296062741824E-003
   1614.8654971833316        8.0449476143595686E-003  -1.5776485440472944E-005   4.9064060917146553E-003
   1619.8654971833316        8.0454859138215599E-003  -1.5778244860058404E-005   4.9221843365747139E-003
   1624.8654971833316        8.0460216967688115E-003  -1.5779996132403122E-005   4.9379643327071166E-003
   1629.8654971833316        8.0465549827142494E-003  -1.5781739320194485E-005   4.9537460720273114E-003
   1634.8654971833316        8.0470857909411709E-003  -1.5783474485385645E-005   4.9695295465126974E-003
   1639.8654971833316        8.0476141405614963E-003  -1.5785201689385664E-005   4.9853147482020830E-003
   1644.8654971833316        8.0481400504103778E-003  -1.5786920992714673E-005   5.0011016691947976E-003
   1649.8654971833316        8.0486635392278318E-003  -1.5788632455597427E-005   5.0168903016503952E-003
   1654.8654971833316        8.0491846254185356E-003  -1.5790336137177706E-005   5.0326806377875731E-003
   1659.8654971833316        8.0497033273390674E-003  -1.5792032096457183E-005   5.0484726698840302E-003
   1664.8654971833316        8.0502196630251998E-003  -1.5793720391403549E-005   5.0642663902754339E-003
   1669.8654971833316        8.0507336503947927E-003  -1.5795401079613617E-005   5.0800617913550478E-003
   1674.8654971833316        8.0512453071628354E-003  -1.5797074218035317E-005   5.0958588655730828E-003
   1679.8654971833316        8.0517546508243176E-003  -1.5798739862911425E-005   5.1116576054359942E-003
   1684.8654971833316        8.0522616987639718E-003  -1.5800398070138177E-005   5.1274580035061326E-003
   1689.8654971833316        8.0527664680786360E-003  -1.5802048894684151E-005   5.1432600524008165E-003
   1694.8654971833316        8.0532689758034889E-003  -1.5803692391329873E-005   5.1590637447921465E-003
   1699.8654971833316        8.0537692387066227E-003  -1.5805328613995778E-005   5.1748690734061426E-003
   1704.8654971833316        8.0542672734200509E-003  -1.5806957616170430E-005   5.1906760310223132E-003
   1709.8654971833316        8.0547630964287690E-003  -1.5808579450874532E-005   5.2064846104731876E-003
   1714.8654971833316        8.0552567239603537E-003  -1.5810194170299640E-005   5.2222948046434870E-003
   1719.8654971833316        8.0557481722070747E-003  -1.5811801826534414E-005   5.2381066064700211E-003
   1724.8654971833316        8.0562374570646734E-003  -1.5813402470709991E-005   5.2539200089407314E-003
   1729.8654971833316        8.0567245943562009E-003  -1.5814996153731953E-005   5.2697350050944633E-003
   1734.8654971833316        8.0572095997010294E-003  -1.5816582925851658E-005   5.2855515880203150E-003
   1739.8654971833316        8.0576924885726355E-003  -1.5818162836855057E-005   5.3013697508571701E-003
   1744.8654971833316        8.0581732762945463E-003  -1.5819735936049242E-005   5.3171894867932194E-003
   1749.8654971833316        8.0586519780131444E-003  -1.5821302272173301E-005   5.3330107890653929E-003
   1754.8654971833316        8.0591286087517543E-003  -1.5822861893575064E-005   5.3488336509589680E-003
   1759.8654971833316        8.0596031833582975E-003  -1.5824414848039658E-005   5.3646580658070079E-003
   1764.8654971833316        8.0600757165417841E-003  -1.5825961182908746E-005   5.3804840269899169E-003
   1769.8654971833316        8.0605462228886503E-003  -1.5827500945133796E-005   5.3963115279350507E-003
   1774.8654971833316        8.0610147167599032E-003  -1.5829034180939329E-005   5.4121405621159902E-003
   1779.8654971833316        8.0614812125109295E-003  -1.5830560936542078E-005   5.4279711230525319E-003
   1784.8654971833316        8.0619457241889892E-003  -1.5832081257160824E-005   5.4438032043096930E-003
   1789.8654971833316        8.0624082658689311E-003  -1.5833595188114935E-005   5.4596367994978077E-003
   1794.8654971833316        8.0628688513384537E-003  -1.5835102773794121E-005   5.4754719022716020E-003
   1799.8654971833316        8.0633274943668499E-003  -1.5836604058537865E-005   5.4913085063301396E-003
   1804.8654971833316        8.0637842085152390E-003  -1.5838099086014143E-005   5.5071466054161539E-003
   1809.8654971833316        8.0642390072385665E-003  -1.5839587899553111E-005   5.5229861933157069E-003
   1814.8654971833316        8.0646919038780667E-003  -1.5841070542122304E-005   5.5388272638578293E-003
   1819.8654971833316        8.0651429115962230E-003  -1.5842547056113590E-005   5.5546698109139427E-003
   1824.8654971833316        8.0655920434987843E-003  -1.5844017483742433E-005   5.5705138283976855E-003
   1829.8654971833316        8.0660393124822750E-003  -1.5845481866548540E-005   5.5863593102642344E-003
   1834.8654971833316        8.0664847314072061E-003  -1.5846940245962801E-005   5.6022062505101970E-003
   1839.8654971833316        8.0669283129137636E-003  -1.5848392662703711E-005   5.6180546431729003E-003
   1844.8654971833316        8.0673700696353122E-003  -1.5849839157476268E-005   5.6339044823303765E-003
   1849.8654971833316        8.0678100139564193E-003  -1.5851279770179545E-005   5.6497557621005556E-003
   1854.8654971833316        8.0682481582695659E-003  -1.5852714540747117E-005   5.6656084766413027E-003
   1859.8654971833316        8.0686845147463319E-003  -1.5854143508397705E-005   5.6814626201497007E-003
   1864.8654971833316        8.0691190955114612E-003  -1.5855566712205006E-005   5.6973181868619060E-003
   1869.8654971833316        8.0695519125382319E-003  -1.5856984190754968E-005   5.7131751710526608E-003
   1874.8654971833316        8.0699829777125236E-003  -1.5858395982355453E-005   5.7290335670350159E-003
   1879.8654971833316        8.0704123027759180E-003  -1.5859802124849772E-005   5.7448933691598659E-003
   1884.8654971833316        8.0708398993998825E-003  -1.5861202655859538E-005   5.7607545718157257E-003
   1889.8654971833316        8.0712657791084750E-003  -1.5862597612531369E-005   5.7766171694282574E-003
   1894.8654971833316        8.0716899533639641E-003  -1.5863987031817221E-005   5.7924811564600744E-003
   1899.8654971833316        8.0721124334471490E-003  -1.5865370950082258E-005   5.8083465274101570E-003
   1904.8654971833316        8.0725332306459206E-003  -1.5866749403722390E-005   5.8242132768138791E-003
   1909.8654971833316        8.0729523560155603E-003  -1.5868122428378970E-005   5.8400813992422577E-003
   1914.8654971833316        8.0733698206269400E-003  -1.5869490059751751E-005   5.8559508893020092E-003
   1919.8654971833316        8.0737856353555668E-003  -1.5870852332907675E-005   5.8718217416349168E-003
   1924.8654971833316        8.0741998110499778E-003  -1.5872209282832475E-005   5.8876939509177493E-003
   1929.8654971833316        8.0746123584001274E-003  -1.5873560943999362E-005   5.9035675118617485E-003
   1934.8654971833316        8.0750232880503810E-003  -1.5874907350739124E-005   5.9194424192124872E-003
   1939.8654971833316        8.0754326104908753E-003  -1.5876248536884075E-005   5.9353186677493716E-003
   1944.8654971833316        8.0758403361902847E-003  -1.5877584536202984E-005   5.9511962522855750E-003
   1949.8654971833316        8.0762464754470104E-003  -1.5878915381913355E-005   5.9670751676674880E-003
   1954.8654971833316        8.0766510385195753E-003  -1.5880241107108624E-005   5.9829554087745965E-003
   1959.8654971833316        8.0770540355478045E-003  -1.5881561744499759E-005   5.9988369705190961E-003
   1964.8654971833316        8.0774554765893868E-003  -1.5882877326534990E-005   6.0147198478456313E-003
   1969.8654971833316        8.0778553716139671E-003  -1.5884187885380366E-005   6.0306040357310121E-003
   1974.8654971833316        8.0782537304991513E-003  -1.5885493452906562E-005   6.0464895291839184E-003
   1979.8654971833316        8.0786505630160311E-003  -1.5886794060641337E-005   6.0623763232445600E-003
   1984.8654971833316        8.0790458789016598E-003  -1.5888089740007008E-005   6.0782644129845666E-003
   1989.8654971833316        8.0794396877396212E-003  -1.5889380521928908E-005   6.0941537935064955E-003
   1994.8654971833316        8.0798319990728288E-003  -1.5890666437204998E-005   6.1100444599437006E-003
   1999.8654971833316        8.0802228223607088E-003  -1.5891947516365486E-005   6.1259364074600659E-003
   2004.8654971833316        8.0806121669382801E-003  -1.5893223789538572E-005   6.1418296312496044E-003
   2009.8654971833316        8.0810000421216808E-003  -1.5894495286796284E-005   6.1577241265364010E-003
   2014.8654971833316        8.0813864570820973E-003  -1.5895762037741153E-005   6.1736198885741422E-003
   2019.8654971833316        8.0817714209493047E-003  -1.5897024071845534E-005   6.1895169126459874E-003
   2024.8654971833316        8.0821549427818086E-003  -1.5898281418353650E-005   6.2054151940643407E-003
   2029.8654971833316        8.0825370314994462E-003  -1.5899534106060569E-005   6.2213147281704011E-003
   2034.8654971833316        8.0829176960442346E-003  -1.5900782163839444E-005   6.2372155103342401E-003
   2039.8654971833316        8.0832969451618483E-003  -1.5902025619925006E-005   6.2531175359541655E-003
   2044.8654971833316        8.0836747876328000E-003  -1.5903264502671471E-005   6.2690208004568372E-003
   2049.8654971833316        8.0840512320840881E-003  -1.5904498839934870E-005   6.2849252992967725E-003
   2054.8654971833316        8.0844262871191622E-003  -1.5905728659499157E-005   6.3008310279562716E-003
   2059.8654971833316        8.0847999612184609E-003  -1.5906953988749969E-005   6.3167379819450212E-003
   2064.8654971833316        8.0851722628463314E-003  -1.5908174855025188E-005   6.3326461568000460E-003
   2069.8654971833316        8.0855432003534792E-003  -1.5909391285294953E-005   6.3485555480853407E-003
   2074.8654971833316        8.0859127820220537E-003  -1.5910603306309467E-005   6.3644661513916501E-003
   2079.8654971833316        8.0862810160995478E-003  -1.5911810944710089E-005   6.3803779623363603E-003
   2084.8654971833316        8.0866479107234990E-003  -1.5913014226782341E-005   6.3962909765631426E-003
   2089.8654971833316        8.0870134739703566E-003  -1.5914213178616080E-005   6.4122051897417586E-003
   2094.8654971833316        8.0873777138716699E-003  -1.5915407826158555E-005   6.4281205975679169E-003
   2099.8654971833316        8.0877406383702763E-003  -1.5916598195070638E-005   6.4440371957629871E-003
   2104.8654971833316        8.0881022553437130E-003  -1.5917784310803546E-005   6.4599549800737907E-003
   2109.8654971833316        8.0884625726158014E-003  -1.5918966198636793E-005   6.4758739462724276E-003
   2114.8654971833316        8.0888215979249695E-003  -1.5920143883574207E-005   6.4917940901560020E-003
   2119.8654971833316        8.0891793389836920E-003  -1.5921317390538861E-005   6.5077154075465406E-003
   2124.8654971833316        8.0895358033668575E-003  -1.5922486744006809E-005   6.5236378942905475E-003
   2129.8654971833316        8.0898909987020765E-003  -1.5923651968631331E-005   6.5395615462591787E-003
   2134.8654971833316        8.0902449324068079E-003  -1.5924813088380515E-005   6.5554863593475588E-003
   2139.8654971833316        8.0905976119959189E-003  -1.5925970127546168E-005   6.5714123294751048E-003
   2144.8654971833316        8.0909490447723300E-003  -1.5927123109728895E-005   6.5873394525848335E-003
   2149.8654971833316        8.0912992381079844E-003  -1.5928272058759802E-005   6.6032677246435937E-003
   2154.8654971833316        8.0916481992079434E-003  -1.5929416997926518E-005   6.6191971416415200E-003
   2159.8654971833316        8.0919959353086875E-003  -1.5930557950623706E-005   6.6351276995921440E-003
   2164.8654971833316        8.0923424535182566E-003  -1.5931694939828560E-005   6.6510593945319722E-003
   2169.8654971833316        8.0926877609139650E-003  -1.5932827988421308E-005   6.6669922225203937E-003
   2174.8654971833316        8.0930318645463899E-003  -1.5933957119198325E-005   6.6829261796395919E-003
   2179.8654971833316        8.0933747713317315E-003  -1.5935082354518799E-005   6.6988612619941108E-003
   2184.8654971833316        8.0937164882325975E-003  -1.5936203716897976E-005   6.7147974657110086E-003
   2189.8654971833316        8.0940570220440836E-003  -1.5937321228305098E-005   6.7307347869393136E-003
   2194.8654971833316        8.0943963796127026E-003  -1.5938434910881823E-005   6.7466732218501952E-003
   2199.8654971833316        8.0947345676409301E-003  -1.5939544786300704E-005   6.7626127666364959E-003
   2204.8654971833316        8.0950715928479484E-003  -1.5940650876292733E-005   6.7785534175127888E-003
   2209.8654971833316        8.0954074618493944E-003  -1.5941753202252601E-005   6.7944951707150413E-003
   2214.8654971833316        8.0957421812316247E-003  -1.5942851785482402E-005   6.8104380225005234E-003
   2219.8654971833316        8.0960757575314641E-003  -1.5943946647125116E-005   6.8263819691476487E-003
   2224.8654971833316        8.0964081972096959E-003  -1.5945037808077575E-005   6.8423270069557264E-003
   2229.8654971833316        8.0967395067260695E-003  -1.5946125289236569E-005   6.8582731322449630E-003
   2234.8654971833316        8.0970696924114495E-003  -1.5947209111079220E-005   6.8742203413560419E-003
   2239.8654971833316        8.0973987606414288E-003  -1.5948289294232745E-005   6.8901686306502745E-003
   2244.8654971833316        8.0977267176403338E-003  -1.5949365858831108E-005   6.9061179965091059E-003
   2249.8654971833316        8.0980535696869946E-003  -1.5950438825190407E-005   6.9220684353342964E-003
   2254.8654971833316        8.0983793229081145E-003  -1.5951508213130555E-005   6.9380199435474270E-003
   2259.8654971833316        8.0987039834898109E-003  -1.5952574042669660E-005   6.9539725175900968E-003
   2264.8654971833316        8.0990275574515762E-003  -1.5953636333281950E-005   6.9699261539233788E-003
   2269.8654971833316        8.0993500508903561E-003  -1.5954695104699016E-005   6.9858808490280777E-003
   2274.8654971833316        8.0996714697523075E-003  -1.5955750376160461E-005   7.0018365994042380E-003
   2279.8654971833316        8.0999918199932686E-003  -1.5956802166940682E-005   7.0177934015711787E-003
   2284.8654971833316        8.1003111075109747E-003  -1.5957850496126301E-005   7.0337512520673049E-003
   2289.8654971833316        8.1006293381580118E-003  -1.5958895382658667E-005   7.0497101474499635E-003
   2294.8654971833316        8.1009465177211346E-003  -1.5959936845265885E-005   7.0656700842952292E-003
   2299.8654971833316        8.1012626520012669E-003  -1.5960974902725483E-005   7.0816310591979544E-003
   2304.8654971833316        8.1015777466680993E-003  -1.5962009573386924E-005   7.0975930687713412E-003
   2309.8654971833316        8.1018918074338576E-003  -1.5963040875742183E-005   7.1135561096470831E-003
   2314.8654971833316        8.1022048399063250E-003  -1.5964068827943055E-005   7.1295201784750259E-003
   2319.8654971833316        8.1025168496768885E-003  -1.5965093448090266E-005   7.1454852719231160E-003
   2324.8654971833316        8.1028278423117359E-003  -1.5966114754204524E-005   7.1614513866773205E-003
   2329.8654971833316        8.1031378232679641E-003  -1.5967132763950981E-005   7.1774185194412718E-003
   2334.8654971833316        8.1034467980682975E-003  -1.5968147495213004E-005   7.1933866669364847E-003
   2339.8654971833316        8.1037547720700844E-003  -1.5969158965333487E-005   7.2093558259018180E-003
   2344.8654971833316        8.1040617507050910E-003  -1.5970167191902326E-005   7.2253259930937204E-003
   2349.8654971833316        8.1043677392887408E-003  -1.5971172192129929E-005   7.2412971652858499E-003
   2354.8654971833316        8.1046727431069391E-003  -1.5972173983132306E-005   7.2572693392689821E-003
   2359.8654971833316        8.1049767674608881E-003  -1.5973172582078238E-005   7.2732425118510599E-003
   2364.8654971833316        8.1052798175179266E-003  -1.5974168005699342E-005   7.2892166798567588E-003
   2369.8654971833316        8.1055818985196568E-003  -1.5975160270973656E-005   7.3051918401277321E-003
   2374.8654971833316        8.1058830155492367E-003  -1.5976149394361185E-005   7.3211679895220936E-003
   2379.8654971833316        8.1061831737560940E-003  -1.5977135392542101E-005   7.3371451249146357E-003
   2384.8654971833316        8.1064823781873893E-003  -1.5978118281863001E-005   7.3531232431964990E-003
   2389.8654971833316        8.1067806338788045E-003  -1.5979098078635177E-005   7.3691023412751338E-003
   2394.8654971833316        8.1070779458239060E-003  -1.5980074799033916E-005   7.3850824160741676E-003
   2399.8654971833316        8.1073743189759278E-003  -1.5981048459104325E-005   7.4010634645332715E-003
   2404.8654971833316        8.1076697582586343E-003  -1.5982019074797023E-005   7.4170454836080682E-003
   2409.8654971833316        8.1079642685504012E-003  -1.5982986661915768E-005   7.4330284702699839E-003
   2414.8654971833316        8.1082578547041657E-003  -1.5983951236183026E-005   7.4490124215061673E-003
   2419.8654971833316        8.1085505215398972E-003  -1.5984912813215156E-005   7.4649973343193822E-003
   2424.8654971833316        8.1088422738101809E-003  -1.5985871408409353E-005   7.4809832057277917E-003
   2429.8654971833316        8.1091331163006177E-003  -1.5986827037273466E-005   7.4969700327650653E-003
   2434.8654971833316        8.1094230536777646E-003  -1.5987779714926371E-005   7.5129578124799919E-003
   2439.8654971833316        8.1097120906434804E-003  -1.5988729456605064E-005   7.5289465419365971E-003
   2444.8654971833316        8.1100002318244459E-003  -1.5989676277301661E-005   7.5449362182138987E-003
   2449.8654971833316        8.1102874818423064E-003  -1.5990620191993811E-005   7.5609268384058924E-003
   2454.8654971833316        8.1105738452621895E-003  -1.5991561215475527E-005   7.5769183996213683E-003
   2459.8654971833316        8.1108593266245900E-003  -1.5992499362461929E-005   7.5929108989838305E-003
   2464.8654971833316        8.1111439304501591E-003  -1.5993434647604970E-005   7.6089043336314355E-003
   2469.8654971833316        8.1114276612027081E-003  -1.5994367085371811E-005   7.6248987007168072E-003
   2474.8654971833316        8.1117105233401085E-003  -1.5995296690212103E-005   7.6408939974070191E-003
   2479.8654971833316        8.1119925212638621E-003  -1.5996223476392204E-005   7.6568902208834109E-003
   2484.8654971833316        8.1122736593745512E-003  -1.5997147458177409E-005   7.6728873683415879E-003
   2489.8654971833316        8.1125539420014697E-003  -1.5998068649600647E-005   7.6888854369911884E-003
   2494.8654971833316        8.1128333734805207E-003  -1.5998987064718482E-005   7.7048844240559071E-003
   2499.8654971833316        8.1131119580991895E-003  -1.5999902717430240E-005   7.7208843267733375E-003
   2504.8654971833316        8.1133897001233884E-003  -1.6000815621566223E-005   7.7368851423949038E-003
   2509.8654971833316        8.1136666037585712E-003  -1.6001725790759844E-005   7.7528868681856636E-003
   2514.8654971833316        8.1139426732460152E-003  -1.6002633238764139E-005   7.7688895014244273E-003
   2519.8654971833316        8.1142179127165152E-003  -1.6003537978970785E-005   7.7848930394033983E-003
   2524.8654971833316        8.1144923263461212E-003  -1.6004440024922015E-005   7.8008974794283202E-003
   2529.8654971833316        8.1147659182186620E-003  -1.6005339389858709E-005   7.8169028188181788E-003
   2534.8654971833316        8.1150386924449293E-003  -1.6006236087112142E-005   7.8329090549052911E-003
   2539.8654971833316        8.1153106530655276E-003  -1.6007130129784604E-005   7.8489161850350750E-003
   2544.8654971833316        8.1155818040995007E-003  -1.6008021530909247E-005   7.8649242065659836E-003
   2549.8654971833316        8.1158521495802039E-003  -1.6008910303567981E-005   7.8809331168695519E-003
   2554.8654971833316        8.1161216934450293E-003  -1.6009796460528923E-005   7.8969429133300805E-003
   2559.8654971833316        8.1163904396620613E-003  -1.6010680014662782E-005   7.9129535933447435E-003
   2564.8654971833316        8.1166583921464079E-003  -1.6011560978667761E-005   7.9289651543234113E-003
   2569.8654971833316        8.1169255547719754E-003  -1.6012439365108242E-005   7.9449775936885191E-003
   2574.8654971833316        8.1171919314362660E-003  -1.6013315186627825E-005   7.9609909088751464E-003
   2579.8654971833316        8.1174575259353333E-003  -1.6014188455538168E-005   7.9770050973306840E-003
   2584.8654971833316        8.1177223421290967E-003  -1.6015059184362514E-005   7.9930201565150457E-003
   2589.8654971833316        8.1179863837614503E-003  -1.6015927385244209E-005   8.0090360839002901E-003
   2594.8654971833316        8.1182496546260419E-003  -1.6016793070491735E-005   8.0250528769707820E-003
   2599.8654971833316        8.1185121584236818E-003  -1.6017656252109884E-005   8.0410705332228920E-003
   2604.8654971833316        8.1187738989094444E-003  -1.6018516942283415E-005   8.0570890501651758E-003
   2609.8654971833316        8.1190348797221604E-003  -1.6019375152816351E-005   8.0731084253179916E-003
   2614.8654971833316        8.1192951045511875E-003  -1.6020230895680392E-005   8.0891286562136712E-003
   2619.8654971833316        8.1195545770239904E-003  -1.6021084182645194E-005   8.1051497403963162E-003
   2624.8654971833316        8.1198133007450279E-003  -1.6021935025406227E-005   8.1211716754217220E-003
   2629.8654971833316        8.1200712793117521E-003  -1.6022783435637392E-005   8.1371944588573587E-003
   2634.8654971833316        8.1203285162827731E-003  -1.6023629424886312E-005   8.1532180882822446E-003
   2639.8654971833316        8.1205850151918595E-003  -1.6024473004620329E-005   8.1692425612868644E-003
   2644.8654971833316        8.1208407795612045E-003  -1.6025314186270150E-005   8.1852678754731345E-003
   2649.8654971833316        8.1210958128746877E-003  -1.6026152981141889E-005   8.2012940284542767E-003
   2654.8654971833316        8.1213501186273868E-003  -1.6026989400579883E-005   8.2173210178548561E-003
   2659.8654971833316        8.1216037002104467E-003  -1.6027823455588003E-005   8.2333488413104446E-003
   2664.8654971833316        8.1218565611146515E-003  -1.6028655157499232E-005   8.2493774964679436E-003
   2669.8654971833316        8.1221087046887824E-003  -1.6029484517180824E-005   8.2654069809851242E-003
   2674.8654971833316        8.1223601343344918E-003  -1.6030311545675296E-005   8.2814372925307991E-003
   2679.8654971833316        8.1226108534048162E-003  -1.6031136253866577E-005   8.2974684287846663E-003
   2684.8654971833316        8.1228608652243114E-003  -1.6031958652546234E-005   8.3135003874372122E-003
   2689.8654971833316        8.1231101731216466E-003  -1.6032778752520669E-005   8.3295331661897322E-003
   2694.8654971833316        8.1233587803714400E-003  -1.6033596564419785E-005   8.3455667627541519E-003
   2699.8654971833316        8.1236066902524058E-003  -1.6034412098888240E-005   8.3616011748530398E-003
   2704.8654971833316        8.1238539060112490E-003  -1.6035225366466653E-005   8.3776364002195059E-003
   2709.8654971833316        8.1241004308601015E-003  -1.6036036377583187E-005   8.3936724365970897E-003
   2714.8654971833316        8.1243462680314245E-003  -1.6036845142734117E-005   8.4097092817398238E-003
   2719.8654971833316        8.1245914206864514E-003  -1.6037651672182629E-005   8.4257469334120070E-003
   2724.8654971833316        8.1248358920026336E-003  -1.6038455976246484E-005   8.4417853893882528E-003
   2729.8654971833316        8.1250796851106595E-003  -1.6039258065090819E-005   8.4578246474533436E-003
   2734.8654971833316        8.1253228031571319E-003  -1.6040057948934319E-005   8.4738647054022776E-003
   2739.8654971833316        8.1255652492190373E-003  -1.6040855637767831E-005   8.4899055610400450E-003
   2744.8654971833316        8.1258070263932856E-003  -1.6041651141648915E-005   8.5059472121816939E-003
   2749.8654971833316        8.1260481377484345E-003  -1.6042444470543022E-005   8.5219896566522367E-003
   2754.8654971833316        8.1262885863164352E-003  -1.6043235634296328E-005   8.5380328922865338E-003
   2759.8654971833316        8.1265283751324503E-003  -1.6044024642766700E-005   8.5540769169293006E-003
   2764.8654971833316        8.1267675071949250E-003  -1.6044811505692350E-005   8.5701217284349929E-003
   2769.8654971833316        8.1270059854903209E-003  -1.6045596232773158E-005   8.5861673246677653E-003
   2774.8654971833316        8.1272438129980414E-003  -1.6046378833686926E-005   8.6022137035014525E-003
   2779.8654971833316        8.1274809926461938E-003  -1.6047159317943736E-005   8.6182608628193966E-003
   2784.8654971833316        8.1277175273852947E-003  -1.6047937695128543E-005   8.6343088005145247E-003
   2789.8654971833316        8.1279534201128927E-003  -1.6048713974653047E-005   8.6503575144891778E-003
   2794.8654971833316        8.1281886737226763E-003  -1.6049488165917352E-005   8.6664070026550959E-003
   2799.8654971833316        8.1284232910999871E-003  -1.6050260278295143E-005   8.6824572629333914E-003
   2804.8654971833316        8.1286572750928227E-003  -1.6051030321038275E-005   8.6985082932544300E-003
   2809.8654971833316        8.1288906285434826E-003  -1.6051798303380888E-005   8.7145600915578113E-003
   2814.8654971833316        8.1291233542669043E-003  -1.6052564234468130E-005   8.7306126557922803E-003
   2819.8654971833316        8.1293554550860517E-003  -1.6053328123472566E-005   8.7466659839157534E-003
   2824.8654971833316        8.1295869337446140E-003  -1.6054089979306902E-005   8.7627200738950601E-003
   2829.8654971833316        8.1298177930729226E-003  -1.6054849811170001E-005   8.7787749237062309E-003
   2834.8654971833316        8.1300480357654331E-003  -1.6055607627814517E-005   8.7948305313340462E-003
   2839.8654971833316        8.1302776645925216E-003  -1.6056363438243988E-005   8.8108868947722897E-003
   2844.8654971833316        8.1305066822489978E-003  -1.6057117251214203E-005   8.8269440120235035E-003
   2849.8654971833316        8.1307350914557892E-003  -1.6057869075567905E-005   8.8430018810990718E-003
   2854.8654971833316        8.1309628948883651E-003  -1.6058618919999172E-005   8.8590605000190715E-003
   2859.8654971833316        8.1311900951930062E-003  -1.6059366793106965E-005   8.8751198668121783E-003
   2864.8654971833316        8.1314166950709962E-003  -1.6060112703672236E-005   8.8911799795158512E-003
   2869.8654971833316        8.1316426970982902E-003  -1.6060856660064343E-005   8.9072408361759153E-003
   2874.8654971833316        8.1318681039432902E-003  -1.6061598670957891E-005   8.9233024348468731E-003
   2879.8654971833316        8.1320929181761311E-003  -1.6062338744704921E-005   8.9393647735915779E-003
   2884.8654971833316        8.1323171423924815E-003  -1.6063076889742449E-005   8.9554278504813210E-003
   2889.8654971833316        8.1325407791820424E-003  -1.6063813114488767E-005   8.9714916635958101E-003
   2894.8654971833316        8.1327638310633634E-003  -1.6064547427128822E-005   8.9875562110229394E-003
   2899.8654971833316        8.1329863006134508E-003  -1.6065279836040898E-005   9.0036214908589800E-003
   2904.8654971833316        8.1332081903309362E-003  -1.6066010349346151E-005   9.0196875012083268E-003
   2909.8654971833316        8.1334295027379166E-003  -1.6066738975243866E-005   9.0357542401835710E-003
   2914.8654971833316        8.1336502403186912E-003  -1.6067465721809754E-005   9.0518217059053808E-003
   2919.8654971833316        8.1338704055734269E-003  -1.6068190597172633E-005   9.0678898965025536E-003
   2924.8654971833316        8.1340900009310869E-003  -1.6068913609227746E-005   9.0839588101117811E-003
   2929.8654971833316        8.1343090288774206E-003  -1.6069634766058145E-005   9.1000284448778390E-003
   2934.8654971833316        8.1345274918204064E-003  -1.6070354075491671E-005   9.1160987989533301E-003
   2939.8654971833316        8.1347453922013396E-003  -1.6071071545466694E-005   9.1321698704987971E-003
   2944.8654971833316        8.1349627323988490E-003  -1.6071787183716054E-005   9.1482416576825123E-003
   2949.8654971833316        8.1351795148284327E-003  -1.6072500998094842E-005   9.1643141586806066E-003
   2954.8654971833316        8.1353957418598619E-003  -1.6073212996308366E-005   9.1803873716769149E-003
   2959.8654971833316        8.1356114158469845E-003  -1.6073923186010314E-005   9.1964612948629253E-003
   2964.8654971833316        8.1358265391528236E-003  -1.6074631574885407E-005   9.2125359264378110E-003
   2969.8654971833316        8.1360411141026615E-003  -1.6075338170494843E-005   9.2286112646083052E-003
   2974.8654971833316        8.1362551430146767E-003  -1.6076042980377239E-005   9.2446873075886817E-003
   2979.8654971833316        8.1364686282111732E-003  -1.6076746012085575E-005   9.2607640536007674E-003
   2984.8654971833316        8.1366815719642951E-003  -1.6077447273008407E-005   9.2768415008737757E-003
   2989.8654971833316        8.1368939765728617E-003  -1.6078146770622905E-005   9.2929196476443984E-003
   2994.8654971833316        8.1371058442934532E-003  -1.6078844512267915E-005   9.3089984921566667E-003
   2999.8654971833316        8.1373171773781883E-003  -1.6079540505268313E-005   9.3250780326619345E-003
   3004.8654971833316        8.1375279780791995E-003  -1.6080234756949789E-005   9.3411582674188844E-003
   3009.8654971833316        8.1377382486091561E-003  -1.6080927274508797E-005   9.3572391946933932E-003
   3014.8654971833316        8.1379479911897826E-003  -1.6081618065172349E-005   9.3733208127585663E-003
   3019.8654971833316        8.1381572080246201E-003  -1.6082307136108294E-005   9.3894031198946751E-003
   3024.8654971833316        8.1383659012866320E-003  -1.6082994494384497E-005   9.4054861143890601E-003
   3029.8654971833316        8.1385740731806256E-003  -1.6083680147174419E-005   9.4215697945362348E-003
   3034.8654971833316        8.1387817258316945E-003  -1.6084364101389687E-005   9.4376541586376241E-003
   3039.8654971833316        8.1389888614343923E-003  -1.6085046364171402E-005   9.4537392050017960E-003
   3044.8654971833316        8.1391954820709163E-003  -1.6085726942291291E-005   9.4698249319440878E-003
   3049.8654971833316        8.1394015899321319E-003  -1.6086405842879707E-005   9.4859113377869682E-003
   3054.8654971833316        8.1396071870723230E-003  -1.6087083072617809E-005   9.5019984208595861E-003
   3059.8654971833316        8.1398122756339043E-003  -1.6087758638477732E-005   9.5180861794980642E-003
   3064.8654971833316        8.1400168576859985E-003  -1.6088432547190861E-005   9.5341746120452559E-003
   3069.8654971833316        8.1402209353076179E-003  -1.6089104805521827E-005   9.5502637168507782E-003
   3074.8654971833316        8.1404245105690613E-003  -1.6089775420207232E-005   9.5663534922709858E-003
   3079.8654971833316        8.1406275855228152E-003  -1.6090444397925645E-005   9.5824439366689121E-003
   3084.8654971833316        8.1408301622019515E-003  -1.6091111745292336E-005   9.5985350484142050E-003
   3089.8654971833316        8.1410322426600842E-003  -1.6091777468990906E-005   9.6146268258831963E-003
   3094.8654971833316        8.1412338288817492E-003  -1.6092441575478024E-005   9.6307192674586744E-003
   3099.8654971833316        8.1414349229021084E-003  -1.6093104071377767E-005   9.6468123715300527E-003
   3104.8654971833316        8.1416355267016783E-003  -1.6093764963134849E-005   9.6629061364931872E-003
   3109.8654971833316        8.1418356422730178E-003  -1.6094424257234242E-005   9.6790005607504219E-003
   3114.8654971833316        8.1420352715900236E-003  -1.6095081960100095E-005   9.6950956427105228E-003
   3119.8654971833316        8.1422344166006515E-003  -1.6095738078071694E-005   9.7111913807885943E-003
   3124.8654971833316        8.1424330792755611E-003  -1.6096392617563728E-005   9.7272877734061580E-003
   3129.8654971833316        8.1426312615405089E-003  -1.6097045584843577E-005   9.7433848189910008E-003
   3134.8654971833316        8.1428289653332781E-003  -1.6097696986218823E-005   9.7594825159772192E-003
   3139.8654971833316        8.1430261925599691E-003  -1.6098346827893269E-005   9.7755808628051128E-003
   3144.8654971833316        8.1432229451511885E-003  -1.6098995116152048E-005   9.7916798579212646E-003
   3149.8654971833316        8.1434192249698594E-003  -1.6099641857057877E-005   9.8077794997783220E-003
   3154.8654971833316        8.1436150339361489E-003  -1.6100287056862667E-005   9.8238797868351845E-003
   3159.8654971833316        8.1438103739097031E-003  -1.6100930721619496E-005   9.8399807175568038E-003
   3164.8654971833316        8.1440052467525240E-003  -1.6101572857389780E-005   9.8560822904141931E-003
   3169.8654971833316        8.1441996543327490E-003  -1.6102213470255710E-005   9.8721845038844489E-003
   3174.8654971833316        8.1443935984729689E-003  -1.6102852566149961E-005   9.8882873564505990E-003
   3179.8654971833316        8.1445870810357562E-003  -1.6103490151137531E-005   9.9043908466017374E-003
   3184.8654971833316        8.1447801038218529E-003  -1.6104126231080212E-005   9.9204949728328180E-003
   3189.8654971833316        8.1449726686697848E-003  -1.6104760811964851E-005   9.9365997336447829E-003
   3194.8654971833316        8.1451647773469783E-003  -1.6105393899544563E-005   9.9527051275443267E-003
   3199.8654971833316        8.1453564316926966E-003  -1.6106025499809724E-005   9.9688111530441357E-003
   3204.8654971833316        8.1455476334474555E-003  -1.6106655618425829E-005   9.9849178086625617E-003
   3209.8654971833316        8.1457383844260271E-003  -1.6107284261303630E-005   1.0001025092923865E-002
   3214.8654971833316        8.1459286863596759E-003  -1.6107911434079194E-005   1.0017133004357944E-002
   3219.8654971833316        8.1461185410258534E-003  -1.6108537142541328E-005   1.0033241541500485E-002
   3224.8654971833316        8.1463079501654084E-003  -1.6109161392358748E-005   1.0049350702892843E-002
   3229.8654971833316        8.1464969155027270E-003  -1.6109784189146403E-005   1.0065460487081989E-002
   3234.8654971833316        8.1466854387958042E-003  -1.6110405538630556E-005   1.0081570892620620E-002
   3239.8654971833316        8.1468735217102382E-003  -1.6111025446233417E-005   1.0097681918066852E-002
   3244.8654971833316        8.1470611660150304E-003  -1.6111643917718539E-005   1.0113793561984571E-002
   3249.8654971833316        8.1472483733474061E-003  -1.6112260958415634E-005   1.0129905822942986E-002
   3254.8654971833316        8.1474351454608688E-003  -1.6112876574038173E-005   1.0146018699517024E-002
   3259.8654971833316        8.1476214839677017E-003  -1.6113490769834642E-005   1.0162132190286858E-002
   3264.8654971833316        8.1478073906065592E-003  -1.6114103551470565E-005   1.0178246293838329E-002
   3269.8654971833316        8.1479928669848933E-003  -1.6114714924179473E-005   1.0194361008762509E-002
   3274.8654971833316        8.1481779148002021E-003  -1.6115324893492203E-005   1.0210476333656002E-002
   3279.8654971833316        8.1483625356513958E-003  -1.6115933464615088E-005   1.0226592267120617E-002
   3284.8654971833316        8.1485467312233609E-003  -1.6116540643038354E-005   1.0242708807763656E-002
   3289.8654971833316        8.1487305031022195E-003  -1.6117146433927130E-005   1.0258825954197583E-002
   3294.8654971833316        8.1489138529311188E-003  -1.6117750842634983E-005   1.0274943705040219E-002
   3299.8654971833316        8.1490967823116822E-003  -1.6118353874379080E-005   1.0291062058914597E-002
   3304.8654971833316        8.1492792928435868E-003  -1.6118955534370629E-005   1.0307181014448968E-002
   3309.8654971833316        8.1494613861179555E-003  -1.6119555827793076E-005   1.0323300570276762E-002
   3314.8654971833316        8.1496430637313360E-003  -1.6120154759848235E-005   1.0339420725036611E-002
   3319.8654971833316        8.1498243272434285E-003  -1.6120752335616872E-005   1.0355541477372228E-002
   3324.8654971833316        8.1500051782252905E-003  -1.6121348560217656E-005   1.0371662825932446E-002
   3329.8654971833316        8.1501856182497282E-003  -1.6121943438775471E-005   1.0387784769371222E-002
   3334.8654971833316        8.1503656488462473E-003  -1.6122536976272864E-005   1.0403907306347495E-002
   3339.8654971833316        8.1505452715744543E-003  -1.6123129177792081E-005   1.0420030435525286E-002
   3344.8654971833316        8.1507244879676002E-003  -1.6123720048328906E-005   1.0436154155573614E-002
   3349.8654971833316        8.1509032995384801E-003  -1.6124309592812097E-005   1.0452278465166427E-002
   3354.8654971833316        8.1510817078273429E-003  -1.6124897816261369E-005   1.0468403362982688E-002
   3359.8654971833316        8.1512597143183659E-003  -1.6125484723511989E-005   1.0484528847706200E-002
   3364.8654971833316        8.1514373205370753E-003  -1.6126070319535972E-005   1.0500654918025737E-002
   3369.8654971833316        8.1516145279748511E-003  -1.6126654609193174E-005   1.0516781572634930E-002
   3374.8654971833316        8.1517913380930538E-003  -1.6127237597244871E-005   1.0532908810232175E-002
   3379.8654971833316        8.1519677524204293E-003  -1.6127819288674948E-005   1.0549036629520850E-002
   3384.8654971833316        8.1521437723726716E-003  -1.6128399688094930E-005   1.0565165029208946E-002
   3389.8654971833316        8.1523193994626174E-003  -1.6128978800437062E-005   1.0581294008009383E-002
   3394.8654971833316        8.1524946351060560E-003  -1.6129556630313999E-005   1.0597423564639696E-002
   3399.8654971833316        8.1526694807920515E-003  -1.6130133182580391E-005   1.0613553697822277E-002
   3404.8654971833316        8.1528439379119754E-003  -1.6130708461769166E-005   1.0629684406284047E-002
   3409.8654971833316        8.1530180079643130E-003  -1.6131282472766838E-005   1.0645815688756813E-002
   3414.8654971833316        8.1531916923016506E-003  -1.6131855219979224E-005   1.0661947543976792E-002
   3419.8654971833316        8.1533649924143397E-003  -1.6132426708266802E-005   1.0678079970685058E-002
   3424.8654971833316        8.1535379096507685E-003  -1.6132996942022297E-005   1.0694212967627081E-002
   3429.8654971833316        8.1537104454817554E-003  -1.6133565926042570E-005   1.0710346533553123E-002
   3434.8654971833316        8.1538826012259591E-003  -1.6134133664623042E-005   1.0726480667217746E-002
   3439.8654971833316        8.1540543783607169E-003  -1.6134700162582838E-005   1.0742615367380330E-002
   3444.8654971833316        8.1542257781876924E-003  -1.6135265424162094E-005   1.0758750632804492E-002
   3449.8654971833316        8.1543968021412904E-003  -1.6135829454039077E-005   1.0774886462258531E-002
   3454.8654971833316        8.1545674515667715E-003  -1.6136392256598445E-005   1.0791022854515130E-002
   3459.8654971833316        8.1547377278236560E-003  -1.6136953836272237E-005   1.0807159808351402E-002
   3464.8654971833316        8.1549076322781147E-003  -1.6137514197514803E-005   1.0823297322548917E-002
   3469.8654971833316        8.1550771662709815E-003  -1.6138073344697280E-005   1.0839435395893614E-002
   3474.8654971833316        8.1552463311441569E-003  -1.6138631282194678E-005   1.0855574027175810E-002
   3479.8654971833316        8.1554151282355204E-003  -1.6139188014369118E-005   1.0871713215190180E-002
   3484.8654971833316        8.1555835588802451E-003  -1.6139743545574126E-005   1.0887852958735754E-002
   3489.8654971833316        8.1557516243736319E-003  -1.6140297880032081E-005   1.0903993256615787E-002
   3494.8654971833316        8.1559193260616700E-003  -1.6140851022132892E-005   1.0920134107637919E-002
   3499.8654971833316        8.1560866652400088E-003  -1.6141402976100778E-005   1.0936275510614020E-002
   3504.8654971833316        8.1562536431936481E-003  -1.6141953746125174E-005   1.0952417464360145E-002
   3509.8654971833316        8.1564202612477432E-003  -1.6142503336528292E-005   1.0968559967696674E-002
   3514.8654971833316        8.1565865206689458E-003  -1.6143051751439740E-005   1.0984703019448113E-002
   3519.8654971833316        8.1567524227454391E-003  -1.6143598995060446E-005   1.1000846618443173E-002
   3524.8654971833316        8.1569179687511258E-003  -1.6144145071544590E-005   1.1016990763514718E-002
   3529.8654971833316        8.1570831599685652E-003  -1.6144689985075236E-005   1.1033135453499793E-002
   3534.8654971833316        8.1572479976315324E-003  -1.6145233739674841E-005   1.1049280687239468E-002
   3539.8654971833316        8.1574124830338414E-003  -1.6145776339564248E-005   1.1065426463579033E-002
   3544.8654971833316        8.1575766173908933E-003  -1.6146317788705958E-005   1.1081572781367739E-002
   3549.8654971833316        8.1577404019775642E-003  -1.6146858091258996E-005   1.1097719639458999E-002
   3554.8654971833316        8.1579038380004583E-003  -1.6147397251157472E-005   1.1113867036710155E-002
   3559.8654971833316        8.1580669267236807E-003  -1.6147935272525509E-005   1.1130014971982681E-002
   3564.8654971833316        8.1582296693419650E-003  -1.6148472159258697E-005   1.1146163444141939E-002
   3569.8654971833316        8.1583920671071241E-003  -1.6149007915441235E-005   1.1162312452057380E-002
   3574.8654971833316        8.1585541212003867E-003  -1.6149542544924782E-005   1.1178461994602304E-002
   3579.8654971833316        8.1587158328637315E-003  -1.6150076051761720E-005   1.1194612070654066E-002
   3584.8654971833316        8.1588772032559608E-003  -1.6150608439730317E-005   1.1210762679093796E-002
   3589.8654971833316        8.1590382336297080E-003  -1.6151139712918726E-005   1.1226913818806715E-002
   3594.8654971833316        8.1591989251114504E-003  -1.6151669874999182E-005   1.1243065488681715E-002
   3599.8654971833316        8.1593592789439510E-003  -1.6152198930027860E-005   1.1259217687611742E-002
   3604.8654971833316        8.1595192962643694E-003  -1.6152726881712834E-005   1.1275370414493455E-002
   3609.8654971833316        8.1596789782644591E-003  -1.6153253733942588E-005   1.1291523668227398E-002
   3614.8654971833316        8.1598383261037508E-003  -1.6153779490499595E-005   1.1307677447717898E-002
   3619.8654971833316        8.1599973409608884E-003  -1.6154304155229667E-005   1.1323831751873127E-002
   3624.8654971833316        8.1601560239552666E-003  -1.6154827731783419E-005   1.1339986579604911E-002
   3629.8654971833316        8.1603143762846858E-003  -1.6155350224070451E-005   1.1356141929828981E-002
   3634.8654971833316        8.1604723990505567E-003  -1.6155871635682628E-005   1.1372297801464664E-002
   3639.8654971833316        8.1606300934182648E-003  -1.6156391970423156E-005   1.1388454193435087E-002
   3644.8654971833316        8.1607874605203502E-003  -1.6156911231987157E-005   1.1404611104667074E-002
   3649.8654971833316        8.1609445014573130E-003  -1.6157429423964322E-005   1.1420768534091038E-002
   3654.8654971833316        8.1611012173925194E-003  -1.6157946550152042E-005   1.1436926480641190E-002
   3659.8654971833316        8.1612576094161008E-003  -1.6158462614106341E-005   1.1453084943255296E-002
   3664.8654971833316        8.1614136786435504E-003  -1.6158977619467205E-005   1.1469243920874762E-002
   3669.8654971833316        8.1615694261924065E-003  -1.6159491569881618E-005   1.1485403412444644E-002
   3674.8654971833316        8.1617248531478340E-003  -1.6160004468890035E-005   1.1501563416913534E-002
   3679.8654971833316        8.1618799606192546E-003  -1.6160516320113211E-005   1.1517723933233647E-002
   3684.8654971833316        8.1620347496979048E-003  -1.6161027127112148E-005   1.1533884960360759E-002
   3689.8654971833316        8.1621892214502403E-003  -1.6161536893366357E-005   1.1550046497254126E-002
   3694.8654971833316        8.1623433769976769E-003  -1.6162045622536960E-005   1.1566208542876663E-002
   3699.8654971833316        8.1624972173459775E-003  -1.6162553317903691E-005   1.1582371096194567E-002
   3704.8654971833316        8.1626507436573254E-003  -1.6163059983262736E-005   1.1598534156177830E-002
   3709.8654971833316        8.1628039569024407E-003  -1.6163565621778701E-005   1.1614697721799608E-002
   3714.8654971833316        8.1629568582144135E-003  -1.6164070237152272E-005   1.1630861792036760E-002
   3719.8654971833316        8.1631094486135543E-003  -1.6164573832712216E-005   1.1647026365869473E-002
   3724.8654971833316        8.1632617291532740E-003  -1.6165076411896770E-005   1.1663191442281369E-002
   3729.8654971833316        8.1634137008820499E-003  -1.6165577978128149E-005   1.1679357020259497E-002
   3734.8654971833316        8.1635653648415556E-003  -1.6166078534806368E-005   1.1695523098794304E-002
   3739.8654971833316        8.1637167220673119E-003  -1.6166578085311371E-005   1.1711689676879616E-002
   3744.8654971833316        8.1638677735791365E-003  -1.6167076632971527E-005   1.1727856753512587E-002
   3749.8654971833316        8.1640185204250055E-003  -1.6167574181208377E-005   1.1744024327693796E-002
   3754.8654971833316        8.1641689635967175E-003  -1.6168070733258303E-005   1.1760192398427054E-002
   3759.8654971833316        8.1643191041393306E-003  -1.6168566292533697E-005   1.1776360964719589E-002
   3764.8654971833316        8.1644689430400291E-003  -1.6169060862256184E-005   1.1792530025581845E-002
   3769.8654971833316        8.1646184813177550E-003  -1.6169554445752443E-005   1.1808699580027598E-002
   3774.8654971833316        8.1647677199719240E-003  -1.6170047046284927E-005   1.1824869627073882E-002
   3779.8654971833316        8.1649166600059209E-003  -1.6170538667129456E-005   1.1841040165741012E-002
   3784.8654971833316        8.1650653023923186E-003  -1.6171029311460334E-005   1.1857211195052472E-002
   3789.8654971833316        8.1652136481524355E-003  -1.6171518982613030E-005   1.1873382714035085E-002
   3794.8654971833316        8.1653616982236710E-003  -1.6172007683646234E-005   1.1889554721718730E-002
   3799.8654971833316        8.1655094536450257E-003  -1.6172495417954219E-005   1.1905727217136685E-002
   3804.8654971833316        8.1656569153262370E-003  -1.6172982188504821E-005   1.1921900199325189E-002
