 #              _____________________  _______________________             #
 #              ___  __ \__  __ \_  / / /_  /___  ____/_  ___/             #
 #              __  / / /_  /_/ /  / / /_  __/_  __/  _____ \              #
 #              _  /_/ /_  _, _// /_/ / / /_ _  /___  ____/ /              #
 #              /_____/ /_/ |_| \____/  \__/ /_____/  /____/               #
 #                                                                         #
  
 #        time                      [L]                   runoff elevation [m a.m.s.l]       runoff flux [L3.T-1.L-2]   in    x              directions   cumulative flux
 #-----------------------------------------------------------------------------------------------

   0.0000000000000000        0.0000000000000000       -0.0000000000000000        0.0000000000000000     
   1.0000000000000000E-004   0.0000000000000000       -0.0000000000000000        0.0000000000000000     
   2.0600000000000002E-004   0.0000000000000000       -0.0000000000000000        0.0000000000000000     
   3.1836000000000006E-004   0.0000000000000000       -0.0000000000000000        0.0000000000000000     
   4.3746160000000009E-004   0.0000000000000000       -0.0000000000000000        0.0000000000000000     
   5.6370929600000014E-004   0.0000000000000000       -0.0000000000000000        0.0000000000000000     
   6.9753185376000013E-004   0.0000000000000000       -0.0000000000000000        0.0000000000000000     
   8.3938376498560023E-004   0.0000000000000000       -0.0000000000000000        0.0000000000000000     
   9.8974679088473629E-004   0.0000000000000000       -0.0000000000000000        0.0000000000000000     
   1.1491315983378205E-003   0.0000000000000000       -0.0000000000000000        0.0000000000000000     
   1.3180794942380899E-003   0.0000000000000000       -0.0000000000000000        0.0000000000000000     
   1.4971642638923754E-003   0.0000000000000000       -0.0000000000000000        0.0000000000000000     
   1.6869941197259180E-003   0.0000000000000000       -0.0000000000000000        0.0000000000000000     
   1.8882137669094731E-003   0.0000000000000000       -0.0000000000000000        0.0000000000000000     
   2.1015065929240414E-003   0.0000000000000000       -0.0000000000000000        0.0000000000000000     
   2.3275969884994840E-003   0.0000000000000000       -0.0000000000000000        0.0000000000000000     
   2.5672528078094533E-003   0.0000000000000000       -0.0000000000000000        0.0000000000000000     
   2.8212879762780207E-003   0.0000000000000000       -0.0000000000000000        0.0000000000000000     
   3.0905652548547020E-003   0.0000000000000000       -0.0000000000000000        0.0000000000000000     
   3.3759991701459843E-003   0.0000000000000000       -0.0000000000000000        0.0000000000000000     
   3.6785591203547436E-003   0.0000000000000000       -0.0000000000000000        0.0000000000000000     
   3.9992726675760282E-003   0.0000000000000000       -0.0000000000000000        0.0000000000000000     
   4.3392290276305897E-003   0.0000000000000000       -0.0000000000000000        0.0000000000000000     
   4.6995827692884254E-003   0.0000000000000000       -0.0000000000000000        0.0000000000000000     
   5.0815577354457308E-003   0.0000000000000000       -0.0000000000000000        0.0000000000000000     
   5.4864511995724747E-003   0.0000000000000000       -0.0000000000000000        0.0000000000000000     
   5.9156382715468232E-003   0.0000000000000000       -0.0000000000000000        0.0000000000000000     
   6.3705765678396331E-003   0.0000000000000000       -0.0000000000000000        0.0000000000000000     
   6.8528111619100118E-003   0.0000000000000000       -0.0000000000000000        0.0000000000000000     
   7.3639798316246126E-003   0.0000000000000000       -0.0000000000000000        0.0000000000000000     
   7.9058186215220892E-003   0.0000000000000000       -0.0000000000000000        0.0000000000000000     
   8.4801677388134152E-003   0.0000000000000000       -0.0000000000000000        0.0000000000000000     
   9.0889778031422210E-003   0.0000000000000000       -0.0000000000000000        0.0000000000000000     
   9.7343164713307555E-003   0.0000000000000000       -0.0000000000000000        0.0000000000000000     
   1.0418375459610602E-002   0.0000000000000000       -0.0000000000000000        0.0000000000000000     
   1.1143477987187239E-002   0.0000000000000000       -0.0000000000000000        0.0000000000000000     
   1.1912086666418473E-002   0.0000000000000000       -0.0000000000000000        0.0000000000000000     
   1.2726811866403582E-002   0.0000000000000000       -0.0000000000000000        0.0000000000000000     
   1.3590420578387798E-002   0.0000000000000000       -0.0000000000000000        0.0000000000000000     
   1.4505845813091067E-002   0.0000000000000000       -0.0000000000000000        0.0000000000000000     
   1.5476196561876531E-002   0.0000000000000000       -0.0000000000000000        0.0000000000000000     
   1.6504768355589124E-002   0.0000000000000000       -0.0000000000000000        0.0000000000000000     
   1.7595054456924473E-002   0.0000000000000000       -0.0000000000000000        0.0000000000000000     
   1.8750757724339942E-002   0.0000000000000000       -0.0000000000000000        0.0000000000000000     
   1.9975803187800338E-002   0.0000000000000000       -0.0000000000000000        0.0000000000000000     
   2.1274351379068360E-002   0.0000000000000000       -0.0000000000000000        0.0000000000000000     
   2.2650812461812463E-002   0.0000000000000000       -0.0000000000000000        0.0000000000000000     
   2.4109861209521213E-002   0.0000000000000000       -0.0000000000000000        0.0000000000000000     
   2.5656452882092486E-002   0.0000000000000000       -0.0000000000000000        0.0000000000000000     
   2.7295840055018037E-002   0.0000000000000000       -0.0000000000000000        0.0000000000000000     
   2.9033590458319120E-002   0.0000000000000000       -0.0000000000000000        0.0000000000000000     
   3.0875605885818270E-002   0.0000000000000000       -0.0000000000000000        0.0000000000000000     
   3.2828142238967364E-002   0.0000000000000000       -0.0000000000000000        0.0000000000000000     
   3.4897830773305411E-002   0.0000000000000000       -0.0000000000000000        0.0000000000000000     
   3.7091700619703738E-002   0.0000000000000000       -0.0000000000000000        0.0000000000000000     
   3.9417202656885961E-002   0.0000000000000000       -0.0000000000000000        0.0000000000000000     
   4.1882234816299123E-002   0.0000000000000000       -0.0000000000000000        0.0000000000000000     
   4.4495168905277070E-002   0.0000000000000000       -0.0000000000000000        0.0000000000000000     
   4.7264879039593699E-002   0.0000000000000000       -0.0000000000000000        0.0000000000000000     
   5.0200771781969321E-002   0.0000000000000000       -0.0000000000000000        0.0000000000000000     
   5.3312818088887486E-002   0.0000000000000000       -0.0000000000000000        0.0000000000000000     
   5.6611587174220740E-002   0.0000000000000000       -0.0000000000000000        0.0000000000000000     
   6.0108282404673988E-002   0.0000000000000000       -0.0000000000000000        0.0000000000000000     
   6.3814779348954437E-002   0.0000000000000000       -0.0000000000000000        0.0000000000000000     
   6.7743666109891701E-002   0.0000000000000000       -0.0000000000000000        0.0000000000000000     
   7.1908286076485209E-002   0.0000000000000000       -0.0000000000000000        0.0000000000000000     
   7.6322783241074332E-002   0.0000000000000000       -0.0000000000000000        0.0000000000000000     
   8.1002150235538792E-002   0.0000000000000000       -0.0000000000000000        0.0000000000000000     
   8.5962279249671120E-002   0.0000000000000000       -0.0000000000000000        0.0000000000000000     
   9.1220016004651391E-002   0.0000000000000000       -0.0000000000000000        0.0000000000000000     
   9.6793216964930484E-002   0.0000000000000000       -0.0000000000000000        0.0000000000000000     
  0.10270080998282632        0.0000000000000000       -0.0000000000000000        0.0000000000000000     
  0.10896285858179591        0.0000000000000000       -0.0000000000000000        0.0000000000000000     
  0.11560063009670367        0.0000000000000000       -0.0000000000000000        0.0000000000000000     
  0.12263666790250589        0.0000000000000000       -0.0000000000000000        0.0000000000000000     
  0.13009486797665626        0.0000000000000000       -0.0000000000000000        0.0000000000000000     
  0.13800056005525563        0.0000000000000000       -0.0000000000000000        0.0000000000000000     
  0.14638059365857098        0.0000000000000000       -0.0000000000000000        0.0000000000000000     
  0.15526342927808526        0.0000000000000000       -0.0000000000000000        0.0000000000000000     
  0.16467923503477039        0.0000000000000000       -0.0000000000000000        0.0000000000000000     
  0.17465998913685662        0.0000000000000000       -0.0000000000000000        0.0000000000000000     
  0.18523958848506802        0.0000000000000000       -0.0000000000000000        0.0000000000000000     
  0.19645396379417213        0.0000000000000000       -0.0000000000000000        0.0000000000000000     
  0.20834120162182246        0.0000000000000000       -0.0000000000000000        0.0000000000000000     
  0.22094167371913181        0.0000000000000000       -0.0000000000000000        0.0000000000000000     
  0.23429817414227974        0.0000000000000000       -0.0000000000000000        0.0000000000000000     
  0.24845606459081654        0.0000000000000000       -0.0000000000000000        0.0000000000000000     
  0.26346342846626553        0.0000000000000000       -0.0000000000000000        0.0000000000000000     
  0.27937123417424148        0.0000000000000000       -0.0000000000000000        0.0000000000000000     
  0.29623350822469596        0.0000000000000000       -0.0000000000000000        0.0000000000000000     
  0.31410751871817771        0.0000000000000000       -0.0000000000000000        0.0000000000000000     
  0.33305396984126839        0.0000000000000000       -0.0000000000000000        0.0000000000000000     
  0.35313720803174453        0.0000000000000000       -0.0000000000000000        0.0000000000000000     
  0.37442544051364923        0.0000000000000000       -0.0000000000000000        0.0000000000000000     
  0.39699096694446823        0.0000000000000000       -0.0000000000000000        0.0000000000000000     
  0.42091042496113634        0.0000000000000000       -0.0000000000000000        0.0000000000000000     
  0.44626505045880455        0.0000000000000000       -0.0000000000000000        0.0000000000000000     
  0.47314095348633284        0.0000000000000000       -0.0000000000000000        0.0000000000000000     
  0.50162941069551281        0.0000000000000000       -0.0000000000000000        0.0000000000000000     
  0.53182717533724366        0.0000000000000000       -0.0000000000000000        0.0000000000000000     
  0.56383680585747831        0.0000000000000000       -0.0000000000000000        0.0000000000000000     
  0.59776701420892708        0.0000000000000000       -0.0000000000000000        0.0000000000000000     
  0.63373303506146272        0.0000000000000000       -0.0000000000000000        0.0000000000000000     
  0.67185701716515056        0.0000000000000000       -0.0000000000000000        0.0000000000000000     
  0.71226843819505958        0.0000000000000000       -0.0000000000000000        0.0000000000000000     
  0.75510454448676323        0.0000000000000000       -0.0000000000000000        0.0000000000000000     
  0.80051081715596906        0.0000000000000000       -0.0000000000000000        0.0000000000000000     
  0.84864146618532721        0.0000000000000000       -0.0000000000000000        0.0000000000000000     
  0.89965995415644684        0.0000000000000000       -0.0000000000000000        0.0000000000000000     
  0.95373955140583366        0.0000000000000000       -0.0000000000000000        0.0000000000000000     
   1.0110639244901838        0.0000000000000000       -0.0000000000000000        0.0000000000000000     
   1.0718277599595949        0.0000000000000000       -0.0000000000000000        0.0000000000000000     
   1.1362374255571706        0.0000000000000000       -0.0000000000000000        0.0000000000000000     
   1.2045116710906008        0.0000000000000000       -0.0000000000000000        0.0000000000000000     
   1.2768823713560369        0.0000000000000000       -0.0000000000000000        0.0000000000000000     
   1.3535953136373993        0.0000000000000000       -0.0000000000000000        0.0000000000000000     
   1.4349110324556433        0.0000000000000000       -0.0000000000000000        0.0000000000000000     
   1.5211056944029819        0.0000000000000000       -0.0000000000000000        0.0000000000000000     
   1.6124720360671609        0.0000000000000000       -0.0000000000000000        0.0000000000000000     
   1.7093203582311907        0.0000000000000000       -0.0000000000000000        0.0000000000000000     
   1.8119795797250622        0.0000000000000000       -0.0000000000000000        0.0000000000000000     
   1.9207983545085661        0.0000000000000000       -0.0000000000000000        0.0000000000000000     
   2.0361462557790801        0.0000000000000000       -0.0000000000000000        0.0000000000000000     
   2.1584150311258252        0.0000000000000000       -0.0000000000000000        0.0000000000000000     
   2.2880199329933748        0.0000000000000000       -0.0000000000000000        0.0000000000000000     
   2.4254011289729775        0.0000000000000000       -0.0000000000000000        0.0000000000000000     
   2.5710251967113562        0.0000000000000000       -0.0000000000000000        0.0000000000000000     
   2.7253867085140375        0.0000000000000000       -0.0000000000000000        0.0000000000000000     
   2.8890099110248801        0.0000000000000000       -0.0000000000000000        0.0000000000000000     
   3.0624505056863729        0.0000000000000000       -0.0000000000000000        0.0000000000000000     
   3.2462975360275554        0.0000000000000000       -0.0000000000000000        0.0000000000000000     
   3.4411753881892091        0.0000000000000000       -0.0000000000000000        0.0000000000000000     
   3.6477459114805617        0.0000000000000000       -0.0000000000000000        0.0000000000000000     
   3.8667106661693955        0.0000000000000000       -0.0000000000000000        0.0000000000000000     
   4.0988133061395597        0.0000000000000000       -0.0000000000000000        0.0000000000000000     
   4.3448421045079337        0.0000000000000000       -0.0000000000000000        0.0000000000000000     
   4.6056326307784099        0.0000000000000000       -0.0000000000000000        0.0000000000000000     
   4.8820705886251146        0.0000000000000000       -0.0000000000000000        0.0000000000000000     
   5.1750948239426213        0.0000000000000000       -0.0000000000000000        0.0000000000000000     
   5.4857005133791787        0.0000000000000000       -0.0000000000000000        0.0000000000000000     
   5.8149425441819300        0.0000000000000000       -0.0000000000000000        0.0000000000000000     
   6.1639390968328458        0.0000000000000000       -0.0000000000000000        0.0000000000000000     
   6.5338754426428167        0.0000000000000000       -0.0000000000000000        0.0000000000000000     
   6.9260079692013861        0.0000000000000000       -0.0000000000000000        0.0000000000000000     
   7.3416684473534692        0.0000000000000000       -0.0000000000000000        0.0000000000000000     
   7.7822685541946779        0.0000000000000000       -0.0000000000000000        0.0000000000000000     
   8.2493046674463599        0.0000000000000000       -0.0000000000000000        0.0000000000000000     
   8.7443629474931424        0.0000000000000000       -0.0000000000000000        0.0000000000000000     
   9.2691247243427313        0.0000000000000000       -0.0000000000000000        0.0000000000000000     
   9.8253722078032961        0.0000000000000000       -0.0000000000000000        0.0000000000000000     
   10.414994540271495        0.0000000000000000       -0.0000000000000000        0.0000000000000000     
   11.039994212687786        0.0000000000000000       -0.0000000000000000        0.0000000000000000     
   11.702493865449053        0.0000000000000000       -0.0000000000000000        0.0000000000000000     
   12.404743497375996        0.0000000000000000       -0.0000000000000000        0.0000000000000000     
   13.149128107218557        0.0000000000000000       -0.0000000000000000        0.0000000000000000     
   13.938175793651672        0.0000000000000000       -0.0000000000000000        0.0000000000000000     
   14.774566341270774        0.0000000000000000       -0.0000000000000000        0.0000000000000000     
   15.661140321747020        0.0000000000000000       -0.0000000000000000        0.0000000000000000     
   16.600908741051843        0.0000000000000000       -0.0000000000000000        0.0000000000000000     
   17.597063265514954        0.0000000000000000       -0.0000000000000000        0.0000000000000000     
   18.652987061445852        0.0000000000000000       -0.0000000000000000        0.0000000000000000     
   19.772266285132606        0.0000000000000000       -0.0000000000000000        0.0000000000000000     
   20.958702262240564        0.0000000000000000       -0.0000000000000000        0.0000000000000000     
   22.216324397974997        0.0000000000000000       -0.0000000000000000        0.0000000000000000     
   23.549403861853499        0.0000000000000000       -0.0000000000000000        0.0000000000000000     
   24.962468093564709        0.0000000000000000       -0.0000000000000000        0.0000000000000000     
   26.460316179178594        0.0000000000000000       -0.0000000000000000        0.0000000000000000     
   28.048035149929312        0.0000000000000000       -0.0000000000000000        0.0000000000000000     
   29.731017258925071        0.0000000000000000       -0.0000000000000000        0.0000000000000000     
   31.514978294460576        0.0000000000000000       -0.0000000000000000        0.0000000000000000     
   33.405976992128210        0.0000000000000000       -0.0000000000000000        0.0000000000000000     
   35.410435611655906        0.0000000000000000       -0.0000000000000000        0.0000000000000000     
   37.535161748355264        0.0000000000000000       -0.0000000000000000        0.0000000000000000     
   39.787371453256583        0.0000000000000000       -0.0000000000000000        0.0000000000000000     
   42.174713740451978        0.0000000000000000       -0.0000000000000000        0.0000000000000000     
   44.705296564879099        0.0000000000000000       -0.0000000000000000        0.0000000000000000     
   47.387714358771845        0.0000000000000000       -0.0000000000000000        0.0000000000000000     
   50.231077220298161        0.0000000000000000       -0.0000000000000000        0.0000000000000000     
   53.245041853516049        0.0000000000000000       -0.0000000000000000        0.0000000000000000     
   56.439844364727016        0.0000000000000000       -0.0000000000000000        0.0000000000000000     
   59.826335026610636        7.5701393979720095E-004  -1.8119309871165692E-010   1.8119309871165692E-010
   63.416015128207277        4.3178083432467793E-003  -3.2991910055396897E-009   3.4803841042513465E-009
   67.221076035899713        1.0931054702380989E-002  -1.5514530483721643E-008   1.8994914587972987E-008
   71.254440598053705        2.0862627572795295E-002  -4.5559980890220847E-008   6.4554895478193828E-008
   75.529807033936933        3.4396696017234898E-002  -1.0483261153249153E-007   1.6938750701068534E-007
   80.061695455973151        5.1836881597748082E-002  -2.0766659238370029E-007   3.7705409939438563E-007
   84.865497183331541        7.3507486813115974E-002  -3.7169593835213781E-007   7.4875003774652344E-007
   89.865497183331541        9.9280393538905484E-002  -6.1339609611945859E-007   1.3621461338659819E-006
   94.865497183331541       0.12812097798412272       -9.3828678454183226E-007   2.3004329184078144E-006
   99.865497183331541       0.15975882212825748       -1.3554284824065726E-006   3.6558614008143872E-006
   104.86549718333154       0.19381026581361810       -1.8703798695453645E-006   5.5262412703597515E-006
   109.86549718333154       0.22942966189320213       -2.4777137607214336E-006   8.0039550310811847E-006
   114.86549718333154       0.26494357747582553       -3.1493736145360432E-006   1.1153328645617227E-005
   119.86549718333154       0.29809184786747844       -3.8331165357600030E-006   1.4986445181377231E-005
   124.86549718333154       0.32698913814942493       -4.4722293625066499E-006   1.9458674543883880E-005
   129.86549718333154       0.35092287002906380       -5.0310037992162718E-006   2.4489678343100152E-005
   134.86549718333154       0.37030630687425170       -5.5026307694776247E-006   2.9992309112577776E-005
   139.86549718333154       0.38609632472470284       -5.8992206014582599E-006   3.5891529714036035E-005
   144.86549718333154       0.39927102964735178       -6.2385193129383027E-006   4.2130049026974339E-005
   149.86549718333154       0.41059327037695065       -6.5361433619394036E-006   4.8666192388913744E-005
   154.86549718333154       0.42058428860091884       -6.8033623058420354E-006   5.5469554694755779E-005
   159.86549718333154       0.42958010495882987       -7.0476142325808046E-006   6.2517168927336581E-005
   164.86549718333154       0.43779605525403870       -7.2736924001483704E-006   6.9790861327484956E-005
   169.86549718333154       0.44537454642705332       -7.4847536850031996E-006   7.7275615012488156E-005
   174.86549718333154       0.45241479326427869       -7.6829826606348547E-006   8.4958597673123011E-005
   179.86549718333154       0.45898989798085943       -7.8699819487954573E-006   9.2828579621918468E-005
   184.86549718333154       0.46515640710418749       -8.0469913881988383E-006   1.0087557101011731E-004
   189.86549718333154       0.47095973372187355       -8.2150110713938713E-006   1.0909058208151118E-004
   194.86549718333154       0.47643736556154409       -8.3748727168476663E-006   1.1746545479835885E-004
   199.86549718333154       0.48162087335498893       -8.5272833153288930E-006   1.2599273811368775E-004
   204.86549718333154       0.48653724381086400       -8.6728534631064541E-006   1.3466559157679421E-004
   209.86549718333154       0.49120981172531991       -8.8121168254313611E-006   1.4347770840222556E-004
   214.86549718333154       0.49565894034175578       -8.9455441698365295E-006   1.5242325257206209E-004
   219.86549718333154       0.49990253506834248       -9.0735538877993763E-006   1.6149680645986147E-004
   224.86549718333154       0.50395644178556021       -9.1965201306231282E-006   1.7069332659048461E-004
   229.86549718333154       0.50783476218463708       -9.3147792547270936E-006   1.8000810584521169E-004
   234.86549718333154       0.51155010762470654       -9.4286350264171015E-006   1.8943674087162880E-004
   239.86549718333154       0.51511380630209125       -9.5383628900662794E-006   1.9897510376169509E-004
   244.86549718333154       0.51853607425221815       -9.6442135125718207E-006   2.0861931727426692E-004
   249.86549718333154       0.52182615787128916       -9.7464157578800391E-006   2.1836573303214696E-004
   254.86549718333154       0.52499245370155734       -9.8451792056073794E-006   2.2821091223775434E-004
   259.86549718333151       0.52804260985357165       -9.9406963001752597E-006   2.3815160853792961E-004
   264.86549718333151       0.53098361244757286       -1.0033144197139482E-005   2.4818475273506908E-004
   269.86549718333151       0.53382185972525908       -1.0122686358970858E-005   2.5830743909403993E-004
   274.86549718333151       0.53656322593410399       -1.0209473941772756E-005   2.6851691303581270E-004
   279.86549718333151       0.53921311666810556       -1.0293647006247360E-005   2.7881056004206009E-004
   284.86549718333151       0.54177651702591878       -1.0375335579924744E-005   2.8918589562198485E-004
   289.86549718333151       0.54425803369525172       -1.0454660592755746E-005   2.9964055621474060E-004
   294.86549718333151       0.54666193187346312       -1.0531734704287322E-005   3.1017229091902791E-004
   299.86549718333151       0.54899216777634674       -1.0606663037555664E-005   3.2077895395658356E-004
   304.86549718333151       0.55125241736010744       -1.0679543832343942E-005   3.3145849778892751E-004
   309.86549718333151       0.55344610177899312       -1.0750469028436744E-005   3.4220896681736427E-004
   314.86549718333151       0.55557641001771640       -1.0819524787861034E-005   3.5302849160522530E-004
   319.86549718333151       0.55764631906947415       -1.0886791963750358E-005   3.6391528356897568E-004
   324.86549718333151       0.55965861197424105       -1.0952346522354049E-005   3.7486763009132973E-004
   329.86549718333151       0.56161589398522205       -1.1016259923775401E-005   3.8588389001510513E-004
   334.86549718333151       0.56352060709295948       -1.1078599466256491E-005   3.9696248948136164E-004
   339.86549718333151       0.56537504310381881       -1.1139428598161305E-005   4.0810191807952296E-004
   344.86549718333151       0.56718135544262926       -1.1198807201265411E-005   4.1930072528078839E-004
   349.86549718333151       0.56894156982628119       -1.1256791848491483E-005   4.3055751712927986E-004
   354.86549718333151       0.57065759393543691       -1.1313436038824591E-005   4.4187095316810447E-004
   359.86549718333151       0.57233122619521792       -1.1368790411807935E-005   4.5323974357991241E-004
   364.86549718333151       0.57396416376154902       -1.1422902943724464E-005   4.6466264652363689E-004
   369.86549718333151       0.57555800979773208       -1.1475819127316975E-005   4.7613846565095386E-004
   374.86549718333151       0.57711428011552646       -1.1527582136684032E-005   4.8766604778763788E-004
   379.86549718333151       0.57863440924596421       -1.1578232978796830E-005   4.9924428076643466E-004
   384.86549718333151       0.58011975599766008       -1.1627810632926718E-005   5.1087209139936138E-004
   389.86549718333151       0.58157160855333612       -1.1676352179118689E-005   5.2254844357848011E-004
   394.86549718333151       0.58299118914977388       -1.1723892916731630E-005   5.3427233649521171E-004
   399.86549718333151       0.58437965838121242       -1.1770466473952484E-005   5.4604280296916420E-004
   404.86549718333151       0.58573811916178298       -1.1816104909095539E-005   5.5785890787825971E-004
   409.86549718333151       0.58706762037876670       -1.1860838804415629E-005   5.6971974668267532E-004
   414.86549718333151       0.58836916026495611       -1.1904697353086187E-005   5.8162444403576149E-004
   419.86549718333151       0.58964368951561674       -1.1947708439933825E-005   5.9357215247569527E-004
   424.86549718333151       0.59089211417260468       -1.1989898716452605E-005   6.0556205119214788E-004
   429.86549718333151       0.59211529829627996       -1.2031293670583059E-005   6.1759334486273098E-004
   434.86549718333151       0.59331406644333629       -1.2071917691679463E-005   6.2966526255441046E-004
   439.86549718333151       0.59448920596728971       -1.2111794131062804E-005   6.4177705668547321E-004
   444.86549718333151       0.59564146915638816       -1.2150945358508152E-005   6.5392800204398132E-004
   449.86549718333151       0.59677157522256730       -1.2189392814992649E-005   6.6611739485897400E-004
   454.86549718333151       0.59788021215349485       -1.2227157061990949E-005   6.7834455192096498E-004
   459.86549718333151       0.59896803843891100       -1.2264257827589183E-005   6.9060880974855412E-004
   464.86549718333151       0.60003568468114754       -1.2300714049654710E-005   7.0290952379820884E-004
   469.86549718333151       0.60108375509905043       -1.2336543916286589E-005   7.1524606771449547E-004
   474.86549718333151       0.60211282893355145       -1.2371764903747230E-005   7.2761783261824275E-004
   479.86549718333151       0.60312346176242249       -1.2406393812059290E-005   7.4002422643030207E-004
   484.86549718333151       0.60411618673112422       -1.2440446798437901E-005   7.5246467322874001E-004
   489.86549718333151       0.60509151570598940       -1.2473939408711558E-005   7.6493861263745157E-004
   494.86549718333151       0.60604994035558757       -1.2506886606877454E-005   7.7744549924432902E-004
   499.86549718333151       0.60699193316541322       -1.2539302802917859E-005   7.8998480204724685E-004
   504.86549718333151       0.60791794839078095       -1.2571201878999998E-005   8.0255600392624687E-004
   509.86549718333151       0.60882842295234452       -1.2602597214169953E-005   8.1515860114041681E-004
   514.86549718333151       0.60972377727825344       -1.2633501707641097E-005   8.2779210284805792E-004
   519.86549718333151       0.61060441609672578       -1.2663927800772741E-005   8.4045603064883065E-004
   524.86549718333151       0.61147072918246337       -1.2693887497825686E-005   8.5314991814665635E-004
   529.86549718333151       0.61232309205999891       -1.2723392385572541E-005   8.6587331053222891E-004
   534.86549718333151       0.61316186666693850       -1.2752453651838691E-005   8.7862576418406765E-004
   539.86549718333151       0.61398740197983437       -1.2781082103044393E-005   8.9140684628711208E-004
   544.86549718333151       0.61480003460506449       -1.2809288180807943E-005   9.0421613446791998E-004
   549.86549718333151       0.61560008933704025       -1.2837081977669926E-005   9.1705321644558989E-004
   554.86549718333151       0.61638787968591435       -1.2864473251995114E-005   9.2991768969758501E-004
   559.86549718333151       0.61716370837668266       -1.2891471442100418E-005   9.4280916113968544E-004
   564.86549718333151       0.61792786782153164       -1.2918085679657234E-005   9.5572724681934271E-004
   569.86549718333151       0.61868064056707472       -1.2944324802410752E-005   9.6867157162175345E-004
   574.86549718333151       0.61942229971815310       -1.2970197366260789E-005   9.8164176898801422E-004
   579.86549718333151       0.62015310933948764       -1.2995711656736648E-005   9.9463748064475082E-004
   584.86549718333151       0.62087332483665414       -1.3020875699905509E-005   1.0076583563446563E-003
   589.86549718333151       0.62158319331755107       -1.3045697272744617E-005   1.0207040536174010E-003
   594.86549718333151       0.62228295393566269       -1.3070183913012747E-005   1.0337742375304136E-003
   599.86549718333151       0.62297283821598803       -1.3094342928642170E-005   1.0468685804590559E-003
   604.86549718333151       0.62365307036489281       -1.3118181406686611E-005   1.0599867618657425E-003
   609.86549718333151       0.62432386756461755       -1.3141706221842890E-005   1.0731284680875854E-003
   614.86549718333151       0.62498544025345204       -1.3164924044574369E-005   1.0862933921321598E-003
   619.86549718333151       0.62563799239235407       -1.3187841348856562E-005   1.0994812334810162E-003
   624.86549718333151       0.62628172171883290       -1.3210464419567420E-005   1.1126916979005837E-003
   629.86549718333151       0.62691681998866289       -1.3232799359536210E-005   1.1259244972601200E-003
   634.86549718333151       0.62754347320631054       -1.3254852096276502E-005   1.1391793493563964E-003
   639.86549718333151       0.62816186184456735       -1.3276628388415526E-005   1.1524559777448119E-003
   644.86549718333151       0.62877216105398925       -1.3298133831836167E-005   1.1657541115766481E-003
   649.86549718333151       0.62937454086277744       -1.3319373865549605E-005   1.1790734854421976E-003
   654.86549718333151       0.62996916636748568       -1.3340353777307919E-005   1.1924138392195055E-003
   659.86549718333151       0.63055619791520756       -1.3361078708975875E-005   1.2057749179284814E-003
   664.86549718333151       0.63113579127746111       -1.3381553661665949E-005   1.2191564715901475E-003
   669.86549718333151       0.63170809781653436       -1.3401783500660072E-005   1.2325582550908076E-003
   674.86549718333151       0.63227326464435885       -1.3421772960117412E-005   1.2459800280509249E-003
   679.86549718333151       0.63283143477449677       -1.3441526647585844E-005   1.2594215546985108E-003
   684.86549718333151       0.63338274726752719       -1.3461049048324457E-005   1.2728826037468352E-003
   689.86549718333151       0.63392733737018714       -1.3480344529447086E-005   1.2863629482762822E-003
   694.86549718333151       0.63446533664856430       -1.3499417343894934E-005   1.2998623656201771E-003
   699.86549718333151       0.63499687311563624       -1.3518271634246454E-005   1.3133806372544236E-003
   704.86549718333151       0.63552207135349470       -1.3536911436374343E-005   1.3269175486907978E-003
   709.86549718333151       0.63604105263040989       -1.3555340682953114E-005   1.3404728893737510E-003
   714.86549718333151       0.63655393501309754       -1.3573563206828273E-005   1.3540464525805792E-003
   719.86549718333151       0.63706083347436226       -1.3591582744251424E-005   1.3676380353248305E-003
   724.86549718333151       0.63756185999633008       -1.3609402937987238E-005   1.3812474382628177E-003
   729.86549718333151       0.63805712366953837       -1.3627027340300248E-005   1.3948744656031178E-003
   734.86549718333151       0.63854673078802171       -1.3644459415824892E-005   1.4085189250189428E-003
   739.86549718333151       0.63903078494058851       -1.3661702544324387E-005   1.4221806275632673E-003
   744.86549718333151       0.63950938709853999       -1.3678760023345999E-005   1.4358593875866132E-003
   749.86549718333151       0.63998263569986236       -1.3695635070772705E-005   1.4495550226573859E-003
   754.86549718333151       0.64045062673021569       -1.3712330827281438E-005   1.4632673534846674E-003
   759.86549718333151       0.64091345380072329       -1.3728850358707164E-005   1.4769962038433746E-003
   764.86549718333151       0.64137120822278793       -1.3745196658319583E-005   1.4907414005016942E-003
   769.86549718333151       0.64182397908005129       -1.3761372649015887E-005   1.5045027731507101E-003
   774.86549718333151       0.64227185329760506       -1.3777381185432288E-005   1.5182801543361425E-003
   779.86549718333151       0.64271491570865247       -1.3793225055980738E-005   1.5320733793921233E-003
   784.86549718333151       0.64315324911856508       -1.3808906984807892E-005   1.5458822863769312E-003
   789.86549718333151       0.64358693436667946       -1.3824429633687976E-005   1.5597067160106192E-003
   794.86549718333151       0.64401605038571164       -1.3839795603844390E-005   1.5735465116144636E-003
   799.86549718333151       0.64444067425906204       -1.3855007437709101E-005   1.5874015190521728E-003
   804.86549718333151       0.64486088127598917       -1.3870067620618441E-005   1.6012715866727911E-003
   809.86549718333151       0.64527674498480092       -1.3884978582449977E-005   1.6151565652552410E-003
   814.86549718333151       0.64568833724414998       -1.3899742699202964E-005   1.6290563079544439E-003
   819.86549718333151       0.64609572827245143       -1.3914362294522480E-005   1.6429706702489665E-003
   824.86549718333151       0.64649898669559858       -1.3928839641173043E-005   1.6568995098901395E-003
   829.86549718333151       0.64689817959295748       -1.3943176962460433E-005   1.6708426868526000E-003
   834.86549718333151       0.64729337254176389       -1.3957376433605795E-005   1.6848000632862059E-003
   839.86549718333151       0.64768462965997298       -1.3971440183073275E-005   1.6987715034692792E-003
   844.86549718333151       0.64807201364761680       -1.3985370293852792E-005   1.7127568737631321E-003
   849.86549718333151       0.64845558582676588       -1.3999168804700955E-005   1.7267560425678330E-003
   854.86549718333151       0.64883540618011337       -1.4012837711340499E-005   1.7407688802791735E-003
   859.86549718333151       0.64921153338821502       -1.4026378967618924E-005   1.7547952592467924E-003
   864.86549718333151       0.64958402486550748       -1.4039794486630507E-005   1.7688350537334229E-003
   869.86549718333151       0.64995293679511212       -1.4053086141801561E-005   1.7828881398752245E-003
   874.86549718333151       0.65031832416247914       -1.4066255767940620E-005   1.7969543956431651E-003
   879.86549718333151       0.65068024078792008       -1.4079305162254976E-005   1.8110337008054201E-003
   884.86549718333151       0.65103873935805090       -1.4092236085334055E-005   1.8251259368907541E-003
   889.86549718333151       0.65139387145621774       -1.4105050262102001E-005   1.8392309871528561E-003
   894.86549718333151       0.65174568759191565       -1.4117749382739565E-005   1.8533487365355956E-003
   899.86549718333151       0.65209423722930449       -1.4130335103578760E-005   1.8674790716391744E-003
   904.86549718333151       0.65243956881471810       -1.4142809047966404E-005   1.8816218806871408E-003
   909.86549718333151       0.65278172980340465       -1.4155172807104808E-005   1.8957770534942457E-003
   914.86549718333151       0.65312076668530628       -1.4167427940862517E-005   1.9099444814351082E-003
   919.86549718333151       0.65345672501012542       -1.4179575978563844E-005   1.9241240574136721E-003
   924.86549718333151       0.65378964941150475       -1.4191618419750715E-005   1.9383156758334228E-003
   929.86549718333151       0.65411958363054468       -1.4203556734924778E-005   1.9525192325683476E-003
   934.86549718333151       0.65444657053849853       -1.4215392366263759E-005   1.9667346249346114E-003
   939.86549718333151       0.65477065215883501       -1.4227126728318829E-005   1.9809617516629301E-003
   944.86549718333151       0.65509186968861477       -1.4238761208690809E-005   1.9952005128716210E-003
   949.86549718333151       0.65541026351915777       -1.4250297168684312E-005   2.0094508100403051E-003
   954.86549718333151       0.65572587325615017       -1.4261735943944951E-005   2.0237125459842500E-003
   959.86549718333151       0.65603873773911203       -1.4273078845076761E-005   2.0379856248293267E-003
   964.86549718333151       0.65634889506026806       -1.4284327158241047E-005   2.0522699519875676E-003
   969.86549718333151       0.65665638258287484       -1.4295482145738667E-005   2.0665654341333064E-003
   974.86549718333151       0.65696123695901010       -1.4306545046575661E-005   2.0808719791798819E-003
   979.86549718333151       0.65726349414679441       -1.4317517077011131E-005   2.0951894962568931E-003
   984.86549718333151       0.65756318942715908       -1.4328399431091376E-005   2.1095178956879847E-003
   989.86549718333151       0.65786035742006377       -1.4339193281166618E-005   2.1238570889691513E-003
   994.86549718333151       0.65815503210029480       -1.4349899778395030E-005   2.1382069887475462E-003
   999.86549718333151       0.65844724681280165       -1.4360520053232410E-005   2.1525675088007786E-003
   1004.8654971833315       0.65873703428757013       -1.4371055215907335E-005   2.1669385640166860E-003
   1009.8654971833315       0.65902442665401662       -1.4381506356881146E-005   2.1813200703735673E-003
   1014.8654971833315       0.65930945545509501       -1.4391874547299642E-005   2.1957119449208667E-003
   1019.8654971833315       0.65959215166093133       -1.4402160839429664E-005   2.2101141057602964E-003
   1024.8654971833316       0.65987254568204479       -1.4412366267082683E-005   2.2245264720273791E-003
   1029.8654971833316       0.66015066738225381       -1.4422491846028778E-005   2.2389489638734079E-003
   1034.8654971833316       0.66042654609121032       -1.4432538574399012E-005   2.2533815024478069E-003
   1039.8654971833316       0.66070021061656126       -1.4442507433075984E-005   2.2678240098808829E-003
   1044.8654971833316       0.66097168925577710       -1.4452399386074005E-005   2.2822764092669569E-003
   1049.8654971833316       0.66124100980768041       -1.4462215380909998E-005   2.2967386246478668E-003
   1054.8654971833316       0.66150819958363116       -1.4471956348963518E-005   2.3112105809968302E-003
   1059.8654971833316       0.66177328541844938       -1.4481623205828722E-005   2.3256922042026590E-003
   1064.8654971833316       0.66203629368098094       -1.4491216851654872E-005   2.3401834210543138E-003
   1069.8654971833316       0.66229725028439979       -1.4500738171478599E-005   2.3546841592257924E-003
   1074.8654971833316       0.66255618069628153       -1.4510188035549301E-005   2.3691943472613419E-003
   1079.8654971833316       0.66281310994830556       -1.4519567299642288E-005   2.3837139145609842E-003
   1084.8654971833316       0.66306806264583396       -1.4528876805368720E-005   2.3982427913663527E-003
   1089.8654971833316       0.66332106297712523       -1.4538117380473521E-005   2.4127809087468263E-003
   1094.8654971833316       0.66357213472236132       -1.4547289839127633E-005   2.4273281985859540E-003
   1099.8654971833316       0.66382130126237981       -1.4556394982210705E-005   2.4418845935681647E-003
   1104.8654971833316       0.66406858558726634       -1.4565433597589813E-005   2.4564500271657547E-003
   1109.8654971833316       0.66431401030467474       -1.4574406460389295E-005   2.4710244336261442E-003
   1114.8654971833316       0.66455759764789524       -1.4583314333252463E-005   2.4856077479593966E-003
   1119.8654971833316       0.66479936948380336       -1.4592157966599965E-005   2.5001999059259964E-003
   1124.8654971833316       0.66503934732051817       -1.4600938098878518E-005   2.5148008440248749E-003
   1129.8654971833316       0.66527755231490815       -1.4609655456804994E-005   2.5294104994816797E-003
   1134.8654971833316       0.66551400527991866       -1.4618310755604947E-005   2.5440288102372846E-003
   1139.8654971833316       0.66574872669168239       -1.4626904699244046E-005   2.5586557149365288E-003
   1144.8654971833316       0.66598173669648109       -1.4635437980654988E-005   2.5732911529171838E-003
   1149.8654971833316       0.66621305511748852       -1.4643911281957170E-005   2.5879350641991408E-003
   1154.8654971833316       0.66644270146139239       -1.4652325274672810E-005   2.6025873894738134E-003
   1159.8654971833316       0.66667069492485609       -1.4660680619937916E-005   2.6172480700937515E-003
   1164.8654971833316       0.66689705440076386       -1.4668977968706142E-005   2.6319170480624578E-003
   1169.8654971833316       0.66712179848435282       -1.4677217961949193E-005   2.6465942660244069E-003
   1174.8654971833316       0.66734494547918866       -1.4685401230852236E-005   2.6612796672552592E-003
   1179.8654971833316       0.66756651340301842       -1.4693528397005471E-005   2.6759731956522647E-003
   1184.8654971833316       0.66778651999343364       -1.4701600072589441E-005   2.6906747957248542E-003
   1189.8654971833316       0.66800498271342734       -1.4709616860557069E-005   2.7053844125854111E-003
   1194.8654971833316       0.66822191875681958       -1.4717579354811545E-005   2.7201019919402226E-003
   1199.8654971833316       0.66843734505353880       -1.4725488140379465E-005   2.7348274800806020E-003
   1204.8654971833316       0.66865127827477755       -1.4733343793580011E-005   2.7495608238741818E-003
   1209.8654971833316       0.66886373483805417       -1.4741146882191204E-005   2.7643019707563731E-003
   1214.8654971833316       0.66907473091210101       -1.4748897965610374E-005   2.7790508687219836E-003
   1219.8654971833316       0.66928428242168880       -1.4756597595012804E-005   2.7938074663169964E-003
   1224.8654971833316       0.66949240505230012       -1.4764246313505343E-005   2.8085717126305016E-003
   1229.8654971833316       0.66969911425476458       -1.4771844656279149E-005   2.8233435572867808E-003
   1234.8654971833316       0.66990442524966198       -1.4779393150754369E-005   2.8381229504375353E-003
   1239.8654971833316       0.67010835303174709       -1.4786892316726084E-005   2.8529098427542616E-003
   1244.8654971833316       0.67031091237416240       -1.4794342666502943E-005   2.8677041854207647E-003
   1249.8654971833316       0.67051211783267395       -1.4801744705047081E-005   2.8825059301258119E-003
   1254.8654971833316       0.67071198374972874       -1.4809098930107911E-005   2.8973150290559197E-003
   1259.8654971833316       0.67091052425842745       -1.4816405832353209E-005   2.9121314348882731E-003
   1264.8654971833316       0.67110775328641825       -1.4823665895497720E-005   2.9269551007837708E-003
   1269.8654971833316       0.67130368455970757       -1.4830879596429112E-005   2.9417859803801999E-003
   1274.8654971833316       0.67149833160639927       -1.4838047405331655E-005   2.9566240277855314E-003
   1279.8654971833316       0.67169170776029563       -1.4845169785805203E-005   2.9714691975713365E-003
   1284.8654971833316       0.67188382616447961       -1.4852247194983859E-005   2.9863214447663202E-003
   1289.8654971833316       0.67207469977477641       -1.4859280083650509E-005   3.0011807248499708E-003
   1294.8654971833316       0.67226434136317714       -1.4866268896350373E-005   3.0160469937463210E-003
   1299.8654971833316       0.67245276352112759       -1.4873214071499830E-005   3.0309202078178210E-003
   1304.8654971833316       0.67263997866282299       -1.4880116041495872E-005   3.0458003238593170E-003
   1309.8654971833316       0.67282599902834606       -1.4886975232820038E-005   3.0606872990921368E-003
   1314.8654971833316       0.67301083668681694       -1.4893792066143115E-005   3.0755810911582797E-003
   1319.8654971833316       0.67319450353938892       -1.4900566956424455E-005   3.0904816581147042E-003
   1324.8654971833316       0.67337701132228389       -1.4907300313013035E-005   3.1053889584277171E-003
   1329.8654971833316       0.67355837160969234       -1.4913992539743798E-005   3.1203029509674607E-003
   1334.8654971833316       0.67373859581658047       -1.4920644035030865E-005   3.1352235950024916E-003
   1339.8654971833316       0.67391769520150002       -1.4927255191961078E-005   3.1501508501944526E-003
   1344.8654971833316       0.67409568086936711       -1.4933826398386689E-005   3.1650846765928393E-003
   1349.8654971833316       0.67427256377408051       -1.4940358037012340E-005   3.1800250346298519E-003
   1354.8654971833316       0.67444835472115261       -1.4946850485482803E-005   3.1949718851153348E-003
   1359.8654971833316       0.67462306437029773       -1.4953304116469333E-005   3.2099251892318040E-003
   1364.8654971833316       0.67479670323791219       -1.4959719297752288E-005   3.2248849085295562E-003
   1369.8654971833316       0.67496928169950832       -1.4966096392302255E-005   3.2398510049218582E-003
   1374.8654971833316       0.67514080999215764       -1.4972435758361749E-005   3.2548234406802202E-003
   1379.8654971833316       0.67531129821685909       -1.4978737749524336E-005   3.2698021784297445E-003
   1384.8654971833316       0.67548075634079363       -1.4985002714809776E-005   3.2847871811445542E-003
   1389.8654971833316       0.67564919419961167       -1.4991230998740595E-005   3.2997784121432949E-003
   1394.8654971833316       0.67581662149965027       -1.4997422941416226E-005   3.3147758350847113E-003
   1399.8654971833316       0.67598304782008789       -1.5003578878585041E-005   3.3297794139632965E-003
   1404.8654971833316       0.67614848261506932       -1.5009699141715516E-005   3.3447891131050123E-003
   1409.8654971833316       0.67631293521578939       -1.5015784058065956E-005   3.3598048971630783E-003
   1414.8654971833316       0.67647641483253906       -1.5021833950753093E-005   3.3748267311138314E-003
   1419.8654971833316       0.67663893055668156       -1.5027849138818237E-005   3.3898545802526496E-003
   1424.8654971833316       0.67680049136262843       -1.5033829937293569E-005   3.4048884101899432E-003
   1429.8654971833316       0.67696110610971738       -1.5039776657264998E-005   3.4199281868472083E-003
   1434.8654971833316       0.67712078354415406       -1.5045689605937523E-005   3.4349738764531458E-003
   1439.8654971833316       0.67727953230082782       -1.5051569086696092E-005   3.4500254455398418E-003
   1444.8654971833316       0.67743736090509932       -1.5057415399165569E-005   3.4650828609390076E-003
   1449.8654971833316       0.67759427777459291       -1.5063228839271010E-005   3.4801460897782785E-003
   1454.8654971833316       0.67775029122090591       -1.5069009699295040E-005   3.4952150994775736E-003
   1459.8654971833316       0.67790540945134381       -1.5074758267936288E-005   3.5102898577455098E-003
   1464.8654971833316       0.67805964057055401       -1.5080474830364236E-005   3.5253703325758739E-003
   1469.8654971833316       0.67821299258220447       -1.5086159668275830E-005   3.5404564922441495E-003
   1474.8654971833316       0.67836547339054065       -1.5091813059947743E-005   3.5555483053040971E-003
   1479.8654971833316       0.67851709080199807       -1.5097435280290800E-005   3.5706457405843880E-003
   1484.8654971833316       0.67866785252672235       -1.5103026600901113E-005   3.5857487671852890E-003
   1489.8654971833316       0.67881776618007583       -1.5108587290110832E-005   3.6008573544753998E-003
   1494.8654971833316       0.67896683928415191       -1.5114117613039292E-005   3.6159714720884390E-003
   1499.8654971833316       0.67911507926920534       -1.5119617831641173E-005   3.6310910899200804E-003
   1504.8654971833316       0.67926249347510348       -1.5125088204755543E-005   3.6462161781248359E-003
   1509.8654971833316       0.67940908915269804       -1.5130528988152048E-005   3.6613467071129882E-003
   1514.8654971833316       0.67955487346523369       -1.5135940434578586E-005   3.6764826475475668E-003
   1519.8654971833316       0.67969985348966189       -1.5141322793805582E-005   3.6916239703413726E-003
   1524.8654971833316       0.67984403621798006       -1.5146676312671265E-005   3.7067706466540440E-003
   1529.8654971833316       0.67998742855856864       -1.5152001235127009E-005   3.7219226478891710E-003
   1534.8654971833316       0.68013003733739408       -1.5157297802277761E-005   3.7370799456914487E-003
   1539.8654971833316       0.68027186929931571       -1.5162566252426452E-005   3.7522425119438751E-003
   1544.8654971833316       0.68041293110930134       -1.5167806821115049E-005   3.7674103187649902E-003
   1549.8654971833316       0.68055322935362872       -1.5173019741165263E-005   3.7825833385061554E-003
   1554.8654971833316       0.68069277054107724       -1.5178205242718889E-005   3.7977615437488742E-003
   1559.8654971833316       0.68083156110406529       -1.5183363553276290E-005   3.8129449073021505E-003
   1564.8654971833316       0.68096960739981349       -1.5188494897735856E-005   3.8281334021998863E-003
   1569.8654971833316       0.68110691571146564       -1.5193599498432030E-005   3.8433270016983183E-003
   1574.8654971833316       0.68124349224918135       -1.5198677575172340E-005   3.8585256792734906E-003
   1579.8654971833316       0.68137934315124205       -1.5203729345274981E-005   3.8737294086187654E-003
   1584.8654971833316       0.68151447448505209       -1.5208755023602622E-005   3.8889381636423681E-003
   1589.8654971833316       0.68164889224825587       -1.5213754822600554E-005   3.9041519184649688E-003
   1594.8654971833316       0.68178260236967758       -1.5218728952328357E-005   3.9193706474172970E-003
   1599.8654971833316       0.68191561071040852       -1.5223677620497072E-005   3.9345943250377940E-003
   1604.8654971833316       0.68204792306474771       -1.5228601032501047E-005   3.9498229260702946E-003
   1609.8654971833316       0.68217954516116275       -1.5233499391450552E-005   3.9650564254617455E-003
   1614.8654971833316       0.68231048266328531       -1.5238372898205787E-005   3.9802947983599516E-003
   1619.8654971833316       0.68244074117080578       -1.5243221751407172E-005   3.9955380201113586E-003
   1624.8654971833316       0.68257032622043812       -1.5248046147508324E-005   4.0107860662588670E-003
   1629.8654971833316       0.68269924328674914       -1.5252846280804066E-005   4.0260389125396714E-003
   1634.8654971833316       0.68282749778312057       -1.5257622343463396E-005   4.0412965348831350E-003
   1639.8654971833316       0.68295509506258467       -1.5262374525557869E-005   4.0565589094086925E-003
   1644.8654971833316       0.68308204041869203       -1.5267103015091172E-005   4.0718260124237840E-003
   1649.8654971833316       0.68320833908635037       -1.5271807998027718E-005   4.0870978204218117E-003
   1654.8654971833316       0.68333399624264091       -1.5276489658320439E-005   4.1023743100801324E-003
   1659.8654971833316       0.68345901700765888       -1.5281148177939545E-005   4.1176554582580717E-003
   1664.8654971833316       0.68358340644529070       -1.5285783736898957E-005   4.1329412419949703E-003
   1669.8654971833316       0.68370716956400990       -1.5290396513283522E-005   4.1482316385082537E-003
   1674.8654971833316       0.68383031131765781       -1.5294986683275658E-005   4.1635266251915295E-003
   1679.8654971833316       0.68395283660616812       -1.5299554421180031E-005   4.1788261796127093E-003
   1684.8654971833316       0.68407475027635534       -1.5304099899450577E-005   4.1941302795121599E-003
   1689.8654971833316       0.68419605712261711       -1.5308623288714437E-005   4.2094389028008742E-003
   1694.8654971833316       0.68431676188768953       -1.5313124757797853E-005   4.2247520275586724E-003
   1699.8654971833316       0.68443686926332503       -1.5317604473749269E-005   4.2400696320324220E-003
   1704.8654971833316       0.68455638389100715       -1.5322062601863817E-005   4.2553916946342857E-003
   1709.8654971833316       0.68467531036264806       -1.5326499305707215E-005   4.2707181939399931E-003
   1714.8654971833316       0.68479365322123575       -1.5330914747137850E-005   4.2860491086871306E-003
   1719.8654971833316       0.68491141696150293       -1.5335309086329666E-005   4.3013844177734600E-003
   1724.8654971833316       0.68502860603060045       -1.5339682481795311E-005   4.3167241002552556E-003
   1729.8654971833316       0.68514522482872242       -1.5344035090407482E-005   4.3320681353456632E-003
   1734.8654971833316       0.68526127770974432       -1.5348367067420828E-005   4.3474165024130840E-003
   1739.8654971833316       0.68537676898186040       -1.5352678566493825E-005   4.3627691809795775E-003
   1744.8654971833316       0.68549170290813566       -1.5356969739707541E-005   4.3781261507192847E-003
   1749.8654971833316       0.68560608370717802       -1.5361240737588895E-005   4.3934873914568736E-003
   1754.8654971833316       0.68571991555370582       -1.5365491709130036E-005   4.4088528831660034E-003
   1759.8654971833316       0.68583320257910108       -1.5369722801807286E-005   4.4242226059678109E-003
   1764.8654971833316       0.68594594887202753       -1.5373934161602443E-005   4.4395965401294131E-003
   1769.8654971833316       0.68605815847893847       -1.5378125933020069E-005   4.4549746660624331E-003
   1774.8654971833316       0.68616983540469900       -1.5382298259109101E-005   4.4703569643215419E-003
   1779.8654971833316       0.68628098361308920       -1.5386451281479936E-005   4.4857434156030220E-003
   1784.8654971833316       0.68639160702734492       -1.5390585140323093E-005   4.5011340007433450E-003
   1789.8654971833316       0.68650170953068190       -1.5394699974427195E-005   4.5165287007177726E-003
   1794.8654971833316       0.68661129496683548       -1.5398795921197572E-005   4.5319274966389702E-003
   1799.8654971833316       0.68672036714055473       -1.5402873116673216E-005   4.5473303697556432E-003
   1804.8654971833316       0.68682892981811039       -1.5406931695544277E-005   4.5627373014511877E-003
   1809.8654971833316       0.68693698672780867       -1.5410971791169785E-005   4.5781482732423573E-003
   1814.8654971833316       0.68704454156042138       -1.5414993535592283E-005   4.5935632667779497E-003
   1819.8654971833316       0.68715159796974712       -1.5418997059557402E-005   4.6089822638375067E-003
   1824.8654971833316       0.68725815957302971       -1.5422982492528095E-005   4.6244052463300352E-003
   1829.8654971833316       0.68736422995145152       -1.5426949962701727E-005   4.6398321962927373E-003
   1834.8654971833316       0.68746981265055818       -1.5430899597024609E-005   4.6552630958897620E-003
   1839.8654971833316       0.68757491118074487       -1.5434831521208861E-005   4.6706979274109706E-003
   1844.8654971833316       0.68767952901767726       -1.5438745859746846E-005   4.6861366732707174E-003
   1849.8654971833316       0.68778366960275539       -1.5442642735927268E-005   4.7015793160066445E-003
   1854.8654971833316       0.68788733634350130       -1.5446522271848406E-005   4.7170258382784932E-003
   1859.8654971833316       0.68799053261402510       -1.5450384588434314E-005   4.7324762228669274E-003
   1864.8654971833316       0.68809326175543961       -1.5454229805449120E-005   4.7479304526723762E-003
   1869.8654971833316       0.68819552707623877       -1.5458058041510010E-005   4.7633885107138865E-003
   1874.8654971833316       0.68829733185272790       -1.5461869414102147E-005   4.7788503801279884E-003
   1879.8654971833316       0.68839867932941068       -1.5465664039591999E-005   4.7943160441675800E-003
   1884.8654971833316       0.68849957271939921       -1.5469442033241577E-005   4.8097854862008214E-003
   1889.8654971833316       0.68860001520480429       -1.5473203509221904E-005   4.8252586897100432E-003
   1894.8654971833316       0.68870000993708724       -1.5476948580625106E-005   4.8407356382906682E-003
   1899.8654971833316       0.68879956003745380       -1.5480677359478089E-005   4.8562163156501467E-003
   1904.8654971833316       0.68889866859721782       -1.5484389956755092E-005   4.8717007056069015E-003
   1909.8654971833316       0.68899733867817536       -1.5488086482390651E-005   4.8871887920892924E-003
   1914.8654971833316       0.68909557331298554       -1.5491767045292860E-005   4.9026805591345854E-003
   1919.8654971833316       0.68919337550546433       -1.5495431753353338E-005   4.9181759908879389E-003
   1924.8654971833316       0.68929074823097614       -1.5499080713460931E-005   4.9336750716013995E-003
   1929.8654971833316       0.68938769443676806       -1.5502714031513256E-005   4.9491777856329128E-003
   1934.8654971833316       0.68948421704230423       -1.5506331812428269E-005   4.9646841174453412E-003
   1939.8654971833316       0.68958031893961569       -1.5509934160156422E-005   4.9801940516054979E-003
   1944.8654971833316       0.68967600299361509       -1.5513521177691555E-005   4.9957075727831892E-003
   1949.8654971833316       0.68977127204242705       -1.5517092967082333E-005   5.0112246657502716E-003
   1954.8654971833316       0.68986612889767795       -1.5520649629442241E-005   5.0267453153797137E-003
   1959.8654971833316       0.68996057634485630       -1.5524191264962187E-005   5.0422695066446761E-003
   1964.8654971833316       0.69005461714361271       -1.5527717972920895E-005   5.0577972246175973E-003
   1969.8654971833316       0.69014825402801783       -1.5531229851693706E-005   5.0733284544692905E-003
   1974.8654971833316       0.69024148970692767       -1.5534726998765452E-005   5.0888631814680558E-003
   1979.8654971833316       0.69033432686426177       -1.5538209510740062E-005   5.1044013909787959E-003
   1984.8654971833316       0.69042676815926296       -1.5541677483349452E-005   5.1199430684621457E-003
   1989.8654971833316       0.69051881622682543       -1.5545131011465082E-005   5.1354881994736109E-003
   1994.8654971833316       0.69061047367775719       -1.5548570189106970E-005   5.1510367696627176E-003
   1999.8654971833316       0.69070174309906707       -1.5551995109453712E-005   5.1665887647721715E-003
   2004.8654971833316       0.69079262705424405       -1.5555405864852183E-005   5.1821441706370241E-003
   2009.8654971833316       0.69088312808351926       -1.5558802546826598E-005   5.1977029731838506E-003
   2014.8654971833316       0.69097324870415300       -1.5562185246088588E-005   5.2132651584299392E-003
   2019.8654971833316       0.69106299141069227       -1.5565554052546102E-005   5.2288307124824856E-003
   2024.8654971833316       0.69115235867519942       -1.5568909055311269E-005   5.2443996215377972E-003
   2029.8654971833316       0.69124135294756350       -1.5572250342711394E-005   5.2599718718805083E-003
   2034.8654971833316       0.69132997665572415       -1.5575578002296662E-005   5.2755474498828048E-003
   2039.8654971833316       0.69141823220592402       -1.5578892120848937E-005   5.2911263420036539E-003
   2044.8654971833316       0.69150612198297523       -1.5582192784391069E-005   5.3067085347880448E-003
   2049.8654971833316       0.69159364835044856       -1.5585480078193366E-005   5.3222940148662384E-003
   2054.8654971833316       0.69168081365098832       -1.5588754086784742E-005   5.3378827689530232E-003
   2059.8654971833316       0.69176762020649374       -1.5592014893958892E-005   5.3534747838469817E-003
   2064.8654971833316       0.69185407031836954       -1.5595262582783075E-005   5.3690700464297646E-003
   2069.8654971833316       0.69194016626777488       -1.5598497235606834E-005   5.3846685436653718E-003
   2074.8654971833316       0.69202591031581095       -1.5601718934068438E-005   5.4002702625994400E-003
   2079.8654971833316       0.69211130470377091       -1.5604927759103650E-005   5.4158751903585437E-003
   2084.8654971833316       0.69219635165338400       -1.5608123790954325E-005   5.4314833141494981E-003
   2089.8654971833316       0.69228105336695844       -1.5611307109173175E-005   5.4470946212586717E-003
   2094.8654971833316       0.69236541202769786       -1.5614477792635100E-005   5.4627090990513067E-003
   2099.8654971833316       0.69244942979984081       -1.5617635919541827E-005   5.4783267349708484E-003
   2104.8654971833316       0.69253310882885377       -1.5620781567428651E-005   5.4939475165382773E-003
   2109.8654971833316       0.69261645124173998       -1.5623914813175461E-005   5.5095714313514524E-003
   2114.8654971833316       0.69269945914712328       -1.5627035733009343E-005   5.5251984670844616E-003
   2119.8654971833316       0.69278213463553462       -1.5630144402514842E-005   5.5408286114869768E-003
   2124.8654971833316       0.69286447977956189       -1.5633240896639043E-005   5.5564618523836155E-003
   2129.8654971833316       0.69294649663408470       -1.5636325289699884E-005   5.5720981776733155E-003
   2134.8654971833316       0.69302818723641135       -1.5639397655390804E-005   5.5877375753287063E-003
   2139.8654971833316       0.69310955360652637       -1.5642458066789547E-005   5.6033800333954963E-003
   2144.8654971833316       0.69319059774726155       -1.5645506596364068E-005   5.6190255399918600E-003
   2149.8654971833316       0.69327132164446315       -1.5648543315978386E-005   5.6346740833078382E-003
   2154.8654971833316       0.69335172726720373       -1.5651568296900010E-005   5.6503256516047384E-003
   2159.8654971833316       0.69343181656794017       -1.5654581609805465E-005   5.6659802332145442E-003
   2164.8654971833316       0.69351159148269237       -1.5657583324786487E-005   5.6816378165393307E-003
   2169.8654971833316       0.69359105393122344       -1.5660573511356392E-005   5.6972983900506870E-003
   2174.8654971833316       0.69367020581721528       -1.5663552238456209E-005   5.7129619422891433E-003
   2179.8654971833316       0.69374904902846313       -1.5666519574461531E-005   5.7286284618636050E-003
   2184.8654971833316       0.69382758543699885       -1.5669475587186747E-005   5.7442979374507921E-003
   2189.8654971833316       0.69390581689928799       -1.5672420343892006E-005   5.7599703577946842E-003
   2194.8654971833316       0.69398374525639250       -1.5675353911288911E-005   5.7756457117059731E-003
   2199.8654971833316       0.69406137233414344       -1.5678276355546596E-005   5.7913239880615199E-003
   2204.8654971833316       0.69413869994325739       -1.5681187742295703E-005   5.8070051758038156E-003
   2209.8654971833316       0.69421572987955527       -1.5684088136636194E-005   5.8226892639404518E-003
   2214.8654971833316       0.69429246392407773       -1.5686977603141300E-005   5.8383762415435934E-003
   2219.8654971833316       0.69436890384323524       -1.5689856205862769E-005   5.8540660977494559E-003
   2224.8654971833316       0.69444505138901336       -1.5692724008338201E-005   5.8697588217577938E-003
   2229.8654971833316       0.69452090829905588       -1.5695581073593798E-005   5.8854544028313881E-003
   2234.8654971833316       0.69459647629685040       -1.5698427464150961E-005   5.9011528302955387E-003
   2239.8654971833316       0.69467175709187856       -1.5701263242031567E-005   5.9168540935375701E-003
   2244.8654971833316       0.69474675237975136       -1.5704088468762722E-005   5.9325581820063329E-003
   2249.8654971833316       0.69482146384234800       -1.5706903205381585E-005   5.9482650852117147E-003
   2254.8654971833316       0.69489589314797529       -1.5709707512441047E-005   5.9639747927241558E-003
   2259.8654971833316       0.69497004195147227       -1.5712501450013282E-005   5.9796872941741694E-003
   2264.8654971833316       0.69504391189440384       -1.5715285077696730E-005   5.9954025792518665E-003
   2269.8654971833316       0.69511750460514243       -1.5718058454618795E-005   6.0111206377064848E-003
   2274.8654971833316       0.69519082169901358       -1.5720821639441002E-005   6.0268414593459257E-003
   2279.8654971833316       0.69526386477847013       -1.5723574690365237E-005   6.0425650340362909E-003
   2284.8654971833316       0.69533663543316615       -1.5726317665136164E-005   6.0582913517014270E-003
   2289.8654971833316       0.69540913524013492       -1.5729050621047662E-005   6.0740204023224751E-003
   2294.8654971833316       0.69548136576387953       -1.5731773614945849E-005   6.0897521759374212E-003
   2299.8654971833316       0.69555332855651464       -1.5734486703234178E-005   6.1054866626406553E-003
   2304.8654971833316       0.69562502515789781       -1.5737189941878010E-005   6.1212238525825335E-003
   2309.8654971833316       0.69569645709574623       -1.5739883386408745E-005   6.1369637359689425E-003
   2314.8654971833316       0.69576762588576413       -1.5742567091928313E-005   6.1527063030608706E-003
   2319.8654971833316       0.69583853303175180       -1.5745241113112978E-005   6.1684515441739838E-003
   2324.8654971833316       0.69590918002573343       -1.5747905504217852E-005   6.1841994496782014E-003
   2329.8654971833316       0.69597956834807473       -1.5750560319081060E-005   6.1999500099972826E-003
   2334.8654971833316       0.69604969946758932       -1.5753205611127438E-005   6.2157032156084100E-003
   2339.8654971833316       0.69611957484166465       -1.5755841433373018E-005   6.2314590570417827E-003
   2344.8654971833316       0.69618919591636919       -1.5758467838428785E-005   6.2472175248802116E-003
   2349.8654971833316       0.69625856412656739       -1.5761084878504717E-005   6.2629786097587164E-003
   2354.8654971833316       0.69632768089602781       -1.5763692605413622E-005   6.2787423023641297E-003
   2359.8654971833316       0.69639654763753112       -1.5766291070574901E-005   6.2945085934347049E-003
   2364.8654971833316       0.69646516575299067       -1.5768880325018881E-005   6.3102774737597237E-003
   2369.8654971833316       0.69653353663353601       -1.5771460419389662E-005   6.3260489341791133E-003
   2374.8654971833316       0.69660166165965520       -1.5774031403950236E-005   6.3418229655830636E-003
   2379.8654971833316       0.69666954220124766       -1.5776593328584238E-005   6.3575995589116481E-003
   2384.8654971833316       0.69673717961775672       -1.5779146242800692E-005   6.3733787051544486E-003
   2389.8654971833316       0.69680457525827699       -1.5781690195737802E-005   6.3891603953501862E-003
   2394.8654971833316       0.69687173046165463       -1.5784225236166506E-005   6.4049446205863524E-003
   2399.8654971833316       0.69693864655656335       -1.5786751412493080E-005   6.4207313719988456E-003
   2404.8654971833316       0.69700532486161804       -1.5789268772763225E-005   6.4365206407716088E-003
   2409.8654971833316       0.69707176668547222       -1.5791777364665462E-005   6.4523124181362738E-003
   2414.8654971833316       0.69713797332693117       -1.5794277235535210E-005   6.4681066953718091E-003
   2419.8654971833316       0.69720394607501857       -1.5796768432357041E-005   6.4839034638041661E-003
   2424.8654971833316       0.69726968620906193       -1.5799251001767719E-005   6.4997027148059336E-003
   2429.8654971833316       0.69733519499881991       -1.5801724990060729E-005   6.5155044397959940E-003
   2434.8654971833316       0.69740047370456015       -1.5804190443189037E-005   6.5313086302391833E-003
   2439.8654971833316       0.69746552357713754       -1.5806647406767807E-005   6.5471152776459514E-003
   2444.8654971833316       0.69753034585810902       -1.5809095926078537E-005   6.5629243735720296E-003
   2449.8654971833316       0.69759494177978287       -1.5811536046070696E-005   6.5787359096181001E-003
   2454.8654971833316       0.69765931256533131       -1.5813967811365756E-005   6.5945498774294658E-003
   2459.8654971833316       0.69772345942888281       -1.5816391266260496E-005   6.6103662686957266E-003
   2464.8654971833316       0.69778738357560044       -1.5818806454729748E-005   6.6261850751504568E-003
   2469.8654971833316       0.69785108620174530       -1.5821213420428577E-005   6.6420062885708857E-003
   2474.8654971833316       0.69791456849481137       -1.5823612206697203E-005   6.6578299007775833E-003
   2479.8654971833316       0.69797783163353910       -1.5826002856561291E-005   6.6736559036341446E-003
   2484.8654971833316       0.69804087678807647       -1.5828385412737862E-005   6.6894842890468827E-003
   2489.8654971833316       0.69810370511997921       -1.5830759917635087E-005   6.7053150489645181E-003
   2494.8654971833316       0.69816631778234584       -1.5833126413357232E-005   6.7211481753778751E-003
   2499.8654971833316       0.69822871591986135       -1.5835484941706098E-005   6.7369836603195813E-003
   2504.8654971833316       0.69829090066890032       -1.5837835544184735E-005   6.7528214958637658E-003
   2509.8654971833316       0.69835287315760075       -1.5840178262000062E-005   6.7686616741257661E-003
   2514.8654971833316       0.69841463450593133       -1.5842513136065220E-005   6.7845041872618313E-003
   2519.8654971833316       0.69847618582577065       -1.5844840207002388E-005   6.8003490274688334E-003
   2524.8654971833316       0.69853752822096815       -1.5847159515144928E-005   6.8161961869839787E-003
   2529.8654971833316       0.69859866278744243       -1.5849471100540895E-005   6.8320456580845193E-003
   2534.8654971833316       0.69865959061325433       -1.5851775002955662E-005   6.8478974330874751E-003
   2539.8654971833316       0.69872031277863189       -1.5854071261872675E-005   6.8637515043493474E-003
   2544.8654971833316       0.69878083035610861       -1.5856359916498533E-005   6.8796078642658458E-003
   2549.8654971833316       0.69884114441055656       -1.5858641005764045E-005   6.8954665052716095E-003
   2554.8654971833316       0.69890125599925079       -1.5860914568326532E-005   6.9113274198399363E-003
   2559.8654971833316       0.69896116617195336       -1.5863180642572830E-005   6.9271906004825089E-003
   2564.8654971833316       0.69902087597095031       -1.5865439266620529E-005   6.9430560397491297E-003
   2569.8654971833316       0.69908038643118553       -1.5867690478322883E-005   6.9589237302274528E-003
   2574.8654971833316       0.69913969858028235       -1.5869934315269473E-005   6.9747936645427220E-003
   2579.8654971833316       0.69919881343858481       -1.5872170814787617E-005   6.9906658353575098E-003
   2584.8654971833316       0.69925773201925689       -1.5874400013945959E-005   7.0065402353714562E-003
   2589.8654971833316       0.69931645532835840       -1.5876621949557206E-005   7.0224168573210137E-003
   2594.8654971833316       0.69937498436489165       -1.5878836658179741E-005   7.0382956939791935E-003
   2599.8654971833316       0.69943332012084547       -1.5881044176119146E-005   7.0541767381553126E-003
   2604.8654971833316       0.69949146358129988       -1.5883244539432002E-005   7.0700599826947442E-003
   2609.8654971833316       0.69954941572444607       -1.5885437783926536E-005   7.0859454204786707E-003
   2614.8654971833316       0.69960717752168344       -1.5887623945166112E-005   7.1018330444238371E-003
   2619.8654971833316       0.69966474993763372       -1.5889803058469664E-005   7.1177228474823065E-003
   2624.8654971833316       0.69972213393026150       -1.5891975158916091E-005   7.1336148226412224E-003
   2629.8654971833316       0.69977933045087592       -1.5894140281344216E-005   7.1495089629225669E-003
   2634.8654971833316       0.69983634044424048       -1.5896298460356769E-005   7.1654052613829237E-003
   2639.8654971833316       0.69989316484858199       -1.5898449730320627E-005   7.1813037111132447E-003
   2644.8654971833316       0.69994980459566791       -1.5900594125369606E-005   7.1972043052386143E-003
   2649.8654971833316       0.70000626061086024       -1.5902731679406351E-005   7.2131070369180206E-003
   2654.8654971833316       0.70006253381320660       -1.5904862426105688E-005   7.2290118993441265E-003
   2659.8654971833316       0.70011862511544720       -1.5906986398914731E-005   7.2449188857430409E-003
   2664.8654971833316       0.70017453542409680       -1.5909103631055885E-005   7.2608279893740966E-003
   2669.8654971833316       0.70023026563947866       -1.5911214155527991E-005   7.2767392035296245E-003
   2674.8654971833316       0.70028581665579182       -1.5913318005108769E-005   7.2926525215347331E-003
   2679.8654971833316       0.70034118936116230       -1.5915415212356623E-005   7.3085679367470898E-003
   2684.8654971833316       0.70039638463768361       -1.5917505809612057E-005   7.3244854425567017E-003
   2689.8654971833316       0.70045140336150946       -1.5919589829001082E-005   7.3404050323857030E-003
   2694.8654971833316       0.70050624640286607       -1.5921667302435547E-005   7.3563266996881389E-003
   2699.8654971833316       0.70056091462608516       -1.5923738261614300E-005   7.3722504379497532E-003
   2704.8654971833316       0.70061540888969731       -1.5925802738026574E-005   7.3881762406877794E-003
   2709.8654971833316       0.70066973004648370       -1.5927860762953883E-005   7.4041041014507331E-003
   2714.8654971833316       0.70072387894348998       -1.5929912367470392E-005   7.4200340138182034E-003
   2719.8654971833316       0.70077785642209911       -1.5931957582445582E-005   7.4359659714006493E-003
   2724.8654971833316       0.70083166331807101       -1.5933996438545666E-005   7.4518999678391947E-003
   2729.8654971833316       0.70088530046160069       -1.5936028966235658E-005   7.4678359968054307E-003
   2734.8654971833316       0.70093876867734284       -1.5938055195780203E-005   7.4837740520012110E-003
   2739.8654971833316       0.70099206878448894       -1.5940075157246413E-005   7.4997141271584576E-003
   2744.8654971833316       0.70104520159679662       -1.5942088880504852E-005   7.5156562160389627E-003
   2749.8654971833316       0.70109816792261703       -1.5944096395230487E-005   7.5316003124341934E-003
   2754.8654971833316       0.70115096856498127       -1.5946097730905857E-005   7.5475464101650994E-003
   2759.8654971833316       0.70120360432162043       -1.5948092916821739E-005   7.5634945030819212E-003
   2764.8654971833316       0.70125607598501782       -1.5950081982079011E-005   7.5794445850640001E-003
   2769.8654971833316       0.70130838434242893       -1.5952064955589351E-005   7.5953966500195893E-003
   2774.8654971833316       0.70136053017596800       -1.5954041866078374E-005   7.6113506918856679E-003
   2779.8654971833316       0.70141251426260265       -1.5956012742085356E-005   7.6273067046277532E-003
   2784.8654971833316       0.70146433737424818       -1.5957977611966728E-005   7.6432646822397199E-003
   2789.8654971833316       0.70151600027777061       -1.5959936503896083E-005   7.6592246187436163E-003
   2794.8654971833316       0.70156750373504795       -1.5961889445866394E-005   7.6751865081894823E-003
   2799.8654971833316       0.70161884850302303       -1.5963836465691962E-005   7.6911503446551741E-003
   2804.8654971833316       0.70167003533367189       -1.5965777591007098E-005   7.7071161222461810E-003
   2809.8654971833316       0.70172106497414388       -1.5967712849271343E-005   7.7230838350954524E-003
   2814.8654971833316       0.70177193816674677       -1.5969642267768855E-005   7.7390534773632211E-003
   2819.8654971833316       0.70182265564899249       -1.5971565873610004E-005   7.7550250432368312E-003
   2824.8654971833316       0.70187321815364312       -1.5973483693733078E-005   7.7709985269305646E-003
   2829.8654971833316       0.70192362640874917       -1.5975395754905615E-005   7.7869739226854705E-003
   2834.8654971833316       0.70197388113768033       -1.5977302083725496E-005   7.8029512247691961E-003
   2839.8654971833316       0.70202398305918379       -1.5979202706623097E-005   7.8189304274758186E-003
   2844.8654971833316       0.70207393288738595       -1.5981097649861225E-005   7.8349115251256790E-003
   2849.8654971833316       0.70212373133187556       -1.5982986939538247E-005   7.8508945120652172E-003
   2854.8654971833316       0.70217337909769195       -1.5984870601587500E-005   7.8668793826668047E-003
   2859.8654971833316       0.70222287688540252       -1.5986748661780220E-005   7.8828661313285857E-003
   2864.8654971833316       0.70227222539112710       -1.5988621145726319E-005   7.8988547524743123E-003
   2869.8654971833316       0.70232142530656527       -1.5990488078875409E-005   7.9148452405531870E-003
   2874.8654971833316       0.70237047731903790       -1.5992349486518259E-005   7.9308375900397059E-003
   2879.8654971833316       0.70241938211150889       -1.5994205393787539E-005   7.9468317954334931E-003
   2884.8654971833316       0.70246814036266514       -1.5996055825660823E-005   7.9628278512591539E-003
   2889.8654971833316       0.70251675274687497       -1.5997900806958892E-005   7.9788257520661127E-003
   2894.8654971833316       0.70256521993429344       -1.5999740362349685E-005   7.9948254924284631E-003
   2899.8654971833316       0.70261354259086650       -1.6001574516348359E-005   8.0108270669448107E-003
   2904.8654971833316       0.70266172137836203       -1.6003403293318434E-005   8.0268304702381284E-003
   2909.8654971833316       0.70270975695442051       -1.6005226717473605E-005   8.0428356969556025E-003
   2914.8654971833316       0.70275764997254164       -1.6007044812877182E-005   8.0588427417684801E-003
   2919.8654971833316       0.70280540108220102       -1.6008857603446452E-005   8.0748515993719263E-003
   2924.8654971833316       0.70285301092879127       -1.6010665112950373E-005   8.0908622644848775E-003
   2929.8654971833316       0.70290048015369566       -1.6012467365012290E-005   8.1068747318498897E-003
   2934.8654971833316       0.70294780939434698       -1.6014264383112126E-005   8.1228889962330023E-003
   2939.8654971833316       0.70299499928421594       -1.6016056190585852E-005   8.1389050524235881E-003
   2944.8654971833316       0.70304205045285906       -1.6017842810627247E-005   8.1549228952342151E-003
   2949.8654971833316       0.70308896352594175       -1.6019624266288718E-005   8.1709425195005039E-003
   2954.8654971833316       0.70313573912529215       -1.6021400580483262E-005   8.1869639200809873E-003
   2959.8654971833316       0.70318237786888316       -1.6023171775983749E-005   8.2029870918569718E-003
   2964.8654971833316       0.70322888037092279       -1.6024937875426255E-005   8.2190120297323983E-003
   2969.8654971833316       0.70327524724184209       -1.6026698901309560E-005   8.2350387286337073E-003
   2974.8654971833316       0.70332147908833365       -1.6028454875996556E-005   8.2510671835097030E-003
   2979.8654971833316       0.70336757651339465       -1.6030205821715798E-005   8.2670973893314188E-003
   2984.8654971833316       0.70341354011633639       -1.6031951760561831E-005   8.2831293410919812E-003
   2989.8654971833316       0.70345937049284113       -1.6033692714497275E-005   8.2991630338064785E-003
   2994.8654971833316       0.70350506823491776       -1.6035428705351077E-005   8.3151984625118303E-003
   2999.8654971833316       0.70355063393102235       -1.6037159754823041E-005   8.3312356222666525E-003
   3004.8654971833316       0.70359606816604070       -1.6038885884483112E-005   8.3472745081511358E-003
   3009.8654971833316       0.70364137152132644       -1.6040607115772751E-005   8.3633151152669085E-003
   3014.8654971833316       0.70368654457472057       -1.6042323470005630E-005   8.3793574387369136E-003
   3019.8654971833316       0.70373158790056656       -1.6044034968368154E-005   8.3954014737052819E-003
   3024.8654971833316       0.70377650206977505       -1.6045741631921863E-005   8.4114472153372036E-003
   3029.8654971833316       0.70382128764980167       -1.6047443481602506E-005   8.4274946588188057E-003
   3034.8654971833316       0.70386594520471124       -1.6049140538222483E-005   8.4435437993570280E-003
   3039.8654971833316       0.70391047529517892       -1.6050832822470770E-005   8.4595946321794988E-003
   3044.8654971833316       0.70395487847854898       -1.6052520354915154E-005   8.4756471525344133E-003
   3049.8654971833316       0.70399915530882351       -1.6054203156001711E-005   8.4917013556904154E-003
   3054.8654971833316       0.70404330633670198       -1.6055881246056296E-005   8.5077572369364717E-003
   3059.8654971833316       0.70408733210961705       -1.6057554645285804E-005   8.5238147915817578E-003
   3064.8654971833316       0.70413123317172255       -1.6059223373777716E-005   8.5398740149555362E-003
   3069.8654971833316       0.70417501006398520       -1.6060887451503484E-005   8.5559349024070391E-003
   3074.8654971833316       0.70421866332414051       -1.6062546898316845E-005   8.5719974493053564E-003
   3079.8654971833316       0.70426219348676300       -1.6064201733956414E-005   8.5880616510393120E-003
   3084.8654971833316       0.70430560108325901       -1.6065851978045384E-005   8.6041275030173565E-003
   3089.8654971833316       0.70434888664189443       -1.6067497650092508E-005   8.6201950006674494E-003
   3094.8654971833316       0.70439205068785737       -1.6069138769494452E-005   8.6362641394369440E-003
   3099.8654971833316       0.70443509374323332       -1.6070775355534792E-005   8.6523349147924790E-003
   3104.8654971833316       0.70447801632704610       -1.6072407427385528E-005   8.6684073222198649E-003
   3109.8654971833316       0.70452081895527863       -1.6074035004107840E-005   8.6844813572239735E-003
   3114.8654971833316       0.70456350214090802       -1.6075658104653348E-005   8.7005570153286266E-003
   3119.8654971833316       0.70460606639389456       -1.6077276747863675E-005   8.7166342920764906E-003
   3124.8654971833316       0.70464851222124836       -1.6078890952472912E-005   8.7327131830289631E-003
   3129.8654971833316       0.70469084012704097       -1.6080500737108040E-005   8.7487936837660710E-003
   3134.8654971833316       0.70473305061238456       -1.6082106120288080E-005   8.7648757898863595E-003
   3139.8654971833316       0.70477514417551634       -1.6083707120427264E-005   8.7809594970067861E-003
   3144.8654971833316       0.70481712131176333       -1.6085303755833630E-005   8.7970448007626198E-003
   3149.8654971833316       0.70485898251360379       -1.6086896044711368E-005   8.8131316968073307E-003
   3154.8654971833316       0.70490072827066064       -1.6088484005160467E-005   8.8292201808124905E-003
   3159.8654971833316       0.70494235906974534       -1.6090067655178382E-005   8.8453102484676686E-003
   3164.8654971833316       0.70498387539487606       -1.6091647012660675E-005   8.8614018954803302E-003
   3169.8654971833316       0.70502527772728185       -1.6093222095401115E-005   8.8774951175757313E-003
   3174.8654971833316       0.70506656654542199       -1.6094792921092397E-005   8.8935899104968241E-003
   3179.8654971833316       0.70510774232503970       -1.6096359507328143E-005   8.9096862700041527E-003
   3184.8654971833316       0.70514880553913639       -1.6097921871601851E-005   8.9257841918757540E-003
   3189.8654971833316       0.70518975665802042       -1.6099480031308753E-005   8.9418836719070624E-003
   3194.8654971833316       0.70523059614933892       -1.6101034003746962E-005   8.9579847059108094E-003
   3199.8654971833316       0.70527132447803331       -1.6102583806115751E-005   8.9740872897169244E-003
   3204.8654971833316       0.70531194210643666       -1.6104129455519208E-005   8.9901914191724431E-003
   3209.8654971833316       0.70535244949426035       -1.6105670968965693E-005   9.0062970901414081E-003
   3214.8654971833316       0.70539284709860284       -1.6107208363368155E-005   9.0224042985047759E-003
   3219.8654971833316       0.70543313537396068       -1.6108741655544483E-005   9.0385130401603210E-003
   3224.8654971833316       0.70547331477229758       -1.6110270862220108E-005   9.0546233110225405E-003
   3229.8654971833316       0.70551338574301892       -1.6111796000027020E-005   9.0707351070225678E-003
   3234.8654971833316       0.70555334873298226       -1.6113317085504087E-005   9.0868484241080714E-003
   3239.8654971833316       0.70559320418653881       -1.6114834135098641E-005   9.1029632582431703E-003
   3244.8654971833316       0.70563295254555780       -1.6116347165167348E-005   9.1190796054083385E-003
   3249.8654971833316       0.70567259424943418       -1.6117856191976460E-005   9.1351974616003147E-003
   3254.8654971833316       0.70571212973509800       -1.6119361231702156E-005   9.1513168228320174E-003
   3259.8654971833316       0.70575155943703638       -1.6120862300431334E-005   9.1674376851324495E-003
   3264.8654971833316       0.70579088378730626       -1.6122359414162053E-005   9.1835600445466115E-003
   3269.8654971833316       0.70583010321557205       -1.6123852588804967E-005   9.1996838971354165E-003
   3274.8654971833316       0.70586921814909631       -1.6125341840182885E-005   9.2158092389755999E-003
   3279.8654971833316       0.70590822901278372       -1.6126827184032450E-005   9.2319360661596329E-003
   3284.8654971833316       0.70594713622916194       -1.6128308636003363E-005   9.2480643747956358E-003
   3289.8654971833316       0.70598594021845529       -1.6129786211661181E-005   9.2641941610072977E-003
   3294.8654971833316       0.70602464139852839       -1.6131259926485085E-005   9.2803254209337833E-003
   3299.8654971833316       0.70606324018493938       -1.6132729795869926E-005   9.2964581507296532E-003
   3304.8654971833316       0.70610173699100776       -1.6134195835128758E-005   9.3125923465647818E-003
   3309.8654971833316       0.70614013222772176       -1.6135658059489272E-005   9.3287280046242711E-003
   3314.8654971833316       0.70617842630382888       -1.6137116484097228E-005   9.3448651211083689E-003
   3319.8654971833316       0.70621661962584725       -1.6138571124016847E-005   9.3610036922323857E-003
   3324.8654971833316       0.70625471259804529       -1.6140021994230000E-005   9.3771437142266163E-003
   3329.8654971833316       0.70629270562248725       -1.6141469109637935E-005   9.3932851833362536E-003
   3334.8654971833316       0.70633059909905949       -1.6142912485062223E-005   9.4094280958213154E-003
   3339.8654971833316       0.70636839342544644       -1.6144352135243829E-005   9.4255724479565591E-003
   3344.8654971833316       0.70640608899717938       -1.6145788074844933E-005   9.4417182360314045E-003
   3349.8654971833316       0.70644368620764553       -1.6147220318449248E-005   9.4578654563498531E-003
   3354.8654971833316       0.70648118544808336       -1.6148648880561819E-005   9.4740141052304157E-003
   3359.8654971833316       0.70651858710759818       -1.6150073775609590E-005   9.4901641790060259E-003
   3364.8654971833316       0.70655589157321974       -1.6151495017943552E-005   9.5063156740239699E-003
   3369.8654971833316       0.70659309922985170       -1.6152912621836802E-005   9.5224685866458075E-003
   3374.8654971833316       0.70663021046034680       -1.6154326601487396E-005   9.5386229132472956E-003
   3379.8654971833316       0.70666722564548745       -1.6155736971017548E-005   9.5547786502183131E-003
   3384.8654971833316       0.70670414516401303       -1.6157143744474671E-005   9.5709357939627870E-003
   3389.8654971833316       0.70674096939260833       -1.6158546935830901E-005   9.5870943408986175E-003
   3394.8654971833316       0.70677769870595542       -1.6159946558985035E-005   9.6032542874576032E-003
   3399.8654971833316       0.70681433347671085       -1.6161342627761652E-005   9.6194156300853650E-003
   3404.8654971833316       0.70685087407555225       -1.6162735155912866E-005   9.6355783652412787E-003
   3409.8654971833316       0.70688732087120065       -1.6164124157119132E-005   9.6517424893983982E-003
   3414.8654971833316       0.70692367423034197       -1.6165509644986232E-005   9.6679079990433844E-003
   3419.8654971833316       0.70695993451777195       -1.6166891633050796E-005   9.6840748906764345E-003
   3424.8654971833316       0.70699610209632535       -1.6168270134777562E-005   9.7002431608112123E-003
   3429.8654971833316       0.70703217732690182       -1.6169645163560312E-005   9.7164128059747720E-003
   3434.8654971833316       0.70706816056849298       -1.6171016732722936E-005   9.7325838227074954E-003
   3439.8654971833316       0.70710405217818018       -1.6172384855519263E-005   9.7487562075630144E-003
   3444.8654971833316       0.70713985251118783       -1.6173749545135122E-005   9.7649299571081500E-003
   3449.8654971833316       0.70717556192082942       -1.6175110814686224E-005   9.7811050679228358E-003
   3454.8654971833316       0.70721118075857181       -1.6176468677220601E-005   9.7972815366000558E-003
   3459.8654971833316       0.70724670937402379       -1.6177823145718140E-005   9.8134593597457732E-003
   3464.8654971833316       0.70728214811495904       -1.6179174233091451E-005   9.8296385339788645E-003
   3469.8654971833316       0.70731749732732185       -1.6180521952186049E-005   9.8458190559310502E-003
   3474.8654971833316       0.70735275735525061       -1.6181866315781234E-005   9.8620009222468320E-003
   3479.8654971833316       0.70738792854109378       -1.6183207336590663E-005   9.8781841295834220E-003
   3484.8654971833316       0.70742301122538775       -1.6184545027261498E-005   9.8943686746106839E-003
   3489.8654971833316       0.70745800574688311       -1.6185879400375381E-005   9.9105545540110595E-003
   3494.8654971833316       0.70749291244258639       -1.6187210468450007E-005   9.9267417644795103E-003
   3499.8654971833316       0.70752773164773830       -1.6188538243938258E-005   9.9429303027234479E-003
   3504.8654971833316       0.70756246369584530       -1.6189862739229412E-005   9.9591201654626767E-003
   3509.8654971833316       0.70759710891868588       -1.6191183966649333E-005   9.9753113494293263E-003
   3514.8654971833316       0.70763166764630658       -1.6192501938460305E-005   9.9915038513677858E-003
   3519.8654971833316       0.70766614020703389       -1.6193816666861482E-005   1.0007697668034648E-002
   3524.8654971833316       0.70770052692753016       -1.6195128163990973E-005   1.0023892796198640E-002
   3529.8654971833316       0.70773482813275079       -1.6196436441924226E-005   1.0040089232640563E-002
   3534.8654971833316       0.70776904414599351       -1.6197741512675827E-005   1.0056286974153238E-002
   3539.8654971833316       0.70780317528885306       -1.6199043388197828E-005   1.0072486017541436E-002
   3544.8654971833316       0.70783722188129894       -1.6200342080382617E-005   1.0088686359621818E-002
   3549.8654971833316       0.70787118424165907       -1.6201637601062330E-005   1.0104887997222881E-002
   3554.8654971833316       0.70790506268663833       -1.6202929962009514E-005   1.0121090927184891E-002
   3559.8654971833316       0.70793885753128649       -1.6204219174935890E-005   1.0137295146359826E-002
   3564.8654971833316       0.70797256908909267       -1.6205505251495923E-005   1.0153500651611322E-002
   3569.8654971833316       0.70800619767189699       -1.6206788203283461E-005   1.0169707439814605E-002
   3574.8654971833316       0.70803974358996746       -1.6208068041834623E-005   1.0185915507856439E-002
   3579.8654971833316       0.70807320715200039       -1.6209344778627801E-005   1.0202124852635067E-002
   3584.8654971833316       0.70810658866512199       -1.6210618425083714E-005   1.0218335471060149E-002
   3589.8654971833316       0.70813988843488984       -1.6211888992565446E-005   1.0234547360052715E-002
   3594.8654971833316       0.70817310676532319       -1.6213156492379557E-005   1.0250760516545094E-002
   3599.8654971833316       0.70820624395888665       -1.6214420935775474E-005   1.0266974937480871E-002
   3604.8654971833316       0.70823930031654325       -1.6215682333947482E-005   1.0283190619814819E-002
   3609.8654971833316       0.70827227613769639       -1.6216940698032489E-005   1.0299407560512851E-002
   3614.8654971833316       0.70830517172028473       -1.6218196039113643E-005   1.0315625756551965E-002
   3619.8654971833316       0.70833798736071463       -1.6219448368217725E-005   1.0331845204920182E-002
   3624.8654971833316       0.70837072335391493       -1.6220697696317208E-005   1.0348065902616499E-002
   3629.8654971833316       0.70840337999332836       -1.6221944034329956E-005   1.0364287846650829E-002
   3634.8654971833316       0.70843595757093492       -1.6223187393120041E-005   1.0380511034043948E-002
   3639.8654971833316       0.70846845637724765       -1.6224427783497623E-005   1.0396735461827447E-002
   3644.8654971833316       0.70850087670131356       -1.6225665216218913E-005   1.0412961127043666E-002
   3649.8654971833316       0.70853321883075049       -1.6226899701987618E-005   1.0429188026745653E-002
   3654.8654971833316       0.70856548305174327       -1.6228131251454730E-005   1.0445416157997107E-002
   3659.8654971833316       0.70859766964906501       -1.6229359875219343E-005   1.0461645517872327E-002
   3664.8654971833316       0.70862977890603540       -1.6230585583827060E-005   1.0477876103456154E-002
   3669.8654971833316       0.70866181110459392       -1.6231808387772745E-005   1.0494107911843926E-002
   3674.8654971833316       0.70869376652528215       -1.6233028297499837E-005   1.0510340940141426E-002
   3679.8654971833316       0.70872564544724215       -1.6234245323400291E-005   1.0526575185464827E-002
   3684.8654971833316       0.70875744814822672       -1.6235459475814929E-005   1.0542810644940642E-002
   3689.8654971833316       0.70878917490463234       -1.6236670765034701E-005   1.0559047315705677E-002
   3694.8654971833316       0.70882082599149332       -1.6237879201300434E-005   1.0575285194906978E-002
   3699.8654971833316       0.70885240168249264       -1.6239084794803247E-005   1.0591524279701781E-002
   3704.8654971833316       0.70888390224993025       -1.6240287555683299E-005   1.0607764567257464E-002
   3709.8654971833316       0.70891532796479473       -1.6241487494032527E-005   1.0624006054751497E-002
   3714.8654971833316       0.70894667909677689       -1.6242684619895163E-005   1.0640248739371392E-002
   3719.8654971833316       0.70897795591419221       -1.6243878943264728E-005   1.0656492618314656E-002
   3724.8654971833316       0.70900915868407788       -1.6245070474087735E-005   1.0672737688788745E-002
   3729.8654971833316       0.70904028767214167       -1.6246259222261745E-005   1.0688983948011006E-002
   3734.8654971833316       0.70907134314281595       -1.6247445197637374E-005   1.0705231393208644E-002
   3739.8654971833316       0.70910232535922535       -1.6248628410017075E-005   1.0721480021618660E-002
   3744.8654971833316       0.70913323458322552       -1.6249808869156594E-005   1.0737729830487817E-002
   3749.8654971833316       0.70916407107538504       -1.6250986584764261E-005   1.0753980817072581E-002
   3754.8654971833316       0.70919483509501835       -1.6252161566502242E-005   1.0770232978639084E-002
   3759.8654971833316       0.70922552690018559       -1.6253333823986512E-005   1.0786486312463071E-002
   3764.8654971833316       0.70925614674769855       -1.6254503366787069E-005   1.0802740815829858E-002
   3769.8654971833316       0.70928669489312357       -1.6255670204428040E-005   1.0818996486034287E-002
   3774.8654971833316       0.70931717159078644       -1.6256834346387845E-005   1.0835253320380675E-002
   3779.8654971833316       0.70934757709379659       -1.6257995802100105E-005   1.0851511316182776E-002
   3784.8654971833316       0.70937791165401853       -1.6259154580952549E-005   1.0867770470763729E-002
   3789.8654971833316       0.70940817552214364       -1.6260310692289743E-005   1.0884030781456019E-002
   3794.8654971833316       0.70943836894764256       -1.6261464145411249E-005   1.0900292245601430E-002
   3799.8654971833316       0.70946849217877272       -1.6262614949571894E-005   1.0916554860551002E-002
   3804.8654971833316       0.70949854546261137       -1.6263763113983042E-005   1.0932818623664985E-002
