 #              _____________________  _______________________             #
 #              ___  __ \__  __ \_  / / /_  /___  ____/_  ___/             #
 #              __  / / /_  /_/ /  / / /_  __/_  __/  _____ \              #
 #              _  /_/ /_  _, _// /_/ / / /_ _  /___  ____/ /              #
 #              /_____/ /_/ |_| \____/  \__/ /_____/  /____/               #
 #                                                                         #
  
 #        time                      [L]                   runoff elevation [m a.m.s.l]       runoff flux [L3.T-1.L-2]   in    x              directions   cumulative flux
 #-----------------------------------------------------------------------------------------------

   0.0000000000000000        0.0000000000000000       -0.0000000000000000        0.0000000000000000     
   1.0000000000000000E-004   0.0000000000000000       -0.0000000000000000        0.0000000000000000     
   2.0600000000000002E-004   0.0000000000000000       -0.0000000000000000        0.0000000000000000     
   3.1836000000000006E-004   0.0000000000000000       -0.0000000000000000        0.0000000000000000     
   4.3746160000000009E-004   0.0000000000000000       -0.0000000000000000        0.0000000000000000     
   5.6370929600000014E-004   0.0000000000000000       -0.0000000000000000        0.0000000000000000     
   6.9753185376000013E-004   0.0000000000000000       -0.0000000000000000        0.0000000000000000     
   8.3938376498560023E-004   0.0000000000000000       -0.0000000000000000        0.0000000000000000     
   9.8974679088473629E-004   0.0000000000000000       -0.0000000000000000        0.0000000000000000     
   1.1491315983378205E-003   0.0000000000000000       -0.0000000000000000        0.0000000000000000     
   1.3180794942380899E-003   0.0000000000000000       -0.0000000000000000        0.0000000000000000     
   1.4971642638923754E-003   0.0000000000000000       -0.0000000000000000        0.0000000000000000     
   1.6869941197259180E-003   0.0000000000000000       -0.0000000000000000        0.0000000000000000     
   1.8882137669094731E-003   0.0000000000000000       -0.0000000000000000        0.0000000000000000     
   2.1015065929240414E-003   0.0000000000000000       -0.0000000000000000        0.0000000000000000     
   2.3275969884994840E-003   0.0000000000000000       -0.0000000000000000        0.0000000000000000     
   2.5672528078094533E-003   0.0000000000000000       -0.0000000000000000        0.0000000000000000     
   2.8212879762780207E-003   0.0000000000000000       -0.0000000000000000        0.0000000000000000     
   3.0905652548547020E-003   0.0000000000000000       -0.0000000000000000        0.0000000000000000     
   3.3759991701459843E-003   0.0000000000000000       -0.0000000000000000        0.0000000000000000     
   3.6785591203547436E-003   0.0000000000000000       -0.0000000000000000        0.0000000000000000     
   3.9992726675760282E-003   0.0000000000000000       -0.0000000000000000        0.0000000000000000     
   4.3392290276305897E-003   0.0000000000000000       -0.0000000000000000        0.0000000000000000     
   4.6995827692884254E-003   0.0000000000000000       -0.0000000000000000        0.0000000000000000     
   5.0815577354457308E-003   0.0000000000000000       -0.0000000000000000        0.0000000000000000     
   5.4864511995724747E-003   0.0000000000000000       -0.0000000000000000        0.0000000000000000     
   5.9156382715468232E-003   0.0000000000000000       -0.0000000000000000        0.0000000000000000     
   6.3705765678396331E-003   0.0000000000000000       -0.0000000000000000        0.0000000000000000     
   6.8528111619100118E-003   0.0000000000000000       -0.0000000000000000        0.0000000000000000     
   7.3639798316246126E-003   0.0000000000000000       -0.0000000000000000        0.0000000000000000     
   7.9058186215220892E-003   0.0000000000000000       -0.0000000000000000        0.0000000000000000     
   8.4801677388134152E-003   0.0000000000000000       -0.0000000000000000        0.0000000000000000     
   9.0889778031422210E-003   0.0000000000000000       -0.0000000000000000        0.0000000000000000     
   9.7343164713307555E-003   0.0000000000000000       -0.0000000000000000        0.0000000000000000     
   1.0418375459610602E-002   0.0000000000000000       -0.0000000000000000        0.0000000000000000     
   1.1143477987187239E-002   0.0000000000000000       -0.0000000000000000        0.0000000000000000     
   1.1912086666418473E-002   0.0000000000000000       -0.0000000000000000        0.0000000000000000     
   1.2726811866403582E-002   0.0000000000000000       -0.0000000000000000        0.0000000000000000     
   1.3590420578387798E-002   0.0000000000000000       -0.0000000000000000        0.0000000000000000     
   1.4505845813091067E-002   0.0000000000000000       -0.0000000000000000        0.0000000000000000     
   1.5476196561876531E-002   0.0000000000000000       -0.0000000000000000        0.0000000000000000     
   1.6504768355589124E-002   0.0000000000000000       -0.0000000000000000        0.0000000000000000     
   1.7595054456924473E-002   0.0000000000000000       -0.0000000000000000        0.0000000000000000     
   1.8750757724339942E-002   0.0000000000000000       -0.0000000000000000        0.0000000000000000     
   1.9975803187800338E-002   0.0000000000000000       -0.0000000000000000        0.0000000000000000     
   2.1274351379068360E-002   0.0000000000000000       -0.0000000000000000        0.0000000000000000     
   2.2650812461812463E-002   0.0000000000000000       -0.0000000000000000        0.0000000000000000     
   2.4109861209521213E-002   0.0000000000000000       -0.0000000000000000        0.0000000000000000     
   2.5656452882092486E-002   0.0000000000000000       -0.0000000000000000        0.0000000000000000     
   2.7295840055018037E-002   0.0000000000000000       -0.0000000000000000        0.0000000000000000     
   2.9033590458319120E-002   0.0000000000000000       -0.0000000000000000        0.0000000000000000     
   3.0875605885818270E-002   0.0000000000000000       -0.0000000000000000        0.0000000000000000     
   3.2828142238967364E-002   0.0000000000000000       -0.0000000000000000        0.0000000000000000     
   3.4897830773305411E-002   0.0000000000000000       -0.0000000000000000        0.0000000000000000     
   3.7091700619703738E-002   0.0000000000000000       -0.0000000000000000        0.0000000000000000     
   3.9417202656885961E-002   0.0000000000000000       -0.0000000000000000        0.0000000000000000     
   4.1882234816299123E-002   0.0000000000000000       -0.0000000000000000        0.0000000000000000     
   4.4495168905277070E-002   0.0000000000000000       -0.0000000000000000        0.0000000000000000     
   4.7264879039593699E-002   0.0000000000000000       -0.0000000000000000        0.0000000000000000     
   5.0200771781969321E-002   0.0000000000000000       -0.0000000000000000        0.0000000000000000     
   5.3312818088887486E-002   0.0000000000000000       -0.0000000000000000        0.0000000000000000     
   5.6611587174220740E-002   0.0000000000000000       -0.0000000000000000        0.0000000000000000     
   6.0108282404673988E-002   0.0000000000000000       -0.0000000000000000        0.0000000000000000     
   6.3814779348954437E-002   0.0000000000000000       -0.0000000000000000        0.0000000000000000     
   6.7743666109891701E-002   0.0000000000000000       -0.0000000000000000        0.0000000000000000     
   7.1908286076485209E-002   0.0000000000000000       -0.0000000000000000        0.0000000000000000     
   7.6322783241074332E-002   0.0000000000000000       -0.0000000000000000        0.0000000000000000     
   8.1002150235538792E-002   0.0000000000000000       -0.0000000000000000        0.0000000000000000     
   8.5962279249671120E-002   0.0000000000000000       -0.0000000000000000        0.0000000000000000     
   9.1220016004651391E-002   0.0000000000000000       -0.0000000000000000        0.0000000000000000     
   9.6793216964930484E-002   0.0000000000000000       -0.0000000000000000        0.0000000000000000     
  0.10270080998282632        0.0000000000000000       -0.0000000000000000        0.0000000000000000     
  0.10896285858179591        0.0000000000000000       -0.0000000000000000        0.0000000000000000     
  0.11560063009670367        0.0000000000000000       -0.0000000000000000        0.0000000000000000     
  0.12263666790250589        0.0000000000000000       -0.0000000000000000        0.0000000000000000     
  0.13009486797665626        0.0000000000000000       -0.0000000000000000        0.0000000000000000     
  0.13800056005525563        0.0000000000000000       -0.0000000000000000        0.0000000000000000     
  0.14638059365857098        0.0000000000000000       -0.0000000000000000        0.0000000000000000     
  0.15526342927808526        0.0000000000000000       -0.0000000000000000        0.0000000000000000     
  0.16467923503477039        0.0000000000000000       -0.0000000000000000        0.0000000000000000     
  0.17465998913685662        0.0000000000000000       -0.0000000000000000        0.0000000000000000     
  0.18523958848506802        0.0000000000000000       -0.0000000000000000        0.0000000000000000     
  0.19645396379417213        0.0000000000000000       -0.0000000000000000        0.0000000000000000     
  0.20834120162182246        0.0000000000000000       -0.0000000000000000        0.0000000000000000     
  0.22094167371913181        0.0000000000000000       -0.0000000000000000        0.0000000000000000     
  0.23429817414227974        0.0000000000000000       -0.0000000000000000        0.0000000000000000     
  0.24845606459081654        0.0000000000000000       -0.0000000000000000        0.0000000000000000     
  0.26346342846626553        0.0000000000000000       -0.0000000000000000        0.0000000000000000     
  0.27937123417424148        0.0000000000000000       -0.0000000000000000        0.0000000000000000     
  0.29623350822469596        0.0000000000000000       -0.0000000000000000        0.0000000000000000     
  0.31410751871817771        0.0000000000000000       -0.0000000000000000        0.0000000000000000     
  0.33305396984126839        0.0000000000000000       -0.0000000000000000        0.0000000000000000     
  0.35313720803174453        0.0000000000000000       -0.0000000000000000        0.0000000000000000     
  0.37442544051364923        0.0000000000000000       -0.0000000000000000        0.0000000000000000     
  0.39699096694446823        0.0000000000000000       -0.0000000000000000        0.0000000000000000     
  0.42091042496113634        0.0000000000000000       -0.0000000000000000        0.0000000000000000     
  0.44626505045880455        0.0000000000000000       -0.0000000000000000        0.0000000000000000     
  0.47314095348633284        0.0000000000000000       -0.0000000000000000        0.0000000000000000     
  0.50162941069551281        0.0000000000000000       -0.0000000000000000        0.0000000000000000     
  0.53182717533724366        0.0000000000000000       -0.0000000000000000        0.0000000000000000     
  0.56383680585747831        0.0000000000000000       -0.0000000000000000        0.0000000000000000     
  0.59776701420892708        0.0000000000000000       -0.0000000000000000        0.0000000000000000     
  0.63373303506146272        0.0000000000000000       -0.0000000000000000        0.0000000000000000     
  0.67185701716515056        0.0000000000000000       -0.0000000000000000        0.0000000000000000     
  0.71226843819505958        0.0000000000000000       -0.0000000000000000        0.0000000000000000     
  0.75510454448676323        0.0000000000000000       -0.0000000000000000        0.0000000000000000     
  0.80051081715596906        0.0000000000000000       -0.0000000000000000        0.0000000000000000     
  0.84864146618532721        0.0000000000000000       -0.0000000000000000        0.0000000000000000     
  0.89965995415644684        0.0000000000000000       -0.0000000000000000        0.0000000000000000     
  0.95373955140583366        0.0000000000000000       -0.0000000000000000        0.0000000000000000     
   1.0110639244901838        0.0000000000000000       -0.0000000000000000        0.0000000000000000     
   1.0718277599595949        0.0000000000000000       -0.0000000000000000        0.0000000000000000     
   1.1362374255571706        0.0000000000000000       -0.0000000000000000        0.0000000000000000     
   1.2045116710906008        0.0000000000000000       -0.0000000000000000        0.0000000000000000     
   1.2768823713560369        0.0000000000000000       -0.0000000000000000        0.0000000000000000     
   1.3535953136373993        0.0000000000000000       -0.0000000000000000        0.0000000000000000     
   1.4349110324556433        0.0000000000000000       -0.0000000000000000        0.0000000000000000     
   1.5211056944029819        0.0000000000000000       -0.0000000000000000        0.0000000000000000     
   1.6124720360671609        0.0000000000000000       -0.0000000000000000        0.0000000000000000     
   1.7093203582311907        0.0000000000000000       -0.0000000000000000        0.0000000000000000     
   1.8119795797250622        0.0000000000000000       -0.0000000000000000        0.0000000000000000     
   1.9207983545085661        0.0000000000000000       -0.0000000000000000        0.0000000000000000     
   2.0361462557790801        0.0000000000000000       -0.0000000000000000        0.0000000000000000     
   2.1584150311258252        0.0000000000000000       -0.0000000000000000        0.0000000000000000     
   2.2880199329933748        0.0000000000000000       -0.0000000000000000        0.0000000000000000     
   2.4254011289729775        0.0000000000000000       -0.0000000000000000        0.0000000000000000     
   2.5710251967113562        0.0000000000000000       -0.0000000000000000        0.0000000000000000     
   2.7253867085140375        0.0000000000000000       -0.0000000000000000        0.0000000000000000     
   2.8890099110248801        0.0000000000000000       -0.0000000000000000        0.0000000000000000     
   3.0624505056863729        0.0000000000000000       -0.0000000000000000        0.0000000000000000     
   3.2462975360275554        0.0000000000000000       -0.0000000000000000        0.0000000000000000     
   3.4411753881892091        0.0000000000000000       -0.0000000000000000        0.0000000000000000     
   3.6477459114805617        0.0000000000000000       -0.0000000000000000        0.0000000000000000     
   3.8667106661693955        0.0000000000000000       -0.0000000000000000        0.0000000000000000     
   4.0988133061395597        0.0000000000000000       -0.0000000000000000        0.0000000000000000     
   4.3448421045079337        0.0000000000000000       -0.0000000000000000        0.0000000000000000     
   4.6056326307784099        0.0000000000000000       -0.0000000000000000        0.0000000000000000     
   4.8820705886251146        0.0000000000000000       -0.0000000000000000        0.0000000000000000     
   5.1750948239426213        0.0000000000000000       -0.0000000000000000        0.0000000000000000     
   5.4857005133791787        0.0000000000000000       -0.0000000000000000        0.0000000000000000     
   5.8149425441819300        0.0000000000000000       -0.0000000000000000        0.0000000000000000     
   6.1639390968328458        0.0000000000000000       -0.0000000000000000        0.0000000000000000     
   6.5338754426428167        0.0000000000000000       -0.0000000000000000        0.0000000000000000     
   6.9260079692013861        0.0000000000000000       -0.0000000000000000        0.0000000000000000     
   7.3416684473534692        0.0000000000000000       -0.0000000000000000        0.0000000000000000     
   7.7822685541946779        0.0000000000000000       -0.0000000000000000        0.0000000000000000     
   8.2493046674463599        0.0000000000000000       -0.0000000000000000        0.0000000000000000     
   8.7443629474931424        0.0000000000000000       -0.0000000000000000        0.0000000000000000     
   9.2691247243427313        0.0000000000000000       -0.0000000000000000        0.0000000000000000     
   9.8253722078032961        0.0000000000000000       -0.0000000000000000        0.0000000000000000     
   10.414994540271495        0.0000000000000000       -0.0000000000000000        0.0000000000000000     
   11.039994212687786        0.0000000000000000       -0.0000000000000000        0.0000000000000000     
   11.702493865449053        0.0000000000000000       -0.0000000000000000        0.0000000000000000     
   12.404743497375996        0.0000000000000000       -0.0000000000000000        0.0000000000000000     
   13.149128107218557        0.0000000000000000       -0.0000000000000000        0.0000000000000000     
   13.938175793651672        0.0000000000000000       -0.0000000000000000        0.0000000000000000     
   14.774566341270774        0.0000000000000000       -0.0000000000000000        0.0000000000000000     
   15.661140321747020        0.0000000000000000       -0.0000000000000000        0.0000000000000000     
   16.600908741051843        0.0000000000000000       -0.0000000000000000        0.0000000000000000     
   17.597063265514954        0.0000000000000000       -0.0000000000000000        0.0000000000000000     
   18.652987061445852        0.0000000000000000       -0.0000000000000000        0.0000000000000000     
   19.772266285132606        0.0000000000000000       -0.0000000000000000        0.0000000000000000     
   20.958702262240564        0.0000000000000000       -0.0000000000000000        0.0000000000000000     
   22.216324397974997        0.0000000000000000       -0.0000000000000000        0.0000000000000000     
   23.549403861853499        0.0000000000000000       -0.0000000000000000        0.0000000000000000     
   24.962468093564709        0.0000000000000000       -0.0000000000000000        0.0000000000000000     
   26.460316179178594        0.0000000000000000       -0.0000000000000000        0.0000000000000000     
   28.048035149929312        0.0000000000000000       -0.0000000000000000        0.0000000000000000     
   29.731017258925071        0.0000000000000000       -0.0000000000000000        0.0000000000000000     
   31.514978294460576        0.0000000000000000       -0.0000000000000000        0.0000000000000000     
   33.405976992128210        0.0000000000000000       -0.0000000000000000        0.0000000000000000     
   35.410435611655906        0.0000000000000000       -0.0000000000000000        0.0000000000000000     
   37.535161748355264        0.0000000000000000       -0.0000000000000000        0.0000000000000000     
   39.787371453256583        0.0000000000000000       -0.0000000000000000        0.0000000000000000     
   42.174713740451978        0.0000000000000000       -0.0000000000000000        0.0000000000000000     
   44.705296564879099        0.0000000000000000       -0.0000000000000000        0.0000000000000000     
   47.387714358771845        0.0000000000000000       -0.0000000000000000        0.0000000000000000     
   50.231077220298161        0.0000000000000000       -0.0000000000000000        0.0000000000000000     
   53.245041853516049        0.0000000000000000       -0.0000000000000000        0.0000000000000000     
   56.439844364727016        0.0000000000000000       -0.0000000000000000        0.0000000000000000     
   59.826335026610636        9.2775527598789600E-004  -2.3490315301567191E-010   2.3490315301567191E-010
   63.416015128207277        4.6584572409103520E-003  -3.4586237077745140E-009   3.6935268607901860E-009
   67.221076035899713        1.1440441385434182E-002  -1.5461006359811325E-008   1.9154533220601511E-008
   71.254440598053705        2.1539221201629551E-002  -4.4382979335908542E-008   6.3537512556510056E-008
   75.529807033936933        3.5238578274360451E-002  -1.0081622274919654E-007   1.6435373530570659E-007
   80.061695455973151        5.2841718868389842E-002  -1.9805904706310202E-007   3.6241278236880863E-007
   84.865497183331541        7.4672500962697314E-002  -3.5245279054856026E-007   7.1486557291736884E-007
   89.865497183331541       0.10059951485290070       -5.7919695332390737E-007   1.2940625262412763E-006
   94.865497183331541       0.12958309372068619       -8.8324332767282295E-007   2.1773058539140992E-006
   99.865497183331541       0.16136594661349560       -1.2730719272636115E-006   3.4503777811777107E-006
   104.86549718333154       0.19563969071243059       -1.7549364896229242E-006   5.2053142708006353E-006
   109.86549718333154       0.23178846215924795       -2.3280170053401682E-006   7.5333312761408039E-006
   114.86549718333154       0.26849634627828234       -2.9743843804908483E-006   1.0507715656631652E-005
   119.86549718333154       0.30370000125802371       -3.6523673159020300E-006   1.4160082972533683E-005
   124.86549718333154       0.33528758632234951       -4.3072053955629146E-006   1.8467288368096598E-005
   129.86549718333154       0.36203391743079916       -4.8949533545224573E-006   2.3362241722619054E-005
   134.86549718333154       0.38391083400564918       -5.3978035145462652E-006   2.8760045237165321E-005
   139.86549718333154       0.40168910193001917       -5.8208070971039767E-006   3.4580852334269296E-005
   144.86549718333154       0.41636828183014279       -6.1796307008245426E-006   4.0760483035093839E-005
   149.86549718333154       0.42882059405360712       -6.4907146250202563E-006   4.7251197660114098E-005
   154.86549718333154       0.43968168030182292       -6.7670140181224272E-006   5.4018211678236527E-005
   159.86549718333154       0.44937502829661741       -7.0174826893900582E-006   6.1035694367626590E-005
   164.86549718333154       0.45817392840155741       -7.2479815557460870E-006   6.8283675923372676E-005
   169.86549718333154       0.46625666643046687       -7.4623374142780607E-006   7.5746013337650743E-005
   174.86549718333154       0.47374426337768055       -7.6631336209600855E-006   8.3409146958610835E-005
   179.86549718333154       0.48072332475312729       -7.8522077717455401E-006   9.1261354730356369E-005
   184.86549718333154       0.48725913469757481       -8.0309411033164932E-006   9.9292295833672864E-005
   189.86549718333154       0.49340308342411038       -8.2004224050847390E-006   1.0749271823875761E-004
   194.86549718333154       0.49919697890296849       -8.3615419343709430E-006   1.1585426017312854E-004
   199.86549718333154       0.50467566586382140       -8.5150473251411058E-006   1.2436930749826965E-004
   204.86549718333154       0.50986870704466070       -8.6615786872881984E-006   1.3303088618555784E-004
   209.86549718333154       0.51480152318101002       -8.8016919281488655E-006   1.4183257811370672E-004
   214.86549718333154       0.51949620397858454       -8.9358750819259620E-006   1.5076845319563268E-004
   219.86549718333154       0.52397210812167583       -9.0645602621495873E-006   1.5983301345778226E-004
   224.86549718333154       0.52824632122123005       -9.1881327297215575E-006   1.6902114618750383E-004
   229.86549718333154       0.53233401399687419       -9.3069379706883397E-006   1.7832808415819217E-004
   234.86549718333154       0.53624872791670997       -9.4212873457641297E-006   1.8774937150395631E-004
   239.86549718333154       0.54000260657505617       -9.5314626809837130E-006   1.9728083418494002E-004
   244.86549718333154       0.54360658553750396       -9.6377200521000028E-006   2.0691855423704002E-004
   249.86549718333154       0.54707054979327208       -9.7402929415396543E-006   2.1665884717857967E-004
   254.86549718333154       0.55040346554817587       -9.8393948982653383E-006   2.2649824207684500E-004
   259.86549718333151       0.55361349142533134       -9.9352217979305118E-006   2.3643346387477551E-004
   264.86549718333151       0.55670807295563418       -1.0027953777608669E-005   2.4646141765238420E-004
   269.86549718333151       0.55969402337701546       -1.0117756902740950E-005   2.5657917455512518E-004
   274.86549718333151       0.56257759312097744       -1.0204784611704994E-005   2.6678395916683020E-004
   279.86549718333151       0.56536452988088715       -1.0289178974207287E-005   2.7707313814103748E-004
   284.86549718333151       0.56806013078603423       -1.0371071792688518E-005   2.8744420993372598E-004
   289.86549718333151       0.57066928791797911       -1.0450585570499269E-005   2.9789479550422525E-004
   294.86549718333151       0.57319652818023670       -1.0527834366344237E-005   3.0842262987056948E-004
   299.86549718333151       0.57564604835412247       -1.0602924551128908E-005   3.1902555442169840E-004
   304.86549718333151       0.57802174603076106       -1.0675955480636431E-005   3.2970150990233483E-004
   309.86549718333151       0.58032724699479277       -1.0747020095294981E-005   3.4044852999762980E-004
   314.86549718333151       0.58256592954213338       -1.0816205456522016E-005   3.5126473545415179E-004
   319.86549718333151       0.58474094613833982       -1.0883593227686645E-005   3.6214832868183844E-004
   324.86549718333151       0.58685524276168755       -1.0949260106534298E-005   3.7309758878837274E-004
   329.86549718333151       0.58891157622369938       -1.1013278214931082E-005   3.8411086700330379E-004
   334.86549718333151       0.59091252971703934       -1.1075715450957238E-005   3.9518658245426104E-004
   339.86549718333151       0.59286052680502244       -1.1136635807686859E-005   4.0632321826194790E-004
   344.86549718333151       0.59475784403723753       -1.1196099662412355E-005   4.1751931792436027E-004
   349.86549718333151       0.59660662235042627       -1.1254164039573331E-005   4.2877348196393363E-004
   354.86549718333151       0.59840887739258108       -1.1310882850233239E-005   4.4008436481416687E-004
   359.86549718333151       0.60016650889023204       -1.1366307110591597E-005   4.5145067192475845E-004
   364.86549718333151       0.60188130916334348       -1.1420485141708399E-005   4.6287115706646683E-004
   369.86549718333151       0.60355497087931753       -1.1473462752360968E-005   4.7434461981882780E-004
   374.86549718333151       0.60518909412608202       -1.1525283406719280E-005   4.8586990322554708E-004
   379.86549718333151       0.60678519287472243       -1.1575988378335158E-005   4.9744589160388220E-004
   384.86549718333151       0.60834470089373405       -1.1625616891770385E-005   5.0907150849565253E-004
   389.86549718333151       0.60986897716950472       -1.1674206253033555E-005   5.2074571474868610E-004
   394.86549718333151       0.61135931088172457       -1.1721791969878217E-005   5.3246750671856436E-004
   399.86549718333151       0.61281692597654991       -1.1768407862889295E-005   5.4423591458145366E-004
   404.86549718333151       0.61424298537586031       -1.1814086168194595E-005   5.5605000074964827E-004
   409.86549718333151       0.61563859485664407       -1.1858857632547151E-005   5.6790885838219540E-004
   414.86549718333151       0.61700480663088730       -1.1902751601447245E-005   5.7981160998364265E-004
   419.86549718333151       0.61834262265315521       -1.1945796100906121E-005   5.9175740608454874E-004
   424.86549718333151       0.61965299768026483       -1.1988017913394796E-005   6.0374542399794357E-004
   429.86549718333151       0.62093684210472588       -1.2029442648460891E-005   6.1577486664640441E-004
   434.86549718333151       0.62219502458186327       -1.2070094808463516E-005   6.2784496145486788E-004
   439.86549718333151       0.62342837446800448       -1.2109997849815711E-005   6.3995495930468363E-004
   444.86549718333151       0.62463768408589071       -1.2149174240102886E-005   6.5210413354478648E-004
   449.86549718333151       0.62582371083159016       -1.2187645511401298E-005   6.6429177905618774E-004
   454.86549718333151       0.62698717913596469       -1.2225432310095590E-005   6.7651721136628338E-004
   459.86549718333151       0.62812878229251567       -1.2262554443467207E-005   6.8877976580975062E-004
   464.86549718333151       0.62924918416222397       -1.2299030923298131E-005   7.0107879673304873E-004
   469.86549718333151       0.63034902076521693       -1.2334880006718690E-005   7.1341367673976740E-004
   474.86549718333151       0.63142890176794486       -1.2370119234500278E-005   7.2578379597426764E-004
   479.86549718333151       0.63248941187408059       -1.2404765466986301E-005   7.3818856144125392E-004
   484.86549718333151       0.63353111212627955       -1.2438834917827094E-005   7.5062739635908099E-004
   489.86549718333151       0.63455454112568710       -1.2472343185682726E-005   7.6309973954476369E-004
   494.86549718333151       0.63556021617515390       -1.2505305284033191E-005   7.7560504482879688E-004
   499.86549718333151       0.63654863435185494       -1.2537735669232076E-005   7.8814278049802898E-004
   504.86549718333151       0.63752027351437435       -1.2569648266923714E-005   8.0071242876495266E-004
   509.86549718333151       0.63847559324899683       -1.2601056496937525E-005   8.1331348526189021E-004
   514.86549718333151       0.63941503575946312       -1.2631973296761244E-005   8.2594545855865147E-004
   519.86549718333151       0.64033902670420739       -1.2662411143690177E-005   8.3860786970234161E-004
   524.86549718333151       0.64124797598466254       -1.2692382075738770E-005   8.5130025177808041E-004
   529.86549718333151       0.64214227848809280       -1.2721897711399118E-005   8.6402214948947949E-004
   534.86549718333151       0.64302231478785288       -1.2750969268315383E-005   8.7677311875779490E-004
   539.86549718333151       0.64388845180411725       -1.2779607580950016E-005   8.8955272633874495E-004
   544.86549718333151       0.64474104342762706       -1.2807823117303510E-005   9.0236054945604842E-004
   549.86549718333151       0.64558043110881680       -1.2835625994744973E-005   9.1519617545079339E-004
   554.86549718333151       0.64640694441473023       -1.2863025995014418E-005   9.2805920144580780E-004
   559.86549718333151       0.64722090155562439       -1.2890032578442086E-005   9.4094923402424991E-004
   564.86549718333151       0.64802260988332339       -1.2916654897437014E-005   9.5386588892168694E-004
   569.86549718333151       0.64881236636302331       -1.2942901809286532E-005   9.6680879073097342E-004
   574.86549718333151       0.64959045802027915       -1.2968781888310362E-005   9.7977757261928384E-004
   579.86549718333151       0.65035716236465180       -1.2994303437405863E-005   9.9277187605668980E-004
   584.86549718333151       0.65111274779142048       -1.3019474499019415E-005   1.0057913505557093E-003
   589.86549718333151       0.65185747396279325       -1.3044302865580863E-005   1.0188356534212902E-003
   594.86549718333151       0.65259159216970419       -1.3068796089427206E-005   1.0319044495107174E-003
   599.86549718333151       0.65331534567552807       -1.3092961492250695E-005   1.0449974110029682E-003
   604.86549718333151       0.65402897004264926       -1.3116806174093971E-005   1.0581142171770621E-003
   609.86549718333151       0.65473269344283747       -1.3140337021916022E-005   1.0712545541989782E-003
   614.86549718333151       0.65542673695260734       -1.3163560717761011E-005   1.0844181149167391E-003
   619.86549718333151       0.65611131483412799       -1.3186483746541888E-005   1.0976045986632809E-003
   624.86549718333151       0.65678663480271937       -1.3209112403467182E-005   1.1108137110667480E-003
   629.86549718333151       0.65745289828158326       -1.3231452801126686E-005   1.1240451638678747E-003
   634.86549718333151       0.65811030064456577       -1.3253510876257246E-005   1.1372986747441320E-003
   639.86549718333151       0.65875903144747350       -1.3275292396200891E-005   1.1505739671403329E-003
   644.86549718333151       0.65939927464875003       -1.3296802965077769E-005   1.1638707701054107E-003
   649.86549718333151       0.66003120881994715       -1.3318048029683788E-005   1.1771888181350944E-003
   654.86549718333151       0.66065500734659388       -1.3339032885129179E-005   1.1905278510202235E-003
   659.86549718333151       0.66127083862005887       -1.3359762680234062E-005   1.2038876137004575E-003
   664.86549718333151       0.66187886622070147       -1.3380242422687319E-005   1.2172678561231448E-003
   669.86549718333151       0.66247924909294342       -1.3400476983986595E-005   1.2306683331071314E-003
   674.86549718333151       0.66307214171261486       -1.3420471104168234E-005   1.2440888042112995E-003
   679.86549718333151       0.66365769424692123       -1.3440229396335781E-005   1.2575290336076352E-003
   684.86549718333151       0.66423605270750685       -1.3459756351000334E-005   1.2709887899586354E-003
   689.86549718333151       0.66480735909693589       -1.3479056340240960E-005   1.2844678462988763E-003
   694.86549718333151       0.66537175154885464       -1.3498133621691630E-005   1.2979659799205680E-003
   699.86549718333151       0.66592936446227979       -1.3516992342367384E-005   1.3114829722629354E-003
   704.86549718333151       0.66648032863019258       -1.3535636542333676E-005   1.3250186088052691E-003
   709.86549718333151       0.66702477136273652       -1.3554070158226921E-005   1.3385726789634960E-003
   714.86549718333151       0.66756281660540340       -1.3572297026637406E-005   1.3521449759901333E-003
   719.86549718333151       0.66809458505225006       -1.3590320887354130E-005   1.3657352968774875E-003
   724.86549718333151       0.66862019425452279       -1.3608145386482791E-005   1.3793434422639703E-003
   729.86549718333151       0.66913975872496256       -1.3625774079444460E-005   1.3929692163434147E-003
   734.86549718333151       0.66965339003777802       -1.3643210433853136E-005   1.4066124267772678E-003
   739.86549718333151       0.67016119692472964       -1.3660457832285763E-005   1.4202728846095536E-003
   744.86549718333151       0.67066328536734887       -1.3677519574944192E-005   1.4339504041844977E-003
   749.86549718333151       0.67115975868556477       -1.3694398882217161E-005   1.4476448030667150E-003
   754.86549718333151       0.67165071762285589       -1.3711098897145081E-005   1.4613559019638601E-003
   759.86549718333151       0.67213626042803953       -1.3727622687790337E-005   1.4750835246516503E-003
   764.86549718333151       0.67261648293401444       -1.3743973249522837E-005   1.4888274979011733E-003
   769.86549718333151       0.67309147863341767       -1.3760153507218490E-005   1.5025876514083917E-003
   774.86549718333151       0.67356133875142177       -1.3776166317377352E-005   1.5163638177257690E-003
   779.86549718333151       0.67402615231579299       -1.3792014470164727E-005   1.5301558321959337E-003
   784.86549718333151       0.67448600622432031       -1.3807700691378104E-005   1.5439635328873119E-003
   789.86549718333151       0.67494098530970914       -1.3823227644342351E-005   1.5577867605316544E-003
   794.86549718333151       0.67539117240214663       -1.3838597931739493E-005   1.5716253584633938E-003
   799.86549718333151       0.67583664838946045       -1.3853814097369715E-005   1.5854791725607635E-003
   804.86549718333151       0.67627749227520118       -1.3868878627854178E-005   1.5993480511886178E-003
   809.86549718333151       0.67671378123453474       -1.3883793954275169E-005   1.6132318451428929E-003
   814.86549718333151       0.67714559066815205       -1.3898562453760034E-005   1.6271304075966529E-003
   819.86549718333151       0.67757299425423156       -1.3913186451009602E-005   1.6410435940476624E-003
   824.86549718333151       0.67799606399859391       -1.3927668219775285E-005   1.6549712622674377E-003
   829.86549718333151       0.67841487028307113       -1.3942009984285125E-005   1.6689132722517229E-003
   834.86549718333151       0.67882948191212666       -1.3956213920619574E-005   1.6828694861723424E-003
   839.86549718333151       0.67923996615794380       -1.3970282158043962E-005   1.6968397683303864E-003
   844.86549718333151       0.67964638880387351       -1.3984216780293556E-005   1.7108239851106799E-003
   849.86549718333151       0.68004881418642060       -1.3998019826816821E-005   1.7248220049374966E-003
   854.86549718333151       0.68044730523578967       -1.4011693293977371E-005   1.7388336982314739E-003
   859.86549718333151       0.68084192351503703       -1.4025239136215680E-005   1.7528589373676895E-003
   864.86549718333151       0.68123272925793266       -1.4038659267173891E-005   1.7668975966348634E-003
   869.86549718333151       0.68161978140552038       -1.4051955560782922E-005   1.7809495521956464E-003
   874.86549718333151       0.68200313764145504       -1.4065129852314240E-005   1.7950146820479606E-003
   879.86549718333151       0.68238285442620650       -1.4078183939399166E-005   1.8090928659873597E-003
   884.86549718333151       0.68275898703007976       -1.4091119583013592E-005   1.8231839855703733E-003
   889.86549718333151       0.68313158956522402       -1.4103938508433822E-005   1.8372879240788071E-003
   894.86549718333151       0.68350071501648979       -1.4116642406158442E-005   1.8514045664849656E-003
   899.86549718333151       0.68386641527140979       -1.4129232932805422E-005   1.8655337994177711E-003
   904.86549718333151       0.68422874114913135       -1.4141711711978311E-005   1.8796755111297493E-003
   909.86549718333151       0.68458774242845166       -1.4154080335106499E-005   1.8938295914648559E-003
   914.86549718333151       0.68494346787494254       -1.4166340362258879E-005   1.9079959318271148E-003
   919.86549718333151       0.68529596526725567       -1.4178493322933826E-005   1.9221744251500486E-003
   924.86549718333151       0.68564528142255532       -1.4190540716823487E-005   1.9363649658668720E-003
   929.86549718333151       0.68599146222116669       -1.4202484014555227E-005   1.9505674498814273E-003
   934.86549718333151       0.68633455263048371       -1.4214324658411557E-005   1.9647817745398390E-003
   939.86549718333151       0.68667459672810638       -1.4226064063027343E-005   1.9790078386028665E-003
   944.86549718333151       0.68701163772428331       -1.4237703616066786E-005   1.9932455422189332E-003
   949.86549718333151       0.68734571798363586       -1.4249244678879132E-005   2.0074947868978124E-003
   954.86549718333151       0.68767687904627717       -1.4260688587136923E-005   2.0217554754849492E-003
   959.86549718333151       0.68800516164826697       -1.4272036651454617E-005   2.0360275121364037E-003
   964.86549718333151       0.68833060574139637       -1.4283290157987193E-005   2.0503108022943911E-003
   969.86549718333151       0.68865325051247239       -1.4294450369014530E-005   2.0646052526634056E-003
   974.86549718333151       0.68897313440196439       -1.4305518523506644E-005   2.0789107711869123E-003
   979.86549718333151       0.68929029512214013       -1.4316495837674062E-005   2.0932272670245865E-003
   984.86549718333151       0.68960476967461559       -1.4327383505500689E-005   2.1075546505300870E-003
   989.86549718333151       0.68991659436742603       -1.4338182699262603E-005   2.1218928332293495E-003
   994.86549718333151       0.69022580483161933       -1.4348894570032952E-005   2.1362417277993825E-003
   999.86549718333151       0.69053243603732262       -1.4359520248170897E-005   2.1506012480475532E-003
   1004.8654971833315       0.69083652230936110       -1.4370060843797456E-005   2.1649713088913508E-003
   1009.8654971833315       0.69113809734244147       -1.4380517447258470E-005   2.1793518263386090E-003
   1014.8654971833315       0.69143719421591610       -1.4390891129575177E-005   2.1937427174681841E-003
   1019.8654971833315       0.69173384540803462       -1.4401182942879124E-005   2.2081439004110631E-003
   1024.8654971833316       0.69202808280993544       -1.4411393920840027E-005   2.2225552943319032E-003
   1029.8654971833316       0.69231993773915002       -1.4421525079078677E-005   2.2369768194109821E-003
   1034.8654971833316       0.69260944095274324       -1.4431577415569082E-005   2.2514083968265511E-003
   1039.8654971833316       0.69289662266011476       -1.4441551911030623E-005   2.2658499487375819E-003
   1044.8654971833316       0.69318151253538562       -1.4451449529307522E-005   2.2803013982668893E-003
   1049.8654971833316       0.69346413972952947       -1.4461271217741151E-005   2.2947626694846306E-003
   1054.8654971833316       0.69374453288211491       -1.4471017907530401E-005   2.3092336873921609E-003
   1059.8654971833316       0.69402272013272370       -1.4480690514082349E-005   2.3237143779062434E-003
   1064.8654971833316       0.69429872913210799       -1.4490289937355358E-005   2.3382046678435985E-003
   1069.8654971833316       0.69457258705297209       -1.4499817062190570E-005   2.3527044849057893E-003
   1074.8654971833316       0.69484432060053047       -1.4509272758636999E-005   2.3672137576644264E-003
   1079.8654971833316       0.69511395602276638       -1.4518657882267552E-005   2.3817324155466940E-003
   1084.8654971833316       0.69538151912038026       -1.4527973274485594E-005   2.3962603888211796E-003
   1089.8654971833316       0.69564703525652982       -1.4537219762825467E-005   2.4107976085840049E-003
   1094.8654971833316       0.69591052936629505       -1.4546398161244686E-005   2.4253440067452496E-003
   1099.8654971833316       0.69617202596583261       -1.4555509270406469E-005   2.4398995160156561E-003
   1104.8654971833316       0.69643154916140360       -1.4564553877958992E-005   2.4544640698936152E-003
   1109.8654971833316       0.69668912265807437       -1.4573532758804359E-005   2.4690376026524196E-003
   1114.8654971833316       0.69694476976827657       -1.4582446675363720E-005   2.4836200493277834E-003
   1119.8654971833316       0.69719851342002104       -1.4591296377831319E-005   2.4982113457056145E-003
   1124.8654971833316       0.69745037616502625       -1.4600082604426621E-005   2.5128114283100413E-003
   1129.8654971833316       0.69770038018657998       -1.4608806081637994E-005   2.5274202343916791E-003
   1134.8654971833316       0.69794854730722489       -1.4617467524461266E-005   2.5420377019161403E-003
   1139.8654971833316       0.69819489899618659       -1.4626067636630136E-005   2.5566637695527703E-003
   1144.8654971833316       0.69843945637672644       -1.4634607110844844E-005   2.5712983766636153E-003
   1149.8654971833316       0.69868224023320291       -1.4643086628991502E-005   2.5859414632926070E-003
   1154.8654971833316       0.69892327101803919       -1.4651506862358961E-005   2.6005929701549660E-003
   1159.8654971833316       0.69916256885843286       -1.4659868471847466E-005   2.6152528386268136E-003
   1164.8654971833316       0.69940015356299023       -1.4668172108175418E-005   2.6299210107349892E-003
   1169.8654971833316       0.69963604462813878       -1.4676418412079137E-005   2.6445974291470684E-003
   1174.8654971833316       0.69987026124438667       -1.4684608014507994E-005   2.6592820371615766E-003
   1179.8654971833316       0.70010282230244092       -1.4692741536815265E-005   2.6739747786983918E-003
   1184.8654971833316       0.70033374639920176       -1.4700819590945362E-005   2.6886755982893371E-003
   1189.8654971833316       0.70056305184359258       -1.4708842779615949E-005   2.7033844410689531E-003
   1194.8654971833316       0.70079075666217705       -1.4716811696493218E-005   2.7181012527654463E-003
   1199.8654971833316       0.70101687860480089       -1.4724726926368675E-005   2.7328259796918150E-003
   1204.8654971833316       0.70124143514993775       -1.4732589045326122E-005   2.7475585687371409E-003
   1209.8654971833316       0.70146444350998183       -1.4740398620907373E-005   2.7622989673580481E-003
   1214.8654971833316       0.70168592063647117       -1.4748156212276094E-005   2.7770471235703240E-003
   1219.8654971833316       0.70190588322506409       -1.4755862370373516E-005   2.7918029859406975E-003
   1224.8654971833316       0.70212434772048204       -1.4763517638073519E-005   2.8065665035787711E-003
   1229.8654971833316       0.70234133032132340       -1.4771122550333684E-005   2.8213376261291049E-003
   1234.8654971833316       0.70255684698474408       -1.4778677634342156E-005   2.8361163037634472E-003
   1239.8654971833316       0.70277091343106812       -1.4786183409662571E-005   2.8509024871731098E-003
   1244.8654971833316       0.70298354514823935       -1.4793640388373825E-005   2.8656961275614836E-003
   1249.8654971833316       0.70319475739621640       -1.4801049075208327E-005   2.8804971766366919E-003
   1254.8654971833316       0.70340456521127148       -1.4808409967687327E-005   2.8953055866043791E-003
   1259.8654971833316       0.70361298341012124       -1.4815723556250733E-005   2.9101213101606297E-003
   1264.8654971833316       0.70382002659404097       -1.4822990324386788E-005   2.9249443004850167E-003
   1269.8654971833316       0.70402570915286822       -1.4830210748758260E-005   2.9397745112337750E-003
   1274.8654971833316       0.70423004526888355       -1.4837385299324700E-005   2.9546118965330997E-003
   1279.8654971833316       0.70443304892061698       -1.4844514439462436E-005   2.9694564109725621E-003
   1284.8654971833316       0.70463473388663944       -1.4851598626084484E-005   2.9843080095986467E-003
   1289.8654971833316       0.70483511374914143       -1.4858638309753235E-005   2.9991666479083998E-003
   1294.8654971833316       0.70503420189752053       -1.4865633934793894E-005   3.0140322818431936E-003
   1299.8654971833316       0.70523201153188964       -1.4872585939405395E-005   3.0289048677825990E-003
   1304.8654971833316       0.70542855566646112       -1.4879494755767313E-005   3.0437843625383664E-003
   1309.8654971833316       0.70562384713290105       -1.4886360810146052E-005   3.0586707233485125E-003
   1314.8654971833316       0.70581789858358124       -1.4893184522997706E-005   3.0735639078715103E-003
   1319.8654971833316       0.70601072249478347       -1.4899966309069571E-005   3.0884638741805800E-003
   1324.8654971833316       0.70620233116984088       -1.4906706577499725E-005   3.1033705807580799E-003
   1329.8654971833316       0.70639273674212455       -1.4913405731911446E-005   3.1182839864899912E-003
   1334.8654971833316       0.70658195117813016       -1.4920064170511408E-005   3.1332040506605024E-003
   1339.8654971833316       0.70676998628032406       -1.4926682286179713E-005   3.1481307329466819E-003
   1344.8654971833316       0.70695685369005901       -1.4933260466562592E-005   3.1630639934132447E-003
   1349.8654971833316       0.70714256489035310       -1.4939799094160583E-005   3.1780037925074052E-003
   1354.8654971833316       0.70732713120865287       -1.4946298546416349E-005   3.1929500910538216E-003
   1359.8654971833316       0.70751056381949684       -1.4952759195799282E-005   3.2079028502496210E-003
   1364.8654971833316       0.70769287374717071       -1.4959181409889994E-005   3.2228620316595109E-003
   1369.8654971833316       0.70787407186825924       -1.4965565551461436E-005   3.2378275972109725E-003
   1374.8654971833316       0.70805416891417616       -1.4971911978559432E-005   3.2527995091895319E-003
   1379.8654971833316       0.70823317547365294       -1.4978221044581986E-005   3.2677777302341140E-003
   1384.8654971833316       0.70841110199513735       -1.4984493098355634E-005   3.2827622233324695E-003
   1389.8654971833316       0.70858795878916081       -1.4990728484210869E-005   3.2977529518166803E-003
   1394.8654971833316       0.70876375603066211       -1.4996927542056247E-005   3.3127498793587367E-003
   1399.8654971833316       0.70893850376128065       -1.5003090607451599E-005   3.3277529699661883E-003
   1404.8654971833316       0.70911221189153928       -1.5009218011677541E-005   3.3427621879778659E-003
   1409.8654971833316       0.70928489020306529       -1.5015310081806512E-005   3.3577774980596722E-003
   1414.8654971833316       0.70945654835073024       -1.5021367140771117E-005   3.3727988652004432E-003
   1419.8654971833316       0.70962719586470813       -1.5027389507429769E-005   3.3878262547078729E-003
   1424.8654971833316       0.70979684215253080       -1.5033377496632415E-005   3.4028596322045052E-003
   1429.8654971833316       0.70996549650113638       -1.5039331419286140E-005   3.4178989636237914E-003
   1434.8654971833316       0.71013316807882709       -1.5045251582417765E-005   3.4329442152062090E-003
   1439.8654971833316       0.71029986593718542       -1.5051138289235132E-005   3.4479953534954440E-003
   1444.8654971833316       0.71046559901297479       -1.5056991839187976E-005   3.4630523453346319E-003
   1449.8654971833316       0.71063037612999547       -1.5062812528027346E-005   3.4781151578626591E-003
   1454.8654971833316       0.71079420600090226       -1.5068600647863883E-005   3.4931837585105230E-003
   1459.8654971833316       0.71095709722901301       -1.5074356487225849E-005   3.5082581149977489E-003
   1464.8654971833316       0.71111905831001454       -1.5080080331113682E-005   3.5233381953288625E-003
   1469.8654971833316       0.71128009763371591       -1.5085772461056398E-005   3.5384239677899187E-003
   1474.8654971833316       0.71144022348570224       -1.5091433155164562E-005   3.5535154009450833E-003
   1479.8654971833316       0.71159944404902542       -1.5097062688184684E-005   3.5686124636332681E-003
   1484.8654971833316       0.71175776740575236       -1.5102661331548760E-005   3.5837151249648170E-003
   1489.8654971833316       0.71191520153864063       -1.5108229353428383E-005   3.5988233543182454E-003
   1494.8654971833316       0.71207175433262193       -1.5113767018782184E-005   3.6139371213370275E-003
   1499.8654971833316       0.71222743357638074       -1.5119274589406770E-005   3.6290563959264343E-003
   1504.8654971833316       0.71238224696378971       -1.5124752323982703E-005   3.6441811482504170E-003
   1509.8654971833316       0.71253620209547641       -1.5130200478125228E-005   3.6593113487285423E-003
   1514.8654971833316       0.71268930648014572       -1.5135619304426453E-005   3.6744469680329689E-003
   1519.8654971833316       0.71284156753609174       -1.5141009052504375E-005   3.6895879770854731E-003
   1524.8654971833316       0.71299299259256366       -1.5146369969046774E-005   3.7047343470545200E-003
   1529.8654971833316       0.71314358889109575       -1.5151702297854016E-005   3.7198860493523741E-003
   1534.8654971833316       0.71329336358686379       -1.5157006279882814E-005   3.7350430556322570E-003
   1539.8654971833316       0.71344232374999828       -1.5162282153288611E-005   3.7502053377855456E-003
   1544.8654971833316       0.71359047636687378       -1.5167530153467166E-005   3.7653728679390127E-003
   1549.8654971833316       0.71373782834139166       -1.5172750513096015E-005   3.7805456184521087E-003
   1554.8654971833316       0.71388438649620378       -1.5177943462173944E-005   3.7957235619142824E-003
   1559.8654971833316       0.71403015757390464       -1.5183109228059393E-005   3.8109066711423420E-003
   1564.8654971833316       0.71417514823827155       -1.5188248035510666E-005   3.8260949191778527E-003
   1569.8654971833316       0.71431936507542360       -1.5193360106723363E-005   3.8412882792845759E-003
   1574.8654971833316       0.71446281459497252       -1.5198445661367553E-005   3.8564867249459437E-003
   1579.8654971833316       0.71460550323115457       -1.5203504916624405E-005   3.8716902298625679E-003
   1584.8654971833316       0.71474743734393831       -1.5208538087222021E-005   3.8868987679497899E-003
   1589.8654971833316       0.71488862322012448       -1.5213545385471039E-005   3.9021123133352611E-003
   1594.8654971833316       0.71502906707442182       -1.5218527021299496E-005   3.9173308403565605E-003
   1599.8654971833316       0.71516877505052212       -1.5223483202287706E-005   3.9325543235588485E-003
   1604.8654971833316       0.71530775322208440       -1.5228414133700002E-005   3.9477827376925489E-003
   1609.8654971833316       0.71544600759375265       -1.5233320018517707E-005   3.9630160577110666E-003
   1614.8654971833316       0.71558354410222236       -1.5238201057473942E-005   3.9782542587685410E-003
   1619.8654971833316       0.71572036861716581       -1.5243057449083462E-005   3.9934973162176245E-003
   1624.8654971833316       0.71585648694220394       -1.5247889389674199E-005   4.0087452056072987E-003
   1629.8654971833316       0.71599190481585673       -1.5252697073418135E-005   4.0239979026807171E-003
   1634.8654971833316       0.71612662791250004       -1.5257480692362440E-005   4.0392553833730792E-003
   1639.8654971833316       0.71626066184322557       -1.5262240436457223E-005   4.0545176238095367E-003
   1644.8654971833316       0.71639401215677145       -1.5266976493585891E-005   4.0697846003031222E-003
   1649.8654971833316       0.71652668434040734       -1.5271689049593892E-005   4.0850562893527164E-003
   1654.8654971833316       0.71665868382081310       -1.5276378288317315E-005   4.1003326676410335E-003
   1659.8654971833316       0.71679001596491432       -1.5281044391610022E-005   4.1156137120326435E-003
   1664.8654971833316       0.71692068608072446       -1.5285687539371048E-005   4.1308993995720147E-003
   1669.8654971833316       0.71705069941815081       -1.5290307909570766E-005   4.1461897074815852E-003
   1674.8654971833316       0.71718006116983291       -1.5294905678278270E-005   4.1614846131598632E-003
   1679.8654971833316       0.71730877647193514       -1.5299481019687159E-005   4.1767840941795507E-003
   1684.8654971833316       0.71743685040492089       -1.5304034106140744E-005   4.1920881282856912E-003
   1689.8654971833316       0.71756428799432026       -1.5308565108157046E-005   4.2073966933938479E-003
   1694.8654971833316       0.71769109421148702       -1.5313074194453452E-005   4.2227097675883018E-003
   1699.8654971833316       0.71781727397435158       -1.5317561531971308E-005   4.2380273291202728E-003
   1704.8654971833316       0.71794283214815435       -1.5322027285899838E-005   4.2533493564061728E-003
   1709.8654971833316       0.71806777354615725       -1.5326471619699313E-005   4.2686758280258722E-003
   1714.8654971833316       0.71819210293033742       -1.5330894695123673E-005   4.2840067227209958E-003
   1719.8654971833316       0.71831582501211810       -1.5335296672244461E-005   4.2993420193932399E-003
   1724.8654971833316       0.71843894445303336       -1.5339677709472474E-005   4.3146816971027123E-003
   1729.8654971833316       0.71856146586539282       -1.5344037963579469E-005   4.3300257350662921E-003
   1734.8654971833316       0.71868339381296797       -1.5348377589720619E-005   4.3453741126560129E-003
   1739.8654971833316       0.71880473281161161       -1.5352696741454697E-005   4.3607268093974680E-003
   1744.8654971833316       0.71892548732992156       -1.5356995570765828E-005   4.3760838049682338E-003
   1749.8654971833316       0.71904566178985574       -1.5361274228083550E-005   4.3914450791963169E-003
   1754.8654971833316       0.71916526056736918       -1.5365532862303699E-005   4.4068106120586205E-003
   1759.8654971833316       0.71928428799303645       -1.5369771620808808E-005   4.4221803836794298E-003
   1764.8654971833316       0.71940274835261897       -1.5373990649486600E-005   4.4375543743289166E-003
   1769.8654971833316       0.71952064588764175       -1.5378190092748800E-005   4.4529325644216654E-003
   1774.8654971833316       0.71963798479603436       -1.5382370093552321E-005   4.4683149345152180E-003
   1779.8654971833316       0.71975476923266901       -1.5386530793416759E-005   4.4837014653086350E-003
   1784.8654971833316       0.71987100330990161       -1.5390672332442087E-005   4.4990921376410770E-003
   1789.8654971833316       0.71998669109816360       -1.5394794849328167E-005   4.5144869324904051E-003
   1794.8654971833316       0.72010183662648430       -1.5398898481391765E-005   4.5298858309717966E-003
   1799.8654971833316       0.72021644388305417       -1.5402983364585157E-005   4.5452888143363819E-003
   1804.8654971833316       0.72033051681572191       -1.5407049633512293E-005   4.5606958639698939E-003
   1809.8654971833316       0.72044405933251210       -1.5411097421445814E-005   4.5761069613913397E-003
   1814.8654971833316       0.72055707530215807       -1.5415126860344573E-005   4.5915220882516844E-003
   1819.8654971833316       0.72066956855461295       -1.5419138080870450E-005   4.6069412263325549E-003
   1824.8654971833316       0.72078154288151175       -1.5423131212403432E-005   4.6223643575449584E-003
   1829.8654971833316       0.72089300203666529       -1.5427106383057840E-005   4.6377914639280163E-003
   1834.8654971833316       0.72100394973660054       -1.5431063719700250E-005   4.6532225276477166E-003
   1839.8654971833316       0.72111438966095931       -1.5435003347962404E-005   4.6686575309956794E-003
   1844.8654971833316       0.72122432545296999       -1.5438925392256723E-005   4.6840964563879357E-003
   1849.8654971833316       0.72133376071996191       -1.5442829975793370E-005   4.6995392863637287E-003
   1854.8654971833316       0.72144269903377001       -1.5446717220593433E-005   4.7149860035843221E-003
   1859.8654971833316       0.72155114393119568       -1.5450587247504147E-005   4.7304365908318264E-003
   1864.8654971833316       0.72165909891441637       -1.5454440176212257E-005   4.7458910310080385E-003
   1869.8654971833316       0.72176656745146883       -1.5458276125260108E-005   4.7613493071332986E-003
   1874.8654971833316       0.72187355297665201       -1.5462095212058827E-005   4.7768114023453573E-003
   1879.8654971833316       0.72198005889090611       -1.5465897552900701E-005   4.7922772998982583E-003
   1884.8654971833316       0.72208608856229728       -1.5469683262975347E-005   4.8077469831612337E-003
   1889.8654971833316       0.72219164532635449       -1.5473452456380626E-005   4.8232204356176145E-003
   1894.8654971833316       0.72229673248651682       -1.5477205246137507E-005   4.8386976408637521E-003
   1899.8654971833316       0.72240135331451705       -1.5480941744202685E-005   4.8541785826079547E-003
   1904.8654971833316       0.72250551105072969       -1.5484662061479956E-005   4.8696632446694347E-003
   1909.8654971833316       0.72260920890461500       -1.5488366307835018E-005   4.8851516109772695E-003
   1914.8654971833316       0.72271245005506990       -1.5492054592106999E-005   4.9006436655693762E-003
   1919.8654971833316       0.72281523765076405       -1.5495727022119430E-005   4.9161393925914957E-003
   1924.8654971833316       0.72291757481056429       -1.5499383704694423E-005   4.9316387762961900E-003
   1929.8654971833316       0.72301946462385747       -1.5503024745663249E-005   4.9471418010418530E-003
   1934.8654971833316       0.72312091015091740       -1.5506650249878441E-005   4.9626484512917315E-003
   1939.8654971833316       0.72322191442326056       -1.5510260321225617E-005   4.9781587116129568E-003
   1944.8654971833316       0.72332248044396441       -1.5513855062633886E-005   4.9936725666755903E-003
   1949.8654971833316       0.72342261118803775       -1.5517434576088183E-005   5.0091900012516786E-003
   1954.8654971833316       0.72352230960274266       -1.5520998962639880E-005   5.0247110002143184E-003
   1959.8654971833316       0.72362157860790188       -1.5524548322416893E-005   5.0402355485367357E-003
   1964.8654971833316       0.72372042109628021       -1.5528082754636430E-005   5.0557636312913721E-003
   1969.8654971833316       0.72381883993384821       -1.5531602357613588E-005   5.0712952336489855E-003
   1974.8654971833316       0.72391683796012662       -1.5535107228772793E-005   5.0868303408777580E-003
   1979.8654971833316       0.72401441798848187       -1.5538597464657578E-005   5.1023689383424154E-003
   1984.8654971833316       0.72411158280646193       -1.5542073160941743E-005   5.1179110115033575E-003
   1989.8654971833316       0.72420833517604133       -1.5545534412437332E-005   5.1334565459157950E-003
   1994.8654971833316       0.72430467783399743       -1.5548981313107299E-005   5.1490055272289019E-003
   1999.8654971833316       0.72440061349214491       -1.5552413956073131E-005   5.1645579411849748E-003
   2004.8654971833316       0.72449614483764668       -1.5555832433625180E-005   5.1801137736185998E-003
   2009.8654971833316       0.72459127453328465       -1.5559236837231621E-005   5.1956730104558311E-003
   2014.8654971833316       0.72468600521776394       -1.5562627257548580E-005   5.2112356377133793E-003
   2019.8654971833316       0.72478033950598042       -1.5566003784428994E-005   5.2268016414978085E-003
   2024.8654971833316       0.72487427998929799       -1.5569366506931798E-005   5.2423710080047401E-003
   2029.8654971833316       0.72496782923580638       -1.5572715513330466E-005   5.2579437235180703E-003
   2034.8654971833316       0.72506098979058753       -1.5576050891121823E-005   5.2735197744091921E-003
   2039.8654971833316       0.72515376417601496       -1.5579372727036116E-005   5.2890991471362279E-003
   2044.8654971833316       0.72524615489194832       -1.5582681107043257E-005   5.3046818282432712E-003
   2049.8654971833316       0.72533816441602639       -1.5585976116362683E-005   5.3202678043596336E-003
   2054.8654971833316       0.72542979520395312       -1.5589257839472937E-005   5.3358570621991064E-003
   2059.8654971833316       0.72552104968966091       -1.5592526360116865E-005   5.3514495885592234E-003
   2064.8654971833316       0.72561193028564330       -1.5595781761312900E-005   5.3670453703205364E-003
   2069.8654971833316       0.72570243938312096       -1.5599024125360385E-005   5.3826443944458967E-003
   2074.8654971833316       0.72579257935235408       -1.5602253533850141E-005   5.3982466479797469E-003
   2079.8654971833316       0.72588235254279176       -1.5605470067669228E-005   5.4138521180474158E-003
   2084.8654971833316       0.72597176128339147       -1.5608673807011777E-005   5.4294607918544281E-003
   2089.8654971833316       0.72606080788278082       -1.5611864831384197E-005   5.4450726566858121E-003
   2094.8654971833316       0.72614949462953504       -1.5615043219614569E-005   5.4606876999054267E-003
   2099.8654971833316       0.72623782379233925       -1.5618209049857847E-005   5.4763059089552842E-003
   2104.8654971833316       0.72632579762026539       -1.5621362399605254E-005   5.4919272713548897E-003
   2109.8654971833316       0.72641341834295403       -1.5624503345690244E-005   5.5075517747005800E-003
   2114.8654971833316       0.72650068817084557       -1.5627631964296220E-005   5.5231794066648758E-003
   2119.8654971833316       0.72658760929539901       -1.5630748330963867E-005   5.5388101549958399E-003
   2124.8654971833316       0.72667418388925631       -1.5633852520596497E-005   5.5544440075164367E-003
   2129.8654971833316       0.72676041410648429       -1.5636944607468214E-005   5.5700809521239047E-003
   2134.8654971833316       0.72684630208277723       -1.5640024665230673E-005   5.5857209767891354E-003
   2139.8654971833316       0.72693184993565574       -1.5643092766919661E-005   5.6013640695560547E-003
   2144.8654971833316       0.72701705976464071       -1.5646148984960903E-005   5.6170102185410156E-003
   2149.8654971833316       0.72710193365148068       -1.5649193391177674E-005   5.6326594119321931E-003
   2154.8654971833316       0.72718647366031419       -1.5652226056796161E-005   5.6483116379889894E-003
   2159.8654971833316       0.72727068183788413       -1.5655247052452682E-005   5.6639668850414424E-003
   2164.8654971833316       0.72735456021369438       -1.5658256448198816E-005   5.6796251414896410E-003
   2169.8654971833316       0.72743811080023801       -1.5661254313509140E-005   5.6952863958031497E-003
   2174.8654971833316       0.72752133559312382       -1.5664240717285302E-005   5.7109506365204347E-003
   2179.8654971833316       0.72760423657131323       -1.5667215727864108E-005   5.7266178522482987E-003
   2184.8654971833316       0.72768681569726112       -1.5670179413022078E-005   5.7422880316613210E-003
   2189.8654971833316       0.72776907491710796       -1.5673131839981942E-005   5.7579611635013026E-003
   2194.8654971833316       0.72785101616083669       -1.5676073075417845E-005   5.7736372365767208E-003
   2199.8654971833316       0.72793264134245161       -1.5679003185461308E-005   5.7893162397621824E-003
   2204.8654971833316       0.72801395236014599       -1.5681922235706863E-005   5.8049981619978895E-003
   2209.8654971833316       0.72809495109649924       -1.5684830291218711E-005   5.8206829922891083E-003
   2214.8654971833316       0.72817563941857499       -1.5687727416533818E-005   5.8363707197056419E-003
   2219.8654971833316       0.72825601917813132       -1.5690613675669092E-005   5.8520613333813108E-003
   2224.8654971833316       0.72833609221178641       -1.5693489132126909E-005   5.8677548225134378E-003
   2229.8654971833316       0.72841586034113648       -1.5696353848898987E-005   5.8834511763623367E-003
   2234.8654971833316       0.72849532537294159       -1.5699207888472648E-005   5.8991503842508097E-003
   2239.8654971833316       0.72857448909929146       -1.5702051312836412E-005   5.9148524355636459E-003
   2244.8654971833316       0.72865335329771697       -1.5704884183483625E-005   5.9305573197471293E-003
   2249.8654971833316       0.72873191973136642       -1.5707706561418433E-005   5.9462650263085474E-003
   2254.8654971833316       0.72881019014916737       -1.5710518507161212E-005   5.9619755448157086E-003
   2259.8654971833316       0.72888816628594078       -1.5713320080752329E-005   5.9776888648964610E-003
   2264.8654971833316       0.72896584986255542       -1.5716111341757334E-005   5.9934049762382187E-003
   2269.8654971833316       0.72904324258609232       -1.5718892349272512E-005   6.0091238685874909E-003
   2274.8654971833316       0.72912034614994825       -1.5721663161928279E-005   6.0248455317494188E-003
   2279.8654971833316       0.72919716223402786       -1.5724423837895726E-005   6.0405699555873150E-003
   2284.8654971833316       0.72927369250482366       -1.5727174434889175E-005   6.0562971300222044E-003
   2289.8654971833316       0.72934993861558473       -1.5729915010171921E-005   6.0720270450323761E-003
   2294.8654971833316       0.72942590220643599       -1.5732645620560168E-005   6.0877596906529366E-003
   2299.8654971833316       0.72950158490453276       -1.5735366322428301E-005   6.1034950569753650E-003
   2304.8654971833316       0.72957698832417306       -1.5738077171712567E-005   6.1192331341470780E-003
   2309.8654971833316       0.72965211406692898       -1.5740778223915535E-005   6.1349739123709932E-003
   2314.8654971833316       0.72972696372176948       -1.5743469534110162E-005   6.1507173819051030E-003
   2319.8654971833316       0.72980153886523047       -1.5746151156945635E-005   6.1664635330620490E-003
   2324.8654971833316       0.72987584106145265       -1.5748823146648410E-005   6.1822123562086974E-003
   2329.8654971833316       0.72994987186238980       -1.5751485557029438E-005   6.1979638417657265E-003
   2334.8654971833316       0.73002363280787919       -1.5754138441486379E-005   6.2137179802072128E-003
   2339.8654971833316       0.73009712542577043       -1.5756781853007954E-005   6.2294747620602210E-003
   2344.8654971833316       0.73017035123207541       -1.5759415844179088E-005   6.2452341779044001E-003
   2349.8654971833316       0.73024331173103285       -1.5762040467182908E-005   6.2609962183715834E-003
   2354.8654971833316       0.73031600841528299       -1.5764655773806768E-005   6.2767608741453899E-003
   2359.8654971833316       0.73038844276592041       -1.5767261815443911E-005   6.2925281359608341E-003
   2364.8654971833316       0.73046061625268732       -1.5769858643100107E-005   6.3082979946039340E-003
   2369.8654971833316       0.73053253033398824       -1.5772446307393936E-005   6.3240704409113276E-003
   2374.8654971833316       0.73060418645707126       -1.5775024858563064E-005   6.3398454657698907E-003
   2379.8654971833316       0.73067558605810201       -1.5777594346466636E-005   6.3556230601163576E-003
   2384.8654971833316       0.73074673056231243       -1.5780154820590374E-005   6.3714032149369479E-003
   2389.8654971833316       0.73081762138406203       -1.5782706330048529E-005   6.3871859212669968E-003
   2394.8654971833316       0.73088825992695039       -1.5785248923587701E-005   6.4029711701905842E-003
   2399.8654971833316       0.73095864758393359       -1.5787782649590769E-005   6.4187589528401749E-003
   2404.8654971833316       0.73102878573742980       -1.5790307556080463E-005   6.4345492603962553E-003
   2409.8654971833316       0.73109867575944543       -1.5792823690723644E-005   6.4503420840869791E-003
   2414.8654971833316       0.73116831901158996       -1.5795331100831641E-005   6.4661374151878106E-003
   2419.8654971833316       0.73123771684527250       -1.5797829833367083E-005   6.4819352450211781E-003
   2424.8654971833316       0.73130687060173516       -1.5800319934944851E-005   6.4977355649561228E-003
   2429.8654971833316       0.73137578161218253       -1.5802801451836542E-005   6.5135383664079597E-003
   2434.8654971833316       0.73144445119788681       -1.5805274429974017E-005   6.5293436408379339E-003
   2439.8654971833316       0.73151288067023723       -1.5807738914950981E-005   6.5451513797528844E-003
   2444.8654971833316       0.73158107133086414       -1.5810194952027208E-005   6.5609615747049118E-003
   2449.8654971833316       0.73164902447173508       -1.5812642586131810E-005   6.5767742172910433E-003
   2454.8654971833316       0.73171674137524467       -1.5815081861866265E-005   6.5925892991529093E-003
   2459.8654971833316       0.73178422331429893       -1.5817512823507222E-005   6.6084068119764165E-003
   2464.8654971833316       0.73185147155237862       -1.5819935515008598E-005   6.6242267474914251E-003
   2469.8654971833316       0.73191848734368881       -1.5822349980006773E-005   6.6400490974714323E-003
   2474.8654971833316       0.73198527193317842       -1.5824756261821056E-005   6.6558738537332530E-003
   2479.8654971833316       0.73205182655670242       -1.5827154403459381E-005   6.6717010081367122E-003
   2484.8654971833316       0.73211815244102874       -1.5829544447618317E-005   6.6875305525843304E-003
   2489.8654971833316       0.73218425080398963       -1.5831926436688359E-005   6.7033624790210191E-003
   2494.8654971833316       0.73225012285449032       -1.5834300412754034E-005   6.7191967794337729E-003
   2499.8654971833316       0.73231576979265345       -1.5836666417598929E-005   6.7350334458513720E-003
   2504.8654971833316       0.73238119280990333       -1.5839024492708533E-005   6.7508724703440803E-003
   2509.8654971833316       0.73244639308901327       -1.5841374679271773E-005   6.7667138450233522E-003
   2514.8654971833316       0.73251137180417836       -1.5843717018183431E-005   6.7825575620415355E-003
   2519.8654971833316       0.73257613012115863       -1.5846051550049162E-005   6.7984036135915844E-003
   2524.8654971833316       0.73264066919723425       -1.5848378315183676E-005   6.8142519919067680E-003
   2529.8654971833316       0.73270499018145174       -1.5850697353619446E-005   6.8301026892603877E-003
   2534.8654971833316       0.73276909421456304       -1.5853008705104351E-005   6.8459556979654917E-003
   2539.8654971833316       0.73283298242914285       -1.5855312409105726E-005   6.8618110103745977E-003
   2544.8654971833316       0.73289665594965903       -1.5857608504812725E-005   6.8776686188794104E-003
   2549.8654971833316       0.73296011589258092       -1.5859897031140084E-005   6.8935285159105507E-003
   2554.8654971833316       0.73302336336641860       -1.5862178026729360E-005   6.9093906939372797E-003
   2559.8654971833316       0.73308639947180498       -1.5864451529951733E-005   6.9252551454672311E-003
   2564.8654971833316       0.73314922530154003       -1.5866717578909433E-005   6.9411218630461404E-003
   2569.8654971833316       0.73321184194070332       -1.5868976211439665E-005   6.9569908392575798E-003
   2574.8654971833316       0.73327425046671413       -1.5871227465116585E-005   6.9728620667226966E-003
   2579.8654971833316       0.73333645194938168       -1.5873471377252995E-005   6.9887355380999494E-003
   2584.8654971833316       0.73339844745098259       -1.5875707984902972E-005   7.0046112460848521E-003
   2589.8654971833316       0.73346023802631743       -1.5877937324863743E-005   7.0204891834097158E-003
   2594.8654971833316       0.73352182472282823       -1.5880159433679811E-005   7.0363693428433958E-003
   2599.8654971833316       0.73358320858058712       -1.5882374347642357E-005   7.0522517171910382E-003
   2604.8654971833316       0.73364439063242670       -1.5884582102793836E-005   7.0681362992938319E-003
   2609.8654971833316       0.73370537190395280       -1.5886782734928278E-005   7.0840230820287606E-003
   2614.8654971833316       0.73376615341366724       -1.5888976279595575E-005   7.0999120583083563E-003
   2619.8654971833316       0.73382673617296534       -1.5891162772101256E-005   7.1158032210804573E-003
   2624.8654971833316       0.73388712118625288       -1.5893342247510580E-005   7.1316965633279675E-003
   2629.8654971833316       0.73394730945096498       -1.5895514740649060E-005   7.1475920780686162E-003
   2634.8654971833316       0.73400730195768094       -1.5897680286106497E-005   7.1634897583547231E-003
   2639.8654971833316       0.73406709969011741       -1.5899838918236587E-005   7.1793895972729598E-003
   2644.8654971833316       0.73412670362523780       -1.5901990671160742E-005   7.1952915879441208E-003
   2649.8654971833316       0.73418611473330431       -1.5904135578769835E-005   7.2111957235228910E-003
   2654.8654971833316       0.73424533397793001       -1.5906273674725975E-005   7.2271019971976167E-003
   2659.8654971833316       0.73430436231610619       -1.5908404992463323E-005   7.2430104021900801E-003
   2664.8654971833316       0.73436320069834438       -1.5910529565193145E-005   7.2589209317552731E-003
   2669.8654971833316       0.73442185006862715       -1.5912647425901884E-005   7.2748335791811749E-003
   2674.8654971833316       0.73448031136452918       -1.5914758607355414E-005   7.2907483377885303E-003
   2679.8654971833316       0.73453858551727125       -1.5916863142100862E-005   7.3066652009306310E-003
   2684.8654971833316       0.73459667345175228       -1.5918961062467668E-005   7.3225841619930987E-003
   2689.8654971833316       0.73465457608662377       -1.5921052400570139E-005   7.3385052143936690E-003
   2694.8654971833316       0.73471229433432161       -1.5923137188308483E-005   7.3544283515819776E-003
   2699.8654971833316       0.73476982910116428       -1.5925215457372237E-005   7.3703535670393500E-003
   2704.8654971833316       0.73482718128732294       -1.5927287239239100E-005   7.3862808542785891E-003
   2709.8654971833316       0.73488435178694989       -1.5929352565179409E-005   7.4022102068437689E-003
   2714.8654971833316       0.73494134148822254       -1.5931411466257680E-005   7.4181416183100269E-003
   2719.8654971833316       0.73499815127334467       -1.5933463973332493E-005   7.4340750822833590E-003
   2724.8654971833316       0.73505478201865337       -1.5935510117060269E-005   7.4500105924004195E-003
   2729.8654971833316       0.73511123459462924       -1.5937549927895542E-005   7.4659481423283150E-003
   2734.8654971833316       0.73516750986597290       -1.5939583436093580E-005   7.4818877257644082E-003
   2739.8654971833316       0.73522360869164238       -1.5941610671711680E-005   7.4978293364361195E-003
   2744.8654971833316       0.73527953192490203       -1.5943631664610794E-005   7.5137729681007299E-003
   2749.8654971833316       0.73533528041334129       -1.5945646444456122E-005   7.5297186145451859E-003
   2754.8654971833316       0.73539085499898227       -1.5947655040720902E-005   7.5456662695859069E-003
   2759.8654971833316       0.73544625651829076       -1.5949657482686699E-005   7.5616159270685936E-003
   2764.8654971833316       0.73550148580222574       -1.5951653799445088E-005   7.5775675808680389E-003
   2769.8654971833316       0.73555654367629697       -1.5953644019899666E-005   7.5935212248879388E-003
   2774.8654971833316       0.73561143096057868       -1.5955628172766427E-005   7.6094768530607050E-003
   2779.8654971833316       0.73566614846979050       -1.5957606286576597E-005   7.6254344593472819E-003
   2784.8654971833316       0.73572069701333842       -1.5959578389678018E-005   7.6413940377369604E-003
   2789.8654971833316       0.73577507739532966       -1.5961544510235605E-005   7.6573555822471960E-003
   2794.8654971833316       0.73582929041466050       -1.5963504676234420E-005   7.6733190869234308E-003
   2799.8654971833316       0.73588333686501606       -1.5965458915479565E-005   7.6892845458389099E-003
   2804.8654971833316       0.73593721753493302       -1.5967407255598380E-005   7.7052519530945085E-003
   2809.8654971833316       0.73599093320784958       -1.5969349724042141E-005   7.7212213028185510E-003
   2814.8654971833316       0.73604448466214900       -1.5971286348087555E-005   7.7371925891666386E-003
   2819.8654971833316       0.73609787267116300       -1.5973217154836797E-005   7.7531658063214751E-003
   2824.8654971833316       0.73615109800325484       -1.5975142171220433E-005   7.7691409484926957E-003
   2829.8654971833316       0.73620416142187528       -1.5977061423999340E-005   7.7851180099166948E-003
   2834.8654971833316       0.73625706368555377       -1.5978974939764325E-005   7.8010969848564590E-003
   2839.8654971833316       0.73630980554793346       -1.5980882744937293E-005   7.8170778676013956E-003
   2844.8654971833316       0.73636238775789797       -1.5982784865775762E-005   7.8330606524671716E-003
   2849.8654971833316       0.73641481105947948       -1.5984681328369447E-005   7.8490453337955405E-003
   2854.8654971833316       0.73646707619200147       -1.5986572158645351E-005   7.8650319059541864E-003
   2859.8654971833316       0.73651918389010818       -1.5988457382368738E-005   7.8810203633365560E-003
   2864.8654971833316       0.73657113488374237       -1.5990337025142275E-005   7.8970107003616986E-003
   2869.8654971833316       0.73662292989823186       -1.5992211112409057E-005   7.9130029114741068E-003
   2874.8654971833316       0.73667456965430611       -1.5994079669453139E-005   7.9289969911435602E-003
   2879.8654971833316       0.73672605486816478       -1.5995942721401958E-005   7.9449929338649625E-003
   2884.8654971833316       0.73677738625145484       -1.5997800293225406E-005   7.9609907341581885E-003
   2889.8654971833316       0.73682856451136847       -1.5999652409739307E-005   7.9769903865679285E-003
   2894.8654971833316       0.73687959035064499       -1.6001499095605422E-005   7.9929918856635335E-003
   2899.8654971833316       0.73693046446760835       -1.6003340375332712E-005   8.0089952260388661E-003
   2904.8654971833316       0.73698118755622011       -1.6005176273279210E-005   8.0250004023121446E-003
   2909.8654971833316       0.73703176030609308       -1.6007006813652416E-005   8.0410074091257968E-003
   2914.8654971833316       0.73708218340254195       -1.6008832020511082E-005   8.0570162411463080E-003
   2919.8654971833316       0.73713245752660927       -1.6010651917766072E-005   8.0730268930640746E-003
   2924.8654971833316       0.73718258335510034       -1.6012466529181553E-005   8.0890393595932555E-003
   2929.8654971833316       0.73723256156060335       -1.6014275878375669E-005   8.1050536354716311E-003
   2934.8654971833316       0.73728239281155639       -1.6016079988822881E-005   8.1210697154604546E-003
   2939.8654971833316       0.73733207777224352       -1.6017878883853779E-005   8.1370875943443076E-003
   2944.8654971833316       0.73738161710286598       -1.6019672586657569E-005   8.1531072669309649E-003
   2949.8654971833316       0.73743101145953904       -1.6021461120281913E-005   8.1691287280512472E-003
   2954.8654971833316       0.73748026149433610       -1.6023244507634468E-005   8.1851519725588823E-003
   2959.8654971833316       0.73752936785532219       -1.6025022771483998E-005   8.2011769953303660E-003
   2964.8654971833316       0.73757833118660354       -1.6026795934462164E-005   8.2172037912648290E-003
   2969.8654971833316       0.73762715212831376       -1.6028564019062892E-005   8.2332323552838926E-003
   2974.8654971833316       0.73767583131666326       -1.6030327047644158E-005   8.2492626823315370E-003
   2979.8654971833316       0.73772436938401298       -1.6032085042430571E-005   8.2652947673739676E-003
   2984.8654971833316       0.73777276695884797       -1.6033838025512364E-005   8.2813286053994798E-003
   2989.8654971833316       0.73782102466583255       -1.6035586018847318E-005   8.2973641914183272E-003
   2994.8654971833316       0.73786914312582808       -1.6037329044261364E-005   8.3134015204625877E-003
   2999.8654971833316       0.73791712295593792       -1.6039067123450143E-005   8.3294405875860376E-003
   3004.8654971833316       0.73796496476952333       -1.6040800277979531E-005   8.3454813878640170E-003
   3009.8654971833316       0.73801266917626840       -1.6042528529287918E-005   8.3615239163933042E-003
   3014.8654971833316       0.73806023678211474       -1.6044251898683804E-005   8.3775681682919882E-003
   3019.8654971833316       0.73810766818941076       -1.6045970407351148E-005   8.3936141386993391E-003
   3024.8654971833316       0.73815496399683911       -1.6047684076346663E-005   8.4096618227756850E-003
   3029.8654971833316       0.73820212479951786       -1.6049392926603457E-005   8.4257112157022883E-003
   3034.8654971833316       0.73824915118897849       -1.6051096978930158E-005   8.4417623126812179E-003
   3039.8654971833316       0.73829604375321822       -1.6052796254012772E-005   8.4578151089352311E-003
   3044.8654971833316       0.73834280307672551       -1.6054490772415541E-005   8.4738695997076466E-003
   3049.8654971833316       0.73838942974050314       -1.6056180554581733E-005   8.4899257802622287E-003
   3054.8654971833316       0.73843592432206462       -1.6057865620833461E-005   8.5059836458830623E-003
   3059.8654971833316       0.73848228739552002       -1.6059545991374735E-005   8.5220431918744365E-003
   3064.8654971833316       0.73852851953156518       -1.6061221686291029E-005   8.5381044135607268E-003
   3069.8654971833316       0.73857462129751317       -1.6062892725550364E-005   8.5541673062862773E-003
   3074.8654971833316       0.73862059325729779       -1.6064559129003385E-005   8.5702318654152804E-003
   3079.8654971833316       0.73866643597154280       -1.6066220916385823E-005   8.5862980863316667E-003
   3084.8654971833316       0.73871214999756318       -1.6067878107318497E-005   8.6023659644389860E-003
   3089.8654971833316       0.73875773588937432       -1.6069530721307587E-005   8.6184354951602937E-003
   3094.8654971833316       0.73880319419777296       -1.6071178777747529E-005   8.6345066739380409E-003
   3099.8654971833316       0.73884852547027624       -1.6072822295918746E-005   8.6505794962339604E-003
   3104.8654971833316       0.73889373025122207       -1.6074461294991259E-005   8.6666539575289518E-003
   3109.8654971833316       0.73893880908175502       -1.6076095794024114E-005   8.6827300533229759E-003
   3114.8654971833316       0.73898376249984643       -1.6077725811966070E-005   8.6988077791349417E-003
   3119.8654971833316       0.73902859104034635       -1.6079351367657432E-005   8.7148871305025993E-003
   3124.8654971833316       0.73907329523497323       -1.6080972479829634E-005   8.7309681029824285E-003
   3129.8654971833316       0.73911787561237408       -1.6082589167107397E-005   8.7470506921495366E-003
   3134.8654971833316       0.73916233269812370       -1.6084201448008608E-005   8.7631348935975455E-003
   3139.8654971833316       0.73920666701474358       -1.6085809340945014E-005   8.7792207029384912E-003
   3144.8654971833316       0.73925087908172948       -1.6087412864223139E-005   8.7953081158027146E-003
   3149.8654971833316       0.73929496941555517       -1.6089012036044407E-005   8.8113971278387590E-003
   3154.8654971833316       0.73933893852976429       -1.6090606874508410E-005   8.8274877347132678E-003
   3159.8654971833316       0.73938278693490256       -1.6092197397610418E-005   8.8435799321108788E-003
   3164.8654971833316       0.73942651513859392       -1.6093783623244090E-005   8.8596737157341232E-003
   3169.8654971833316       0.73947012364555242       -1.6095365569201874E-005   8.8757690813033256E-003
   3174.8654971833316       0.73951361295759888       -1.6096943253175565E-005   8.8918660245565009E-003
   3179.8654971833316       0.73955698357366861       -1.6098516692756554E-005   8.9079645412492581E-003
   3184.8654971833316       0.73960023598985047       -1.6100085905437178E-005   8.9240646271546951E-003
   3189.8654971833316       0.73964337069942510       -1.6101650908612102E-005   8.9401662780633079E-003
   3194.8654971833316       0.73968638819282362       -1.6103211719576758E-005   8.9562694897828855E-003
   3199.8654971833316       0.73972928895770318       -1.6104768355530063E-005   8.9723742581384151E-003
   3204.8654971833316       0.73977207347898066       -1.6106320833575583E-005   8.9884805789719902E-003
   3209.8654971833316       0.73981474223878008       -1.6107869170719603E-005   9.0045884481427096E-003
   3214.8654971833316       0.73985729571653114       -1.6109413383874665E-005   9.0206978615265838E-003
   3219.8654971833316       0.73989973438892853       -1.6110953489858053E-005   9.0368088150164418E-003
   3224.8654971833316       0.73994205872997976       -1.6112489505393472E-005   9.0529213045218351E-003
   3229.8654971833316       0.73998426921102467       -1.6114021447111745E-005   9.0690353259689476E-003
   3234.8654971833316       0.74002636630076668       -1.6115549331551910E-005   9.0851508753004989E-003
   3239.8654971833316       0.74006835046525676       -1.6117073175160577E-005   9.1012679484756588E-003
   3244.8654971833316       0.74011022216795008       -1.6118592994293989E-005   9.1173865414699521E-003
   3249.8654971833316       0.74015198186967079       -1.6120108805216655E-005   9.1335066502751684E-003
   3254.8654971833316       0.74019363002870731       -1.6121620624104829E-005   9.1496282708992734E-003
   3259.8654971833316       0.74023516710075543       -1.6123128467044370E-005   9.1657513993663176E-003
   3264.8654971833316       0.74027659353899800       -1.6124632350033623E-005   9.1818760317163520E-003
   3269.8654971833316       0.74031790979407897       -1.6126132288982433E-005   9.1980021640053339E-003
   3274.8654971833316       0.74035911631414031       -1.6127628299713455E-005   9.2141297923050477E-003
   3279.8654971833316       0.74040021354484264       -1.6129120397962868E-005   9.2302589127030103E-003
   3284.8654971833316       0.74044120192936258       -1.6130608599380246E-005   9.2463895213023908E-003
   3289.8654971833316       0.74048208190844722       -1.6132092919530506E-005   9.2625216142219208E-003
   3294.8654971833316       0.74052285392038719       -1.6133573373892886E-005   9.2786551875958141E-003
   3299.8654971833316       0.74056351840106038       -1.6135049977862530E-005   9.2947902375736767E-003
   3304.8654971833316       0.74060407578397058       -1.6136522746751823E-005   9.3109267603204288E-003
   3309.8654971833316       0.74064452650018386       -1.6137991695788068E-005   9.3270647520162162E-003
   3314.8654971833316       0.74068487097844204       -1.6139456840117580E-005   9.3432042088563341E-003
   3319.8654971833316       0.74072510964513127       -1.6140918194804509E-005   9.3593451270511385E-003
   3324.8654971833316       0.74076524292429469       -1.6142375774831254E-005   9.3754875028259702E-003
   3329.8654971833316       0.74080527123765738       -1.6143829595099374E-005   9.3916313324210691E-003
   3334.8654971833316       0.74084519500463641       -1.6145279670429883E-005   9.4077766120914987E-003
   3339.8654971833316       0.74088501464238321       -1.6146726015564796E-005   9.4239233381070639E-003
   3344.8654971833316       0.74092473056575092       -1.6148168645165878E-005   9.4400715067522300E-003
   3349.8654971833316       0.74096434318735027       -1.6149607573816681E-005   9.4562211143260459E-003
   3354.8654971833316       0.74100385291756687       -1.6151042816023115E-005   9.4723721571420682E-003
   3359.8654971833316       0.74104326016455169       -1.6152474386213089E-005   9.4885246315282810E-003
   3364.8654971833316       0.74108256533424333       -1.6153902298737279E-005   9.5046785338270181E-003
   3369.8654971833316       0.74112176883038616       -1.6155326567869779E-005   9.5208338603948884E-003
   3374.8654971833316       0.74116087105457262       -1.6156747207809589E-005   9.5369906076026977E-003
   3379.8654971833316       0.74119987240618823       -1.6158164232678601E-005   9.5531487718353760E-003
   3384.8654971833316       0.74123877328249488       -1.6159577656524603E-005   9.5693083494919010E-003
   3389.8654971833316       0.74127757407862982       -1.6160987493321198E-005   9.5854693369852220E-003
   3394.8654971833316       0.74131627518760224       -1.6162393756967663E-005   9.6016317307421901E-003
   3399.8654971833316       0.74135487700031522       -1.6163796461289730E-005   9.6177955272034790E-003
   3404.8654971833316       0.74139337990557830       -1.6165195620040005E-005   9.6339607228235185E-003
   3409.8654971833316       0.74143178429012591       -1.6166591246898602E-005   9.6501273140704169E-003
   3414.8654971833316       0.74147009053862634       -1.6167983355473475E-005   9.6662952974258896E-003
   3419.8654971833316       0.74150829903372961       -1.6169371959302094E-005   9.6824646693851914E-003
   3424.8654971833316       0.74154641015600364       -1.6170757071849126E-005   9.6986354264570404E-003
   3429.8654971833316       0.74158442428403348       -1.6172138706510013E-005   9.7148075651635503E-003
   3434.8654971833316       0.74162234179439601       -1.6173516876610020E-005   9.7309810820401608E-003
   3439.8654971833316       0.74166016306165006       -1.6174891595403855E-005   9.7471559736355649E-003
   3444.8654971833316       0.74169788845838802       -1.6176262876077513E-005   9.7633322365116432E-003
   3449.8654971833316       0.74173551835523943       -1.6177630731748403E-005   9.7795098672433921E-003
   3454.8654971833316       0.74177305312088160       -1.6178995175465692E-005   9.7956888624188571E-003
   3459.8654971833316       0.74181049312205061       -1.6180356220210689E-005   9.8118692186390678E-003
   3464.8654971833316       0.74184783872354287       -1.6181713878896867E-005   9.8280509325179653E-003
   3469.8654971833316       0.74188509028825411       -1.6183068164371280E-005   9.8442340006823364E-003
   3474.8654971833316       0.74192224817718033       -1.6184419089414545E-005   9.8604184197717513E-003
   3479.8654971833316       0.74195931274941596       -1.6185766666740782E-005   9.8766041864384920E-003
   3484.8654971833316       0.74199628436219278       -1.6187110908998991E-005   9.8927912973474919E-003
   3489.8654971833316       0.74203316337085978       -1.6188451828772281E-005   9.9089797491762645E-003
   3494.8654971833316       0.74206995012893684       -1.6189789438579839E-005   9.9251695386148447E-003
   3499.8654971833316       0.74210664498810108       -1.6191123750876389E-005   9.9413606623657211E-003
   3504.8654971833316       0.74214324829818490       -1.6192454778052080E-005   9.9575531171437730E-003
   3509.8654971833316       0.74217976040721778       -1.6193782532434029E-005   9.9737468996762071E-003
   3514.8654971833316       0.74221618166141956       -1.6195107026286017E-005   9.9899420067024926E-003
   3519.8654971833316       0.74225251240523804       -1.6196428271809850E-005   1.0006138434974303E-002
   3524.8654971833316       0.74228875298131591       -1.6197746281144138E-005   1.0022336181255446E-002
   3529.8654971833316       0.74232490373053650       -1.6199061066365942E-005   1.0038535242321811E-002
   3534.8654971833316       0.74236096499203486       -1.6200372639491130E-005   1.0054735614961303E-002
   3539.8654971833316       0.74239693710321075       -1.6201681012474860E-005   1.0070937295973777E-002
   3544.8654971833316       0.74243282039971503       -1.6202986197211055E-005   1.0087140282170988E-002
   3549.8654971833316       0.74246861521546392       -1.6204288205532894E-005   1.0103344570376521E-002
   3554.8654971833316       0.74250432188268600       -1.6205587049214516E-005   1.0119550157425735E-002
   3559.8654971833316       0.74253994073189988       -1.6206882739970161E-005   1.0135757040165706E-002
   3564.8654971833316       0.74257547209193242       -1.6208175289454848E-005   1.0151965215455161E-002
   3569.8654971833316       0.74261091628994391       -1.6209464709265254E-005   1.0168174680164427E-002
   3574.8654971833316       0.74264627365142755       -1.6210751010939664E-005   1.0184385431175367E-002
   3579.8654971833316       0.74268154450021384       -1.6212034205958138E-005   1.0200597465381324E-002
   3584.8654971833316       0.74271672915847031       -1.6213314305742466E-005   1.0216810779687066E-002
   3589.8654971833316       0.74275182794676564       -1.6214591321658486E-005   1.0233025371008725E-002
   3594.8654971833316       0.74278684118403204       -1.6215865265014687E-005   1.0249241236273739E-002
   3599.8654971833316       0.74282176918757847       -1.6217136147062697E-005   1.0265458372420802E-002
   3604.8654971833316       0.74285661227310829       -1.6218403978997867E-005   1.0281676776399800E-002
   3609.8654971833316       0.74289137075473333       -1.6219668771959820E-005   1.0297896445171760E-002
   3614.8654971833316       0.74292604494501924       -1.6220930537034028E-005   1.0314117375708793E-002
   3619.8654971833316       0.74296063515490196       -1.6222189285248782E-005   1.0330339564994042E-002
   3624.8654971833316       0.74299514169379399       -1.6223445027579048E-005   1.0346563010021620E-002
   3629.8654971833316       0.74302956486954874       -1.6224697774945133E-005   1.0362787707796566E-002
   3634.8654971833316       0.74306390498846520       -1.6225947538212855E-005   1.0379013655334779E-002
   3639.8654971833316       0.74309816235530624       -1.6227194328194177E-005   1.0395240849662974E-002
   3644.8654971833316       0.74313233727333572       -1.6228438155648554E-005   1.0411469287818623E-002
   3649.8654971833316       0.74316643004428851       -1.6229679031281819E-005   1.0427698966849905E-002
   3654.8654971833316       0.74320044096840376       -1.6230916965747371E-005   1.0443929883815652E-002
   3659.8654971833316       0.74323437034439155       -1.6232151969644957E-005   1.0460162035785297E-002
   3664.8654971833316       0.74326821846952085       -1.6233384053523845E-005   1.0476395419838821E-002
   3669.8654971833316       0.74330198563958738       -1.6234613227881659E-005   1.0492630033066703E-002
   3674.8654971833316       0.74333567214887464       -1.6235839503162905E-005   1.0508865872569866E-002
   3679.8654971833316       0.74336927829023935       -1.6237062889762117E-005   1.0525102935459628E-002
   3684.8654971833316       0.74340280435510186       -1.6238283398023445E-005   1.0541341218857652E-002
   3689.8654971833316       0.74343625063342644       -1.6239501038239952E-005   1.0557580719895892E-002
   3694.8654971833316       0.74346961741374573       -1.6240715820654471E-005   1.0573821435716547E-002
   3699.8654971833316       0.74350290498319116       -1.6241927755460712E-005   1.0590063363472008E-002
   3704.8654971833316       0.74353611362745409       -1.6243136852801816E-005   1.0606306500324810E-002
   3709.8654971833316       0.74356924363084176       -1.6244343122772398E-005   1.0622550843447582E-002
   3714.8654971833316       0.74360229527627031       -1.6245546575418258E-005   1.0638796390023001E-002
   3719.8654971833316       0.74363526884525533       -1.6246747220736017E-005   1.0655043137243737E-002
   3724.8654971833316       0.74366816461794050       -1.6247945068674179E-005   1.0671291082312412E-002
   3729.8654971833316       0.74370098287311526       -1.6249140129133726E-005   1.0687540222441545E-002
   3734.8654971833316       0.74373372388818337       -1.6250332411966973E-005   1.0703790554853512E-002
   3739.8654971833316       0.74376638793921690       -1.6251521926979518E-005   1.0720042076780491E-002
   3744.8654971833316       0.74379897530095396       -1.6252708683930146E-005   1.0736294785464421E-002
   3749.8654971833316       0.74383148624676776       -1.6253892692529681E-005   1.0752548678156951E-002
   3754.8654971833316       0.74386392104871768       -1.6255073962442839E-005   1.0768803752119395E-002
   3759.8654971833316       0.74389627997756191       -1.6256252503288689E-005   1.0785060004622683E-002
   3764.8654971833316       0.74392856330271750       -1.6257428324639144E-005   1.0801317432947322E-002
   3769.8654971833316       0.74396077129230453       -1.6258601436020597E-005   1.0817576034383342E-002
   3774.8654971833316       0.74399290421319308       -1.6259771846915593E-005   1.0833835806230258E-002
   3779.8654971833316       0.74402496233092241       -1.6260939566759884E-005   1.0850096745797018E-002
   3784.8654971833316       0.74405694590976079       -1.6262104604944591E-005   1.0866358850401962E-002
   3789.8654971833316       0.74408885521271362       -1.6263266970816493E-005   1.0882622117372778E-002
   3794.8654971833316       0.74412069050151564       -1.6264426673677711E-005   1.0898886544046455E-002
   3799.8654971833316       0.74415245203665259       -1.6265583722786508E-005   1.0915152127769242E-002
   3804.8654971833316       0.74418414007736033       -1.6266738127357237E-005   1.0931418865896599E-002
