 #              _____________________  _______________________             #
 #              ___  __ \__  __ \_  / / /_  /___  ____/_  ___/             #
 #              __  / / /_  /_/ /  / / /_  __/_  __/  _____ \              #
 #              _  /_/ /_  _, _// /_/ / / /_ _  /___  ____/ /              #
 #              /_____/ /_/ |_| \____/  \__/ /_____/  /____/               #
 #                                                                         #
  
 #        time                      c  [M/M]                   concetration [M/M]       zero flux   in    x              directions   cumulative flux
 #-----------------------------------------------------------------------------------------------

     0.000000000000E+000     0.642928000000E-003     0.000000000000E+000     0.000000000000E+000     0.000000000000E+000
     0.100000000000E+000     0.638738672106E-003     0.000000000000E+000     0.000000000000E+000     0.000000000000E+000
     0.206000000000E+000     0.634328644269E-003     0.000000000000E+000     0.000000000000E+000     0.000000000000E+000
     0.318360000000E+000     0.629688212022E-003     0.000000000000E+000     0.000000000000E+000     0.000000000000E+000
     0.437461600000E+000     0.624807480056E-003     0.000000000000E+000     0.000000000000E+000     0.000000000000E+000
     0.563709296000E+000     0.619676390985E-003     0.000000000000E+000     0.000000000000E+000     0.000000000000E+000
     0.697531853760E+000     0.614284759396E-003     0.000000000000E+000     0.000000000000E+000     0.000000000000E+000
     0.839383764986E+000     0.608622311703E-003     0.000000000000E+000     0.000000000000E+000     0.000000000000E+000
     0.989746790885E+000     0.602678732351E-003     0.000000000000E+000     0.000000000000E+000     0.000000000000E+000
     0.114913159834E+001     0.596443716923E-003     0.000000000000E+000     0.000000000000E+000     0.000000000000E+000
     0.131807949424E+001     0.589907032729E-003     0.000000000000E+000     0.000000000000E+000     0.000000000000E+000
     0.149716426389E+001     0.583058587432E-003     0.000000000000E+000     0.000000000000E+000     0.000000000000E+000
     0.168699411973E+001     0.575888506279E-003     0.000000000000E+000     0.000000000000E+000     0.000000000000E+000
     0.188821376691E+001     0.568387218471E-003     0.000000000000E+000     0.000000000000E+000     0.000000000000E+000
     0.210150659292E+001     0.560545553158E-003     0.000000000000E+000     0.000000000000E+000     0.000000000000E+000
     0.232759698850E+001     0.552354845522E-003     0.000000000000E+000     0.000000000000E+000     0.000000000000E+000
     0.256725280781E+001     0.543807053288E-003     0.000000000000E+000     0.000000000000E+000     0.000000000000E+000
     0.282128797628E+001     0.534894883934E-003     0.000000000000E+000     0.000000000000E+000     0.000000000000E+000
     0.309056525485E+001     0.525611932719E-003     0.000000000000E+000     0.000000000000E+000     0.000000000000E+000
     0.337599917015E+001     0.515952831497E-003     0.000000000000E+000     0.000000000000E+000     0.000000000000E+000
     0.367855912035E+001     0.505913408063E-003     0.000000000000E+000     0.000000000000E+000     0.000000000000E+000
     0.399927266758E+001     0.495490855561E-003     0.000000000000E+000     0.000000000000E+000     0.000000000000E+000
     0.433922902763E+001     0.484683911172E-003     0.000000000000E+000     0.000000000000E+000     0.000000000000E+000
     0.469958276929E+001     0.473493042982E-003     0.000000000000E+000     0.000000000000E+000     0.000000000000E+000
     0.508155773545E+001     0.461920643557E-003     0.000000000000E+000     0.000000000000E+000     0.000000000000E+000
     0.548645119957E+001     0.449971228290E-003     0.000000000000E+000     0.000000000000E+000     0.000000000000E+000
     0.591563827155E+001     0.437651636141E-003     0.000000000000E+000     0.000000000000E+000     0.000000000000E+000
     0.637057656784E+001     0.424971229850E-003     0.000000000000E+000     0.000000000000E+000     0.000000000000E+000
     0.685281116191E+001     0.411942092126E-003     0.000000000000E+000     0.000000000000E+000     0.000000000000E+000
     0.736397983162E+001     0.398579213743E-003     0.000000000000E+000     0.000000000000E+000     0.000000000000E+000
     0.790581862152E+001     0.384900668830E-003     0.000000000000E+000     0.000000000000E+000     0.000000000000E+000
     0.848016773881E+001     0.370927772038E-003     0.000000000000E+000     0.000000000000E+000     0.000000000000E+000
     0.908897780314E+001     0.356685211660E-003     0.000000000000E+000     0.000000000000E+000     0.000000000000E+000
     0.973431647133E+001     0.342201152223E-003     0.000000000000E+000     0.000000000000E+000     0.000000000000E+000
     0.104183754596E+002     0.327507299581E-003     0.000000000000E+000     0.000000000000E+000     0.000000000000E+000
     0.111434779872E+002     0.312638921200E-003     0.000000000000E+000     0.000000000000E+000     0.000000000000E+000
     0.119120866664E+002     0.297634814100E-003     0.000000000000E+000     0.000000000000E+000     0.000000000000E+000
     0.127268118664E+002     0.282537212926E-003     0.000000000000E+000     0.000000000000E+000     0.000000000000E+000
     0.135904205784E+002     0.267391630903E-003     0.000000000000E+000     0.000000000000E+000     0.000000000000E+000
     0.145058458131E+002     0.252246626986E-003     0.000000000000E+000     0.000000000000E+000     0.000000000000E+000
     0.154761965619E+002     0.237153493459E-003     0.000000000000E+000     0.000000000000E+000     0.000000000000E+000
     0.164761965619E+002     0.222556562713E-003     0.000000000000E+000     0.000000000000E+000     0.000000000000E+000
     0.174761965619E+002     0.208858081255E-003     0.000000000000E+000     0.000000000000E+000     0.000000000000E+000
     0.184761965619E+002     0.196002749025E-003     0.000000000000E+000     0.000000000000E+000     0.000000000000E+000
     0.194761965619E+002     0.183938669716E-003     0.000000000000E+000     0.000000000000E+000     0.000000000000E+000
     0.204761965619E+002     0.172617141265E-003     0.000000000000E+000     0.000000000000E+000     0.000000000000E+000
     0.214761965619E+002     0.161992459251E-003     0.000000000000E+000     0.000000000000E+000     0.000000000000E+000
     0.224761965619E+002     0.152021732383E-003     0.000000000000E+000     0.000000000000E+000     0.000000000000E+000
     0.234761965619E+002     0.142664709355E-003     0.000000000000E+000     0.000000000000E+000     0.000000000000E+000
     0.244761965619E+002     0.133883616350E-003     0.000000000000E+000     0.000000000000E+000     0.000000000000E+000
     0.254761965619E+002     0.125643004553E-003     0.000000000000E+000     0.000000000000E+000     0.000000000000E+000
     0.264761965619E+002     0.117909607042E-003     0.000000000000E+000     0.000000000000E+000     0.000000000000E+000
     0.274761965619E+002     0.110652204491E-003     0.000000000000E+000     0.000000000000E+000     0.000000000000E+000
     0.284761965619E+002     0.103841499145E-003     0.000000000000E+000     0.000000000000E+000     0.000000000000E+000
     0.294761965619E+002     0.974499965382E-004     0.000000000000E+000     0.000000000000E+000     0.000000000000E+000
     0.304761965619E+002     0.914518945077E-004     0.000000000000E+000     0.000000000000E+000     0.000000000000E+000
     0.314761965619E+002     0.858229790266E-004     0.000000000000E+000     0.000000000000E+000     0.000000000000E+000
     0.324761965619E+002     0.805405264555E-004     0.000000000000E+000     0.000000000000E+000     0.000000000000E+000
     0.334761965619E+002     0.755832118076E-004     0.000000000000E+000     0.000000000000E+000     0.000000000000E+000
     0.344761965619E+002     0.709310226612E-004     0.000000000000E+000     0.000000000000E+000     0.000000000000E+000
     0.354761965619E+002     0.665651783701E-004     0.000000000000E+000     0.000000000000E+000     0.000000000000E+000
     0.364761965619E+002     0.624680542477E-004     0.000000000000E+000     0.000000000000E+000     0.000000000000E+000
     0.374761965619E+002     0.586231104166E-004     0.000000000000E+000     0.000000000000E+000     0.000000000000E+000
     0.384761965619E+002     0.550148250383E-004     0.000000000000E+000     0.000000000000E+000     0.000000000000E+000
     0.394761965619E+002     0.516286316520E-004     0.000000000000E+000     0.000000000000E+000     0.000000000000E+000
     0.404761965619E+002     0.484508603708E-004     0.000000000000E+000     0.000000000000E+000     0.000000000000E+000
     0.414761965619E+002     0.454686826972E-004     0.000000000000E+000     0.000000000000E+000     0.000000000000E+000
     0.424761965619E+002     0.426700597346E-004     0.000000000000E+000     0.000000000000E+000     0.000000000000E+000
     0.434761965619E+002     0.400436935876E-004     0.000000000000E+000     0.000000000000E+000     0.000000000000E+000
     0.444761965619E+002     0.375789817523E-004     0.000000000000E+000     0.000000000000E+000     0.000000000000E+000
     0.454761965619E+002     0.352659743150E-004     0.000000000000E+000     0.000000000000E+000     0.000000000000E+000
     0.464761965619E+002     0.330953337849E-004     0.000000000000E+000     0.000000000000E+000     0.000000000000E+000
     0.474761965619E+002     0.310582973987E-004     0.000000000000E+000     0.000000000000E+000     0.000000000000E+000
     0.484761965619E+002     0.291466417465E-004     0.000000000000E+000     0.000000000000E+000     0.000000000000E+000
     0.494761965619E+002     0.273526495735E-004     0.000000000000E+000     0.000000000000E+000     0.000000000000E+000
     0.504761965619E+002     0.256690786266E-004     0.000000000000E+000     0.000000000000E+000     0.000000000000E+000
     0.514761965619E+002     0.240891324173E-004     0.000000000000E+000     0.000000000000E+000     0.000000000000E+000
     0.524761965619E+002     0.226064327847E-004     0.000000000000E+000     0.000000000000E+000     0.000000000000E+000
     0.534761965619E+002     0.212149941473E-004     0.000000000000E+000     0.000000000000E+000     0.000000000000E+000
     0.544761965619E+002     0.199091993398E-004     0.000000000000E+000     0.000000000000E+000     0.000000000000E+000
     0.554761965619E+002     0.186837769362E-004     0.000000000000E+000     0.000000000000E+000     0.000000000000E+000
     0.564761965619E+002     0.175337799700E-004     0.000000000000E+000     0.000000000000E+000     0.000000000000E+000
     0.574761965619E+002     0.164545659630E-004     0.000000000000E+000     0.000000000000E+000     0.000000000000E+000
     0.584761965619E+002     0.154417781845E-004     0.000000000000E+000     0.000000000000E+000     0.000000000000E+000
     0.594761965619E+002     0.144913280626E-004     0.000000000000E+000     0.000000000000E+000     0.000000000000E+000
     0.604761965619E+002     0.135993786797E-004     0.000000000000E+000     0.000000000000E+000     0.000000000000E+000
     0.614761965619E+002     0.127623292824E-004     0.000000000000E+000     0.000000000000E+000     0.000000000000E+000
     0.624761965619E+002     0.119768007457E-004     0.000000000000E+000     0.000000000000E+000     0.000000000000E+000
     0.634761965619E+002     0.112396219317E-004     0.000000000000E+000     0.000000000000E+000     0.000000000000E+000
     0.644761965619E+002     0.105478168878E-004     0.000000000000E+000     0.000000000000E+000     0.000000000000E+000
     0.654761965619E+002     0.989859283299E-005     0.000000000000E+000     0.000000000000E+000     0.000000000000E+000
     0.664761965619E+002     0.928932888347E-005     0.000000000000E+000     0.000000000000E+000     0.000000000000E+000
     0.674761965619E+002     0.871756547231E-005     0.000000000000E+000     0.000000000000E+000     0.000000000000E+000
     0.684761965619E+002     0.818099442030E-005     0.000000000000E+000     0.000000000000E+000     0.000000000000E+000
     0.694761965619E+002     0.767744961796E-005     0.000000000000E+000     0.000000000000E+000     0.000000000000E+000
     0.704761965619E+002     0.720489828109E-005     0.000000000000E+000     0.000000000000E+000     0.000000000000E+000
     0.714761965619E+002     0.676143274445E-005     0.000000000000E+000     0.000000000000E+000     0.000000000000E+000
     0.724761965619E+002     0.634526276072E-005     0.000000000000E+000     0.000000000000E+000     0.000000000000E+000
     0.734761965619E+002     0.595470827328E-005     0.000000000000E+000     0.000000000000E+000     0.000000000000E+000
     0.744761965619E+002     0.558819263393E-005     0.000000000000E+000     0.000000000000E+000     0.000000000000E+000
     0.754761965619E+002     0.524423623808E-005     0.000000000000E+000     0.000000000000E+000     0.000000000000E+000
     0.764761965619E+002     0.492145055162E-005     0.000000000000E+000     0.000000000000E+000     0.000000000000E+000
     0.774761965619E+002     0.461853250549E-005     0.000000000000E+000     0.000000000000E+000     0.000000000000E+000
     0.784761965619E+002     0.433425923526E-005     0.000000000000E+000     0.000000000000E+000     0.000000000000E+000
     0.794761965619E+002     0.406748314452E-005     0.000000000000E+000     0.000000000000E+000     0.000000000000E+000
     0.804761965619E+002     0.381712727202E-005     0.000000000000E+000     0.000000000000E+000     0.000000000000E+000
     0.814761965619E+002     0.358218094411E-005     0.000000000000E+000     0.000000000000E+000     0.000000000000E+000
     0.824761965619E+002     0.336169569467E-005     0.000000000000E+000     0.000000000000E+000     0.000000000000E+000
     0.834761965619E+002     0.315478143619E-005     0.000000000000E+000     0.000000000000E+000     0.000000000000E+000
     0.844761965619E+002     0.296060286656E-005     0.000000000000E+000     0.000000000000E+000     0.000000000000E+000
     0.854761965619E+002     0.277837609697E-005     0.000000000000E+000     0.000000000000E+000     0.000000000000E+000
     0.864761965619E+002     0.260736548742E-005     0.000000000000E+000     0.000000000000E+000     0.000000000000E+000
     0.874761965619E+002     0.244688067695E-005     0.000000000000E+000     0.000000000000E+000     0.000000000000E+000
     0.884761965619E+002     0.229627379672E-005     0.000000000000E+000     0.000000000000E+000     0.000000000000E+000
     0.894761965619E+002     0.215493685458E-005     0.000000000000E+000     0.000000000000E+000     0.000000000000E+000
     0.904761965619E+002     0.202229928062E-005     0.000000000000E+000     0.000000000000E+000     0.000000000000E+000
     0.914761965619E+002     0.189782562385E-005     0.000000000000E+000     0.000000000000E+000     0.000000000000E+000
     0.924761965619E+002     0.178101339057E-005     0.000000000000E+000     0.000000000000E+000     0.000000000000E+000
     0.934761965619E+002     0.167139101588E-005     0.000000000000E+000     0.000000000000E+000     0.000000000000E+000
     0.944761965619E+002     0.156851595993E-005     0.000000000000E+000     0.000000000000E+000     0.000000000000E+000
     0.954761965619E+002     0.147197292147E-005     0.000000000000E+000     0.000000000000E+000     0.000000000000E+000
     0.964761965619E+002     0.138137216125E-005     0.000000000000E+000     0.000000000000E+000     0.000000000000E+000
     0.974761965619E+002     0.129634792873E-005     0.000000000000E+000     0.000000000000E+000     0.000000000000E+000
     0.984761965619E+002     0.121655698547E-005     0.000000000000E+000     0.000000000000E+000     0.000000000000E+000
     0.994761965619E+002     0.114167721960E-005     0.000000000000E+000     0.000000000000E+000     0.000000000000E+000
     0.100476196562E+003     0.107140634539E-005     0.000000000000E+000     0.000000000000E+000     0.000000000000E+000
     0.101476196562E+003     0.100546068295E-005     0.000000000000E+000     0.000000000000E+000     0.000000000000E+000
     0.102476196562E+003     0.943574013090E-006     0.000000000000E+000     0.000000000000E+000     0.000000000000E+000
     0.103476196562E+003     0.885496502521E-006     0.000000000000E+000     0.000000000000E+000     0.000000000000E+000
     0.104476196562E+003     0.830993695353E-006     0.000000000000E+000     0.000000000000E+000     0.000000000000E+000
     0.105476196562E+003     0.779845566584E-006     0.000000000000E+000     0.000000000000E+000     0.000000000000E+000
     0.106476196562E+003     0.731845633874E-006     0.000000000000E+000     0.000000000000E+000     0.000000000000E+000
     0.107476196562E+003     0.686800123987E-006     0.000000000000E+000     0.000000000000E+000     0.000000000000E+000
     0.108476196562E+003     0.644527190538E-006     0.000000000000E+000     0.000000000000E+000     0.000000000000E+000
     0.109476196562E+003     0.604856179890E-006     0.000000000000E+000     0.000000000000E+000     0.000000000000E+000
     0.110476196562E+003     0.567626942233E-006     0.000000000000E+000     0.000000000000E+000     0.000000000000E+000
     0.111476196562E+003     0.532689185067E-006     0.000000000000E+000     0.000000000000E+000     0.000000000000E+000
     0.112476196562E+003     0.499901866482E-006     0.000000000000E+000     0.000000000000E+000     0.000000000000E+000
     0.113476196562E+003     0.469132625775E-006     0.000000000000E+000     0.000000000000E+000     0.000000000000E+000
     0.114476196562E+003     0.440257249118E-006     0.000000000000E+000     0.000000000000E+000     0.000000000000E+000
     0.115476196562E+003     0.413159168115E-006     0.000000000000E+000     0.000000000000E+000     0.000000000000E+000
     0.116476196562E+003     0.387728989221E-006     0.000000000000E+000     0.000000000000E+000     0.000000000000E+000
     0.117476196562E+003     0.363864052123E-006     0.000000000000E+000     0.000000000000E+000     0.000000000000E+000
     0.118476196562E+003     0.341468015311E-006     0.000000000000E+000     0.000000000000E+000     0.000000000000E+000
     0.119476196562E+003     0.320450467145E-006     0.000000000000E+000     0.000000000000E+000     0.000000000000E+000
     0.120476196562E+003     0.300726560875E-006     0.000000000000E+000     0.000000000000E+000     0.000000000000E+000
     0.121476196562E+003     0.282216672117E-006     0.000000000000E+000     0.000000000000E+000     0.000000000000E+000
     0.122476196562E+003     0.264846077410E-006     0.000000000000E+000     0.000000000000E+000     0.000000000000E+000
     0.123476196562E+003     0.248544652565E-006     0.000000000000E+000     0.000000000000E+000     0.000000000000E+000
     0.124476196562E+003     0.233246589577E-006     0.000000000000E+000     0.000000000000E+000     0.000000000000E+000
     0.125476196562E+003     0.218890130960E-006     0.000000000000E+000     0.000000000000E+000     0.000000000000E+000
     0.126476196562E+003     0.205417320435E-006     0.000000000000E+000     0.000000000000E+000     0.000000000000E+000
     0.127476196562E+003     0.192773768967E-006     0.000000000000E+000     0.000000000000E+000     0.000000000000E+000
     0.128476196562E+003     0.180908435194E-006     0.000000000000E+000     0.000000000000E+000     0.000000000000E+000
     0.129476196562E+003     0.169773419380E-006     0.000000000000E+000     0.000000000000E+000     0.000000000000E+000
     0.130476196562E+003     0.159323770045E-006     0.000000000000E+000     0.000000000000E+000     0.000000000000E+000
     0.131476196562E+003     0.149517302497E-006     0.000000000000E+000     0.000000000000E+000     0.000000000000E+000
     0.132476196562E+003     0.140314428536E-006     0.000000000000E+000     0.000000000000E+000     0.000000000000E+000
     0.133476196562E+003     0.131677996636E-006     0.000000000000E+000     0.000000000000E+000     0.000000000000E+000
     0.134476196562E+003     0.123573141971E-006     0.000000000000E+000     0.000000000000E+000     0.000000000000E+000
     0.135476196562E+003     0.115967145665E-006     0.000000000000E+000     0.000000000000E+000     0.000000000000E+000
     0.136476196562E+003     0.108829302703E-006     0.000000000000E+000     0.000000000000E+000     0.000000000000E+000
     0.137476196562E+003     0.102130797986E-006     0.000000000000E+000     0.000000000000E+000     0.000000000000E+000
     0.138476196562E+003     0.958445899965E-007     0.000000000000E+000     0.000000000000E+000     0.000000000000E+000
     0.139476196562E+003     0.899453016404E-007     0.000000000000E+000     0.000000000000E+000     0.000000000000E+000
     0.140476196562E+003     0.844091177967E-007     0.000000000000E+000     0.000000000000E+000     0.000000000000E+000
     0.141476196562E+003     0.792136891785E-007     0.000000000000E+000     0.000000000000E+000     0.000000000000E+000
     0.142476196562E+003     0.743380421104E-007     0.000000000000E+000     0.000000000000E+000     0.000000000000E+000
     0.143476196562E+003     0.697624938583E-007     0.000000000000E+000     0.000000000000E+000     0.000000000000E+000
     0.144476196562E+003     0.654685731714E-007     0.000000000000E+000     0.000000000000E+000     0.000000000000E+000
     0.145476196562E+003     0.614389457150E-007     0.000000000000E+000     0.000000000000E+000     0.000000000000E+000
     0.146476196562E+003     0.576573440923E-007     0.000000000000E+000     0.000000000000E+000     0.000000000000E+000
     0.147476196562E+003     0.541085021737E-007     0.000000000000E+000     0.000000000000E+000     0.000000000000E+000
     0.148476196562E+003     0.507780934689E-007     0.000000000000E+000     0.000000000000E+000     0.000000000000E+000
     0.149476196562E+003     0.476526732907E-007     0.000000000000E+000     0.000000000000E+000     0.000000000000E+000
     0.150476196562E+003     0.447196244802E-007     0.000000000000E+000     0.000000000000E+000     0.000000000000E+000
     0.151476196562E+003     0.419671064717E-007     0.000000000000E+000     0.000000000000E+000     0.000000000000E+000
     0.152476196562E+003     0.393840074929E-007     0.000000000000E+000     0.000000000000E+000     0.000000000000E+000
     0.153476196562E+003     0.369598997073E-007     0.000000000000E+000     0.000000000000E+000     0.000000000000E+000
     0.154476196562E+003     0.346849971177E-007     0.000000000000E+000     0.000000000000E+000     0.000000000000E+000
     0.155476196562E+003     0.325501160604E-007     0.000000000000E+000     0.000000000000E+000     0.000000000000E+000
     0.156476196562E+003     0.305466381315E-007     0.000000000000E+000     0.000000000000E+000     0.000000000000E+000
     0.157476196562E+003     0.286664753946E-007     0.000000000000E+000     0.000000000000E+000     0.000000000000E+000
     0.158476196562E+003     0.269020377303E-007     0.000000000000E+000     0.000000000000E+000     0.000000000000E+000
     0.159476196562E+003     0.252462021955E-007     0.000000000000E+000     0.000000000000E+000     0.000000000000E+000
     0.160476196562E+003     0.236922842680E-007     0.000000000000E+000     0.000000000000E+000     0.000000000000E+000
     0.161476196562E+003     0.222340108619E-007     0.000000000000E+000     0.000000000000E+000     0.000000000000E+000
     0.162476196562E+003     0.208654950032E-007     0.000000000000E+000     0.000000000000E+000     0.000000000000E+000
     0.163476196562E+003     0.195812120643E-007     0.000000000000E+000     0.000000000000E+000     0.000000000000E+000
     0.164476196562E+003     0.183759774618E-007     0.000000000000E+000     0.000000000000E+000     0.000000000000E+000
     0.165476196562E+003     0.172449257261E-007     0.000000000000E+000     0.000000000000E+000     0.000000000000E+000
     0.166476196562E+003     0.161834908601E-007     0.000000000000E+000     0.000000000000E+000     0.000000000000E+000
     0.167476196562E+003     0.151873879064E-007     0.000000000000E+000     0.000000000000E+000     0.000000000000E+000
     0.168476196562E+003     0.142525956491E-007     0.000000000000E+000     0.000000000000E+000     0.000000000000E+000
     0.169476196562E+003     0.133753403804E-007     0.000000000000E+000     0.000000000000E+000     0.000000000000E+000
     0.170476196562E+003     0.125520806662E-007     0.000000000000E+000     0.000000000000E+000     0.000000000000E+000
     0.171476196562E+003     0.117794930499E-007     0.000000000000E+000     0.000000000000E+000     0.000000000000E+000
     0.172476196562E+003     0.110544586354E-007     0.000000000000E+000     0.000000000000E+000     0.000000000000E+000
     0.173476196562E+003     0.103740504965E-007     0.000000000000E+000     0.000000000000E+000     0.000000000000E+000
     0.174476196562E+003     0.973552186066E-008     0.000000000000E+000     0.000000000000E+000     0.000000000000E+000
     0.175476196562E+003     0.913629502110E-008     0.000000000000E+000     0.000000000000E+000     0.000000000000E+000
     0.176476196562E+003     0.857395093014E-008     0.000000000000E+000     0.000000000000E+000     0.000000000000E+000
     0.177476196562E+003     0.804621943387E-008     0.000000000000E+000     0.000000000000E+000     0.000000000000E+000
     0.178476196562E+003     0.755097010767E-008     0.000000000000E+000     0.000000000000E+000     0.000000000000E+000
     0.179476196562E+003     0.708620365570E-008     0.000000000000E+000     0.000000000000E+000     0.000000000000E+000
     0.180476196562E+003     0.665004383993E-008     0.000000000000E+000     0.000000000000E+000     0.000000000000E+000
     0.181476196562E+003     0.624072990585E-008     0.000000000000E+000     0.000000000000E+000     0.000000000000E+000
     0.182476196562E+003     0.585660947435E-008     0.000000000000E+000     0.000000000000E+000     0.000000000000E+000
     0.183476196562E+003     0.549613187118E-008     0.000000000000E+000     0.000000000000E+000     0.000000000000E+000
     0.184476196562E+003     0.515784186700E-008     0.000000000000E+000     0.000000000000E+000     0.000000000000E+000
     0.185476196562E+003     0.484037380261E-008     0.000000000000E+000     0.000000000000E+000     0.000000000000E+000
     0.186476196562E+003     0.454244607593E-008     0.000000000000E+000     0.000000000000E+000     0.000000000000E+000
     0.187476196562E+003     0.426285596818E-008     0.000000000000E+000     0.000000000000E+000     0.000000000000E+000
     0.188476196562E+003     0.400047478863E-008     0.000000000000E+000     0.000000000000E+000     0.000000000000E+000
     0.189476196562E+003     0.375424331808E-008     0.000000000000E+000     0.000000000000E+000     0.000000000000E+000
     0.190476196562E+003     0.352316753287E-008     0.000000000000E+000     0.000000000000E+000     0.000000000000E+000
     0.191476196562E+003     0.330631459204E-008     0.000000000000E+000     0.000000000000E+000     0.000000000000E+000
     0.192476196562E+003     0.310280907154E-008     0.000000000000E+000     0.000000000000E+000     0.000000000000E+000
     0.193476196562E+003     0.291182943015E-008     0.000000000000E+000     0.000000000000E+000     0.000000000000E+000
     0.194476196562E+003     0.273260469297E-008     0.000000000000E+000     0.000000000000E+000     0.000000000000E+000
     0.195476196562E+003     0.256441133905E-008     0.000000000000E+000     0.000000000000E+000     0.000000000000E+000
     0.196476196562E+003     0.240657038054E-008     0.000000000000E+000     0.000000000000E+000     0.000000000000E+000
     0.197476196562E+003     0.225844462170E-008     0.000000000000E+000     0.000000000000E+000     0.000000000000E+000
     0.198476196562E+003     0.211943608653E-008     0.000000000000E+000     0.000000000000E+000     0.000000000000E+000
     0.199476196562E+003     0.198898360479E-008     0.000000000000E+000     0.000000000000E+000     0.000000000000E+000
     0.200476196562E+003     0.186656054658E-008     0.000000000000E+000     0.000000000000E+000     0.000000000000E+000
     0.201476196562E+003     0.175167269638E-008     0.000000000000E+000     0.000000000000E+000     0.000000000000E+000
     0.202476196562E+003     0.164385625789E-008     0.000000000000E+000     0.000000000000E+000     0.000000000000E+000
     0.203476196562E+003     0.154267598176E-008     0.000000000000E+000     0.000000000000E+000     0.000000000000E+000
     0.204476196562E+003     0.144772340847E-008     0.000000000000E+000     0.000000000000E+000     0.000000000000E+000
     0.205476196562E+003     0.135861521941E-008     0.000000000000E+000     0.000000000000E+000     0.000000000000E+000
     0.206476196562E+003     0.127499168943E-008     0.000000000000E+000     0.000000000000E+000     0.000000000000E+000
     0.207476196562E+003     0.119651523471E-008     0.000000000000E+000     0.000000000000E+000     0.000000000000E+000
     0.208476196562E+003     0.112286904986E-008     0.000000000000E+000     0.000000000000E+000     0.000000000000E+000
     0.209476196562E+003     0.105375582905E-008     0.000000000000E+000     0.000000000000E+000     0.000000000000E+000
     0.210476196562E+003     0.988896565816E-009     0.000000000000E+000     0.000000000000E+000     0.000000000000E+000
     0.211476196562E+003     0.928029426666E-009     0.000000000000E+000     0.000000000000E+000     0.000000000000E+000
     0.212476196562E+003     0.870908694124E-009     0.000000000000E+000     0.000000000000E+000     0.000000000000E+000
     0.213476196562E+003     0.817303774758E-009     0.000000000000E+000     0.000000000000E+000     0.000000000000E+000
     0.214476196562E+003     0.766998268292E-009     0.000000000000E+000     0.000000000000E+000     0.000000000000E+000
     0.215476196562E+003     0.719789094009E-009     0.000000000000E+000     0.000000000000E+000     0.000000000000E+000
     0.216476196562E+003     0.675485670923E-009     0.000000000000E+000     0.000000000000E+000     0.000000000000E+000
     0.217476196562E+003     0.633909148417E-009     0.000000000000E+000     0.000000000000E+000     0.000000000000E+000
     0.218476196562E+003     0.594891684226E-009     0.000000000000E+000     0.000000000000E+000     0.000000000000E+000
     0.219476196562E+003     0.558275766875E-009     0.000000000000E+000     0.000000000000E+000     0.000000000000E+000
     0.220476196562E+003     0.523913579806E-009     0.000000000000E+000     0.000000000000E+000     0.000000000000E+000
     0.221476196562E+003     0.491666404655E-009     0.000000000000E+000     0.000000000000E+000     0.000000000000E+000
     0.222476196562E+003     0.461404061249E-009     0.000000000000E+000     0.000000000000E+000     0.000000000000E+000
     0.223476196562E+003     0.433004382081E-009     0.000000000000E+000     0.000000000000E+000     0.000000000000E+000
     0.224476196562E+003     0.406352719118E-009     0.000000000000E+000     0.000000000000E+000     0.000000000000E+000
     0.225476196562E+003     0.381341480984E-009     0.000000000000E+000     0.000000000000E+000     0.000000000000E+000
     0.226476196562E+003     0.357869698606E-009     0.000000000000E+000     0.000000000000E+000     0.000000000000E+000
     0.227476196562E+003     0.335842617620E-009     0.000000000000E+000     0.000000000000E+000     0.000000000000E+000
     0.228476196562E+003     0.315171315842E-009     0.000000000000E+000     0.000000000000E+000     0.000000000000E+000
     0.229476196562E+003     0.295772344301E-009     0.000000000000E+000     0.000000000000E+000     0.000000000000E+000
     0.230476196562E+003     0.277567390356E-009     0.000000000000E+000     0.000000000000E+000     0.000000000000E+000
     0.231476196562E+003     0.260482961553E-009     0.000000000000E+000     0.000000000000E+000     0.000000000000E+000
     0.232476196562E+003     0.244450088940E-009     0.000000000000E+000     0.000000000000E+000     0.000000000000E+000
     0.233476196562E+003     0.229404048643E-009     0.000000000000E+000     0.000000000000E+000     0.000000000000E+000
     0.234476196562E+003     0.215284100579E-009     0.000000000000E+000     0.000000000000E+000     0.000000000000E+000
     0.235476196562E+003     0.202033243250E-009     0.000000000000E+000     0.000000000000E+000     0.000000000000E+000
     0.236476196562E+003     0.189597983634E-009     0.000000000000E+000     0.000000000000E+000     0.000000000000E+000
     0.237476196562E+003     0.177928121232E-009     0.000000000000E+000     0.000000000000E+000     0.000000000000E+000
     0.238476196562E+003     0.166976545417E-009     0.000000000000E+000     0.000000000000E+000     0.000000000000E+000
     0.239476196562E+003     0.156699045246E-009     0.000000000000E+000     0.000000000000E+000     0.000000000000E+000
     0.240476196562E+003     0.147054130984E-009     0.000000000000E+000     0.000000000000E+000     0.000000000000E+000
     0.241476196562E+003     0.138002866613E-009     0.000000000000E+000     0.000000000000E+000     0.000000000000E+000
     0.242476196562E+003     0.129508712648E-009     0.000000000000E+000     0.000000000000E+000     0.000000000000E+000
     0.243476196562E+003     0.121537378631E-009     0.000000000000E+000     0.000000000000E+000     0.000000000000E+000
     0.244476196562E+003     0.114056684702E-009     0.000000000000E+000     0.000000000000E+000     0.000000000000E+000
     0.245476196562E+003     0.107036431686E-009     0.000000000000E+000     0.000000000000E+000     0.000000000000E+000
     0.246476196562E+003     0.100448279187E-009     0.000000000000E+000     0.000000000000E+000     0.000000000000E+000
     0.247476196562E+003     0.942656311748E-010     0.000000000000E+000     0.000000000000E+000     0.000000000000E+000
     0.248476196562E+003     0.884635286213E-010     0.000000000000E+000     0.000000000000E+000     0.000000000000E+000
     0.249476196562E+003     0.830185487393E-010     0.000000000000E+000     0.000000000000E+000     0.000000000000E+000
     0.250476196562E+003     0.779087104278E-010     0.000000000000E+000     0.000000000000E+000     0.000000000000E+000
     0.251476196562E+003     0.731133855349E-010     0.000000000000E+000     0.000000000000E+000     0.000000000000E+000
     0.252476196562E+003     0.686132155830E-010     0.000000000000E+000     0.000000000000E+000     0.000000000000E+000
     0.253476196562E+003     0.643900336197E-010     0.000000000000E+000     0.000000000000E+000     0.000000000000E+000
     0.254476196562E+003     0.604267908786E-010     0.000000000000E+000     0.000000000000E+000     0.000000000000E+000
     0.255476196562E+003     0.567074879546E-010     0.000000000000E+000     0.000000000000E+000     0.000000000000E+000
     0.256476196562E+003     0.532171102150E-010     0.000000000000E+000     0.000000000000E+000     0.000000000000E+000
     0.257476196562E+003     0.499415671860E-010     0.000000000000E+000     0.000000000000E+000     0.000000000000E+000
     0.258476196562E+003     0.468676356705E-010     0.000000000000E+000     0.000000000000E+000     0.000000000000E+000
     0.259476196562E+003     0.439829063665E-010     0.000000000000E+000     0.000000000000E+000     0.000000000000E+000
     0.260476196562E+003     0.412757337718E-010     0.000000000000E+000     0.000000000000E+000     0.000000000000E+000
     0.261476196562E+003     0.387351891711E-010     0.000000000000E+000     0.000000000000E+000     0.000000000000E+000
     0.262476196562E+003     0.363510165177E-010     0.000000000000E+000     0.000000000000E+000     0.000000000000E+000
     0.263476196562E+003     0.341135910305E-010     0.000000000000E+000     0.000000000000E+000     0.000000000000E+000
     0.264476196562E+003     0.320138803389E-010     0.000000000000E+000     0.000000000000E+000     0.000000000000E+000
     0.265476196562E+003     0.300434080199E-010     0.000000000000E+000     0.000000000000E+000     0.000000000000E+000
     0.266476196562E+003     0.281942193791E-010     0.000000000000E+000     0.000000000000E+000     0.000000000000E+000
     0.267476196562E+003     0.264588493379E-010     0.000000000000E+000     0.000000000000E+000     0.000000000000E+000
     0.268476196562E+003     0.248302922976E-010     0.000000000000E+000     0.000000000000E+000     0.000000000000E+000
     0.269476196562E+003     0.233019738580E-010     0.000000000000E+000     0.000000000000E+000     0.000000000000E+000
     0.270476196562E+003     0.218677242769E-010     0.000000000000E+000     0.000000000000E+000     0.000000000000E+000
     0.271476196562E+003     0.205217535633E-010     0.000000000000E+000     0.000000000000E+000     0.000000000000E+000
     0.272476196562E+003     0.192586281032E-010     0.000000000000E+000     0.000000000000E+000     0.000000000000E+000
     0.273476196562E+003     0.180732487247E-010     0.000000000000E+000     0.000000000000E+000     0.000000000000E+000
     0.274476196562E+003     0.169608301128E-010     0.000000000000E+000     0.000000000000E+000     0.000000000000E+000
     0.275476196562E+003     0.159168814915E-010     0.000000000000E+000     0.000000000000E+000     0.000000000000E+000
     0.276476196562E+003     0.149371884942E-010     0.000000000000E+000     0.000000000000E+000     0.000000000000E+000
     0.277476196562E+003     0.140177961513E-010     0.000000000000E+000     0.000000000000E+000     0.000000000000E+000
     0.278476196562E+003     0.131549929235E-010     0.000000000000E+000     0.000000000000E+000     0.000000000000E+000
     0.279476196562E+003     0.123452957191E-010     0.000000000000E+000     0.000000000000E+000     0.000000000000E+000
     0.280476196562E+003     0.115854358325E-010     0.000000000000E+000     0.000000000000E+000     0.000000000000E+000
     0.281476196562E+003     0.108723457488E-010     0.000000000000E+000     0.000000000000E+000     0.000000000000E+000
     0.282476196562E+003     0.102031467603E-010     0.000000000000E+000     0.000000000000E+000     0.000000000000E+000
     0.283476196562E+003     0.957513734552E-011     0.000000000000E+000     0.000000000000E+000     0.000000000000E+000
     0.284476196562E+003     0.898578226298E-011     0.000000000000E+000     0.000000000000E+000     0.000000000000E+000
     0.285476196562E+003     0.843270231685E-011     0.000000000000E+000     0.000000000000E+000     0.000000000000E+000
     0.286476196562E+003     0.791366475210E-011     0.000000000000E+000     0.000000000000E+000     0.000000000000E+000
     0.287476196562E+003     0.742657424103E-011     0.000000000000E+000     0.000000000000E+000     0.000000000000E+000
     0.288476196562E+003     0.696946442455E-011     0.000000000000E+000     0.000000000000E+000     0.000000000000E+000
     0.289476196562E+003     0.654048997406E-011     0.000000000000E+000     0.000000000000E+000     0.000000000000E+000
     0.290476196562E+003     0.613791914198E-011     0.000000000000E+000     0.000000000000E+000     0.000000000000E+000
     0.291476196562E+003     0.576012677076E-011     0.000000000000E+000     0.000000000000E+000     0.000000000000E+000
     0.292476196562E+003     0.540558773221E-011     0.000000000000E+000     0.000000000000E+000     0.000000000000E+000
     0.293476196562E+003     0.507287077066E-011     0.000000000000E+000     0.000000000000E+000     0.000000000000E+000
     0.294476196562E+003     0.476063272500E-011     0.000000000000E+000     0.000000000000E+000     0.000000000000E+000
     0.295476196562E+003     0.446761310645E-011     0.000000000000E+000     0.000000000000E+000     0.000000000000E+000
     0.296476196562E+003     0.419262901003E-011     0.000000000000E+000     0.000000000000E+000     0.000000000000E+000
     0.297476196562E+003     0.393457033922E-011     0.000000000000E+000     0.000000000000E+000     0.000000000000E+000
     0.298476196562E+003     0.369239532456E-011     0.000000000000E+000     0.000000000000E+000     0.000000000000E+000
     0.299476196562E+003     0.346512631810E-011     0.000000000000E+000     0.000000000000E+000     0.000000000000E+000
     0.300476196562E+003     0.325184584666E-011     0.000000000000E+000     0.000000000000E+000     0.000000000000E+000
     0.301476196562E+003     0.305169290805E-011     0.000000000000E+000     0.000000000000E+000     0.000000000000E+000
     0.302476196562E+003     0.286385949525E-011     0.000000000000E+000     0.000000000000E+000     0.000000000000E+000
     0.303476196562E+003     0.268758733452E-011     0.000000000000E+000     0.000000000000E+000     0.000000000000E+000
     0.304476196562E+003     0.252216482431E-011     0.000000000000E+000     0.000000000000E+000     0.000000000000E+000
     0.305476196562E+003     0.236692416253E-011     0.000000000000E+000     0.000000000000E+000     0.000000000000E+000
     0.306476196562E+003     0.222123865069E-011     0.000000000000E+000     0.000000000000E+000     0.000000000000E+000
     0.307476196562E+003     0.208452016395E-011     0.000000000000E+000     0.000000000000E+000     0.000000000000E+000
     0.308476196562E+003     0.195621677686E-011     0.000000000000E+000     0.000000000000E+000     0.000000000000E+000
     0.309476196562E+003     0.183581053533E-011     0.000000000000E+000     0.000000000000E+000     0.000000000000E+000
     0.310476196562E+003     0.172281536560E-011     0.000000000000E+000     0.000000000000E+000     0.000000000000E+000
     0.311476196562E+003     0.161677511205E-011     0.000000000000E+000     0.000000000000E+000     0.000000000000E+000
     0.312476196562E+003     0.151726169567E-011     0.000000000000E+000     0.000000000000E+000     0.000000000000E+000
     0.313476196562E+003     0.142387338597E-011     0.000000000000E+000     0.000000000000E+000     0.000000000000E+000
     0.314476196562E+003     0.133623317920E-011     0.000000000000E+000     0.000000000000E+000     0.000000000000E+000
     0.315476196562E+003     0.125398727638E-011     0.000000000000E+000     0.000000000000E+000     0.000000000000E+000
     0.316476196562E+003     0.117680365509E-011     0.000000000000E+000     0.000000000000E+000     0.000000000000E+000
     0.317476196562E+003     0.110437072905E-011     0.000000000000E+000     0.000000000000E+000     0.000000000000E+000
     0.318476196562E+003     0.103639609029E-011     0.000000000000E+000     0.000000000000E+000     0.000000000000E+000
     0.319476196562E+003     0.972605328732E-012     0.000000000000E+000     0.000000000000E+000     0.000000000000E+000
     0.320476196562E+003     0.912740924384E-012     0.000000000000E+000     0.000000000000E+000     0.000000000000E+000
     0.321476196562E+003     0.856561207754E-012     0.000000000000E+000     0.000000000000E+000     0.000000000000E+000
     0.322476196562E+003     0.803839384241E-012     0.000000000000E+000     0.000000000000E+000     0.000000000000E+000
     0.323476196562E+003     0.754362618583E-012     0.000000000000E+000     0.000000000000E+000     0.000000000000E+000
     0.324476196562E+003     0.707931175645E-012     0.000000000000E+000     0.000000000000E+000     0.000000000000E+000
     0.325476196562E+003     0.664357614103E-012     0.000000000000E+000     0.000000000000E+000     0.000000000000E+000
     0.326476196562E+003     0.623466029752E-012     0.000000000000E+000     0.000000000000E+000     0.000000000000E+000
     0.327476196562E+003     0.585091345388E-012     0.000000000000E+000     0.000000000000E+000     0.000000000000E+000
     0.328476196562E+003     0.549078644405E-012     0.000000000000E+000     0.000000000000E+000     0.000000000000E+000
     0.329476196562E+003     0.515282545397E-012     0.000000000000E+000     0.000000000000E+000     0.000000000000E+000
     0.330476196562E+003     0.483566615269E-012     0.000000000000E+000     0.000000000000E+000     0.000000000000E+000
     0.331476196562E+003     0.453802818456E-012     0.000000000000E+000     0.000000000000E+000     0.000000000000E+000
     0.332476196562E+003     0.425871000058E-012     0.000000000000E+000     0.000000000000E+000     0.000000000000E+000
     0.333476196562E+003     0.399658400772E-012     0.000000000000E+000     0.000000000000E+000     0.000000000000E+000
     0.334476196562E+003     0.375059201698E-012     0.000000000000E+000     0.000000000000E+000     0.000000000000E+000
     0.335476196562E+003     0.351974097146E-012     0.000000000000E+000     0.000000000000E+000     0.000000000000E+000
     0.336476196562E+003     0.330309893747E-012     0.000000000000E+000     0.000000000000E+000     0.000000000000E+000
     0.337476196562E+003     0.309979134237E-012     0.000000000000E+000     0.000000000000E+000     0.000000000000E+000
     0.338476196562E+003     0.290899744396E-012     0.000000000000E+000     0.000000000000E+000     0.000000000000E+000
     0.339476196562E+003     0.272994701718E-012     0.000000000000E+000     0.000000000000E+000     0.000000000000E+000
     0.340476196562E+003     0.256191724474E-012     0.000000000000E+000     0.000000000000E+000     0.000000000000E+000
     0.341476196562E+003     0.240422979920E-012     0.000000000000E+000     0.000000000000E+000     0.000000000000E+000
     0.342476196562E+003     0.225624810450E-012     0.000000000000E+000     0.000000000000E+000     0.000000000000E+000
     0.343476196562E+003     0.211737476625E-012     0.000000000000E+000     0.000000000000E+000     0.000000000000E+000
     0.344476196562E+003     0.198704915997E-012     0.000000000000E+000     0.000000000000E+000     0.000000000000E+000
     0.345476196562E+003     0.186474516798E-012     0.000000000000E+000     0.000000000000E+000     0.000000000000E+000
     0.346476196562E+003     0.174996905539E-012     0.000000000000E+000     0.000000000000E+000     0.000000000000E+000
     0.347476196562E+003     0.164225747702E-012     0.000000000000E+000     0.000000000000E+000     0.000000000000E+000
     0.348476196562E+003     0.154117560679E-012     0.000000000000E+000     0.000000000000E+000     0.000000000000E+000
     0.349476196562E+003     0.144631538247E-012     0.000000000000E+000     0.000000000000E+000     0.000000000000E+000
     0.350476196562E+003     0.135729385823E-012     0.000000000000E+000     0.000000000000E+000     0.000000000000E+000
     0.351476196562E+003     0.127375165883E-012     0.000000000000E+000     0.000000000000E+000     0.000000000000E+000
     0.352476196562E+003     0.119535152872E-012     0.000000000000E+000     0.000000000000E+000     0.000000000000E+000
     0.353476196562E+003     0.112177697067E-012     0.000000000000E+000     0.000000000000E+000     0.000000000000E+000
     0.354476196562E+003     0.105273096799E-012     0.000000000000E+000     0.000000000000E+000     0.000000000000E+000
     0.355476196562E+003     0.987934785567E-013     0.000000000000E+000     0.000000000000E+000     0.000000000000E+000
     0.356476196562E+003     0.927126844569E-013     0.000000000000E+000     0.000000000000E+000     0.000000000000E+000
     0.357476196562E+003     0.870061666499E-013     0.000000000000E+000     0.000000000000E+000     0.000000000000E+000
     0.358476196562E+003     0.816508882195E-013     0.000000000000E+000     0.000000000000E+000     0.000000000000E+000
     0.359476196562E+003     0.766252301848E-013     0.000000000000E+000     0.000000000000E+000     0.000000000000E+000
     0.360476196562E+003     0.719089042254E-013     0.000000000000E+000     0.000000000000E+000     0.000000000000E+000
     0.361476196562E+003     0.674828707780E-013     0.000000000000E+000     0.000000000000E+000     0.000000000000E+000
     0.362476196562E+003     0.633292621757E-013     0.000000000000E+000     0.000000000000E+000     0.000000000000E+000
     0.363476196562E+003     0.594313105161E-013     0.000000000000E+000     0.000000000000E+000     0.000000000000E+000
     0.364476196562E+003     0.557732799708E-013     0.000000000000E+000     0.000000000000E+000     0.000000000000E+000
     0.365476196562E+003     0.523404032605E-013     0.000000000000E+000     0.000000000000E+000     0.000000000000E+000
     0.366476196562E+003     0.491188220401E-013     0.000000000000E+000     0.000000000000E+000     0.000000000000E+000
     0.367476196562E+003     0.460955309534E-013     0.000000000000E+000     0.000000000000E+000     0.000000000000E+000
     0.368476196562E+003     0.432583251315E-013     0.000000000000E+000     0.000000000000E+000     0.000000000000E+000
     0.369476196562E+003     0.405957509217E-013     0.000000000000E+000     0.000000000000E+000     0.000000000000E+000
     0.370476196562E+003     0.380970596501E-013     0.000000000000E+000     0.000000000000E+000     0.000000000000E+000
     0.371476196562E+003     0.357521642300E-013     0.000000000000E+000     0.000000000000E+000     0.000000000000E+000
     0.372476196562E+003     0.335515984401E-013     0.000000000000E+000     0.000000000000E+000     0.000000000000E+000
     0.373476196562E+003     0.314864787108E-013     0.000000000000E+000     0.000000000000E+000     0.000000000000E+000
     0.374476196562E+003     0.295484682608E-013     0.000000000000E+000     0.000000000000E+000     0.000000000000E+000
     0.375476196562E+003     0.277297434427E-013     0.000000000000E+000     0.000000000000E+000     0.000000000000E+000
     0.376476196562E+003     0.260229621588E-013     0.000000000000E+000     0.000000000000E+000     0.000000000000E+000
     0.377476196562E+003     0.244212342217E-013     0.000000000000E+000     0.000000000000E+000     0.000000000000E+000
     0.378476196562E+003     0.229180935388E-013     0.000000000000E+000     0.000000000000E+000     0.000000000000E+000
     0.379476196562E+003     0.215074720093E-013     0.000000000000E+000     0.000000000000E+000     0.000000000000E+000
     0.380476196562E+003     0.201836750273E-013     0.000000000000E+000     0.000000000000E+000     0.000000000000E+000
     0.381476196562E+003     0.189413584932E-013     0.000000000000E+000     0.000000000000E+000     0.000000000000E+000
     0.382476196562E+003     0.177755072396E-013     0.000000000000E+000     0.000000000000E+000     0.000000000000E+000
     0.383476196562E+003     0.166814147856E-013     0.000000000000E+000     0.000000000000E+000     0.000000000000E+000
     0.384476196562E+003     0.156546643366E-013     0.000000000000E+000     0.000000000000E+000     0.000000000000E+000
     0.385476196562E+003     0.146911109546E-013     0.000000000000E+000     0.000000000000E+000     0.000000000000E+000
     0.386476196562E+003     0.137868648244E-013     0.000000000000E+000     0.000000000000E+000     0.000000000000E+000
     0.387476196562E+003     0.129382755515E-013     0.000000000000E+000     0.000000000000E+000     0.000000000000E+000
     0.388476196562E+003     0.121419174250E-013     0.000000000000E+000     0.000000000000E+000     0.000000000000E+000
     0.389476196562E+003     0.113945755885E-013     0.000000000000E+000     0.000000000000E+000     0.000000000000E+000
     0.390476196562E+003     0.106932330619E-013     0.000000000000E+000     0.000000000000E+000     0.000000000000E+000
     0.391476196562E+003     0.100350585617E-013     0.000000000000E+000     0.000000000000E+000     0.000000000000E+000
     0.392476196562E+003     0.941739507165E-014     0.000000000000E+000     0.000000000000E+000     0.000000000000E+000
     0.393476196562E+003     0.883774911639E-014     0.000000000000E+000     0.000000000000E+000     0.000000000000E+000
     0.394476196562E+003     0.829378069526E-014     0.000000000000E+000     0.000000000000E+000     0.000000000000E+000
     0.395476196562E+003     0.778329383599E-014     0.000000000000E+000     0.000000000000E+000     0.000000000000E+000
     0.396476196562E+003     0.730422772965E-014     0.000000000000E+000     0.000000000000E+000     0.000000000000E+000
     0.397476196562E+003     0.685464841125E-014     0.000000000000E+000     0.000000000000E+000     0.000000000000E+000
     0.398476196562E+003     0.643274095241E-014     0.000000000000E+000     0.000000000000E+000     0.000000000000E+000
     0.399476196562E+003     0.603680213464E-014     0.000000000000E+000     0.000000000000E+000     0.000000000000E+000
     0.400476196562E+003     0.566523357350E-014     0.000000000000E+000     0.000000000000E+000     0.000000000000E+000
     0.401476196562E+003     0.531653526600E-014     0.000000000000E+000     0.000000000000E+000     0.000000000000E+000
     0.402476196562E+003     0.498929953518E-014     0.000000000000E+000     0.000000000000E+000     0.000000000000E+000
     0.403476196562E+003     0.468220534739E-014     0.000000000000E+000     0.000000000000E+000     0.000000000000E+000
     0.404476196562E+003     0.439401297934E-014     0.000000000000E+000     0.000000000000E+000     0.000000000000E+000
     0.405476196562E+003     0.412355901341E-014     0.000000000000E+000     0.000000000000E+000     0.000000000000E+000
     0.406476196562E+003     0.386975164099E-014     0.000000000000E+000     0.000000000000E+000     0.000000000000E+000
     0.407476196562E+003     0.363156625489E-014     0.000000000000E+000     0.000000000000E+000     0.000000000000E+000
     0.408476196562E+003     0.340804131308E-014     0.000000000000E+000     0.000000000000E+000     0.000000000000E+000
     0.409476196562E+003     0.319827445699E-014     0.000000000000E+000     0.000000000000E+000     0.000000000000E+000
     0.410476196562E+003     0.300141886869E-014     0.000000000000E+000     0.000000000000E+000     0.000000000000E+000
     0.411476196562E+003     0.281667985242E-014     0.000000000000E+000     0.000000000000E+000     0.000000000000E+000
     0.412476196562E+003     0.264331162635E-014     0.000000000000E+000     0.000000000000E+000     0.000000000000E+000
     0.413476196562E+003     0.248061431197E-014     0.000000000000E+000     0.000000000000E+000     0.000000000000E+000
     0.414476196562E+003     0.232793110866E-014     0.000000000000E+000     0.000000000000E+000     0.000000000000E+000
     0.415476196562E+003     0.218464564226E-014     0.000000000000E+000     0.000000000000E+000     0.000000000000E+000
     0.416476196562E+003     0.205017947679E-014     0.000000000000E+000     0.000000000000E+000     0.000000000000E+000
     0.417476196562E+003     0.192398977931E-014     0.000000000000E+000     0.000000000000E+000     0.000000000000E+000
     0.418476196562E+003     0.180556712859E-014     0.000000000000E+000     0.000000000000E+000     0.000000000000E+000
     0.419476196562E+003     0.169443345852E-014     0.000000000000E+000     0.000000000000E+000     0.000000000000E+000
     0.420476196562E+003     0.159014012825E-014     0.000000000000E+000     0.000000000000E+000     0.000000000000E+000
     0.421476196562E+003     0.149226611102E-014     0.000000000000E+000     0.000000000000E+000     0.000000000000E+000
     0.422476196562E+003     0.140041629452E-014     0.000000000000E+000     0.000000000000E+000     0.000000000000E+000
     0.423476196562E+003     0.131421988581E-014     0.000000000000E+000     0.000000000000E+000     0.000000000000E+000
     0.424476196562E+003     0.123332891445E-014     0.000000000000E+000     0.000000000000E+000     0.000000000000E+000
     0.425476196562E+003     0.115741682780E-014     0.000000000000E+000     0.000000000000E+000     0.000000000000E+000
     0.426476196562E+003     0.108617717271E-014     0.000000000000E+000     0.000000000000E+000     0.000000000000E+000
     0.427476196562E+003     0.101932235839E-014     0.000000000000E+000     0.000000000000E+000     0.000000000000E+000
     0.428476196562E+003     0.956582495435E-015     0.000000000000E+000     0.000000000000E+000     0.000000000000E+000
     0.429476196562E+003     0.897704306271E-015     0.000000000000E+000     0.000000000000E+000     0.000000000000E+000
     0.430476196562E+003     0.842450102708E-015     0.000000000000E+000     0.000000000000E+000     0.000000000000E+000
     0.431476196562E+003     0.790596826397E-015     0.000000000000E+000     0.000000000000E+000     0.000000000000E+000
     0.432476196562E+003     0.741935148356E-015     0.000000000000E+000     0.000000000000E+000     0.000000000000E+000
     0.433476196562E+003     0.696268623919E-015     0.000000000000E+000     0.000000000000E+000     0.000000000000E+000
     0.434476196562E+003     0.653412899699E-015     0.000000000000E+000     0.000000000000E+000     0.000000000000E+000
     0.435476196562E+003     0.613194969364E-015     0.000000000000E+000     0.000000000000E+000     0.000000000000E+000
     0.436476196562E+003     0.575452475220E-015     0.000000000000E+000     0.000000000000E+000     0.000000000000E+000
     0.437476196562E+003     0.540033052777E-015     0.000000000000E+000     0.000000000000E+000     0.000000000000E+000
     0.438476196562E+003     0.506793715669E-015     0.000000000000E+000     0.000000000000E+000     0.000000000000E+000
     0.439476196562E+003     0.475600278418E-015     0.000000000000E+000     0.000000000000E+000     0.000000000000E+000
     0.440476196562E+003     0.446326814740E-015     0.000000000000E+000     0.000000000000E+000     0.000000000000E+000
     0.441476196562E+003     0.418855149182E-015     0.000000000000E+000     0.000000000000E+000     0.000000000000E+000
     0.442476196562E+003     0.393074380059E-015     0.000000000000E+000     0.000000000000E+000     0.000000000000E+000
     0.443476196562E+003     0.368880431745E-015     0.000000000000E+000     0.000000000000E+000     0.000000000000E+000
     0.444476196562E+003     0.346175634529E-015     0.000000000000E+000     0.000000000000E+000     0.000000000000E+000
     0.445476196562E+003     0.324868330323E-015     0.000000000000E+000     0.000000000000E+000     0.000000000000E+000
     0.446476196562E+003     0.304872502649E-015     0.000000000000E+000     0.000000000000E+000     0.000000000000E+000
     0.447476196562E+003     0.286107429389E-015     0.000000000000E+000     0.000000000000E+000     0.000000000000E+000
     0.448476196562E+003     0.268497356918E-015     0.000000000000E+000     0.000000000000E+000     0.000000000000E+000
     0.449476196562E+003     0.251971194290E-015     0.000000000000E+000     0.000000000000E+000     0.000000000000E+000
     0.450476196562E+003     0.236462226243E-015     0.000000000000E+000     0.000000000000E+000     0.000000000000E+000
     0.451476196562E+003     0.221907843882E-015     0.000000000000E+000     0.000000000000E+000     0.000000000000E+000
     0.452476196562E+003     0.208249291920E-015     0.000000000000E+000     0.000000000000E+000     0.000000000000E+000
     0.453476196562E+003     0.195431431494E-015     0.000000000000E+000     0.000000000000E+000     0.000000000000E+000
     0.454476196562E+003     0.183402517567E-015     0.000000000000E+000     0.000000000000E+000     0.000000000000E+000
     0.455476196562E+003     0.172113990041E-015     0.000000000000E+000     0.000000000000E+000     0.000000000000E+000
     0.456476196562E+003     0.161520277715E-015     0.000000000000E+000     0.000000000000E+000     0.000000000000E+000
     0.457476196562E+003     0.151578614324E-015     0.000000000000E+000     0.000000000000E+000     0.000000000000E+000
     0.458476196562E+003     0.142248865891E-015     0.000000000000E+000     0.000000000000E+000     0.000000000000E+000
     0.459476196562E+003     0.133493368705E-015     0.000000000000E+000     0.000000000000E+000     0.000000000000E+000
     0.460476196562E+003     0.125276777281E-015     0.000000000000E+000     0.000000000000E+000     0.000000000000E+000
     0.461476196562E+003     0.117565921666E-015     0.000000000000E+000     0.000000000000E+000     0.000000000000E+000
     0.462476196562E+003     0.110329673537E-015     0.000000000000E+000     0.000000000000E+000     0.000000000000E+000
     0.463476196562E+003     0.103538820538E-015     0.000000000000E+000     0.000000000000E+000     0.000000000000E+000
     0.464476196562E+003     0.971659483465E-016     0.000000000000E+000     0.000000000000E+000     0.000000000000E+000
     0.465476196562E+003     0.911853300108E-016     0.000000000000E+000     0.000000000000E+000     0.000000000000E+000
     0.466476196562E+003     0.855728220855E-016     0.000000000000E+000     0.000000000000E+000     0.000000000000E+000
     0.467476196562E+003     0.803057671681E-016     0.000000000000E+000     0.000000000000E+000     0.000000000000E+000
     0.468476196562E+003     0.753629024322E-016     0.000000000000E+000     0.000000000000E+000     0.000000000000E+000
     0.469476196562E+003     0.707242737901E-016     0.000000000000E+000     0.000000000000E+000     0.000000000000E+000
     0.470476196562E+003     0.663711553395E-016     0.000000000000E+000     0.000000000000E+000     0.000000000000E+000
     0.471476196562E+003     0.622859737679E-016     0.000000000000E+000     0.000000000000E+000     0.000000000000E+000
     0.472476196562E+003     0.584522374100E-016     0.000000000000E+000     0.000000000000E+000     0.000000000000E+000
     0.473476196562E+003     0.548544696718E-016     0.000000000000E+000     0.000000000000E+000     0.000000000000E+000
     0.474476196562E+003     0.514781465523E-016     0.000000000000E+000     0.000000000000E+000     0.000000000000E+000
     0.475476196562E+003     0.483096380110E-016     0.000000000000E+000     0.000000000000E+000     0.000000000000E+000
     0.476476196562E+003     0.453361529441E-016     0.000000000000E+000     0.000000000000E+000     0.000000000000E+000
     0.477476196562E+003     0.425456875471E-016     0.000000000000E+000     0.000000000000E+000     0.000000000000E+000
     0.478476196562E+003     0.399269768569E-016     0.000000000000E+000     0.000000000000E+000     0.000000000000E+000
     0.479476196562E+003     0.374694492747E-016     0.000000000000E+000     0.000000000000E+000     0.000000000000E+000
     0.480476196562E+003     0.351631838900E-016     0.000000000000E+000     0.000000000000E+000     0.000000000000E+000
     0.481476196562E+003     0.329988704295E-016     0.000000000000E+000     0.000000000000E+000     0.000000000000E+000
     0.482476196562E+003     0.309677716728E-016     0.000000000000E+000     0.000000000000E+000     0.000000000000E+000
     0.483476196562E+003     0.290616881801E-016     0.000000000000E+000     0.000000000000E+000     0.000000000000E+000
     0.484476196562E+003     0.272729251917E-016     0.000000000000E+000     0.000000000000E+000     0.000000000000E+000
     0.485476196562E+003     0.255942615650E-016     0.000000000000E+000     0.000000000000E+000     0.000000000000E+000
     0.486476196562E+003     0.240189206223E-016     0.000000000000E+000     0.000000000000E+000     0.000000000000E+000
     0.487476196562E+003     0.225405427946E-016     0.000000000000E+000     0.000000000000E+000     0.000000000000E+000
     0.488476196562E+003     0.211531599478E-016     0.000000000000E+000     0.000000000000E+000     0.000000000000E+000
     0.489476196562E+003     0.198511712897E-016     0.000000000000E+000     0.000000000000E+000     0.000000000000E+000
     0.490476196562E+003     0.186293207603E-016     0.000000000000E+000     0.000000000000E+000     0.000000000000E+000
     0.491476196562E+003     0.174826758128E-016     0.000000000000E+000     0.000000000000E+000     0.000000000000E+000
     0.492476196562E+003     0.164066075014E-016     0.000000000000E+000     0.000000000000E+000     0.000000000000E+000
     0.493476196562E+003     0.153967717946E-016     0.000000000000E+000     0.000000000000E+000     0.000000000000E+000
     0.494476196562E+003     0.144490920386E-016     0.000000000000E+000     0.000000000000E+000     0.000000000000E+000
     0.495476196562E+003     0.135597424997E-016     0.000000000000E+000     0.000000000000E+000     0.000000000000E+000
     0.496476196562E+003     0.127251329204E-016     0.000000000000E+000     0.000000000000E+000     0.000000000000E+000
     0.497476196562E+003     0.119418940255E-016     0.000000000000E+000     0.000000000000E+000     0.000000000000E+000
     0.498476196562E+003     0.112068639206E-016     0.000000000000E+000     0.000000000000E+000     0.000000000000E+000
     0.499476196562E+003     0.105170753277E-016     0.000000000000E+000     0.000000000000E+000     0.000000000000E+000
     0.500476196562E+003     0.986974360641E-017     0.000000000000E+000     0.000000000000E+000     0.000000000000E+000
     0.501476196562E+003     0.926225551249E-017     0.000000000000E+000     0.000000000000E+000     0.000000000000E+000
     0.502476196562E+003     0.869215864839E-017     0.000000000000E+000     0.000000000000E+000     0.000000000000E+000
     0.503476196562E+003     0.815715156297E-017     0.000000000000E+000     0.000000000000E+000     0.000000000000E+000
     0.504476196562E+003     0.765507446073E-017     0.000000000000E+000     0.000000000000E+000     0.000000000000E+000
     0.505476196562E+003     0.718390048278E-017     0.000000000000E+000     0.000000000000E+000     0.000000000000E+000
     0.506476196562E+003     0.674172752452E-017     0.000000000000E+000     0.000000000000E+000     0.000000000000E+000
     0.507476196562E+003     0.632677055698E-017     0.000000000000E+000     0.000000000000E+000     0.000000000000E+000
     0.508476196562E+003     0.593735442070E-017     0.000000000000E+000     0.000000000000E+000     0.000000000000E+000
     0.509476196562E+003     0.557190706325E-017     0.000000000000E+000     0.000000000000E+000     0.000000000000E+000
     0.510476196562E+003     0.522895319289E-017     0.000000000000E+000     0.000000000000E+000     0.000000000000E+000
     0.511476196562E+003     0.490710832291E-017     0.000000000000E+000     0.000000000000E+000     0.000000000000E+000
     0.512476196562E+003     0.460507318256E-017     0.000000000000E+000     0.000000000000E+000     0.000000000000E+000
     0.513476196562E+003     0.432162847190E-017     0.000000000000E+000     0.000000000000E+000     0.000000000000E+000
     0.514476196562E+003     0.405562993960E-017     0.000000000000E+000     0.000000000000E+000     0.000000000000E+000
     0.515476196562E+003     0.380600376365E-017     0.000000000000E+000     0.000000000000E+000     0.000000000000E+000
     0.516476196562E+003     0.357174221638E-017     0.000000000000E+000     0.000000000000E+000     0.000000000000E+000
     0.517476196562E+003     0.335189959631E-017     0.000000000000E+000     0.000000000000E+000     0.000000000000E+000
     0.518476196562E+003     0.314558841043E-017     0.000000000000E+000     0.000000000000E+000     0.000000000000E+000
     0.519476196562E+003     0.295197579143E-017     0.000000000000E+000     0.000000000000E+000     0.000000000000E+000
     0.520476196562E+003     0.277028013543E-017     0.000000000000E+000     0.000000000000E+000     0.000000000000E+000
     0.521476196562E+003     0.259976794671E-017     0.000000000000E+000     0.000000000000E+000     0.000000000000E+000
     0.522476196562E+003     0.243975087663E-017     0.000000000000E+000     0.000000000000E+000     0.000000000000E+000
     0.523476196562E+003     0.228958294481E-017     0.000000000000E+000     0.000000000000E+000     0.000000000000E+000
     0.524476196562E+003     0.214865793128E-017     0.000000000000E+000     0.000000000000E+000     0.000000000000E+000
     0.525476196562E+003     0.201640692930E-017     0.000000000000E+000     0.000000000000E+000     0.000000000000E+000
     0.526476196562E+003     0.189229604861E-017     0.000000000000E+000     0.000000000000E+000     0.000000000000E+000
     0.527476196562E+003     0.177582426024E-017     0.000000000000E+000     0.000000000000E+000     0.000000000000E+000
     0.528476196562E+003     0.166652137380E-017     0.000000000000E+000     0.000000000000E+000     0.000000000000E+000
     0.529476196562E+003     0.156394613939E-017     0.000000000000E+000     0.000000000000E+000     0.000000000000E+000
     0.530476196562E+003     0.146768446630E-017     0.000000000000E+000     0.000000000000E+000     0.000000000000E+000
     0.531476196562E+003     0.137734775132E-017     0.000000000000E+000     0.000000000000E+000     0.000000000000E+000
     0.532476196562E+003     0.129257131000E-017     0.000000000000E+000     0.000000000000E+000     0.000000000000E+000
     0.533476196562E+003     0.121301290440E-017     0.000000000000E+000     0.000000000000E+000     0.000000000000E+000
     0.534476196562E+003     0.113835136155E-017     0.000000000000E+000     0.000000000000E+000     0.000000000000E+000
     0.535476196562E+003     0.106828527681E-017     0.000000000000E+000     0.000000000000E+000     0.000000000000E+000
     0.536476196562E+003     0.100253179721E-017     0.000000000000E+000     0.000000000000E+000     0.000000000000E+000
     0.537476196562E+003     0.940825479517E-018     0.000000000000E+000     0.000000000000E+000     0.000000000000E+000
     0.538476196562E+003     0.882917218670E-018     0.000000000000E+000     0.000000000000E+000     0.000000000000E+000
     0.539476196562E+003     0.828573242175E-018     0.000000000000E+000     0.000000000000E+000     0.000000000000E+000
     0.540476196562E+003     0.777574166364E-018     0.000000000000E+000     0.000000000000E+000     0.000000000000E+000
     0.541476196562E+003     0.729714110756E-018     0.000000000000E+000     0.000000000000E+000     0.000000000000E+000
     0.542476196562E+003     0.684799866925E-018     0.000000000000E+000     0.000000000000E+000     0.000000000000E+000
     0.543476196562E+003     0.642650118536E-018     0.000000000000E+000     0.000000000000E+000     0.000000000000E+000
     0.544476196562E+003     0.603094709374E-018     0.000000000000E+000     0.000000000000E+000     0.000000000000E+000
     0.545476196562E+003     0.565973956432E-018     0.000000000000E+000     0.000000000000E+000     0.000000000000E+000
     0.546476196562E+003     0.531138005284E-018     0.000000000000E+000     0.000000000000E+000     0.000000000000E+000
     0.547476196562E+003     0.498446225126E-018     0.000000000000E+000     0.000000000000E+000     0.000000000000E+000
     0.548476196562E+003     0.467766641058E-018     0.000000000000E+000     0.000000000000E+000     0.000000000000E+000
     0.549476196562E+003     0.438975401309E-018     0.000000000000E+000     0.000000000000E+000     0.000000000000E+000
     0.550476196562E+003     0.411956277254E-018     0.000000000000E+000     0.000000000000E+000     0.000000000000E+000
     0.551476196562E+003     0.386600194204E-018     0.000000000000E+000     0.000000000000E+000     0.000000000000E+000
     0.552476196562E+003     0.362804791078E-018     0.000000000000E+000     0.000000000000E+000     0.000000000000E+000
     0.553476196562E+003     0.340474007176E-018     0.000000000000E+000     0.000000000000E+000     0.000000000000E+000
     0.554476196562E+003     0.319517694388E-018     0.000000000000E+000     0.000000000000E+000     0.000000000000E+000
     0.555476196562E+003     0.299851253271E-018     0.000000000000E+000     0.000000000000E+000     0.000000000000E+000
     0.556476196562E+003     0.281395291523E-018     0.000000000000E+000     0.000000000000E+000     0.000000000000E+000
     0.557476196562E+003     0.264075303483E-018     0.000000000000E+000     0.000000000000E+000     0.000000000000E+000
     0.558476196562E+003     0.247821369355E-018     0.000000000000E+000     0.000000000000E+000     0.000000000000E+000
     0.559476196562E+003     0.232567872945E-018     0.000000000000E+000     0.000000000000E+000     0.000000000000E+000
     0.560476196562E+003     0.218253236772E-018     0.000000000000E+000     0.000000000000E+000     0.000000000000E+000
     0.561476196562E+003     0.204819673484E-018     0.000000000000E+000     0.000000000000E+000     0.000000000000E+000
     0.562476196562E+003     0.192212952571E-018     0.000000000000E+000     0.000000000000E+000     0.000000000000E+000
     0.563476196562E+003     0.180382181442E-018     0.000000000000E+000     0.000000000000E+000     0.000000000000E+000
     0.564476196562E+003     0.169279599973E-018     0.000000000000E+000     0.000000000000E+000     0.000000000000E+000
     0.565476196562E+003     0.158860387701E-018     0.000000000000E+000     0.000000000000E+000     0.000000000000E+000
     0.566476196562E+003     0.149082482888E-018     0.000000000000E+000     0.000000000000E+000     0.000000000000E+000
     0.567476196562E+003     0.139906412720E-018     0.000000000000E+000     0.000000000000E+000     0.000000000000E+000
     0.568476196562E+003     0.131295133955E-018     0.000000000000E+000     0.000000000000E+000     0.000000000000E+000
     0.569476196562E+003     0.123213883384E-018     0.000000000000E+000     0.000000000000E+000     0.000000000000E+000
     0.570476196562E+003     0.115630037492E-018     0.000000000000E+000     0.000000000000E+000     0.000000000000E+000
     0.571476196562E+003     0.108512980759E-018     0.000000000000E+000     0.000000000000E+000     0.000000000000E+000
     0.572476196562E+003     0.101833982068E-018     0.000000000000E+000     0.000000000000E+000     0.000000000000E+000
     0.573476196562E+003     0.955660787174E-019     0.000000000000E+000     0.000000000000E+000     0.000000000000E+000
     0.574476196562E+003     0.896839675753E-019     0.000000000000E+000     0.000000000000E+000     0.000000000000E+000
     0.575476196562E+003     0.841639029306E-019     0.000000000000E+000     0.000000000000E+000     0.000000000000E+000
     0.576476196562E+003     0.789836006342E-019     0.000000000000E+000     0.000000000000E+000     0.000000000000E+000
     0.577476196562E+003     0.741221481384E-019     0.000000000000E+000     0.000000000000E+000     0.000000000000E+000
     0.578476196562E+003     0.695599200742E-019     0.000000000000E+000     0.000000000000E+000     0.000000000000E+000
     0.579476196562E+003     0.652784990249E-019     0.000000000000E+000     0.000000000000E+000     0.000000000000E+000
     0.580476196562E+003     0.612606011757E-019     0.000000000000E+000     0.000000000000E+000     0.000000000000E+000
     0.581476196562E+003     0.574900065399E-019     0.000000000000E+000     0.000000000000E+000     0.000000000000E+000
     0.582476196562E+003     0.539514934800E-019     0.000000000000E+000     0.000000000000E+000     0.000000000000E+000
     0.583476196562E+003     0.506307772585E-019     0.000000000000E+000     0.000000000000E+000     0.000000000000E+000
     0.584476196562E+003     0.475144523710E-019     0.000000000000E+000     0.000000000000E+000     0.000000000000E+000
     0.585476196562E+003     0.445899384295E-019     0.000000000000E+000     0.000000000000E+000     0.000000000000E+000
     0.586476196562E+003     0.418454293753E-019     0.000000000000E+000     0.000000000000E+000     0.000000000000E+000
     0.587476196562E+003     0.392698458192E-019     0.000000000000E+000     0.000000000000E+000     0.000000000000E+000
     0.588476196562E+003     0.368527903143E-019     0.000000000000E+000     0.000000000000E+000     0.000000000000E+000
     0.589476196562E+003     0.345845053820E-019     0.000000000000E+000     0.000000000000E+000     0.000000000000E+000
     0.590476196562E+003     0.324558341221E-019     0.000000000000E+000     0.000000000000E+000     0.000000000000E+000
     0.591476196562E+003     0.304581832460E-019     0.000000000000E+000     0.000000000000E+000     0.000000000000E+000
     0.592476196562E+003     0.285834883870E-019     0.000000000000E+000     0.000000000000E+000     0.000000000000E+000
     0.593476196562E+003     0.268241815442E-019     0.000000000000E+000     0.000000000000E+000     0.000000000000E+000
     0.594476196562E+003     0.251731605313E-019     0.000000000000E+000     0.000000000000E+000     0.000000000000E+000
     0.595476196562E+003     0.236237603052E-019     0.000000000000E+000     0.000000000000E+000     0.000000000000E+000
     0.596476196562E+003     0.221697260600E-019     0.000000000000E+000     0.000000000000E+000     0.000000000000E+000
     0.597476196562E+003     0.208051879760E-019     0.000000000000E+000     0.000000000000E+000     0.000000000000E+000
     0.598476196562E+003     0.195246375243E-019     0.000000000000E+000     0.000000000000E+000     0.000000000000E+000
     0.599476196562E+003     0.183229052287E-019     0.000000000000E+000     0.000000000000E+000     0.000000000000E+000
     0.600476196562E+003     0.171951397969E-019     0.000000000000E+000     0.000000000000E+000     0.000000000000E+000
     0.601476196562E+003     0.161367885363E-019     0.000000000000E+000     0.000000000000E+000     0.000000000000E+000
     0.602476196562E+003     0.151435789748E-019     0.000000000000E+000     0.000000000000E+000     0.000000000000E+000
     0.603476196562E+003     0.142115016132E-019     0.000000000000E+000     0.000000000000E+000     0.000000000000E+000
     0.604476196562E+003     0.133367937389E-019     0.000000000000E+000     0.000000000000E+000     0.000000000000E+000
     0.605476196562E+003     0.125159242364E-019     0.000000000000E+000     0.000000000000E+000     0.000000000000E+000
     0.606476196562E+003     0.117455793321E-019     0.000000000000E+000     0.000000000000E+000     0.000000000000E+000
     0.607476196562E+003     0.110226492167E-019     0.000000000000E+000     0.000000000000E+000     0.000000000000E+000
     0.608476196562E+003     0.103442154913E-019     0.000000000000E+000     0.000000000000E+000     0.000000000000E+000
     0.609476196562E+003     0.970753938612E-020     0.000000000000E+000     0.000000000000E+000     0.000000000000E+000
     0.610476196562E+003     0.911005070375E-020     0.000000000000E+000     0.000000000000E+000     0.000000000000E+000
     0.611476196562E+003     0.854933744385E-020     0.000000000000E+000     0.000000000000E+000     0.000000000000E+000
     0.612476196562E+003     0.802313606587E-020     0.000000000000E+000     0.000000000000E+000     0.000000000000E+000
     0.613476196562E+003     0.752932235130E-020     0.000000000000E+000     0.000000000000E+000     0.000000000000E+000
     0.614476196562E+003     0.706590282829E-020     0.000000000000E+000     0.000000000000E+000     0.000000000000E+000
     0.615476196562E+003     0.663100672420E-020     0.000000000000E+000     0.000000000000E+000     0.000000000000E+000
     0.616476196562E+003     0.622287841330E-020     0.000000000000E+000     0.000000000000E+000     0.000000000000E+000
     0.617476196562E+003     0.583987032950E-020     0.000000000000E+000     0.000000000000E+000     0.000000000000E+000
     0.618476196562E+003     0.548043631516E-020     0.000000000000E+000     0.000000000000E+000     0.000000000000E+000
     0.619476196562E+003     0.514312537938E-020     0.000000000000E+000     0.000000000000E+000     0.000000000000E+000
     0.620476196562E+003     0.482657584045E-020     0.000000000000E+000     0.000000000000E+000     0.000000000000E+000
     0.621476196562E+003     0.452950982878E-020     0.000000000000E+000     0.000000000000E+000     0.000000000000E+000
     0.622476196562E+003     0.425072812823E-020     0.000000000000E+000     0.000000000000E+000     0.000000000000E+000
     0.623476196562E+003     0.398910533499E-020     0.000000000000E+000     0.000000000000E+000     0.000000000000E+000
     0.624476196562E+003     0.374358531434E-020     0.000000000000E+000     0.000000000000E+000     0.000000000000E+000
     0.625476196562E+003     0.351317693713E-020     0.000000000000E+000     0.000000000000E+000     0.000000000000E+000
     0.626476196562E+003     0.329695007865E-020     0.000000000000E+000     0.000000000000E+000     0.000000000000E+000
     0.627476196562E+003     0.309403186377E-020     0.000000000000E+000     0.000000000000E+000     0.000000000000E+000
     0.628476196562E+003     0.290360314319E-020     0.000000000000E+000     0.000000000000E+000     0.000000000000E+000
     0.629476196562E+003     0.272489518661E-020     0.000000000000E+000     0.000000000000E+000     0.000000000000E+000
     0.630476196562E+003     0.255718657941E-020     0.000000000000E+000     0.000000000000E+000     0.000000000000E+000
     0.631476196562E+003     0.239980031031E-020     0.000000000000E+000     0.000000000000E+000     0.000000000000E+000
     0.632476196562E+003     0.225210103837E-020     0.000000000000E+000     0.000000000000E+000     0.000000000000E+000
     0.633476196562E+003     0.211349252814E-020     0.000000000000E+000     0.000000000000E+000     0.000000000000E+000
     0.634476196562E+003     0.198341524270E-020     0.000000000000E+000     0.000000000000E+000     0.000000000000E+000
     0.635476196562E+003     0.186134408482E-020     0.000000000000E+000     0.000000000000E+000     0.000000000000E+000
     0.636476196562E+003     0.174678627722E-020     0.000000000000E+000     0.000000000000E+000     0.000000000000E+000
     0.637476196562E+003     0.163927937325E-020     0.000000000000E+000     0.000000000000E+000     0.000000000000E+000
     0.638476196562E+003     0.153838939002E-020     0.000000000000E+000     0.000000000000E+000     0.000000000000E+000
     0.639476196562E+003     0.144370905642E-020     0.000000000000E+000     0.000000000000E+000     0.000000000000E+000
     0.640476196562E+003     0.135485616903E-020     0.000000000000E+000     0.000000000000E+000     0.000000000000E+000
     0.641476196562E+003     0.127147204919E-020     0.000000000000E+000     0.000000000000E+000     0.000000000000E+000
     0.642476196562E+003     0.119322009500E-020     0.000000000000E+000     0.000000000000E+000     0.000000000000E+000
     0.643476196562E+003     0.111978442256E-020     0.000000000000E+000     0.000000000000E+000     0.000000000000E+000
     0.644476196562E+003     0.105086859066E-020     0.000000000000E+000     0.000000000000E+000     0.000000000000E+000
     0.645476196562E+003     0.986194404195E-021     0.000000000000E+000     0.000000000000E+000     0.000000000000E+000
     0.646476196562E+003     0.925500791001E-021     0.000000000000E+000     0.000000000000E+000     0.000000000000E+000
     0.647476196562E+003     0.868542748001E-021     0.000000000000E+000     0.000000000000E+000     0.000000000000E+000
     0.648476196562E+003     0.815090352112E-021     0.000000000000E+000     0.000000000000E+000     0.000000000000E+000
     0.649476196562E+003     0.764927832078E-021     0.000000000000E+000     0.000000000000E+000     0.000000000000E+000
     0.650476196562E+003     0.717852697412E-021     0.000000000000E+000     0.000000000000E+000     0.000000000000E+000
     0.651476196562E+003     0.673674920959E-021     0.000000000000E+000     0.000000000000E+000     0.000000000000E+000
     0.652476196562E+003     0.632216171778E-021     0.000000000000E+000     0.000000000000E+000     0.000000000000E+000
     0.653476196562E+003     0.593309095228E-021     0.000000000000E+000     0.000000000000E+000     0.000000000000E+000
     0.654476196562E+003     0.556796637378E-021     0.000000000000E+000     0.000000000000E+000     0.000000000000E+000
     0.655476196562E+003     0.522531410988E-021     0.000000000000E+000     0.000000000000E+000     0.000000000000E+000
     0.656476196562E+003     0.490375100525E-021     0.000000000000E+000     0.000000000000E+000     0.000000000000E+000
     0.657476196562E+003     0.460197903794E-021     0.000000000000E+000     0.000000000000E+000     0.000000000000E+000
     0.658476196562E+003     0.431878007938E-021     0.000000000000E+000     0.000000000000E+000     0.000000000000E+000
     0.659476196562E+003     0.405301097691E-021     0.000000000000E+000     0.000000000000E+000     0.000000000000E+000
     0.660476196562E+003     0.380359893899E-021     0.000000000000E+000     0.000000000000E+000     0.000000000000E+000
     0.661476196562E+003     0.356953720445E-021     0.000000000000E+000     0.000000000000E+000     0.000000000000E+000
     0.662476196562E+003     0.334988097829E-021     0.000000000000E+000     0.000000000000E+000     0.000000000000E+000
     0.663476196562E+003     0.314374361762E-021     0.000000000000E+000     0.000000000000E+000     0.000000000000E+000
     0.664476196562E+003     0.295029305242E-021     0.000000000000E+000     0.000000000000E+000     0.000000000000E+000
     0.665476196562E+003     0.276874842651E-021     0.000000000000E+000     0.000000000000E+000     0.000000000000E+000
     0.666476196562E+003     0.259837694537E-021     0.000000000000E+000     0.000000000000E+000     0.000000000000E+000
     0.667476196562E+003     0.243849091789E-021     0.000000000000E+000     0.000000000000E+000     0.000000000000E+000
     0.668476196562E+003     0.228844498026E-021     0.000000000000E+000     0.000000000000E+000     0.000000000000E+000
     0.669476196562E+003     0.214763349070E-021     0.000000000000E+000     0.000000000000E+000     0.000000000000E+000
     0.670476196562E+003     0.201548808457E-021     0.000000000000E+000     0.000000000000E+000     0.000000000000E+000
     0.671476196562E+003     0.189147537994E-021     0.000000000000E+000     0.000000000000E+000     0.000000000000E+000
     0.672476196562E+003     0.177509482439E-021     0.000000000000E+000     0.000000000000E+000     0.000000000000E+000
     0.673476196562E+003     0.166587667437E-021     0.000000000000E+000     0.000000000000E+000     0.000000000000E+000
     0.674476196562E+003     0.156338009887E-021     0.000000000000E+000     0.000000000000E+000     0.000000000000E+000
     0.675476196562E+003     0.146719139988E-021     0.000000000000E+000     0.000000000000E+000     0.000000000000E+000
     0.676476196562E+003     0.137692234233E-021     0.000000000000E+000     0.000000000000E+000     0.000000000000E+000
     0.677476196562E+003     0.129220858683E-021     0.000000000000E+000     0.000000000000E+000     0.000000000000E+000
     0.678476196562E+003     0.121270821891E-021     0.000000000000E+000     0.000000000000E+000     0.000000000000E+000
     0.679476196562E+003     0.113810036875E-021     0.000000000000E+000     0.000000000000E+000     0.000000000000E+000
     0.680476196562E+003     0.106808391586E-021     0.000000000000E+000     0.000000000000E+000     0.000000000000E+000
     0.681476196562E+003     0.100237627356E-021     0.000000000000E+000     0.000000000000E+000     0.000000000000E+000
     0.682476196562E+003     0.940712248155E-022     0.000000000000E+000     0.000000000000E+000     0.000000000000E+000
     0.683476196562E+003     0.882842968432E-022     0.000000000000E+000     0.000000000000E+000     0.000000000000E+000
     0.684476196562E+003     0.828534881008E-022     0.000000000000E+000     0.000000000000E+000     0.000000000000E+000
     0.685476196562E+003     0.777568807507E-022     0.000000000000E+000     0.000000000000E+000     0.000000000000E+000
     0.686476196562E+003     0.729739059782E-022     0.000000000000E+000     0.000000000000E+000     0.000000000000E+000
     0.687476196562E+003     0.684852609589E-022     0.000000000000E+000     0.000000000000E+000     0.000000000000E+000
     0.688476196562E+003     0.642728309373E-022     0.000000000000E+000     0.000000000000E+000     0.000000000000E+000
     0.689476196562E+003     0.603196161005E-022     0.000000000000E+000     0.000000000000E+000     0.000000000000E+000
     0.690476196562E+003     0.566096629544E-022     0.000000000000E+000     0.000000000000E+000     0.000000000000E+000
     0.691476196562E+003     0.531279999220E-022     0.000000000000E+000     0.000000000000E+000     0.000000000000E+000
     0.692476196562E+003     0.498605769071E-022     0.000000000000E+000     0.000000000000E+000     0.000000000000E+000
     0.693476196562E+003     0.467942085767E-022     0.000000000000E+000     0.000000000000E+000     0.000000000000E+000
     0.694476196562E+003     0.439165211357E-022     0.000000000000E+000     0.000000000000E+000     0.000000000000E+000
     0.695476196562E+003     0.412159023758E-022     0.000000000000E+000     0.000000000000E+000     0.000000000000E+000
     0.696476196562E+003     0.386814548011E-022     0.000000000000E+000     0.000000000000E+000     0.000000000000E+000
     0.697476196562E+003     0.363029516369E-022     0.000000000000E+000     0.000000000000E+000     0.000000000000E+000
     0.698476196562E+003     0.340707955473E-022     0.000000000000E+000     0.000000000000E+000     0.000000000000E+000
     0.699476196562E+003     0.319759798936E-022     0.000000000000E+000     0.000000000000E+000     0.000000000000E+000
     0.700476196562E+003     0.300100523767E-022     0.000000000000E+000     0.000000000000E+000     0.000000000000E+000
     0.701476196562E+003     0.281650809179E-022     0.000000000000E+000     0.000000000000E+000     0.000000000000E+000
     0.702476196562E+003     0.264336216397E-022     0.000000000000E+000     0.000000000000E+000     0.000000000000E+000
     0.703476196562E+003     0.248086888168E-022     0.000000000000E+000     0.000000000000E+000     0.000000000000E+000
     0.704476196562E+003     0.232837266775E-022     0.000000000000E+000     0.000000000000E+000     0.000000000000E+000
     0.705476196562E+003     0.218525829401E-022     0.000000000000E+000     0.000000000000E+000     0.000000000000E+000
     0.706476196562E+003     0.205094839783E-022     0.000000000000E+000     0.000000000000E+000     0.000000000000E+000
     0.707476196562E+003     0.192490115153E-022     0.000000000000E+000     0.000000000000E+000     0.000000000000E+000
     0.708476196562E+003     0.180660807521E-022     0.000000000000E+000     0.000000000000E+000     0.000000000000E+000
     0.709476196562E+003     0.169559198424E-022     0.000000000000E+000     0.000000000000E+000     0.000000000000E+000
     0.710476196562E+003     0.159140506305E-022     0.000000000000E+000     0.000000000000E+000     0.000000000000E+000
     0.711476196562E+003     0.149362705749E-022     0.000000000000E+000     0.000000000000E+000     0.000000000000E+000
     0.712476196562E+003     0.140186357845E-022     0.000000000000E+000     0.000000000000E+000     0.000000000000E+000
     0.713476196562E+003     0.131574450989E-022     0.000000000000E+000     0.000000000000E+000     0.000000000000E+000
     0.714476196562E+003     0.123492251487E-022     0.000000000000E+000     0.000000000000E+000     0.000000000000E+000
     0.715476196562E+003     0.115907163349E-022     0.000000000000E+000     0.000000000000E+000     0.000000000000E+000
     0.716476196562E+003     0.108788596721E-022     0.000000000000E+000     0.000000000000E+000     0.000000000000E+000
     0.717476196562E+003     0.102107844404E-022     0.000000000000E+000     0.000000000000E+000     0.000000000000E+000
     0.718476196562E+003     0.958379659833E-023     0.000000000000E+000     0.000000000000E+000     0.000000000000E+000
     0.719476196562E+003     0.899536790842E-023     0.000000000000E+000     0.000000000000E+000     0.000000000000E+000
     0.720476196562E+003     0.844312573214E-023     0.000000000000E+000     0.000000000000E+000     0.000000000000E+000
     0.721476196562E+003     0.792484345311E-023     0.000000000000E+000     0.000000000000E+000     0.000000000000E+000
     0.722476196562E+003     0.743843148965E-023     0.000000000000E+000     0.000000000000E+000     0.000000000000E+000
     0.723476196562E+003     0.698192886054E-023     0.000000000000E+000     0.000000000000E+000     0.000000000000E+000
     0.724476196562E+003     0.655349526991E-023     0.000000000000E+000     0.000000000000E+000     0.000000000000E+000
     0.725476196562E+003     0.615140367929E-023     0.000000000000E+000     0.000000000000E+000     0.000000000000E+000
     0.726476196562E+003     0.577403333684E-023     0.000000000000E+000     0.000000000000E+000     0.000000000000E+000
     0.727476196562E+003     0.541986323567E-023     0.000000000000E+000     0.000000000000E+000     0.000000000000E+000
     0.728476196562E+003     0.508746597473E-023     0.000000000000E+000     0.000000000000E+000     0.000000000000E+000
     0.729476196562E+003     0.477550199763E-023     0.000000000000E+000     0.000000000000E+000     0.000000000000E+000
     0.730476196562E+003     0.448271418601E-023     0.000000000000E+000     0.000000000000E+000     0.000000000000E+000
     0.731476196562E+003     0.420792278570E-023     0.000000000000E+000     0.000000000000E+000     0.000000000000E+000
     0.732476196562E+003     0.395002064520E-023     0.000000000000E+000     0.000000000000E+000     0.000000000000E+000
     0.733476196562E+003     0.370796874716E-023     0.000000000000E+000     0.000000000000E+000     0.000000000000E+000
     0.734476196562E+003     0.348079201494E-023     0.000000000000E+000     0.000000000000E+000     0.000000000000E+000
     0.735476196562E+003     0.326757537733E-023     0.000000000000E+000     0.000000000000E+000     0.000000000000E+000
     0.736476196562E+003     0.306746007532E-023     0.000000000000E+000     0.000000000000E+000     0.000000000000E+000
     0.737476196562E+003     0.287964019640E-023     0.000000000000E+000     0.000000000000E+000     0.000000000000E+000
     0.738476196562E+003     0.270335942197E-023     0.000000000000E+000     0.000000000000E+000     0.000000000000E+000
     0.739476196562E+003     0.253790797506E-023     0.000000000000E+000     0.000000000000E+000     0.000000000000E+000
     0.740476196562E+003     0.238261975591E-023     0.000000000000E+000     0.000000000000E+000     0.000000000000E+000
     0.741476196562E+003     0.223686965381E-023     0.000000000000E+000     0.000000000000E+000     0.000000000000E+000
     0.742476196562E+003     0.210007102441E-023     0.000000000000E+000     0.000000000000E+000     0.000000000000E+000
     0.743476196562E+003     0.197167332228E-023     0.000000000000E+000     0.000000000000E+000     0.000000000000E+000
     0.744476196562E+003     0.185115987927E-023     0.000000000000E+000     0.000000000000E+000     0.000000000000E+000
     0.745476196562E+003     0.173804581945E-023     0.000000000000E+000     0.000000000000E+000     0.000000000000E+000
     0.746476196562E+003     0.163187610256E-023     0.000000000000E+000     0.000000000000E+000     0.000000000000E+000
     0.747476196562E+003     0.153222368774E-023     0.000000000000E+000     0.000000000000E+000     0.000000000000E+000
     0.748476196562E+003     0.143868781036E-023     0.000000000000E+000     0.000000000000E+000     0.000000000000E+000
     0.749476196562E+003     0.135089236488E-023     0.000000000000E+000     0.000000000000E+000     0.000000000000E+000
     0.750476196562E+003     0.126848438724E-023     0.000000000000E+000     0.000000000000E+000     0.000000000000E+000
     0.751476196562E+003     0.119113263068E-023     0.000000000000E+000     0.000000000000E+000     0.000000000000E+000
     0.752476196562E+003     0.111852622917E-023     0.000000000000E+000     0.000000000000E+000     0.000000000000E+000
     0.753476196562E+003     0.105037344317E-023     0.000000000000E+000     0.000000000000E+000     0.000000000000E+000
