 #              _____________________  _______________________             #
 #              ___  __ \__  __ \_  / / /_  /___  ____/_  ___/             #
 #              __  / / /_  /_/ /  / / /_  __/_  __/  _____ \              #
 #              _  /_/ /_  _, _// /_/ / / /_ _  /___  ____/ /              #
 #              /_____/ /_/ |_| \____/  \__/ /_____/  /____/               #
 #                                                                         #
  
 #        time                      c  [M/L^3]                   concetration [M/L^3]       concentration flux [M.L^{-2}.T^{-1}]   in    x              directions   cumulative flux
 #-----------------------------------------------------------------------------------------------

     0.000000000000E+000     0.000000000000E+000     0.000000000000E+000     0.000000000000E+000     0.000000000000E+000
     0.100000000000E+000     0.390748167276E-005     0.222726455347E-005     0.113316968510E-007     0.113316968510E-008
     0.206000000000E+000     0.802081521564E-005     0.457186467291E-005     0.232603641253E-007     0.359876828239E-008
     0.318360000000E+000     0.123490522068E-004     0.703895975790E-005     0.358122513999E-007     0.762263284967E-008
     0.437461600000E+000     0.169014222269E-004     0.963381066936E-005     0.490141244581E-007     0.134602934952E-007
     0.563709296000E+000     0.216873060286E-004     0.123617644363E-004     0.628931874829E-007     0.214004135090E-007
     0.697531853760E+000     0.267162037786E-004     0.152282361538E-004     0.774769909580E-007     0.317685826066E-007
     0.839383764986E+000     0.319976978850E-004     0.182386877944E-004     0.927933238664E-007     0.449314929460E-007
     0.989746790885E+000     0.375414099021E-004     0.213986036442E-004     0.108870088716E-006     0.613015289153E-007
     0.114913159834E+001     0.433569509940E-004     0.247134620666E-004     0.125735157882E-006     0.813418028445E-007
     0.131807949424E+001     0.494538654242E-004     0.281887032918E-004     0.143416209730E-006     0.105571669716E-006
     0.149716426389E+001     0.558415665453E-004     0.318296929308E-004     0.161940542981E-006     0.134572754554E-006
     0.168699411973E+001     0.625292647641E-004     0.356416809155E-004     0.181334867816E-006     0.168995526369E-006
     0.188821376691E+001     0.695258869851E-004     0.396297555815E-004     0.201625072257E-006     0.209566452272E-006
     0.210150659292E+001     0.768399870676E-004     0.437987926285E-004     0.222835962496E-006     0.257095764450E-006
     0.232759698850E+001     0.844796468853E-004     0.481533987246E-004     0.244990975968E-006     0.312485871119E-006
     0.256725280781E+001     0.924523676516E-004     0.526978495614E-004     0.268111866190E-006     0.376740440078E-006
     0.282128797628E+001     0.100764951268E-003     0.574360222229E-004     0.292218358678E-006     0.450974180054E-006
     0.309056525485E+001     0.109423371583E-003     0.623713218021E-004     0.317327777590E-006     0.536423340420E-006
     0.337599917015E+001     0.118432635588E-003     0.675066022851E-004     0.343454643205E-006     0.634456943955E-006
     0.367855912035E+001     0.127796634794E-003     0.728440818325E-004     0.370610240902E-006     0.746588759989E-006
     0.399927266758E+001     0.137517987220E-003     0.783852527152E-004     0.398802162937E-006     0.874490016304E-006
     0.433922902763E+001     0.147597870726E-003     0.841307863138E-004     0.428033825105E-006     0.102000283747E-005
     0.469958276929E+001     0.158035848717E-003     0.900804337685E-004     0.458303961278E-006     0.118515438473E-005
     0.508155773545E+001     0.168829689592E-003     0.962329230674E-004     0.489606099817E-006     0.137217165814E-005
     0.548645119957E+001     0.179975181742E-003     0.102585853593E-003     0.521928027052E-006     0.158349690504E-005
     0.591563827155E+001     0.191465946312E-003     0.109135589398E-003     0.555251244306E-006     0.182180356079E-005
     0.637057656784E+001     0.203293250463E-003     0.115877152764E-003     0.589550426341E-006     0.209001262733E-005
     0.685281116191E+001     0.215445824373E-003     0.122804119893E-003     0.624792890683E-006     0.239130937335E-005
     0.736397983162E+001     0.227909685809E-003     0.129908520911E-003     0.660938088845E-006     0.272916021698E-005
     0.790581862152E+001     0.240667976616E-003     0.137180746671E-003     0.697937132187E-006     0.310732962811E-005
     0.848016773881E+001     0.253700816135E-003     0.144609465197E-003     0.735732366790E-006     0.352989686354E-005
     0.908897780314E+001     0.266985177029E-003     0.152181550906E-003     0.774257013383E-006     0.400127232567E-005
     0.973431647133E+001     0.280494789604E-003     0.159882030074E-003     0.813434889851E-006     0.452621331414E-005
     0.104183754596E+002     0.294200081086E-003     0.167694046219E-003     0.853180235150E-006     0.510983892262E-005
     0.111434779872E+002     0.308068156705E-003     0.175598849322E-003     0.893397654446E-006     0.575764381999E-005
     0.119120866664E+002     0.322062829597E-003     0.183575812870E-003     0.933982205831E-006     0.647551064964E-005
     0.127268118664E+002     0.336144706543E-003     0.191602482730E-003     0.974819648976E-006     0.726972078310E-005
     0.135904205784E+002     0.350271336321E-003     0.199654661703E-003     0.101578687533E-005     0.814696317815E-005
     0.145058458131E+002     0.364397426887E-003     0.207706533326E-003     0.105675253797E-005     0.911434111825E-005
     0.154761965619E+002     0.378475136757E-003     0.215730827951E-003     0.109757789660E-005     0.101793766521E-004
     0.164761965619E+002     0.392090026976E-003     0.223491315376E-003     0.113706107823E-005     0.113164377303E-004
     0.174761965619E+002     0.404866913054E-003     0.230774140441E-003     0.117411404786E-005     0.124905517782E-004
     0.184761965619E+002     0.416857374616E-003     0.237608703531E-003     0.120888638639E-005     0.136994381645E-004
     0.194761965619E+002     0.428109816534E-003     0.244022595424E-003     0.124151846795E-005     0.149409566325E-004
     0.204761965619E+002     0.438669664330E-003     0.250041708668E-003     0.127214202656E-005     0.162130986590E-004
     0.214761965619E+002     0.448579547562E-003     0.255690342110E-003     0.130088068793E-005     0.175139793470E-004
     0.224761965619E+002     0.457879471915E-003     0.260991298991E-003     0.132785046855E-005     0.188418298155E-004
     0.234761965619E+002     0.466606980699E-003     0.265965978998E-003     0.135316024403E-005     0.201949900596E-004
     0.244761965619E+002     0.474797306414E-003     0.270634464656E-003     0.137691218860E-005     0.215719022482E-004
     0.254761965619E+002     0.482483512981E-003     0.275015602399E-003     0.139920218765E-005     0.229711044358E-004
     0.264761965619E+002     0.489696629216E-003     0.279127078653E-003     0.142012022473E-005     0.243912246605E-004
     0.274761965619E+002     0.496465774094E-003     0.282985491234E-003     0.143975074487E-005     0.258309754054E-004
     0.284761965619E+002     0.502818274303E-003     0.286606416353E-003     0.145817299548E-005     0.272891484009E-004
     0.294761965619E+002     0.508779774555E-003     0.290004471496E-003     0.147546134621E-005     0.287646097471E-004
     0.304761965619E+002     0.514374341118E-003     0.293193374437E-003     0.149168558924E-005     0.302562953363E-004
     0.314761965619E+002     0.519624558966E-003     0.296185998611E-003     0.150691122100E-005     0.317632065573E-004
     0.324761965619E+002     0.524551622956E-003     0.298994425085E-003     0.152119970657E-005     0.332844062639E-004
     0.334761965619E+002     0.529175423390E-003     0.301629991332E-003     0.153460872783E-005     0.348190149917E-004
     0.344761965619E+002     0.533514626309E-003     0.304103336996E-003     0.154719241630E-005     0.363662074080E-004
     0.354761965619E+002     0.537586748851E-003     0.306424446845E-003     0.155900157167E-005     0.379252089797E-004
     0.364761965619E+002     0.541408229963E-003     0.308602691079E-003     0.157008386689E-005     0.394952928466E-004
     0.374761965619E+002     0.544994496766E-003     0.310646863157E-003     0.158048404062E-005     0.410757768872E-004
     0.384761965619E+002     0.548360026833E-003     0.312565215295E-003     0.159024407782E-005     0.426660209650E-004
     0.394761965619E+002     0.551518406633E-003     0.314365491781E-003     0.159940337924E-005     0.442654243443E-004
     0.404761965619E+002     0.554482386383E-003     0.316054960238E-003     0.160799892051E-005     0.458734232648E-004
     0.414761965619E+002     0.557263931513E-003     0.317640440963E-003     0.161606540139E-005     0.474894886662E-004
     0.424761965619E+002     0.559874270979E-003     0.319128334458E-003     0.162363538584E-005     0.491131240520E-004
     0.434761965619E+002     0.562323942584E-003     0.320524647273E-003     0.163073943349E-005     0.507438634855E-004
     0.444761965619E+002     0.564622835525E-003     0.321835016249E-003     0.163740622302E-005     0.523812697085E-004
     0.454761965619E+002     0.566780230315E-003     0.323064731279E-003     0.164366266791E-005     0.540249323764E-004
     0.464761965619E+002     0.568804836243E-003     0.324218756659E-003     0.164953402511E-005     0.556744664015E-004
     0.474761965619E+002     0.570704826539E-003     0.325301751127E-003     0.165504399696E-005     0.573295103985E-004
     0.484761965619E+002     0.572487871365E-003     0.326318086678E-003     0.166021482696E-005     0.589897252255E-004
     0.494761965619E+002     0.574161168781E-003     0.327271866205E-003     0.166506738946E-005     0.606547926149E-004
     0.504761965619E+002     0.575731473800E-003     0.328166940066E-003     0.166962127402E-005     0.623244138889E-004
     0.514761965619E+002     0.577205125663E-003     0.329006921628E-003     0.167389486442E-005     0.639983087534E-004
     0.524761965619E+002     0.578588073427E-003     0.329795201853E-003     0.167790541294E-005     0.656762141663E-004
     0.534761965619E+002     0.579885899978E-003     0.330534962988E-003     0.168166910994E-005     0.673578832762E-004
     0.544761965619E+002     0.581103844576E-003     0.331229191409E-003     0.168520114927E-005     0.690430844255E-004
     0.554761965619E+002     0.582246824001E-003     0.331880689680E-003     0.168851578960E-005     0.707316002151E-004
     0.564761965619E+002     0.583319452399E-003     0.332492087867E-003     0.169162641196E-005     0.724232266271E-004
     0.574761965619E+002     0.584326059917E-003     0.333065854153E-003     0.169454557376E-005     0.741177722008E-004
     0.584761965619E+002     0.585270710177E-003     0.333604304801E-003     0.169728505951E-005     0.758150572603E-004
     0.594761965619E+002     0.586157216682E-003     0.334109613509E-003     0.169985592838E-005     0.775149131887E-004
     0.604761965619E+002     0.586989158214E-003     0.334583820182E-003     0.170226855882E-005     0.792171817475E-004
     0.614761965619E+002     0.587769893278E-003     0.335028839168E-003     0.170453269051E-005     0.809217144380E-004
     0.624761965619E+002     0.588502573660E-003     0.335446466986E-003     0.170665746361E-005     0.826283719017E-004
     0.634761965619E+002     0.589190157152E-003     0.335838389577E-003     0.170865145574E-005     0.843370233574E-004
     0.644761965619E+002     0.589835419495E-003     0.336206189112E-003     0.171052271653E-005     0.860475460739E-004
     0.654761965619E+002     0.590440965577E-003     0.336551350379E-003     0.171227880017E-005     0.877598248741E-004
     0.664761965619E+002     0.591009239959E-003     0.336875266776E-003     0.171392679588E-005     0.894737516700E-004
     0.674761965619E+002     0.591542536732E-003     0.337179245938E-003     0.171547335652E-005     0.911892250265E-004
     0.684761965619E+002     0.592043008790E-003     0.337464515010E-003     0.171692472549E-005     0.929061497520E-004
     0.694761965619E+002     0.592512676512E-003     0.337732225612E-003     0.171828676188E-005     0.946244365139E-004
     0.704761965619E+002     0.592953435921E-003     0.337983458475E-003     0.171956496417E-005     0.963440014781E-004
     0.714761965619E+002     0.593367066341E-003     0.338219227815E-003     0.172076449239E-005     0.980647659705E-004
     0.724761965619E+002     0.593755237577E-003     0.338440485419E-003     0.172189018897E-005     0.997866561594E-004
     0.734761965619E+002     0.594119516655E-003     0.338648124493E-003     0.172294659830E-005     0.101509602758E-003
     0.744761965619E+002     0.594461374150E-003     0.338842983266E-003     0.172393798504E-005     0.103233540743E-003
     0.754761965619E+002     0.594782190126E-003     0.339025848372E-003     0.172486835136E-005     0.104958409094E-003
     0.764761965619E+002     0.595083259697E-003     0.339197458027E-003     0.172574145312E-005     0.106684150547E-003
     0.774761965619E+002     0.595365798267E-003     0.339358505012E-003     0.172656081498E-005     0.108410711362E-003
     0.784761965619E+002     0.595630946430E-003     0.339509639465E-003     0.172732974465E-005     0.110138041107E-003
     0.794761965619E+002     0.595879774574E-003     0.339651471507E-003     0.172805134626E-005     0.111866092453E-003
     0.804761965619E+002     0.596113287206E-003     0.339784573708E-003     0.172872853290E-005     0.113594820986E-003
     0.814761965619E+002     0.596332427005E-003     0.339909483393E-003     0.172936403831E-005     0.115324185024E-003
     0.824761965619E+002     0.596538078626E-003     0.340026704817E-003     0.172996042801E-005     0.117054145452E-003
     0.834761965619E+002     0.596731072273E-003     0.340136711196E-003     0.173052010959E-005     0.118784665562E-003
     0.844761965619E+002     0.596912187054E-003     0.340239946621E-003     0.173104534246E-005     0.120515710904E-003
     0.854761965619E+002     0.597082154118E-003     0.340336827847E-003     0.173153824694E-005     0.122247249151E-003
     0.864761965619E+002     0.597241659614E-003     0.340427745980E-003     0.173200081288E-005     0.123979249964E-003
     0.874761965619E+002     0.597391347457E-003     0.340513068050E-003     0.173243490762E-005     0.125711684872E-003
     0.884761965619E+002     0.597531821929E-003     0.340593138499E-003     0.173284228359E-005     0.127444527155E-003
     0.894761965619E+002     0.597663650118E-003     0.340668280567E-003     0.173322458534E-005     0.129177751741E-003
     0.904761965619E+002     0.597787364209E-003     0.340738797599E-003     0.173358335620E-005     0.130911335097E-003
     0.914761965619E+002     0.597903463627E-003     0.340804974267E-003     0.173392004452E-005     0.132645255142E-003
     0.924761965619E+002     0.598012417061E-003     0.340867077725E-003     0.173423600948E-005     0.134379491151E-003
     0.934761965619E+002     0.598114664350E-003     0.340925358680E-003     0.173453252662E-005     0.136114023678E-003
     0.944761965619E+002     0.598210618261E-003     0.340980052409E-003     0.173481079296E-005     0.137848834471E-003
     0.954761965619E+002     0.598300666155E-003     0.341031379708E-003     0.173507193185E-005     0.139583906402E-003
     0.964761965619E+002     0.598385171550E-003     0.341079547784E-003     0.173531699750E-005     0.141319223400E-003
     0.974761965619E+002     0.598464475591E-003     0.341124751087E-003     0.173554697921E-005     0.143054770379E-003
     0.984761965619E+002     0.598538898424E-003     0.341167172102E-003     0.173576280543E-005     0.144790533185E-003
     0.994761965619E+002     0.598608740489E-003     0.341206982079E-003     0.173596534742E-005     0.146526498532E-003
     0.100476196562E+003     0.598674283736E-003     0.341244341730E-003     0.173615542284E-005     0.148262653955E-003
     0.101476196562E+003     0.598735792760E-003     0.341279401873E-003     0.173633379900E-005     0.149998987754E-003
     0.102476196562E+003     0.598793515868E-003     0.341312304045E-003     0.173650119602E-005     0.151735488950E-003
     0.103476196562E+003     0.598847686087E-003     0.341343181069E-003     0.173665828965E-005     0.153472147239E-003
     0.104476196562E+003     0.598898522098E-003     0.341372157596E-003     0.173680571408E-005     0.155208952954E-003
     0.105476196562E+003     0.598946229124E-003     0.341399350601E-003     0.173694406446E-005     0.156945897018E-003
     0.106476196562E+003     0.598990999756E-003     0.341424869861E-003     0.173707389929E-005     0.158682970917E-003
     0.107476196562E+003     0.599033014731E-003     0.341448818396E-003     0.173719574272E-005     0.160420166660E-003
     0.108476196562E+003     0.599072443660E-003     0.341471292886E-003     0.173731008661E-005     0.162157476747E-003
     0.109476196562E+003     0.599109445716E-003     0.341492384058E-003     0.173741739258E-005     0.163894894139E-003
     0.110476196562E+003     0.599144170275E-003     0.341512177057E-003     0.173751809380E-005     0.165632412233E-003
     0.111476196562E+003     0.599176757518E-003     0.341530751785E-003     0.173761259680E-005     0.167370024830E-003
     0.112476196562E+003     0.599207338998E-003     0.341548183229E-003     0.173770128309E-005     0.169107726113E-003
     0.113476196562E+003     0.599236038171E-003     0.341564541757E-003     0.173778451069E-005     0.170845510624E-003
     0.114476196562E+003     0.599262970893E-003     0.341579893409E-003     0.173786261559E-005     0.172583373239E-003
     0.115476196562E+003     0.599288245891E-003     0.341594300158E-003     0.173793591308E-005     0.174321309152E-003
     0.116476196562E+003     0.599311965199E-003     0.341607820163E-003     0.173800469908E-005     0.176059313851E-003
     0.117476196562E+003     0.599334224570E-003     0.341620508005E-003     0.173806925125E-005     0.177797383103E-003
     0.118476196562E+003     0.599355113864E-003     0.341632414903E-003     0.173812983021E-005     0.179535512933E-003
     0.119476196562E+003     0.599374717411E-003     0.341643588924E-003     0.173818668049E-005     0.181273699613E-003
     0.120476196562E+003     0.599393114348E-003     0.341654075178E-003     0.173824003161E-005     0.183011939645E-003
     0.121476196562E+003     0.599410378944E-003     0.341663915998E-003     0.173829009894E-005     0.184750229744E-003
     0.122476196562E+003     0.599426580893E-003     0.341673151109E-003     0.173833708459E-005     0.186488566828E-003
     0.123476196562E+003     0.599441785604E-003     0.341681817794E-003     0.173838117825E-005     0.188226948007E-003
     0.124476196562E+003     0.599456054456E-003     0.341689951040E-003     0.173842255792E-005     0.189965370565E-003
     0.125476196562E+003     0.599469445053E-003     0.341697583680E-003     0.173846139065E-005     0.191703831955E-003
     0.126476196562E+003     0.599482011450E-003     0.341704746527E-003     0.173849783321E-005     0.193442329788E-003
     0.127476196562E+003     0.599493804379E-003     0.341711468496E-003     0.173853203270E-005     0.195180861821E-003
     0.128476196562E+003     0.599504871447E-003     0.341717776725E-003     0.173856412720E-005     0.196919425948E-003
     0.129476196562E+003     0.599515257330E-003     0.341723696678E-003     0.173859424626E-005     0.198658020195E-003
     0.130476196562E+003     0.599525003956E-003     0.341729252255E-003     0.173862251147E-005     0.200396642706E-003
     0.131476196562E+003     0.599534150672E-003     0.341734465883E-003     0.173864903695E-005     0.202135291743E-003
     0.132476196562E+003     0.599542734403E-003     0.341739358609E-003     0.173867392977E-005     0.203873965673E-003
     0.133476196562E+003     0.599550789800E-003     0.341743950186E-003     0.173869729042E-005     0.205612662963E-003
     0.134476196562E+003     0.599558349382E-003     0.341748259148E-003     0.173871921321E-005     0.207351382176E-003
     0.135476196562E+003     0.599565443669E-003     0.341752302891E-003     0.173873978664E-005     0.209090121963E-003
     0.136476196562E+003     0.599572101297E-003     0.341756097740E-003     0.173875909376E-005     0.210828881057E-003
     0.137476196562E+003     0.599578349146E-003     0.341759659013E-003     0.173877721252E-005     0.212567658269E-003
     0.138476196562E+003     0.599584212435E-003     0.341763001088E-003     0.173879421606E-005     0.214306452485E-003
     0.139476196562E+003     0.599589714836E-003     0.341766137456E-003     0.173881017302E-005     0.216045262658E-003
     0.140476196562E+003     0.599594878561E-003     0.341769080780E-003     0.173882514783E-005     0.217784087806E-003
     0.141476196562E+003     0.599599724456E-003     0.341771842940E-003     0.173883920092E-005     0.219522927007E-003
     0.142476196562E+003     0.599604272083E-003     0.341774435087E-003     0.173885238904E-005     0.221261779396E-003
     0.143476196562E+003     0.599608539801E-003     0.341776867687E-003     0.173886476542E-005     0.223000644162E-003
     0.144476196562E+003     0.599612544839E-003     0.341779150558E-003     0.173887638003E-005     0.224739520542E-003
     0.145476196562E+003     0.599616303364E-003     0.341781292918E-003     0.173888727976E-005     0.226478407821E-003
     0.146476196562E+003     0.599619830550E-003     0.341783303414E-003     0.173889750860E-005     0.228217305330E-003
     0.147476196562E+003     0.599623140636E-003     0.341785190163E-003     0.173890710784E-005     0.229956212438E-003
     0.148476196562E+003     0.599626246984E-003     0.341786960781E-003     0.173891611625E-005     0.231695128554E-003
     0.149476196562E+003     0.599629162135E-003     0.341788622417E-003     0.173892457019E-005     0.233434053124E-003
     0.150476196562E+003     0.599631897857E-003     0.341790181778E-003     0.173893250378E-005     0.235172985628E-003
     0.151476196562E+003     0.599634465193E-003     0.341791645160E-003     0.173893994906E-005     0.236911925577E-003
     0.152476196562E+003     0.599636874508E-003     0.341793018470E-003     0.173894693607E-005     0.238650872513E-003
     0.153476196562E+003     0.599639135529E-003     0.341794307251E-003     0.173895349303E-005     0.240389826006E-003
     0.154476196562E+003     0.599641257382E-003     0.341795516708E-003     0.173895964641E-005     0.242128785653E-003
     0.155476196562E+003     0.599643248635E-003     0.341796651722E-003     0.173896542104E-005     0.243867751074E-003
     0.156476196562E+003     0.599645117324E-003     0.341797716875E-003     0.173897084024E-005     0.245606721914E-003
     0.157476196562E+003     0.599646870995E-003     0.341798716467E-003     0.173897592588E-005     0.247345697840E-003
     0.158476196562E+003     0.599648516726E-003     0.341799654534E-003     0.173898069851E-005     0.249084678538E-003
     0.159476196562E+003     0.599650061162E-003     0.341800534862E-003     0.173898517737E-005     0.250823663716E-003
     0.160476196562E+003     0.599651510536E-003     0.341801361006E-003     0.173898938056E-005     0.252562653096E-003
     0.161476196562E+003     0.599652870701E-003     0.341802136300E-003     0.173899332503E-005     0.254301646421E-003
     0.162476196562E+003     0.599654147147E-003     0.341802863874E-003     0.173899702673E-005     0.256040643448E-003
     0.163476196562E+003     0.599655345027E-003     0.341803546665E-003     0.173900050058E-005     0.257779643949E-003
     0.164476196562E+003     0.599656469177E-003     0.341804187431E-003     0.173900376061E-005     0.259518647709E-003
     0.165476196562E+003     0.599657524135E-003     0.341804788757E-003     0.173900681999E-005     0.261257654529E-003
     0.166476196562E+003     0.599658514159E-003     0.341805353071E-003     0.173900969106E-005     0.262996664220E-003
     0.167476196562E+003     0.599659443247E-003     0.341805882651E-003     0.173901238542E-005     0.264735676606E-003
     0.168476196562E+003     0.599660315149E-003     0.341806379635E-003     0.173901491393E-005     0.266474691520E-003
     0.169476196562E+003     0.599661133385E-003     0.341806846030E-003     0.173901728682E-005     0.268213708806E-003
     0.170476196562E+003     0.599661901258E-003     0.341807283717E-003     0.173901951365E-005     0.269952728320E-003
     0.171476196562E+003     0.599662621868E-003     0.341807694465E-003     0.173902160342E-005     0.271691749924E-003
     0.172476196562E+003     0.599663298124E-003     0.341808079931E-003     0.173902356456E-005     0.273430773488E-003
     0.173476196562E+003     0.599663932757E-003     0.341808441671E-003     0.173902540499E-005     0.275169798893E-003
     0.174476196562E+003     0.599664528327E-003     0.341808781146E-003     0.173902713215E-005     0.276908826025E-003
     0.175476196562E+003     0.599665087239E-003     0.341809099726E-003     0.173902875299E-005     0.278647854778E-003
     0.176476196562E+003     0.599665611751E-003     0.341809398698E-003     0.173903027408E-005     0.280386885052E-003
     0.177476196562E+003     0.599666103978E-003     0.341809679267E-003     0.173903170154E-005     0.282125916754E-003
     0.178476196562E+003     0.599666565908E-003     0.341809942568E-003     0.173903304113E-005     0.283864949795E-003
     0.179476196562E+003     0.599666999406E-003     0.341810189662E-003     0.173903429828E-005     0.285603984093E-003
     0.180476196562E+003     0.599667406223E-003     0.341810421547E-003     0.173903547805E-005     0.287343019571E-003
     0.181476196562E+003     0.599667787999E-003     0.341810639159E-003     0.173903658520E-005     0.289082056157E-003
     0.182476196562E+003     0.599668146277E-003     0.341810843378E-003     0.173903762420E-005     0.290821093781E-003
     0.183476196562E+003     0.599668482503E-003     0.341811035026E-003     0.173903859926E-005     0.292560132380E-003
     0.184476196562E+003     0.599668798033E-003     0.341811214879E-003     0.173903951430E-005     0.294299171894E-003
     0.185476196562E+003     0.599669094143E-003     0.341811383662E-003     0.173904037302E-005     0.296038212267E-003
     0.186476196562E+003     0.599669372027E-003     0.341811542055E-003     0.173904117888E-005     0.297777253446E-003
     0.187476196562E+003     0.599669632807E-003     0.341811690700E-003     0.173904193514E-005     0.299516295381E-003
     0.188476196562E+003     0.599669877536E-003     0.341811830196E-003     0.173904264485E-005     0.301255338026E-003
     0.189476196562E+003     0.599670107202E-003     0.341811961105E-003     0.173904331089E-005     0.302994381337E-003
     0.190476196562E+003     0.599670322731E-003     0.341812083957E-003     0.173904393592E-005     0.304733425273E-003
     0.191476196562E+003     0.599670524995E-003     0.341812199247E-003     0.173904452249E-005     0.306472469795E-003
     0.192476196562E+003     0.599670714809E-003     0.341812307441E-003     0.173904507295E-005     0.308211514868E-003
     0.193476196562E+003     0.599670892940E-003     0.341812408976E-003     0.173904558953E-005     0.309950560458E-003
     0.194476196562E+003     0.599671060107E-003     0.341812504261E-003     0.173904607431E-005     0.311689606532E-003
     0.195476196562E+003     0.599671216985E-003     0.341812593682E-003     0.173904652926E-005     0.313428653061E-003
     0.196476196562E+003     0.599671364207E-003     0.341812677598E-003     0.173904695620E-005     0.315167700018E-003
     0.197476196562E+003     0.599671502367E-003     0.341812756349E-003     0.173904735687E-005     0.316906747375E-003
     0.198476196562E+003     0.599671632024E-003     0.341812830254E-003     0.173904773287E-005     0.318645795107E-003
     0.199476196562E+003     0.599671753700E-003     0.341812899609E-003     0.173904808573E-005     0.320384843193E-003
     0.200476196562E+003     0.599671867887E-003     0.341812964695E-003     0.173904841687E-005     0.322123891610E-003
     0.201476196562E+003     0.599671975045E-003     0.341813025776E-003     0.173904872763E-005     0.323862940338E-003
     0.202476196562E+003     0.599672075608E-003     0.341813083097E-003     0.173904901926E-005     0.325601989357E-003
     0.203476196562E+003     0.599672169981E-003     0.341813136889E-003     0.173904929295E-005     0.327341038650E-003
     0.204476196562E+003     0.599672258546E-003     0.341813187371E-003     0.173904954978E-005     0.329080088200E-003
     0.205476196562E+003     0.599672341659E-003     0.341813234746E-003     0.173904979081E-005     0.330819137990E-003
     0.206476196562E+003     0.599672419656E-003     0.341813279204E-003     0.173905001700E-005     0.332558188007E-003
     0.207476196562E+003     0.599672492853E-003     0.341813320926E-003     0.173905022927E-005     0.334297238237E-003
     0.208476196562E+003     0.599672561545E-003     0.341813360080E-003     0.173905042848E-005     0.336036288665E-003
     0.209476196562E+003     0.599672626008E-003     0.341813396825E-003     0.173905061542E-005     0.337775339281E-003
     0.210476196562E+003     0.599672686504E-003     0.341813431307E-003     0.173905079086E-005     0.339514390072E-003
     0.211476196562E+003     0.599672743276E-003     0.341813463667E-003     0.173905095550E-005     0.341253441027E-003
     0.212476196562E+003     0.599672796554E-003     0.341813494036E-003     0.173905111001E-005     0.342992492137E-003
     0.213476196562E+003     0.599672846552E-003     0.341813522535E-003     0.173905125500E-005     0.344731543392E-003
     0.214476196562E+003     0.599672893473E-003     0.341813549280E-003     0.173905139107E-005     0.346470594783E-003
     0.215476196562E+003     0.599672937506E-003     0.341813574379E-003     0.173905151877E-005     0.348209646302E-003
     0.216476196562E+003     0.599672978829E-003     0.341813597933E-003     0.173905163860E-005     0.349948697940E-003
     0.217476196562E+003     0.599673017609E-003     0.341813620037E-003     0.173905175107E-005     0.351687749692E-003
     0.218476196562E+003     0.599673054001E-003     0.341813640781E-003     0.173905185660E-005     0.353426801548E-003
     0.219476196562E+003     0.599673088154E-003     0.341813660248E-003     0.173905195565E-005     0.355165853504E-003
     0.220476196562E+003     0.599673120204E-003     0.341813678516E-003     0.173905204859E-005     0.356904905552E-003
     0.221476196562E+003     0.599673150282E-003     0.341813695661E-003     0.173905213582E-005     0.358643957688E-003
     0.222476196562E+003     0.599673178508E-003     0.341813711750E-003     0.173905221767E-005     0.360383009906E-003
     0.223476196562E+003     0.599673204997E-003     0.341813726848E-003     0.173905229449E-005     0.362122062200E-003
     0.224476196562E+003     0.599673229856E-003     0.341813741018E-003     0.173905236658E-005     0.363861114567E-003
     0.225476196562E+003     0.599673253184E-003     0.341813754315E-003     0.173905243423E-005     0.365600167001E-003
     0.226476196562E+003     0.599673275077E-003     0.341813766794E-003     0.173905249772E-005     0.367339219499E-003
     0.227476196562E+003     0.599673295622E-003     0.341813778505E-003     0.173905255730E-005     0.369078272056E-003
     0.228476196562E+003     0.599673314903E-003     0.341813789495E-003     0.173905261322E-005     0.370817324669E-003
     0.229476196562E+003     0.599673332997E-003     0.341813799808E-003     0.173905266569E-005     0.372556377335E-003
     0.230476196562E+003     0.599673349977E-003     0.341813809487E-003     0.173905271493E-005     0.374295430050E-003
     0.231476196562E+003     0.599673365912E-003     0.341813818570E-003     0.173905276114E-005     0.376034482811E-003
     0.232476196562E+003     0.599673380866E-003     0.341813827094E-003     0.173905280451E-005     0.377773535616E-003
     0.233476196562E+003     0.599673394900E-003     0.341813835093E-003     0.173905284521E-005     0.379512588461E-003
     0.234476196562E+003     0.599673408070E-003     0.341813842600E-003     0.173905288340E-005     0.381251641344E-003
     0.235476196562E+003     0.599673420429E-003     0.341813849645E-003     0.173905291924E-005     0.382990694264E-003
     0.236476196562E+003     0.599673432028E-003     0.341813856256E-003     0.173905295288E-005     0.384729747216E-003
     0.237476196562E+003     0.599673442913E-003     0.341813862460E-003     0.173905298445E-005     0.386468800201E-003
     0.238476196562E+003     0.599673453127E-003     0.341813868283E-003     0.173905301407E-005     0.388207853215E-003
     0.239476196562E+003     0.599673462713E-003     0.341813873747E-003     0.173905304187E-005     0.389946906257E-003
     0.240476196562E+003     0.599673471709E-003     0.341813878874E-003     0.173905306796E-005     0.391685959325E-003
     0.241476196562E+003     0.599673480152E-003     0.341813883686E-003     0.173905309244E-005     0.393425012417E-003
     0.242476196562E+003     0.599673488074E-003     0.341813888202E-003     0.173905311542E-005     0.395164065533E-003
     0.243476196562E+003     0.599673495509E-003     0.341813892440E-003     0.173905313698E-005     0.396903118670E-003
     0.244476196562E+003     0.599673502487E-003     0.341813896418E-003     0.173905315721E-005     0.398642171827E-003
     0.245476196562E+003     0.599673509035E-003     0.341813900150E-003     0.173905317620E-005     0.400381225003E-003
     0.246476196562E+003     0.599673515180E-003     0.341813903652E-003     0.173905319402E-005     0.402120278197E-003
     0.247476196562E+003     0.599673520946E-003     0.341813906939E-003     0.173905321074E-005     0.403859331408E-003
     0.248476196562E+003     0.599673526358E-003     0.341813910024E-003     0.173905322644E-005     0.405598384634E-003
     0.249476196562E+003     0.599673531437E-003     0.341813912919E-003     0.173905324117E-005     0.407337437875E-003
     0.250476196562E+003     0.599673536203E-003     0.341813915636E-003     0.173905325499E-005     0.409076491130E-003
     0.251476196562E+003     0.599673540676E-003     0.341813918185E-003     0.173905326796E-005     0.410815544398E-003
     0.252476196562E+003     0.599673544873E-003     0.341813920578E-003     0.173905328013E-005     0.412554597678E-003
     0.253476196562E+003     0.599673548812E-003     0.341813922823E-003     0.173905329156E-005     0.414293650970E-003
     0.254476196562E+003     0.599673552509E-003     0.341813924930E-003     0.173905330228E-005     0.416032704272E-003
     0.255476196562E+003     0.599673555978E-003     0.341813926907E-003     0.173905331234E-005     0.417771757585E-003
     0.256476196562E+003     0.599673559233E-003     0.341813928763E-003     0.173905332178E-005     0.419510810906E-003
     0.257476196562E+003     0.599673562289E-003     0.341813930504E-003     0.173905333064E-005     0.421249864237E-003
     0.258476196562E+003     0.599673565156E-003     0.341813932139E-003     0.173905333895E-005     0.422988917576E-003
     0.259476196562E+003     0.599673567846E-003     0.341813933672E-003     0.173905334675E-005     0.424727970923E-003
     0.260476196562E+003     0.599673570371E-003     0.341813935112E-003     0.173905335408E-005     0.426467024277E-003
     0.261476196562E+003     0.599673572741E-003     0.341813936462E-003     0.173905336095E-005     0.428206077638E-003
     0.262476196562E+003     0.599673574965E-003     0.341813937730E-003     0.173905336740E-005     0.429945131005E-003
     0.263476196562E+003     0.599673577052E-003     0.341813938919E-003     0.173905337345E-005     0.431684184379E-003
     0.264476196562E+003     0.599673579010E-003     0.341813940036E-003     0.173905337913E-005     0.433423237758E-003
     0.265476196562E+003     0.599673580848E-003     0.341813941083E-003     0.173905338446E-005     0.435162291142E-003
     0.266476196562E+003     0.599673582573E-003     0.341813942066E-003     0.173905338946E-005     0.436901344532E-003
     0.267476196562E+003     0.599673584191E-003     0.341813942989E-003     0.173905339416E-005     0.438640397926E-003
     0.268476196562E+003     0.599673585710E-003     0.341813943855E-003     0.173905339856E-005     0.440379451324E-003
     0.269476196562E+003     0.599673587136E-003     0.341813944667E-003     0.173905340269E-005     0.442118504727E-003
     0.270476196562E+003     0.599673588474E-003     0.341813945430E-003     0.173905340657E-005     0.443857558134E-003
     0.271476196562E+003     0.599673589729E-003     0.341813946146E-003     0.173905341021E-005     0.445596611544E-003
     0.272476196562E+003     0.599673590907E-003     0.341813946817E-003     0.173905341363E-005     0.447335664957E-003
     0.273476196562E+003     0.599673592013E-003     0.341813947447E-003     0.173905341684E-005     0.449074718374E-003
     0.274476196562E+003     0.599673593050E-003     0.341813948039E-003     0.173905341985E-005     0.450813771794E-003
     0.275476196562E+003     0.599673594024E-003     0.341813948594E-003     0.173905342267E-005     0.452552825217E-003
     0.276476196562E+003     0.599673594938E-003     0.341813949115E-003     0.173905342532E-005     0.454291878642E-003
     0.277476196562E+003     0.599673595795E-003     0.341813949603E-003     0.173905342781E-005     0.456030932070E-003
     0.278476196562E+003     0.599673596600E-003     0.341813950062E-003     0.173905343014E-005     0.457769985500E-003
     0.279476196562E+003     0.599673597355E-003     0.341813950493E-003     0.173905343233E-005     0.459509038932E-003
     0.280476196562E+003     0.599673598064E-003     0.341813950897E-003     0.173905343439E-005     0.461248092367E-003
     0.281476196562E+003     0.599673598729E-003     0.341813951276E-003     0.173905343631E-005     0.462987145803E-003
     0.282476196562E+003     0.599673599353E-003     0.341813951631E-003     0.173905343813E-005     0.464726199241E-003
     0.283476196562E+003     0.599673599939E-003     0.341813951965E-003     0.173905343982E-005     0.466465252681E-003
     0.284476196562E+003     0.599673600489E-003     0.341813952279E-003     0.173905344142E-005     0.468204306123E-003
     0.285476196562E+003     0.599673601005E-003     0.341813952573E-003     0.173905344291E-005     0.469943359565E-003
     0.286476196562E+003     0.599673601489E-003     0.341813952849E-003     0.173905344432E-005     0.471682413010E-003
     0.287476196562E+003     0.599673601943E-003     0.341813953108E-003     0.173905344564E-005     0.473421466455E-003
     0.288476196562E+003     0.599673602370E-003     0.341813953351E-003     0.173905344687E-005     0.475160519902E-003
     0.289476196562E+003     0.599673602770E-003     0.341813953579E-003     0.173905344803E-005     0.476899573350E-003
     0.290476196562E+003     0.599673603145E-003     0.341813953793E-003     0.173905344912E-005     0.478638626799E-003
     0.291476196562E+003     0.599673603498E-003     0.341813953994E-003     0.173905345014E-005     0.480377680250E-003
     0.292476196562E+003     0.599673603828E-003     0.341813954182E-003     0.173905345110E-005     0.482116733701E-003
     0.293476196562E+003     0.599673604139E-003     0.341813954359E-003     0.173905345200E-005     0.483855787153E-003
     0.294476196562E+003     0.599673604430E-003     0.341813954525E-003     0.173905345285E-005     0.485594840606E-003
     0.295476196562E+003     0.599673604703E-003     0.341813954681E-003     0.173905345364E-005     0.487333894059E-003
     0.296476196562E+003     0.599673604960E-003     0.341813954827E-003     0.173905345438E-005     0.489072947514E-003
     0.297476196562E+003     0.599673605200E-003     0.341813954964E-003     0.173905345508E-005     0.490812000969E-003
     0.298476196562E+003     0.599673605426E-003     0.341813955093E-003     0.173905345574E-005     0.492551054424E-003
     0.299476196562E+003     0.599673605638E-003     0.341813955214E-003     0.173905345635E-005     0.494290107881E-003
     0.300476196562E+003     0.599673605837E-003     0.341813955327E-003     0.173905345693E-005     0.496029161338E-003
     0.301476196562E+003     0.599673606024E-003     0.341813955434E-003     0.173905345747E-005     0.497768214795E-003
     0.302476196562E+003     0.599673606199E-003     0.341813955533E-003     0.173905345798E-005     0.499507268253E-003
     0.303476196562E+003     0.599673606363E-003     0.341813955627E-003     0.173905345845E-005     0.501246321712E-003
     0.304476196562E+003     0.599673606518E-003     0.341813955715E-003     0.173905345890E-005     0.502985375170E-003
     0.305476196562E+003     0.599673606662E-003     0.341813955798E-003     0.173905345932E-005     0.504724428630E-003
     0.306476196562E+003     0.599673606798E-003     0.341813955875E-003     0.173905345972E-005     0.506463482089E-003
     0.307476196562E+003     0.599673606926E-003     0.341813955948E-003     0.173905346009E-005     0.508202535550E-003
     0.308476196562E+003     0.599673607046E-003     0.341813956016E-003     0.173905346043E-005     0.509941589010E-003
     0.309476196562E+003     0.599673607158E-003     0.341813956080E-003     0.173905346076E-005     0.511680642471E-003
     0.310476196562E+003     0.599673607263E-003     0.341813956140E-003     0.173905346106E-005     0.513419695932E-003
     0.311476196562E+003     0.599673607362E-003     0.341813956196E-003     0.173905346135E-005     0.515158749393E-003
     0.312476196562E+003     0.599673607455E-003     0.341813956249E-003     0.173905346162E-005     0.516897802855E-003
     0.313476196562E+003     0.599673607542E-003     0.341813956299E-003     0.173905346187E-005     0.518636856317E-003
     0.314476196562E+003     0.599673607624E-003     0.341813956346E-003     0.173905346211E-005     0.520375909779E-003
     0.315476196562E+003     0.599673607701E-003     0.341813956389E-003     0.173905346233E-005     0.522114963241E-003
     0.316476196562E+003     0.599673607773E-003     0.341813956430E-003     0.173905346254E-005     0.523854016704E-003
     0.317476196562E+003     0.599673607840E-003     0.341813956469E-003     0.173905346274E-005     0.525593070166E-003
     0.318476196562E+003     0.599673607904E-003     0.341813956505E-003     0.173905346292E-005     0.527332123629E-003
     0.319476196562E+003     0.599673607963E-003     0.341813956539E-003     0.173905346309E-005     0.529071177092E-003
     0.320476196562E+003     0.599673608019E-003     0.341813956571E-003     0.173905346325E-005     0.530810230556E-003
     0.321476196562E+003     0.599673608071E-003     0.341813956601E-003     0.173905346341E-005     0.532549284019E-003
     0.322476196562E+003     0.599673608120E-003     0.341813956629E-003     0.173905346355E-005     0.534288337483E-003
     0.323476196562E+003     0.599673608167E-003     0.341813956655E-003     0.173905346368E-005     0.536027390946E-003
     0.324476196562E+003     0.599673608210E-003     0.341813956680E-003     0.173905346381E-005     0.537766444410E-003
     0.325476196562E+003     0.599673608251E-003     0.341813956703E-003     0.173905346393E-005     0.539505497874E-003
     0.326476196562E+003     0.599673608289E-003     0.341813956725E-003     0.173905346404E-005     0.541244551338E-003
     0.327476196562E+003     0.599673608324E-003     0.341813956745E-003     0.173905346414E-005     0.542983604802E-003
     0.328476196562E+003     0.599673608358E-003     0.341813956764E-003     0.173905346424E-005     0.544722658266E-003
     0.329476196562E+003     0.599673608390E-003     0.341813956782E-003     0.173905346433E-005     0.546461711731E-003
     0.330476196562E+003     0.599673608419E-003     0.341813956799E-003     0.173905346442E-005     0.548200765195E-003
     0.331476196562E+003     0.599673608447E-003     0.341813956815E-003     0.173905346450E-005     0.549939818660E-003
     0.332476196562E+003     0.599673608473E-003     0.341813956830E-003     0.173905346457E-005     0.551678872124E-003
     0.333476196562E+003     0.599673608497E-003     0.341813956844E-003     0.173905346464E-005     0.553417925589E-003
     0.334476196562E+003     0.599673608520E-003     0.341813956857E-003     0.173905346471E-005     0.555156979054E-003
     0.335476196562E+003     0.599673608542E-003     0.341813956869E-003     0.173905346477E-005     0.556896032518E-003
     0.336476196562E+003     0.599673608562E-003     0.341813956880E-003     0.173905346483E-005     0.558635085983E-003
     0.337476196562E+003     0.599673608581E-003     0.341813956891E-003     0.173905346489E-005     0.560374139448E-003
     0.338476196562E+003     0.599673608599E-003     0.341813956901E-003     0.173905346494E-005     0.562113192913E-003
     0.339476196562E+003     0.599673608616E-003     0.341813956911E-003     0.173905346499E-005     0.563852246378E-003
     0.340476196562E+003     0.599673608631E-003     0.341813956920E-003     0.173905346503E-005     0.565591299843E-003
     0.341476196562E+003     0.599673608646E-003     0.341813956928E-003     0.173905346507E-005     0.567330353308E-003
     0.342476196562E+003     0.599673608660E-003     0.341813956936E-003     0.173905346511E-005     0.569069406773E-003
     0.343476196562E+003     0.599673608673E-003     0.341813956943E-003     0.173905346515E-005     0.570808460238E-003
     0.344476196562E+003     0.599673608685E-003     0.341813956950E-003     0.173905346519E-005     0.572547513704E-003
     0.345476196562E+003     0.599673608696E-003     0.341813956957E-003     0.173905346522E-005     0.574286567169E-003
     0.346476196562E+003     0.599673608707E-003     0.341813956963E-003     0.173905346525E-005     0.576025620634E-003
     0.347476196562E+003     0.599673608717E-003     0.341813956969E-003     0.173905346528E-005     0.577764674099E-003
     0.348476196562E+003     0.599673608726E-003     0.341813956974E-003     0.173905346531E-005     0.579503727565E-003
     0.349476196562E+003     0.599673608735E-003     0.341813956979E-003     0.173905346533E-005     0.581242781030E-003
     0.350476196562E+003     0.599673608744E-003     0.341813956984E-003     0.173905346536E-005     0.582981834495E-003
     0.351476196562E+003     0.599673608751E-003     0.341813956988E-003     0.173905346538E-005     0.584720887961E-003
     0.352476196562E+003     0.599673608759E-003     0.341813956992E-003     0.173905346540E-005     0.586459941426E-003
     0.353476196562E+003     0.599673608766E-003     0.341813956996E-003     0.173905346542E-005     0.588198994891E-003
     0.354476196562E+003     0.599673608772E-003     0.341813957000E-003     0.173905346544E-005     0.589938048357E-003
     0.355476196562E+003     0.599673608778E-003     0.341813957003E-003     0.173905346546E-005     0.591677101822E-003
     0.356476196562E+003     0.599673608784E-003     0.341813957007E-003     0.173905346547E-005     0.593416155288E-003
     0.357476196562E+003     0.599673608789E-003     0.341813957010E-003     0.173905346549E-005     0.595155208753E-003
     0.358476196562E+003     0.599673608794E-003     0.341813957013E-003     0.173905346550E-005     0.596894262219E-003
     0.359476196562E+003     0.599673608799E-003     0.341813957015E-003     0.173905346552E-005     0.598633315684E-003
     0.360476196562E+003     0.599673608803E-003     0.341813957018E-003     0.173905346553E-005     0.600372369150E-003
     0.361476196562E+003     0.599673608807E-003     0.341813957020E-003     0.173905346554E-005     0.602111422615E-003
     0.362476196562E+003     0.599673608811E-003     0.341813957022E-003     0.173905346555E-005     0.603850476081E-003
     0.363476196562E+003     0.599673608815E-003     0.341813957024E-003     0.173905346556E-005     0.605589529547E-003
     0.364476196562E+003     0.599673608818E-003     0.341813957026E-003     0.173905346557E-005     0.607328583012E-003
     0.365476196562E+003     0.599673608821E-003     0.341813957028E-003     0.173905346558E-005     0.609067636478E-003
     0.366476196562E+003     0.599673608824E-003     0.341813957030E-003     0.173905346559E-005     0.610806689943E-003
     0.367476196562E+003     0.599673608827E-003     0.341813957031E-003     0.173905346560E-005     0.612545743409E-003
     0.368476196562E+003     0.599673608830E-003     0.341813957033E-003     0.173905346561E-005     0.614284796874E-003
     0.369476196562E+003     0.599673608832E-003     0.341813957034E-003     0.173905346561E-005     0.616023850340E-003
     0.370476196562E+003     0.599673608835E-003     0.341813957036E-003     0.173905346562E-005     0.617762903806E-003
     0.371476196562E+003     0.599673608837E-003     0.341813957037E-003     0.173905346563E-005     0.619501957271E-003
     0.372476196562E+003     0.599673608839E-003     0.341813957038E-003     0.173905346563E-005     0.621241010737E-003
     0.373476196562E+003     0.599673608841E-003     0.341813957039E-003     0.173905346564E-005     0.622980064203E-003
     0.374476196562E+003     0.599673608843E-003     0.341813957040E-003     0.173905346564E-005     0.624719117668E-003
     0.375476196562E+003     0.599673608844E-003     0.341813957041E-003     0.173905346565E-005     0.626458171134E-003
     0.376476196562E+003     0.599673608846E-003     0.341813957042E-003     0.173905346565E-005     0.628197224600E-003
     0.377476196562E+003     0.599673608847E-003     0.341813957043E-003     0.173905346566E-005     0.629936278065E-003
     0.378476196562E+003     0.599673608849E-003     0.341813957044E-003     0.173905346566E-005     0.631675331531E-003
     0.379476196562E+003     0.599673608850E-003     0.341813957045E-003     0.173905346567E-005     0.633414384997E-003
     0.380476196562E+003     0.599673608851E-003     0.341813957045E-003     0.173905346567E-005     0.635153438462E-003
     0.381476196562E+003     0.599673608853E-003     0.341813957046E-003     0.173905346567E-005     0.636892491928E-003
     0.382476196562E+003     0.599673608854E-003     0.341813957047E-003     0.173905346568E-005     0.638631545394E-003
     0.383476196562E+003     0.599673608855E-003     0.341813957047E-003     0.173905346568E-005     0.640370598859E-003
     0.384476196562E+003     0.599673608856E-003     0.341813957048E-003     0.173905346568E-005     0.642109652325E-003
     0.385476196562E+003     0.599673608856E-003     0.341813957048E-003     0.173905346568E-005     0.643848705791E-003
     0.386476196562E+003     0.599673608857E-003     0.341813957049E-003     0.173905346569E-005     0.645587759256E-003
     0.387476196562E+003     0.599673608858E-003     0.341813957049E-003     0.173905346569E-005     0.647326812722E-003
     0.388476196562E+003     0.599673608859E-003     0.341813957050E-003     0.173905346569E-005     0.649065866188E-003
     0.389476196562E+003     0.599673608860E-003     0.341813957050E-003     0.173905346569E-005     0.650804919653E-003
     0.390476196562E+003     0.599673608860E-003     0.341813957050E-003     0.173905346569E-005     0.652543973119E-003
     0.391476196562E+003     0.599673608861E-003     0.341813957051E-003     0.173905346570E-005     0.654283026585E-003
     0.392476196562E+003     0.599673608861E-003     0.341813957051E-003     0.173905346570E-005     0.656022080050E-003
     0.393476196562E+003     0.599673608862E-003     0.341813957051E-003     0.173905346570E-005     0.657761133516E-003
     0.394476196562E+003     0.599673608862E-003     0.341813957052E-003     0.173905346570E-005     0.659500186982E-003
     0.395476196562E+003     0.599673608863E-003     0.341813957052E-003     0.173905346570E-005     0.661239240448E-003
     0.396476196562E+003     0.599673608863E-003     0.341813957052E-003     0.173905346570E-005     0.662978293913E-003
     0.397476196562E+003     0.599673608864E-003     0.341813957052E-003     0.173905346570E-005     0.664717347379E-003
     0.398476196562E+003     0.599673608864E-003     0.341813957053E-003     0.173905346571E-005     0.666456400845E-003
     0.399476196562E+003     0.599673608865E-003     0.341813957053E-003     0.173905346571E-005     0.668195454310E-003
     0.400476196562E+003     0.599673608865E-003     0.341813957053E-003     0.173905346571E-005     0.669934507776E-003
     0.401476196562E+003     0.599673608865E-003     0.341813957053E-003     0.173905346571E-005     0.671673561242E-003
     0.402476196562E+003     0.599673608866E-003     0.341813957053E-003     0.173905346571E-005     0.673412614708E-003
     0.403476196562E+003     0.599673608866E-003     0.341813957054E-003     0.173905346571E-005     0.675151668173E-003
     0.404476196562E+003     0.599673608866E-003     0.341813957054E-003     0.173905346571E-005     0.676890721639E-003
     0.405476196562E+003     0.599673608866E-003     0.341813957054E-003     0.173905346571E-005     0.678629775105E-003
     0.406476196562E+003     0.599673608867E-003     0.341813957054E-003     0.173905346571E-005     0.680368828570E-003
     0.407476196562E+003     0.599673608867E-003     0.341813957054E-003     0.173905346571E-005     0.682107882036E-003
     0.408476196562E+003     0.599673608867E-003     0.341813957054E-003     0.173905346571E-005     0.683846935502E-003
     0.409476196562E+003     0.599673608867E-003     0.341813957054E-003     0.173905346571E-005     0.685585988968E-003
     0.410476196562E+003     0.599673608867E-003     0.341813957054E-003     0.173905346572E-005     0.687325042433E-003
     0.411476196562E+003     0.599673608868E-003     0.341813957054E-003     0.173905346572E-005     0.689064095899E-003
     0.412476196562E+003     0.599673608868E-003     0.341813957055E-003     0.173905346572E-005     0.690803149365E-003
     0.413476196562E+003     0.599673608868E-003     0.341813957055E-003     0.173905346572E-005     0.692542202830E-003
     0.414476196562E+003     0.599673608868E-003     0.341813957055E-003     0.173905346572E-005     0.694281256296E-003
     0.415476196562E+003     0.599673608868E-003     0.341813957055E-003     0.173905346572E-005     0.696020309762E-003
     0.416476196562E+003     0.599673608868E-003     0.341813957055E-003     0.173905346572E-005     0.697759363228E-003
     0.417476196562E+003     0.599673608868E-003     0.341813957055E-003     0.173905346572E-005     0.699498416693E-003
     0.418476196562E+003     0.599673608868E-003     0.341813957055E-003     0.173905346572E-005     0.701237470159E-003
     0.419476196562E+003     0.599673608869E-003     0.341813957055E-003     0.173905346572E-005     0.702976523625E-003
     0.420476196562E+003     0.599673608869E-003     0.341813957055E-003     0.173905346572E-005     0.704715577090E-003
     0.421476196562E+003     0.599673608869E-003     0.341813957055E-003     0.173905346572E-005     0.706454630556E-003
     0.422476196562E+003     0.599673608869E-003     0.341813957055E-003     0.173905346572E-005     0.708193684022E-003
     0.423476196562E+003     0.599673608869E-003     0.341813957055E-003     0.173905346572E-005     0.709932737488E-003
     0.424476196562E+003     0.599673608869E-003     0.341813957055E-003     0.173905346572E-005     0.711671790953E-003
     0.425476196562E+003     0.599673608869E-003     0.341813957055E-003     0.173905346572E-005     0.713410844419E-003
     0.426476196562E+003     0.599673608869E-003     0.341813957055E-003     0.173905346572E-005     0.715149897885E-003
     0.427476196562E+003     0.599673608869E-003     0.341813957055E-003     0.173905346572E-005     0.716888951350E-003
     0.428476196562E+003     0.599673608869E-003     0.341813957055E-003     0.173905346572E-005     0.718628004816E-003
     0.429476196562E+003     0.599673608869E-003     0.341813957056E-003     0.173905346572E-005     0.720367058282E-003
     0.430476196562E+003     0.599673608869E-003     0.341813957056E-003     0.173905346572E-005     0.722106111748E-003
     0.431476196562E+003     0.599673608869E-003     0.341813957056E-003     0.173905346572E-005     0.723845165213E-003
     0.432476196562E+003     0.599673608869E-003     0.341813957056E-003     0.173905346572E-005     0.725584218679E-003
     0.433476196562E+003     0.599673608869E-003     0.341813957056E-003     0.173905346572E-005     0.727323272145E-003
     0.434476196562E+003     0.599673608870E-003     0.341813957056E-003     0.173905346572E-005     0.729062325610E-003
     0.435476196562E+003     0.599673608870E-003     0.341813957056E-003     0.173905346572E-005     0.730801379076E-003
     0.436476196562E+003     0.599673608870E-003     0.341813957056E-003     0.173905346572E-005     0.732540432542E-003
     0.437476196562E+003     0.599673608870E-003     0.341813957056E-003     0.173905346572E-005     0.734279486008E-003
     0.438476196562E+003     0.599673608870E-003     0.341813957056E-003     0.173905346572E-005     0.736018539473E-003
     0.439476196562E+003     0.599673608870E-003     0.341813957056E-003     0.173905346572E-005     0.737757592939E-003
     0.440476196562E+003     0.599673608870E-003     0.341813957056E-003     0.173905346572E-005     0.739496646405E-003
     0.441476196562E+003     0.599673608870E-003     0.341813957056E-003     0.173905346572E-005     0.741235699871E-003
     0.442476196562E+003     0.599673608870E-003     0.341813957056E-003     0.173905346572E-005     0.742974753336E-003
     0.443476196562E+003     0.599673608870E-003     0.341813957056E-003     0.173905346572E-005     0.744713806802E-003
     0.444476196562E+003     0.599673608870E-003     0.341813957056E-003     0.173905346572E-005     0.746452860268E-003
     0.445476196562E+003     0.599673608870E-003     0.341813957056E-003     0.173905346572E-005     0.748191913733E-003
     0.446476196562E+003     0.599673608870E-003     0.341813957056E-003     0.173905346572E-005     0.749930967199E-003
     0.447476196562E+003     0.599673608870E-003     0.341813957056E-003     0.173905346572E-005     0.751670020665E-003
     0.448476196562E+003     0.599673608870E-003     0.341813957056E-003     0.173905346572E-005     0.753409074131E-003
     0.449476196562E+003     0.599673608870E-003     0.341813957056E-003     0.173905346572E-005     0.755148127596E-003
     0.450476196562E+003     0.599673608870E-003     0.341813957056E-003     0.173905346572E-005     0.756887181062E-003
     0.451476196562E+003     0.599673608870E-003     0.341813957056E-003     0.173905346572E-005     0.758626234528E-003
     0.452476196562E+003     0.599673608870E-003     0.341813957056E-003     0.173905346572E-005     0.760365287993E-003
     0.453476196562E+003     0.599673608870E-003     0.341813957056E-003     0.173905346572E-005     0.762104341459E-003
     0.454476196562E+003     0.599673608870E-003     0.341813957056E-003     0.173905346572E-005     0.763843394925E-003
     0.455476196562E+003     0.599673608870E-003     0.341813957056E-003     0.173905346572E-005     0.765582448391E-003
     0.456476196562E+003     0.599673608870E-003     0.341813957056E-003     0.173905346572E-005     0.767321501856E-003
     0.457476196562E+003     0.599673608870E-003     0.341813957056E-003     0.173905346572E-005     0.769060555322E-003
     0.458476196562E+003     0.599673608870E-003     0.341813957056E-003     0.173905346572E-005     0.770799608788E-003
     0.459476196562E+003     0.599673608870E-003     0.341813957056E-003     0.173905346572E-005     0.772538662254E-003
     0.460476196562E+003     0.599673608870E-003     0.341813957056E-003     0.173905346572E-005     0.774277715719E-003
     0.461476196562E+003     0.599673608870E-003     0.341813957056E-003     0.173905346572E-005     0.776016769185E-003
     0.462476196562E+003     0.599673608870E-003     0.341813957056E-003     0.173905346572E-005     0.777755822651E-003
     0.463476196562E+003     0.599673608870E-003     0.341813957056E-003     0.173905346572E-005     0.779494876116E-003
     0.464476196562E+003     0.599673608870E-003     0.341813957056E-003     0.173905346572E-005     0.781233929582E-003
     0.465476196562E+003     0.599673608870E-003     0.341813957056E-003     0.173905346572E-005     0.782972983048E-003
     0.466476196562E+003     0.599673608870E-003     0.341813957056E-003     0.173905346572E-005     0.784712036514E-003
     0.467476196562E+003     0.599673608870E-003     0.341813957056E-003     0.173905346572E-005     0.786451089979E-003
     0.468476196562E+003     0.599673608870E-003     0.341813957056E-003     0.173905346572E-005     0.788190143445E-003
     0.469476196562E+003     0.599673608870E-003     0.341813957056E-003     0.173905346572E-005     0.789929196911E-003
     0.470476196562E+003     0.599673608870E-003     0.341813957056E-003     0.173905346572E-005     0.791668250376E-003
     0.471476196562E+003     0.599673608870E-003     0.341813957056E-003     0.173905346572E-005     0.793407303842E-003
     0.472476196562E+003     0.599673608870E-003     0.341813957056E-003     0.173905346572E-005     0.795146357308E-003
     0.473476196562E+003     0.599673608870E-003     0.341813957056E-003     0.173905346572E-005     0.796885410774E-003
     0.474476196562E+003     0.599673608870E-003     0.341813957056E-003     0.173905346572E-005     0.798624464239E-003
     0.475476196562E+003     0.599673608870E-003     0.341813957056E-003     0.173905346572E-005     0.800363517705E-003
     0.476476196562E+003     0.599673608870E-003     0.341813957056E-003     0.173905346572E-005     0.802102571171E-003
     0.477476196562E+003     0.599673608870E-003     0.341813957056E-003     0.173905346572E-005     0.803841624637E-003
     0.478476196562E+003     0.599673608870E-003     0.341813957056E-003     0.173905346572E-005     0.805580678102E-003
     0.479476196562E+003     0.599673608870E-003     0.341813957056E-003     0.173905346572E-005     0.807319731568E-003
     0.480476196562E+003     0.599673608870E-003     0.341813957056E-003     0.173905346572E-005     0.809058785034E-003
     0.481476196562E+003     0.599673608870E-003     0.341813957056E-003     0.173905346572E-005     0.810797838499E-003
     0.482476196562E+003     0.599673608870E-003     0.341813957056E-003     0.173905346572E-005     0.812536891965E-003
     0.483476196562E+003     0.599673608870E-003     0.341813957056E-003     0.173905346572E-005     0.814275945431E-003
     0.484476196562E+003     0.599673608870E-003     0.341813957056E-003     0.173905346572E-005     0.816014998897E-003
     0.485476196562E+003     0.599673608870E-003     0.341813957056E-003     0.173905346572E-005     0.817754052362E-003
     0.486476196562E+003     0.599673608870E-003     0.341813957056E-003     0.173905346572E-005     0.819493105828E-003
     0.487476196562E+003     0.599673608870E-003     0.341813957056E-003     0.173905346572E-005     0.821232159294E-003
     0.488476196562E+003     0.599673608870E-003     0.341813957056E-003     0.173905346572E-005     0.822971212760E-003
     0.489476196562E+003     0.599673608870E-003     0.341813957056E-003     0.173905346572E-005     0.824710266225E-003
     0.490476196562E+003     0.599673608870E-003     0.341813957056E-003     0.173905346572E-005     0.826449319691E-003
     0.491476196562E+003     0.599673608870E-003     0.341813957056E-003     0.173905346572E-005     0.828188373157E-003
     0.492476196562E+003     0.599673608870E-003     0.341813957056E-003     0.173905346572E-005     0.829927426622E-003
     0.493476196562E+003     0.599673608870E-003     0.341813957056E-003     0.173905346572E-005     0.831666480088E-003
     0.494476196562E+003     0.599673608870E-003     0.341813957056E-003     0.173905346572E-005     0.833405533554E-003
     0.495476196562E+003     0.599673608870E-003     0.341813957056E-003     0.173905346572E-005     0.835144587020E-003
     0.496476196562E+003     0.599673608870E-003     0.341813957056E-003     0.173905346572E-005     0.836883640485E-003
     0.497476196562E+003     0.599673608870E-003     0.341813957056E-003     0.173905346572E-005     0.838622693951E-003
     0.498476196562E+003     0.599673608870E-003     0.341813957056E-003     0.173905346572E-005     0.840361747417E-003
     0.499476196562E+003     0.599673608870E-003     0.341813957056E-003     0.173905346572E-005     0.842100800882E-003
     0.500476196562E+003     0.599673608870E-003     0.341813957056E-003     0.173905346572E-005     0.843839854348E-003
     0.501476196562E+003     0.599673608870E-003     0.341813957056E-003     0.173905346572E-005     0.845578907814E-003
     0.502476196562E+003     0.599673608870E-003     0.341813957056E-003     0.173905346572E-005     0.847317961280E-003
     0.503476196562E+003     0.599673608870E-003     0.341813957056E-003     0.173905346572E-005     0.849057014745E-003
     0.504476196562E+003     0.599673608870E-003     0.341813957056E-003     0.173905346572E-005     0.850796068211E-003
     0.505476196562E+003     0.599673608870E-003     0.341813957056E-003     0.173905346572E-005     0.852535121677E-003
     0.506476196562E+003     0.599673608870E-003     0.341813957056E-003     0.173905346572E-005     0.854274175143E-003
     0.507476196562E+003     0.599673608870E-003     0.341813957056E-003     0.173905346572E-005     0.856013228608E-003
     0.508476196562E+003     0.599673608870E-003     0.341813957056E-003     0.173905346572E-005     0.857752282074E-003
     0.509476196562E+003     0.599673608870E-003     0.341813957056E-003     0.173905346572E-005     0.859491335540E-003
     0.510476196562E+003     0.599673608870E-003     0.341813957056E-003     0.173905346572E-005     0.861230389005E-003
     0.511476196562E+003     0.599673608870E-003     0.341813957056E-003     0.173905346572E-005     0.862969442471E-003
     0.512476196562E+003     0.599673608870E-003     0.341813957056E-003     0.173905346572E-005     0.864708495937E-003
     0.513476196562E+003     0.599673608870E-003     0.341813957056E-003     0.173905346572E-005     0.866447549403E-003
     0.514476196562E+003     0.599673608870E-003     0.341813957056E-003     0.173905346572E-005     0.868186602868E-003
     0.515476196562E+003     0.599673608870E-003     0.341813957056E-003     0.173905346572E-005     0.869925656334E-003
     0.516476196562E+003     0.599673608870E-003     0.341813957056E-003     0.173905346572E-005     0.871664709800E-003
     0.517476196562E+003     0.599673608870E-003     0.341813957056E-003     0.173905346572E-005     0.873403763265E-003
     0.518476196562E+003     0.599673608870E-003     0.341813957056E-003     0.173905346572E-005     0.875142816731E-003
     0.519476196562E+003     0.599673608870E-003     0.341813957056E-003     0.173905346572E-005     0.876881870197E-003
     0.520476196562E+003     0.599673608870E-003     0.341813957056E-003     0.173905346572E-005     0.878620923663E-003
     0.521476196562E+003     0.599673608870E-003     0.341813957056E-003     0.173905346572E-005     0.880359977128E-003
     0.522476196562E+003     0.599673608869E-003     0.341813957056E-003     0.173905346572E-005     0.882099030594E-003
     0.523476196562E+003     0.599673608869E-003     0.341813957056E-003     0.173905346572E-005     0.883838084060E-003
     0.524476196562E+003     0.599673608869E-003     0.341813957056E-003     0.173905346572E-005     0.885577137526E-003
     0.525476196562E+003     0.599673608869E-003     0.341813957056E-003     0.173905346572E-005     0.887316190991E-003
     0.526476196562E+003     0.599673608869E-003     0.341813957056E-003     0.173905346572E-005     0.889055244457E-003
     0.527476196562E+003     0.599673608869E-003     0.341813957056E-003     0.173905346572E-005     0.890794297923E-003
     0.528476196562E+003     0.599673608869E-003     0.341813957056E-003     0.173905346572E-005     0.892533351388E-003
     0.529476196562E+003     0.599673608869E-003     0.341813957056E-003     0.173905346572E-005     0.894272404854E-003
     0.530476196562E+003     0.599673608869E-003     0.341813957056E-003     0.173905346572E-005     0.896011458320E-003
     0.531476196562E+003     0.599673608869E-003     0.341813957055E-003     0.173905346572E-005     0.897750511786E-003
     0.532476196562E+003     0.599673608869E-003     0.341813957055E-003     0.173905346572E-005     0.899489565251E-003
     0.533476196562E+003     0.599673608869E-003     0.341813957055E-003     0.173905346572E-005     0.901228618717E-003
     0.534476196562E+003     0.599673608869E-003     0.341813957055E-003     0.173905346572E-005     0.902967672183E-003
     0.535476196562E+003     0.599673608869E-003     0.341813957055E-003     0.173905346572E-005     0.904706725648E-003
     0.536476196562E+003     0.599673608869E-003     0.341813957055E-003     0.173905346572E-005     0.906445779114E-003
     0.537476196562E+003     0.599673608869E-003     0.341813957055E-003     0.173905346572E-005     0.908184832580E-003
     0.538476196562E+003     0.599673608869E-003     0.341813957055E-003     0.173905346572E-005     0.909923886046E-003
     0.539476196562E+003     0.599673608869E-003     0.341813957055E-003     0.173905346572E-005     0.911662939511E-003
     0.540476196562E+003     0.599673608869E-003     0.341813957055E-003     0.173905346572E-005     0.913401992977E-003
     0.541476196562E+003     0.599673608869E-003     0.341813957055E-003     0.173905346572E-005     0.915141046443E-003
     0.542476196562E+003     0.599673608869E-003     0.341813957055E-003     0.173905346572E-005     0.916880099908E-003
     0.543476196562E+003     0.599673608869E-003     0.341813957055E-003     0.173905346572E-005     0.918619153374E-003
     0.544476196562E+003     0.599673608869E-003     0.341813957055E-003     0.173905346572E-005     0.920358206840E-003
     0.545476196562E+003     0.599673608869E-003     0.341813957055E-003     0.173905346572E-005     0.922097260306E-003
     0.546476196562E+003     0.599673608869E-003     0.341813957055E-003     0.173905346572E-005     0.923836313771E-003
     0.547476196562E+003     0.599673608869E-003     0.341813957055E-003     0.173905346572E-005     0.925575367237E-003
     0.548476196562E+003     0.599673608869E-003     0.341813957055E-003     0.173905346572E-005     0.927314420703E-003
     0.549476196562E+003     0.599673608869E-003     0.341813957055E-003     0.173905346572E-005     0.929053474168E-003
     0.550476196562E+003     0.599673608869E-003     0.341813957055E-003     0.173905346572E-005     0.930792527634E-003
     0.551476196562E+003     0.599673608869E-003     0.341813957055E-003     0.173905346572E-005     0.932531581100E-003
     0.552476196562E+003     0.599673608869E-003     0.341813957055E-003     0.173905346572E-005     0.934270634566E-003
     0.553476196562E+003     0.599673608869E-003     0.341813957055E-003     0.173905346572E-005     0.936009688031E-003
     0.554476196562E+003     0.599673608868E-003     0.341813957055E-003     0.173905346572E-005     0.937748741497E-003
     0.555476196562E+003     0.599673608868E-003     0.341813957055E-003     0.173905346572E-005     0.939487794963E-003
     0.556476196562E+003     0.599673608868E-003     0.341813957055E-003     0.173905346572E-005     0.941226848429E-003
     0.557476196562E+003     0.599673608868E-003     0.341813957055E-003     0.173905346572E-005     0.942965901894E-003
     0.558476196562E+003     0.599673608868E-003     0.341813957055E-003     0.173905346572E-005     0.944704955360E-003
     0.559476196562E+003     0.599673608868E-003     0.341813957055E-003     0.173905346572E-005     0.946444008826E-003
     0.560476196562E+003     0.599673608868E-003     0.341813957055E-003     0.173905346572E-005     0.948183062291E-003
     0.561476196562E+003     0.599673608868E-003     0.341813957055E-003     0.173905346572E-005     0.949922115757E-003
     0.562476196562E+003     0.599673608868E-003     0.341813957055E-003     0.173905346572E-005     0.951661169223E-003
     0.563476196562E+003     0.599673608868E-003     0.341813957055E-003     0.173905346572E-005     0.953400222689E-003
     0.564476196562E+003     0.599673608868E-003     0.341813957055E-003     0.173905346572E-005     0.955139276154E-003
     0.565476196562E+003     0.599673608868E-003     0.341813957055E-003     0.173905346572E-005     0.956878329620E-003
     0.566476196562E+003     0.599673608868E-003     0.341813957055E-003     0.173905346572E-005     0.958617383086E-003
     0.567476196562E+003     0.599673608868E-003     0.341813957055E-003     0.173905346572E-005     0.960356436551E-003
     0.568476196562E+003     0.599673608868E-003     0.341813957055E-003     0.173905346572E-005     0.962095490017E-003
     0.569476196562E+003     0.599673608868E-003     0.341813957055E-003     0.173905346572E-005     0.963834543483E-003
     0.570476196562E+003     0.599673608868E-003     0.341813957055E-003     0.173905346571E-005     0.965573596949E-003
     0.571476196562E+003     0.599673608868E-003     0.341813957055E-003     0.173905346571E-005     0.967312650414E-003
     0.572476196562E+003     0.599673608867E-003     0.341813957054E-003     0.173905346571E-005     0.969051703880E-003
     0.573476196562E+003     0.599673608867E-003     0.341813957054E-003     0.173905346571E-005     0.970790757346E-003
     0.574476196562E+003     0.599673608867E-003     0.341813957054E-003     0.173905346571E-005     0.972529810811E-003
     0.575476196562E+003     0.599673608867E-003     0.341813957054E-003     0.173905346571E-005     0.974268864277E-003
     0.576476196562E+003     0.599673608867E-003     0.341813957054E-003     0.173905346571E-005     0.976007917743E-003
     0.577476196562E+003     0.599673608867E-003     0.341813957054E-003     0.173905346571E-005     0.977746971209E-003
     0.578476196562E+003     0.599673608867E-003     0.341813957054E-003     0.173905346571E-005     0.979486024674E-003
     0.579476196562E+003     0.599673608867E-003     0.341813957054E-003     0.173905346571E-005     0.981225078140E-003
     0.580476196562E+003     0.599673608867E-003     0.341813957054E-003     0.173905346571E-005     0.982964131606E-003
     0.581476196562E+003     0.599673608867E-003     0.341813957054E-003     0.173905346571E-005     0.984703185071E-003
     0.582476196562E+003     0.599673608867E-003     0.341813957054E-003     0.173905346571E-005     0.986442238537E-003
     0.583476196562E+003     0.599673608867E-003     0.341813957054E-003     0.173905346571E-005     0.988181292003E-003
     0.584476196562E+003     0.599673608867E-003     0.341813957054E-003     0.173905346571E-005     0.989920345469E-003
     0.585476196562E+003     0.599673608866E-003     0.341813957054E-003     0.173905346571E-005     0.991659398934E-003
     0.586476196562E+003     0.599673608866E-003     0.341813957054E-003     0.173905346571E-005     0.993398452400E-003
     0.587476196562E+003     0.599673608866E-003     0.341813957054E-003     0.173905346571E-005     0.995137505866E-003
     0.588476196562E+003     0.599673608866E-003     0.341813957054E-003     0.173905346571E-005     0.996876559331E-003
     0.589476196562E+003     0.599673608866E-003     0.341813957054E-003     0.173905346571E-005     0.998615612797E-003
     0.590476196562E+003     0.599673608866E-003     0.341813957054E-003     0.173905346571E-005     0.100035466626E-002
     0.591476196562E+003     0.599673608866E-003     0.341813957054E-003     0.173905346571E-005     0.100209371973E-002
     0.592476196562E+003     0.599673608866E-003     0.341813957053E-003     0.173905346571E-005     0.100383277319E-002
     0.593476196562E+003     0.599673608866E-003     0.341813957053E-003     0.173905346571E-005     0.100557182666E-002
     0.594476196562E+003     0.599673608866E-003     0.341813957053E-003     0.173905346571E-005     0.100731088013E-002
     0.595476196562E+003     0.599673608865E-003     0.341813957053E-003     0.173905346571E-005     0.100904993359E-002
     0.596476196562E+003     0.599673608865E-003     0.341813957053E-003     0.173905346571E-005     0.101078898706E-002
     0.597476196562E+003     0.599673608865E-003     0.341813957053E-003     0.173905346571E-005     0.101252804052E-002
     0.598476196562E+003     0.599673608865E-003     0.341813957053E-003     0.173905346571E-005     0.101426709399E-002
     0.599476196562E+003     0.599673608865E-003     0.341813957053E-003     0.173905346571E-005     0.101600614745E-002
     0.600476196562E+003     0.599673608865E-003     0.341813957053E-003     0.173905346571E-005     0.101774520092E-002
     0.601476196562E+003     0.599673608865E-003     0.341813957053E-003     0.173905346571E-005     0.101948425439E-002
     0.602476196562E+003     0.599673608865E-003     0.341813957053E-003     0.173905346571E-005     0.102122330785E-002
     0.603476196562E+003     0.599673608864E-003     0.341813957053E-003     0.173905346570E-005     0.102296236132E-002
     0.604476196562E+003     0.599673608864E-003     0.341813957053E-003     0.173905346570E-005     0.102470141478E-002
     0.605476196562E+003     0.599673608864E-003     0.341813957053E-003     0.173905346570E-005     0.102644046825E-002
     0.606476196562E+003     0.599673608864E-003     0.341813957053E-003     0.173905346570E-005     0.102817952171E-002
     0.607476196562E+003     0.599673608864E-003     0.341813957052E-003     0.173905346570E-005     0.102991857518E-002
     0.608476196562E+003     0.599673608864E-003     0.341813957052E-003     0.173905346570E-005     0.103165762865E-002
     0.609476196562E+003     0.599673608864E-003     0.341813957052E-003     0.173905346570E-005     0.103339668211E-002
     0.610476196562E+003     0.599673608864E-003     0.341813957052E-003     0.173905346570E-005     0.103513573558E-002
     0.611476196562E+003     0.599673608863E-003     0.341813957052E-003     0.173905346570E-005     0.103687478904E-002
     0.612476196562E+003     0.599673608863E-003     0.341813957052E-003     0.173905346570E-005     0.103861384251E-002
     0.613476196562E+003     0.599673608863E-003     0.341813957052E-003     0.173905346570E-005     0.104035289597E-002
     0.614476196562E+003     0.599673608863E-003     0.341813957052E-003     0.173905346570E-005     0.104209194944E-002
     0.615476196562E+003     0.599673608863E-003     0.341813957052E-003     0.173905346570E-005     0.104383100291E-002
     0.616476196562E+003     0.599673608863E-003     0.341813957052E-003     0.173905346570E-005     0.104557005637E-002
     0.617476196562E+003     0.599673608862E-003     0.341813957052E-003     0.173905346570E-005     0.104730910984E-002
     0.618476196562E+003     0.599673608862E-003     0.341813957051E-003     0.173905346570E-005     0.104904816330E-002
     0.619476196562E+003     0.599673608862E-003     0.341813957051E-003     0.173905346570E-005     0.105078721677E-002
     0.620476196562E+003     0.599673608862E-003     0.341813957051E-003     0.173905346570E-005     0.105252627023E-002
     0.621476196562E+003     0.599673608862E-003     0.341813957051E-003     0.173905346570E-005     0.105426532370E-002
     0.622476196562E+003     0.599673608862E-003     0.341813957051E-003     0.173905346570E-005     0.105600437717E-002
     0.623476196562E+003     0.599673608861E-003     0.341813957051E-003     0.173905346569E-005     0.105774343063E-002
     0.624476196562E+003     0.599673608861E-003     0.341813957051E-003     0.173905346569E-005     0.105948248410E-002
     0.625476196562E+003     0.599673608861E-003     0.341813957051E-003     0.173905346569E-005     0.106122153756E-002
     0.626476196562E+003     0.599673608861E-003     0.341813957051E-003     0.173905346569E-005     0.106296059103E-002
     0.627476196562E+003     0.599673608861E-003     0.341813957051E-003     0.173905346569E-005     0.106469964449E-002
     0.628476196562E+003     0.599673608860E-003     0.341813957050E-003     0.173905346569E-005     0.106643869796E-002
     0.629476196562E+003     0.599673608860E-003     0.341813957050E-003     0.173905346569E-005     0.106817775143E-002
     0.630476196562E+003     0.599673608860E-003     0.341813957050E-003     0.173905346569E-005     0.106991680489E-002
     0.631476196562E+003     0.599673608860E-003     0.341813957050E-003     0.173905346569E-005     0.107165585836E-002
     0.632476196562E+003     0.599673608859E-003     0.341813957050E-003     0.173905346569E-005     0.107339491182E-002
     0.633476196562E+003     0.599673608859E-003     0.341813957050E-003     0.173905346569E-005     0.107513396529E-002
     0.634476196562E+003     0.599673608859E-003     0.341813957050E-003     0.173905346569E-005     0.107687301875E-002
     0.635476196562E+003     0.599673608859E-003     0.341813957050E-003     0.173905346569E-005     0.107861207222E-002
     0.636476196562E+003     0.599673608859E-003     0.341813957049E-003     0.173905346569E-005     0.108035112568E-002
     0.637476196562E+003     0.599673608858E-003     0.341813957049E-003     0.173905346568E-005     0.108209017915E-002
     0.638476196562E+003     0.599673608858E-003     0.341813957049E-003     0.173905346568E-005     0.108382923262E-002
     0.639476196562E+003     0.599673608858E-003     0.341813957049E-003     0.173905346568E-005     0.108556828608E-002
     0.640476196562E+003     0.599673608858E-003     0.341813957049E-003     0.173905346568E-005     0.108730733955E-002
     0.641476196562E+003     0.599673608857E-003     0.341813957049E-003     0.173905346568E-005     0.108904639301E-002
     0.642476196562E+003     0.599673608857E-003     0.341813957049E-003     0.173905346568E-005     0.109078544648E-002
     0.643476196562E+003     0.599673608857E-003     0.341813957048E-003     0.173905346568E-005     0.109252449994E-002
     0.644476196562E+003     0.599673608856E-003     0.341813957048E-003     0.173905346568E-005     0.109426355341E-002
     0.645476196562E+003     0.599673608856E-003     0.341813957048E-003     0.173905346568E-005     0.109600260688E-002
     0.646476196562E+003     0.599673608856E-003     0.341813957048E-003     0.173905346568E-005     0.109774166034E-002
     0.647476196562E+003     0.599673608856E-003     0.341813957048E-003     0.173905346568E-005     0.109948071381E-002
     0.648476196562E+003     0.599673608855E-003     0.341813957048E-003     0.173905346568E-005     0.110121976727E-002
     0.649476196562E+003     0.599673608855E-003     0.341813957047E-003     0.173905346567E-005     0.110295882074E-002
     0.650476196562E+003     0.599673608855E-003     0.341813957047E-003     0.173905346567E-005     0.110469787420E-002
     0.651476196562E+003     0.599673608854E-003     0.341813957047E-003     0.173905346567E-005     0.110643692767E-002
     0.652476196562E+003     0.599673608854E-003     0.341813957047E-003     0.173905346567E-005     0.110817598114E-002
     0.653476196562E+003     0.599673608854E-003     0.341813957047E-003     0.173905346567E-005     0.110991503460E-002
     0.654476196562E+003     0.599673608854E-003     0.341813957046E-003     0.173905346567E-005     0.111165408807E-002
     0.655476196562E+003     0.599673608853E-003     0.341813957046E-003     0.173905346567E-005     0.111339314153E-002
     0.656476196562E+003     0.599673608853E-003     0.341813957046E-003     0.173905346567E-005     0.111513219500E-002
     0.657476196562E+003     0.599673608853E-003     0.341813957046E-003     0.173905346567E-005     0.111687124846E-002
     0.658476196562E+003     0.599673608852E-003     0.341813957046E-003     0.173905346567E-005     0.111861030193E-002
     0.659476196562E+003     0.599673608852E-003     0.341813957046E-003     0.173905346566E-005     0.112034935540E-002
     0.660476196562E+003     0.599673608851E-003     0.341813957045E-003     0.173905346566E-005     0.112208840886E-002
     0.661476196562E+003     0.599673608851E-003     0.341813957045E-003     0.173905346566E-005     0.112382746233E-002
     0.662476196562E+003     0.599673608851E-003     0.341813957045E-003     0.173905346566E-005     0.112556651579E-002
     0.663476196562E+003     0.599673608850E-003     0.341813957045E-003     0.173905346566E-005     0.112730556926E-002
     0.664476196562E+003     0.599673608850E-003     0.341813957044E-003     0.173905346566E-005     0.112904462272E-002
     0.665476196562E+003     0.599673608850E-003     0.341813957044E-003     0.173905346566E-005     0.113078367619E-002
     0.666476196562E+003     0.599673608849E-003     0.341813957044E-003     0.173905346566E-005     0.113252272966E-002
     0.667476196562E+003     0.599673608849E-003     0.341813957044E-003     0.173905346565E-005     0.113426178312E-002
     0.668476196562E+003     0.599673608848E-003     0.341813957044E-003     0.173905346565E-005     0.113600083659E-002
     0.669476196562E+003     0.599673608848E-003     0.341813957043E-003     0.173905346565E-005     0.113773989005E-002
     0.670476196562E+003     0.599673608848E-003     0.341813957043E-003     0.173905346565E-005     0.113947894352E-002
     0.671476196562E+003     0.599673608847E-003     0.341813957043E-003     0.173905346565E-005     0.114121799698E-002
     0.672476196562E+003     0.599673608847E-003     0.341813957043E-003     0.173905346565E-005     0.114295705045E-002
     0.673476196562E+003     0.599673608846E-003     0.341813957042E-003     0.173905346565E-005     0.114469610391E-002
     0.674476196562E+003     0.599673608846E-003     0.341813957042E-003     0.173905346565E-005     0.114643515738E-002
     0.675476196562E+003     0.599673608845E-003     0.341813957042E-003     0.173905346564E-005     0.114817421085E-002
     0.676476196562E+003     0.599673608845E-003     0.341813957042E-003     0.173905346564E-005     0.114991326431E-002
     0.677476196562E+003     0.599673608844E-003     0.341813957041E-003     0.173905346564E-005     0.115165231778E-002
     0.678476196562E+003     0.599673608844E-003     0.341813957041E-003     0.173905346564E-005     0.115339137124E-002
     0.679476196562E+003     0.599673608844E-003     0.341813957041E-003     0.173905346564E-005     0.115513042471E-002
     0.680476196562E+003     0.599673608843E-003     0.341813957041E-003     0.173905346564E-005     0.115686947817E-002
     0.681476196562E+003     0.599673608843E-003     0.341813957040E-003     0.173905346563E-005     0.115860853164E-002
     0.682476196562E+003     0.599673608842E-003     0.341813957040E-003     0.173905346563E-005     0.116034758511E-002
     0.683476196562E+003     0.599673608842E-003     0.341813957040E-003     0.173905346563E-005     0.116208663857E-002
     0.684476196562E+003     0.599673608841E-003     0.341813957039E-003     0.173905346563E-005     0.116382569204E-002
     0.685476196562E+003     0.599673608841E-003     0.341813957039E-003     0.173905346563E-005     0.116556474550E-002
     0.686476196562E+003     0.599673608840E-003     0.341813957039E-003     0.173905346563E-005     0.116730379897E-002
     0.687476196562E+003     0.599673608839E-003     0.341813957039E-003     0.173905346562E-005     0.116904285243E-002
     0.688476196562E+003     0.599673608839E-003     0.341813957038E-003     0.173905346562E-005     0.117078190590E-002
     0.689476196562E+003     0.599673608838E-003     0.341813957038E-003     0.173905346562E-005     0.117252095936E-002
     0.690476196562E+003     0.599673608838E-003     0.341813957038E-003     0.173905346562E-005     0.117426001283E-002
     0.691476196562E+003     0.599673608837E-003     0.341813957037E-003     0.173905346562E-005     0.117599906630E-002
     0.692476196562E+003     0.599673608837E-003     0.341813957037E-003     0.173905346562E-005     0.117773811976E-002
     0.693476196562E+003     0.599673608836E-003     0.341813957037E-003     0.173905346561E-005     0.117947717323E-002
     0.694476196562E+003     0.599673608835E-003     0.341813957036E-003     0.173905346561E-005     0.118121622669E-002
     0.695476196562E+003     0.599673608835E-003     0.341813957036E-003     0.173905346561E-005     0.118295528016E-002
     0.696476196562E+003     0.599673608834E-003     0.341813957036E-003     0.173905346561E-005     0.118469433362E-002
     0.697476196562E+003     0.599673608834E-003     0.341813957035E-003     0.173905346561E-005     0.118643338709E-002
     0.698476196562E+003     0.599673608833E-003     0.341813957035E-003     0.173905346560E-005     0.118817244056E-002
     0.699476196562E+003     0.599673608832E-003     0.341813957034E-003     0.173905346560E-005     0.118991149402E-002
     0.700476196562E+003     0.599673608832E-003     0.341813957034E-003     0.173905346560E-005     0.119165054749E-002
     0.701476196562E+003     0.599673608831E-003     0.341813957034E-003     0.173905346560E-005     0.119338960095E-002
     0.702476196562E+003     0.599673608830E-003     0.341813957033E-003     0.173905346560E-005     0.119512865442E-002
     0.703476196562E+003     0.599673608830E-003     0.341813957033E-003     0.173905346559E-005     0.119686770788E-002
     0.704476196562E+003     0.599673608829E-003     0.341813957033E-003     0.173905346559E-005     0.119860676135E-002
     0.705476196562E+003     0.599673608828E-003     0.341813957032E-003     0.173905346559E-005     0.120034581481E-002
     0.706476196562E+003     0.599673608828E-003     0.341813957032E-003     0.173905346559E-005     0.120208486828E-002
     0.707476196562E+003     0.599673608827E-003     0.341813957031E-003     0.173905346559E-005     0.120382392175E-002
     0.708476196562E+003     0.599673608826E-003     0.341813957031E-003     0.173905346558E-005     0.120556297521E-002
     0.709476196562E+003     0.599673608826E-003     0.341813957031E-003     0.173905346558E-005     0.120730202868E-002
     0.710476196562E+003     0.599673608825E-003     0.341813957030E-003     0.173905346558E-005     0.120904108214E-002
     0.711476196562E+003     0.599673608824E-003     0.341813957030E-003     0.173905346558E-005     0.121078013561E-002
     0.712476196562E+003     0.599673608823E-003     0.341813957029E-003     0.173905346557E-005     0.121251918907E-002
     0.713476196562E+003     0.599673608822E-003     0.341813957029E-003     0.173905346557E-005     0.121425824254E-002
     0.714476196562E+003     0.599673608822E-003     0.341813957028E-003     0.173905346557E-005     0.121599729600E-002
     0.715476196562E+003     0.599673608821E-003     0.341813957028E-003     0.173905346557E-005     0.121773634947E-002
     0.716476196562E+003     0.599673608820E-003     0.341813957027E-003     0.173905346556E-005     0.121947540294E-002
     0.717476196562E+003     0.599673608819E-003     0.341813957027E-003     0.173905346556E-005     0.122121445640E-002
     0.718476196562E+003     0.599673608818E-003     0.341813957027E-003     0.173905346556E-005     0.122295350987E-002
     0.719476196562E+003     0.599673608818E-003     0.341813957026E-003     0.173905346556E-005     0.122469256333E-002
     0.720476196562E+003     0.599673608817E-003     0.341813957026E-003     0.173905346555E-005     0.122643161680E-002
     0.721476196562E+003     0.599673608816E-003     0.341813957025E-003     0.173905346555E-005     0.122817067026E-002
     0.722476196562E+003     0.599673608815E-003     0.341813957025E-003     0.173905346555E-005     0.122990972373E-002
     0.723476196562E+003     0.599673608814E-003     0.341813957024E-003     0.173905346555E-005     0.123164877719E-002
     0.724476196562E+003     0.599673608813E-003     0.341813957024E-003     0.173905346554E-005     0.123338783066E-002
     0.725476196562E+003     0.599673608812E-003     0.341813957023E-003     0.173905346554E-005     0.123512688413E-002
     0.726476196562E+003     0.599673608811E-003     0.341813957023E-003     0.173905346554E-005     0.123686593759E-002
     0.727476196562E+003     0.599673608810E-003     0.341813957022E-003     0.173905346553E-005     0.123860499106E-002
     0.728476196562E+003     0.599673608810E-003     0.341813957021E-003     0.173905346553E-005     0.124034404452E-002
     0.729476196562E+003     0.599673608809E-003     0.341813957021E-003     0.173905346553E-005     0.124208309799E-002
     0.730476196562E+003     0.599673608808E-003     0.341813957020E-003     0.173905346552E-005     0.124382215145E-002
     0.731476196562E+003     0.599673608807E-003     0.341813957020E-003     0.173905346552E-005     0.124556120492E-002
     0.732476196562E+003     0.599673608806E-003     0.341813957019E-003     0.173905346552E-005     0.124730025838E-002
     0.733476196562E+003     0.599673608805E-003     0.341813957019E-003     0.173905346552E-005     0.124903931185E-002
     0.734476196562E+003     0.599673608804E-003     0.341813957018E-003     0.173905346551E-005     0.125077836532E-002
     0.735476196562E+003     0.599673608803E-003     0.341813957017E-003     0.173905346551E-005     0.125251741878E-002
     0.736476196562E+003     0.599673608802E-003     0.341813957017E-003     0.173905346551E-005     0.125425647225E-002
     0.737476196562E+003     0.599673608801E-003     0.341813957016E-003     0.173905346550E-005     0.125599552571E-002
     0.738476196562E+003     0.599673608799E-003     0.341813957016E-003     0.173905346550E-005     0.125773457918E-002
     0.739476196562E+003     0.599673608798E-003     0.341813957015E-003     0.173905346550E-005     0.125947363264E-002
     0.740476196562E+003     0.599673608797E-003     0.341813957014E-003     0.173905346549E-005     0.126121268611E-002
     0.741476196562E+003     0.599673608796E-003     0.341813957014E-003     0.173905346549E-005     0.126295173957E-002
     0.742476196562E+003     0.599673608795E-003     0.341813957013E-003     0.173905346549E-005     0.126469079304E-002
     0.743476196562E+003     0.599673608794E-003     0.341813957013E-003     0.173905346548E-005     0.126642984650E-002
     0.744476196562E+003     0.599673608793E-003     0.341813957012E-003     0.173905346548E-005     0.126816889997E-002
     0.745476196562E+003     0.599673608792E-003     0.341813957011E-003     0.173905346547E-005     0.126990795344E-002
     0.746476196562E+003     0.599673608790E-003     0.341813957011E-003     0.173905346547E-005     0.127164700690E-002
     0.747476196562E+003     0.599673608789E-003     0.341813957010E-003     0.173905346547E-005     0.127338606037E-002
     0.748476196562E+003     0.599673608788E-003     0.341813957009E-003     0.173905346546E-005     0.127512511383E-002
     0.749476196562E+003     0.599673608787E-003     0.341813957008E-003     0.173905346546E-005     0.127686416730E-002
     0.750476196562E+003     0.599673608786E-003     0.341813957008E-003     0.173905346546E-005     0.127860322076E-002
     0.751476196562E+003     0.599673608784E-003     0.341813957007E-003     0.173905346545E-005     0.128034227423E-002
     0.752476196562E+003     0.599673608783E-003     0.341813957006E-003     0.173905346545E-005     0.128208132769E-002
     0.753476196562E+003     0.599673608782E-003     0.341813957006E-003     0.173905346544E-005     0.128382038116E-002
