nohup: ignoring input

 SADE algorithm is used: 

 pool_rate: 6 
 SelectedSize: 24 
 PoolSize: 48 
 radioactivity: 0.200000 
 local_radioactivity: 0.200000 
 gradient: 0 
 cross_rate: 0.500000 
 mutation_rate: 0.500000 
 mutagen_rate: 2000.000000 

(standard_in) 1: syntax error
(standard_in) 1: syntax error
(standard_in) 1: syntax error
(standard_in) 1: syntax error
(standard_in) 1: syntax error
(standard_in) 1: syntax error
(standard_in) 1: syntax error
(standard_in) 1: syntax error
(standard_in) 1: syntax error
(standard_in) 1: syntax error
(standard_in) 1: syntax error
(standard_in) 1: syntax error
(standard_in) 1: syntax error
(standard_in) 1: syntax error
(standard_in) 1: syntax error
(standard_in) 1: syntax error
(standard_in) 1: syntax error
(standard_in) 1: syntax error
(standard_in) 1: syntax error
(standard_in) 1: syntax error
(standard_in) 1: syntax error
(standard_in) 1: syntax error
(standard_in) 1: syntax error
(standard_in) 1: syntax error
(standard_in) 1: syntax error
(standard_in) 1: syntax error
(standard_in) 1: syntax error
(standard_in) 1: syntax error
(standard_in) 1: syntax error
(standard_in) 1: syntax error
(standard_in) 1: syntax error
(standard_in) 1: syntax error
(standard_in) 1: syntax error
(standard_in) 1: syntax error
(standard_in) 1: syntax error
(standard_in) 1: syntax error
(standard_in) 1: syntax error
(standard_in) 1: syntax error
(standard_in) 1: syntax error
(standard_in) 1: syntax error
(standard_in) 1: syntax error
(standard_in) 1: syntax error
(standard_in) 1: syntax error
(standard_in) 1: syntax error
(standard_in) 1: syntax error
(standard_in) 1: syntax error
(standard_in) 1: syntax error
(standard_in) 1: syntax error
 ++        1 OBJs:       -0 TMP:       -0 
   223.52   419.45 -1.4683e-05   2.7927(standard_in) 1: syntax error
(standard_in) 1: syntax error
(standard_in) 1: syntax error
(standard_in) 1: syntax error
(standard_in) 1: syntax error
(standard_in) 1: syntax error
(standard_in) 1: syntax error
(standard_in) 1: syntax error
(standard_in) 1: syntax error
(standard_in) 1: syntax error
(standard_in) 1: syntax error
(standard_in) 1: syntax error
(standard_in) 1: syntax error
(standard_in) 1: syntax error
(standard_in) 1: syntax error
(standard_in) 1: syntax error
(standard_in) 1: syntax error
(standard_in) 1: syntax error
(standard_in) 1: syntax error
(standard_in) 1: syntax error
(standard_in) 1: syntax error
(standard_in) 1: syntax error
(standard_in) 1: syntax error
(standard_in) 1: syntax error
@@@ ID 1 : -0.000000 for     223.522    419.445 -1.46832e-05    2.79274
@@@ ID 2 : -0.000000 for     709.992    168.281 -4.63745e-06    1.23692
@@@ ID 3 : -0.000000 for     573.437    523.681 -1.46552e-05    2.49837
@@@ ID 4 : -0.000000 for     26.9328    235.946 -4.24207e-06    1.54483
@@@ ID 5 : -0.000000 for     627.203    599.198 -4.3836e-06    2.03955
@@@ ID 6 : -0.000000 for     783.259     407.95 -2.54976e-05    2.38861
@@@ ID 7 : -0.000000 for     221.619    378.839 -1.13594e-05    1.25079
@@@ ID 8 : -0.000000 for     31.0313    620.447 -2.07079e-05    1.50911
@@@ ID 9 : -0.000000 for     39.8921    820.294 -2.54723e-05    2.49977
@@@ ID 10 : -0.000000 for     988.575    996.343 -3.94975e-06    2.12402
@@@ ID 11 : -0.000000 for     520.024    379.835 -2.06641e-05    2.09391
@@@ ID 12 : -0.000000 for     615.781    169.795 -5.41889e-06    1.48597
@@@ ID 13 : -0.000000 for     768.993     673.25 -7.11725e-06     2.1045
@@@ ID 14 : -0.000000 for        81.2    912.838 -2.26033e-05    1.60564
@@@ ID 15 : -0.000000 for     291.677    867.907 -1.71536e-05    1.64542
@@@ ID 16 : -0.000000 for     488.354    737.948 -1.26822e-05    2.05649
@@@ ID 17 : -0.000000 for     558.241    728.186 -2.16561e-05    2.09363
@@@ ID 18 : -0.000000 for     724.529    146.472 -2.67352e-05    1.48911
@@@ ID 19 : -0.000000 for     526.307    420.025 -6.2547e-06    1.28418
@@@ ID 20 : -0.000000 for      589.82     610.88 -1.84478e-05    1.71763
@@@ ID 21 : -0.000000 for     284.131    147.831 -2.66806e-06    1.73066
@@@ ID 22 : -0.000000 for     60.6688     157.62 -9.95552e-06    1.70469
@@@ ID 23 : -0.000000 for     25.5271    96.3621 -9.74838e-06    2.02776
@@@ ID 24 : -0.000000 for      834.31    252.316 -2.87362e-05     1.7851
@@@ ID 25 : -0.000000 for     980.502    320.258 -1.81898e-06    2.41006
@@@ ID 26 : -0.000000 for     466.729    48.1954 -1.5125e-06    2.98607
@@@ ID 27 : -0.000000 for      468.22    741.093 -2.59463e-05    1.11608
@@@ ID 28 : -0.000000 for     351.974    520.197 -1.74944e-05    2.27221
@@@ ID 29 : -0.000000 for     668.028    327.918 -2.9957e-05    2.45739
@@@ ID 30 : -0.000000 for     485.537    669.584 -2.75687e-05    2.02213
@@@ ID 31 : -0.000000 for     765.946    756.097 -2.92516e-05    2.20051
@@@ ID 32 : -0.000000 for     8.41222     67.073 -2.15778e-07    2.97783
@@@ ID 33 : -0.000000 for     387.331    932.175 -9.18168e-06    2.70812
@@@ ID 34 : -0.000000 for      980.37    643.527 -4.58712e-06    1.89718
@@@ ID 35 : -0.000000 for     384.621     982.22 -1.48011e-05    2.47319
@@@ ID 36 : -0.000000 for     502.418    923.483 -1.8819e-05    1.34089
@@@ ID 37 : -0.000000 for     251.401    374.134 -3.02574e-06    2.47388
@@@ ID 38 : -0.000000 for     43.7181    980.184 -2.25599e-05    2.61933
@@@ ID 39 : -0.000000 for     736.281    272.948 -1.77024e-05    2.48939
@@@ ID 40 : -0.000000 for      340.02    402.728 -7.9918e-06     2.4547
@@@ ID 41 : -0.000000 for     334.903    427.551 -1.25577e-05    1.63055
@@@ ID 42 : -0.000000 for     71.0782    428.507 -7.0841e-06     1.9114
@@@ ID 43 : -0.000000 for     410.727    270.494 -2.42312e-05    2.82629
@@@ ID 44 : -0.000000 for     193.977    564.992 -2.74923e-05    1.89076
@@@ ID 45 : -0.000000 for     939.126    982.732 -2.45305e-05    2.96569
@@@ ID 46 : -0.000000 for     962.916    430.319 -6.22476e-06    2.39839
@@@ ID 47 : -0.000000 for     703.266    202.429 -1.66833e-05    1.08657
@@@ ID 48 : -0.000000 for     605.156    177.497 -6.88088e-06    2.88012
 ++        1 OBJs:        -0 TMP:       -0X =     223.52   419.45 -1.4683e-05   2.7927 
@@@ ID 49 : -0.000000 for      734.12     756.79 -1.84982e-05    2.87203
@@@ ID 50 : -0.000000 for      583.36    493.508 -1.83755e-05    1.58891
@@@ ID 51 : -0.000000 for     758.329    272.281 -2.66457e-05    1.84737
@@@ ID 52 : -0.000000 for     863.934    434.009 -1.65666e-05    2.23333
@@@ ID 53 : -0.000000 for     736.434    272.982 -1.77094e-05    2.48857
@@@ ID 54 : -0.000000 for     194.336     564.89 -2.74907e-05    1.88989
@@@ ID 55 : -0.000000 for     284.564    147.789 -2.66308e-06    1.73064
@@@ ID 56(standard_in) 1: syntax error
(standard_in) 1: syntax error
(standard_in) 1: syntax error
(standard_in) 1: syntax error
(standard_in) 1: syntax error
(standard_in) 1: syntax error
(standard_in) 1: syntax error
(standard_in) 1: syntax error
(standard_in) 1: syntax error
(standard_in) 1: syntax error
(standard_in) 1: syntax error
(standard_in) 1: syntax error
(standard_in) 1: syntax error
(standard_in) 1: syntax error
(standard_in) 1: syntax error
(standard_in) 1: syntax error
(standard_in) 1: syntax error
(standard_in) 1: syntax error
(standard_in) 1: syntax error
(standard_in) 1: syntax error
(standard_in) 1: syntax error
(standard_in) 1: syntax error
(standard_in) 1: syntax error
(standard_in) 1: syntax error
(standard_in) 1: syntax error
(standard_in) 1: syntax error
(standard_in) 1: syntax error
(standard_in) 1: syntax error
(standard_in) 1: syntax error
(standard_in) 1: syntax error
(standard_in) 1: syntax error
(standard_in) 1: syntax error
(standard_in) 1: syntax error
(standard_in) 1: syntax error
(standard_in) 1: syntax error
(standard_in) 1: syntax error
(standard_in) 1: syntax error
(standard_in) 1: syntax error
(standard_in) 1: syntax error
(standard_in) 1: syntax error
(standard_in) 1: syntax error
(standard_in) 1: syntax error
(standard_in) 1: syntax error
(standard_in) 1: syntax error
(standard_in) 1: syntax error
(standard_in) 1: syntax error
(standard_in) 1: syntax error
(standard_in) 1: syntax error
 : -0.000000 for     709.983    168.362 -4.65032e-06    1.23676
@@@ ID 57 : -0.000000 for     339.949    402.336 -7.98544e-06    2.45428
@@@ ID 58 : -0.000000 for     834.414    252.759 -2.87265e-05    1.78464
@@@ ID 59 : -0.000000 for     410.891    427.755 -2.43278e-05    1.09814
@@@ ID 60 : -0.000000 for     598.028    204.372          0    2.12778
@@@ ID 61 : -0.000000 for     355.093    124.544 -1.05439e-05    1.67526
@@@ ID 62 : -0.000000 for     42.9761    368.718 -1.44258e-05    1.48075
@@@ ID 63 : -0.000000 for       848.6    300.998 -3.56848e-06    1.27571
@@@ ID 64 : -0.000000 for     414.865    131.565 -6.80219e-06    1.50781
@@@ ID 65 : -0.000000 for     891.615    68.1315 -8.98319e-06          1
@@@ ID 66 : -0.000000 for     541.126    188.611 -8.78488e-07    1.38197
@@@ ID 67 : -0.000000 for     992.138     425.54 -8.98717e-06    1.08185
@@@ ID 68 : -0.000000 for     60.1079    298.516 -2.47324e-05    1.74123
@@@ ID 69 : -0.000000 for        1000    251.114 -1.35062e-06    1.83865
@@@ ID 70 : -0.000000 for      645.47       1000     -3e-05          3
@@@ ID 71 : -0.000000 for      439.14    470.111 -1.18746e-05    1.77819
@@@ ID 72 : -0.000000 for     722.497    478.394          0    1.91039
fc=72   BTG=-0   BSF=-0   extremes:0
btg= 734.12 756.79 -1.84982e-05 2.87203 
@@@ ID 73 : -0.000000 for     536.513     458.48 -1.76093e-05     1.8079
@@@ ID 74 : -0.000000 for     267.171    331.174 -5.62044e-06     2.5003
@@@ ID 75 : -0.000000 for     939.276    983.146 -2.45311e-05    2.96561
@@@ ID 76 : -0.000000 for     526.285    420.284 -6.25438e-06    1.28501
@@@ ID 77 : -0.000000 for     616.244    170.036 -5.42747e-06    1.48598
@@@ ID 78 : -0.000000 for     598.523    204.845          0    2.12703
@@@ ID 79 : -0.000000 for      0.0001     496.42 -1.34166e-05    1.78569
@@@ ID 80 : -0.000000 for     364.526    954.172     -3e-05    2.30971
@@@ ID 81 : -0.000000 for     86.7524    764.677 -2.04342e-05    1.39729
@@@ ID 82 : -0.000000 for     95.6828    473.242 -2.22717e-05     1.2668
@@@ ID 83 : -0.000000 for      0.0001    993.513 -1.33008e-05    2.62722
@@@ ID 84 : -0.000000 for     366.506    235.476     -3e-05    2.00816
@@@ ID 85 : -0.000000 for     89.3258    73.8031          0    1.89416
@@@ ID 86 : -0.000000 for     220.667    358.537 -9.69753e-06          1
@@@ ID 87 : -0.000000 for     684.984      204.1 -1.42736e-05    1.66636
@@@ ID 88 : -0.000000 for      0.0001    442.324 -1.26861e-05    2.77104
@@@ ID 89 : -0.000000 for     758.735    154.672 -2.21941e-05    1.58008
@@@ ID 90 : -0.000000 for     22.5024    136.022 -1.85991e-06     1.0495
@@@ ID 91 : -0.000000 for     449.059    769.184 -2.15285e-05    1.12868
@@@ ID 92 : -0.000000 for     523.481    677.123 -2.76717e-05    1.62124
@@@ ID 93 : -0.000000 for        1000       1000 -2.63263e-05    2.74245
@@@ ID 94 : -0.000000 for      0.0001    272.803 -2.8275e-05    1.88979
@@@ ID 95 : -0.000000 for     10.8962    576.387 -2.23953e-05    1.45275
@@@ ID 96 : -0.000000 for     515.494    592.475     -3e-05    2.38116
@@@ ID 97 : -0.000000 for     659.914    768.943 -8.35302e-06    1.64776
@@@ ID 98 : -0.000000 for     700.923    347.181 -1.71494e-05    2.43264
@@@ ID 99 : -0.000000 for     337.148    472.186 -1.35763e-05    1.24286
@@@ ID 100 : -0.000000 for     736.055    273.472 -1.77112e-05    2.48842
@@@ ID 101 : -0.000000 for     88.9172    73.5394          0    1.89368
@@@ ID 102 : -0.000000 for     77.8919    782.082 -1.77205e-05    1.71781
@@@ ID 103 : -0.000000 for     34.3751    391.452     -3e-05    1.75077
@@@ ID 104 : -0.000000 for     7.73629    299.725 -1.63907e-05    2.26146
@@@ ID 105 : -0.000000 for     921.582    303.962 -8.85472e-06    2.42499
@@@ ID 106 : -0.000000 for     331.786    871.451 -2.19352e-05    2.31579
@@@ ID 107 : -0.000000 for     286.605    143.202     -3e-05    2.37015
@@@ ID 108 : -0.000000 for     226.701    619.165 -2.58191e-05    2.47906
@@@ ID 109 : -0.000000 for     511.364    675.873 -1.10324e-05    2.11277
@@@ ID 110 : -0.000000 for     67.4683    390.057 -7.0637e-06          1
@@@ ID 111 : -0.000000 fo(standard_in) 1: syntax error
(standard_in) 1: syntax error
(standard_in) 1: syntax error
(standard_in) 1: syntax error
(standard_in) 1: syntax error
(standard_in) 1: syntax error
(standard_in) 1: syntax error
(standard_in) 1: syntax error
(standard_in) 1: syntax error
(standard_in) 1: syntax error
(standard_in) 1: syntax error
(standard_in) 1: syntax error
(standard_in) 1: syntax error
(standard_in) 1: syntax error
(standard_in) 1: syntax error
(standard_in) 1: syntax error
(standard_in) 1: syntax error
(standard_in) 1: syntax error
(standard_in) 1: syntax error
(standard_in) 1: syntax error
(standard_in) 1: syntax error
(standard_in) 1: syntax error
(standard_in) 1: syntax error
(standard_in) 1: syntax error
(standard_in) 1: syntax error
(standard_in) 1: syntax error
(standard_in) 1: syntax error
(standard_in) 1: syntax error
(standard_in) 1: syntax error
(standard_in) 1: syntax error
(standard_in) 1: syntax error
(standard_in) 1: syntax error
(standard_in) 1: syntax error
(standard_in) 1: syntax error
(standard_in) 1: syntax error
(standard_in) 1: syntax error
(standard_in) 1: syntax error
(standard_in) 1: syntax error
(standard_in) 1: syntax error
(standard_in) 1: syntax error
(standard_in) 1: syntax error
(standard_in) 1: syntax error
(standard_in) 1: syntax error
(standard_in) 1: syntax error
(standard_in) 1: syntax error
(standard_in) 1: syntax error
(standard_in) 1: syntax error
(standard_in) 1: syntax error
r        1000    785.254 -1.34981e-05     2.7633
@@@ ID 112 : -0.000000 for     147.615    430.992 -1.16311e-05     1.8436
@@@ ID 113 : -0.000000 for     77.8309    709.625 -2.37753e-05    1.52751
@@@ ID 114 : -0.000000 for     872.341    849.908 -2.31511e-05    2.89084
@@@ ID 115 : -0.000000 for      876.13    984.508 -1.57131e-05    2.19639
@@@ ID 116 : -0.000000 for        1000    983.436 -2.03168e-05    2.21132
@@@ ID 117 : -0.000000 for      0.0001    364.008 -2.02233e-05          1
@@@ ID 118 : -0.000000 for     256.528     250.71 -6.57017e-06     1.4218
@@@ ID 119 : -0.000000 for     810.977    369.596 -5.21429e-06    1.81159
@@@ ID 120 : -0.000000 for     884.109    701.669 -1.11783e-05    1.37065
@@@ ID 121 : -0.000000 for     247.473    571.969 -2.16101e-05    2.34784
@@@ ID 122 : -0.000000 for      680.76    406.277 -1.53436e-05    2.29236
@@@ ID 123 : -0.000000 for     453.862    223.079 -9.46368e-06    2.00474
@@@ ID 124 : -0.000000 for     645.853    864.092 -1.87271e-05    2.75695
@@@ ID 125 : -0.000000 for     724.286    594.838 -1.18415e-05    1.79261
@@@ ID 126 : -0.000000 for     638.931    563.365 -1.54617e-05    2.07223
@@@ ID 127 : -0.000000 for     8.05043    299.565 -1.63926e-05    2.26217
@@@ ID 128 : -0.000000 for     27.3782    235.831 -4.25339e-06    1.54451
@@@ ID 129 : -0.000000 for     883.772    701.687 -1.11771e-05    1.37118
@@@ ID 130 : -0.000000 for     381.683    254.464 -1.09758e-05     2.0167
@@@ ID 131 : -0.000000 for      0.0001    291.134 -2.35683e-05    1.80274
@@@ ID 132 : -0.000000 for      0.0001     0.0001 -4.28129e-06          1
@@@ ID 133 : -0.000000 for     831.943    380.636 -9.18445e-06    1.99267
@@@ ID 134 : -0.000000 for        1000    838.862 -1.22987e-05    2.65685
@@@ ID 135 : -0.000000 for      0.0001    461.822     -3e-05    1.91526
@@@ ID 136 : -0.000000 for     363.778    354.157 -2.603e-05    2.06618
@@@ ID 137 : -0.000000 for     370.374    248.937 -2.40579e-05    2.19399
@@@ ID 138 : -0.000000 for     453.537    525.466 -1.23662e-05    1.71711
@@@ ID 139 : -0.000000 for     534.607    918.764     -3e-05          3
@@@ ID 140 : -0.000000 for        1000    851.995 -1.01445e-05    2.62078
@@@ ID 141 : -0.000000 for     379.972    217.047 -1.79835e-05    1.83568
@@@ ID 142 : -0.000000 for     598.103    204.579 -2.70893e-10    2.12774
@@@ ID 143 : -0.000000 for     496.481    261.846 -1.21398e-05    1.95519
@@@ ID 144 : -0.000000 for     2.16235    256.724 -2.35725e-05     1.0449
@@@ ID 145 : -0.000000 for     160.238    287.675 -2.20443e-05    1.59238
@@@ ID 146 : -0.000000 for     297.867    368.085 -1.38356e-05    2.66918
@@@ ID 147 : -0.000000 for     292.469    393.856 -2.00209e-05    2.21581
@@@ ID 148 : -0.000000 for     663.438    517.677 -1.09719e-05    2.57248
@@@ ID 149 : -0.000000 for     148.048    430.965 -1.16284e-05     1.8427
@@@ ID 150 : -0.000000 for     638.664    563.393 -1.54697e-05    2.07282
@@@ ID 151 : -0.000000 for     331.899    871.869 -2.19228e-05    2.31497
@@@ ID 152 : -0.000000 for     639.292     563.47 -1.54658e-05    2.07242
@@@ ID 153 : -0.000000 for      0.0001    144.448 -2.58041e-05    2.45197
@@@ ID 154 : -0.000000 for     384.085     0.0001 -4.94335e-06    2.45473
@@@ ID 155 : -0.000000 for     444.058    384.167 -1.85126e-05    1.69556
@@@ ID 156 : -0.000000 for      646.01    864.013 -1.87281e-05    2.75731
@@@ ID 157 : -0.000000 for     723.886    324.811 -2.18046e-05    1.83262
@@@ ID 158 : -0.000000 for     136.674    454.016 -1.86356e-05    2.28994
@@@ ID 159 : -0.000000 for     103.861    364.754 -1.81817e-05    1.79241
@@@ ID 160 : -0.000000 for     489.779    405.814 -1.04078e-05    1.91813
@@@ ID 161 : -0.000000 for        1000    953.507 -1.05308e-05    2.58106
@@@ ID 162 : -0.000000 for     345.759    92.7505 -7.19112e-06    2.31265
@@@ ID 163 : -0.000000 for     194.778    521.308 -2.29679e-05          1
@@@ ID 164 : -0.000000 for     523.634    487.078 -1.62316e-05    1.87526
@@@ ID 165 : -0.000000 for     382.708    815.339 -2.84736e-05    1.18418
@@@ ID 166 : -0.000000 for     790.427    564.942 -1.2739(standard_in) 1: syntax error
(standard_in) 1: syntax error
(standard_in) 1: syntax error
(standard_in) 1: syntax error
(standard_in) 1: syntax error
(standard_in) 1: syntax error
(standard_in) 1: syntax error
(standard_in) 1: syntax error
(standard_in) 1: syntax error
(standard_in) 1: syntax error
(standard_in) 1: syntax error
(standard_in) 1: syntax error
(standard_in) 1: syntax error
(standard_in) 1: syntax error
(standard_in) 1: syntax error
(standard_in) 1: syntax error
(standard_in) 1: syntax error
(standard_in) 1: syntax error
(standard_in) 1: syntax error
(standard_in) 1: syntax error
(standard_in) 1: syntax error
(standard_in) 1: syntax error
(standard_in) 1: syntax error
(standard_in) 1: syntax error
(standard_in) 1: syntax error
(standard_in) 1: syntax error
(standard_in) 1: syntax error
(standard_in) 1: syntax error
(standard_in) 1: syntax error
(standard_in) 1: syntax error
(standard_in) 1: syntax error
(standard_in) 1: syntax error
(standard_in) 1: syntax error
(standard_in) 1: syntax error
(standard_in) 1: syntax error
(standard_in) 1: syntax error
(standard_in) 1: syntax error
(standard_in) 1: syntax error
(standard_in) 1: syntax error
(standard_in) 1: syntax error
(standard_in) 1: syntax error
(standard_in) 1: syntax error
(standard_in) 1: syntax error
(standard_in) 1: syntax error
(standard_in) 1: syntax error
(standard_in) 1: syntax error
(standard_in) 1: syntax error
(standard_in) 1: syntax error
(standard_in) 1: syntax error
(standard_in) 1: syntax error
(standard_in) 1: syntax error
(standard_in) 1: syntax error
(standard_in) 1: syntax error
(standard_in) 1: syntax error
(standard_in) 1: syntax error
(standard_in) 1: syntax error
(standard_in) 1: syntax error
(standard_in) 1: syntax error
(standard_in) 1: syntax error
(standard_in) 1: syntax error
(standard_in) 1: syntax error
(standard_in) 1: syntax error
(standard_in) 1: syntax error
(standard_in) 1: syntax error
(standard_in) 1: syntax error
(standard_in) 1: syntax error
(standard_in) 1: syntax error
(standard_in) 1: syntax error
(standard_in) 1: syntax error
(standard_in) 1: syntax error
(standard_in) 1: syntax error
(standard_in) 1: syntax error
5e-05    1.06735
@@@ ID 167 : -0.000000 for     744.098    387.379 -1.68135e-05          1
@@@ ID 168 : -0.000000 for      692.21    257.544 -9.06562e-06    1.81738
@@@ ID 169 : -0.000000 for     158.913     455.54 -1.26124e-05    1.89741
@@@ ID 170 : -0.000000 for     148.475    430.534 -1.163e-05    1.84268
@@@ ID 171 : -0.000000 for      638.58    563.004 -1.54797e-05    2.07365
@@@ ID 172 : -0.000000 for     638.424    563.025 -1.54689e-05    2.07197
@@@ ID 173 : -0.000000 for        1000       1000 -1.92815e-05          3
@@@ ID 174 : -0.000000 for     591.158    418.921 -1.41805e-05          1
@@@ ID 175 : -0.000000 for     272.289    534.105 -2.21749e-05          1
@@@ ID 176 : -0.000000 for     569.922    330.133 -1.01715e-05    1.63409
@@@ ID 177 : -0.000000 for     837.268    633.305 -1.19589e-05      1.219
@@@ ID 178 : -0.000000 for     764.079    539.611 -1.34184e-05          1
@@@ ID 179 : -0.000000 for     552.367    152.343 -6.58125e-06    1.98603
@@@ ID 180 : -0.000000 for     686.229    85.9706          0    2.61575
@@@ ID 181 : -0.000000 for     774.152    464.413 -1.62777e-05          1
@@@ ID 182 : -0.000000 for     554.164    646.968 -1.39386e-05    1.53973
@@@ ID 183 : -0.000000 for     157.406    366.354 -1.56949e-05    2.48103
@@@ ID 184 : -0.000000 for     276.003    38.4179          0    2.34344
@@@ ID 185 : -0.000000 for     538.829    551.359 -1.42218e-05    2.69806
@@@ ID 186 : -0.000000 for     606.047    76.7173 -8.25626e-06    1.41627
@@@ ID 187 : -0.000000 for        1000    861.976 -1.21348e-05    2.38192
@@@ ID 188 : -0.000000 for     115.561    46.3727 -3.33582e-06    2.50573
@@@ ID 189 : -0.000000 for     544.011    824.047 -2.4482e-05    1.34546
@@@ ID 190 : -0.000000 for     656.118    686.867 -1.75597e-05    1.72163
@@@ ID 191 : -0.000000 for     647.601    667.825 -2.15101e-05          1
@@@ ID 192 : -0.000000 for      0.0001    162.998 -1.79519e-05    1.95816
@@@ ID 193 : -0.000000 for     530.252    672.303 -1.41949e-05    1.55094
@@@ ID 194 : -0.000000 for     509.277    498.481 -7.70571e-06    2.00291
@@@ ID 195 : -0.000000 for     747.275    892.256 -1.72234e-06    1.81441
@@@ ID 196 : -0.000000 for     889.452    68.7661 -2.49119e-06    1.44957
@@@ ID 197 : -0.000000 for     698.026    593.647 -1.76961e-05    2.40139
@@@ ID 198 : -0.000000 for     64.8511    317.872 -1.9566e-05    2.25306
@@@ ID 199 : -0.000000 for     148.816    430.815 -1.16342e-05    1.84318
@@@ ID 200 : -0.000000 for     8.44211     299.51 -1.63935e-05    2.26133
@@@ ID 201 : -0.000000 for     554.409      647.4 -1.39527e-05    1.53972
@@@ ID 202 : -0.000000 for     694.423       1000 -2.75835e-05    1.38564
@@@ ID 203 : -0.000000 for      0.0001    436.799 -1.03559e-05    2.26494
@@@ ID 204 : -0.000000 for     402.459    432.589 -1.76198e-05    2.59652
@@@ ID 205 : -0.000000 for     290.625     0.0001 -8.71175e-06    1.51018
@@@ ID 206 : -0.000000 for      0.0001    653.288 -1.8987e-05    1.63546
@@@ ID 207 : -0.000000 for     409.801     406.32 -2.69843e-05    1.17105
@@@ ID 208 : -0.000000 for     299.773     413.42 -1.751e-05     2.4582
@@@ ID 209 : -0.000000 for      0.0001    455.685 -2.68998e-05    1.29619
@@@ ID 210 : -0.000000 for     209.081    157.164 -6.62444e-06      1.875
@@@ ID 211 : -0.000000 for     398.036    473.948 -2.74666e-05          1
@@@ ID 212 : -0.000000 for     905.045     0.0001 -4.18808e-06          1
@@@ ID 213 : -0.000000 for     165.662    544.761 -1.76541e-05    1.73898
@@@ ID 214 : -0.000000 for      601.73    805.798 -1.42292e-05    2.53209
@@@ ID 215 : -0.000000 for     80.2094    344.586 -1.7667e-05    1.88288
@@@ ID 216 : -0.000000 for      0.0001    505.679 -1.82199e-05    2.40981
@@@ ID 217 : -0.000000 for     95.2808    270.062 -2.0146e-05    1.96922
@@@ ID 218 : -0.000000 for     325.729     10.454 -9.42153e-06    1.57456
@@@ ID 219 : -0.000000 for     60.8871    383.212 -4.13116e-06    2.09314
@@@ ID 220 : -0.000000 for     873.066    461.022 -7.18946e-06     1.1183
@@@ ID 221 : -0.000000 for      0.0001    144.794 -2.58159e-05    2.45133
@@@ ID 222 : -0.000000(standard_in) 1: syntax error
(standard_in) 1: syntax error
(standard_in) 1: syntax error
(standard_in) 1: syntax error
(standard_in) 1: syntax error
(standard_in) 1: syntax error
(standard_in) 1: syntax error
(standard_in) 1: syntax error
(standard_in) 1: syntax error
(standard_in) 1: syntax error
(standard_in) 1: syntax error
(standard_in) 1: syntax error
(standard_in) 1: syntax error
(standard_in) 1: syntax error
(standard_in) 1: syntax error
(standard_in) 1: syntax error
(standard_in) 1: syntax error
(standard_in) 1: syntax error
(standard_in) 1: syntax error
(standard_in) 1: syntax error
(standard_in) 1: syntax error
(standard_in) 1: syntax error
(standard_in) 1: syntax error
(standard_in) 1: syntax error
(standard_in) 1: syntax error
(standard_in) 1: syntax error
(standard_in) 1: syntax error
(standard_in) 1: syntax error
(standard_in) 1: syntax error
(standard_in) 1: syntax error
(standard_in) 1: syntax error
(standard_in) 1: syntax error
(standard_in) 1: syntax error
(standard_in) 1: syntax error
(standard_in) 1: syntax error
(standard_in) 1: syntax error
(standard_in) 1: syntax error
(standard_in) 1: syntax error
(standard_in) 1: syntax error
(standard_in) 1: syntax error
(standard_in) 1: syntax error
(standard_in) 1: syntax error
(standard_in) 1: syntax error
(standard_in) 1: syntax error
(standard_in) 1: syntax error
(standard_in) 1: syntax error
(standard_in) 1: syntax error
(standard_in) 1: syntax error
 for     554.624    647.584 -1.39616e-05    1.53896
@@@ ID 223 : -0.000000 for     553.742    647.263 -1.39263e-05     1.5407
@@@ ID 224 : -0.000000 for     601.736    806.204 -1.42216e-05    2.53244
@@@ ID 225 : -0.000000 for    0.152148    653.119 -1.89914e-05    1.63513
@@@ ID 226 : -0.000000 for     147.998    430.195 -1.16307e-05    1.84315
@@@ ID 227 : -0.000000 for     104.541     0.0001 -1.96228e-05    2.57174
@@@ ID 228 : -0.000000 for     836.115    220.457          0    2.61886
@@@ ID 229 : -0.000000 for     448.497    287.017 -4.2536e-06    1.63385
@@@ ID 230 : -0.000000 for     320.928     0.0001 -6.20897e-06    1.52634
@@@ ID 231 : -0.000000 for     225.973     0.0001 -4.82474e-06    1.47481
@@@ ID 232 : -0.000000 for       702.6    800.357 -2.20952e-05     2.8754
@@@ ID 233 : -0.000000 for     620.319    366.685 -6.97637e-06    2.07773
@@@ ID 234 : -0.000000 for     193.841    404.318 -1.357e-05    2.62846
@@@ ID 235 : -0.000000 for      901.02    78.0599 -9.4417e-06          1
@@@ ID 236 : -0.000000 for     25.9414    170.559 -2.40587e-05    1.23446
@@@ ID 237 : -0.000000 for     975.231    698.947 -1.94945e-05    2.03878
@@@ ID 238 : -0.000000 for     127.196    553.573 -8.57017e-06     1.8057
@@@ ID 239 : -0.000000 for      0.0001    203.708 -2.28662e-05    2.14041
@@@ ID 240 : -0.000000 for      0.0001    308.576 -1.19902e-05    1.84765
@@@ ID 241 : -0.000000 for     428.137    728.516 -1.43918e-05    2.93106
@@@ ID 242 : -0.000000 for     822.231     236.62 -9.01741e-08    2.57159
@@@ ID 243 : -0.000000 for     256.705    752.735 -1.42472e-05    1.37034
@@@ ID 244 : -0.000000 for     468.697    482.581 -1.19443e-05    1.93406
@@@ ID 245 : -0.000000 for     755.156    840.731 -1.62189e-05     1.7493
@@@ ID 246 : -0.000000 for      0.0001    152.741 -1.98247e-05    1.04232
@@@ ID 247 : -0.000000 for     550.731    415.532 -1.89187e-05     2.1498
@@@ ID 248 : -0.000000 for      729.86    610.478 -3.57748e-06    2.41214
@@@ ID 249 : -0.000000 for     278.681    360.117 -1.33198e-05    1.48468
@@@ ID 250 : -0.000000 for     106.076    364.483     -3e-05    2.18199
@@@ ID 251 : -0.000000 for        1000    671.979 -2.13618e-05    2.46999
@@@ ID 252 : -0.000000 for     967.142    421.535 -1.18807e-05    2.78769
@@@ ID 253 : -0.000000 for     73.3139    406.489 -1.04466e-05    2.46407
@@@ ID 254 : -0.000000 for     814.308     775.49 -5.92473e-06    1.43393
@@@ ID 255 : -0.000000 for     249.842    18.8413 -6.48187e-06    1.26703
@@@ ID 256 : -0.000000 for     872.547    722.134 -1.80579e-05    2.52847
@@@ ID 257 : -0.000000 for        1000    334.526          0    1.99198
@@@ ID 258 : -0.000000 for     295.453    392.785 -1.6562e-05          3
@@@ ID 259 : -0.000000 for     656.426    624.077 -1.53629e-05    1.05101
@@@ ID 260 : -0.000000 for     455.988    353.544 -1.08019e-05    2.31106
@@@ ID 261 : -0.000000 for     66.0326    175.186 -1.99305e-05     1.8342
@@@ ID 262 : -0.000000 for      652.51    475.989 -6.18642e-06    1.81331
@@@ ID 263 : -0.000000 for     196.051     0.0001 -1.63701e-05          1
@@@ ID 264 : -0.000000 for     583.799    506.487 -1.30153e-05    2.84931
@@@ ID 265 : -0.000000 for     307.957    467.268 -1.67247e-05    2.82321
@@@ ID 266 : -0.000000 for     785.566    284.903 -3.20452e-07    2.56771
@@@ ID 267 : -0.000000 for      700.83    130.561 -6.96505e-07    2.56253
@@@ ID 268 : -0.000000 for     121.827    410.639 -1.07161e-05    2.27871
@@@ ID 269 : -0.000000 for     195.954     0.0001 -1.63764e-05          1
@@@ ID 270 : -0.000000 for     974.771    698.844 -1.95032e-05    2.03926
@@@ ID 271 : -0.000000 for        1000    334.985          0    1.99221
@@@ ID 272 : -0.000000 for     428.353    728.733 -1.44038e-05    2.93125
@@@ ID 273 : -0.000000 for     195.619  0.0822133 -1.63584e-05    1.00049
@@@ ID 274 : -0.000000 for     686.172    85.5498 -8.62853e-09    2.61572
@@@ ID 275 : -0.000000 for     652.399    475.933 -6.17914e-06    1.81301
@@@ ID 276 : -0.000000 for      256.52    753.061 -1.42394e-05    1.37116
@@@ ID 277 : -0.000000 for      0.0001     0.0001 -1.70157e-0(standard_in) 1: syntax error
(standard_in) 1: syntax error
(standard_in) 1: syntax error
(standard_in) 1: syntax error
(standard_in) 1: syntax error
(standard_in) 1: syntax error
(standard_in) 1: syntax error
(standard_in) 1: syntax error
(standard_in) 1: syntax error
(standard_in) 1: syntax error
(standard_in) 1: syntax error
(standard_in) 1: syntax error
(standard_in) 1: syntax error
(standard_in) 1: syntax error
(standard_in) 1: syntax error
(standard_in) 1: syntax error
(standard_in) 1: syntax error
(standard_in) 1: syntax error
(standard_in) 1: syntax error
(standard_in) 1: syntax error
(standard_in) 1: syntax error
(standard_in) 1: syntax error
(standard_in) 1: syntax error
(standard_in) 1: syntax error
(standard_in) 1: syntax error
(standard_in) 1: syntax error
(standard_in) 1: syntax error
(standard_in) 1: syntax error
(standard_in) 1: syntax error
(standard_in) 1: syntax error
(standard_in) 1: syntax error
(standard_in) 1: syntax error
(standard_in) 1: syntax error
(standard_in) 1: syntax error
(standard_in) 1: syntax error
(standard_in) 1: syntax error
(standard_in) 1: syntax error
(standard_in) 1: syntax error
(standard_in) 1: syntax error
(standard_in) 1: syntax error
(standard_in) 1: syntax error
(standard_in) 1: syntax error
(standard_in) 1: syntax error
(standard_in) 1: syntax error
(standard_in) 1: syntax error
(standard_in) 1: syntax error
(standard_in) 1: syntax error
(standard_in) 1: syntax error
5    1.35445
@@@ ID 278 : -0.000000 for     416.739    177.724 -1.42525e-05    1.73555
@@@ ID 279 : -0.000000 for     490.301    779.668 -1.70221e-05    2.10745
@@@ ID 280 : -0.000000 for     680.517    888.672 -1.6212e-05    2.71707
@@@ ID 281 : -0.000000 for     602.809    279.597 -6.09051e-06          1
@@@ ID 282 : -0.000000 for      144.19     0.0001 -1.58002e-05          1
@@@ ID 283 : -0.000000 for     995.232    766.369 -2.60165e-05    2.34179
@@@ ID 284 : -0.000000 for     598.026    167.263 -8.18506e-06    1.49599
@@@ ID 285 : -0.000000 for     209.737    404.894 -1.64897e-05    2.21964
@@@ ID 286 : -0.000000 for     872.698    526.841 -8.79664e-06    1.86374
@@@ ID 287 : -0.000000 for     873.886    156.802          0    1.76661
@@@ ID 288 : -0.000000 for        1000    211.937 -9.71164e-06          3
@@@ ID 289 : -0.000000 for     964.066    424.949 -1.11591e-05    2.80648
@@@ ID 290 : -0.000000 for      479.89    440.098 -5.06217e-06    1.42005
@@@ ID 291 : -0.000000 for     484.216    728.487 -1.39903e-05    2.63333
@@@ ID 292 : -0.000000 for     149.908    407.488 -4.49959e-06    1.75219
@@@ ID 293 : -0.000000 for     652.158     475.92 -6.18491e-06    1.81295
@@@ ID 294 : -0.000000 for     299.645    413.696 -1.75249e-05     2.4584
@@@ ID 295 : -0.000000 for      0.0001     0.0001 -1.48434e-06    1.98609
@@@ ID 296 : -0.000000 for     701.562    713.789 -1.69535e-05    2.48526
@@@ ID 297 : -0.000000 for      260.39    364.367 -1.48138e-05    1.96563
@@@ ID 298 : -0.000000 for     409.197    931.508 -2.24399e-05    2.25453
@@@ ID 299 : -0.000000 for      526.21    395.854 -5.269e-06       1.92
@@@ ID 300 : -0.000000 for     428.297    728.705 -1.44001e-05     2.9311
@@@ ID 301 : -0.000000 for      630.05     433.96 -5.09118e-06    1.15866
@@@ ID 302 : -0.000000 for     373.499    139.799 -1.09453e-05          1
@@@ ID 303 : -0.000000 for      349.32    75.5985 -1.07475e-05    2.47325
@@@ ID 304 : -0.000000 for     209.629    404.785 -1.64837e-05    2.21955
@@@ ID 305 : -0.000000 for     332.924    284.142 -2.57797e-05          1
@@@ ID 306 : -0.000000 for      425.53    287.928 -4.8837e-06    1.46836
@@@ ID 307 : -0.000000 for     674.199     447.83 -1.32493e-05    1.87064
@@@ ID 308 : -0.000000 for     164.367    455.455 -1.55919e-05    2.46019
@@@ ID 309 : -0.000000 for     908.032    706.709 -6.87998e-06     2.4455
@@@ ID 310 : -0.000000 for     943.528       1000 -2.18779e-05    2.02094
@@@ ID 311 : -0.000000 for     300.255    284.242          0    2.64537
@@@ ID 312 : -0.000000 for     570.326       1000 -1.36996e-05          3
@@@ ID 313 : -0.000000 for     213.865     780.83 -1.07615e-05    1.99249
@@@ ID 314 : -0.000000 for     675.036    250.794 -1.56191e-05    2.61138
@@@ ID 315 : -0.000000 for     459.782    259.434 -1.7571e-05    1.56866
@@@ ID 316 : -0.000000 for     578.445    274.878 -9.69362e-06    1.92488
@@@ ID 317 : -0.000000 for      326.61    152.455 -2.44081e-05    1.24951
@@@ ID 318 : -0.000000 for     165.671    564.257 -1.87308e-05    2.12165
@@@ ID 319 : -0.000000 for     425.706    288.351 -4.87779e-06     1.4692
@@@ ID 320 : -0.000000 for     115.815     46.076 -3.33089e-06     2.5049
@@@ ID 321 : -0.000000 for     652.181    475.972 -6.18705e-06     1.8143
@@@ ID 322 : -0.000000 for     209.872    405.375 -1.65026e-05    2.21975
@@@ ID 323 : -0.000000 for     428.432    728.255 -1.43996e-05     2.9309
@@@ ID 324 : -0.000000 for     974.348    698.704 -1.95146e-05    2.03859
@@@ ID 325 : -0.000000 for     687.645     0.0001 -2.98116e-06          1
@@@ ID 326 : -0.000000 for      846.84    737.705 -7.7593e-06    1.32075
@@@ ID 327 : -0.000000 for     652.913    764.742 -1.00656e-05     1.7155
@@@ ID 328 : -0.000000 for     320.046       1000 -2.10507e-05    2.96665
@@@ ID 329 : -0.000000 for     943.475    999.946 -2.18749e-05    2.02089
@@@ ID 330 : -0.000000 for      248.69    642.121 -2.7606e-06          3
@@@ ID 331 : -0.000000 for     359.875    433.895 -7.50608e-06    1.78491
@@@ ID 332 : -0.000000 for      0.0001    306.394 -2.34574e-05    2.24268
@@@ ID 333 : -0.000000 f(standard_in) 1: syntax error
(standard_in) 1: syntax error
(standard_in) 1: syntax error
(standard_in) 1: syntax error
(standard_in) 1: syntax error
(standard_in) 1: syntax error
(standard_in) 1: syntax error
(standard_in) 1: syntax error
(standard_in) 1: syntax error
(standard_in) 1: syntax error
(standard_in) 1: syntax error
(standard_in) 1: syntax error
(standard_in) 1: syntax error
(standard_in) 1: syntax error
(standard_in) 1: syntax error
(standard_in) 1: syntax error
(standard_in) 1: syntax error
(standard_in) 1: syntax error
(standard_in) 1: syntax error
(standard_in) 1: syntax error
(standard_in) 1: syntax error
(standard_in) 1: syntax error
(standard_in) 1: syntax error
(standard_in) 1: syntax error
(standard_in) 1: syntax error
(standard_in) 1: syntax error
(standard_in) 1: syntax error
(standard_in) 1: syntax error
(standard_in) 1: syntax error
(standard_in) 1: syntax error
(standard_in) 1: syntax error
(standard_in) 1: syntax error
(standard_in) 1: syntax error
(standard_in) 1: syntax error
(standard_in) 1: syntax error
(standard_in) 1: syntax error
(standard_in) 1: syntax error
(standard_in) 1: syntax error
(standard_in) 1: syntax error
(standard_in) 1: syntax error
(standard_in) 1: syntax error
(standard_in) 1: syntax error
(standard_in) 1: syntax error
(standard_in) 1: syntax error
(standard_in) 1: syntax error
(standard_in) 1: syntax error
(standard_in) 1: syntax error
(standard_in) 1: syntax error
(standard_in) 1: syntax error
(standard_in) 1: syntax error
(standard_in) 1: syntax error
(standard_in) 1: syntax error
(standard_in) 1: syntax error
(standard_in) 1: syntax error
(standard_in) 1: syntax error
(standard_in) 1: syntax error
(standard_in) 1: syntax error
(standard_in) 1: syntax error
(standard_in) 1: syntax error
(standard_in) 1: syntax error
(standard_in) 1: syntax error
(standard_in) 1: syntax error
(standard_in) 1: syntax error
(standard_in) 1: syntax error
(standard_in) 1: syntax error
(standard_in) 1: syntax error
(standard_in) 1: syntax error
(standard_in) 1: syntax error
(standard_in) 1: syntax error
(standard_in) 1: syntax error
(standard_in) 1: syntax error
(standard_in) 1: syntax error
or      265.89    496.616 -1.44952e-05    2.79533
@@@ ID 334 : -0.000000 for     186.715    413.466 -9.59141e-06    2.27246
@@@ ID 335 : -0.000000 for     652.617    476.098 -6.19241e-06     1.8134
@@@ ID 336 : -0.000000 for     662.366       1000 -1.68871e-05    2.06422
@@@ ID 337 : -0.000000 for     285.589    816.967 -1.73603e-05    2.75231
@@@ ID 338 : -0.000000 for     631.106     180.37 -8.68546e-06    1.53912
@@@ ID 339 : -0.000000 for     622.737    856.724 -2.2202e-05    2.30525
@@@ ID 340 : -0.000000 for     616.362    551.935 -1.17008e-05    2.08752
@@@ ID 341 : -0.000000 for      974.91    775.679 -8.37766e-06     1.3621
@@@ ID 342 : -0.000000 for      666.14    917.954 -2.30118e-05    1.44431
@@@ ID 343 : -0.000000 for     974.967    707.818 -1.97576e-05    2.01387
@@@ ID 344 : -0.000000 for     242.699    429.971 -1.50431e-05    2.77009
@@@ ID 345 : -0.000000 for     428.414    728.513 -1.44088e-05    2.93036
@@@ ID 346 : -0.000000 for     652.201    476.461 -6.20276e-06    1.81311
@@@ ID 347 : -0.000000 for     597.764    167.294 -8.19038e-06    1.49513
@@@ ID 348 : -0.000000 for     460.216    259.489 -1.75664e-05    1.56784
@@@ ID 349 : -0.000000 for     578.856    274.743 -9.69077e-06    1.92542
@@@ ID 350 : -0.000000 for     610.672     437.04 -1.41722e-05    1.37513
@@@ ID 351 : -0.000000 for     494.652    241.842 -1.90726e-07    1.43203
@@@ ID 352 : -0.000000 for     669.695    237.923 -4.58142e-06     1.4076
@@@ ID 353 : -0.000000 for     375.982     219.98 -1.46489e-05    1.35852
@@@ ID 354 : -0.000000 for        1000    694.912 -2.58147e-05    1.83615
@@@ ID 355 : -0.000000 for     519.131    488.865 -5.30793e-06    2.49588
@@@ ID 356 : -0.000000 for     200.397     0.0001 -2.26474e-07    1.78809
@@@ ID 357 : -0.000000 for     929.675    866.637 -5.39604e-06    1.26024
@@@ ID 358 : -0.000000 for     273.945     0.0001 -1.06376e-05    1.10111
@@@ ID 359 : -0.000000 for     655.186    423.684 -8.8275e-06    1.16217
@@@ ID 360 : -0.000000 for     317.524     0.0001 -5.05173e-06    1.91243
@@@ ID 361 : -0.000000 for     480.599    656.265 -1.40665e-05    2.08164
@@@ ID 362 : -0.000000 for      463.94    551.273 -8.04755e-06    2.61279
@@@ ID 363 : -0.000000 for     644.931    487.199 -6.86181e-06    1.85256
@@@ ID 364 : -0.000000 for     595.212    515.313 -1.08014e-05     2.0361
@@@ ID 365 : -0.000000 for      417.99    186.031 -1.40545e-06     1.7818
@@@ ID 366 : -0.000000 for     167.114    153.376 -1.82058e-05    1.79139
@@@ ID 367 : -0.000000 for     561.975    320.975 -1.14613e-05     2.1708
@@@ ID 368 : -0.000000 for     943.166    999.745 -2.18781e-05    2.01997
@@@ ID 369 : -0.000000 for     274.223   0.252567 -1.0629e-05     1.1013
@@@ ID 370 : -0.000000 for     577.957    274.654 -9.69107e-06    1.92478
@@@ ID 371 : -0.000000 for     428.773    728.547 -1.4422e-05    2.92967
@@@ ID 372 : -0.000000 for      199.91   0.374702 -2.3947e-07    1.78869
@@@ ID 373 : -0.000000 for     997.436    421.017 -1.74707e-05    2.60336
@@@ ID 374 : -0.000000 for        1000    657.183 -1.79565e-05    1.29673
@@@ ID 375 : -0.000000 for     884.209    992.373 -2.58158e-05    1.84215
@@@ ID 376 : -0.000000 for     514.004    228.501 -2.02938e-05    1.40473
@@@ ID 377 : -0.000000 for        1000     886.23 -7.22252e-06    1.19066
@@@ ID 378 : -0.000000 for     426.816      454.2 -1.32733e-05    2.62437
@@@ ID 379 : -0.000000 for     302.296    536.754 -1.76893e-05    2.98329
@@@ ID 380 : -0.000000 for        1000       1000 -2.15285e-05    1.94119
@@@ ID 381 : -0.000000 for     383.809    271.834 -1.26343e-07    1.22277
@@@ ID 382 : -0.000000 for     689.864    413.853 -1.7823e-05          1
@@@ ID 383 : -0.000000 for     741.019    591.561 -1.38257e-05    1.29542
@@@ ID 384 : -0.000000 for     364.437    469.204 -1.49044e-05     1.4682
@@@ ID 385 : -0.000000 for     730.014    561.803 -1.01817e-05    1.77332
@@@ ID 386 : -0.000000 for     586.127    703.265 -1.84312e-05    1.46938
@@@ ID 387 : -0.000000 for     901.285        637 -1.38875e-05    1.82147
@@@ ID 388 : -0.000000 for     306.175    22.1391 -1.036(standard_in) 1: syntax error
(standard_in) 1: syntax error
(standard_in) 1: syntax error
(standard_in) 1: syntax error
(standard_in) 1: syntax error
(standard_in) 1: syntax error
(standard_in) 1: syntax error
(standard_in) 1: syntax error
(standard_in) 1: syntax error
(standard_in) 1: syntax error
(standard_in) 1: syntax error
(standard_in) 1: syntax error
(standard_in) 1: syntax error
(standard_in) 1: syntax error
(standard_in) 1: syntax error
(standard_in) 1: syntax error
(standard_in) 1: syntax error
(standard_in) 1: syntax error
(standard_in) 1: syntax error
(standard_in) 1: syntax error
(standard_in) 1: syntax error
(standard_in) 1: syntax error
(standard_in) 1: syntax error
(standard_in) 1: syntax error
(standard_in) 1: syntax error
(standard_in) 1: syntax error
(standard_in) 1: syntax error
(standard_in) 1: syntax error
(standard_in) 1: syntax error
(standard_in) 1: syntax error
(standard_in) 1: syntax error
(standard_in) 1: syntax error
(standard_in) 1: syntax error
(standard_in) 1: syntax error
(standard_in) 1: syntax error
(standard_in) 1: syntax error
(standard_in) 1: syntax error
(standard_in) 1: syntax error
(standard_in) 1: syntax error
(standard_in) 1: syntax error
(standard_in) 1: syntax error
(standard_in) 1: syntax error
(standard_in) 1: syntax error
(standard_in) 1: syntax error
(standard_in) 1: syntax error
(standard_in) 1: syntax error
(standard_in) 1: syntax error
(standard_in) 1: syntax error
34e-05    1.13171
@@@ ID 389 : -0.000000 for     714.856    835.132 -2.1407e-05    1.93569
@@@ ID 390 : -0.000000 for     610.841     437.36 -1.41578e-05    1.37508
@@@ ID 391 : -0.000000 for     741.301    591.606 -1.38237e-05    1.29562
@@@ ID 392 : -0.000000 for     740.833    591.728 -1.38254e-05    1.29473
@@@ ID 393 : -0.000000 for     544.106    858.129 -1.35333e-05          3
@@@ ID 394 : -0.000000 for     181.398    121.008 -1.57864e-05    1.67391
@@@ ID 395 : -0.000000 for     971.583       1000 -9.18329e-06    1.55228
@@@ ID 396 : -0.000000 for     645.528    208.328 -2.25686e-05          1
@@@ ID 397 : -0.000000 for     901.339    499.269 -1.96072e-05    1.45832
@@@ ID 398 : -0.000000 for     101.041    241.652 -1.93506e-05    2.06429
@@@ ID 399 : -0.000000 for     894.414    819.489 -2.30674e-05    2.42965
@@@ ID 400 : -0.000000 for     982.978    918.258 -2.40942e-05    2.19345
@@@ ID 401 : -0.000000 for     442.738    645.375 -1.629e-05    2.79245
@@@ ID 402 : -0.000000 for        1000       1000 -2.5683e-05    2.04535
@@@ ID 403 : -0.000000 for     817.951    526.281 -1.5291e-05          1
@@@ ID 404 : -0.000000 for     713.408    784.738 -4.88092e-06    1.85448
@@@ ID 405 : -0.000000 for        1000       1000 -2.02242e-05     1.8593
@@@ ID 406 : -0.000000 for     487.024    517.966 -2.24959e-05     1.1135
@@@ ID 407 : -0.000000 for     193.866    120.897 -1.41933e-05    1.49168
@@@ ID 408 : -0.000000 for     401.057     618.96 -1.48636e-05    2.46179
@@@ ID 409 : -0.000000 for     626.484    785.776 -1.42211e-05    2.28956
@@@ ID 410 : -0.000000 for     836.152    745.673 -1.60953e-05    2.02309
@@@ ID 411 : -0.000000 for     615.215    207.649 -1.79517e-05    2.61777
@@@ ID 412 : -0.000000 for     631.117    559.024 -1.07079e-05    2.04437
@@@ ID 413 : -0.000000 for     473.129    467.837 -1.06871e-05    2.37899
@@@ ID 414 : -0.000000 for     421.362    292.207 -1.08133e-05     1.5292
@@@ ID 415 : -0.000000 for     921.539    992.343 -2.12413e-05    2.04612
@@@ ID 416 : -0.000000 for     306.266    21.6964 -1.03617e-05    1.13109
@@@ ID 417 : -0.000000 for     901.354    636.878 -1.38869e-05    1.82156
@@@ ID 418 : -0.000000 for     856.004    783.764 -1.70438e-05    1.72291
@@@ ID 419 : -0.000000 for        1000    966.663 -2.52751e-05    1.63358
@@@ ID 420 : -0.000000 for     948.821    495.467 -2.2253e-05          1
@@@ ID 421 : -0.000000 for     613.601    494.648 -1.29293e-05     1.7313
@@@ ID 422 : -0.000000 for      481.35    233.141 -1.09585e-05    1.09315
@@@ ID 423 : -0.000000 for      594.82    704.376 -1.45091e-05    1.78547
@@@ ID 424 : -0.000000 for        1000    909.254 -2.04203e-05    1.23087
@@@ ID 425 : -0.000000 for     728.405    612.391 -1.4599e-05    1.66669
@@@ ID 426 : -0.000000 for     750.285    772.154 -1.87583e-05    1.96483
@@@ ID 427 : -0.000000 for     583.466    677.441 -1.37338e-05    2.86652
@@@ ID 428 : -0.000000 for     914.715    825.846 -1.98686e-05    1.87104
@@@ ID 429 : -0.000000 for     383.763    412.136 -1.71088e-05    1.57165
@@@ ID 430 : -0.000000 for        1000       1000 -2.52661e-05    1.68394
@@@ ID 431 : -0.000000 for        1000     859.82 -1.77088e-05          1
@@@ ID 432 : -0.000000 for      949.33    689.181 -1.73694e-05     1.5429
@@@ ID 433 : -0.000000 for     664.739    737.816 -1.75949e-05    2.10405
@@@ ID 434 : -0.000000 for      769.75    236.075 -9.53731e-06    2.48482
@@@ ID 435 : -0.000000 for     750.319    771.669 -1.8748e-05    1.96454
@@@ ID 436 : -0.000000 for     949.447    688.904 -1.73731e-05      1.543
@@@ ID 437 : -0.000000 for        1000    800.611 -1.61959e-05          1
@@@ ID 438 : -0.000000 for     809.186    679.726 -2.11685e-05    1.76413
@@@ ID 439 : -0.000000 for      913.49    637.642 -1.37419e-05    1.72301
@@@ ID 440 : -0.000000 for     432.901    367.719 -1.35257e-05    1.58125
@@@ ID 441 : -0.000000 for     631.931    687.324 -1.97383e-05    1.88541
@@@ ID 442 : -0.000000 for     395.918     0.0001 -1.14532e-05    1.93339
@@@ ID 443 : -0.000000 for     253.498     0.0001 -4.41515e-06    1.07557
@@@ ID 444 : -0.(standard_in) 1: syntax error
(standard_in) 1: syntax error
(standard_in) 1: syntax error
(standard_in) 1: syntax error
(standard_in) 1: syntax error
(standard_in) 1: syntax error
(standard_in) 1: syntax error
(standard_in) 1: syntax error
(standard_in) 1: syntax error
(standard_in) 1: syntax error
(standard_in) 1: syntax error
(standard_in) 1: syntax error
(standard_in) 1: syntax error
(standard_in) 1: syntax error
(standard_in) 1: syntax error
(standard_in) 1: syntax error
(standard_in) 1: syntax error
(standard_in) 1: syntax error
(standard_in) 1: syntax error
(standard_in) 1: syntax error
(standard_in) 1: syntax error
(standard_in) 1: syntax error
(standard_in) 1: syntax error
(standard_in) 1: syntax error
(standard_in) 1: syntax error
(standard_in) 1: syntax error
(standard_in) 1: syntax error
(standard_in) 1: syntax error
(standard_in) 1: syntax error
(standard_in) 1: syntax error
(standard_in) 1: syntax error
(standard_in) 1: syntax error
(standard_in) 1: syntax error
(standard_in) 1: syntax error
(standard_in) 1: syntax error
(standard_in) 1: syntax error
(standard_in) 1: syntax error
(standard_in) 1: syntax error
(standard_in) 1: syntax error
(standard_in) 1: syntax error
(standard_in) 1: syntax error
(standard_in) 1: syntax error
(standard_in) 1: syntax error
(standard_in) 1: syntax error
(standard_in) 1: syntax error
(standard_in) 1: syntax error
(standard_in) 1: syntax error
(standard_in) 1: syntax error
000000 for     605.782    575.023 -1.04143e-05    2.16745
@@@ ID 445 : -0.000000 for        1000       1000 -1.86396e-05    2.19123
@@@ ID 446 : -0.000000 for      211.96    209.723 -7.45486e-06    2.29042
@@@ ID 447 : -0.000000 for     513.597    591.346 -1.85424e-05    1.67278
@@@ ID 448 : -0.000000 for        1000     855.95 -1.85783e-05     1.5429
@@@ ID 449 : -0.000000 for     853.476       1000 -2.92518e-05    2.34913
@@@ ID 450 : -0.000000 for     669.588    453.782 -1.83492e-05    1.73224
@@@ ID 451 : -0.000000 for        1000    982.662 -2.73804e-05    2.37247
@@@ ID 452 : -0.000000 for     375.978    402.328 -2.13405e-05    1.82834
@@@ ID 453 : -0.000000 for      749.09    953.446 -2.42262e-05    1.95355
@@@ ID 454 : -0.000000 for     691.881    635.978 -1.74088e-05    1.28582
@@@ ID 455 : -0.000000 for     717.625     185.74 -1.8451e-05     2.7926
@@@ ID 456 : -0.000000 for        1000    597.371 -1.95082e-05    2.18941
@@@ ID 457 : -0.000000 for     217.774    223.364 -1.19258e-05    1.78509
@@@ ID 458 : -0.000000 for     831.727    561.063 -9.27972e-06     2.6393
@@@ ID 459 : -0.000000 for     415.295    489.526 -1.57464e-05     2.5515
@@@ ID 460 : -0.000000 for     301.273    266.256 -2.28851e-05    1.98836
@@@ ID 461 : -0.000000 for     606.177    706.466 -1.3579e-05    1.99512
@@@ ID 462 : -0.000000 for      375.75    402.443 -2.1342e-05    1.82829
@@@ ID 463 : -0.000000 for      665.14    737.826 -1.75946e-05    2.10398
@@@ ID 464 : -0.000000 for     61.2064    46.2044 -2.06062e-05    1.54432
@@@ ID 465 : -0.000000 for     813.533    724.872 -1.92517e-05    1.56476
@@@ ID 466 : -0.000000 for     353.142    318.413 -9.13601e-06          1
@@@ ID 467 : -0.000000 for     425.825    617.394 -8.8158e-06     1.8296
@@@ ID 468 : -0.000000 for      740.82    832.173 -2.6528e-05    1.90745
@@@ ID 469 : -0.000000 for     46.3378     0.0001 -7.64591e-08    1.93101
@@@ ID 470 : -0.000000 for     812.526    768.744 -1.93313e-05    1.93111
@@@ ID 471 : -0.000000 for     365.282     359.45 -1.182e-05    2.01726
@@@ ID 472 : -0.000000 for     240.831    7.99949 -4.26839e-06    1.13712
@@@ ID 473 : -0.000000 for     402.193    638.125 -1.95545e-05     2.9425
@@@ ID 474 : -0.000000 for     347.635    500.233 -1.84512e-05    2.89426
@@@ ID 475 : -0.000000 for     276.705    311.832 -9.05449e-06    2.43139
@@@ ID 476 : -0.000000 for     809.624     544.77 -1.47994e-05    1.56843
@@@ ID 477 : -0.000000 for     933.944     995.88 -2.0564e-05    2.88326
@@@ ID 478 : -0.000000 for     789.816    731.361 -1.31782e-05    2.06671
@@@ ID 479 : -0.000000 for     629.607    515.815 -8.90134e-06    1.75638
@@@ ID 480 : -0.000000 for     646.628    575.365 -1.27893e-05    1.63495
@@@ ID 481 : -0.000000 for     697.935    609.475 -5.97204e-06    1.87562
@@@ ID 482 : -0.000000 for     651.096    682.989 -1.54978e-05    2.06685
@@@ ID 483 : -0.000000 for     805.424    672.421 -1.02879e-05    1.84255
@@@ ID 484 : -0.000000 for     181.212    121.465 -1.57851e-05    1.67433
@@@ ID 485 : -0.000000 for     629.397    515.589 -8.89786e-06    1.75671
@@@ ID 486 : -0.000000 for     809.606    544.611 -1.4796e-05    1.56912
@@@ ID 487 : -0.000000 for     997.099    421.421 -1.74839e-05    2.60309
@@@ ID 488 : -0.000000 for     692.049    805.169 -1.02539e-05    1.65817
@@@ ID 489 : -0.000000 for      498.08    673.166 -2.00861e-05    2.82188
@@@ ID 490 : -0.000000 for      0.0001     0.0001 -7.03575e-07    2.25836
@@@ ID 491 : -0.000000 for        1000    211.294 -1.23366e-05    1.74478
@@@ ID 492 : -0.000000 for     608.887    611.682 -1.85959e-05    1.73451
@@@ ID 493 : -0.000000 for     259.018    59.1775 -2.33811e-06     1.1927
@@@ ID 494 : -0.000000 for     393.021    343.066 -1.13308e-05    1.29062
@@@ ID 495 : -0.000000 for     712.418    620.676 -1.25905e-05    1.93608
@@@ ID 496 : -0.000000 for     242.143     0.0001 -1.33862e-06    1.14338
@@@ ID 497 : -0.000000 for      0.0001     0.0001          0    2.17081
@@@ ID 498 : -0.000000 for     636.489    503.211 -2.16816e-05    1.06117
@@@ ID 499 : -0.000000 for     772.703    810.004 -1.(standard_in) 1: syntax error
(standard_in) 1: syntax error
(standard_in) 1: syntax error
(standard_in) 1: syntax error
(standard_in) 1: syntax error
(standard_in) 1: syntax error
(standard_in) 1: syntax error
(standard_in) 1: syntax error
(standard_in) 1: syntax error
(standard_in) 1: syntax error
(standard_in) 1: syntax error
(standard_in) 1: syntax error
(standard_in) 1: syntax error
(standard_in) 1: syntax error
(standard_in) 1: syntax error
(standard_in) 1: syntax error
(standard_in) 1: syntax error
(standard_in) 1: syntax error
(standard_in) 1: syntax error
(standard_in) 1: syntax error
(standard_in) 1: syntax error
(standard_in) 1: syntax error
(standard_in) 1: syntax error
(standard_in) 1: syntax error
