 #              _____________________  _______________________             #
 #              ___  __ \__  __ \_  / / /_  /___  ____/_  ___/             #
 #              __  / / /_  /_/ /  / / /_  __/_  __/  _____ \              #
 #              _  /_/ /_  _, _// /_/ / / /_ _  /___  ____/ /              #
 #              /_____/ /_/ |_| \____/  \__/ /_____/  /____/               #
 #                                                                         #
  
 DRUtES is initializing, reading input files
 ---------------------------------------------------------------
 05hrs : 36min : 31.725s  -  2019/12/15    total number of parallel images is:                    1
 ---------------------------------------------------------------
 05hrs : 36min : 31.725s  -  2019/12/15    reading input files and allocating...
 ---------------------------------------------------------------
 05hrs : 36min : 31.726s  -  2019/12/15    number of nodes:                   71 number of elements:                   70
 ---------------------------------------------------------------
 05hrs : 36min : 31.726s  -  2019/12/15    analyzing mesh structure...
 ---------------------------------------------------------------
 05hrs : 36min : 31.727s  -  2019/12/15    The file with inputs for inverse modeling is: drutes.conf/kinwave/inputs.dat
 ---------------------------------------------------------------
 05hrs : 36min : 31.742s  -  2019/12/15    DRUtES solves kinematic wave equation for real catchments
 ---------------------------------------------------------------
 05hrs : 36min : 31.742s  -  2019/12/15    making output files for observation time
 ---------------------------------------------------------------
 05hrs : 36min : 31.743s  -  2019/12/15    go 4 solving
 ---------------------------------------------------------------
 05hrs : 36min : 31.744s  -  2019/12/15    current simulation time:   1.0000000000000000E-004 total iteration count:                    1
 ---------------------------------------------------------------
 05hrs : 36min : 32.475s  -  2019/12/15    making output files for observation time
 ---------------------------------------------------------------
 05hrs : 36min : 32.477s  -  2019/12/15    DRUtES will allocate:   14.896000000000001 kB  of RAM for objective function computation.
 ---------------------------------------------------------------
 05hrs : 36min : 32.482s  -  2019/12/15    # real elapsed CPU time =  0.76000000024214387 s
 ---------------------------------------------------------------
 05hrs : 36min : 32.482s  -  2019/12/15    minimal adjusted time step was   1.0000000000000000E-004
 ---------------------------------------------------------------
 05hrs : 36min : 32.482s  -  2019/12/15    F I N I S H E D !!!!!
 ---------------------------------------------------------------
 05hrs : 36min : 32.485s  -  2019/12/15    Peak RAM  consumption on image                    1 was:                13384 kB
 ---------------------------------------------------------------
 05hrs : 36min : 32.485s  -  2019/12/15    Peak SWAP consumption on image                    1 was:                    0 kB
