 #              _____________________  _______________________             #
 #              ___  __ \__  __ \_  / / /_  /___  ____/_  ___/             #
 #              __  / / /_  /_/ /  / / /_  __/_  __/  _____ \              #
 #              _  /_/ /_  _, _// /_/ / / /_ _  /___  ____/ /              #
 #              /_____/ /_/ |_| \____/  \__/ /_____/  /____/               #
 #                                                                         #
  
 #        time                      [L]                   runoff elevation [m a.m.s.l]       runoff flux [L3.T-1.L-2]   in    x              directions   cumulative flux
 #-----------------------------------------------------------------------------------------------

   0.0000000000000000        0.0000000000000000       -0.0000000000000000        0.0000000000000000     
   1.0000000000000000E-004   0.0000000000000000       -0.0000000000000000        0.0000000000000000     
   2.0600000000000002E-004   0.0000000000000000       -0.0000000000000000        0.0000000000000000     
   3.1836000000000006E-004   0.0000000000000000       -0.0000000000000000        0.0000000000000000     
   4.3746160000000009E-004   0.0000000000000000       -0.0000000000000000        0.0000000000000000     
   5.6370929600000014E-004   0.0000000000000000       -0.0000000000000000        0.0000000000000000     
   6.9753185376000013E-004   0.0000000000000000       -0.0000000000000000        0.0000000000000000     
   8.3938376498560023E-004   0.0000000000000000       -0.0000000000000000        0.0000000000000000     
   9.8974679088473629E-004   0.0000000000000000       -0.0000000000000000        0.0000000000000000     
   1.1491315983378205E-003   0.0000000000000000       -0.0000000000000000        0.0000000000000000     
   1.3180794942380899E-003   0.0000000000000000       -0.0000000000000000        0.0000000000000000     
   1.4971642638923754E-003   0.0000000000000000       -0.0000000000000000        0.0000000000000000     
   1.6869941197259180E-003   0.0000000000000000       -0.0000000000000000        0.0000000000000000     
   1.8882137669094731E-003   0.0000000000000000       -0.0000000000000000        0.0000000000000000     
   2.1015065929240414E-003   0.0000000000000000       -0.0000000000000000        0.0000000000000000     
   2.3275969884994840E-003   0.0000000000000000       -0.0000000000000000        0.0000000000000000     
   2.5672528078094533E-003   0.0000000000000000       -0.0000000000000000        0.0000000000000000     
   2.8212879762780207E-003   0.0000000000000000       -0.0000000000000000        0.0000000000000000     
   3.0905652548547020E-003   0.0000000000000000       -0.0000000000000000        0.0000000000000000     
   3.3759991701459843E-003   0.0000000000000000       -0.0000000000000000        0.0000000000000000     
   3.6785591203547436E-003   0.0000000000000000       -0.0000000000000000        0.0000000000000000     
   3.9992726675760282E-003   0.0000000000000000       -0.0000000000000000        0.0000000000000000     
   4.3392290276305897E-003   0.0000000000000000       -0.0000000000000000        0.0000000000000000     
   4.6995827692884254E-003   0.0000000000000000       -0.0000000000000000        0.0000000000000000     
   5.0815577354457308E-003   0.0000000000000000       -0.0000000000000000        0.0000000000000000     
   5.4864511995724747E-003   0.0000000000000000       -0.0000000000000000        0.0000000000000000     
   5.9156382715468232E-003   0.0000000000000000       -0.0000000000000000        0.0000000000000000     
   6.3705765678396331E-003   0.0000000000000000       -0.0000000000000000        0.0000000000000000     
   6.8528111619100118E-003   0.0000000000000000       -0.0000000000000000        0.0000000000000000     
   7.3639798316246126E-003   0.0000000000000000       -0.0000000000000000        0.0000000000000000     
   7.9058186215220892E-003   0.0000000000000000       -0.0000000000000000        0.0000000000000000     
   8.4801677388134152E-003   0.0000000000000000       -0.0000000000000000        0.0000000000000000     
   9.0889778031422210E-003   0.0000000000000000       -0.0000000000000000        0.0000000000000000     
   9.7343164713307555E-003   0.0000000000000000       -0.0000000000000000        0.0000000000000000     
   1.0418375459610602E-002   0.0000000000000000       -0.0000000000000000        0.0000000000000000     
   1.1143477987187239E-002   0.0000000000000000       -0.0000000000000000        0.0000000000000000     
   1.1912086666418473E-002   0.0000000000000000       -0.0000000000000000        0.0000000000000000     
   1.2726811866403582E-002   0.0000000000000000       -0.0000000000000000        0.0000000000000000     
   1.3590420578387798E-002   0.0000000000000000       -0.0000000000000000        0.0000000000000000     
   1.4505845813091067E-002   0.0000000000000000       -0.0000000000000000        0.0000000000000000     
   1.5476196561876531E-002   0.0000000000000000       -0.0000000000000000        0.0000000000000000     
   1.6504768355589124E-002   0.0000000000000000       -0.0000000000000000        0.0000000000000000     
   1.7595054456924473E-002   0.0000000000000000       -0.0000000000000000        0.0000000000000000     
   1.8750757724339942E-002   0.0000000000000000       -0.0000000000000000        0.0000000000000000     
   1.9975803187800338E-002   0.0000000000000000       -0.0000000000000000        0.0000000000000000     
   2.1274351379068360E-002   0.0000000000000000       -0.0000000000000000        0.0000000000000000     
   2.2650812461812463E-002   0.0000000000000000       -0.0000000000000000        0.0000000000000000     
   2.4109861209521213E-002   0.0000000000000000       -0.0000000000000000        0.0000000000000000     
   2.5656452882092486E-002   0.0000000000000000       -0.0000000000000000        0.0000000000000000     
   2.7295840055018037E-002   0.0000000000000000       -0.0000000000000000        0.0000000000000000     
   2.9033590458319120E-002   0.0000000000000000       -0.0000000000000000        0.0000000000000000     
   3.0875605885818270E-002   0.0000000000000000       -0.0000000000000000        0.0000000000000000     
   3.2828142238967364E-002   0.0000000000000000       -0.0000000000000000        0.0000000000000000     
   3.4897830773305411E-002   0.0000000000000000       -0.0000000000000000        0.0000000000000000     
   3.7091700619703738E-002   0.0000000000000000       -0.0000000000000000        0.0000000000000000     
   3.9417202656885961E-002   0.0000000000000000       -0.0000000000000000        0.0000000000000000     
   4.1882234816299123E-002   0.0000000000000000       -0.0000000000000000        0.0000000000000000     
   4.4495168905277070E-002   0.0000000000000000       -0.0000000000000000        0.0000000000000000     
   4.7264879039593699E-002   0.0000000000000000       -0.0000000000000000        0.0000000000000000     
   5.0200771781969321E-002   0.0000000000000000       -0.0000000000000000        0.0000000000000000     
   5.3312818088887486E-002   0.0000000000000000       -0.0000000000000000        0.0000000000000000     
   5.6611587174220740E-002   0.0000000000000000       -0.0000000000000000        0.0000000000000000     
   6.0108282404673988E-002   0.0000000000000000       -0.0000000000000000        0.0000000000000000     
   6.3814779348954437E-002   0.0000000000000000       -0.0000000000000000        0.0000000000000000     
   6.7743666109891701E-002   0.0000000000000000       -0.0000000000000000        0.0000000000000000     
   7.1908286076485209E-002   0.0000000000000000       -0.0000000000000000        0.0000000000000000     
   7.6322783241074332E-002   0.0000000000000000       -0.0000000000000000        0.0000000000000000     
   8.1002150235538792E-002   0.0000000000000000       -0.0000000000000000        0.0000000000000000     
   8.5962279249671120E-002   0.0000000000000000       -0.0000000000000000        0.0000000000000000     
   9.1220016004651391E-002   0.0000000000000000       -0.0000000000000000        0.0000000000000000     
   9.6793216964930484E-002   0.0000000000000000       -0.0000000000000000        0.0000000000000000     
  0.10270080998282632        0.0000000000000000       -0.0000000000000000        0.0000000000000000     
  0.10896285858179591        0.0000000000000000       -0.0000000000000000        0.0000000000000000     
  0.11560063009670367        0.0000000000000000       -0.0000000000000000        0.0000000000000000     
  0.12263666790250589        0.0000000000000000       -0.0000000000000000        0.0000000000000000     
  0.13009486797665626        0.0000000000000000       -0.0000000000000000        0.0000000000000000     
  0.13800056005525563        0.0000000000000000       -0.0000000000000000        0.0000000000000000     
  0.14638059365857098        0.0000000000000000       -0.0000000000000000        0.0000000000000000     
  0.15526342927808526        0.0000000000000000       -0.0000000000000000        0.0000000000000000     
  0.16467923503477039        0.0000000000000000       -0.0000000000000000        0.0000000000000000     
  0.17465998913685662        0.0000000000000000       -0.0000000000000000        0.0000000000000000     
  0.18523958848506802        0.0000000000000000       -0.0000000000000000        0.0000000000000000     
  0.19645396379417213        0.0000000000000000       -0.0000000000000000        0.0000000000000000     
  0.20834120162182246        0.0000000000000000       -0.0000000000000000        0.0000000000000000     
  0.22094167371913181        0.0000000000000000       -0.0000000000000000        0.0000000000000000     
  0.23429817414227974        0.0000000000000000       -0.0000000000000000        0.0000000000000000     
  0.24845606459081654        0.0000000000000000       -0.0000000000000000        0.0000000000000000     
  0.26346342846626553        0.0000000000000000       -0.0000000000000000        0.0000000000000000     
  0.27937123417424148        0.0000000000000000       -0.0000000000000000        0.0000000000000000     
  0.29623350822469596        0.0000000000000000       -0.0000000000000000        0.0000000000000000     
  0.31410751871817771        0.0000000000000000       -0.0000000000000000        0.0000000000000000     
  0.33305396984126839        0.0000000000000000       -0.0000000000000000        0.0000000000000000     
  0.35313720803174453        0.0000000000000000       -0.0000000000000000        0.0000000000000000     
  0.37442544051364923        0.0000000000000000       -0.0000000000000000        0.0000000000000000     
  0.39699096694446823        0.0000000000000000       -0.0000000000000000        0.0000000000000000     
  0.42091042496113634        0.0000000000000000       -0.0000000000000000        0.0000000000000000     
  0.44626505045880455        0.0000000000000000       -0.0000000000000000        0.0000000000000000     
  0.47314095348633284        0.0000000000000000       -0.0000000000000000        0.0000000000000000     
  0.50162941069551281        0.0000000000000000       -0.0000000000000000        0.0000000000000000     
  0.53182717533724366        0.0000000000000000       -0.0000000000000000        0.0000000000000000     
  0.56383680585747831        0.0000000000000000       -0.0000000000000000        0.0000000000000000     
  0.59776701420892708        0.0000000000000000       -0.0000000000000000        0.0000000000000000     
  0.63373303506146272        0.0000000000000000       -0.0000000000000000        0.0000000000000000     
  0.67185701716515056        0.0000000000000000       -0.0000000000000000        0.0000000000000000     
  0.71226843819505958        0.0000000000000000       -0.0000000000000000        0.0000000000000000     
  0.75510454448676323        0.0000000000000000       -0.0000000000000000        0.0000000000000000     
  0.80051081715596906        0.0000000000000000       -0.0000000000000000        0.0000000000000000     
  0.84864146618532721        0.0000000000000000       -0.0000000000000000        0.0000000000000000     
  0.89965995415644684        0.0000000000000000       -0.0000000000000000        0.0000000000000000     
  0.95373955140583366        0.0000000000000000       -0.0000000000000000        0.0000000000000000     
   1.0110639244901838        0.0000000000000000       -0.0000000000000000        0.0000000000000000     
   1.0718277599595949        0.0000000000000000       -0.0000000000000000        0.0000000000000000     
   1.1362374255571706        0.0000000000000000       -0.0000000000000000        0.0000000000000000     
   1.2045116710906008        0.0000000000000000       -0.0000000000000000        0.0000000000000000     
   1.2768823713560369        0.0000000000000000       -0.0000000000000000        0.0000000000000000     
   1.3535953136373993        0.0000000000000000       -0.0000000000000000        0.0000000000000000     
   1.4349110324556433        0.0000000000000000       -0.0000000000000000        0.0000000000000000     
   1.5211056944029819        0.0000000000000000       -0.0000000000000000        0.0000000000000000     
   1.6124720360671609        0.0000000000000000       -0.0000000000000000        0.0000000000000000     
   1.7093203582311907        0.0000000000000000       -0.0000000000000000        0.0000000000000000     
   1.8119795797250622        0.0000000000000000       -0.0000000000000000        0.0000000000000000     
   1.9207983545085661        0.0000000000000000       -0.0000000000000000        0.0000000000000000     
   2.0361462557790801        0.0000000000000000       -0.0000000000000000        0.0000000000000000     
   2.1584150311258252        0.0000000000000000       -0.0000000000000000        0.0000000000000000     
   2.2880199329933748        0.0000000000000000       -0.0000000000000000        0.0000000000000000     
   2.4254011289729775        0.0000000000000000       -0.0000000000000000        0.0000000000000000     
   2.5710251967113562        0.0000000000000000       -0.0000000000000000        0.0000000000000000     
   2.7253867085140375        0.0000000000000000       -0.0000000000000000        0.0000000000000000     
   2.8890099110248801        0.0000000000000000       -0.0000000000000000        0.0000000000000000     
   3.0624505056863729        0.0000000000000000       -0.0000000000000000        0.0000000000000000     
   3.2462975360275554        0.0000000000000000       -0.0000000000000000        0.0000000000000000     
   3.4411753881892091        0.0000000000000000       -0.0000000000000000        0.0000000000000000     
   3.6477459114805617        0.0000000000000000       -0.0000000000000000        0.0000000000000000     
   3.8667106661693955        0.0000000000000000       -0.0000000000000000        0.0000000000000000     
   4.0988133061395597        0.0000000000000000       -0.0000000000000000        0.0000000000000000     
   4.3448421045079337        0.0000000000000000       -0.0000000000000000        0.0000000000000000     
   4.6056326307784099        0.0000000000000000       -0.0000000000000000        0.0000000000000000     
   4.8820705886251146        0.0000000000000000       -0.0000000000000000        0.0000000000000000     
   5.1750948239426213        0.0000000000000000       -0.0000000000000000        0.0000000000000000     
   5.4857005133791787        0.0000000000000000       -0.0000000000000000        0.0000000000000000     
   5.8149425441819300        0.0000000000000000       -0.0000000000000000        0.0000000000000000     
   6.1639390968328458        0.0000000000000000       -0.0000000000000000        0.0000000000000000     
   6.5338754426428167        0.0000000000000000       -0.0000000000000000        0.0000000000000000     
   6.9260079692013861        0.0000000000000000       -0.0000000000000000        0.0000000000000000     
   7.3416684473534692        0.0000000000000000       -0.0000000000000000        0.0000000000000000     
   7.7822685541946779        0.0000000000000000       -0.0000000000000000        0.0000000000000000     
   8.2493046674463599        0.0000000000000000       -0.0000000000000000        0.0000000000000000     
   8.7443629474931424        0.0000000000000000       -0.0000000000000000        0.0000000000000000     
   9.2691247243427313        0.0000000000000000       -0.0000000000000000        0.0000000000000000     
   9.8253722078032961        0.0000000000000000       -0.0000000000000000        0.0000000000000000     
   10.414994540271495        0.0000000000000000       -0.0000000000000000        0.0000000000000000     
   11.039994212687786        0.0000000000000000       -0.0000000000000000        0.0000000000000000     
   11.702493865449053        0.0000000000000000       -0.0000000000000000        0.0000000000000000     
   12.404743497375996        0.0000000000000000       -0.0000000000000000        0.0000000000000000     
   13.149128107218557        0.0000000000000000       -0.0000000000000000        0.0000000000000000     
   13.938175793651672        0.0000000000000000       -0.0000000000000000        0.0000000000000000     
   14.774566341270774        0.0000000000000000       -0.0000000000000000        0.0000000000000000     
   15.661140321747020        0.0000000000000000       -0.0000000000000000        0.0000000000000000     
   16.600908741051843        0.0000000000000000       -0.0000000000000000        0.0000000000000000     
   17.597063265514954        0.0000000000000000       -0.0000000000000000        0.0000000000000000     
   18.652987061445852        0.0000000000000000       -0.0000000000000000        0.0000000000000000     
   19.772266285132606        0.0000000000000000       -0.0000000000000000        0.0000000000000000     
   20.958702262240564        0.0000000000000000       -0.0000000000000000        0.0000000000000000     
   22.216324397974997        0.0000000000000000       -0.0000000000000000        0.0000000000000000     
   23.549403861853499        0.0000000000000000       -0.0000000000000000        0.0000000000000000     
   24.962468093564709        0.0000000000000000       -0.0000000000000000        0.0000000000000000     
   26.460316179178594        0.0000000000000000       -0.0000000000000000        0.0000000000000000     
   28.048035149929312        0.0000000000000000       -0.0000000000000000        0.0000000000000000     
   29.731017258925071        0.0000000000000000       -0.0000000000000000        0.0000000000000000     
   31.514978294460576        0.0000000000000000       -0.0000000000000000        0.0000000000000000     
   33.405976992128210        0.0000000000000000       -0.0000000000000000        0.0000000000000000     
   35.410435611655906        0.0000000000000000       -0.0000000000000000        0.0000000000000000     
   37.535161748355264        0.0000000000000000       -0.0000000000000000        0.0000000000000000     
   39.787371453256583        0.0000000000000000       -0.0000000000000000        0.0000000000000000     
   42.174713740451978        0.0000000000000000       -0.0000000000000000        0.0000000000000000     
   44.705296564879099        0.0000000000000000       -0.0000000000000000        0.0000000000000000     
   47.387714358771845        0.0000000000000000       -0.0000000000000000        0.0000000000000000     
   50.231077220298161        0.0000000000000000       -0.0000000000000000        0.0000000000000000     
   53.245041853516049        0.0000000000000000       -0.0000000000000000        0.0000000000000000     
   56.439844364727016        0.0000000000000000       -0.0000000000000000        0.0000000000000000     
   59.826335026610636        0.0000000000000000       -0.0000000000000000        0.0000000000000000     
   63.416015128207277        0.0000000000000000       -0.0000000000000000        0.0000000000000000     
   67.221076035899713        0.0000000000000000       -0.0000000000000000        0.0000000000000000     
   71.254440598053705        0.0000000000000000       -0.0000000000000000        0.0000000000000000     
   75.529807033936933        0.0000000000000000       -0.0000000000000000        0.0000000000000000     
   80.061695455973151        0.0000000000000000       -0.0000000000000000        0.0000000000000000     
   84.865497183331541        0.0000000000000000       -0.0000000000000000        0.0000000000000000     
   89.865497183331541        0.0000000000000000       -0.0000000000000000        0.0000000000000000     
   94.865497183331541        0.0000000000000000       -0.0000000000000000        0.0000000000000000     
   99.865497183331541        0.0000000000000000       -0.0000000000000000        0.0000000000000000     
   104.86549718333154        0.0000000000000000       -0.0000000000000000        0.0000000000000000     
   109.86549718333154        0.0000000000000000       -0.0000000000000000        0.0000000000000000     
   114.86549718333154        0.0000000000000000       -0.0000000000000000        0.0000000000000000     
   119.86549718333154        0.0000000000000000       -0.0000000000000000        0.0000000000000000     
   124.86549718333154        0.0000000000000000       -0.0000000000000000        0.0000000000000000     
   129.86549718333154        0.0000000000000000       -0.0000000000000000        0.0000000000000000     
   134.86549718333154        1.1036807208306351E-003  -2.6218866827004705E-010   2.6218866827004705E-010
   139.86549718333154        5.4352278330506067E-003  -3.7374128942373734E-009   3.9996015625074206E-009
   144.86549718333154        1.2812024481071051E-002  -1.5604065219264384E-008   1.9603666781771806E-008
   149.86549718333154        2.3067551926240742E-002  -4.1579315481068487E-008   6.1182982262840293E-008
   154.86549718333154        3.6049482903181738E-002  -8.7506414563446524E-008   1.4868939682628680E-007
   159.86549718333154        5.1618055189888191E-002  -1.5917598761962554E-007   3.0786538444591234E-007
   164.86549718333154        6.9644676697344851E-002  -2.6223341751527343E-007   5.7009880196118572E-007
   169.86549718333154        9.0010722886282049E-002  -4.0212885727717369E-007   9.7222765923835936E-007
   174.86549718333154       0.11260648095553939       -5.8409093774645339E-007   1.5563185969848127E-006
   179.86549718333154       0.13732985629078273       -8.1311086904577168E-007   2.3694294660305843E-006
   184.86549718333154       0.16408088904837964       -1.0938845573254796E-006   3.4633140233560639E-006
   189.86549718333154       0.19273152113829303       -1.4304172503692263E-006   4.8937312737252903E-006
   194.86549718333154       0.22302140320159011       -1.8243957998366498E-006   6.7181270735619398E-006
   199.86549718333154       0.25435805936633604       -2.2713496544213189E-006   8.9894767279832596E-006
   204.86549718333154       0.28565956033096612       -2.7560648322329244E-006   1.1745541560216184E-005
   209.86549718333154       0.31549785953763471       -3.2523867694939118E-006   1.4997928329710096E-005
   214.86549718333154       0.34257512034706955       -3.7307933048129934E-006   1.8728721634523091E-005
   219.86549718333154       0.36618487329500443       -4.1690985123422057E-006   2.2897820146865295E-005
   224.86549718333154       0.38631803496269956       -4.5580924474317198E-006   2.7455912594297014E-005
   229.86549718333154       0.40343869995924658       -4.8997142170505781E-006   3.2355626811347588E-005
   234.86549718333154       0.41817736555445378       -5.2016647823383389E-006   3.7557291593685931E-005
   239.86549718333154       0.43112011966495734       -5.4727462113876414E-006   4.3030037805073572E-005
   244.86549718333154       0.44272385236780376       -5.7204433858275593E-006   4.8750481190901130E-005
   249.86549718333154       0.45331258842511035       -5.9502853023823226E-006   5.4700766493283450E-005
   254.86549718333154       0.46310613478675511       -6.1660784709036920E-006   6.0866844964187143E-005
   259.86549718333151       0.47225257182822000       -6.3703805484295086E-006   6.7237225512616658E-005
   264.86549718333151       0.48085383316397717       -6.5649279053236389E-006   7.3802153417940294E-005
   269.86549718333151       0.48898292915140479       -6.7509411176274380E-006   8.0553094535567728E-005
   274.86549718333151       0.49669464338326758       -6.9293199990299783E-006   8.7482414534597702E-005
   279.86549718333151       0.50403193321358675       -7.1007612558482065E-006   9.4583175790445906E-005
   284.86549718333151       0.51102973901451509       -7.2658280249691624E-006   1.0184900381541507E-004
   289.86549718333151       0.51771729500489294       -7.4249912480311442E-006   1.0927399506344621E-004
   294.86549718333151       0.52411958304229533       -7.5786549630722877E-006   1.1685265002651850E-004
   299.86549718333151       0.53025828994596202       -7.7271724019770775E-006   1.2457982242849557E-004
   304.86549718333151       0.53615246847832776       -7.8708567239939569E-006   1.3245067915248953E-004
   309.86549718333151       0.54181901412900346       -8.0099885136785078E-006   1.4046066766616803E-004
   314.86549718333151       0.54727302217235796       -8.1448212459548723E-006   1.4860548891212290E-004
   319.86549718333151       0.55252806341547545       -8.2755854176693203E-006   1.5688107432979220E-004
   324.86549718333151       0.55759640248219422       -8.4024917671044789E-006   1.6528356609689669E-004
   329.86549718333151       0.56248917406329302       -8.5257338454943990E-006   1.7380929994239110E-004
   334.86549718333151       0.56721652751904417       -8.6454901125227720E-006   1.8245479005491388E-004
   339.86549718333151       0.57178774707882807       -8.7619256720521796E-006   1.9121671572696605E-004
   344.86549718333151       0.57621135285073877       -8.8751937293624901E-006   2.0009190945632853E-004
   349.86549718333151       0.58049518649314247       -8.9854368284591924E-006   2.0907734628478771E-004
   354.86549718333151       0.58464648445909706       -9.0927879127607201E-006   2.1817013419754843E-004
   359.86549718333151       0.58867194105530452       -9.1973712419199621E-006   2.2736750543946838E-004
   364.86549718333151       0.59257776306971810       -9.2993031900334112E-006   2.3666680862950178E-004
   369.86549718333151       0.59636971735899125       -9.3986929450246508E-006   2.4606550157452644E-004
   374.86549718333151       0.60005317251227197       -9.4956431249300281E-006   2.5556114469945648E-004
   379.86549718333151       0.60363313549653708       -9.5902503237414086E-006   2.6515139502319789E-004
   384.86549718333151       0.60711428402383771       -9.6826055970947289E-006   2.7483400062029261E-004
   389.86549718333151       0.61050099525110202       -9.7727948962549831E-006   2.8460679551654762E-004
   394.86549718333151       0.61379737131963963       -9.8608994573939287E-006   2.9446769497394154E-004
   399.86549718333151       0.61700726215838486       -9.9469961519994886E-006   3.0441469112594101E-004
   404.86549718333151       0.62013428590761888       -1.0031157803325792E-005   3.1444584892926678E-004
   409.86549718333151       0.62318184726477510       -1.0113453473032541E-005   3.2455930240229931E-004
   414.86549718333151       0.62615315400896210       -1.0193948721549577E-005   3.3475325112384890E-004
   419.86549718333151       0.62905123192325085       -1.0272705845187045E-005   3.4502595696903597E-004
   424.86549718333151       0.63187893830280573       -1.0349784092591762E-005   3.5537574106162770E-004
   429.86549718333151       0.63463897421089266       -1.0425239862796298E-005   3.6580098092442399E-004
   434.86549718333151       0.63733389562294518       -1.0499126886810812E-005   3.7630010781123481E-004
   439.86549718333151       0.63996612358038696       -1.0571496394456792E-005   3.8687160420569161E-004
   444.86549718333151       0.64253795346025833       -1.0642397267929762E-005   3.9751400147362137E-004
   449.86549718333151       0.64505156345340353       -1.0711876183398307E-005   4.0822587765701967E-004
   454.86549718333151       0.64750902233247298       -1.0779977741789087E-005   4.1900585539880877E-004
   459.86549718333151       0.64991229658121907       -1.0846744589774688E-005   4.2985259998858344E-004
   464.86549718333151       0.65226325694820209       -1.0912217531868120E-005   4.4076481752045157E-004
   469.86549718333151       0.65456368448063806       -1.0976435634425321E-005   4.5174125315487691E-004
   474.86549718333151       0.65681527608785117       -1.1039436322271848E-005   4.6278068947714875E-004
   479.86549718333151       0.65901964967824300       -1.1101255468592730E-005   4.7388194494574150E-004
   484.86549718333151       0.66117834890894545       -1.1161927478659522E-005   4.8504387242440100E-004
   489.86549718333151       0.66329284758305729       -1.1221485367908484E-005   4.9626535779230953E-004
   494.86549718333151       0.66536455372575976       -1.1279960834834530E-005   5.0754531862714407E-004
   499.86549718333151       0.66739481336735862       -1.1337384329119980E-005   5.1888270295626408E-004
   504.86549718333151       0.66938491405831968       -1.1393785115373363E-005   5.3027648807163746E-004
   509.86549718333151       0.67133608813905710       -1.1449191332823935E-005   5.4172567940446135E-004
   514.86549718333151       0.67324951578482328       -1.1503630051280640E-005   5.5322930945574198E-004
   519.86549718333151       0.67512632784417803       -1.1557127323639226E-005   5.6478643677938117E-004
   524.86549718333151       0.67696760848766124       -1.1609708235193092E-005   5.7639614501457431E-004
   529.86549718333151       0.67877439768183767       -1.1661396949984133E-005   5.8805754196455842E-004
   534.86549718333151       0.68054769350238442       -1.1712216754406586E-005   5.9976975871896504E-004
   539.86549718333151       0.68228845429867613       -1.1762190098259735E-005   6.1153194881722478E-004
   544.86549718333151       0.68399760072123594       -1.1811338633429738E-005   6.2334328745065448E-004
   549.86549718333151       0.68567601762231845       -1.1859683250363281E-005   6.3520297070101780E-004
   554.86549718333151       0.68732455583916807       -1.1907244112487497E-005   6.4711021481350531E-004
   559.86549718333151       0.68894403386842051       -1.1954040688710928E-005   6.5906425550221628E-004
   564.86549718333151       0.69053523943962702       -1.2000091784136251E-005   6.7106434728635253E-004
   569.86549718333151       0.69209893099509034       -1.2045415569101889E-005   6.8310976285545447E-004
   574.86549718333151       0.69363583908262028       -1.2090029606660982E-005   6.9519979246211543E-004
   579.86549718333151       0.69514666766731037       -1.2133950878598839E-005   7.0733374334071427E-004
   584.86549718333151       0.69663209536789439       -1.2177195810081144E-005   7.1951093915079546E-004
   589.86549718333151       0.69809277662279801       -1.2219780293018137E-005   7.3173071944381365E-004
   594.86549718333151       0.69952934279071743       -1.2261719708227376E-005   7.4399243915204097E-004
   599.86549718333151       0.70094240318997569       -1.2303028946465719E-005   7.5629546809850672E-004
   604.86549718333151       0.70233254608071083       -1.2343722428399805E-005   7.6863919052690653E-004
   609.86549718333151       0.70370033959370837       -1.2383814123581599E-005   7.8102300465048816E-004
   614.86549718333151       0.70504633260916394       -1.2423317568483643E-005   7.9344632221897183E-004
   619.86549718333151       0.70637105558867008       -1.2462245883652478E-005   8.0590856810262433E-004
   624.86549718333151       0.70767502136336613       -1.2500611790031228E-005   8.1840917989265554E-004
   629.86549718333151       0.70895872588094599       -1.2538427624498212E-005   8.3094760751715373E-004
   634.86549718333151       0.71022264891407316       -1.2575705354666492E-005   8.4352331287182024E-004
   639.86549718333151       0.71146725473257633       -1.2612456592986692E-005   8.5613576946480692E-004
   644.86549718333151       0.71269299274160280       -1.2648692610191576E-005   8.6878446207499854E-004
   649.86549718333151       0.71390029808777655       -1.2684424348119260E-005   8.8146888642311779E-004
   654.86549718333151       0.71508959223522628       -1.2719662431948128E-005   8.9418854885506597E-004
   659.86549718333151       0.71626128351328044       -1.2754417181876335E-005   9.0694296603694227E-004
   664.86549718333151       0.71741576763751247       -1.2788698624276900E-005   9.1973166466121920E-004
   669.86549718333151       0.71855342820555124       -1.2822516502352846E-005   9.3255418116357203E-004
   674.86549718333151       0.71967463716921931       -1.2855880286322432E-005   9.4541006144989448E-004
   679.86549718333151       0.72077975528425475       -1.2888799183156799E-005   9.5829886063305127E-004
   684.86549718333151       0.72186913253898144       -1.2921282145896452E-005   9.7122014277894770E-004
   689.86549718333151       0.72294310856287169       -1.2953337882561696E-005   9.8417348066150937E-004
   694.86549718333151       0.72400201301638378       -1.2984974864685958E-005   9.9715845552619527E-004
   699.86549718333151       0.72504616596290550       -1.3016201335485480E-005   1.0101746568616807E-003
   704.86549718333151       0.72607587822382058       -1.3047025317685196E-005   1.0232216821793659E-003
   709.86549718333151       0.72709145171758760       -1.3077454621017424E-005   1.0362991368003834E-003
   714.86549718333151       0.72809317978375487       -1.3107496849411807E-005   1.0494066336497951E-003
   719.86549718333151       0.72908134749259146       -1.3137159407888304E-005   1.0625437930576833E-003
   724.86549718333151       0.73005623194113933       -1.3166449509169245E-005   1.0757102425668526E-003
   729.86549718333151       0.73101810253643607       -1.3195374180025414E-005   1.0889056167468780E-003
   734.86549718333151       0.73196722126643077       -1.3223940267364823E-005   1.1021295570142428E-003
   739.86549718333151       0.73290384295939304       -1.3252154444081613E-005   1.1153817114583245E-003
   744.86549718333151       0.73382821553226818       -1.3280023214672496E-005   1.1286617346729969E-003
   749.86549718333151       0.73474058022852584       -1.3307552920631501E-005   1.1419692875936284E-003
   754.86549718333151       0.73564117184615652       -1.3334749745637193E-005   1.1553040373392656E-003
   759.86549718333151       0.73653021895613691       -1.3361619720537040E-005   1.1686656570598026E-003
   764.86549718333151       0.73740794411194721       -1.3388168728141718E-005   1.1820538257879443E-003
   769.86549718333151       0.73827456405049485       -1.3414402507835536E-005   1.1954682282957797E-003
   774.86549718333151       0.73913028988494112       -1.3440326660013804E-005   1.2089085549557936E-003
   779.86549718333151       0.73997532728973558       -1.3465946650352376E-005   1.2223745016061460E-003
   784.86549718333151       0.74080987667826581       -1.3491267813917985E-005   1.2358657694200640E-003
   789.86549718333151       0.74163413337345907       -1.3516295359126055E-005   1.2493820647791901E-003
   794.86549718333151       0.74244828777172922       -1.3541034371554591E-005   1.2629230991507447E-003
   799.86549718333151       0.74325252550041987       -1.3565489817615663E-005   1.2764885889683603E-003
   804.86549718333151       0.74404702756922947       -1.3589666548096226E-005   1.2900782555164566E-003
   809.86549718333151       0.74483197051573891       -1.3613569301569243E-005   1.3036918248180258E-003
   814.86549718333151       0.74560752654544737       -1.3637202707684820E-005   1.3173290275257106E-003
   819.86549718333151       0.74637386366643432       -1.3660571290342450E-005   1.3309895988160530E-003
   824.86549718333151       0.74713114581894069       -1.3683679470751007E-005   1.3446732782868040E-003
   829.86549718333151       0.74787953300013998       -1.3706531570382537E-005   1.3583798098571866E-003
   834.86549718333151       0.74861918138427241       -1.3729131813823066E-005   1.3721089416710095E-003
   839.86549718333151       0.74935024343827805       -1.3751484331522565E-005   1.3858604260025321E-003
   844.86549718333151       0.75007286803323292       -1.3773593162451584E-005   1.3996340191649837E-003
   849.86549718333151       0.75078720055176462       -1.3795462256668152E-005   1.4134294814216518E-003
   854.86549718333151       0.75149338299149093       -1.3817095477794592E-005   1.4272465768994465E-003
   859.86549718333151       0.75219155406480565       -1.3838496605412698E-005   1.4410850735048593E-003
   864.86549718333151       0.75288184929509128       -1.3859669337378118E-005   1.4549447428422373E-003
   869.86549718333151       0.75356440110946943       -1.3880617292056017E-005   1.4688253601342933E-003
   874.86549718333151       0.75423933892836625       -1.3901344010485183E-005   1.4827267041447785E-003
   879.86549718333151       0.75490678925186527       -1.3921852958468382E-005   1.4966485571032469E-003
   884.86549718333151       0.75556687574308534       -1.3942147528595187E-005   1.5105907046318420E-003
   889.86549718333151       0.75621971930865040       -1.3962231042198141E-005   1.5245529356740402E-003
   894.86549718333151       0.75686543817645358       -1.3982106751247337E-005   1.5385350424252876E-003
   899.86549718333151       0.75750414797071708       -1.4001777840182578E-005   1.5525368202654701E-003
   904.86549718333151       0.75813596178446729       -1.4021247427685689E-005   1.5665580676931558E-003
   909.86549718333151       0.75876099024966515       -1.4040518568399526E-005   1.5805985862615553E-003
   914.86549718333151       0.75937934160491205       -1.4059594254590350E-005   1.5946581805161455E-003
   919.86549718333151       0.75999112176090433       -1.4078477417758028E-005   1.6087366579339035E-003
   924.86549718333151       0.76059643436374713       -1.4097170930196710E-005   1.6228338288641001E-003
   929.86549718333151       0.76119538085615879       -1.4115677606506215E-005   1.6369495064706063E-003
   934.86549718333151       0.76178806053669268       -1.4134000205057305E-005   1.6510835066756637E-003
   939.86549718333151       0.76237457061701985       -1.4152141429411479E-005   1.6652356481050752E-003
   944.86549718333151       0.76295500627734880       -1.4170103929697083E-005   1.6794057520347723E-003
   949.86549718333151       0.76352946072009675       -1.4187890303944567E-005   1.6935936423387169E-003
   954.86549718333151       0.76409802522179993       -1.4205503099379971E-005   1.7077991454380970E-003
   959.86549718333151       0.76466078918339853       -1.4222944813680245E-005   1.7220220902517773E-003
   964.86549718333151       0.76521784017897032       -1.4240217896192213E-005   1.7362623081479695E-003
   969.86549718333151       0.76576926400283118       -1.4257324749112095E-005   1.7505196328970816E-003
   974.86549718333151       0.76631514471526674       -1.4274267728633287E-005   1.7647939006257148E-003
   979.86549718333151       0.76685556468680383       -1.4291049146059168E-005   1.7790849497717740E-003
   984.86549718333151       0.76739060464108444       -1.4307671268882373E-005   1.7933926210406564E-003
   989.86549718333151       0.76792034369650952       -1.4324136321835336E-005   1.8077167573624917E-003
   994.86549718333151       0.76844485940646867       -1.4340446487905997E-005   1.8220572038503977E-003
   999.86549718333151       0.76896422779850160       -1.4356603909329033E-005   1.8364138077597268E-003
   1004.8654971833315       0.76947852341216350       -1.4372610688545139E-005   1.8507864184482720E-003
   1009.8654971833315       0.76998781933581473       -1.4388468889134915E-005   1.8651748873374069E-003
   1014.8654971833315       0.77049218724227131       -1.4404180536724999E-005   1.8795790678741320E-003
   1019.8654971833315       0.77099169742344065       -1.4419747619870045E-005   1.8939988154940020E-003
   1024.8654971833316       0.77148641882387059       -1.4435172090907962E-005   1.9084339875849099E-003
   1029.8654971833316       0.77197641907338099       -1.4450455866793442E-005   1.9228844434517032E-003
   1034.8654971833316       0.77246176451869364       -1.4465600829906819E-005   1.9373500442816101E-003
   1039.8654971833316       0.77294252025413068       -1.4480608828840238E-005   1.9518306531104504E-003
   1044.8654971833316       0.77341875015148365       -1.4495481679164019E-005   1.9663261347896144E-003
   1049.8654971833316       0.77389051688896848       -1.4510221164170369E-005   1.9808363559537848E-003
   1054.8654971833316       0.77435788197936295       -1.4524829035597171E-005   1.9953611849893821E-003
   1059.8654971833316       0.77482090579735741       -1.4539307014332674E-005   2.0099004920037149E-003
   1064.8654971833316       0.77527964760610524       -1.4553656791100340E-005   2.0244541487948152E-003
   1069.8654971833316       0.77573416558305741       -1.4567880027126369E-005   2.0390220288219415E-003
   1074.8654971833316       0.77618451684501644       -1.4581978354787650E-005   2.0536040071767294E-003
   1079.8654971833316       0.77663075747257304       -1.4595953378245043E-005   2.0681999605549743E-003
   1084.8654971833316       0.77707294253378012       -1.4609806674057281E-005   2.0828097672290317E-003
   1089.8654971833316       0.77751112610720641       -1.4623539791779812E-005   2.0974333070208117E-003
   1094.8654971833316       0.77794536130438208       -1.4637154254548695E-005   2.1120704612753605E-003
   1099.8654971833316       0.77837570029158742       -1.4650651559647992E-005   2.1267211128350085E-003
   1104.8654971833316       0.77880219431106712       -1.4664033179062991E-005   2.1413851460140715E-003
   1109.8654971833316       0.77922489370166836       -1.4677300560019095E-005   2.1560624465740905E-003
   1114.8654971833316       0.77964384791889796       -1.4690455125506113E-005   2.1707529016995967E-003
   1119.8654971833316       0.78005910555449109       -1.4703498274790656E-005   2.1854563999743875E-003
   1124.8654971833316       0.78047071435542326       -1.4716431383914443E-005   2.2001728313583019E-003
   1129.8654971833316       0.78087872124240876       -1.4729255806179683E-005   2.2149020871644817E-003
   1134.8654971833316       0.78128317232792521       -1.4741972872622696E-005   2.2296440600371044E-003
   1139.8654971833316       0.78168411293376538       -1.4754583892475699E-005   2.2443986439295801E-003
   1144.8654971833316       0.78208158760812230       -1.4767090153616817E-005   2.2591657340831971E-003
   1149.8654971833316       0.78247564014220072       -1.4779492923007979E-005   2.2739452270062049E-003
   1154.8654971833316       0.78286631358647207       -1.4791793447124346E-005   2.2887370204533295E-003
   1159.8654971833316       0.78325365026641647       -1.4803992952370197E-005   2.3035410134056998E-003
   1164.8654971833316       0.78363769179794318       -1.4816092645487206E-005   2.3183571060511870E-003
   1169.8654971833316       0.78401847910235201       -1.4828093713950711E-005   2.3331851997651378E-003
   1174.8654971833316       0.78439605242094235       -1.4839997326357253E-005   2.3480251970914951E-003
   1179.8654971833316       0.78477045132924561       -1.4851804632802506E-005   2.3628770017242976E-003
   1184.8654971833316       0.78514171475089023       -1.4863516765249841E-005   2.3777405184895475E-003
   1189.8654971833316       0.78550988097113184       -1.4875134837890455E-005   2.3926156533274380E-003
   1194.8654971833316       0.78587498765007568       -1.4886659947495858E-005   2.4075023132749339E-003
   1199.8654971833316       0.78623707183544955       -1.4898093173758145E-005   2.4224004064486919E-003
   1204.8654971833316       0.78659616997521919       -1.4909435579627259E-005   2.4373098420283189E-003
   1209.8654971833316       0.78695231792977016       -1.4920688211636388E-005   2.4522305302399554E-003
   1214.8654971833316       0.78730555098386446       -1.4931852100222086E-005   2.4671623823401775E-003
   1219.8654971833316       0.78765590385824047       -1.4942928260034821E-005   2.4821053106002123E-003
   1224.8654971833316       0.78800341072097180       -1.4953917690243650E-005   2.4970592282904558E-003
   1229.8654971833316       0.78834810519857523       -1.4964821374834544E-005   2.5120240496652904E-003
   1234.8654971833316       0.78869002038676417       -1.4975640282899108E-005   2.5269996899481896E-003
   1239.8654971833316       0.78902918886100992       -1.4986375368918733E-005   2.5419860653171085E-003
   1244.8654971833316       0.78936564268685694       -1.4997027573042472E-005   2.5569830928901510E-003
   1249.8654971833316       0.78969941342995398       -1.5007597821357336E-005   2.5719906907115081E-003
   1254.8654971833316       0.79003053216586772       -1.5018087026153100E-005   2.5870087777376612E-003
   1259.8654971833316       0.79035902948962566       -1.5028496086179862E-005   2.6020372738238410E-003
   1264.8654971833316       0.79068493552508867       -1.5038825886901545E-005   2.6170760997107426E-003
   1269.8654971833316       0.79100827993409928       -1.5049077300743536E-005   2.6321251770114861E-003
   1274.8654971833316       0.79132909192536760       -1.5059251187333204E-005   2.6471844281988192E-003
   1279.8654971833316       0.79164740026320279       -1.5069348393736760E-005   2.6622537765925562E-003
   1284.8654971833316       0.79196323327598939       -1.5079369754689136E-005   2.6773331463472451E-003
   1289.8654971833316       0.79227661886451983       -1.5089316092820430E-005   2.6924224624400657E-003
   1294.8654971833316       0.79258758451010558       -1.5099188218876403E-005   2.7075216506589421E-003
   1299.8654971833316       0.79289615728252494       -1.5108986931934838E-005   2.7226306375908770E-003
   1304.8654971833316       0.79320236384773679       -1.5118713019615479E-005   2.7377493506104923E-003
   1309.8654971833316       0.79350623047550106       -1.5128367258288008E-005   2.7528777178687804E-003
   1314.8654971833316       0.79380778304671140       -1.5137950413271811E-005   2.7680156682820521E-003
   1319.8654971833316       0.79410704706073343       -1.5147463239036873E-005   2.7831631315210891E-003
   1324.8654971833316       0.79440404764239259       -1.5156906479394416E-005   2.7983200380004834E-003
   1329.8654971833316       0.79469880954892902       -1.5166280867687364E-005   2.8134863188681706E-003
   1334.8654971833316       0.79499135717675951       -1.5175587126975536E-005   2.8286619059951462E-003
   1339.8654971833316       0.79528171456805652       -1.5184825970215816E-005   2.8438467319653622E-003
   1344.8654971833316       0.79556990541725925       -1.5193998100440974E-005   2.8590407300658031E-003
   1349.8654971833316       0.79585595307735557       -1.5203104210931969E-005   2.8742438342767352E-003
   1354.8654971833316       0.79613988056609808       -1.5212144985388908E-005   2.8894559792621241E-003
   1359.8654971833316       0.79642171057202971       -1.5221121098096659E-005   2.9046771003602206E-003
   1364.8654971833316       0.79670146546040810       -1.5230033214087952E-005   2.9199071335743085E-003
   1369.8654971833316       0.79697916727899121       -1.5238881989302765E-005   2.9351460155636112E-003
   1374.8654971833316       0.79725483776370498       -1.5247668070744606E-005   2.9503936836343557E-003
   1379.8654971833316       0.79752849834421313       -1.5256392096634303E-005   2.9656500757309899E-003
   1384.8654971833316       0.79780017014926585       -1.5265054696557430E-005   2.9809151304275474E-003
   1389.8654971833316       0.79806987401208207       -1.5273656491613374E-005   2.9961887869191608E-003
   1394.8654971833316       0.79833763047551476       -1.5282198094558074E-005   3.0114709850137191E-003
   1399.8654971833316       0.79860345979712433       -1.5290680109944458E-005   3.0267616651236634E-003
   1404.8654971833316       0.79886738195415530       -1.5299103134260284E-005   3.0420607682579235E-003
   1409.8654971833316       0.79912941664844994       -1.5307467756064572E-005   3.0573682360139883E-003
   1414.8654971833316       0.79938958331117094       -1.5315774556118450E-005   3.0726840105701069E-003
   1419.8654971833316       0.79964790110745976       -1.5324024107514468E-005   3.0880080346776212E-003
   1424.8654971833316       0.79990438894107219       -1.5332216975805668E-005   3.1033402516534268E-003
   1429.8654971833316       0.80015906545879190       -1.5340353719128090E-005   3.1186806053725550E-003
   1434.8654971833316       0.80041194905488289       -1.5348434888324953E-005   3.1340290402608801E-003
   1439.8654971833316       0.80066305787530645       -1.5356461027063802E-005   3.1493855012879441E-003
   1444.8654971833316       0.80091240982199485       -1.5364432671955895E-005   3.1647499339599000E-003
   1449.8654971833316       0.80116002255690910       -1.5372350352669153E-005   3.1801222843125692E-003
   1454.8654971833316       0.80140591350615609       -1.5380214592043410E-005   3.1955024989046127E-003
   1459.8654971833316       0.80165009986388436       -1.5388025906199002E-005   3.2108905248108117E-003
   1464.8654971833316       0.80189259859616291       -1.5395784804645218E-005   3.2262863096154571E-003
   1469.8654971833316       0.80213342644480912       -1.5403491790387518E-005   3.2416898014058448E-003
   1474.8654971833316       0.80237259993108467       -1.5411147360030898E-005   3.2571009487658755E-003
   1479.8654971833316       0.80261013535932879       -1.5418752003881628E-005   3.2725197007697571E-003
   1484.8654971833316       0.80284604882058930       -1.5426306206049297E-005   3.2879460069758066E-003
   1489.8654971833316       0.80308035619603801       -1.5433810444542249E-005   3.3033798174203488E-003
   1494.8654971833316       0.80331307316050327       -1.5441265191367198E-005   3.3188210826117161E-003
   1499.8654971833316       0.80354421518575703       -1.5448670912621210E-005   3.3342697535243375E-003
   1504.8654971833316       0.80377379754385503       -1.5456028068585829E-005   3.3497257815929232E-003
   1509.8654971833316       0.80400183531035319       -1.5463337113817429E-005   3.3651891187067408E-003
   1514.8654971833316       0.80422834336749183       -1.5470598497236965E-005   3.3806597172039779E-003
   1519.8654971833316       0.80445333640729111       -1.5477812662217055E-005   3.3961375298661948E-003
   1524.8654971833316       0.80467682893463255       -1.5484980046669019E-005   3.4116225099128637E-003
   1529.8654971833316       0.80489883527020400       -1.5492101083125740E-005   3.4271146109959892E-003
   1534.8654971833316       0.80511936955345986       -1.5499176198825355E-005   3.4426137871948147E-003
   1539.8654971833316       0.80533844574550661       -1.5506205815792764E-005   3.4581199930106073E-003
   1544.8654971833316       0.80555607763188797       -1.5513190350918213E-005   3.4736331833615255E-003
   1549.8654971833316       0.80577227882538516       -1.5520130216036630E-005   3.4891533135775620E-003
   1554.8654971833316       0.80598706276873722       -1.5527025818004610E-005   3.5046803393955664E-003
   1559.8654971833316       0.80620044273727365       -1.5533877558774849E-005   3.5202142169543410E-003
   1564.8654971833316       0.80641243184153910       -1.5540685835470569E-005   3.5357549027898116E-003
   1569.8654971833316       0.80662304302989130       -1.5547451040459287E-005   3.5513023538302707E-003
   1574.8654971833316       0.80683228909097526       -1.5554173561422870E-005   3.5668565273916934E-003
   1579.8654971833316       0.80704018265620958       -1.5560853781428169E-005   3.5824173811731218E-003
   1584.8654971833316       0.80724673620218157       -1.5567492078994954E-005   3.5979848732521167E-003
   1589.8654971833316       0.80745196205308511       -1.5574088828165438E-005   3.6135589620802820E-003
   1594.8654971833316       0.80765587238301417       -1.5580644398569322E-005   3.6291396064788515E-003
   1599.8654971833316       0.80785847921826293       -1.5587159155489337E-005   3.6447267656343407E-003
   1604.8654971833316       0.80805979443955456       -1.5593633459924589E-005   3.6603203990942653E-003
   1609.8654971833316       0.80825982978429134       -1.5600067668654839E-005   3.6759204667629200E-003
   1614.8654971833316       0.80845859684866117       -1.5606462134300353E-005   3.6915269288972205E-003
   1619.8654971833316       0.80865610708982449       -1.5612817205384463E-005   3.7071397461026050E-003
   1624.8654971833316       0.80885237182798531       -1.5619133226392657E-005   3.7227588793289977E-003
   1629.8654971833316       0.80904740224843275       -1.5625410537830805E-005   3.7383842898668284E-003
   1634.8654971833316       0.80924120940356592       -1.5631649476283088E-005   3.7540159393431114E-003
   1639.8654971833316       0.80943380421486133       -1.5637850374468195E-005   3.7696537897175795E-003
   1644.8654971833316       0.80962519747480743       -1.5644013561294646E-005   3.7852978032788739E-003
   1649.8654971833316       0.80981539984884610       -1.5650139361916481E-005   3.8009479426407903E-003
   1654.8654971833316       0.81000442187720723       -1.5656228097785669E-005   3.8166041707385760E-003
   1659.8654971833316       0.81019227397680671       -1.5662280086706693E-005   3.8322664508252825E-003
   1664.8654971833316       0.81037896644298169       -1.5668295642886050E-005   3.8479347464681684E-003
   1669.8654971833316       0.81056450945131298       -1.5674275076984702E-005   3.8636090215451533E-003
   1674.8654971833316       0.81074891305935470       -1.5680218696167654E-005   3.8792892402413209E-003
   1679.8654971833316       0.81093218720834948       -1.5686126804153239E-005   3.8949753670454740E-003
   1684.8654971833316       0.81111434172493657       -1.5691999701262265E-005   3.9106673667467359E-003
   1689.8654971833316       0.81129538632275311       -1.5697837684463884E-005   3.9263652044311996E-003
   1694.8654971833316       0.81147533060412558       -1.5703641047424455E-005   3.9420688454786237E-003
   1699.8654971833316       0.81165418406160317       -1.5709410080551481E-005   3.9577782555591749E-003
   1704.8654971833316       0.81183195607958591       -1.5715145071040658E-005   3.9734934006302155E-003
   1709.8654971833316       0.81200865593582827       -1.5720846302919100E-005   3.9892142469331341E-003
   1714.8654971833316       0.81218429280297755       -1.5726514057089730E-005   4.0049407609902242E-003
   1719.8654971833316       0.81235887575004739       -1.5732148611373734E-005   4.0206729096015983E-003
   1724.8654971833316       0.81253241374389884       -1.5737750240553346E-005   4.0364106598421521E-003
   1729.8654971833316       0.81270491565067515       -1.5743319216413273E-005   4.0521539790585653E-003
   1734.8654971833316       0.81287639023721414       -1.5748855807781462E-005   4.0679028348663470E-003
   1739.8654971833316       0.81304684617243062       -1.5754360280569025E-005   4.0836571951469161E-003
   1744.8654971833316       0.81321629202872747       -1.5759832897811202E-005   4.0994170280447273E-003
   1749.8654971833316       0.81338473628328278       -1.5765273919704382E-005   4.1151823019644320E-003
   1754.8654971833316       0.81355218731941725       -1.5770683603645841E-005   4.1309529855680779E-003
   1759.8654971833316       0.81371865342784078       -1.5776062204269662E-005   4.1467290477723477E-003
   1764.8654971833316       0.81388414280802368       -1.5781409973486780E-005   4.1625104577458346E-003
   1769.8654971833316       0.81404866356936345       -1.5786727160518479E-005   4.1782971849063533E-003
   1774.8654971833316       0.81421222373247482       -1.5792014011934015E-005   4.1940891989182870E-003
   1779.8654971833316       0.81437483123035481       -1.5797270771684217E-005   4.2098864696899713E-003
   1784.8654971833316       0.81453649390965943       -1.5802497681138839E-005   4.2256889673711103E-003
   1789.8654971833316       0.81469721953180640       -1.5807694979118345E-005   4.2414966623502285E-003
   1794.8654971833316       0.81485701577417169       -1.5812862901928782E-005   4.2573095252521577E-003
   1799.8654971833316       0.81501589023120113       -1.5818001683394048E-005   4.2731275269355514E-003
   1804.8654971833316       0.81517385041555646       -1.5823111554889266E-005   4.2889506384904408E-003
   1809.8654971833316       0.81533090375920259       -1.5828192745372419E-005   4.3047788312358132E-003
   1814.8654971833316       0.81548705761449758       -1.5833245481416067E-005   4.3206120767172295E-003
   1819.8654971833316       0.81564231925524555       -1.5838269987237990E-005   4.3364503467044676E-003
   1824.8654971833316       0.81579669587776504       -1.5843266484732380E-005   4.3522936131892001E-003
   1829.8654971833316       0.81595019460192153       -1.5848235193499944E-005   4.3681418483826999E-003
   1834.8654971833316       0.81610282247212285       -1.5853176330876860E-005   4.3839950247135766E-003
   1839.8654971833316       0.81625458645832794       -1.5858090111964260E-005   4.3998531148255410E-003
   1844.8654971833316       0.81640549345703306       -1.5862976749657008E-005   4.4157160915751980E-003
   1849.8654971833316       0.81655555029224614       -1.5867836454672201E-005   4.4315839280298702E-003
   1854.8654971833316       0.81670476371643930       -1.5872669435576976E-005   4.4474565974654476E-003
   1859.8654971833316       0.81685314041143753       -1.5877475898814362E-005   4.4633340733642619E-003
   1864.8654971833316       0.81700068698941986       -1.5882256048732779E-005   4.4792163294129946E-003
   1869.8654971833316       0.81714740999379509       -1.5887010087611565E-005   4.4951033395006059E-003
   1874.8654971833316       0.81729331590008991       -1.5891738215686968E-005   4.5109950777162929E-003
   1879.8654971833316       0.81743841111679760       -1.5896440631176896E-005   4.5268915183474699E-003
   1884.8654971833316       0.81758270198631389       -1.5901117530308523E-005   4.5427926358777787E-003
   1889.8654971833316       0.81772619478572983       -1.5905769107341387E-005   4.5586984049851200E-003
   1894.8654971833316       0.81786889572771371       -1.5910395554593344E-005   4.5746088005397135E-003
   1899.8654971833316       0.81801081096128736       -1.5914997062463199E-005   4.5905237976021770E-003
   1904.8654971833316       0.81815194657268797       -1.5919573819456148E-005   4.6064433714216330E-003
   1909.8654971833316       0.81829230858617574       -1.5924126012207490E-005   4.6223674974338403E-003
   1914.8654971833316       0.81843190296476132       -1.5928653825503830E-005   4.6382961512593437E-003
   1919.8654971833316       0.81857073561105065       -1.5933157442308094E-005   4.6542293087016521E-003
   1924.8654971833316       0.81870881236795701       -1.5937637043780296E-005   4.6701669457454324E-003
   1929.8654971833316       0.81884613901947989       -1.5942092809300532E-005   4.6861090385547331E-003
   1934.8654971833316       0.81898272129145733       -1.5946524916491143E-005   4.7020555634712247E-003
   1939.8654971833316       0.81911856485227474       -1.5950933541237482E-005   4.7180064970124619E-003
   1944.8654971833316       0.81925367531359661       -1.5955318857709546E-005   4.7339618158701710E-003
   1949.8654971833316       0.81938805823107441       -1.5959681038382773E-005   4.7499214969085541E-003
   1954.8654971833316       0.81952171910503535       -1.5964020254058344E-005   4.7658855171626123E-003
   1959.8654971833316       0.81965466338117121       -1.5968336673883474E-005   4.7818538538364954E-003
   1964.8654971833316       0.81978689645125002       -1.5972630465372507E-005   4.7978264843018675E-003
   1969.8654971833316       0.81991842365371514       -1.5976901794424394E-005   4.8138033860962923E-003
   1974.8654971833316       0.82004925027441022       -1.5981150825344274E-005   4.8297845369216367E-003
   1979.8654971833316       0.82017938154720738       -1.5985377720861970E-005   4.8457699146424987E-003
   1984.8654971833316       0.82030882265460070       -1.5989582642149404E-005   4.8617594972846477E-003
   1989.8654971833316       0.82043757872839529       -1.5993765748841097E-005   4.8777532630334885E-003
   1994.8654971833316       0.82056565485031185       -1.5997927199052040E-005   4.8937511902325407E-003
   1999.8654971833316       0.82069305605256981       -1.6002067149394830E-005   4.9097532573819354E-003
   2004.8654971833316       0.82081978731851191       -1.6006185754998211E-005   4.9257594431369334E-003
   2009.8654971833316       0.82094585358320427       -1.6010283169524878E-005   4.9417697263064581E-003
   2014.8654971833316       0.82107125973396988       -1.6014359545187110E-005   4.9577840858516450E-003
   2019.8654971833316       0.82119601061103564       -1.6018415032766124E-005   4.9738025008844115E-003
   2024.8654971833316       0.82132011100806579       -1.6022449781627813E-005   4.9898249506660393E-003
   2029.8654971833316       0.82144356567270849       -1.6026463939738882E-005   5.0058514146057781E-003
   2034.8654971833316       0.82156637930716114       -1.6030457653683671E-005   5.0218818722594614E-003
   2039.8654971833316       0.82168855656870243       -1.6034431068679893E-005   5.0379163033281412E-003
   2044.8654971833316       0.82181010207025129       -1.6038384328595276E-005   5.0539546876567365E-003
   2049.8654971833316       0.82193102038086152       -1.6042317575962177E-005   5.0699970052326985E-003
   2054.8654971833316       0.82205131602627290       -1.6046230951994019E-005   5.0860432361846926E-003
   2059.8654971833316       0.82217099348940748       -1.6050124596599972E-005   5.1020933607812922E-003
   2064.8654971833316       0.82229005721086124       -1.6053998648399554E-005   5.1181473594296917E-003
   2069.8654971833316       0.82240851158944894       -1.6057853244738934E-005   5.1342052126744303E-003
   2074.8654971833316       0.82252636098264542       -1.6061688521703926E-005   5.1502669011961339E-003
   2079.8654971833316       0.82264360970708272       -1.6065504614134799E-005   5.1663324058102691E-003
   2084.8654971833316       0.82276026203903219       -1.6069301655640657E-005   5.1824017074659102E-003
   2089.8654971833316       0.82287632221487716       -1.6073079778613488E-005   5.1984747872445237E-003
   2094.8654971833316       0.82299179443159187       -1.6076839114242490E-005   5.2145516263587665E-003
   2099.8654971833316       0.82310668284716682       -1.6080579792526630E-005   5.2306322061512929E-003
   2104.8654971833316       0.82322099158107942       -1.6084301942288759E-005   5.2467165080935813E-003
   2109.8654971833316       0.82333472471471691       -1.6088005691188097E-005   5.2628045137847693E-003
   2114.8654971833316       0.82344788629187271       -1.6091691165735250E-005   5.2788962049505044E-003
   2119.8654971833316       0.82356048031910711       -1.6095358491302738E-005   5.2949915634418069E-003
   2124.8654971833316       0.82367251076622772       -1.6099007792139485E-005   5.3110905712339465E-003
   2129.8654971833316       0.82378398156665633       -1.6102639191381630E-005   5.3271932104253282E-003
   2134.8654971833316       0.82389489661790449       -1.6106252811066879E-005   5.3432994632363947E-003
   2139.8654971833316       0.82400525978195083       -1.6109848772145695E-005   5.3594093120085404E-003
   2144.8654971833316       0.82411507488562696       -1.6113427194492769E-005   5.3755227392030328E-003
   2149.8654971833316       0.82422434572105230       -1.6116988196920150E-005   5.3916397273999529E-003
   2154.8654971833316       0.82433307604601114       -1.6120531897188422E-005   5.4077602592971412E-003
   2159.8654971833316       0.82444126958434627       -1.6124058412018525E-005   5.4238843177091597E-003
   2164.8654971833316       0.82454893002632745       -1.6127567857102750E-005   5.4400118855662625E-003
   2169.8654971833316       0.82465606102902977       -1.6131060347116039E-005   5.4561429459133786E-003
   2174.8654971833316       0.82476266621669914       -1.6134535995726930E-005   5.4722774819091057E-003
   2179.8654971833316       0.82486874918116959       -1.6137994915610182E-005   5.4884154768247160E-003
   2184.8654971833316       0.82497431348218164       -1.6141437218456172E-005   5.5045569140431717E-003
   2189.8654971833316       0.82507936264770632       -1.6144863014980575E-005   5.5207017770581525E-003
   2194.8654971833316       0.82518390017434984       -1.6148272414936561E-005   5.5368500494730891E-003
   2199.8654971833316       0.82528792952771401       -1.6151665527125690E-005   5.5530017150002145E-003
   2204.8654971833316       0.82539145414269588       -1.6155042459406752E-005   5.5691567574596215E-003
   2209.8654971833316       0.82549447742383986       -1.6158403318706391E-005   5.5853151607783277E-003
   2214.8654971833316       0.82559700274566161       -1.6161748211028775E-005   5.6014769089893562E-003
   2219.8654971833316       0.82569903345301343       -1.6165077241466673E-005   5.6176419862308232E-003
   2224.8654971833316       0.82580057286138253       -1.6168390514210353E-005   5.6338103767450331E-003
   2229.8654971833316       0.82590162425721836       -1.6171688132557400E-005   5.6499820648775907E-003
   2234.8654971833316       0.82600219089822258       -1.6174970198921396E-005   5.6661570350765118E-003
   2239.8654971833316       0.82610227601372477       -1.6178236814843339E-005   5.6823352718913551E-003
   2244.8654971833316       0.82620188280491835       -1.6181488080998581E-005   5.6985167599723540E-003
   2249.8654971833316       0.82630101444520410       -1.6184724097207246E-005   5.7147014840695613E-003
   2254.8654971833316       0.82639967408048687       -1.6187944962443143E-005   5.7308894290320047E-003
   2259.8654971833316       0.82649786482949261       -1.6191150774843370E-005   5.7470805798068483E-003
   2264.8654971833316       0.82659558978401659       -1.6194341631715655E-005   5.7632749214385640E-003
   2269.8654971833316       0.82669285200924858       -1.6197517629548272E-005   5.7794724390681125E-003
   2274.8654971833316       0.82678965454403008       -1.6200678864017664E-005   5.7956731179321305E-003
   2279.8654971833316       0.82688600040116378       -1.6203825429997903E-005   5.8118769433621285E-003
   2284.8654971833316       0.82698189256766053       -1.6206957421568005E-005   5.8280839007836963E-003
   2289.8654971833316       0.82707733400503536       -1.6210074932020918E-005   5.8442939757157170E-003
   2294.8654971833316       0.82717232764959259       -1.6213178053872179E-005   5.8605071537695891E-003
   2299.8654971833316       0.82726687641265961       -1.6216266878866854E-005   5.8767234206484557E-003
   2304.8654971833316       0.82736098318086915       -1.6219341497988113E-005   5.8929427621464440E-003
   2309.8654971833316       0.82745465081640235       -1.6222402001464521E-005   5.9091651641479089E-003
   2314.8654971833316       0.82754788215730013       -1.6225448478779570E-005   5.9253906126266881E-003
   2319.8654971833316       0.82764068001762481       -1.6228481018676342E-005   5.9416190936453644E-003
   2324.8654971833316       0.82773304718782525       -1.6231499709168793E-005   5.9578505933545328E-003
   2329.8654971833316       0.82782498643486624       -1.6234504637545402E-005   5.9740850979920785E-003
   2334.8654971833316       0.82791650050255539       -1.6237495890379226E-005   5.9903225938824581E-003
   2339.8654971833316       0.82800759211176089       -1.6240473553534467E-005   6.0065630674359929E-003
   2344.8654971833316       0.82809826396064601       -1.6243437712173493E-005   6.0228065051481667E-003
   2349.8654971833316       0.82818851872490906       -1.6246388450764149E-005   6.0390528935989306E-003
   2354.8654971833316       0.82827835905801883       -1.6249325853086897E-005   6.0553022194520176E-003
   2359.8654971833316       0.82836778759142071       -1.6252250002240948E-005   6.0715544694542583E-003
   2364.8654971833316       0.82845680693479817       -1.6255160980652310E-005   6.0878096304349105E-003
   2369.8654971833316       0.82854541967627748       -1.6258058870079919E-005   6.1040676893049902E-003
   2374.8654971833316       0.82863362838265386       -1.6260943751622495E-005   6.1203286330566127E-003
   2379.8654971833316       0.82872143559962996       -1.6263815705725832E-005   6.1365924487623387E-003
   2384.8654971833316       0.82880884385197395       -1.6266674812187445E-005   6.1528591235745257E-003
   2389.8654971833316       0.82889585564377577       -1.6269521150164425E-005   6.1691286447246897E-003
   2394.8654971833316       0.82898247345869280       -1.6272354798180997E-005   6.1854009995228705E-003
   2399.8654971833316       0.82906869976006781       -1.6275175834131864E-005   6.2016761753570021E-003
   2404.8654971833316       0.82915453699120589       -1.6277984335290784E-005   6.2179541596922927E-003
   2409.8654971833316       0.82923998757556172       -1.6280780378316228E-005   6.2342349400706090E-003
   2414.8654971833316       0.82932505391692035       -1.6283564039256788E-005   6.2505185041098659E-003
   2419.8654971833316       0.82940973839961085       -1.6286335393557731E-005   6.2668048395034233E-003
   2424.8654971833316       0.82949404338870214       -1.6289094516066946E-005   6.2830939340194902E-003
   2429.8654971833316       0.82957797123019328       -1.6291841481040698E-005   6.2993857755005312E-003
   2434.8654971833316       0.82966152425121309       -1.6294576362149715E-005   6.3156803518626811E-003
   2439.8654971833316       0.82974470476017437       -1.6297299232483826E-005   6.3319776510951647E-003
   2444.8654971833316       0.82982751504703556       -1.6300010164560050E-005   6.3482776612597243E-003
   2449.8654971833316       0.82990995738338957       -1.6302709230325094E-005   6.3645803704900491E-003
   2454.8654971833316       0.82999203402272259       -1.6305396501163405E-005   6.3808857669912129E-003
   2459.8654971833316       0.83007374720056593       -1.6308072047901726E-005   6.3971938390391149E-003
   2464.8654971833316       0.83015509913464636       -1.6310735940813605E-005   6.4135045749799287E-003
   2469.8654971833316       0.83023609202510396       -1.6313388249626101E-005   6.4298179632295551E-003
   2474.8654971833316       0.83031672805463141       -1.6316029043523995E-005   6.4461339922730794E-003
   2479.8654971833316       0.83039700938869343       -1.6318658391156537E-005   6.4624526506642356E-003
   2484.8654971833316       0.83047693817565116       -1.6321276360641154E-005   6.4787739270248772E-003
   2489.8654971833316       0.83055651654694551       -1.6323883019569061E-005   6.4950978100444465E-003
   2494.8654971833316       0.83063574661726514       -1.6326478435010413E-005   6.5114242884794565E-003
   2499.8654971833316       0.83071463048468774       -1.6329062673518518E-005   6.5277533511529746E-003
   2504.8654971833316       0.83079317023089760       -1.6331635801136633E-005   6.5440849869541108E-003
   2509.8654971833316       0.83087136792125660       -1.6334197883399909E-005   6.5604191848375104E-003
   2514.8654971833316       0.83094922560507967       -1.6336748985344073E-005   6.5767559338228542E-003
   2519.8654971833316       0.83102674531567122       -1.6339289171506263E-005   6.5930952229943602E-003
   2524.8654971833316       0.83110392907055486       -1.6341818505932196E-005   6.6094370415002920E-003
   2529.8654971833316       0.83118077887159991       -1.6344337052180008E-005   6.6257813785524722E-003
   2534.8654971833316       0.83125729670518400       -1.6346844873325200E-005   6.6421282234257976E-003
   2539.8654971833316       0.83133348454231404       -1.6349342031964304E-005   6.6584775654577617E-003
   2544.8654971833316       0.83140934433883529       -1.6351828590221395E-005   6.6748293940479828E-003
   2549.8654971833316       0.83148487803548998       -1.6354304609749692E-005   6.6911836986577322E-003
   2554.8654971833316       0.83156008755812638       -1.6356770151738086E-005   6.7075404688094701E-003
   2559.8654971833316       0.83163497481782833       -1.6359225276915077E-005   6.7238996940863849E-003
   2564.8654971833316       0.83170954171103351       -1.6361670045552335E-005   6.7402613641319373E-003
   2569.8654971833316       0.83178379011969450       -1.6364104517469696E-005   6.7566254686494071E-003
   2574.8654971833316       0.83185772191142016       -1.6366528752039462E-005   6.7729919974014469E-003
   2579.8654971833316       0.83193133893958893       -1.6368942808189842E-005   6.7893609402096371E-003
   2584.8654971833316       0.83200464304350297       -1.6371346744409715E-005   6.8057322869540466E-003
   2589.8654971833316       0.83207763604852159       -1.6373740618752687E-005   6.8221060275727996E-003
   2594.8654971833316       0.83215031976614218       -1.6376124488839498E-005   6.8384821520616392E-003
   2599.8654971833316       0.83222269599422416       -1.6378498411865061E-005   6.8548606504735040E-003
   2604.8654971833316       0.83229476651704615       -1.6380862444600066E-005   6.8712415129181040E-003
   2609.8654971833316       0.83236653310542441       -1.6383216643394585E-005   6.8876247295614982E-003
   2614.8654971833316       0.83243799751688741       -1.6385561064183533E-005   6.9040102906256819E-003
   2619.8654971833316       0.83250916149579102       -1.6387895762490188E-005   6.9203981863881717E-003
   2624.8654971833316       0.83258002677343235       -1.6390220793429635E-005   6.9367884071816011E-003
   2629.8654971833316       0.83265059506813488       -1.6392536211711339E-005   6.9531809433933120E-003
   2634.8654971833316       0.83272086808543400       -1.6394842071644939E-005   6.9695757854649574E-003
   2639.8654971833316       0.83279084751814036       -1.6397138427142093E-005   6.9859729238920991E-003
   2644.8654971833316       0.83286053504648949       -1.6399425331721137E-005   7.0023723492238206E-003
   2649.8654971833316       0.83292993233822599       -1.6401702838509602E-005   7.0187740520623303E-003
   2654.8654971833316       0.83299904104877009       -1.6403971000249422E-005   7.0351780230625801E-003
   2659.8654971833316       0.83306786282129797       -1.6406229869299348E-005   7.0515842529318791E-003
   2664.8654971833316       0.83313639928685357       -1.6408479497638378E-005   7.0679927324295176E-003
   2669.8654971833316       0.83320465206444383       -1.6410719936868639E-005   7.0844034523663861E-003
   2674.8654971833316       0.83327262276117631       -1.6412951238219691E-005   7.1008164036046057E-003
   2679.8654971833316       0.83334031297237887       -1.6415173452552212E-005   7.1172315770571580E-003
   2684.8654971833316       0.83340772428164889       -1.6417386630359390E-005   7.1336489636875172E-003
   2689.8654971833316       0.83347485826104284       -1.6419590821772951E-005   7.1500685545092899E-003
   2694.8654971833316       0.83354171647110675       -1.6421786076563902E-005   7.1664903405858540E-003
   2699.8654971833316       0.83360830046102452       -1.6423972444147212E-005   7.1829143130300015E-003
   2704.8654971833316       0.83367461176870605       -1.6426149973584473E-005   7.1993404630035862E-003
   2709.8654971833316       0.83374065192086400       -1.6428318713586239E-005   7.2157687817171728E-003
   2714.8654971833316       0.83380642243318359       -1.6430478712517371E-005   7.2321992604296899E-003
   2719.8654971833316       0.83387192481032701       -1.6432630018396974E-005   7.2486318904480870E-003
   2724.8654971833316       0.83393716054610867       -1.6434772678903979E-005   7.2650666631269905E-003
   2729.8654971833316       0.83400213112358379       -1.6436906741379812E-005   7.2815035698683703E-003
   2734.8654971833316       0.83406683801509762       -1.6439032252829849E-005   7.2979426021212001E-003
   2739.8654971833316       0.83413128268241843       -1.6441149259927586E-005   7.3143837513811273E-003
   2744.8654971833316       0.83419546657683830       -1.6443257809017720E-005   7.3308270091901450E-003
   2749.8654971833316       0.83425939113923531       -1.6445357946118064E-005   7.3472723671362634E-003
   2754.8654971833316       0.83432305780019034       -1.6447449716923142E-005   7.3637198168531861E-003
   2759.8654971833316       0.83438646798006777       -1.6449533166806689E-005   7.3801693500199928E-003
   2764.8654971833316       0.83444962308910864       -1.6451608340824518E-005   7.3966209583608174E-003
   2769.8654971833316       0.83451252452752178       -1.6453675283717331E-005   7.4130746336445348E-003
   2774.8654971833316       0.83457517368557155       -1.6455734039913431E-005   7.4295303676844482E-003
   2779.8654971833316       0.83463757194365540       -1.6457784653531096E-005   7.4459881523379796E-003
   2784.8654971833316       0.83469972067242038       -1.6459827168382227E-005   7.4624479795063620E-003
   2789.8654971833316       0.83476162123280173       -1.6461861627973458E-005   7.4789098411343355E-003
   2794.8654971833316       0.83482327497614073       -1.6463888075509840E-005   7.4953737292098458E-003
   2799.8654971833316       0.83488468324426157       -1.6465906553897224E-005   7.5118396357637431E-003
   2804.8654971833316       0.83494584736958033       -1.6467917105745662E-005   7.5283075528694886E-003
   2809.8654971833316       0.83500676867514267       -1.6469919773370491E-005   7.5447774726428588E-003
   2814.8654971833316       0.83506744847471093       -1.6471914598795040E-005   7.5612493872416536E-003
   2819.8654971833316       0.83512788807285410       -1.6473901623753410E-005   7.5777232888654070E-003
   2824.8654971833316       0.83518808876506168       -1.6475880889694085E-005   7.5941991697551009E-003
   2829.8654971833316       0.83524805183776940       -1.6477852437780606E-005   7.6106770221928818E-003
   2834.8654971833316       0.83530777856845029       -1.6479816308894425E-005   7.6271568385017762E-003
   2839.8654971833316       0.83536727022571233       -1.6481772543637945E-005   7.6436386110454143E-003
   2844.8654971833316       0.83542652806936801       -1.6483721182336693E-005   7.6601223322277506E-003
   2849.8654971833316       0.83548555335050656       -1.6485662265041508E-005   7.6766079944927922E-003
   2854.8654971833316       0.83554434731155292       -1.6487595831530365E-005   7.6930955903243229E-003
   2859.8654971833316       0.83560291118636421       -1.6489521921311394E-005   7.7095851122456344E-003
   2864.8654971833316       0.83566124620029136       -1.6491440573624751E-005   7.7260765528192592E-003
   2869.8654971833316       0.83571935357026661       -1.6493351827445391E-005   7.7425699046467043E-003
   2874.8654971833316       0.83577723450483554       -1.6495255721483950E-005   7.7590651603681882E-003
   2879.8654971833316       0.83583489020429713       -1.6497152294191223E-005   7.7755623126623792E-003
   2884.8654971833316       0.83589232186069751       -1.6499041583757846E-005   7.7920613542461371E-003
   2889.8654971833316       0.83594953065794975       -1.6500923628118064E-005   7.8085622778742555E-003
   2894.8654971833316       0.83600651777189083       -1.6502798464951515E-005   7.8250650763392066E-003
   2899.8654971833316       0.83606328437033883       -1.6504666131684948E-005   7.8415697424708917E-003
   2904.8654971833316       0.83611983161317172       -1.6506526665494711E-005   7.8580762691363871E-003
   2909.8654971833316       0.83617616065240186       -1.6508380103309059E-005   7.8745846492396954E-003
   2914.8654971833316       0.83623227263221267       -1.6510226481809248E-005   7.8910948757215053E-003
   2919.8654971833316       0.83628816868905875       -1.6512065837432688E-005   7.9076069415589378E-003
   2924.8654971833316       0.83634384995171029       -1.6513898206374315E-005   7.9241208397653126E-003
   2929.8654971833316       0.83639931754130703       -1.6515723624588209E-005   7.9406365633899016E-003
   2934.8654971833316       0.83645457257146538       -1.6517542127791011E-005   7.9571541055176928E-003
   2939.8654971833316       0.83650961614829744       -1.6519353751462455E-005   7.9736734592691545E-003
   2944.8654971833316       0.83656444937048779       -1.6521158530847741E-005   7.9901946178000029E-003
   2949.8654971833316       0.83661907332935226       -1.6522956500959389E-005   8.0067175743009627E-003
   2954.8654971833316       0.83667348910891481       -1.6524747696579635E-005   8.0232423219975431E-003
   2959.8654971833316       0.83672769778594014       -1.6526532152261388E-005   8.0397688541498039E-003
   2964.8654971833316       0.83678170043003086       -1.6528309902331341E-005   8.0562971640521352E-003
   2969.8654971833316       0.83683549810364555       -1.6530080980890433E-005   8.0728272450330263E-003
   2974.8654971833316       0.83688909186217486       -1.6531845421816268E-005   8.0893590904548424E-003
   2979.8654971833316       0.83694248275401562       -1.6533603258765413E-005   8.1058926937136073E-003
   2984.8654971833316       0.83699567182061807       -1.6535354525174896E-005   8.1224280482387820E-003
   2989.8654971833316       0.83704866009651824       -1.6537099254263114E-005   8.1389651474930453E-003
   2994.8654971833316       0.83710144860943980       -1.6538837479033133E-005   8.1555039849720776E-003
   2999.8654971833316       0.83715403838030455       -1.6540569232272901E-005   8.1720445542043506E-003
   3004.8654971833316       0.83720643042332110       -1.6542294546558065E-005   8.1885868487509093E-003
   3009.8654971833316       0.83725862574601628       -1.6544013454252929E-005   8.2051308622051629E-003
   3014.8654971833316       0.83731062534931266       -1.6545725987512896E-005   8.2216765881926758E-003
   3019.8654971833316       0.83736243022756274       -1.6547432178285485E-005   8.2382240203709607E-003
   3024.8654971833316       0.83741404136860020       -1.6549132058311945E-005   8.2547731524292723E-003
   3029.8654971833316       0.83746545975384146       -1.6550825659130485E-005   8.2713239780884025E-003
   3034.8654971833316       0.83751668635824472       -1.6552513012074844E-005   8.2878764911004776E-003
   3039.8654971833316       0.83756772215045694       -1.6554194148279042E-005   8.3044306852487568E-003
   3044.8654971833316       0.83761856809278712       -1.6555869098676388E-005   8.3209865543474332E-003
   3049.8654971833316       0.83766922514132069       -1.6557537894003181E-005   8.3375440922414373E-003
   3054.8654971833316       0.83771969424592752       -1.6559200564798878E-005   8.3541032928062357E-003
   3059.8654971833316       0.83776997635033557       -1.6560857141408408E-005   8.3706641499476445E-003
   3064.8654971833316       0.83782007239214584       -1.6562507653982624E-005   8.3872266576016270E-003
   3069.8654971833316       0.83786998330295104       -1.6564152132482084E-005   8.4037908097341091E-003
   3074.8654971833316       0.83791971000829468       -1.6565790606675628E-005   8.4203566003407844E-003
   3079.8654971833316       0.83796925342779172       -1.6567423106144293E-005   8.4369240234469286E-003
   3084.8654971833316       0.83801861447513293       -1.6569049660281336E-005   8.4534930731072107E-003
   3089.8654971833316       0.83806779405813703       -1.6570670298293896E-005   8.4700637434055037E-003
   3094.8654971833316       0.83811679307881159       -1.6572285049204913E-005   8.4866360284547079E-003
   3099.8654971833316       0.83816561243341314       -1.6573893941855021E-005   8.5032099223965631E-003
   3104.8654971833316       0.83821425301246610       -1.6575497004903093E-005   8.5197854194014669E-003
   3109.8654971833316       0.83826271570079880       -1.6577094266827367E-005   8.5363625136682941E-003
   3114.8654971833316       0.83831100137761227       -1.6578685755927608E-005   8.5529411994242216E-003
   3119.8654971833316       0.83835911091651383       -1.6580271500326162E-005   8.5695214709245477E-003
   3124.8654971833316       0.83840704518557074       -1.6581851527969633E-005   8.5861033224525173E-003
   3129.8654971833316       0.83845480504734360       -1.6583425866629918E-005   8.6026867483191480E-003
   3134.8654971833316       0.83850239135892934       -1.6584994543905532E-005   8.6192717428630536E-003
   3139.8654971833316       0.83854980497200660       -1.6586557587223060E-005   8.6358583004502772E-003
   3144.8654971833316       0.83859704673288271       -1.6588115023838606E-005   8.6524464154741163E-003
   3149.8654971833316       0.83864411748253365       -1.6589666880839057E-005   8.6690360823549559E-003
   3154.8654971833316       0.83869101805664226       -1.6591213185143259E-005   8.6856272955400989E-003
   3159.8654971833316       0.83873774928564593       -1.6592753963503521E-005   8.7022200495036027E-003
   3164.8654971833316       0.83878431199474313       -1.6594289242505764E-005   8.7188143387461076E-003
   3169.8654971833316       0.83883070700398787       -1.6595819048572572E-005   8.7354101577946808E-003
   3174.8654971833316       0.83887693512830053       -1.6597343407963474E-005   8.7520075012026445E-003
   3179.8654971833316       0.83892299717752061       -1.6598862346776607E-005   8.7686063635494214E-003
   3184.8654971833316       0.83896889395640240       -1.6600375890948532E-005   8.7852067394403703E-003
   3189.8654971833316       0.83901462626471768       -1.6601884066257527E-005   8.8018086235066278E-003
   3194.8654971833316       0.83906019489726069       -1.6603386898323705E-005   8.8184120104049506E-003
   3199.8654971833316       0.83910560064390005       -1.6604884412610661E-005   8.8350168948175614E-003
   3204.8654971833316       0.83915084428958764       -1.6606376634425687E-005   8.8516232714519871E-003
   3209.8654971833316       0.83919592661440712       -1.6607863588921323E-005   8.8682311350409080E-003
   3214.8654971833316       0.83924084839363211       -1.6609345301097214E-005   8.8848404803420055E-003
   3219.8654971833316       0.83928561039776484       -1.6610821795801309E-005   8.9014513021378073E-003
   3224.8654971833316       0.83933021339252933       -1.6612293097729599E-005   8.9180635952355366E-003
   3229.8654971833316       0.83937465813896306       -1.6613759231429047E-005   8.9346773544669664E-003
   3234.8654971833316       0.83941894539340034       -1.6615220221297018E-005   8.9512925746882636E-003
   3239.8654971833316       0.83946307590754921       -1.6616676091583737E-005   8.9679092507798479E-003
   3244.8654971833316       0.83950705042850338       -1.6618126866392614E-005   8.9845273776462398E-003
   3249.8654971833316       0.83955086969879467       -1.6619572569681945E-005   9.0011469502159214E-003
   3254.8654971833316       0.83959453445639376       -1.6621013225264853E-005   9.0177679634411857E-003
   3259.8654971833316       0.83963804543479625       -1.6622448856812088E-005   9.0343904122979976E-003
   3264.8654971833316       0.83968140336300356       -1.6623879487851334E-005   9.0510142917858485E-003
   3269.8654971833316       0.83972460896557977       -1.6625305141769031E-005   9.0676395969276173E-003
   3274.8654971833316       0.83976766296272287       -1.6626725841812666E-005   9.0842663227694298E-003
   3279.8654971833316       0.83981056607020688       -1.6628141611088830E-005   9.1008944643805184E-003
   3284.8654971833316       0.83985331899951188       -1.6629552472567426E-005   9.1175240168530850E-003
   3289.8654971833316       0.83989592245777867       -1.6630958449080140E-005   9.1341549753021656E-003
   3294.8654971833316       0.83993837714791575       -1.6632359563323915E-005   9.1507873348654900E-003
   3299.8654971833316       0.83998068376857737       -1.6633755837860167E-005   9.1674210907033496E-003
   3304.8654971833316       0.84002284301417751       -1.6635147295115211E-005   9.1840562379984642E-003
   3309.8654971833316       0.84006485557498256       -1.6636533957383261E-005   9.2006927719558481E-003
   3314.8654971833316       0.84010672213708948       -1.6637915846825654E-005   9.2173306878026735E-003
   3319.8654971833316       0.84014844338249717       -1.6639292985473164E-005   9.2339699807881467E-003
   3324.8654971833316       0.84019001998912601       -1.6640665395226592E-005   9.2506106461833736E-003
   3329.8654971833316       0.84023145263081467       -1.6642033097856623E-005   9.2672526792812304E-003
   3334.8654971833316       0.84027274197738833       -1.6643396115006023E-005   9.2838960753962359E-003
   3339.8654971833316       0.84031388869468682       -1.6644754468190514E-005   9.3005408298644267E-003
   3344.8654971833316       0.84035489344457603       -1.6646108178799112E-005   9.3171869380432263E-003
   3349.8654971833316       0.84039575688495827       -1.6647457268094430E-005   9.3338343953113211E-003
   3354.8654971833316       0.84043647966986057       -1.6648801757215530E-005   9.3504831970685365E-003
   3359.8654971833316       0.84047706244942000       -1.6650141667177414E-005   9.3671333387357145E-003
   3364.8654971833316       0.84051750586992779       -1.6651477018872404E-005   9.3837848157545863E-003
   3369.8654971833316       0.84055781057382006       -1.6652807833069836E-005   9.4004376235876565E-003
   3374.8654971833316       0.84059797719977536       -1.6654134130419198E-005   9.4170917577180765E-003
   3379.8654971833316       0.84063800638268293       -1.6655455931449047E-005   9.4337472136495262E-003
   3384.8654971833316       0.84067789875369425       -1.6656773256568694E-005   9.4504039869060946E-003
   3389.8654971833316       0.84071765494024675       -1.6658086126068912E-005   9.4670620730321637E-003
   3394.8654971833316       0.84075727556610969       -1.6659394560123422E-005   9.4837214675922866E-003
   3399.8654971833316       0.84079676125136005       -1.6660698578788064E-005   9.5003821661710751E-003
   3404.8654971833316       0.84083611261246161       -1.6661998202003347E-005   9.5170441643730782E-003
   3409.8654971833316       0.84087533026226546       -1.6663293449594441E-005   9.5337074578226728E-003
   3414.8654971833316       0.84091441481005014       -1.6664584341272467E-005   9.5503720421639456E-003
   3419.8654971833316       0.84095336686150979       -1.6665870896634048E-005   9.5670379130605790E-003
   3424.8654971833316       0.84099218701885037       -1.6667153135164463E-005   9.5837050661957430E-003
   3429.8654971833316       0.84103087588072600       -1.6668431076235485E-005   9.6003734972719777E-003
   3434.8654971833316       0.84106943404236156       -1.6669704739109425E-005   9.6170432020110871E-003
   3439.8654971833316       0.84110786209548793       -1.6670974142936931E-005   9.6337141761540235E-003
   3444.8654971833316       0.84114616062841152       -1.6672239306759239E-005   9.6503864154607825E-003
   3449.8654971833316       0.84118433022604899       -1.6673500249509305E-005   9.6670599157102910E-003
   3454.8654971833316       0.84122237146992207       -1.6674756990011592E-005   9.6837346727003028E-003
   3459.8654971833316       0.84126028493820859       -1.6676009546983712E-005   9.7004106822472860E-003
   3464.8654971833316       0.84129807120574673       -1.6677257939036524E-005   9.7170879401863221E-003
   3469.8654971833316       0.84133573084404523       -1.6678502184674452E-005   9.7337664423709971E-003
   3474.8654971833316       0.84137326442135163       -1.6679742302297691E-005   9.7504461846732952E-003
   3479.8654971833316       0.84141067250265944       -1.6680978310202420E-005   9.7671271629834969E-003
   3484.8654971833316       0.84144795564968566       -1.6682210226580014E-005   9.7838093732100766E-003
   3489.8654971833316       0.84148511442095686       -1.6683438069519864E-005   9.8004928112795965E-003
   3494.8654971833316       0.84152214937180203       -1.6684661857009088E-005   9.8171774731366061E-003
   3499.8654971833316       0.84155906105436673       -1.6685881606932985E-005   9.8338633547435383E-003
   3504.8654971833316       0.84159585001765502       -1.6687097337076389E-005   9.8505504520806156E-003
   3509.8654971833316       0.84163251680754558       -1.6688309065124147E-005   9.8672387611457406E-003
   3514.8654971833316       0.84166906196681213       -1.6689516808661776E-005   9.8839282779544027E-003
   3519.8654971833316       0.84170548603513451       -1.6690720585175799E-005   9.9006189985395791E-003
   3524.8654971833316       0.84174178954912748       -1.6691920412054654E-005   9.9173109189516339E-003
   3529.8654971833316       0.84177797304238700       -1.6693116306590211E-005   9.9340040352582249E-003
   3534.8654971833316       0.84181403704547608       -1.6694308285977241E-005   9.9506983435442026E-003
   3539.8654971833316       0.84184998208596307       -1.6695496367314681E-005   9.9673938399115168E-003
   3544.8654971833316       0.84188580868841068       -1.6696680567605232E-005   9.9840905204791226E-003
   3549.8654971833316       0.84192151737447063       -1.6697860903758444E-005   1.0000788381382882E-002
   3554.8654971833316       0.84195710866284013       -1.6699037392589270E-005   1.0017487418775471E-002
   3559.8654971833316       0.84199258306928038       -1.6700210050818620E-005   1.0034187628826290E-002
   3564.8654971833316       0.84202794110667611       -1.6701378895075330E-005   1.0050889007721366E-002
   3569.8654971833316       0.84206318328502050       -1.6702543941895605E-005   1.0067591551663261E-002
   3574.8654971833316       0.84209831011147862       -1.6703705207725114E-005   1.0084295256870986E-002
   3579.8654971833316       0.84213332209034497       -1.6704862708917533E-005   1.0101000119579904E-002
   3584.8654971833316       0.84216821972311795       -1.6706016461737005E-005   1.0117706136041640E-002
   3589.8654971833316       0.84220300350848787       -1.6707166482357689E-005   1.0134413302523997E-002
   3594.8654971833316       0.84223767394238525       -1.6708312786865338E-005   1.0151121615310862E-002
   3599.8654971833316       0.84227223151796493       -1.6709455391256770E-005   1.0167831070702118E-002
   3604.8654971833316       0.84230667672563619       -1.6710594311440793E-005   1.0184541665013558E-002
   3609.8654971833316       0.84234101005308282       -1.6711729563238882E-005   1.0201253394576797E-002
   3614.8654971833316       0.84237523198531872       -1.6712861162386960E-005   1.0217966255739184E-002
   3619.8654971833316       0.84240934300463011       -1.6713989124533480E-005   1.0234680244863717E-002
   3624.8654971833316       0.84244334359067363       -1.6715113465242639E-005   1.0251395358328960E-002
   3629.8654971833316       0.84247723422043275       -1.6716234199992909E-005   1.0268111592528953E-002
   3634.8654971833316       0.84251101536826400       -1.6717351344178539E-005   1.0284828943873132E-002
   3639.8654971833316       0.84254468750591227       -1.6718464913110029E-005   1.0301547408786242E-002
   3644.8654971833316       0.84257825110253570       -1.6719574922014947E-005   1.0318266983708257E-002
   3649.8654971833316       0.84261170662470042       -1.6720681386037707E-005   1.0334987665094294E-002
   3654.8654971833316       0.84264505453644489       -1.6721784320241696E-005   1.0351709449414536E-002
   3659.8654971833316       0.84267829529922667       -1.6722883739607467E-005   1.0368432333154144E-002
   3664.8654971833316       0.84271142937198407       -1.6723979659034764E-005   1.0385156312813178E-002
   3669.8654971833316       0.84274445721115931       -1.6725072093343275E-005   1.0401881384906522E-002
   3674.8654971833316       0.84277737927069074       -1.6726161057272328E-005   1.0418607545963793E-002
   3679.8654971833316       0.84281019600207008       -1.6727246565482774E-005   1.0435334792529276E-002
   3684.8654971833316       0.84284290785428773       -1.6728328632555162E-005   1.0452063121161832E-002
   3689.8654971833316       0.84287551527392990       -1.6729407272992917E-005   1.0468792528434825E-002
   3694.8654971833316       0.84290801870513077       -1.6730482501220724E-005   1.0485523010936046E-002
   3699.8654971833316       0.84294041858962465       -1.6731554331586265E-005   1.0502254565267632E-002
   3704.8654971833316       0.84297271536673968       -1.6732622778359958E-005   1.0518987188045992E-002
   3709.8654971833316       0.84300490947345497       -1.6733687855736837E-005   1.0535720875901730E-002
   3714.8654971833316       0.84303700134436266       -1.6734749577835284E-005   1.0552455625479564E-002
   3719.8654971833316       0.84306899141172853       -1.6735807958698980E-005   1.0569191433438263E-002
   3724.8654971833316       0.84310088010546480       -1.6736863012296023E-005   1.0585928296450560E-002
   3729.8654971833316       0.84313266785318786       -1.6737914752520797E-005   1.0602666211203081E-002
   3734.8654971833316       0.84316435508020038       -1.6738963193193354E-005   1.0619405174396275E-002
   3739.8654971833316       0.84319594220953886       -1.6740008348060984E-005   1.0636145182744337E-002
   3744.8654971833316       0.84322742966194630       -1.6741050230797269E-005   1.0652886232975134E-002
   3749.8654971833316       0.84325881785592882       -1.6742088855003962E-005   1.0669628321830138E-002
   3754.8654971833316       0.84329010720775277       -1.6743124234210835E-005   1.0686371446064349E-002
   3759.8654971833316       0.84332129813144630       -1.6744156381875759E-005   1.0703115602446224E-002
   3764.8654971833316       0.84335239103883031       -1.6745185311385652E-005   1.0719860787757610E-002
   3769.8654971833316       0.84338338633953203       -1.6746211036056958E-005   1.0736606998793667E-002
   3774.8654971833316       0.84341428444100652       -1.6747233569136323E-005   1.0753354232362802E-002
   3779.8654971833316       0.84344508574853383       -1.6748252923800454E-005   1.0770102485286603E-002
   3784.8654971833316       0.84347579066523437       -1.6749269113156650E-005   1.0786851754399760E-002
   3789.8654971833316       0.84350639959211571       -1.6750282150244318E-005   1.0803602036550003E-002
   3794.8654971833316       0.84353691292801636       -1.6751292048033078E-005   1.0820353328598037E-002
   3799.8654971833316       0.84356733106971082       -1.6752298819426243E-005   1.0837105627417463E-002
   3804.8654971833316       0.84359765441183121       -1.6753302477258183E-005   1.0853858929894721E-002
