 #        time                      h  [L]            Darcian flow [L.T^{-1}]   in    x         z              directions   cumulative flux
 #-----------------------------------------------------------------------------------------------

     0.100000000000E-005    -0.280000000000E+003     0.000000000000E+000     0.000000000000E+000     0.000000000000E+000
     0.205999994278E-005    -0.280000000000E+003    -0.204966236880E-013    -0.418344031269E-014     0.221743464153E-019
     0.318359982147E-005    -0.280000000000E+003    -0.683220789600E-014    -0.129564656362E-013     0.386322683612E-019
     0.437461562859E-005    -0.280000000000E+003    -0.212390228602E-029    -0.173429782979E-013     0.592880296566E-019
     0.563709231599E-005    -0.280000000000E+003     0.683220789600E-014    -0.217294909596E-013     0.880450716580E-019
     0.697531753239E-005    -0.280000000000E+003     0.136644157920E-013    -0.261160036214E-013     0.127488948432E-018
     0.839383618521E-005    -0.280000000000E+003     0.683220789600E-014    -0.304009801086E-013     0.171688921115E-018
     0.989746587602E-005    -0.280000000000E+003     0.683220789600E-014    -0.304009801086E-013     0.218540889629E-018
     0.114913132622E-004    -0.280000000000E+003     0.683220789600E-014    -0.304009801086E-013     0.268203973574E-018
     0.131807914004E-004    -0.280000000000E+003    -0.530975571505E-029    -0.433574457447E-013     0.341455430288E-018
     0.149716381303E-004    -0.280000000000E+003    -0.530975571505E-029    -0.433574457447E-013     0.419101970213E-018
     0.168699355614E-004    -0.280000000000E+003    -0.637170685806E-029    -0.520289348937E-013     0.517868363666E-018
     0.188821307298E-004    -0.280000000000E+003    -0.637170685806E-029    -0.520289348937E-013     0.622560735075E-018
     0.210150574931E-004    -0.280000000000E+003    -0.318585342903E-029    -0.260144674468E-013     0.678047688927E-018
     0.232759597402E-004    -0.280000000000E+003    -0.318585342903E-029    -0.260144674468E-013     0.736863856834E-018
     0.256725159928E-004    -0.280000000000E+003    -0.424780457204E-029    -0.346859565958E-013     0.819990702990E-018
     0.282128654833E-004    -0.280000000000E+003     0.683220789600E-014    -0.304009801086E-013     0.899146079527E-018
     0.309056357980E-004    -0.280000000000E+003    -0.318585342903E-029    -0.260144674468E-013     0.969197065219E-018
     0.337599721774E-004    -0.280000000000E+003     0.683220789600E-014    -0.390724692575E-013     0.108241520620E-017
     0.367855685763E-004    -0.280000000000E+003     0.683220789600E-014    -0.477439584065E-013     0.122834071573E-017
     0.399927005860E-004    -0.280000000000E+003     0.683220789600E-014    -0.477439584065E-013     0.138302174750E-017
     0.433922603327E-004    -0.280000000000E+003     0.683220789600E-014    -0.390724692575E-013     0.151786634305E-017
     0.469957934698E-004    -0.280000000000E+003     0.136644157920E-013    -0.521304710682E-013     0.171206643331E-017
     0.508155383889E-004    -0.280000000000E+003     0.683220789600E-014    -0.650869367044E-013     0.196204789933E-017
     0.548644677845E-004    -0.280000000000E+003    -0.849560914408E-029    -0.693719131916E-013     0.224292987789E-017
     0.591563327122E-004    -0.280000000000E+003     0.683220789600E-014    -0.564154475554E-013     0.248682647521E-017
     0.637057092900E-004    -0.280000000000E+003     0.204966236880E-013    -0.565169837299E-013     0.276032994895E-017
     0.685280482021E-004    -0.280000000000E+003     0.683220789600E-014    -0.477439584065E-013     0.299291294091E-017
     0.736397271730E-004    -0.280000000000E+003     0.683220789600E-014    -0.477439584065E-013     0.323945089908E-017
     0.790581065897E-004    -0.280000000000E+003     0.683220789600E-014    -0.564154475554E-013     0.354736466734E-017
     0.848015884613E-004    -0.280000000000E+003     0.683220789600E-014    -0.564154475554E-013     0.387375324406E-017
     0.908896789166E-004    -0.280000000000E+003     0.136644157920E-013    -0.608019602171E-013     0.425315386919E-017
     0.973430544509E-004    -0.280000000000E+003     0.136644157920E-013    -0.521304710682E-013     0.460093646575E-017
     0.104183632148E-003    -0.280000000000E+003     0.683220789600E-014    -0.477439584065E-013     0.493085977818E-017
     0.111434644115E-003    -0.280000000000E+003     0.136644157920E-013    -0.521304710682E-013     0.532162826148E-017
     0.119120716386E-003    -0.280000000000E+003     0.136644157920E-013    -0.608019602171E-013     0.580061270589E-017
     0.127267952553E-003    -0.280000000000E+003     0.683220789600E-014    -0.564154475554E-013     0.626360099004E-017
     0.135904022424E-003    -0.280000000000E+003     0.136644157920E-013    -0.521304710682E-013     0.672901243058E-017
     0.145058255993E-003    -0.280000000000E+003     0.136644157920E-013    -0.781449385150E-013     0.745522347859E-017
     0.154761743052E-003    -0.280000000000E+003     0.683220789600E-014    -0.564154475554E-013     0.800664984353E-017
     0.165047438780E-003    -0.280000000000E+003    -0.637170685806E-029    -0.520289348937E-013     0.854180363688E-017
     0.175950275662E-003    -0.280000000000E+003    -0.849560914408E-029    -0.693719131916E-013     0.929815429065E-017
     0.187507282134E-003    -0.280000000000E+003    -0.683220789600E-014    -0.649854005298E-013     0.100533302818E-016
     0.199757708333E-003    -0.280000000000E+003    -0.743365800107E-029    -0.607004240426E-013     0.107969363468E-016
     0.212743159403E-003    -0.280000000000E+003    -0.136644157920E-013    -0.519273987192E-013     0.114941923151E-016
     0.226507736794E-003    -0.280000000000E+003    -0.136644157920E-013    -0.432559095702E-013     0.121185930495E-016
     0.241098188040E-003    -0.280000000000E+003     0.683220789600E-014    -0.564154475554E-013     0.129477341041E-016
     0.256564065527E-003    -0.280000000000E+003     0.683220789600E-014    -0.564154475554E-013     0.138266235745E-016
     0.272957894778E-003    -0.280000000000E+003     0.683220789600E-014    -0.650869367044E-013     0.148995102611E-016
     0.290335352846E-003    -0.280000000000E+003     0.683220789600E-014    -0.477439584065E-013     0.157376307798E-016
     0.308755457403E-003    -0.280000000000E+003     0.683220789600E-014    -0.650869367044E-013     0.169431261307E-016
     0.328280767180E-003    -0.280000000000E+003     0.683220789600E-014    -0.390724692575E-013     0.177176036208E-016
     0.348977594427E-003    -0.280000000000E+003     0.683220789600E-014    -0.304009801086E-013     0.183625011673E-016
     0.370916230124E-003    -0.280000000000E+003    -0.424780457204E-029    -0.346859565958E-013     0.191234637329E-016
     0.394171182707E-003    -0.280000000000E+003     0.683220789600E-014    -0.477439584065E-013     0.202450577453E-016
     0.418821431115E-003    -0.280000000000E+003     0.683220789600E-014    -0.304009801086E-013     0.210131409172E-016
     0.444950693017E-003    -0.280000000000E+003     0.136644157920E-013    -0.261160036214E-013     0.217832948300E-016
     0.472647709137E-003    -0.280000000000E+003    -0.683220789600E-014    -0.302994439341E-013     0.226435693974E-016
     0.502006544641E-003    -0.280000000000E+003    -0.530975571505E-029    -0.433574457447E-013     0.239164935149E-016
     0.533126908594E-003    -0.280000000000E+003    -0.683220789600E-014    -0.476424222319E-013     0.254143109939E-016
     0.566114492604E-003    -0.280000000000E+003    -0.683220789600E-014    -0.302994439341E-013     0.264389116021E-016
     0.601081329767E-003    -0.280000000000E+003    -0.683220789600E-014    -0.302994439341E-013     0.275249881882E-016
     0.638146175159E-003    -0.280000000000E+003    -0.683220789600E-014    -0.216279547851E-013     0.283656720691E-016
     0.677434909153E-003    -0.280000000000E+003    -0.683220789600E-014    -0.216279547851E-013     0.292567969348E-016
     0.719080964939E-003    -0.280000000000E+003    -0.683220789600E-014    -0.302994439341E-013     0.305503313166E-016
     0.763225781689E-003    -0.280000000000E+003    -0.273288315840E-013    -0.171399059489E-013     0.319743978179E-016
     0.810019284919E-003    -0.280000000000E+003    -0.204966236880E-013    -0.215264186106E-013     0.333652738219E-016
     0.859620395664E-003    -0.280000000000E+003    -0.341610394800E-013    -0.127533932871E-013     0.351739303311E-016
     0.912197570216E-003    -0.280000000000E+003    -0.341610394800E-013    -0.127533932871E-013     0.370911061273E-016
     0.967929372233E-003    -0.280000000000E+003    -0.341610394800E-013    -0.127533932871E-013     0.391233123616E-016
     0.102700507918E-002    -0.280000000000E+003    -0.341610394800E-013     0.132610741597E-013     0.412881228465E-016
     0.108962532517E-002    -0.280000000000E+003    -0.546576631680E-013     0.406144698084E-015     0.447108936498E-016
     0.115600278233E-002    -0.280000000000E+003    -0.341610394800E-013     0.132610741597E-013     0.471432744480E-016
     0.122636288312E-002    -0.280000000000E+003    -0.273288315840E-013     0.887456149799E-014     0.491649772461E-016
     0.130094458593E-002    -0.280000000000E+003    -0.136644157920E-013     0.101536174521E-015     0.501841207788E-016
     0.138000118665E-002    -0.280000000000E+003    -0.136644157920E-013     0.347874927703E-013     0.531388562462E-016
     0.146380117888E-002    -0.280000000000E+003     0.136644157920E-013     0.172414421234E-013     0.549824248128E-016
     0.155262916586E-002    -0.280000000000E+003     0.530975571505E-029     0.433574457447E-013     0.588337794386E-016
     0.164678682697E-002    -0.280000000000E+003     0.318585342903E-029     0.260144674468E-013     0.612832408484E-016
     0.174659394236E-002    -0.280000000000E+003     0.424780457204E-029     0.346859565958E-013     0.647451461207E-016
     0.185238947896E-002    -0.280000000000E+003     0.424780457204E-029     0.346859565958E-013     0.684147655113E-016
     0.196453274170E-002    -0.280000000000E+003     0.424780457204E-029     0.346859565958E-013     0.723045618553E-016
     0.208340459379E-002    -0.280000000000E+003    -0.683220789600E-014     0.390724692575E-013     0.770196508704E-016
     0.220940875020E-002    -0.280000000000E+003    -0.136644157920E-013     0.434589819193E-013     0.827599656889E-016
     0.234297314879E-002    -0.280000000000E+003    -0.683220789600E-014     0.390724692575E-013     0.880578391343E-016
     0.248455140365E-002    -0.280000000000E+003    -0.683220789600E-014     0.390724692575E-013     0.936735846833E-016
     0.263462434571E-002    -0.280000000000E+003    -0.683220789600E-014     0.304009801086E-013     0.983497445110E-016
     0.279370165569E-002    -0.280000000000E+003    -0.204966236880E-013     0.218310271341E-013     0.103113320677E-015
     0.296232359518E-002    -0.280000000000E+003    -0.136644157920E-013     0.174445144724E-013     0.106849837303E-015
     0.314106284138E-002    -0.280000000000E+003     0.683220789600E-014    -0.438651266173E-014     0.108301047628E-015
     0.333052643213E-002    -0.280000000000E+003     0.273288315840E-013    -0.203072349042E-015     0.113479009136E-015
     0.353135782749E-002    -0.280000000000E+003     0.204966236880E-013     0.215264186106E-013     0.119448461077E-015
     0.374423909507E-002    -0.280000000000E+003     0.273288315840E-013     0.171399059489E-013     0.126315792380E-015
     0.396989322653E-002    -0.280000000000E+003     0.683220789600E-014     0.428497648721E-014     0.128135635077E-015
     0.420908659296E-002    -0.280000000000E+003     0.683220789600E-014     0.428497648721E-014     0.130064668231E-015
     0.446263154769E-002    -0.280000000000E+003    -0.273288315840E-013     0.887456149799E-014     0.137349941258E-015
     0.473138918520E-002    -0.280000000000E+003    -0.273288315840E-013     0.262175397959E-013     0.147528103574E-015
     0.501627226558E-002    -0.280000000000E+003    -0.204966236880E-013     0.478454945810E-013     0.162356542757E-015
     0.531824831448E-002    -0.280000000000E+003    -0.341610394800E-013     0.132610741597E-013     0.173422358988E-015
     0.563834290904E-002    -0.280000000000E+003    -0.106195114301E-029    -0.867148914895E-014     0.176198055792E-015
     0.597764316095E-002    -0.280000000000E+003    -0.683220789600E-014    -0.428497648721E-014     0.178934425304E-015
     0.633730140856E-002    -0.280000000000E+003     0.683220789600E-014    -0.130580018107E-013     0.184234846871E-015
     0.671853913045E-002    -0.280000000000E+003     0.273288315840E-013    -0.262175397959E-013     0.198672759969E-015
     0.712265109384E-002    -0.280000000000E+003    -0.204966236880E-013     0.131595379852E-013     0.208515894026E-015
     0.755100975191E-002    -0.280000000000E+003    -0.136644157920E-013     0.261160036214E-013     0.221141665769E-015
     0.800506990496E-002    -0.280000000000E+003    -0.204966236880E-013     0.218310271341E-013     0.234738514515E-015
     0.848637364120E-002    -0.280000000000E+003    -0.341610394800E-013     0.458958501078E-014     0.251328076928E-015
     0.899655557408E-002    -0.280000000000E+003    -0.273288315840E-013     0.175460506469E-013     0.267897046632E-015
     0.953734839373E-002    -0.280000000000E+003    -0.136644157920E-013     0.877302532347E-014     0.276678600100E-015
     0.101105887516E-001    -0.280000000000E+003    -0.204966236880E-013     0.448804883625E-014     0.288706463719E-015
     0.107182234982E-001    -0.280000000000E+003    -0.683220789600E-014    -0.216279547851E-013     0.302488491717E-015
     0.113623162948E-001    -0.280000000000E+003    -0.204966236880E-013    -0.562123752064E-013     0.341026252837E-015
     0.120450546223E-001    -0.280000000000E+003    -0.273288315840E-013    -0.518258625446E-013     0.381027873759E-015
     0.127687572104E-001    -0.280000000000E+003    -0.478254552720E-013    -0.560093028573E-013     0.434328538316E-015
     0.135358819124E-001    -0.280000000000E+003    -0.614898710640E-013    -0.298932992360E-013     0.486777733189E-015
     0.143490340526E-001    -0.280000000000E+003    -0.409932473760E-013     0.897609767251E-014     0.520901230983E-015
     0.152109752747E-001    -0.280000000000E+003    -0.204966236880E-013     0.131595379852E-013     0.541895915047E-015
