 #        time                      h  [L]            Darcian flow [L.T^{-1}]   in    x         z              directions   cumulative flux
 #-----------------------------------------------------------------------------------------------

     0.100000000000E-005     0.400000000000E+001    -0.174925984139E-012    -0.142837905803E+004     0.142837905803E-002
     0.205999994278E-005     0.400000000000E+001    -0.168927001572E-012    -0.137939364794E+004     0.289053624593E-002
     0.318359982147E-005     0.400000000000E+001    -0.162696078198E-012    -0.132851429744E+004     0.438325474937E-002
     0.437461562859E-005     0.400000000000E+001    -0.156238564684E-012    -0.127578469803E+004     0.590273449121E-002
     0.563709231599E-005     0.400000000000E+001    -0.149564010582E-012    -0.122128282772E+004     0.744457558992E-002
     0.697531753239E-005     0.400000000000E+001    -0.142687351635E-012    -0.116513064611E+004     0.900378280094E-002
     0.839383618521E-005     0.400000000000E+001    -0.135630355469E-012    -0.110750589936E+004     0.105748005773E-001
     0.989746587602E-005     0.400000000000E+001    -0.128423324769E-012    -0.104865602766E+004     0.121515909159E-001
     0.114913132622E-004     0.400000000000E+001    -0.121107001991E-012    -0.988913718430E+003     0.137277684613E-001
     0.131807914004E-004     0.400000000000E+001    -0.113734519796E-012    -0.928712832752E+003     0.152968084889E-001
     0.149716381303E-004     0.400000000000E+001    -0.106373079600E-012    -0.868602111842E+003     0.168523417404E-001
     0.168699355614E-004     0.400000000000E+001    -0.991048100883E-013    -0.809252187302E+003     0.183885430886E-001
     0.188821307298E-004     0.400000000000E+001    -0.920259850359E-013    -0.751449194168E+003     0.199006055264E-001
     0.210150574931E-004     0.400000000000E+001    -0.852435653783E-013    -0.696066534756E+003     0.213852644675E-001
     0.232759597402E-004     0.400000000000E+001    -0.788680843899E-013    -0.644006781749E+003     0.228413008475E-001
     0.256725159928E-004     0.400000000000E+001    -0.730025168647E-013    -0.596110788152E+003     0.242699138840E-001
     0.282128654833E-004     0.400000000000E+001    -0.677281774317E-013    -0.553042538296E+003     0.256748352145E-001
     0.309056357980E-004     0.400000000000E+001    -0.630906453733E-013    -0.515174215270E+003     0.270620810482E-001
     0.337599721774E-004     0.400000000000E+001    -0.590902262220E-013    -0.482508313933E+003     0.284393220821E-001
     0.367855685763E-004     0.400000000000E+001    -0.556811205038E-013    -0.454670853200E+003     0.298149725782E-001
     0.399927005860E-004     0.400000000000E+001    -0.527806540602E-013    -0.430986747337E+003     0.311972039713E-001
     0.433922603327E-004     0.400000000000E+001    -0.502858971002E-013    -0.410615510816E+003     0.325931159333E-001
     0.469957934698E-004     0.400000000000E+001    -0.480922608662E-013    -0.392703111621E+003     0.340082346090E-001
     0.508155383889E-004     0.400000000000E+001    -0.461087671988E-013    -0.376506656703E+003     0.354463939980E-001
     0.548644677845E-004     0.400000000000E+001    -0.442669946866E-013    -0.361467442836E+003     0.369099501528E-001
     0.591563327122E-004     0.400000000000E+001    -0.425233839810E-013    -0.347229780951E+003     0.384002134715E-001
     0.637057092900E-004     0.400000000000E+001    -0.408563379627E-013    -0.333617317182E+003     0.399179642803E-001
     0.685280482021E-004     0.400000000000E+001    -0.392602004357E-013    -0.320583865185E+003     0.414639283280E-001
     0.736397271730E-004     0.400000000000E+001    -0.377381531163E-013    -0.308155405645E+003     0.430391198348E-001
     0.790581065897E-004     0.400000000000E+001    -0.362957182735E-013    -0.296377031311E+003     0.446450030408E-001
     0.848015884613E-004     0.400000000000E+001    -0.349360488126E-013    -0.285274487607E+003     0.462834718888E-001
     0.908896789166E-004     0.400000000000E+001    -0.336575709157E-013    -0.274834923336E+003     0.479566917624E-001
     0.973430544509E-004     0.400000000000E+001    -0.324538967695E-013    -0.265006178043E+003     0.496668761482E-001
     0.104183632148E-003     0.400000000000E+001    -0.313153958632E-013    -0.255709612641E+003     0.514160776213E-001
     0.111434644115E-003     0.400000000000E+001    -0.302315403931E-013    -0.246859261088E+003     0.532060570777E-001
     0.119120716386E-003     0.400000000000E+001    -0.291931597678E-013    -0.238380239822E+003     0.550382648289E-001
     0.127267952553E-003     0.400000000000E+001    -0.281939749331E-013    -0.230221276475E+003     0.569139319390E-001
     0.135904022424E-003     0.400000000000E+001    -0.272311102567E-013    -0.222358889728E+003     0.588342388471E-001
     0.145058255993E-003     0.400000000000E+001    -0.263045965177E-013    -0.214793330910E+003     0.608005071673E-001
     0.154761743052E-003     0.400000000000E+001    -0.254161287188E-013    -0.207538440769E+003     0.628143537416E-001
     0.165047438780E-003     0.400000000000E+001    -0.245675020738E-013    -0.200608878339E+003     0.648777556244E-001
     0.175950275662E-003     0.400000000000E+001    -0.237591985754E-013    -0.194008579387E+003     0.669929995193E-001
     0.187507282134E-003     0.400000000000E+001    -0.229895207877E-013    -0.187723683300E+003     0.691625233421E-001
     0.199757708333E-003     0.400000000000E+001    -0.222544836794E-013    -0.181721649825E+003     0.713886910021E-001
     0.212743159403E-003     0.400000000000E+001    -0.215484372943E-013    -0.175956343570E+003     0.736735634919E-001
     0.226507736794E-003     0.400000000000E+001    -0.208651844659E-013    -0.170377160831E+003     0.760187331078E-001
     0.241098188040E-003     0.400000000000E+001    -0.201992428072E-013    -0.164939334519E+003     0.784252724268E-001
     0.256564065527E-003     0.400000000000E+001    -0.195468977793E-013    -0.159612533123E+003     0.808938203094E-001
     0.272957894778E-003     0.400000000000E+001    -0.189067824545E-013    -0.154385594831E+003     0.834247913898E-001
     0.290335352846E-003     0.400000000000E+001    -0.182798621130E-013    -0.149266401755E+003     0.860186620273E-001
     0.308755457403E-003     0.400000000000E+001    -0.176688617281E-013    -0.144277204990E+003     0.886762632285E-001
     0.328280767180E-003     0.400000000000E+001    -0.170773179088E-013    -0.139446883140E+003     0.913990068192E-001
     0.348977594427E-003     0.400000000000E+001    -0.165085295163E-013    -0.134802373450E+003     0.941889882549E-001
     0.370916230124E-003     0.400000000000E+001    -0.159646942972E-013    -0.130361621884E+003     0.970489443863E-001
     0.394171182707E-003     0.400000000000E+001    -0.154464464855E-013    -0.126129807356E+003     0.999820870757E-001
     0.418821431115E-003     0.400000000000E+001    -0.149529041934E-013    -0.122099728704E+003     0.102991875719E+000
     0.444950693017E-003     0.400000000000E+001    -0.144824291890E-013    -0.118258008751E+003     0.106081870201E+000
     0.472647709137E-003     0.400000000000E+001    -0.140317767850E-013    -0.114578152613E+003     0.109255343141E+000
     0.502006544641E-003     0.400000000000E+001    -0.135982843524E-013    -0.111038418276E+003     0.112515301798E+000
     0.533126908594E-003     0.400000000000E+001    -0.131799000315E-013    -0.107622051033E+003     0.115864539196E+000
     0.566114492604E-003     0.400000000000E+001    -0.127752949888E-013    -0.104318200135E+003     0.119305744586E+000
     0.601081329767E-003     0.400000000000E+001    -0.123837862355E-013    -0.101121288556E+003     0.122841636217E+000
     0.638146175159E-003     0.400000000000E+001    -0.120051070623E-013    -0.980291384473E+002     0.126475071078E+000
     0.677434909153E-003     0.400000000000E+001    -0.116391418376E-013    -0.950408056082E+002     0.130209104008E+000
     0.719080964939E-003     0.400000000000E+001    -0.112857243162E-013    -0.921549325413E+002     0.134046993469E+000
     0.763225781689E-003     0.400000000000E+001    -0.109445447653E-013    -0.893689900871E+002     0.137992171160E+000
     0.810019284919E-003     0.400000000000E+001    -0.106151546079E-013    -0.866793153364E+002     0.142048199982E+000
     0.859620395664E-003     0.400000000000E+001    -0.102970239721E-013    -0.840815815567E+002     0.146218739820E+000
     0.912197570216E-003     0.400000000000E+001    -0.998960559685E-014    -0.815713200231E+002     0.150507529352E+000
     0.967929372233E-003     0.400000000000E+001    -0.969237780454E-014    -0.791442709137E+002     0.154918382189E+000
