 #        time                      h  [L]            Darcian flow [L.T^{-1}]   in    x         z              directions   cumulative flux
 #-----------------------------------------------------------------------------------------------

     0.100000000000E-005    -0.278499999990E+003    -0.114935471568E-008    -0.864856329208E-008     0.872460103842E-014
     0.205999994278E-005    -0.278499999934E+003    -0.799432151087E-008    -0.602507393654E-007     0.731501102224E-013
     0.318359982147E-005    -0.278499999729E+003    -0.324829283293E-007    -0.245215107274E-006     0.351080641666E-012
     0.437461562859E-005    -0.278499999159E+003    -0.100706749284E-006    -0.761535656590E-006     0.126597802661E-011
     0.563709231599E-005    -0.278499997790E+003    -0.263820650050E-006    -0.199852726481E-005     0.381096086502E-011
     0.697531753239E-005    -0.278499994830E+003    -0.615237177181E-006    -0.466922587060E-005     0.101134457228E-010
     0.839383618521E-005    -0.278499988896E+003    -0.131711888531E-005    -0.100152403207E-004     0.244425794971E-010
     0.989746587602E-005    -0.278499977663E+003    -0.264048799919E-005    -0.201182410303E-004     0.549524004599E-010
     0.114913132622E-004    -0.278499957338E+003    -0.502506501131E-005    -0.383667904007E-004     0.116625477765E-009
     0.131807914004E-004    -0.278499921878E+003    -0.916739584573E-005    -0.701472583172E-004     0.236145506739E-009
     0.149716381303E-004    -0.278499861836E+003    -0.161491017734E-004    -0.123854839853E-003     0.459828033236E-009
     0.168699355614E-004    -0.278499762693E+003    -0.276213872433E-004    -0.212357158876E-003     0.866340811180E-009
     0.188821307298E-004    -0.278499602456E+003    -0.460674185000E-004    -0.355090703596E-003     0.158684048234E-008
     0.210150574931E-004    -0.278499348230E+003    -0.751709690777E-004    -0.581031391449E-003     0.283646646842E-008
     0.232759597402E-004    -0.278498951411E+003    -0.120327814790E-003    -0.932856572914E-003     0.496303724025E-008
     0.256725159928E-004    -0.278498340975E+003    -0.189345685574E-003    -0.147270794969E-002     0.852151615515E-008
     0.282128654833E-004    -0.278497414258E+003    -0.293388962992E-003    -0.229007397996E-002     0.143866522154E-007
     0.309056357980E-004    -0.278496024418E+003    -0.448235535816E-003    -0.351243697237E-002     0.239215418522E-007
     0.337599721774E-004    -0.278493963597E+003    -0.675924982132E-003    -0.531947468907E-002     0.392271965864E-007
     0.367855685763E-004    -0.278490940554E+003    -0.100688902237E-002    -0.796176868423E-002     0.635081658770E-007
     0.399927005860E-004    -0.278486551326E+003    -0.148266599952E-002    -0.117851494462E-001     0.101602636753E-006
     0.433922603327E-004    -0.278480241136E+003    -0.215930929949E-002    -0.172619952027E-001     0.160743164142E-006
     0.469957934698E-004    -0.278471255527E+003    -0.311160247985E-002    -0.250309843216E-001     0.251637403237E-006
     0.508155383889E-004    -0.278458578390E+003    -0.443818783839E-002    -0.359469605035E-001     0.389988199354E-006
     0.548644677845E-004    -0.278440854310E+003    -0.626769581720E-002    -0.511426782664E-001     0.598610540867E-006
     0.591563327122E-004    -0.278416292527E+003    -0.876592534110E-002    -0.721042220329E-001     0.910350653824E-006
     0.637057092900E-004    -0.278382549783E+003    -0.121440658142E-001    -0.100761805144E+000     0.137207135654E-005
     0.685280482021E-004    -0.278336589525E+003    -0.166678673339E-001    -0.139597434092E+000     0.205003906728E-005
     0.736397271730E-004    -0.278274515367E+003    -0.226675558197E-001    -0.191770563031E+000     0.303713282494E-005
     0.790581065897E-004    -0.278191377472E+003    -0.305481539581E-001    -0.261262375797E+000     0.446239547041E-005
     0.848015884613E-004    -0.278080951610E+003    -0.407997044616E-001    -0.353038733358E+000     0.650356269334E-005
     0.908896789166E-004    -0.277935492276E+003    -0.540066893475E-001    -0.473231108183E+000     0.940333752396E-005
     0.973430544509E-004    -0.277745463515E+003    -0.708556771132E-001    -0.629333932563E+000     0.134903256474E-004
     0.104183632148E-003    -0.277499254332E+003    -0.921398778603E-001    -0.830415578607E+000     0.192057083049E-004
     0.111434644115E-003    -0.277182889989E+003    -0.118758810420E+000    -0.108733845966E+001     0.271368988078E-004
     0.119120716386E-003    -0.276779756420E+003    -0.151710659950E+000    -0.141298126724E+001     0.380595949762E-004
     0.127267952553E-003    -0.276270362265E+003    -0.192074127209E+000    -0.182245292741E+001     0.529897851398E-004
     0.135904022424E-003    -0.275632171333E+003    -0.240975681612E+000    -0.233328331227E+001     0.732473623325E-004
     0.145058255993E-003    -0.274839546603E+003    -0.299537242507E+000    -0.296556992751E+001     0.100533010210E-003
     0.154761743052E-003    -0.273863853613E+003    -0.368798663384E+000    -0.374205253587E+001     0.137019888829E-003
     0.165047438780E-003    -0.272673774120E+003    -0.449609393320E+000    -0.468807871671E+001     0.185461290591E-003
     0.175950275662E-003    -0.271235877757E+003    -0.542484937253E+000    -0.583141242913E+001     0.249314749451E-003
     0.187507282134E-003    -0.269515487741E+003    -0.647426935427E+000    -0.720182461318E+001     0.332881927624E-003
     0.199757708333E-003    -0.267477855055E+003    -0.763711440809E+000    -0.883039017794E+001     0.441461792871E-003
     0.212743159403E-003    -0.265089624321E+003    -0.889658510469E+000    -0.107484011982E+002     0.581511926833E-003
     0.226507736794E-003    -0.262320536029E+003    -0.102240707460E+001    -0.129857962386E+002     0.760809071092E-003
     0.241098188040E-003    -0.259145268069E+003    -0.115773087509E+001    -0.155690092260E+002     0.988595123554E-003
     0.256564065527E-003    -0.255545279510E+003    -0.128994194654E+001    -0.185181724975E+002     0.127568891297E-002
     0.272957894778E-003    -0.251510486476E+003    -0.141193504763E+001    -0.218436862758E+002     0.163453788634E-002
     0.290335352846E-003    -0.247040580354E+003    -0.151542700741E+001    -0.255423077610E+002     0.207917878922E-002
     0.308755457403E-003    -0.242145802057E+003    -0.159143664639E+001    -0.295931196632E+002     0.262507480326E-002
     0.328280767180E-003    -0.236847025082E+003    -0.163103097881E+001    -0.339539817704E+002     0.328880126944E-002
     0.348977594427E-003    -0.231175084126E+003    -0.162632777952E+001    -0.385592803593E+002     0.408756555928E-002
     0.370916230124E-003    -0.225169410226E+003    -0.157168817440E+001    -0.433198668144E+002     0.503856962713E-002
     0.394171182707E-003    -0.218876175856E+003    -0.146495175562E+001    -0.481259117114E+002     0.615825380718E-002
     0.418821431115E-003    -0.212346237225E+003    -0.130848608617E+001    -0.528529950671E+002     0.746149246730E-002
     0.444950693017E-003    -0.205633185067E+003    -0.110973983463E+001    -0.573711071480E+002     0.896083756941E-002
     0.472647709137E-003    -0.198791748487E+003    -0.880988491272E+000    -0.615554975154E+002     0.106659157805E-001
     0.502006544641E-003    -0.191876621265E+003    -0.638090163442E+000    -0.652977635482E+002     0.125830736094E-001
     0.533126908594E-003    -0.184941578413E+003    -0.398323469107E+000    -0.685153721567E+002     0.147153329598E-001
     0.566114492604E-003    -0.178038620737E+003    -0.177702404858E+000    -0.711580043604E+002     0.170626709262E-001
     0.601081329767E-003    -0.171216892809E+003     0.115716804515E-001    -0.732096585183E+002     0.196225811663E-001
     0.638146175159E-003    -0.164521273365E+003     0.162799131079E+000    -0.746862399618E+002     0.223908216799E-001
     0.677434909153E-003    -0.157990771575E+003     0.275114844854E+000    -0.756292673457E+002     0.253622195065E-001
     0.719080964939E-003    -0.151657063016E+003     0.352427923197E+000    -0.760971510533E+002     0.285313996915E-001
     0.763225781689E-003    -0.145543559650E+003     0.401433804427E+000    -0.761559883371E+002     0.318933385468E-001
     0.810019284919E-003    -0.139665290671E+003     0.429462534138E+000    -0.758717398361E+002     0.354436999250E-001
     0.859620395664E-003    -0.134029628849E+003     0.442868891274E+000    -0.753049795654E+002     0.391789751489E-001
     0.912197570216E-003    -0.128637645811E+003     0.446308978611E+000    -0.745084296715E+002     0.430964881409E-001
     0.967929372233E-003    -0.123485732977E+003     0.442808799806E+000    -0.735266547242E+002     0.471943354166E-001
     0.102700507918E-002    -0.118567132973E+003     0.434254100335E+000    -0.723969294347E+002     0.514713121422E-001
     0.108962532517E-002    -0.113873156811E+003     0.421916422412E+000    -0.711504267069E+002     0.559268476996E-001
     0.115600278233E-002    -0.109394030938E+003     0.406799725978E+000    -0.698132601221E+002     0.605609530529E-001
     0.122636288312E-002    -0.105119444442E+003     0.389784883399E+000    -0.684072743090E+002     0.653741739023E-001
     0.130094458593E-002    -0.101038912010E+003     0.371652849712E+000    -0.669506612031E+002     0.703675451535E-001
     0.138000118665E-002    -0.971420460955E+002     0.353067815993E+000    -0.654584990662E+002     0.755425468533E-001
     0.146380117888E-002    -0.934187991512E+002     0.334571098446E+000    -0.639432268939E+002     0.809010621194E-001
     0.155262916586E-002    -0.898596081962E+002     0.316529137683E+000    -0.624151705839E+002     0.864453473732E-001
     0.164678682697E-002    -0.864554592434E+002     0.299157079094E+000    -0.608830058729E+002     0.921780180106E-001
     0.174659394236E-002    -0.831979578638E+002     0.282542671571E+000    -0.593539804409E+002     0.981020347044E-001
     0.185238947896E-002    -0.800793236592E+002     0.266674593534E+000    -0.578341377206E+002     0.104220693383E+000
     0.196453274170E-002    -0.770923329071E+002     0.251493014883E+000    -0.563285032080E+002     0.110537618479E+000
     0.208340459379E-002    -0.742302454671E+002     0.236933273223E+000    -0.548412183345E+002     0.117056756513E+000
     0.220940875020E-002    -0.714867348976E+002     0.222949516215E+000    -0.533756470753E+002     0.123782368567E+000
     0.234297314879E-002    -0.688558308239E+002     0.209520789536E+000    -0.519344737160E+002     0.130719021764E+000
     0.248455140365E-002    -0.663318789329E+002     0.196644916912E+000    -0.505197957876E+002     0.137871580471E+000
     0.263462434571E-002    -0.639095192578E+002     0.184329347091E+000    -0.491332116833E+002     0.145245197991E+000
     0.279370165569E-002    -0.615836768963E+002     0.172584419842E+000    -0.477759013099E+002     0.152845309441E+000
     0.296232359518E-002    -0.593495578156E+002     0.161420185020E+000    -0.464486969274E+002     0.160677626100E+000
     0.314106284138E-002    -0.572026417677E+002     0.150844585207E+000    -0.451521428991E+002     0.168748131123E+000
     0.333052643213E-002    -0.551386696201E+002     0.140861729618E+000    -0.438865440104E+002     0.177063076167E+000
     0.353135782749E-002    -0.531536253808E+002     0.131469895299E+000    -0.426520042785E+002     0.185628978393E+000
     0.374423909507E-002    -0.512435785323E+002     0.122659627259E+000    -0.414484596749E+002     0.194452617665E+000
     0.396989322653E-002    -0.494052868292E+002     0.114428713369E+000    -0.402756668598E+002     0.203541024970E+000
     0.420908659296E-002    -0.476350610750E+002     0.106720419290E+000    -0.391333475696E+002     0.212901496922E+000
     0.446263154769E-002    -0.459296427389E+002     0.995274831888E-001    -0.380209963808E+002     0.222541561757E+000
     0.473138918520E-002    -0.442858123186E+002     0.928179842503E-001    -0.369379913418E+002     0.232468960386E+000
     0.501627226558E-002    -0.427000774642E+002     0.866446045184E-001    -0.358835484287E+002     0.242691605997E+000
     0.531824831448E-002    -0.411693511256E+002     0.808370460623E-001    -0.348564264198E+002     0.253217440233E+000
     0.563834290904E-002    -0.396896419380E+002     0.754523701927E-001    -0.338551612601E+002     0.264054321263E+000
     0.597764316095E-002    -0.382564983431E+002     0.702953317468E-001    -0.328774829456E+002     0.275209685007E+000
     0.633730140856E-002    -0.368633360380E+002     0.656282967343E-001    -0.319202991635E+002     0.286690108132E+000
     0.671853913045E-002    -0.355029324449E+002     0.611247958767E-001    -0.309788357460E+002     0.298500431889E+000
     0.712265109384E-002    -0.341647165489E+002     0.569796852355E-001    -0.300466557207E+002     0.310642666758E+000
     0.755100975191E-002    -0.328352340018E+002     0.530904447740E-001    -0.291146878324E+002     0.323114216103E+000
     0.800506990496E-002    -0.314972774102E+002     0.494487207830E-001    -0.281709236415E+002     0.335905529709E+000
     0.848637364120E-002    -0.301277369003E+002     0.460381026530E-001    -0.271994692341E+002     0.348996754627E+000
     0.899655557408E-002    -0.287003470535E+002     0.427115124992E-001    -0.261807127267E+002     0.362353699025E+000
     0.953734839373E-002    -0.271839802667E+002     0.399033129346E-001    -0.250911802225E+002     0.375922846286E+000
     0.101105887516E-001    -0.255391532041E+002     0.373528356034E-001    -0.239026674575E+002     0.389624836664E+000
     0.107182234982E-001    -0.237260968352E+002     0.348934365419E-001    -0.225829159044E+002     0.403347017426E+000
     0.113623162948E-001    -0.217041834066E+002     0.304370576144E-001    -0.210988017203E+002     0.416936617772E+000
     0.120450546223E-001    -0.194273597928E+002     0.247557545823E-001    -0.194143989071E+002     0.430191582787E+000
     0.127687572104E-001    -0.168654312356E+002     0.235614762268E-001    -0.174998061261E+002     0.442856249251E+000
     0.135358819124E-001    -0.140153887123E+002     0.212637339257E-001    -0.153438843115E+002     0.454626933234E+000
     0.143490340526E-001    -0.109048213696E+002     0.190611811077E-001    -0.129628759586E+002     0.465167734959E+000
     0.152109752747E-001    -0.764168809825E+001     0.170409024376E-001    -0.104331313226E+002     0.474160492917E+000
