 #              _____________________  _______________________             #
 #              ___  __ \__  __ \_  / / /_  /___  ____/_  ___/             #
 #              __  / / /_  /_/ /  / / /_  __/_  __/  _____ \              #
 #              _  /_/ /_  _, _// /_/ / / /_ _  /___  ____/ /              #
 #              /_____/ /_/ |_| \____/  \__/ /_____/  /____/               #
 #                                                                         #
  
 #        time                      h  [L]                   theta [-]       Darcian flow [L.T^{-1}]   in    x         z              directions   cumulative flux
 #-----------------------------------------------------------------------------------------------

     0.000000000000E+000     0.400000000000E+001     0.600000000000E+000    -0.674205022116E-015    -0.550530179465E+001     0.550530179465E-006
     0.100000000000E-006     0.400000000000E+001     0.600000000000E+000    -0.674204921972E-015    -0.550530097692E+001     0.110106027716E-005
     0.206000000000E-006     0.400000000000E+001     0.600000000000E+000    -0.674204815820E-015    -0.550530011012E+001     0.168462208883E-005
     0.318360000000E-006     0.400000000000E+001     0.600000000000E+000    -0.674204703299E-015    -0.550529919131E+001     0.230319750596E-005
     0.437461600000E-006     0.400000000000E+001     0.600000000000E+000    -0.674204584026E-015    -0.550529821738E+001     0.295888733213E-005
     0.563709296000E-006     0.400000000000E+001     0.600000000000E+000    -0.674204457597E-015    -0.550529718501E+001     0.365391841753E-005
     0.697531853760E-006     0.400000000000E+001     0.600000000000E+000    -0.674204323582E-015    -0.550529609069E+001     0.439065122162E-005
     0.839383764986E-006     0.400000000000E+001     0.600000000000E+000    -0.674204181527E-015    -0.550529493072E+001     0.517158782940E-005
     0.989746790885E-006     0.400000000000E+001     0.600000000000E+000    -0.674204030948E-015    -0.550529370115E+001     0.599938044877E-005
     0.114913159834E-005     0.400000000000E+001     0.600000000000E+000    -0.674203871334E-015    -0.550529239780E+001     0.687684041756E-005
     0.131807949424E-005     0.400000000000E+001     0.600000000000E+000    -0.674203702143E-015    -0.550529101626E+001     0.780694775108E-005
     0.149716426389E-005     0.400000000000E+001     0.600000000000E+000    -0.674203522801E-015    -0.550528955182E+001     0.879286126235E-005
     0.168699411973E-005     0.400000000000E+001     0.600000000000E+000    -0.674203332698E-015    -0.550528799951E+001     0.983792928962E-005
     0.188821376691E-005     0.400000000000E+001     0.600000000000E+000    -0.674203131190E-015    -0.550528635406E+001     0.109457010674E-004
     0.210150659292E-005     0.400000000000E+001     0.600000000000E+000    -0.674202917590E-015    -0.550528460989E+001     0.121199387799E-004
     0.232759698850E-005     0.400000000000E+001     0.600000000000E+000    -0.674202691174E-015    -0.550528276107E+001     0.133646303371E-004
     0.256725280781E-005     0.400000000000E+001     0.600000000000E+000    -0.674202451174E-015    -0.550528080132E+001     0.146840029181E-004
     0.282128797628E-005     0.400000000000E+001     0.600000000000E+000    -0.674202196773E-015    -0.550527872398E+001     0.160825373262E-004
     0.309056525485E-005     0.400000000000E+001     0.600000000000E+000    -0.674201927108E-015    -0.550527652200E+001     0.175649832058E-004
     0.337599917015E-005     0.400000000000E+001     0.600000000000E+000    -0.674201641263E-015    -0.550527418790E+001     0.191363751720E-004
     0.367855912035E-005     0.400000000000E+001     0.600000000000E+000    -0.674201338268E-015    -0.550527171375E+001     0.208020499076E-004
     0.399927266758E-005     0.400000000000E+001     0.600000000000E+000    -0.674201017092E-015    -0.550526909115E+001     0.225676642863E-004
     0.433922902763E-005     0.400000000000E+001     0.600000000000E+000    -0.674200676646E-015    -0.550526631120E+001     0.244392145825E-004
     0.469958276929E-005     0.400000000000E+001     0.600000000000E+000    -0.674200315773E-015    -0.550526336444E+001     0.264230568347E-004
