 #              _____________________  _______________________             #
 #              ___  __ \__  __ \_  / / /_  /___  ____/_  ___/             #
 #              __  / / /_  /_/ /  / / /_  __/_  __/  _____ \              #
 #              _  /_/ /_  _, _// /_/ / / /_ _  /___  ____/ /              #
 #              /_____/ /_/ |_| \____/  \__/ /_____/  /____/               #
 #                                                                         #
  
 DRUtES is initializing, reading input files
 ---------------------------------------------------------------
 16hrs : 25min : 57.650s  -  2019/02/13    total number of parallel images is:                    1
 ---------------------------------------------------------------
 16hrs : 25min : 57.652s  -  2019/02/13    reading input files and allocating...
 ---------------------------------------------------------------
 16hrs : 25min : 57.657s  -  2019/02/13    number of nodes:                 1001 number of elements:                 1000
 ---------------------------------------------------------------
 16hrs : 25min : 57.665s  -  2019/02/13    analyzing mesh structure...
 ---------------------------------------------------------------
 16hrs : 25min : 57.666s  -  2019/02/13    The file with inputs for inverse modeling is: drutes.conf/ADE/SOIL/A/control-a-obs-bottom.dat
 ---------------------------------------------------------------
 16hrs : 25min : 57.667s  -  2019/02/13    DRUtES solves advection-dispersion-reaction equation in    1 D
 ---------------------------------------------------------------
 16hrs : 25min : 57.668s  -  2019/02/13    making output files for observation time
 ---------------------------------------------------------------
 16hrs : 25min : 57.681s  -  2019/02/13    go 4 solving
 ---------------------------------------------------------------
 16hrs : 25min : 57.692s  -  2019/02/13    current simulation time:  0.10000000000000001 total iteration count:                    1
