 #              _____________________  _______________________             #
 #              ___  __ \__  __ \_  / / /_  /___  ____/_  ___/             #
 #              __  / / /_  /_/ /  / / /_  __/_  __/  _____ \              #
 #              _  /_/ /_  _, _// /_/ / / /_ _  /___  ____/ /              #
 #              /_____/ /_/ |_| \____/  \__/ /_____/  /____/               #
 #                                                                         #
  
 #        time                      c  [M/L^3]                   concetration [M/L^3]       concentration flux [M.L^{-2}.T^{-1}]   in    x              directions   cumulative flux
 #-----------------------------------------------------------------------------------------------

     0.000000000000E+000     0.000000000000E+000     0.000000000000E+000     0.000000000000E+000     0.000000000000E+000
     0.100000000000E+000     0.246357763799E-006     0.140423925365E-006     0.714437515017E-009     0.714437515017E-010
     0.206000000000E+000     0.507383278205E-006     0.289208468577E-006     0.147141150680E-008     0.227413371222E-009
     0.318360000000E+000     0.783942612030E-006     0.446847288857E-006     0.227343357489E-008     0.482856367696E-009
     0.437461600000E+000     0.107695207951E-005     0.613862685321E-006     0.312316103058E-008     0.854829843496E-009
     0.563709296000E+000     0.138738104474E-005     0.790807195502E-006     0.402340502975E-008     0.136277545858E-008
     0.697531853760E+000     0.171625486878E-005     0.978265275202E-006     0.497713911945E-008     0.202882894587E-008
     0.839383764986E+000     0.206465800491E-005     0.117685506280E-005     0.598750821423E-008     0.287816842954E-008
     0.989746790885E+000     0.243373724750E-005     0.138723023108E-005     0.705783801775E-008     0.393940631019E-008
     0.114913159834E+001     0.282470513981E-005     0.161008192969E-005     0.819164490545E-008     0.524503005617E-008
     0.131807949424E+001     0.323884354593E-005     0.184614082118E-005     0.939264628320E-008     0.683189788265E-008
     0.149716426389E+001     0.367750739194E-005     0.209617921341E-005     0.106647714366E-007     0.874179601880E-008
     0.168699411973E+001     0.414212858099E-005     0.236101329116E-005     0.120121728849E-007     0.110220650658E-007
     0.188821376691E+001     0.463422008673E-005     0.264150544943E-005     0.134392382515E-007     0.137263038452E-007
     0.210150659292E+001     0.515538022904E-005     0.293856673055E-005     0.149506026642E-007     0.169151601380E-007
     0.232759698850E+001     0.570729713553E-005     0.325315936725E-005     0.165511616930E-007     0.206572188324E-007
     0.256725280781E+001     0.629175339149E-005     0.358629943315E-005     0.182460848353E-007     0.250299992429E-007
     0.282128797628E+001     0.691063088033E-005     0.393905960179E-005     0.200408295529E-007     0.301210747546E-007
     0.309056525485E+001     0.756591581537E-005     0.431257201476E-005     0.219411558646E-007     0.360293294946E-007
     0.337599917015E+001     0.825970396306E-005     0.470803125895E-005     0.239531414929E-007     0.428663684545E-007
     0.367855912035E+001     0.899420605589E-005     0.512669745186E-005     0.260831975621E-007     0.507580994101E-007
     0.399927266758E+001     0.977175339218E-005     0.556989943354E-005     0.283380848373E-007     0.598465071198E-007
     0.433922902763E+001     0.105948036178E-004     0.603903806214E-005     0.307249304916E-007     0.702916426526E-007
     0.469958276929E+001     0.114659466829E-004     0.653558960927E-005     0.332512453805E-007     0.822738533403E-007
     0.508155773545E+001     0.123879109646E-004     0.706110924984E-005     0.359249417974E-007     0.959962817675E-007
     0.548645119957E+001     0.133635695430E-004     0.761723463951E-005     0.387543516747E-007     0.111687665467E-006
     0.591563827155E+001     0.143959466159E-004     0.820568957108E-005     0.417482451862E-007     0.129605472579E-006
     0.637057656784E+001     0.154882240335E-004     0.882828769911E-005     0.449158496972E-007     0.150039412716E-006
     0.685281116191E+001     0.166437479296E-004     0.948693631990E-005     0.482668689960E-007     0.173315366694E-006
     0.736397983162E+001     0.178660354230E-004     0.101836401911E-004     0.518115027268E-007     0.199799783619E-006
     0.790581862152E+001     0.191587813558E-004     0.109205053728E-004     0.555604659317E-007     0.229904599245E-006
     0.848016773881E+001     0.205258650306E-004     0.116997430675E-004     0.595250085888E-007     0.264092735385E-006
     0.908897780314E+001     0.219713569031E-004     0.125236734347E-004     0.637169350189E-007     0.302884246693E-006
     0.973431647133E+001     0.234995251755E-004     0.133947293501E-004     0.681486230091E-007     0.346863188304E-006
     0.104183754596E+002     0.251148422348E-004     0.143154600739E-004     0.728330424810E-007     0.396685285657E-006
     0.111434779872E+002     0.268219908634E-004     0.152885347921E-004     0.777837735037E-007     0.453086496429E-006
     0.119120866664E+002     0.286258701461E-004     0.163167459833E-004     0.830150234238E-007     0.516892563939E-006
     0.127268118664E+002     0.305316009840E-004     0.174030125609E-004     0.885416428537E-007     0.589029671620E-006
     0.135904205784E+002     0.325445311122E-004     0.185503827340E-004     0.943791402255E-007     0.670536319348E-006
     0.145058458131E+002     0.346702395097E-004     0.197620365205E-004     0.100543694578E-006     0.762576554555E-006
     0.154761965619E+002     0.369145400709E-004     0.210412878404E-004     0.107052166206E-006     0.866454704192E-006
     0.164761965619E+002     0.392179489139E-004     0.223542308810E-004     0.113732051850E-006     0.980186756043E-006
     0.174761965619E+002     0.415119297573E-004     0.236617999617E-004     0.120384596296E-006     0.110057135234E-005
     0.184761965619E+002     0.437965211905E-004     0.249640170786E-004     0.127009911452E-006     0.122758126379E-005
     0.194761965619E+002     0.460717616449E-004     0.262609041376E-004     0.133608108770E-006     0.136118937256E-005
     0.204761965619E+002     0.483376893946E-004     0.275524829549E-004     0.140179299244E-006     0.150136867181E-005
     0.214761965619E+002     0.505943425572E-004     0.288387752576E-004     0.146723593416E-006     0.164809226522E-005
     0.224761965619E+002     0.528417590942E-004     0.301198026837E-004     0.153241101373E-006     0.180133336660E-005
     0.234761965619E+002     0.550799768116E-004     0.313955867826E-004     0.159731932754E-006     0.196106529935E-005
     0.244761965619E+002     0.573090333609E-004     0.326661490157E-004     0.166196196746E-006     0.212726149610E-005
     0.254761965619E+002     0.595289662391E-004     0.339315107563E-004     0.172634002093E-006     0.229989549819E-005
     0.264761965619E+002     0.617398127902E-004     0.351916932904E-004     0.179045457092E-006     0.247894095528E-005
     0.274761965619E+002     0.639416102051E-004     0.364467178169E-004     0.185430669595E-006     0.266437162488E-005
     0.284761965619E+002     0.661343955223E-004     0.376966054477E-004     0.191789747015E-006     0.285616137189E-005
     0.294761965619E+002     0.683182056291E-004     0.389413772086E-004     0.198122796324E-006     0.305428416821E-005
     0.304761965619E+002     0.704930772615E-004     0.401810540391E-004     0.204429924058E-006     0.325871409227E-005
     0.314761965619E+002     0.726590470053E-004     0.414156567930E-004     0.210711236315E-006     0.346942532859E-005
     0.324761965619E+002     0.748161512965E-004     0.426452062390E-004     0.216966838760E-006     0.368639216735E-005
     0.334761965619E+002     0.769644264219E-004     0.438697230605E-004     0.223196836624E-006     0.390958900397E-005
     0.344761965619E+002     0.791039085199E-004     0.450892278563E-004     0.229401334708E-006     0.413899033868E-005
     0.354761965619E+002     0.812346335809E-004     0.463037411411E-004     0.235580437385E-006     0.437457077606E-005
     0.364761965619E+002     0.833566374480E-004     0.475132833454E-004     0.241734248599E-006     0.461630502466E-005
     0.374761965619E+002     0.854699558177E-004     0.487178748161E-004     0.247862871871E-006     0.486416789653E-005
     0.384761965619E+002     0.875746242402E-004     0.499175358169E-004     0.253966410296E-006     0.511813430683E-005
     0.394761965619E+002     0.896706781202E-004     0.511122865285E-004     0.260044966549E-006     0.537817927338E-005
     0.404761965619E+002     0.917581527178E-004     0.523021470491E-004     0.266098642882E-006     0.564427791626E-005
     0.414761965619E+002     0.938370831484E-004     0.534871373946E-004     0.272127541130E-006     0.591640545739E-005
     0.424761965619E+002     0.959075043838E-004     0.546672774988E-004     0.278131762713E-006     0.619453722010E-005
     0.434761965619E+002     0.979694512528E-004     0.558425872141E-004     0.284111408633E-006     0.647864862874E-005
     0.444761965619E+002     0.100022958441E-003     0.570130863116E-004     0.290066579480E-006     0.676871520822E-005
     0.454761965619E+002     0.102068060494E-003     0.581787944815E-004     0.295997375432E-006     0.706471258365E-005
     0.464761965619E+002     0.104104791813E-003     0.593397313333E-004     0.301903896257E-006     0.736661647991E-005
     0.474761965619E+002     0.106133186660E-003     0.604959163964E-004     0.307786241315E-006     0.767440272122E-005
     0.484761965619E+002     0.108153279158E-003     0.616473691201E-004     0.313644509558E-006     0.798804723078E-005
     0.494761965619E+002     0.110165103288E-003     0.627941088742E-004     0.319478799535E-006     0.830752603032E-005
     0.504761965619E+002     0.112168692893E-003     0.639361549492E-004     0.325289209391E-006     0.863281523971E-005
     0.514761965619E+002     0.114164081678E-003     0.650735265566E-004     0.331075836867E-006     0.896389107657E-005
     0.524761965619E+002     0.116151303209E-003     0.662062428293E-004     0.336838779307E-006     0.930072985588E-005
     0.534761965619E+002     0.118130390916E-003     0.673343228218E-004     0.342578133655E-006     0.964330798953E-005
     0.544761965619E+002     0.120101378089E-003     0.684577855109E-004     0.348293996459E-006     0.999160198599E-005
     0.554761965619E+002     0.122064297887E-003     0.695766497954E-004     0.353986463871E-006     0.103455884499E-004
     0.564761965619E+002     0.124019183328E-003     0.706909344968E-004     0.359655631650E-006     0.107052440815E-004
     0.574761965619E+002     0.125966067298E-003     0.718006583597E-004     0.365301595163E-006     0.110705456767E-004
     0.584761965619E+002     0.127904982547E-003     0.729058400519E-004     0.370924449387E-006     0.114414701261E-004
     0.594761965619E+002     0.129835961693E-003     0.740064981647E-004     0.376524288908E-006     0.118179944150E-004
     0.604761965619E+002     0.131759037217E-003     0.751026512136E-004     0.382101207929E-006     0.122000956229E-004
     0.614761965619E+002     0.133674241470E-003     0.761943176380E-004     0.387655300263E-006     0.125877509232E-004
     0.624761965619E+002     0.135581606670E-003     0.772815158019E-004     0.393186659343E-006     0.129809375825E-004
     0.634761965619E+002     0.137481164902E-003     0.783642639942E-004     0.398695378216E-006     0.133796329607E-004
     0.644761965619E+002     0.139372948121E-003     0.794425804289E-004     0.404181549551E-006     0.137838145103E-004
     0.654761965619E+002     0.141256988150E-003     0.805164832456E-004     0.409645265636E-006     0.141934597759E-004
     0.664761965619E+002     0.143133316683E-003     0.815859905094E-004     0.415086618381E-006     0.146085463943E-004
     0.674761965619E+002     0.145001965283E-003     0.826511202115E-004     0.420505699322E-006     0.150290520936E-004
     0.684761965619E+002     0.146862965386E-003     0.837118902698E-004     0.425902599618E-006     0.154549546932E-004
     0.694761965619E+002     0.148716348295E-003     0.847683185283E-004     0.431277410056E-006     0.158862321033E-004
     0.704761965619E+002     0.150562145190E-003     0.858204227585E-004     0.436630221052E-006     0.163228623243E-004
     0.714761965619E+002     0.152400387121E-003     0.868682206588E-004     0.441961122650E-006     0.167648234470E-004
     0.724761965619E+002     0.154231105009E-003     0.879117298553E-004     0.447270204527E-006     0.172120936515E-004
     0.734761965619E+002     0.156054329653E-003     0.889509679020E-004     0.452557555992E-006     0.176646512075E-004
     0.744761965619E+002     0.157870091721E-003     0.899859522809E-004     0.457823265990E-006     0.181224744735E-004
     0.754761965619E+002     0.159678421759E-003     0.910167004025E-004     0.463067423101E-006     0.185855418966E-004
     0.764761965619E+002     0.161479350186E-003     0.920432296063E-004     0.468290115541E-006     0.190538320121E-004
     0.774761965619E+002     0.163272907299E-003     0.930655571603E-004     0.473491431167E-006     0.195273234433E-004
     0.784761965619E+002     0.165059123267E-003     0.940837002624E-004     0.478671457475E-006     0.200059949008E-004
     0.794761965619E+002     0.166838028140E-003     0.950976760396E-004     0.483830281605E-006     0.204898251824E-004
     0.804761965619E+002     0.168609651841E-003     0.961075015492E-004     0.488967990338E-006     0.209787931727E-004
     0.814761965619E+002     0.170374024173E-003     0.971131937784E-004     0.494084670100E-006     0.214728778428E-004
     0.824761965619E+002     0.172131174816E-003     0.981147696450E-004     0.499180406966E-006     0.219720582498E-004
     0.834761965619E+002     0.173881133329E-003     0.991122459976E-004     0.504255286654E-006     0.224763135364E-004
     0.844761965619E+002     0.175623929150E-003     0.100105639616E-003     0.509309394536E-006     0.229856229310E-004
     0.854761965619E+002     0.177359591597E-003     0.101094967210E-003     0.514342815631E-006     0.234999657466E-004
     0.864761965619E+002     0.179088149866E-003     0.102080245424E-003     0.519355634611E-006     0.240193213812E-004
     0.874761965619E+002     0.180809633036E-003     0.103061490830E-003     0.524347935803E-006     0.245436693170E-004
     0.884761965619E+002     0.182524070065E-003     0.104038719937E-003     0.529319803187E-006     0.250729891202E-004
     0.894761965619E+002     0.184231489793E-003     0.105011949182E-003     0.534271320401E-006     0.256072604406E-004
     0.904761965619E+002     0.185931920944E-003     0.105981194938E-003     0.539202570737E-006     0.261464630114E-004
     0.914761965619E+002     0.187625392121E-003     0.106946473509E-003     0.544113637151E-006     0.266905766485E-004
     0.924761965619E+002     0.189311931812E-003     0.107907801133E-003     0.549004602256E-006     0.272395812508E-004
     0.934761965619E+002     0.190991568389E-003     0.108865193982E-003     0.553875548328E-006     0.277934567991E-004
     0.944761965619E+002     0.192664330106E-003     0.109818668160E-003     0.558726557307E-006     0.283521833564E-004
     0.954761965619E+002     0.194330245102E-003     0.110768239708E-003     0.563557710795E-006     0.289157410672E-004
     0.964761965619E+002     0.195989341401E-003     0.111713924599E-003     0.568369090064E-006     0.294841101573E-004
     0.974761965619E+002     0.197641646914E-003     0.112655738741E-003     0.573160776050E-006     0.300572709333E-004
     0.984761965619E+002     0.199287189434E-003     0.113593697977E-003     0.577932849358E-006     0.306352037827E-004
     0.994761965619E+002     0.200925996643E-003     0.114527818087E-003     0.582685390266E-006     0.312178891729E-004
     0.100476196562E+003     0.202558096110E-003     0.115458114783E-003     0.587418478720E-006     0.318053076516E-004
     0.101476196562E+003     0.204183515290E-003     0.116384603715E-003     0.592132194340E-006     0.323974398460E-004
     0.102476196562E+003     0.205802281524E-003     0.117307300469E-003     0.596826616421E-006     0.329942664624E-004
     0.103476196562E+003     0.207414422045E-003     0.118226220566E-003     0.601501823932E-006     0.335957682863E-004
     0.104476196562E+003     0.209019963972E-003     0.119141379464E-003     0.606157895520E-006     0.342019261819E-004
     0.105476196562E+003     0.210618934314E-003     0.120052792559E-003     0.610794909509E-006     0.348127210914E-004
     0.106476196562E+003     0.212211359967E-003     0.120960475181E-003     0.615412943904E-006     0.354281340353E-004
     0.107476196562E+003     0.213797267720E-003     0.121864442600E-003     0.620012076388E-006     0.360481461117E-004
     0.108476196562E+003     0.215376684252E-003     0.122764710023E-003     0.624592384330E-006     0.366727384960E-004
     0.109476196562E+003     0.216949636130E-003     0.123661292594E-003     0.629153944778E-006     0.373018924408E-004
     0.110476196562E+003     0.218516149816E-003     0.124554205395E-003     0.633696834468E-006     0.379355892752E-004
     0.111476196562E+003     0.220076251662E-003     0.125443463447E-003     0.638221129820E-006     0.385738104051E-004
     0.112476196562E+003     0.221629967911E-003     0.126329081709E-003     0.642726906941E-006     0.392165373120E-004
     0.113476196562E+003     0.223177324700E-003     0.127211075079E-003     0.647214241629E-006     0.398637515536E-004
     0.114476196562E+003     0.224718348058E-003     0.128089458393E-003     0.651683209369E-006     0.405154347630E-004
     0.115476196562E+003     0.226253063910E-003     0.128964246429E-003     0.656133885339E-006     0.411715686483E-004
     0.116476196562E+003     0.227781498071E-003     0.129835453901E-003     0.660566344407E-006     0.418321349927E-004
     0.117476196562E+003     0.229303676254E-003     0.130703095465E-003     0.664980661137E-006     0.424971156539E-004
     0.118476196562E+003     0.230819624064E-003     0.131567185717E-003     0.669376909786E-006     0.431664925637E-004
     0.119476196562E+003     0.232329367003E-003     0.132427739192E-003     0.673755164309E-006     0.438402477280E-004
     0.120476196562E+003     0.233832930468E-003     0.133284770367E-003     0.678115498356E-006     0.445183632263E-004
     0.121476196562E+003     0.235330339751E-003     0.134138293658E-003     0.682457985277E-006     0.452008212116E-004
     0.122476196562E+003     0.236821620042E-003     0.134988323424E-003     0.686782698121E-006     0.458876039097E-004
     0.123476196562E+003     0.238306796428E-003     0.135834873964E-003     0.691089709640E-006     0.465786936194E-004
     0.124476196562E+003     0.239785893891E-003     0.136677959518E-003     0.695379092285E-006     0.472740727117E-004
     0.125476196562E+003     0.241258937315E-003     0.137517594269E-003     0.699650918212E-006     0.479737236299E-004
     0.126476196562E+003     0.242725951477E-003     0.138353792342E-003     0.703905259283E-006     0.486776288891E-004
     0.127476196562E+003     0.244186961057E-003     0.139186567802E-003     0.708142187064E-006     0.493857710762E-004
     0.128476196562E+003     0.245641990631E-003     0.140015934659E-003     0.712361772829E-006     0.500981328490E-004
     0.129476196562E+003     0.247091064676E-003     0.140841906865E-003     0.716564087559E-006     0.508146969366E-004
     0.130476196562E+003     0.248534207568E-003     0.141664498314E-003     0.720749201947E-006     0.515354461385E-004
     0.131476196562E+003     0.249971443584E-003     0.142483722843E-003     0.724917186393E-006     0.522603633249E-004
     0.132476196562E+003     0.251402796901E-003     0.143299594234E-003     0.729068111013E-006     0.529894314360E-004
     0.133476196562E+003     0.252828291598E-003     0.144112126211E-003     0.733202045634E-006     0.537226334816E-004
     0.134476196562E+003     0.254247951654E-003     0.144921332443E-003     0.737319059795E-006     0.544599525414E-004
     0.135476196562E+003     0.255661800950E-003     0.145727226541E-003     0.741419222755E-006     0.552013717641E-004
     0.136476196562E+003     0.257069863271E-003     0.146529822064E-003     0.745502603485E-006     0.559468743676E-004
     0.137476196562E+003     0.258472162302E-003     0.147329132512E-003     0.749569270677E-006     0.566964436383E-004
     0.138476196562E+003     0.259868721635E-003     0.148125171332E-003     0.753619292740E-006     0.574500629310E-004
     0.139476196562E+003     0.261259564760E-003     0.148917951913E-003     0.757652737804E-006     0.582077156688E-004
     0.140476196562E+003     0.262644715076E-003     0.149707487593E-003     0.761669673720E-006     0.589693853426E-004
     0.141476196562E+003     0.264024195883E-003     0.150493791653E-003     0.765670168060E-006     0.597350555106E-004
     0.142476196562E+003     0.265398030386E-003     0.151276877320E-003     0.769654288121E-006     0.605047097987E-004
     0.143476196562E+003     0.266766241698E-003     0.152056757768E-003     0.773622100924E-006     0.612783318997E-004
     0.144476196562E+003     0.268128852833E-003     0.152833446115E-003     0.777573673215E-006     0.620559055729E-004
     0.145476196562E+003     0.269485886713E-003     0.153606955427E-003     0.781509071469E-006     0.628374146444E-004
     0.146476196562E+003     0.270837366167E-003     0.154377298715E-003     0.785428361885E-006     0.636228430062E-004
     0.147476196562E+003     0.272183313930E-003     0.155144488940E-003     0.789331610396E-006     0.644121746166E-004
     0.148476196562E+003     0.273523752642E-003     0.155908539006E-003     0.793218882661E-006     0.652053934993E-004
     0.149476196562E+003     0.274858704852E-003     0.156669461766E-003     0.797090244072E-006     0.660024837434E-004
     0.150476196562E+003     0.276188193018E-003     0.157427270020E-003     0.800945759753E-006     0.668034295031E-004
     0.151476196562E+003     0.277512239504E-003     0.158181976517E-003     0.804785494562E-006     0.676082149977E-004
     0.152476196562E+003     0.278830866583E-003     0.158933593952E-003     0.808609513092E-006     0.684168245108E-004
     0.153476196562E+003     0.280144096437E-003     0.159682134969E-003     0.812417879668E-006     0.692292423904E-004
     0.154476196562E+003     0.281451951158E-003     0.160427612160E-003     0.816210658357E-006     0.700454530488E-004
     0.155476196562E+003     0.282754452745E-003     0.161170038065E-003     0.819987912961E-006     0.708654409618E-004
     0.156476196562E+003     0.284051623110E-003     0.161909425173E-003     0.823749707020E-006     0.716891906688E-004
     0.157476196562E+003     0.285343484074E-003     0.162645785922E-003     0.827496103815E-006     0.725166867726E-004
     0.158476196562E+003     0.286630057368E-003     0.163379132700E-003     0.831227166369E-006     0.733479139390E-004
     0.159476196562E+003     0.287911364636E-003     0.164109477843E-003     0.834942957445E-006     0.741828568964E-004
     0.160476196562E+003     0.289187427431E-003     0.164836833636E-003     0.838643539551E-006     0.750215004360E-004
     0.161476196562E+003     0.290458267220E-003     0.165561212315E-003     0.842328974937E-006     0.758638294109E-004
     0.162476196562E+003     0.291723905380E-003     0.166282626066E-003     0.845999325601E-006     0.767098287365E-004
     0.163476196562E+003     0.292984363202E-003     0.167001087025E-003     0.849654653285E-006     0.775594833898E-004
     0.164476196562E+003     0.294239661889E-003     0.167716607277E-003     0.853295019479E-006     0.784127784093E-004
     0.165476196562E+003     0.295489822559E-003     0.168429198859E-003     0.856920485422E-006     0.792696988947E-004
     0.166476196562E+003     0.296734866242E-003     0.169138873758E-003     0.860531112101E-006     0.801302300068E-004
     0.167476196562E+003     0.297974813881E-003     0.169845643912E-003     0.864126960254E-006     0.809943569670E-004
     0.168476196562E+003     0.299209686335E-003     0.170549521211E-003     0.867708090371E-006     0.818620650574E-004
     0.169476196562E+003     0.300439504377E-003     0.171250517495E-003     0.871274562693E-006     0.827333396201E-004
     0.170476196562E+003     0.301664288695E-003     0.171948644556E-003     0.874826437216E-006     0.836081660573E-004
     0.171476196562E+003     0.302884059893E-003     0.172643914139E-003     0.878363773689E-006     0.844865298310E-004
     0.172476196562E+003     0.304098838489E-003     0.173336337939E-003     0.881886631618E-006     0.853684164626E-004
     0.173476196562E+003     0.305308644919E-003     0.174025927604E-003     0.885395070265E-006     0.862538115329E-004
     0.174476196562E+003     0.306513499534E-003     0.174712694734E-003     0.888889148648E-006     0.871427006815E-004
     0.175476196562E+003     0.307713422602E-003     0.175396650883E-003     0.892368925544E-006     0.880350696071E-004
     0.176476196562E+003     0.308908434307E-003     0.176077807555E-003     0.895834459492E-006     0.889309040666E-004
     0.177476196562E+003     0.310098554754E-003     0.176756176210E-003     0.899285808787E-006     0.898301898754E-004
     0.178476196562E+003     0.311283803962E-003     0.177431768258E-003     0.902723031489E-006     0.907329129068E-004
     0.179476196562E+003     0.312464201869E-003     0.178104595065E-003     0.906146185419E-006     0.916390590923E-004
     0.180476196562E+003     0.313639768331E-003     0.178774667949E-003     0.909555328161E-006     0.925486144204E-004
     0.181476196562E+003     0.314810523125E-003     0.179441998182E-003     0.912950517064E-006     0.934615649375E-004
     0.182476196562E+003     0.315976485945E-003     0.180106596989E-003     0.916331809241E-006     0.943778967467E-004
     0.183476196562E+003     0.317137676405E-003     0.180768475551E-003     0.919699261574E-006     0.952975960083E-004
     0.184476196562E+003     0.318294114038E-003     0.181427645001E-003     0.923052930709E-006     0.962206489390E-004
     0.185476196562E+003     0.319445818297E-003     0.182084116429E-003     0.926392873062E-006     0.971470418121E-004
     0.186476196562E+003     0.320592808557E-003     0.182737900878E-003     0.929719144817E-006     0.980767609569E-004
     0.187476196562E+003     0.321735104113E-003     0.183389009345E-003     0.933031801929E-006     0.990097927588E-004
     0.188476196562E+003     0.322872724181E-003     0.184037452783E-003     0.936330900124E-006     0.999461236589E-004
     0.189476196562E+003     0.324005687896E-003     0.184683242101E-003     0.939616494899E-006     0.100885740154E-003
     0.190476196562E+003     0.325134014319E-003     0.185326388162E-003     0.942888641525E-006     0.101828628795E-003
     0.191476196562E+003     0.326257722429E-003     0.185966901785E-003     0.946147395045E-006     0.102774776190E-003
     0.192476196562E+003     0.327376831131E-003     0.186604793744E-003     0.949392810279E-006     0.103724169001E-003
     0.193476196562E+003     0.328491359249E-003     0.187240074772E-003     0.952624941821E-006     0.104676793943E-003
     0.194476196562E+003     0.329601325532E-003     0.187872755553E-003     0.955843844042E-006     0.105632637787E-003
     0.195476196562E+003     0.330706748652E-003     0.188502846731E-003     0.959049571090E-006     0.106591687358E-003
     0.196476196562E+003     0.331807647204E-003     0.189130358906E-003     0.962242176893E-006     0.107553929535E-003
     0.197476196562E+003     0.332904039709E-003     0.189755302634E-003     0.965421715156E-006     0.108519351250E-003
     0.198476196562E+003     0.333995944609E-003     0.190377688427E-003     0.968588239365E-006     0.109487939489E-003
     0.199476196562E+003     0.335083380272E-003     0.190997526755E-003     0.971741802789E-006     0.110459681292E-003
     0.200476196562E+003     0.336166364992E-003     0.191614828045E-003     0.974882458476E-006     0.111434563750E-003
     0.201476196562E+003     0.337244916985E-003     0.192229602682E-003     0.978010259258E-006     0.112412574010E-003
     0.202476196562E+003     0.338319054397E-003     0.192841861006E-003     0.981125257752E-006     0.113393699267E-003
     0.203476196562E+003     0.339388795296E-003     0.193451613319E-003     0.984227506358E-006     0.114377926774E-003
     0.204476196562E+003     0.340454157676E-003     0.194058869876E-003     0.987317057262E-006     0.115365243831E-003
     0.205476196562E+003     0.341515159461E-003     0.194663640893E-003     0.990393962436E-006     0.116355637793E-003
     0.206476196562E+003     0.342571818497E-003     0.195265936543E-003     0.993458273641E-006     0.117349096067E-003
     0.207476196562E+003     0.343624152560E-003     0.195865766959E-003     0.996510042425E-006     0.118345606109E-003
     0.208476196562E+003     0.344672179353E-003     0.196463142231E-003     0.999549320124E-006     0.119345155430E-003
     0.209476196562E+003     0.345715916505E-003     0.197058072408E-003     0.100257615786E-005     0.120347731587E-003
     0.210476196562E+003     0.346755381574E-003     0.197650567497E-003     0.100559060656E-005     0.121353322194E-003
     0.211476196562E+003     0.347790592046E-003     0.198240637466E-003     0.100859271693E-005     0.122361914911E-003
     0.212476196562E+003     0.348821565336E-003     0.198828292241E-003     0.101158253947E-005     0.123373497450E-003
     0.213476196562E+003     0.349848318786E-003     0.199413541708E-003     0.101456012448E-005     0.124388057575E-003
     0.214476196562E+003     0.350870869668E-003     0.199996395711E-003     0.101752552204E-005     0.125405583097E-003
     0.215476196562E+003     0.351889235184E-003     0.200576864055E-003     0.102047878203E-005     0.126426061879E-003
     0.216476196562E+003     0.352903432466E-003     0.201154956505E-003     0.102341995415E-005     0.127449481833E-003
     0.217476196562E+003     0.353913478572E-003     0.201730682786E-003     0.102634908786E-005     0.128475830921E-003
     0.218476196562E+003     0.354919390496E-003     0.202304052583E-003     0.102926623244E-005     0.129505097153E-003
     0.219476196562E+003     0.355921185158E-003     0.202875075540E-003     0.103217143696E-005     0.130537268590E-003
     0.220476196562E+003     0.356918879410E-003     0.203443761264E-003     0.103506475029E-005     0.131572333341E-003
     0.221476196562E+003     0.357912490036E-003     0.204010119320E-003     0.103794622110E-005     0.132610279562E-003
     0.222476196562E+003     0.358902033750E-003     0.204574159237E-003     0.104081589787E-005     0.133651095460E-003
     0.223476196562E+003     0.359887527198E-003     0.205135890503E-003     0.104367382887E-005     0.134694769289E-003
     0.224476196562E+003     0.360868986959E-003     0.205695322566E-003     0.104652006218E-005     0.135741289351E-003
     0.225476196562E+003     0.361846429542E-003     0.206252464839E-003     0.104935464567E-005     0.136790643996E-003
     0.226476196562E+003     0.362819871390E-003     0.206807326692E-003     0.105217762703E-005     0.137842821623E-003
     0.227476196562E+003     0.363789328878E-003     0.207359917461E-003     0.105498905375E-005     0.138897810677E-003
     0.228476196562E+003     0.364754818315E-003     0.207910246440E-003     0.105778897311E-005     0.139955599650E-003
     0.229476196562E+003     0.365716355942E-003     0.208458322887E-003     0.106057743223E-005     0.141016177082E-003
     0.230476196562E+003     0.366673957934E-003     0.209004156022E-003     0.106335447801E-005     0.142079531560E-003
     0.231476196562E+003     0.367627640400E-003     0.209547755028E-003     0.106612015716E-005     0.143145651718E-003
     0.232476196562E+003     0.368577419382E-003     0.210089129048E-003     0.106887451621E-005     0.144214526234E-003
     0.233476196562E+003     0.369523310859E-003     0.210628287190E-003     0.107161760149E-005     0.145286143835E-003
     0.234476196562E+003     0.370465330741E-003     0.211165238522E-003     0.107434945915E-005     0.146360493295E-003
     0.235476196562E+003     0.371403494875E-003     0.211699992079E-003     0.107707013514E-005     0.147437563430E-003
     0.236476196562E+003     0.372337819044E-003     0.212232556855E-003     0.107977967523E-005     0.148517343105E-003
     0.237476196562E+003     0.373268318964E-003     0.212762941810E-003     0.108247812500E-005     0.149599821230E-003
     0.238476196562E+003     0.374195010289E-003     0.213291155865E-003     0.108516552984E-005     0.150684986760E-003
     0.239476196562E+003     0.375117908607E-003     0.213817207906E-003     0.108784193496E-005     0.151772828695E-003
     0.240476196562E+003     0.376037029443E-003     0.214341106782E-003     0.109050738538E-005     0.152863336080E-003
     0.241476196562E+003     0.376952388258E-003     0.214862861307E-003     0.109316192595E-005     0.153956498006E-003
     0.242476196562E+003     0.377864000452E-003     0.215382480257E-003     0.109580560131E-005     0.155052303607E-003
     0.243476196562E+003     0.378771881358E-003     0.215899972374E-003     0.109843845594E-005     0.156150742063E-003
     0.244476196562E+003     0.379676046250E-003     0.216415346363E-003     0.110106053413E-005     0.157251802597E-003
     0.245476196562E+003     0.380576510337E-003     0.216928610892E-003     0.110367187998E-005     0.158355474477E-003
     0.246476196562E+003     0.381473288767E-003     0.217439774597E-003     0.110627253743E-005     0.159461747015E-003
     0.247476196562E+003     0.382366396626E-003     0.217948846077E-003     0.110886255022E-005     0.160570609565E-003
     0.248476196562E+003     0.383255848937E-003     0.218455833894E-003     0.111144196192E-005     0.161682051527E-003
     0.249476196562E+003     0.384141660663E-003     0.218960746578E-003     0.111401081592E-005     0.162796062343E-003
     0.250476196562E+003     0.385023846705E-003     0.219463592622E-003     0.111656915544E-005     0.163912631498E-003
     0.251476196562E+003     0.385902421903E-003     0.219964380485E-003     0.111911702352E-005     0.165031748522E-003
     0.252476196562E+003     0.386777401037E-003     0.220463118591E-003     0.112165446301E-005     0.166153402985E-003
     0.253476196562E+003     0.387648798825E-003     0.220959815330E-003     0.112418151659E-005     0.167277584501E-003
     0.254476196562E+003     0.388516629926E-003     0.221454479058E-003     0.112669822679E-005     0.168404282728E-003
     0.255476196562E+003     0.389380908939E-003     0.221947118095E-003     0.112920463592E-005     0.169533487364E-003
     0.256476196562E+003     0.390241650403E-003     0.222437740730E-003     0.113170078617E-005     0.170665188150E-003
     0.257476196562E+003     0.391098868797E-003     0.222926355214E-003     0.113418671951E-005     0.171799374870E-003
     0.258476196562E+003     0.391952578541E-003     0.223412969768E-003     0.113666247777E-005     0.172936037348E-003
     0.259476196562E+003     0.392802793997E-003     0.223897592578E-003     0.113912810259E-005     0.174075165450E-003
     0.260476196562E+003     0.393649529466E-003     0.224380231796E-003     0.114158363545E-005     0.175216749086E-003
     0.261476196562E+003     0.394492799193E-003     0.224860895540E-003     0.114402911766E-005     0.176360778203E-003
     0.262476196562E+003     0.395332617364E-003     0.225339591897E-003     0.114646459035E-005     0.177507242794E-003
     0.263476196562E+003     0.396168998104E-003     0.225816328919E-003     0.114889009450E-005     0.178656132888E-003
     0.264476196562E+003     0.397001955485E-003     0.226291114627E-003     0.115130567091E-005     0.179807438559E-003
     0.265476196562E+003     0.397831503518E-003     0.226763957005E-003     0.115371136020E-005     0.180961149919E-003
     0.266476196562E+003     0.398657656158E-003     0.227234864010E-003     0.115610720286E-005     0.182117257122E-003
     0.267476196562E+003     0.399480427303E-003     0.227703843563E-003     0.115849323918E-005     0.183275750361E-003
     0.268476196562E+003     0.400299830792E-003     0.228170903552E-003     0.116086950930E-005     0.184436619871E-003
     0.269476196562E+003     0.401115880411E-003     0.228636051834E-003     0.116323605319E-005     0.185599855924E-003
     0.270476196562E+003     0.401928589886E-003     0.229099296235E-003     0.116559291067E-005     0.186765448834E-003
     0.271476196562E+003     0.402737972890E-003     0.229560644547E-003     0.116794012138E-005     0.187933388956E-003
     0.272476196562E+003     0.403544043037E-003     0.230020104531E-003     0.117027772481E-005     0.189103666681E-003
     0.273476196562E+003     0.404346813888E-003     0.230477683916E-003     0.117260576027E-005     0.190276272441E-003
     0.274476196562E+003     0.405146298946E-003     0.230933390399E-003     0.117492426694E-005     0.191451196708E-003
     0.275476196562E+003     0.405942511661E-003     0.231387231647E-003     0.117723328382E-005     0.192628429992E-003
     0.276476196562E+003     0.406735465426E-003     0.231839215293E-003     0.117953284973E-005     0.193807962841E-003
     0.277476196562E+003     0.407525173580E-003     0.232289348941E-003     0.118182300338E-005     0.194989785845E-003
     0.278476196562E+003     0.408311649409E-003     0.232737640163E-003     0.118410378329E-005     0.196173889628E-003
     0.279476196562E+003     0.409094906142E-003     0.233184096501E-003     0.118637522781E-005     0.197360264856E-003
     0.280476196562E+003     0.409874956955E-003     0.233628725464E-003     0.118863737517E-005     0.198548902231E-003
     0.281476196562E+003     0.410651814970E-003     0.234071534533E-003     0.119089026341E-005     0.199739792494E-003
     0.282476196562E+003     0.411425493256E-003     0.234512531156E-003     0.119313393044E-005     0.200932926425E-003
     0.283476196562E+003     0.412196004827E-003     0.234951722751E-003     0.119536841400E-005     0.202128294839E-003
     0.284476196562E+003     0.412963362645E-003     0.235389116708E-003     0.119759375167E-005     0.203325888591E-003
     0.285476196562E+003     0.413727579618E-003     0.235824720382E-003     0.119980998089E-005     0.204525698571E-003
     0.286476196562E+003     0.414488668602E-003     0.236258541103E-003     0.120201713895E-005     0.205727715710E-003
     0.287476196562E+003     0.415246642401E-003     0.236690586169E-003     0.120421526296E-005     0.206931930973E-003
     0.288476196562E+003     0.416001513764E-003     0.237120862846E-003     0.120640438992E-005     0.208138335363E-003
     0.289476196562E+003     0.416753295391E-003     0.237549378373E-003     0.120858455663E-005     0.209346919920E-003
     0.290476196562E+003     0.417501999927E-003     0.237976139958E-003     0.121075579979E-005     0.210557675720E-003
     0.291476196562E+003     0.418247639968E-003     0.238401154782E-003     0.121291815591E-005     0.211770593876E-003
     0.292476196562E+003     0.418990228056E-003     0.238824429992E-003     0.121507166136E-005     0.212985665537E-003
     0.293476196562E+003     0.419729776684E-003     0.239245972710E-003     0.121721635238E-005     0.214202881889E-003
     0.294476196562E+003     0.420466298292E-003     0.239665790026E-003     0.121935226505E-005     0.215422234154E-003
     0.295476196562E+003     0.421199805270E-003     0.240083889004E-003     0.122147943528E-005     0.216643713590E-003
     0.296476196562E+003     0.421930309957E-003     0.240500276676E-003     0.122359789888E-005     0.217867311489E-003
     0.297476196562E+003     0.422657824642E-003     0.240914960046E-003     0.122570769146E-005     0.219093019180E-003
     0.298476196562E+003     0.423382361563E-003     0.241327946091E-003     0.122780884853E-005     0.220320828029E-003
     0.299476196562E+003     0.424103932907E-003     0.241739241757E-003     0.122990140543E-005     0.221550729434E-003
     0.300476196562E+003     0.424822550814E-003     0.242148853964E-003     0.123198539736E-005     0.222782714831E-003
     0.301476196562E+003     0.425538227372E-003     0.242556789602E-003     0.123406085938E-005     0.224016775691E-003
     0.302476196562E+003     0.426250974620E-003     0.242963055534E-003     0.123612782640E-005     0.225252903517E-003
     0.303476196562E+003     0.426960804548E-003     0.243367658593E-003     0.123818633319E-005     0.226491089850E-003
     0.304476196562E+003     0.427667729097E-003     0.243770605585E-003     0.124023641438E-005     0.227731326265E-003
     0.305476196562E+003     0.428371760159E-003     0.244171903290E-003     0.124227810446E-005     0.228973604369E-003
     0.306476196562E+003     0.429072909576E-003     0.244571558458E-003     0.124431143777E-005     0.230217915807E-003
     0.307476196562E+003     0.429771189144E-003     0.244969577812E-003     0.124633644852E-005     0.231464252255E-003
     0.308476196562E+003     0.430466610609E-003     0.245365968047E-003     0.124835317077E-005     0.232712605426E-003
     0.309476196562E+003     0.431159185669E-003     0.245760735831E-003     0.125036163844E-005     0.233962967065E-003
     0.310476196562E+003     0.431848925976E-003     0.246153887806E-003     0.125236188533E-005     0.235215328950E-003
     0.311476196562E+003     0.432535843131E-003     0.246545430585E-003     0.125435394508E-005     0.236469682895E-003
     0.312476196562E+003     0.433219948690E-003     0.246935370753E-003     0.125633785120E-005     0.237726020746E-003
     0.313476196562E+003     0.433901254162E-003     0.247323714872E-003     0.125831363707E-005     0.238984334383E-003
     0.314476196562E+003     0.434579771007E-003     0.247710469474E-003     0.126028133592E-005     0.240244615719E-003
     0.315476196562E+003     0.435255510639E-003     0.248095641064E-003     0.126224098085E-005     0.241506856700E-003
     0.316476196562E+003     0.435928484425E-003     0.248479236122E-003     0.126419260483E-005     0.242771049305E-003
     0.317476196562E+003     0.436598703687E-003     0.248861261102E-003     0.126613624069E-005     0.244037185546E-003
     0.318476196562E+003     0.437266179699E-003     0.249241722428E-003     0.126807192113E-005     0.245305257467E-003
     0.319476196562E+003     0.437930923688E-003     0.249620626502E-003     0.126999967870E-005     0.246575257145E-003
     0.320476196562E+003     0.438592946838E-003     0.249997979698E-003     0.127191954583E-005     0.247847176691E-003
     0.321476196562E+003     0.439252260285E-003     0.250373788362E-003     0.127383155483E-005     0.249121008246E-003
     0.322476196562E+003     0.439908875120E-003     0.250748058818E-003     0.127573573785E-005     0.250396743984E-003
     0.323476196562E+003     0.440562802388E-003     0.251120797361E-003     0.127763212692E-005     0.251674376111E-003
     0.324476196562E+003     0.441214053090E-003     0.251492010261E-003     0.127952075396E-005     0.252953896865E-003
     0.325476196562E+003     0.441862638181E-003     0.251861703763E-003     0.128140165073E-005     0.254235298516E-003
     0.326476196562E+003     0.442508568572E-003     0.252229884086E-003     0.128327484886E-005     0.255518573364E-003
     0.327476196562E+003     0.443151855129E-003     0.252596557424E-003     0.128514037987E-005     0.256803713744E-003
     0.328476196562E+003     0.443792508673E-003     0.252961729943E-003     0.128699827515E-005     0.258090712019E-003
     0.329476196562E+003     0.444430539981E-003     0.253325407789E-003     0.128884856594E-005     0.259379560585E-003
     0.330476196562E+003     0.445065959786E-003     0.253687597078E-003     0.129069128338E-005     0.260670251869E-003
     0.331476196562E+003     0.445698778777E-003     0.254048303903E-003     0.129252645845E-005     0.261962778327E-003
     0.332476196562E+003     0.446329007599E-003     0.254407534331E-003     0.129435412204E-005     0.263257132449E-003
     0.333476196562E+003     0.446956656855E-003     0.254765294407E-003     0.129617430488E-005     0.264553306754E-003
     0.334476196562E+003     0.447581737102E-003     0.255121590148E-003     0.129798703759E-005     0.265851293792E-003
     0.335476196562E+003     0.448204258855E-003     0.255476427547E-003     0.129979235068E-005     0.267151086142E-003
     0.336476196562E+003     0.448824232588E-003     0.255829812575E-003     0.130159027450E-005     0.268452676417E-003
     0.337476196562E+003     0.449441668728E-003     0.256181751175E-003     0.130338083931E-005     0.269756057256E-003
     0.338476196562E+003     0.450056577662E-003     0.256532249268E-003     0.130516407522E-005     0.271061221331E-003
     0.339476196562E+003     0.450668969735E-003     0.256881312749E-003     0.130694001223E-005     0.272368161344E-003
     0.340476196562E+003     0.451278855248E-003     0.257228947492E-003     0.130870868022E-005     0.273676870024E-003
     0.341476196562E+003     0.451886244461E-003     0.257575159343E-003     0.131047010894E-005     0.274987340133E-003
     0.342476196562E+003     0.452491147591E-003     0.257919954127E-003     0.131222432801E-005     0.276299564461E-003
     0.343476196562E+003     0.453093574814E-003     0.258263337644E-003     0.131397136696E-005     0.277613535828E-003
     0.344476196562E+003     0.453693536263E-003     0.258605315670E-003     0.131571125516E-005     0.278929247083E-003
     0.345476196562E+003     0.454291042032E-003     0.258945893958E-003     0.131744402189E-005     0.280246691105E-003
     0.346476196562E+003     0.454886102172E-003     0.259285078238E-003     0.131916969630E-005     0.281565860801E-003
     0.347476196562E+003     0.455478726692E-003     0.259622874215E-003     0.132088830741E-005     0.282886749109E-003
     0.348476196562E+003     0.456068925563E-003     0.259959287571E-003     0.132259988413E-005     0.284209348993E-003
     0.349476196562E+003     0.456656708711E-003     0.260294323966E-003     0.132430445526E-005     0.285533653448E-003
     0.350476196562E+003     0.457242086026E-003     0.260627989035E-003     0.132600204948E-005     0.286859655497E-003
     0.351476196562E+003     0.457825067354E-003     0.260960288392E-003     0.132769269533E-005     0.288187348193E-003
     0.352476196562E+003     0.458405662502E-003     0.261291227626E-003     0.132937642126E-005     0.289516724614E-003
     0.353476196562E+003     0.458983881237E-003     0.261620812305E-003     0.133105325559E-005     0.290847777870E-003
     0.354476196562E+003     0.459559733286E-003     0.261949047973E-003     0.133272322653E-005     0.292180501096E-003
     0.355476196562E+003     0.460133228336E-003     0.262275940151E-003     0.133438636217E-005     0.293514887458E-003
     0.356476196562E+003     0.460704376033E-003     0.262601494339E-003     0.133604269050E-005     0.294850930149E-003
     0.357476196562E+003     0.461273185987E-003     0.262925716013E-003     0.133769223936E-005     0.296188622388E-003
     0.358476196562E+003     0.461839667765E-003     0.263248610626E-003     0.133933503652E-005     0.297527957425E-003
     0.359476196562E+003     0.462403830897E-003     0.263570183611E-003     0.134097110960E-005     0.298868928534E-003
     0.360476196562E+003     0.462965684873E-003     0.263890440378E-003     0.134260048613E-005     0.300211529020E-003
     0.361476196562E+003     0.463525239145E-003     0.264209386313E-003     0.134422319352E-005     0.301555752214E-003
     0.362476196562E+003     0.464082503126E-003     0.264527026782E-003     0.134583925907E-005     0.302901591473E-003
     0.363476196562E+003     0.464637486189E-003     0.264843367128E-003     0.134744870995E-005     0.304249040183E-003
     0.364476196562E+003     0.465190197672E-003     0.265158412673E-003     0.134905157325E-005     0.305598091756E-003
     0.365476196562E+003     0.465740646871E-003     0.265472168716E-003     0.135064787592E-005     0.306948739632E-003
     0.366476196562E+003     0.466288843046E-003     0.265784640536E-003     0.135223764483E-005     0.308300977277E-003
     0.367476196562E+003     0.466834795419E-003     0.266095833389E-003     0.135382090671E-005     0.309654798184E-003
     0.368476196562E+003     0.467378513174E-003     0.266405752509E-003     0.135539768820E-005     0.311010195872E-003
     0.369476196562E+003     0.467920005458E-003     0.266714403111E-003     0.135696801583E-005     0.312367163888E-003
     0.370476196562E+003     0.468459281379E-003     0.267021790386E-003     0.135853191600E-005     0.313725695804E-003
     0.371476196562E+003     0.468996350009E-003     0.267327919505E-003     0.136008941503E-005     0.315085785219E-003
     0.372476196562E+003     0.469531220383E-003     0.267632795618E-003     0.136164053911E-005     0.316447425758E-003
     0.373476196562E+003     0.470063901499E-003     0.267936423854E-003     0.136318531435E-005     0.317810611072E-003
     0.374476196562E+003     0.470594402316E-003     0.268238809320E-003     0.136472376672E-005     0.319175334839E-003
     0.375476196562E+003     0.471122731760E-003     0.268539957103E-003     0.136625592210E-005     0.320541590761E-003
     0.376476196562E+003     0.471648898718E-003     0.268839872269E-003     0.136778180628E-005     0.321909372567E-003
     0.377476196562E+003     0.472172912040E-003     0.269138559863E-003     0.136930144492E-005     0.323278674012E-003
     0.378476196562E+003     0.472694780543E-003     0.269436024910E-003     0.137081486357E-005     0.324649488876E-003
     0.379476196562E+003     0.473214513005E-003     0.269732272413E-003     0.137232208771E-005     0.326021810963E-003
     0.380476196562E+003     0.473732118168E-003     0.270027307356E-003     0.137382314269E-005     0.327395634106E-003
     0.381476196562E+003     0.474247604740E-003     0.270321134702E-003     0.137531805375E-005     0.328770952160E-003
     0.382476196562E+003     0.474760981393E-003     0.270613759394E-003     0.137680684604E-005     0.330147759006E-003
     0.383476196562E+003     0.475272256762E-003     0.270905186354E-003     0.137828954461E-005     0.331526048551E-003
     0.384476196562E+003     0.475781439449E-003     0.271195420486E-003     0.137976617440E-005     0.332905814725E-003
     0.385476196562E+003     0.476288538018E-003     0.271484466670E-003     0.138123676025E-005     0.334287051485E-003
     0.386476196562E+003     0.476793561000E-003     0.271772329770E-003     0.138270132690E-005     0.335669752812E-003
     0.387476196562E+003     0.477296516891E-003     0.272059014628E-003     0.138415989899E-005     0.337053912711E-003
     0.388476196562E+003     0.477797414152E-003     0.272344526067E-003     0.138561250104E-005     0.338439525212E-003
     0.389476196562E+003     0.478296261208E-003     0.272628868888E-003     0.138705915750E-005     0.339826584370E-003
     0.390476196562E+003     0.478793066451E-003     0.272912047877E-003     0.138849989271E-005     0.341215084262E-003
     0.391476196562E+003     0.479287838238E-003     0.273194067796E-003     0.138993473089E-005     0.342605018993E-003
     0.392476196562E+003     0.479780584893E-003     0.273474933389E-003     0.139136369619E-005     0.343996382689E-003
     0.393476196562E+003     0.480271314704E-003     0.273754649382E-003     0.139278681264E-005     0.345389169502E-003
     0.394476196562E+003     0.480760035927E-003     0.274033220479E-003     0.139420410419E-005     0.346783373606E-003
     0.395476196562E+003     0.481246756783E-003     0.274310651366E-003     0.139561559467E-005     0.348178989201E-003
     0.396476196562E+003     0.481731485459E-003     0.274586946712E-003     0.139702130783E-005     0.349576010509E-003
     0.397476196562E+003     0.482214230110E-003     0.274862111162E-003     0.139842126732E-005     0.350974431776E-003
     0.398476196562E+003     0.482694998855E-003     0.275136149348E-003     0.139981549668E-005     0.352374247273E-003
     0.399476196562E+003     0.483173799784E-003     0.275409065877E-003     0.140120401937E-005     0.353775451292E-003
     0.400476196562E+003     0.483650640950E-003     0.275680865341E-003     0.140258685875E-005     0.355178038151E-003
     0.401476196562E+003     0.484125530374E-003     0.275951552313E-003     0.140396403809E-005     0.356582002189E-003
     0.402476196562E+003     0.484598476046E-003     0.276221131346E-003     0.140533558053E-005     0.357987337770E-003
     0.403476196562E+003     0.485069485921E-003     0.276489606975E-003     0.140670150917E-005     0.359394039279E-003
     0.404476196562E+003     0.485538567922E-003     0.276756983716E-003     0.140806184697E-005     0.360802101126E-003
     0.405476196562E+003     0.486005729941E-003     0.277023266066E-003     0.140941661683E-005     0.362211517743E-003
     0.406476196562E+003     0.486470979836E-003     0.277288458506E-003     0.141076584152E-005     0.363622283584E-003
     0.407476196562E+003     0.486934325433E-003     0.277552565497E-003     0.141210954375E-005     0.365034393128E-003
     0.408476196562E+003     0.487395774527E-003     0.277815591480E-003     0.141344774613E-005     0.366447840874E-003
     0.409476196562E+003     0.487855334880E-003     0.278077540882E-003     0.141478047115E-005     0.367862621345E-003
     0.410476196562E+003     0.488313014224E-003     0.278338418107E-003     0.141610774125E-005     0.369278729086E-003
     0.411476196562E+003     0.488768820256E-003     0.278598227546E-003     0.141742957874E-005     0.370696158665E-003
     0.412476196562E+003     0.489222760646E-003     0.278856973568E-003     0.141874600587E-005     0.372114904671E-003
     0.413476196562E+003     0.489674843028E-003     0.279114660526E-003     0.142005704478E-005     0.373534961716E-003
     0.414476196562E+003     0.490125075008E-003     0.279371292755E-003     0.142136271752E-005     0.374956324433E-003
     0.415476196562E+003     0.490573464160E-003     0.279626874571E-003     0.142266304606E-005     0.376378987479E-003
     0.416476196562E+003     0.491020018027E-003     0.279881410275E-003     0.142395805228E-005     0.377802945532E-003
     0.417476196562E+003     0.491464744120E-003     0.280134904148E-003     0.142524775795E-005     0.379228193290E-003
     0.418476196562E+003     0.491907649920E-003     0.280387360455E-003     0.142653218477E-005     0.380654725474E-003
     0.419476196562E+003     0.492348742879E-003     0.280638783441E-003     0.142781135435E-005     0.382082536829E-003
     0.420476196562E+003     0.492788030417E-003     0.280889177337E-003     0.142908528821E-005     0.383511622117E-003
     0.421476196562E+003     0.493225519922E-003     0.281138546355E-003     0.143035400777E-005     0.384941976125E-003
     0.422476196562E+003     0.493661218755E-003     0.281386894690E-003     0.143161753439E-005     0.386373593659E-003
     0.423476196562E+003     0.494095134244E-003     0.281634226519E-003     0.143287588931E-005     0.387806469548E-003
     0.424476196562E+003     0.494527273690E-003     0.281880546003E-003     0.143412909370E-005     0.389240598642E-003
     0.425476196562E+003     0.494957644361E-003     0.282125857286E-003     0.143537716865E-005     0.390675975811E-003
     0.426476196562E+003     0.495386253498E-003     0.282370164494E-003     0.143662013514E-005     0.392112595946E-003
     0.427476196562E+003     0.495813108310E-003     0.282613471737E-003     0.143785801410E-005     0.393550453960E-003
     0.428476196562E+003     0.496238215978E-003     0.282855783108E-003     0.143909082634E-005     0.394989544786E-003
     0.429476196562E+003     0.496661583654E-003     0.283097102683E-003     0.144031859260E-005     0.396429863379E-003
     0.430476196562E+003     0.497083218458E-003     0.283337434521E-003     0.144154133353E-005     0.397871404712E-003
     0.431476196562E+003     0.497503127484E-003     0.283576782666E-003     0.144275906970E-005     0.399314163782E-003
     0.432476196562E+003     0.497921317795E-003     0.283815151143E-003     0.144397182161E-005     0.400758135604E-003
     0.433476196562E+003     0.498337796427E-003     0.284052543964E-003     0.144517960964E-005     0.402203315213E-003
     0.434476196562E+003     0.498752570386E-003     0.284288965120E-003     0.144638245412E-005     0.403649697667E-003
     0.435476196562E+003     0.499165646647E-003     0.284524418589E-003     0.144758037528E-005     0.405097278043E-003
     0.436476196562E+003     0.499577032162E-003     0.284758908332E-003     0.144877339327E-005     0.406546051436E-003
     0.437476196562E+003     0.499986733849E-003     0.284992438294E-003     0.144996152816E-005     0.407996012964E-003
     0.438476196562E+003     0.500394758601E-003     0.285225012403E-003     0.145114479994E-005     0.409447157764E-003
     0.439476196562E+003     0.500801113281E-003     0.285456634570E-003     0.145232322852E-005     0.410899480993E-003
     0.440476196562E+003     0.501205804726E-003     0.285687308694E-003     0.145349683371E-005     0.412352977826E-003
     0.441476196562E+003     0.501608839743E-003     0.285917038654E-003     0.145466563526E-005     0.413807643462E-003
     0.442476196562E+003     0.502010225112E-003     0.286145828314E-003     0.145582965283E-005     0.415263473114E-003
     0.443476196562E+003     0.502409967585E-003     0.286373681523E-003     0.145698890600E-005     0.416720462020E-003
     0.444476196562E+003     0.502808073886E-003     0.286600602115E-003     0.145814341427E-005     0.418178605435E-003
     0.445476196562E+003     0.503204550713E-003     0.286826593907E-003     0.145929319707E-005     0.419637898632E-003
     0.446476196562E+003     0.503599404735E-003     0.287051660699E-003     0.146043827373E-005     0.421098336905E-003
     0.447476196562E+003     0.503992642594E-003     0.287275806279E-003     0.146157866352E-005     0.422559915569E-003
     0.448476196562E+003     0.504384270905E-003     0.287499034416E-003     0.146271438563E-005     0.424022629955E-003
     0.449476196562E+003     0.504774296257E-003     0.287721348867E-003     0.146384545915E-005     0.425486475414E-003
     0.450476196562E+003     0.505162725210E-003     0.287942753370E-003     0.146497190311E-005     0.426951447317E-003
     0.451476196562E+003     0.505549564299E-003     0.288163251650E-003     0.146609373647E-005     0.428417541053E-003
     0.452476196562E+003     0.505934820030E-003     0.288382847417E-003     0.146721097809E-005     0.429884752031E-003
     0.453476196562E+003     0.506318498885E-003     0.288601544364E-003     0.146832364677E-005     0.431353075678E-003
     0.454476196562E+003     0.506700607318E-003     0.288819346171E-003     0.146943176122E-005     0.432822507439E-003
     0.455476196562E+003     0.507081151756E-003     0.289036256501E-003     0.147053534009E-005     0.434293042780E-003
     0.456476196562E+003     0.507460138602E-003     0.289252279003E-003     0.147163440195E-005     0.435764677181E-003
     0.457476196562E+003     0.507837574231E-003     0.289467417312E-003     0.147272896527E-005     0.437237406147E-003
     0.458476196562E+003     0.508213464991E-003     0.289681675045E-003     0.147381904847E-005     0.438711225195E-003
     0.459476196562E+003     0.508587817207E-003     0.289895055808E-003     0.147490466990E-005     0.440186129865E-003
     0.460476196562E+003     0.508960637175E-003     0.290107563190E-003     0.147598584781E-005     0.441662115713E-003
     0.461476196562E+003     0.509331931167E-003     0.290319200765E-003     0.147706260038E-005     0.443139178313E-003
     0.462476196562E+003     0.509701705429E-003     0.290529972094E-003     0.147813494574E-005     0.444617313259E-003
     0.463476196562E+003     0.510069966181E-003     0.290739880723E-003     0.147920290192E-005     0.446096516161E-003
     0.464476196562E+003     0.510436719618E-003     0.290948930183E-003     0.148026648689E-005     0.447576782648E-003
     0.465476196562E+003     0.510801971911E-003     0.291157123989E-003     0.148132571854E-005     0.449058108366E-003
     0.466476196562E+003     0.511165729202E-003     0.291364465645E-003     0.148238061469E-005     0.450540488981E-003
     0.467476196562E+003     0.511527997611E-003     0.291570958638E-003     0.148343119307E-005     0.452023920174E-003
     0.468476196562E+003     0.511888783233E-003     0.291776606443E-003     0.148447747138E-005     0.453508397646E-003
     0.469476196562E+003     0.512248092136E-003     0.291981412517E-003     0.148551946719E-005     0.454993917113E-003
     0.470476196562E+003     0.512605930364E-003     0.292185380308E-003     0.148655719806E-005     0.456480474311E-003
     0.471476196562E+003     0.512962303938E-003     0.292388513245E-003     0.148759068142E-005     0.457968064992E-003
     0.472476196562E+003     0.513317218852E-003     0.292590814746E-003     0.148861993467E-005     0.459456684927E-003
     0.473476196562E+003     0.513670681077E-003     0.292792288214E-003     0.148964497512E-005     0.460946329902E-003
     0.474476196562E+003     0.514022696558E-003     0.292992937038E-003     0.149066582002E-005     0.462436995722E-003
     0.475476196562E+003     0.514373271218E-003     0.293192764594E-003     0.149168248653E-005     0.463928678209E-003
     0.476476196562E+003     0.514722410953E-003     0.293391774243E-003     0.149269499176E-005     0.465421373200E-003
     0.477476196562E+003     0.515070121636E-003     0.293589969333E-003     0.149370335274E-005     0.466915076553E-003
     0.478476196562E+003     0.515416409118E-003     0.293787353197E-003     0.149470758644E-005     0.468409784139E-003
     0.479476196562E+003     0.515761279222E-003     0.293983929157E-003     0.149570770974E-005     0.469905491849E-003
     0.480476196562E+003     0.516104737752E-003     0.294179700519E-003     0.149670373948E-005     0.471402195589E-003
     0.481476196562E+003     0.516446790483E-003     0.294374670576E-003     0.149769569240E-005     0.472899891281E-003
     0.482476196562E+003     0.516787443171E-003     0.294568842608E-003     0.149868358520E-005     0.474398574866E-003
     0.483476196562E+003     0.517126701546E-003     0.294762219881E-003     0.149966743448E-005     0.475898242301E-003
     0.484476196562E+003     0.517464571315E-003     0.294954805649E-003     0.150064725681E-005     0.477398889558E-003
     0.485476196562E+003     0.517801058160E-003     0.295146603151E-003     0.150162306867E-005     0.478900512626E-003
     0.486476196562E+003     0.518136167744E-003     0.295337615614E-003     0.150259488646E-005     0.480403107513E-003
     0.487476196562E+003     0.518469905703E-003     0.295527846251E-003     0.150356272654E-005     0.481906670239E-003
     0.488476196562E+003     0.518802277651E-003     0.295717298261E-003     0.150452660519E-005     0.483411196844E-003
     0.489476196562E+003     0.519133289179E-003     0.295905974832E-003     0.150548653862E-005     0.484916683383E-003
     0.490476196562E+003     0.519462945857E-003     0.296093879138E-003     0.150644254298E-005     0.486423125926E-003
     0.491476196562E+003     0.519791253228E-003     0.296281014340E-003     0.150739463436E-005     0.487930520560E-003
     0.492476196562E+003     0.520118216816E-003     0.296467383585E-003     0.150834282877E-005     0.489438863389E-003
     0.493476196562E+003     0.520443842121E-003     0.296652990009E-003     0.150928714215E-005     0.490948150531E-003
     0.494476196562E+003     0.520768134621E-003     0.296837836734E-003     0.151022759040E-005     0.492458378122E-003
     0.495476196562E+003     0.521091099771E-003     0.297021926870E-003     0.151116418934E-005     0.493969542311E-003
     0.496476196562E+003     0.521412743004E-003     0.297205263513E-003     0.151209695471E-005     0.495481639266E-003
     0.497476196562E+003     0.521733069731E-003     0.297387849747E-003     0.151302590222E-005     0.496994665168E-003
     0.498476196562E+003     0.522052085340E-003     0.297569688644E-003     0.151395104749E-005     0.498508616215E-003
     0.499476196562E+003     0.522369795198E-003     0.297750783263E-003     0.151487240607E-005     0.500023488622E-003
     0.500476196562E+003     0.522686204649E-003     0.297931136650E-003     0.151578999348E-005     0.501539278615E-003
     0.501476196562E+003     0.523001319016E-003     0.298110751839E-003     0.151670382515E-005     0.503055982440E-003
     0.502476196562E+003     0.523315143600E-003     0.298289631852E-003     0.151761391644E-005     0.504573596357E-003
     0.503476196562E+003     0.523627683679E-003     0.298467779697E-003     0.151852028267E-005     0.506092116639E-003
     0.504476196562E+003     0.523938944512E-003     0.298645198372E-003     0.151942293909E-005     0.507611539578E-003
     0.505476196562E+003     0.524248931335E-003     0.298821890861E-003     0.152032190087E-005     0.509131861479E-003
     0.506476196562E+003     0.524557649362E-003     0.298997860136E-003     0.152121718315E-005     0.510653078662E-003
     0.507476196562E+003     0.524865103786E-003     0.299173109158E-003     0.152210880098E-005     0.512175187463E-003
     0.508476196562E+003     0.525171299779E-003     0.299347640874E-003     0.152299676936E-005     0.513698184233E-003
     0.509476196562E+003     0.525476242493E-003     0.299521458221E-003     0.152388110323E-005     0.515222065336E-003
     0.510476196562E+003     0.525779937056E-003     0.299694564122E-003     0.152476181746E-005     0.516746827153E-003
     0.511476196562E+003     0.526082388579E-003     0.299866961490E-003     0.152563892688E-005     0.518272466080E-003
     0.512476196562E+003     0.526383602148E-003     0.300038653224E-003     0.152651244623E-005     0.519798978527E-003
     0.513476196562E+003     0.526683582830E-003     0.300209642213E-003     0.152738239021E-005     0.521326360917E-003
     0.514476196562E+003     0.526982335673E-003     0.300379931333E-003     0.152824877345E-005     0.522854609690E-003
     0.515476196562E+003     0.527279865701E-003     0.300549523449E-003     0.152911161053E-005     0.524383721301E-003
     0.516476196562E+003     0.527576177919E-003     0.300718421414E-003     0.152997091597E-005     0.525913692217E-003
     0.517476196562E+003     0.527871277313E-003     0.300886628068E-003     0.153082670421E-005     0.527444518921E-003
     0.518476196562E+003     0.528165168846E-003     0.301054146242E-003     0.153167898965E-005     0.528976197911E-003
     0.519476196562E+003     0.528457857462E-003     0.301220978754E-003     0.153252778664E-005     0.530508725697E-003
     0.520476196562E+003     0.528749348085E-003     0.301387128409E-003     0.153337310945E-005     0.532042098807E-003
     0.521476196562E+003     0.529039645619E-003     0.301552598003E-003     0.153421497229E-005     0.533576313779E-003
     0.522476196562E+003     0.529328754945E-003     0.301717390319E-003     0.153505338934E-005     0.535111367168E-003
     0.523476196562E+003     0.529616680929E-003     0.301881508130E-003     0.153588837469E-005     0.536647255543E-003
     0.524476196562E+003     0.529903428414E-003     0.302044954196E-003     0.153671994240E-005     0.538183975485E-003
     0.525476196562E+003     0.530189002222E-003     0.302207731267E-003     0.153754810644E-005     0.539721523592E-003
     0.526476196562E+003     0.530473407159E-003     0.302369842081E-003     0.153837288076E-005     0.541259896473E-003
     0.527476196562E+003     0.530756648008E-003     0.302531289365E-003     0.153919427922E-005     0.542799090752E-003
     0.528476196562E+003     0.531038729535E-003     0.302692075835E-003     0.154001231565E-005     0.544339103067E-003
     0.529476196562E+003     0.531319656483E-003     0.302852204196E-003     0.154082700380E-005     0.545879930071E-003
     0.530476196562E+003     0.531599433580E-003     0.303011677141E-003     0.154163835738E-005     0.547421568429E-003
     0.531476196562E+003     0.531878065531E-003     0.303170497353E-003     0.154244639004E-005     0.548964014819E-003
     0.532476196562E+003     0.532155557024E-003     0.303328667504E-003     0.154325111537E-005     0.550507265934E-003
     0.533476196562E+003     0.532431912726E-003     0.303486190254E-003     0.154405254691E-005     0.552051318481E-003
     0.534476196562E+003     0.532707137287E-003     0.303643068254E-003     0.154485069813E-005     0.553596169179E-003
     0.535476196562E+003     0.532981235336E-003     0.303799304141E-003     0.154564558247E-005     0.555141814762E-003
     0.536476196562E+003     0.533254211484E-003     0.303954900546E-003     0.154643721330E-005     0.556688251975E-003
     0.537476196562E+003     0.533526070323E-003     0.304109860084E-003     0.154722560394E-005     0.558235477579E-003
     0.538476196562E+003     0.533796816427E-003     0.304264185364E-003     0.154801076764E-005     0.559783488346E-003
     0.539476196562E+003     0.534066454350E-003     0.304417878979E-003     0.154879271761E-005     0.561332281064E-003
     0.540476196562E+003     0.534334988627E-003     0.304570943518E-003     0.154957146702E-005     0.562881852531E-003
     0.541476196562E+003     0.534602423777E-003     0.304723381553E-003     0.155034702895E-005     0.564432199560E-003
     0.542476196562E+003     0.534868764297E-003     0.304875195649E-003     0.155111941646E-005     0.565983318976E-003
     0.543476196562E+003     0.535134014668E-003     0.305026388361E-003     0.155188864254E-005     0.567535207619E-003
     0.544476196562E+003     0.535398179353E-003     0.305176962231E-003     0.155265472012E-005     0.569087862339E-003
     0.545476196562E+003     0.535661262795E-003     0.305326919793E-003     0.155341766211E-005     0.570641280001E-003
     0.546476196562E+003     0.535923269419E-003     0.305476263569E-003     0.155417748132E-005     0.572195457483E-003
     0.547476196562E+003     0.536184203634E-003     0.305624996071E-003     0.155493419054E-005     0.573750391673E-003
     0.548476196562E+003     0.536444069828E-003     0.305773119802E-003     0.155568780250E-005     0.575306079476E-003
     0.549476196562E+003     0.536702872374E-003     0.305920637253E-003     0.155643832988E-005     0.576862517806E-003
     0.550476196562E+003     0.536960615623E-003     0.306067550905E-003     0.155718578531E-005     0.578419703591E-003
     0.551476196562E+003     0.537217303914E-003     0.306213863231E-003     0.155793018135E-005     0.579977633772E-003
     0.552476196562E+003     0.537472941562E-003     0.306359576691E-003     0.155867153053E-005     0.581536305303E-003
     0.553476196562E+003     0.537727532870E-003     0.306504693736E-003     0.155940984532E-005     0.583095715148E-003
     0.554476196562E+003     0.537981082119E-003     0.306649216808E-003     0.156014513814E-005     0.584655860286E-003
     0.555476196562E+003     0.538233593575E-003     0.306793148337E-003     0.156087742137E-005     0.586216737708E-003
     0.556476196562E+003     0.538485071485E-003     0.306936490746E-003     0.156160670731E-005     0.587778344415E-003
     0.557476196562E+003     0.538735520080E-003     0.307079246445E-003     0.156233300823E-005     0.589340677423E-003
     0.558476196562E+003     0.538984943573E-003     0.307221417836E-003     0.156305633636E-005     0.590903733759E-003
     0.559476196562E+003     0.539233346159E-003     0.307363007311E-003     0.156377670386E-005     0.592467510463E-003
     0.560476196562E+003     0.539480732018E-003     0.307504017250E-003     0.156449412285E-005     0.594032004586E-003
     0.561476196562E+003     0.539727105311E-003     0.307644450027E-003     0.156520860540E-005     0.595597213192E-003
     0.562476196562E+003     0.539972470182E-003     0.307784308004E-003     0.156592016353E-005     0.597163133355E-003
     0.563476196562E+003     0.540216830759E-003     0.307923593533E-003     0.156662880920E-005     0.598729762164E-003
     0.564476196562E+003     0.540460191153E-003     0.308062308957E-003     0.156733455434E-005     0.600297096719E-003
     0.565476196562E+003     0.540702555457E-003     0.308200456610E-003     0.156803741082E-005     0.601865134129E-003
     0.566476196562E+003     0.540943927748E-003     0.308338038816E-003     0.156873739047E-005     0.603433871520E-003
     0.567476196562E+003     0.541184312087E-003     0.308475057890E-003     0.156943450505E-005     0.605003306025E-003
     0.568476196562E+003     0.541423712518E-003     0.308611516135E-003     0.157012876630E-005     0.606573434791E-003
     0.569476196562E+003     0.541662133067E-003     0.308747415848E-003     0.157082018589E-005     0.608144254977E-003
     0.570476196562E+003     0.541899577746E-003     0.308882759315E-003     0.157150877546E-005     0.609715763753E-003
     0.571476196562E+003     0.542136050548E-003     0.309017548813E-003     0.157219454659E-005     0.611287958299E-003
     0.572476196562E+003     0.542371555453E-003     0.309151786608E-003     0.157287751081E-005     0.612860835810E-003
     0.573476196562E+003     0.542606096420E-003     0.309285474960E-003     0.157355767962E-005     0.614434393490E-003
     0.574476196562E+003     0.542839677397E-003     0.309418616116E-003     0.157423506445E-005     0.616008628554E-003
     0.575476196562E+003     0.543072302312E-003     0.309551212318E-003     0.157490967670E-005     0.617583538231E-003
     0.576476196562E+003     0.543303975077E-003     0.309683265794E-003     0.157558152772E-005     0.619159119759E-003
     0.577476196562E+003     0.543534699592E-003     0.309814778767E-003     0.157625062882E-005     0.620735370387E-003
     0.578476196562E+003     0.543764479736E-003     0.309945753450E-003     0.157691699124E-005     0.622312287379E-003
     0.579476196562E+003     0.543993319376E-003     0.310076192044E-003     0.157758062619E-005     0.623889868005E-003
     0.580476196562E+003     0.544221222360E-003     0.310206096745E-003     0.157824154484E-005     0.625468109550E-003
     0.581476196562E+003     0.544448192523E-003     0.310335469738E-003     0.157889975832E-005     0.627047009308E-003
     0.582476196562E+003     0.544674233682E-003     0.310464313199E-003     0.157955527768E-005     0.628626564586E-003
     0.583476196562E+003     0.544899349641E-003     0.310592629295E-003     0.158020811396E-005     0.630206772700E-003
     0.584476196562E+003     0.545123544185E-003     0.310720420186E-003     0.158085827814E-005     0.631787630978E-003
     0.585476196562E+003     0.545346821087E-003     0.310847688020E-003     0.158150578115E-005     0.633369136759E-003
     0.586476196562E+003     0.545569184102E-003     0.310974434938E-003     0.158215063390E-005     0.634951287393E-003
     0.587476196562E+003     0.545790636971E-003     0.311100663074E-003     0.158279284722E-005     0.636534080240E-003
     0.588476196562E+003     0.546011183420E-003     0.311226374549E-003     0.158343243192E-005     0.638117512672E-003
     0.589476196562E+003     0.546230827158E-003     0.311351571480E-003     0.158406939876E-005     0.639701582071E-003
     0.590476196562E+003     0.546449571879E-003     0.311476255971E-003     0.158470375845E-005     0.641286285829E-003
     0.591476196562E+003     0.546667421265E-003     0.311600430121E-003     0.158533552167E-005     0.642871621351E-003
     0.592476196562E+003     0.546884378979E-003     0.311724096018E-003     0.158596469904E-005     0.644457586050E-003
     0.593476196562E+003     0.547100448672E-003     0.311847255743E-003     0.158659130115E-005     0.646044177351E-003
     0.594476196562E+003     0.547315633977E-003     0.311969911367E-003     0.158721533853E-005     0.647631392689E-003
     0.595476196562E+003     0.547529938516E-003     0.312092064954E-003     0.158783682169E-005     0.649219229511E-003
     0.596476196562E+003     0.547743365892E-003     0.312213718558E-003     0.158845576109E-005     0.650807685272E-003
     0.597476196562E+003     0.547955919696E-003     0.312334874227E-003     0.158907216712E-005     0.652396757439E-003
     0.598476196562E+003     0.548167603504E-003     0.312455533997E-003     0.158968605016E-005     0.653986443490E-003
     0.599476196562E+003     0.548378420876E-003     0.312575699899E-003     0.159029742054E-005     0.655576740910E-003
     0.600476196562E+003     0.548588375359E-003     0.312695373955E-003     0.159090628854E-005     0.657167647199E-003
     0.601476196562E+003     0.548797470486E-003     0.312814558177E-003     0.159151266441E-005     0.658759159863E-003
     0.602476196562E+003     0.549005709772E-003     0.312933254570E-003     0.159211655834E-005     0.660351276421E-003
     0.603476196562E+003     0.549213096722E-003     0.313051465132E-003     0.159271798049E-005     0.661943994402E-003
     0.604476196562E+003     0.549419634824E-003     0.313169191850E-003     0.159331694099E-005     0.663537311343E-003
     0.605476196562E+003     0.549625327553E-003     0.313286436705E-003     0.159391344990E-005     0.665131224793E-003
     0.606476196562E+003     0.549830178367E-003     0.313403201669E-003     0.159450751726E-005     0.666725732310E-003
     0.607476196562E+003     0.550034190715E-003     0.313519488707E-003     0.159509915307E-005     0.668320831463E-003
     0.608476196562E+003     0.550237368026E-003     0.313635299775E-003     0.159568836728E-005     0.669916519830E-003
     0.609476196562E+003     0.550439713720E-003     0.313750636820E-003     0.159627516979E-005     0.671512795000E-003
     0.610476196562E+003     0.550641231200E-003     0.313865501784E-003     0.159685957048E-005     0.673109654571E-003
     0.611476196562E+003     0.550841923856E-003     0.313979896598E-003     0.159744157918E-005     0.674707096150E-003
     0.612476196562E+003     0.551041795065E-003     0.314093823187E-003     0.159802120569E-005     0.676305117355E-003
     0.613476196562E+003     0.551240848187E-003     0.314207283467E-003     0.159859845974E-005     0.677903715815E-003
     0.614476196562E+003     0.551439086573E-003     0.314320279347E-003     0.159917335106E-005     0.679502889166E-003
     0.615476196562E+003     0.551636513556E-003     0.314432812727E-003     0.159974588931E-005     0.681102635056E-003
     0.616476196562E+003     0.551833132458E-003     0.314544885501E-003     0.160031608413E-005     0.682702951140E-003
     0.617476196562E+003     0.552028946586E-003     0.314656499554E-003     0.160088394510E-005     0.684303835085E-003
     0.618476196562E+003     0.552223959234E-003     0.314767656764E-003     0.160144948178E-005     0.685905284567E-003
     0.619476196562E+003     0.552418173683E-003     0.314878359000E-003     0.160201270368E-005     0.687507297270E-003
     0.620476196562E+003     0.552611593200E-003     0.314988608124E-003     0.160257362028E-005     0.689109870891E-003
     0.621476196562E+003     0.552804221039E-003     0.315098405992E-003     0.160313224101E-005     0.690713003132E-003
     0.622476196562E+003     0.552996060439E-003     0.315207754451E-003     0.160368857527E-005     0.692316691707E-003
     0.623476196562E+003     0.553187114629E-003     0.315316655339E-003     0.160424263242E-005     0.693920934339E-003
     0.624476196562E+003     0.553377386822E-003     0.315425110488E-003     0.160479442178E-005     0.695525728761E-003
     0.625476196562E+003     0.553566880218E-003     0.315533121724E-003     0.160534395263E-005     0.697131072714E-003
     0.626476196562E+003     0.553755598006E-003     0.315640690863E-003     0.160589123422E-005     0.698736963948E-003
     0.627476196562E+003     0.553943543359E-003     0.315747819715E-003     0.160643627574E-005     0.700343400224E-003
     0.628476196562E+003     0.554130719441E-003     0.315854510081E-003     0.160697908638E-005     0.701950379310E-003
     0.629476196562E+003     0.554317129398E-003     0.315960763757E-003     0.160751967525E-005     0.703557898985E-003
     0.630476196562E+003     0.554502776368E-003     0.316066582530E-003     0.160805805147E-005     0.705165957037E-003
     0.631476196562E+003     0.554687663473E-003     0.316171968180E-003     0.160859422407E-005     0.706774551261E-003
     0.632476196562E+003     0.554871793823E-003     0.316276922479E-003     0.160912820209E-005     0.708383679463E-003
     0.633476196562E+003     0.555055170516E-003     0.316381447194E-003     0.160965999450E-005     0.709993339457E-003
     0.634476196562E+003     0.555237796637E-003     0.316485544083E-003     0.161018961025E-005     0.711603529068E-003
     0.635476196562E+003     0.555419675257E-003     0.316589214896E-003     0.161071705824E-005     0.713214246126E-003
     0.636476196562E+003     0.555600809436E-003     0.316692461378E-003     0.161124234736E-005     0.714825488473E-003
     0.637476196562E+003     0.555781202221E-003     0.316795285266E-003     0.161176548644E-005     0.716437253960E-003
     0.638476196562E+003     0.555960856647E-003     0.316897688289E-003     0.161228648428E-005     0.718049540444E-003
     0.639476196562E+003     0.556139775736E-003     0.316999672170E-003     0.161280534963E-005     0.719662345794E-003
     0.640476196562E+003     0.556317962498E-003     0.317101238624E-003     0.161332209124E-005     0.721275667885E-003
     0.641476196562E+003     0.556495419930E-003     0.317202389360E-003     0.161383671780E-005     0.722889504603E-003
     0.642476196562E+003     0.556672151018E-003     0.317303126080E-003     0.161434923795E-005     0.724503853841E-003
     0.643476196562E+003     0.556848158734E-003     0.317403450478E-003     0.161485966033E-005     0.726118713501E-003
     0.644476196562E+003     0.557023446038E-003     0.317503364242E-003     0.161536799351E-005     0.727734081494E-003
     0.645476196562E+003     0.557198015881E-003     0.317602869052E-003     0.161587424605E-005     0.729349955740E-003
     0.646476196562E+003     0.557371871199E-003     0.317701966583E-003     0.161637842647E-005     0.730966334167E-003
     0.647476196562E+003     0.557545014915E-003     0.317800658502E-003     0.161688054325E-005     0.732583214710E-003
     0.648476196562E+003     0.557717449943E-003     0.317898946467E-003     0.161738060483E-005     0.734200595315E-003
     0.649476196562E+003     0.557889179183E-003     0.317996832135E-003     0.161787861963E-005     0.735818473935E-003
     0.650476196562E+003     0.558060205525E-003     0.318094317149E-003     0.161837459602E-005     0.737436848531E-003
     0.651476196562E+003     0.558230531845E-003     0.318191403152E-003     0.161886854235E-005     0.739055717073E-003
     0.652476196562E+003     0.558400161009E-003     0.318288091775E-003     0.161936046692E-005     0.740675077540E-003
     0.653476196562E+003     0.558569095869E-003     0.318384384645E-003     0.161985037802E-005     0.742294927918E-003
     0.654476196562E+003     0.558737339268E-003     0.318480283383E-003     0.162033828388E-005     0.743915266202E-003
     0.655476196562E+003     0.558904894036E-003     0.318575789601E-003     0.162082419270E-005     0.745536090395E-003
     0.656476196562E+003     0.559071762992E-003     0.318670904906E-003     0.162130811268E-005     0.747157398507E-003
     0.657476196562E+003     0.559237948943E-003     0.318765630897E-003     0.162179005193E-005     0.748779188559E-003
     0.658476196562E+003     0.559403454684E-003     0.318859969170E-003     0.162227001858E-005     0.750401458578E-003
     0.659476196562E+003     0.559568282999E-003     0.318953921309E-003     0.162274802070E-005     0.752024206598E-003
     0.660476196562E+003     0.559732436661E-003     0.319047488897E-003     0.162322406632E-005     0.753647430665E-003
     0.661476196562E+003     0.559895918432E-003     0.319140673506E-003     0.162369816345E-005     0.755271128828E-003
     0.662476196562E+003     0.560058731062E-003     0.319233476705E-003     0.162417032008E-005     0.756895299148E-003
     0.663476196562E+003     0.560220877289E-003     0.319325900055E-003     0.162464054414E-005     0.758519939692E-003
     0.664476196562E+003     0.560382359841E-003     0.319417945110E-003     0.162510884354E-005     0.760145048536E-003
     0.665476196562E+003     0.560543181435E-003     0.319509613418E-003     0.162557522616E-005     0.761770623762E-003
     0.666476196562E+003     0.560703344776E-003     0.319600906522E-003     0.162603969985E-005     0.763396663462E-003
     0.667476196562E+003     0.560862852558E-003     0.319691825958E-003     0.162650227242E-005     0.765023165734E-003
     0.668476196562E+003     0.561021707465E-003     0.319782373255E-003     0.162696295165E-005     0.766650128686E-003
     0.669476196562E+003     0.561179912168E-003     0.319872549936E-003     0.162742174528E-005     0.768277550431E-003
     0.670476196562E+003     0.561337469329E-003     0.319962357517E-003     0.162787866105E-005     0.769905429092E-003
     0.671476196562E+003     0.561494381599E-003     0.320051797511E-003     0.162833370663E-005     0.771533762799E-003
     0.672476196562E+003     0.561650651616E-003     0.320140871421E-003     0.162878688969E-005     0.773162549689E-003
     0.673476196562E+003     0.561806282011E-003     0.320229580746E-003     0.162923821783E-005     0.774791787907E-003
     0.674476196562E+003     0.561961275400E-003     0.320317926978E-003     0.162968769866E-005     0.776421475605E-003
     0.675476196562E+003     0.562115634392E-003     0.320405911603E-003     0.163013533973E-005     0.778051610945E-003
     0.676476196562E+003     0.562269361582E-003     0.320493536102E-003     0.163058114859E-005     0.779682192094E-003
     0.677476196562E+003     0.562422459557E-003     0.320580801948E-003     0.163102513271E-005     0.781313217226E-003
     0.678476196562E+003     0.562574930892E-003     0.320667710609E-003     0.163146729959E-005     0.782944684526E-003
     0.679476196562E+003     0.562726778153E-003     0.320754263547E-003     0.163190765664E-005     0.784576592182E-003
     0.680476196562E+003     0.562878003893E-003     0.320840462219E-003     0.163234621129E-005     0.786208938394E-003
     0.681476196562E+003     0.563028610656E-003     0.320926308074E-003     0.163278297090E-005     0.787841721365E-003
     0.682476196562E+003     0.563178600976E-003     0.321011802556E-003     0.163321794283E-005     0.789474939307E-003
     0.683476196562E+003     0.563327977376E-003     0.321096947104E-003     0.163365113439E-005     0.791108590442E-003
     0.684476196562E+003     0.563476742369E-003     0.321181743150E-003     0.163408255287E-005     0.792742672995E-003
     0.685476196562E+003     0.563624898457E-003     0.321266192121E-003     0.163451220552E-005     0.794377185200E-003
     0.686476196562E+003     0.563772448133E-003     0.321350295436E-003     0.163494009958E-005     0.796012125300E-003
     0.687476196562E+003     0.563919393879E-003     0.321434054511E-003     0.163536624225E-005     0.797647491542E-003
     0.688476196562E+003     0.564065738166E-003     0.321517470755E-003     0.163579064068E-005     0.799283282183E-003
     0.689476196562E+003     0.564211483457E-003     0.321600545571E-003     0.163621330202E-005     0.800919495485E-003
     0.690476196562E+003     0.564356632203E-003     0.321683280356E-003     0.163663423339E-005     0.802556129718E-003
     0.691476196562E+003     0.564501186846E-003     0.321765676502E-003     0.163705344185E-005     0.804193183160E-003
     0.692476196562E+003     0.564645149818E-003     0.321847735396E-003     0.163747093447E-005     0.805830654094E-003
     0.693476196562E+003     0.564788523540E-003     0.321929458418E-003     0.163788671826E-005     0.807468540813E-003
     0.694476196562E+003     0.564931310424E-003     0.322010846942E-003     0.163830080023E-005     0.809106841613E-003
     0.695476196562E+003     0.565073512872E-003     0.322091902337E-003     0.163871318733E-005     0.810745554800E-003
     0.696476196562E+003     0.565215133277E-003     0.322172625968E-003     0.163912388650E-005     0.812384678687E-003
     0.697476196562E+003     0.565356174020E-003     0.322253019191E-003     0.163953290465E-005     0.814024211591E-003
     0.698476196562E+003     0.565496637474E-003     0.322333083360E-003     0.163994024867E-005     0.815664151840E-003
     0.699476196562E+003     0.565636526003E-003     0.322412819822E-003     0.164034592541E-005     0.817304497766E-003
     0.700476196562E+003     0.565775841959E-003     0.322492229916E-003     0.164074994168E-005     0.818945247707E-003
     0.701476196562E+003     0.565914587685E-003     0.322571314981E-003     0.164115230428E-005     0.820586400012E-003
     0.702476196562E+003     0.566052765517E-003     0.322650076345E-003     0.164155302000E-005     0.822227953031E-003
     0.703476196562E+003     0.566190377778E-003     0.322728515333E-003     0.164195209555E-005     0.823869905127E-003
     0.704476196562E+003     0.566327426783E-003     0.322806633266E-003     0.164234953767E-005     0.825512254665E-003
     0.705476196562E+003     0.566463914837E-003     0.322884431457E-003     0.164274535303E-005     0.827155000018E-003
     0.706476196562E+003     0.566599844238E-003     0.322961911216E-003     0.164313954829E-005     0.828798139566E-003
     0.707476196562E+003     0.566735217270E-003     0.323039073844E-003     0.164353213008E-005     0.830441671696E-003
     0.708476196562E+003     0.566870036213E-003     0.323115920641E-003     0.164392310501E-005     0.832085594801E-003
     0.709476196562E+003     0.567004303332E-003     0.323192452899E-003     0.164431247966E-005     0.833729907281E-003
     0.710476196562E+003     0.567138020888E-003     0.323268671906E-003     0.164470026057E-005     0.835374607541E-003
     0.711476196562E+003     0.567271191129E-003     0.323344578944E-003     0.164508645427E-005     0.837019693996E-003
     0.712476196562E+003     0.567403816296E-003     0.323420175289E-003     0.164547106726E-005     0.838665165063E-003
     0.713476196562E+003     0.567535898620E-003     0.323495462213E-003     0.164585410599E-005     0.840311019169E-003
     0.714476196562E+003     0.567667440322E-003     0.323570440984E-003     0.164623557693E-005     0.841957254746E-003
     0.715476196562E+003     0.567798443616E-003     0.323645112861E-003     0.164661548648E-005     0.843603870232E-003
     0.716476196562E+003     0.567928910704E-003     0.323719479101E-003     0.164699384104E-005     0.845250864073E-003
     0.717476196562E+003     0.568058843783E-003     0.323793540956E-003     0.164737064697E-005     0.846898234720E-003
     0.718476196562E+003     0.568188245037E-003     0.323867299671E-003     0.164774591060E-005     0.848545980631E-003
     0.719476196562E+003     0.568317116644E-003     0.323940756487E-003     0.164811963826E-005     0.850194100269E-003
     0.720476196562E+003     0.568445460771E-003     0.324013912639E-003     0.164849183623E-005     0.851842592105E-003
     0.721476196562E+003     0.568573279577E-003     0.324086769359E-003     0.164886251077E-005     0.853491454616E-003
     0.722476196562E+003     0.568700575212E-003     0.324159327871E-003     0.164923166811E-005     0.855140686284E-003
     0.723476196562E+003     0.568827349819E-003     0.324231589397E-003     0.164959931447E-005     0.856790285599E-003
     0.724476196562E+003     0.568953605529E-003     0.324303555151E-003     0.164996545603E-005     0.858440251055E-003
     0.725476196562E+003     0.569079344466E-003     0.324375226346E-003     0.165033009895E-005     0.860090581154E-003
     0.726476196562E+003     0.569204568746E-003     0.324446604185E-003     0.165069324936E-005     0.861741274403E-003
     0.727476196562E+003     0.569329280474E-003     0.324517689870E-003     0.165105491337E-005     0.863392329316E-003
     0.728476196562E+003     0.569453481750E-003     0.324588484597E-003     0.165141509707E-005     0.865043744414E-003
     0.729476196562E+003     0.569577174662E-003     0.324658989557E-003     0.165177380651E-005     0.866695518220E-003
     0.730476196562E+003     0.569700361290E-003     0.324729205936E-003     0.165213104774E-005     0.868347649268E-003
     0.731476196562E+003     0.569823043708E-003     0.324799134914E-003     0.165248682675E-005     0.870000136095E-003
     0.732476196562E+003     0.569945223980E-003     0.324868777668E-003     0.165284114954E-005     0.871652977244E-003
     0.733476196562E+003     0.570066904159E-003     0.324938135371E-003     0.165319402206E-005     0.873306171266E-003
     0.734476196562E+003     0.570188086294E-003     0.325007209187E-003     0.165354545025E-005     0.874959716716E-003
     0.735476196562E+003     0.570308772422E-003     0.325076000281E-003     0.165389544002E-005     0.876613612156E-003
     0.736476196562E+003     0.570428964574E-003     0.325144509807E-003     0.165424399726E-005     0.878267856154E-003
     0.737476196562E+003     0.570548664773E-003     0.325212738920E-003     0.165459112784E-005     0.879922447281E-003
     0.738476196562E+003     0.570667875030E-003     0.325280688767E-003     0.165493683758E-005     0.881577384119E-003
     0.739476196562E+003     0.570786597353E-003     0.325348360491E-003     0.165528113232E-005     0.883232665251E-003
     0.740476196562E+003     0.570904833737E-003     0.325415755230E-003     0.165562401783E-005     0.884888289269E-003
     0.741476196562E+003     0.571022586172E-003     0.325482874118E-003     0.165596549989E-005     0.886544254769E-003
     0.742476196562E+003     0.571139856639E-003     0.325549718285E-003     0.165630558425E-005     0.888200560353E-003
     0.743476196562E+003     0.571256647111E-003     0.325616288853E-003     0.165664427662E-005     0.889857204630E-003
     0.744476196562E+003     0.571372959552E-003     0.325682586944E-003     0.165698158269E-005     0.891514186213E-003
     0.745476196562E+003     0.571488795918E-003     0.325748613673E-003     0.165731750816E-005     0.893171503721E-003
     0.746476196562E+003     0.571604158159E-003     0.325814370150E-003     0.165765205865E-005     0.894829155779E-003
     0.747476196562E+003     0.571719048214E-003     0.325879857482E-003     0.165798523982E-005     0.896487141019E-003
     0.748476196562E+003     0.571833468018E-003     0.325945076770E-003     0.165831705725E-005     0.898145458077E-003
     0.749476196562E+003     0.571947419494E-003     0.326010029111E-003     0.165864751653E-005     0.899804105593E-003
     0.750476196562E+003     0.572060904559E-003     0.326074715598E-003     0.165897662321E-005     0.901463082216E-003
     0.751476196562E+003     0.572173925122E-003     0.326139137320E-003     0.165930438285E-005     0.903122386599E-003
     0.752476196562E+003     0.572286483085E-003     0.326203295359E-003     0.165963080094E-005     0.904782017400E-003
     0.753476196562E+003     0.572398580341E-003     0.326267190795E-003     0.165995588298E-005     0.906441973283E-003
