 #              _____________________  _______________________             #
 #              ___  __ \__  __ \_  / / /_  /___  ____/_  ___/             #
 #              __  / / /_  /_/ /  / / /_  __/_  __/  _____ \              #
 #              _  /_/ /_  _, _// /_/ / / /_ _  /___  ____/ /              #
 #              /_____/ /_/ |_| \____/  \__/ /_____/  /____/               #
 #                                                                         #
  
 #        time                      c  [M/M]                   concetration [M/M]       zero flux   in    x              directions   cumulative flux
 #-----------------------------------------------------------------------------------------------

     0.000000000000E+000     0.642928000000E-003     0.000000000000E+000     0.000000000000E+000     0.000000000000E+000
     0.100000000000E+000     0.642663872478E-003     0.000000000000E+000     0.000000000000E+000     0.000000000000E+000
     0.206000000000E+000     0.642384019222E-003     0.000000000000E+000     0.000000000000E+000     0.000000000000E+000
     0.318360000000E+000     0.642087511694E-003     0.000000000000E+000     0.000000000000E+000     0.000000000000E+000
     0.437461600000E+000     0.641773367486E-003     0.000000000000E+000     0.000000000000E+000     0.000000000000E+000
     0.563709296000E+000     0.641440547314E-003     0.000000000000E+000     0.000000000000E+000     0.000000000000E+000
     0.697531853760E+000     0.641087951857E-003     0.000000000000E+000     0.000000000000E+000     0.000000000000E+000
     0.839383764986E+000     0.640714418441E-003     0.000000000000E+000     0.000000000000E+000     0.000000000000E+000
     0.989746790885E+000     0.640318717554E-003     0.000000000000E+000     0.000000000000E+000     0.000000000000E+000
     0.114913159834E+001     0.639899549191E-003     0.000000000000E+000     0.000000000000E+000     0.000000000000E+000
     0.131807949424E+001     0.639455539027E-003     0.000000000000E+000     0.000000000000E+000     0.000000000000E+000
     0.149716426389E+001     0.638985234406E-003     0.000000000000E+000     0.000000000000E+000     0.000000000000E+000
     0.168699411973E+001     0.638487100142E-003     0.000000000000E+000     0.000000000000E+000     0.000000000000E+000
     0.188821376691E+001     0.637959514131E-003     0.000000000000E+000     0.000000000000E+000     0.000000000000E+000
     0.210150659292E+001     0.637400762765E-003     0.000000000000E+000     0.000000000000E+000     0.000000000000E+000
     0.232759698850E+001     0.636809036153E-003     0.000000000000E+000     0.000000000000E+000     0.000000000000E+000
     0.256725280781E+001     0.636182423132E-003     0.000000000000E+000     0.000000000000E+000     0.000000000000E+000
     0.282128797628E+001     0.635518906078E-003     0.000000000000E+000     0.000000000000E+000     0.000000000000E+000
     0.309056525485E+001     0.634816355513E-003     0.000000000000E+000     0.000000000000E+000     0.000000000000E+000
     0.337599917015E+001     0.634072524503E-003     0.000000000000E+000     0.000000000000E+000     0.000000000000E+000
     0.367855912035E+001     0.633285042855E-003     0.000000000000E+000     0.000000000000E+000     0.000000000000E+000
     0.399927266758E+001     0.632451411116E-003     0.000000000000E+000     0.000000000000E+000     0.000000000000E+000
     0.433922902763E+001     0.631568994368E-003     0.000000000000E+000     0.000000000000E+000     0.000000000000E+000
     0.469958276929E+001     0.630635015850E-003     0.000000000000E+000     0.000000000000E+000     0.000000000000E+000
     0.508155773545E+001     0.629646550387E-003     0.000000000000E+000     0.000000000000E+000     0.000000000000E+000
     0.548645119957E+001     0.628600517663E-003     0.000000000000E+000     0.000000000000E+000     0.000000000000E+000
     0.591563827155E+001     0.627493675346E-003     0.000000000000E+000     0.000000000000E+000     0.000000000000E+000
     0.637057656784E+001     0.626322612079E-003     0.000000000000E+000     0.000000000000E+000     0.000000000000E+000
     0.685281116191E+001     0.625083740372E-003     0.000000000000E+000     0.000000000000E+000     0.000000000000E+000
     0.736397983162E+001     0.623773289417E-003     0.000000000000E+000     0.000000000000E+000     0.000000000000E+000
     0.790581862152E+001     0.622387297863E-003     0.000000000000E+000     0.000000000000E+000     0.000000000000E+000
     0.848016773881E+001     0.620921606593E-003     0.000000000000E+000     0.000000000000E+000     0.000000000000E+000
     0.908897780314E+001     0.619371851552E-003     0.000000000000E+000     0.000000000000E+000     0.000000000000E+000
     0.973431647133E+001     0.617733456671E-003     0.000000000000E+000     0.000000000000E+000     0.000000000000E+000
     0.104183754596E+002     0.616001626971E-003     0.000000000000E+000     0.000000000000E+000     0.000000000000E+000
     0.111434779872E+002     0.614171341900E-003     0.000000000000E+000     0.000000000000E+000     0.000000000000E+000
     0.119120866664E+002     0.612237349004E-003     0.000000000000E+000     0.000000000000E+000     0.000000000000E+000
     0.127268118664E+002     0.610194158011E-003     0.000000000000E+000     0.000000000000E+000     0.000000000000E+000
     0.135904205784E+002     0.608036035456E-003     0.000000000000E+000     0.000000000000E+000     0.000000000000E+000
     0.145058458131E+002     0.605756999946E-003     0.000000000000E+000     0.000000000000E+000     0.000000000000E+000
     0.154761965619E+002     0.603350818234E-003     0.000000000000E+000     0.000000000000E+000     0.000000000000E+000
     0.164761965619E+002     0.600881264765E-003     0.000000000000E+000     0.000000000000E+000     0.000000000000E+000
     0.174761965619E+002     0.598421819337E-003     0.000000000000E+000     0.000000000000E+000     0.000000000000E+000
     0.184761965619E+002     0.595972440577E-003     0.000000000000E+000     0.000000000000E+000     0.000000000000E+000
     0.194761965619E+002     0.593533087280E-003     0.000000000000E+000     0.000000000000E+000     0.000000000000E+000
     0.204761965619E+002     0.591103718412E-003     0.000000000000E+000     0.000000000000E+000     0.000000000000E+000
     0.214761965619E+002     0.588684293106E-003     0.000000000000E+000     0.000000000000E+000     0.000000000000E+000
     0.224761965619E+002     0.586274770663E-003     0.000000000000E+000     0.000000000000E+000     0.000000000000E+000
     0.234761965619E+002     0.583875110549E-003     0.000000000000E+000     0.000000000000E+000     0.000000000000E+000
     0.244761965619E+002     0.581485272397E-003     0.000000000000E+000     0.000000000000E+000     0.000000000000E+000
     0.254761965619E+002     0.579105216005E-003     0.000000000000E+000     0.000000000000E+000     0.000000000000E+000
     0.264761965619E+002     0.576734901337E-003     0.000000000000E+000     0.000000000000E+000     0.000000000000E+000
     0.274761965619E+002     0.574374288518E-003     0.000000000000E+000     0.000000000000E+000     0.000000000000E+000
     0.284761965619E+002     0.572023337838E-003     0.000000000000E+000     0.000000000000E+000     0.000000000000E+000
     0.294761965619E+002     0.569682009750E-003     0.000000000000E+000     0.000000000000E+000     0.000000000000E+000
     0.304761965619E+002     0.567350264867E-003     0.000000000000E+000     0.000000000000E+000     0.000000000000E+000
     0.314761965619E+002     0.565028063965E-003     0.000000000000E+000     0.000000000000E+000     0.000000000000E+000
     0.324761965619E+002     0.562715367979E-003     0.000000000000E+000     0.000000000000E+000     0.000000000000E+000
     0.334761965619E+002     0.560412138007E-003     0.000000000000E+000     0.000000000000E+000     0.000000000000E+000
     0.344761965619E+002     0.558118335301E-003     0.000000000000E+000     0.000000000000E+000     0.000000000000E+000
     0.354761965619E+002     0.555833921277E-003     0.000000000000E+000     0.000000000000E+000     0.000000000000E+000
     0.364761965619E+002     0.553558857506E-003     0.000000000000E+000     0.000000000000E+000     0.000000000000E+000
     0.374761965619E+002     0.551293105716E-003     0.000000000000E+000     0.000000000000E+000     0.000000000000E+000
     0.384761965619E+002     0.549036627792E-003     0.000000000000E+000     0.000000000000E+000     0.000000000000E+000
     0.394761965619E+002     0.546789385778E-003     0.000000000000E+000     0.000000000000E+000     0.000000000000E+000
     0.404761965619E+002     0.544551341868E-003     0.000000000000E+000     0.000000000000E+000     0.000000000000E+000
     0.414761965619E+002     0.542322458415E-003     0.000000000000E+000     0.000000000000E+000     0.000000000000E+000
     0.424761965619E+002     0.540102697925E-003     0.000000000000E+000     0.000000000000E+000     0.000000000000E+000
     0.434761965619E+002     0.537892023056E-003     0.000000000000E+000     0.000000000000E+000     0.000000000000E+000
     0.444761965619E+002     0.535690396621E-003     0.000000000000E+000     0.000000000000E+000     0.000000000000E+000
     0.454761965619E+002     0.533497781584E-003     0.000000000000E+000     0.000000000000E+000     0.000000000000E+000
     0.464761965619E+002     0.531314141060E-003     0.000000000000E+000     0.000000000000E+000     0.000000000000E+000
     0.474761965619E+002     0.529139438316E-003     0.000000000000E+000     0.000000000000E+000     0.000000000000E+000
     0.484761965619E+002     0.526973636770E-003     0.000000000000E+000     0.000000000000E+000     0.000000000000E+000
     0.494761965619E+002     0.524816699988E-003     0.000000000000E+000     0.000000000000E+000     0.000000000000E+000
     0.504761965619E+002     0.522668591686E-003     0.000000000000E+000     0.000000000000E+000     0.000000000000E+000
     0.514761965619E+002     0.520529275728E-003     0.000000000000E+000     0.000000000000E+000     0.000000000000E+000
     0.524761965619E+002     0.518398716128E-003     0.000000000000E+000     0.000000000000E+000     0.000000000000E+000
     0.534761965619E+002     0.516276877044E-003     0.000000000000E+000     0.000000000000E+000     0.000000000000E+000
     0.544761965619E+002     0.514163722783E-003     0.000000000000E+000     0.000000000000E+000     0.000000000000E+000
     0.554761965619E+002     0.512059217798E-003     0.000000000000E+000     0.000000000000E+000     0.000000000000E+000
     0.564761965619E+002     0.509963326686E-003     0.000000000000E+000     0.000000000000E+000     0.000000000000E+000
     0.574761965619E+002     0.507876014190E-003     0.000000000000E+000     0.000000000000E+000     0.000000000000E+000
     0.584761965619E+002     0.505797245198E-003     0.000000000000E+000     0.000000000000E+000     0.000000000000E+000
     0.594761965619E+002     0.503726984740E-003     0.000000000000E+000     0.000000000000E+000     0.000000000000E+000
     0.604761965619E+002     0.501665197991E-003     0.000000000000E+000     0.000000000000E+000     0.000000000000E+000
     0.614761965619E+002     0.499611850267E-003     0.000000000000E+000     0.000000000000E+000     0.000000000000E+000
     0.624761965619E+002     0.497566907026E-003     0.000000000000E+000     0.000000000000E+000     0.000000000000E+000
     0.634761965619E+002     0.495530333868E-003     0.000000000000E+000     0.000000000000E+000     0.000000000000E+000
     0.644761965619E+002     0.493502096535E-003     0.000000000000E+000     0.000000000000E+000     0.000000000000E+000
     0.654761965619E+002     0.491482160907E-003     0.000000000000E+000     0.000000000000E+000     0.000000000000E+000
     0.664761965619E+002     0.489470493004E-003     0.000000000000E+000     0.000000000000E+000     0.000000000000E+000
     0.674761965619E+002     0.487467058987E-003     0.000000000000E+000     0.000000000000E+000     0.000000000000E+000
     0.684761965619E+002     0.485471825153E-003     0.000000000000E+000     0.000000000000E+000     0.000000000000E+000
     0.694761965619E+002     0.483484757939E-003     0.000000000000E+000     0.000000000000E+000     0.000000000000E+000
     0.704761965619E+002     0.481505823918E-003     0.000000000000E+000     0.000000000000E+000     0.000000000000E+000
     0.714761965619E+002     0.479534989800E-003     0.000000000000E+000     0.000000000000E+000     0.000000000000E+000
     0.724761965619E+002     0.477572222433E-003     0.000000000000E+000     0.000000000000E+000     0.000000000000E+000
     0.734761965619E+002     0.475617488797E-003     0.000000000000E+000     0.000000000000E+000     0.000000000000E+000
     0.744761965619E+002     0.473670756012E-003     0.000000000000E+000     0.000000000000E+000     0.000000000000E+000
     0.754761965619E+002     0.471731991328E-003     0.000000000000E+000     0.000000000000E+000     0.000000000000E+000
     0.764761965619E+002     0.469801162132E-003     0.000000000000E+000     0.000000000000E+000     0.000000000000E+000
     0.774761965619E+002     0.467878235943E-003     0.000000000000E+000     0.000000000000E+000     0.000000000000E+000
     0.784761965619E+002     0.465963180414E-003     0.000000000000E+000     0.000000000000E+000     0.000000000000E+000
     0.794761965619E+002     0.464055963330E-003     0.000000000000E+000     0.000000000000E+000     0.000000000000E+000
     0.804761965619E+002     0.462156552607E-003     0.000000000000E+000     0.000000000000E+000     0.000000000000E+000
     0.814761965619E+002     0.460264916294E-003     0.000000000000E+000     0.000000000000E+000     0.000000000000E+000
     0.824761965619E+002     0.458381022569E-003     0.000000000000E+000     0.000000000000E+000     0.000000000000E+000
     0.834761965619E+002     0.456504839742E-003     0.000000000000E+000     0.000000000000E+000     0.000000000000E+000
     0.844761965619E+002     0.454636336251E-003     0.000000000000E+000     0.000000000000E+000     0.000000000000E+000
     0.854761965619E+002     0.452775480664E-003     0.000000000000E+000     0.000000000000E+000     0.000000000000E+000
     0.864761965619E+002     0.450922241678E-003     0.000000000000E+000     0.000000000000E+000     0.000000000000E+000
     0.874761965619E+002     0.449076588117E-003     0.000000000000E+000     0.000000000000E+000     0.000000000000E+000
     0.884761965619E+002     0.447238488935E-003     0.000000000000E+000     0.000000000000E+000     0.000000000000E+000
     0.894761965619E+002     0.445407913210E-003     0.000000000000E+000     0.000000000000E+000     0.000000000000E+000
     0.904761965619E+002     0.443584830148E-003     0.000000000000E+000     0.000000000000E+000     0.000000000000E+000
     0.914761965619E+002     0.441769209082E-003     0.000000000000E+000     0.000000000000E+000     0.000000000000E+000
     0.924761965619E+002     0.439961019469E-003     0.000000000000E+000     0.000000000000E+000     0.000000000000E+000
     0.934761965619E+002     0.438160230892E-003     0.000000000000E+000     0.000000000000E+000     0.000000000000E+000
     0.944761965619E+002     0.436366813058E-003     0.000000000000E+000     0.000000000000E+000     0.000000000000E+000
     0.954761965619E+002     0.434580735797E-003     0.000000000000E+000     0.000000000000E+000     0.000000000000E+000
     0.964761965619E+002     0.432801969065E-003     0.000000000000E+000     0.000000000000E+000     0.000000000000E+000
     0.974761965619E+002     0.431030482938E-003     0.000000000000E+000     0.000000000000E+000     0.000000000000E+000
     0.984761965619E+002     0.429266247618E-003     0.000000000000E+000     0.000000000000E+000     0.000000000000E+000
     0.994761965619E+002     0.427509233426E-003     0.000000000000E+000     0.000000000000E+000     0.000000000000E+000
     0.100476196562E+003     0.425759410805E-003     0.000000000000E+000     0.000000000000E+000     0.000000000000E+000
     0.101476196562E+003     0.424016750320E-003     0.000000000000E+000     0.000000000000E+000     0.000000000000E+000
     0.102476196562E+003     0.422281222655E-003     0.000000000000E+000     0.000000000000E+000     0.000000000000E+000
     0.103476196562E+003     0.420552798617E-003     0.000000000000E+000     0.000000000000E+000     0.000000000000E+000
     0.104476196562E+003     0.418831449128E-003     0.000000000000E+000     0.000000000000E+000     0.000000000000E+000
     0.105476196562E+003     0.417117145233E-003     0.000000000000E+000     0.000000000000E+000     0.000000000000E+000
     0.106476196562E+003     0.415409858093E-003     0.000000000000E+000     0.000000000000E+000     0.000000000000E+000
     0.107476196562E+003     0.413709558989E-003     0.000000000000E+000     0.000000000000E+000     0.000000000000E+000
     0.108476196562E+003     0.412016219317E-003     0.000000000000E+000     0.000000000000E+000     0.000000000000E+000
     0.109476196562E+003     0.410329810594E-003     0.000000000000E+000     0.000000000000E+000     0.000000000000E+000
     0.110476196562E+003     0.408650304448E-003     0.000000000000E+000     0.000000000000E+000     0.000000000000E+000
     0.111476196562E+003     0.406977672629E-003     0.000000000000E+000     0.000000000000E+000     0.000000000000E+000
     0.112476196562E+003     0.405311886999E-003     0.000000000000E+000     0.000000000000E+000     0.000000000000E+000
     0.113476196562E+003     0.403652919536E-003     0.000000000000E+000     0.000000000000E+000     0.000000000000E+000
     0.114476196562E+003     0.402000742333E-003     0.000000000000E+000     0.000000000000E+000     0.000000000000E+000
     0.115476196562E+003     0.400355327597E-003     0.000000000000E+000     0.000000000000E+000     0.000000000000E+000
     0.116476196562E+003     0.398716647648E-003     0.000000000000E+000     0.000000000000E+000     0.000000000000E+000
     0.117476196562E+003     0.397084674921E-003     0.000000000000E+000     0.000000000000E+000     0.000000000000E+000
     0.118476196562E+003     0.395459381963E-003     0.000000000000E+000     0.000000000000E+000     0.000000000000E+000
     0.119476196562E+003     0.393840741433E-003     0.000000000000E+000     0.000000000000E+000     0.000000000000E+000
     0.120476196562E+003     0.392228726102E-003     0.000000000000E+000     0.000000000000E+000     0.000000000000E+000
     0.121476196562E+003     0.390623308853E-003     0.000000000000E+000     0.000000000000E+000     0.000000000000E+000
     0.122476196562E+003     0.389024462679E-003     0.000000000000E+000     0.000000000000E+000     0.000000000000E+000
     0.123476196562E+003     0.387432160685E-003     0.000000000000E+000     0.000000000000E+000     0.000000000000E+000
     0.124476196562E+003     0.385846376084E-003     0.000000000000E+000     0.000000000000E+000     0.000000000000E+000
     0.125476196562E+003     0.384267082202E-003     0.000000000000E+000     0.000000000000E+000     0.000000000000E+000
     0.126476196562E+003     0.382694252470E-003     0.000000000000E+000     0.000000000000E+000     0.000000000000E+000
     0.127476196562E+003     0.381127860431E-003     0.000000000000E+000     0.000000000000E+000     0.000000000000E+000
     0.128476196562E+003     0.379567879734E-003     0.000000000000E+000     0.000000000000E+000     0.000000000000E+000
     0.129476196562E+003     0.378014284139E-003     0.000000000000E+000     0.000000000000E+000     0.000000000000E+000
     0.130476196562E+003     0.376467047509E-003     0.000000000000E+000     0.000000000000E+000     0.000000000000E+000
     0.131476196562E+003     0.374926143818E-003     0.000000000000E+000     0.000000000000E+000     0.000000000000E+000
     0.132476196562E+003     0.373391547144E-003     0.000000000000E+000     0.000000000000E+000     0.000000000000E+000
     0.133476196562E+003     0.371863231673E-003     0.000000000000E+000     0.000000000000E+000     0.000000000000E+000
     0.134476196562E+003     0.370341171694E-003     0.000000000000E+000     0.000000000000E+000     0.000000000000E+000
     0.135476196562E+003     0.368825341604E-003     0.000000000000E+000     0.000000000000E+000     0.000000000000E+000
     0.136476196562E+003     0.367315715904E-003     0.000000000000E+000     0.000000000000E+000     0.000000000000E+000
     0.137476196562E+003     0.365812269198E-003     0.000000000000E+000     0.000000000000E+000     0.000000000000E+000
     0.138476196562E+003     0.364314976195E-003     0.000000000000E+000     0.000000000000E+000     0.000000000000E+000
     0.139476196562E+003     0.362823811709E-003     0.000000000000E+000     0.000000000000E+000     0.000000000000E+000
     0.140476196562E+003     0.361338750654E-003     0.000000000000E+000     0.000000000000E+000     0.000000000000E+000
     0.141476196562E+003     0.359859768049E-003     0.000000000000E+000     0.000000000000E+000     0.000000000000E+000
     0.142476196562E+003     0.358386839014E-003     0.000000000000E+000     0.000000000000E+000     0.000000000000E+000
     0.143476196562E+003     0.356919938772E-003     0.000000000000E+000     0.000000000000E+000     0.000000000000E+000
     0.144476196562E+003     0.355459042647E-003     0.000000000000E+000     0.000000000000E+000     0.000000000000E+000
     0.145476196562E+003     0.354004126063E-003     0.000000000000E+000     0.000000000000E+000     0.000000000000E+000
     0.146476196562E+003     0.352555164545E-003     0.000000000000E+000     0.000000000000E+000     0.000000000000E+000
     0.147476196562E+003     0.351112133719E-003     0.000000000000E+000     0.000000000000E+000     0.000000000000E+000
     0.148476196562E+003     0.349675009311E-003     0.000000000000E+000     0.000000000000E+000     0.000000000000E+000
     0.149476196562E+003     0.348243767145E-003     0.000000000000E+000     0.000000000000E+000     0.000000000000E+000
     0.150476196562E+003     0.346818383144E-003     0.000000000000E+000     0.000000000000E+000     0.000000000000E+000
     0.151476196562E+003     0.345398833332E-003     0.000000000000E+000     0.000000000000E+000     0.000000000000E+000
     0.152476196562E+003     0.343985093827E-003     0.000000000000E+000     0.000000000000E+000     0.000000000000E+000
     0.153476196562E+003     0.342577140849E-003     0.000000000000E+000     0.000000000000E+000     0.000000000000E+000
     0.154476196562E+003     0.341174950712E-003     0.000000000000E+000     0.000000000000E+000     0.000000000000E+000
     0.155476196562E+003     0.339778499829E-003     0.000000000000E+000     0.000000000000E+000     0.000000000000E+000
     0.156476196562E+003     0.338387764709E-003     0.000000000000E+000     0.000000000000E+000     0.000000000000E+000
     0.157476196562E+003     0.337002721957E-003     0.000000000000E+000     0.000000000000E+000     0.000000000000E+000
     0.158476196562E+003     0.335623348273E-003     0.000000000000E+000     0.000000000000E+000     0.000000000000E+000
     0.159476196562E+003     0.334249620454E-003     0.000000000000E+000     0.000000000000E+000     0.000000000000E+000
     0.160476196562E+003     0.332881515390E-003     0.000000000000E+000     0.000000000000E+000     0.000000000000E+000
     0.161476196562E+003     0.331519010068E-003     0.000000000000E+000     0.000000000000E+000     0.000000000000E+000
     0.162476196562E+003     0.330162081568E-003     0.000000000000E+000     0.000000000000E+000     0.000000000000E+000
     0.163476196562E+003     0.328810707062E-003     0.000000000000E+000     0.000000000000E+000     0.000000000000E+000
     0.164476196562E+003     0.327464863819E-003     0.000000000000E+000     0.000000000000E+000     0.000000000000E+000
     0.165476196562E+003     0.326124529198E-003     0.000000000000E+000     0.000000000000E+000     0.000000000000E+000
     0.166476196562E+003     0.324789680652E-003     0.000000000000E+000     0.000000000000E+000     0.000000000000E+000
     0.167476196562E+003     0.323460295727E-003     0.000000000000E+000     0.000000000000E+000     0.000000000000E+000
     0.168476196562E+003     0.322136352060E-003     0.000000000000E+000     0.000000000000E+000     0.000000000000E+000
     0.169476196562E+003     0.320817827378E-003     0.000000000000E+000     0.000000000000E+000     0.000000000000E+000
     0.170476196562E+003     0.319504699502E-003     0.000000000000E+000     0.000000000000E+000     0.000000000000E+000
     0.171476196562E+003     0.318196946343E-003     0.000000000000E+000     0.000000000000E+000     0.000000000000E+000
     0.172476196562E+003     0.316894545901E-003     0.000000000000E+000     0.000000000000E+000     0.000000000000E+000
     0.173476196562E+003     0.315597476267E-003     0.000000000000E+000     0.000000000000E+000     0.000000000000E+000
     0.174476196562E+003     0.314305715622E-003     0.000000000000E+000     0.000000000000E+000     0.000000000000E+000
     0.175476196562E+003     0.313019242236E-003     0.000000000000E+000     0.000000000000E+000     0.000000000000E+000
     0.176476196562E+003     0.311738034468E-003     0.000000000000E+000     0.000000000000E+000     0.000000000000E+000
     0.177476196562E+003     0.310462070765E-003     0.000000000000E+000     0.000000000000E+000     0.000000000000E+000
     0.178476196562E+003     0.309191329663E-003     0.000000000000E+000     0.000000000000E+000     0.000000000000E+000
     0.179476196562E+003     0.307925789785E-003     0.000000000000E+000     0.000000000000E+000     0.000000000000E+000
     0.180476196562E+003     0.306665429843E-003     0.000000000000E+000     0.000000000000E+000     0.000000000000E+000
     0.181476196562E+003     0.305410228635E-003     0.000000000000E+000     0.000000000000E+000     0.000000000000E+000
     0.182476196562E+003     0.304160165046E-003     0.000000000000E+000     0.000000000000E+000     0.000000000000E+000
     0.183476196562E+003     0.302915218047E-003     0.000000000000E+000     0.000000000000E+000     0.000000000000E+000
     0.184476196562E+003     0.301675366696E-003     0.000000000000E+000     0.000000000000E+000     0.000000000000E+000
     0.185476196562E+003     0.300440590135E-003     0.000000000000E+000     0.000000000000E+000     0.000000000000E+000
     0.186476196562E+003     0.299210867594E-003     0.000000000000E+000     0.000000000000E+000     0.000000000000E+000
     0.187476196562E+003     0.297986178386E-003     0.000000000000E+000     0.000000000000E+000     0.000000000000E+000
     0.188476196562E+003     0.296766501909E-003     0.000000000000E+000     0.000000000000E+000     0.000000000000E+000
     0.189476196562E+003     0.295551817646E-003     0.000000000000E+000     0.000000000000E+000     0.000000000000E+000
     0.190476196562E+003     0.294342105163E-003     0.000000000000E+000     0.000000000000E+000     0.000000000000E+000
     0.191476196562E+003     0.293137344111E-003     0.000000000000E+000     0.000000000000E+000     0.000000000000E+000
     0.192476196562E+003     0.291937514223E-003     0.000000000000E+000     0.000000000000E+000     0.000000000000E+000
     0.193476196562E+003     0.290742595315E-003     0.000000000000E+000     0.000000000000E+000     0.000000000000E+000
     0.194476196562E+003     0.289552567286E-003     0.000000000000E+000     0.000000000000E+000     0.000000000000E+000
     0.195476196562E+003     0.288367410119E-003     0.000000000000E+000     0.000000000000E+000     0.000000000000E+000
     0.196476196562E+003     0.287187103875E-003     0.000000000000E+000     0.000000000000E+000     0.000000000000E+000
     0.197476196562E+003     0.286011628701E-003     0.000000000000E+000     0.000000000000E+000     0.000000000000E+000
     0.198476196562E+003     0.284840964821E-003     0.000000000000E+000     0.000000000000E+000     0.000000000000E+000
     0.199476196562E+003     0.283675092544E-003     0.000000000000E+000     0.000000000000E+000     0.000000000000E+000
     0.200476196562E+003     0.282513992256E-003     0.000000000000E+000     0.000000000000E+000     0.000000000000E+000
     0.201476196562E+003     0.281357644426E-003     0.000000000000E+000     0.000000000000E+000     0.000000000000E+000
     0.202476196562E+003     0.280206029601E-003     0.000000000000E+000     0.000000000000E+000     0.000000000000E+000
     0.203476196562E+003     0.279059128410E-003     0.000000000000E+000     0.000000000000E+000     0.000000000000E+000
     0.204476196562E+003     0.277916921559E-003     0.000000000000E+000     0.000000000000E+000     0.000000000000E+000
     0.205476196562E+003     0.276779389833E-003     0.000000000000E+000     0.000000000000E+000     0.000000000000E+000
     0.206476196562E+003     0.275646514097E-003     0.000000000000E+000     0.000000000000E+000     0.000000000000E+000
     0.207476196562E+003     0.274518275294E-003     0.000000000000E+000     0.000000000000E+000     0.000000000000E+000
     0.208476196562E+003     0.273394654445E-003     0.000000000000E+000     0.000000000000E+000     0.000000000000E+000
     0.209476196562E+003     0.272275632647E-003     0.000000000000E+000     0.000000000000E+000     0.000000000000E+000
     0.210476196562E+003     0.271161191078E-003     0.000000000000E+000     0.000000000000E+000     0.000000000000E+000
     0.211476196562E+003     0.270051310988E-003     0.000000000000E+000     0.000000000000E+000     0.000000000000E+000
     0.212476196562E+003     0.268945973710E-003     0.000000000000E+000     0.000000000000E+000     0.000000000000E+000
     0.213476196562E+003     0.267845160647E-003     0.000000000000E+000     0.000000000000E+000     0.000000000000E+000
     0.214476196562E+003     0.266748853282E-003     0.000000000000E+000     0.000000000000E+000     0.000000000000E+000
     0.215476196562E+003     0.265657033174E-003     0.000000000000E+000     0.000000000000E+000     0.000000000000E+000
     0.216476196562E+003     0.264569681955E-003     0.000000000000E+000     0.000000000000E+000     0.000000000000E+000
     0.217476196562E+003     0.263486781334E-003     0.000000000000E+000     0.000000000000E+000     0.000000000000E+000
     0.218476196562E+003     0.262408313095E-003     0.000000000000E+000     0.000000000000E+000     0.000000000000E+000
     0.219476196562E+003     0.261334259095E-003     0.000000000000E+000     0.000000000000E+000     0.000000000000E+000
     0.220476196562E+003     0.260264601266E-003     0.000000000000E+000     0.000000000000E+000     0.000000000000E+000
     0.221476196562E+003     0.259199321616E-003     0.000000000000E+000     0.000000000000E+000     0.000000000000E+000
     0.222476196562E+003     0.258138402223E-003     0.000000000000E+000     0.000000000000E+000     0.000000000000E+000
     0.223476196562E+003     0.257081825241E-003     0.000000000000E+000     0.000000000000E+000     0.000000000000E+000
     0.224476196562E+003     0.256029572897E-003     0.000000000000E+000     0.000000000000E+000     0.000000000000E+000
     0.225476196562E+003     0.254981627488E-003     0.000000000000E+000     0.000000000000E+000     0.000000000000E+000
     0.226476196562E+003     0.253937971387E-003     0.000000000000E+000     0.000000000000E+000     0.000000000000E+000
     0.227476196562E+003     0.252898587037E-003     0.000000000000E+000     0.000000000000E+000     0.000000000000E+000
     0.228476196562E+003     0.251863456954E-003     0.000000000000E+000     0.000000000000E+000     0.000000000000E+000
     0.229476196562E+003     0.250832563724E-003     0.000000000000E+000     0.000000000000E+000     0.000000000000E+000
     0.230476196562E+003     0.249805890006E-003     0.000000000000E+000     0.000000000000E+000     0.000000000000E+000
     0.231476196562E+003     0.248783418530E-003     0.000000000000E+000     0.000000000000E+000     0.000000000000E+000
     0.232476196562E+003     0.247765132094E-003     0.000000000000E+000     0.000000000000E+000     0.000000000000E+000
     0.233476196562E+003     0.246751013570E-003     0.000000000000E+000     0.000000000000E+000     0.000000000000E+000
     0.234476196562E+003     0.245741045898E-003     0.000000000000E+000     0.000000000000E+000     0.000000000000E+000
     0.235476196562E+003     0.244735212088E-003     0.000000000000E+000     0.000000000000E+000     0.000000000000E+000
     0.236476196562E+003     0.243733495220E-003     0.000000000000E+000     0.000000000000E+000     0.000000000000E+000
     0.237476196562E+003     0.242735878443E-003     0.000000000000E+000     0.000000000000E+000     0.000000000000E+000
     0.238476196562E+003     0.241742344976E-003     0.000000000000E+000     0.000000000000E+000     0.000000000000E+000
     0.239476196562E+003     0.240752878105E-003     0.000000000000E+000     0.000000000000E+000     0.000000000000E+000
     0.240476196562E+003     0.239767461184E-003     0.000000000000E+000     0.000000000000E+000     0.000000000000E+000
     0.241476196562E+003     0.238786077639E-003     0.000000000000E+000     0.000000000000E+000     0.000000000000E+000
     0.242476196562E+003     0.237808710958E-003     0.000000000000E+000     0.000000000000E+000     0.000000000000E+000
     0.243476196562E+003     0.236835344703E-003     0.000000000000E+000     0.000000000000E+000     0.000000000000E+000
     0.244476196562E+003     0.235865962497E-003     0.000000000000E+000     0.000000000000E+000     0.000000000000E+000
     0.245476196562E+003     0.234900548035E-003     0.000000000000E+000     0.000000000000E+000     0.000000000000E+000
     0.246476196562E+003     0.233939085076E-003     0.000000000000E+000     0.000000000000E+000     0.000000000000E+000
     0.247476196562E+003     0.232981557446E-003     0.000000000000E+000     0.000000000000E+000     0.000000000000E+000
     0.248476196562E+003     0.232027949038E-003     0.000000000000E+000     0.000000000000E+000     0.000000000000E+000
     0.249476196562E+003     0.231078243810E-003     0.000000000000E+000     0.000000000000E+000     0.000000000000E+000
     0.250476196562E+003     0.230132425786E-003     0.000000000000E+000     0.000000000000E+000     0.000000000000E+000
     0.251476196562E+003     0.229190479056E-003     0.000000000000E+000     0.000000000000E+000     0.000000000000E+000
     0.252476196562E+003     0.228252387775E-003     0.000000000000E+000     0.000000000000E+000     0.000000000000E+000
     0.253476196562E+003     0.227318136160E-003     0.000000000000E+000     0.000000000000E+000     0.000000000000E+000
     0.254476196562E+003     0.226387708498E-003     0.000000000000E+000     0.000000000000E+000     0.000000000000E+000
     0.255476196562E+003     0.225461089135E-003     0.000000000000E+000     0.000000000000E+000     0.000000000000E+000
     0.256476196562E+003     0.224538262485E-003     0.000000000000E+000     0.000000000000E+000     0.000000000000E+000
     0.257476196562E+003     0.223619213023E-003     0.000000000000E+000     0.000000000000E+000     0.000000000000E+000
     0.258476196562E+003     0.222703925289E-003     0.000000000000E+000     0.000000000000E+000     0.000000000000E+000
     0.259476196562E+003     0.221792383886E-003     0.000000000000E+000     0.000000000000E+000     0.000000000000E+000
     0.260476196562E+003     0.220884573481E-003     0.000000000000E+000     0.000000000000E+000     0.000000000000E+000
     0.261476196562E+003     0.219980478801E-003     0.000000000000E+000     0.000000000000E+000     0.000000000000E+000
     0.262476196562E+003     0.219080084639E-003     0.000000000000E+000     0.000000000000E+000     0.000000000000E+000
     0.263476196562E+003     0.218183375848E-003     0.000000000000E+000     0.000000000000E+000     0.000000000000E+000
     0.264476196562E+003     0.217290337344E-003     0.000000000000E+000     0.000000000000E+000     0.000000000000E+000
     0.265476196562E+003     0.216400954103E-003     0.000000000000E+000     0.000000000000E+000     0.000000000000E+000
     0.266476196562E+003     0.215515211164E-003     0.000000000000E+000     0.000000000000E+000     0.000000000000E+000
     0.267476196562E+003     0.214633093628E-003     0.000000000000E+000     0.000000000000E+000     0.000000000000E+000
     0.268476196562E+003     0.213754586655E-003     0.000000000000E+000     0.000000000000E+000     0.000000000000E+000
     0.269476196562E+003     0.212879675468E-003     0.000000000000E+000     0.000000000000E+000     0.000000000000E+000
     0.270476196562E+003     0.212008345348E-003     0.000000000000E+000     0.000000000000E+000     0.000000000000E+000
     0.271476196562E+003     0.211140581637E-003     0.000000000000E+000     0.000000000000E+000     0.000000000000E+000
     0.272476196562E+003     0.210276369740E-003     0.000000000000E+000     0.000000000000E+000     0.000000000000E+000
     0.273476196562E+003     0.209415695116E-003     0.000000000000E+000     0.000000000000E+000     0.000000000000E+000
     0.274476196562E+003     0.208558543289E-003     0.000000000000E+000     0.000000000000E+000     0.000000000000E+000
     0.275476196562E+003     0.207704899840E-003     0.000000000000E+000     0.000000000000E+000     0.000000000000E+000
     0.276476196562E+003     0.206854750407E-003     0.000000000000E+000     0.000000000000E+000     0.000000000000E+000
     0.277476196562E+003     0.206008080690E-003     0.000000000000E+000     0.000000000000E+000     0.000000000000E+000
     0.278476196562E+003     0.205164876447E-003     0.000000000000E+000     0.000000000000E+000     0.000000000000E+000
     0.279476196562E+003     0.204325123492E-003     0.000000000000E+000     0.000000000000E+000     0.000000000000E+000
     0.280476196562E+003     0.203488807701E-003     0.000000000000E+000     0.000000000000E+000     0.000000000000E+000
     0.281476196562E+003     0.202655915003E-003     0.000000000000E+000     0.000000000000E+000     0.000000000000E+000
     0.282476196562E+003     0.201826431388E-003     0.000000000000E+000     0.000000000000E+000     0.000000000000E+000
     0.283476196562E+003     0.201000342902E-003     0.000000000000E+000     0.000000000000E+000     0.000000000000E+000
     0.284476196562E+003     0.200177635650E-003     0.000000000000E+000     0.000000000000E+000     0.000000000000E+000
     0.285476196562E+003     0.199358295791E-003     0.000000000000E+000     0.000000000000E+000     0.000000000000E+000
     0.286476196562E+003     0.198542309542E-003     0.000000000000E+000     0.000000000000E+000     0.000000000000E+000
     0.287476196562E+003     0.197729663177E-003     0.000000000000E+000     0.000000000000E+000     0.000000000000E+000
     0.288476196562E+003     0.196920343026E-003     0.000000000000E+000     0.000000000000E+000     0.000000000000E+000
     0.289476196562E+003     0.196114335474E-003     0.000000000000E+000     0.000000000000E+000     0.000000000000E+000
     0.290476196562E+003     0.195311626962E-003     0.000000000000E+000     0.000000000000E+000     0.000000000000E+000
     0.291476196562E+003     0.194512203988E-003     0.000000000000E+000     0.000000000000E+000     0.000000000000E+000
     0.292476196562E+003     0.193716053102E-003     0.000000000000E+000     0.000000000000E+000     0.000000000000E+000
     0.293476196562E+003     0.192923160914E-003     0.000000000000E+000     0.000000000000E+000     0.000000000000E+000
     0.294476196562E+003     0.192133514083E-003     0.000000000000E+000     0.000000000000E+000     0.000000000000E+000
     0.295476196562E+003     0.191347099328E-003     0.000000000000E+000     0.000000000000E+000     0.000000000000E+000
     0.296476196562E+003     0.190563903419E-003     0.000000000000E+000     0.000000000000E+000     0.000000000000E+000
     0.297476196562E+003     0.189783913180E-003     0.000000000000E+000     0.000000000000E+000     0.000000000000E+000
     0.298476196562E+003     0.189007115492E-003     0.000000000000E+000     0.000000000000E+000     0.000000000000E+000
     0.299476196562E+003     0.188233497286E-003     0.000000000000E+000     0.000000000000E+000     0.000000000000E+000
     0.300476196562E+003     0.187463045548E-003     0.000000000000E+000     0.000000000000E+000     0.000000000000E+000
     0.301476196562E+003     0.186695747319E-003     0.000000000000E+000     0.000000000000E+000     0.000000000000E+000
     0.302476196562E+003     0.185931589691E-003     0.000000000000E+000     0.000000000000E+000     0.000000000000E+000
     0.303476196562E+003     0.185170559809E-003     0.000000000000E+000     0.000000000000E+000     0.000000000000E+000
     0.304476196562E+003     0.184412644870E-003     0.000000000000E+000     0.000000000000E+000     0.000000000000E+000
     0.305476196562E+003     0.183657832126E-003     0.000000000000E+000     0.000000000000E+000     0.000000000000E+000
     0.306476196562E+003     0.182906108879E-003     0.000000000000E+000     0.000000000000E+000     0.000000000000E+000
     0.307476196562E+003     0.182157462483E-003     0.000000000000E+000     0.000000000000E+000     0.000000000000E+000
     0.308476196562E+003     0.181411880345E-003     0.000000000000E+000     0.000000000000E+000     0.000000000000E+000
     0.309476196562E+003     0.180669349922E-003     0.000000000000E+000     0.000000000000E+000     0.000000000000E+000
     0.310476196562E+003     0.179929858723E-003     0.000000000000E+000     0.000000000000E+000     0.000000000000E+000
     0.311476196562E+003     0.179193394309E-003     0.000000000000E+000     0.000000000000E+000     0.000000000000E+000
     0.312476196562E+003     0.178459944292E-003     0.000000000000E+000     0.000000000000E+000     0.000000000000E+000
     0.313476196562E+003     0.177729496332E-003     0.000000000000E+000     0.000000000000E+000     0.000000000000E+000
     0.314476196562E+003     0.177002038142E-003     0.000000000000E+000     0.000000000000E+000     0.000000000000E+000
     0.315476196562E+003     0.176277557485E-003     0.000000000000E+000     0.000000000000E+000     0.000000000000E+000
     0.316476196562E+003     0.175556042173E-003     0.000000000000E+000     0.000000000000E+000     0.000000000000E+000
     0.317476196562E+003     0.174837480070E-003     0.000000000000E+000     0.000000000000E+000     0.000000000000E+000
     0.318476196562E+003     0.174121859088E-003     0.000000000000E+000     0.000000000000E+000     0.000000000000E+000
     0.319476196562E+003     0.173409167188E-003     0.000000000000E+000     0.000000000000E+000     0.000000000000E+000
     0.320476196562E+003     0.172699392381E-003     0.000000000000E+000     0.000000000000E+000     0.000000000000E+000
     0.321476196562E+003     0.171992522728E-003     0.000000000000E+000     0.000000000000E+000     0.000000000000E+000
     0.322476196562E+003     0.171288546338E-003     0.000000000000E+000     0.000000000000E+000     0.000000000000E+000
     0.323476196562E+003     0.170587451369E-003     0.000000000000E+000     0.000000000000E+000     0.000000000000E+000
     0.324476196562E+003     0.169889226025E-003     0.000000000000E+000     0.000000000000E+000     0.000000000000E+000
     0.325476196562E+003     0.169193858563E-003     0.000000000000E+000     0.000000000000E+000     0.000000000000E+000
     0.326476196562E+003     0.168501337284E-003     0.000000000000E+000     0.000000000000E+000     0.000000000000E+000
     0.327476196562E+003     0.167811650539E-003     0.000000000000E+000     0.000000000000E+000     0.000000000000E+000
     0.328476196562E+003     0.167124786726E-003     0.000000000000E+000     0.000000000000E+000     0.000000000000E+000
     0.329476196562E+003     0.166440734291E-003     0.000000000000E+000     0.000000000000E+000     0.000000000000E+000
     0.330476196562E+003     0.165759481725E-003     0.000000000000E+000     0.000000000000E+000     0.000000000000E+000
     0.331476196562E+003     0.165081017570E-003     0.000000000000E+000     0.000000000000E+000     0.000000000000E+000
     0.332476196562E+003     0.164405330413E-003     0.000000000000E+000     0.000000000000E+000     0.000000000000E+000
     0.333476196562E+003     0.163732408886E-003     0.000000000000E+000     0.000000000000E+000     0.000000000000E+000
     0.334476196562E+003     0.163062241670E-003     0.000000000000E+000     0.000000000000E+000     0.000000000000E+000
     0.335476196562E+003     0.162394817491E-003     0.000000000000E+000     0.000000000000E+000     0.000000000000E+000
     0.336476196562E+003     0.161730125122E-003     0.000000000000E+000     0.000000000000E+000     0.000000000000E+000
     0.337476196562E+003     0.161068153381E-003     0.000000000000E+000     0.000000000000E+000     0.000000000000E+000
     0.338476196562E+003     0.160408891133E-003     0.000000000000E+000     0.000000000000E+000     0.000000000000E+000
     0.339476196562E+003     0.159752327287E-003     0.000000000000E+000     0.000000000000E+000     0.000000000000E+000
     0.340476196562E+003     0.159098450799E-003     0.000000000000E+000     0.000000000000E+000     0.000000000000E+000
     0.341476196562E+003     0.158447250670E-003     0.000000000000E+000     0.000000000000E+000     0.000000000000E+000
     0.342476196562E+003     0.157798715944E-003     0.000000000000E+000     0.000000000000E+000     0.000000000000E+000
     0.343476196562E+003     0.157152835712E-003     0.000000000000E+000     0.000000000000E+000     0.000000000000E+000
     0.344476196562E+003     0.156509599110E-003     0.000000000000E+000     0.000000000000E+000     0.000000000000E+000
     0.345476196562E+003     0.155868995316E-003     0.000000000000E+000     0.000000000000E+000     0.000000000000E+000
     0.346476196562E+003     0.155231013554E-003     0.000000000000E+000     0.000000000000E+000     0.000000000000E+000
     0.347476196562E+003     0.154595643092E-003     0.000000000000E+000     0.000000000000E+000     0.000000000000E+000
     0.348476196562E+003     0.153962873243E-003     0.000000000000E+000     0.000000000000E+000     0.000000000000E+000
     0.349476196562E+003     0.153332693360E-003     0.000000000000E+000     0.000000000000E+000     0.000000000000E+000
     0.350476196562E+003     0.152705092845E-003     0.000000000000E+000     0.000000000000E+000     0.000000000000E+000
     0.351476196562E+003     0.152080061138E-003     0.000000000000E+000     0.000000000000E+000     0.000000000000E+000
     0.352476196562E+003     0.151457587726E-003     0.000000000000E+000     0.000000000000E+000     0.000000000000E+000
     0.353476196562E+003     0.150837662137E-003     0.000000000000E+000     0.000000000000E+000     0.000000000000E+000
     0.354476196562E+003     0.150220273944E-003     0.000000000000E+000     0.000000000000E+000     0.000000000000E+000
     0.355476196562E+003     0.149605412760E-003     0.000000000000E+000     0.000000000000E+000     0.000000000000E+000
     0.356476196562E+003     0.148993068242E-003     0.000000000000E+000     0.000000000000E+000     0.000000000000E+000
     0.357476196562E+003     0.148383230089E-003     0.000000000000E+000     0.000000000000E+000     0.000000000000E+000
     0.358476196562E+003     0.147775888043E-003     0.000000000000E+000     0.000000000000E+000     0.000000000000E+000
     0.359476196562E+003     0.147171031887E-003     0.000000000000E+000     0.000000000000E+000     0.000000000000E+000
     0.360476196562E+003     0.146568651445E-003     0.000000000000E+000     0.000000000000E+000     0.000000000000E+000
     0.361476196562E+003     0.145968736586E-003     0.000000000000E+000     0.000000000000E+000     0.000000000000E+000
     0.362476196562E+003     0.145371277216E-003     0.000000000000E+000     0.000000000000E+000     0.000000000000E+000
     0.363476196562E+003     0.144776263285E-003     0.000000000000E+000     0.000000000000E+000     0.000000000000E+000
     0.364476196562E+003     0.144183684785E-003     0.000000000000E+000     0.000000000000E+000     0.000000000000E+000
     0.365476196562E+003     0.143593531746E-003     0.000000000000E+000     0.000000000000E+000     0.000000000000E+000
     0.366476196562E+003     0.143005794241E-003     0.000000000000E+000     0.000000000000E+000     0.000000000000E+000
     0.367476196562E+003     0.142420462384E-003     0.000000000000E+000     0.000000000000E+000     0.000000000000E+000
     0.368476196562E+003     0.141837526327E-003     0.000000000000E+000     0.000000000000E+000     0.000000000000E+000
     0.369476196562E+003     0.141256976265E-003     0.000000000000E+000     0.000000000000E+000     0.000000000000E+000
     0.370476196562E+003     0.140678802431E-003     0.000000000000E+000     0.000000000000E+000     0.000000000000E+000
     0.371476196562E+003     0.140102995100E-003     0.000000000000E+000     0.000000000000E+000     0.000000000000E+000
     0.372476196562E+003     0.139529544585E-003     0.000000000000E+000     0.000000000000E+000     0.000000000000E+000
     0.373476196562E+003     0.138958441239E-003     0.000000000000E+000     0.000000000000E+000     0.000000000000E+000
     0.374476196562E+003     0.138389675456E-003     0.000000000000E+000     0.000000000000E+000     0.000000000000E+000
     0.375476196562E+003     0.137823237668E-003     0.000000000000E+000     0.000000000000E+000     0.000000000000E+000
     0.376476196562E+003     0.137259118346E-003     0.000000000000E+000     0.000000000000E+000     0.000000000000E+000
     0.377476196562E+003     0.136697308000E-003     0.000000000000E+000     0.000000000000E+000     0.000000000000E+000
     0.378476196562E+003     0.136137797180E-003     0.000000000000E+000     0.000000000000E+000     0.000000000000E+000
     0.379476196562E+003     0.135580576474E-003     0.000000000000E+000     0.000000000000E+000     0.000000000000E+000
     0.380476196562E+003     0.135025636507E-003     0.000000000000E+000     0.000000000000E+000     0.000000000000E+000
     0.381476196562E+003     0.134472967945E-003     0.000000000000E+000     0.000000000000E+000     0.000000000000E+000
     0.382476196562E+003     0.133922561491E-003     0.000000000000E+000     0.000000000000E+000     0.000000000000E+000
     0.383476196562E+003     0.133374407886E-003     0.000000000000E+000     0.000000000000E+000     0.000000000000E+000
     0.384476196562E+003     0.132828497909E-003     0.000000000000E+000     0.000000000000E+000     0.000000000000E+000
     0.385476196562E+003     0.132284822376E-003     0.000000000000E+000     0.000000000000E+000     0.000000000000E+000
     0.386476196562E+003     0.131743372142E-003     0.000000000000E+000     0.000000000000E+000     0.000000000000E+000
     0.387476196562E+003     0.131204138098E-003     0.000000000000E+000     0.000000000000E+000     0.000000000000E+000
     0.388476196562E+003     0.130667111173E-003     0.000000000000E+000     0.000000000000E+000     0.000000000000E+000
     0.389476196562E+003     0.130132282334E-003     0.000000000000E+000     0.000000000000E+000     0.000000000000E+000
     0.390476196562E+003     0.129599642584E-003     0.000000000000E+000     0.000000000000E+000     0.000000000000E+000
     0.391476196562E+003     0.129069182962E-003     0.000000000000E+000     0.000000000000E+000     0.000000000000E+000
     0.392476196562E+003     0.128540894545E-003     0.000000000000E+000     0.000000000000E+000     0.000000000000E+000
     0.393476196562E+003     0.128014768447E-003     0.000000000000E+000     0.000000000000E+000     0.000000000000E+000
     0.394476196562E+003     0.127490795817E-003     0.000000000000E+000     0.000000000000E+000     0.000000000000E+000
     0.395476196562E+003     0.126968967839E-003     0.000000000000E+000     0.000000000000E+000     0.000000000000E+000
     0.396476196562E+003     0.126449275738E-003     0.000000000000E+000     0.000000000000E+000     0.000000000000E+000
     0.397476196562E+003     0.125931710769E-003     0.000000000000E+000     0.000000000000E+000     0.000000000000E+000
     0.398476196562E+003     0.125416264226E-003     0.000000000000E+000     0.000000000000E+000     0.000000000000E+000
     0.399476196562E+003     0.124902927440E-003     0.000000000000E+000     0.000000000000E+000     0.000000000000E+000
     0.400476196562E+003     0.124391691773E-003     0.000000000000E+000     0.000000000000E+000     0.000000000000E+000
     0.401476196562E+003     0.123882548627E-003     0.000000000000E+000     0.000000000000E+000     0.000000000000E+000
     0.402476196562E+003     0.123375489436E-003     0.000000000000E+000     0.000000000000E+000     0.000000000000E+000
     0.403476196562E+003     0.122870505671E-003     0.000000000000E+000     0.000000000000E+000     0.000000000000E+000
     0.404476196562E+003     0.122367588837E-003     0.000000000000E+000     0.000000000000E+000     0.000000000000E+000
     0.405476196562E+003     0.121866730473E-003     0.000000000000E+000     0.000000000000E+000     0.000000000000E+000
     0.406476196562E+003     0.121367922155E-003     0.000000000000E+000     0.000000000000E+000     0.000000000000E+000
     0.407476196562E+003     0.120871155491E-003     0.000000000000E+000     0.000000000000E+000     0.000000000000E+000
     0.408476196562E+003     0.120376422125E-003     0.000000000000E+000     0.000000000000E+000     0.000000000000E+000
     0.409476196562E+003     0.119883713734E-003     0.000000000000E+000     0.000000000000E+000     0.000000000000E+000
     0.410476196562E+003     0.119393022031E-003     0.000000000000E+000     0.000000000000E+000     0.000000000000E+000
     0.411476196562E+003     0.118904338759E-003     0.000000000000E+000     0.000000000000E+000     0.000000000000E+000
     0.412476196562E+003     0.118417655700E-003     0.000000000000E+000     0.000000000000E+000     0.000000000000E+000
     0.413476196562E+003     0.117932964665E-003     0.000000000000E+000     0.000000000000E+000     0.000000000000E+000
     0.414476196562E+003     0.117450257502E-003     0.000000000000E+000     0.000000000000E+000     0.000000000000E+000
     0.415476196562E+003     0.116969526090E-003     0.000000000000E+000     0.000000000000E+000     0.000000000000E+000
     0.416476196562E+003     0.116490762342E-003     0.000000000000E+000     0.000000000000E+000     0.000000000000E+000
     0.417476196562E+003     0.116013958205E-003     0.000000000000E+000     0.000000000000E+000     0.000000000000E+000
     0.418476196562E+003     0.115539105658E-003     0.000000000000E+000     0.000000000000E+000     0.000000000000E+000
     0.419476196562E+003     0.115066196713E-003     0.000000000000E+000     0.000000000000E+000     0.000000000000E+000
     0.420476196562E+003     0.114595223414E-003     0.000000000000E+000     0.000000000000E+000     0.000000000000E+000
     0.421476196562E+003     0.114126177839E-003     0.000000000000E+000     0.000000000000E+000     0.000000000000E+000
     0.422476196562E+003     0.113659052098E-003     0.000000000000E+000     0.000000000000E+000     0.000000000000E+000
     0.423476196562E+003     0.113193838332E-003     0.000000000000E+000     0.000000000000E+000     0.000000000000E+000
     0.424476196562E+003     0.112730528716E-003     0.000000000000E+000     0.000000000000E+000     0.000000000000E+000
     0.425476196562E+003     0.112269115455E-003     0.000000000000E+000     0.000000000000E+000     0.000000000000E+000
     0.426476196562E+003     0.111809590789E-003     0.000000000000E+000     0.000000000000E+000     0.000000000000E+000
     0.427476196562E+003     0.111351946986E-003     0.000000000000E+000     0.000000000000E+000     0.000000000000E+000
     0.428476196562E+003     0.110896176349E-003     0.000000000000E+000     0.000000000000E+000     0.000000000000E+000
     0.429476196562E+003     0.110442271210E-003     0.000000000000E+000     0.000000000000E+000     0.000000000000E+000
     0.430476196562E+003     0.109990223934E-003     0.000000000000E+000     0.000000000000E+000     0.000000000000E+000
     0.431476196562E+003     0.109540026916E-003     0.000000000000E+000     0.000000000000E+000     0.000000000000E+000
     0.432476196562E+003     0.109091672584E-003     0.000000000000E+000     0.000000000000E+000     0.000000000000E+000
     0.433476196562E+003     0.108645153394E-003     0.000000000000E+000     0.000000000000E+000     0.000000000000E+000
     0.434476196562E+003     0.108200461836E-003     0.000000000000E+000     0.000000000000E+000     0.000000000000E+000
     0.435476196562E+003     0.107757590429E-003     0.000000000000E+000     0.000000000000E+000     0.000000000000E+000
     0.436476196562E+003     0.107316531723E-003     0.000000000000E+000     0.000000000000E+000     0.000000000000E+000
     0.437476196562E+003     0.106877278299E-003     0.000000000000E+000     0.000000000000E+000     0.000000000000E+000
     0.438476196562E+003     0.106439822767E-003     0.000000000000E+000     0.000000000000E+000     0.000000000000E+000
     0.439476196562E+003     0.106004157768E-003     0.000000000000E+000     0.000000000000E+000     0.000000000000E+000
     0.440476196562E+003     0.105570275974E-003     0.000000000000E+000     0.000000000000E+000     0.000000000000E+000
     0.441476196562E+003     0.105138170086E-003     0.000000000000E+000     0.000000000000E+000     0.000000000000E+000
     0.442476196562E+003     0.104707832834E-003     0.000000000000E+000     0.000000000000E+000     0.000000000000E+000
     0.443476196562E+003     0.104279256981E-003     0.000000000000E+000     0.000000000000E+000     0.000000000000E+000
     0.444476196562E+003     0.103852435316E-003     0.000000000000E+000     0.000000000000E+000     0.000000000000E+000
     0.445476196562E+003     0.103427360660E-003     0.000000000000E+000     0.000000000000E+000     0.000000000000E+000
     0.446476196562E+003     0.103004025861E-003     0.000000000000E+000     0.000000000000E+000     0.000000000000E+000
     0.447476196562E+003     0.102582423799E-003     0.000000000000E+000     0.000000000000E+000     0.000000000000E+000
     0.448476196562E+003     0.102162547380E-003     0.000000000000E+000     0.000000000000E+000     0.000000000000E+000
     0.449476196562E+003     0.101744389543E-003     0.000000000000E+000     0.000000000000E+000     0.000000000000E+000
     0.450476196562E+003     0.101327943253E-003     0.000000000000E+000     0.000000000000E+000     0.000000000000E+000
     0.451476196562E+003     0.100913201504E-003     0.000000000000E+000     0.000000000000E+000     0.000000000000E+000
     0.452476196562E+003     0.100500157319E-003     0.000000000000E+000     0.000000000000E+000     0.000000000000E+000
     0.453476196562E+003     0.100088803751E-003     0.000000000000E+000     0.000000000000E+000     0.000000000000E+000
     0.454476196562E+003     0.996791338787E-004     0.000000000000E+000     0.000000000000E+000     0.000000000000E+000
     0.455476196562E+003     0.992711408117E-004     0.000000000000E+000     0.000000000000E+000     0.000000000000E+000
     0.456476196562E+003     0.988648176864E-004     0.000000000000E+000     0.000000000000E+000     0.000000000000E+000
     0.457476196562E+003     0.984601576677E-004     0.000000000000E+000     0.000000000000E+000     0.000000000000E+000
     0.458476196562E+003     0.980571539483E-004     0.000000000000E+000     0.000000000000E+000     0.000000000000E+000
     0.459476196562E+003     0.976557997489E-004     0.000000000000E+000     0.000000000000E+000     0.000000000000E+000
     0.460476196562E+003     0.972560883178E-004     0.000000000000E+000     0.000000000000E+000     0.000000000000E+000
     0.461476196562E+003     0.968580129312E-004     0.000000000000E+000     0.000000000000E+000     0.000000000000E+000
     0.462476196562E+003     0.964615668926E-004     0.000000000000E+000     0.000000000000E+000     0.000000000000E+000
     0.463476196562E+003     0.960667435330E-004     0.000000000000E+000     0.000000000000E+000     0.000000000000E+000
     0.464476196562E+003     0.956735362107E-004     0.000000000000E+000     0.000000000000E+000     0.000000000000E+000
     0.465476196562E+003     0.952819383110E-004     0.000000000000E+000     0.000000000000E+000     0.000000000000E+000
     0.466476196562E+003     0.948919432466E-004     0.000000000000E+000     0.000000000000E+000     0.000000000000E+000
     0.467476196562E+003     0.945035444569E-004     0.000000000000E+000     0.000000000000E+000     0.000000000000E+000
     0.468476196562E+003     0.941167354083E-004     0.000000000000E+000     0.000000000000E+000     0.000000000000E+000
     0.469476196562E+003     0.937315095939E-004     0.000000000000E+000     0.000000000000E+000     0.000000000000E+000
     0.470476196562E+003     0.933478605333E-004     0.000000000000E+000     0.000000000000E+000     0.000000000000E+000
     0.471476196562E+003     0.929657817729E-004     0.000000000000E+000     0.000000000000E+000     0.000000000000E+000
     0.472476196562E+003     0.925852668852E-004     0.000000000000E+000     0.000000000000E+000     0.000000000000E+000
     0.473476196562E+003     0.922063094693E-004     0.000000000000E+000     0.000000000000E+000     0.000000000000E+000
     0.474476196562E+003     0.918289031504E-004     0.000000000000E+000     0.000000000000E+000     0.000000000000E+000
     0.475476196562E+003     0.914530415796E-004     0.000000000000E+000     0.000000000000E+000     0.000000000000E+000
     0.476476196562E+003     0.910787184343E-004     0.000000000000E+000     0.000000000000E+000     0.000000000000E+000
     0.477476196562E+003     0.907059274175E-004     0.000000000000E+000     0.000000000000E+000     0.000000000000E+000
     0.478476196562E+003     0.903346622582E-004     0.000000000000E+000     0.000000000000E+000     0.000000000000E+000
     0.479476196562E+003     0.899649167109E-004     0.000000000000E+000     0.000000000000E+000     0.000000000000E+000
     0.480476196562E+003     0.895966845558E-004     0.000000000000E+000     0.000000000000E+000     0.000000000000E+000
     0.481476196562E+003     0.892299595985E-004     0.000000000000E+000     0.000000000000E+000     0.000000000000E+000
     0.482476196562E+003     0.888647356698E-004     0.000000000000E+000     0.000000000000E+000     0.000000000000E+000
     0.483476196562E+003     0.885010066260E-004     0.000000000000E+000     0.000000000000E+000     0.000000000000E+000
     0.484476196562E+003     0.881387663484E-004     0.000000000000E+000     0.000000000000E+000     0.000000000000E+000
     0.485476196562E+003     0.877780087435E-004     0.000000000000E+000     0.000000000000E+000     0.000000000000E+000
     0.486476196562E+003     0.874187277425E-004     0.000000000000E+000     0.000000000000E+000     0.000000000000E+000
     0.487476196562E+003     0.870609173016E-004     0.000000000000E+000     0.000000000000E+000     0.000000000000E+000
     0.488476196562E+003     0.867045714017E-004     0.000000000000E+000     0.000000000000E+000     0.000000000000E+000
     0.489476196562E+003     0.863496840484E-004     0.000000000000E+000     0.000000000000E+000     0.000000000000E+000
     0.490476196562E+003     0.859962492716E-004     0.000000000000E+000     0.000000000000E+000     0.000000000000E+000
     0.491476196562E+003     0.856442611260E-004     0.000000000000E+000     0.000000000000E+000     0.000000000000E+000
     0.492476196562E+003     0.852937136904E-004     0.000000000000E+000     0.000000000000E+000     0.000000000000E+000
     0.493476196562E+003     0.849446010679E-004     0.000000000000E+000     0.000000000000E+000     0.000000000000E+000
     0.494476196562E+003     0.845969173856E-004     0.000000000000E+000     0.000000000000E+000     0.000000000000E+000
     0.495476196562E+003     0.842506567949E-004     0.000000000000E+000     0.000000000000E+000     0.000000000000E+000
     0.496476196562E+003     0.839058134709E-004     0.000000000000E+000     0.000000000000E+000     0.000000000000E+000
     0.497476196562E+003     0.835623816127E-004     0.000000000000E+000     0.000000000000E+000     0.000000000000E+000
     0.498476196562E+003     0.832203554430E-004     0.000000000000E+000     0.000000000000E+000     0.000000000000E+000
     0.499476196562E+003     0.828797292083E-004     0.000000000000E+000     0.000000000000E+000     0.000000000000E+000
     0.500476196562E+003     0.825404971786E-004     0.000000000000E+000     0.000000000000E+000     0.000000000000E+000
     0.501476196562E+003     0.822026536472E-004     0.000000000000E+000     0.000000000000E+000     0.000000000000E+000
     0.502476196562E+003     0.818661929310E-004     0.000000000000E+000     0.000000000000E+000     0.000000000000E+000
     0.503476196562E+003     0.815311093700E-004     0.000000000000E+000     0.000000000000E+000     0.000000000000E+000
     0.504476196562E+003     0.811973973275E-004     0.000000000000E+000     0.000000000000E+000     0.000000000000E+000
     0.505476196562E+003     0.808650511897E-004     0.000000000000E+000     0.000000000000E+000     0.000000000000E+000
     0.506476196562E+003     0.805340653659E-004     0.000000000000E+000     0.000000000000E+000     0.000000000000E+000
     0.507476196562E+003     0.802044342882E-004     0.000000000000E+000     0.000000000000E+000     0.000000000000E+000
     0.508476196562E+003     0.798761524116E-004     0.000000000000E+000     0.000000000000E+000     0.000000000000E+000
     0.509476196562E+003     0.795492142136E-004     0.000000000000E+000     0.000000000000E+000     0.000000000000E+000
     0.510476196562E+003     0.792236141947E-004     0.000000000000E+000     0.000000000000E+000     0.000000000000E+000
     0.511476196562E+003     0.788993468774E-004     0.000000000000E+000     0.000000000000E+000     0.000000000000E+000
     0.512476196562E+003     0.785764068070E-004     0.000000000000E+000     0.000000000000E+000     0.000000000000E+000
     0.513476196562E+003     0.782547885509E-004     0.000000000000E+000     0.000000000000E+000     0.000000000000E+000
     0.514476196562E+003     0.779344866989E-004     0.000000000000E+000     0.000000000000E+000     0.000000000000E+000
     0.515476196562E+003     0.776154958629E-004     0.000000000000E+000     0.000000000000E+000     0.000000000000E+000
     0.516476196562E+003     0.772978106767E-004     0.000000000000E+000     0.000000000000E+000     0.000000000000E+000
     0.517476196562E+003     0.769814257964E-004     0.000000000000E+000     0.000000000000E+000     0.000000000000E+000
     0.518476196562E+003     0.766663358995E-004     0.000000000000E+000     0.000000000000E+000     0.000000000000E+000
     0.519476196562E+003     0.763525356858E-004     0.000000000000E+000     0.000000000000E+000     0.000000000000E+000
     0.520476196562E+003     0.760400198764E-004     0.000000000000E+000     0.000000000000E+000     0.000000000000E+000
     0.521476196562E+003     0.757287832142E-004     0.000000000000E+000     0.000000000000E+000     0.000000000000E+000
     0.522476196562E+003     0.754188204635E-004     0.000000000000E+000     0.000000000000E+000     0.000000000000E+000
     0.523476196562E+003     0.751101264102E-004     0.000000000000E+000     0.000000000000E+000     0.000000000000E+000
     0.524476196562E+003     0.748026958614E-004     0.000000000000E+000     0.000000000000E+000     0.000000000000E+000
     0.525476196562E+003     0.744965236454E-004     0.000000000000E+000     0.000000000000E+000     0.000000000000E+000
     0.526476196562E+003     0.741916046120E-004     0.000000000000E+000     0.000000000000E+000     0.000000000000E+000
     0.527476196562E+003     0.738879336316E-004     0.000000000000E+000     0.000000000000E+000     0.000000000000E+000
     0.528476196562E+003     0.735855055959E-004     0.000000000000E+000     0.000000000000E+000     0.000000000000E+000
     0.529476196562E+003     0.732843154176E-004     0.000000000000E+000     0.000000000000E+000     0.000000000000E+000
     0.530476196562E+003     0.729843580299E-004     0.000000000000E+000     0.000000000000E+000     0.000000000000E+000
     0.531476196562E+003     0.726856283869E-004     0.000000000000E+000     0.000000000000E+000     0.000000000000E+000
     0.532476196562E+003     0.723881214635E-004     0.000000000000E+000     0.000000000000E+000     0.000000000000E+000
     0.533476196562E+003     0.720918322549E-004     0.000000000000E+000     0.000000000000E+000     0.000000000000E+000
     0.534476196562E+003     0.717967557770E-004     0.000000000000E+000     0.000000000000E+000     0.000000000000E+000
     0.535476196562E+003     0.715028870660E-004     0.000000000000E+000     0.000000000000E+000     0.000000000000E+000
     0.536476196562E+003     0.712102211784E-004     0.000000000000E+000     0.000000000000E+000     0.000000000000E+000
     0.537476196562E+003     0.709187531910E-004     0.000000000000E+000     0.000000000000E+000     0.000000000000E+000
     0.538476196562E+003     0.706284782007E-004     0.000000000000E+000     0.000000000000E+000     0.000000000000E+000
     0.539476196562E+003     0.703393913245E-004     0.000000000000E+000     0.000000000000E+000     0.000000000000E+000
     0.540476196562E+003     0.700514876994E-004     0.000000000000E+000     0.000000000000E+000     0.000000000000E+000
     0.541476196562E+003     0.697647624822E-004     0.000000000000E+000     0.000000000000E+000     0.000000000000E+000
     0.542476196562E+003     0.694792108496E-004     0.000000000000E+000     0.000000000000E+000     0.000000000000E+000
     0.543476196562E+003     0.691948279981E-004     0.000000000000E+000     0.000000000000E+000     0.000000000000E+000
     0.544476196562E+003     0.689116091438E-004     0.000000000000E+000     0.000000000000E+000     0.000000000000E+000
     0.545476196562E+003     0.686295495224E-004     0.000000000000E+000     0.000000000000E+000     0.000000000000E+000
     0.546476196562E+003     0.683486443891E-004     0.000000000000E+000     0.000000000000E+000     0.000000000000E+000
     0.547476196562E+003     0.680688890184E-004     0.000000000000E+000     0.000000000000E+000     0.000000000000E+000
     0.548476196562E+003     0.677902787043E-004     0.000000000000E+000     0.000000000000E+000     0.000000000000E+000
     0.549476196562E+003     0.675128087601E-004     0.000000000000E+000     0.000000000000E+000     0.000000000000E+000
     0.550476196562E+003     0.672364745181E-004     0.000000000000E+000     0.000000000000E+000     0.000000000000E+000
     0.551476196562E+003     0.669612713298E-004     0.000000000000E+000     0.000000000000E+000     0.000000000000E+000
     0.552476196562E+003     0.666871945657E-004     0.000000000000E+000     0.000000000000E+000     0.000000000000E+000
     0.553476196562E+003     0.664142396154E-004     0.000000000000E+000     0.000000000000E+000     0.000000000000E+000
     0.554476196562E+003     0.661424018871E-004     0.000000000000E+000     0.000000000000E+000     0.000000000000E+000
     0.555476196562E+003     0.658716768080E-004     0.000000000000E+000     0.000000000000E+000     0.000000000000E+000
     0.556476196562E+003     0.656020598240E-004     0.000000000000E+000     0.000000000000E+000     0.000000000000E+000
     0.557476196562E+003     0.653335463995E-004     0.000000000000E+000     0.000000000000E+000     0.000000000000E+000
     0.558476196562E+003     0.650661320176E-004     0.000000000000E+000     0.000000000000E+000     0.000000000000E+000
     0.559476196562E+003     0.647998121799E-004     0.000000000000E+000     0.000000000000E+000     0.000000000000E+000
     0.560476196562E+003     0.645345824063E-004     0.000000000000E+000     0.000000000000E+000     0.000000000000E+000
     0.561476196562E+003     0.642704382352E-004     0.000000000000E+000     0.000000000000E+000     0.000000000000E+000
     0.562476196562E+003     0.640073752230E-004     0.000000000000E+000     0.000000000000E+000     0.000000000000E+000
     0.563476196562E+003     0.637453889445E-004     0.000000000000E+000     0.000000000000E+000     0.000000000000E+000
     0.564476196562E+003     0.634844749926E-004     0.000000000000E+000     0.000000000000E+000     0.000000000000E+000
     0.565476196562E+003     0.632246289782E-004     0.000000000000E+000     0.000000000000E+000     0.000000000000E+000
     0.566476196562E+003     0.629658465302E-004     0.000000000000E+000     0.000000000000E+000     0.000000000000E+000
     0.567476196562E+003     0.627081232952E-004     0.000000000000E+000     0.000000000000E+000     0.000000000000E+000
     0.568476196562E+003     0.624514549380E-004     0.000000000000E+000     0.000000000000E+000     0.000000000000E+000
     0.569476196562E+003     0.621958371407E-004     0.000000000000E+000     0.000000000000E+000     0.000000000000E+000
     0.570476196562E+003     0.619412656034E-004     0.000000000000E+000     0.000000000000E+000     0.000000000000E+000
     0.571476196562E+003     0.616877360437E-004     0.000000000000E+000     0.000000000000E+000     0.000000000000E+000
     0.572476196562E+003     0.614352441967E-004     0.000000000000E+000     0.000000000000E+000     0.000000000000E+000
     0.573476196562E+003     0.611837858149E-004     0.000000000000E+000     0.000000000000E+000     0.000000000000E+000
     0.574476196562E+003     0.609333566684E-004     0.000000000000E+000     0.000000000000E+000     0.000000000000E+000
     0.575476196562E+003     0.606839525444E-004     0.000000000000E+000     0.000000000000E+000     0.000000000000E+000
     0.576476196562E+003     0.604355692474E-004     0.000000000000E+000     0.000000000000E+000     0.000000000000E+000
     0.577476196562E+003     0.601882025991E-004     0.000000000000E+000     0.000000000000E+000     0.000000000000E+000
     0.578476196562E+003     0.599418484383E-004     0.000000000000E+000     0.000000000000E+000     0.000000000000E+000
     0.579476196562E+003     0.596965026209E-004     0.000000000000E+000     0.000000000000E+000     0.000000000000E+000
     0.580476196562E+003     0.594521610196E-004     0.000000000000E+000     0.000000000000E+000     0.000000000000E+000
     0.581476196562E+003     0.592088195240E-004     0.000000000000E+000     0.000000000000E+000     0.000000000000E+000
     0.582476196562E+003     0.589664740408E-004     0.000000000000E+000     0.000000000000E+000     0.000000000000E+000
     0.583476196562E+003     0.587251204931E-004     0.000000000000E+000     0.000000000000E+000     0.000000000000E+000
     0.584476196562E+003     0.584847548209E-004     0.000000000000E+000     0.000000000000E+000     0.000000000000E+000
     0.585476196562E+003     0.582453729808E-004     0.000000000000E+000     0.000000000000E+000     0.000000000000E+000
     0.586476196562E+003     0.580069709458E-004     0.000000000000E+000     0.000000000000E+000     0.000000000000E+000
     0.587476196562E+003     0.577695447056E-004     0.000000000000E+000     0.000000000000E+000     0.000000000000E+000
     0.588476196562E+003     0.575330902662E-004     0.000000000000E+000     0.000000000000E+000     0.000000000000E+000
     0.589476196562E+003     0.572976036500E-004     0.000000000000E+000     0.000000000000E+000     0.000000000000E+000
     0.590476196562E+003     0.570630808955E-004     0.000000000000E+000     0.000000000000E+000     0.000000000000E+000
     0.591476196562E+003     0.568295180576E-004     0.000000000000E+000     0.000000000000E+000     0.000000000000E+000
     0.592476196562E+003     0.565969112074E-004     0.000000000000E+000     0.000000000000E+000     0.000000000000E+000
     0.593476196562E+003     0.563652564318E-004     0.000000000000E+000     0.000000000000E+000     0.000000000000E+000
     0.594476196562E+003     0.561345498341E-004     0.000000000000E+000     0.000000000000E+000     0.000000000000E+000
     0.595476196562E+003     0.559047875332E-004     0.000000000000E+000     0.000000000000E+000     0.000000000000E+000
     0.596476196562E+003     0.556759656641E-004     0.000000000000E+000     0.000000000000E+000     0.000000000000E+000
     0.597476196562E+003     0.554480803776E-004     0.000000000000E+000     0.000000000000E+000     0.000000000000E+000
     0.598476196562E+003     0.552211278401E-004     0.000000000000E+000     0.000000000000E+000     0.000000000000E+000
     0.599476196562E+003     0.549951042338E-004     0.000000000000E+000     0.000000000000E+000     0.000000000000E+000
     0.600476196562E+003     0.547700057566E-004     0.000000000000E+000     0.000000000000E+000     0.000000000000E+000
     0.601476196562E+003     0.545458286219E-004     0.000000000000E+000     0.000000000000E+000     0.000000000000E+000
     0.602476196562E+003     0.543225690585E-004     0.000000000000E+000     0.000000000000E+000     0.000000000000E+000
     0.603476196562E+003     0.541002233107E-004     0.000000000000E+000     0.000000000000E+000     0.000000000000E+000
     0.604476196562E+003     0.538787876383E-004     0.000000000000E+000     0.000000000000E+000     0.000000000000E+000
     0.605476196562E+003     0.536582583163E-004     0.000000000000E+000     0.000000000000E+000     0.000000000000E+000
     0.606476196562E+003     0.534386316349E-004     0.000000000000E+000     0.000000000000E+000     0.000000000000E+000
     0.607476196562E+003     0.532199038996E-004     0.000000000000E+000     0.000000000000E+000     0.000000000000E+000
     0.608476196562E+003     0.530020714308E-004     0.000000000000E+000     0.000000000000E+000     0.000000000000E+000
     0.609476196562E+003     0.527851305643E-004     0.000000000000E+000     0.000000000000E+000     0.000000000000E+000
     0.610476196562E+003     0.525690776506E-004     0.000000000000E+000     0.000000000000E+000     0.000000000000E+000
     0.611476196562E+003     0.523539090553E-004     0.000000000000E+000     0.000000000000E+000     0.000000000000E+000
     0.612476196562E+003     0.521396211588E-004     0.000000000000E+000     0.000000000000E+000     0.000000000000E+000
     0.613476196562E+003     0.519262103564E-004     0.000000000000E+000     0.000000000000E+000     0.000000000000E+000
     0.614476196562E+003     0.517136730580E-004     0.000000000000E+000     0.000000000000E+000     0.000000000000E+000
     0.615476196562E+003     0.515020056884E-004     0.000000000000E+000     0.000000000000E+000     0.000000000000E+000
     0.616476196562E+003     0.512912046868E-004     0.000000000000E+000     0.000000000000E+000     0.000000000000E+000
     0.617476196562E+003     0.510812665072E-004     0.000000000000E+000     0.000000000000E+000     0.000000000000E+000
     0.618476196562E+003     0.508721876181E-004     0.000000000000E+000     0.000000000000E+000     0.000000000000E+000
     0.619476196562E+003     0.506639645021E-004     0.000000000000E+000     0.000000000000E+000     0.000000000000E+000
     0.620476196562E+003     0.504565936567E-004     0.000000000000E+000     0.000000000000E+000     0.000000000000E+000
     0.621476196562E+003     0.502500715934E-004     0.000000000000E+000     0.000000000000E+000     0.000000000000E+000
     0.622476196562E+003     0.500443948382E-004     0.000000000000E+000     0.000000000000E+000     0.000000000000E+000
     0.623476196562E+003     0.498395599310E-004     0.000000000000E+000     0.000000000000E+000     0.000000000000E+000
     0.624476196562E+003     0.496355634262E-004     0.000000000000E+000     0.000000000000E+000     0.000000000000E+000
     0.625476196562E+003     0.494324018921E-004     0.000000000000E+000     0.000000000000E+000     0.000000000000E+000
     0.626476196562E+003     0.492300719112E-004     0.000000000000E+000     0.000000000000E+000     0.000000000000E+000
     0.627476196562E+003     0.490285700798E-004     0.000000000000E+000     0.000000000000E+000     0.000000000000E+000
     0.628476196562E+003     0.488278930084E-004     0.000000000000E+000     0.000000000000E+000     0.000000000000E+000
     0.629476196562E+003     0.486280373209E-004     0.000000000000E+000     0.000000000000E+000     0.000000000000E+000
     0.630476196562E+003     0.484289996556E-004     0.000000000000E+000     0.000000000000E+000     0.000000000000E+000
     0.631476196562E+003     0.482307766642E-004     0.000000000000E+000     0.000000000000E+000     0.000000000000E+000
     0.632476196562E+003     0.480333650122E-004     0.000000000000E+000     0.000000000000E+000     0.000000000000E+000
     0.633476196562E+003     0.478367613786E-004     0.000000000000E+000     0.000000000000E+000     0.000000000000E+000
     0.634476196562E+003     0.476409624563E-004     0.000000000000E+000     0.000000000000E+000     0.000000000000E+000
     0.635476196562E+003     0.474459649516E-004     0.000000000000E+000     0.000000000000E+000     0.000000000000E+000
     0.636476196562E+003     0.472517655840E-004     0.000000000000E+000     0.000000000000E+000     0.000000000000E+000
     0.637476196562E+003     0.470583610869E-004     0.000000000000E+000     0.000000000000E+000     0.000000000000E+000
     0.638476196562E+003     0.468657482068E-004     0.000000000000E+000     0.000000000000E+000     0.000000000000E+000
     0.639476196562E+003     0.466739237035E-004     0.000000000000E+000     0.000000000000E+000     0.000000000000E+000
     0.640476196562E+003     0.464828843501E-004     0.000000000000E+000     0.000000000000E+000     0.000000000000E+000
     0.641476196562E+003     0.462926269330E-004     0.000000000000E+000     0.000000000000E+000     0.000000000000E+000
     0.642476196562E+003     0.461031482517E-004     0.000000000000E+000     0.000000000000E+000     0.000000000000E+000
     0.643476196562E+003     0.459144451188E-004     0.000000000000E+000     0.000000000000E+000     0.000000000000E+000
     0.644476196562E+003     0.457265143598E-004     0.000000000000E+000     0.000000000000E+000     0.000000000000E+000
     0.645476196562E+003     0.455393528135E-004     0.000000000000E+000     0.000000000000E+000     0.000000000000E+000
     0.646476196562E+003     0.453529573313E-004     0.000000000000E+000     0.000000000000E+000     0.000000000000E+000
     0.647476196562E+003     0.451673247778E-004     0.000000000000E+000     0.000000000000E+000     0.000000000000E+000
     0.648476196562E+003     0.449824520301E-004     0.000000000000E+000     0.000000000000E+000     0.000000000000E+000
     0.649476196562E+003     0.447983359785E-004     0.000000000000E+000     0.000000000000E+000     0.000000000000E+000
     0.650476196562E+003     0.446149735256E-004     0.000000000000E+000     0.000000000000E+000     0.000000000000E+000
     0.651476196562E+003     0.444323615869E-004     0.000000000000E+000     0.000000000000E+000     0.000000000000E+000
     0.652476196562E+003     0.442504970906E-004     0.000000000000E+000     0.000000000000E+000     0.000000000000E+000
     0.653476196562E+003     0.440693769773E-004     0.000000000000E+000     0.000000000000E+000     0.000000000000E+000
     0.654476196562E+003     0.438889982002E-004     0.000000000000E+000     0.000000000000E+000     0.000000000000E+000
     0.655476196562E+003     0.437093577249E-004     0.000000000000E+000     0.000000000000E+000     0.000000000000E+000
     0.656476196562E+003     0.435304525296E-004     0.000000000000E+000     0.000000000000E+000     0.000000000000E+000
     0.657476196562E+003     0.433522796047E-004     0.000000000000E+000     0.000000000000E+000     0.000000000000E+000
     0.658476196562E+003     0.431748359530E-004     0.000000000000E+000     0.000000000000E+000     0.000000000000E+000
     0.659476196562E+003     0.429981185895E-004     0.000000000000E+000     0.000000000000E+000     0.000000000000E+000
     0.660476196562E+003     0.428221245415E-004     0.000000000000E+000     0.000000000000E+000     0.000000000000E+000
     0.661476196562E+003     0.426468508483E-004     0.000000000000E+000     0.000000000000E+000     0.000000000000E+000
     0.662476196562E+003     0.424722945616E-004     0.000000000000E+000     0.000000000000E+000     0.000000000000E+000
     0.663476196562E+003     0.422984527449E-004     0.000000000000E+000     0.000000000000E+000     0.000000000000E+000
     0.664476196562E+003     0.421253224739E-004     0.000000000000E+000     0.000000000000E+000     0.000000000000E+000
     0.665476196562E+003     0.419529008361E-004     0.000000000000E+000     0.000000000000E+000     0.000000000000E+000
     0.666476196562E+003     0.417811849312E-004     0.000000000000E+000     0.000000000000E+000     0.000000000000E+000
     0.667476196562E+003     0.416101718704E-004     0.000000000000E+000     0.000000000000E+000     0.000000000000E+000
     0.668476196562E+003     0.414398587770E-004     0.000000000000E+000     0.000000000000E+000     0.000000000000E+000
     0.669476196562E+003     0.412702427859E-004     0.000000000000E+000     0.000000000000E+000     0.000000000000E+000
     0.670476196562E+003     0.411013210440E-004     0.000000000000E+000     0.000000000000E+000     0.000000000000E+000
     0.671476196562E+003     0.409330907096E-004     0.000000000000E+000     0.000000000000E+000     0.000000000000E+000
     0.672476196562E+003     0.407655489527E-004     0.000000000000E+000     0.000000000000E+000     0.000000000000E+000
     0.673476196562E+003     0.405986929549E-004     0.000000000000E+000     0.000000000000E+000     0.000000000000E+000
     0.674476196562E+003     0.404325199093E-004     0.000000000000E+000     0.000000000000E+000     0.000000000000E+000
     0.675476196562E+003     0.402670270207E-004     0.000000000000E+000     0.000000000000E+000     0.000000000000E+000
     0.676476196562E+003     0.401022115050E-004     0.000000000000E+000     0.000000000000E+000     0.000000000000E+000
     0.677476196562E+003     0.399380705898E-004     0.000000000000E+000     0.000000000000E+000     0.000000000000E+000
     0.678476196562E+003     0.397746015138E-004     0.000000000000E+000     0.000000000000E+000     0.000000000000E+000
     0.679476196562E+003     0.396118015272E-004     0.000000000000E+000     0.000000000000E+000     0.000000000000E+000
     0.680476196562E+003     0.394496678914E-004     0.000000000000E+000     0.000000000000E+000     0.000000000000E+000
     0.681476196562E+003     0.392881978789E-004     0.000000000000E+000     0.000000000000E+000     0.000000000000E+000
     0.682476196562E+003     0.391273887734E-004     0.000000000000E+000     0.000000000000E+000     0.000000000000E+000
     0.683476196562E+003     0.389672378700E-004     0.000000000000E+000     0.000000000000E+000     0.000000000000E+000
     0.684476196562E+003     0.388077424744E-004     0.000000000000E+000     0.000000000000E+000     0.000000000000E+000
     0.685476196562E+003     0.386488999037E-004     0.000000000000E+000     0.000000000000E+000     0.000000000000E+000
     0.686476196562E+003     0.384907074857E-004     0.000000000000E+000     0.000000000000E+000     0.000000000000E+000
     0.687476196562E+003     0.383331625594E-004     0.000000000000E+000     0.000000000000E+000     0.000000000000E+000
     0.688476196562E+003     0.381762624746E-004     0.000000000000E+000     0.000000000000E+000     0.000000000000E+000
     0.689476196562E+003     0.380200045919E-004     0.000000000000E+000     0.000000000000E+000     0.000000000000E+000
     0.690476196562E+003     0.378643862827E-004     0.000000000000E+000     0.000000000000E+000     0.000000000000E+000
     0.691476196562E+003     0.377094049291E-004     0.000000000000E+000     0.000000000000E+000     0.000000000000E+000
     0.692476196562E+003     0.375550579242E-004     0.000000000000E+000     0.000000000000E+000     0.000000000000E+000
     0.693476196562E+003     0.374013426714E-004     0.000000000000E+000     0.000000000000E+000     0.000000000000E+000
     0.694476196562E+003     0.372482565850E-004     0.000000000000E+000     0.000000000000E+000     0.000000000000E+000
     0.695476196562E+003     0.370957970897E-004     0.000000000000E+000     0.000000000000E+000     0.000000000000E+000
     0.696476196562E+003     0.369439616208E-004     0.000000000000E+000     0.000000000000E+000     0.000000000000E+000
     0.697476196562E+003     0.367927476243E-004     0.000000000000E+000     0.000000000000E+000     0.000000000000E+000
     0.698476196562E+003     0.366421525562E-004     0.000000000000E+000     0.000000000000E+000     0.000000000000E+000
     0.699476196562E+003     0.364921738835E-004     0.000000000000E+000     0.000000000000E+000     0.000000000000E+000
     0.700476196562E+003     0.363428090830E-004     0.000000000000E+000     0.000000000000E+000     0.000000000000E+000
     0.701476196562E+003     0.361940556422E-004     0.000000000000E+000     0.000000000000E+000     0.000000000000E+000
     0.702476196562E+003     0.360459110588E-004     0.000000000000E+000     0.000000000000E+000     0.000000000000E+000
     0.703476196562E+003     0.358983728406E-004     0.000000000000E+000     0.000000000000E+000     0.000000000000E+000
     0.704476196562E+003     0.357514385057E-004     0.000000000000E+000     0.000000000000E+000     0.000000000000E+000
     0.705476196562E+003     0.356051055825E-004     0.000000000000E+000     0.000000000000E+000     0.000000000000E+000
     0.706476196562E+003     0.354593716093E-004     0.000000000000E+000     0.000000000000E+000     0.000000000000E+000
     0.707476196562E+003     0.353142341345E-004     0.000000000000E+000     0.000000000000E+000     0.000000000000E+000
     0.708476196562E+003     0.351696907168E-004     0.000000000000E+000     0.000000000000E+000     0.000000000000E+000
     0.709476196562E+003     0.350257389244E-004     0.000000000000E+000     0.000000000000E+000     0.000000000000E+000
     0.710476196562E+003     0.348823763360E-004     0.000000000000E+000     0.000000000000E+000     0.000000000000E+000
     0.711476196562E+003     0.347396005398E-004     0.000000000000E+000     0.000000000000E+000     0.000000000000E+000
     0.712476196562E+003     0.345974091341E-004     0.000000000000E+000     0.000000000000E+000     0.000000000000E+000
     0.713476196562E+003     0.344557997268E-004     0.000000000000E+000     0.000000000000E+000     0.000000000000E+000
     0.714476196562E+003     0.343147699360E-004     0.000000000000E+000     0.000000000000E+000     0.000000000000E+000
     0.715476196562E+003     0.341743173890E-004     0.000000000000E+000     0.000000000000E+000     0.000000000000E+000
     0.716476196562E+003     0.340344397234E-004     0.000000000000E+000     0.000000000000E+000     0.000000000000E+000
     0.717476196562E+003     0.338951345859E-004     0.000000000000E+000     0.000000000000E+000     0.000000000000E+000
     0.718476196562E+003     0.337563996333E-004     0.000000000000E+000     0.000000000000E+000     0.000000000000E+000
     0.719476196562E+003     0.336182325317E-004     0.000000000000E+000     0.000000000000E+000     0.000000000000E+000
     0.720476196562E+003     0.334806309569E-004     0.000000000000E+000     0.000000000000E+000     0.000000000000E+000
     0.721476196562E+003     0.333435925942E-004     0.000000000000E+000     0.000000000000E+000     0.000000000000E+000
     0.722476196562E+003     0.332071151382E-004     0.000000000000E+000     0.000000000000E+000     0.000000000000E+000
     0.723476196562E+003     0.330711962932E-004     0.000000000000E+000     0.000000000000E+000     0.000000000000E+000
     0.724476196562E+003     0.329358337726E-004     0.000000000000E+000     0.000000000000E+000     0.000000000000E+000
     0.725476196562E+003     0.328010252996E-004     0.000000000000E+000     0.000000000000E+000     0.000000000000E+000
     0.726476196562E+003     0.326667686062E-004     0.000000000000E+000     0.000000000000E+000     0.000000000000E+000
     0.727476196562E+003     0.325330614341E-004     0.000000000000E+000     0.000000000000E+000     0.000000000000E+000
     0.728476196562E+003     0.323999015340E-004     0.000000000000E+000     0.000000000000E+000     0.000000000000E+000
     0.729476196562E+003     0.322672866658E-004     0.000000000000E+000     0.000000000000E+000     0.000000000000E+000
     0.730476196562E+003     0.321352145988E-004     0.000000000000E+000     0.000000000000E+000     0.000000000000E+000
     0.731476196562E+003     0.320036831112E-004     0.000000000000E+000     0.000000000000E+000     0.000000000000E+000
     0.732476196562E+003     0.318726899904E-004     0.000000000000E+000     0.000000000000E+000     0.000000000000E+000
     0.733476196562E+003     0.317422330328E-004     0.000000000000E+000     0.000000000000E+000     0.000000000000E+000
     0.734476196562E+003     0.316123100439E-004     0.000000000000E+000     0.000000000000E+000     0.000000000000E+000
     0.735476196562E+003     0.314829188380E-004     0.000000000000E+000     0.000000000000E+000     0.000000000000E+000
     0.736476196562E+003     0.313540572387E-004     0.000000000000E+000     0.000000000000E+000     0.000000000000E+000
     0.737476196562E+003     0.312257230781E-004     0.000000000000E+000     0.000000000000E+000     0.000000000000E+000
     0.738476196562E+003     0.310979141974E-004     0.000000000000E+000     0.000000000000E+000     0.000000000000E+000
     0.739476196562E+003     0.309706284467E-004     0.000000000000E+000     0.000000000000E+000     0.000000000000E+000
     0.740476196562E+003     0.308438636846E-004     0.000000000000E+000     0.000000000000E+000     0.000000000000E+000
     0.741476196562E+003     0.307176177789E-004     0.000000000000E+000     0.000000000000E+000     0.000000000000E+000
     0.742476196562E+003     0.305918886057E-004     0.000000000000E+000     0.000000000000E+000     0.000000000000E+000
     0.743476196562E+003     0.304666740500E-004     0.000000000000E+000     0.000000000000E+000     0.000000000000E+000
     0.744476196562E+003     0.303419720056E-004     0.000000000000E+000     0.000000000000E+000     0.000000000000E+000
     0.745476196562E+003     0.302177803745E-004     0.000000000000E+000     0.000000000000E+000     0.000000000000E+000
     0.746476196562E+003     0.300940970678E-004     0.000000000000E+000     0.000000000000E+000     0.000000000000E+000
     0.747476196562E+003     0.299709200047E-004     0.000000000000E+000     0.000000000000E+000     0.000000000000E+000
     0.748476196562E+003     0.298482471132E-004     0.000000000000E+000     0.000000000000E+000     0.000000000000E+000
     0.749476196562E+003     0.297260763298E-004     0.000000000000E+000     0.000000000000E+000     0.000000000000E+000
     0.750476196562E+003     0.296044055991E-004     0.000000000000E+000     0.000000000000E+000     0.000000000000E+000
     0.751476196562E+003     0.294832328745E-004     0.000000000000E+000     0.000000000000E+000     0.000000000000E+000
     0.752476196562E+003     0.293625561176E-004     0.000000000000E+000     0.000000000000E+000     0.000000000000E+000
     0.753476196562E+003     0.292423732985E-004     0.000000000000E+000     0.000000000000E+000     0.000000000000E+000
